-7.50596e-06 -1.02505e-05 -2.50138e-06
-7.47814e-06 -1.02563e-05 -2.49969e-06
-7.41513e-06 -1.02682e-05 -2.49652e-06
-7.28653e-06 -1.02893e-05 -2.49262e-06
-7.14261e-06 -1.03094e-05 -2.49082e-06
-6.96046e-06 -1.03303e-05 -2.49194e-06
-6.73763e-06 -1.03492e-05 -2.49783e-06
-6.47145e-06 -1.03629e-05 -2.51065e-06
-6.15916e-06 -1.03683e-05 -2.53241e-06
-5.79802e-06 -1.03619e-05 -2.56492e-06
-5.38578e-06 -1.03397e-05 -2.60981e-06
-4.92e-06 -1.02978e-05 -2.66835e-06
-4.39845e-06 -1.02321e-05 -2.74139e-06
-3.81825e-06 -1.01385e-05 -2.82905e-06
-3.17617e-06 -1.00136e-05 -2.93067e-06
-2.46809e-06 -9.85406e-06 -3.04473e-06
-1.68962e-06 -9.65672e-06 -3.16884e-06
-8.36531e-07 -9.41873e-06 -3.29976e-06
1.07849e-07 -9.13379e-06 -3.43521e-06
1.13066e-06 -8.80368e-06 -3.56743e-06
2.23448e-06 -8.42419e-06 -3.69189e-06
3.42153e-06 -7.99328e-06 -3.80159e-06
4.69521e-06 -7.50965e-06 -3.88881e-06
6.05515e-06 -6.97144e-06 -3.94534e-06
7.49836e-06 -6.37642e-06 -3.96258e-06
9.02233e-06 -5.72291e-06 -3.93123e-06
1.06257e-05 -5.00989e-06 -3.84147e-06
1.23076e-05 -4.23679e-06 -3.68304e-06
1.40685e-05 -3.40357e-06 -3.44547e-06
1.59105e-05 -2.51087e-06 -3.11811e-06
1.78381e-05 -1.5599e-06 -2.69039e-06
1.98548e-05 -5.51705e-07 -2.15221e-06
2.19618e-05 5.23321e-07 -1.48825e-06
2.4154e-05 1.66184e-06 -6.89453e-07
2.64265e-05 2.8593e-06 2.48262e-07
2.87769e-05 4.11529e-06 1.33027e-06
3.12027e-05 5.43043e-06 2.5617e-06
3.36955e-05 6.80784e-06 3.9457e-06
3.62413e-05 8.25069e-06 5.48493e-06
3.88277e-05 9.76012e-06 7.1822e-06
4.14494e-05 1.13353e-05 9.03982e-06
4.41076e-05 1.29746e-05 1.10588e-05
4.68045e-05 1.46762e-05 1.3239e-05
4.9538e-05 1.64382e-05 1.55793e-05
5.22957e-05 1.82599e-05 1.80779e-05
5.50586e-05 2.0141e-05 2.07314e-05
5.78079e-05 2.20808e-05 2.35358e-05
6.05266e-05 2.40773e-05 2.64865e-05
6.31928e-05 2.61281e-05 2.95782e-05
6.57749e-05 2.8231e-05 3.2805e-05
6.88256e-05 3.0928e-05 3.70194e-05
7.1617e-05 3.36889e-05 4.14254e-05
7.41089e-05 3.64894e-05 4.6015e-05
7.62594e-05 3.93001e-05 5.07801e-05
7.7976e-05 4.20951e-05 5.57097e-05
7.91238e-05 4.48492e-05 6.07907e-05
7.95852e-05 4.75247e-05 6.60117e-05
7.93732e-05 5.00496e-05 7.13684e-05
7.86533e-05 5.2319e-05 7.68591e-05
7.76398e-05 5.42241e-05 8.24715e-05
7.65085e-05 5.56752e-05 8.81721e-05
7.53931e-05 5.66092e-05 9.39017e-05
7.4383e-05 5.69962e-05 9.95717e-05
7.34757e-05 5.68519e-05 0.00010506
7.26363e-05 5.62197e-05 0.000110222
7.18205e-05 5.51646e-05 0.000114898
7.0984e-05 5.37676e-05 0.00011892
7.00954e-05 5.21153e-05 0.00012212
6.91254e-05 5.02966e-05 0.000124344
6.80387e-05 4.83981e-05 0.000125455
6.6824e-05 4.64931e-05 0.000125345
6.55248e-05 4.4631e-05 0.000123943
6.42163e-05 4.28416e-05 0.000121215
6.30138e-05 4.11319e-05 0.000117169
6.20723e-05 3.94891e-05 0.00011185
6.14747e-05 3.79083e-05 0.000105333
6.12037e-05 3.63968e-05 9.77154e-05
6.12132e-05 3.49598e-05 8.91255e-05
6.14485e-05 3.35995e-05 7.97141e-05
6.18471e-05 3.23148e-05 6.96535e-05
6.23348e-05 3.11005e-05 5.91339e-05
6.28242e-05 2.9948e-05 4.83589e-05
6.32177e-05 2.88468e-05 3.75407e-05
6.3414e-05 2.77825e-05 2.68945e-05
6.3325e-05 2.67336e-05 1.66356e-05
6.28855e-05 2.56712e-05 6.9735e-06
6.20402e-05 2.45639e-05 -1.89549e-06
6.07426e-05 2.33831e-05 -9.6765e-06
5.89636e-05 2.20921e-05 -1.63531e-05
5.66683e-05 2.06626e-05 -2.17997e-05
5.44098e-05 1.94107e-05 -2.52196e-05
5.09657e-05 1.77111e-05 -2.82717e-05
4.67317e-05 1.58625e-05 -2.99444e-05
4.16297e-05 1.38631e-05 -3.0252e-05
3.56473e-05 1.16994e-05 -2.92381e-05
2.88409e-05 9.34683e-06 -2.69698e-05
2.13035e-05 6.77594e-06 -2.35488e-05
1.31593e-05 3.95609e-06 -1.91048e-05
4.55045e-06 8.61953e-07 -1.3804e-05
-4.31653e-06 -2.45549e-06 -7.82946e-06
-1.33617e-05 -6.05396e-06 -1.39594e-06
-2.26233e-05 -9.88032e-06 5.30343e-06
-3.20835e-05 -1.39202e-05 1.19419e-05
-4.1668e-05 -1.81392e-05 1.82411e-05
-5.13578e-05 -2.24815e-05 2.39514e-05
-6.11175e-05 -2.69228e-05 2.88038e-05
-7.08573e-05 -3.14377e-05 3.25767e-05
-8.04477e-05 -3.60141e-05 3.50555e-05
-8.97216e-05 -4.06548e-05 3.60658e-05
-9.85676e-05 -4.53557e-05 3.54605e-05
-0.000107023 -5.00798e-05 3.31212e-05
-0.000115226 -5.47797e-05 2.89611e-05
-0.000123307 -5.94249e-05 2.29436e-05
-0.000131396 -6.39976e-05 1.50786e-05
-0.000139662 -6.84895e-05 5.42805e-06
-0.000148293 -7.29096e-05 -5.72847e-06
-0.000157404 -7.73127e-05 -1.83608e-05
-0.000167006 -8.17958e-05 -3.22687e-05
-0.000177072 -8.64756e-05 -4.72011e-05
-0.000187537 -9.14828e-05 -6.28949e-05
-0.000198304 -9.69573e-05 -7.90586e-05
-0.000209271 -0.000103025 -9.54417e-05
-0.000220359 -0.000109784 -0.0001118
-0.000231535 -0.000117295 -0.000127934
-0.000242837 -0.000125571 -0.000143684
-0.000254322 -0.000134587 -0.000158948
-0.000265994 -0.000144295 -0.000173664
-0.000277786 -0.000154629 -0.000187815
-0.000289557 -0.000165507 -0.000201421
-0.000301153 -0.000176821 -0.000214545
-0.000312416 -0.000188436 -0.000227285
-0.000323142 -0.000200204 -0.000239764
-0.000333078 -0.000211969 -0.000252119
-0.000341995 -0.000223549 -0.000264503
-0.000349765 -0.000234735 -0.000277072
-0.00035635 -0.000245295 -0.000289974
-0.000361746 -0.000255003 -0.000303328
-0.000365985 -0.000263642 -0.000317212
-0.000369199 -0.000271004 -0.000331656
-0.000371616 -0.00027691 -0.000346622
-0.000373439 -0.000281241 -0.000361991
-0.000374797 -0.000283952 -0.000377559
-0.000375754 -0.000285076 -0.000393037
-0.000376329 -0.000284718 -0.00040806
-0.000376527 -0.000283038 -0.000422208
-0.000376346 -0.000280241 -0.000435025
-0.000375802 -0.000276556 -0.000446039
-0.000374981 -0.000272214 -0.000454795
-0.000374035 -0.000267436 -0.000460871
-0.000371024 -0.000262924 -0.000463722
-0.000367475 -0.000258415 -0.000463282
-0.000364669 -0.000253766 -0.000459462
-0.000362326 -0.000249327 -0.000452038
-0.000360662 -0.000245067 -0.000441087
-0.000359739 -0.000241012 -0.000426703
-0.000359491 -0.000237237 -0.000409094
-0.000359916 -0.000233786 -0.000388518
-0.000360975 -0.000230642 -0.000365331
-0.000362558 -0.000227781 -0.000339969
-0.000364379 -0.000225215 -0.000312923
-0.000366075 -0.000222943 -0.000284724
-0.000367493 -0.000220881 -0.000255967
-0.000368472 -0.000218938 -0.000227261
-0.000368864 -0.000217013 -0.000199231
-0.000368573 -0.00021498 -0.000172494
-0.000367554 -0.000212708 -0.000147632
-0.00036577 -0.00021008 -0.000125167
-0.000363115 -0.000207017 -0.000105547
-0.000359455 -0.000203465 -8.91342e-05
-0.000354684 -0.000199396 -7.61941e-05
-0.000350026 -0.000195762 -6.84543e-05
-0.000344621 -0.000191797 -6.30773e-05
-0.000338495 -0.000187513 -6.00562e-05
-0.000331685 -0.000182931 -5.93412e-05
-0.000324243 -0.000178083 -6.08404e-05
-0.000316231 -0.000173008 -6.44217e-05
-0.000307717 -0.000167757 -6.99165e-05
-0.000298772 -0.000162388 -7.71239e-05
-0.000289463 -0.000156964 -8.58151e-05
-0.000279835 -0.000151559 -9.57371e-05
-0.000269899 -0.000146257 -0.000106619
-0.000259637 -0.00014114 -0.000118179
-0.000249017 -0.000136291 -0.000130133
-0.000238051 -0.000131768 -0.000142208
-0.000226817 -0.000127607 -0.000154146
-0.000215407 -0.000123825 -0.000165704
-0.000203899 -0.000120427 -0.000176661
-0.000192358 -0.000117405 -0.000186816
-0.000180835 -0.000114738 -0.000195998
-0.000169343 -0.000112395 -0.000204058
-0.000157839 -0.000110347 -0.000210874
-0.000146242 -0.000108552 -0.00021635
-0.000134467 -0.000106954 -0.000220426
-0.000122437 -0.000105479 -0.000223069
-0.000110077 -0.00010404 -0.000224277
-9.73131e-05 -0.000102539 -0.000224074
-8.40761e-05 -0.000100862 -0.000222508
-7.03098e-05 -9.88876e-05 -0.000219646
-5.59955e-05 -9.64802e-05 -0.000215575
-4.12113e-05 -9.34897e-05 -0.000210391
-2.68429e-05 -8.95812e-05 -0.000204266
-1.19621e-05 -8.49095e-05 -0.000197151
3.47333e-06 -7.92178e-05 -0.000189216
1.93348e-05 -7.25057e-05 -0.000180484
3.5413e-05 -6.46904e-05 -0.000170995
5.16136e-05 -5.57313e-05 -0.000160758
6.79622e-05 -4.56294e-05 -0.000149764
8.44887e-05 -3.44135e-05 -0.000137982
0.00010118 -2.21293e-05 -0.000125357
0.000118033 -8.80278e-06 -0.000111771
0.000135038 5.50987e-06 -9.71489e-05
0.00015219 2.06927e-05 -8.13739e-05
0.000169422 3.65751e-05 -6.44102e-05
0.000186674 5.29967e-05 -4.61405e-05
0.000203896 6.98045e-05 -2.64595e-05
0.000221026 8.68704e-05 -5.10342e-06
0.000237988 0.000104086 1.79195e-05
0.000254717 0.000121294 4.26011e-05
0.000271148 0.000138351 6.8914e-05
0.000287209 0.00015513 9.68413e-05
0.000302833 0.000171532 0.00012634
0.000317969 0.000187464 0.000157329
0.000332607 0.000202831 0.000189693
0.000346781 0.000217546 0.00022328
0.000360532 0.000231544 0.000257896
0.000373888 0.000244792 0.000293312
0.000386858 0.000257276 0.000329268
0.000397823 0.000269206 0.000365469
0.000403288 0.000281507 0.000401163
0.000407621 0.000292693 0.000437063
0.000411231 0.000303351 0.000471994
0.000414597 0.000312886 0.000506262
0.00041733 0.000321349 0.000613116
0.000419516 0.000327369 0.00111357
0.00042107 0.000332395 0.00161569
0.000422153 0.000336633 0.0021074
0.000422718 0.000339956 0.00255681
0.000422673 0.000342686 0.00295507
0.000422238 0.000344465 0.00331856
0.000421484 0.000345336 0.00366073
0.000420411 0.000345482 0.00397802
0.000419085 0.000345035 0.00425525
0.000417592 0.000344086 0.00448034
0.000415997 0.00034266 0.00465325
0.000414356 0.000340801 0.00478077
0.000412742 0.000338586 0.00486622
0.000411228 0.0003361 0.00490516
0.000409873 0.0003334 0.00490503
0.000408748 0.000330417 0.0048999
0.000407895 0.000327197 0.00489145
0.00040735 0.000323771 0.00487996
0.000407133 0.00032019 0.00486543
0.000407246 0.0003165 0.00484779
0.000407686 0.000312722 0.00482716
0.000408436 0.000308862 0.00480383
0.000409463 0.000304924 0.0047782
0.000410722 0.000300914 0.00475057
0.000412155 0.000296837 0.00472119
0.000413699 0.00029269 0.00469033
0.000415283 0.000288465 0.00465837
0.000416835 0.000284147 0.00462574
0.000418277 0.00027972 0.00459286
0.000418926 0.000275293 0.00456008
0.000418551 0.000270862 0.00452774
0.000417188 0.000266357 0.00449623
0.000414879 0.000261725 0.00446595
0.00041166 0.000256903 0.00443729
0.000407566 0.000251827 0.0044106
0.000402645 0.000246434 0.00438615
0.000396954 0.000240701 0.00436582
0.00039056 0.00023473 0.00433445
0.000383544 0.000228394 0.00423042
0.000375984 0.000221651 0.00414387
0.000367938 0.000214458 0.00407549
0.000359442 0.000206842 0.00402634
0.000350498 0.000198905 0.00399556
0.000341113 0.000190774 0.00398124
0.000331296 0.000182562 0.00398019
0.000321054 0.000174387 0.00398265
0.000310413 0.000166352 0.00398719
0.000299445 0.000158573 0.00399355
0.000288267 0.000151152 0.00400142
0.00027701 0.000144173 0.00401048
0.000265809 0.000137711 0.00402065
0.000254782 0.000131826 0.00403725
0.000243998 0.000126596 0.00405432
0.000233479 0.000122088 0.00407168
0.000223238 0.000118357 0.00408879
0.000213298 0.000115423 0.00410531
0.00020369 0.000113292 0.00412094
0.000194442 0.000111945 0.0041355
0.000185565 0.000111348 0.00414879
0.000177046 0.000111447 0.00416067
0.000168851 0.000112174 0.004171
0.000160924 0.000113444 0.00417976
0.000153199 0.000115159 0.00418698
0.0001456 0.000117205 0.00419272
0.000138049 0.000119457 0.00419708
0.000130479 0.000121779 0.00420015
0.000122839 0.000124025 0.00420208
0.00011509 0.000126046 0.00420305
0.000107209 0.000127691 0.00420322
9.92005e-05 0.000128811 0.00420292
9.11019e-05 0.000129262 0.00420231
8.29722e-05 0.000128918 0.00420145
7.48997e-05 0.000127665 0.00420043
6.69815e-05 0.000125416 0.00419926
5.96355e-05 0.000122082 0.00419795
5.38273e-05 0.000117389 0.00419657
4.78975e-05 0.000111946 0.00419474
4.18376e-05 0.000105516 0.00419264
3.54129e-05 9.84235e-05 0.00418995
2.87751e-05 9.07164e-05 0.00418658
2.2044e-05 8.25055e-05 0.00418235
1.5194e-05 7.3902e-05 0.00417714
8.25732e-06 6.50189e-05 0.00417082
1.36899e-06 5.59682e-05 0.00416328
-5.3049e-06 4.68927e-05 0.00415439
-1.16934e-05 3.7869e-05 0.00414405
-1.77515e-05 2.90002e-05 0.00413222
-2.33549e-05 2.03791e-05 0.00411885
-2.84313e-05 1.20817e-05 0.00410412
-3.29487e-05 4.24116e-06 0.00408916
-3.69296e-05 -2.8909e-06 0.00398976
-4.03463e-05 -9.41548e-06 0.00387418
-4.32633e-05 -1.52492e-05 0.00374886
-4.57316e-05 -2.04704e-05 0.00361707
-4.78232e-05 -2.50589e-05 0.00347998
-4.96128e-05 -2.89625e-05 0.00333804
-5.11832e-05 -3.22106e-05 0.00319161
-5.25975e-05 -3.48449e-05 0.00304219
-5.38915e-05 -3.69542e-05 0.00289205
-5.50936e-05 -3.86277e-05 0.00274347
-5.62386e-05 -3.995e-05 0.00259818
-5.73561e-05 -4.10127e-05 0.00245758
-5.84723e-05 -4.19192e-05 0.00232325
-5.96278e-05 -4.27732e-05 0.0021971
-6.0883e-05 -4.36668e-05 0.00208107
-6.23158e-05 -4.46754e-05 0.00197674
-6.40088e-05 -4.58605e-05 0.00188526
-6.60338e-05 -4.72742e-05 0.00180752
-6.84522e-05 -4.89577e-05 0.00174436
-7.13258e-05 -5.09366e-05 0.00169652
-7.47268e-05 -5.32185e-05 0.00166445
-7.87372e-05 -5.57936e-05 0.00164824
-8.3441e-05 -5.86362e-05 0.00164638
-8.89034e-05 -6.16858e-05 0.00164891
-9.51258e-05 -6.491e-05 0.0016538
-0.000102037 -6.82914e-05 0.00166091
-0.000109522 -7.18134e-05 0.00167006
-0.000117461 -7.54561e-05 0.00168109
-0.000125746 -7.91827e-05 0.00169373
-0.0001343 -8.29448e-05 0.00170771
-0.000143061 -8.66881e-05 0.00172273
-0.000151974 -9.0358e-05 0.00173849
-0.000160991 -9.38987e-05 0.0017547
-0.000170076 -9.72533e-05 0.00177105
-0.000179198 -0.000100371 0.00178722
-0.000188318 -0.000103211 0.00180291
-0.00019739 -0.000105748 0.00181785
-0.00020636 -0.000107971 0.00183179
-0.00021517 -0.000109881 0.00184451
-0.000223768 -0.000111494 0.00185582
-0.000232102 -0.00011284 0.00186554
-0.000240127 -0.000113958 0.00187355
-0.000247809 -0.0001149 0.00187974
-0.000255114 -0.000115727 0.00188406
-0.000262019 -0.000116506 0.00188648
-0.000268507 -0.000117307 0.00188698
-0.000274575 -0.000118204 0.0018856
-0.000280226 -0.000119269 0.00188236
-0.000285479 -0.000120568 0.00187735
-0.000290375 -0.000122163 0.00187065
-0.000294964 -0.000124106 0.00186235
-0.000299292 -0.000126446 0.00185256
-0.000303394 -0.000129225 0.00184141
-0.000307295 -0.000132477 0.00182902
-0.000311022 -0.000136226 0.00181551
-0.000314606 -0.000140483 0.00180103
-0.000318077 -0.000145249 0.00178568
-0.000321459 -0.000150511 0.00176961
-0.000324779 -0.000156245 0.00175292
-0.000328084 -0.00016241 0.00173573
-0.000331417 -0.000168958 0.00171815
-0.000334783 -0.000175838 0.00170027
-0.000338137 -0.000183001 0.00168219
-0.000341394 -0.000190399 0.00166402
-0.000344218 -0.000198028 0.00164525
-0.00034655 -0.000205627 0.0015382
-0.000348293 -0.000213179 0.00142644
-0.000349419 -0.000220747 0.0013159
-0.00034998 -0.000228154 0.00120648
-0.000350019 -0.000235325 0.00109941
-0.000349624 -0.000242065 0.000993491
-0.000348912 -0.000248232 0.00088801
-0.000347988 -0.00025372 0.000783256
-0.000346932 -0.000258452 0.00068027
-0.000345775 -0.000262359 0.000580046
-0.000344482 -0.000265396 0.000483015
-0.000342989 -0.000267549 0.000389439
-0.000341244 -0.00026883 0.000299949
-0.00033925 -0.000269261 0.000215698
-0.000337062 -0.000268866 0.000138022
-0.000334772 -0.000267677 6.80636e-05
-0.000332479 -0.000265739 6.73674e-06
-0.000330265 -0.000263114 -4.5038e-05
-0.000328173 -0.000259888 -8.61373e-05
-0.000326195 -0.000256165 -0.000115296
-0.000324276 -0.000252065 -0.000131335
-0.000322333 -0.000247711 -0.000133978
-0.000320277 -0.000243196 -0.000131755
-0.000318014 -0.000238615 -0.000127045
-0.000315455 -0.000234062 -0.000119803
-0.000312572 -0.000229597 -0.000110009
-0.000309434 -0.000225244 -9.76871e-05
-0.000306153 -0.000220996 -8.29408e-05
-0.000302822 -0.00021683 -6.59312e-05
-0.000299504 -0.000212715 -4.68523e-05
-0.000296231 -0.000208615 -2.59144e-05
-0.000293023 -0.000204488 -3.34826e-06
-0.000289882 -0.000200289 2.05846e-05
-0.000286789 -0.000195972 4.55943e-05
-0.000283713 -0.000191491 7.13762e-05
-0.000280634 -0.000186799 9.76253e-05
-0.000277554 -0.000181851 0.000124042
-0.000274491 -0.000176604 0.000150333
-0.00027146 -0.000171029 0.000176215
-0.000268484 -0.000165103 0.000201416
-0.000265607 -0.000158815 0.00022569
-0.000262875 -0.000152173 0.000248823
-0.000260274 -0.000145214 0.000270637
-0.000257716 -0.00013801 0.000290994
-0.000255106 -0.000130643 0.00030978
-0.000252384 -0.000123203 0.000326911
-0.000249547 -0.000115777 0.00034233
-0.000246626 -0.000108548 0.000381908
-0.000243708 -0.000101591 0.000453681
-0.000240874 -9.48729e-05 0.00051567
-0.000238147 -8.85218e-05 0.00056799
-0.000235534 -8.25896e-05 0.000609932
-0.000233005 -7.72244e-05 0.000642511
-0.000230531 -7.25374e-05 0.0006669
-0.000228091 -6.86125e-05 0.000683834
-0.000225668 -6.55044e-05 0.000693341
-0.000223218 -6.32624e-05 0.000695433
-0.000220664 -6.19473e-05 0.000694434
-0.000217909 -6.15972e-05 0.000692293
-0.000214838 -6.22146e-05 0.000689085
-0.000211318 -6.37768e-05 0.000684814
-0.000207193 -6.6237e-05 0.000679428
-0.000202312 -6.95259e-05 0.000672888
-0.000196559 -7.35401e-05 0.000665181
-0.000189888 -7.81348e-05 0.000656384
-0.000182315 -8.31157e-05 0.000639223
-0.00017386 -8.82751e-05 0.000615639
-0.000164539 -9.34402e-05 0.000589321
-0.00015438 -9.83977e-05 0.000560099
-0.000143408 -0.000102947 0.000528054
-0.000131633 -0.000106894 0.000493231
-0.000119056 -0.00011006 0.000455716
-0.000105679 -0.000112292 0.000415689
-9.15158e-05 -0.000113456 0.000373458
-7.66074e-05 -0.00011344 0.000329449
-6.40003e-05 -0.000111578 0.000283985
-5.2426e-05 -0.000108113 0.000237417
-4.0341e-05 -0.000103536 0.000191457
-2.76162e-05 -9.77437e-05 0.000146277
-1.42834e-05 -9.09808e-05 0.000103227
-4.01509e-07 -8.32856e-05 6.30387e-05
1.38465e-05 -7.48196e-05 2.67836e-05
2.84988e-05 -6.57285e-05 -4.62512e-06
4.33637e-05 -5.60951e-05 -3.04029e-05
5.82594e-05 -4.60356e-05 -4.97419e-05
7.30452e-05 -3.56879e-05 -6.18728e-05
8.75807e-05 -2.51598e-05 -6.61311e-05
0.000101719 -1.45083e-05 -6.41056e-05
0.000115345 -3.76345e-06 -5.78649e-05
0.000128344 6.94818e-06 -4.73295e-05
0.000140618 1.77306e-05 -3.23485e-05
0.000152043 2.84013e-05 -1.30399e-05
0.00016256 3.89399e-05 1.05651e-05
0.000172152 4.9309e-05 3.8318e-05
0.000180863 5.94934e-05 6.9998e-05
0.000188787 6.94907e-05 0.000105327
0.000196069 7.92951e-05 0.000143979
0.000202878 8.89016e-05 0.000185582
0.000209369 9.83263e-05 0.000229706
0.00021571 0.00010752 0.000356833
0.000222113 0.000115905 0.000649456
0.000228556 0.000124382 0.000942985
0.000235164 0.000132886 0.00124271
0.000242012 0.000141609 0.00154057
0.000249142 0.000150625 0.00183469
0.000256635 0.000159905 0.00212511
0.000264514 0.000169551 0.00241033
0.000272798 0.000179667 0.00268692
0.000281538 0.000190337 0.00295076
0.000290848 0.000201563 0.00319932
0.000300848 0.000213312 0.00343183
0.000311616 0.000225557 0.00364792
0.000323177 0.000238277 0.00384653
0.000335486 0.00025145 0.00402604
0.000348427 0.000265033 0.00418528
0.000361841 0.000278966 0.00432412
0.000375557 0.000293169 0.00444323
0.000389421 0.000307538 0.00454334
0.000403295 0.000321953 0.00462499
0.000417038 0.000336275 0.00468881
0.000430511 0.000350351 0.00473587
0.000464631 0.000363971 0.00476802
0.000504288 0.000377086 0.00478675
0.000543665 0.000388239 0.00479676
0.000578664 0.000398868 0.0047974
0.00061109 0.00040899 0.00479492
0.000642004 0.000416478 0.00479178
0.0156905 0.000289499 0.0051557
0.0219143 0.000222062 0.00579405
0.0219157 0.000300608 0.00573436
0.0199727 0.0002998 0.00572789
0.020149 0.00030563 0.00570527
0.0221639 0.00031103 0.0056632
0.0230019 0.000314017 0.00563485
0.0223739 0.000339435 0.00558853
0.0224589 0.000350205 0.00554732
0.023502 0.000348973 0.00550983
0.0243762 0.000355267 0.00546702
0.0245128 0.000365799 0.00542323
0.0247524 0.000369967 0.00538364
0.0253901 0.000369382 0.00534644
0.0259735 0.000368107 0.0053118
0.0261689 0.000367547 0.00528318
0.0262158 0.000367579 0.00525617
0.0263974 0.000363877 0.00511523
0.0265786 0.000357879 0.00496191
0.0265888 0.000352023 0.00482972
0.0264824 0.000345461 0.00472265
0.0263621 0.000337121 0.00464221
0.0262 0.000327305 0.00458732
0.0259291 0.00031683 0.00455617
0.0255623 0.000306021 0.00454748
0.0251341 0.00029478 0.00454953
0.0246625 0.000283014 0.00455438
0.0241319 0.000271086 0.00456151
0.023555 0.000259018 0.00457071
0.0229568 0.000246872 0.00458171
0.0223469 0.000234857 0.00459408
0.0217247 0.000223158 0.00460737
0.0210958 0.00021188 0.00463074
0.0204708 0.000201174 0.00465915
0.0198541 0.000191252 0.00468629
0.0192445 0.000182297 0.00471197
0.0186427 0.000174491 0.00473523
0.0180516 0.000167889 0.00475571
0.0174723 0.000162586 0.00477291
0.0169026 0.00015867 0.00478652
0.0163448 0.00015609 0.00479635
0.0158052 0.000154701 0.0048024
0.0152894 0.000154353 0.00480472
0.0148012 0.000154888 0.00480409
0.014344 0.000156113 0.00480185
0.0139206 0.000157829 0.00479819
0.0135314 0.000159865 0.00479331
0.0131743 0.000162067 0.00478742
0.0128454 0.000164306 0.00478074
0.012539 0.000166484 0.00477347
0.0122474 0.000168516 0.00476585
0.0119622 0.000170346 0.00475811
0.0116874 0.000171712 0.00475046
0.0114946 0.000171738 0.00474406
0.0113057 0.000170908 0.0047382
0.0110701 0.00017028 0.00473274
0.0107838 0.000169808 0.00472737
0.0104817 0.000168351 0.00472293
0.010163 0.000166317 0.00471921
0.0098084 0.000164041 0.00471605
0.00941723 0.0001612 0.00470818
0.00899986 0.00015769 0.0046953
0.0085615 0.000153487 0.00468803
0.00809831 0.00014859 0.00468641
0.00760639 0.000143108 0.00468705
0.0070976 0.000136934 0.00468838
0.00658057 0.000129964 0.00469134
0.00605746 0.000122304 0.00469597
0.0055315 0.000113997 0.00470125
0.00501005 0.000105067 0.00470692
0.00467196 9.47925e-05 0.00471307
0.00458184 8.24591e-05 0.0047203
0.00448113 6.90911e-05 0.00472708
0.00437094 5.58816e-05 0.00473206
0.00426747 4.37451e-05 0.00473313
0.00418036 3.12525e-05 0.00473244
0.00410117 1.97247e-05 0.00472984
0.00402658 9.13286e-06 0.00472536
0.00396219 -2.70696e-07 0.00471872
0.00390857 -8.45794e-06 0.00470298
0.00386202 -1.51738e-05 0.00462059
0.00382253 -2.04448e-05 0.00452012
0.00379228 -2.42928e-05 0.00440259
0.00377374 -2.67912e-05 0.00426985
0.00376195 -2.78492e-05 0.00412309
0.00375868 -2.76051e-05 0.00396329
0.00375916 -2.61917e-05 0.00379301
0.0037619 -2.40495e-05 0.00361513
0.00376544 -2.09529e-05 0.00343253
0.0037695 -1.71574e-05 0.00324844
0.00377372 -1.27262e-05 0.00306532
0.00377804 -7.89991e-06 0.00288619
0.00378232 -2.86699e-06 0.00271438
0.00378634 2.23474e-06 0.00255344
0.00378991 7.157e-06 0.00240632
0.00379286 1.17189e-05 0.00227587
0.00379502 1.5747e-05 0.00216443
0.0037962 1.91119e-05 0.00207408
0.00379627 2.16842e-05 0.00200669
0.00379517 2.33411e-05 0.00196377
0.00379286 2.39947e-05 0.00194627
0.00378934 2.35878e-05 0.00194749
0.00378465 2.21467e-05 0.00195288
0.00377886 1.96659e-05 0.001962
0.00377208 1.61653e-05 0.00197466
0.00376443 1.16965e-05 0.00199061
0.0037397 6.40169e-06 0.00200951
0.00365268 8.18419e-07 0.00203069
0.00356749 -5.2506e-06 0.00205392
0.00349095 -1.21495e-05 0.00207877
0.00341865 -1.93682e-05 0.00210469
0.00334996 -2.64954e-05 0.00213084
0.00328586 -3.35864e-05 0.00215687
0.00322837 -4.03521e-05 0.00218212
0.0031772 -4.65147e-05 0.00220595
0.00313295 -5.18689e-05 0.00223649
0.00309752 -5.65267e-05 0.00233115
0.00307139 -6.00656e-05 0.00241377
0.00305464 -6.22909e-05 0.00248229
0.00304764 -6.31366e-05 0.00253407
0.00304778 -6.2476e-05 0.00256797
0.00304917 -6.03021e-05 0.0025846
0.00305157 -5.66383e-05 0.00258606
0.00305495 -5.15948e-05 0.0025825
0.00305932 -4.52862e-05 0.00257566
0.00306463 -3.7865e-05 0.0025658
0.00307076 -2.95261e-05 0.00255336
0.0030776 -2.04735e-05 0.00253896
0.00308497 -1.08255e-05 0.00250428
0.00309268 -7.15783e-07 0.00242651
0.00310053 9.41481e-06 0.00234611
0.00310834 1.93443e-05 0.00226482
0.00311594 2.87918e-05 0.00218574
0.00312318 3.75231e-05 0.00211116
0.00312996 4.53535e-05 0.00204264
0.00313612 5.21131e-05 0.00198167
0.00314154 5.76426e-05 0.00192992
0.00314612 6.17944e-05 0.00188906
0.00314977 6.44917e-05 0.00186024
0.00315243 6.57007e-05 0.00184395
0.00315408 6.5422e-05 0.00184004
0.00315468 6.37048e-05 0.00184208
0.00315425 6.06257e-05 0.00184674
0.00315282 5.62965e-05 0.00185387
0.00315045 5.08613e-05 0.0018632
0.00314719 4.44828e-05 0.00187444
0.00314312 3.73596e-05 0.00188719
0.00313834 2.96927e-05 0.00190104
0.00313294 2.17022e-05 0.00191556
0.00312704 1.36038e-05 0.0019303
0.00312082 5.59608e-06 0.00194481
0.00311444 -2.05278e-06 0.00195863
0.00310807 -9.28739e-06 0.00201935
0.00310182 -1.5969e-05 0.00207845
0.00309578 -2.18029e-05 0.00212867
0.00309002 -2.67368e-05 0.00216853
0.00308454 -3.0659e-05 0.00219623
0.00307933 -3.35413e-05 0.00221178
0.00307434 -3.53418e-05 0.00221532
0.0030695 -3.60671e-05 0.00221336
0.00306479 -3.57798e-05 0.00220895
0.00306019 -3.45774e-05 0.00220216
0.00305575 -3.26117e-05 0.00219327
0.00305146 -3.00352e-05 0.00218262
0.00304927 -2.73676e-05 0.00214984
0.00304927 -2.4805e-05 0.00209539
0.00304913 -2.20161e-05 0.00203611
0.00304888 -1.92602e-05 0.00197365
0.00304843 -1.67166e-05 0.00191024
0.00304766 -1.44787e-05 0.00184669
0.0030392 -1.26279e-05 0.00178399
0.00302292 -1.13229e-05 0.00172309
0.00300112 -1.07104e-05 0.00166525
0.00297414 -1.09203e-05 0.00161171
0.00294019 -1.19641e-05 0.00156328
0.0028998 -1.39792e-05 0.00152063
0.00285231 -1.69627e-05 0.00148411
0.00279784 -2.09734e-05 0.00145386
0.00273609 -2.59995e-05 0.00143013
0.00266705 -3.19988e-05 0.00141279
0.00259121 -3.88637e-05 0.00140145
0.00250874 -4.65953e-05 0.00139562
0.00242024 -5.50743e-05 0.00139455
0.00232645 -6.41871e-05 0.0013953
0.00222863 -7.38264e-05 0.00139677
0.00212821 -8.38837e-05 0.00139873
0.00202658 -9.42372e-05 0.00140091
0.00192488 -0.000104735 0.00140303
0.00182413 -0.000115232 0.0014048
0.00172524 -0.000125576 0.00140594
0.0016291 -0.000135625 0.0014062
0.00153654 -0.000145249 0.00140534
0.0014484 -0.00015432 0.00140314
0.0013657 -0.000162744 0.00139945
0.00128941 -0.000170442 0.00139318
0.00122034 -0.000177309 0.00136436
0.00115934 -0.000183305 0.00132769
0.00110703 -0.000188445 0.00128401
0.00106382 -0.000192717 0.00123323
0.00102992 -0.000196138 0.00117593
0.00100534 -0.00019872 0.0011125
0.000989888 -0.0002005 0.00104352
0.000983226 -0.000201534 0.000969867
0.000983165 -0.000201875 0.000892596
0.000984185 -0.000201554 0.000812787
0.000985926 -0.000200661 0.000731664
0.000988334 -0.000199299 0.000650456
0.000991287 -0.000197554 0.000570433
0.000994625 -0.000195512 0.000492935
0.000998193 -0.00019326 0.000419297
0.00100181 -0.000190872 0.000350795
0.00100534 -0.000188433 0.000288598
0.00100865 -0.000186018 0.000233792
0.00101166 -0.000183705 0.000187381
0.00101432 -0.000181572 0.000150263
0.00101656 -0.000179671 0.000123173
0.00101832 -0.000178058 0.00010666
0.00101966 -0.000176779 0.000101096
0.00102069 -0.000175869 0.000102562
0.00102144 -0.000175323 0.000106683
0.00102197 -0.000175125 0.000113405
0.00102235 -0.000175256 0.000122612
0.00102268 -0.000175675 0.000134158
0.00102304 -0.000176312 0.000147839
0.00102345 -0.000177075 0.000163392
0.00102392 -0.000177843 0.000180515
0.00102443 -0.000178499 0.000198891
0.00102499 -0.000178921 0.000218196
0.00102557 -0.000178976 0.000238096
0.00102617 -0.000178551 0.000258255
0.00102672 -0.00017753 0.000278347
0.00102718 -0.000175823 0.000298068
0.00102753 -0.000173371 0.000317151
0.00102777 -0.000170137 0.000335369
0.00102799 -0.000166141 0.000352537
0.00102827 -0.000161419 0.000368514
0.00102868 -0.000156036 0.000383194
0.00102928 -0.000150081 0.000396518
0.00103011 -0.000143652 0.000408465
0.00103125 -0.000136881 0.000419052
0.00103277 -0.000129906 0.000428325
0.00103473 -0.00012287 0.000436352
0.00103724 -0.00011593 0.000443221
0.00104033 -0.000109215 0.000449029
0.00104398 -0.000102843 0.000453874
0.00104804 -9.68947e-05 0.000457847
0.00105232 -9.14195e-05 0.000461032
0.00105662 -8.6471e-05 0.000463512
0.0010608 -8.20843e-05 0.000465365
0.00106475 -7.83038e-05 0.000466665
0.00106843 -7.51682e-05 0.00046748
0.00107177 -7.26953e-05 0.000467864
0.00107474 -7.09073e-05 0.000467861
0.00107729 -6.98041e-05 0.000467505
0.00107943 -6.93825e-05 0.000466813
0.00108116 -6.96371e-05 0.000465796
0.00108283 -7.08679e-05 0.000464057
0.00108404 -7.30608e-05 0.000461764
0.00108494 -7.61386e-05 0.000458855
0.00108577 -8.001e-05 0.00045525
0.00108679 -8.45647e-05 0.000450849
0.00108828 -8.9664e-05 0.000445536
0.00109048 -9.51357e-05 0.000439185
0.00109348 -0.000100758 0.000431664
0.00109725 -0.000106275 0.000422851
0.00110174 -0.000111429 0.000412656
0.00110689 -0.000115974 0.000401036
0.00111264 -0.000119695 0.00038801
0.00111905 -0.000122436 0.000373678
0.00112636 -0.000124117 0.000358224
0.00113491 -0.000124717 0.000341909
0.00114508 -0.000124251 0.000325056
0.00115707 -0.000122714 0.000308026
0.00117072 -0.000120042 0.000291192
0.00118567 -0.000116157 0.000274958
0.00120155 -0.000111 0.000259754
0.00121801 -0.000104542 0.000246038
0.00123476 -9.68019e-05 0.00023429
0.0012515 -8.78363e-05 0.000225
0.00126745 -7.76762e-05 0.000218654
0.00128106 -6.62895e-05 0.000215671
0.0012926 -5.47093e-05 0.000217009
0.0014286 -4.51298e-05 0.000223796
0.00202957 -3.67517e-05 0.000235154
0.00268662 -2.93473e-05 0.000251708
0.00322427 -2.00011e-05 0.000271578
0.00375432 -1.00746e-05 0.000294909
0.00433733 -4.52382e-07 0.00032188
0.00488071 9.95899e-06 0.000351913
0.0053895 2.10488e-05 0.000384539
0.00591313 3.23912e-05 0.000419248
0.00642926 4.40901e-05 0.000455516
0.00692032 5.62576e-05 0.000492916
0.00741423 6.83205e-05 0.000646937
0.00791806 8.01184e-05 0.000894025
0.00841274 9.22311e-05 0.00114091
0.0088958 0.000104591 0.00138113
0.00937115 0.000117141 0.00161363
0.00983743 0.000129688 0.00183983
0.0102955 0.00014212 0.00205833
0.0107492 0.000154354 0.00226484
0.0111994 0.000166255 0.00245728
0.0116479 0.00017764 0.00263598
0.0121028 0.00018828 0.00280099
0.012574 0.000197988 0.00295058
0.0130677 0.000206637 0.00308296
0.0135854 0.000214182 0.00319745
0.0141266 0.000220636 0.00329361
0.0146924 0.000226035 0.00337028
0.0152806 0.000230591 0.00342573
0.0158341 0.000235127 0.00345683
0.0163876 0.000238829 0.00346651
0.0169662 0.000241892 0.0034642
0.017578 0.000244048 0.00345855
0.0182116 0.000245554 0.00344955
0.0188748 0.000246515 0.00343725
0.0195726 0.000246963 0.00342186
0.0202951 0.000247163 0.00340355
0.0210402 0.000247234 0.0033826
0.0218117 0.000247285 0.00335932
0.0226093 0.000247434 0.00333406
0.0234318 0.000247778 0.00330725
0.02428 0.000248414 0.00327934
0.025153 0.000249438 0.00325082
0.0260485 0.000250939 0.00322218
0.0269648 0.000252992 0.00319395
0.0278983 0.000255729 0.00316822
0.0288432 0.000259402 0.00310609
0.0297945 0.00026395 0.00298258
0.0307502 0.000269324 0.00286981
0.0317077 0.000275449 0.00277236
0.0326607 0.000282373 0.00269175
0.0335986 0.000290241 0.0026284
0.0345077 0.000299124 0.00258358
0.035365 0.000309182 0.00255938
0.0361555 0.000318172 0.00255762
0.0368641 0.00032607 0.00256346
0.0374351 0.000330216 0.00257561
0.0379237 0.000334186 0.00259323
0.0383932 0.000340043 0.0026141
0.0388035 0.000347554 0.00263813
0.0391338 0.000355256 0.00274664
0.0394138 0.000362888 0.00288614
0.0396498 0.000371602 0.00303713
0.0398346 0.000381143 0.00319704
0.0399866 0.000390809 0.0033659
0.0401249 0.000400494 0.00354408
0.0402489 0.00041047 0.00372911
0.040355 0.00042057 0.00391755
0.0404432 0.000430465 0.00410743
0.0405085 0.000439405 0.0042915
0.0405381 0.000520887 0.0044635
0.0405344 0.000595943 0.00464133
0.0404897 0.000659504 0.00481258
0.0404159 0.000709533 0.00497944
0.0403099 0.000749915 0.00514039
0.0401636 0.000784063 0.00528886
0.0399866 0.000807039 0.00542502
0.0397819 0.00081977 0.00554637
0.0395535 0.000824719 0.00565047
0.0393138 0.000824056 0.00573562
0.0390751 0.00082213 0.00579907
0.0388508 0.000818736 0.00592078
0.0386474 0.000814087 0.0060184
0.0384606 0.000808533 0.00602518
0.0382815 0.000802202 0.00601734
0.0380979 0.000795343 0.00600357
0.0378951 0.000788226 0.00598423
0.0376651 0.000781059 0.00595924
0.0374098 0.000773817 0.00592874
0.0371346 0.000766377 0.00589341
0.036841 0.000758641 0.0058541
0.0365295 0.000750514 0.00581153
0.0362 0.000741887 0.00576634
0.0358519 0.000732647 0.00571935
0.0354837 0.000722695 0.00567153
0.0350937 0.000711959 0.00562375
0.0346793 0.000700405 0.00557676
0.0342379 0.000688032 0.00553124
0.0337669 0.000674979 0.00549145
0.0332641 0.000661586 0.00540678
0.0327272 0.000647763 0.00513895
0.0321578 0.000633527 0.00489341
0.0315594 0.000618745 0.00467521
0.030934 0.000603635 0.00448627
0.0302833 0.000588518 0.0043222
0.0296102 0.000573604 0.00418094
0.0289159 0.000559061 0.00406414
0.0282013 0.000545123 0.00397276
0.0274676 0.000532064 0.0039041
0.0267145 0.000520113 0.00385498
0.0259408 0.000509446 0.00382432
0.0251467 0.000500185 0.00381208
0.0243344 0.000492402 0.00381267
0.0235075 0.000486111 0.00381569
0.0226702 0.000481224 0.00382072
0.0218269 0.00047761 0.00382776
0.020981 0.000475103 0.00383678
0.0201359 0.000473515 0.00384768
0.0192942 0.000472646 0.0038603
0.0184556 0.000472319 0.00387456
0.017614 0.00047242 0.00389035
0.01676 0.000472863 0.00390746
0.015939 0.000472885 0.00392596
0.0151208 0.000472643 0.00394545
0.0142563 0.00047243 0.00398365
0.013346 0.000472403 0.00404911
0.0124193 0.000471459 0.00411606
0.0114553 0.000470269 0.00418141
0.0104502 0.000468504 0.00424527
0.00941408 0.000465872 0.0043072
0.00834194 0.000462325 0.0043665
0.007226 0.000457833 0.00442192
0.0060678 0.000452323 0.00447231
0.00486723 0.000445908 0.00451665
0.00448607 0.000433643 0.00456152
0.00425346 0.000419029 0.00459983
0.00396233 0.00040628 0.00462454
0.00367637 0.000391589 0.00463623
0.00340048 0.000375242 0.00463781
0.00311069 0.000358538 0.0046336
0.00282242 0.000332713 0.00462433
0.00254234 0.00030094 0.00460953
0.00226149 0.000267797 0.00458938
0.00198399 0.000233957 0.00456357
0.00171388 0.000199314 0.00453205
0.00144779 0.00016381 0.00449498
0.00118655 0.000127805 0.00445591
0.000930913 9.27008e-05 0.00418213
0.000680605 5.7283e-05 0.00385245
0.000444983 2.13486e-05 0.00349346
0.000314803 -1.90593e-05 0.00311908
0.000184241 -5.87726e-05 0.00272166
5.96803e-05 -9.75546e-05 0.00229967
-5.25189e-05 -0.000136131 0.00186141
-0.000154124 -0.000173654 0.0014094
-0.000246829 -0.000209739 0.000948573
-0.000327597 -0.000244431 0.000481063
-0.000397565 -0.000277553 1.12248e-05
-0.000486949 -0.000308536 -0.000455685
-0.000660053 -0.000334 -0.00156545
-0.000809841 -0.000354961 -0.00292
-0.000913158 -0.000375392 -0.0042479
-0.000997241 -0.000393739 -0.00548751
-0.00105826 -0.000410465 -0.00663563
-0.00109024 -0.000424812 -0.00773811
-0.0011018 -0.000437084 -0.00879627
-0.00110185 -0.000539033 -0.00975398
-0.00110029 -0.000691073 -0.0105689
-0.00109868 -0.000817836 -0.0112807
-0.00109716 -0.000897422 -0.0119269
-0.00109565 -0.000946192 -0.0124889
-0.00109418 -0.000987989 -0.0129228
-0.00109284 -0.00101754 -0.0132203
-0.00109137 -0.00102323 -0.0134034
-0.00108967 -0.00102251 -0.0134767
-0.00108775 -0.00102135 -0.0134725
-0.00108557 -0.0010194 -0.0134612
-0.00108305 -0.00101633 -0.0134435
-0.00108 -0.00101227 -0.01342
-0.00107613 -0.00100737 -0.0133907
-0.00107112 -0.00100148 -0.0133559
-0.0010647 -0.000994422 -0.0133167
-0.00105666 -0.000986162 -0.0132738
-0.00104685 -0.000976625 -0.0132279
-0.00103526 -0.000965609 -0.0131797
-0.00102194 -0.000952932 -0.0131301
-0.00100698 -0.0009385 -0.0130799
-0.000990473 -0.000922227 -0.0130298
-0.00097254 -0.000904052 -0.0129806
-0.000953285 -0.000883989 -0.0129323
-0.000932678 -0.000862907 -0.0124108
-0.000910963 -0.000840803 -0.0118247
-0.000888403 -0.000817431 -0.0112807
-0.000865142 -0.000792455 -0.010781
-0.000841312 -0.000766729 -0.0103048
-0.000817159 -0.000740688 -0.00983151
-0.000792866 -0.000714586 -0.00935977
-0.000768673 -0.000688679 -0.0088998
-0.000744833 -0.000663415 -0.00844874
-0.000721587 -0.000639217 -0.00799337
-0.000699184 -0.000616364 -0.00752678
-0.000677854 -0.000595075 -0.00705233
-0.000660667 -0.000577865 -0.00656146
-0.000291061 -0.000545622 -0.00605353
0.000444195 -0.000515741 -0.00553706
0.00112581 -0.000492441 -0.00501621
0.00166897 -0.000468226 -0.00451531
0.00223347 -0.00044827 -0.00403537
0.0028131 -0.000432217 -0.00357621
0.00335562 -0.000418599 -0.00314501
0.0038859 -0.000407001 -0.0027477
0.00427687 -0.00039101 -0.00240737
0.00464789 -0.000375626 -0.00211728
0.00507586 -0.000365266 -0.00186578
0.0055206 -0.000354339 -0.00167099
0.00597154 -0.000345314 -0.00153016
0.00645815 -0.000337963 -0.00144576
0.00699105 -0.000331563 -0.00141909
0.00756325 -0.000326423 -0.00142221
0.00817558 -0.000322348 -0.00143007
0.00884049 -0.000319489 -0.0014425
0.00955372 -0.000317358 -0.00145938
0.0103071 -0.000315321 -0.00148056
0.0111049 -0.000313478 -0.00150556
0.0119485 -0.00031165 -0.00153392
0.0128346 -0.000309491 -0.00156515
0.0137632 -0.000306882 -0.00159868
0.0147355 -0.000303749 -0.00163386
0.0157492 -0.000299925 -0.00167002
0.0167993 -0.000295131 -0.00170647
0.0178795 -0.000288962 -0.00173958
0.0189802 -0.000279777 -0.00184825
0.0200927 -0.000267893 -0.00219398
0.0212139 -0.000253699 -0.00252447
0.0223387 -0.000238033 -0.00282364
0.0234606 -0.000220688 -0.00308511
0.0245686 -0.00020096 -0.00331289
0.0256576 -0.000178784 -0.00350688
0.0267135 -0.00015431 -0.00365788
0.0277286 -0.000127525 -0.00375822
0.0287054 -9.87142e-05 -0.0038065
0.0296452 -6.80652e-05 -0.00381036
0.0305482 -3.56323e-05 -0.0038043
0.0314165 -1.78694e-06 -0.00379259
0.032253 3.31574e-05 -0.0037752
0.0330589 6.89215e-05 -0.0037523
0.0338363 0.000105294 -0.00372383
0.0345895 0.00014103 -0.0034827
0.0353242 0.000175366 -0.00312284
0.036037 0.000209275 -0.00272847
0.0367239 0.000244527 -0.00230686
0.0373207 0.000281019 -0.00185915
0.0378611 0.000318647 -0.00138402
0.0383928 0.000355808 -0.000884018
0.0389124 0.000392632 -0.00036777
0.0393945 0.000430254 0.000155415
0.0398594 0.000467794 0.00068332
0.0403223 0.000504865 0.00121271
0.0407751 0.000541793 0.00173628
0.0412209 0.000578459 0.00224697
0.0416735 0.000614535 0.00274
0.0421372 0.000649816 0.00321176
0.0426128 0.000684237 0.00365753
0.0431077 0.000717629 0.00407204
0.0436281 0.000749796 0.00445108
0.0441752 0.000780662 0.00479157
0.0447505 0.000810146 0.00509073
0.0453529 0.00085843 0.00534207
0.0442382 0.000738354 0.00645758
0.0418697 0.000610442 0.00630912
0.0438514 0.000659667 0.00647178
0.0451929 0.000637804 0.00641552
0.0452747 0.000685313 0.00642909
0.0465402 0.000672798 0.00642508
0.0477407 0.000712607 0.00647432
0.0484967 0.000723426 0.00640848
0.0494886 0.000750201 0.00646575
0.0505279 0.000779387 0.00642472
0.0514267 0.000823631 0.00646321
0.0522898 0.000855806 0.00644305
0.053297 0.000887964 0.00647288
0.0542823 0.0010114 0.00646746
0.0549839 0.00110209 0.00651206
0.0555427 0.00118808 0.00652536
0.0562001 0.00127723 0.00656815
0.056788 0.00138949 0.00686383
0.0572156 0.00148635 0.00773071
0.0576069 0.00156895 0.00866193
0.0579798 0.00165685 0.00969131
0.0582399 0.00176717 0.010691
0.0584186 0.00187363 0.0117928
0.0585601 0.00196788 0.0129649
0.0576064 0.0177568 0.0137146
0.0528976 0.0287676 0.0135858
0.0510582 0.0333709 0.0135179
0.0530133 0.0300073 0.013698
0.053962 0.02741 0.0141422
0.0529346 0.0299142 0.0146164
0.0521458 0.0334215 0.0145806
0.0524365 0.0337113 0.0146817
0.0530175 0.0323667 0.0166973
0.0531578 0.0326199 0.0169934
0.052736 0.0345828 0.0170211
0.0522897 0.0363173 0.0170157
0.0524457 0.0365149 0.0170874
0.0525609 0.0367942 0.0174981
0.0522263 0.0380802 0.0186611
0.0519081 0.0397027 0.0193011
0.0517726 0.0407002 0.0202807
0.0516179 0.0412798 0.0217432
0.0514058 0.0420899 0.023278
0.0511348 0.0433018 0.0244329
0.0507878 0.0445675 0.0254011
0.0505249 0.045284 0.0410431
0.050738 0.0448608 0.0477723
0.0506157 0.0449001 0.0509606
0.0498897 0.0461146 0.0517276
0.0491722 0.0477591 0.052176
0.0487404 0.0486652 0.0540733
0.0483863 0.0488961 0.0569111
0.0479014 0.0493652 0.059113
0.0472936 0.0505175 0.0603488
0.0466447 0.0518193 0.0616311
0.046057 0.0525694 0.0636685
0.0455756 0.0528514 0.0660347
0.0450731 0.0533142 0.0679925
0.0444745 0.0542134 0.0694803
0.0438773 0.0551214 0.0710063
0.0433766 0.0556276 0.0728406
0.0429429 0.0558887 0.0747498
0.042515 0.0563102 0.0763703
0.0420968 0.0569544 0.0777077
0.0417412 0.0575273 0.0789874
0.0414866 0.0578429 0.080361
0.0413197 0.0580512 0.0816616
0.0412049 0.0583721 0.0827368
0.041138 0.0587925 0.0835493
0.041146 0.0591407 0.0842706
0.04124 0.0593532 0.084919
0.0413996 0.0595395 0.0854589
0.0416045 0.0598012 0.0857444
0.0418608 0.060112 0.0858317
0.042189 0.0604156 0.0857328
0.0425918 0.0607096 0.0855297
0.0430509 0.0610356 0.0851277
0.0435543 0.0614027 0.0845654
0.0441048 0.0617772 0.0838164
0.0447003 0.0621363 0.0829896
0.0453287 0.0624862 0.0820355
0.0460541 0.0628083 0.0810214
0.0468356 0.0630908 0.0799007
0.0476054 0.063344 0.0787564
0.0483529 0.0635838 0.0775347
0.0491024 0.0637885 0.0763184
0.0498335 0.0639453 0.0750682
0.0505265 0.0640569 0.0738491
0.05119 0.064119 0.0726297
0.0518184 0.0641254 0.0714767
0.0523989 0.0640731 0.0703513
0.0529486 0.0639527 0.0693109
0.0534849 0.0637549 0.0683305
0.0540033 0.0634815 0.0674557
0.0545043 0.0631356 0.0666513
0.0549965 0.0627197 0.0659528
0.055484 0.0622404 0.0653245
0.0559643 0.0617077 0.064789
0.0564333 0.0611357 0.0643092
0.056887 0.0605421 0.0638952
0.057326 0.0599406 0.0635099
0.0577522 0.0593446 0.0631654
0.0581647 0.0587696 0.0628265
0.0585649 0.0582302 0.0625004
0.0589566 0.0577381 0.0621571
0.059345 0.0573034 0.0618045
0.059735 0.0569339 0.0614189
0.0601313 0.0566368 0.061011
0.0605374 0.0564177 0.0605614
0.0609563 0.0562802 0.0600843
0.0613873 0.0562268 0.0595663
0.0618268 0.0562613 0.0590269
0.0622592 0.0563537 0.0584806
0.0626778 0.0564691 0.0579614
0.0630909 0.0566319 0.0574507
0.0634918 0.056878 0.0569448
0.0638631 0.0572188 0.0564295
0.0642077 0.0576235 0.0559422
0.0645346 0.0580605 0.0555056
0.0648406 0.058529 0.0551439
0.0651224 0.0590379 0.0548475
0.0653818 0.0595781 0.0546338
0.0656162 0.0601271 0.0545173
0.0658159 0.060673 0.0545263
0.0659711 0.0612192 0.0546594
0.0660771 0.0617681 0.0549219
0.0661325 0.06231 0.055314
0.0661344 0.0628164 0.0558626
0.0660816 0.0632743 0.0565795
0.0659753 0.0636845 0.0574658
0.0658164 0.0640521 0.0585068
0.0656071 0.0643775 0.0596973
0.0653531 0.0646585 0.0610302
0.0650621 0.0648978 0.0624978
0.0647412 0.0651029 0.0640813
0.0644039 0.0653116 0.0657519
0.0640697 0.0656398 0.0674155
0.0637225 0.0659954 0.0690918
0.0633622 0.0663326 0.0708094
0.0630131 0.0666364 0.0725763
0.0626814 0.0669491 0.0743617
0.0623505 0.0673215 0.0761034
0.0620221 0.0677457 0.07778
0.0617163 0.0681849 0.0794157
0.0614297 0.0686465 0.0810093
0.0611535 0.0691656 0.082523
0.0608941 0.0697507 0.0839282
0.0606611 0.0703836 0.0852294
0.0604582 0.0710503 0.086439
0.0602852 0.0717539 0.0875583
0.0601382 0.0725023 0.088571
0.0600134 0.0732924 0.0894726
0.0599108 0.0741096 0.0902736
0.0598301 0.0749403 0.0909919
0.0597682 0.0757844 0.0916292
0.0597208 0.0766415 0.0921866
0.0596838 0.0775004 0.0926714
0.0596908 0.0783347 0.0931079
0.059867 0.0790709 0.0935451
0.0600718 0.0797358 0.0939826
0.0602087 0.0803951 0.0943755
0.0603308 0.0810337 0.0947293
0.0604624 0.0816039 0.0950846
0.0605578 0.082108 0.0954466
0.0606153 0.0825579 0.0958085
0.0606498 0.0829512 0.0961715
0.0606429 0.0832836 0.0965336
0.060589 0.0835466 0.0969046
0.0604955 0.0837348 0.0972908
0.0603731 0.0838555 0.0976839
0.0602055 0.0839146 0.0980746
0.06001 0.0839143 0.0984613
0.059818 0.0838795 0.0988202
0.059614 0.0837833 0.0991701
0.0594001 0.0836201 0.0995047
0.0591987 0.0833818 0.0998163
0.0590188 0.0830746 0.100099
0.0588562 0.0827141 0.100342
0.0587209 0.0823083 0.100529
0.0586251 0.0818557 0.100655
0.0585706 0.0813605 0.100711
0.0585538 0.0808373 0.100684
0.0585705 0.0803015 0.100557
0.0586141 0.0797641 0.100318
0.0586809 0.0792328 0.0999584
0.058774 0.0787233 0.0994689
0.058897 0.0782495 0.0988369
0.0590501 0.0778171 0.0980586
0.0592362 0.0774245 0.0971364
0.0594603 0.0770679 0.0960795
0.0597246 0.076746 0.0948951
0.0600277 0.0764575 0.093592
0.0603678 0.0761979 0.0921801
0.0607432 0.0759605 0.090676
0.0611495 0.0757393 0.0890956
0.061581 0.0755291 0.0874562
0.0620317 0.0753239 0.0857732
0.0624961 0.0751167 0.0840657
0.0629686 0.0749 0.0823522
0.0634442 0.0746672 0.0806522
0.0639177 0.0744124 0.078982
0.064385 0.07413 0.0773585
0.0648384 0.0738279 0.0758186
0.0652726 0.0735017 0.0743526
0.0656832 0.0730745 0.0729915
0.0660675 0.0725054 0.0717778
0.0664432 0.0718675 0.070684
0.066808 0.0712471 0.069665
0.0671341 0.0706735 0.0686899
0.067432 0.070093 0.0677878
0.067721 0.0694663 0.0670003
0.067991 0.0688293 0.0663172
0.0682331 0.0682308 0.065697
0.068459 0.0676704 0.0651252
0.0686821 0.0671218 0.0646214
0.0689125 0.0665792 0.0642014
0.0691597 0.0660624 0.0638506
0.0694267 0.0655874 0.0635444
0.0697124 0.0651573 0.0632723
0.0700185 0.0647737 0.0630389
0.0703423 0.0644494 0.0628403
0.0706748 0.0642031 0.0626589
0.0710065 0.0640374 0.0624834
0.0713315 0.0639473 0.062319
0.0716457 0.0639372 0.0621696
0.0719413 0.0640199 0.0620293
0.0722132 0.0642009 0.0618932
0.0724564 0.0644812 0.0617706
0.0726668 0.064858 0.0616685
0.0728427 0.0653231 0.0615967
0.0729823 0.0658658 0.0615654
0.0730811 0.0664801 0.0615827
0.0731351 0.0671602 0.0616597
0.0731402 0.0678972 0.0618108
0.0730926 0.0686792 0.0620498
0.0729884 0.0694944 0.0623894
0.072822 0.0703341 0.0628409
0.0725866 0.0711904 0.063415
0.0722759 0.0720402 0.064127
0.0718883 0.0728548 0.0649989
0.0714256 0.0736197 0.0660447
0.0708895 0.0743289 0.0672671
0.0702829 0.074977 0.0686643
0.0696121 0.0755534 0.0702353
0.068886 0.0760489 0.0719778
0.0681116 0.0764617 0.0738833
0.0672991 0.0768134 0.0759307
0.0664759 0.0772396 0.0780196
0.0656303 0.0776511 0.0801685
0.0647601 0.0779865 0.0823788
0.0639063 0.0782059 0.0846982
0.0630717 0.0783721 0.087069
0.0622402 0.0785477 0.0894171
0.0614306 0.0787143 0.0917229
0.0606652 0.0788404 0.0939936
0.0599465 0.0789418 0.0962115
0.0592738 0.0790591 0.0983303
0.058652 0.0792127 0.100304
0.0580894 0.0793956 0.102115
0.0575939 0.0796018 0.103765
0.057169 0.0798445 0.105237
0.0568155 0.0801412 0.106502
0.0565376 0.0804934 0.107544
0.0563417 0.0808916 0.108366
0.0562313 0.0813299 0.108974
0.0562054 0.0818115 0.109366
0.0562622 0.0823513 0.109527
0.0563962 0.0829467 0.109463
0.0566005 0.0835845 0.109192
0.0568688 0.0842481 0.10874
0.0571931 0.0849242 0.108126
0.0575616 0.0856021 0.107368
0.0579634 0.0862676 0.106491
0.0583964 0.0868995 0.105526
0.0588784 0.0874758 0.104501
0.0595311 0.0879266 0.10347
0.0602006 0.0882756 0.102445
0.0607956 0.0885709 0.101413
0.0613463 0.0888098 0.100379
0.0618704 0.0889489 0.0993807
0.062354 0.0889765 0.098442
0.0627514 0.0889083 0.0975702
0.0631086 0.0887636 0.0967561
0.0634623 0.0885109 0.0960077
0.0637773 0.0881397 0.0953464
0.0640489 0.0876652 0.0947718
0.0642981 0.0871032 0.0942701
0.0645194 0.0864627 0.0938261
0.0647076 0.0857493 0.0934322
0.0648759 0.0849727 0.0930827
0.065027 0.0841521 0.0927625
0.065157 0.0833074 0.0924479
0.0652723 0.0824516 0.0921201
0.06538 0.081597 0.0917666
0.0654804 0.0807606 0.0913734
0.0655753 0.0799588 0.0909235
0.0656687 0.0792039 0.0904012
0.0657625 0.0785061 0.0897962
0.065858 0.0778745 0.0891028
0.0659584 0.0773152 0.0883174
0.0660672 0.0768314 0.0874381
0.0661868 0.0764236 0.0864666
0.0663185 0.0760899 0.0854096
0.0664624 0.075827 0.084277
0.0666166 0.07563 0.08308
0.0667778 0.0754924 0.0818315
0.0669409 0.0754066 0.0805474
0.0670998 0.075364 0.0792454
0.067245 0.0753638 0.0779602
0.067362 0.0754065 0.076707
0.0674289 0.0753401 0.0755425
0.0674587 0.0751777 0.0744921
0.0674687 0.0749786 0.0735381
0.0674295 0.0748402 0.0726253
0.0673258 0.0747481 0.0717618
0.0671697 0.0746258 0.0709971
0.0669694 0.0744406 0.0703704
0.0667089 0.0742276 0.0698761
0.0663741 0.0740255 0.0694819
0.0659658 0.0738136 0.0691867
0.0654868 0.0735347 0.069037
0.0649382 0.0731788 0.0690543
0.0643213 0.0727662 0.0692196
0.0636388 0.0723093 0.0695058
0.0628979 0.0718004 0.0699064
0.0621103 0.0712325 0.0704254
0.0612886 0.0706368 0.0710444
0.0604387 0.0700567 0.0717122
0.0595588 0.06947 0.0724138
0.0586661 0.0688438 0.0731565
0.0577776 0.0681819 0.0739426
0.0568935 0.0675211 0.0747363
0.0560167 0.0668826 0.0755003
0.0551585 0.066261 0.0762178
0.054329 0.0656519 0.0768847
0.053531 0.0650689 0.0774878
0.0527661 0.0645308 0.078
0.0520386 0.064044 0.0783992
0.051354 0.063605 0.0786796
0.050715 0.0632146 0.0788404
0.0501229 0.0628782 0.0788745
0.0495802 0.0625979 0.0787729
0.0490887 0.0623692 0.078534
0.0486461 0.0621925 0.0781601
0.0482464 0.0620676 0.0776567
0.0478832 0.0619907 0.0770296
0.0475509 0.0619524 0.0762887
0.0473046 0.061941 0.0756245
0.0470744 0.0619399 0.0749074
0.0468592 0.0619427 0.0741469
0.0466576 0.0619424 0.0733519
0.0464679 0.0619321 0.0725314
0.0462874 0.0619047 0.0716949
0.0461124 0.0618545 0.0708522
0.0459391 0.0617762 0.0700122
0.0457632 0.0616653 0.069183
0.0455809 0.0615173 0.0683717
0.045389 0.0613281 0.0675847
0.0451845 0.0610944 0.0668281
0.0449647 0.0608132 0.0661071
0.0447272 0.0604828 0.065426
0.0444701 0.0601017 0.0647874
0.0441918 0.0596694 0.0641929
0.0438923 0.0591857 0.0636431
0.0435726 0.0586507 0.0631381
0.0432356 0.0580646 0.062677
0.0428845 0.0574286 0.0622578
0.0425226 0.0567442 0.0618774
0.0421519 0.0560149 0.061531
0.0417734 0.0552453 0.0612126
0.0413884 0.054441 0.0609152
0.0409986 0.0536076 0.0606312
0.0406059 0.0527509 0.0603528
0.0402121 0.0518773 0.0600715
0.0398199 0.0509929 0.059779
0.0394325 0.050104 0.0594669
0.0390535 0.0492162 0.0591269
0.0386864 0.0483353 0.0587514
0.038334 0.0474668 0.0583328
0.0379994 0.0466157 0.0578645
0.0376854 0.0457871 0.0573401
0.0373942 0.0449853 0.0567544
0.0371275 0.0442142 0.0561028
0.0368867 0.0434772 0.055382
0.0366727 0.0427772 0.0545897
0.0364859 0.0421162 0.0537245
0.0363246 0.0414957 0.0527864
0.0361862 0.0409178 0.0517756
0.0360747 0.0403795 0.0506963
0.0359864 0.0398784 0.0495557
0.0359138 0.0394182 0.0483534
0.0358552 0.038999 0.0470914
0.0358101 0.0386138 0.0457822
0.0357733 0.0382582 0.0444358
0.0357387 0.0379314 0.0430573
0.0357035 0.03763 0.0416546
0.0356639 0.0373503 0.0402431
0.0356019 0.0370731 0.0388587
0.0355029 0.0366679 0.0375553
0.0353851 0.0362269 0.0362897
0.0352693 0.0357576 0.0350754
0.0351348 0.0353196 0.0338679
0.0349673 0.0349218 0.0326682
0.0347701 0.0345305 0.0314983
0.0345555 0.0341069 0.0303885
0.0343267 0.0336381 0.0294114
0.0340772 0.0331256 0.0287056
0.0337981 0.0325994 0.0280575
0.0334866 0.0320686 0.0274557
0.0331429 0.0315328 0.0268909
0.032769 0.0309763 0.0263739
0.0323657 0.0303894 0.0259199
0.0319326 0.0297728 0.0255353
0.031468 0.0291217 0.0252185
0.030971 0.0284377 0.02496
0.030443 0.0277207 0.0247556
0.0298869 0.0269718 0.0246057
0.029305 0.0261947 0.0245105
0.0286982 0.0253957 0.0244647
0.0280678 0.0245809 0.0244569
0.0274176 0.023756 0.0244582
0.0267519 0.0229256 0.0244606
0.0260752 0.0220949 0.0244637
0.0253918 0.0212684 0.0244674
0.0247065 0.0204604 0.0244711
0.0240218 0.019711 0.0244731
0.0233534 0.0189825 0.0244746
0.0226479 0.0182728 0.0244758
0.0218045 0.0176276 0.0244753
0.0209496 0.0170276 0.0244732
0.0201638 0.0164438 0.0244702
0.019461 0.0158452 0.0244668
0.0187878 0.0152434 0.0244627
0.0181247 0.014664 0.0244571
0.0175055 0.0141186 0.0243354
0.0169495 0.0136018 0.0241462
0.0164424 0.0131017 0.0239202
0.0159738 0.0126123 0.0236655
0.0155562 0.0121331 0.023385
0.0152013 0.0116714 0.0230737
0.0149021 0.0112361 0.0227221
0.0146482 0.01083 0.0223267
0.0144421 0.0104478 0.0218922
0.0142923 0.0100831 0.0214267
0.0141969 0.00973571 0.0209234
0.0141376 0.0094123 0.0203243
0.014104 0.00911881 0.0196874
0.014094 0.00885659 0.0190113
0.0141097 0.00861934 0.0183088
0.0141514 0.00840075 0.0175898
0.0142153 0.00819889 0.0168593
0.0142993 0.00801324 0.016119
0.0143881 0.00776424 0.0154122
0.0144867 0.00749323 0.0147341
0.0146001 0.0072095 0.0140738
0.0147289 0.00694331 0.0134199
0.0148627 0.00670513 0.012774
0.0149894 0.00648965 0.0121391
0.0151106 0.00631211 0.0115246
0.0152153 0.00626277 0.0109106
0.0153079 0.00622202 0.0103268
0.0153947 0.00618315 0.00977299
0.0154749 0.00613816 0.00926497
0.0155419 0.00609006 0.00880571
0.0155906 0.00604689 0.00839141
0.0156211 0.00601081 0.00801965
0.015636 0.00597729 0.00769252
0.0156338 0.00594213 0.00741614
0.0156104 0.00590645 0.00719496
0.015562 0.00587226 0.00702871
0.0154758 0.00584181 0.00691425
0.0153435 0.00581429 0.00684922
0.0151777 0.00578717 0.00683631
0.0149877 0.00576038 0.0068398
0.0147706 0.00573655 0.00684658
0.0145218 0.00571718 0.0068562
0.0142456 0.00570085 0.00686868
0.0139499 0.005686 0.006884
0.0136372 0.00567311 0.00690191
0.0133073 0.00566338 0.00692204
0.0129631 0.00565705 0.0069441
0.0126099 0.0056535 0.00696782
0.0122594 0.00565378 0.00699243
0.0119234 0.00565493 0.00701798
0.011595 0.00565636 0.00704419
0.0112651 0.005658 0.00707089
0.0109394 0.0056596 0.00709067
0.0106338 0.00566098 0.00710836
0.0103475 0.00566254 0.00712579
0.0100717 0.00566397 0.00743034
0.00980787 0.00566517 0.00790286
0.00955679 0.00566626 0.0083861
0.00931556 0.00566777 0.00885236
0.00908385 0.00566979 0.00927826
0.00886538 0.00567202 0.00967086
0.00866171 0.00567422 0.0100497
0.0084713 0.00567648 0.0104222
0.0082942 0.00567892 0.0107798
0.00814641 0.00568137 0.011111
0.00801864 0.00568388 0.0114109
0.00790188 0.00568648 0.0116837
0.00779259 0.00568923 0.0119349
0.00769474 0.00569201 0.0121678
0.00760716 0.00569482 0.0123797
0.00751359 0.00577971 0.0125545
0.00740072 0.00591653 0.0126771
0.00727817 0.00607463 0.0127601
0.0071607 0.00622344 0.0128258
0.00704871 0.00634784 0.0128884
0.00693323 0.00645691 0.0129449
0.00680836 0.0065663 0.0129828
0.00667356 0.00667942 0.0129958
0.00653059 0.00678524 0.0129914
0.00638133 0.00687017 0.0129832
0.0062258 0.00693007 0.0129762
0.00606089 0.00697024 0.0129689
0.00588193 0.00699641 0.0129569
0.00568654 0.00700724 0.0129392
0.00547546 0.00699605 0.0129195
0.00524991 0.00695758 0.0129023
0.0050096 0.00689142 0.0128891
0.00475309 0.00679991 0.0128783
0.00467994 0.00665358 0.0128749
0.00462919 0.00646412 0.0128752
0.00457082 0.00630097 0.0128753
0.00449815 0.00624059 0.0128571
0.00441503 0.00618131 0.0128134
0.00433753 0.00610914 0.0127739
0.00425203 0.00602139 0.0127358
0.00416172 0.00592631 0.0126717
0.0040723 0.00582849 0.0126018
0.00398216 0.00573096 0.0125139
0.00388911 0.00563021 0.0124009
0.00379576 0.00552154 0.0122669
0.00370379 0.00540709 0.0121163
0.00361151 0.00527326 0.0119393
0.00351345 0.00515123 0.0117003
0.00342045 0.00501262 0.0114327
0.00333012 0.00486991 0.0111489
0.00323916 0.00473481 0.0108165
0.00315402 0.00459611 0.0104604
0.00307168 0.00446189 0.0100708
0.00299224 0.00433173 0.00964606
0.00291716 0.00420246 0.00919257
0.00284597 0.00407753 0.00870706
0.00277879 0.00395667 0.00819258
0.00271526 0.00384028 0.00765188
0.00265517 0.00372864 0.00708654
0.00259866 0.00362263 0.00650061
0.00254476 0.00352506 0.00590302
0.00249333 0.00343425 0.00528761
0.00244434 0.00334838 0.00466104
0.0023971 0.00326604 0.00402765
0.00235088 0.0031867 0.00339189
0.00230503 0.00311023 0.00275792
0.00225884 0.0030359 0.00213019
0.00221163 0.00296228 0.00151359
0.00216263 0.00288809 0.000912963
0.00211127 0.00281256 0.000332671
0.00205707 0.00273514 -0.000223337
0.00199963 0.00265515 -0.000751339
0.00193867 0.00257168 -0.00124779
0.001874 0.00248404 -0.00170953
0.00180551 0.0023919 -0.00213405
0.00173334 0.00229516 -0.00251942
0.00165773 0.0021938 -0.00286424
0.00157915 0.0020878 -0.00316763
0.00149853 0.00197765 -0.00342934
0.00141594 0.00186401 -0.00364988
0.00133216 0.00174727 -0.00382961
0.00125013 0.00163891 -0.00397502
0.00116983 0.00153815 -0.00409358
0.00109099 0.00143887 -0.00417589
0.00101337 0.00134154 -0.00422509
0.000939567 0.00124554 -0.00424144
0.000870452 0.00115305 -0.00424006
0.000806104 0.00106727 -0.00423702
0.000747221 0.000988692 -0.00423252
0.000694914 0.000917485 -0.00422678
0.000650136 0.00085402 -0.00421992
0.000613518 0.00079958 -0.00421219
0.000585878 0.000755603 -0.00420388
0.000568301 0.000722719 -0.00419528
0.000561677 0.000701209 -0.00418659
0.000562258 0.000691608 -0.00417797
0.000564071 0.000691659 -0.00416957
0.000567251 0.000693196 -0.0041613
0.000571984 0.000696138 -0.00415343
0.000578357 0.000700564 -0.00414606
0.000586379 0.000706496 -0.00413923
0.000596042 0.000713919 -0.0041329
0.000607325 0.000722751 -0.00412697
0.000620185 0.0007329 -0.00412133
0.000634514 0.000744305 -0.00411584
0.000650211 0.000756887 -0.00411035
0.000667164 0.000770536 -0.00410466
0.000685236 0.000785128 -0.00409852
0.00070432 0.000800521 -0.0040917
0.000724315 0.000816585 -0.00408397
0.000745125 0.000833187 -0.00407509
0.000766661 0.000850182 -0.00406482
0.000788811 0.000867441 -0.00405296
0.000811471 0.000884835 -0.0040393
0.000834523 0.000902265 -0.00402369
0.000857868 0.000919638 -0.00400601
0.000877833 0.000936134 -0.00398567
0.00126543 0.00094883 -0.00396137
0.00210264 0.000959955 -0.00393444
0.00299974 0.000970911 -0.00390649
0.0038101 0.000981029 -0.00382315
0.00450123 0.00098921 -0.00310317
0.00522217 0.000997605 -0.00245546
0.00603927 0.00100488 -0.00179273
0.00685257 0.00101125 -0.00115702
0.00759049 0.00101893 -0.000571263
0.00832807 0.00102658 1.50394e-05
0.00913644 0.00103339 0.000645246
0.00995514 0.00126021 0.00126013
0.0107013 0.00169229 0.00176895
0.011418 0.00223346 0.00219431
0.0121835 0.00277829 0.00260324
0.0130181 0.00327231 0.0030539
0.013884 0.00372555 0.00355465
0.0147587 0.00421128 0.00406048
0.0156465 0.00476858 0.00452305
0.0165635 0.00538471 0.00493381
0.0175141 0.00602165 0.00532224
0.0184977 0.00665498 0.00572663
0.0195166 0.00729255 0.00615764
0.0205689 0.00796334 0.00659137
0.0216377 0.00869013 0.0069979
0.0227009 0.00947586 0.00736952
0.0237565 0.0103052 0.00772667
0.0248103 0.0111653 0.00809427
0.0258616 0.0120571 0.00848103
0.0269023 0.0129922 0.00887711
0.0279249 0.0139782 0.00927224
0.0289281 0.0150122 0.00967015
0.0299133 0.0160842 0.0100874
0.030881 0.0171853 0.0105419
0.031831 0.0183115 0.0110429
0.0327663 0.0194621 0.0115913
0.0337773 0.020614 0.0121964
0.0348114 0.0217658 0.0128678
0.0358183 0.0229216 0.0136132
0.036774 0.0241045 0.0144228
0.0377064 0.0253152 0.0153007
0.0386274 0.0265381 0.0162557
0.0395235 0.0277666 0.0172899
0.0403783 0.0290006 0.0184045
0.0411953 0.0302327 0.019607
0.0419824 0.0314521 0.0209082
0.0427332 0.0326593 0.0223075
0.0434397 0.0338567 0.0238005
0.0441051 0.0350435 0.0253853
0.0447351 0.0362179 0.0270624
0.0453294 0.0373808 0.0288297
0.0458855 0.0385343 0.0306828
0.0464058 0.0396792 0.0326164
0.046894 0.0408164 0.0346253
0.0473519 0.0419481 0.0367031
0.0477804 0.0430769 0.0388431
0.0481831 0.0442047 0.0410389
0.048565 0.0453327 0.0432836
0.0489298 0.0464626 0.0455692
0.0492818 0.0476021 0.0478864
0.0496408 0.0488417 0.0501789
0.0500024 0.0501043 0.0524587
0.0503542 0.0513924 0.0547281
0.0507017 0.0526758 0.0570095
0.0510559 0.0539479 0.0593074
0.0514287 0.055224 0.0616123
0.0518111 0.056529 0.0638949
0.0521935 0.0578689 0.0661387
0.0525888 0.0592271 0.0683479
0.0530102 0.0605861 0.0705356
0.0534566 0.0619468 0.072704
0.0539211 0.0633231 0.0748394
0.0544023 0.0647241 0.0769268
0.054904 0.066147 0.0789599
0.0554284 0.0675833 0.0809418
0.0559751 0.0690274 0.0828784
0.0565434 0.070479 0.0847714
0.0571326 0.0719412 0.0866161
0.0577402 0.0734162 0.0884057
0.0583641 0.0749021 0.0901379
0.0590033 0.0763936 0.0918168
0.0596572 0.0778857 0.0934485
0.0603239 0.079376 0.0950362
0.0610005 0.0808642 0.0965792
0.0616846 0.082349 0.0980765
0.0623746 0.0838266 0.0995301
0.0630691 0.0852919 0.100945
0.0637659 0.0867406 0.102327
0.0644623 0.0881696 0.103681
0.0651553 0.0895772 0.105007
0.0658418 0.0909616 0.106308
0.0665195 0.0923196 0.107586
0.0671875 0.0936475 0.108846
0.0678452 0.0949407 0.110092
0.0684801 0.0961921 0.111331
