0.0025 1.3785e-05
0.0125 1.37864e-05
0.0225 1.37908e-05
0.035 1.37904e-05
0.045 1.37768e-05
0.055 1.37411e-05
0.065 1.36738e-05
0.075 1.3566e-05
0.085 1.341e-05
0.095 1.32e-05
0.105 1.2934e-05
0.115 1.26146e-05
0.125 1.22505e-05
0.135 1.18573e-05
0.145 1.14584e-05
0.155 1.1086e-05
0.165 1.07813e-05
0.175 1.05951e-05
0.185 1.05876e-05
0.195 1.08275e-05
0.205 1.1394e-05
0.215 1.23758e-05
0.225 1.38678e-05
0.235 1.59727e-05
0.245 1.87995e-05
0.255 2.24617e-05
0.265 2.70776e-05
0.275 3.27684e-05
0.285 3.96568e-05
0.295 4.78651e-05
0.305 5.75135e-05
0.315 6.87174e-05
0.325 8.15871e-05
0.335 9.62214e-05
0.345 0.000112706
0.355 0.00013112
0.365 0.000151529
0.375 0.00017399
0.385 0.000198545
0.395 0.000225221
0.405 0.000254039
0.415 0.000285005
0.425 0.000318119
0.435 0.000353365
0.445 0.000390711
0.455 0.000430114
0.465 0.000471516
0.475 0.000514853
0.485 0.00056005
0.495 0.00060702
0.5075 0.000668081
0.52 0.000731564
0.5325 0.00079726
0.545 0.000864938
0.5575 0.000934335
0.57 0.00100515
0.5825 0.00107704
0.595 0.00114965
0.6075 0.00122256
0.62 0.00129527
0.6325 0.0013671
0.645 0.00143716
0.6575 0.00150436
0.67 0.0015674
0.6825 0.00162482
0.695 0.00167503
0.7075 0.00171643
0.72 0.00174746
0.7325 0.00176667
0.745 0.00177282
0.7575 0.00176492
0.77 0.00174234
0.7825 0.00170478
0.795 0.00165234
0.8075 0.0015855
0.82 0.00150508
0.8325 0.0014122
0.845 0.00130829
0.8575 0.00119504
0.87 0.0010744
0.8825 0.000948483
0.895 0.000819558
0.9075 0.000689978
0.92 0.000562134
0.9325 0.000438391
0.945 0.000321034
0.9575 0.0002122
0.97 0.00011383
0.9825 2.75675e-05
0.995 -4.52559e-05
1.005 -9.31741e-05
1.0175 -0.000139626
1.03 -0.000170903
1.0425 -0.000187117
1.055 -0.000188756
1.0675 -0.000176676
1.08 -0.000152108
1.0925 -0.000116634
1.105 -7.21724e-05
1.1175 -2.09468e-05
1.13 3.45463e-05
1.1425 9.15352e-05
1.155 0.000147183
1.1675 0.000198558
1.18 0.000242773
1.1925 0.000277036
1.205 0.000298769
1.2175 0.00030565
1.23 0.00029567
1.2425 0.000267156
1.255 0.000218803
1.2675 0.00014972
1.28 5.94926e-05
1.2925 -5.17834e-05
1.305 -0.000183504
1.3175 -0.00033456
1.33 -0.000503344
1.3425 -0.000687884
1.355 -0.000885827
1.3675 -0.00109464
1.38 -0.00131168
1.3925 -0.00153435
1.405 -0.00176021
1.4175 -0.00198712
1.43 -0.00221328
1.4425 -0.0024373
1.455 -0.00265819
1.4675 -0.00287535
1.48 -0.00308857
1.4925 -0.00329799
1.505 -0.00350405
1.5175 -0.00370741
1.53 -0.00390889
1.5425 -0.00410935
1.555 -0.00430966
1.5675 -0.00451051
1.58 -0.00471232
1.5925 -0.00491512
1.605 -0.00511843
1.6175 -0.00532118
1.63 -0.00552164
1.6425 -0.00571735
1.655 -0.0059052
1.6675 -0.00608149
1.68 -0.00624207
1.6925 -0.00638253
1.705 -0.00649841
1.7175 -0.0065854
1.73 -0.00663953
1.7425 -0.00665753
1.755 -0.00663629
1.7675 -0.00657496
1.78 -0.0064728
1.7925 -0.00633037
1.805 -0.00614879
1.8175 -0.0059304
1.83 -0.0056784
1.8425 -0.00539689
1.855 -0.00509071
1.8675 -0.00476536
1.88 -0.00442683
1.8925 -0.00408164
1.905 -0.0037365
1.9175 -0.00339819
1.93 -0.00307334
1.9425 -0.00276821
1.955 -0.00248854
1.9675 -0.00223929
1.98 -0.00202453
1.9925 -0.00184735
2.0025 -0.00173405
2.0125 -0.00164663
2.0225 -0.00158515
2.0325 -0.00154921
2.0425 -0.00153797
2.0525 -0.00155018
2.0625 -0.00158416
2.0725 -0.00163791
2.0825 -0.00170911
2.0925 -0.00179519
2.1025 -0.00189338
2.1125 -0.00200076
2.1225 -0.00211438
2.1325 -0.00223127
2.1425 -0.00234858
2.1525 -0.00246356
2.1625 -0.00257362
2.1725 -0.00267638
2.1825 -0.00276969
2.1925 -0.00285164
2.2025 -0.00292058
2.2125 -0.00297516
2.2225 -0.0030143
2.2325 -0.00303722
2.2425 -0.00304342
2.2525 -0.00303267
2.2625 -0.00300495
2.2725 -0.00296046
2.2825 -0.00289956
2.2925 -0.00282273
2.3025 -0.00273064
2.3125 -0.0026235
2.3225 -0.00250189
2.3325 -0.00236605
2.3425 -0.00221623
2.3525 -0.00205249
2.3625 -0.00187473
2.3725 -0.00168273
2.3825 -0.00147609
2.3925 -0.00125442
2.4025 -0.00101704
2.4125 -0.000763273
2.4225 -0.000492515
2.4325 -0.00020418
2.4425 0.000102204
2.4525 0.000427016
2.4625 0.00077051
2.4725 0.00113252
2.4825 0.00151268
2.4925 0.00191036
2.5025 0.00232457
2.5125 0.00275399
2.5225 0.00319695
2.5325 0.00365139
2.5425 0.00411494
2.5525 0.00458489
2.5625 0.0050582
2.5725 0.00553081
2.5825 0.00599867
2.5925 0.00646226
2.6025 0.00691541
2.6125 0.007356
2.6225 0.00778053
2.6325 0.00819306
2.6425 0.00858311
2.6525 0.00894771
2.6625 0.00929097
2.6725 0.00960908
2.6825 0.00990016
2.6925 0.0101615
2.7025 0.010391
2.7125 0.0105881
2.7225 0.0107518
2.7325 0.0108805
2.7425 0.0109724
2.7525 0.011026
2.7625 0.0110404
2.7725 0.0110156
2.7825 0.010952
2.7925 0.0108493
2.8025 0.0107079
2.8125 0.0105289
2.8225 0.0103142
2.8325 0.0100659
2.8425 0.00978666
2.8525 0.00947912
2.8625 0.00914654
2.8725 0.00879264
2.8825 0.00842146
2.8925 0.00803713
2.9025 0.00764386
2.9125 0.00724596
2.9225 0.00684779
2.9325 0.00645369
2.9425 0.00606811
2.9525 0.00569525
2.9625 0.0053391
2.9725 0.00500335
2.9825 0.00469135
2.9925 0.00440579
3.0025 0.00414763
3.0125 0.00392068
3.0225 0.00372555
3.0325 0.00356251
3.0425 0.00343121
3.0525 0.00333105
3.0625 0.00326126
3.0725 0.00322046
3.0825 0.0032066
3.0925 0.00321738
3.1025 0.0032503
3.1125 0.0033027
3.1225 0.00337178
3.1325 0.00345461
3.1425 0.00354818
3.1525 0.00364954
3.1625 0.00375589
3.1725 0.00386446
3.1825 0.00397284
3.1925 0.00407877
3.2025 0.00418025
3.2125 0.00427562
3.2225 0.00436357
3.2325 0.0044431
3.2425 0.0045135
3.2525 0.00457431
3.2625 0.00462538
3.2725 0.00466679
3.2825 0.00469882
3.2925 0.00472193
3.3025 0.00473665
3.3125 0.00474356
3.3225 0.00474327
3.3325 0.00473629
3.3425 0.00472308
3.3525 0.0047039
3.3625 0.00467883
3.3725 0.00464785
3.3825 0.00461104
3.3925 0.00456609
3.4025 0.00451309
3.4125 0.00445059
3.4225 0.00437763
3.4325 0.00429304
3.4425 0.00419564
3.4525 0.00408439
3.4625 0.00395832
3.4725 0.00381667
3.4825 0.0036589
3.4925 0.00348471
3.5025 0.00329404
3.5125 0.00308725
3.5225 0.0028644
3.5325 0.00262553
3.5425 0.00237332
3.5525 0.00210842
3.5625 0.00183212
3.5725 0.00154619
3.5825 0.00125282
3.5925 0.000954738
3.6025 0.000654665
3.6125 0.000355375
3.6225 5.97798e-05
3.6325 -0.000229013
3.6425 -0.000507785
3.6525 -0.000773397
3.6625 -0.00102291
3.6725 -0.00125364
3.6825 -0.00146308
3.6925 -0.00164899
3.7025 -0.00180946
3.7125 -0.00194296
3.7225 -0.00204841
3.7325 -0.00212515
3.7425 -0.00217296
3.7525 -0.00219202
3.7625 -0.00218307
3.7725 -0.00214718
3.7825 -0.00208575
3.7925 -0.00200071
3.8025 -0.0018943
3.8125 -0.00176908
3.8225 -0.00162788
3.8325 -0.00147376
3.8425 -0.00130996
3.8525 -0.00113985
3.8625 -0.000966831
3.8725 -0.000794248
3.8825 -0.000625364
3.8925 -0.000463298
3.9025 -0.000310974
3.9125 -0.00017107
3.9225 -4.59806e-05
3.9325 6.22135e-05
3.9425 0.000151756
3.9525 0.000221223
3.9625 0.000269531
3.9725 0.000295931
3.9825 0.000299999
3.9925 0.000281621
4.0025 0.000240961
4.0125 0.000178443
4.0225 9.47178e-05
4.0325 -9.35852e-06
4.0425 -0.000132755
4.0525 -0.000274291
4.0625 -0.000432673
4.0725 -0.000606518
4.0825 -0.000794385
4.0925 -0.000994794
4.1025 -0.00120625
4.1125 -0.00142726
4.1225 -0.00165636
4.1325 -0.00189207
4.1425 -0.00213299
4.1525 -0.00237769
4.1625 -0.00262482
4.1725 -0.00287302
4.1825 -0.00312179
4.1925 -0.00337024
4.2025 -0.00361613
4.2125 -0.00385995
4.2225 -0.00410076
4.2325 -0.00433775
4.2425 -0.00456991
4.2525 -0.00479626
4.2625 -0.00501593
4.2725 -0.00522783
4.2825 -0.00543059
4.2925 -0.00562258
4.3025 -0.0058021
4.3125 -0.00596744
4.3225 -0.00611686
4.3325 -0.00624852
4.3425 -0.00636052
4.3525 -0.00645095
4.3625 -0.00651799
4.3725 -0.00655996
4.3825 -0.00657531
4.3925 -0.00656269
4.4025 -0.00652113
4.4125 -0.00644995
4.4225 -0.00634878
4.4325 -0.00621784
4.4425 -0.00605778
4.4525 -0.00586973
4.4625 -0.00565521
4.4725 -0.00541613
4.4825 -0.00515479
4.4925 -0.00487383
4.5025 -0.00457615
4.5125 -0.00426482
4.5225 -0.00394307
4.5325 -0.00361422
4.5425 -0.00328163
4.5525 -0.00294863
4.5625 -0.00261844
4.5725 -0.00229413
4.5825 -0.00197857
4.5925 -0.00167437
4.6025 -0.00138386
4.6125 -0.00110906
4.6225 -0.000851669
4.6325 -0.000613076
4.6425 -0.000394389
4.6525 -0.000195622
4.6625 -1.76509e-05
4.6725 0.00013845
4.6825 0.000273587
4.6925 0.000387945
4.7025 0.00048196
4.7125 0.000555904
4.7225 0.000610195
4.7325 0.000645429
4.7425 0.000662213
4.7525 0.000661112
4.7625 0.000642512
4.7725 0.000606682
4.7825 0.000553949
4.7925 0.000484627
4.8025 0.000398965
4.8125 0.000297104
4.8225 0.000179155
4.8325 4.52105e-05
4.8425 -0.000104662
4.8525 -0.00026985
4.8625 -0.000449933
4.8725 -0.000644165
4.8825 -0.000851466
4.8925 -0.00107038
4.9025 -0.00129906
4.9125 -0.00153527
4.9225 -0.00177638
4.9325 -0.00201974
4.9425 -0.00226204
4.9525 -0.00249736
4.9625 -0.00272244
4.9725 -0.00293203
4.9825 -0.0031218
4.9925 -0.00328692
5.0025 -0.00342283
5.0125 -0.00352515
5.0225 -0.0035898
5.0325 -0.00361321
5.0425 -0.00359229
5.0525 -0.00352447
5.0625 -0.00340796
5.0725 -0.00324134
5.0825 -0.00302409
5.0925 -0.00275642
5.1025 -0.0024393
5.1125 -0.00207444
5.1225 -0.0016642
5.1325 -0.00121163
5.1425 -0.00072045
5.1525 -0.000194965
5.1625 0.000359976
5.1725 0.000939866
5.1825 0.00154259
5.1925 0.00215727
5.2025 0.00278096
5.2125 0.00340913
5.2225 0.00403616
5.2325 0.00465665
5.2425 0.00526506
5.2525 0.00585691
5.2625 0.0064282
5.2725 0.00697519
5.2825 0.00749424
5.2925 0.0079821
5.3025 0.00843624
5.3125 0.00885489
5.3225 0.00923681
5.3325 0.0095812
5.3425 0.00988767
5.3525 0.0101564
5.3625 0.0103883
5.3725 0.0105846
5.3825 0.010747
5.3925 0.0108775
5.4025 0.0109781
5.4125 0.0110536
5.4225 0.0111063
5.4325 0.0111326
5.4425 0.0111388
5.4525 0.0111507
5.4625 0.0112814
5.4725 0.0109442
5.4825 0.0107739
5.4925 0.0105536
5.5025 0.0101591
5.5125 0.00982197
5.5225 0.00942324
5.5325 0.00898427
5.5425 0.00854064
5.5525 0.00808232
5.5625 0.00763092
5.5725 0.00719164
5.5825 0.00675611
5.5925 0.00634036
5.6025 0.0059594
5.6125 0.00560702
5.6225 0.0052815
5.6325 0.00498965
5.6425 0.00473375
5.6525 0.00451715
5.6625 0.00433918
5.6725 0.00419887
5.6825 0.00409593
5.6925 0.00402856
5.7025 0.00399437
5.7125 0.00399123
5.7225 0.00401599
5.7325 0.00406534
5.7425 0.00413548
5.7525 0.00422227
5.7625 0.00432167
5.7725 0.00442946
5.7825 0.00454133
5.7925 0.00465318
5.8025 0.00476153
5.8125 0.00486248
5.8225 0.00495305
5.8325 0.00503069
5.8425 0.00509341
5.8525 0.00513987
5.8625 0.00516942
5.8725 0.00518194
5.8825 0.00517786
5.8925 0.0051581
5.9025 0.00512387
5.9125 0.00507673
5.9225 0.00501846
5.9325 0.00495101
5.9425 0.00487639
5.9525 0.00479666
5.9625 0.00471386
5.9725 0.00463006
5.9825 0.0045467
5.9925 0.00446626
6.0025 0.00439027
6.0125 0.0043171
6.0225 0.00424985
6.0325 0.00418876
6.0425 0.00413378
6.0525 0.00408622
6.0625 0.00404604
6.0725 0.00401277
6.0825 0.00398626
6.0925 0.00396593
6.1025 0.00395081
6.1125 0.00394009
6.1225 0.00393236
6.1325 0.00392596
6.1425 0.00391916
6.1525 0.00390985
6.1625 0.003895
6.1725 0.00387286
6.1825 0.00384448
6.1925 0.00379911
6.2025 0.00373771
6.2125 0.0036549
6.2225 0.00355015
6.2325 0.00342214
6.2425 0.00326953
6.2525 0.00309218
6.2625 0.00289048
6.2725 0.00266534
6.2825 0.00241844
6.2925 0.00215201
6.3025 0.00186851
6.3125 0.00157173
6.3225 0.00126533
6.3325 0.00095322
6.3425 0.000640467
6.3525 0.000331694
6.3625 3.19137e-05
6.3725 -0.000254007
6.3825 -0.000521293
6.3925 -0.000765408
6.4025 -0.000982142
6.4125 -0.00116766
6.4225 -0.00131865
6.4325 -0.00143243
6.4425 -0.00150698
6.4525 -0.00154101
6.4625 -0.00153401
6.4725 -0.00148651
6.4825 -0.00139952
6.4925 -0.00127503
6.5025 -0.00111594
6.5125 -0.000925884
6.5225 -0.000709067
6.5325 -0.000470469
6.5425 -0.000215039
6.5525 5.17214e-05
6.5625 0.000323227
6.5725 0.000594044
6.5825 0.00085831
6.5925 0.0011103
6.6025 0.00134482
6.6125 0.00155843
6.6225 0.00174552
6.6325 0.00190247
6.6425 0.00202772
6.6525 0.00211921
6.6625 0.00217598
6.6725 0.00219771
6.6825 0.0021856
6.6925 0.00214156
6.7025 0.00206829
6.7125 0.00196913
6.7225 0.00184807
6.7325 0.00170882
6.7425 0.00155619
6.7525 0.00139627
6.7625 0.00123344
6.7725 0.00107231
6.7825 0.000917627
6.7925 0.000773898
6.8025 0.000645286
6.8125 0.000535277
6.8225 0.000446663
6.8325 0.000381599
6.8425 0.00034161
6.8525 0.00032751
6.8625 0.000339239
6.8725 0.000375911
6.8825 0.000436007
6.8925 0.000517252
6.9025 0.000616782
6.9125 0.000731218
6.9225 0.000856762
6.9325 0.000989312
6.9425 0.00112458
6.9525 0.00125824
6.9625 0.00138591
6.9725 0.00150398
6.9825 0.00160935
6.9925 0.00169764
7.0025 0.00176699
7.0125 0.00181507
7.0225 0.00184019
7.0325 0.00184123
7.0425 0.00181787
7.0525 0.00177056
7.0625 0.00170021
7.0725 0.00160844
7.0825 0.00149733
7.0925 0.00136887
7.1025 0.00122663
7.1125 0.00107302
7.1225 0.000910569
7.1325 0.00074235
7.1425 0.000571154
7.1525 0.000400192
7.1625 0.000232362
7.1725 7.01355e-05
7.1825 -8.42867e-05
7.1925 -0.000229129
7.2025 -0.000362508
7.2125 -0.000483243
7.2225 -0.000590568
7.2325 -0.000684219
7.2425 -0.000764461
7.2525 -0.000832095
7.2625 -0.000888076
7.2725 -0.000933736
7.2825 -0.000970938
7.2925 -0.00100172
7.3025 -0.0010284
7.3125 -0.00105345
7.3225 -0.00107943
7.3325 -0.00110896
7.3425 -0.00114457
7.3525 -0.00118868
7.3625 -0.00124349
7.3725 -0.00131092
7.3825 -0.00139252
7.3925 -0.00148946
7.4025 -0.00160264
7.4125 -0.00173257
7.4225 -0.00187881
7.4325 -0.00204104
7.4425 -0.00221831
7.4525 -0.00240922
7.4625 -0.00261199
7.4725 -0.00282443
7.4825 -0.0030441
7.4925 -0.0032683
7.5025 -0.00349401
7.5125 -0.00371804
7.5225 -0.00393713
7.5325 -0.00414796
7.5425 -0.00434731
7.5525 -0.00453201
7.5625 -0.00469905
7.5725 -0.00484564
7.5825 -0.00496925
7.5925 -0.0050677
7.6025 -0.00513917
7.6125 -0.00518227
7.6225 -0.00519606
7.6325 -0.00518008
7.6425 -0.00513447
7.6525 -0.00505976
7.6625 -0.00495706
7.6725 -0.00482798
7.6825 -0.00467461
7.6925 -0.00449943
7.7025 -0.00430526
7.7125 -0.0040952
7.7225 -0.00387256
7.7325 -0.00364072
7.7425 -0.00340311
7.7525 -0.00316303
7.7625 -0.00292364
7.7725 -0.00268787
7.7825 -0.00245835
7.7925 -0.00223735
7.8025 -0.00202676
7.8125 -0.00182809
7.8225 -0.00164248
7.8325 -0.00147071
7.8425 -0.0013132
7.8525 -0.00117008
7.8625 -0.00104119
7.8725 -0.000926184
7.8825 -0.000824542
7.8925 -0.000735656
7.9025 -0.00065887
7.9125 -0.000593507
7.9225 -0.000538881
7.9325 -0.000494314
7.9425 -0.00045915
7.9525 -0.00043278
7.9625 -0.000414665
7.9725 -0.000404351
7.9825 -0.000401478
7.9925 -0.000405785
8.0025 -0.000417106
8.015 -0.000441032
8.0275 -0.000475905
8.04 -0.000522011
8.0525 -0.000579796
8.065 -0.000649817
8.0775 -0.000732696
8.09 -0.000829046
8.1025 -0.000939394
8.115 -0.00106407
8.1275 -0.00120304
8.14 -0.00135582
8.1525 -0.0015213
8.165 -0.00169773
8.1775 -0.0018826
8.19 -0.00207274
8.2025 -0.00226436
8.215 -0.00245321
8.2275 -0.00263469
8.24 -0.00280391
8.2525 -0.00295574
8.265 -0.00308485
8.2775 -0.00318579
8.29 -0.00325318
8.3025 -0.00328216
8.315 -0.00326737
8.3275 -0.00320303
8.34 -0.00308057
8.3525 -0.00291035
8.365 -0.00268997
8.3775 -0.00242059
8.39 -0.00210548
8.4025 -0.00174832
8.415 -0.00135386
8.4275 -0.000926426
8.44 -0.000471704
8.4525 4.537e-06
8.465 0.00049639
8.4775 0.000999695
8.49 0.00150887
8.5025 0.00201609
8.515 0.00251881
8.5275 0.00301219
8.54 0.00349126
8.5525 0.00395212
8.565 0.00439158
8.5775 0.00480666
8.59 0.0051941
8.6025 0.00555106
8.615 0.00587529
8.6275 0.00616472
8.64 0.0064171
8.6525 0.0066302
8.665 0.00680214
8.6775 0.00693116
8.69 0.00701529
8.7025 0.00705604
8.715 0.00705241
8.7275 0.00700547
8.74 0.00691659
8.7525 0.00678729
8.765 0.00662013
8.7775 0.00641782
8.79 0.00618392
8.8025 0.00592252
8.815 0.00563828
8.8275 0.00533641
8.84 0.00502244
8.8525 0.00470229
8.865 0.00438215
8.8775 0.00406837
8.89 0.00376692
8.9025 0.00348263
8.915 0.0032234
8.9275 0.00299421
8.94 0.00279964
8.9525 0.00264444
8.965 0.00253323
8.9775 0.00247005
8.99 0.00245808
9.0025 0.00250657
9.015 0.00261576
9.0275 0.00277227
9.04 0.00298171
9.0525 0.00324012
9.065 0.00354749
9.0775 0.00389848
9.09 0.00429008
9.1025 0.00471711
9.115 0.0051773
9.1275 0.00566531
9.14 0.00617563
9.1525 0.00670328
9.165 0.00724304
9.1775 0.00778898
9.19 0.00832868
9.2025 0.00885248
9.215 0.00937534
9.2275 0.00988083
9.24 0.0103636
9.2525 0.0108206
9.265 0.011242
9.2775 0.0116236
9.29 0.0119591
9.3025 0.0122428
9.315 0.0124701
9.3275 0.0126358
9.34 0.0127369
9.3525 0.0127702
9.365 0.0127337
9.3775 0.0126275
9.39 0.0124506
9.4025 0.0122038
9.415 0.0118901
9.4275 0.0115142
9.44 0.0110819
9.4525 0.0105998
9.465 0.0100757
9.4775 0.00951862
9.49 0.00893778
9.5025 0.00834247
9.515 0.00774203
9.5275 0.0071457
9.54 0.00656223
9.5525 0.00599865
9.565 0.00545887
9.5775 0.00495297
9.59 0.0044839
9.6025 0.00405378
9.615 0.00366413
9.6275 0.00331688
9.64 0.00301292
9.6525 0.0027516
9.665 0.00253178
9.6775 0.0023524
9.69 0.00221229
9.7025 0.00210974
9.715 0.00204281
9.7275 0.00200975
9.74 0.00200898
9.7525 0.00203911
9.765 0.00209848
9.7775 0.00218537
9.79 0.00229816
9.8025 0.00243512
9.815 0.00259419
9.8275 0.00277296
9.84 0.00296884
9.8525 0.0031789
9.865 0.00340027
9.8775 0.00363086
9.89 0.00386451
9.9025 0.00409965
9.915 0.00433118
9.9275 0.00455624
9.94 0.00477081
9.9525 0.00497071
9.965 0.00515244
9.9775 0.0053121
9.99 0.00544552
10.0025 0.0055444
10.015 0.00561388
10.0275 0.00564492
10.04 0.00562878
10.0525 0.00555743
10.065 0.00542909
10.0775 0.00524097
10.09 0.00498679
10.1025 0.00466543
10.115 0.00427548
10.1275 0.00381765
10.14 0.00329358
10.1525 0.00270515
10.165 0.00205245
10.1775 0.00134526
10.19 0.000585394
10.2025 -0.000221379
10.215 -0.00106933
10.2275 -0.00195498
10.24 -0.00287023
10.2525 -0.00380985
10.265 -0.00476525
10.2775 -0.00572841
10.29 -0.00669026
10.3025 -0.00764187
10.315 -0.00857724
10.3275 -0.00949258
10.34 -0.0103699
10.3525 -0.0112153
10.365 -0.0120194
10.3775 -0.0127754
10.39 -0.0134766
10.4025 -0.0141196
10.415 -0.0147
10.4275 -0.015215
10.44 -0.0156567
10.4525 -0.0160223
10.465 -0.0163103
10.4775 -0.0165183
10.49 -0.0166431
10.5025 -0.0166824
10.515 -0.0166374
10.5275 -0.0165101
10.54 -0.0163016
10.5525 -0.0160154
10.565 -0.0156566
10.5775 -0.0152315
10.59 -0.014747
10.6025 -0.0142105
10.615 -0.0136307
10.6275 -0.0130166
10.64 -0.012377
10.6525 -0.0117206
10.665 -0.0110557
10.6775 -0.0103897
10.69 -0.00972955
10.7025 -0.00907921
10.715 -0.00844195
10.7275 -0.00781726
10.74 -0.00720671
10.7525 -0.00660799
10.765 -0.00602203
10.7775 -0.00544613
10.79 -0.00487671
10.8025 -0.00431112
10.815 -0.00374819
10.8275 -0.00318667
10.84 -0.00262498
10.8525 -0.00206121
10.865 -0.00149058
10.8775 -0.000934605
10.89 -0.000387487
10.9025 0.000142135
10.915 0.000650053
10.9275 0.00113079
10.94 0.00157816
10.9525 0.0019873
10.965 0.00235115
10.9775 0.00266478
10.99 0.00293131
11.0025 0.00314226
11.015 0.00329904
11.0275 0.00339927
11.04 0.00344094
11.0525 0.00342522
11.065 0.00335256
11.0775 0.00322414
11.09 0.00304288
11.1025 0.00281217
11.115 0.00253653
11.1275 0.00222127
11.14 0.00187259
11.1525 0.00149751
11.165 0.00110347
11.1775 0.00069835
11.19 0.000290338
11.2025 -0.000112856
11.215 -0.000507248
11.2275 -0.00087981
11.24 -0.00122513
11.2525 -0.00153821
11.265 -0.00181404
11.2775 -0.00204589
11.29 -0.00222813
11.3025 -0.00235651
11.315 -0.0024276
11.3275 -0.00243737
11.34 -0.00238227
11.3525 -0.00226061
11.365 -0.00207135
11.3775 -0.00181463
11.39 -0.00149168
11.4025 -0.0011051
11.415 -0.000658095
11.4275 -0.000153936
11.44 0.000402576
11.4525 0.00100368
11.465 0.00164721
11.4775 0.00232501
11.49 0.0030301
11.5025 0.00375671
11.515 0.00449763
11.5275 0.0052455
11.54 0.00599255
11.5525 0.00673143
11.565 0.00745534
11.5775 0.0081571
11.59 0.00882982
11.6025 0.00946715
11.615 0.0100632
11.6275 0.0106128
11.64 0.0111108
11.6525 0.011553
11.665 0.0119341
11.6775 0.011902
11.69 0.0113708
11.7025 0.0119646
11.715 0.0122769
11.7275 0.0122502
11.74 0.0125682
11.7525 0.0127176
11.765 0.0128286
11.7775 0.0130591
11.79 0.0132238
11.8025 0.0134054
11.815 0.0136573
11.8275 0.0139198
11.84 0.0142288
11.8525 0.0145979
11.865 0.0150025
11.8775 0.0154503
11.89 0.0159543
11.9025 0.0164974
11.915 0.0170761
11.9275 0.0176999
11.94 0.0183638
11.9525 0.0190599
11.965 0.0197844
11.9775 0.0205335
11.99 0.0213912
12.0025 0.0223359
12.015 0.0231608
12.0275 0.023976
12.04 0.0249343
12.0525 0.025953
12.065 0.0269292
12.0775 0.0278661
12.09 0.028999
12.1025 0.030109
12.115 0.0311491
12.1275 0.0322523
12.14 0.0333978
12.1525 0.0345253
12.165 0.0357158
12.1775 0.0369512
12.19 0.0381621
12.2025 0.0393796
12.215 0.040642
12.2275 0.0419225
12.24 0.0431989
12.2525 0.0444442
12.265 0.0457323
12.2775 0.0471505
12.29 0.0486241
12.3025 0.0500542
12.315 0.0514553
12.3275 0.0528953
12.34 0.054386
12.3525 0.0558688
12.365 0.0573141
12.3775 0.0587372
12.39 0.0601568
12.4025 0.061561
12.415 0.0629246
12.4275 0.0642322
12.44 0.0654847
12.4525 0.0666851
12.465 0.0678246
12.4775 0.0688877
12.49 0.0698644
12.5025 0.0707521
12.515 0.0715497
12.5275 0.0722515
12.54 0.0728492
12.5525 0.0733368
12.565 0.0737139
12.5775 0.073982
12.59 0.0741402
12.6025 0.0741864
12.615 0.0741234
12.6275 0.0739571
12.64 0.0736942
12.6525 0.0733411
12.665 0.0729043
12.6775 0.0723927
12.69 0.0718166
12.7025 0.0711886
12.715 0.0705197
12.7275 0.0698087
12.74 0.0690713
12.7525 0.0683195
12.765 0.0675577
12.7775 0.0667958
12.79 0.0660436
12.8025 0.065307
12.815 0.0645925
12.8275 0.0639078
12.84 0.0632559
12.8525 0.0626387
12.865 0.0620588
12.8775 0.0615157
12.89 0.061008
12.9025 0.0605335
12.915 0.0600872
12.9275 0.0596659
12.94 0.0592659
12.9525 0.0588822
12.965 0.0585105
12.9775 0.0581475
12.99 0.0577901
13.0025 0.0574362
13.015 0.0570844
13.0275 0.0567338
13.04 0.0563849
13.0525 0.0560392
13.065 0.0556988
13.0775 0.0553671
13.09 0.0550476
13.1025 0.0547446
13.115 0.0544641
13.1275 0.0542131
13.14 0.0539984
13.1525 0.0538266
13.165 0.0537052
13.1775 0.0536425
13.19 0.053646
13.2025 0.053722
13.215 0.0538758
13.2275 0.0541125
13.24 0.0544366
13.2525 0.0548514
13.265 0.0553589
13.2775 0.0559602
13.29 0.0566538
13.3025 0.0574373
13.315 0.0583069
13.3275 0.0592567
13.34 0.0602794
13.3525 0.0613669
13.365 0.0625099
13.3775 0.0636988
13.39 0.0649239
13.4025 0.0661711
13.415 0.0674232
13.4275 0.068682
13.44 0.0699377
13.4525 0.0711759
13.465 0.0723898
13.4775 0.0735717
13.49 0.0747122
13.5025 0.0758075
13.515 0.0768536
13.5275 0.0778451
13.54 0.0787797
13.5525 0.0796573
13.565 0.0804778
13.5775 0.0812421
13.59 0.0819523
13.6025 0.0826112
13.615 0.0832225
13.6275 0.0837915
13.64 0.0843227
13.6525 0.0848226
13.665 0.0853036
13.6775 0.0857529
13.69 0.0861733
13.7025 0.0865793
13.715 0.0869647
13.7275 0.0873295
13.74 0.0876807
13.7525 0.0880178
13.765 0.0883387
13.7775 0.088646
13.79 0.0889342
13.8025 0.0892047
13.815 0.089456
13.8275 0.0896804
13.84 0.0898811
13.8525 0.0900537
13.865 0.0901917
13.8775 0.090292
13.89 0.0903505
13.9025 0.0903606
13.915 0.0903175
13.9275 0.0902159
13.94 0.0900498
13.9525 0.0898141
13.965 0.0895046
13.9775 0.0891172
13.99 0.0886492
14.0025 0.0880989
14.015 0.0874665
14.0275 0.0867539
14.04 0.0859637
14.0525 0.0851004
14.065 0.0841696
14.0775 0.083178
14.09 0.0821331
14.1025 0.0810434
14.115 0.079918
14.1275 0.0787665
14.14 0.0775986
14.1525 0.0764245
14.165 0.0752538
14.1775 0.0740963
14.19 0.072961
14.2025 0.0718563
14.215 0.0707917
14.2275 0.069778
14.24 0.0688086
14.2525 0.0678874
14.265 0.0670228
14.2775 0.0662144
14.29 0.0654615
14.3025 0.0647654
14.315 0.0641245
14.3275 0.0635378
14.34 0.0630059
14.3525 0.0625261
14.365 0.0620949
14.3775 0.0617105
14.39 0.0613712
14.4025 0.0610736
14.415 0.0608141
14.4275 0.0605895
14.44 0.0603975
14.4525 0.0602366
14.465 0.0601063
14.4775 0.0600058
14.49 0.0599348
14.5025 0.0598964
14.515 0.059894
14.5275 0.0599295
14.54 0.0600075
14.5525 0.0601336
14.565 0.0603129
14.5775 0.060551
14.59 0.0608544
14.6025 0.0612289
14.615 0.0616801
14.6275 0.0622138
14.64 0.0628346
14.6525 0.0635469
14.665 0.0643545
14.6775 0.0652589
14.69 0.0662602
14.7025 0.0673571
14.715 0.0685467
14.7275 0.0698234
14.74 0.0711802
14.7525 0.0726082
14.765 0.0740978
14.7775 0.0756344
14.79 0.0772011
14.8025 0.0787955
14.815 0.0804003
14.8275 0.081998
14.84 0.0835777
14.8525 0.0851228
14.865 0.0866149
14.8775 0.0880415
14.89 0.0893896
14.9025 0.0906453
14.915 0.0917969
14.9275 0.0928349
14.94 0.0937512
14.9525 0.0945406
14.965 0.0951992
14.9775 0.0957246
14.99 0.096117
15.0025 0.0963783
15.015 0.0965127
15.0275 0.0965269
15.04 0.0964289
15.0525 0.096228
15.065 0.0959358
15.0775 0.0955641
15.09 0.0951277
15.1025 0.0946382
15.115 0.0941022
15.1275 0.0935356
15.14 0.092948
15.1525 0.092349
15.165 0.0917528
15.1775 0.0911568
15.19 0.0905675
15.2025 0.0899961
15.215 0.0894403
15.2275 0.0889073
15.24 0.088395
15.2525 0.0879016
15.265 0.0874263
15.2775 0.086965
15.29 0.0865118
15.3025 0.0860616
15.315 0.0856084
15.3275 0.0851456
15.34 0.0846669
15.3525 0.084166
15.365 0.0836373
15.3775 0.0830764
15.39 0.0824796
15.4025 0.0818443
15.415 0.0811696
15.4275 0.0804561
15.44 0.0797058
15.4525 0.078922
15.465 0.0781095
15.4775 0.0772742
15.49 0.0764233
15.5025 0.0755647
15.515 0.0747071
15.5275 0.0738599
15.54 0.0730323
15.5525 0.0722349
15.565 0.0714822
15.5775 0.0707705
15.59 0.0701064
15.6025 0.0695036
15.615 0.0689648
15.6275 0.0684905
15.64 0.0680882
15.6525 0.0677615
15.665 0.0675107
15.6775 0.0673376
15.69 0.067241
15.7025 0.0672177
15.715 0.067265
15.7275 0.067378
15.74 0.0675488
15.7525 0.0677693
15.765 0.0680302
15.7775 0.0683208
15.79 0.0686347
15.8025 0.06896
15.815 0.0692848
15.8275 0.0696006
15.84 0.0698969
15.8525 0.0701623
15.865 0.0703876
15.8775 0.0705646
15.89 0.0706859
15.9025 0.0707453
15.915 0.0707375
15.9275 0.0706589
15.94 0.0705079
15.9525 0.070284
15.965 0.0699878
15.9775 0.0696211
15.99 0.069188
16.0025 0.0686937
16.0125 0.0682582
16.0225 0.0677912
16.0325 0.0672965
16.0425 0.0667784
16.0525 0.0662412
16.0625 0.0656891
16.0725 0.0651263
16.0825 0.0645568
16.0925 0.0639845
16.1025 0.0634129
16.1125 0.0628452
16.1225 0.0622842
16.1325 0.0617325
16.1425 0.0611919
16.1525 0.0606638
16.1625 0.0601493
16.1725 0.0596488
16.1825 0.0591623
16.1925 0.0586893
16.2025 0.0582286
16.2125 0.0577789
16.2225 0.057338
16.2325 0.0569033
16.2425 0.056472
16.2525 0.056041
16.2625 0.0556067
16.2725 0.0551655
16.2825 0.0547139
16.2925 0.0542481
16.3025 0.0537647
16.3125 0.0532602
16.3225 0.0527315
16.3325 0.0521756
16.3425 0.05159
16.3525 0.0509724
16.3625 0.0503213
16.3725 0.0496352
16.3825 0.0489136
16.3925 0.0481562
16.4025 0.0473634
16.4125 0.0465343
16.4225 0.0456719
16.4325 0.0447829
16.4425 0.0438672
16.4525 0.0429243
16.4625 0.0419607
16.4725 0.0409816
16.4825 0.0399897
16.4925 0.0389893
16.5025 0.0379867
16.5125 0.0369869
16.5225 0.035996
16.5325 0.0350227
16.5425 0.0340639
16.5525 0.0331213
16.5625 0.0322033
16.5725 0.0313161
16.5825 0.0304601
16.5925 0.0296357
16.6025 0.0288477
16.6125 0.0280999
16.6225 0.0273941
16.6325 0.0267321
16.6425 0.0261155
16.6525 0.0255447
16.6625 0.025019
16.6725 0.0245384
16.6825 0.0241028
16.6925 0.0237104
16.7025 0.023358
16.7125 0.0230425
16.7225 0.0227605
16.7325 0.022508
16.7425 0.0222812
16.7525 0.0220754
16.7625 0.021886
16.7725 0.0217078
16.7825 0.0215353
16.7925 0.0213587
16.8025 0.0211719
16.8125 0.0209851
16.8225 0.0207968
16.8325 0.0205925
16.8425 0.0203719
16.8525 0.0201378
16.8625 0.0198873
16.8725 0.0196162
16.8825 0.0193224
16.8925 0.0190069
16.9025 0.0186694
16.9125 0.0183071
16.9225 0.0179181
16.9325 0.0175035
16.9425 0.0170638
16.9525 0.0165993
16.9625 0.0161101
16.9725 0.015597
16.9825 0.0150615
16.9925 0.0145081
17.0025 0.0139375
17.0125 0.0133501
17.0225 0.0127498
17.0325 0.0121403
17.0425 0.0115251
17.0525 0.0109077
17.0625 0.0102956
17.0725 0.00969141
17.0825 0.00909256
17.0925 0.00850367
17.1025 0.00793112
17.1125 0.00737785
17.1225 0.00684445
17.1325 0.00633376
17.1425 0.0058505
17.1525 0.00539741
17.1625 0.00497542
17.1725 0.00458639
17.1825 0.00423349
17.1925 0.00391907
17.2025 0.00364359
17.2125 0.00340778
17.2225 0.00321301
17.2325 0.00305992
17.2425 0.0029485
17.2525 0.00287874
17.2625 0.00285026
17.2725 0.00286267
17.2825 0.00291498
17.2925 0.0030053
17.3025 0.00313214
17.3125 0.00329351
17.3225 0.00348654
17.3325 0.00370813
17.3425 0.0039553
17.3525 0.00422479
17.3625 0.00451285
17.3725 0.00481579
17.3825 0.00512986
17.3925 0.00545122
17.4025 0.00577876
17.4125 0.00611541
17.4225 0.00645006
17.4325 0.00677698
17.4425 0.00709414
17.4525 0.00740421
17.4625 0.00770616
17.4725 0.00799729
17.4825 0.00827734
17.4925 0.00854561
17.5025 0.00879999
17.5125 0.0090395
17.5225 0.00926489
17.5325 0.00947675
17.5425 0.00967448
17.5525 0.00985595
17.5625 0.010021
17.5725 0.0101711
17.5825 0.0103061
17.5925 0.010426
17.6025 0.0105317
17.6125 0.0106235
17.6225 0.010701
17.6325 0.0107648
17.6425 0.0108164
17.6525 0.0108572
17.6625 0.0108876
17.6725 0.010908
17.6825 0.010919
17.6925 0.0109214
17.7025 0.0109159
17.7125 0.0109033
17.7225 0.010884
17.7325 0.0108579
17.7425 0.0108252
17.7525 0.0107859
17.7625 0.0107401
17.7725 0.0106869
17.7825 0.0106255
17.7925 0.0105554
17.8025 0.0104776
17.8125 0.0103959
17.8225 0.0103018
17.8325 0.0101883
17.8425 0.0100612
17.8525 0.00991871
17.8625 0.00975482
17.8725 0.0095691
17.8825 0.00936178
17.8925 0.00912802
17.9025 0.00884886
17.9125 0.00854591
17.9225 0.00822104
17.9325 0.00786238
17.9425 0.0074796
17.9525 0.00706901
17.9625 0.00663059
17.9725 0.00616762
17.9825 0.00567944
17.9925 0.00516836
18.0025 0.00463642
18.0125 0.00408533
18.0225 0.00351793
18.0325 0.0029368
18.0425 0.0023449
18.0525 0.00174545
18.0625 0.00114172
18.0725 0.000537275
18.0825 -6.42614e-05
18.0925 -0.000659252
18.1025 -0.0012441
18.1125 -0.0018153
18.1225 -0.00236945
18.1325 -0.00290333
18.1425 -0.00341393
18.1525 -0.00389856
18.1625 -0.00435485
18.1725 -0.00478074
18.1825 -0.00517459
18.1925 -0.00553512
18.2025 -0.00586148
18.2125 -0.00615334
18.2225 -0.00641072
18.2325 -0.00663379
18.2425 -0.006824
18.2525 -0.00698234
18.2625 -0.00710815
18.2725 -0.00720411
18.2825 -0.00727154
18.2925 -0.0073123
18.3025 -0.00732875
18.3125 -0.00732262
18.3225 -0.00729642
18.3325 -0.00725274
18.3425 -0.00719404
18.3525 -0.00712269
18.3625 -0.0070409
18.3725 -0.0069508
18.3825 -0.00685441
18.3925 -0.00675347
18.4025 -0.00664899
18.4125 -0.00654213
18.4225 -0.00643375
18.4325 -0.006324
18.4425 -0.0062128
18.4525 -0.00609966
18.4625 -0.00598369
18.4725 -0.00586365
18.4825 -0.00573798
18.4925 -0.00560489
18.5025 -0.00546243
18.5125 -0.0053085
18.5225 -0.00514092
18.5325 -0.00495753
18.5425 -0.00475625
18.5525 -0.00453518
18.5625 -0.00429262
18.5725 -0.00402718
18.5825 -0.00373777
18.5925 -0.00342322
18.6025 -0.00307621
18.6125 -0.00270864
18.6225 -0.00232867
18.6325 -0.00192924
18.6425 -0.00151398
18.6525 -0.00108849
18.6625 -0.000651799
18.6725 -0.000211726
18.6825 0.000217274
18.6925 0.000648478
18.7025 0.00109291
18.7125 0.00154258
18.7225 0.00198866
18.7325 0.00243589
18.7425 0.00289039
18.7525 0.00334698
18.7625 0.00379967
18.7725 0.00424968
18.7825 0.00470325
18.7925 0.00516151
18.8025 0.00562087
18.8125 0.00608025
18.8225 0.0065417
18.8325 0.00700755
18.8425 0.00747922
18.8525 0.00795775
18.8625 0.0084441
18.8725 0.00894013
18.8825 0.00944835
18.8925 0.00997156
18.9025 0.0105135
18.9125 0.011078
18.9225 0.0116682
18.9325 0.0122874
18.9425 0.0129393
18.9525 0.0136286
18.9625 0.0143591
18.9725 0.0151357
18.9825 0.0159637
18.9925 0.0168384
19.0025 0.0177606
19.0125 0.0187394
19.0225 0.0197758
19.0325 0.0208673
19.0425 0.0220153
19.0525 0.0232226
19.0625 0.0244897
19.0725 0.0258147
19.0825 0.0271967
19.0925 0.0286354
19.1025 0.030129
19.1125 0.0316746
19.1225 0.0332696
19.1325 0.0349114
19.1425 0.0365968
19.1525 0.0383216
19.1625 0.040082
19.1725 0.0418739
19.1825 0.043693
19.1925 0.0455346
19.2025 0.0473944
19.2125 0.0492688
19.2225 0.0511529
19.2325 0.0530376
19.2425 0.0549218
19.2525 0.0568061
19.2625 0.0586856
19.2725 0.0605558
19.2825 0.0624129
19.2925 0.0642551
19.3025 0.0660792
19.3125 0.0678814
19.3225 0.0696597
19.3325 0.071413
19.3425 0.0731394
19.3525 0.0748365
19.3625 0.0765027
19.3725 0.0781376
19.3825 0.0797409
19.3925 0.081312
19.4025 0.0828507
19.4125 0.0843571
19.4225 0.0858316
19.4325 0.0872748
19.4425 0.0886876
19.4525 0.0900713
19.4625 0.0914269
19.4725 0.0927554
19.4825 0.0940582
19.4925 0.0953366
19.5025 0.0965922
19.5125 0.0978261
19.5225 0.0990397
19.5325 0.100234
19.5425 0.101416
