0.0025 1.38959e-05
0.0125 1.38957e-05
0.0225 1.38949e-05
0.035 1.38949e-05
0.045 1.38968e-05
0.055 1.3902e-05
0.065 1.39121e-05
0.075 1.39283e-05
0.085 1.39519e-05
0.095 1.39834e-05
0.105 1.4023e-05
0.115 1.40702e-05
0.125 1.41231e-05
0.135 1.41792e-05
0.145 1.42346e-05
0.155 1.42841e-05
0.165 1.4321e-05
0.175 1.43377e-05
0.185 1.43247e-05
0.195 1.42717e-05
0.205 1.4167e-05
0.215 1.3998e-05
0.225 1.37512e-05
0.235 1.34128e-05
0.245 1.29683e-05
0.255 1.24034e-05
0.265 1.17041e-05
0.275 1.08568e-05
0.285 9.84867e-06
0.295 8.6682e-06
0.305 7.30516e-06
0.315 5.75103e-06
0.325 3.99913e-06
0.335 2.04486e-06
0.345 -1.14222e-07
0.355 -2.47849e-06
0.365 -5.0462e-06
0.375 -7.81349e-06
0.385 -1.07743e-05
0.395 -1.39204e-05
0.405 -1.72416e-05
0.415 -2.07252e-05
0.425 -2.43596e-05
0.435 -2.81311e-05
0.445 -3.20246e-05
0.455 -3.60234e-05
0.465 -4.01091e-05
0.475 -4.42618e-05
0.485 -4.84604e-05
0.495 -5.2683e-05
0.5075 -5.79609e-05
0.52 -6.31959e-05
0.5325 -6.83414e-05
0.545 -7.33484e-05
0.5575 -7.81657e-05
0.57 -8.27415e-05
0.5825 -8.70275e-05
0.595 -9.09855e-05
0.6075 -9.45891e-05
0.62 -9.78228e-05
0.6325 -0.000100679
0.645 -0.000103153
0.6575 -0.000105248
0.67 -0.000106973
0.6825 -0.000108347
0.695 -0.000109398
0.7075 -0.000110159
0.72 -0.000110671
0.7325 -0.000110979
0.745 -0.000111142
0.7575 -0.000111239
0.77 -0.000111379
0.7825 -0.000111714
0.795 -0.000112429
0.8075 -0.000113736
0.82 -0.000115862
0.8325 -0.000119047
0.845 -0.000123525
0.8575 -0.000129499
0.87 -0.000137114
0.8825 -0.000146428
0.895 -0.000157377
0.9075 -0.000169755
0.92 -0.000183217
0.9325 -0.000197274
0.945 -0.000211299
0.9575 -0.00022453
0.97 -0.000236108
0.9825 -0.000245135
0.995 -0.000250737
1.005 -0.000252221
1.0175 -0.000249775
1.03 -0.000242095
1.0425 -0.000228912
1.055 -0.0002102
1.0675 -0.00018619
1.08 -0.000157361
1.0925 -0.00012442
1.105 -8.8271e-05
1.1175 -4.99287e-05
1.13 -1.04343e-05
1.1425 2.92103e-05
1.155 6.79978e-05
1.1675 0.000104985
1.18 0.000139279
1.1925 0.000170074
1.205 0.000196682
1.2175 0.000218569
1.23 0.000235381
1.2425 0.000246985
1.255 0.000253477
1.2675 0.000255179
1.28 0.000252604
1.2925 0.000246413
1.305 0.000237356
1.3175 0.000226202
1.33 0.000213691
1.3425 0.000200483
1.355 0.000187124
1.3675 0.000174032
1.38 0.000161515
1.3925 0.000149765
1.405 0.000138808
1.4175 0.000128455
1.43 0.000118319
1.4425 0.000107861
1.455 9.64477e-05
1.4675 8.34026e-05
1.48 6.80382e-05
1.4925 4.97009e-05
1.505 2.78172e-05
1.5175 1.94169e-06
1.53 -2.82106e-05
1.5425 -6.26828e-05
1.555 -0.000101242
1.5675 -0.000143386
1.58 -0.000188306
1.5925 -0.000234931
1.605 -0.00028195
1.6175 -0.000327888
1.63 -0.000371115
1.6425 -0.000409812
1.655 -0.000442008
1.6675 -0.000465643
1.68 -0.000478712
1.6925 -0.000479391
1.705 -0.000466138
1.7175 -0.000437752
1.73 -0.000393436
1.7425 -0.000332809
1.755 -0.000255913
1.7675 -0.00016324
1.78 -5.57854e-05
1.7925 6.49315e-05
1.805 0.000196941
1.8175 0.000337763
1.83 0.000484559
1.8425 0.000634222
1.855 0.000783443
1.8675 0.000928888
1.88 0.00106744
1.8925 0.00119637
1.905 0.00131353
1.9175 0.00141744
1.93 0.00150735
1.9425 0.0015832
1.955 0.00164561
1.9675 0.00169577
1.98 0.00173542
1.9925 0.0017667
2.0025 0.00178732
2.0125 0.00180544
2.0225 0.00182237
2.0325 0.00183935
2.0425 0.00185746
2.0525 0.00187752
2.0625 0.0019001
2.0725 0.00192543
2.0825 0.00195347
2.0925 0.00198381
2.1025 0.00201577
2.1125 0.00204834
2.1225 0.00208019
2.1325 0.00210976
2.1425 0.00213525
2.1525 0.00215467
2.1625 0.00216596
2.1725 0.00216709
2.1825 0.00215619
2.1925 0.00213164
2.2025 0.00209218
2.2125 0.0020369
2.2225 0.00196527
2.2325 0.00187714
2.2425 0.00177267
2.2525 0.00165237
2.2625 0.00151705
2.2725 0.00136789
2.2825 0.00120636
2.2925 0.00103425
2.3025 0.000853604
2.3125 0.000666708
2.3225 0.000476077
2.3325 0.000284382
2.3425 9.43795e-05
2.3525 -9.11454e-05
2.3625 -0.000269616
2.3725 -0.00043854
2.3825 -0.000595667
2.3925 -0.00073906
2.4025 -0.000867173
2.4125 -0.000978932
2.4225 -0.00107371
2.4325 -0.00115144
2.4425 -0.00121256
2.4525 -0.00125798
2.4625 -0.00128895
2.4725 -0.00130715
2.4825 -0.00131457
2.4925 -0.00131343
2.5025 -0.00130621
2.5125 -0.00129546
2.5225 -0.00128382
2.5325 -0.00127382
2.5425 -0.00126789
2.5525 -0.0012682
2.5625 -0.00127663
2.5725 -0.00129473
2.5825 -0.0013236
2.5925 -0.00136391
2.6025 -0.00141584
2.6125 -0.00147908
2.6225 -0.00155283
2.6325 -0.00163591
2.6425 -0.00172676
2.6525 -0.00182348
2.6625 -0.00192394
2.6725 -0.00202583
2.6825 -0.00212679
2.6925 -0.00222447
2.7025 -0.00231662
2.7125 -0.00240118
2.7225 -0.00247635
2.7325 -0.00254066
2.7425 -0.00259298
2.7525 -0.00263254
2.7625 -0.00265891
2.7725 -0.00267195
2.7825 -0.00267173
2.7925 -0.0026585
2.8025 -0.00263264
2.8125 -0.00259462
2.8225 -0.00254496
2.8325 -0.0024842
2.8425 -0.00241284
2.8525 -0.00233124
2.8625 -0.00223958
2.8725 -0.00213784
2.8825 -0.0020258
2.8925 -0.00190304
2.9025 -0.0017691
2.9125 -0.00162348
2.9225 -0.00146573
2.9325 -0.0012955
2.9425 -0.00111265
2.9525 -0.00091729
2.9625 -0.00070992
2.9725 -0.000491294
2.9825 -0.000262693
2.9925 -2.58926e-05
3.0025 0.000216905
3.0125 0.000462826
3.0225 0.000708646
3.0325 0.000950797
3.0425 0.00118542
3.0525 0.00140842
3.0625 0.00161553
3.0725 0.00180239
3.0825 0.00196464
3.0925 0.00209795
3.1025 0.00219827
3.1125 0.00226188
3.1225 0.00228545
3.1325 0.00226623
3.1425 0.00220208
3.1525 0.00209164
3.1625 0.00193441
3.1725 0.00173086
3.1825 0.00148254
3.1925 0.00119202
3.2025 0.000862964
3.2125 0.000499986
3.2225 0.000108628
3.2325 -0.000304762
3.2425 -0.000733067
3.2525 -0.00116895
3.2625 -0.00160455
3.2725 -0.00203182
3.2825 -0.00244276
3.2925 -0.00282955
3.3025 -0.00318471
3.3125 -0.00350133
3.3225 -0.00377323
3.3325 -0.00399522
3.3425 -0.00416317
3.3525 -0.0042742
3.3625 -0.00432666
3.3725 -0.0043202
3.3825 -0.0042557
3.3925 -0.00413529
3.4025 -0.0039622
3.4125 -0.00374075
3.4225 -0.00347621
3.4325 -0.00317464
3.4425 -0.00284275
3.4525 -0.00248769
3.4625 -0.00211689
3.4725 -0.0017378
3.4825 -0.00135777
3.4925 -0.000983847
3.5025 -0.000622592
3.5125 -0.000279854
3.5225 3.92822e-05
3.5325 0.000330639
3.5425 0.000591326
3.5525 0.000819657
3.5625 0.00101522
3.5725 0.00117879
3.5825 0.00131229
3.5925 0.0014185
3.6025 0.00150104
3.6125 0.0015644
3.6225 0.00161326
3.6325 0.00165258
3.6425 0.00168745
3.6525 0.00172293
3.6625 0.00176391
3.6725 0.00181491
3.6825 0.00187992
3.6925 0.00196226
3.7025 0.00206447
3.7125 0.00218823
3.7225 0.00233425
3.7325 0.00250227
3.7425 0.00269102
3.7525 0.00289831
3.7625 0.00312112
3.7725 0.00335566
3.7825 0.00359751
3.7925 0.00384175
3.8025 0.0040831
3.8125 0.00431614
3.8225 0.00453553
3.8325 0.00473616
3.8425 0.00491327
3.8525 0.00506259
3.8625 0.00518041
3.8725 0.00526371
3.8825 0.00531017
3.8925 0.00531834
3.9025 0.00528763
3.9125 0.00521842
3.9225 0.00511205
3.9325 0.00497081
3.9425 0.00479783
3.9525 0.00459696
3.9625 0.00437263
3.9725 0.00412968
3.9825 0.00387324
3.9925 0.00360857
4.0025 0.00334087
4.0125 0.00307515
4.0225 0.00281608
4.0325 0.00256788
4.0425 0.0023342
4.0525 0.002118
4.0625 0.00192157
4.0725 0.00174644
4.0825 0.00159344
4.0925 0.00146267
4.1025 0.0013536
4.1125 0.00126507
4.1225 0.00119536
4.1325 0.00114225
4.1425 0.00110316
4.1525 0.00107529
4.1625 0.00105575
4.1725 0.0010417
4.1825 0.00103049
4.1925 0.00101976
4.2025 0.00100752
4.2125 0.000992202
4.2225 0.000972707
4.2325 0.000948427
4.2425 0.000919281
4.2525 0.000885735
4.2625 0.00084879
4.2725 0.000809955
4.2825 0.00077118
4.2925 0.000734789
4.3025 0.000703392
4.3125 0.000679795
4.3225 0.0006669
4.3325 0.000667604
4.3425 0.000684679
4.3525 0.000720614
4.3625 0.000777483
4.3725 0.000856821
4.3825 0.000959539
4.3925 0.00108585
4.4025 0.00123523
4.4125 0.00140634
4.4225 0.00159704
4.4325 0.00180437
4.4425 0.00202461
4.4525 0.00225333
4.4625 0.00248551
4.4725 0.00271565
4.4825 0.00293792
4.4925 0.00314629
4.5025 0.00333461
4.5125 0.00349666
4.5225 0.00362649
4.5325 0.00371837
4.5425 0.00376698
4.5525 0.00376764
4.5625 0.00371645
4.5725 0.0036103
4.5825 0.00344712
4.5925 0.00322611
4.6025 0.00294751
4.6125 0.00261282
4.6225 0.00222466
4.6325 0.00178673
4.6425 0.00130375
4.6525 0.000781265
4.6625 0.000225506
4.6725 -0.000356824
4.6825 -0.000958543
4.6925 -0.0015727
4.7025 -0.00219223
4.7125 -0.00281029
4.7225 -0.00342051
4.7325 -0.00401712
4.7425 -0.00459501
4.7525 -0.00514973
4.7625 -0.00567752
4.7725 -0.00617533
4.7825 -0.00664089
4.7925 -0.0070727
4.8025 -0.00746999
4.8125 -0.00783606
4.8225 -0.00817063
4.8325 -0.00847013
4.8425 -0.00874205
4.8525 -0.00898728
4.8625 -0.00920651
4.8725 -0.00940071
4.8825 -0.00956999
4.8925 -0.00971499
4.9025 -0.00984095
4.9125 -0.00994182
4.9225 -0.0100166
4.9325 -0.0100663
4.9425 -0.0100879
4.9525 -0.0100831
4.9625 -0.0100515
4.9725 -0.00999256
4.9825 -0.00990597
4.9925 -0.00979173
5.0025 -0.00965069
5.0125 -0.00948406
5.0225 -0.00929312
5.0325 -0.00907838
5.0425 -0.00884413
5.0525 -0.0085942
5.0625 -0.00832945
5.0725 -0.00805425
5.0825 -0.00777188
5.0925 -0.00748576
5.1025 -0.00720038
5.1125 -0.00691984
5.1225 -0.00664789
5.1325 -0.00638816
5.1425 -0.00614377
5.1525 -0.00591734
5.1625 -0.00571106
5.1725 -0.00552648
5.1825 -0.00536449
5.1925 -0.00522525
5.2025 -0.00510832
5.2125 -0.00501263
5.2225 -0.00493658
5.2325 -0.00487813
5.2425 -0.00483479
5.2525 -0.00480373
5.2625 -0.00478182
5.2725 -0.00476576
5.2825 -0.00475211
5.2925 -0.00473745
5.3025 -0.00471841
5.3125 -0.00469182
5.3225 -0.00465475
5.3325 -0.00460462
5.3425 -0.00453917
5.3525 -0.00445645
5.3625 -0.00435489
5.3725 -0.00423326
5.3825 -0.00409074
5.3925 -0.00392692
5.4025 -0.00374176
5.4125 -0.00353564
5.4225 -0.00330944
5.4325 -0.00306472
5.4425 -0.00280317
5.4525 -0.00252668
5.4625 -0.00223928
5.4725 -0.00194225
5.4825 -0.00163982
5.4925 -0.00133568
5.5025 -0.00103225
5.5125 -0.000733166
5.5225 -0.00044181
5.5325 -0.000161588
5.5425 0.00010468
5.5525 0.000354778
5.5625 0.000586864
5.5725 0.000799383
5.5825 0.000991444
5.5925 0.00116303
5.6025 0.00131491
5.6125 0.0014486
5.6225 0.00156622
5.6325 0.00167039
5.6425 0.00176426
5.6525 0.00185139
5.6625 0.0019356
5.6725 0.00202075
5.6825 0.00211058
5.6925 0.00220861
5.7025 0.00231814
5.7125 0.00244212
5.7225 0.00258298
5.7325 0.00274277
5.7425 0.00292295
5.7525 0.00312439
5.7625 0.0033473
5.7725 0.00359128
5.7825 0.00385766
5.7925 0.00414198
5.8025 0.00443657
5.8125 0.00474276
5.8225 0.00505343
5.8325 0.00536499
5.8425 0.00567351
5.8525 0.00597431
5.8625 0.00626406
5.8725 0.00653909
5.8825 0.00679499
5.8925 0.00703229
5.9025 0.00725178
5.9125 0.00744865
5.9225 0.00762198
5.9325 0.00777159
5.9425 0.00789823
5.9525 0.0080006
5.9625 0.00807852
5.9725 0.00813404
5.9825 0.00816792
5.9925 0.00818148
6.0025 0.0081761
6.0125 0.00815314
6.0225 0.00811475
6.0325 0.00806329
6.0425 0.00800053
6.0525 0.00792819
6.0625 0.00784757
6.0725 0.00775983
6.0825 0.0076659
6.0925 0.00756638
6.1025 0.00746138
6.1125 0.00735067
6.1225 0.00723377
6.1325 0.00710998
6.1425 0.00697831
6.1525 0.00683746
6.1625 0.00668586
6.1725 0.00652181
6.1825 0.0063436
6.1925 0.00614956
6.2025 0.00593813
6.2125 0.00570789
6.2225 0.00545763
6.2325 0.00518644
6.2425 0.00489381
6.2525 0.0045796
6.2625 0.00424419
6.2725 0.00388853
6.2825 0.00351417
6.2925 0.00312338
6.3025 0.00271901
6.3125 0.00230446
6.3225 0.0018835
6.3325 0.00146026
6.3425 0.00103911
6.3525 0.00062433
6.3625 0.000218573
6.3725 -0.000170869
6.3825 -0.000541379
6.3925 -0.000889648
6.4025 -0.00121205
6.4125 -0.00150533
6.4225 -0.0017665
6.4325 -0.00199356
6.4425 -0.00218526
6.4525 -0.00234283
6.4625 -0.00246255
6.4725 -0.00254368
6.4825 -0.00258833
6.4925 -0.00259614
6.5025 -0.00257038
6.5125 -0.00251372
6.5225 -0.00243015
6.5325 -0.00232381
6.5425 -0.00219981
6.5525 -0.00206369
6.5625 -0.00192114
6.5725 -0.00177794
6.5825 -0.00163989
6.5925 -0.00151262
6.6025 -0.00140139
6.6125 -0.0013109
6.6225 -0.00124511
6.6325 -0.00120757
6.6425 -0.00120138
6.6525 -0.00122849
6.6625 -0.00129082
6.6725 -0.001446
6.6825 -0.00158303
6.6925 -0.0016715
6.7025 -0.00180879
6.7125 -0.00192753
6.7225 -0.0020818
6.7325 -0.00224324
6.7425 -0.00241136
6.7525 -0.00258755
6.7625 -0.00277927
6.7725 -0.00298765
6.7825 -0.00321088
6.7925 -0.00344052
6.8025 -0.00368631
6.8125 -0.00394733
6.8225 -0.00422407
6.8325 -0.00451356
6.8425 -0.00481494
6.8525 -0.00512973
6.8625 -0.00545816
6.8725 -0.00579854
6.8825 -0.00614869
6.8925 -0.00650725
6.9025 -0.00687335
6.9125 -0.0072453
6.9225 -0.00762021
6.9325 -0.00799513
6.9425 -0.00836688
6.9525 -0.00873271
6.9625 -0.00908813
6.9725 -0.00943103
6.9825 -0.00975697
6.9925 -0.0100607
7.0025 -0.0103386
7.0125 -0.0105918
7.0225 -0.0108113
7.0325 -0.0109921
7.0425 -0.0111344
7.0525 -0.0112352
7.0625 -0.0112932
7.0725 -0.011306
7.0825 -0.0112713
7.0925 -0.0111892
7.1025 -0.01106
7.1125 -0.0108847
7.1225 -0.0106647
7.1325 -0.0104021
7.1425 -0.0101
7.1525 -0.00976216
7.1625 -0.00939306
7.1725 -0.00899756
7.1825 -0.0085809
7.1925 -0.00814859
7.2025 -0.00770644
7.2125 -0.00726029
7.2225 -0.00681591
7.2325 -0.00637883
7.2425 -0.00595438
7.2525 -0.00554772
7.2625 -0.00516389
7.2725 -0.00480732
7.2825 -0.00447995
7.2925 -0.00418603
7.3025 -0.0039292
7.3125 -0.00370934
7.3225 -0.00352895
7.3325 -0.00338872
7.3425 -0.00328886
7.3525 -0.00322839
7.3625 -0.00320527
7.3725 -0.00321716
7.3825 -0.00326137
7.3925 -0.00333439
7.4025 -0.00343216
7.4125 -0.00355004
7.4225 -0.00368318
7.4325 -0.00382678
7.4425 -0.00397539
7.4525 -0.00412408
7.4625 -0.00426796
7.4725 -0.00440225
7.4825 -0.00452248
7.4925 -0.00462457
7.5025 -0.004705
7.5125 -0.0047608
7.5225 -0.00478959
7.5325 -0.00478959
7.5425 -0.00475973
7.5525 -0.00469969
7.5625 -0.00460981
7.5725 -0.00449151
7.5825 -0.0043461
7.5925 -0.00417572
7.6025 -0.00398336
7.6125 -0.00377141
7.6225 -0.0035432
7.6325 -0.00330202
7.6425 -0.00305118
7.6525 -0.00279251
7.6625 -0.0025312
7.6725 -0.00226968
7.6825 -0.00200976
7.6925 -0.00175397
7.7025 -0.00150456
7.7125 -0.00126364
7.7225 -0.00103267
7.7325 -0.000812482
7.7425 -0.000603424
7.7525 -0.000406498
7.7625 -0.000223638
7.7725 -4.45592e-05
7.7825 0.000125108
7.7925 0.000291841
7.8025 0.000458171
7.8125 0.000626167
7.8225 0.000798853
7.8325 0.000979267
7.8425 0.0011705
7.8525 0.00137474
7.8625 0.00159408
7.8725 0.00183037
7.8825 0.0020848
7.8925 0.002358
7.9025 0.00265021
7.9125 0.00296121
7.9225 0.00329011
7.9325 0.00363533
7.9425 0.0039947
7.9525 0.00436541
7.9625 0.00474405
7.9725 0.00512663
7.9825 0.00550867
7.9925 0.00588528
8.0025 0.00625111
8.015 0.00668476
8.0275 0.00708184
8.04 0.00743157
8.0525 0.00772507
8.065 0.00795704
8.0775 0.00811406
8.09 0.00819636
8.1025 0.00820052
8.115 0.00812656
8.1275 0.00797506
8.14 0.00774958
8.1525 0.00745716
8.165 0.00710591
8.1775 0.00670527
8.19 0.00626644
8.2025 0.00580234
8.215 0.00532623
8.2275 0.00485096
8.24 0.00438896
8.2525 0.00395203
8.265 0.00355078
8.2775 0.00319395
8.29 0.00288834
8.3025 0.00263885
8.315 0.00244799
8.3275 0.002316
8.34 0.0022407
8.3525 0.00221801
8.365 0.00224219
8.3775 0.00230615
8.39 0.00240178
8.4025 0.0025203
8.415 0.00265273
8.4275 0.00279029
8.44 0.00292479
8.4525 0.00304899
8.465 0.00315701
8.4775 0.00324452
8.49 0.00330884
8.5025 0.00334897
8.515 0.00336552
8.5275 0.00336054
8.54 0.00333727
8.5525 0.00329985
8.565 0.00325298
8.5775 0.00320146
8.59 0.00314987
8.6025 0.00310212
8.615 0.00306118
8.6275 0.00302893
8.64 0.00300522
8.6525 0.00299032
8.665 0.00298134
8.6775 0.00297403
8.69 0.00296327
8.7025 0.00294643
8.715 0.00291854
8.7275 0.00287554
8.74 0.00281075
8.7525 0.00271806
8.765 0.00259134
8.7775 0.00242478
8.79 0.00221268
8.8025 0.00195099
8.815 0.00163713
8.8275 0.00127004
8.84 0.000850296
8.8525 0.000380511
8.865 -0.000138008
8.8775 -0.00069784
8.89 -0.00129247
8.9025 -0.00191632
8.915 -0.00256085
8.9275 -0.00321598
8.94 -0.00387201
8.9525 -0.0045196
8.965 -0.00514902
8.9775 -0.00575022
8.99 -0.00631375
9.0025 -0.00683159
9.015 -0.00729665
9.0275 -0.00770277
9.04 -0.00804495
9.0525 -0.00831965
9.065 -0.00852472
9.0775 -0.00865927
9.09 -0.0087238
9.1025 -0.00872071
9.115 -0.0086538
9.1275 -0.00852824
9.14 -0.00835063
9.1525 -0.00812832
9.165 -0.00786907
9.1775 -0.00758089
9.19 -0.00727189
9.2025 -0.00695003
9.215 -0.00662287
9.2275 -0.00629736
9.24 -0.0059796
9.2525 -0.00567481
9.265 -0.00538708
9.2775 -0.00511853
9.29 -0.00487018
9.3025 -0.00464097
9.315 -0.00442987
9.3275 -0.00423658
9.34 -0.00405954
9.3525 -0.00389642
9.365 -0.00374441
9.3775 -0.00360063
9.39 -0.00346166
9.4025 -0.00332358
9.415 -0.0031828
9.4275 -0.00303624
9.44 -0.00288142
9.4525 -0.00271623
9.465 -0.00254008
9.4775 -0.00235399
9.49 -0.00215887
9.5025 -0.0019573
9.515 -0.0017528
9.5275 -0.00154946
9.54 -0.00135141
9.5525 -0.00116402
9.565 -0.000992808
9.5775 -0.000843644
9.59 -0.000722192
9.6025 -0.000633993
9.615 -0.000583939
9.6275 -0.000575814
9.64 -0.00061242
9.6525 -0.000695776
9.665 -0.00082761
9.6775 -0.00100747
9.69 -0.00123449
9.7025 -0.00150582
9.715 -0.00181743
9.7275 -0.00216366
9.74 -0.00253856
9.7525 -0.00293377
9.765 -0.00334008
9.7775 -0.00374871
9.79 -0.00414946
9.8025 -0.00453162
9.815 -0.00488487
9.8275 -0.00519956
9.84 -0.00546663
9.8525 -0.00567784
9.865 -0.00582659
9.8775 -0.00590784
9.89 -0.00591841
9.9025 -0.00585696
9.915 -0.0057234
9.9275 -0.00551918
9.94 -0.00524747
9.9525 -0.00491261
9.965 -0.00452004
9.9775 -0.0040764
9.99 -0.00358923
10.0025 -0.00306696
10.015 -0.00251837
10.0275 -0.00194896
10.04 -0.00137028
10.0525 -0.000789598
10.065 -0.000212557
10.0775 0.000354004
10.09 0.000903095
10.1025 0.00142903
10.115 0.00192767
10.1275 0.00239505
10.14 0.00282738
10.1525 0.0032217
10.165 0.00357625
10.1775 0.00388979
10.19 0.00416118
10.2025 0.00438947
10.215 0.00457415
10.2275 0.00471503
10.24 0.00481209
10.2525 0.00486552
10.265 0.00487605
10.2775 0.00484498
10.29 0.00477366
10.3025 0.00466332
10.315 0.00451558
10.3275 0.00433463
10.34 0.00412182
10.3525 0.00388048
10.365 0.0036131
10.3775 0.00332269
10.39 0.00301296
10.4025 0.00268777
10.415 0.00235147
10.4275 0.00200897
10.44 0.00166542
10.4525 0.00132626
10.465 0.000997077
10.4775 0.000683383
10.49 0.000390387
10.5025 0.00012141
10.515 -0.000116343
10.5275 -0.000320613
10.54 -0.000487742
10.5525 -0.000614711
10.565 -0.000698865
10.5775 -0.000738983
10.59 -0.000734784
10.6025 -0.000686791
10.615 -0.000596099
10.6275 -0.000465273
10.64 -0.0002981
10.6525 -9.91841e-05
10.665 0.000126981
10.6775 0.000373834
10.69 0.000635011
10.7025 0.000905111
10.715 0.0011771
10.7275 0.00144418
10.74 0.00169894
10.7525 0.0019355
10.765 0.00214874
10.7775 0.00233408
10.79 0.00248678
10.8025 0.00260264
10.815 0.00267828
10.8275 0.00271118
10.84 0.00269975
10.8525 0.00264328
10.865 0.00254229
10.8775 0.00239809
10.89 0.00221305
10.9025 0.00199041
10.915 0.00173438
10.9275 0.00144971
10.94 0.00114174
10.9525 0.000816253
10.965 0.000479261
10.9775 0.000136856
10.99 -0.000207185
11.0025 -0.000545509
11.015 -0.000874323
11.0275 -0.00119081
11.04 -0.00149197
11.0525 -0.0017751
11.065 -0.00203871
11.0775 -0.00228229
11.09 -0.0025057
11.1025 -0.00270907
11.115 -0.00289319
11.1275 -0.00305958
11.14 -0.00320982
11.1525 -0.00334544
11.165 -0.00346786
11.1775 -0.00357842
11.19 -0.00367833
11.2025 -0.00376787
11.215 -0.00384636
11.2275 -0.00391197
11.24 -0.0039628
11.2525 -0.0039967
11.265 -0.00401052
11.2775 -0.00400097
11.29 -0.00396474
11.3025 -0.00389876
11.315 -0.00379992
11.3275 -0.00366539
11.34 -0.00349302
11.3525 -0.00328117
11.365 -0.00302868
11.3775 -0.00273523
11.39 -0.00240125
11.4025 -0.0020284
11.415 -0.00161914
11.4275 -0.00117725
11.44 -0.000706859
11.4525 -0.000212738
11.465 0.000296241
11.4775 0.000814852
11.49 0.00133519
11.5025 0.00184864
11.515 0.00234629
11.5275 0.00281975
11.54 0.00326052
11.5525 0.00366011
11.565 0.0040107
11.5775 0.00430552
11.59 0.00453898
11.6025 0.00470648
11.615 0.00480473
11.6275 0.00483197
11.64 0.00478837
11.6525 0.00467535
11.665 0.00449636
11.6775 0.00425653
11.69 0.00396077
11.7025 0.00361684
11.715 0.00323278
11.7275 0.00281753
11.74 0.00238002
11.7525 0.00192951
11.765 0.00147514
11.7775 0.00102562
11.79 0.000588908
11.8025 0.000169975
11.815 -0.000219934
11.8275 -0.000578144
11.84 -0.000899514
11.8525 -0.00117944
11.865 -0.00141396
11.8775 -0.00160168
11.89 -0.00174219
11.9025 -0.00183597
11.915 -0.00188436
11.9275 -0.00189025
11.94 -0.00185748
11.9525 -0.00179045
11.965 -0.001694
11.9775 -0.00157357
11.99 -0.00143459
12.0025 -0.00128215
12.015 -0.00112077
12.0275 -0.000954319
12.04 -0.000786227
12.0525 -0.000619449
12.065 -0.000455831
12.0775 -0.000297545
12.09 -0.000145504
12.1025 -3.356e-08
12.115 0.000138598
12.1275 0.000270497
12.14 0.000396228
12.1525 0.00051607
12.165 0.00063038
12.1775 0.000739228
12.19 0.000842426
12.2025 0.000939403
12.215 0.00102905
12.2275 0.00110969
12.24 0.00117918
12.2525 0.0012351
12.265 0.0012749
12.2775 0.00129597
12.29 0.00129574
12.3025 0.00127188
12.315 0.00122246
12.3275 0.00114618
12.34 0.00104239
12.3525 0.000911458
12.365 0.000754668
12.3775 0.000574257
12.39 0.000373246
12.4025 0.000155452
12.415 -7.46416e-05
12.4275 -0.000312131
12.44 -0.000553285
12.4525 -0.000790583
12.465 -0.00102032
12.4775 -0.0012375
12.49 -0.00143721
12.5025 -0.00161486
12.515 -0.00176708
12.5275 -0.00189138
12.54 -0.00198622
12.5525 -0.00205113
12.565 -0.00208704
12.5775 -0.00209632
12.59 -0.00208231
12.6025 -0.00204943
12.615 -0.00200304
12.6275 -0.00194917
12.64 -0.00189422
12.6525 -0.00184467
12.665 -0.00180691
12.6775 -0.00178686
12.69 -0.00178961
12.7025 -0.00181939
12.715 -0.00187909
12.7275 -0.00197021
12.74 -0.00209257
12.7525 -0.0022445
12.765 -0.00242244
12.7775 -0.00262085
12.79 -0.00283369
12.8025 -0.00305277
12.815 -0.0032708
12.8275 -0.00348073
12.84 -0.00367418
12.8525 -0.00384286
12.865 -0.00397915
12.8775 -0.00407636
12.89 -0.00412829
12.9025 -0.00412988
12.915 -0.00407782
12.9275 -0.00397073
12.94 -0.00380953
12.9525 -0.00359745
12.965 -0.00334016
12.9775 -0.00304582
12.99 -0.00272298
13.0025 -0.00238097
13.015 -0.0020306
13.0275 -0.00168263
13.04 -0.00134736
13.0525 -0.00103717
13.065 -0.000760346
13.0775 -0.00052636
13.09 -0.000343406
13.1025 -0.000218039
13.115 -0.000155116
13.1275 -0.0001567
13.14 -0.000222005
13.1525 -0.00035006
13.165 -0.000536249
13.1775 -0.000773493
13.19 -0.00105254
13.2025 -0.00136306
13.215 -0.00169576
13.2275 -0.00203504
13.24 -0.00237
13.2525 -0.00268877
13.265 -0.00297963
13.2775 -0.00323179
13.29 -0.00343662
13.3025 -0.00358669
13.315 -0.00367676
13.3275 -0.00370243
13.34 -0.00366167
13.3525 -0.00355476
13.365 -0.00338335
13.3775 -0.00315093
13.39 -0.00286244
13.4025 -0.00252462
13.415 -0.00214524
13.4275 -0.00173302
13.44 -0.00129621
13.4525 -0.000843159
13.465 -0.000385911
13.4775 6.9062e-05
13.49 0.000513248
13.5025 0.000938528
13.515 0.0013379
13.5275 0.0017062
13.54 0.0020394
13.5525 0.00233427
13.565 0.00258891
13.5775 0.00280319
13.59 0.00297841
13.6025 0.00311692
13.615 0.00322195
13.6275 0.0032962
13.64 0.00334583
13.6525 0.00337742
13.665 0.00339585
13.6775 0.00340676
13.69 0.00341399
13.7025 0.00342084
13.715 0.00342975
13.7275 0.00344146
13.74 0.00345583
13.7525 0.00347174
13.765 0.00348689
13.7775 0.00349817
13.79 0.00350195
13.8025 0.00349418
13.815 0.00347076
13.8275 0.00342764
13.84 0.0033614
13.8525 0.00326909
13.865 0.00314873
13.8775 0.00299948
13.89 0.00282176
13.9025 0.0026172
13.915 0.00238869
13.9275 0.00214032
13.94 0.00187718
13.9525 0.00160511
13.965 0.00133039
13.9775 0.00105951
13.99 0.000798923
14.0025 0.000554737
14.015 0.000332476
14.0275 0.00013674
14.04 -2.97499e-05
14.0525 -0.000162833
14.065 -0.000262351
14.0775 -0.000328187
14.09 -0.000361355
14.1025 -0.000363317
14.115 -0.000337239
14.1275 -0.000287049
14.14 -0.000217455
14.1525 -0.000133654
14.165 -4.1701e-05
14.1775 5.4059e-05
14.19 0.000150144
14.2025 0.00024285
14.215 0.000328782
14.2275 0.00040407
14.24 0.000466353
14.2525 0.000512906
14.265 0.000541522
14.2775 0.000550351
14.29 0.000538082
14.3025 0.000503804
14.315 0.000446884
14.3275 0.000367158
14.34 0.000265015
14.3525 0.000141226
14.365 -3.04423e-06
14.3775 -0.000166106
14.39 -0.000345765
14.4025 -0.000539513
14.415 -0.000745485
14.4275 -0.000960709
14.44 -0.00118214
14.4525 -0.00140791
14.465 -0.00163565
14.4775 -0.00186304
14.49 -0.00208828
14.5025 -0.0023104
14.515 -0.00252899
14.5275 -0.00274408
14.54 -0.0029563
14.5525 -0.00316689
14.565 -0.00337747
14.5775 -0.00358981
14.59 -0.00380567
14.6025 -0.00402683
14.615 -0.00425497
14.6275 -0.00449148
14.64 -0.00473754
14.6525 -0.00499404
14.665 -0.00526163
14.6775 -0.00554058
14.69 -0.00583059
14.7025 -0.00613079
14.715 -0.00644007
14.7275 -0.00675677
14.74 -0.00707865
14.7525 -0.00740285
14.765 -0.00737148
14.7775 -0.00761503
14.79 -0.00798581
14.8025 -0.00838164
14.815 -0.00884636
14.8275 -0.00920031
14.84 -0.0095704
14.8525 -0.00997665
14.865 -0.0103924
14.8775 -0.0107872
14.89 -0.0111564
14.9025 -0.0115269
14.915 -0.0118923
14.9275 -0.0122381
14.94 -0.0125683
14.9525 -0.0128871
14.965 -0.0131785
14.9775 -0.0134632
14.99 -0.0137223
15.0025 -0.0139603
15.015 -0.0141782
15.0275 -0.0143667
15.04 -0.0145226
15.0525 -0.014642
15.065 -0.0147275
15.0775 -0.0147743
15.09 -0.0147724
15.1025 -0.0147139
15.115 -0.0145923
15.1275 -0.0144049
15.14 -0.0141462
15.1525 -0.0138099
15.165 -0.0133924
15.1775 -0.0128925
15.19 -0.0123103
15.2025 -0.0116465
15.215 -0.0109037
15.2275 -0.0100867
15.24 -0.00920161
15.2525 -0.00825751
15.265 -0.00726352
15.2775 -0.00623262
15.29 -0.0051742
15.3025 -0.00409543
15.315 -0.00301669
15.3275 -0.00194561
15.34 -0.000894119
15.3525 0.00012556
15.365 0.00110627
15.3775 0.00203997
15.39 0.00291969
15.4025 0.00374719
15.415 0.00453157
15.4275 0.00523086
15.44 0.00586694
15.4525 0.00642895
15.465 0.0069139
15.4775 0.00731995
15.49 0.00765187
15.5025 0.00791032
15.515 0.00809564
15.5275 0.00820925
15.54 0.0082522
15.5525 0.0082266
15.565 0.00813612
15.5775 0.00798444
15.59 0.00777427
15.6025 0.00750983
15.615 0.00719398
15.6275 0.00683037
15.64 0.00642321
15.6525 0.00597672
15.665 0.00549606
15.6775 0.00498691
15.69 0.00445503
15.7025 0.0039068
15.715 0.00334924
15.7275 0.00278952
15.74 0.00223493
15.7525 0.00169289
15.765 0.00116617
15.7775 0.000667274
15.79 0.00019961
15.8025 -0.000232266
15.815 -0.000622733
15.8275 -0.000965053
15.84 -0.00125435
15.8525 -0.00148681
15.865 -0.0016585
15.8775 -0.00176524
15.89 -0.00180399
15.9025 -0.00177339
15.915 -0.00167356
15.9275 -0.00150482
15.94 -0.00126927
15.9525 -0.000970887
15.965 -0.000615196
15.9775 -0.000208888
15.99 0.000240644
16.0025 0.000725399
16.0125 0.00113057
16.0225 0.00154662
16.0325 0.00196795
16.0425 0.00238889
16.0525 0.00280357
16.0625 0.00320612
16.0725 0.00359144
16.0825 0.00395529
16.0925 0.00429214
16.1025 0.00459769
16.1125 0.00486719
16.1225 0.00509724
16.1325 0.00528536
16.1425 0.00543001
16.1525 0.00552997
16.1625 0.00558437
16.1725 0.00559263
16.1825 0.00555528
16.1925 0.00547259
16.2025 0.00534598
16.2125 0.00517703
16.2225 0.00496753
16.2325 0.00471977
16.2425 0.00443625
16.2525 0.00411973
16.2625 0.00377303
16.2725 0.003399
16.2825 0.00300061
16.2925 0.00258147
16.3025 0.00214573
16.3125 0.00169359
16.3225 0.00122804
16.3325 0.000755629
16.3425 0.000280563
16.3525 -0.000199663
16.3625 -0.00068446
16.3725 -0.00117404
16.3825 -0.00167187
16.3925 -0.00217778
16.4025 -0.0026892
16.4125 -0.00320514
16.4225 -0.00372635
16.4325 -0.00425442
16.4425 -0.00479105
16.4525 -0.00533668
16.4625 -0.00589069
16.4725 -0.00645265
16.4825 -0.00702285
16.4925 -0.00760196
16.5025 -0.00819029
16.5125 -0.00878726
16.5225 -0.00939147
16.5325 -0.010001
16.5425 -0.010614
16.5525 -0.0112285
16.5625 -0.0118421
16.5725 -0.0124517
16.5825 -0.013054
16.5925 -0.0136449
16.6025 -0.0142204
16.6125 -0.0147764
16.6225 -0.0153348
16.6325 -0.0158955
16.6425 -0.0163211
16.6525 -0.0167998
16.6625 -0.017266
16.6725 -0.0176775
16.6825 -0.0180713
16.6925 -0.0184139
16.7025 -0.0187022
16.7125 -0.0189531
16.7225 -0.0191618
16.7325 -0.0193228
16.7425 -0.019434
16.7525 -0.0194893
16.7625 -0.019484
16.7725 -0.0194238
16.7825 -0.0193144
16.7925 -0.0191563
16.8025 -0.0189494
16.8125 -0.0186927
16.8225 -0.0183928
16.8325 -0.0180575
16.8425 -0.0176921
16.8525 -0.0173014
16.8625 -0.0168915
16.8725 -0.0164684
16.8825 -0.0160375
16.8925 -0.015604
16.9025 -0.0151749
16.9125 -0.0147553
16.9225 -0.0143499
16.9325 -0.0139628
16.9425 -0.0135985
16.9525 -0.0132558
16.9625 -0.0129361
16.9725 -0.0126412
16.9825 -0.0123705
16.9925 -0.012124
17.0025 -0.0119001
17.0125 -0.0116952
17.0225 -0.0115056
17.0325 -0.0113273
17.0425 -0.0111563
17.0525 -0.0109891
17.0625 -0.0108213
17.0725 -0.0106474
17.0825 -0.0104627
17.0925 -0.0102628
17.1025 -0.0100439
17.1125 -0.00980176
17.1225 -0.00953366
17.1325 -0.00923764
17.1425 -0.00891133
17.1525 -0.00855319
17.1625 -0.00816297
17.1725 -0.00774109
17.1825 -0.00728935
17.1925 -0.00680926
17.2025 -0.0063025
17.2125 -0.00577287
17.2225 -0.0052236
17.2325 -0.00465847
17.2425 -0.00408254
17.2525 -0.00350083
17.2625 -0.00291788
17.2725 -0.00233973
17.2825 -0.00177079
17.2925 -0.0012145
17.3025 -0.000678238
17.3125 -0.000168052
17.3225 0.000312587
17.3325 0.000760948
17.3425 0.00117364
17.3525 0.00155004
17.3625 0.00188858
17.3725 0.00218536
17.3825 0.00244018
17.3925 0.00265612
17.4025 0.00285029
17.4125 0.00301037
17.4225 0.00313082
17.4325 0.00322505
17.4425 0.00329232
17.4525 0.00333574
17.4625 0.00335536
17.4725 0.00336509
17.4825 0.00336409
17.4925 0.00335984
17.5025 0.00335644
17.5125 0.00335219
17.5225 0.00329449
17.5325 0.00330801
17.5425 0.00333129
17.5525 0.00339044
17.5625 0.003464
17.5725 0.00353821
17.5825 0.00362704
17.5925 0.00374084
17.6025 0.0038766
17.6125 0.00402282
17.6225 0.00417457
17.6325 0.00433326
17.6425 0.00449924
17.6525 0.00466938
17.6625 0.00483558
17.6725 0.00499274
17.6825 0.00513871
17.6925 0.00527116
17.7025 0.00538705
17.7125 0.0054814
17.7225 0.00555036
17.7325 0.00559144
17.7425 0.00560282
17.7525 0.00558283
17.7625 0.00553028
17.7725 0.00544489
17.7825 0.00532688
17.7925 0.00517753
17.8025 0.00499891
17.8125 0.00479396
17.8225 0.00456611
17.8325 0.00431927
17.8425 0.00405759
17.8525 0.00378531
17.8625 0.00350796
17.8725 0.00323095
17.8825 0.00295966
17.8925 0.00269912
17.9025 0.00245397
17.9125 0.00222856
17.9225 0.00202679
17.9325 0.00185264
17.9425 0.00170889
17.9525 0.00159762
17.9625 0.00152048
17.9725 0.00147848
17.9825 0.00147185
17.9925 0.00149995
18.0025 0.00156164
18.0125 0.00165514
18.0225 0.00177788
18.0325 0.00192695
18.0425 0.00209885
18.0525 0.00228975
18.0625 0.00249499
18.0725 0.00270976
18.0825 0.00292916
18.0925 0.0031481
18.1025 0.00336134
18.1125 0.0035642
18.1225 0.00375283
18.1325 0.00392252
18.1425 0.0040697
18.1525 0.00419027
18.1625 0.00428108
18.1725 0.00434005
18.1825 0.00436615
18.1925 0.00435901
18.2025 0.00431837
18.2125 0.00424399
18.2225 0.00413611
18.2325 0.00399547
18.2425 0.00382336
18.2525 0.00362144
18.2625 0.00339137
18.2725 0.00313535
18.2825 0.00285587
18.2925 0.00255553
18.3025 0.00223713
18.3125 0.00190369
18.3225 0.00155854
18.3325 0.00120507
18.3425 0.000845639
18.3525 0.00048279
18.3625 0.000119937
18.3725 -0.000241414
18.3825 -0.000598987
18.3925 -0.000949563
18.4025 -0.00129088
18.4125 -0.00162211
18.4225 -0.00194487
18.4325 -0.00226049
18.4425 -0.00256964
18.4525 -0.00287277
18.4625 -0.00317197
18.4725 -0.00346464
18.4825 -0.00375094
18.4925 -0.00403441
18.5025 -0.00431648
18.5125 -0.00459705
18.5225 -0.00487609
18.5325 -0.00515332
18.5425 -0.00542923
18.5525 -0.00570523
18.5625 -0.00598217
18.5725 -0.00625975
18.5825 -0.00653704
18.5925 -0.00681323
18.6025 -0.00708789
18.6125 -0.0073609
18.6225 -0.00763189
18.6325 -0.00790004
18.6425 -0.00816415
18.6525 -0.00842298
18.6625 -0.00867548
18.6725 -0.00892076
18.6825 -0.00915791
18.6925 -0.00938578
18.7025 -0.00960297
18.7125 -0.00980802
18.7225 -0.00999956
18.7325 -0.0101763
18.7425 -0.0103369
18.7525 -0.0104801
18.7625 -0.0106046
18.7725 -0.010709
18.7825 -0.0107921
18.7925 -0.0108533
18.8025 -0.0108919
18.8125 -0.0109076
18.8225 -0.0109003
18.8325 -0.0108702
18.8425 -0.0108173
18.8525 -0.0107423
18.8625 -0.0106464
18.8725 -0.010531
18.8825 -0.0103972
18.8925 -0.0102476
18.9025 -0.0100834
18.9125 -0.00990629
18.9225 -0.00971905
18.9325 -0.00952311
18.9425 -0.00932119
18.9525 -0.00911508
18.9625 -0.00890653
18.9725 -0.00869756
18.9825 -0.00849026
18.9925 -0.00828675
19.0025 -0.00808873
19.0125 -0.00789766
19.0225 -0.00771517
19.0325 -0.00754278
19.0425 -0.00738207
19.0525 -0.00723459
19.0625 -0.00710103
19.0725 -0.00698234
19.0825 -0.0068787
19.0925 -0.00678925
19.1025 -0.00671486
19.1125 -0.00665648
19.1225 -0.00661345
19.1325 -0.00658504
19.1425 -0.0065699
19.1525 -0.00656668
19.1625 -0.00657413
19.1725 -0.00659047
19.1825 -0.00661343
19.1925 -0.00664087
19.2025 -0.00667052
19.2125 -0.00669997
19.2225 -0.00672678
19.2325 -0.00674842
19.2425 -0.00676257
19.2525 -0.00676728
19.2625 -0.00675994
19.2725 -0.00673856
19.2825 -0.00670149
19.2925 -0.00664707
19.3025 -0.00657407
19.3125 -0.00648163
19.3225 -0.00636933
19.3325 -0.006236
19.3425 -0.00608178
19.3525 -0.00590693
19.3625 -0.00571218
19.3725 -0.00549835
19.3825 -0.00526649
19.3925 -0.00501807
19.4025 -0.00475472
19.4125 -0.00447823
19.4225 -0.00419049
19.4325 -0.00389339
19.4425 -0.00358878
19.4525 -0.00327855
19.4625 -0.00296467
19.4725 -0.00264904
19.4825 -0.00233343
19.4925 -0.00201946
19.5025 -0.00170844
19.5125 -0.00140128
19.5225 -0.00109848
19.5325 -0.000800193
19.5425 -0.000506371
19.5525 -0.00021843
19.5625 6.64591e-05
19.5725 0.000372734
19.5825 0.000666823
19.5925 0.000967544
19.6025 0.00128044
19.6125 0.00160247
19.6225 0.00193672
19.6325 0.00228438
19.6425 0.00265417
19.6525 0.00303029
19.6625 0.00340049
19.6725 0.00378568
19.6825 0.00419138
19.6925 0.00460819
19.7025 0.00503474
19.7125 0.00547253
19.7225 0.00592262
19.7325 0.00638485
19.7425 0.00685611
19.7525 0.00733242
19.7625 0.0078099
19.7725 0.00828498
19.7825 0.00875539
19.7925 0.00921752
19.8025 0.00966559
19.8125 0.0100946
19.8225 0.0105055
19.8325 0.0108864
19.8425 0.0112343
19.8525 0.0115481
19.8625 0.0118232
19.8725 0.0120569
19.8825 0.0122454
19.8925 0.0123854
19.9025 0.0124747
19.9125 0.012512
19.9225 0.0124962
19.9325 0.0124278
19.9425 0.0123068
19.9525 0.0121341
19.9625 0.0119124
19.9725 0.0116452
19.9825 0.0113369
19.9925 0.0109917
20.0025 0.0106148
20.0125 0.0102121
20.0225 0.00979022
20.0325 0.00935591
20.0425 0.0089157
20.0525 0.00847595
20.0625 0.00804287
20.0725 0.00762259
20.0825 0.00722102
20.0925 0.00684284
20.1025 0.00649174
20.1125 0.00617161
20.1225 0.00588507
20.1325 0.00563361
20.1425 0.00541943
20.1525 0.00524024
20.1625 0.00509539
20.1725 0.00498304
20.1825 0.00490128
20.1925 0.00484739
20.2025 0.00481847
20.2125 0.00481076
20.2225 0.0048199
20.2325 0.00484177
20.2425 0.00487253
20.2525 0.0049086
20.2625 0.0049464
20.2725 0.00498255
20.2825 0.00501399
20.2925 0.00503827
20.3025 0.00505383
20.3125 0.00505966
20.3225 0.00505523
20.3325 0.00504075
20.3425 0.00501703
20.3525 0.00498539
20.3625 0.00494777
20.3725 0.00490642
20.3825 0.00486352
20.3925 0.00482143
20.4025 0.00478373
20.4125 0.00475419
20.4225 0.00473628
20.4325 0.00473337
20.4425 0.00474873
20.4525 0.00478438
20.4625 0.00484263
20.4725 0.00492499
20.4825 0.0050329
20.4925 0.00516727
20.5025 0.00532797
20.5125 0.00551413
20.5225 0.00572418
20.5325 0.00595578
20.5425 0.00620583
20.5525 0.00647086
20.5625 0.00674706
20.5725 0.00702993
20.5825 0.00731322
20.5925 0.00759234
20.6025 0.00786179
20.6125 0.00811402
20.6225 0.00834265
20.6325 0.0085426
20.6425 0.00870821
20.6525 0.00883464
20.6625 0.00891677
20.6725 0.00894988
20.6825 0.00893072
20.6925 0.00885716
20.7025 0.00872838
20.7125 0.00854404
20.7225 0.00830453
20.7325 0.0080111
20.7425 0.00766619
20.7525 0.00727301
20.7625 0.00683563
20.7725 0.00635866
20.7825 0.00584714
20.7925 0.00530712
20.8025 0.00474543
20.8125 0.00416677
20.8225 0.00357442
20.8325 0.00298102
20.8425 0.00239114
20.8525 0.00180579
20.8625 0.00122849
20.8725 0.000662611
20.8825 0.000113981
20.8925 -0.000411624
20.9025 -0.000910142
20.9125 -0.00137921
20.9225 -0.00181758
20.9325 -0.00222404
20.9425 -0.00259786
20.9525 -0.00293714
20.9625 -0.00323992
20.9725 -0.00350594
20.9825 -0.0037353
20.9925 -0.00392985
21.0025 -0.00409138
21.0125 -0.00422126
21.0225 -0.00432231
21.0325 -0.00439629
21.0425 -0.00444593
21.0525 -0.00447695
21.0625 -0.00449127
21.0725 -0.00448863
21.0825 -0.00447291
21.0925 -0.00444766
21.1025 -0.00441514
21.1125 -0.00437715
21.1225 -0.0043349
21.1325 -0.00428892
21.1425 -0.00424013
21.1525 -0.00418882
21.1625 -0.00413439
21.1725 -0.00407832
21.1825 -0.00401816
21.1925 -0.00395223
21.2025 -0.00387985
21.2125 -0.00379863
21.2225 -0.00370651
21.2325 -0.00360186
21.2425 -0.00348265
21.2525 -0.00334586
21.2625 -0.00319067
21.2725 -0.00301613
21.2825 -0.00282044
21.2925 -0.0026031
21.3025 -0.00236384
21.3125 -0.0021024
21.3225 -0.0018195
21.3325 -0.00151652
21.3425 -0.00119515
21.3525 -0.000857776
21.3625 -0.000506838
21.3725 -0.000147541
21.3825 0.000216704
21.3925 0.000583113
21.4025 0.000946054
21.4125 0.00130035
21.4225 0.00164085
21.4325 0.00196234
21.4425 0.00225962
21.4525 0.00252624
21.4625 0.00275874
21.4725 0.00295551
21.4825 0.00311095
21.4925 0.00321727
21.5025 0.00326836
21.5125 0.00326038
21.5225 0.00319086
21.5325 0.00305896
21.5425 0.00286378
21.5525 0.00260308
21.5625 0.00227651
21.5725 0.00188605
21.5825 0.00143458
21.5925 0.000925429
21.6025 0.000361761
21.6125 -0.000253915
21.6225 -0.000916545
21.6325 -0.00161804
21.6425 -0.00235375
21.6525 -0.00312179
21.6625 -0.00391669
21.6725 -0.00473182
21.6825 -0.0055612
21.6925 -0.00639882
21.7025 -0.00723928
21.7125 -0.00807804
21.7225 -0.00891096
21.7325 -0.0097337
21.7425 -0.0105417
21.7525 -0.0113311
21.7625 -0.0120983
21.7725 -0.0128406
21.7825 -0.0135562
21.7925 -0.0142443
21.8025 -0.014906
21.8125 -0.0155351
21.8225 -0.0161329
21.8325 -0.0167049
21.8425 -0.0172502
21.8525 -0.0177677
21.8625 -0.0182598
21.8725 -0.0187254
21.8825 -0.0191646
21.8925 -0.019585
21.9025 -0.0199875
21.9125 -0.0203726
21.9225 -0.0207403
21.9325 -0.0210888
21.9425 -0.0214179
21.9525 -0.0217295
21.9625 -0.022025
21.9725 -0.0223024
21.9825 -0.022559
21.9925 -0.0227915
22.0025 -0.0229977
22.0125 -0.0231775
22.0225 -0.0233281
22.0325 -0.0234462
22.0425 -0.0235308
22.0525 -0.0235811
22.0625 -0.023591
22.0725 -0.0235567
22.0825 -0.0234769
22.0925 -0.0233494
22.1025 -0.023173
22.1125 -0.0229451
22.1225 -0.0226653
22.1325 -0.0223338
22.1425 -0.021949
22.1525 -0.021514
22.1625 -0.0210328
22.1725 -0.0205054
22.1825 -0.0199364
22.1925 -0.0193304
22.2025 -0.0186906
22.2125 -0.0180218
22.2225 -0.0173302
22.2325 -0.0166218
22.2425 -0.015903
22.2525 -0.0151802
22.2625 -0.0144598
22.2725 -0.0137481
22.2825 -0.0130513
22.2925 -0.0123746
22.3025 -0.0117231
22.3125 -0.0111022
22.3225 -0.0105161
22.3325 -0.00996851
22.3425 -0.00946311
22.3525 -0.00900324
22.3625 -0.00859197
22.3725 -0.00823051
22.3825 -0.00791923
22.3925 -0.00765708
22.4025 -0.00744347
22.4125 -0.0072791
22.4225 -0.00716238
22.4325 -0.00709075
22.4425 -0.00706076
22.4525 -0.00706895
22.4625 -0.00711198
22.4725 -0.00718571
22.4825 -0.00728523
22.4925 -0.00740585
22.5025 -0.00754304
22.5125 -0.00769248
22.5225 -0.00785
22.5325 -0.00801132
22.5425 -0.00817294
22.5525 -0.00833146
22.5625 -0.00848395
22.5725 -0.00862897
22.5825 -0.00876541
22.5925 -0.00889355
22.6025 -0.00901287
22.6125 -0.0091224
22.6225 -0.00922263
22.6325 -0.00931442
22.6425 -0.00939898
22.6525 -0.00947782
22.6625 -0.00955143
22.6725 -0.0096203
22.6825 -0.00968579
22.6925 -0.00974925
22.7025 -0.00981273
22.7125 -0.00987805
22.7225 -0.00994626
22.7325 -0.0100176
22.7425 -0.0100913
22.7525 -0.0101667
22.7625 -0.0102442
22.7725 -0.0103222
22.7825 -0.0103991
22.7925 -0.0104729
22.8025 -0.0105408
22.8125 -0.0105999
22.8225 -0.0106477
22.8325 -0.0106807
22.8425 -0.0106955
22.8525 -0.0106887
22.8625 -0.0106562
22.8725 -0.010595
22.8825 -0.0105022
22.8925 -0.0103746
22.9025 -0.0102118
22.9125 -0.0100096
22.9225 -0.00976427
22.9325 -0.00947603
22.9425 -0.00914614
22.9525 -0.0087735
22.9625 -0.00835833
22.9725 -0.00790114
22.9825 -0.00740315
22.9925 -0.00686705
23.0025 -0.00629605
23.0125 -0.00569295
23.0225 -0.00506025
23.0325 -0.00440054
23.0425 -0.00371714
23.0525 -0.00301433
23.0625 -0.00229632
23.0725 -0.00156751
23.0825 -0.000830354
23.0925 -7.99047e-05
23.1025 0.000663357
23.1125 0.0013989
23.1225 0.00212733
23.1325 0.00284107
23.1425 0.00353641
23.1525 0.00420804
23.1625 0.00485315
23.1725 0.00546648
23.1825 0.00605048
23.1925 0.00660412
23.2025 0.00711658
23.2125 0.00758543
23.2225 0.0080106
23.2325 0.00839427
23.2425 0.00873691
23.2525 0.00903579
23.2625 0.00928824
23.2725 0.00949459
23.2825 0.00965677
23.2925 0.00977737
23.3025 0.00985747
23.3125 0.0098972
23.3225 0.00989715
23.3325 0.00985969
23.3425 0.00978818
23.3525 0.00968532
23.3625 0.00955276
23.3725 0.00939192
23.3825 0.00920473
23.3925 0.0089936
23.4025 0.00876101
23.4125 0.00850891
23.4225 0.00823917
23.4325 0.00795408
23.4425 0.00765471
23.4525 0.00734232
23.4625 0.00701803
23.4725 0.00668307
23.4825 0.00633837
23.4925 0.00598463
23.5025 0.00562259
23.5125 0.00525266
23.5225 0.00487567
23.5325 0.00449232
23.5425 0.00410351
23.5525 0.00370989
23.5625 0.00331192
23.5725 0.00291081
23.5825 0.00250802
23.5925 0.00210367
23.6025 0.00169821
23.6125 0.00129197
23.6225 0.000886282
23.6325 0.000483405
23.6425 8.52218e-05
23.6525 -0.000307325
23.6625 -0.000692141
23.6725 -0.00106726
23.6825 -0.00143089
23.6925 -0.00178067
23.7025 -0.00211409
23.7125 -0.0024285
23.7225 -0.00272181
23.7325 -0.00299219
23.7425 -0.00323798
23.7525 -0.00345766
23.7625 -0.00364959
23.7725 -0.00381298
23.7825 -0.00394728
23.7925 -0.00405203
23.8025 -0.00412781
23.8125 -0.00417519
23.8225 -0.00419561
23.8325 -0.00419065
23.8425 -0.0041615
23.8525 -0.00410974
23.8625 -0.00403822
23.8725 -0.00395065
23.8825 -0.00384906
23.8925 -0.00373556
23.9025 -0.0036136
23.9125 -0.00348637
23.9225 -0.00335701
23.9325 -0.00322889
23.9425 -0.00310506
23.9525 -0.00298825
23.9625 -0.00288125
23.9725 -0.00278673
23.9825 -0.00270724
23.9925 -0.00264494
24.0025 -0.00260155
24.0125 -0.00257836
24.0225 -0.00257638
24.0325 -0.00259638
24.0425 -0.00263849
24.0525 -0.00270255
24.0625 -0.00278814
24.0725 -0.00289403
24.0825 -0.0030186
24.0925 -0.00316059
24.1025 -0.0033179
24.1125 -0.003489
24.1225 -0.0036727
24.1325 -0.00386676
24.1425 -0.0040682
24.1525 -0.00427549
24.1625 -0.00448787
24.1725 -0.00470392
24.1825 -0.00492176
24.1925 -0.00513992
24.2025 -0.0053574
24.2125 -0.00557291
24.2225 -0.00578571
24.2325 -0.00599554
24.2425 -0.00620205
24.2525 -0.00640574
24.2625 -0.00660546
24.2725 -0.00679994
24.2825 -0.00699051
24.2925 -0.00717781
24.3025 -0.00736171
24.3125 -0.00754247
24.3225 -0.00772004
24.3325 -0.00789433
24.3425 -0.00806572
24.3525 -0.00823448
24.3625 -0.0084005
24.3725 -0.00856339
24.3825 -0.00872262
24.3925 -0.00887759
24.4025 -0.00902768
24.4125 -0.00917221
24.4225 -0.00931025
24.4325 -0.00944046
24.4425 -0.00956087
24.4525 -0.00967043
24.4625 -0.00976794
24.4725 -0.0098518
24.4825 -0.00992153
24.4925 -0.00997579
24.5025 -0.0100117
24.5125 -0.0100275
24.5225 -0.0100223
24.5325 -0.00999472
24.5425 -0.00994417
24.5525 -0.00987005
24.5625 -0.00977128
24.5725 -0.00964741
24.5825 -0.00949853
24.5925 -0.00932527
24.6025 -0.00912975
24.6125 -0.00891237
24.6225 -0.00867362
24.6325 -0.00841582
24.6425 -0.0081409
24.6525 -0.00785134
24.6625 -0.00755016
24.6725 -0.00723999
24.6825 -0.00692361
24.6925 -0.00660423
24.7025 -0.00628456
24.7125 -0.0059669
24.7225 -0.00565331
24.7325 -0.00534597
24.7425 -0.00504705
24.7525 -0.00475844
24.7625 -0.00448192
24.7725 -0.0042191
24.7825 -0.0039715
24.7925 -0.00374048
24.8025 -0.00352716
24.8125 -0.00333227
24.8225 -0.00315646
24.8325 -0.00300062
24.8425 -0.00286545
24.8525 -0.00275116
24.8625 -0.00265773
24.8725 -0.0025855
24.8825 -0.00253465
24.8925 -0.00250515
24.9025 -0.00249709
24.9125 -0.00251084
24.9225 -0.00254619
24.9325 -0.00260309
24.9425 -0.00268146
24.9525 -0.00278088
24.9625 -0.00290097
24.9725 -0.00304135
24.9825 -0.00320117
24.9925 -0.00337858
25.0025 -0.00357257
25.0125 -0.00378303
25.0225 -0.00401061
25.0325 -0.00425544
25.0425 -0.00451738
25.0525 -0.00479562
25.0625 -0.00508796
25.0725 -0.00539286
25.0825 -0.00571096
25.0925 -0.00604217
25.1025 -0.00638545
25.1125 -0.00673921
25.1225 -0.00710122
25.1325 -0.00746932
25.1425 -0.00784186
25.1525 -0.00821728
25.1625 -0.00859362
25.1725 -0.00896832
25.1825 -0.00933826
25.1925 -0.00970023
25.2025 -0.0100512
25.2125 -0.0103886
25.2225 -0.0107099
25.2325 -0.0110125
25.2425 -0.0112935
25.2525 -0.01155
25.2625 -0.0117794
25.2725 -0.0119799
25.2825 -0.0121499
25.2925 -0.0122881
25.3025 -0.0123932
25.3125 -0.0124644
25.3225 -0.012501
25.3325 -0.0125027
25.3425 -0.0124702
25.3525 -0.0124041
25.3625 -0.0123051
25.3725 -0.0121746
25.3825 -0.0120135
25.3925 -0.0118252
25.4025 -0.011613
25.4125 -0.0113767
25.4225 -0.0111183
25.4325 -0.010841
25.4425 -0.0105469
25.4525 -0.0102388
25.4625 -0.00991965
25.4725 -0.00959152
25.4825 -0.00925632
25.4925 -0.00891618
25.5025 -0.0085732
25.5125 -0.00822941
25.5225 -0.0078864
25.5325 -0.00754526
25.5425 -0.00720665
25.5525 -0.00687132
25.5625 -0.00653991
25.5725 -0.00621257
25.5825 -0.00588943
25.5925 -0.00557066
25.6025 -0.00525624
25.6125 -0.00494627
25.6225 -0.00463997
25.6325 -0.00433633
25.6425 -0.00403492
25.6525 -0.00373537
25.6625 -0.00343725
25.6725 -0.00314009
25.6825 -0.00284331
25.6925 -0.00254637
25.7025 -0.00224923
25.7125 -0.00195215
25.7225 -0.00165545
25.7325 -0.00135929
25.7425 -0.0010638
25.7525 -0.000769269
25.7625 -0.000476263
25.7725 -0.000184854
25.7825 0.000113691
25.7925 0.000406027
25.8025 0.00069012
25.8125 0.000972969
25.8225 0.00125077
25.8325 0.00151826
25.8425 0.00178058
25.8525 0.00203831
25.8625 0.00229031
25.8725 0.00254107
25.8825 0.00278988
25.8925 0.00303753
25.9025 0.00328496
25.9125 0.00353394
25.9225 0.00378635
25.9325 0.00404312
25.9425 0.00430559
25.9525 0.00457553
25.9625 0.0048547
25.9725 0.00514452
25.9825 0.00544592
25.9925 0.00575983
26.0025 0.0060871
26.0125 0.00642901
26.0225 0.00678621
26.0325 0.00715706
26.0425 0.00754321
26.0525 0.00794591
26.0625 0.00836064
26.0725 0.00878565
26.0825 0.00921959
26.0925 0.00966207
26.1025 0.0101117
26.1125 0.0105653
26.1225 0.0110187
26.1325 0.0114599
26.1425 0.0118962
26.1525 0.0123335
26.1625 0.0127598
26.1725 0.0131735
26.1825 0.0135755
26.1925 0.0139606
26.2025 0.0143284
26.2125 0.0146815
26.2225 0.015012
26.2325 0.0153182
26.2425 0.0156023
26.2525 0.0158621
26.2625 0.0160951
26.2725 0.0163021
26.2825 0.0164829
26.2925 0.0166365
26.3025 0.0167626
26.3125 0.0168607
26.3225 0.0169295
26.3325 0.0169683
26.3425 0.0169772
26.3525 0.0169557
26.3625 0.0169039
26.3725 0.0168215
26.3825 0.0167088
26.3925 0.0165664
26.4025 0.0163944
26.4125 0.0161928
26.4225 0.0159619
26.4325 0.0157024
26.4425 0.0154153
26.4525 0.0151018
26.4625 0.014763
26.4725 0.0143999
26.4825 0.014014
26.4925 0.0136067
26.5025 0.0131797
26.5125 0.0127348
26.5225 0.0122736
26.5325 0.0117981
26.5425 0.0113101
26.5525 0.0108116
26.5625 0.0103045
26.5725 0.00979116
26.5825 0.00927299
26.5925 0.0087514
26.6025 0.00822801
26.6125 0.00770351
26.6225 0.00718077
26.6325 0.00666108
26.6425 0.00614273
26.6525 0.00562517
26.6625 0.0051082
26.6725 0.00459307
26.6825 0.00408158
26.6925 0.00357517
26.7025 0.00307487
26.7125 0.0025814
26.7225 0.00209596
26.7325 0.0016191
26.7425 0.00115164
26.7525 0.000697041
26.7625 0.00025796
26.7725 -0.000163352
26.7825 -0.000564578
26.7925 -0.000944027
26.8025 -0.00129941
26.8125 -0.0016277
26.8225 -0.00192591
26.8325 -0.00219106
26.8425 -0.00242025
26.8525 -0.0026115
26.8625 -0.00276309
26.8725 -0.00287337
26.8825 -0.00294073
26.8925 -0.00296367
26.9025 -0.00294117
26.9125 -0.00287325
26.9225 -0.00275985
26.9325 -0.00260174
26.9425 -0.00239957
26.9525 -0.00215599
26.9625 -0.00187445
26.9725 -0.0015553
26.9825 -0.00120165
26.9925 -0.000816576
27.0025 -0.000403464
27.0125 3.33417e-05
27.0225 0.000489791
27.0325 0.000961936
27.0425 0.00144582
27.0525 0.00193822
27.0625 0.00243561
27.0725 0.00293443
27.0825 0.00343063
27.0925 0.00392051
27.1025 0.00440113
27.1125 0.00486985
27.1225 0.00532417
27.1325 0.00576153
27.1425 0.00617958
27.1525 0.00657637
27.1625 0.0069504
27.1725 0.00730054
27.1825 0.00762588
27.1925 0.0079257
27.2025 0.00819945
27.2125 0.00844685
27.2225 0.00866781
27.2325 0.00886233
27.2425 0.00903075
27.2525 0.00917333
27.2625 0.00929046
27.2725 0.00938254
27.2825 0.00944998
27.2925 0.0094933
27.3025 0.00951308
27.3125 0.00951011
27.3225 0.00948492
27.3325 0.0094379
27.3425 0.00936977
27.3525 0.00928124
27.3625 0.00917317
27.3725 0.00904642
27.3825 0.00890216
27.3925 0.00874113
27.4025 0.00856411
27.4125 0.008372
27.4225 0.00816583
27.4325 0.00794678
27.4425 0.007716
27.4525 0.00747454
27.4625 0.00722354
27.4725 0.00696429
27.4825 0.00669791
27.4925 0.00642568
27.5025 0.00614871
27.5125 0.00586852
27.5225 0.00558547
27.5325 0.005301
27.5425 0.00501579
27.5525 0.00473126
27.5625 0.00444925
27.5725 0.00417141
27.5825 0.00389939
27.5925 0.00363422
27.6025 0.00337668
27.6125 0.00312789
27.6225 0.0028893
27.6325 0.0026625
27.6425 0.00244926
27.6525 0.00225098
27.6625 0.00206871
27.6725 0.00190317
27.6825 0.00175481
27.6925 0.00162436
27.7025 0.00151216
27.7125 0.00141838
27.7225 0.00134371
27.7325 0.00128854
27.7425 0.00125196
27.7525 0.00123421
27.7625 0.00123322
27.7725 0.00124817
27.7825 0.00127855
27.7925 0.00132233
27.8025 0.00137633
27.8125 0.00143893
27.8225 0.00150771
27.8325 0.00157888
27.8425 0.0016486
27.8525 0.00171382
27.8625 0.00177141
27.8725 0.00181834
27.8825 0.00185183
27.8925 0.00186877
27.9025 0.00186603
27.9125 0.00184084
27.9225 0.00179074
27.9325 0.00171378
27.9425 0.00160807
27.9525 0.00146922
27.9625 0.00129782
27.9725 0.00109428
27.9825 0.000855342
27.9925 0.000580436
28.0025 0.000269991
28.0125 -7.99617e-05
28.0225 -0.000465969
28.0325 -0.000882763
28.0425 -0.00133429
28.0525 -0.00182251
28.0625 -0.00234543
28.0725 -0.00290141
28.0825 -0.00348878
28.0925 -0.00410545
28.1025 -0.00475087
28.1125 -0.00542489
28.1225 -0.00612607
28.1325 -0.00685222
28.1425 -0.0076011
28.1525 -0.00837068
28.1625 -0.00915934
28.1725 -0.00996566
28.1825 -0.010788
28.1925 -0.0116243
28.2025 -0.0124723
28.2125 -0.0133301
28.2225 -0.0141954
28.2325 -0.0150665
28.2425 -0.0159412
28.2525 -0.0168175
28.2625 -0.0176927
28.2725 -0.0185639
28.2825 -0.0194277
28.2925 -0.0202827
28.3025 -0.0211266
28.3125 -0.0219565
28.3225 -0.02277
28.3325 -0.0235607
28.3425 -0.0243258
28.3525 -0.025064
28.3625 -0.025772
28.3725 -0.0264466
28.3825 -0.027085
28.3925 -0.0276841
28.4025 -0.0282419
28.4125 -0.0287573
28.4225 -0.0292288
28.4325 -0.0296543
28.4425 -0.0300319
28.4525 -0.0303595
28.4625 -0.0306358
28.4725 -0.0308607
28.4825 -0.031034
28.4925 -0.0311555
28.5025 -0.0312246
28.5125 -0.0312409
28.5225 -0.031205
28.5325 -0.0311178
28.5425 -0.0309797
28.5525 -0.0307923
28.5625 -0.0305573
28.5725 -0.030276
28.5825 -0.0299531
28.5925 -0.0295946
28.6025 -0.0291991
28.6125 -0.0287668
28.6225 -0.0283005
28.6325 -0.0278021
28.6425 -0.0272738
28.6525 -0.0267192
28.6625 -0.0261406
28.6725 -0.0255387
28.6825 -0.0249143
28.6925 -0.0242688
28.7025 -0.0236039
28.7125 -0.0229214
28.7225 -0.022223
28.7325 -0.0215092
28.7425 -0.0207806
28.7525 -0.0200377
28.7625 -0.0192809
28.7725 -0.0185101
28.7825 -0.0177257
28.7925 -0.0169284
28.8025 -0.0161176
28.8125 -0.0152936
28.8225 -0.014457
28.8325 -0.0136091
28.8425 -0.0127521
28.8525 -0.011887
28.8625 -0.0110149
28.8725 -0.0101394
28.8825 -0.0092617
28.8925 -0.00838299
28.9025 -0.00750704
28.9125 -0.00663679
28.9225 -0.00577508
28.9325 -0.00492504
28.9425 -0.00408908
28.9525 -0.00326965
28.9625 -0.00247013
28.9725 -0.00169398
28.9825 -0.000944086
28.9925 -0.000222675
29.0025 0.000468244
29.0125 0.00112675
29.0225 0.00175076
29.0325 0.00233844
29.0425 0.00288839
29.0525 0.0033997
29.0625 0.00387202
29.0725 0.00430518
29.0825 0.00469927
29.0925 0.00505443
29.1025 0.00537107
29.1125 0.00565006
29.1225 0.00589246
29.1325 0.00609955
29.1425 0.00627267
29.1525 0.00641357
29.1625 0.00653054
29.1725 0.00661426
29.1825 0.00666446
29.1925 0.00668899
29.2025 0.00668585
29.2125 0.00665508
29.2225 0.00659641
29.2325 0.00651035
29.2425 0.00639862
29.2525 0.00626206
29.2625 0.00610154
29.2725 0.00591665
29.2825 0.0057078
29.2925 0.00547488
29.3025 0.00521757
29.3125 0.0049366
29.3225 0.00463198
29.3325 0.00430443
29.3425 0.00395618
29.3525 0.00358794
29.3625 0.00319857
29.3725 0.00278788
29.3825 0.00235539
29.3925 0.00190044
29.4025 0.00142428
29.4125 0.000927881
29.4225 0.000411769
29.4325 -0.000122034
29.4425 -0.000672052
29.4525 -0.00123679
29.4625 -0.00181415
29.4725 -0.00240184
29.4825 -0.00299759
29.4925 -0.00359837
29.5025 -0.0042015
29.5125 -0.00480469
29.5225 -0.00540522
29.5325 -0.00599978
29.5425 -0.00658472
29.5525 -0.00715636
29.5625 -0.00771141
29.5725 -0.00824699
29.5825 -0.00876019
29.5925 -0.00924817
29.6025 -0.00970792
29.6125 -0.0101365
29.6225 -0.0105313
29.6325 -0.0108905
29.6425 -0.0112128
29.6525 -0.011497
29.6625 -0.0117421
29.6725 -0.0119475
29.6825 -0.0121125
29.6925 -0.0122376
29.7025 -0.0123232
29.7125 -0.0123706
29.7225 -0.0123814
29.7325 -0.0123572
29.7425 -0.0122994
29.7525 -0.01221
29.7625 -0.0120914
29.7725 -0.0119471
29.7825 -0.0117803
29.7925 -0.0115921
29.8025 -0.0113846
29.8125 -0.0111598
29.8225 -0.0109196
29.8325 -0.0106672
29.8425 -0.0104061
29.8525 -0.0101372
29.8625 -0.00986056
29.8725 -0.00957721
29.8825 -0.00928791
29.8925 -0.00899353
29.9025 -0.00869504
29.9125 -0.00839304
29.9225 -0.00808696
29.9325 -0.00777553
29.9425 -0.00745847
29.9525 -0.00713548
29.9625 -0.00680629
29.9725 -0.00647009
29.9825 -0.00612616
29.9925 -0.00577477
30.0025 -0.00541485
30.0125 -0.00504655
30.0225 -0.00466987
30.0325 -0.00428436
30.0425 -0.00389009
30.0525 -0.00348722
30.0625 -0.00307576
30.0725 -0.00265602
30.0825 -0.00222873
30.0925 -0.00179477
30.1025 -0.0013551
30.1125 -0.000910767
30.1225 -0.000463113
30.1325 -1.37876e-05
30.1425 0.000435344
30.1525 0.00088228
30.1625 0.00132481
30.1725 0.00176081
30.1825 0.00218804
30.1925 0.00260411
30.2025 0.00300661
30.2125 0.00339309
30.2225 0.00376115
30.2325 0.00410852
30.2425 0.0044329
30.2525 0.00473189
30.2625 0.00500348
30.2725 0.00524578
30.2825 0.00545718
30.2925 0.0056365
30.3025 0.00578321
30.3125 0.00589634
30.3225 0.00597461
30.3325 0.00601741
30.3425 0.0060248
30.3525 0.00599668
30.3625 0.00593369
30.3725 0.00583551
30.3825 0.00570236
30.3925 0.00553541
30.4025 0.00533575
30.4125 0.0051046
30.4225 0.00484315
30.4325 0.00455318
30.4425 0.00423809
30.4525 0.00390014
30.4625 0.0035397
30.4725 0.00315592
30.4825 0.00274931
30.4925 0.00231973
30.5025 0.00186618
30.5125 0.00138927
30.5225 0.000889247
30.5325 0.000365783
30.5425 -0.000182017
30.5525 -0.00075523
30.5625 -0.00135483
30.5725 -0.00198135
30.5825 -0.00263552
30.5925 -0.00331881
30.6025 -0.00403254
30.6125 -0.00478157
30.6225 -0.00556734
30.6325 -0.00638226
30.6425 -0.00722916
30.6525 -0.00811241
30.6625 -0.00903071
30.6725 -0.00998239
30.6825 -0.010965
30.6925 -0.0119751
30.7025 -0.0130111
30.7125 -0.014072
30.7225 -0.0151547
30.7325 -0.0162536
30.7425 -0.017363
30.7525 -0.0184773
30.7625 -0.0195902
30.7725 -0.0206958
30.7825 -0.0217872
30.7925 -0.0228585
30.8025 -0.023903
30.8125 -0.0249134
30.8225 -0.025883
30.8325 -0.0268057
30.8425 -0.0276758
30.8525 -0.0284877
30.8625 -0.0292359
30.8725 -0.0299151
30.8825 -0.0305212
30.8925 -0.0310513
30.9025 -0.0315034
30.9125 -0.0318757
30.9225 -0.0321666
30.9325 -0.0323763
30.9425 -0.0325053
30.9525 -0.0325542
30.9625 -0.0325257
30.9725 -0.0324217
30.9825 -0.0322446
30.9925 -0.0319995
31.0025 -0.0316903
31.0125 -0.0313222
31.0225 -0.0308994
31.0325 -0.0304248
31.0425 -0.0299021
31.0525 -0.0293363
31.0625 -0.0287329
31.0725 -0.0281002
31.0825 -0.0274455
31.0925 -0.0267701
31.1025 -0.0260755
31.1125 -0.0253658
31.1225 -0.0246445
31.1325 -0.0239162
31.1425 -0.0231863
31.1525 -0.0224555
31.1625 -0.0217231
31.1725 -0.0209891
31.1825 -0.0202554
31.1925 -0.0195233
31.2025 -0.0187937
31.2125 -0.0180668
31.2225 -0.0173419
31.2325 -0.0166185
31.2425 -0.0158966
31.2525 -0.0151765
31.2625 -0.0144586
31.2725 -0.0137432
31.2825 -0.0130301
31.2925 -0.0123194
31.3025 -0.0116116
31.3125 -0.0109081
31.3225 -0.0102099
31.3325 -0.00951772
31.3425 -0.00883391
31.3525 -0.00815969
31.3625 -0.00749658
31.3725 -0.00684578
31.3825 -0.00620881
31.3925 -0.00558832
31.4025 -0.00498692
31.4125 -0.00440609
31.4225 -0.00384701
31.4325 -0.00331132
31.4425 -0.00280095
31.4525 -0.0023177
31.4625 -0.00186281
31.4725 -0.00143691
31.4825 -0.00104051
31.4925 -0.000673888
31.5025 -0.000337084
31.5125 -2.98111e-05
31.5225 0.000248516
31.5325 0.000498794
31.5425 0.000722294
31.5525 0.000920729
31.5625 0.00109603
31.5725 0.00124995
31.5825 0.00138455
31.5925 0.00150223
31.6025 0.00160559
31.6125 0.00169705
31.6225 0.00177919
31.6325 0.00185469
31.6425 0.00193057
31.6525 0.00201237
31.6625 0.00208592
31.6725 0.00216275
31.6825 0.00224421
31.6925 0.00232896
31.7025 0.00241749
31.7125 0.00251021
31.7225 0.00260847
31.7325 0.00271262
31.7425 0.00282223
31.7525 0.00293657
31.7625 0.0030552
31.7725 0.00317777
31.7825 0.00330328
31.7925 0.00342997
31.8025 0.0035559
31.8125 0.0036811
31.8225 0.00380393
31.8325 0.00392269
31.8425 0.00403595
31.8525 0.00414178
31.8625 0.00423848
31.8725 0.00432461
31.8825 0.00439882
31.8925 0.00445982
31.9025 0.00450643
31.9125 0.00453775
31.9225 0.0045531
31.9325 0.00455202
31.9425 0.00453453
31.9525 0.00450092
31.9625 0.00445131
31.9725 0.00438638
31.9825 0.0043073
31.9925 0.00421549
32.0025 0.0041125
32.015 0.0039703
32.0275 0.00381653
32.04 0.00365519
32.0525 0.00349025
32.065 0.00332521
32.0775 0.00316335
32.09 0.00300742
32.1025 0.00285982
32.115 0.00272207
32.1275 0.00259514
32.14 0.00247881
32.1525 0.00237243
32.165 0.00227446
32.1775 0.00218315
32.19 0.00209724
32.2025 0.00201364
32.215 0.00192873
32.2275 0.00183953
32.24 0.00174227
32.2525 0.00163472
32.265 0.00151395
32.2775 0.00137551
32.29 0.00121405
32.3025 0.0010253
32.315 0.000805503
32.3275 0.000552367
32.34 0.000265111
32.3525 -5.72276e-05
32.365 -0.000414061
32.3775 -0.000805106
32.39 -0.00122797
32.4025 -0.0016801
32.415 -0.00215661
32.4275 -0.00265223
32.44 -0.00316243
32.4525 -0.00368063
32.465 -0.0042
32.4775 -0.00471451
32.49 -0.00521774
32.5025 -0.00570356
32.515 -0.00616544
32.5275 -0.00659696
32.54 -0.00699217
32.5525 -0.00734597
32.565 -0.00765425
32.5775 -0.00791353
32.59 -0.00812123
32.6025 -0.00827511
32.615 -0.00837418
32.6275 -0.00841868
32.64 -0.00841019
32.6525 -0.0083512
32.665 -0.00824334
32.6775 -0.00808903
32.69 -0.00789456
32.7025 -0.00766381
32.715 -0.00740037
32.7275 -0.00710869
32.74 -0.00679378
32.7525 -0.00645978
32.765 -0.00611002
32.7775 -0.00574624
32.79 -0.00537049
32.8025 -0.00498478
32.815 -0.00459099
32.8275 -0.00418966
32.84 -0.00378035
32.8525 -0.00336184
32.865 -0.00293415
32.8775 -0.00249599
32.89 -0.00204541
32.9025 -0.0015808
32.915 -0.0011005
32.9275 -0.000603907
32.94 -9.0162e-05
32.9525 0.000465286
32.965 0.00103716
32.9775 0.00163084
32.99 0.0022531
33.0025 0.00289854
33.015 0.003563
33.0275 0.00424563
33.04 0.00494509
33.0525 0.0056569
33.065 0.00637594
33.0775 0.0070966
33.09 0.00781374
33.1025 0.00852122
33.115 0.0092082
33.1275 0.00987579
33.14 0.0105129
33.1525 0.011106
33.165 0.0116497
33.1775 0.0121419
33.19 0.0125771
33.2025 0.0129474
33.215 0.0132481
33.2275 0.0134785
33.24 0.0136389
33.2525 0.013728
33.265 0.0137461
33.2775 0.0136961
33.29 0.0135827
33.3025 0.0134113
33.315 0.0131872
33.3275 0.0129172
33.34 0.0126094
33.3525 0.0122722
33.365 0.0119132
33.3775 0.0115404
33.39 0.0111615
33.4025 0.0107836
33.415 0.0104134
33.4275 0.0100566
33.44 0.00971854
33.4525 0.00940399
33.465 0.00911618
33.4775 0.0088572
33.49 0.00862817
33.5025 0.00843006
33.515 0.00826311
33.5275 0.00812654
33.54 0.00801932
33.5525 0.00794065
33.565 0.00788907
33.5775 0.00786334
33.59 0.00786202
33.6025 0.00788411
33.615 0.00792873
33.6275 0.00799539
33.64 0.00808367
33.6525 0.00819268
33.665 0.00832222
33.6775 0.00847299
33.69 0.00864561
33.7025 0.00884042
33.715 0.00905763
33.7275 0.00929775
33.74 0.00956105
33.7525 0.00984704
33.765 0.0101551
33.7775 0.0104846
33.79 0.0108337
33.8025 0.0111995
33.815 0.01158
33.8275 0.011971
33.84 0.0123674
33.8525 0.0127649
33.865 0.0131588
33.8775 0.0135432
33.89 0.0139116
33.9025 0.0142576
33.915 0.0145751
33.9275 0.0148579
33.94 0.0151002
33.9525 0.0152954
33.965 0.0154411
33.9775 0.0155342
33.99 0.0155708
34.0025 0.015547
34.015 0.0154612
34.0275 0.0153129
34.04 0.0151021
34.0525 0.0148295
34.065 0.0144973
34.0775 0.0141091
34.09 0.0136691
34.1025 0.0131819
34.115 0.0126532
34.1275 0.0120893
34.14 0.0114972
34.1525 0.0108836
34.165 0.0102556
34.1775 0.00962016
34.19 0.0089846
34.2025 0.00835312
34.215 0.00772937
34.2275 0.00712311
34.24 0.00653332
34.2525 0.00596015
34.265 0.00540199
34.2775 0.00486016
34.29 0.00433615
34.3025 0.00382949
34.315 0.00333951
34.3275 0.00286401
34.34 0.00240369
34.3525 0.00195422
34.365 0.00151591
34.3775 0.00109638
34.39 0.000693766
34.4025 0.000306939
34.415 -6.85437e-05
34.4275 -0.000435741
34.44 -0.000794719
34.4525 -0.00114614
34.465 -0.00149171
34.4775 -0.0018339
34.49 -0.00217533
34.5025 -0.00251815
34.515 -0.00286452
34.5275 -0.00321658
34.54 -0.0035768
34.5525 -0.00394779
34.565 -0.00433194
34.5775 -0.00473125
34.59 -0.00514724
34.6025 -0.00558139
34.615 -0.00603524
34.6275 -0.00650965
34.64 -0.00700748
34.6525 -0.00753175
34.665 -0.00807232
34.6775 -0.00863434
34.69 -0.00921945
34.7025 -0.00982418
34.715 -0.0104445
34.7275 -0.0110761
34.74 -0.0117176
34.7525 -0.0123671
34.765 -0.0130196
34.7775 -0.0136693
34.79 -0.0143108
34.8025 -0.0149401
34.815 -0.0155539
34.8275 -0.0161477
34.84 -0.0167164
34.8525 -0.0172557
34.865 -0.0177624
34.8775 -0.0182343
34.89 -0.0186694
34.9025 -0.0190657
34.915 -0.0194215
34.9275 -0.0197365
34.94 -0.0200112
34.9525 -0.0202464
34.965 -0.0204429
34.9775 -0.0206017
34.99 -0.0207244
35.0025 -0.0208126
35.015 -0.0208683
35.0275 -0.0208929
35.04 -0.0208878
35.0525 -0.020854
35.065 -0.0207924
35.0775 -0.020703
35.09 -0.0205873
35.1025 -0.0204458
35.115 -0.0202799
35.1275 -0.020093
35.14 -0.0198838
35.1525 -0.0196497
35.165 -0.0193911
35.1775 -0.0191084
35.19 -0.018803
35.2025 -0.0184756
35.215 -0.0181264
35.2275 -0.0177563
35.24 -0.0173677
35.2525 -0.016963
35.265 -0.016545
35.2775 -0.0161161
35.29 -0.0156797
35.3025 -0.0152398
35.315 -0.0148007
35.3275 -0.0143667
35.34 -0.0139416
35.3525 -0.0135291
35.365 -0.0131322
35.3775 -0.012754
35.39 -0.0123969
35.4025 -0.0120626
35.415 -0.0117527
35.4275 -0.0114685
35.44 -0.0112106
35.4525 -0.0109792
35.465 -0.0107736
35.4775 -0.010593
35.49 -0.0104363
35.5025 -0.0103022
35.515 -0.0101891
35.5275 -0.0100949
35.54 -0.010018
35.5525 -0.00995652
35.565 -0.00990893
35.5775 -0.00987371
35.59 -0.00984946
35.6025 -0.00983516
35.615 -0.00983022
35.6275 -0.00983437
35.64 -0.00984877
35.6525 -0.00987343
35.665 -0.00990973
35.6775 -0.00995947
35.69 -0.0100236
35.7025 -0.0101019
35.715 -0.0101953
35.7275 -0.0103033
35.74 -0.010428
35.7525 -0.0105716
35.765 -0.0107361
35.7775 -0.0109222
35.79 -0.0111301
35.8025 -0.0113595
35.815 -0.0116106
35.8275 -0.0118842
35.84 -0.0121803
35.8525 -0.0124974
35.865 -0.0128348
35.8775 -0.0131919
35.89 -0.0135682
35.9025 -0.0139619
35.915 -0.0143705
35.9275 -0.0147916
35.94 -0.015223
35.9525 -0.0156625
35.965 -0.0161074
35.9775 -0.0165541
35.99 -0.0169991
36.0025 -0.0174394
36.015 -0.0178724
36.0275 -0.0182948
36.04 -0.0187034
36.0525 -0.0190947
36.065 -0.0194659
36.0775 -0.0198145
36.09 -0.0201384
36.1025 -0.0204352
36.115 -0.020703
36.1275 -0.0209401
36.14 -0.0211454
36.1525 -0.0213182
36.165 -0.0214578
36.1775 -0.0215639
36.19 -0.0216364
36.2025 -0.0216755
36.215 -0.0216817
36.2275 -0.0216562
36.24 -0.0215992
36.2525 -0.0215113
36.265 -0.0213943
36.2775 -0.0212492
36.29 -0.0210784
36.3025 -0.0208855
36.315 -0.0206709
36.3275 -0.0204344
36.34 -0.020177
36.3525 -0.0199002
36.365 -0.0196059
36.3775 -0.0192954
36.39 -0.0189695
36.4025 -0.0186293
36.415 -0.0182764
36.4275 -0.017913
36.44 -0.0175408
36.4525 -0.0171615
36.465 -0.016777
36.4775 -0.0163894
36.49 -0.0160007
36.5025 -0.0156127
36.515 -0.0152274
36.5275 -0.0148466
36.54 -0.0144727
36.5525 -0.0141082
36.565 -0.0137554
36.5775 -0.0134167
36.59 -0.0130941
36.6025 -0.0127897
36.615 -0.0125057
36.6275 -0.012244
36.64 -0.0120059
36.6525 -0.0117926
36.665 -0.0116048
36.6775 -0.0114431
36.69 -0.0113079
36.7025 -0.0111986
36.715 -0.0111146
36.7275 -0.0110548
36.74 -0.0110178
36.7525 -0.0110018
36.765 -0.0110047
36.7775 -0.0110239
36.79 -0.0110565
36.8025 -0.0110998
36.815 -0.0111509
36.8275 -0.0112069
36.84 -0.0112647
36.8525 -0.0113219
36.865 -0.011376
36.8775 -0.0114249
36.89 -0.0114665
36.9025 -0.0114993
36.915 -0.0115222
36.9275 -0.0115342
36.94 -0.0115347
36.9525 -0.0115233
36.965 -0.0114999
36.9775 -0.0114646
36.99 -0.0114179
37.0025 -0.01136
37.015 -0.0112912
37.0275 -0.0112115
37.04 -0.0111213
37.0525 -0.0110206
37.065 -0.0109091
37.0775 -0.0107864
37.09 -0.0106518
37.1025 -0.0105042
37.115 -0.0103422
37.1275 -0.0101642
37.14 -0.00996823
37.1525 -0.00975254
37.165 -0.00951513
37.1775 -0.0092538
37.19 -0.00896647
37.2025 -0.00865134
37.215 -0.00830668
37.2275 -0.00793078
37.24 -0.00752222
37.2525 -0.00708003
37.265 -0.00660382
37.2775 -0.00609394
37.29 -0.00555129
37.3025 -0.00497728
37.315 -0.00437486
37.3275 -0.00374724
37.34 -0.00309888
37.3525 -0.00243458
37.365 -0.00175986
37.3775 -0.00108086
37.39 -0.000404026
37.4025 0.000263907
37.415 0.000916158
37.4275 0.00154606
37.44 0.00214719
37.4525 0.00271351
37.465 0.00323932
37.4775 0.00371994
37.49 0.00415136
37.5025 0.00453044
37.515 0.00485504
37.5275 0.00512375
37.54 0.00533594
37.5525 0.00549204
37.565 0.00559289
37.5775 0.00564
37.59 0.00563619
37.6025 0.00558414
37.615 0.00548813
37.6275 0.00534868
37.64 0.00517206
37.6525 0.00496167
37.665 0.00472149
37.6775 0.00445583
37.69 0.00416937
37.7025 0.00386636
37.715 0.00355044
37.7275 0.00322366
37.74 0.0028887
37.7525 0.00254733
37.765 0.00220061
37.7775 0.0018502
37.79 0.00149613
37.8025 0.00113948
37.815 0.000777895
37.8275 0.000409245
37.84 3.3068e-05
37.8525 -0.000350976
37.865 -0.000742205
37.8775 -0.00114078
37.89 -0.00154691
37.9025 -0.00196036
37.915 -0.00238017
37.9275 -0.00280497
37.94 -0.00323348
37.9525 -0.00366405
37.965 -0.00409459
37.9775 -0.0045223
37.99 -0.00494393
38.0025 -0.00535659
38.015 -0.00575739
38.0275 -0.00614316
38.04 -0.00651045
38.0525 -0.00685589
38.065 -0.00717659
38.0775 -0.00747009
38.09 -0.00773418
38.1025 -0.00796688
38.115 -0.00816654
38.1275 -0.00833207
38.14 -0.00846306
38.1525 -0.00855962
38.165 -0.00862214
38.1775 -0.0086514
38.19 -0.00864901
38.2025 -0.00861653
38.215 -0.00855607
38.2275 -0.00847018
38.24 -0.00836085
38.2525 -0.00823127
38.265 -0.00808303
38.2775 -0.00791821
38.29 -0.00773946
38.3025 -0.00755045
38.315 -0.00735119
38.3275 -0.00714264
38.34 -0.00692548
38.3525 -0.00670029
38.365 -0.00646778
38.3775 -0.00622807
38.39 -0.00598015
38.4025 -0.00572266
38.415 -0.00545498
38.4275 -0.00517625
38.44 -0.00488526
38.4525 -0.00458059
38.465 -0.00426144
38.4775 -0.00392749
38.49 -0.00357832
38.5025 -0.00321354
38.515 -0.00283303
38.5275 -0.00243741
38.54 -0.00202768
38.5525 -0.00160494
38.565 -0.00117066
38.5775 -0.000726652
38.59 -0.000275191
38.6025 0.000181104
38.615 0.000639444
38.6275 0.00109689
38.64 0.00155038
38.6525 0.00199666
38.665 0.00243243
38.6775 0.00285451
38.69 0.00325987
38.7025 0.00364571
38.715 0.00401429
38.7275 0.00435871
38.74 0.00467364
38.7525 0.00496208
38.765 0.00522023
38.7775 0.00544669
38.79 0.00564003
38.8025 0.00580106
38.815 0.00592985
38.8275 0.00602626
38.84 0.00609067
38.8525 0.00612402
38.865 0.00612749
38.8775 0.00610214
38.89 0.00604925
38.9025 0.00597069
38.915 0.0058684
38.9275 0.00574398
38.94 0.00559918
38.9525 0.00543603
38.965 0.00525668
38.9775 0.00506353
38.99 0.00485867
39.0025 0.00464385
39.015 0.00442085
39.0275 0.00418992
39.04 0.00395714
39.0525 0.00372365
39.065 0.00349387
39.0775 0.00327026
39.09 0.0030557
39.1025 0.00285315
39.115 0.00266584
39.1275 0.00249764
39.14 0.00235239
39.1525 0.00223354
39.165 0.00214451
39.1775 0.00208855
39.19 0.00206942
39.2025 0.00209046
39.215 0.0021546
39.2275 0.00226416
39.24 0.00242222
39.2525 0.00263137
39.265 0.00289215
39.2775 0.00320627
39.29 0.00357489
39.3025 0.00399823
39.315 0.00447545
39.3275 0.00500514
39.34 0.00558574
39.3525 0.00621512
39.365 0.00689026
39.3775 0.00760726
39.39 0.00836172
39.4025 0.00914933
39.415 0.00996482
39.4275 0.0108021
39.44 0.0116498
39.4525 0.0125122
39.465 0.0133736
39.4775 0.0142221
39.49 0.0150511
39.5025 0.0158567
39.515 0.0166261
39.5275 0.017338
39.54 0.0180196
39.5525 0.0186492
39.565 0.0192236
39.5775 0.0197506
39.59 0.0202161
39.6025 0.0206219
39.615 0.0209682
39.6275 0.0212524
39.64 0.0214734
39.6525 0.0216279
39.665 0.0217133
39.6775 0.0217296
39.69 0.0216759
39.7025 0.0215517
39.715 0.0213577
39.7275 0.0210957
39.74 0.0207667
39.7525 0.0203723
39.765 0.0199152
39.7775 0.0193996
39.79 0.0188302
39.8025 0.0182112
39.815 0.0175481
39.8275 0.0168468
39.84 0.0161137
39.8525 0.015355
39.865 0.0145782
39.8775 0.0137879
39.89 0.0129885
39.9025 0.012187
39.915 0.0113913
39.9275 0.0105972
39.94 0.00980469
39.9525 0.00901617
39.965 0.00823712
39.9775 0.00747169
39.99 0.00672183
40.0025 0.00598873
40.015 0.00527443
40.0275 0.00458284
40.04 0.00391915
40.0525 0.00328835
40.065 0.00269419
40.0775 0.00213958
40.09 0.00162775
40.1025 0.00116214
40.115 0.000747714
40.1275 0.00038895
40.14 8.86492e-05
40.1525 -0.000151314
40.165 -0.000329157
40.1775 -0.000442737
40.19 -0.000490088
40.2025 -0.000470457
40.215 -0.000384921
40.2275 -0.000234837
40.24 -2.1607e-05
40.2525 0.000249703
40.265 0.000574721
40.2775 0.000950247
40.29 0.00137155
40.3025 0.00183181
40.315 0.00232345
40.3275 0.00283982
40.34 0.00337476
40.3525 0.00392284
40.365 0.00447859
40.3775 0.00503462
40.39 0.00558481
40.4025 0.0061236
40.415 0.00664586
40.4275 0.00714621
40.44 0.0076194
40.4525 0.00806173
40.465 0.00846928
40.4775 0.00883958
40.49 0.00917032
40.5025 0.009459
40.515 0.00970334
40.5275 0.0099017
40.54 0.0100531
40.5525 0.0101567
40.565 0.0102113
40.5775 0.0102163
40.59 0.0101721
40.6025 0.010079
40.615 0.00993688
40.6275 0.00974703
40.64 0.0095114
40.6525 0.009232
40.665 0.00891117
40.6775 0.00855228
40.69 0.00815695
40.7025 0.00772773
40.715 0.00726786
40.7275 0.00678268
40.74 0.00627581
40.7525 0.00574714
40.765 0.00519818
40.7775 0.00463102
40.79 0.00404708
40.8025 0.00344862
40.815 0.00283728
40.8275 0.00221536
40.84 0.00158571
40.8525 0.000951584
40.865 0.00031643
40.8775 -0.000316223
40.89 -0.000943593
40.9025 -0.00156288
40.915 -0.00217084
40.9275 -0.00276412
40.94 -0.00333945
40.9525 -0.00389415
40.965 -0.00442627
40.9775 -0.00493432
40.99 -0.00541669
41.0025 -0.00587183
41.015 -0.00629863
41.0275 -0.00669673
41.04 -0.00706652
41.0525 -0.00740871
41.065 -0.00772403
41.0775 -0.00801341
41.09 -0.00827817
41.1025 -0.00852023
41.115 -0.00874201
41.1275 -0.00894561
41.14 -0.00913322
41.1525 -0.00930717
41.165 -0.00947082
41.1775 -0.00962833
41.19 -0.00977728
41.2025 -0.0099222
41.215 -0.0100666
41.2275 -0.0102122
41.24 -0.0103612
41.2525 -0.0105113
41.265 -0.0106672
41.2775 -0.0108309
41.29 -0.0110017
41.3025 -0.0111791
41.315 -0.011363
41.3275 -0.0115533
41.34 -0.0117496
41.3525 -0.0119512
41.365 -0.0121567
41.3775 -0.0123641
41.39 -0.0125725
41.4025 -0.0127807
41.415 -0.012988
41.4275 -0.013193
41.44 -0.0133942
41.4525 -0.0135906
41.465 -0.0137819
41.4775 -0.0139684
41.49 -0.0141501
41.5025 -0.014327
41.515 -0.0144996
41.5275 -0.0146689
41.54 -0.0148363
41.5525 -0.0150032
41.565 -0.0151713
41.5775 -0.0153421
41.59 -0.0155171
41.6025 -0.0156981
41.615 -0.015887
41.6275 -0.0160853
41.64 -0.0162942
41.6525 -0.0165146
41.665 -0.0167474
41.6775 -0.0169928
41.69 -0.0172508
41.7025 -0.0175209
41.715 -0.0178022
41.7275 -0.0180931
41.74 -0.018392
41.7525 -0.0186967
41.765 -0.0190046
41.7775 -0.0193133
41.79 -0.0196194
41.8025 -0.0199196
41.815 -0.0202105
41.8275 -0.0204884
41.84 -0.0207501
41.8525 -0.0209923
41.865 -0.0212119
41.8775 -0.0214065
41.89 -0.0215737
41.9025 -0.0217119
41.915 -0.0218201
41.9275 -0.0218976
41.94 -0.0219445
41.9525 -0.0219615
41.965 -0.0219503
41.9775 -0.0219129
41.99 -0.0218522
42.0025 -0.0217695
42.015 -0.0216682
42.0275 -0.0215506
42.04 -0.0214202
42.0525 -0.0212811
42.065 -0.021136
42.0775 -0.0209865
42.09 -0.0208356
42.1025 -0.0206855
42.115 -0.020538
42.1275 -0.0203947
42.14 -0.0202566
42.1525 -0.020124
42.165 -0.0199982
42.1775 -0.01988
42.19 -0.0197696
42.2025 -0.0196659
42.215 -0.0195681
42.2275 -0.0194752
42.24 -0.0193869
42.2525 -0.0193028
42.265 -0.0192228
42.2775 -0.0191466
42.29 -0.0190744
42.3025 -0.0190075
42.315 -0.0189472
42.3275 -0.0188929
42.34 -0.018847
42.3525 -0.0188116
42.365 -0.0187889
42.3775 -0.0187817
42.39 -0.0187918
42.4025 -0.0188214
42.415 -0.018873
42.4275 -0.0189492
42.44 -0.0190517
42.4525 -0.019182
42.465 -0.0193419
42.4775 -0.0195323
42.49 -0.0197519
42.5025 -0.0200002
42.515 -0.0202742
42.5275 -0.0205761
42.54 -0.0210392
42.5525 -0.0212873
42.565 -0.0217127
42.5775 -0.0222751
42.59 -0.022734
42.6025 -0.0232739
42.615 -0.0238195
42.6275 -0.0244603
42.64 -0.0251436
42.6525 -0.0257633
42.665 -0.0264291
42.6775 -0.0271367
42.69 -0.0278552
42.7025 -0.0285492
42.715 -0.0292436
42.7275 -0.0299494
42.74 -0.0306248
42.7525 -0.0312829
42.765 -0.0319235
42.7775 -0.0325362
42.79 -0.0330943
42.8025 -0.0336021
42.815 -0.0340741
42.8275 -0.0344937
42.84 -0.0348468
42.8525 -0.0351352
42.865 -0.0353501
42.8775 -0.0354961
42.89 -0.035559
42.9025 -0.0355361
42.915 -0.0354296
42.9275 -0.0352326
42.94 -0.0349438
42.9525 -0.0345632
42.965 -0.0340902
42.9775 -0.0335225
42.99 -0.0328608
43.0025 -0.0321088
43.015 -0.0312663
43.0275 -0.0303322
43.04 -0.0293103
43.0525 -0.0282043
43.065 -0.0270182
43.0775 -0.0257543
43.09 -0.024416
43.1025 -0.0230093
43.115 -0.0215374
43.1275 -0.0200054
43.14 -0.0184158
43.1525 -0.0167701
43.165 -0.0150719
43.1775 -0.0133249
43.19 -0.0115343
43.2025 -0.00970327
43.215 -0.00783481
43.2275 -0.00593827
43.24 -0.00400789
43.2525 -0.00205
43.265 -5.91057e-05
43.2775 0.00199734
43.29 0.00403927
43.3025 0.00609816
43.315 0.00815211
43.3275 0.0102118
43.34 0.0122969
43.3525 0.0143695
43.365 0.0164377
43.3775 0.0184675
43.39 0.0204586
43.4025 0.0224058
43.415 0.0243085
43.4275 0.0261547
43.44 0.0279085
43.4525 0.0295554
43.465 0.0310979
43.4775 0.0325448
43.49 0.0338798
43.5025 0.0352588
43.515 0.0362874
43.5275 0.0372908
43.54 0.0381645
43.5525 0.038905
43.565 0.0395302
43.5775 0.0400011
43.59 0.0403464
43.6025 0.040568
43.615 0.0406582
43.6275 0.0406223
43.64 0.0404643
43.6525 0.040198
43.665 0.0398319
43.6775 0.0393654
43.69 0.0388041
43.7025 0.038161
43.715 0.0374472
43.7275 0.0366697
43.74 0.0358346
43.7525 0.0349483
43.765 0.0340164
43.7775 0.0330477
43.79 0.0320479
43.8025 0.0310225
43.815 0.0299766
43.8275 0.0289144
43.84 0.0278395
43.8525 0.0267544
43.865 0.0256616
43.8775 0.0245633
43.89 0.0234612
43.9025 0.0223579
43.915 0.0212551
43.9275 0.0201543
43.94 0.0190572
43.9525 0.0179655
43.965 0.0168821
43.9775 0.0158108
43.99 0.0147556
44.0025 0.0137209
44.015 0.0127117
44.0275 0.0117331
44.04 0.010791
44.0525 0.00989158
44.065 0.00904155
44.0775 0.00824751
44.09 0.00751595
44.1025 0.00685276
44.115 0.00626344
44.1275 0.005753
44.14 0.00532579
44.1525 0.0049855
44.165 0.00473487
44.1775 0.00457594
44.19 0.0045099
44.2025 0.00453621
44.215 0.00465241
44.2275 0.00485479
44.24 0.00513709
44.2525 0.00549588
44.265 0.00592204
44.2775 0.00641082
44.29 0.0069567
44.3025 0.00755459
44.315 0.00819717
44.3275 0.00887491
44.34 0.00957932
44.3525 0.0103038
44.365 0.011044
44.3775 0.0117958
44.39 0.0125541
44.4025 0.0133126
44.415 0.0140654
44.4275 0.014809
44.44 0.0155424
44.4525 0.0162653
44.465 0.0169761
44.4775 0.0176723
44.49 0.0183519
44.5025 0.0190134
44.515 0.0196561
44.5275 0.0202809
44.54 0.0208882
44.5525 0.0214776
44.565 0.0220474
44.5775 0.0225955
44.59 0.0231197
44.6025 0.0236186
44.615 0.0240906
44.6275 0.024533
44.64 0.0249419
44.6525 0.0253124
44.665 0.0256412
44.6775 0.0259254
44.69 0.0261613
44.7025 0.0263433
44.715 0.0264658
44.7275 0.0265255
44.74 0.0265201
44.7525 0.0264468
44.765 0.0263031
44.7775 0.0260871
44.79 0.0257983
44.8025 0.02544
44.815 0.0250143
44.8275 0.0245192
44.84 0.0239552
44.8525 0.02333
44.865 0.0226503
44.8775 0.0219185
44.89 0.0211367
44.9025 0.0203074
44.915 0.019437
44.9275 0.0185322
44.94 0.017601
44.9525 0.0166484
44.965 0.015679
44.9775 0.0146974
44.99 0.0137096
45.0025 0.0127165
45.015 0.011725
45.0275 0.010744
45.04 0.00977786
45.0525 0.00882374
45.065 0.00787966
45.0775 0.00694776
45.09 0.00602809
45.1025 0.00512187
45.115 0.004231
45.1275 0.00335526
45.14 0.00249527
45.1525 0.00165159
45.165 0.000823069
45.1775 1.12473e-05
45.19 -0.000782924
45.2025 -0.00155826
45.215 -0.00231213
45.2275 -0.00304265
45.24 -0.00374775
45.2525 -0.00442512
45.265 -0.0050721
45.2775 -0.00568555
45.29 -0.00626125
45.3025 -0.00679546
45.315 -0.00728326
45.3275 -0.00772075
45.34 -0.00810569
45.3525 -0.00843556
45.365 -0.00870607
45.3775 -0.00891534
45.39 -0.00905988
45.4025 -0.00913741
45.415 -0.00914668
45.4275 -0.00908851
45.44 -0.00896437
45.4525 -0.00877487
45.465 -0.00852354
45.4775 -0.00821464
45.49 -0.00784752
45.5025 -0.00743002
45.515 -0.00696732
45.5275 -0.00645961
45.54 -0.00591138
45.5525 -0.00532585
45.565 -0.00470851
45.5775 -0.00406614
45.59 -0.00340099
45.6025 -0.00271663
45.615 -0.00201532
45.6275 -0.00129869
45.64 -0.000569631
45.6525 0.000168446
45.665 0.000913097
45.6775 0.00166247
45.69 0.00241504
45.7025 0.00317036
45.715 0.00392768
45.7275 0.0046855
45.74 0.00544275
45.7525 0.00619847
45.765 0.00694989
45.7775 0.00769729
45.79 0.00843974
45.8025 0.00917591
45.815 0.00990492
45.8275 0.0106246
45.84 0.0113326
45.8525 0.0120268
45.865 0.0127047
45.8775 0.0133644
45.89 0.0140034
45.9025 0.014619
45.915 0.0152083
45.9275 0.0157679
45.94 0.016297
45.9525 0.0167958
45.965 0.0172524
45.9775 0.0176688
45.99 0.0180409
46.0025 0.0183676
46.015 0.0186465
46.0275 0.0188761
46.04 0.0190551
46.0525 0.0191829
46.065 0.0192597
46.0775 0.0192858
46.09 0.0192626
46.1025 0.0191916
46.115 0.0190746
46.1275 0.0189139
46.14 0.0187129
46.1525 0.0184739
46.165 0.0181982
46.1775 0.0178888
46.19 0.0175503
46.2025 0.0171862
46.215 0.0167994
46.2275 0.0163911
46.24 0.0159607
46.2525 0.0155101
46.265 0.0150425
46.2775 0.0145588
46.29 0.0140609
46.3025 0.0135489
46.315 0.0130239
46.3275 0.012488
46.34 0.0119429
46.3525 0.0113898
46.365 0.0108263
46.3775 0.0102533
46.39 0.00967098
46.4025 0.00907929
46.415 0.00847875
46.4275 0.00786988
46.44 0.0072538
46.4525 0.00663204
46.465 0.00600655
46.4775 0.00537896
46.49 0.00475069
46.5025 0.00412236
46.515 0.00349609
46.5275 0.00287417
46.54 0.00225794
46.5525 0.0016502
46.565 0.00105361
46.5775 0.000469548
46.59 -0.000100117
46.6025 -0.000654127
46.615 -0.00119098
46.6275 -0.00170882
46.64 -0.00220595
46.6525 -0.00268104
46.665 -0.00313322
46.6775 -0.00356208
46.69 -0.00396759
46.7025 -0.00434984
46.715 -0.00470865
46.7275 -0.00504468
46.74 -0.0053586
46.7525 -0.00565115
46.765 -0.0059237
46.7775 -0.00617784
46.79 -0.00641557
46.8025 -0.00663894
46.815 -0.00684911
46.8275 -0.0070481
46.84 -0.00723834
46.8525 -0.00742143
46.865 -0.00759906
46.8775 -0.00777346
46.89 -0.0079463
46.9025 -0.00811875
46.915 -0.00829231
46.9275 -0.00846809
46.94 -0.00864712
46.9525 -0.00883015
46.965 -0.00901754
46.9775 -0.00920948
46.99 -0.00940613
47.0025 -0.00960711
47.015 -0.0098124
47.0275 -0.0100212
47.04 -0.0102324
47.0525 -0.0104454
47.065 -0.0106595
47.0775 -0.0108733
47.09 -0.0110861
47.1025 -0.011297
47.115 -0.0115051
47.1275 -0.01171
47.14 -0.0119107
47.1525 -0.0121071
47.165 -0.0122988
47.1775 -0.0124856
47.19 -0.0126676
47.2025 -0.012845
47.215 -0.0130178
47.2275 -0.0131874
47.24 -0.013354
47.2525 -0.0135199
47.265 -0.0136851
47.2775 -0.0138503
47.29 -0.0140189
47.3025 -0.0141919
47.315 -0.01437
47.3275 -0.0145553
47.34 -0.0147493
47.3525 -0.0149535
47.365 -0.0151692
47.3775 -0.0153975
47.39 -0.0156396
47.4025 -0.0158964
47.415 -0.0161686
47.4275 -0.0164569
47.44 -0.0167616
47.4525 -0.017083
47.465 -0.0174214
47.4775 -0.0177762
47.49 -0.0181477
47.5025 -0.0185357
47.515 -0.0189393
47.5275 -0.0193585
47.54 -0.0197928
47.5525 -0.0202417
47.565 -0.0207045
47.5775 -0.0211808
47.59 -0.0216703
47.6025 -0.0221728
47.615 -0.0226875
47.6275 -0.0232124
47.64 -0.0237483
47.6525 -0.0242975
47.665 -0.024858
47.6775 -0.0254298
47.69 -0.026012
47.7025 -0.0266042
47.715 -0.0272071
47.7275 -0.0278203
47.74 -0.0284438
47.7525 -0.0290768
47.765 -0.0297184
47.7775 -0.0303674
47.79 -0.0310231
47.8025 -0.0316845
47.815 -0.0323504
47.8275 -0.033019
47.84 -0.0336879
47.8525 -0.0343553
47.865 -0.035019
47.8775 -0.0356768
47.89 -0.0363268
47.9025 -0.0369662
47.915 -0.0375924
47.9275 -0.0382026
47.94 -0.0387946
47.9525 -0.0393663
47.965 -0.0399157
47.9775 -0.0404409
47.99 -0.0409395
48.0025 -0.0414096
48.015 -0.0418493
48.0275 -0.0422574
48.04 -0.0426329
48.0525 -0.0429749
48.065 -0.0432827
48.0775 -0.0435559
48.0881 -0.0437602
48.1 -0.0439775
48.1125 -0.0441728
48.125 -0.0443744
48.1375 -0.0445769
48.15 -0.0447636
48.1625 -0.044923
48.175 -0.0450619
48.1875 -0.045186
48.2 -0.0452924
48.2125 -0.0453796
48.225 -0.0454392
48.2375 -0.0454705
48.25 -0.0454731
48.2625 -0.045448
48.275 -0.0453913
48.2875 -0.0452983
48.3 -0.0451696
48.3125 -0.0450042
48.325 -0.0448014
48.3375 -0.044563
48.35 -0.0442871
48.3625 -0.0439731
48.375 -0.0436223
48.3875 -0.0432358
48.4 -0.0428152
48.4125 -0.0423622
48.425 -0.0418779
48.4375 -0.0413638
48.45 -0.0408215
48.4625 -0.0402525
48.475 -0.0396581
48.4875 -0.0390394
48.5 -0.0383973
48.5125 -0.0377329
48.525 -0.037047
48.5375 -0.0363407
48.55 -0.0356146
48.5625 -0.0348698
48.575 -0.0341076
48.5875 -0.0333276
48.6 -0.0325282
48.6125 -0.0317111
48.625 -0.0308766
48.6375 -0.0300255
48.65 -0.0291592
48.6625 -0.0282772
48.675 -0.0273803
48.6875 -0.0264695
48.7 -0.0255437
48.7125 -0.0246038
48.725 -0.0236519
48.7375 -0.0226895
48.75 -0.0217171
48.7625 -0.0207368
48.775 -0.0197499
48.7875 -0.0187579
48.8 -0.0177623
48.8125 -0.0167645
48.825 -0.0157665
48.8375 -0.0147705
48.85 -0.0137788
48.8625 -0.0127936
48.875 -0.0118172
48.8875 -0.0108513
48.9 -0.00989762
48.9125 -0.00895784
48.925 -0.00803389
48.9375 -0.00712777
48.95 -0.00624157
48.9625 -0.00537714
48.975 -0.00453594
48.9875 -0.00371895
49 -0.00292708
49.0125 -0.00216085
49.025 -0.00142099
49.0375 -0.000708215
49.05 -2.3243e-05
49.0625 0.000633339
49.075 0.00126163
49.0875 0.00186158
49.1 0.00243405
49.1125 0.00297905
49.125 0.00349671
49.1375 0.00398749
49.15 0.00445162
49.1625 0.00488956
49.175 0.0053018
49.1875 0.00568885
49.2 0.00605136
49.2125 0.0063899
49.225 0.00670508
49.2375 0.00699751
49.25 0.00726774
49.2625 0.00751644
49.275 0.00774402
49.2875 0.00795076
49.3 0.00813738
49.3125 0.00830469
49.325 0.00845289
49.3375 0.00858277
49.35 0.00869499
49.3625 0.00879068
49.375 0.00887126
49.3875 0.00893785
49.4 0.00899169
49.4125 0.00903366
49.425 0.00906538
49.4375 0.00908907
49.45 0.0091065
49.4625 0.00911869
49.475 0.00912222
49.4875 0.00913279
49.5 0.00914539
49.5125 0.00916631
49.525 0.00919962
49.5375 0.00924526
49.55 0.0093077
49.5625 0.00938805
49.575 0.00948816
49.5875 0.00960903
49.6 0.00975707
49.6125 0.00992947
49.625 0.0101213
49.6375 0.0103348
49.65 0.0105711
49.6625 0.0108272
49.675 0.0110999
49.6875 0.0113908
49.7 0.0116998
49.7125 0.0120265
49.725 0.0123706
49.7375 0.0127302
49.75 0.0131036
49.7625 0.01349
49.775 0.0138885
49.7875 0.0142991
49.8 0.0147207
49.8125 0.0151509
49.825 0.0155875
49.8375 0.0160302
49.85 0.016479
49.8625 0.0169326
49.875 0.0173893
49.8875 0.0178476
49.9 0.018307
49.9125 0.0187667
49.925 0.0192252
49.9375 0.0196808
49.95 0.0201324
49.9625 0.0205789
49.975 0.0210188
49.9875 0.0214504
50 0.0218721
50.0125 0.022282
50.025 0.0226786
50.0375 0.02306
50.05 0.0234244
50.0625 0.0237695
50.075 0.0240933
50.0875 0.0243941
50.1 0.0246697
50.1125 0.0249185
50.125 0.0251384
50.1375 0.0253279
50.15 0.0254855
50.1625 0.0256099
50.175 0.0256997
50.1875 0.0257544
50.2 0.025773
50.2125 0.025755
50.225 0.0257008
50.2375 0.0256108
50.25 0.0254857
50.2625 0.0253262
50.275 0.025134
50.2875 0.0249105
50.3 0.0246574
50.3125 0.0243771
50.325 0.0240691
50.3375 0.0237346
50.35 0.0233764
50.3625 0.0229973
50.375 0.0225986
50.3875 0.0221797
50.4 0.02174
50.4125 0.0212806
50.425 0.0208032
50.4375 0.0203093
50.45 0.0198008
50.4625 0.0192782
50.475 0.0187418
50.4875 0.0181923
50.5 0.0176306
50.5125 0.017058
50.525 0.0164762
50.5375 0.015887
50.55 0.015292
50.5625 0.0146926
50.575 0.0140901
50.5875 0.0134858
50.6 0.0128823
50.6125 0.0122807
50.625 0.0116814
50.6375 0.0110874
50.65 0.010502
50.6625 0.00992842
50.675 0.00936797
50.6875 0.0088208
50.7 0.00828606
50.7125 0.00776488
50.725 0.00725872
50.7375 0.00676831
50.75 0.00629469
50.7625 0.00583835
50.775 0.0053987
50.7875 0.00497483
50.8 0.0045656
50.8125 0.00417028
50.825 0.00378798
50.8375 0.00341825
50.85 0.00306064
50.8625 0.00271376
50.875 0.0023768
50.8875 0.00204827
50.9 0.0017275
50.9125 0.0014129
50.925 0.00110361
50.9375 0.000799085
50.95 0.000498136
50.9625 0.000199582
50.975 -9.75813e-05
50.9875 -0.000394284
51 -0.000691156
51.0125 -0.000988696
51.025 -0.00128708
51.0375 -0.00158645
51.05 -0.0018869
51.0625 -0.00218857
51.075 -0.00249162
51.0875 -0.00279535
51.1 -0.00309988
51.1125 -0.00340445
51.125 -0.00370877
51.1375 -0.00401272
51.15 -0.00431519
51.1625 -0.00461625
51.175 -0.00491563
51.1875 -0.00521303
51.2 -0.00550845
51.2125 -0.00580169
51.225 -0.00609274
51.2375 -0.00638166
51.25 -0.00666863
51.2625 -0.00695426
51.275 -0.00723898
51.2875 -0.00752346
51.3 -0.00780842
51.3125 -0.00809468
51.325 -0.00838304
51.3375 -0.00867399
51.35 -0.00896841
51.3625 -0.00926718
51.375 -0.00957122
51.3875 -0.00988146
51.4 -0.0101986
51.4125 -0.010523
51.425 -0.0108551
51.4375 -0.0111951
51.45 -0.0115432
51.4625 -0.0118994
51.475 -0.0122638
51.4875 -0.0126362
51.5 -0.013016
51.5125 -0.0134027
51.525 -0.0137958
51.5375 -0.0141941
51.55 -0.0145972
51.5625 -0.0150036
51.575 -0.0154129
51.5875 -0.0158248
51.6 -0.0162372
51.6125 -0.0166503
51.625 -0.0170631
51.6375 -0.0174743
51.65 -0.0178828
51.6625 -0.0182876
51.675 -0.0186881
51.6875 -0.0190846
51.7 -0.0194777
51.7125 -0.0198668
51.725 -0.0202523
51.7375 -0.0206334
51.75 -0.0210093
51.7625 -0.0213803
51.775 -0.0217465
51.7875 -0.0221083
51.8 -0.0224662
51.8125 -0.0228202
51.825 -0.0231704
51.8375 -0.0235167
51.85 -0.0238587
51.8625 -0.0241965
51.875 -0.0245303
51.8875 -0.0248602
51.9 -0.025186
51.9125 -0.0255075
51.925 -0.025824
51.9375 -0.0261352
51.95 -0.0264402
51.9625 -0.0267381
51.975 -0.0270286
51.9875 -0.0273105
52 -0.0275828
52.0125 -0.0278448
52.025 -0.0280954
52.0375 -0.0283339
52.05 -0.0285594
52.0625 -0.028771
52.075 -0.0289679
52.0875 -0.0291492
52.1 -0.0293142
52.1125 -0.0294624
52.125 -0.0295933
52.1375 -0.0297066
52.15 -0.0298022
52.1625 -0.0298801
52.175 -0.0299405
52.1875 -0.0299837
52.2 -0.0300099
52.2125 -0.0300196
52.225 -0.0300134
52.2375 -0.029992
52.25 -0.0299563
52.2625 -0.0299072
52.275 -0.0298455
52.2875 -0.0297723
52.3 -0.0296888
52.3125 -0.029596
52.325 -0.0294952
52.3375 -0.0293873
52.35 -0.0292729
52.3625 -0.0291535
52.375 -0.0290302
52.3875 -0.0289027
52.4 -0.0287703
52.4125 -0.0286329
52.425 -0.0284902
52.4375 -0.0283421
52.45 -0.0281884
52.4625 -0.0280287
52.475 -0.0278624
52.4875 -0.0276892
52.5 -0.0275089
52.5125 -0.0273217
52.525 -0.0271277
52.5375 -0.0269269
52.55 -0.0267198
52.5625 -0.0265062
52.575 -0.0262868
52.5875 -0.0260618
52.6 -0.0258318
52.6125 -0.0255973
52.625 -0.0253591
52.6375 -0.0251178
52.65 -0.0248742
52.6625 -0.0246289
52.675 -0.0243827
52.6875 -0.0241363
52.7 -0.0238901
52.7125 -0.0236448
52.725 -0.0234009
52.7375 -0.0231588
52.75 -0.0229187
52.7625 -0.0226807
52.775 -0.0224451
52.7875 -0.0222116
52.8 -0.0219799
52.8125 -0.0217495
52.825 -0.0215204
52.8375 -0.0212919
52.85 -0.0210637
52.8625 -0.0208352
52.875 -0.0206055
52.8875 -0.0203743
52.9 -0.0201405
52.9125 -0.0199035
52.925 -0.0196631
52.9375 -0.0194189
52.95 -0.0191705
52.9625 -0.0189174
52.975 -0.0186598
52.9875 -0.0183969
53 -0.0181288
53.0125 -0.0178559
53.025 -0.0175783
53.0375 -0.0172965
53.05 -0.0170106
53.0625 -0.016721
53.075 -0.0164281
53.0875 -0.0161324
53.1 -0.0158342
53.1125 -0.0155343
53.125 -0.0152329
53.1375 -0.0149306
53.15 -0.014628
53.1625 -0.0143252
53.175 -0.0140225
53.1875 -0.0137202
53.2 -0.0134185
53.2125 -0.0131176
53.225 -0.0128175
53.2375 -0.0125182
53.25 -0.0122195
53.2625 -0.0119217
53.275 -0.0116244
53.2875 -0.0113271
53.3 -0.0110298
53.3125 -0.0107322
53.325 -0.0104342
53.3375 -0.0101354
53.35 -0.00983566
53.3625 -0.00953484
53.375 -0.00923282
53.3875 -0.00892952
53.4 -0.00862496
53.4125 -0.00831925
53.425 -0.00801259
53.4375 -0.00770527
53.45 -0.0073977
53.4625 -0.00709035
53.475 -0.00678373
53.4875 -0.00647833
53.5 -0.00617473
53.5125 -0.00587354
53.525 -0.00557547
53.5375 -0.00528122
53.55 -0.00499151
53.5625 -0.00470697
53.575 -0.00442817
53.5875 -0.00415557
53.6 -0.00388959
53.6125 -0.0036306
53.625 -0.00337891
53.6375 -0.00313482
53.65 -0.00289843
53.6625 -0.00266974
53.675 -0.00244865
53.6875 -0.00223495
53.7 -0.00202836
53.7125 -0.00182856
53.725 -0.00163518
53.7375 -0.00144781
53.75 -0.001266
53.7625 -0.00108935
53.775 -0.000917508
53.7875 -0.00074959
53.8 -0.000585279
53.8125 -0.000424302
53.825 -0.000266268
53.8375 -0.000110967
53.85 4.19073e-05
53.8625 0.000192588
53.875 0.000341172
53.8875 0.00048769
53.9 0.000632084
53.9125 0.000774261
53.925 0.000914115
53.9375 0.00105149
53.95 0.00118618
53.9625 0.00131795
53.975 0.00144652
53.9875 0.00157165
54 0.00169314
54.0125 0.00181087
54.025 0.00192477
54.0375 0.00203468
54.05 0.00214041
54.0625 0.00224211
54.075 0.00233985
54.0875 0.00243381
54.1 0.00252428
54.1125 0.00261152
54.125 0.0026959
54.1375 0.00277782
54.15 0.00285772
54.1625 0.00293611
54.175 0.0030135
54.1875 0.00309044
54.2 0.00316748
54.2125 0.00324513
54.225 0.00332386
54.2375 0.00340411
54.25 0.00348626
54.2625 0.00357063
54.275 0.00365749
54.2875 0.00374702
54.3 0.00383933
54.3125 0.00393446
54.325 0.00403235
54.3375 0.00413286
54.35 0.00423577
54.3625 0.00434078
54.375 0.00444755
54.3875 0.00455571
54.4 0.00466485
54.4125 0.00477451
54.425 0.00488426
54.4375 0.00499361
54.45 0.00510209
54.4625 0.00520928
54.475 0.00531475
54.4875 0.00541817
54.5 0.00551923
54.5125 0.00561768
54.525 0.00571334
54.5375 0.00580605
54.55 0.00589571
54.5625 0.0059823
54.575 0.00606582
54.5875 0.00614635
54.6 0.00622399
54.6125 0.00629887
54.625 0.00637114
54.6375 0.00644095
54.65 0.00650845
54.6625 0.00657374
54.675 0.00663693
54.6875 0.0066981
54.7 0.0067573
54.7125 0.00681451
54.725 0.00686961
54.7375 0.00692245
54.75 0.00697277
54.7625 0.00702026
54.775 0.00706455
54.7875 0.00710518
54.8 0.00714161
54.8125 0.00717322
54.825 0.00719956
54.8375 0.00722005
54.85 0.00723417
54.8625 0.0072414
54.875 0.00724129
54.8875 0.0072335
54.9 0.00721777
54.9125 0.00719392
54.925 0.00716196
54.9375 0.00712203
54.95 0.00707438
54.9625 0.00701938
54.975 0.00695758
54.9875 0.00688966
55 0.00681637
55.0125 0.00673855
55.025 0.006657
55.0375 0.00657252
55.05 0.00648574
55.0625 0.0063973
55.075 0.00630808
55.0875 0.00621847
55.1 0.00612875
55.1125 0.00603922
55.125 0.00595034
55.1375 0.00586221
55.15 0.00577515
55.1625 0.00568881
55.175 0.00560364
55.1875 0.00551898
55.2 0.00543495
55.2125 0.00535148
55.225 0.00526841
55.2375 0.00518572
55.25 0.00510304
55.2625 0.00502043
55.275 0.00493739
55.2875 0.00485416
55.3 0.00477
55.3125 0.00468561
55.325 0.00460045
55.3375 0.00451452
55.35 0.00442826
55.3625 0.00434139
55.375 0.00425408
55.3875 0.00416636
55.4 0.00407825
55.4125 0.00399019
55.425 0.00390216
55.4375 0.0038142
55.45 0.00372691
55.4625 0.00363992
55.475 0.00355327
55.4875 0.00346734
55.5 0.00338177
55.5125 0.00329673
55.525 0.00321243
55.5375 0.00312843
55.55 0.00304479
55.5625 0.00296155
55.575 0.00287824
55.5875 0.00279467
55.6 0.00271086
55.6125 0.0026265
55.625 0.0025414
55.6375 0.00245521
55.65 0.00236774
55.6625 0.00227893
55.675 0.00218845
55.6875 0.00209608
55.7 0.00200164
55.7125 0.00190509
55.725 0.00180636
55.7375 0.0017053
55.75 0.001602
55.7625 0.00149656
55.775 0.00138895
55.7875 0.00127934
55.8 0.00116786
55.8125 0.00105464
55.825 0.00094011
55.8375 0.000824417
55.85 0.00070784
55.8625 0.000590691
55.875 0.000473156
55.8875 0.000355581
55.9 0.000238275
55.9125 0.000121513
55.925 5.57034e-06
55.9375 -0.000109374
55.95 -0.000223131
55.9625 -0.000335527
55.975 -0.00044645
55.9875 -0.000555699
56 -0.000663262
56.0125 -0.000769135
56.025 -0.000873233
56.0375 -0.00097559
56.05 -0.00107631
56.0625 -0.00117534
56.075 -0.0012729
56.0875 -0.00136901
56.1 -0.0014637
56.1125 -0.00155714
56.125 -0.00164936
56.1375 -0.00174042
56.15 -0.00183042
56.1625 -0.00191938
56.175 -0.00200734
56.1875 -0.0020943
56.2 -0.0021802
56.2125 -0.00226496
56.225 -0.00234846
56.2375 -0.00243067
56.25 -0.0025114
56.2625 -0.00259047
56.275 -0.00266779
56.2875 -0.0027432
56.3 -0.00281643
56.3125 -0.00288728
56.325 -0.00295554
56.3375 -0.00302105
56.35 -0.00308368
56.3625 -0.00314329
56.375 -0.00319977
56.3875 -0.00325301
56.4 -0.00330292
56.4125 -0.00334949
56.425 -0.0033927
56.4375 -0.0034326
56.45 -0.00346927
56.4625 -0.00350277
56.475 -0.00353331
56.4875 -0.00356105
56.5 -0.00358613
56.5125 -0.00360878
56.525 -0.00362919
56.5375 -0.00364756
56.55 -0.00366416
56.5625 -0.00367922
56.575 -0.00369297
56.5875 -0.00370563
56.6 -0.00371732
56.6125 -0.00372828
56.625 -0.00373865
56.6375 -0.00374854
56.65 -0.00375809
56.6625 -0.00376734
56.675 -0.00377637
56.6875 -0.00378518
56.7 -0.00379377
56.7125 -0.00380212
56.725 -0.0038102
56.7375 -0.00381791
56.75 -0.0038252
56.7625 -0.00383202
56.775 -0.00383829
56.7875 -0.00384393
56.8 -0.00384886
56.8125 -0.00385303
56.825 -0.0038564
56.8375 -0.00385895
56.85 -0.00386068
56.8625 -0.0038616
56.875 -0.00386179
56.8875 -0.00386129
56.9 -0.00386017
56.9125 -0.00385857
56.925 -0.00385666
56.9375 -0.00385458
56.95 -0.00385246
56.9625 -0.00385048
56.975 -0.00384881
56.9875 -0.00384761
57 -0.00384702
57.0125 -0.00384716
57.025 -0.00384814
57.0375 -0.00385003
57.05 -0.00385284
57.0625 -0.00385655
57.075 -0.00386109
57.0875 -0.00386636
57.1 -0.00387216
57.1125 -0.00387836
57.125 -0.00388472
57.1375 -0.00389113
57.15 -0.00389731
57.1625 -0.00390296
57.175 -0.00390802
57.1875 -0.00391226
57.2 -0.00391552
57.2125 -0.00391764
57.225 -0.00391844
57.2375 -0.00391783
57.25 -0.00391569
57.2625 -0.00391197
57.275 -0.00390658
57.2875 -0.0038995
57.3 -0.00389075
57.3125 -0.00388033
57.325 -0.00386826
57.3375 -0.00385458
57.35 -0.00383936
57.3625 -0.00382267
57.375 -0.00380462
57.3875 -0.00378529
57.4 -0.00376477
57.4125 -0.00374318
57.425 -0.00372057
57.4375 -0.00369699
57.45 -0.0036725
57.4625 -0.00364711
57.475 -0.00362079
57.4875 -0.00359348
57.5 -0.00356515
57.5125 -0.00353569
57.525 -0.00350507
57.5375 -0.0034731
57.55 -0.00343967
57.5625 -0.00340468
57.575 -0.00336801
57.5875 -0.0033296
57.6 -0.00328937
57.6125 -0.00324725
57.625 -0.00320321
57.6375 -0.00315726
57.65 -0.0031094
57.6625 -0.00305962
57.675 -0.00300801
57.6875 -0.0029546
57.7 -0.00289946
57.7125 -0.00284272
57.725 -0.0027845
57.7375 -0.00272497
57.75 -0.00266424
57.7625 -0.0026024
57.775 -0.00253956
57.7875 -0.00247588
57.8 -0.00241152
57.8125 -0.00234667
57.825 -0.00228154
57.8375 -0.00221628
57.85 -0.002151
57.8625 -0.0020858
57.875 -0.0020208
57.8875 -0.00195606
57.9 -0.00189175
57.9125 -0.00182797
57.925 -0.00176471
57.9375 -0.00170207
57.95 -0.00164007
57.9625 -0.0015787
57.975 -0.00151797
57.9875 -0.00145786
58 -0.00139841
58.0125 -0.00133961
58.025 -0.00128149
58.0375 -0.00122407
58.05 -0.00116736
58.0625 -0.00111127
58.075 -0.00105588
58.0875 -0.00100123
58.1 -0.000947409
58.1125 -0.000894507
58.125 -0.000842592
58.1375 -0.000791729
58.15 -0.000742
58.1625 -0.000693508
58.175 -0.000646381
58.1875 -0.000600762
58.2 -0.000556794
58.2125 -0.000514598
58.225 -0.000474276
58.2375 -0.000435918
58.25 -0.000399613
58.2625 -0.000365455
58.275 -0.000333533
58.2875 -0.000303915
58.3 -0.000276649
58.3125 -0.000251744
58.325 -0.000229182
58.3375 -0.000208929
58.35 -0.000190957
58.3625 -0.000175207
58.375 -0.000161575
58.3875 -0.000150001
58.4 -0.000140372
58.4125 -0.000132548
58.425 -0.000126384
58.4375 -0.000121728
58.45 -0.00011844
58.4625 -0.000116405
58.475 -0.000115446
58.4875 -0.000115393
58.5 -0.000116115
58.5125 -0.000117468
58.525 -0.000119342
58.5375 -0.000121608
58.55 -0.000124166
58.5625 -0.000126942
58.575 -0.000129875
58.5875 -0.000132908
58.6 -0.000136016
58.6125 -0.000139191
58.625 -0.000142414
58.6375 -0.000145684
58.65 -0.000148992
58.6625 -0.000152338
58.675 -0.000155716
58.6875 -0.000159112
58.7 -0.000162528
58.7125 -0.000165947
58.725 -0.000169345
58.7375 -0.000172684
58.75 -0.000175908
58.7625 -0.000178974
58.775 -0.000181804
58.7875 -0.000184333
58.8 -0.000186498
58.8125 -0.000188227
58.825 -0.000189434
58.8375 -0.000190057
58.85 -0.000190059
58.8625 -0.000189251
58.875 -0.000187631
58.8875 -0.000185093
58.9 -0.000181584
58.9125 -0.000177078
58.925 -0.000171563
58.9375 -0.00016507
58.95 -0.000157623
58.9625 -0.000149297
58.975 -0.000140191
58.9875 -0.00013037
59 -0.000119909
59.0125 -0.00010893
59.025 -9.76199e-05
59.0375 -8.61542e-05
59.05 -7.46529e-05
59.0625 -6.34304e-05
59.075 -5.24776e-05
59.0875 -4.1897e-05
59.1 -3.17807e-05
59.1125 -2.23145e-05
59.125 -1.36925e-05
59.1375 -6.05895e-06
59.15 5.01486e-07
59.1625 5.93295e-06
59.175 1.01798e-05
59.1875 1.3162e-05
59.2 1.4797e-05
59.2125 1.50212e-05
59.225 1.38129e-05
59.2375 1.12017e-05
59.25 7.2093e-06
59.2625 1.82188e-06
59.275 -4.93856e-06
59.2875 -1.29915e-05
59.3 -2.23107e-05
59.3125 -3.2898e-05
59.325 -4.47063e-05
59.3375 -5.76454e-05
59.35 -7.16378e-05
59.3625 -8.66722e-05
59.375 -0.00010277
59.3875 -0.000119912
59.4 -0.000138021
59.4125 -0.000157047
59.425 -0.000176998
59.4375 -0.000197916
59.45 -0.00021979
59.4625 -0.000242685
59.475 -0.000266572
59.4875 -0.000291498
59.5 -0.000317469
59.5125 -0.000344446
59.525 -0.000372451
59.5375 -0.000401435
59.55 -0.000431324
59.5625 -0.000461993
59.575 -0.000493648
59.5875 -0.000526086
59.6 -0.00055931
59.6125 -0.000593232
59.625 -0.000627706
59.6375 -0.000662684
59.65 -0.000697979
59.6625 -0.000733579
59.675 -0.000769241
59.6875 -0.000804936
59.7 -0.000840631
59.7125 -0.000876183
59.725 -0.000911559
59.7375 -0.00094659
59.75 -0.000981252
59.7625 -0.00101547
59.775 -0.0010492
59.7875 -0.00108241
59.8 -0.00111512
59.8125 -0.00114733
59.825 -0.00117906
59.8375 -0.00121028
59.85 -0.00124098
59.8625 -0.00127119
59.875 -0.00130097
59.8875 -0.00133034
59.9 -0.00135933
59.9125 -0.00138798
59.925 -0.00141631
59.9375 -0.00144433
59.95 -0.00147203
59.9625 -0.00149939
59.975 -0.00152639
59.9875 -0.00155303
60 -0.0015793
