0 0 0
0 0 0
0 0 0
0 0 0
0 0 0
0 0 0
0 0 0
0 0 0
0 0 0
0 0 0
0 0 0
0 0 0
0 0 0
0 0 0
0 0 0
0 0 0
0 0 0
0 0 0
0 0 0
0 0 0
0 0 0
0 0 0
0 0 0
0 0 0
0 0 0
0 0 0
0 0 0
0 0 0
0 0 0
0 0 0
0 0 0
0 0 0
0 0 0
0 0 0
0 0 0
0 0 0
0 0 0
0 0 0
0 0 0
0 0 0
0 0 0
0 0 0
0 0 0
0 0 0
0 0 0
0 0 0
0 0 0
0 0 0
0 0 0
0 0 0
0 0 0
0 0 0
0 0 0
0 0 0
0 0 0
0 0 0
0 0 0
0 0 0
0 0 0
0 0 0
0 0 0
0 0 0
0 0 0
0 0 0
0 0 0
0 0 0
0 0 0
0 0 0
0 0 0
0 0 0
0 0 0
0 0 0
0 0 0
0 0 0
0 0 0
0 0 0
0 0 0
0 0 0
0 0 0
0 0 0
0 0 0
0 0 0
0 0 0
0 0 0
0 0 0
0 0 0
0 0 0
0 0 0
0 0 0
0 0 0
0 0 0
0 0 0
0 0 0
0 0 0
0 0 0
0 0 0
0 0 0
0 0 0
0 0 0
0 0 0
0 0 0
0 0 0
0 0 0
0 0 0
0 0 0
0 0 0
0 0 0
0 0 0
0 0 0
0 0 0
0 0 0
0 0 0
0 0 0
0 0 0
0 0 0
0 0 0
0 0 0
0 0 0
0 0 0
0 0 0
0 0 0
0 0 0
0 0 0
0 0 0
0 0 0
0 0 0
0 0 0
0 0 0
0 0 0
0 0 0
0 0 0
0 0 0
0 0 0
0 0 0
0 0 0
0 0 0
0 0 0
0 0 0
0 0 0
0 0 0
0 0 0
0 0 0
0 0 0
0 0 0
0 0 0
0 0 0
0 0 0
0 0 0
0 0 0
0 0 0
0 0 0
0 0 0
0 0 0
0 0 0
0 0 0
0 0 0
0 0 0
0 0 0
0 0 0
0 0 0
0 0 0
0 0 0
0 0 0
0 0 0
0 0 0
0 0 0
0 0 0
0 0 0
0 0 0
0 0 0
0 0 0
0 0 0
0 0 0
0 0 0
0 0 0
0 0 0
0 0 0
0 0 0
0 0 0
0 0 0
0 0 0
0 0 0
0 0 0
0 0 0
0 0 0
0 0 0
0 0 0
0 0 0
0 0 0
0 0 0
0 0 0
0 0 0
0 0 0
0 0 0
0 0 0
0 0 0
0 0 0
0 0 0
0 0 0
0 0 0
0 0 0
0 0 0
0 0 0
0 0 0
0 0 0
0 0 0
0 0 0
0 0 0
0 0 0
0 0 0
0 0 0
0 0 0
0 0 0
0 0 0
0 0 0
0 0 0
0 0 0
0 0 0
0 0 0
0 0 0
0 0 0
0 0 0
0 0 0
0 0 0
0 0 0
0 0 0
0 0 0
0 0 0
0 0 0
0 0 0
0 0 0
0 0 0
0 0 0
0 0 0
0 0 0
0 0 0
0 0 0
0 0 0
0 0 0
0 0 0
0 0 0
0 0 0
0 0 0
0 0 0
0 0 0
0 0 0
0 0 0
0 0 0
0 0 0
0 0 0
0 0 0
0 0 0
0 0 0
0 0 0
0 0 0
0 0 0
0 0 0
0 0 0
0.000514557 0 0
0.00256838 0 0
0.00460305 0 0
0.00659853 0 0
0.00853267 0 0
0.0103843 0 0
0.0121349 0 0
0.013769 0 0
0.0152746 0 0
0.0166444 0 0
0.0178758 0 0
0.0189708 0 0
0.0199353 0 0
0.0207774 0 0
0.0215061 0 0
0.022129 0 0
0.0226504 0 0
0.0230728 0 0
0.0233982 0 0
0.0236297 0 0
0.0237717 0 0
0.0238307 0 0
0.0238189 0 0
0.0237553 0 0
0.0236498 0 0
0.0235111 0 0
0.0233459 0 0
0.0231581 0 0
0.0229491 0 0
0.022718 0 0
0.0224633 0 0
0.0221834 0 0
0.0218782 0 0
0.0215503 0 0
0.0212054 0 0
0.0208516 0 0
0.0204975 0 0
0.0201496 0 0
0.0198115 0 0
0.0194845 0 0
0.019169 0 0
0.0188648 0 0
0.0185703 0 0
0.0182788 0 0
0.0179739 0 0
0.0176293 0 0
0.0172139 0 0
0.016699 0 0
0.0160648 0 0
0.0153037 0 0
0.01442 0 0
0.0134256 0 0
0.0123343 0 0
0.0111568 0 0
0.00989902 0 0
0.008562 0 0
0.00714426 0 0
0.0056434 0 0
0.00486111 0 0
0.00486111 0 0
0.00486111 0 0
0.00486111 0 0
0.00486111 0 0
0.00486111 0 0
0.00486111 0 0
0.00486111 0 0
0.00486111 0 0
0.00486111 0 0
0.00486111 0 0
0.00486111 0 0
0.00486111 0 0
0.00486111 0 0
0.00486111 0 0
0.00486111 0 0
0.00486111 0 0
0.00486111 0 0
0.00486111 0 0
0.00486111 0 0
0.00486111 0 0
0.00486111 0 0
0.00486111 0 0
0.00486111 0 0
0.00486111 0 0
0.00486111 0 0
0.00486111 0 0
0.00486111 0 0
0.00486111 0 0
0.00486111 0 0
0.00486111 0 0
0.00486111 0 0
0.00486111 0 0
0.00486111 0 0
0.00486111 0 0
0.00486111 0 0
0.00486111 0 0
0.00486111 0 0
0.00486111 0 0
0.00486111 0 0
0.00486111 0 0
0.00486111 0 0
0.00486111 0 0
0.00486111 0 0
0.00486111 0 0
0.00486111 0 0
0.00486111 0 0
0.00486111 0 0
0.00486111 0 0
0.00486111 0 0
0.00486111 0 0
0.00486111 0 0
0.00486111 0 0
0.00486111 0 0
0.00486111 0 0
0.00486111 0 0
0.00486111 0 0
0.00486111 0 0
0.00486111 0 0
0.00486111 0 0
0.00486111 0 0
0.00486111 0 0
0.00486111 0 0
0.00486111 0 0
0.00486111 0 0
0.00477611 0 0
0.00477611 0 0
0.00477611 0 0
0.00476881 0 0
0.00476881 0 0
0.00476881 0 0
0.00476881 0 0
0.00476881 0 0
0.00476881 0 0
0.00476881 0 0
0.00476881 0 0
0.00476881 0 0
0.00476881 0 0
0.00476881 0 0
0.00476881 0 0
0.00476881 0 0
0.00476881 0 0
0.00476881 0 0
0.00476881 0 0
0.00476881 0 0
0.00476696 0 0
0.00476696 0 0
0.00476696 0 0
0.00476696 0 0
0.00476696 0 0
0.00476696 0 0
0.00476696 0 0
0.00476696 0 0
0.00476696 0 0
0.00476696 0 0
0.00476696 0 0
0.00476696 0 0
0.00476696 0 0
0.00476696 0 0
0.00476696 0 0
0.00476696 0 0
0.00476696 0 0
0.00476696 0 0
0.00476696 0 0
0.00476696 0 0
0.00476696 0 0
0.00476696 0 0
0.00476696 0 0
0.00476696 0 0
0.00476696 0 0
0.00476696 0 0
0.00476696 0 0
0.00476696 0 0
0.00476696 0 0
0.00476696 0 0
0.00476696 0 0
0.00476696 0 0
0.00476696 0 0
0.00476696 0 0
0.00476696 0 0
0.00476696 0 0
0.00476696 0 0
0.00476696 0 0
0.00476696 0 0
0.00476696 0 0
0.00476696 0 0
0.00476696 0 0
0.00476696 0 0
0.00476696 0 0
0.00476696 0 0
0.00476696 0 0
0.00476696 0 0
0.00476696 0 0
0.00476696 0 0
0.00476696 0 0
0.00476696 0 0
0.00476696 0 0
0.00476696 0 0
0.00476696 0 0
0.00476696 0 0
0.00476696 0 0
0.00476696 0 0
0.00476696 0 0
0.00476696 0 0
0.00476696 0 0
0.00476696 0 0
0.00476696 0 0
0.00476696 0 0
0.00476696 0 0
0.00476696 0 0
0.00476696 0 0
0.00476696 0 0
0.00476696 0 0
0.00476696 0 0
0.00476696 0 0
0.00476696 0 0
0.00476696 0 0
0.00476696 0 0
0.00476696 0 0
0.00476696 0 0
0.00476696 0 0
0.00476696 0 0
0.00476696 0 0
0.00476696 0 0
0.00476696 0 0
0.00476696 0 0
0.00476696 0 0
0.00476696 0 0
0.00476696 0 0
0.00476696 0 0
0.00580826 0 0
0.006761 0 0
0.00764673 0 0
0.00848928 0 0
0.00931417 0 0
0.0101473 0 0
0.0110122 0 0
0.011927 0 0
0.0129028 0 0
0.0139442 0 0
0.015051 0 0
0.0162196 0 0
0.017443 0 0
0.0187116 0 0
0.0200146 0 0
0.0213416 0 0
0.0226834 0 0
0.02403 0 0
0.0253689 0 0
0.0266836 0 0
0.027953 0 0
0.0291523 0 0
0.0302554 0 0
0.0312377 0 0
0.0320796 0 0
0.0327669 0 0
0.0332903 0 0
0.0336446 0 0
0.0338276 0 0
0.0338431 0 0
0.0337197 0 0
0.0334666 0 0
0.0330871 0 0
0.0325824 0 0
0.0319515 0 0
0.0311851 0 0
0.0302702 0 0
0.0292104 0 0
0.0280151 0 0
0.0267004 0 0
0.0252847 0 0
0.0237851 0 0
0.0222144 0 0
0.0205812 0 0
0.0188911 0 0
0.0171487 0 0
0.0153588 0 0
0.0135266 0 0
0.0116579 0 0
0.0111855 0 0
0.0111855 0 0
0.0111855 0 0
0.0111855 0 0
0.0111855 0 0
0.0111855 0 0
0.0111855 0 0
0.0111855 0 0
0.0111855 0 0
0.0111855 0 0
0.0111855 0 0
0.0111855 0 0
0.0111855 0 0
0.0111855 0 0
0.0111855 0 0
0.0111855 0 0
0.0111855 0 0
0.0111855 0 0
0.0111855 0 0
0.0111855 0 0
0.0111855 0 0
0.0111855 0 0
0.0111855 0 0
0.0111855 0 0
0.0111855 0 0
0.0111855 0 0
0.0111855 0 0
0.0111855 0 0
0.0111855 0 0
0.0111855 0 0
0.0111855 0 0
0.0111855 0 0
0.0111855 0 0
0.0111855 0 0
0.0111855 0 0
0.0111855 0 0
0.0111855 0 0
0.0111855 0 0
0.0111855 0 0
0.0111855 0 0
0.010585 0 0
0.010585 0 0
0.010585 0 0
0.010585 0 0
0.010585 0 0
0.010585 0 0
0.010585 0 0
0.010585 0 0
0.010585 0 0
0.010585 0 0
0.010585 0 0
0.010585 0 0
0.010585 0 0
0.010585 0 0
0.010585 0 0
0.010585 0 0
0.010585 0 0
0.010585 0 0
0.010585 0 0
0.010585 0 0
0.010585 0 0
0.010585 0 0
0.010585 0 0
0.010585 0 0
0.010585 0 0
0.010585 0 0
0.010585 0 0
0.010585 0 0
0.010585 0 0
0.010585 0 0
0.010585 0 0
0.010585 0 0
0.010585 0 0
0.010585 0 0
0.010585 0 0
0.010585 0 0
0.010585 0 0
0.010585 0 0
0.010585 0 0
0.010585 0 0
0.010585 0 0
0.010585 0 0
0.010585 0 0
0.010585 0 0
0.010585 0 0
0.010585 0 0
0.010585 0 0
0.010585 0 0
0.010585 0 0
0.010585 0 0
0.010585 0 0
0.010585 0 0
0.010585 0 0
0.010585 0 0
0.010585 0 0
0.010585 0 0
0.010585 0 0
0.010585 0 0
0.010585 0 0
0.010585 0 0
0.010585 0 0
0.010585 0 0
0.010585 0 0
0.010585 0 0
0.010585 0 0
0.010585 0 0
0.010585 0 0
0.010585 0 0
0.010585 0 0
0.010585 0 0
0.010585 0 0
0.010585 0 0
0.010585 0 0
0.010585 0 0
0.010585 0 0
0.010585 0 0
0.010585 0 0
0.010585 0 0
0.010585 0 0
0.010585 0 0
0.010585 0 0
0.010585 0 0
0.010585 0 0
0.010585 0 0
0.010585 0 0
0.010585 0 0
0.010585 0 0
0.010585 0 0
0.010585 0 0
0.010585 0 0
0.010585 0 0
0.010585 0 0
0.010585 0 0
0.010585 0 0
0.010585 0 0
0.010585 0 0
0.010585 0 0
0.010585 0 0
0.010585 0 0
0.010585 0 0
0.010585 0 0
0.010585 0 0
0.010585 0 0
0.010585 0 0
0.010585 0 0
0.010585 0 0
0.010585 0 0
0.010585 0 0
0.010585 0 0
0.010585 0 0
0.010585 0 0
0.010585 0 0
0.010585 0 0
0.010585 0 0
0.010585 0 0
0.010585 0 0
0.010585 0 0
0.010585 0 0
0.010585 0 0
0.010585 0 0
0.010585 0 0
0.010585 0 0
0.010585 0 0
0.010585 0 0
0.010585 0 0
0.010585 0 0
0.010585 0 0
0.010585 0 0
0.010585 0 0
0.010585 0 0
0.010585 0 0
0.010585 0 0
0.010585 0 0
0.010585 0 0
0.010585 0 0
0.010585 0 0
0.010585 0 0
0.010585 0 0
0.010585 0 0
0.010585 0 0
0.010585 0 0
0.010585 0 0
0.010585 0 0
0.010585 0 0
0.010585 0 0
0.010585 0 0
0.010585 0 0
0.010585 0 0
0.010585 0 0
0.010585 0 0
0.010585 0 0
0.010585 0 0
0.010585 0 0
0.010585 0 0
0.010585 0 0
0.010585 0 0
0.010585 0 0
0.010585 0 0
0.010585 0 0
0.010585 0 0
0.010585 0 0
0.010585 0 0
0.010585 0 0
0.010585 0 0
0.010585 0 0
0.010585 0 0
0.010585 0 0
0.010585 0 0
0.010585 0 0
0.010585 0 0
0.010585 0 0
0.010585 0 0
0.010585 0 0
0.010585 0 0
0.010585 0 0
0.010585 0 0
0.010585 0 0
0.010585 0 0
0.010585 0 0
0.010585 0 0
0.010585 0 0
0.010585 0 0
0.010585 0 0
0.010585 0 0
0.010585 0 0
0.010585 0 0
0.010585 0 0
0.010585 0 0
0.010585 0 0
0.010585 0 0
0.010585 0 0
0.010585 0 0
0.010585 0 0
0.010585 0 0
0.010585 0 0
0.010585 0 0
0.010585 0 0
0.010585 0 0
0.010585 0 0
0.010585 0 0
0.010585 0 0
0.010585 0 0
0.010585 0 0
0.010585 0 0
0.010585 0 0
0.010585 0 0
0.010585 0 0
0.010585 0 0
0.010585 0 0
0.010585 0 0
0.010585 0 0
0.010585 0 0
0.010585 0 0
0.010585 0 0
0.010585 0 0
0.010585 0 0
0.010585 0 0
0.010585 0 0
0.010585 0 0
0.010585 0 0
0.010585 0 0
0.010585 0 0
0.010585 0 0
0.010585 0 0
0.010585 0 0
0.010585 0 0
0.010585 0 0
0.010585 0 0
0.010585 0 0
0.010585 0 0
0.010585 0 0
0.010585 0 0
0.010585 0 0
0.010585 0 0
0.010585 0 0
0.010585 0 0
0.010585 0 0
0.010585 0 0
0.010585 0 0
0.010585 0 0
0.010585 0 0
0.010585 0 0
0.010585 0 0
0.010585 0 0
0.010585 0 0
0.010585 0 0
0.010585 0 0
0.010585 0 0
0.010585 0 0
0.010585 0 0
0.010585 0 0
0.010585 0 0
0.010585 0 0
0.010585 0 0
0.010585 0 0
0.010585 0 0
0.010585 0 0
0.010585 0 0
0.010585 0 0
0.010585 0 0
0.010585 0 0
0.010585 0 0
0.010585 0 0
0.010585 0 0
0.010585 0 0
0.010585 0 0
0.010585 0 0
0.010585 0 0
0.010585 0 0
0.010585 0 0
0.010585 0 0
0.010585 0 0
0.010585 0 0
0.010585 0 0
0.010585 0 0
0.010585 0 0
0.010585 0 0
0.010585 0 0
0.010585 0 0
0.010585 0 0
0.010585 0 0
0.010585 0 0
0.010585 0 0
0.010585 0 0
0.010585 0 0
0.010585 0 0
0.010585 0 0
0.010585 0 0
0.010585 0 0
0.010585 0 0
0.010585 0 0
0.010585 0 0
0.010585 0 0
0.010585 0 0
0.010585 0 0
0.010585 0 0
0.010585 0 0
0.010585 0 0
0.010585 0 0
0.010585 0 0
0.010585 0 0
0.010585 0 0
0.010585 0 0
0.010585 0 0
0.010585 0 0
0.010585 0 0
0.010585 0 0
0.010585 0 0
0.010585 0 0
0.010585 0 0
0.010585 0 0
0.010585 0 0
0.010585 0 0
0.010585 0 0
0.010585 0 0
0.010585 0 0
0.010585 0 0
0.010585 0 0
0.010585 0 0
0.010585 0 0
0.010585 0 0
0.010585 0 0
0.010585 0 0
0.010585 0 0
0.010585 0 0
0.010585 0 0
0.010585 0 0
0.010585 0 0
0.010585 0 0
0.010585 0 0
0.010585 0 0
0.010585 0 0
0.010585 0 0
0.010585 0 0
0.010585 0 0
0.010585 0 0
0.010585 0 0
0.010585 0 0
0.010585 0 0
0.010585 0 0
0.010585 0 0
0.010585 0 0
0.010585 0 0
0.010585 0 0
0.010585 0 0
0.010585 0 0
0.010585 0 0
0.010585 0 0
0.010585 0 0
0.010585 0 0
0.010585 0 0
0.010585 0 0
0.010585 0 0
0.010585 0 0
0.010585 0 0
0.010585 0 0
0.010585 0 0
0.010585 0 0
0.010585 0 0
0.010585 0 0
0.010585 0 0
0.010585 0 0
0.010585 0 0
0.010585 0 0
0.010585 0 0
0.010585 0 0
0.010585 0 0
0.010585 0 0
0.010585 0 0
0.010585 0 0
0.010585 0 0
0.010585 0 0
0.010585 0 0
0.010585 0 0
0.010585 0 0
0.010585 0 0
0.010585 0 0
0.010585 0 0
0.010585 0 0
0.010585 0 0
0.010585 0 0
0.010585 0 0
0.010585 0 0
0.010585 0 0
0.010585 0 0
0.010585 0 0
0.010585 0 0
0.010585 0 0
0.010585 0 0
0.010585 0 0
0.010585 0 0
0.010585 0 0
0.010585 0 0
0.010585 0 0
0.010585 0 0
0.010585 0 0
0.010585 0 0
0.010585 0 0
0.010585 0 0
0.010585 0 0
0.010585 0 0
0.010585 0 0
0.010585 0 0
0.010585 0 0
0.010585 0 0
0.010585 0 0
0.010585 0 0
0.010585 0 0
0.010585 0 0
0.010585 0 0
0.010585 0 0
0.010585 0 0
0.010585 0 0
0.010585 0 0
0.010585 0 0
0.010585 0 0
0.010585 0 0
0.010585 0 0
0.010585 0 0
0.010585 0 0
0.010585 0 0
0.010585 0 0
0.010585 0 0
0.010585 0 0
0.010585 0 0
0.010585 0 0
0.010585 0 0
0.010585 0 0
0.010585 0 0
0.010585 0 0
0.010585 0 0
0.010585 0 0
0.0139716 0 0
0.0173102 0 0
0.0206354 0 0
0.0239749 0 0
0.0273474 0 0
0.0307656 0 0
0.0342358 0 0
0.0375421 0 0
0.0396125 0 0
0.0419386 0 0
0.0442759 0 0
0.0465607 0 0
0.0487941 0 0
0.0509133 0 0
0.0528627 0 0
0.0546159 0 0
0.0561356 0.000731225 0
0.0573881 0.0017836 0
0.0583215 0.00262878 0
0.0583249 0.00315917 0
0.0585679 0.00346982 0
0.0585164 0.00362365 0
0.0581965 0.00359973 0
0.0579552 0.00340207 0
0.0574204 0.00303645 0
0.0566565 0.00252514 0
0.0558597 0.00188501 0
0.0549271 0.00112213 0
0.0539022 0.000785677 0
0.0528748 0.000785677 0
0.0518369 0.000785677 0
0.0508189 0.000785677 0
0.0498703 0.000785677 0
0.0490018 0.000785677 0
0.0482329 0.000785677 0
0.0475028 0.000785677 0
0.046748 0.000785677 0
0.0459388 0.000785677 0
0.0450351 0.000785677 0
0.0440023 0.000785677 0
0.0428204 0.000785677 0
0.041478 0.000785677 0
0.0399589 0.000785677 0
0.0382371 0.000785677 0
0.0362807 0.000785677 0
0.0340597 0.000785677 0
0.0315543 0.000785677 0
0.0287602 0.000785677 0
0.0256847 0.000785677 0
0.0223401 0.000785677 0
0.0209297 0.000785677 0
0.0209297 0.000785677 0
0.0209297 0.000785677 0
0.0209297 0.000785677 0
0.0209297 0.000785677 0
0.0209297 0.000785677 0
0.0209297 0.000785677 0
0.0209297 0.000785677 0
0.0209297 0.000785677 0
0.0209297 0.000785677 0
0.0209297 0.000785677 0
0.0209297 0.000785677 0
0.0209297 0.000785677 0
0.0209297 0.000785677 0
0.0209297 0.000785677 0
0.0209297 0.000785677 0
0.0209297 0.000785677 0
0.0209297 0.000785677 0
0.0209297 0.000785677 0
0.0209297 0.000785677 0
0.0209297 0.000785677 0
0.0209297 0.000785677 0
0.0209297 0.000785677 0
0.0209297 0.000785677 0
0.0209297 0.000785677 0
0.0209297 0.000785677 0
0.0209297 0.000785677 0
0.0209297 0.000785677 0
0.0209297 0.000785677 0
0.0209297 0.000785677 0
0.0209297 0.000785677 0
0.0209297 0.000785677 0
0.0209297 0.000785677 0
0.0209297 0.000785677 0
0.0203098 0.000785677 0
0.0203098 0.000785677 0
0.0203098 0.000785677 0
0.0203098 0.000785677 0
0.0203098 0.000785677 0
0.0203098 0.000785677 0
0.0203098 0.000785677 0
0.0203098 0.000785677 0
0.0203098 0.000785677 0
0.0203098 0.000785677 0
0.0203098 0.000785677 0
0.0203098 0.000785677 0
0.0203098 0.000785677 0
0.0203098 0.000785677 0
0.0202146 0.000728794 0
0.0202049 0.000728794 0
0.0202049 0.000728794 0
0.0202049 0.000728794 0
0.0202049 0.000728794 0
0.0202049 0.000728794 0
0.0202049 0.000728794 0
0.0202049 0.000728794 0
0.0202049 0.000728794 0
0.0202049 0.000728794 0
0.0202049 0.000728794 0
0.0202049 0.000728794 0
0.0202049 0.000728794 0
0.0202049 0.000728794 0
0.0202049 0.000728794 0
0.0202049 0.000728794 0
0.0202049 0.000728794 0
0.0202049 0.000728794 0
0.0202049 0.000728794 0
0.0202049 0.000728794 0
0.0202049 0.000728794 0
0.0202049 0.000728794 0
0.0202049 0.000728794 0
0.0202049 0.000728794 0
0.0202049 0.000728794 0
0.0202049 0.000728794 0
0.0202049 0.000728794 0
0.0202049 0.000728794 0
0.0202049 0.000728794 0
0.0202049 0.000728794 0
0.0202049 0.000728794 0
0.0202049 0.000728794 0
0.0202049 0.000728794 0
0.0202049 0.000728794 0
0.0202049 0.000728794 0
0.0202049 0.000728794 0
0.0202049 0.000728794 0
0.0202049 0.000728794 0
0.0202049 0.000728794 0
0.0202049 0.000728794 0
0.0202049 0.000728794 0
0.0202049 0.000728794 0
0.0202049 0.000728794 0
0.0202049 0.000728794 0
0.0202049 0.000728794 0
0.0202049 0.000728794 0
0.0202049 0.000728794 0
0.0202049 0.000728794 0
0.0202049 0.000728794 0
0.0202049 0.000728794 0
0.0202049 0.000728794 0
0.0202049 0.000728794 0
0.0202049 0.000728794 0
0.0202049 0.000728794 0
0.0202049 0.000728794 0
0.0202049 0.000728794 0
0.0202049 0.000728794 0
0.0202049 0.000728794 0
0.0202049 0.000728794 0
0.0202049 0.000728794 0
0.0202049 0.000728794 0
0.0202049 0.000728794 0
0.0202049 0.000728794 0
0.0202049 0.000728794 0
0.0202049 0.000728794 0
0.0202049 0.000728794 0
0.0202049 0.000728794 0
0.0202049 0.000728794 0
0.0202049 0.000728794 0
0.0202049 0.000728794 0
0.0202049 0.000728794 0
0.0202049 0.000728794 0
0.0202049 0.000728794 0
0.0202049 0.000728794 0
0.0202049 0.000728794 0
0.0202049 0.000728794 0
0.0211889 0.000728794 0
0.0225428 0.000728794 0
0.0235211 0.000728794 0
0.0241111 0.000728794 0
0.0243082 0.000728794 0
0.0241521 0.000728794 0
0.0236887 0.000728794 0
0.0229345 0.000728794 0
0.0219205 0.000728794 0
0.0212078 0.000728794 0
0.0212078 0.000728794 0
0.0212078 0.000728794 0
0.0212078 0.000728794 0
0.0212078 0.000728794 0
0.0212078 0.000728794 0
0.0212078 0.000728794 0
0.0212078 0.000728794 0
0.0212078 0.000728794 0
0.0212078 0.000728794 0
0.0212078 0.000728794 0
0.0212078 0.000728794 0
0.0212078 0.000728794 0
0.0212078 0.000728794 0
0.0212078 0.000728794 0
0.0212078 0.000728794 0
0.0212078 0.000728794 0
0.0212078 0.000728794 0
0.0212078 0.000728794 0
0.0212078 0.000728794 0
0.0212078 0.000728794 0
0.0212078 0.000728794 0
0.0212078 0.000728794 0
0.0212078 0.000728794 0
0.0212078 0.000728794 0
0.0212078 0.000728794 0
0.0212078 0.000728794 0
0.0212078 0.000728794 0
0.0212078 0.000728794 0
0.0212078 0.000728794 0
0.0212078 0.000728794 0
0.0212078 0.000728794 0
0.0212078 0.000728794 0
0.0212078 0.000728794 0
0.0212078 0.000728794 0
0.0212078 0.000728794 0
0.0212078 0.000728794 0
0.0212078 0.000728794 0
0.0212078 0.000728794 0
0.0212078 0.000728794 0
0.0212078 0.000728794 0
0.0212078 0.000728794 0
0.0212078 0.000728794 0
0.0212078 0.000728794 0
0.0212078 0.000728794 0
0.0212078 0.000728794 0
0.0212078 0.000728794 0
0.0212078 0.000728794 0
0.0212078 0.000728794 0
0.0212078 0.000728794 0
0.0212078 0.000728794 0
0.0212078 0.000728794 0
0.0212078 0.000728794 0
0.0212078 0.000728794 0
0.0212078 0.000728794 0
0.0212078 0.000728794 0
0.0212078 0.000728794 0
0.0212078 0.000728794 0
0.0212078 0.000728794 0
0.0212078 0.000728794 0
0.0212078 0.000728794 0
0.0212078 0.000728794 0
0.0212078 0.000728794 0
0.0212078 0.000728794 0
0.0212078 0.000728794 0
0.0212078 0.000728794 0
0.0212078 0.000728794 0
0.0212078 0.000728794 0
0.0212078 0.000728794 0
0.0212078 0.000728794 0
0.0212078 0.000728794 0
0.0212078 0.000728794 0
0.0212078 0.000728794 0
0.0212078 0.000728794 0
0.0212078 0.000728794 0
0.0212078 0.000728794 0
0.0212078 0.000728794 0
0.0212078 0.000728794 0
0.0212078 0.000728794 0
0.0212078 0.000728794 0
0.0212078 0.000728794 0
0.0212078 0.000728794 0
0.0212078 0.000728794 0
0.0212078 0.000728794 0
0.0212078 0.000728794 0
0.0212078 0.000728794 0
0.0212078 0.000728794 0
0.0212078 0.000728794 0
0.0212078 0.000728794 0
0.0212078 0.000728794 0
0.0212078 0.000728794 0
0.0212078 0.000728794 0
0.0212078 0.000728794 0
0.0212078 0.000728794 0
0.0212078 0.000728794 0
0.0212078 0.000728794 0
0.0212078 0.000728794 0
0.0212078 0.000728794 0
0.0212078 0.000728794 0
0.0212078 0.000728794 0
0.0212078 0.000728794 0
0.0212078 0.000728794 0
0.0212078 0.000728794 0
0.0212078 0.000728794 0
0.0212078 0.000728794 0
0.0212078 0.000728794 0
0.0212078 0.000728794 0
0.0212078 0.000728794 0
0.0212078 0.000728794 0
0.0212078 0.000728794 0
0.0212078 0.000728794 0
0.0212078 0.000728794 0
0.0212078 0.000728794 0
0.0212078 0.000728794 0
0.0212078 0.000728794 0
0.0212078 0.000728794 0
0.0212078 0.000728794 0
0.0212078 0.000728794 0
0.0212078 0.000728794 0
0.0212078 0.000728794 0
0.0212078 0.000728794 0
0.0212078 0.000728794 0
0.0212078 0.000728794 0
0.0212078 0.000728794 0
0.0212078 0.000728794 0
0.0212078 0.000728794 0
0.0212078 0.000728794 0
0.0212078 0.000728794 0
0.0212078 0.000728794 0
0.0212078 0.000728794 0
0.0212078 0.000728794 0
0.0212078 0.000728794 0
0.0212078 0.000728794 0
0.0212078 0.000728794 0
0.0212078 0.000728794 0
0.0212078 0.000728794 0
0.0212078 0.000728794 0
0.0212078 0.000728794 0
0.0212078 0.000728794 0
0.0212078 0.000728794 0
0.0212078 0.000728794 0
0.0212078 0.000728794 0
0.0212078 0.000728794 0
0.0212078 0.000728794 0
0.0212078 0.000728794 0
0.0212078 0.000728794 0
0.0212078 0.000728794 0
0.0212078 0.000728794 0
0.0212078 0.000728794 0
0.0212078 0.000728794 0
0.0212078 0.000728794 0
0.0212078 0.000728794 0
0.0212078 0.000728794 0
0.0212078 0.000728794 0
0.0212078 0.000728794 0
0.0212078 0.000728794 0
0.0212078 0.000728794 0
0.0212078 0.000728794 0
0.0212078 0.000728794 0
0.0212078 0.000728794 0
0.0212078 0.000728794 0
0.0212078 0.000728794 0
0.0212078 0.000728794 0
0.0212078 0.000728794 0
0.0212078 0.000728794 0
0.0212078 0.000728794 0
0.0212078 0.000728794 0
0.0212078 0.000728794 0
0.0212078 0.000728794 0
0.0212078 0.000728794 0
0.0212078 0.000728794 0
0.0212078 0.000728794 0
0.0212078 0.000728794 0
0.0212078 0.000728794 0
0.0212078 0.000728794 0
0.0212078 0.000728794 0
0.0212078 0.000728794 0
0.0212078 0.000728794 0
0.0212078 0.000728794 0
0.0212078 0.000728794 0
0.0212078 0.000728794 0
0.0212078 0.000728794 0
0.0212078 0.000728794 0
0.0212078 0.000728794 0
0.0212078 0.000728794 0
0.0212078 0.000728794 0
0.0212078 0.000728794 0
0.0212078 0.000728794 0
0.0212078 0.000728794 0
0.0212078 0.000728794 0
0.0212078 0.000728794 0
0.0212078 0.000728794 0
0.0212078 0.000728794 0
0.0212078 0.000728794 0
0.0212078 0.000728794 0
0.0212078 0.000728794 0
0.0212078 0.000728794 0
0.0212078 0.000728794 0
0.0212078 0.000728794 0
0.0212078 0.000728794 0
0.0212078 0.000728794 0
0.0212078 0.000728794 0
0.0212078 0.000728794 0
0.0212078 0.000728794 0
0.0212078 0.000728794 0
0.0212078 0.000728794 0
0.0212078 0.000728794 0
0.0212078 0.000728794 0
0.0212078 0.000728794 0
0.0212078 0.000728794 0
0.0212078 0.000728794 0
0.0212078 0.000728794 0
0.0212078 0.000728794 0
0.0212078 0.000728794 0
0.0212078 0.000728794 0
0.0212078 0.000728794 0
0.0212078 0.000728794 0
0.0212078 0.000728794 0
0.0212078 0.000728794 0
0.0212078 0.000728794 0
0.0212078 0.000728794 0
0.0212078 0.000728794 0
0.0212078 0.000728794 0
0.0212078 0.000728794 0
0.0212078 0.000728794 0
0.0212078 0.000728794 0
0.0212078 0.000728794 0
0.0212078 0.000728794 0
0.0217693 0.000728794 0
0.023981 0.000728794 0
0.0261116 0.000728794 0
0.028127 0.000728794 0
0.0299969 0.000728794 0
0.0316939 0.000728794 0
0.0331927 0.000728794 0
0.0344692 0.000728794 0
0.0355017 0.000728794 0
0.0362731 0.000728794 0
0.0367556 0.000728794 0
0.0369427 0.000728794 0
0.03687 0.000728794 0
0.036599 0.000728794 0
0.0361552 0.000728794 0
0.0355609 0.000728794 0
0.0348408 0.000728794 0
0.0340206 0.000728794 0
0.0331245 0.000728794 0
0.0321749 0.000728794 0
0.0311938 0.000728794 0
0.030203 0.000728794 0
0.0292219 0.000728794 0
0.0282026 0.000728794 0
0.027226 0.000728794 0
0.0262907 0.000728794 0
0.0254421 0.000728794 0
0.0246889 0.000728794 0
0.0246889 0.000728794 0
0.0246889 0.000728794 0
0.0246889 0.000728794 0
0.0246889 0.000728794 0
0.0246889 0.000728794 0
0.0246889 0.000728794 0
0.0246889 0.000728794 0
0.0246889 0.000728794 0
0.0246889 0.000728794 0
0.0246889 0.000728794 0
0.0246889 0.000728794 0
0.0246889 0.000728794 0
0.0246889 0.000728794 0
0.0246889 0.000728794 0
0.0246889 0.000728794 0
0.0246889 0.000728794 0
0.0246889 0.000728794 0
0.0246889 0.000728794 0
0.0246889 0.000728794 0
0.0246889 0.000728794 0
0.0246889 0.000728794 0
0.0246889 0.000728794 0
0.0246889 0.000728794 0
0.0246889 0.000728794 0
0.0246889 0.000728794 0
0.0246889 0.000728794 0
0.0246889 0.000728794 0
0.0246889 0.000728794 0
0.0246889 0.000728794 0
0.0246889 0.000728794 0
0.0246889 0.000728794 0
0.0246889 0.000728794 0
0.0246889 0.000728794 0
0.0246889 0.000728794 0
0.0246889 0.000728794 0
0.0246889 0.000728794 0
0.0246889 0.000728794 0
0.0246889 0.000728794 0
0.0246889 0.000728794 0
0.0246889 0.000728794 0
0.0246889 0.000728794 0
0.0246889 0.000728794 0
0.0246889 0.000728794 0
0.0246889 0.000728794 0
0.0246889 0.000728794 0
0.0246889 0.000728794 0
0.0246889 0.000728794 0
0.0246889 0.000728794 0
0.0246889 0.000728794 0
0.0246889 0.000728794 0
0.0246889 0.000728794 0
0.0246889 0.000728794 0
0.0246889 0.000728794 0
0.0246889 0.000728794 0
0.0246889 0.000728794 0
0.0246889 0.000728794 0
0.0246889 0.000728794 0
0.0246889 0.000728794 0
0.0246889 0.000728794 0
0.0246889 0.000728794 0
0.0246889 0.000728794 0
0.0246889 0.000728794 0
0.0246889 0.000728794 0
0.0246889 0.000728794 0
0.0246889 0.000728794 0
0.0246889 0.000728794 0
0.0246889 0.000728794 0
0.0246889 0.000728794 0
0.0246889 0.000728794 0
0.0246889 0.000728794 0
0.0246889 0.000728794 0
0.0246889 0.000728794 0
0.0246889 0.000728794 0
0.0246889 0.000728794 0
0.0246889 0.000728794 0
0.0246889 0.000728794 0
0.0246889 0.000728794 0
0.0246889 0.000728794 0
0.0246889 0.000728794 0
0.0246889 0.000728794 0
0.0246889 0.000728794 0
0.0246889 0.000728794 0
0.0246889 0.000728794 0
0.0246889 0.000728794 0
0.0246889 0.000728794 0
0.0246889 0.000728794 0
0.0246889 0.000728794 0
0.0246889 0.000728794 0
0.0246889 0.000728794 0
0.0246889 0.000728794 0
0.0246889 0.000728794 0
0.0246889 0.000728794 0
0.0246889 0.000728794 0
0.0246889 0.000728794 0
0.0246889 0.000728794 0
0.0246889 0.000728794 0
0.0246889 0.000728794 0
0.0246889 0.000728794 0
0.0246889 0.000728794 0
0.0246889 0.000728794 0
0.0246889 0.000728794 0
0.0246889 0.000728794 0
0.0246889 0.000728794 0
0.0246889 0.000728794 0
0.0246889 0.000728794 0
0.0246889 0.000728794 0
0.0246889 0.000728794 0
0.0246889 0.000728794 0
0.0246889 0.000728794 0
0.0246889 0.000728794 0
0.0246889 0.000728794 0
0.0246889 0.000728794 0
0.0246889 0.000728794 0
0.0246889 0.000728794 0
0.0246889 0.000728794 0
0.0246889 0.000728794 0
0.0246889 0.000728794 0
0.0246889 0.000728794 0
0.0246889 0.000728794 0
0.0246889 0.000728794 0
0.0246889 0.000728794 0
0.0246889 0.000728794 0
0.0246889 0.000728794 0
0.0246889 0.000728794 0
0.0246889 0.000728794 0
0.0246889 0.000728794 0
0.0246889 0.000728794 0
0.0246889 0.000728794 0
0.0246889 0.000728794 0
0.0246889 0.000728794 0
0.0246889 0.000728794 0
0.0246889 0.000728794 0
0.0246889 0.000728794 0
0.0246889 0.000728794 0
0.0246889 0.000728794 0
0.0246889 0.000728794 0
0.0246889 0.000728794 0
0.0246889 0.000728794 0
0.0246889 0.000728794 0
0.0246889 0.000728794 0
0.0246889 0.000728794 0
0.0246889 0.000728794 0
0.0246889 0.000728794 0
0.0246889 0.000728794 0
0.0246889 0.000728794 0
0.0246889 0.000728794 0
0.0246889 0.000728794 0
0.0246889 0.000728794 0
0.0246889 0.000728794 0
0.0246889 0.000728794 0
0.0246889 0.000728794 0
0.0246889 0.000728794 0
0.0246889 0.000728794 0
0.0246889 0.000728794 0
0.0246889 0.000728794 0
0.0246889 0.000728794 0
0.0246889 0.000728794 0
0.0246889 0.000728794 0
0.0246889 0.000728794 0
0.0246889 0.000728794 0
0.0246889 0.000728794 0
0.0246889 0.000728794 0
0.0246889 0.000728794 0
0.0246889 0.000728794 0
0.0246889 0.000728794 0
0.0246889 0.000728794 0
0.0246889 0.000728794 0
0.0246889 0.000728794 0
0.0246889 0.000728794 0
0.0246889 0.000728794 0
0.0246889 0.000728794 0
0.0246889 0.000728794 0
0.0246889 0.000728794 0
0.0246889 0.000728794 0
0.0246889 0.000728794 0
0.0246889 0.000728794 0
0.0246889 0.000728794 0
0.0246889 0.000728794 0
0.0246889 0.000728794 0
0.0246889 0.000728794 0
0.0246889 0.000728794 0
0.0246889 0.000728794 0
0.0246889 0.000728794 0
0.0246889 0.000728794 0
0.0246889 0.000728794 0
0.0246889 0.000728794 0
0.0246889 0.000728794 0
0.0246889 0.000728794 0
0.0246889 0.000728794 0
0.0246889 0.000728794 0
0.0246889 0.000728794 0
0.0246889 0.000728794 0
0.0246889 0.000728794 0
0.0246889 0.000728794 0
0.0246889 0.000728794 0
0.0246889 0.000728794 0
0.0246889 0.000728794 0
0.0246889 0.000728794 0
0.0246889 0.000728794 0
0.0246889 0.000728794 0
0.0246889 0.000728794 0
0.0246889 0.000728794 0
0.0246889 0.000728794 0
0.0246889 0.000728794 0
0.0246889 0.000728794 0
0.0246889 0.000728794 0
0.0246889 0.000728794 0
0.0246889 0.000728794 0
0.0246889 0.000728794 0
0.0246889 0.000728794 0
0.0246889 0.000728794 0
0.0246889 0.000728794 0
0.0246889 0.000728794 0
0.0246889 0.000728794 0
0.0246889 0.000728794 0
0.0246889 0.000728794 0
0.0246889 0.000728794 0
0.0246889 0.000728794 0
0.0246889 0.000728794 0
0.0246889 0.000728794 0
0.0246889 0.000728794 0
0.0246889 0.000728794 0
0.0246889 0.000728794 0
0.0246889 0.000728794 0
0.0246889 0.000728794 0
0.0246889 0.000728794 0
0.0246889 0.000728794 0
0.0246889 0.000728794 0
0.0246889 0.000728794 0
0.0246889 0.000728794 0
0.0246889 0.000728794 0
0.0246889 0.000728794 0
0.0246889 0.000728794 0
0.0246889 0.000728794 0
0.0246889 0.000728794 0
0.0246889 0.000728794 0
0.0246889 0.000728794 0
0.0246889 0.000728794 0
0.0246889 0.000728794 0
0.0246889 0.000728794 0
0.0246889 0.000728794 0
0.0246889 0.000728794 0
0.0246889 0.000728794 0
0.0246889 0.000728794 0
0.0246889 0.000728794 0
0.0246889 0.000728794 0
0.0246889 0.000728794 0
0.0246889 0.000728794 0
0.0246889 0.000728794 0
0.0246889 0.000728794 0
0.0246889 0.000728794 0
0.0246889 0.000728794 0
0.0246889 0.000728794 0
0.0246889 0.000728794 0
0.0246889 0.000728794 0
0.0246889 0.000728794 0
0.0246889 0.000728794 0
0.0246889 0.000728794 0
0.0246889 0.000728794 0
0.0246889 0.000728794 0
0.0246889 0.000728794 0
0.0246889 0.000728794 0
0.0246889 0.000728794 0
0.0246889 0.000728794 0
0.0246889 0.000728794 0
0.0246889 0.000728794 0
0.0246889 0.000728794 0
0.0246889 0.000728794 0
0.0246889 0.000728794 0
0.0246889 0.000728794 0
0.0246889 0.000728794 0
0.0246889 0.000728794 0
0.0246889 0.000728794 0
0.0246889 0.000728794 0
0.0246889 0.000728794 0
0.0246889 0.000728794 0
0.0246889 0.000728794 0
0.0246889 0.000728794 0
0.0246889 0.000728794 0
0.0246889 0.000728794 0
0.0246889 0.000728794 0
0.0246889 0.000728794 0
0.0246889 0.000728794 0
0.0246889 0.000728794 0
0.0246889 0.000728794 0
0.0246889 0.000728794 0
0.0246889 0.000728794 0
0.0246889 0.000728794 0
0.0246889 0.000728794 0
0.0246889 0.000728794 0
0.0246889 0.000728794 0
0.0246889 0.000728794 0
0.0246889 0.000728794 0
0.0246889 0.000728794 0
0.0246889 0.000728794 0
0.0246889 0.000728794 0
0.0246889 0.000728794 0
0.0246889 0.000728794 0
0.0246889 0.000728794 0
0.0246889 0.000728794 0
0.0246889 0.000728794 0
0.0246889 0.000728794 0
0.0246889 0.000728794 0
0.0246889 0.000728794 0
0.0246889 0.000728794 0
0.0246889 0.000728794 0
0.0246889 0.000728794 0
0.0246889 0.000728794 0
0.0246889 0.000728794 0
0.0246889 0.000728794 0
0.0246889 0.000728794 0
0.0246889 0.000728794 0
0.0246889 0.000728794 0
0.0246889 0.000728794 0
0.0246889 0.000728794 0
0.0246889 0.000728794 0
0.0246889 0.000728794 0
0.0246889 0.000728794 0
0.0246889 0.000728794 0
0.0246889 0.000728794 0
0.0246889 0.000728794 0
0.0246889 0.000728794 0
0.0246889 0.000728794 0
0.0246889 0.000728794 0
0.0246889 0.000728794 0
0.0246889 0.000728794 0
0.0246889 0.000728794 0
0.0246889 0.000728794 0
0.0246889 0.000728794 0
0.0246889 0.000728794 0
0.0246889 0.000728794 0
0.0246889 0.000728794 0
0.0246889 0.000728794 0
0.0246889 0.000728794 0
0.0246889 0.000728794 0
0.0246889 0.000728794 0
0.0246889 0.000728794 0
0.0246889 0.000728794 0
0.0246889 0.000728794 0
0.0246889 0.000728794 0
0.0246889 0.000728794 0
0.0246889 0.000728794 0
0.0246889 0.000728794 0
0.0246889 0.000728794 0
0.0246889 0.000728794 0
0.0246889 0.000728794 0
0.0246889 0.000728794 0
0.0246889 0.000728794 0
0.0246889 0.000728794 0
0.0246889 0.000728794 0
0.0246889 0.000728794 0
0.0246889 0.000728794 0
0.0246889 0.000728794 0
0.0246889 0.000728794 0
0.0246889 0.000728794 0
0.0246889 0.000728794 0
0.0246889 0.000728794 0
0.0246889 0.000728794 0
0.0246889 0.000728794 0
0.0246889 0.000728794 0
0.0246889 0.000728794 0
0.0246889 0.000728794 0
0.0246889 0.000728794 0
0.0246889 0.000728794 0
0.0246889 0.000728794 0
0.0246889 0.000728794 0
0.0246889 0.000728794 0
0.0246889 0.000728794 0
0.0246889 0.000728794 0
0.0246889 0.000728794 0
0.0246889 0.000728794 0
0.0246889 0.000728794 0
0.0246889 0.000728794 0
0.0246889 0.000728794 0
0.0246889 0.000728794 0
0.0246889 0.000728794 0
0.0246889 0.000728794 0
0.0246889 0.000728794 0
0.0246889 0.000728794 0
0.0246889 0.000728794 0
0.0246889 0.000728794 0
0.0246889 0.000728794 0
0.0246889 0.000728794 0
0.0246889 0.000728794 0
0.0246889 0.000728794 0
0.0246889 0.000728794 0
0.0246889 0.000728794 0
0.0246889 0.000728794 0
0.0246889 0.000728794 0
0.0246889 0.000728794 0
0.0246889 0.000728794 0
0.0246889 0.000728794 0
0.0246889 0.000728794 0
0.0246889 0.000728794 0
0.0246889 0.000728794 0
0.0246889 0.000728794 0
0.0246889 0.000728794 0
0.0246889 0.000728794 0
0.0246889 0.000728794 0
0.0246889 0.000728794 0
0.0246889 0.000728794 0
0.0246889 0.000728794 0
0.0246889 0.000728794 0
0.0246889 0.000728794 0
0.0246889 0.000728794 0
0.0246889 0.000728794 0
0.0246889 0.000728794 0
0.0246889 0.000728794 0
0.0246889 0.000728794 0
0.0246889 0.000728794 0
0.0241695 0.000728794 0
0.0241695 0.000728794 0
0.0241695 0.000728794 0
0.0241695 0.000728794 0
0.0241695 0.000728794 0
0.0241695 0.000728794 0
0.0241695 0.000728794 0
0.0241695 0.000728794 0
0.0241695 0.000728794 0
0.0241695 0.000728794 0
0.0241695 0.000728794 0
0.0241695 0.000728794 0
0.0241695 0.000728794 0
0.0241695 0.000728794 0
0.0241695 0.000728794 0
0.0241695 0.000728794 0
0.0241687 0.000728794 0
0.0241687 0.000728794 0
0.0241687 0.000728794 0
0.0241687 0.000728794 0
0.0241687 0.000728794 0
0.0241687 0.000728794 0
0.0241687 0.000728794 0
0.0241687 0.000728794 0
0.0241687 0.000728794 0
0.0241687 0.000728794 0
0.0241687 0.000728794 0
0.0241687 0.000728794 0
0.0241687 0.000728794 0
0.0241687 0.000728794 0
0.0241687 0.000728794 0
0.0241687 0.000728794 0
0.0241687 0.000728794 0
0.0241687 0.000728794 0
0.0241687 0.000728794 0
0.0241687 0.000728794 0
0.0241687 0.000728794 0
0.0241687 0.000728794 0
0.0241687 0.000728794 0
0.0241687 0.000728794 0
0.0241687 0.000728794 0
0.0241687 0.000728794 0
0.0241687 0.000728794 0
0.0241687 0.000728794 0
0.0241687 0.000728794 0
0.0241687 0.000728794 0
0.0241687 0.000728794 0
0.0241687 0.000728794 0
0.0241687 0.000728794 0
0.0241687 0.000728794 0
0.0241687 0.000728794 0
0.0241687 0.000728794 0
0.0241687 0.000728794 0
0.0241687 0.000728794 0
0.0241687 0.000728794 0
0.0241687 0.000728794 0
0.0241687 0.000728794 0
0.0241687 0.000728794 0
0.0241687 0.000728794 0
0.0241687 0.000728794 0
0.0241687 0.000728794 0
0.0241687 0.000728794 0
0.0241687 0.000728794 0
0.0241687 0.000728794 0
0.0241687 0.000728794 0
0.0241687 0.000728794 0
0.0241687 0.000728794 0
0.0241687 0.000728794 0
0.0241687 0.000728794 0
0.0241687 0.000728794 0
0.0241687 0.000728794 0
0.0241687 0.000728794 0
0.0241687 0.000728794 0
0.0241687 0.000728794 0
0.0241687 0.000728794 0
0.0241687 0.000728794 0
0.0241687 0.000728794 0
0.0241687 0.000728794 0
0.0241687 0.000728794 0
0.0241687 0.000728794 0
0.0241687 0.000728794 0
0.0241687 0.000728794 0
0.0241687 0.000728794 0
0.0241687 0.000728794 0
0.0241687 0.000728794 0
0.0241687 0.000728794 0
0.0241687 0.000728794 0
0.0241687 0.000728794 0
0.0241687 0.000728794 0
0.0241687 0.000728794 0
0.0241687 0.000728794 0
0.0241687 0.000728794 0
0.0241687 0.000728794 0
0.0241687 0.000728794 0
0.0241687 0.000728794 0
0.0241687 0.000728794 0
0.0241687 0.000728794 0
0.0241687 0.000728794 0
0.0241687 0.000728794 0
0.0241687 0.000728794 0
0.0241687 0.000728794 0
0.0241687 0.000728794 0
0.0241687 0.000728794 0
0.0241687 0.000728794 0
0.0241687 0.000728794 0
0.0241687 0.000728794 0
0.0241687 0.000728794 0
0.0241687 0.000728794 0
0.0241687 0.000728794 0
0.0241687 0.000728794 0
0.0241687 0.000728794 0
0.0241687 0.000728794 0
0.0241687 0.000728794 0
0.0241687 0.000728794 0
0.0241687 0.000728794 0
0.0241687 0.000728794 0
0.0241687 0.000728794 0
0.0241687 0.000728794 0
0.0241687 0.000728794 0
0.0241687 0.000728794 0
0.0241687 0.000728794 0
0.0241687 0.000728794 0
0.0241687 0.000728794 0
0.0241687 0.000728794 0
0.0241687 0.000728794 0
0.0241687 0.000728794 0
0.0241687 0.000728794 0
0.0241687 0.000728794 0
0.0241687 0.000728794 0
0.0241687 0.000728794 0
0.0241687 0.000728794 0
0.0241687 0.000728794 0
0.0241687 0.000728794 0
0.0241687 0.000728794 0
0.0241687 0.000728794 0
0.0241687 0.000728794 0
0.0241687 0.000728794 0
0.0241687 0.000728794 0
0.0241687 0.000728794 0
0.0241687 0.000728794 0
0.0241687 0.000728794 0
0.0241687 0.000728794 0
0.0241687 0.000728794 0
0.0241687 0.000728794 0
0.0241687 0.000728794 0
0.0241687 0.000728794 0
0.0241687 0.000728794 0
0.0241687 0.000728794 0
0.0241687 0.000728794 0
0.0241687 0.000728794 0
0.0241687 0.000728794 0
0.0241687 0.000728794 0
0.0241687 0.000728794 0
0.0241687 0.000728794 0
0.0241687 0.000728794 0
0.0241687 0.000728794 0
0.0241687 0.000728794 0
0.0241687 0.000728794 0
0.0241687 0.000728794 0
0.0241687 0.000728794 0
0.0241687 0.000728794 0
0.0241687 0.000728794 0
0.0241687 0.000728794 0
0.0241687 0.000728794 0
0.0241687 0.000728794 0
0.0241687 0.000728794 0
0.0241687 0.000728794 0
0.0241687 0.000728794 0
0.0241687 0.000728794 0
0.0241687 0.000728794 0
0.0241687 0.000728794 0
0.0241687 0.000728794 0
0.0241687 0.000728794 0
0.0241687 0.000728794 0
0.0241687 0.000728794 0
0.0241687 0.000728794 0
0.0241687 0.000728794 0
0.0241687 0.000728794 0
0.0241687 0.000728794 0
0.0241687 0.000728794 0
0.0241687 0.000728794 0
0.0241687 0.000728794 0
0.0241687 0.000728794 0
0.0241687 0.000728794 0
0.0241687 0.000728794 0
0.0241687 0.000728794 0
0.0241687 0.000728794 0
0.0241687 0.000728794 0
0.0241687 0.000728794 0
0.0241687 0.000728794 0
0.0241687 0.000728794 0
0.0241687 0.000728794 0
0.0241687 0.000728794 0
0.0241687 0.000728794 0
0.0241687 0.000728794 0
0.0241687 0.000728794 0
0.0241687 0.000728794 0
0.0241687 0.000728794 0
0.0241687 0.000728794 0
0.0241687 0.000728794 0
0.0241687 0.000728794 0
0.0241687 0.000728794 0
0.0241687 0.000728794 0
0.0241687 0.000728794 0
0.0241687 0.000728794 0
0.0241687 0.000728794 0
0.0241687 0.000728794 0
0.0241687 0.000728794 0
0.0241687 0.000728794 0
0.0241687 0.000728794 0
0.0241687 0.000728794 0
0.0241687 0.000728794 0
0.0241687 0.000728794 0
0.0241687 0.000728794 0
0.0241687 0.000728794 0
0.0241687 0.000728794 0
0.0241687 0.000728794 0
0.0241687 0.000728794 0
0.0241687 0.000728794 0
0.0241687 0.000728794 0
0.0241687 0.000728794 0
0.0241687 0.000728794 0
0.0241687 0.000728794 0
0.0241687 0.000728794 0
0.0241687 0.000728794 0
0.0241687 0.000728794 0
0.0241687 0.000728794 0
0.0241687 0.000728794 0
0.0241687 0.000728794 0
0.0241687 0.000728794 0
0.0241687 0.000728794 0
0.0241687 0.000728794 0
0.0241687 0.000728794 0
0.0241687 0.000728794 0
0.0241687 0.000728794 0
0.0241687 0.000728794 0
0.0241687 0.000728794 0
0.0241687 0.000728794 0
0.0241687 0.000728794 0
0.0241687 0.000728794 0
0.0241687 0.000728794 0
0.0241687 0.000728794 0
0.0241687 0.000728794 0
0.0241687 0.000728794 0
0.0241687 0.000728794 0
0.0241687 0.000728794 0
0.0241687 0.000728794 0
0.0241687 0.000728794 0
0.0241687 0.000728794 0
0.0241687 0.000728794 0
0.0241687 0.000728794 0
0.0241687 0.000728794 0
0.0241687 0.000728794 0
0.0241687 0.000728794 0
0.0241687 0.000728794 0
0.0241687 0.000728794 0
0.0241687 0.000728794 0
0.0241687 0.000728794 0
0.0241687 0.000728794 0
0.0241687 0.000728794 0
0.0241687 0.000728794 0
0.0241687 0.000728794 0
0.0241687 0.000728794 0
0.0241687 0.000728794 0
0.0241687 0.000728794 0
0.0241687 0.000728794 0
0.0241687 0.000728794 0
0.0241687 0.000728794 0
0.0241687 0.000728794 0
0.0241687 0.000728794 0
0.0241687 0.000728794 0
0.0241687 0.000728794 0
0.0241687 0.000728794 0
0.0241687 0.000728794 0
0.0241687 0.000728794 0
0.0241687 0.000728794 0
0.0241687 0.000728794 0
0.0241687 0.000728794 0
0.0241687 0.000728794 0
0.0241687 0.000728794 0
0.0241687 0.000728794 0
0.0241687 0.000728794 0
0.0241687 0.000728794 0
0.0241687 0.000728794 0
0.0241687 0.000728794 0
0.0241687 0.000728794 0
0.0241687 0.000728794 0
0.0241687 0.000728794 0
0.0241687 0.000728794 0
0.0241687 0.000728794 0
0.0241687 0.000728794 0
0.0241687 0.000728794 0
0.0241687 0.000728794 0
0.0241687 0.000728794 0
0.0241687 0.000728794 0
0.0241687 0.000728794 0
0.0241687 0.000728794 0
0.0241687 0.000728794 0
0.0241687 0.000728794 0
0.0241687 0.000728794 0
0.0241687 0.000728794 0
0.0241687 0.000728794 0
0.0241687 0.000728794 0
0.0241687 0.000728794 0
0.0241687 0.000728794 0
0.0241687 0.000728794 0
0.0241687 0.000728794 0
0.0241687 0.000728794 0
0.0241687 0.000728794 0
0.0241687 0.000728794 0
0.0241687 0.000728794 0
0.0241687 0.000728794 0
0.0241687 0.000728794 0
0.0241687 0.000728794 0
0.0241687 0.000728794 0
0.0241687 0.000728794 0
0.0241687 0.000728794 0
0.0241687 0.000728794 0
0.0241687 0.000728794 0
0.0241687 0.000728794 0
0.0241687 0.000728794 0
0.0241687 0.000728794 0
0.0241687 0.000728794 0
0.0241687 0.000728794 0
0.0241687 0.000728794 0
0.0241687 0.000728794 0
0.0241687 0.000728794 0
0.0241687 0.000728794 0
0.0241687 0.000728794 0
0.0241687 0.000728794 0
0.0241687 0.000728794 0
0.0241687 0.000728794 0
0.0241687 0.000728794 0
0.0241687 0.000728794 0
0.0241687 0.000728794 0
0.0241687 0.000728794 0
0.0241687 0.000728794 0
0.0241687 0.000728794 0
0.0241687 0.000728794 0
0.0241687 0.000728794 0
0.0241687 0.000728794 0
0.0241687 0.000728794 0
0.0241687 0.000728794 0
0.0241687 0.000728794 0
0.0241687 0.000728794 0
0.0241687 0.000728794 0
0.0241687 0.000728794 0
0.0241687 0.000728794 0
0.0241687 0.000728794 0
0.0241687 0.000728794 0
0.0241687 0.000728794 0
0.0241687 0.000728794 0
0.0241687 0.000728794 0
0.0241687 0.000728794 0
0.0241687 0.000728794 0
0.0241687 0.000728794 0
0.0241687 0.000728794 0
0.0241687 0.000728794 0
0.0241687 0.000728794 0
0.0241687 0.000728794 0
0.0241687 0.000728794 0
0.0241687 0.000728794 0
0.0241687 0.000728794 0
0.0241687 0.000728794 0
0.0241687 0.000728794 0
0.0241687 0.000728794 0
0.0241687 0.000728794 0
0.0241687 0.000728794 0
0.0241687 0.000728794 0
0.0241687 0.000728794 0
0.0241687 0.000728794 0
0.0241687 0.000728794 0
0.0241687 0.000728794 0
0.0241687 0.000728794 0
0.0241687 0.000728794 0
0.0241687 0.000728794 0
0.0241687 0.000728794 0
0.0241687 0.000728794 0
0.0241687 0.000728794 0
0.0241687 0.000728794 0
0.0241687 0.000728794 0
0.0241687 0.000728794 0
0.0241687 0.000728794 0
0.0241687 0.000728794 0
0.0241687 0.000728794 0
0.0241687 0.000728794 0
0.0241687 0.000728794 0
0.0241687 0.000728794 0
0.0241687 0.000728794 0
0.0241687 0.000728794 0
0.0241687 0.000728794 0
0.0241687 0.000728794 0
0.0241687 0.000728794 0
0.0241687 0.000728794 0
0.0241687 0.000728794 0
0.0241687 0.000728794 0
0.0241687 0.000728794 0
0.0241687 0.000728794 0
0.0241687 0.000728794 0
0.0241687 0.000728794 0
0.0241687 0.000728794 0
0.0241687 0.000728794 0
0.0241687 0.000728794 0
0.0241687 0.000728794 0
0.0241687 0.000728794 0
0.0241687 0.000728794 0
0.0241687 0.000728794 0
0.0241687 0.000728794 0
0.0241687 0.000728794 0
0.0241687 0.000728794 0
0.0241687 0.000728794 0
0.0241687 0.000728794 0
0.0241687 0.000728794 0
0.0241687 0.000728794 0
0.0241687 0.000728794 0
0.0241687 0.000728794 0
0.0241687 0.000728794 0
0.0241687 0.000728794 0
0.0241687 0.000728794 0
0.0241687 0.000728794 0
0.0241687 0.000728794 0
0.0241687 0.000728794 0
0.0241687 0.000728794 0
0.0241687 0.000728794 0
0.0241687 0.000728794 0
0.0241687 0.000728794 0
0.0241687 0.000728794 0
0.0241687 0.000728794 0
0.0241687 0.000728794 0
0.0241687 0.000728794 0
0.0241687 0.000728794 0
0.0241687 0.000728794 0
0.0241687 0.000728794 0
0.0241687 0.000728794 0
0.0241687 0.000728794 0
0.0241687 0.000728794 0
0.0241687 0.000728794 0
0.0241687 0.000728794 0
0.0241687 0.000728794 0
0.0241687 0.000728794 0
0.0241687 0.000728794 0
0.0241687 0.000728794 0
0.0241687 0.000728794 0
0.0241687 0.000728794 0
0.0241687 0.000728794 0
0.0241687 0.000728794 0
0.0241687 0.000728794 0
0.0241687 0.000728794 0
0.0241687 0.000728794 0
0.0241687 0.000728794 0
0.0241687 0.000728794 0
0.0241687 0.000728794 0
0.0241687 0.000728794 0
0.0241687 0.000728794 0
0.0241687 0.000728794 0
0.0241687 0.000728794 0
0.0241687 0.000728794 0
0.0241687 0.000728794 0
0.0241687 0.000728794 0
0.0241687 0.000728794 0
0.0241687 0.000727378 0
0.0241687 0.000727255 0
0.0241687 0.000727255 0
0.0241687 0.000727255 0
0.0241687 0.000727255 0
0.0241687 0.000727255 0
0.0241687 0.000727255 0
0.0241687 0.000727255 0
0.0241687 0.000727255 0
0.0241687 0.000727255 0
0.0241687 0.000727255 0
0.0241687 0.000727255 0
0.0241687 0.000727255 0
0.0241687 0.000727255 0
0.0241687 0.000727255 0
0.0241687 0.000727255 0
0.0241687 0.000727255 0
0.0241687 0.000727255 0
0.0241687 0.000727255 0
0.0241687 0.000727255 0
0.0241687 0.000727255 0
0.0241687 0.000727255 0
0.0241687 0.000727255 0
0.0241687 0.000727255 0
0.0241687 0.000727255 0
0.0241687 0.000727255 0
0.0241687 0.000727255 0
0.0241687 0.000727255 0
0.0241687 0.000727255 0
0.0241687 0.000727255 0
0.0241687 0.000727255 0
0.0241687 0.000727255 0
0.0241687 0.000727255 0
0.0241687 0.000727255 0
0.0241687 0.000727255 0
0.0241687 0.000727255 0
0.0241687 0.000727255 0
0.0241687 0.000727255 0
0.0241687 0.000727255 0
0.0241687 0.000727255 0
0.0241687 0.000727255 0
0.0241687 0.000727255 0
0.0241687 0.000727255 0
0.0241687 0.000727255 0
0.0241687 0.000727255 0
0.0241687 0.000727255 0
0.0241687 0.000727255 0
0.0241687 0.000727255 0
0.0241687 0.000727255 0
0.0241687 0.000727255 0
0.0241687 0.000727255 0
0.0251546 0.000727255 0
0.0272221 0.000727255 0
0.0294448 0.000727255 0
0.0318641 0.000727255 0
0.0343837 0.000727255 0
0.0370285 0.000727255 0
0.0398041 0.000727255 0
0.0426518 0.000727255 0
0.045592 0.000727255 0
0.0486007 0.000727255 0
0.0516544 0.000727255 0
0.0547273 0.0014131 0
0.0578042 0.00273966 0
0.0608676 0.0039645 0
0.0638899 0.00507079 0
0.0668457 0.00606538 0
0.0697081 0.00696115 0
0.0707978 0.00768374 0
0.0711594 0.00804252 0
0.0719319 0.008232 0
0.07224 0.00835275 0
0.0721667 0.00844531 0
0.0722989 0.00829577 0
0.0726423 0.00811267 0
0.0728455 0.00796079 0
0.0729005 0.00757065 0
0.0729163 0.007131 0
0.0729867 0.00673661 0
0.0730767 0.00625405 0
0.0729838 0.00568184 0
0.0726749 0.00502124 0
0.0723239 0.00429879 0
0.0718346 0.00353393 0
0.071128 0.0027059 0
0.0702931 0.00248928 0
0.0693964 0.00248928 0
0.0684144 0.00248928 0
0.0673513 0.00248928 0
0.0662602 0.00248928 0
0.0651737 0.00248928 0
0.0641 0.00248928 0
0.0630608 0.00248928 0
0.0620884 0.00248928 0
0.0612042 0.00248928 0
0.0604217 0.00248928 0
0.0597578 0.00248928 0
0.059229 0.00248928 0
0.0588158 0.00248928 0
0.0583651 0.00248928 0
0.0578988 0.00248928 0
0.057433 0.00248928 0
0.0569819 0.00248928 0
0.0565554 0.00248928 0
0.0561603 0.00248928 0
0.0557995 0.00248928 0
0.0554707 0.00248928 0
0.0551693 0.00248928 0
0.0548896 0.00248928 0
0.0546233 0.00248928 0
0.0543584 0.00248928 0
0.0540775 0.00248928 0
0.0537572 0.00248928 0
0.0533669 0.00248928 0
0.0528722 0.00248928 0
0.0522403 0.00248928 0
0.0514441 0.00248928 0
0.050464 0.00248928 0
0.04929 0.00248928 0
0.0479207 0.00248928 0
0.04636 0.00248928 0
0.0446136 0.00248928 0
0.042687 0.00248928 0
0.0405851 0.00248928 0
0.0383135 0.00248928 0
0.0358814 0.00248928 0
0.0346092 0.00248928 0
0.0346092 0.00248928 0
0.0346092 0.00248928 0
0.0346092 0.00248928 0
0.0346092 0.00248928 0
0.0346092 0.00248928 0
0.0346092 0.00248928 0
0.0346092 0.00248928 0
0.0346092 0.00248928 0
0.0346092 0.00248928 0
0.0346092 0.00248928 0
0.0346092 0.00248928 0
0.0346092 0.00248928 0
0.0346092 0.00248928 0
0.0346092 0.00248928 0
0.0346092 0.00248928 0
0.0346092 0.00248928 0
0.0346092 0.00248928 0
0.0346092 0.00248928 0
0.0346092 0.00248928 0
0.0346092 0.00248928 0
0.0346092 0.00248928 0
0.0346092 0.00248928 0
0.0346092 0.00248928 0
0.0346092 0.00248928 0
0.0346092 0.00248928 0
0.0346092 0.00248928 0
0.0346092 0.00248928 0
0.0346092 0.00248928 0
0.0346092 0.00248928 0
0.0346092 0.00248928 0
0.0346092 0.00248928 0
0.0346092 0.00248928 0
0.0346092 0.00248928 0
0.0346092 0.00248928 0
0.0346092 0.00248928 0
0.0346092 0.00248928 0
0.0346092 0.00248928 0
0.0346092 0.00248928 0
0.0346092 0.00248928 0
0.0346092 0.00248928 0
0.0341795 0.00248928 0
0.0341795 0.00248928 0
0.0341795 0.00248928 0
0.0341795 0.00248928 0
0.0341795 0.00248928 0
0.0341795 0.00248928 0
0.0341795 0.00248928 0
0.0341795 0.00248928 0
0.0341795 0.00248928 0
0.0341795 0.00248928 0
0.0341795 0.00248928 0
0.0341795 0.00227441 0
0.0341795 0.00227441 0
0.0341795 0.00227441 0
0.0341795 0.00227441 0
0.0341795 0.00227441 0
0.0341795 0.00227441 0
0.0341795 0.00227441 0
0.0341795 0.00227441 0
0.0341795 0.00227289 0
0.0341795 0.00227289 0
0.0341795 0.00227289 0
0.0341795 0.00227289 0
0.0341795 0.00227289 0
0.0341795 0.00227289 0
0.0341795 0.00227289 0
0.0341795 0.00227289 0
0.0340007 0.00227289 0
0.0340007 0.00227289 0
0.0340007 0.00227289 0
0.0340007 0.00227289 0
0.0340007 0.00227289 0
0.0340007 0.00227289 0
0.0340007 0.00227289 0
0.0340007 0.00227289 0
0.0340007 0.00227289 0
0.0340007 0.00227289 0
0.0340007 0.00227289 0
0.0340007 0.00227289 0
0.0340007 0.00227289 0
0.0340007 0.00227289 0
0.0340007 0.00227289 0
0.0340007 0.00227289 0
0.0340007 0.00227289 0
0.0340007 0.00227289 0
0.0340007 0.00227289 0
0.0340007 0.00227289 0
0.0340007 0.00227289 0
0.0340007 0.00227289 0
0.0340007 0.00227289 0
0.0340007 0.00227289 0
0.0340007 0.00227289 0
0.0340007 0.00227289 0
0.0340007 0.00227289 0
0.0340007 0.00227289 0
0.0340007 0.00227289 0
0.0340007 0.00227289 0
0.0340007 0.00227289 0
0.0340007 0.00227289 0
0.0340007 0.00227289 0
0.0339996 0.00227289 0
0.0339996 0.00227289 0
0.0339996 0.00227289 0
0.0339996 0.00227289 0
0.0339996 0.00227289 0
0.0339996 0.00227289 0
0.0339996 0.00227289 0
0.0339996 0.00227289 0
0.0339996 0.00227289 0
0.0339996 0.00227126 0
0.0339996 0.00227126 0
0.0339996 0.00227126 0
0.0339996 0.00227126 0
0.0339996 0.00227126 0
0.0339996 0.00227126 0
0.0339996 0.00227126 0
0.0339996 0.00227126 0
0.0339996 0.00227126 0
0.0339996 0.00227126 0
0.0339996 0.00227126 0
0.0339996 0.00227126 0
0.0339996 0.00227126 0
0.0339996 0.00227126 0
0.0339996 0.00227126 0
0.0339996 0.00227126 0
0.0339996 0.00227126 0
0.0339996 0.00227126 0
0.0339996 0.00227126 0
0.0339996 0.00227126 0
0.0339996 0.00227126 0
0.0339996 0.00227126 0
0.0339996 0.00227126 0
0.0339996 0.00227126 0
0.0339996 0.00227126 0
0.0339996 0.00227126 0
0.0339996 0.00227126 0
0.0339996 0.00227126 0
0.0339996 0.00227126 0
0.0339996 0.00227126 0
0.0339996 0.00227126 0
0.0339996 0.00227126 0
0.0339996 0.00227126 0
0.0339996 0.00227126 0
0.0339996 0.00227126 0
0.0339996 0.00227126 0
0.0339996 0.00227126 0
0.0339996 0.00227126 0
0.0339996 0.00227126 0
0.0339996 0.00227126 0
0.0339996 0.00227126 0
0.0339996 0.00227126 0
0.0339996 0.00227126 0
0.0339996 0.00227126 0
0.0339996 0.00227126 0
0.0339996 0.00227126 0
0.0339996 0.00227126 0
0.0339996 0.00227126 0
0.0339996 0.00227126 0
0.0339996 0.00227126 0
0.0339996 0.00227126 0
0.0339996 0.00227126 0
0.0339996 0.00227126 0
0.0339996 0.00227126 0
0.0339996 0.00227126 0
0.0339996 0.00227126 0
0.0339996 0.00227126 0
0.0339996 0.00227126 0
0.0339996 0.00227126 0
0.0339996 0.00227126 0
0.0339996 0.00227126 0
0.0339996 0.00227126 0
0.0339996 0.00227126 0
0.0339996 0.00227126 0
0.0339996 0.00227126 0
0.0339996 0.00227126 0
0.0339996 0.00227126 0
0.0339996 0.00227126 0
0.0339996 0.00227126 0
0.0339996 0.00227126 0
0.0339996 0.00227126 0
0.0339996 0.00227126 0
0.0339996 0.00227126 0
0.0339996 0.00227126 0
0.0339996 0.00227126 0
0.0339996 0.00227126 0
0.0339996 0.00227126 0
0.0339996 0.00227126 0
0.0339996 0.00227126 0
0.0339996 0.00227126 0
0.0339996 0.00227126 0
0.0339996 0.00227126 0
0.0339996 0.00227126 0
0.0339996 0.00227126 0
0.0339996 0.00227126 0
0.0339996 0.00227126 0
0.0339996 0.00227126 0
0.0339996 0.00227126 0
0.0339996 0.00227126 0
0.0339996 0.00227126 0
0.0339996 0.00227126 0
0.0339996 0.00227126 0
0.0339996 0.00227126 0
0.0339996 0.00227126 0
0.0339996 0.00227126 0
0.0339996 0.00227126 0
0.0339996 0.00227126 0
0.0339996 0.00227126 0
0.0339996 0.00227126 0
0.0339996 0.00227126 0
0.0339996 0.00227126 0
0.0339996 0.00227126 0
0.0339996 0.00227126 0
0.0339996 0.00227126 0
0.0339996 0.00227126 0
0.0339996 0.00227126 0
0.0339996 0.00227126 0
0.0339996 0.00227126 0
0.0339996 0.00227126 0
0.0339996 0.00227126 0
0.0339996 0.00227126 0
0.0339996 0.00227126 0
0.0339996 0.00227126 0
0.0339996 0.00227126 0
0.0339996 0.00227126 0
0.0339996 0.00227126 0
0.0339996 0.00227126 0
0.0339996 0.00227126 0
0.0339996 0.00227126 0
0.0339996 0.00227126 0
0.0339996 0.00227126 0
0.0349114 0.00227126 0
0.0361563 0.00227126 0
0.037469 0.00227126 0
0.0388235 0.00227126 0
0.0401557 0.00227126 0
0.0414437 0.00227126 0
0.042683 0.00227126 0
0.0438446 0.00227126 0
0.044894 0.00227126 0
0.0458142 0.00227126 0
0.0465935 0.00227126 0
0.0472147 0.00227126 0
0.0476629 0.00227126 0
0.0479321 0.00227126 0
0.0480189 0.00227126 0
0.0479212 0.00227126 0
0.0476633 0.00227126 0
0.047249 0.00227126 0
0.0466793 0.00227126 0
0.0459648 0.00227126 0
0.0451216 0.00227126 0
0.0441627 0.00227126 0
0.0431004 0.00227126 0
0.0419511 0.00227126 0
0.0406979 0.00227126 0
0.0393323 0.00227126 0
0.0378782 0.00227126 0
0.0371239 0.00227126 0
0.0371239 0.00227126 0
0.0371239 0.00227126 0
0.0371239 0.00227126 0
0.0371239 0.00227126 0
0.0371239 0.00227126 0
0.0371239 0.00227126 0
0.0371239 0.00227126 0
0.0371239 0.00227126 0
0.0371239 0.00227126 0
0.0371239 0.00227126 0
0.0371239 0.00227126 0
0.0371239 0.00227126 0
0.0371239 0.00227126 0
0.0371239 0.00227126 0
0.0371239 0.00227126 0
0.0371239 0.00227126 0
0.0371239 0.00227126 0
0.0371239 0.00227126 0
0.0371239 0.00227126 0
0.0371239 0.00227126 0
0.0371239 0.00227126 0
0.0371239 0.00227126 0
0.0371239 0.00227126 0
0.0371239 0.00227126 0
0.0371239 0.00227126 0
0.0371239 0.00227126 0
0.0371239 0.00227126 0
0.0371239 0.00227126 0
0.0371239 0.00227126 0
0.0371239 0.00227126 0
0.0371239 0.00227126 0
0.0371239 0.00227126 0
0.0371239 0.00227126 0
0.0371239 0.00227126 0
0.0371239 0.00227126 0
0.0371239 0.00227126 0
0.0371239 0.00227126 0
0.0371239 0.00227126 0
0.0371239 0.00227126 0
0.0371239 0.00227126 0
0.0371239 0.00227126 0
0.0371239 0.00227126 0
0.0371239 0.00227126 0
0.0371239 0.00227126 0
0.0371239 0.00227126 0
0.0371239 0.00227126 0
0.0371239 0.00227126 0
0.0371239 0.00227126 0
0.0371239 0.00227126 0
0.0371239 0.00227126 0
0.0371239 0.00227126 0
0.0371239 0.00227126 0
0.0371239 0.00227126 0
0.0371239 0.00227126 0
0.0371239 0.00227126 0
0.0371239 0.00227126 0
0.0371239 0.00227126 0
0.0371239 0.00227126 0
0.0371239 0.00227126 0
0.0371239 0.00227126 0
0.0371239 0.00227126 0
0.0371239 0.00227126 0
0.0371239 0.00227126 0
0.0371239 0.00227126 0
0.0371239 0.00227126 0
0.0371239 0.00227126 0
0.0371239 0.00227126 0
0.0371239 0.00227126 0
0.0371239 0.00227126 0
0.0371239 0.00227126 0
0.0371239 0.00227126 0
0.0371239 0.00227126 0
0.0371239 0.00227126 0
0.0371239 0.00227126 0
0.0371239 0.00227126 0
0.0371239 0.00227126 0
0.0371239 0.00227126 0
0.0371239 0.00227126 0
0.0371239 0.00227126 0
0.0371239 0.00227126 0
0.0371239 0.00227126 0
0.0371239 0.00227126 0
0.0371239 0.00227126 0
0.0371239 0.00227126 0
0.0371239 0.00227126 0
0.0371239 0.00227126 0
0.0371239 0.00227126 0
0.0371239 0.00227126 0
0.0371239 0.00227126 0
0.0371239 0.00227126 0
0.0371239 0.00227126 0
0.0371239 0.00227126 0
0.0371239 0.00227126 0
0.0371239 0.00227126 0
0.0371239 0.00227126 0
0.0371239 0.00227126 0
0.0371239 0.00227126 0
0.0371239 0.00227126 0
0.0371239 0.00227126 0
0.0371239 0.00227126 0
0.0371239 0.00227126 0
0.0371239 0.00227126 0
0.0371239 0.00227126 0
0.0371239 0.00227126 0
0.0371239 0.00227126 0
0.0371239 0.00227126 0
0.0371239 0.00227126 0
0.0371239 0.00227126 0
0.0371239 0.00227126 0
0.0371239 0.00227126 0
0.0371239 0.00227126 0
0.0371239 0.00227126 0
0.0371239 0.00227126 0
0.0371239 0.00227126 0
0.0371239 0.00227126 0
0.0371239 0.00227126 0
0.0371239 0.00227126 0
0.0371239 0.00227126 0
0.0371239 0.00227126 0
0.0371239 0.00227126 0
0.0371239 0.00227126 0
0.0371239 0.00227126 0
0.0371239 0.00227126 0
0.0371239 0.00227126 0
0.0371239 0.00227126 0
0.0371239 0.00227126 0
0.0371239 0.00227126 0
0.0371239 0.00227126 0
0.0371239 0.00227126 0
0.0371239 0.00227126 0
0.0371239 0.00227126 0
0.0371239 0.00227126 0
0.0371239 0.00227126 0
0.0383467 0.00227126 0
0.0396238 0.00227126 0
0.0409456 0.00227126 0
0.042302 0.00227126 0
0.0436832 0.00227126 0
0.0450806 0.00227126 0
0.0464867 0.00227126 0
0.0478951 0.00227126 0
0.0493004 0.00227126 0
0.0506973 0.00227126 0
0.0520787 0.00227126 0
0.0534359 0.00227126 0
0.0547595 0.00227126 0
0.0560419 0.00227126 0
0.0572777 0.00227126 0
0.0584637 0.00227126 0
0.0595971 0.00227126 0
0.0606743 0.00227126 0
0.0616908 0.00227126 0
0.0626422 0.00227126 0
0.0635259 0.00227126 0
0.064342 0.00227126 0
0.0650931 0.00227126 0
0.0657849 0.00227126 0
0.066425 0.00227126 0
0.0670221 0.00227126 0
0.0675844 0.00227126 0
0.0681191 0.00227126 0
0.0686323 0.00227126 0
0.0691295 0.00227126 0
0.0696153 0.00227126 0
0.070094 0.00227126 0
0.0705688 0.00227126 0
0.0710427 0.00227126 0
0.0715176 0.00227126 0
0.0719417 0.00227126 0
0.072285 0.00227126 0
0.0725471 0.00227126 0
0.0727201 0.00227126 0
0.0727898 0.00227126 0
0.0727593 0.00227126 0
0.0726384 0.00341697 0
0.0724346 0.00486394 0
0.0721435 0.00619919 0
0.0717551 0.00745972 0
0.0712798 0.00861671 0
0.0707103 0.00966602 0
0.0700525 0.0105621 0
0.0693096 0.0112862 0
0.0684853 0.011833 0
0.0675816 0.0122021 0
0.0666009 0.0123871 0
0.0655543 0.0123518 0
0.0644446 0.0120964 0
0.0632537 0.0116791 0
0.0619798 0.0111798 0
0.0606458 0.0105776 0
0.0592561 0.0098604 0
0.0578305 0.0090165 0
0.056398 0.00804672 0
0.0549768 0.0069718 0
0.0535823 0.00580565 0
0.0522323 0.0045556 0
0.0509421 0.0045556 0
0.0497249 0.0045556 0
0.0485927 0.0045556 0
0.0475576 0.0045556 0
0.0466291 0.0045556 0
0.0458136 0.0045556 0
0.0451135 0.0045556 0
0.0445275 0.0045556 0
0.0442759 0.0045556 0
0.0442759 0.0045556 0
0.0442759 0.0045556 0
0.0442759 0.0045556 0
0.0442759 0.0045556 0
0.0442759 0.0045556 0
0.0442759 0.0045556 0
0.0442759 0.0045556 0
0.0442759 0.0045556 0
0.0442759 0.0045556 0
0.0442759 0.0045556 0
0.0442759 0.0045556 0
0.0442759 0.0045556 0
0.0442759 0.0045556 0
0.0442759 0.0045556 0
0.0442759 0.0045556 0
0.0442759 0.0045556 0
0.0442759 0.0045556 0
0.0442759 0.0045556 0
0.0442759 0.0045556 0
0.0442759 0.0045556 0
0.0442759 0.0045556 0
0.0442759 0.0045556 0
0.0442759 0.0045556 0
0.0442759 0.0045556 0
0.0442759 0.0045556 0
0.0442759 0.0045556 0
0.0442759 0.0045556 0
0.0442759 0.0045556 0
0.0442759 0.0045556 0
0.0442759 0.0045556 0
0.0442759 0.0045556 0
0.0442759 0.0045556 0
0.0442759 0.0045556 0
0.0442759 0.0045556 0
0.0442759 0.0045556 0
0.0442759 0.0045556 0
0.0442759 0.0045556 0
0.0442759 0.0045556 0
0.0442759 0.0045556 0
0.0442759 0.0045556 0
0.0442759 0.0045556 0
0.0442759 0.0045556 0
0.0442759 0.0045556 0
0.0442759 0.0045556 0
0.0442759 0.0045556 0
0.0442759 0.0045556 0
0.0442759 0.0045556 0
0.0442759 0.0045556 0
0.0442759 0.0045556 0
0.0442759 0.0045556 0
0.0442759 0.0045556 0
0.0442759 0.0045556 0
0.0442759 0.0045556 0
0.0442759 0.0045556 0
0.0442759 0.0045556 0
0.0442759 0.0045556 0
0.0442759 0.0045556 0
0.0442759 0.0045556 0
0.0442759 0.0045556 0
0.0442759 0.0045556 0
0.0442759 0.0045556 0
0.0442759 0.0045556 0
0.0442759 0.0045556 0
0.0442759 0.0045556 0
0.0442759 0.0045556 0
0.0442759 0.0045556 0
0.0442759 0.0045556 0
0.0442759 0.0045556 0
0.0442759 0.0045556 0
0.0442759 0.0045556 0
0.0442759 0.0045556 0
0.0442759 0.0045556 0
0.0442759 0.0045556 0
0.0442759 0.0045556 0
0.0442759 0.0045556 0
0.0442759 0.0045556 0
0.0442759 0.0045556 0
0.0442759 0.0045556 0
0.0442759 0.0045556 0
0.0442759 0.0045556 0
0.0442759 0.0045556 0
0.0442759 0.0045556 0
0.0442759 0.0045556 0
0.0442759 0.0045556 0
0.0442759 0.0045556 0
0.0442759 0.0045556 0
0.0442759 0.0045556 0
0.0442759 0.0045556 0
0.0442759 0.0045556 0
0.0442759 0.0045556 0
0.0442759 0.0045556 0
0.0442759 0.0045556 0
0.0442759 0.0045556 0
0.0442759 0.0045556 0
0.0442759 0.0045556 0
0.0442759 0.0045556 0
0.0442759 0.0045556 0
0.0442759 0.0045556 0
0.0442759 0.0045556 0
0.0442759 0.0045556 0
0.0442759 0.0045556 0
0.0442759 0.0045556 0
0.0442759 0.0045556 0
0.0442759 0.0045556 0
0.0442759 0.0045556 0
0.0442759 0.0045556 0
0.0442759 0.0045556 0
0.0442759 0.0045556 0
0.0442759 0.0045556 0
0.0442759 0.0045556 0
0.0442759 0.0045556 0
0.0442759 0.0045556 0
0.0442759 0.0045556 0
0.0442759 0.0045556 0
0.0442759 0.0045556 0
0.0442759 0.0045556 0
0.0442759 0.0045556 0
0.0442759 0.0045556 0
0.0442759 0.0045556 0
0.0442759 0.0045556 0
0.0442759 0.0045556 0
0.0442759 0.0045556 0
0.0442759 0.0045556 0
0.0442759 0.0045556 0
0.0442759 0.0045556 0
0.0442759 0.0045556 0
0.0442759 0.0045556 0
0.0442759 0.0045556 0
0.0442759 0.0045556 0
0.0442759 0.0045556 0
0.0442759 0.0045556 0
0.0442759 0.0045556 0
0.044086 0.0045556 0
0.044086 0.0045556 0
0.044086 0.0045556 0
0.044086 0.0045556 0
0.044086 0.0045556 0
0.044086 0.0045556 0
0.044086 0.0045556 0
0.044086 0.0045556 0
0.044086 0.0045556 0
0.044086 0.0045556 0
0.044086 0.0045556 0
0.044086 0.0045556 0
0.044086 0.0045556 0
0.044086 0.0045556 0
0.044086 0.0045556 0
0.044086 0.0045556 0
0.044086 0.0045556 0
0.044086 0.0045556 0
0.044086 0.0045556 0
0.044086 0.0045556 0
0.044086 0.0045556 0
0.0439372 0.0045556 0
0.0439372 0.0045556 0
0.0439372 0.0045556 0
0.0439372 0.0045556 0
0.0439372 0.0045556 0
0.0439372 0.0045556 0
0.0439372 0.0045556 0
0.0439372 0.0045556 0
0.0439372 0.0045556 0
0.0439372 0.0045556 0
0.0439372 0.0045556 0
0.0439372 0.0045556 0
0.0439372 0.0045556 0
0.0439372 0.0045556 0
0.0439372 0.0045556 0
0.0439372 0.0045556 0
0.0439372 0.0045556 0
0.0439372 0.0045556 0
0.0439372 0.0045556 0
0.0439372 0.0045556 0
0.0439372 0.0045556 0
0.0439372 0.0045556 0
0.0439372 0.0045556 0
0.0439372 0.0045556 0
0.0439372 0.0045556 0
0.0439372 0.0045556 0
0.0439372 0.0045556 0
0.0439372 0.0045556 0
0.0439372 0.0045556 0
0.0439372 0.0045556 0
0.0439372 0.0045556 0
0.0439368 0.0045556 0
0.0439368 0.0045556 0
0.0439368 0.00429969 0
0.0439368 0.00429969 0
0.0439368 0.00429969 0
0.0439368 0.00429969 0
0.0439368 0.00429969 0
0.0439368 0.00429969 0
0.0439368 0.00429969 0
0.0439368 0.00429969 0
0.0439368 0.00429969 0
0.0439368 0.00429969 0
0.0439368 0.00429969 0
0.0439368 0.00429969 0
0.0439368 0.00429969 0
0.0439368 0.00429969 0
0.0439368 0.00429969 0
0.0439368 0.00429969 0
0.0439368 0.00429969 0
0.0439368 0.00429969 0
0.0439368 0.00429969 0
0.0439368 0.00429969 0
0.0439368 0.00429969 0
0.0439368 0.00429969 0
0.0439368 0.00429969 0
0.0439368 0.00429969 0
0.0439368 0.00429969 0
0.0439368 0.00429969 0
0.0439368 0.00429969 0
0.0439368 0.00429969 0
0.0439368 0.00429969 0
0.0439368 0.00429969 0
0.0439368 0.00429969 0
0.0439368 0.00429969 0
0.0439368 0.00429969 0
0.0439368 0.00429969 0
0.0439368 0.00429969 0
0.0439368 0.00429969 0
0.0439368 0.00429969 0
0.0439368 0.00429969 0
0.0439368 0.00429969 0
0.0439368 0.00429969 0
0.0439368 0.00429969 0
0.0439368 0.00429969 0
0.0439368 0.00429969 0
0.0439368 0.00429969 0
0.0439368 0.00429969 0
0.0439368 0.00429969 0
0.0439368 0.00429969 0
0.0439368 0.00429969 0
0.0439368 0.00429969 0
0.0439368 0.00429969 0
0.0439368 0.00429969 0
0.0439368 0.00429969 0
0.0439368 0.00429969 0
0.0439368 0.00429969 0
0.0439368 0.00429969 0
0.0439368 0.00429969 0
0.0439368 0.00429969 0
0.0439368 0.00429969 0
0.0439368 0.00429969 0
0.0439368 0.00429969 0
0.0439368 0.00429969 0
0.0439368 0.00429969 0
0.0439368 0.00429969 0
0.0439368 0.00429969 0
0.0439368 0.00429969 0
0.0439368 0.00429969 0
0.0439368 0.00429969 0
0.0439368 0.00429969 0
0.0439368 0.00429969 0
0.0439368 0.00429969 0
0.0439368 0.00429969 0
0.0439368 0.00429969 0
0.0439368 0.00429969 0
0.0439368 0.00429969 0
0.0439368 0.00429969 0
0.0439368 0.00429969 0
0.0439368 0.00429969 0
0.0439368 0.00429969 0
0.0439368 0.00429969 0
0.0439368 0.00429969 0
0.0439368 0.00429969 0
0.0439368 0.00429969 0
0.0439368 0.00429969 0
0.0439368 0.00429969 0
0.0439368 0.00429969 0
0.0439368 0.00429969 0
0.0439368 0.00429969 0
0.0439368 0.00429969 0
0.0439368 0.00429969 0
0.0439368 0.00429969 0
0.0439368 0.00429969 0
0.0439368 0.00429969 0
0.0439368 0.00429969 0
0.0439368 0.00429969 0
0.0439368 0.00429969 0
0.0439368 0.00429969 0
0.0439368 0.00429969 0
0.0439368 0.00429969 0
0.0439368 0.00429969 0
0.0439368 0.00429969 0
0.0439368 0.00429969 0
0.0439368 0.00429969 0
0.0439368 0.00429969 0
0.0439368 0.00429969 0
0.0439368 0.00429969 0
0.0439368 0.00429969 0
0.0439368 0.00429969 0
0.0439368 0.00429969 0
0.0439368 0.00429969 0
0.0439368 0.00429969 0
0.0439368 0.00429969 0
0.0439368 0.00429969 0
0.0439368 0.00429969 0
0.0439368 0.00429969 0
0.0439368 0.00429969 0
0.0439368 0.00429969 0
0.0439368 0.00429969 0
0.0439368 0.00429969 0
0.0439368 0.00429969 0
0.0439368 0.00429969 0
0.0439368 0.00429969 0
0.0439368 0.00429969 0
0.0439368 0.00429969 0
0.0439368 0.00429969 0
0.0439368 0.00429969 0
0.0439368 0.00429969 0
0.0439368 0.00429969 0
0.0439368 0.00429969 0
0.0439368 0.00429969 0
0.0439368 0.00429969 0
0.0439368 0.00429969 0
0.0439368 0.00429969 0
0.0439368 0.00429969 0
0.0439368 0.00429969 0
0.0439368 0.00429969 0
0.0439368 0.00429969 0
0.0439368 0.00429969 0
0.0439368 0.00429969 0
0.0439368 0.00429969 0
0.0439368 0.00429969 0
0.0439368 0.00429969 0
0.0439368 0.00429969 0
0.0439368 0.00429969 0
0.0439368 0.00429969 0
0.0439368 0.00429969 0
0.0439368 0.00429969 0
0.0439368 0.00429969 0
0.0439368 0.00429969 0
0.0439368 0.00429969 0
0.0439368 0.00429969 0
0.0439368 0.00429969 0
0.0439368 0.00429969 0
0.0439368 0.00429969 0
0.0439368 0.00429969 0
0.0439368 0.00429969 0
0.0439368 0.00429969 0
0.0439368 0.00429969 0
0.0439368 0.00429969 0
0.0439368 0.00429969 0
0.0439368 0.00429969 0
0.0439368 0.00429969 0
0.0439368 0.00429969 0
0.0439368 0.00429969 0
0.0439368 0.00429969 0
0.0439368 0.00429969 0
0.0439368 0.00429969 0
0.0439368 0.00429969 0
0.0439368 0.00429969 0
0.0439368 0.00429969 0
0.0439368 0.00429969 0
0.0439368 0.00429969 0
0.0439368 0.00429969 0
0.0439368 0.00429969 0
0.0439368 0.00429969 0
0.0439368 0.00429969 0
0.0439368 0.00429969 0
0.0439368 0.00429969 0
0.0439368 0.00429969 0
0.0439368 0.00429969 0
0.0439368 0.00429969 0
0.0439368 0.00429969 0
0.0439368 0.00429969 0
0.0439368 0.00429969 0
0.0439368 0.00429969 0
0.0439368 0.00429969 0
0.0439368 0.00429969 0
0.0439368 0.00429969 0
0.0439368 0.00429969 0
0.0439368 0.00429969 0
0.0439368 0.00429969 0
0.0439368 0.00429969 0
0.0439368 0.00429969 0
0.0439368 0.00429969 0
0.0439368 0.00429969 0
0.0439368 0.00429969 0
0.0439368 0.00429969 0
0.0439368 0.00429969 0
0.0439368 0.00429969 0
0.0439368 0.00429969 0
0.0439368 0.00429969 0
0.0439368 0.00429969 0
0.0439368 0.00429969 0
0.0439368 0.00429969 0
0.0439368 0.00429969 0
0.0439368 0.00429969 0
0.0439368 0.00429969 0
0.0439368 0.00429969 0
0.0439368 0.00429969 0
0.0439368 0.00429969 0
0.0439368 0.00429969 0
0.0439368 0.00429969 0
0.0439368 0.00429969 0
0.0439368 0.00429969 0
0.0439368 0.00429969 0
0.0439368 0.00429969 0
0.0439368 0.00429969 0
0.0439368 0.00429969 0
0.0439368 0.00429969 0
0.0439368 0.00429969 0
0.0439368 0.00429969 0
0.0439368 0.00429969 0
0.0439368 0.00429969 0
0.0439368 0.00429969 0
0.0439368 0.00429969 0
0.0439368 0.00429969 0
0.0439368 0.00429969 0
0.0439368 0.00429969 0
0.0439368 0.00429969 0
0.0439368 0.00429969 0
0.0439368 0.00429969 0
0.0439368 0.00429969 0
0.0439368 0.00429969 0
0.0439368 0.00429969 0
0.0439368 0.00429969 0
0.0439368 0.00429969 0
0.0439368 0.00429969 0
0.0439368 0.00429969 0
0.0439368 0.00429969 0
0.0439368 0.00429969 0
0.0439368 0.00429969 0
0.0439368 0.00429969 0
0.0439368 0.00429969 0
0.0439368 0.00429969 0
0.0439368 0.00429969 0
0.0439368 0.00429969 0
0.0439368 0.00429969 0
0.0439368 0.00429969 0
0.0439368 0.00429969 0
0.0439368 0.00429969 0
0.0439368 0.00429969 0
0.0439368 0.00429969 0
0.0439368 0.00429969 0
0.0439368 0.00429969 0
0.0439368 0.00429969 0
0.0439368 0.00429969 0
0.0439368 0.00429969 0
0.0439368 0.00429969 0
0.0439368 0.00429969 0
0.0439368 0.00429969 0
0.0439368 0.00429969 0
0.0439368 0.00429969 0
0.0439368 0.00429969 0
0.0439368 0.00429969 0
0.0439368 0.00429969 0
0.0439368 0.00429969 0
0.0439368 0.00429969 0
0.0439368 0.00429969 0
0.0439368 0.00429969 0
0.0439368 0.00429969 0
0.0439368 0.00429969 0
0.0439368 0.00429969 0
0.0439368 0.00429969 0
0.0439368 0.00429969 0
0.0439368 0.00429969 0
0.0439368 0.00429969 0
0.0439368 0.00429969 0
0.0439368 0.00429969 0
0.0439368 0.00429969 0
0.0439368 0.00429969 0
0.0439368 0.00429969 0
0.0439368 0.00429969 0
0.0439368 0.00429969 0
0.0439368 0.00429969 0
0.0439368 0.00429969 0
0.0439368 0.00429969 0
0.0439368 0.00429969 0
0.0439368 0.00429969 0
0.0439368 0.00429969 0
0.0439368 0.00429969 0
0.0439368 0.00429969 0
0.0439368 0.00429969 0
0.0439368 0.00429969 0
0.0439368 0.00429969 0
0.0439368 0.00429969 0
0.0439368 0.00429969 0
0.0439368 0.00429969 0
0.0439368 0.00429969 0
0.0439368 0.00429969 0
0.0439368 0.00429969 0
0.0439368 0.00429969 0
0.0439368 0.00429969 0
0.0439368 0.00429969 0
0.0439368 0.00429969 0
0.0439368 0.00429969 0
0.0439368 0.00429969 0
0.0439368 0.00429969 0
0.0439368 0.00429969 0
0.0439368 0.00429969 0
0.0439368 0.00429969 0
0.0439368 0.00429969 0
0.0439368 0.00429969 0
0.0439368 0.00429969 0
0.0439368 0.00429969 0
0.0439368 0.00429969 0
0.0439368 0.00429969 0
0.0439368 0.00429969 0
0.0439368 0.00429969 0
0.0439368 0.00429969 0
0.0439368 0.00429969 0
0.0439368 0.00429969 0
0.0439368 0.00429969 0
0.0439368 0.00429969 0
0.0439368 0.00429969 0
0.0439368 0.00429969 0
0.0439368 0.00429969 0
0.0439368 0.00429969 0
0.0439368 0.00429969 0
0.0439368 0.00429969 0
0.0439368 0.00429969 0
0.0439368 0.00429969 0
0.0439368 0.00429969 0
0.0439368 0.00429969 0
0.0439368 0.00429969 0
0.0439368 0.00429969 0
0.0439368 0.00429969 0
0.0439368 0.00429969 0
0.0439368 0.00429969 0
0.0439368 0.00429969 0
0.0439368 0.00429969 0
0.0439368 0.00429969 0
0.0439368 0.00429969 0
0.0439368 0.00429969 0
0.0439368 0.00429969 0
0.0439368 0.00429969 0
0.0439368 0.00429969 0
0.0439368 0.00429969 0
0.0439368 0.00429969 0
0.0439368 0.00429969 0
0.0439368 0.00429969 0
0.0439368 0.00429969 0
0.0439368 0.00429969 0
0.0439368 0.00429969 0
0.0439368 0.00429969 0
0.0439368 0.00429969 0
0.0439368 0.00429969 0
0.0439368 0.00429969 0
0.0439368 0.00429969 0
0.0439368 0.00429969 0
0.0439368 0.00429969 0
0.0439368 0.00429969 0
0.0439368 0.00429969 0
0.0439368 0.00429969 0
0.0439368 0.00429969 0
0.0439368 0.00429969 0
0.0439368 0.00429969 0
0.0439368 0.00429969 0
0.0439368 0.00429969 0
0.0439368 0.00429969 0
0.0439368 0.00429969 0
0.0439368 0.00429969 0
0.0439368 0.00429969 0
0.0439368 0.00429969 0
0.0439368 0.00429969 0
0.0439368 0.00429969 0
0.0439368 0.00429969 0
0.0439368 0.00429969 0
0.0439368 0.00429969 0
0.0439368 0.00429969 0
0.0439368 0.00429969 0
0.0439368 0.00429969 0
0.0439368 0.00429969 0
0.0439368 0.00429969 0
0.0439368 0.00429969 0
0.0439368 0.00429969 0
0.0439368 0.00429969 0
0.0439368 0.00429969 0
0.0439368 0.00429969 0
0.0439368 0.00429969 0
0.0439368 0.00429969 0
0.0439368 0.00429969 0
0.0439368 0.00429969 0
0.0439368 0.00429969 0
0.0439368 0.00429969 0
0.0439368 0.00429969 0
0.0439368 0.00429969 0
0.0439368 0.00429969 0
0.0439368 0.00429969 0
0.0439368 0.00429969 0
0.0439368 0.00429969 0
0.0439368 0.00429969 0
0.0439368 0.00429969 0
0.0439368 0.00429969 0
0.0439368 0.00429969 0
0.0439368 0.00429969 0
0.0439368 0.00429969 0
0.0439368 0.00429969 0
0.0439368 0.00429969 0
0.0439368 0.00429969 0
0.0439368 0.00429969 0
0.0439368 0.00429969 0
0.0439368 0.00429969 0
0.0439368 0.00429969 0
0.0439368 0.00429969 0
0.0439368 0.00429969 0
0.0439368 0.00429969 0
0.0439368 0.00429969 0
0.0439368 0.00429969 0
0.0439368 0.00429969 0
0.0439368 0.00429969 0
0.0439368 0.00429969 0
0.0439368 0.00429969 0
0.0439368 0.00429969 0
0.0439368 0.00429969 0
0.0439368 0.00429969 0
0.0439368 0.00429969 0
0.0439368 0.00429969 0
0.0439368 0.00429969 0
0.0439368 0.00429969 0
0.0439368 0.00429969 0
0.0439368 0.00429969 0
0.0439368 0.00429969 0
0.0439368 0.00429969 0
0.0439368 0.00429969 0
0.0439368 0.00429969 0
0.0439368 0.00429969 0
0.0439368 0.00429969 0
0.0439368 0.00429969 0
0.0439368 0.00429969 0
0.0439368 0.00429969 0
0.0439368 0.00429969 0
0.0439368 0.00429969 0
0.0439368 0.00429969 0
0.0439368 0.00429969 0
0.0439368 0.00429969 0
0.0439368 0.00429969 0
0.0439368 0.00429969 0
0.0439368 0.00429969 0
0.0439368 0.00429969 0
0.0439368 0.00429969 0
0.0439368 0.00429969 0
0.0439368 0.00429969 0
0.0439368 0.00429969 0
0.0439368 0.00429969 0
0.0439368 0.00429969 0
0.0439368 0.00429969 0
0.0439368 0.00429969 0
0.0439368 0.00429969 0
0.0439368 0.00429969 0
0.0439368 0.00429969 0
0.0439368 0.00429969 0
0.0439368 0.00429969 0
0.0439368 0.00429969 0
0.0439368 0.00429969 0
0.0439368 0.00429969 0
0.0439368 0.00429969 0
0.0439368 0.00429969 0
0.0439368 0.00429969 0
0.0439368 0.00429969 0
0.0439368 0.00429969 0
0.0439368 0.00429969 0
0.0439368 0.00429969 0
0.0439368 0.00429969 0
0.0439368 0.00429969 0
0.0439368 0.00429969 0
0.0439368 0.00429969 0
0.0439368 0.00429969 0
0.0439368 0.00429969 0
0.0439368 0.00429969 0
0.0439368 0.00429969 0
0.0439368 0.00429969 0
0.0439368 0.00429969 0
0.0439368 0.00429969 0
0.0439368 0.00429969 0
0.0439368 0.00429969 0
0.0439368 0.00429969 0
0.0439368 0.00429969 0
0.0439368 0.00429969 0
0.0439368 0.00429969 0
0.0439368 0.00429969 0
0.0439368 0.00429969 0
0.0439368 0.00429969 0
0.0439368 0.00429969 0
0.0439368 0.00429969 0
0.0439368 0.00429969 0
0.0439368 0.00429969 0
0.0439368 0.00429969 0
0.0439368 0.00429969 0
0.0439368 0.00429969 0
0.0439368 0.00429969 0
0.0439368 0.00429969 0
0.0439368 0.00429969 0
0.0439368 0.00429969 0
0.0439368 0.00429969 0
0.0439368 0.00429969 0
0.0439368 0.00429969 0
0.0439368 0.00429969 0
0.0439368 0.00429969 0
0.0439368 0.00429969 0
0.0439368 0.00429969 0
0.0439368 0.00429969 0
0.0439368 0.00429969 0
0.0439368 0.00429969 0
0.0439368 0.00429969 0
0.0439368 0.00429969 0
0.0439368 0.00429969 0
0.0439368 0.00429969 0
0.0439368 0.00429969 0
0.0439368 0.00429969 0
0.0439368 0.00429969 0
0.0439368 0.00429969 0
0.0439368 0.00429969 0
0.0439368 0.00429969 0
0.0439368 0.00429969 0
0.0439368 0.00429969 0
0.0439368 0.00429969 0
0.0439368 0.00429969 0
0.0439368 0.00429969 0
0.0439368 0.00429969 0
0.0439368 0.00429969 0
0.0439368 0.00429969 0
0.0439368 0.00429969 0
0.0439368 0.00429969 0
0.0439368 0.00429969 0
0.0439368 0.00429969 0
0.0439368 0.00429969 0
0.0439368 0.00429969 0
0.0439368 0.00429969 0
0.0439368 0.00429969 0
0.0439368 0.00429969 0
0.0439368 0.00429969 0
0.0439368 0.00429921 0
0.0439368 0.00429921 0
0.0439368 0.00429921 0
0.0439368 0.00429921 0
0.0439368 0.00429921 0
0.0439368 0.00429921 0
0.0439368 0.00429921 0
0.0439368 0.00429921 0
0.0439368 0.00429921 0
0.0439368 0.00429921 0
0.0439368 0.00429921 0
0.0439368 0.00429921 0
0.0439368 0.00429921 0
0.0439368 0.00429921 0
0.0439368 0.00429921 0
0.0439368 0.00429921 0
0.0439368 0.00429921 0
0.0439368 0.00429921 0
0.0439368 0.00429921 0
0.0439368 0.00429921 0
0.0439368 0.00429921 0
0.0439368 0.00429921 0
0.0439368 0.00429921 0
0.0439368 0.00429921 0
0.0439368 0.00429921 0
0.0439368 0.00429921 0
0.0439368 0.00429921 0
0.0439368 0.00429921 0
0.0439368 0.00429921 0
0.0439368 0.00429921 0
0.0439368 0.00429921 0
0.0439368 0.00429921 0
0.0439368 0.00429921 0
0.0439368 0.00429921 0
0.0439368 0.00429921 0
0.0439368 0.00429921 0
0.0439368 0.00429921 0
0.0439368 0.00429921 0
0.0439368 0.00429921 0
0.0439368 0.00429921 0
0.0439368 0.00429921 0
0.0439368 0.00429921 0
0.0439368 0.00429921 0
0.0439368 0.00429921 0
0.0439368 0.00429921 0
0.0439368 0.00429921 0
0.0439368 0.00429921 0
0.0439368 0.00429921 0
0.0439368 0.00429921 0
0.0439368 0.00429921 0
0.0439368 0.00429921 0
0.0439368 0.00429921 0
0.0439368 0.00429921 0
0.0439368 0.00429921 0
0.0439368 0.00429921 0
0.0439368 0.00429921 0
0.0439368 0.00429921 0
0.0439368 0.00429921 0
0.0439368 0.00429921 0
0.0439368 0.00429921 0
0.0439368 0.00429921 0
0.0439368 0.00429921 0
0.0439368 0.00429921 0
0.0439368 0.00429921 0
0.0439368 0.00429921 0
0.0445101 0.00429921 0
0.0458547 0.00429921 0
0.0470742 0.00429921 0
0.048174 0.00429921 0
0.049166 0.00429921 0
0.0500681 0.00429921 0
0.0509021 0.00429921 0
0.0516915 0.00429921 0
0.0524598 0.00429921 0
0.05323 0.00429921 0
0.0540237 0.00429921 0
0.0548612 0.00429921 0
0.055761 0.00429921 0
0.0567388 0.00429921 0
0.0578073 0.00429921 0
0.0589752 0.00429921 0
0.0602466 0.00429921 0
0.061622 0.00429921 0
0.0631158 0.00429921 0
0.0646866 0.00429921 0
0.0663232 0.00429921 0
0.0680023 0.00429921 0
0.0696993 0.00429921 0
0.0713896 0.00429921 0
0.0730458 0.00429921 0
0.0746367 0.00429921 0
0.0761373 0.00429921 0
0.0775225 0.00429921 0
0.0787683 0.00566961 0
0.0798543 0.00690462 0
0.0807642 0.00798793 0
0.0814862 0.00890665 0
0.082013 0.00965235 0
0.0823422 0.0102201 0
0.0824765 0.0106083 0
0.0824283 0.0108166 0
0.0822266 0.0108464 0
0.0818884 0.0107297 0
0.081424 0.0104824 0
0.0808558 0.0101144 0
0.0802066 0.00963607 0
0.0794979 0.00905517 0
0.0787547 0.00837844 0
0.0779998 0.00761935 0
0.0772531 0.00679279 0
0.0765269 0.00591275 0
0.0757946 0.00591275 0
0.0750619 0.00591275 0
0.0743321 0.00591275 0
0.0736019 0.00591275 0
0.0728674 0.00591275 0
0.0721201 0.00591275 0
0.0713488 0.00591275 0
0.07054 0.00591275 0
0.0696786 0.00591275 0
0.0687484 0.00591275 0
0.0677336 0.00591275 0
0.0666184 0.00591275 0
0.0653881 0.00591275 0
0.0640299 0.00591275 0
0.0625334 0.00591275 0
0.0608912 0.00591275 0
0.0590997 0.00591275 0
0.0571591 0.00591275 0
0.0550738 0.00591275 0
0.0528521 0.00591275 0
0.0519277 0.00591275 0
0.0519277 0.00591275 0
0.0519277 0.00591275 0
0.0519277 0.00591275 0
0.0519277 0.00591275 0
0.0519277 0.00591275 0
0.0519277 0.00591275 0
0.0519277 0.00591275 0
0.0519277 0.00591275 0
0.0519277 0.00591275 0
0.0519277 0.00591275 0
0.0519277 0.00591275 0
0.0519277 0.00591275 0
0.0519277 0.00591275 0
0.0519277 0.00591275 0
0.0519277 0.00591275 0
0.0519277 0.00591275 0
0.0519277 0.00591275 0
0.0519277 0.00591275 0
0.0519277 0.00591275 0
0.0519277 0.00591275 0
0.0519277 0.00591275 0
0.0519277 0.00591275 0
0.0519277 0.00591275 0
0.0519277 0.00591275 0
0.0519277 0.00591275 0
0.0519277 0.00591275 0
0.0519277 0.00591275 0
0.0519277 0.00591275 0
0.0519277 0.00591275 0
0.0519277 0.00591275 0
0.0519277 0.00591275 0
0.0519277 0.00591275 0
0.0519277 0.00591275 0
0.0519277 0.00591275 0
0.0519277 0.00591275 0
0.0519277 0.00591275 0
0.0519277 0.00591275 0
0.0519277 0.00591275 0
0.0519277 0.00591275 0
0.0519277 0.00591275 0
0.0519277 0.00591275 0
0.0519277 0.00591275 0
0.0519277 0.00591275 0
0.0519277 0.00591275 0
0.0519277 0.00591275 0
0.0519277 0.00591275 0
0.0519277 0.00591275 0
0.0519277 0.00591275 0
0.0519277 0.00591275 0
0.0519277 0.00591275 0
0.0519277 0.00591275 0
0.0519277 0.00591275 0
0.0519277 0.00591275 0
0.0519277 0.00591275 0
0.0519277 0.00591275 0
0.0519277 0.00591275 0
0.0519277 0.00591275 0
0.0519277 0.00591275 0
0.0519277 0.00591275 0
0.0519277 0.00591275 0
0.0519277 0.00591275 0
0.0519277 0.00591275 0
0.0519277 0.00591275 0
0.0519277 0.00591275 0
0.0516555 0.00591275 0
0.0516555 0.00591275 0
0.0516555 0.00591275 0
0.0516555 0.00591275 0
0.0516555 0.00591275 0
0.0516555 0.00591275 0
0.0516555 0.00591275 0
0.0516555 0.00591275 0
0.0516555 0.00591275 0
0.0516555 0.00591275 0
0.0516555 0.00591275 0
0.0516555 0.00591275 0
0.0516555 0.00591275 0
0.0516555 0.00591275 0
0.0516555 0.00591275 0
0.0516555 0.00591275 0
0.0516555 0.00591275 0
0.0516555 0.00591275 0
0.0516555 0.00591275 0
0.0516555 0.00591275 0
0.0516555 0.00591275 0
0.0516555 0.00591275 0
0.0516555 0.00591275 0
0.0516555 0.00591275 0
0.0516555 0.00591275 0
0.0516555 0.00591275 0
0.0516555 0.00591275 0
0.0516555 0.00591275 0
0.0516555 0.00591275 0
0.0516555 0.00591275 0
0.0516555 0.00591275 0
0.0516464 0.00591275 0
0.0516464 0.00591275 0
0.0516464 0.00591275 0
0.0516464 0.00591275 0
0.0516464 0.00591275 0
0.0516464 0.00591275 0
0.0516464 0.00591275 0
0.0516464 0.00591275 0
0.0516464 0.00591275 0
0.0516464 0.00591275 0
0.0516464 0.00591275 0
0.0516464 0.00591275 0
0.0516464 0.00591275 0
0.0516464 0.00591275 0
0.0516464 0.00591275 0
0.0516464 0.00591275 0
0.0516464 0.00591275 0
0.0516464 0.00591275 0
0.0516464 0.00591275 0
0.0516464 0.00591275 0
0.0516464 0.00591275 0
0.0516464 0.00591275 0
0.0516464 0.00591275 0
0.0516464 0.00591275 0
0.0516464 0.00591275 0
0.0516464 0.00591275 0
0.0516464 0.00591275 0
0.0516464 0.00591275 0
0.0516464 0.00591275 0
0.0516464 0.00591275 0
0.0516464 0.00591275 0
0.0516464 0.00591275 0
0.0516464 0.00591275 0
0.0516464 0.00591275 0
0.0516464 0.00591275 0
0.0516464 0.00591275 0
0.0516464 0.00591275 0
0.0516464 0.00591275 0
0.0516464 0.00591275 0
0.0516464 0.00591275 0
0.0516464 0.00591275 0
0.0516464 0.00591275 0
0.0516464 0.00591275 0
0.0516464 0.00591275 0
0.0516464 0.00591275 0
0.0516464 0.00591275 0
0.0516464 0.00591275 0
0.0516464 0.00591275 0
0.0516464 0.00591275 0
0.0516464 0.00591275 0
0.0516464 0.00591275 0
0.0516464 0.00591275 0
0.0516464 0.00591275 0
0.0516464 0.00591275 0
0.0516464 0.00591275 0
0.0516464 0.00591275 0
0.0516464 0.00591275 0
0.0516464 0.00591275 0
0.0516464 0.00591275 0
0.0516464 0.00591275 0
0.0516464 0.00591275 0
0.0516464 0.00591275 0
0.0516464 0.00591275 0
0.0516464 0.00591275 0
0.0516464 0.00591275 0
0.0516464 0.00591275 0
0.0516464 0.00591275 0
0.0516464 0.00591275 0
0.0516464 0.00591275 0
0.0516464 0.00591275 0
0.0516464 0.00591275 0
0.0516464 0.00591275 0
0.0516464 0.00591275 0
0.0516464 0.00591275 0
0.0516464 0.00591275 0
0.0516464 0.00591275 0
0.0516464 0.00591275 0
0.0516464 0.00591275 0
0.0516464 0.00591275 0
0.0516464 0.00591275 0
0.0516464 0.00591275 0
0.0516464 0.00591275 0
0.0516464 0.00591275 0
0.0516464 0.00591275 0
0.0516464 0.00591275 0
0.0516464 0.00591275 0
0.0516464 0.00591275 0
0.0516464 0.00591275 0
0.0516464 0.00591275 0
0.0516464 0.00591275 0
0.0516464 0.00591275 0
0.0516464 0.00591275 0
0.0516464 0.00591275 0
0.0516464 0.00591275 0
0.0516464 0.00591275 0
0.0516464 0.00591275 0
0.0516464 0.00591275 0
0.0516464 0.00591275 0
0.0516464 0.00591275 0
0.0516464 0.00591275 0
0.0516464 0.00591275 0
0.0516464 0.00591275 0
0.0516464 0.00591275 0
0.0516464 0.00591275 0
0.0516464 0.00591275 0
0.0516464 0.00591275 0
0.0516464 0.00591275 0
0.0516464 0.00591275 0
0.0516464 0.00591275 0
0.0516464 0.00591275 0
0.0516464 0.00591275 0
0.0516464 0.00591275 0
0.0516464 0.00591275 0
0.0516464 0.00591275 0
0.0516464 0.00591275 0
0.0516464 0.00591275 0
0.0516464 0.00591275 0
0.0516464 0.00591275 0
0.0516464 0.00591275 0
0.0516464 0.00591275 0
0.0516464 0.00591275 0
0.0516464 0.00591275 0
0.0516464 0.00591275 0
0.0516464 0.00591275 0
0.0516464 0.00591275 0
0.0516464 0.00591275 0
0.0516464 0.00591275 0
0.0516464 0.00591275 0
0.0516464 0.00591275 0
0.0516464 0.00591275 0
0.0516464 0.00591275 0
0.0516464 0.00591275 0
0.0516464 0.00591275 0
0.0516464 0.00591275 0
0.0516464 0.00591275 0
0.0516464 0.00591275 0
0.0516464 0.00591275 0
0.0516464 0.00591275 0
0.0516464 0.00591275 0
0.0516464 0.00591275 0
0.0516464 0.00591275 0
0.0516464 0.00591275 0
0.0516464 0.00591275 0
0.0516464 0.00591275 0
0.0516464 0.00591275 0
0.0516464 0.00591275 0
0.0516464 0.00591275 0
0.0516464 0.00591275 0
0.0516464 0.00591275 0
0.0516464 0.00591275 0
0.0516464 0.00591275 0
0.0516464 0.00591275 0
0.0516464 0.00591275 0
0.0516464 0.00591275 0
0.0516464 0.00591275 0
0.0516464 0.00591275 0
0.0516464 0.00591275 0
0.0516464 0.00591275 0
0.0516464 0.00591275 0
0.0516464 0.00591275 0
0.0516464 0.00591275 0
0.0516464 0.00591275 0
0.0516464 0.00591275 0
0.0516464 0.00591275 0
0.0516464 0.00591275 0
0.0516464 0.00591275 0
0.0516464 0.00591275 0
0.0516464 0.00591275 0
0.0516464 0.00591275 0
0.0516464 0.00591275 0
0.0516464 0.00591275 0
0.0516464 0.00591275 0
0.0516464 0.00591275 0
0.0516464 0.00591275 0
0.0516464 0.00591275 0
0.0516464 0.00591275 0
0.0516464 0.00591275 0
0.0516464 0.00591275 0
0.0516464 0.00591275 0
0.0516464 0.00591275 0
0.0516464 0.00591275 0
0.0516464 0.00591275 0
0.0516464 0.00591275 0
0.0516464 0.00591275 0
0.0516464 0.00591275 0
0.0516464 0.00591275 0
0.0516464 0.00591275 0
0.0516464 0.00591275 0
0.0516464 0.00591275 0
0.0516464 0.00591275 0
0.0516464 0.00591275 0
0.0516464 0.00591275 0
0.0516464 0.00591275 0
0.0516464 0.00591275 0
0.0516464 0.00591275 0
0.0516464 0.00591275 0
0.0516464 0.00591275 0
0.0516464 0.00591275 0
0.0516464 0.00591275 0
0.0516464 0.00591275 0
0.0516464 0.00591275 0
0.0516464 0.00591275 0
0.0516464 0.00591275 0
0.0516464 0.00591275 0
0.0516464 0.00591275 0
0.0516464 0.00591275 0
0.0516464 0.00591275 0
0.0516464 0.00591275 0
0.0516464 0.00591275 0
0.0516464 0.00591275 0
0.0516464 0.00591275 0
0.0516464 0.00591275 0
0.0516464 0.00591275 0
0.0516464 0.00591275 0
0.0516464 0.00591275 0
0.0516464 0.00591275 0
0.0516464 0.00591275 0
0.0516464 0.00591275 0
0.0516464 0.00591275 0
0.0516464 0.00591275 0
0.0516464 0.00591275 0
0.0516464 0.00591275 0
0.0516464 0.00591275 0
0.0516464 0.00591275 0
0.0516464 0.00591275 0
0.0516464 0.00591275 0
0.0516464 0.00591275 0
0.0516464 0.00591275 0
0.0516464 0.00591275 0
0.0516464 0.00591275 0
0.0516464 0.00591275 0
0.0516464 0.00591275 0
0.0516464 0.00591275 0
0.0516464 0.00591275 0
0.0516464 0.00591275 0
0.0516464 0.00591275 0
0.0516464 0.00591275 0
0.0516464 0.00591275 0
0.0516464 0.00591275 0
0.0516464 0.00591275 0
0.0516464 0.00591275 0
0.0516464 0.00591275 0
0.0516464 0.00591275 0
0.0516464 0.00591275 0
0.0516464 0.00591275 0
0.0516464 0.00591275 0
0.0516464 0.00591275 0
0.0516464 0.00591275 0
0.0516464 0.00591275 0
0.0516464 0.00591275 0
0.0516464 0.00591275 0
0.0516464 0.00591275 0
0.0516464 0.00591275 0
0.0516464 0.00591275 0
0.0516464 0.00591275 0
0.0516464 0.00591275 0
0.0516464 0.00591275 0
0.0516464 0.00591275 0
0.0516464 0.00591275 0
0.0516464 0.00591275 0
0.0516464 0.00591275 0
0.0516464 0.00591275 0
0.0516464 0.00591275 0
0.0516464 0.00591275 0
0.0516464 0.00591275 0
0.0516464 0.00591275 0
0.0516464 0.00591275 0
0.0516464 0.00591275 0
0.0516464 0.00591275 0
0.0516464 0.00591275 0
0.0516464 0.00591275 0
0.0516464 0.00591275 0
0.0516464 0.00591275 0
0.0516464 0.00591275 0
0.0516464 0.00591275 0
0.0516464 0.00591275 0
0.0516464 0.00591275 0
0.0516464 0.00591275 0
0.0516464 0.00591275 0
0.0516464 0.00591275 0
0.0516464 0.00591275 0
0.0516464 0.00591275 0
0.0516464 0.00591275 0
0.0516464 0.00591275 0
0.0516464 0.00591275 0
0.0516464 0.00591275 0
0.0516464 0.00591275 0
0.0516464 0.00591275 0
0.0516464 0.00591275 0
0.0516464 0.00591275 0
0.0516464 0.00591275 0
0.0516464 0.00591275 0
0.0516464 0.00591275 0
0.0516464 0.00591275 0
0.0516464 0.00591275 0
0.0516464 0.00591275 0
0.0516464 0.00591275 0
0.0516464 0.00591275 0
0.0516464 0.00591275 0
0.0516464 0.00591275 0
0.0516464 0.00591275 0
0.0516464 0.00591275 0
0.0516464 0.00591275 0
0.0516464 0.00591275 0
0.0516464 0.00591275 0
0.0516464 0.00591275 0
0.0516464 0.00591275 0
0.0516464 0.00591275 0
0.0516464 0.00591275 0
0.0516464 0.00591275 0
0.0516464 0.00591275 0
0.0516464 0.00591275 0
0.0516464 0.00591275 0
0.0516464 0.00591275 0
0.0516464 0.00591275 0
0.0516464 0.00591275 0
0.0516464 0.00591275 0
0.0516464 0.00591275 0
0.0516464 0.00591275 0
0.0516464 0.00591275 0
0.0516464 0.00591275 0
0.0516464 0.00591275 0
0.0516464 0.00591275 0
0.0516464 0.00591275 0
0.0516464 0.00591275 0
0.0516464 0.00591275 0
0.0516464 0.00591275 0
0.0516464 0.00591275 0
0.0516464 0.00591275 0
0.0516464 0.00591275 0
0.0516464 0.00591275 0
0.0516464 0.00591275 0
0.0516464 0.00591275 0
0.0516464 0.00591275 0
0.0516464 0.00591275 0
0.0516464 0.00591275 0
0.0516464 0.00591275 0
0.0516464 0.00591275 0
0.0516464 0.00591275 0
0.0516464 0.00591275 0
0.0516464 0.00591275 0
0.0516464 0.00591275 0
0.0516464 0.00591275 0
0.0516464 0.00591275 0
0.0516464 0.00591275 0
0.0516464 0.00591275 0
0.0516464 0.00591275 0
0.0516464 0.00591275 0
0.0516464 0.00591275 0
0.0516464 0.00591275 0
0.0516464 0.00591275 0
0.0516464 0.00591275 0
0.0516464 0.00591275 0
0.0516464 0.00591275 0
0.0516464 0.00591275 0
0.0516464 0.00591275 0
0.0516464 0.00591275 0
0.0516464 0.00591275 0
0.0516464 0.00591275 0
0.0516464 0.00591275 0
0.0516464 0.00591275 0
0.0516464 0.00591275 0
0.0516464 0.00591275 0
0.0516464 0.00591275 0
0.0516464 0.00591275 0
0.0516464 0.00591275 0
0.0516464 0.00591275 0
0.0516464 0.00591275 0
0.0516464 0.00591275 0
0.0516464 0.00591275 0
0.0516464 0.00591275 0
0.0516464 0.00591275 0
0.0516464 0.00591275 0
0.0516464 0.00591275 0
0.0516464 0.00591275 0
0.0516464 0.00591275 0
0.0516464 0.00591275 0
0.0516464 0.00591275 0
0.0516464 0.00591275 0
0.0516464 0.00591275 0
0.0516464 0.00591275 0
0.0516464 0.00591275 0
0.0516464 0.00591275 0
0.0516464 0.00591275 0
0.0516464 0.00591275 0
0.0516464 0.00591275 0
0.0516464 0.00591275 0
0.0516464 0.00591275 0
0.0516464 0.00591275 0
0.0516464 0.00591275 0
0.0516464 0.00591275 0
0.0516464 0.00591275 0
0.0516464 0.00591275 0
0.0516464 0.00591275 0
0.0516464 0.00591275 0
0.0516464 0.00591275 0
0.0516464 0.00591275 0
0.0516464 0.00591275 0
0.0516464 0.00591275 0
0.0516464 0.00591275 0
0.0516464 0.00591275 0
0.0516464 0.00591275 0
0.0516464 0.00591275 0
0.0516464 0.00591275 0
0.0516464 0.00591275 0
0.0516464 0.00591275 0
0.0516464 0.00591275 0
0.0516464 0.00591275 0
0.0516464 0.00591275 0
0.0516464 0.00591275 0
0.0516464 0.00591275 0
0.0516464 0.00591275 0
0.0516464 0.00591275 0
0.0516464 0.00591275 0
0.0516464 0.00591275 0
0.0516464 0.00591275 0
0.0516464 0.00591275 0
0.0516464 0.00591275 0
0.0516464 0.00591275 0
0.0516464 0.00591275 0
0.0516464 0.00591275 0
0.0516464 0.00591275 0
0.0516464 0.00591275 0
0.0516464 0.00591275 0
0.0516464 0.00591275 0
0.0516464 0.00591275 0
0.0516464 0.00591275 0
0.0516464 0.00591275 0
0.0516464 0.00591275 0
0.0516464 0.00591275 0
0.0516464 0.00591275 0
0.0516464 0.00591275 0
0.0516464 0.00591275 0
0.0516464 0.00591275 0
0.0516464 0.00591275 0
0.0516464 0.00591275 0
0.0516464 0.00591275 0
0.0516464 0.00591275 0
0.0516464 0.00591275 0
0.0516464 0.00591275 0
0.0516464 0.00591275 0
0.0516464 0.00591275 0
0.0516464 0.00591275 0
0.0516464 0.00591275 0
0.0516464 0.00591275 0
0.0516464 0.00591275 0
0.0516464 0.00591275 0
0.0516464 0.00591275 0
0.0516464 0.00591275 0
0.0516464 0.00591275 0
0.0516464 0.00591275 0
0.0516464 0.00591275 0
0.0516464 0.00591275 0
0.0516464 0.00591275 0
0.0516464 0.00591275 0
0.0516464 0.00591275 0
0.0516464 0.00591275 0
0.0516464 0.00591275 0
0.0516464 0.00591275 0
0.0516464 0.00591275 0
0.0516464 0.00591275 0
0.0516464 0.00591275 0
0.0516464 0.00591275 0
0.0516464 0.00591275 0
0.0516464 0.00591275 0
0.0516464 0.00591275 0
0.0516464 0.00591275 0
0.0516464 0.00591275 0
0.0516464 0.00591275 0
0.0516464 0.00591275 0
0.0516464 0.00591275 0
0.0516464 0.00591275 0
0.0516464 0.00591275 0
0.0516464 0.00591275 0
0.0516464 0.00591275 0
0.0516464 0.00591275 0
0.0516464 0.00591275 0
0.0516464 0.00591275 0
0.0516464 0.00591275 0
0.0516464 0.00591275 0
0.0516464 0.00591275 0
0.0516464 0.00591275 0
0.0516464 0.00591275 0
0.0516464 0.00591275 0
0.0516464 0.00591275 0
0.0516464 0.00591275 0
0.0516464 0.00591275 0
0.0516464 0.00591275 0
0.0516464 0.00591275 0
0.0516464 0.00591275 0
0.0516464 0.00591275 0
0.0516464 0.00591275 0
0.0516464 0.00591275 0
0.0516464 0.00591275 0
0.0516464 0.00591275 0
0.0516464 0.00591275 0
0.0516464 0.00591275 0
0.0516464 0.00591275 0
0.0516464 0.00591275 0
0.0516464 0.00591275 0
0.0516464 0.00591275 0
0.0516464 0.00591275 0
0.0516464 0.00591275 0
0.0516464 0.00591275 0
0.0516464 0.00591275 0
0.0516464 0.00591275 0
0.0516464 0.00591275 0
0.0516464 0.00591275 0
0.0516464 0.00591275 0
0.0516464 0.00591275 0
0.0516464 0.00591275 0
0.0516464 0.00591275 0
0.0516464 0.00591275 0
0.0516464 0.00591275 0
0.0516464 0.00591275 0
0.0516464 0.00591275 0
0.0516464 0.00591275 0
0.0516464 0.00591275 0
0.0516464 0.00591275 0
0.0516464 0.00591275 0
0.0516464 0.00591275 0
0.0516464 0.00591275 0
0.0516464 0.00591275 0
0.0516464 0.00591275 0
0.0516464 0.00591275 0
0.0516464 0.00591275 0
0.0516464 0.00591275 0
0.0516464 0.00591275 0
0.0516464 0.00591275 0
0.0516464 0.00591275 0
0.0516464 0.00591275 0
0.0516464 0.00591275 0
0.0516464 0.00591275 0
0.0516464 0.00591275 0
0.0516464 0.00591275 0
0.0516464 0.00591275 0
0.0516464 0.00591275 0
0.0516464 0.00591275 0
0.0516464 0.00591275 0
0.0516464 0.00591275 0
0.0516464 0.00591275 0
0.0516464 0.00591275 0
0.0516464 0.00591275 0
0.0516464 0.00591275 0
0.0516464 0.00591275 0
0.0516464 0.00591275 0
0.0516464 0.00591275 0
0.0516464 0.00591275 0
0.0516464 0.00591275 0
0.0516464 0.00591275 0
0.0516464 0.00591275 0
0.0516464 0.00591275 0
0.0516464 0.00591275 0
0.0516464 0.00591275 0
0.0516464 0.00591275 0
0.0516464 0.00591275 0
0.0516464 0.00591275 0
0.0516464 0.00591275 0
0.0516464 0.00591275 0
0.0516464 0.00591275 0
0.0516464 0.00591275 0
0.0516464 0.00591275 0
0.0516464 0.00591275 0
0.0516464 0.00591275 0
0.0516464 0.00591275 0
0.0516464 0.00591275 0
0.0516464 0.00591275 0
0.0516464 0.00591275 0
0.0516464 0.00591275 0
0.0516464 0.00591275 0
0.0516464 0.00591275 0
0.0516464 0.00591275 0
0.0516464 0.00591275 0
0.0516464 0.00591275 0
0.0516464 0.00591275 0
0.0516464 0.00591275 0
0.0516464 0.00591275 0
0.0516464 0.00591275 0
0.0516464 0.00591275 0
0.0516464 0.00591275 0
0.0516464 0.00591275 0
0.0516464 0.00591275 0
0.0516464 0.00591275 0
0.0516464 0.00591275 0
0.0516464 0.00591275 0
0.0516464 0.00591275 0
0.0516464 0.00591275 0
0.0516464 0.00591275 0
0.0516464 0.00591275 0
0.0516464 0.00591275 0
0.0516464 0.00591275 0
0.0516464 0.00591275 0
0.0516464 0.00591275 0
0.0516464 0.00591275 0
0.0516464 0.00591275 0
0.0516464 0.00591275 0
0.0516464 0.00591275 0
0.0516464 0.00591275 0
0.0516464 0.00591275 0
0.0516464 0.00591275 0
0.0516464 0.00591275 0
0.0516464 0.00591275 0
0.0516464 0.00591275 0
0.0516464 0.00591275 0
0.0516464 0.00591275 0
0.0516464 0.00591275 0
0.0516464 0.00591275 0
0.0516464 0.00591275 0
0.0516464 0.00591275 0
0.0516464 0.00591275 0
0.0516464 0.00591275 0
0.0516464 0.00591275 0
0.0516464 0.00591275 0
0.0516464 0.00591275 0
0.0516464 0.00591275 0
0.0516464 0.00591275 0
0.0516464 0.00591275 0
0.0516464 0.00591275 0
0.0516464 0.00591275 0
0.0516464 0.00591275 0
0.0516464 0.00591275 0
0.0516464 0.00591275 0
0.0516464 0.00591275 0
0.0516464 0.00591275 0
0.0516464 0.00591275 0
0.0516464 0.00591275 0
0.0516464 0.00591275 0
0.0516464 0.00591275 0
0.0516464 0.00591275 0
0.0516464 0.00591275 0
0.0516464 0.00591275 0
0.0516464 0.00591275 0
0.0516464 0.00591275 0
0.0516464 0.00591275 0
0.0516464 0.00591275 0
0.0516464 0.00591275 0
0.0516464 0.00591275 0
0.0516464 0.00591275 0
0.0516464 0.00591275 0
0.0516464 0.00591275 0
0.0516464 0.00591275 0
0.0516464 0.00591275 0
0.0516464 0.00591275 0
0.0516464 0.00591275 0
0.0516464 0.00591275 0
0.0516464 0.00591275 0
0.0516464 0.00591275 0
0.0516464 0.00591275 0
0.0516464 0.00591275 0
0.0516464 0.00591275 0
0.0516464 0.00591275 0
0.0516464 0.00591275 0
0.0516464 0.00591275 0
0.0516464 0.00591275 0
0.0516464 0.00591275 0
0.0516464 0.00591275 0
0.0516464 0.00591275 0
0.0516464 0.00591275 0
0.0516464 0.00591275 0
0.0516464 0.00591275 0
0.0516464 0.00591275 0
0.0516464 0.00591275 0
0.0516464 0.00591275 0
0.0516464 0.00591275 0
0.0516464 0.00591275 0
0.0516464 0.00591275 0
0.0516464 0.00591275 0
0.0516464 0.00591275 0
0.0516464 0.00591275 0
0.0516464 0.00591275 0
0.0516464 0.00591275 0
0.0516464 0.00591275 0
0.0516464 0.00591275 0
0.0516464 0.00591275 0
0.0516464 0.00591275 0
0.0516464 0.00591275 0
0.0516464 0.00591275 0
0.0516464 0.00591275 0
0.0516464 0.00591275 0
0.0516464 0.00591275 0
0.0516464 0.00591275 0
0.0516464 0.00591275 0
0.0516464 0.00591275 0
0.0516464 0.00591275 0
0.0516464 0.00591275 0
0.0516464 0.00591275 0
0.0516464 0.00591275 0
0.0516464 0.00591275 0
0.0516464 0.00591275 0
0.0516464 0.00591275 0
0.0516464 0.00591275 0
0.0516464 0.00591275 0
0.0516464 0.00591275 0
0.0516464 0.00591275 0
0.0516464 0.00591275 0
0.0516464 0.00591275 0
0.0516464 0.00591275 0
0.0516464 0.00591275 0
0.0516464 0.00591275 0
0.0516464 0.00591275 0
0.0516464 0.00591275 0
0.0516464 0.00591275 0
0.0516464 0.00591275 0
0.0516464 0.00591275 0
0.0516464 0.00591275 0
0.0516464 0.00591275 0
0.0516464 0.00591275 0
0.0516464 0.00591275 0
0.0516464 0.00591275 0
0.0516464 0.00591275 0
0.0516464 0.00591275 0
0.0516464 0.00591275 0
0.0516464 0.00591275 0
0.0516464 0.00591275 0
0.0516464 0.00591275 0
0.0516464 0.00591275 0
0.0516464 0.00591275 0
0.0516464 0.00591275 0
0.0516464 0.00591275 0
0.0516464 0.00591275 0
0.0516464 0.00591275 0
0.0516464 0.00591275 0
0.0516464 0.00591275 0
0.0516464 0.00591275 0
0.0516464 0.00591275 0
0.0516464 0.00591275 0
0.0516464 0.00591275 0
0.0516464 0.00591275 0
0.0516464 0.00591275 0
0.0516464 0.00591275 0
0.0516464 0.00591275 0
0.0516464 0.00591275 0
0.0516464 0.00591275 0
0.0516464 0.00591275 0
0.0516464 0.00591275 0
0.0516464 0.00591275 0
0.0516464 0.00591275 0
0.0516464 0.00591275 0
0.0516464 0.00591275 0
0.0516464 0.00591275 0
0.0516464 0.00591275 0
0.0516464 0.00591275 0
0.0516464 0.00591275 0
0.0516464 0.00591275 0
0.0516464 0.00591275 0
0.0516464 0.00591275 0
0.0516464 0.00591275 0
0.0516464 0.00591275 0
0.0516464 0.00591275 0
0.0516464 0.00591275 0
0.0516464 0.00591275 0
0.0516464 0.00591275 0
0.0516464 0.00591275 0
0.0516464 0.00591275 0
0.0516464 0.00591275 0
0.0516464 0.00591275 0
0.0516464 0.00591275 0
0.0516464 0.00591275 0
0.0516464 0.00591275 0
0.0516464 0.00591275 0
0.0516464 0.00591275 0
0.0516464 0.00591275 0
0.0516464 0.00591275 0
0.0516464 0.00591275 0
0.0516464 0.00591275 0
0.0516464 0.00591275 0
0.0516464 0.00591275 0
0.0516464 0.00591275 0
0.0516464 0.00591275 0
0.0516464 0.00591275 0
0.0516464 0.00591275 0
0.0516464 0.00591275 0
0.0516464 0.00591275 0
0.0516464 0.00591275 0
0.0516464 0.00591275 0
0.0516464 0.00591275 0
0.0516464 0.00591275 0
0.0516464 0.00591275 0
0.0516464 0.00591275 0
0.0516464 0.00591275 0
0.0516464 0.00591275 0
0.0516464 0.00591275 0
0.0516464 0.00591275 0
0.0516464 0.00591275 0
0.0516464 0.00591275 0
0.0516464 0.00591275 0
0.0516464 0.00591275 0
0.0516464 0.00591275 0
