0.0025 1.37812e-05
0.0125 1.37813e-05
0.0225 1.37816e-05
0.035 1.37818e-05
0.045 1.37809e-05
0.055 1.37782e-05
0.065 1.37726e-05
0.075 1.37632e-05
0.085 1.37493e-05
0.095 1.37304e-05
0.105 1.37062e-05
0.115 1.36766e-05
0.125 1.36422e-05
0.135 1.36038e-05
0.145 1.35633e-05
0.155 1.35231e-05
0.165 1.3487e-05
0.175 1.34594e-05
0.185 1.34457e-05
0.195 1.34522e-05
0.205 1.34863e-05
0.215 1.35565e-05
0.225 1.36723e-05
0.235 1.38441e-05
0.245 1.4083e-05
0.255 1.44007e-05
0.265 1.48097e-05
0.275 1.53233e-05
0.285 1.59547e-05
0.295 1.67174e-05
0.305 1.76243e-05
0.315 1.86884e-05
0.325 1.99224e-05
0.335 2.134e-05
0.345 2.29546e-05
0.355 2.47803e-05
0.365 2.68309e-05
0.375 2.91192e-05
0.385 3.16561e-05
0.395 3.445e-05
0.405 3.75047e-05
0.415 4.082e-05
0.425 4.43909e-05
0.435 4.8209e-05
0.445 5.22623e-05
0.455 5.65376e-05
0.465 6.10219e-05
0.475 6.57027e-05
0.485 7.05694e-05
0.495 7.56111e-05
0.5075 8.21425e-05
0.52 8.89102e-05
0.5325 9.58972e-05
0.545 0.000103094
0.5575 0.000110504
0.57 0.000118146
0.5825 0.000126055
0.595 0.000134282
0.6075 0.000142891
0.62 0.000151967
0.6325 0.000161613
0.645 0.000171947
0.6575 0.000183091
0.67 0.000195146
0.6825 0.000208191
0.695 0.000222275
0.7075 0.000237425
0.72 0.000253635
0.7325 0.000270869
0.745 0.000289041
0.7575 0.000308005
0.77 0.000327543
0.7825 0.000347361
0.795 0.000367086
0.8075 0.000386273
0.82 0.000404427
0.8325 0.000421034
0.845 0.000435584
0.8575 0.000447588
0.87 0.000456584
0.8825 0.00046214
0.895 0.000463867
0.9075 0.000461431
0.92 0.000454564
0.9325 0.00044307
0.945 0.000426828
0.9575 0.000405793
0.97 0.000379976
0.9825 0.000349453
0.995 0.000314348
1.005 0.000283091
1.0175 0.000240218
1.03 0.000193317
1.0425 0.000142605
1.055 8.8304e-05
1.0675 3.06331e-05
1.08 -3.01999e-05
1.0925 -9.40033e-05
1.105 -0.000160565
1.1175 -0.000229733
1.13 -0.000301398
1.1425 -0.000375507
1.155 -0.00045206
1.1675 -0.000531101
1.18 -0.000612708
1.1925 -0.000696973
1.205 -0.000783972
1.2175 -0.000873746
1.23 -0.000966289
1.2425 -0.00106155
1.255 -0.00115941
1.2675 -0.00125969
1.28 -0.00136211
1.2925 -0.00146628
1.305 -0.00157166
1.3175 -0.0016776
1.33 -0.00178334
1.3425 -0.00188801
1.355 -0.0019907
1.3675 -0.00209052
1.38 -0.0021866
1.3925 -0.00227816
1.405 -0.00236443
1.4175 -0.00244464
1.43 -0.00251804
1.4425 -0.00258387
1.455 -0.00264141
1.4675 -0.00269
1.48 -0.00272907
1.4925 -0.00275814
1.505 -0.00277681
1.5175 -0.0027848
1.53 -0.00278191
1.5425 -0.00276804
1.555 -0.0027432
1.5675 -0.00270752
1.58 -0.00266122
1.5925 -0.00260463
1.605 -0.00253817
1.6175 -0.00246235
1.63 -0.00237775
1.6425 -0.00228505
1.655 -0.00218498
1.6675 -0.00207831
1.68 -0.00196586
1.6925 -0.00184844
1.705 -0.00172687
1.7175 -0.00160197
1.73 -0.00147459
1.7425 -0.00134563
1.755 -0.00121601
1.7675 -0.00108669
1.78 -0.000958606
1.7925 -0.000832669
1.805 -0.000709678
1.8175 -0.000590313
1.83 -0.000475088
1.8425 -0.000364331
1.855 -0.000258171
1.8675 -0.000156563
1.88 -5.9315e-05
1.8925 3.38202e-05
1.905 0.000123215
1.9175 0.000209498
1.93 0.000293402
1.9425 0.000375881
1.955 0.000457982
1.9675 0.00054088
1.98 0.00062582
1.9925 0.000713995
2.0025 0.000787598
2.0125 0.000864465
2.0225 0.000945051
2.0325 0.00102977
2.0425 0.00111899
2.0525 0.00121305
2.0625 0.00131223
2.0725 0.00141675
2.0825 0.00152676
2.0925 0.00164226
2.1025 0.00176316
2.1125 0.00188921
2.1225 0.00202002
2.1325 0.00215511
2.1425 0.00229386
2.1525 0.00243559
2.1625 0.00257956
2.1725 0.00272493
2.1825 0.00287082
2.1925 0.0030163
2.2025 0.00316039
2.2125 0.00330208
2.2225 0.00344035
2.2325 0.00357415
2.2425 0.00370248
2.2525 0.00382434
2.2625 0.0039388
2.2725 0.00404499
2.2825 0.00414214
2.2925 0.00422952
2.3025 0.00430653
2.3125 0.00437264
2.3225 0.00442742
2.3325 0.00447051
2.3425 0.00450167
2.3525 0.00452072
2.3625 0.00452759
2.3725 0.00452225
2.3825 0.00450476
2.3925 0.00447519
2.4025 0.00443368
2.4125 0.00438039
2.4225 0.00431547
2.4325 0.00423912
2.4425 0.00415151
2.4525 0.0040528
2.4625 0.00394315
2.4725 0.00382268
2.4825 0.00369148
2.4925 0.00354963
2.5025 0.00339715
2.5125 0.00323408
2.5225 0.00306043
2.5325 0.00287618
2.5425 0.00268137
2.5525 0.00247602
2.5625 0.00226022
2.5725 0.00203412
2.5825 0.00179795
2.5925 0.00155205
2.6025 0.00129687
2.6125 0.001033
2.6225 0.000761198
2.6325 0.000482393
2.6425 0.000197649
2.6525 -9.19612e-05
2.6625 -0.000384891
2.6725 -0.00067978
2.6825 -0.000975072
2.6925 -0.00126912
2.7025 -0.0015603
2.7125 -0.00184693
2.7225 -0.00212735
2.7325 -0.00239989
2.7425 -0.00266293
2.7525 -0.00291492
2.7625 -0.00315439
2.7725 -0.00337997
2.7825 -0.00359041
2.7925 -0.00378462
2.8025 -0.00396169
2.8125 -0.0041209
2.8225 -0.00426179
2.8325 -0.00438409
2.8425 -0.00448776
2.8525 -0.00457292
2.8625 -0.00463993
2.8725 -0.00468927
2.8825 -0.00472158
2.8925 -0.00473765
2.9025 -0.00473837
2.9125 -0.00472475
2.9225 -0.0046979
2.9325 -0.00465903
2.9425 -0.00460942
2.9525 -0.00455044
2.9625 -0.00448349
2.9725 -0.00441003
2.9825 -0.0043315
2.9925 -0.00424935
3.0025 -0.00416498
3.0125 -0.00407972
3.0225 -0.00399481
3.0325 -0.00391137
3.0425 -0.00383038
3.0525 -0.00375269
3.0625 -0.00367897
3.0725 -0.00360974
3.0825 -0.0035454
3.0925 -0.00348618
3.1025 -0.00343219
3.1125 -0.00338341
3.1225 -0.00333973
3.1325 -0.00330096
3.1425 -0.00326682
3.1525 -0.00323699
3.1625 -0.00321112
3.1725 -0.00318887
3.1825 -0.00316991
3.1925 -0.00315393
3.2025 -0.00314072
3.2125 -0.00313012
3.2225 -0.00312202
3.2325 -0.00311642
3.2425 -0.00311335
3.2525 -0.00311292
3.2625 -0.00311523
3.2725 -0.00312043
3.2825 -0.00312865
3.2925 -0.00314003
3.3025 -0.00315465
3.3125 -0.00317259
3.3225 -0.00319381
3.3325 -0.00321826
3.3425 -0.0032458
3.3525 -0.00327625
3.3625 -0.00330941
3.3725 -0.00334501
3.3825 -0.00338278
3.3925 -0.00342236
3.4025 -0.00346331
3.4125 -0.00350508
3.4225 -0.00354701
3.4325 -0.00358829
3.4425 -0.003628
3.4525 -0.00366509
3.4625 -0.00369843
3.4725 -0.00372677
3.4825 -0.00374882
3.4925 -0.00376323
3.5025 -0.00376865
3.5125 -0.00376374
3.5225 -0.00374717
3.5325 -0.0037177
3.5425 -0.00367415
3.5525 -0.00361546
3.5625 -0.00354064
3.5725 -0.00344886
3.5825 -0.00333941
3.5925 -0.00321174
3.6025 -0.00306551
3.6125 -0.00290055
3.6225 -0.00271694
3.6325 -0.00251498
3.6425 -0.00229524
3.6525 -0.00205852
3.6625 -0.00180588
3.6725 -0.0015386
3.6825 -0.00125819
3.6925 -0.000966357
3.7025 -0.000665046
3.7125 -0.000356298
3.7225 -4.2235e-05
3.7325 0.000274939
3.7425 0.00059273
3.7525 0.000908688
3.7625 0.00122039
3.7725 0.0015255
3.7825 0.00182179
3.7925 0.00210713
3.8025 0.0023796
3.8125 0.0026375
3.8225 0.00287935
3.8325 0.00310393
3.8425 0.00331025
3.8525 0.00349755
3.8625 0.00366535
3.8725 0.00381345
3.8825 0.00394188
3.8925 0.00405094
3.9025 0.00414121
3.9125 0.0042135
3.9225 0.00426888
3.9325 0.00430861
3.9425 0.00433413
3.9525 0.00434698
3.9625 0.00434882
3.9725 0.00434136
3.9825 0.00432634
3.9925 0.00430549
4.0025 0.00428047
4.0125 0.0042529
4.0225 0.00422427
4.0325 0.00419595
4.0425 0.00416914
4.0525 0.0041449
4.0625 0.00412408
4.0725 0.00410738
4.0825 0.0040951
4.0925 0.00408626
4.1025 0.00408398
4.1125 0.00408808
4.1225 0.00409809
4.1325 0.00411444
4.1425 0.00413658
4.1525 0.00416444
4.1625 0.00419738
4.1725 0.00423481
4.1825 0.00427594
4.1925 0.00431979
4.2025 0.00436535
4.2125 0.00441159
4.2225 0.00445747
4.2325 0.0045019
4.2425 0.00454379
4.2525 0.00458215
4.2625 0.00461608
4.2725 0.00464479
4.2825 0.00466759
4.2925 0.00468396
4.3025 0.00469352
4.3125 0.00469609
4.3225 0.00469164
4.3325 0.00468033
4.3425 0.00466249
4.3525 0.00463859
4.3625 0.00460929
4.3725 0.00457535
4.3825 0.00453767
4.3925 0.00449724
4.4025 0.00445513
4.4125 0.00441242
4.4225 0.00437023
4.4325 0.00432976
4.4425 0.00429217
4.4525 0.00425858
4.4625 0.00422999
4.4725 0.0042073
4.4825 0.00419124
4.4925 0.0041824
4.5025 0.00418116
4.5125 0.00418772
4.5225 0.00420204
4.5325 0.00422388
4.5425 0.00425274
4.5525 0.0042879
4.5625 0.0043284
4.5725 0.00437306
4.5825 0.00442046
4.5925 0.00446904
4.6025 0.00451707
4.6125 0.00456272
4.6225 0.00460408
4.6325 0.00463924
4.6425 0.00466631
4.6525 0.00468353
4.6625 0.00468923
4.6725 0.00468198
4.6825 0.00466054
4.6925 0.00462392
4.7025 0.00457136
4.7125 0.00450239
4.7225 0.00441677
4.7325 0.00431453
4.7425 0.00419596
4.7525 0.00406161
4.7625 0.00391229
4.7725 0.00374904
4.7825 0.00357315
4.7925 0.00338608
4.8025 0.00318948
4.8125 0.0029851
4.8225 0.00277476
4.8325 0.00256031
4.8425 0.00234352
4.8525 0.00212612
4.8625 0.00190963
4.8725 0.00169537
4.8825 0.00148442
4.8925 0.00127756
4.9025 0.00107577
4.9125 0.000878307
4.9225 0.000684794
4.9325 0.000494856
4.9425 0.000307465
4.9525 0.00012179
4.9625 -6.32463e-05
4.9725 -0.000248959
4.9825 -0.000436519
4.9925 -0.000627054
5.0025 -0.000821587
5.0125 -0.001021
5.0225 -0.00122602
5.0325 -0.00143716
5.0425 -0.00165461
5.0525 -0.00187831
5.0625 -0.00210789
5.0725 -0.0023427
5.0825 -0.0025818
5.0925 -0.00282394
5.1025 -0.0030676
5.1125 -0.00331104
5.1225 -0.00355229
5.1325 -0.00378925
5.1425 -0.00401969
5.1525 -0.0042413
5.1625 -0.00445178
5.1725 -0.00464886
5.1825 -0.00483039
5.1925 -0.00499433
5.2025 -0.00513885
5.2125 -0.00526236
5.2225 -0.00536353
5.2325 -0.00544132
5.2425 -0.00549503
5.2525 -0.00552426
5.2625 -0.00552902
5.2725 -0.00550966
5.2825 -0.00546689
5.2925 -0.00540179
5.3025 -0.0053158
5.3125 -0.00521065
5.3225 -0.0050884
5.3325 -0.00495131
5.3425 -0.00480188
5.3525 -0.00464273
5.3625 -0.0044766
5.3725 -0.00430624
5.3825 -0.00413441
5.3925 -0.00396382
5.4025 -0.00379705
5.4125 -0.00363656
5.4225 -0.00348458
5.4325 -0.00334311
5.4425 -0.00321389
5.4525 -0.00309831
5.4625 -0.00299745
5.4725 -0.00291205
5.4825 -0.00284247
5.4925 -0.00278873
5.5025 -0.00275052
5.5125 -0.00272721
5.5225 -0.00271788
5.5325 -0.00272142
5.5425 -0.00273651
5.5525 -0.0027617
5.5625 -0.00279544
5.5725 -0.00283608
5.5825 -0.00288193
5.5925 -0.00293128
5.6025 -0.00298245
5.6125 -0.00303381
5.6225 -0.0030838
5.6325 -0.00313099
5.6425 -0.00317404
5.6525 -0.00321177
5.6625 -0.00324311
5.6725 -0.00326712
5.6825 -0.00328303
5.6925 -0.00329015
5.7025 -0.00328795
5.7125 -0.00327598
5.7225 -0.00325393
5.7325 -0.00322153
5.7425 -0.00317862
5.7525 -0.00312506
5.7625 -0.00306073
5.7725 -0.00298551
5.7825 -0.00289923
5.7925 -0.00280162
5.8025 -0.00269259
5.8125 -0.00257183
5.8225 -0.00243745
5.8325 -0.00228939
5.8425 -0.00212623
5.8525 -0.00194728
5.8625 -0.00175154
5.8725 -0.00153815
5.8825 -0.00130643
5.8925 -0.00105557
5.9025 -0.000785046
5.9125 -0.000494598
5.9225 -0.000184141
5.9325 0.000146164
5.9425 0.000495972
5.9525 0.000864596
5.9625 0.00125096
5.9725 0.00165381
5.9825 0.0020716
5.9925 0.00250247
6.0025 0.00294429
6.0125 0.00339461
6.0225 0.00385076
6.0325 0.00430981
6.0425 0.00476861
6.0525 0.00522383
6.0625 0.00567203
6.0725 0.00610966
6.0825 0.00653319
6.0925 0.00693911
6.1025 0.00732404
6.1125 0.00768545
6.1225 0.00802655
6.1325 0.00833749
6.1425 0.00861737
6.1525 0.00886938
6.1625 0.00909197
6.1725 0.00928534
6.1825 0.00944791
6.1925 0.00957975
6.2025 0.00968173
6.2125 0.00975453
6.2225 0.00979845
6.2325 0.00981337
6.2425 0.00979974
6.2525 0.00975839
6.2625 0.00969022
6.2725 0.00959644
6.2825 0.00947808
6.2925 0.00933617
6.3025 0.00917196
6.3125 0.00898697
6.3225 0.00878287
6.3325 0.0085613
6.3425 0.0083238
6.3525 0.00807209
6.3625 0.00780798
6.3725 0.00753339
6.3825 0.00725028
6.3925 0.00696052
6.4025 0.00666594
6.4125 0.00636833
6.4225 0.00606944
6.4325 0.00577095
6.4425 0.00547442
6.4525 0.00518128
6.4625 0.00489283
6.4725 0.00461034
6.4825 0.00433498
6.4925 0.00406784
6.5025 0.00380991
6.5125 0.00356208
6.5225 0.00332517
6.5325 0.00309989
6.5425 0.00288684
6.5525 0.00268654
6.5625 0.00249896
6.5725 0.00232432
6.5825 0.00216333
6.5925 0.00201542
6.6025 0.00188035
6.6125 0.00175779
6.6225 0.00164739
6.6325 0.00154872
6.6425 0.00146111
6.6525 0.00138382
6.6625 0.00131602
6.6725 0.00125691
6.6825 0.00120559
6.6925 0.00116107
6.7025 0.00112226
6.7125 0.00108868
6.7225 0.00105711
6.7325 0.00102669
6.7425 0.000995635
6.7525 0.00096236
6.7625 0.000925356
6.7725 0.000883185
6.7825 0.000834631
6.7925 0.000778504
6.8025 0.000713833
6.8125 0.000639763
6.8225 0.000555774
6.8325 0.000461361
6.8425 0.000356332
6.8525 0.000240708
6.8625 0.000114703
6.8725 -2.12707e-05
6.8825 -0.000166601
6.8925 -0.000320472
6.9025 -0.000481888
6.9125 -0.000649708
6.9225 -0.000822677
6.9325 -0.00099946
6.9425 -0.00117866
6.9525 -0.00135886
6.9625 -0.00153865
6.9725 -0.00171664
6.9825 -0.00189154
6.9925 -0.00206211
7.0025 -0.00222722
7.0125 -0.00238586
7.0225 -0.00253712
7.0325 -0.00268021
7.0425 -0.00281448
7.0525 -0.00293936
7.0625 -0.00305442
7.0725 -0.00315937
7.0825 -0.00325402
7.0925 -0.00333824
7.1025 -0.00341201
7.1125 -0.00347533
7.1225 -0.00352823
7.1325 -0.00357077
7.1425 -0.00360303
7.1525 -0.00362507
7.1625 -0.00363696
7.1725 -0.00363872
7.1825 -0.00363039
7.1925 -0.00361194
7.2025 -0.00358329
7.2125 -0.00354434
7.2225 -0.00349498
7.2325 -0.00343507
7.2425 -0.00336447
7.2525 -0.00328306
7.2625 -0.00319077
7.2725 -0.00308756
7.2825 -0.00297349
7.2925 -0.00284867
7.3025 -0.00271333
7.3125 -0.00256783
7.3225 -0.00241265
7.3325 -0.00224842
7.3425 -0.00207589
7.3525 -0.00189592
7.3625 -0.00170952
7.3725 -0.00151782
7.3825 -0.00132209
7.3925 -0.00112373
7.4025 -0.000924271
7.4125 -0.000725349
7.4225 -0.000528672
7.4325 -0.000336
7.4425 -0.000149103
7.4525 3.02756e-05
7.4625 0.000200462
7.4725 0.000359899
7.4825 0.000507187
7.4925 0.000641445
7.5025 0.000761519
7.5125 0.000866514
7.5225 0.000956269
7.5325 0.00103058
7.5425 0.0010895
7.5525 0.00113322
7.5625 0.0011622
7.5725 0.00117718
7.5825 0.00117907
7.5925 0.00116892
7.6025 0.00114789
7.6125 0.00111724
7.6225 0.00107829
7.6325 0.0010324
7.6425 0.000980853
7.6525 0.000924945
7.6625 0.000865731
7.6725 0.000804398
7.6825 0.000742163
7.6925 0.00067989
7.7025 0.000618522
7.7125 0.000558888
7.7225 0.000501761
7.7325 0.000447847
7.7425 0.000397717
7.7525 0.000351731
7.7625 0.000310425
7.7725 0.000274477
7.7825 0.000244031
7.7925 0.000219497
7.8025 0.000201028
7.8125 0.000188833
7.8225 0.000183056
7.8325 0.000183822
7.8425 0.000191204
7.8525 0.000205228
7.8625 0.000225876
7.8725 0.000253075
7.8825 0.000286689
7.8925 0.000326511
7.9025 0.000372252
7.9125 0.000423554
7.9225 0.000479994
7.9325 0.000541107
7.9425 0.000606403
7.9525 0.000675374
7.9625 0.000747505
7.9725 0.000822271
7.9825 0.000899121
7.9925 0.000977621
8.0025 0.00105714
8.015 0.00115669
8.0275 0.00125497
8.04 0.00135018
8.0525 0.0014403
8.065 0.00152327
8.0775 0.00159706
8.09 0.00165962
8.1025 0.00170898
8.115 0.00174333
8.1275 0.00176106
8.14 0.00176079
8.1525 0.00174138
8.165 0.00170201
8.1775 0.00164214
8.19 0.00156171
8.2025 0.00146106
8.215 0.00134097
8.2275 0.00120256
8.24 0.00104735
8.2525 0.00087712
8.265 0.000693503
8.2775 0.000498823
8.29 0.000295335
8.3025 8.52215e-05
8.315 -0.000129044
8.3275 -0.000344871
8.34 -0.000559758
8.3525 -0.000771269
8.365 -0.000977007
8.3775 -0.00117464
8.39 -0.00136202
8.4025 -0.00153719
8.415 -0.00169835
8.4275 -0.00184391
8.44 -0.00197244
8.4525 -0.00208281
8.465 -0.00217412
8.4775 -0.00224574
8.49 -0.00229732
8.5025 -0.00232871
8.515 -0.00234
8.5275 -0.00233146
8.54 -0.00230346
8.5525 -0.00225655
8.565 -0.00219145
8.5775 -0.00210905
8.59 -0.00201044
8.6025 -0.00189691
8.615 -0.00176996
8.6275 -0.00163131
8.64 -0.00148286
8.6525 -0.00132671
8.665 -0.00116514
8.6775 -0.00100061
8.69 -0.000835728
8.7025 -0.000673232
8.715 -0.000515901
8.7275 -0.000366511
8.74 -0.000227748
8.7525 -0.000102142
8.765 8.00666e-06
8.7775 0.000100686
8.79 0.000174205
8.8025 0.00022726
8.815 0.000258925
8.8275 0.000268409
8.84 0.000255549
8.8525 0.000220487
8.865 0.000163604
8.8775 8.56146e-05
8.89 -1.24675e-05
8.9025 -0.000129433
8.915 -0.000263895
8.9275 -0.000414315
8.94 -0.000579056
8.9525 -0.000756375
8.965 -0.000944389
8.9775 -0.00114106
8.99 -0.00134419
9.0025 -0.0015514
9.015 -0.00176016
9.0275 -0.00196781
9.04 -0.00217156
9.0525 -0.00236859
9.065 -0.00255614
9.0775 -0.00273149
9.09 -0.0028925
9.1025 -0.0030371
9.115 -0.00316369
9.1275 -0.00327101
9.14 -0.00335828
9.1525 -0.0034252
9.165 -0.00347193
9.1775 -0.00349902
9.19 -0.00350749
9.2025 -0.00349868
9.215 -0.00347421
9.2275 -0.00343594
9.24 -0.00338588
9.2525 -0.0033261
9.265 -0.00325865
9.2775 -0.00318549
9.29 -0.0031084
9.3025 -0.00302896
9.315 -0.00294844
9.3275 -0.0028678
9.34 -0.00278768
9.3525 -0.00270839
9.365 -0.00262994
9.3775 -0.00255208
9.39 -0.00247443
9.4025 -0.00239646
9.415 -0.00231766
9.4275 -0.00223753
9.44 -0.00215565
9.4525 -0.0020717
9.465 -0.00198544
9.4775 -0.00189675
9.49 -0.00180564
9.5025 -0.00171222
9.515 -0.00161669
9.5275 -0.00151929
9.54 -0.00142028
9.5525 -0.0013199
9.565 -0.00121839
9.5775 -0.00111598
9.59 -0.00101289
9.6025 -0.000909369
9.615 -0.000805691
9.6275 -0.00070214
9.64 -0.00059903
9.6525 -0.000496692
9.665 -0.000395459
9.6775 -0.000295643
9.69 -0.000197524
9.7025 -0.000101322
9.715 -7.176e-06
9.7275 8.484e-05
9.74 0.000174661
9.7525 0.000262517
9.765 0.000349794
9.7775 0.000437071
9.79 0.00052492
9.8025 0.000614222
9.815 0.00070574
9.8275 0.000800134
9.84 0.000897927
9.8525 0.000999613
9.865 0.00110566
9.8775 0.00121644
9.89 0.00133217
9.9025 0.00145302
9.915 0.00157908
9.9275 0.00171037
9.94 0.00184679
9.9525 0.0019881
9.965 0.00213399
9.9775 0.00228407
9.99 0.00243791
10.0025 0.00259502
10.015 0.00275499
10.0275 0.0029174
10.04 0.00308192
10.0525 0.00324827
10.065 0.00341624
10.0775 0.00358567
10.09 0.00375642
10.1025 0.00392833
10.115 0.00410117
10.1275 0.00427463
10.14 0.00444828
10.1525 0.00462161
10.165 0.00479395
10.1775 0.00496453
10.19 0.00513246
10.2025 0.00529675
10.215 0.00545631
10.2275 0.00560992
10.24 0.00575626
10.2525 0.00589392
10.265 0.00602146
10.2775 0.00613741
10.29 0.00624038
10.3025 0.00632911
10.315 0.00640254
10.3275 0.00645985
10.34 0.00650044
10.3525 0.00652401
10.365 0.00653051
10.3775 0.00652008
10.39 0.00649296
10.4025 0.00644946
10.415 0.00639005
10.4275 0.00631529
10.44 0.00622588
10.4525 0.00612266
10.465 0.00600668
10.4775 0.00587911
10.49 0.0057412
10.5025 0.00559427
10.515 0.00543967
10.5275 0.0052787
10.54 0.00511261
10.5525 0.00494255
10.565 0.00476957
10.5775 0.00459459
10.59 0.00441846
10.6025 0.00424193
10.615 0.00406569
10.6275 0.00389035
10.64 0.00371644
10.6525 0.00354435
10.665 0.00337431
10.6775 0.00320634
10.69 0.00304021
10.7025 0.00287545
10.715 0.00271132
10.7275 0.0025468
10.74 0.00238061
10.7525 0.00221126
10.765 0.0020378
10.7775 0.00185714
10.79 0.00166704
10.8025 0.00146515
10.815 0.00124989
10.8275 0.00101874
10.84 0.000771086
10.8525 0.000505701
10.865 0.00022219
10.8775 -7.92171e-05
10.89 -0.000397663
10.9025 -0.000731799
10.915 -0.0010797
10.9275 -0.00143887
10.94 -0.00180632
10.9525 -0.00217877
10.965 -0.00255274
10.9775 -0.00292467
10.99 -0.00329096
11.0025 -0.00364812
11.015 -0.00399293
11.0275 -0.00432247
11.04 -0.00463427
11.0525 -0.00492634
11.065 -0.00519673
11.0775 -0.00544596
11.09 -0.00567474
11.1025 -0.00588388
11.115 -0.0060742
11.1275 -0.00624688
11.14 -0.00640311
11.1525 -0.00654408
11.165 -0.00667074
11.1775 -0.00678386
11.19 -0.00688394
11.2025 -0.00697106
11.215 -0.00704446
11.2275 -0.00710376
11.24 -0.00714813
11.2525 -0.00717598
11.265 -0.00718608
11.2775 -0.00717697
11.29 -0.00714696
11.3025 -0.00709454
11.315 -0.0070182
11.3275 -0.00691665
11.34 -0.00678901
11.3525 -0.00663479
11.365 -0.00645393
11.3775 -0.00624696
11.39 -0.00601504
11.4025 -0.00575992
11.415 -0.00548397
11.4275 -0.0051904
11.44 -0.00488308
11.4525 -0.00456657
11.465 -0.00424591
11.4775 -0.00392648
11.49 -0.00361379
11.5025 -0.00331328
11.515 -0.00303003
11.5275 -0.00276862
11.54 -0.00253291
11.5525 -0.00232588
11.565 -0.00214947
11.5775 -0.00200444
11.59 -0.00189033
11.6025 -0.00180543
11.615 -0.00174683
11.6275 -0.00171055
11.64 -0.00169167
11.6525 -0.00168453
11.665 -0.00168299
11.6775 -0.00168063
11.69 -0.001671
11.7025 -0.00164782
11.715 -0.00160523
11.7275 -0.00153854
11.74 -0.00144252
11.7525 -0.00131221
11.765 -0.00114458
11.7775 -0.000938037
11.79 -0.000692345
11.8025 -0.000408754
11.815 -8.98781e-05
11.8275 0.000260149
11.84 0.000636535
11.8525 0.00103394
11.865 0.00144354
11.8775 0.00185944
11.89 0.00227395
11.9025 0.00267911
11.915 0.00306728
11.9275 0.00343176
11.94 0.0037665
11.9525 0.00406612
11.965 0.00432628
11.9775 0.00454409
11.99 0.0047181
12.0025 0.00484816
12.015 0.00493545
12.0275 0.00498258
12.04 0.0049936
12.0525 0.0049734
12.065 0.00492785
12.0775 0.00486346
12.09 0.00478716
12.1025 0.00470596
12.115 0.0046267
12.1275 0.00455576
12.14 0.0044988
12.1525 0.00446056
12.165 0.00444465
12.1775 0.00445344
12.19 0.00448797
12.2025 0.00454796
12.215 0.00463177
12.2275 0.00473652
12.24 0.0048582
12.2525 0.00499184
12.265 0.00513172
12.2775 0.00527159
12.29 0.00540499
12.3025 0.00552615
12.315 0.00562787
12.3275 0.00570514
12.34 0.0057529
12.3525 0.00576704
12.365 0.00574452
12.3775 0.00568395
12.39 0.00558503
12.4025 0.0054487
12.415 0.00527717
12.4275 0.00507384
12.44 0.00484306
12.4525 0.00458981
12.465 0.00431958
12.4775 0.00403811
12.49 0.00375122
12.5025 0.00346461
12.515 0.00318365
12.5275 0.00291327
12.54 0.00265771
12.5525 0.00242042
12.565 0.00220396
12.5775 0.00200993
12.59 0.00183894
12.6025 0.0016906
12.615 0.00156328
12.6275 0.00145502
12.64 0.00136243
12.6525 0.00128167
12.665 0.00120842
12.6775 0.00113813
12.69 0.0010661
12.7025 0.000988172
12.715 0.00089958
12.7275 0.000795832
12.74 0.000673783
12.7525 0.000530919
12.765 0.0003657
12.7775 0.000177688
12.79 -3.24437e-05
12.8025 -0.000262819
12.815 -0.000510486
12.8275 -0.000771516
12.84 -0.00104111
12.8525 -0.00131375
12.865 -0.00158349
12.8775 -0.00184412
12.89 -0.00208943
12.9025 -0.00231344
12.915 -0.00251059
12.9275 -0.00267604
12.94 -0.00280581
12.9525 -0.00289697
12.965 -0.00294776
12.9775 -0.00295772
12.99 -0.00292775
13.0025 -0.0028599
13.015 -0.00275757
13.0275 -0.00262534
13.04 -0.00246877
13.0525 -0.00229423
13.065 -0.00210871
13.0775 -0.00191956
13.09 -0.00173424
13.1025 -0.00156002
13.115 -0.00140373
13.1275 -0.00127158
13.14 -0.00116884
13.1525 -0.00109968
13.165 -0.00106701
13.1775 -0.0010724
13.19 -0.00111599
13.2025 -0.00119659
13.215 -0.00131164
13.2275 -0.00145745
13.24 -0.00162927
13.2525 -0.00182157
13.265 -0.00202818
13.2775 -0.00224254
13.29 -0.0024579
13.3025 -0.00266758
13.315 -0.00286515
13.3275 -0.00304468
13.34 -0.00320098
13.3525 -0.00333028
13.365 -0.00342873
13.3775 -0.00349474
13.39 -0.00352743
13.4025 -0.00352704
13.415 -0.00349488
13.4275 -0.00343331
13.44 -0.0033456
13.4525 -0.00323557
13.465 -0.00310743
13.4775 -0.00296562
13.49 -0.00281451
13.5025 -0.00265817
13.515 -0.00250016
13.5275 -0.00234342
13.54 -0.00219021
13.5525 -0.002042
13.565 -0.00189939
13.5775 -0.00176222
13.59 -0.00162955
13.6025 -0.00149985
13.615 -0.00137105
13.6275 -0.00124068
13.64 -0.00110605
13.6525 -0.000964376
13.665 -0.000812983
13.6775 -0.000649423
13.69 -0.000471718
13.7025 -0.000278419
13.715 -6.87458e-05
13.7275 0.000157198
13.74 0.000398407
13.7525 0.000652943
13.765 0.000918806
13.7775 0.00119158
13.79 0.00146771
13.8025 0.00174332
13.815 0.0020137
13.8275 0.00227356
13.84 0.00251779
13.8525 0.00274153
13.865 0.00294018
13.8775 0.00310938
13.89 0.00324547
13.9025 0.00334564
13.915 0.00340799
13.9275 0.00343148
13.94 0.00341622
13.9525 0.00336338
13.965 0.00327517
13.9775 0.00315486
13.99 0.0030066
14.0025 0.00283524
14.015 0.00264623
14.0275 0.00244543
14.04 0.00223894
14.0525 0.00203286
14.065 0.00183298
14.0775 0.00164463
14.09 0.0014724
14.1025 0.00131946
14.115 0.00118905
14.1275 0.00108238
14.14 0.000999947
14.1525 0.000941342
14.165 0.000905337
14.1775 0.000889666
14.19 0.000891795
14.2025 0.000908673
14.215 0.000936957
14.2275 0.000973002
14.24 0.00101321
14.2525 0.00105409
14.265 0.00109265
14.2775 0.00112625
14.29 0.00115273
14.3025 0.00117069
14.315 0.00117929
14.3275 0.00117825
14.34 0.00116794
14.3525 0.00114928
14.365 0.00112369
14.3775 0.00109293
14.39 0.00105895
14.4025 0.00102406
14.415 0.000990656
14.4275 0.00096096
14.44 0.000937557
14.4525 0.000920864
14.465 0.00091194
14.4775 0.000910637
14.49 0.000916542
14.5025 0.00092836
14.515 0.000944139
14.5275 0.000961208
14.54 0.000976447
14.5525 0.000986408
14.565 0.000987099
14.5775 0.000974546
14.59 0.000944844
14.6025 0.000894484
14.615 0.000820555
14.6275 0.000720921
14.64 0.000594263
14.6525 0.000440396
14.665 0.000260515
14.6775 5.75364e-05
14.69 -0.000164978
14.7025 -0.000402071
14.715 -0.000647929
14.7275 -0.000895913
14.74 -0.00113872
14.7525 -0.00136872
14.765 -0.00157812
14.7775 -0.00175922
14.79 -0.00190482
14.8025 -0.00200844
14.815 -0.00206476
14.8275 -0.00206975
14.84 -0.00202094
14.8525 -0.00191755
14.865 -0.00176038
14.8775 -0.00155202
14.89 -0.00129696
14.9025 -0.00100021
14.915 -0.000668607
14.9275 -0.000309651
14.94 6.81703e-05
14.9525 0.000456056
14.965 0.000846083
14.9775 0.0012292
14.99 0.00159662
15.0025 0.00194188
15.015 0.00225834
15.0275 0.00254012
15.04 0.00278272
15.0525 0.00298311
15.065 0.0031394
15.0775 0.00325071
15.09 0.00331752
15.1025 0.0033418
15.115 0.00332677
15.1275 0.00327643
15.14 0.00319585
15.1525 0.0030909
15.165 0.00296788
15.1775 0.00283311
15.19 0.00269274
15.2025 0.00255244
15.215 0.00241725
15.2275 0.00229133
15.24 0.00217776
15.2525 0.00207848
15.265 0.00199427
15.2775 0.00192475
15.29 0.0018685
15.3025 0.00182325
15.315 0.00178578
15.3275 0.00175327
15.34 0.00172189
15.3525 0.001688
15.365 0.0016479
15.3775 0.00159827
15.39 0.00153618
15.4025 0.00145934
15.415 0.00136624
15.4275 0.0012562
15.44 0.0011294
15.4525 0.000986972
15.465 0.000830388
15.4775 0.000662854
15.49 0.000487568
15.5025 0.000308488
15.515 0.000130061
15.5275 -4.28438e-05
15.54 -0.000205594
15.5525 -0.000355098
15.565 -0.000487475
15.5775 -0.000599805
15.59 -0.000689645
15.6025 -0.000755452
15.615 -0.000796507
15.6275 -0.000812965
15.64 -0.000805936
15.6525 -0.000777416
15.665 -0.000730366
15.6775 -0.000668551
15.69 -0.000596396
15.7025 -0.00051882
15.715 -0.000441006
15.7275 -0.000368257
15.74 -0.000305657
15.7525 -0.000257798
15.765 -0.000228582
15.7775 -0.00022101
15.79 -0.000237138
15.8025 -0.000278173
15.815 -0.000344107
15.8275 -0.000433809
15.84 -0.000545116
15.8525 -0.000674923
15.865 -0.00081935
15.8775 -0.000973944
15.89 -0.00113392
15.9025 -0.00129469
15.915 -0.00145163
15.9275 -0.00160036
15.94 -0.00173763
15.9525 -0.0018606
15.965 -0.00196719
15.9775 -0.00205634
15.99 -0.00212796
16.0025 -0.00218273
16.0125 -0.00221532
16.0225 -0.00223905
16.0325 -0.00225525
16.0425 -0.00226545
16.0525 -0.0022714
16.0625 -0.00227494
16.0725 -0.00227804
16.0825 -0.0022827
16.0925 -0.00229096
16.1025 -0.00230476
16.1125 -0.00232597
16.1225 -0.00235628
16.1325 -0.0023972
16.1425 -0.00244997
16.1525 -0.00251557
16.1625 -0.00259464
16.1725 -0.00268749
16.1825 -0.00279412
16.1925 -0.00291433
16.2025 -0.00304711
16.2125 -0.00319155
16.2225 -0.00334625
16.2325 -0.00350939
16.2425 -0.00367882
16.2525 -0.00385206
16.2625 -0.00402644
16.2725 -0.00419904
16.2825 -0.00436679
16.2925 -0.00452652
16.3025 -0.00467504
16.3125 -0.00480914
16.3225 -0.00492603
16.3325 -0.00502312
16.3425 -0.0050979
16.3525 -0.0051484
16.3625 -0.00517293
16.3725 -0.00517034
16.3825 -0.00513995
16.3925 -0.00508172
16.4025 -0.00499603
16.4125 -0.00488391
16.4225 -0.00474687
16.4325 -0.00458693
16.4425 -0.00440651
16.4525 -0.00420836
16.4625 -0.00399551
16.4725 -0.0037712
16.4825 -0.00353875
16.4925 -0.00330151
16.5025 -0.00306273
16.5125 -0.00282554
16.5225 -0.00259286
16.5325 -0.00236732
16.5425 -0.00215123
16.5525 -0.00194647
16.5625 -0.0017545
16.5725 -0.00157633
16.5825 -0.00141245
16.5925 -0.00126289
16.6025 -0.00112715
16.6125 -0.00100428
16.6225 -0.000892899
16.6325 -0.000791227
16.6425 -0.000697171
16.6525 -0.000608377
16.6625 -0.000522291
16.6725 -0.000436271
16.6825 -0.000348091
16.6925 -0.000254001
16.7025 -0.000151609
16.7125 -3.8318e-05
16.7225 8.79998e-05
16.7325 0.000228978
16.7425 0.000385893
16.7525 0.000559486
16.7625 0.000750167
16.7725 0.000958124
16.7825 0.0011814
16.7925 0.00141908
16.8025 0.00166933
16.8125 0.00192967
16.8225 0.00219711
16.8325 0.0024682
16.8425 0.00273932
16.8525 0.00300661
16.8625 0.00326606
16.8725 0.00351348
16.8825 0.00374473
16.8925 0.00395581
16.9025 0.00414305
16.9125 0.00430313
16.9225 0.00443314
16.9325 0.00453071
16.9425 0.00459409
16.9525 0.00462224
16.9625 0.00461491
16.9725 0.00457269
16.9825 0.00449674
16.9925 0.00438907
17.0025 0.00425241
17.0125 0.0040901
17.0225 0.00390621
17.0325 0.00370531
17.0425 0.00349235
17.0525 0.00327256
17.0625 0.00305122
17.0725 0.0028335
17.0825 0.00262429
17.0925 0.00242803
17.1025 0.00224857
17.1125 0.00208907
17.1225 0.00195194
17.1325 0.00183871
17.1425 0.00174996
17.1525 0.00168594
17.1625 0.00164559
17.1725 0.00162713
17.1825 0.00162821
17.1925 0.00164606
17.2025 0.00167739
17.2125 0.00171823
17.2225 0.00176475
17.2325 0.0018129
17.2425 0.00185869
17.2525 0.00189833
17.2625 0.00192829
17.2725 0.00194552
17.2825 0.00194746
17.2925 0.00193221
17.3025 0.00189846
17.3125 0.00184635
17.3225 0.00177606
17.3325 0.00168879
17.3425 0.00158656
17.3525 0.00147206
17.3625 0.00134867
17.3725 0.00121976
17.3825 0.00108966
17.3925 0.00096307
17.4025 0.00084403
17.4125 0.00073701
17.4225 0.000646243
17.4325 0.000575743
17.4425 0.000529006
17.4525 0.000508886
17.4625 0.000517551
17.4725 0.000556342
17.4825 0.000625778
17.4925 0.000725535
17.5025 0.000854219
17.5125 0.00100946
17.5225 0.00118799
17.5325 0.00138573
17.5425 0.00159853
17.5525 0.00182068
17.5625 0.00204608
17.5725 0.00226925
17.5825 0.0024841
17.5925 0.00268473
17.6025 0.00286543
17.6125 0.00302109
17.6225 0.00314731
17.6325 0.00324047
17.6425 0.00329778
17.6525 0.00331738
17.6625 0.00329843
17.6725 0.00324122
17.6825 0.00314687
17.6925 0.0030175
17.7025 0.00285606
17.7125 0.00266625
17.7225 0.00245243
17.7325 0.00221953
17.7425 0.00197295
17.7525 0.0017184
17.7625 0.0014616
17.7725 0.00120746
17.7825 0.000963269
17.7925 0.000733598
17.8025 0.000523324
17.8125 0.000336991
17.8225 0.000178637
17.8325 5.16801e-05
17.8425 -4.13901e-05
17.8525 -9.88955e-05
17.8625 -0.000119915
17.8725 -0.000104319
17.8825 -5.28042e-05
17.8925 3.32511e-05
17.9025 0.000151608
17.9125 0.000299398
17.9225 0.00047329
17.9325 0.000669607
17.9425 0.000884376
17.9525 0.00111339
17.9625 0.00135239
17.9725 0.00159789
17.9825 0.00184462
17.9925 0.00208901
18.0025 0.00232761
18.0125 0.00255691
18.0225 0.00277371
18.0325 0.00297511
18.0425 0.00315873
18.0525 0.00332265
18.0625 0.00346529
18.0725 0.00358541
18.0825 0.00368207
18.0925 0.00375478
18.1025 0.0038034
18.1125 0.00382813
18.1225 0.00382942
18.1325 0.00380799
18.1425 0.00376468
18.1525 0.00370059
18.1625 0.00361698
18.1725 0.0035152
18.1825 0.00339664
18.1925 0.00326276
18.2025 0.00311504
18.2125 0.00295501
18.2225 0.00278418
18.2325 0.00260408
18.2425 0.00241621
18.2525 0.00222209
18.2625 0.00202326
18.2725 0.00182126
18.2825 0.0016176
18.2925 0.00141358
18.3025 0.00121003
18.3125 0.00100908
18.3225 0.000811222
18.3325 0.000617369
18.3425 0.000428338
18.3525 0.000244918
18.3625 6.77478e-05
18.3725 -0.000102774
18.3825 -0.0002664
18.3925 -0.000422853
18.4025 -0.000571836
18.4125 -0.000713098
18.4225 -0.000846411
18.4325 -0.000971572
18.4425 -0.00108833
18.4525 -0.00119636
18.4625 -0.00129524
18.4725 -0.00138449
18.4825 -0.00146353
18.4925 -0.00153173
18.5025 -0.00158832
18.5125 -0.00163248
18.5225 -0.00166329
18.5325 -0.0016798
18.5425 -0.00168102
18.5525 -0.0016659
18.5625 -0.00163336
18.5725 -0.00158234
18.5825 -0.00151172
18.5925 -0.00142046
18.6025 -0.00130768
18.6125 -0.00117256
18.6225 -0.00101446
18.6325 -0.00083301
18.6425 -0.000628208
18.6525 -0.000400423
18.6625 -0.000150451
18.6725 0.000120476
18.6825 0.00041066
18.6925 0.0007179
18.7025 0.0010395
18.7125 0.00137303
18.7225 0.00171487
18.7325 0.00206039
18.7425 0.00240644
18.7525 0.00274888
18.7625 0.003083
18.7725 0.003404
18.7825 0.00370748
18.7925 0.00398897
18.8025 0.00424432
18.8125 0.00446941
18.8225 0.00466042
18.8325 0.00481393
18.8425 0.00492701
18.8525 0.00499739
18.8625 0.00502331
18.8725 0.00500369
18.8825 0.00493825
18.8925 0.00482713
18.9025 0.00467144
18.9125 0.00447294
18.9225 0.00423411
18.9325 0.00395797
18.9425 0.0036481
18.9525 0.00330857
18.9625 0.00294382
18.9725 0.00255862
18.9825 0.00215786
18.9925 0.00174652
19.0025 0.00132912
19.0125 0.000909375
19.0225 0.000493902
19.0325 8.55212e-05
19.0425 -0.000311987
19.0525 -0.000695204
19.0625 -0.00106095
19.0725 -0.00140637
19.0825 -0.00172928
19.0925 -0.00202798
19.1025 -0.00230107
19.1125 -0.00254744
19.1225 -0.00276633
19.1325 -0.00295742
19.1425 -0.0031208
19.1525 -0.00325684
19.1625 -0.0033661
19.1725 -0.00344931
19.1825 -0.00350747
19.1925 -0.00354137
19.2025 -0.00355202
19.2125 -0.00354057
19.2225 -0.00350796
19.2325 -0.00345523
19.2425 -0.00338334
19.2525 -0.00329321
19.2625 -0.00318564
19.2725 -0.00306131
19.2825 -0.00292081
19.2925 -0.00276462
19.3025 -0.00259309
19.3125 -0.00240652
19.3225 -0.00220511
19.3325 -0.00198904
19.3425 -0.00175842
19.3525 -0.00151333
19.3625 -0.00125452
19.3725 -0.000982318
19.3825 -0.000697515
19.3925 -0.000401084
19.4025 -9.40245e-05
19.4125 0.000222286
19.4225 0.000546138
19.4325 0.000875966
19.4425 0.0012103
19.4525 0.00154518
19.4625 0.00187895
19.4725 0.00220893
19.4825 0.00253218
19.4925 0.00284554
19.5025 0.00314585
19.5125 0.0034302
19.5225 0.00369574
19.5325 0.00393991
19.5425 0.00415991
19.5525 0.00435335
19.5625 0.00451807
19.5725 0.00465212
19.5825 0.004754
19.5925 0.00482238
19.6025 0.00485628
19.6125 0.00485503
19.6225 0.00481842
19.6325 0.00474659
19.6425 0.0046399
19.6525 0.00449912
19.6625 0.00432531
19.6725 0.00411979
19.6825 0.00388414
19.6925 0.00362015
19.7025 0.0033298
19.7125 0.00301523
19.7225 0.00267873
19.7325 0.00232268
19.7425 0.00194955
19.7525 0.00156193
19.7625 0.00116233
19.7725 0.000751935
19.7825 0.000334643
19.7925 -8.74371e-05
19.8025 -0.000512621
19.8125 -0.000938592
19.8225 -0.00136321
19.8325 -0.00178424
19.8425 -0.00219974
19.8525 -0.00260794
19.8625 -0.00300709
19.8725 -0.00339545
19.8825 -0.00377142
19.8925 -0.00413348
19.9025 -0.00448025
19.9125 -0.00481042
19.9225 -0.00512257
19.9325 -0.00541519
19.9425 -0.00568666
19.9525 -0.00593528
19.9625 -0.00615923
19.9725 -0.00635655
19.9825 -0.00652511
19.9925 -0.00666268
20.0025 -0.00676695
20.0125 -0.00683558
20.0225 -0.00686627
20.0325 -0.00685707
20.0425 -0.00680522
20.0525 -0.0067086
20.0625 -0.00656548
20.0725 -0.00637414
20.0825 -0.00613355
20.0925 -0.00584298
20.1025 -0.00550228
20.1125 -0.00511172
20.1225 -0.00467227
20.1325 -0.00418551
20.1425 -0.00365372
20.1525 -0.00307979
20.1625 -0.00246741
20.1725 -0.00182072
20.1825 -0.0011444
20.1925 -0.000443855
20.2025 0.000275166
20.2125 0.00100972
20.2225 0.00175045
20.2325 0.00249068
20.2425 0.0032262
20.2525 0.00395035
20.2625 0.00465685
20.2725 0.00533896
20.2825 0.00599074
20.2925 0.00660688
20.3025 0.00718231
20.3125 0.00771211
20.3225 0.00819159
20.3325 0.00861672
20.3425 0.00898458
20.3525 0.00929719
20.3625 0.00954762
20.3725 0.00973369
20.3825 0.00985912
20.3925 0.009923
20.4025 0.00992633
20.4125 0.00987044
20.4225 0.00975622
20.4325 0.00958641
20.4425 0.00936455
20.4525 0.00909428
20.4625 0.00877924
20.4725 0.0084234
20.4825 0.00803145
20.4925 0.00760865
20.5025 0.00716044
20.5125 0.00669215
20.5225 0.00620906
20.5325 0.00571656
20.5425 0.00522015
20.5525 0.00472529
20.5625 0.00423722
20.5725 0.00376082
20.5825 0.00329842
20.5925 0.00285544
20.6025 0.00243715
20.6125 0.00204457
20.6225 0.00168052
20.6325 0.00134703
20.6425 0.00104636
20.6525 0.000780173
20.6625 0.000549319
20.6725 0.00035424
20.6825 0.000195174
20.6925 7.22703e-05
20.7025 -1.46079e-05
20.7125 -6.6011e-05
20.7225 -8.28943e-05
20.7325 -6.6583e-05
20.7425 -1.82212e-05
20.7525 6.09194e-05
20.7625 0.000169325
20.7725 0.000305311
20.7825 0.000467073
20.7925 0.000652782
20.8025 0.000860577
20.8125 0.00108852
20.8225 0.00133458
20.8325 0.00159665
20.8425 0.00187258
20.8525 0.00216021
20.8625 0.00245785
20.8725 0.00276336
20.8825 0.00307374
20.8925 0.00338738
20.9025 0.00370188
20.9125 0.00401475
20.9225 0.00432325
20.9325 0.00462457
20.9425 0.0049158
20.9525 0.00519382
20.9625 0.00545526
20.9725 0.00569651
20.9825 0.00591418
20.9925 0.00610428
21.0025 0.00626245
21.0125 0.00638582
21.0225 0.00647071
21.0325 0.00651432
21.0425 0.00651394
21.0525 0.00646751
21.0625 0.00637369
21.0725 0.00623167
21.0825 0.00604139
21.0925 0.00580359
21.1025 0.00551975
21.1125 0.00519213
21.1225 0.00482386
21.1325 0.00441871
21.1425 0.0039807
21.1525 0.00351487
21.1625 0.00302642
21.1725 0.00252117
21.1825 0.00200247
21.1925 0.00147768
21.2025 0.000953923
21.2125 0.000434525
21.2225 -7.48756e-05
21.2325 -0.000569317
21.2425 -0.00104352
21.2525 -0.00149302
21.2625 -0.00191404
21.2725 -0.00230332
21.2825 -0.00265796
21.2925 -0.0029754
21.3025 -0.00325374
21.3125 -0.00349189
21.3225 -0.00368945
21.3325 -0.00384662
21.3425 -0.00396406
21.3525 -0.00404291
21.3625 -0.00408497
21.3725 -0.0040927
21.3825 -0.00406876
21.3925 -0.00401624
21.4025 -0.00393854
21.4125 -0.00383928
21.4225 -0.00372219
21.4325 -0.00359105
21.4425 -0.00344957
21.4525 -0.00330132
21.4625 -0.00314964
21.4725 -0.00299757
21.4825 -0.00284778
21.4925 -0.00270256
21.5025 -0.00256376
21.5125 -0.00243275
21.5225 -0.00231049
21.5325 -0.00219748
21.5425 -0.0020938
21.5525 -0.00199916
21.5625 -0.0019129
21.5725 -0.00183407
21.5825 -0.00176147
21.5925 -0.00169371
21.6025 -0.00162931
21.6125 -0.00156668
21.6225 -0.00150429
21.6325 -0.00144068
21.6425 -0.00137449
21.6525 -0.00130461
21.6625 -0.00123014
21.6725 -0.00115047
21.6825 -0.00106533
21.6925 -0.000974776
21.7025 -0.000879239
21.7125 -0.000779496
21.7225 -0.000676652
21.7325 -0.000572203
21.7425 -0.000467938
21.7525 -0.000365898
21.7625 -0.00026832
21.7725 -0.000177568
21.7825 -9.60754e-05
21.7925 -2.62825e-05
21.8025 2.94187e-05
21.8125 6.8742e-05
21.8225 8.95654e-05
21.8325 8.99921e-05
21.8425 6.84052e-05
21.8525 2.35263e-05
21.8625 -4.55347e-05
21.8725 -0.000139235
21.8825 -0.000257563
21.8925 -0.000400004
21.9025 -0.00056553
21.9125 -0.000752594
21.9225 -0.000959143
21.9325 -0.00118264
21.9425 -0.0014201
21.9525 -0.00166811
21.9625 -0.00192294
21.9725 -0.0021805
21.9825 -0.00243653
21.9925 -0.00268656
22.0025 -0.00292609
22.0125 -0.00315064
22.0225 -0.00335589
22.0325 -0.00353775
22.0425 -0.00369247
22.0525 -0.00381674
22.0625 -0.00390773
22.0725 -0.00396317
22.0825 -0.00398138
22.0925 -0.00396135
22.1025 -0.00390266
22.1125 -0.00380556
22.1225 -0.0036709
22.1325 -0.00350015
22.1425 -0.00329581
22.1525 -0.00305861
22.1625 -0.00279138
22.1725 -0.00249664
22.1825 -0.0021773
22.1925 -0.00183659
22.2025 -0.00147773
22.2125 -0.00110409
22.2225 -0.000719016
22.2325 -0.000325872
22.2425 7.19478e-05
22.2525 0.000471364
22.2625 0.000869738
22.2725 0.0012661
22.2825 0.00165529
22.2925 0.00203643
22.3025 0.00240823
22.3125 0.00276913
22.3225 0.00311777
22.3325 0.00345284
22.3425 0.00377365
22.3525 0.00407981
22.3625 0.004371
22.3725 0.0046469
22.3825 0.00490722
22.3925 0.00515185
22.4025 0.00538086
22.4125 0.00559438
22.4225 0.00579247
22.4325 0.00597509
22.4425 0.00614223
22.4525 0.00629387
22.4625 0.00643002
22.4725 0.00655061
22.4825 0.0066555
22.4925 0.00674451
22.5025 0.00681742
22.5125 0.00687403
22.5225 0.0069141
22.5325 0.00693736
22.5425 0.00694352
22.5525 0.00693231
22.5625 0.00690349
22.5725 0.00685679
22.5825 0.00679202
22.5925 0.00670902
22.6025 0.00660773
22.6125 0.00648816
22.6225 0.00635045
22.6325 0.00619488
22.6425 0.00602193
22.6525 0.00583225
22.6625 0.00562667
22.6725 0.00540623
22.6825 0.00517226
22.6925 0.00492632
22.7025 0.00467017
22.7125 0.0044058
22.7225 0.00413536
22.7325 0.00386111
22.7425 0.00358545
22.7525 0.00331078
22.7625 0.00303947
22.7725 0.00277378
22.7825 0.0025158
22.7925 0.00226621
22.8025 0.00202784
22.8125 0.00180163
22.8225 0.00158788
22.8325 0.00138705
22.8425 0.00119923
22.8525 0.00102446
22.8625 0.000862277
22.8725 0.000711885
22.8825 0.000572291
22.8925 0.000442451
22.9025 0.000321337
22.9125 0.000207917
22.9225 0.000101117
22.9325 -2.23023e-08
22.9425 -9.6209e-05
22.9525 -0.000187772
22.9625 -0.000274769
22.9725 -0.000356951
22.9825 -0.000433767
22.9925 -0.000504339
23.0025 -0.000567457
23.0125 -0.000621626
23.0225 -0.00066514
23.0325 -0.000696147
23.0425 -0.000712742
23.0525 -0.000713012
23.0625 -0.000695029
23.0725 -0.000657099
23.0825 -0.000597801
23.0925 -0.000515952
23.1025 -0.000410831
23.1125 -0.000281703
23.1225 -0.000129452
23.1325 4.47058e-05
23.1425 0.000239736
23.1525 0.00045345
23.1625 0.000683608
23.1725 0.00092729
23.1825 0.00118127
23.1925 0.00144194
23.2025 0.0017062
23.2125 0.00196978
23.2225 0.00222776
23.2325 0.00247683
23.2425 0.00271262
23.2525 0.00293093
23.2625 0.00312749
23.2725 0.00329834
23.2825 0.00343994
23.2925 0.00354903
23.3025 0.00362275
23.3125 0.0036585
23.3225 0.00365425
23.3325 0.00360875
23.3425 0.00352148
23.3525 0.00339251
23.3625 0.00322282
23.3725 0.00301414
23.3825 0.002769
23.3925 0.00249066
23.4025 0.00218303
23.4125 0.00185067
23.4225 0.00149825
23.4325 0.00112877
23.4425 0.000750056
23.4525 0.000365993
23.4625 -1.86534e-05
23.4725 -0.000398862
23.4825 -0.000769713
23.4925 -0.00112647
23.5025 -0.00146509
23.5125 -0.00178197
23.5225 -0.00207392
23.5325 -0.00233808
23.5425 -0.002572
23.5525 -0.00277384
23.5625 -0.00294234
23.5725 -0.00307677
23.5825 -0.00317678
23.5925 -0.00324243
23.6025 -0.00327417
23.6125 -0.00327297
23.6225 -0.00324012
23.6325 -0.00317708
23.6425 -0.00308563
23.6525 -0.00296771
23.6625 -0.00282532
23.6725 -0.00266071
23.6825 -0.00247623
23.6925 -0.00227426
23.7025 -0.00205722
23.7125 -0.00182751
23.7225 -0.00158751
23.7325 -0.00133957
23.7425 -0.001086
23.7525 -0.000829029
23.7625 -0.000570836
23.7725 -0.000313504
23.7825 -5.9032e-05
23.7925 0.000190678
23.8025 0.000433828
23.8125 0.000669178
23.8225 0.000895748
23.8325 0.00111066
23.8425 0.00131368
23.8525 0.00150377
23.8625 0.00167991
23.8725 0.00184102
23.8825 0.0019861
23.8925 0.00211444
23.9025 0.00222543
23.9125 0.00231845
23.9225 0.00239289
23.9325 0.00244826
23.9425 0.00248427
23.9525 0.00250081
23.9625 0.00249796
23.9725 0.00247593
23.9825 0.00243499
23.9925 0.00237562
24.0025 0.00229827
24.0125 0.00220366
24.0225 0.00209254
24.0325 0.00196572
24.0425 0.00182409
24.0525 0.00166862
24.0625 0.00150033
24.0725 0.00132025
24.0825 0.00112934
24.0925 0.000928203
24.1025 0.000717507
24.1125 0.000498794
24.1225 0.00027246
24.1325 3.94756e-05
24.1425 -0.00019908
24.1525 -0.000441863
24.1625 -0.00068743
24.1725 -0.000934421
24.1825 -0.00117971
24.1925 -0.0014214
24.2025 -0.00165661
24.2125 -0.00188257
24.2225 -0.00209638
24.2325 -0.00229502
24.2425 -0.0024755
24.2525 -0.00263474
24.2625 -0.00276986
24.2725 -0.00287812
24.2825 -0.00295701
24.2925 -0.00300429
24.3025 -0.00301807
24.3125 -0.00299681
24.3225 -0.00293951
24.3325 -0.00284553
24.3425 -0.0027147
24.3525 -0.00254744
24.3625 -0.00234467
24.3725 -0.0021078
24.3825 -0.00183863
24.3925 -0.00153946
24.4025 -0.00121298
24.4125 -0.000862264
24.4225 -0.00049067
24.4325 -0.000101757
24.4425 0.000300759
24.4525 0.000713067
24.4625 0.00113333
24.4725 0.00155652
24.4825 0.00197834
24.4925 0.00239726
24.5025 0.00281008
24.5125 0.00321414
24.5225 0.00360666
24.5325 0.00398546
24.5425 0.00434895
24.5525 0.00469578
24.5625 0.00502474
24.5725 0.00533478
24.5825 0.00562519
24.5925 0.0058957
24.6025 0.00614635
24.6125 0.00637736
24.6225 0.00658905
24.6325 0.00678185
24.6425 0.00695635
24.6525 0.00711328
24.6625 0.00725334
24.6725 0.00737719
24.6825 0.00748538
24.6925 0.00757835
24.7025 0.00765648
24.7125 0.00772003
24.7225 0.00776909
24.7325 0.00780363
24.7425 0.00782346
24.7525 0.00782831
24.7625 0.00781792
24.7725 0.007792
24.7825 0.00775025
24.7925 0.00769248
24.8025 0.00761866
24.8125 0.00752882
24.8225 0.00742283
24.8325 0.00730302
24.8425 0.00717029
24.8525 0.00702615
24.8625 0.00687231
24.8725 0.0067104
24.8825 0.00654237
24.8925 0.00637028
24.9025 0.00619624
24.9125 0.00602239
24.9225 0.00585087
24.9325 0.00568383
24.9425 0.00552336
24.9525 0.00537148
24.9625 0.00523008
24.9725 0.0051009
24.9825 0.00498553
24.9925 0.00488535
25.0025 0.00480154
25.0125 0.00473504
25.0225 0.00468646
25.0325 0.00465629
25.0425 0.00464493
25.0525 0.00465252
25.0625 0.00467901
25.0725 0.00472408
25.0825 0.0047871
25.0925 0.00486718
25.1025 0.00496308
25.1125 0.00507325
25.1225 0.00519582
25.1325 0.00532858
25.1425 0.00546908
25.1525 0.00561465
25.1625 0.00576249
25.1725 0.00590969
25.1825 0.00605331
25.1925 0.00619042
25.2025 0.00631814
25.2125 0.00643367
25.2225 0.00653432
25.2325 0.00661753
25.2425 0.00668085
25.2525 0.00672198
25.2625 0.00673871
25.2725 0.00672897
25.2825 0.0066909
25.2925 0.00662425
25.3025 0.00652387
25.3125 0.00638829
25.3225 0.00621568
25.3325 0.00600429
25.3425 0.00575327
25.3525 0.00546202
25.3625 0.00513045
25.3725 0.00475893
25.3825 0.00434849
25.3925 0.0039007
25.4025 0.00341772
25.4125 0.00290209
25.4225 0.00235681
25.4325 0.00178565
25.4425 0.00118954
25.4525 0.000575283
25.4625 -5.2962e-05
25.4725 -0.000692501
25.4825 -0.00133866
25.4925 -0.00198692
25.5025 -0.00263216
25.5125 -0.00326971
25.5225 -0.00389513
25.5325 -0.004504
25.5425 -0.00509177
25.5525 -0.00565389
25.5625 -0.00618613
25.5725 -0.00668472
25.5825 -0.0071463
25.5925 -0.00756889
25.6025 -0.00795422
25.6125 -0.00829352
25.6225 -0.00858918
25.6325 -0.0088436
25.6425 -0.00905524
25.6525 -0.00922453
25.6625 -0.00935147
25.6725 -0.00943764
25.6825 -0.00948552
25.6925 -0.00949784
25.7025 -0.00947655
25.7125 -0.00942354
25.7225 -0.00934179
25.7325 -0.00923496
25.7425 -0.00910683
25.7525 -0.0089601
25.7625 -0.00879699
25.7725 -0.00862153
25.7825 -0.0084371
25.7925 -0.00824792
25.8025 -0.00805577
25.8125 -0.0078592
25.8225 -0.0076638
25.8325 -0.00747149
25.8425 -0.00728295
25.8525 -0.00710124
25.8625 -0.00692811
25.8725 -0.00676454
25.8825 -0.00661187
25.8925 -0.00647064
25.9025 -0.00634149
25.9125 -0.00622434
25.9225 -0.00611884
25.9325 -0.00602446
25.9425 -0.00594047
25.9525 -0.00586594
25.9625 -0.00579979
25.9725 -0.00574086
25.9825 -0.00568795
25.9925 -0.00563988
26.0025 -0.00559554
26.0125 -0.00555398
26.0225 -0.00551436
26.0325 -0.00547603
26.0425 -0.00543854
26.0525 -0.00540161
26.0625 -0.0053653
26.0725 -0.0053302
26.0825 -0.00529705
26.0925 -0.0052669
26.1025 -0.00524097
26.1125 -0.00522058
26.1225 -0.00520712
26.1325 -0.00520197
26.1425 -0.0052064
26.1525 -0.00522154
26.1625 -0.00524831
26.1725 -0.00528735
26.1825 -0.00533903
26.1925 -0.00540335
26.2025 -0.00547999
26.2125 -0.00556832
26.2225 -0.00566736
26.2325 -0.00577587
26.2425 -0.00589234
26.2525 -0.006015
26.2625 -0.00614188
26.2725 -0.00627081
26.2825 -0.00639945
26.2925 -0.00652534
26.3025 -0.00664593
26.3125 -0.00675862
26.3225 -0.00686082
26.3325 -0.00694997
26.3425 -0.00702356
26.3525 -0.0070792
26.3625 -0.00711463
26.3725 -0.00712774
26.3825 -0.00711664
26.3925 -0.00707968
26.4025 -0.00701545
26.4125 -0.00692281
26.4225 -0.00680093
26.4325 -0.00664921
26.4425 -0.00646761
26.4525 -0.00625707
26.4625 -0.00601471
26.4725 -0.0057413
26.4825 -0.0054367
26.4925 -0.00510137
26.5025 -0.00473686
26.5125 -0.00434425
26.5225 -0.00392536
26.5325 -0.00348238
26.5425 -0.00301768
26.5525 -0.00253411
26.5625 -0.00203475
26.5725 -0.0015222
26.5825 -0.000996327
26.5925 -0.000465873
26.6025 6.86649e-05
26.6125 0.000605329
26.6225 0.00114063
26.6325 0.00167126
26.6425 0.00219356
26.6525 0.0027048
26.6625 0.0032025
26.6725 0.00368398
26.6825 0.00414631
26.6925 0.00458656
26.7025 0.00500219
26.7125 0.00539108
26.7225 0.00575135
26.7325 0.00608119
26.7425 0.00637891
26.7525 0.00664314
26.7625 0.00687295
26.7725 0.0070678
26.7825 0.00722747
26.7925 0.00735196
26.8025 0.0074416
26.8125 0.00749706
26.8225 0.00751948
26.8325 0.00751045
26.8425 0.00747154
26.8525 0.00740469
26.8625 0.00731218
26.8725 0.00719652
26.8825 0.0070604
26.8925 0.00690662
26.9025 0.00673805
26.9125 0.00655767
26.9225 0.00636849
26.9325 0.00617353
26.9425 0.0059757
26.9525 0.00577785
26.9625 0.00558265
26.9725 0.00539265
26.9825 0.0052102
26.9925 0.00503744
27.0025 0.00487625
27.0125 0.00472825
27.0225 0.0045948
27.0325 0.00447699
27.0425 0.00437563
27.0525 0.00429126
27.0625 0.00422418
27.0725 0.00417441
27.0825 0.00414181
27.0925 0.00412601
27.1025 0.00412649
27.1125 0.00414245
27.1225 0.00417349
27.1325 0.00421888
27.1425 0.00427775
27.1525 0.00434931
27.1625 0.00443258
27.1725 0.00452667
27.1825 0.00463067
27.1925 0.00474368
27.2025 0.00486485
27.2125 0.00499331
27.2225 0.00512827
27.2325 0.00526906
27.2425 0.00541491
27.2525 0.00556518
27.2625 0.00571928
27.2725 0.00587664
27.2825 0.00603676
27.2925 0.00619915
27.3025 0.00636324
27.3125 0.00652873
27.3225 0.0066954
27.3325 0.00686306
27.3425 0.00703158
27.3525 0.00720069
27.3625 0.00737004
27.3725 0.00753912
27.3825 0.00770718
27.3925 0.00787323
27.4025 0.008036
27.4125 0.00819411
27.4225 0.00834649
27.4325 0.00849025
27.4425 0.00862324
27.4525 0.00874356
27.4625 0.00884817
27.4725 0.00893413
27.4825 0.00899838
27.4925 0.00903814
27.5025 0.00905077
27.5125 0.00903366
27.5225 0.00898445
27.5325 0.00890133
27.5425 0.00878281
27.5525 0.00862802
27.5625 0.00843675
27.5725 0.00820935
27.5825 0.00794672
27.5925 0.00765042
27.6025 0.00732265
27.6125 0.00696623
27.6225 0.0065845
27.6325 0.00618122
27.6425 0.00576049
27.6525 0.00532669
27.6625 0.00488444
27.6725 0.00443846
27.6825 0.00399344
27.6925 0.003554
27.7025 0.00312454
27.7125 0.00270781
27.7225 0.00230652
27.7325 0.00192734
27.7425 0.00157019
27.7525 0.00123675
27.7625 0.000928184
27.7725 0.000645757
27.7825 0.000391667
27.7925 0.000162551
27.8025 -4.24178e-05
27.8125 -0.000224696
27.8225 -0.000386558
27.8325 -0.000529592
27.8425 -0.000656206
27.8525 -0.000768508
27.8625 -0.000869486
27.8725 -0.000961203
27.8825 -0.00104588
27.8925 -0.00112563
27.9025 -0.00120252
27.9125 -0.0012784
27.9225 -0.00135478
27.9325 -0.00143283
27.9425 -0.0015133
27.9525 -0.0015966
27.9625 -0.00168281
27.9725 -0.00177168
27.9825 -0.00186252
27.9925 -0.0019543
28.0025 -0.00204566
28.0125 -0.00213501
28.0225 -0.0022206
28.0325 -0.00230046
28.0425 -0.00237255
28.0525 -0.00243476
28.0625 -0.00248503
28.0725 -0.00252142
28.0825 -0.00254212
28.0925 -0.00254556
28.1025 -0.00253043
28.1125 -0.00249585
28.1225 -0.00244126
28.1325 -0.00236645
28.1425 -0.00227175
28.1525 -0.00215794
28.1625 -0.00202628
28.1725 -0.00187843
28.1825 -0.00171642
28.1925 -0.00154275
28.2025 -0.00136039
28.2125 -0.00117224
28.2225 -0.000981728
28.2325 -0.000792309
28.2425 -0.000607599
28.2525 -0.000431228
28.2625 -0.000266787
28.2725 -0.000117762
28.2825 1.2612e-05
28.2925 0.000122084
28.3025 0.000206887
28.3125 0.000265034
28.3225 0.000294914
28.3325 0.000294942
28.3425 0.000264081
28.3525 0.000201772
28.3625 0.000107945
28.3725 -1.67818e-05
28.3825 -0.00017177
28.3925 -0.000356045
28.4025 -0.000566874
28.4125 -0.000802854
28.4225 -0.00106149
28.4325 -0.00133991
28.4425 -0.0016349
28.4525 -0.00194306
28.4625 -0.00226097
28.4725 -0.00258515
28.4825 -0.00291197
28.4925 -0.00323777
28.5025 -0.00355899
28.5125 -0.00387228
28.5225 -0.00417452
28.5325 -0.00446284
28.5425 -0.00473463
28.5525 -0.00498761
28.5625 -0.00521983
28.5725 -0.0054298
28.5825 -0.00561641
28.5925 -0.00577892
28.6025 -0.00591697
28.6125 -0.00603057
28.6225 -0.00612005
28.6325 -0.00618611
28.6425 -0.00622962
28.6525 -0.00625185
28.6625 -0.00625423
28.6725 -0.00623835
28.6825 -0.00620601
28.6925 -0.00615912
28.7025 -0.00609968
28.7125 -0.00602968
28.7225 -0.00595106
28.7325 -0.0058657
28.7425 -0.00577538
28.7525 -0.00568174
28.7625 -0.00558623
28.7725 -0.00549005
28.7825 -0.00539419
28.7925 -0.00529941
28.8025 -0.00520617
28.8125 -0.0051147
28.8225 -0.00502499
28.8325 -0.00493677
28.8425 -0.00484958
28.8525 -0.00476279
28.8625 -0.00467563
28.8725 -0.00458726
28.8825 -0.00449672
28.8925 -0.00440311
28.9025 -0.00430564
28.9125 -0.00420358
28.9225 -0.00409632
28.9325 -0.00398341
28.9425 -0.00386454
28.9525 -0.00373959
28.9625 -0.0036086
28.9725 -0.0034718
28.9825 -0.00332957
28.9925 -0.00318252
29.0025 -0.00303138
29.0125 -0.00287706
29.0225 -0.00272061
29.0325 -0.0025632
29.0425 -0.00240606
29.0525 -0.00225048
29.0625 -0.00209776
29.0725 -0.00194918
29.0825 -0.00180597
29.0925 -0.00166925
29.1025 -0.00154006
29.1125 -0.00141926
29.1225 -0.00130741
29.1325 -0.00120455
29.1425 -0.00111206
29.1525 -0.00102952
29.1625 -0.000956938
29.1725 -0.000894366
29.1825 -0.000841761
29.1925 -0.000799007
29.2025 -0.000765741
29.2125 -0.000741511
29.2225 -0.000725808
29.2325 -0.00071804
29.2425 -0.000717578
29.2525 -0.000723589
29.2625 -0.000735077
29.2725 -0.000750957
29.2825 -0.000770105
29.2925 -0.000791606
29.3025 -0.000814071
29.3125 -0.000835655
29.3225 -0.000855472
29.3325 -0.000871891
29.3425 -0.000884033
29.3525 -0.000890884
29.3625 -0.000891589
29.3725 -0.000885431
29.3825 -0.000871773
29.3925 -0.000850202
29.4025 -0.000820451
29.4125 -0.000782395
29.4225 -0.000736023
29.4325 -0.000681345
29.4425 -0.000618525
29.4525 -0.000547609
29.4625 -0.000469189
29.4725 -0.000383456
29.4825 -0.000290873
29.4925 -0.000191977
29.5025 -8.73042e-05
29.5125 2.25628e-05
29.5225 0.000137016
29.5325 0.00025534
29.5425 0.000376788
29.5525 0.000500685
29.5625 0.000626295
29.5725 0.000752923
29.5825 0.000879824
29.5925 0.0010062
29.6025 0.00113123
29.6125 0.00125399
29.6225 0.00137355
29.6325 0.00148887
29.6425 0.00159884
29.6525 0.00170225
29.6625 0.00179783
29.6725 0.00188467
29.6825 0.00196074
29.6925 0.00202427
29.7025 0.00207397
29.7125 0.00210806
29.7225 0.00212521
29.7325 0.00212404
29.7425 0.00210353
29.7525 0.00206261
29.7625 0.00200055
29.7725 0.00191674
29.7825 0.00181084
29.7925 0.00168271
29.8025 0.00153242
29.8125 0.00136036
29.8225 0.00116712
29.8325 0.000953522
29.8425 0.000720651
29.8525 0.000469785
29.8625 0.000202403
29.8725 -7.97947e-05
29.8825 -0.000376178
29.8925 -0.000684059
29.9025 -0.00100128
29.9125 -0.00132685
29.9225 -0.0016588
29.9325 -0.00199523
29.9425 -0.00233404
29.9525 -0.0026733
29.9625 -0.00301124
29.9725 -0.00334611
29.9825 -0.00367607
29.9925 -0.00399925
30.0025 -0.00431383
30.0125 -0.00461814
30.0225 -0.00491061
30.0325 -0.00518969
30.0425 -0.00545385
30.0525 -0.00570163
30.0625 -0.00593162
30.0725 -0.00614255
30.0825 -0.0063332
30.0925 -0.00650243
30.1025 -0.00664915
30.1125 -0.00677239
30.1225 -0.00687127
30.1325 -0.0069451
30.1425 -0.0069933
30.1525 -0.00701545
30.1625 -0.00701136
30.1725 -0.00698111
30.1825 -0.00692492
30.1925 -0.00684332
30.2025 -0.00673713
30.2125 -0.00660744
30.2225 -0.00645561
30.2325 -0.00628325
30.2425 -0.00609228
30.2525 -0.00588486
30.2625 -0.00566341
30.2725 -0.00543056
30.2825 -0.00518913
30.2925 -0.00494211
30.3025 -0.00469263
30.3125 -0.00444389
30.3225 -0.00419914
30.3325 -0.0039616
30.3425 -0.00373445
30.3525 -0.00352073
30.3625 -0.00332334
30.3725 -0.00314497
30.3825 -0.00298808
30.3925 -0.00285483
30.4025 -0.00274709
30.4125 -0.0026664
30.4225 -0.00261392
30.4325 -0.00259048
30.4425 -0.00259653
30.4525 -0.00263218
30.4625 -0.00269716
30.4725 -0.00279092
30.4825 -0.00291254
30.4925 -0.00306084
30.5025 -0.00323438
30.5125 -0.00343147
30.5225 -0.0036502
30.5325 -0.00388852
30.5425 -0.00414423
30.5525 -0.00441504
30.5625 -0.00469857
30.5725 -0.00499245
30.5825 -0.00529426
30.5925 -0.00560161
30.6025 -0.00591214
30.6125 -0.00622365
30.6225 -0.00653404
30.6325 -0.00684133
30.6425 -0.00714364
30.6525 -0.00743918
30.6625 -0.00772708
30.6725 -0.00800557
30.6825 -0.00827238
30.6925 -0.00852725
30.7025 -0.00876866
30.7125 -0.00899525
30.7225 -0.00920537
30.7325 -0.00939753
30.7425 -0.00957031
30.7525 -0.00972219
30.7625 -0.00985176
30.7725 -0.0099577
30.7825 -0.0100382
30.7925 -0.0100915
30.8025 -0.0101172
30.8125 -0.0101131
30.8225 -0.0100776
30.8325 -0.0100096
30.8425 -0.00990815
30.8525 -0.00977262
30.8625 -0.00960267
30.8725 -0.00939803
30.8825 -0.0091588
30.8925 -0.00888564
30.9025 -0.00857974
30.9125 -0.00824276
30.9225 -0.0078767
30.9325 -0.00748392
30.9425 -0.00706726
30.9525 -0.00663
30.9625 -0.00617585
30.9725 -0.00570882
30.9825 -0.00523314
30.9925 -0.00475329
31.0025 -0.00427397
31.0125 -0.00379999
31.0225 -0.00333625
31.0325 -0.00288709
31.0425 -0.00245347
31.0525 -0.00204486
31.0625 -0.00166282
31.0725 -0.00130922
31.0825 -0.000987545
31.0925 -0.000700452
31.1025 -0.000450687
31.1125 -0.000239613
31.1225 -6.79523e-05
31.1325 6.38222e-05
31.1425 0.000155342
31.1525 0.000206587
31.1625 0.000218346
31.1725 0.000192281
31.1825 0.000130148
31.1925 3.41561e-05
31.2025 -9.31669e-05
31.2125 -0.000248941
31.2225 -0.000429928
31.2325 -0.00063264
31.2425 -0.000853453
31.2525 -0.00108869
31.2625 -0.00133492
31.2725 -0.00158906
31.2825 -0.0018464
31.2925 -0.00210434
31.3025 -0.00235978
31.3125 -0.00260983
31.3225 -0.00285166
31.3325 -0.00308268
31.3425 -0.0033007
31.3525 -0.00350386
31.3625 -0.00369051
31.3725 -0.00385925
31.3825 -0.00400896
31.3925 -0.00413887
31.4025 -0.0042491
31.4125 -0.00433826
31.4225 -0.0044062
31.4325 -0.00445297
31.4425 -0.00447858
31.4525 -0.00448358
31.4625 -0.00446856
31.4725 -0.00443427
31.4825 -0.00438156
31.4925 -0.00431149
31.5025 -0.00422519
31.5125 -0.0041239
31.5225 -0.00400884
31.5325 -0.00388129
31.5425 -0.00374254
31.5525 -0.00359387
31.5625 -0.00343653
31.5725 -0.00327175
31.5825 -0.00310068
31.5925 -0.00292444
31.6025 -0.00274408
31.6125 -0.00256059
31.6225 -0.00237487
31.6325 -0.00218782
31.6425 -0.00200021
31.6525 -0.00181283
31.6625 -0.00162638
31.6725 -0.00144074
31.6825 -0.00125661
31.6925 -0.00107513
31.7025 -0.00089562
31.7125 -0.000718547
31.7225 -0.000544319
31.7325 -0.00037338
31.7425 -0.000206072
31.7525 -4.2656e-05
31.7625 0.000116529
31.7725 0.000270968
31.7825 0.000420013
31.7925 0.000563002
31.8025 0.000699332
31.8125 0.000828381
31.8225 0.000949464
31.8325 0.00106184
31.8425 0.00116478
31.8525 0.00125759
31.8625 0.00133967
31.8725 0.00141046
31.8825 0.00146941
31.8925 0.00151606
31.9025 0.00155002
31.9125 0.00157102
31.9225 0.00157889
31.9325 0.00157361
31.9425 0.00155529
31.9525 0.00152406
31.9625 0.00148029
31.9725 0.0014245
31.9825 0.00135735
31.9925 0.00127963
32.0025 0.00119225
32.015 0.00107105
32.0275 0.000938728
32.04 0.000797839
32.0525 0.000651117
32.065 0.000501419
32.0775 0.000351687
32.09 0.000204881
32.1025 6.39004e-05
32.115 -6.8529e-05
32.1275 -0.000190247
32.14 -0.000298297
32.1525 -0.000390758
32.165 -0.000465993
32.1775 -0.000522454
32.19 -0.000558646
32.2025 -0.000573435
32.215 -0.000566069
32.2275 -0.000536099
32.24 -0.000483196
32.2525 -0.000407361
32.265 -0.000309013
32.2775 -0.000188892
32.29 -4.78243e-05
32.3025 0.000113342
32.315 0.00029322
32.3275 0.000490287
32.34 0.00070298
32.3525 0.0009293
32.365 0.00116732
32.3775 0.00141514
32.39 0.0016707
32.4025 0.00193183
32.415 0.00219638
32.4275 0.00246234
32.44 0.00272776
32.4525 0.00299069
32.465 0.00324928
32.4775 0.00350177
32.49 0.00374654
32.5025 0.00398205
32.515 0.00420683
32.5275 0.00441953
32.54 0.00461892
32.5525 0.00480385
32.565 0.00497328
32.5775 0.00512622
32.59 0.00526181
32.6025 0.0053793
32.615 0.00547801
32.6275 0.00555738
32.64 0.00561696
32.6525 0.00565644
32.665 0.00567566
32.6775 0.00567463
32.69 0.00565369
32.7025 0.00561325
32.715 0.00555412
32.7275 0.00547744
32.74 0.00538459
32.7525 0.00527728
32.765 0.00515755
32.7775 0.00502775
32.79 0.00489046
32.8025 0.00474853
32.815 0.004605
32.8275 0.00446307
32.84 0.00432603
32.8525 0.00419717
32.865 0.00407976
32.8775 0.00397692
32.89 0.00389155
32.9025 0.00382629
32.915 0.00378338
32.9275 0.0037647
32.94 0.0037716
32.9525 0.00380495
32.965 0.00386504
32.9775 0.00395161
32.99 0.0040638
33.0025 0.00420015
33.015 0.0043588
33.0275 0.00453743
33.04 0.00473334
33.0525 0.00494339
33.065 0.0051641
33.0775 0.00539166
33.09 0.005622
33.1025 0.00585079
33.115 0.00607478
33.1275 0.00628865
33.14 0.00648828
33.1525 0.00667007
33.165 0.00682968
33.1775 0.00696279
33.19 0.00706565
33.2025 0.00713495
33.215 0.0071675
33.2275 0.00716035
33.24 0.00711135
33.2525 0.00701924
33.265 0.00688326
33.2775 0.0067035
33.29 0.00648091
33.3025 0.0062173
33.315 0.0059153
33.3275 0.00557834
33.34 0.00521054
33.3525 0.00481664
33.365 0.00440186
33.3775 0.00397177
33.39 0.00353208
33.4025 0.00308857
33.415 0.0026469
33.4275 0.00221228
33.44 0.00178661
33.4525 0.00137824
33.465 0.000988217
33.4775 0.00061892
33.49 0.000272586
33.5025 -4.8237e-05
33.515 -0.000342316
33.5275 -0.00060923
33.54 -0.000848551
33.5525 -0.0010599
33.565 -0.00124303
33.5775 -0.00139885
33.59 -0.00152883
33.6025 -0.00163369
33.615 -0.00171428
33.6275 -0.00177176
33.64 -0.00180725
33.6525 -0.00182175
33.665 -0.00181614
33.6775 -0.0017911
33.69 -0.00174736
33.7025 -0.00168561
33.715 -0.00160637
33.7275 -0.00151006
33.74 -0.00139717
33.7525 -0.0012682
33.765 -0.00112369
33.7775 -0.000964271
33.79 -0.00079072
33.8025 -0.000604048
33.815 -0.000405509
33.8275 -0.000196655
33.84 2.07132e-05
33.8525 0.000244503
33.865 0.000472301
33.8775 0.000702027
33.89 0.000930927
33.9025 0.0011557
33.915 0.00137408
33.9275 0.00158273
33.94 0.00177837
33.9525 0.00195794
33.965 0.00211865
33.9775 0.00225766
33.99 0.00237235
34.0025 0.0024605
34.015 0.00252051
34.0275 0.00255122
34.04 0.00255197
34.0525 0.00252288
34.065 0.00246461
34.0775 0.00237859
34.09 0.00226686
34.1025 0.002132
34.115 0.00197705
34.1275 0.00180545
34.14 0.00162093
34.1525 0.00142742
34.165 0.00122889
34.1775 0.00102828
34.19 0.000829643
34.2025 0.000636778
34.215 0.000451745
34.2275 0.000276946
34.24 0.000114886
34.2525 -3.24473e-05
34.265 -0.000163501
34.2775 -0.000277023
34.29 -0.000371939
34.3025 -0.000447464
34.315 -0.000503271
34.3275 -0.00053941
34.34 -0.000556148
34.3525 -0.000554048
34.365 -0.000533961
34.3775 -0.000497039
34.39 -0.000444725
34.4025 -0.000378567
34.415 -0.000300173
34.4275 -0.000211207
34.44 -0.000113344
34.4525 -8.18276e-06
34.465 0.000102848
34.4775 0.000218432
34.49 0.000337369
34.5025 0.000458583
34.515 0.000581213
34.5275 0.000704633
34.54 0.000828224
34.5525 0.000951204
34.565 0.0010729
34.5775 0.0011925
34.59 0.00130937
34.6025 0.0014229
34.615 0.00153238
34.6275 0.00163692
34.64 0.00173561
34.6525 0.00182751
34.665 0.0019116
34.6775 0.00198672
34.69 0.00205165
34.7025 0.00210519
34.715 0.00214614
34.7275 0.00217326
34.74 0.00218534
34.7525 0.0021813
34.765 0.00216035
34.7775 0.00212176
34.79 0.00206561
34.8025 0.00199206
34.815 0.00190181
34.8275 0.00179586
34.84 0.00167566
34.8525 0.00154309
34.865 0.00140041
34.8775 0.00125016
34.89 0.00109527
34.9025 0.000938162
34.915 0.000782043
34.9275 0.000630665
34.94 0.000486368
34.9525 0.000351928
34.965 0.000230339
34.9775 0.000124406
34.99 3.64521e-05
35.0025 -3.15139e-05
35.015 -7.76196e-05
35.0275 -0.000100267
35.04 -9.83644e-05
35.0525 -7.14574e-05
35.065 -1.94388e-05
35.0775 5.73653e-05
35.09 0.000158002
35.1025 0.000280948
35.115 0.000424211
35.1275 0.000585375
35.14 0.000761642
35.1525 0.000950555
35.165 0.00114845
35.1775 0.00135224
35.19 0.00155897
35.2025 0.00176534
35.215 0.00196823
35.2275 0.00216506
35.24 0.00235346
35.2525 0.00253118
35.265 0.0026962
35.2775 0.00284695
35.29 0.00298218
35.3025 0.00310087
35.315 0.00320221
35.3275 0.00328563
35.34 0.00335079
35.3525 0.00339747
35.365 0.00342554
35.3775 0.00343486
35.39 0.00342553
35.4025 0.00339749
35.415 0.00334972
35.4275 0.00328212
35.44 0.00319433
35.4525 0.0030862
35.465 0.00295766
35.4775 0.00280879
35.49 0.00263993
35.5025 0.00245167
35.515 0.00224487
35.5275 0.00202067
35.54 0.00178078
35.5525 0.00152708
35.565 0.00126198
35.5775 0.000986639
35.59 0.000704832
35.6025 0.000419418
35.615 0.000132373
35.6275 -0.000153263
35.64 -0.000433851
35.6525 -0.000705962
35.665 -0.000966454
35.6775 -0.00121208
35.69 -0.00143931
35.7025 -0.0016448
35.715 -0.00182557
35.7275 -0.001979
35.74 -0.00210266
35.7525 -0.00219446
35.765 -0.00225285
35.7775 -0.00227683
35.79 -0.00226604
35.8025 -0.0022207
35.815 -0.00214148
35.8275 -0.00202992
35.84 -0.00188816
35.8525 -0.0017189
35.865 -0.00152533
35.8775 -0.00131119
35.89 -0.00108066
35.9025 -0.00083818
35.915 -0.000588347
35.9275 -0.000335855
35.94 -8.53485e-05
35.9525 0.000160013
35.965 0.000394808
35.9775 0.000616205
35.99 0.000821291
36.0025 0.00100712
36.015 0.00117121
36.0275 0.00131204
36.04 0.00142854
36.0525 0.00151986
36.065 0.00158552
36.0775 0.00162563
36.09 0.00164083
36.1025 0.00163209
36.115 0.00160048
36.1275 0.00154741
36.14 0.0014746
36.1525 0.00138391
36.165 0.00127718
36.1775 0.00115627
36.19 0.00102308
36.2025 0.000879423
36.215 0.000727003
36.2275 0.000567385
36.24 0.000401559
36.2525 0.000230318
36.265 5.5446e-05
36.2775 -0.000122923
36.29 -0.000304165
36.3025 -0.0004874
36.315 -0.000671689
36.3275 -0.000856283
36.34 -0.00104039
36.3525 -0.00122297
36.365 -0.00140282
36.3775 -0.00157876
36.39 -0.00174965
36.4025 -0.00191419
36.415 -0.00207091
36.4275 -0.00221818
36.44 -0.00235432
36.4525 -0.00247754
36.465 -0.0025859
36.4775 -0.00267753
36.49 -0.00275116
36.5025 -0.00280521
36.515 -0.00283852
36.5275 -0.00285003
36.54 -0.00283906
36.5525 -0.00280534
36.565 -0.00274884
36.5775 -0.00267
36.59 -0.00256969
36.6025 -0.00244921
36.615 -0.00231023
36.6275 -0.0021548
36.64 -0.00198536
36.6525 -0.0018046
36.665 -0.00161547
36.6775 -0.00142106
36.69 -0.00122461
36.7025 -0.00102944
36.715 -0.000838845
36.7275 -0.000656059
36.74 -0.00048331
36.7525 -0.000323976
36.765 -0.000180239
36.7775 -5.3788e-05
36.79 5.34228e-05
36.8025 0.000139803
36.815 0.000204422
36.8275 0.000246721
36.84 0.000266292
36.8525 0.000263041
36.865 0.000237441
36.8775 0.000190305
36.89 0.000122758
36.9025 3.61451e-05
36.915 -6.79329e-05
36.9275 -0.000187585
36.94 -0.000320761
36.9525 -0.000465925
36.965 -0.000619939
36.9775 -0.000780964
36.99 -0.000946651
37.0025 -0.00111446
37.015 -0.00128165
37.0275 -0.00144563
37.04 -0.00160395
37.0525 -0.00175411
37.065 -0.00189359
37.0775 -0.00202005
37.09 -0.00213137
37.1025 -0.00222558
37.115 -0.00230084
37.1275 -0.00235553
37.14 -0.00238828
37.1525 -0.00239828
37.165 -0.00238397
37.1775 -0.00234455
37.19 -0.0022793
37.2025 -0.0021882
37.215 -0.00207143
37.2275 -0.00192966
37.24 -0.00176379
37.2525 -0.00157521
37.265 -0.00136562
37.2775 -0.00113706
37.29 -0.000891797
37.3025 -0.000632352
37.315 -0.000360828
37.3275 -7.91986e-05
37.34 0.000208479
37.3525 0.000501003
37.365 0.000795354
37.3775 0.00108863
37.39 0.0013781
37.4025 0.0016614
37.415 0.00193592
37.4275 0.00219894
37.44 0.00244788
37.4525 0.00268054
37.465 0.00289489
37.4775 0.00308896
37.49 0.00326102
37.5025 0.0034097
37.515 0.00353396
37.5275 0.00363306
37.54 0.00370651
37.5525 0.00375418
37.565 0.0037763
37.5775 0.00377342
37.59 0.00374637
37.6025 0.00369611
37.615 0.00362398
37.6275 0.00353151
37.64 0.00342039
37.6525 0.00329239
37.665 0.00314948
37.6775 0.00299367
37.69 0.00282705
37.7025 0.00265169
37.715 0.00246968
37.7275 0.00228309
37.74 0.00209392
37.7525 0.00190416
37.765 0.00171571
37.7775 0.0015304
37.79 0.00134996
37.8025 0.00117595
37.815 0.00100967
37.8275 0.000851668
37.84 0.000703846
37.8525 0.000566488
37.865 0.000439837
37.8775 0.000324146
37.89 0.000219767
37.9025 0.000126694
37.915 4.45998e-05
37.9275 -2.6913e-05
37.94 -8.82895e-05
37.9525 -0.000140125
37.965 -0.000182862
37.9775 -0.000218448
37.99 -0.000247799
38.0025 -0.000272315
38.015 -0.000292959
38.0275 -0.000310864
38.04 -0.000326977
38.0525 -0.000342062
38.065 -0.000356655
38.0775 -0.000371157
38.09 -0.000385767
38.1025 -0.000400473
38.115 -0.00041508
38.1275 -0.000429249
38.14 -0.000442521
38.1525 -0.000454348
38.165 -0.000464129
38.1775 -0.000471252
38.19 -0.000475129
38.2025 -0.000475225
38.215 -0.000471097
38.2275 -0.000462452
38.24 -0.000449125
38.2525 -0.00043114
38.265 -0.000408717
38.2775 -0.000382267
38.29 -0.000352396
38.3025 -0.000319907
38.315 -0.000285789
38.3275 -0.000251185
38.34 -0.000217359
38.3525 -0.000185656
38.365 -0.000157468
38.3775 -0.00013418
38.39 -0.000117124
38.4025 -0.000107535
38.415 -0.000106496
38.4275 -0.000114901
38.44 -0.00013341
38.4525 -0.00016242
38.465 -0.000202045
38.4775 -0.000252103
38.49 -0.000312116
38.5025 -0.00038131
38.515 -0.000458638
38.5275 -0.000542787
38.54 -0.000632282
38.5525 -0.000726053
38.565 -0.000821646
38.5775 -0.000917942
38.59 -0.00101317
38.6025 -0.00110556
38.615 -0.0011933
38.6275 -0.00127484
38.64 -0.00134867
38.6525 -0.0014133
38.665 -0.00146735
38.6775 -0.00150969
38.69 -0.00153934
38.7025 -0.00155549
38.715 -0.00155745
38.7275 -0.0015447
38.74 -0.00151698
38.7525 -0.00147412
38.765 -0.0014162
38.7775 -0.00134374
38.79 -0.00125613
38.8025 -0.00115387
38.815 -0.0010372
38.8275 -0.000906739
38.84 -0.000763224
38.8525 -0.000607515
38.865 -0.000440698
38.8775 -0.000263955
38.89 -7.86284e-05
38.9025 0.000113813
38.915 0.00031219
38.9275 0.000515228
38.94 0.000720796
38.9525 0.000928146
38.965 0.00113552
38.9775 0.0013413
38.99 0.00154406
39.0025 0.00174254
39.015 0.00193538
39.0275 0.00212118
39.04 0.00229872
39.0525 0.00246705
39.065 0.00262531
39.0775 0.00277277
39.09 0.00290885
39.1025 0.00303324
39.115 0.00314584
39.1275 0.00324672
39.14 0.00333611
39.1525 0.00341444
39.165 0.00348232
39.1775 0.00354048
39.19 0.00358976
39.2025 0.00363106
39.215 0.00366539
39.2275 0.00369376
39.24 0.0037172
39.2525 0.00373672
39.265 0.00375332
39.2775 0.00376792
39.29 0.00378138
39.3025 0.00379449
39.315 0.00380794
39.3275 0.00382237
39.34 0.0038383
39.3525 0.00385624
39.365 0.00387659
39.3775 0.00389966
39.39 0.00392577
39.4025 0.00395517
39.415 0.0039881
39.4275 0.00402477
39.44 0.00406539
39.4525 0.00411019
39.465 0.00415937
39.4775 0.00421314
39.49 0.00427172
39.5025 0.0043353
39.515 0.00440406
39.5275 0.00447816
39.54 0.00455769
39.5525 0.00464268
39.565 0.00473311
39.5775 0.00482883
39.59 0.00492964
39.6025 0.00503518
39.615 0.00514501
39.6275 0.00525854
39.64 0.00537504
39.6525 0.00549366
39.665 0.00561342
39.6775 0.00573319
39.69 0.00585176
39.7025 0.00596784
39.715 0.0060801
39.7275 0.00618713
39.74 0.0062875
39.7525 0.00637978
39.765 0.0064625
39.7775 0.00653421
39.79 0.00659349
39.8025 0.00663891
39.815 0.00666912
39.8275 0.00668282
39.84 0.00667878
39.8525 0.00665586
39.865 0.00661304
39.8775 0.0065493
39.89 0.0064638
39.9025 0.00635583
39.915 0.00622489
39.9275 0.00607067
39.94 0.0058931
39.9525 0.00569239
39.965 0.00546901
39.9775 0.00522366
39.99 0.00495734
40.0025 0.00467127
40.015 0.00436691
40.0275 0.00404592
40.04 0.00371012
40.0525 0.00336148
40.065 0.00300213
40.0775 0.00263428
40.09 0.00226101
40.1025 0.00188345
40.115 0.00149995
40.1275 0.00111507
40.14 0.000729161
40.1525 0.000342638
40.165 -4.27681e-05
40.1775 -0.000424649
40.19 -0.000800897
40.2025 -0.00116947
40.215 -0.00152791
40.2275 -0.00187318
40.24 -0.00220213
40.2525 -0.00251178
40.265 -0.00279922
40.2775 -0.00306135
40.29 -0.00329517
40.3025 -0.00349805
40.315 -0.00366773
40.3275 -0.0038023
40.34 -0.00390024
40.3525 -0.0039606
40.365 -0.00398308
40.3775 -0.00396822
40.39 -0.00391709
40.4025 -0.00383144
40.415 -0.00371393
40.4275 -0.00356793
40.44 -0.00339735
40.4525 -0.00320666
40.465 -0.00300086
40.4775 -0.00278528
40.49 -0.00256548
40.5025 -0.00234705
40.515 -0.00213557
40.5275 -0.00193646
40.54 -0.00175482
40.5525 -0.00159532
40.565 -0.0014621
40.5775 -0.0013587
40.59 -0.00128798
40.6025 -0.00125203
40.615 -0.00125222
40.6275 -0.00128912
40.64 -0.00136259
40.6525 -0.00147173
40.665 -0.00161501
40.6775 -0.00179029
40.69 -0.00199489
40.7025 -0.00222572
40.715 -0.00247935
40.7275 -0.00275211
40.74 -0.00304021
40.7525 -0.00333984
40.765 -0.00364723
40.7775 -0.0039588
40.79 -0.00427115
40.8025 -0.00458124
40.815 -0.00488801
40.8275 -0.00518775
40.84 -0.00547981
40.8525 -0.00576349
40.865 -0.00603767
40.8775 -0.00630141
40.89 -0.00655459
40.9025 -0.00679722
40.915 -0.00702897
40.9275 -0.00724937
40.94 -0.00745811
40.9525 -0.00765494
40.965 -0.00783934
40.9775 -0.0080105
40.99 -0.00816743
41.0025 -0.00830906
41.015 -0.00843417
41.0275 -0.00854126
41.04 -0.00862869
41.0525 -0.00869475
41.065 -0.00873771
41.0775 -0.00875584
41.09 -0.00874745
41.1025 -0.00871116
41.115 -0.00864583
41.1275 -0.00855065
41.14 -0.00842532
41.1525 -0.00827003
41.165 -0.00808552
41.1775 -0.00787311
41.19 -0.00763482
41.2025 -0.00737327
41.215 -0.00709166
41.2275 -0.00679368
41.24 -0.00648345
41.2525 -0.00616543
41.265 -0.00584426
41.2775 -0.00552467
41.29 -0.00521134
41.3025 -0.00490874
41.315 -0.00462105
41.3275 -0.00435201
41.34 -0.00410483
41.3525 -0.00388209
41.365 -0.00368571
41.3775 -0.00351687
41.39 -0.00337603
41.4025 -0.00326292
41.415 -0.00317658
41.4275 -0.0031154
41.44 -0.0030772
41.4525 -0.00305935
41.465 -0.00305879
41.4775 -0.00307223
41.49 -0.00309621
41.5025 -0.00312722
41.515 -0.00316181
41.5275 -0.00319668
41.54 -0.00322881
41.5525 -0.00325546
41.565 -0.00327427
41.5775 -0.0032833
41.59 -0.00328101
41.6025 -0.00326628
41.615 -0.0032384
41.6275 -0.00319701
41.64 -0.00314208
41.6525 -0.00307463
41.665 -0.0029928
41.6775 -0.0028969
41.69 -0.00278669
41.7025 -0.00266287
41.715 -0.00252608
41.7275 -0.00237728
41.74 -0.00221762
41.7525 -0.00204848
41.765 -0.00187139
41.7775 -0.00168774
41.79 -0.00149836
41.8025 -0.00130563
41.815 -0.00111018
41.8275 -0.000913466
41.84 -0.000717014
41.8525 -0.000522115
41.865 -0.000329776
41.8775 -0.000140972
41.89 4.31415e-05
41.9025 0.00022154
41.915 0.000393442
41.9275 0.000558196
41.94 0.000715168
41.9525 0.000863794
41.965 0.00100368
41.9775 0.0011346
41.99 0.00125636
42.0025 0.00136884
42.015 0.00147203
42.0275 0.00156598
42.04 0.00165084
42.0525 0.00172677
42.065 0.00179398
42.0775 0.0018527
42.09 0.00190323
42.1025 0.00194585
42.115 0.00198088
42.1275 0.00200862
42.14 0.00202943
42.1525 0.00204365
42.165 0.00205166
42.1775 0.00205387
42.19 0.0020507
42.2025 0.00204263
42.215 0.00203019
42.2275 0.00201394
42.24 0.00199451
42.2525 0.00197257
42.265 0.00194884
42.2775 0.0019241
42.29 0.00189915
42.3025 0.00187485
42.315 0.00185205
42.3275 0.00183163
42.34 0.00181449
42.3525 0.00180147
42.365 0.00179341
42.3775 0.0017911
42.39 0.00179525
42.4025 0.00180651
42.415 0.0018254
42.4275 0.00185236
42.44 0.00188768
42.4525 0.00193153
42.465 0.00198393
42.4775 0.00204476
42.49 0.00211374
42.5025 0.00219044
42.515 0.00227432
42.5275 0.00236514
42.54 0.00246185
42.5525 0.00256383
42.565 0.00267043
42.5775 0.00278058
42.59 0.00289321
42.6025 0.00300732
42.615 0.0031218
42.6275 0.00323546
42.64 0.00334704
42.6525 0.00345535
42.665 0.00355924
42.6775 0.00365751
42.69 0.00374897
42.7025 0.00383246
42.715 0.00390687
42.7275 0.00397113
42.74 0.0040242
42.7525 0.00406506
42.765 0.00409276
42.7775 0.00410643
42.79 0.00410524
42.8025 0.00408845
42.815 0.00405547
42.8275 0.00400573
42.84 0.00393889
42.8525 0.00385472
42.865 0.00375316
42.8775 0.00363428
42.89 0.00349835
42.9025 0.00334582
42.915 0.00317729
42.9275 0.00299354
42.94 0.00279551
42.9525 0.0025843
42.965 0.00236116
42.9775 0.00212749
42.99 0.0018848
43.0025 0.0016347
43.015 0.00137892
43.0275 0.00111923
43.04 0.00085745
43.0525 0.000595446
43.065 0.00033403
43.0775 7.55488e-05
43.09 -0.00017769
43.1025 -0.000426876
43.115 -0.000670355
43.1275 -0.000907449
43.14 -0.00113684
43.1525 -0.00135784
43.165 -0.00156954
43.1775 -0.00177079
43.19 -0.00196022
43.2025 -0.00213666
43.215 -0.00229891
43.2275 -0.00244567
43.24 -0.00257559
43.2525 -0.00268741
43.265 -0.00278
43.2775 -0.00285238
43.29 -0.00290367
43.3025 -0.00293321
43.315 -0.00294063
43.3275 -0.00292597
43.34 -0.0028895
43.3525 -0.00283185
43.365 -0.00275412
43.3775 -0.00265781
43.39 -0.00254476
43.4025 -0.00241719
43.415 -0.00227765
43.4275 -0.00212898
43.44 -0.00197424
43.4525 -0.00181664
43.465 -0.0016595
43.4775 -0.00150615
43.49 -0.00135989
43.5025 -0.00122385
43.515 -0.00110099
43.5275 -0.000993996
43.54 -0.000905217
43.5525 -0.000836445
43.565 -0.000789196
43.5775 -0.000764663
43.59 -0.000763195
43.6025 -0.000785055
43.615 -0.00083003
43.6275 -0.000897572
43.64 -0.000986452
43.6525 -0.00109514
43.665 -0.00122221
43.6775 -0.0013658
43.69 -0.00152371
43.7025 -0.00169358
43.715 -0.00187311
43.7275 -0.00205995
43.74 -0.00225165
43.7525 -0.00244579
43.765 -0.00264005
43.7775 -0.00283237
43.79 -0.00302078
43.8025 -0.00320351
43.815 -0.00337896
43.8275 -0.00354575
43.84 -0.00370265
43.8525 -0.00384855
43.865 -0.00398246
43.8775 -0.00410348
43.89 -0.00421077
43.9025 -0.00430351
43.915 -0.00438091
43.9275 -0.00444212
43.94 -0.0044863
43.9525 -0.0045126
43.965 -0.00452011
43.9775 -0.00450792
43.99 -0.00447522
44.0025 -0.00442119
44.015 -0.00434512
44.0275 -0.00424649
44.04 -0.00412494
44.0525 -0.00398037
44.065 -0.00381293
44.0775 -0.0036231
44.09 -0.00341171
44.1025 -0.00317992
44.115 -0.0029293
44.1275 -0.00266176
44.14 -0.00237959
44.1525 -0.00208541
44.165 -0.00178214
44.1775 -0.00147292
44.19 -0.00116054
44.2025 -0.000846943
44.215 -0.000537368
44.2275 -0.00023269
44.24 6.37545e-05
44.2525 0.000349074
44.265 0.000621533
44.2775 0.000879261
44.29 0.0011206
44.3025 0.00134357
44.315 0.00154648
44.3275 0.00172809
44.34 0.00188742
44.3525 0.00202348
44.365 0.00213545
44.3775 0.00222288
44.39 0.00228559
44.4025 0.00232359
44.415 0.00233707
44.4275 0.0023266
44.44 0.00229297
44.4525 0.00223723
44.465 0.00216073
44.4775 0.00206507
44.49 0.00195204
44.5025 0.00182369
44.515 0.00168225
44.5275 0.00153008
44.54 0.00136965
44.5525 0.00120353
44.565 0.00103432
44.5775 0.00086465
44.59 0.00069711
44.6025 0.000534235
44.615 0.000378473
44.6275 0.000231617
44.64 9.60776e-05
44.6525 -2.60903e-05
44.665 -0.000133627
44.6775 -0.000225256
44.69 -0.000299619
44.7025 -0.000355584
44.715 -0.000392392
44.7275 -0.000409506
44.74 -0.000406465
44.7525 -0.000383048
44.765 -0.000339244
44.7775 -0.00027537
44.79 -0.00019196
44.8025 -8.9725e-05
44.815 3.03992e-05
44.8275 0.000167255
44.84 0.000319828
44.8525 0.000486869
44.865 0.000666662
44.8775 0.000857996
44.89 0.00105896
44.9025 0.00126772
44.915 0.0014825
44.9275 0.00170146
44.94 0.00192254
44.9525 0.00214355
44.965 0.00236237
44.9775 0.0025769
44.99 0.00278492
45.0025 0.0029842
45.015 0.00317251
45.0275 0.00334772
45.04 0.00350774
45.0525 0.00365055
45.065 0.00377423
45.0775 0.00387702
45.09 0.00395735
45.1025 0.00401382
45.115 0.00404525
45.1275 0.00405071
45.14 0.00402964
45.1525 0.00398178
45.165 0.00390712
45.1775 0.00380611
45.19 0.00367956
45.2025 0.00352862
45.215 0.00335478
45.2275 0.00315984
45.24 0.00294594
45.2525 0.00271546
45.265 0.00247097
45.2775 0.00221523
45.29 0.00195114
45.3025 0.00168165
45.315 0.00140976
45.3275 0.00113792
45.34 0.000867932
45.3525 0.000604042
45.365 0.000347004
45.3775 9.85938e-05
45.39 -0.000139278
45.4025 -0.000364766
45.415 -0.000576727
45.4275 -0.000774149
45.44 -0.000955925
45.4525 -0.001121
45.465 -0.00126869
45.4775 -0.00139814
45.49 -0.00150967
45.5025 -0.00160294
45.515 -0.00167809
45.5275 -0.00173524
45.54 -0.00177476
45.5525 -0.00179694
45.565 -0.00180221
45.5775 -0.0017911
45.59 -0.00176414
45.6025 -0.001722
45.615 -0.0016654
45.6275 -0.00159514
45.64 -0.00151209
45.6525 -0.00141723
45.665 -0.00131165
45.6775 -0.00119651
45.69 -0.00107309
45.7025 -0.000942769
45.715 -0.000807069
45.7275 -0.0006676
45.74 -0.000526083
45.7525 -0.000384338
45.765 -0.000244273
45.7775 -0.000107863
45.79 2.29036e-05
45.8025 0.000146443
45.815 0.000260613
45.8275 0.000363642
45.84 0.000454033
45.8525 0.000529999
45.865 0.000589952
45.8775 0.000632639
45.89 0.000656967
45.9025 0.000661918
45.915 0.0006467
45.9275 0.000610931
45.94 0.000554482
45.9525 0.000477582
45.965 0.000380764
45.9775 0.000264913
45.99 0.000131308
46.0025 -1.93709e-05
46.015 -0.00018455
46.0275 -0.000362726
46.04 -0.00055211
46.0525 -0.000750539
46.065 -0.000955497
46.0775 -0.00116454
46.09 -0.00137529
46.1025 -0.00158525
46.115 -0.00179185
46.1275 -0.00199257
46.14 -0.00218508
46.1525 -0.00236718
46.165 -0.00253677
46.1775 -0.00269189
46.19 -0.00283083
46.2025 -0.00295212
46.215 -0.00305449
46.2275 -0.00313688
46.24 -0.00319849
46.2525 -0.00323874
46.265 -0.0032573
46.2775 -0.00325404
46.29 -0.00322915
46.3025 -0.00318289
46.315 -0.00311584
46.3275 -0.00302877
46.34 -0.00292263
46.3525 -0.0027985
46.365 -0.00265765
46.3775 -0.00250146
46.39 -0.00233146
46.4025 -0.00214924
46.415 -0.00195647
46.4275 -0.00175493
46.44 -0.00154642
46.4525 -0.00133281
46.465 -0.001116
46.4775 -0.000897923
46.49 -0.000680488
46.5025 -0.000464586
46.515 -0.000252717
46.5275 -4.61058e-05
46.54 0.000154125
46.5525 0.000346279
46.565 0.000528821
46.5775 0.000700606
46.59 0.000860528
46.6025 0.00100723
46.615 0.00113941
46.6275 0.00125576
46.64 0.00135592
46.6525 0.00143924
46.665 0.00150527
46.6775 0.0015536
46.69 0.0015841
46.7025 0.00159681
46.715 0.00159191
46.7275 0.00156976
46.74 0.00153084
46.7525 0.00147597
46.765 0.0014061
46.7775 0.00132234
46.79 0.00122598
46.8025 0.00111851
46.815 0.00100157
46.8275 0.000876894
46.84 0.000746328
46.8525 0.000611807
46.865 0.000475333
46.8775 0.000338935
46.89 0.00020439
46.9025 7.33655e-05
46.915 -5.17128e-05
46.9275 -0.000169568
46.94 -0.000278809
46.9525 -0.000377925
46.965 -0.000465432
46.9775 -0.00054017
46.99 -0.000601166
47.0025 -0.000647507
47.015 -0.000678357
47.0275 -0.000693102
47.04 -0.000691382
47.0525 -0.00067307
47.065 -0.000638128
47.0775 -0.000586757
47.09 -0.000519436
47.1025 -0.00043686
47.115 -0.0003399
47.1275 -0.000229616
47.14 -0.000107275
47.1525 2.56973e-05
47.165 0.000168144
47.1775 0.00031863
47.19 0.000475346
47.2025 0.000637119
47.215 0.000802144
47.2275 0.000968736
47.24 0.00113537
47.2525 0.00130053
47.265 0.00146258
47.2775 0.00161984
47.29 0.00177075
47.3025 0.00191387
47.315 0.00204773
47.3275 0.0021709
47.34 0.00228206
47.3525 0.00237999
47.365 0.0024636
47.3775 0.00253186
47.39 0.00258389
47.4025 0.00261895
47.415 0.00263645
47.4275 0.00263598
47.44 0.00261737
47.4525 0.00258056
47.465 0.00252576
47.4775 0.0024534
47.49 0.00236415
47.5025 0.00225887
47.515 0.00213863
47.5275 0.00200473
47.54 0.00185865
47.5525 0.00170198
47.565 0.0015365
47.5775 0.00136408
47.59 0.00118668
47.6025 0.00100629
47.615 0.000824986
47.6275 0.000643832
47.64 0.000465464
47.6525 0.00029149
47.665 0.000122949
47.6775 -3.88338e-05
47.69 -0.000192355
47.7025 -0.000336381
47.715 -0.000470004
47.7275 -0.000592407
47.74 -0.000702666
47.7525 -0.000800029
47.765 -0.00088399
47.7775 -0.000954232
47.79 -0.00101051
47.8025 -0.00105269
47.815 -0.00108072
47.8275 -0.00109481
47.84 -0.00109577
47.8525 -0.00108408
47.865 -0.00106045
47.8775 -0.00102577
47.89 -0.000980997
47.9025 -0.000927157
47.915 -0.000865297
47.9275 -0.000796507
47.94 -0.000721925
47.9525 -0.000642678
47.965 -0.000559861
47.9775 -0.000474557
47.99 -0.000387836
48.0025 -0.000300733
48.015 -0.000214245
48.0275 -0.000129329
48.04 -4.69159e-05
48.0525 3.20972e-05
48.065 0.000106937
48.0775 0.000176928
48.09 0.000241289
48.1025 0.000299457
48.115 0.000350738
48.1275 0.000394438
48.14 0.000429979
48.1525 0.000456857
48.165 0.000474525
48.1775 0.000482423
48.19 0.000480072
48.2025 0.000467141
48.215 0.000443356
48.2275 0.000408506
48.24 0.000362536
48.2525 0.000305556
48.265 0.000237827
48.2775 0.000159787
48.29 7.1596e-05
48.3025 -2.57853e-05
48.315 -0.000131506
48.3275 -0.000244873
48.34 -0.000364915
48.3525 -0.000490378
48.365 -0.000619914
48.3775 -0.000752169
48.39 -0.000885705
48.4025 -0.00101894
48.415 -0.00115022
48.4275 -0.00127793
48.44 -0.00140049
48.4525 -0.00151632
48.465 -0.00162389
48.4775 -0.00172179
48.49 -0.00180872
48.5025 -0.00188354
48.515 -0.00194525
48.5275 -0.00199304
48.54 -0.00202627
48.5525 -0.00204455
48.565 -0.00204764
48.5775 -0.00203559
48.59 -0.0020086
48.6025 -0.00196708
48.615 -0.0019117
48.6275 -0.00184327
48.64 -0.00176277
48.6525 -0.00167129
48.665 -0.00157007
48.6775 -0.00146043
48.69 -0.00134372
48.7025 -0.00122135
48.715 -0.0010947
48.7275 -0.000965185
48.74 -0.000834144
48.7525 -0.000702882
48.765 -0.000572641
48.7775 -0.000444591
48.79 -0.000319507
48.8025 -0.000198164
48.815 -8.16656e-05
48.8275 2.97995e-05
48.84 0.00013546
48.8525 0.000234698
48.865 0.000327121
48.8775 0.000412428
48.89 0.00049019
48.9025 0.000559947
48.915 0.000621301
48.9275 0.000673954
48.94 0.000717623
48.9525 0.000751957
48.965 0.000776661
48.9775 0.000792014
48.99 0.000797938
49.0025 0.000794658
49.015 0.00078231
49.0275 0.000761179
49.04 0.000731671
49.0525 0.000694255
49.065 0.000649463
49.0775 0.000597921
49.09 0.000540358
49.1025 0.000477578
49.115 0.000410448
49.1275 0.000339897
49.14 0.000266914
49.1525 0.000192543
49.165 0.000117871
49.1775 4.37213e-05
49.19 -2.87006e-05
49.2025 -9.82679e-05
49.215 -0.000164136
49.2275 -0.000225475
49.24 -0.000281344
49.2525 -0.000330831
49.265 -0.000373162
49.2775 -0.000407675
49.29 -0.000433731
49.3025 -0.000450747
49.315 -0.000458268
49.3275 -0.000455988
49.34 -0.000443752
49.3525 -0.000421476
49.365 -0.000389235
49.3775 -0.000347287
49.39 -0.000296038
49.4025 -0.000236018
49.415 -0.000167892
49.4275 -9.24621e-05
49.44 -1.06004e-05
49.4525 7.68757e-05
49.465 0.000169068
49.4775 0.000264857
49.49 0.000363375
49.5025 0.000463436
49.515 0.00056398
49.5275 0.00066403
49.54 0.000762578
49.5525 0.000858562
49.565 0.000950962
49.5775 0.00103887
49.59 0.00112142
49.6025 0.00119781
49.615 0.00126727
49.6275 0.00132911
49.64 0.00138276
49.6525 0.00142772
49.665 0.00146355
49.6775 0.0014899
49.69 0.0015065
49.7025 0.0015132
49.715 0.00150991
49.7275 0.00149667
49.74 0.00147356
49.7525 0.00144081
49.765 0.00139874
49.7775 0.00134776
49.79 0.00128836
49.8025 0.00122114
49.815 0.00114677
49.8275 0.00106601
49.84 0.00097965
49.8525 0.000888576
49.865 0.000793712
49.8775 0.000696026
49.89 0.000596514
49.9025 0.000496195
49.915 0.000395955
49.9275 0.000296504
49.94 0.000199244
49.9525 0.000104724
49.965 1.35796e-05
49.9775 -7.34324e-05
49.99 -0.000155493
50.0025 -0.000231976
50.015 -0.000302365
50.0275 -0.00036615
50.04 -0.000422799
50.0525 -0.000471886
50.065 -0.000513125
50.0775 -0.000546317
50.09 -0.000571313
50.1025 -0.000588057
50.115 -0.000596612
50.1275 -0.000597067
50.14 -0.000590082
50.1525 -0.000575941
50.165 -0.000555282
50.1775 -0.000528726
50.19 -0.000496965
50.2025 -0.000460735
50.215 -0.000420803
50.2275 -0.000377943
50.24 -0.000332938
50.2525 -0.000286549
50.265 -0.000239507
50.2775 -0.00019251
50.29 -0.00014622
50.3025 -0.000101241
50.315 -5.81256e-05
50.3275 -1.73751e-05
50.34 2.05711e-05
50.3525 5.53396e-05
50.365 8.65939e-05
50.3775 0.000114231
50.39 0.000137917
50.4025 0.000157471
50.415 0.000172687
50.4275 0.000183451
50.44 0.000189651
50.4525 0.000191146
50.465 0.000187806
50.4775 0.000179551
50.49 0.00016631
50.5025 0.00014804
50.515 0.000124723
50.5275 9.63805e-05
50.54 6.30048e-05
50.5525 2.46828e-05
50.565 -1.84043e-05
50.5775 -6.60439e-05
50.59 -0.000118091
50.6025 -0.000174282
50.615 -0.000234231
50.6275 -0.000297482
50.64 -0.000363548
50.6525 -0.000431874
50.665 -0.000501806
50.6775 -0.000572618
50.69 -0.000643545
50.7025 -0.000713789
50.715 -0.000782514
50.7275 -0.000848853
50.74 -0.000911943
50.7525 -0.000970941
50.765 -0.00102504
50.7775 -0.00107346
50.79 -0.0011155
50.8025 -0.00115054
50.815 -0.00117805
50.8275 -0.00119758
50.84 -0.00120883
50.8525 -0.00121159
50.865 -0.0012058
50.8775 -0.00119155
50.89 -0.001169
50.9025 -0.0011385
50.915 -0.00110049
50.9275 -0.00105553
50.94 -0.00100427
50.9525 -0.000947428
50.965 -0.000885806
50.9775 -0.000820229
50.99 -0.000751549
51.0025 -0.000680622
51.015 -0.000608299
51.0275 -0.0005354
51.04 -0.00046271
51.0525 -0.000390959
51.065 -0.000320822
51.0775 -0.000252875
51.09 -0.000187532
51.1025 -0.00012515
51.115 -6.61172e-05
51.1275 -1.05638e-05
51.14 4.12061e-05
51.1525 8.90162e-05
51.165 0.000132816
51.1775 0.00017255
51.19 0.000208108
51.2025 0.000239382
51.215 0.000266311
51.2275 0.000288863
51.24 0.000306976
51.2525 0.000320578
51.265 0.000329586
51.2775 0.000334277
51.29 0.000334667
51.3025 0.000330928
51.315 0.00032316
51.3275 0.000311552
51.34 0.000296312
51.3525 0.000277661
51.365 0.000255842
51.3775 0.000231139
51.39 0.000203871
51.4025 0.000174384
51.415 0.000143052
51.4275 0.000110281
51.44 7.65129e-05
51.4525 4.22172e-05
51.465 7.88112e-06
51.4775 -2.61422e-05
51.49 -5.91853e-05
51.5025 -9.08082e-05
51.515 -0.000120501
51.5275 -0.000147868
51.54 -0.000172428
51.5525 -0.000193696
51.565 -0.000211241
51.5775 -0.000224692
51.59 -0.0002337
51.6025 -0.00023794
51.615 -0.000237149
51.6275 -0.00023116
51.64 -0.000219876
51.6525 -0.000203261
51.665 -0.000181376
51.6775 -0.000154379
51.69 -0.000122513
51.7025 -8.61078e-05
51.715 -4.55591e-05
51.7275 -1.32385e-06
51.74 4.62663e-05
51.7525 9.65629e-05
51.765 0.000149086
51.7775 0.000203176
51.79 0.000258218
51.8025 0.000313618
51.815 0.000368773
51.8275 0.000423045
51.84 0.000475804
51.8525 0.000526467
51.865 0.000574493
51.8775 0.00061937
51.89 0.00066062
51.9025 0.000697831
51.915 0.000730654
51.9275 0.000758798
51.94 0.000782026
51.9525 0.000800153
51.965 0.000813063
51.9775 0.00082069
51.99 0.00082302
52.0025 0.0008201
52.015 0.000812018
52.0275 0.000798901
52.04 0.000780936
52.0525 0.000758343
52.065 0.000731373
52.0775 0.000700309
52.09 0.000665463
52.1025 0.000627172
52.115 0.00058579
52.1275 0.000541686
52.14 0.000495249
52.1525 0.000446879
52.165 0.000396991
52.1775 0.000346012
52.19 0.000294373
52.2025 0.000242522
52.215 0.000190792
52.2275 0.000139562
52.24 8.93804e-05
52.2525 4.05633e-05
52.265 -6.62628e-06
52.2775 -5.18312e-05
52.29 -9.46595e-05
52.3025 -0.000134773
52.315 -0.000171893
52.3275 -0.000205735
52.34 -0.000236012
52.3525 -0.000262468
52.365 -0.000284909
52.3775 -0.000303195
52.39 -0.000317216
52.4025 -0.000326915
52.415 -0.00033223
52.4275 -0.00033339
52.44 -0.000330596
52.4525 -0.000324114
