0.0025 -9.1303e-06
0.0125 -9.13127e-06
0.0225 -9.1331e-06
0.035 -9.12998e-06
0.045 -9.11595e-06
0.055 -9.0831e-06
0.065 -9.02198e-06
0.075 -8.92194e-06
0.085 -8.77137e-06
0.095 -8.55807e-06
0.105 -8.26957e-06
0.115 -7.89356e-06
0.125 -7.41816e-06
0.135 -6.83229e-06
0.145 -6.12593e-06
0.155 -5.29046e-06
0.165 -4.31895e-06
0.175 -3.20589e-06
0.185 -1.94755e-06
0.195 -5.42038e-07
0.205 1.0106e-06
0.215 2.70845e-06
0.225 4.54786e-06
0.235 6.52315e-06
0.245 8.62668e-06
0.255 1.08487e-05
0.265 1.31775e-05
0.275 1.56001e-05
0.285 1.81027e-05
0.295 2.06715e-05
0.305 2.3293e-05
0.315 2.59551e-05
0.325 2.86474e-05
0.335 3.13616e-05
0.345 3.40923e-05
0.355 3.68368e-05
0.365 3.95956e-05
0.375 4.23731e-05
0.385 4.51762e-05
0.395 4.80147e-05
0.405 5.08991e-05
0.415 5.38386e-05
0.425 5.68371e-05
0.435 5.98905e-05
0.445 6.29839e-05
0.455 6.60909e-05
0.465 6.91741e-05
0.475 7.21875e-05
0.485 7.50798e-05
0.495 7.77994e-05
0.5075 8.08876e-05
0.52 8.35693e-05
0.5325 8.58015e-05
0.545 8.75576e-05
0.5575 8.88224e-05
0.57 8.9585e-05
0.5825 8.98321e-05
0.595 8.95587e-05
0.6075 8.87853e-05
0.62 8.75705e-05
0.6325 8.60093e-05
0.645 8.4223e-05
0.6575 8.23491e-05
0.67 8.05246e-05
0.6825 7.88591e-05
0.695 7.74162e-05
0.7075 7.62214e-05
0.72 7.52889e-05
0.7325 7.46362e-05
0.745 7.42889e-05
0.7575 7.42873e-05
0.77 7.46904e-05
0.7825 7.55675e-05
0.795 7.69736e-05
0.8075 7.89216e-05
0.82 8.1363e-05
0.8325 8.41696e-05
0.845 8.71137e-05
0.8575 8.98672e-05
0.87 9.2051e-05
0.8825 9.33014e-05
0.895 9.33227e-05
0.9075 9.19241e-05
0.92 8.90164e-05
0.9325 8.45759e-05
0.945 7.86033e-05
0.9575 7.10899e-05
0.97 6.20137e-05
0.9825 5.13891e-05
0.995 3.93206e-05
1.005 2.87811e-05
1.0175 1.48446e-05
1.03 6.4177e-07
1.0425 -1.3026e-05
1.055 -2.52934e-05
1.0675 -3.53897e-05
1.08 -4.28235e-05
1.0925 -4.7536e-05
1.105 -4.99765e-05
1.1175 -5.10335e-05
1.13 -5.18294e-05
1.1425 -5.34405e-05
1.155 -5.66456e-05
1.1675 -6.17641e-05
1.18 -6.86239e-05
1.1925 -7.66431e-05
1.205 -8.49243e-05
1.2175 -9.23652e-05
1.23 -9.77842e-05
1.2425 -9.99467e-05
1.255 -9.75522e-05
1.2675 -8.93543e-05
1.28 -7.43578e-05
1.2925 -5.19767e-05
1.305 -2.21572e-05
1.3175 1.45976e-05
1.33 5.73687e-05
1.3425 0.000104983
1.355 0.000156145
1.3675 0.000209607
1.38 0.000264353
1.3925 0.000319692
1.405 0.000375189
1.4175 0.000430566
1.43 0.000485635
1.4425 0.000540253
1.455 0.000594285
1.4675 0.000647581
1.48 0.000699932
1.4925 0.000751026
1.505 0.000800409
1.5175 0.000847464
1.53 0.000891444
1.5425 0.00093153
1.555 0.000966893
1.5675 0.000996759
1.58 0.00102049
1.5925 0.00103764
1.605 0.00104785
1.6175 0.00105076
1.63 0.00104588
1.6425 0.00103254
1.655 0.00100988
1.6675 0.000977042
1.68 0.000933421
1.6925 0.000878902
1.705 0.000814083
1.7175 0.000740475
1.73 0.000660339
1.7425 0.000576384
1.755 0.000491536
1.7675 0.000408726
1.78 0.000330675
1.7925 0.000259874
1.805 0.000198689
1.8175 0.000149384
1.83 0.000113882
1.8425 9.33645e-05
1.855 8.79686e-05
1.8675 9.66342e-05
1.88 0.000117026
1.8925 0.00014566
1.905 0.000178252
1.9175 0.000210168
1.93 0.000236867
1.9425 0.00025427
1.955 0.000258959
1.9675 0.000248203
1.98 0.00021991
1.9925 0.000172576
2.0025 0.000120334
2.0125 5.50003e-05
2.0225 -2.33535e-05
2.0325 -0.000114402
2.0425 -0.000217463
2.0525 -0.00033156
2.0625 -0.000455437
2.0725 -0.00058763
2.0825 -0.000726519
2.0925 -0.00087035
2.1025 -0.00101723
2.1125 -0.00116515
2.1225 -0.00131195
2.1325 -0.00145533
2.1425 -0.00159288
2.1525 -0.00172204
2.1625 -0.0018403
2.1725 -0.0019453
2.1825 -0.00203501
2.1925 -0.00210777
2.2025 -0.00216243
2.2125 -0.00219836
2.2225 -0.00221551
2.2325 -0.00221447
2.2425 -0.00219645
2.2525 -0.00216315
2.2625 -0.00211673
2.2725 -0.0020597
2.2825 -0.00199486
2.2925 -0.00192526
2.3025 -0.00185413
2.3125 -0.0017848
2.3225 -0.00172061
2.3325 -0.00166484
2.3425 -0.00162057
2.3525 -0.00159062
2.3625 -0.00157742
2.3725 -0.001583
2.3825 -0.00160895
2.3925 -0.00165643
2.4025 -0.00172611
2.4125 -0.00181809
2.4225 -0.00193186
2.4325 -0.00206626
2.4425 -0.00221941
2.4525 -0.00238869
2.4625 -0.00257074
2.4725 -0.00276154
2.4825 -0.00295659
2.4925 -0.00315105
2.5025 -0.00333993
2.5125 -0.00351828
2.5225 -0.00368134
2.5325 -0.00382473
2.5425 -0.00394454
2.5525 -0.00403742
2.5625 -0.00410067
2.5725 -0.00413232
2.5825 -0.00413117
2.5925 -0.00409686
2.6025 -0.00402989
2.6125 -0.00393162
2.6225 -0.0038042
2.6325 -0.00365054
2.6425 -0.00347422
2.6525 -0.00327939
2.6625 -0.00307069
2.6725 -0.00285301
2.6825 -0.00263137
2.6925 -0.00241066
2.7025 -0.00219552
2.7125 -0.0019902
2.7225 -0.00179836
2.7325 -0.00162303
2.7425 -0.00146647
2.7525 -0.00133021
2.7625 -0.00121503
2.7725 -0.00112104
2.7825 -0.00104766
2.7925 -0.000993695
2.8025 -0.0009574
2.8125 -0.000936464
2.8225 -0.000928087
2.8325 -0.00092905
2.8425 -0.000935802
2.8525 -0.000944577
2.8625 -0.000951528
2.8725 -0.000952871
2.8825 -0.000945014
2.8925 -0.000924659
2.9025 -0.000888863
2.9125 -0.000835072
2.9225 -0.000761228
2.9325 -0.000665771
2.9425 -0.0005476
2.9525 -0.000406202
2.9625 -0.000241785
2.9725 -5.52509e-05
2.9825 0.000151849
2.9925 0.000377416
3.0025 0.000618834
3.0125 0.000873007
3.0225 0.00113647
3.0325 0.00140554
3.0425 0.00167642
3.0525 0.00194525
3.0625 0.00220821
3.0725 0.00246158
3.0825 0.00270191
3.0925 0.00292603
3.1025 0.00313118
3.1125 0.00331508
3.1225 0.00347596
3.1325 0.00361263
3.1425 0.00372442
3.1525 0.00381123
3.1625 0.00387342
3.1725 0.00391189
3.1825 0.00392798
3.1925 0.00392353
3.2025 0.00390085
3.2125 0.00386266
3.2225 0.00381208
3.2325 0.00375259
3.2425 0.00368794
3.2525 0.00362203
3.2625 0.00355875
3.2725 0.00350191
3.2825 0.00345508
3.2925 0.0034215
3.3025 0.00340398
3.3125 0.0034048
3.3225 0.00342567
3.3325 0.00346767
3.3425 0.00353119
3.3525 0.00361593
3.3625 0.00372093
3.3725 0.00384458
3.3825 0.00398467
3.3925 0.00413849
3.4025 0.0043029
3.4125 0.00447431
3.4225 0.00464878
3.4325 0.00482213
3.4425 0.00499
3.4525 0.00514805
3.4625 0.00529202
3.4725 0.00541787
3.4825 0.00552192
3.4925 0.00560096
3.5025 0.00565226
3.5125 0.00567373
3.5225 0.0056639
3.5325 0.00562193
3.5425 0.00554771
3.5525 0.00544187
3.5625 0.00530581
3.5725 0.0051417
3.5825 0.00495243
3.5925 0.00474156
3.6025 0.00451329
3.6125 0.00427234
3.6225 0.0040238
3.6325 0.00377289
3.6425 0.00352476
3.6525 0.00328424
3.6625 0.00305571
3.6725 0.00284289
3.6825 0.00264874
3.6925 0.00247544
3.7025 0.00232436
3.7125 0.00219609
3.7225 0.00209042
3.7325 0.00200645
3.7425 0.00194256
3.7525 0.00189651
3.7625 0.00186543
3.7725 0.00184592
3.7825 0.00183416
3.7925 0.00182601
3.8025 0.00181715
3.8125 0.00180326
3.8225 0.00178013
3.8325 0.00174383
3.8425 0.0016908
3.8525 0.001618
3.8625 0.00152304
3.8725 0.00140415
3.8825 0.00126027
3.8925 0.00109103
3.9025 0.000896758
3.9125 0.000678469
3.9225 0.000437815
3.9325 0.000177028
3.9425 -0.000101007
3.9525 -0.000393097
3.9625 -0.000695515
3.9725 -0.00100427
3.9825 -0.00131509
3.9925 -0.00162346
4.0025 -0.0019248
4.0125 -0.00221462
4.0225 -0.00248862
4.0325 -0.00274287
4.0425 -0.00297396
4.0525 -0.0031791
4.0625 -0.00335629
4.0725 -0.00350426
4.0825 -0.00362253
4.0925 -0.00371141
4.1025 -0.00377199
4.1125 -0.00380607
4.1225 -0.00381615
4.1325 -0.00380527
4.1425 -0.00377698
4.1525 -0.00373518
4.1625 -0.003684
4.1725 -0.00362776
4.1825 -0.00357082
4.1925 -0.00351744
4.2025 -0.00347173
4.2125 -0.00343748
4.2225 -0.00341802
4.2325 -0.0034162
4.2425 -0.00343422
4.2525 -0.00347364
4.2625 -0.00353533
4.2725 -0.00361943
4.2825 -0.00372536
4.2925 -0.00385183
4.3025 -0.00399695
4.3125 -0.00415829
4.3225 -0.00433302
4.3325 -0.0045179
4.3425 -0.00470941
4.3525 -0.00490378
4.3625 -0.00509709
4.3725 -0.00528526
4.3825 -0.00546416
4.3925 -0.00562966
4.4025 -0.0057778
4.4125 -0.00590491
4.4225 -0.00600775
4.4325 -0.00608366
4.4425 -0.00613063
4.4525 -0.00614746
4.4625 -0.00613378
4.4725 -0.00609014
4.4825 -0.00601796
4.4925 -0.0059194
4.5025 -0.00579729
4.5125 -0.00565502
4.5225 -0.0054964
4.5325 -0.00532557
4.5425 -0.00514677
4.5525 -0.00496425
4.5625 -0.00478211
4.5725 -0.00460418
4.5825 -0.00443402
4.5925 -0.00427479
4.6025 -0.00412924
4.6125 -0.00399963
4.6225 -0.00388774
4.6325 -0.00379477
4.6425 -0.00372137
4.6525 -0.00366745
4.6625 -0.00363223
4.6725 -0.0036142
4.6825 -0.00361113
4.6925 -0.00362013
4.7025 -0.00363773
4.7125 -0.00365997
4.7225 -0.00368253
4.7325 -0.0037009
4.7425 -0.00371059
4.7525 -0.0037072
4.7625 -0.0036865
4.7725 -0.00364455
4.7825 -0.00357773
4.7925 -0.00348285
4.8025 -0.00335732
4.8125 -0.00319928
4.8225 -0.00300769
4.8325 -0.00278242
4.8425 -0.00252431
4.8525 -0.00223514
4.8625 -0.00191769
4.8725 -0.00157554
4.8825 -0.00121289
4.8925 -0.00083446
4.9025 -0.000445245
4.9125 -5.04403e-05
4.9225 0.000344964
4.9325 0.000735914
4.9425 0.00111791
4.9525 0.00148674
4.9625 0.00183885
4.9725 0.00217117
4.9825 0.00248118
4.9925 0.00276705
5.0025 0.00302766
5.0125 0.00326247
5.0225 0.00347157
5.0325 0.00365565
5.0425 0.00381605
5.0525 0.00395475
5.0625 0.00407424
5.0725 0.00417752
5.0825 0.00426798
5.0925 0.00434929
5.1025 0.00442521
5.1125 0.00449949
5.1225 0.00457569
5.1325 0.00465708
5.1425 0.00474647
5.1525 0.00484614
5.1625 0.0049577
5.1725 0.00508208
5.1825 0.0052195
5.1925 0.00536943
5.2025 0.00553069
5.2125 0.00570145
5.2225 0.00587937
5.2325 0.00606161
5.2425 0.00624498
5.2525 0.00642612
5.2625 0.00660166
5.2725 0.00676831
5.2825 0.00692297
5.2925 0.0070628
5.3025 0.00718532
5.3125 0.00728851
5.3225 0.00737128
5.3325 0.00743384
5.3425 0.00747238
5.3525 0.00748664
5.3625 0.00747624
5.3725 0.00744144
5.3825 0.0073831
5.3925 0.00730252
5.4025 0.00720074
5.4125 0.00707918
5.4225 0.0069395
5.4325 0.00678367
5.4425 0.00661392
5.4525 0.00643264
5.4625 0.00624237
5.4725 0.00604582
5.4825 0.00584575
5.4925 0.00564483
5.5025 0.00544563
5.5125 0.00525049
5.5225 0.00506146
5.5325 0.00488027
5.5425 0.00470821
5.5525 0.00454615
5.5625 0.00439449
5.5725 0.00425313
5.5825 0.00412149
5.5925 0.00399851
5.6025 0.00388268
5.6125 0.00377218
5.6225 0.00366486
5.6325 0.00355843
5.6425 0.00345045
5.6525 0.00333848
5.6625 0.00322016
5.6725 0.00309325
5.6825 0.00295569
5.6925 0.00280567
5.7025 0.00264158
5.7125 0.00246212
5.7225 0.00226628
5.7325 0.00205334
5.7425 0.00182292
5.7525 0.00157489
5.7625 0.00130949
5.7725 0.00102731
5.7825 0.000729083
5.7925 0.000416613
5.8025 9.14239e-05
5.8125 -0.000244266
5.8225 -0.000588024
5.8325 -0.000937145
5.8425 -0.00128912
5.8525 -0.00164112
5.8625 -0.0019904
5.8725 -0.0023342
5.8825 -0.00266987
5.8925 -0.002995
5.9025 -0.00330741
5.9125 -0.00360521
5.9225 -0.00388684
5.9325 -0.00415112
5.9425 -0.00439727
5.9525 -0.00462495
5.9625 -0.00483426
5.9725 -0.00502576
5.9825 -0.00520046
5.9925 -0.00535975
6.0025 -0.00550542
6.0125 -0.00563943
6.0225 -0.00576385
6.0325 -0.00588076
6.0425 -0.00599207
6.0525 -0.00609951
6.0625 -0.00620455
6.0725 -0.00630847
6.0825 -0.00641233
6.0925 -0.00651698
6.1025 -0.00662306
6.1125 -0.00673105
6.1225 -0.0068412
6.1325 -0.00695301
6.1425 -0.00706839
6.1525 -0.00718207
6.1625 -0.00729272
6.1725 -0.00739821
6.1825 -0.00749672
6.1925 -0.00758659
6.2025 -0.00766587
6.2125 -0.00773285
6.2225 -0.00778608
6.2325 -0.00782426
6.2425 -0.00784643
6.2525 -0.00785171
6.2625 -0.00783929
6.2725 -0.00780854
6.2825 -0.00775895
6.2925 -0.00769017
6.3025 -0.00760204
6.3125 -0.00749466
6.3225 -0.00736841
6.3325 -0.007224
6.3425 -0.00706246
6.3525 -0.00688516
6.3625 -0.00669378
6.3725 -0.0064903
6.3825 -0.00627688
6.3925 -0.00605578
6.4025 -0.00582933
6.4125 -0.00559978
6.4225 -0.00536932
6.4325 -0.00513993
6.4425 -0.00491341
6.4525 -0.00469128
6.4625 -0.00447483
6.4725 -0.00426505
6.4825 -0.00406262
6.4925 -0.00386792
6.5025 -0.00368105
6.5125 -0.00350177
6.5225 -0.0033296
6.5325 -0.00316379
6.5425 -0.00300338
6.5525 -0.00284722
6.5625 -0.00269404
6.5725 -0.00254247
6.5825 -0.00239109
6.5925 -0.00223851
6.6025 -0.00208339
6.6125 -0.00192444
6.6225 -0.00176046
6.6325 -0.0015903
6.6425 -0.00141302
6.6525 -0.00122794
6.6625 -0.00103471
6.6725 -0.000833336
6.6825 -0.00062424
6.6925 -0.000408098
6.7025 -0.000185951
6.7125 4.10564e-05
6.7225 0.000270836
6.7325 0.000501976
6.7425 0.000732727
6.7525 0.000961473
6.7625 0.00118663
6.7725 0.00140661
6.7825 0.0016199
6.7925 0.00182507
6.8025 0.00202084
6.8125 0.00220609
6.8225 0.00237997
6.8325 0.00254191
6.8425 0.00269175
6.8525 0.00282965
6.8625 0.00295609
6.8725 0.00307183
6.8825 0.00317785
6.8925 0.00327529
6.9025 0.00336544
6.9125 0.00344963
6.9225 0.00352932
6.9325 0.00360602
6.9425 0.00368128
6.9525 0.00375668
6.9625 0.00383383
6.9725 0.00391427
6.9825 0.00399948
6.9925 0.00409078
7.0025 0.00418928
7.0125 0.00429581
7.0225 0.00441089
7.0325 0.00453474
7.0425 0.00466721
7.0525 0.00480782
7.0625 0.00495575
7.0725 0.00510987
7.0825 0.00526874
7.0925 0.00543069
7.1025 0.00559382
7.1125 0.00575605
7.1225 0.0059152
7.1325 0.00606911
7.1425 0.00621569
7.1525 0.00635302
7.1625 0.00647942
7.1725 0.00659352
7.1825 0.00669425
7.1925 0.00678086
7.2025 0.00685288
7.2125 0.00691016
7.2225 0.00695276
7.2325 0.00698093
7.2425 0.00699509
7.2525 0.00699573
7.2625 0.00698341
7.2725 0.00695867
7.2825 0.00692194
7.2925 0.00687361
7.3025 0.00681405
7.3125 0.00674358
7.3225 0.00666252
7.3325 0.00657114
7.3425 0.00646968
7.3525 0.0063584
7.3625 0.00623752
7.3725 0.00610731
7.3825 0.00596805
7.3925 0.00582007
7.4025 0.00566376
7.4125 0.0054996
7.4225 0.00532815
7.4325 0.00515003
7.4425 0.00496586
7.4525 0.00477616
7.4625 0.00458129
7.4725 0.00438147
7.4825 0.0041767
7.4925 0.00396671
7.5025 0.00375098
7.5125 0.00352879
7.5225 0.00329932
7.5325 0.00306178
7.5425 0.00281543
7.5525 0.00255971
7.5625 0.00229433
7.5725 0.00201926
7.5825 0.00173473
7.5925 0.00144126
7.6025 0.0011396
7.6125 0.000830706
7.6225 0.000515793
7.6325 0.000195922
7.6425 -0.00012723
7.6525 -0.000451334
7.6625 -0.000774496
7.6725 -0.00109476
7.6825 -0.00140993
7.6925 -0.00171788
7.7025 -0.00201639
7.7125 -0.00230318
7.7225 -0.00257605
7.7325 -0.00283301
7.7425 -0.00307222
7.7525 -0.00329216
7.7625 -0.00349156
7.7725 -0.00366958
7.7825 -0.00382575
7.7925 -0.00396003
7.8025 -0.00407279
7.8125 -0.00416485
7.8225 -0.00423746
7.8325 -0.00429223
7.8425 -0.00433115
7.8525 -0.00435647
7.8625 -0.00437066
7.8725 -0.00437634
7.8825 -0.00437624
7.8925 -0.00437306
7.9025 -0.00436939
7.9125 -0.00436765
7.9225 -0.00437
7.9325 -0.00437825
7.9425 -0.00439383
7.9525 -0.00441776
7.9625 -0.00445057
7.9725 -0.00449235
7.9825 -0.00454272
7.9925 -0.00460084
8.0025 -0.00466546
8.015 -0.00475283
8.0275 -0.00484387
8.04 -0.00493422
8.0525 -0.00501928
8.065 -0.00509456
8.0775 -0.00515592
8.09 -0.00519985
8.1025 -0.00522365
8.115 -0.0052255
8.1275 -0.00520457
8.14 -0.005161
8.1525 -0.0050959
8.165 -0.00501136
8.1775 -0.00491041
8.19 -0.00479697
8.2025 -0.00467572
8.215 -0.00455195
8.2275 -0.00443127
8.24 -0.00431925
8.2525 -0.0042211
8.265 -0.00414136
8.2775 -0.00408366
8.29 -0.00405038
8.3025 -0.00404256
8.315 -0.00405986
8.3275 -0.00410051
8.34 -0.00416127
8.3525 -0.0042375
8.365 -0.00432324
8.3775 -0.00441143
8.39 -0.00449411
8.4025 -0.00456286
8.415 -0.00460929
8.4275 -0.00462542
8.44 -0.00460413
8.4525 -0.00453964
8.465 -0.00442784
8.4775 -0.00426642
8.49 -0.00405482
8.5025 -0.00379414
8.515 -0.00348703
8.5275 -0.00313766
8.54 -0.00275158
8.5525 -0.00233557
8.565 -0.0018974
8.5775 -0.00144561
8.59 -0.000988952
8.6025 -0.000536242
8.615 -9.61226e-05
8.6275 0.000324013
8.64 0.000717435
8.6525 0.0010788
8.665 0.00140406
8.6775 0.00169055
8.69 0.00193773
8.7025 0.00214705
8.715 0.00232186
8.7275 0.00246709
8.74 0.00258918
8.7525 0.00269538
8.765 0.0027934
8.7775 0.00289094
8.79 0.00299527
8.8025 0.0031128
8.815 0.00324883
8.8275 0.00340729
8.84 0.00359058
8.8525 0.00379946
8.865 0.00403212
8.8775 0.00428673
8.89 0.00455924
8.9025 0.00484364
8.915 0.00513365
8.9275 0.00542251
8.94 0.00570226
8.9525 0.00596473
8.965 0.00620186
8.9775 0.006406
8.99 0.00656993
9.0025 0.00668742
9.015 0.00675368
9.0275 0.0067657
9.04 0.00672247
9.0525 0.00662509
9.065 0.00647673
9.0775 0.0062825
9.09 0.00604925
9.1025 0.00578525
9.115 0.00549985
9.1275 0.00520306
9.14 0.00490504
9.1525 0.00461571
9.165 0.0043442
9.1775 0.00409858
9.19 0.00388551
9.2025 0.00371012
9.215 0.00357567
9.2275 0.00348347
9.24 0.00343273
9.2525 0.00342063
9.265 0.00344234
9.2775 0.00349137
9.29 0.00355987
9.3025 0.003639
9.315 0.00371933
9.3275 0.00379128
9.34 0.0038456
9.3525 0.0038738
9.365 0.00386856
9.3775 0.00382412
9.39 0.0037365
9.4025 0.00360354
9.415 0.00342498
9.4275 0.00320235
9.44 0.00293893
9.4525 0.0026396
9.465 0.00231059
9.4775 0.00195923
9.49 0.00159358
9.5025 0.00122211
9.515 0.000853331
9.5275 0.000495405
9.54 0.000155848
9.5525 -0.000159379
9.565 -0.000444262
9.5775 -0.000694986
9.59 -0.000909405
9.6025 -0.00108734
9.615 -0.00123043
9.6275 -0.00134211
9.64 -0.00142728
9.6525 -0.00149199
9.665 -0.00154349
9.6775 -0.00158943
9.69 -0.00163755
9.7025 -0.0016953
9.715 -0.00176981
9.7275 -0.00186699
9.74 -0.00199187
9.7525 -0.00214808
9.765 -0.00233783
9.7775 -0.00256173
9.79 -0.00281873
9.8025 -0.00310607
9.815 -0.00341928
9.8275 -0.00375242
9.84 -0.00409828
9.8525 -0.00444877
9.865 -0.00479523
9.8775 -0.00512884
9.89 -0.00544097
9.9025 -0.00572346
9.915 -0.00596896
9.9275 -0.0061712
9.94 -0.00632528
9.9525 -0.00642788
9.965 -0.00647739
9.9775 -0.00647399
9.99 -0.0064196
10.0025 -0.00631774
10.015 -0.00617337
10.0275 -0.00599256
10.04 -0.00578225
10.0525 -0.00554999
10.065 -0.0053037
10.0775 -0.00505133
10.09 -0.00480062
10.1025 -0.00455879
10.115 -0.00433228
10.1275 -0.00412642
10.14 -0.00394521
10.1525 -0.00379087
10.165 -0.00366389
10.1775 -0.0035631
10.19 -0.00348582
10.2025 -0.00342807
10.215 -0.00338481
10.2275 -0.00335026
10.24 -0.00331821
10.2525 -0.00328227
10.265 -0.00323605
10.2775 -0.00317361
10.29 -0.00308957
10.3025 -0.00297958
10.315 -0.00284047
10.3275 -0.00267057
10.34 -0.0024697
10.3525 -0.0022392
10.365 -0.00198185
10.3775 -0.0017017
10.39 -0.0014039
10.4025 -0.00109451
10.415 -0.000780218
10.4275 -0.000468079
10.44 -0.000165226
10.4525 0.000121505
10.465 0.000385655
10.4775 0.000622262
10.49 0.000827597
10.5025 0.000998962
10.515 0.00113552
10.5275 0.00123832
10.54 0.00131016
10.5525 0.00135531
10.565 0.00137929
10.5775 0.0013885
10.59 0.00138994
10.6025 0.00139076
10.615 0.00139785
10.6275 0.00141756
10.64 0.00145546
10.6525 0.00151612
10.665 0.00160298
10.6775 0.00171815
10.69 0.00186239
10.7025 0.00203511
10.715 0.00223442
10.7275 0.00245723
10.74 0.0026994
10.7525 0.00295597
10.765 0.00322138
10.7775 0.00348968
10.79 0.00375485
10.8025 0.00401107
10.815 0.00425295
10.8275 0.00447567
10.84 0.00467517
10.8525 0.00484824
10.865 0.00499262
10.8775 0.00510705
10.89 0.00519124
10.9025 0.00524585
10.915 0.00527243
10.9275 0.0052733
10.94 0.00525152
10.9525 0.00521071
10.965 0.00515492
10.9775 0.00508843
10.99 0.00501558
11.0025 0.00494061
11.015 0.00486732
11.0275 0.00479889
11.04 0.0047377
11.0525 0.00468518
11.065 0.00464167
11.0775 0.00460629
11.09 0.00457707
11.1025 0.00455114
11.115 0.00452497
11.1275 0.00449455
11.14 0.00445568
11.1525 0.00440421
11.165 0.00433632
11.1775 0.00424872
11.19 0.00413876
11.2025 0.00400458
11.215 0.00384519
11.2275 0.00366055
11.24 0.00345155
11.2525 0.00321998
11.265 0.00296846
11.2775 0.00270037
11.29 0.00241962
11.3025 0.00213059
11.315 0.00183789
11.3275 0.00154628
11.34 0.00126043
11.3525 0.000984776
11.365 0.000723282
11.3775 0.000479332
11.39 0.000255577
11.4025 5.38307e-05
11.415 -0.00012495
11.4275 -0.000280783
11.44 -0.000414546
11.4525 -0.000528398
11.465 -0.000625416
11.4775 -0.00070908
11.49 -0.000782874
11.5025 -0.000851142
11.515 -0.000918162
11.5275 -0.00098809
11.54 -0.0010647
11.5525 -0.00115116
11.565 -0.00124988
11.5775 -0.0013625
11.59 -0.00148986
11.6025 -0.00163196
11.615 -0.00178809
11.6275 -0.00195681
11.64 -0.00213609
11.6525 -0.00232329
11.665 -0.00251534
11.6775 -0.00270877
11.69 -0.00289991
11.7025 -0.00308499
11.715 -0.00326038
11.7275 -0.00342266
11.74 -0.00356882
11.7525 -0.00369636
11.765 -0.00380338
11.7775 -0.0038887
11.79 -0.00395189
11.8025 -0.00399346
11.815 -0.00401476
11.8275 -0.00401805
11.84 -0.00400641
11.8525 -0.0039836
11.865 -0.00395382
11.8775 -0.0039214
11.89 -0.00389066
11.9025 -0.0038656
11.915 -0.00384968
11.9275 -0.00384568
11.94 -0.00385558
11.9525 -0.00388049
11.965 -0.00392061
11.9775 -0.00397521
11.99 -0.00404272
12.0025 -0.00412076
12.015 -0.00420625
12.0275 -0.00429554
12.04 -0.00438462
12.0525 -0.00446921
12.065 -0.00454502
12.0775 -0.0046079
12.09 -0.004654
12.1025 -0.00467996
12.115 -0.00468305
12.1275 -0.00466134
12.14 -0.00461377
12.1525 -0.00454022
12.165 -0.00444157
12.1775 -0.00431959
12.19 -0.00417699
12.2025 -0.00401721
12.215 -0.00384435
12.2275 -0.00366298
12.24 -0.00347799
12.2525 -0.00329436
12.265 -0.00311693
12.2775 -0.00295013
12.29 -0.00279772
12.3025 -0.00266264
12.315 -0.00254682
12.3275 -0.00245127
12.34 -0.00237601
12.3525 -0.00232014
12.365 -0.00228186
12.3775 -0.00225855
12.39 -0.0022469
12.4025 -0.00224299
12.415 -0.00224253
12.4275 -0.00224098
12.44 -0.00223381
12.4525 -0.00221659
12.465 -0.00218525
12.4775 -0.00213621
12.49 -0.00206652
12.5025 -0.00197396
12.515 -0.00185717
12.5275 -0.00171572
12.54 -0.00155014
12.5525 -0.00136196
12.565 -0.00115364
12.5775 -0.000928523
12.59 -0.000690677
12.6025 -0.000444754
12.615 -0.000195665
12.6275 5.13437e-05
12.64 0.000291495
12.6525 0.000520079
12.665 0.000732734
12.6775 0.000926047
12.69 0.00109758
12.7025 0.00124585
12.715 0.00137049
12.7275 0.00147223
12.74 0.00155284
12.7525 0.00161498
12.765 0.00166213
12.7775 0.00169838
12.79 0.00172822
12.8025 0.00175634
12.815 0.00178746
12.8275 0.00182612
12.84 0.0018765
12.8525 0.00194225
12.865 0.00202634
12.8775 0.00213086
12.89 0.00225694
12.9025 0.00240469
12.915 0.00257311
12.9275 0.00276022
12.94 0.00296307
12.9525 0.00317798
12.965 0.00340065
12.9775 0.00362637
12.99 0.00385027
13.0025 0.00406751
13.015 0.00427348
13.0275 0.00446392
13.04 0.00463505
13.0525 0.00478377
13.065 0.00490769
13.0775 0.00500533
13.09 0.00507605
13.1025 0.00512015
13.115 0.00513875
13.1275 0.00513382
13.14 0.00510798
13.1525 0.00506441
13.165 0.00500673
13.1775 0.00493876
13.19 0.00486441
13.2025 0.00478748
13.215 0.0047115
13.2275 0.00463951
13.24 0.00457393
13.2525 0.00451626
13.265 0.00446712
13.2775 0.00442628
13.29 0.00439275
13.3025 0.00436486
13.315 0.00434039
13.3275 0.00431662
13.34 0.00429041
13.3525 0.00425834
13.365 0.0042169
13.3775 0.00416262
13.39 0.00409233
13.4025 0.00400331
13.415 0.00389343
13.4275 0.00376125
13.44 0.00360605
13.4525 0.00342789
13.465 0.00322758
13.4775 0.00300663
13.49 0.00276722
13.5025 0.00251203
13.515 0.0022442
13.5275 0.00196713
13.54 0.00168431
13.5525 0.00139924
13.565 0.00111522
13.5775 0.000835352
13.59 0.000562491
13.6025 0.000299203
13.615 4.76966e-05
13.6275 -0.000190123
13.64 -0.000412584
13.6525 -0.00061869
13.665 -0.000808152
13.6775 -0.000980265
13.69 -0.00113565
13.7025 -0.00127546
13.715 -0.00140141
13.7275 -0.00151555
13.74 -0.00162007
13.7525 -0.00171711
13.765 -0.00180877
13.7775 -0.00189706
13.79 -0.00198386
13.8025 -0.00207091
13.815 -0.0021597
13.8275 -0.00225138
13.84 -0.00234668
13.8525 -0.00244595
13.865 -0.00254917
13.8775 -0.00265603
13.89 -0.00276591
13.9025 -0.00287801
13.915 -0.00299138
13.9275 -0.00310489
13.94 -0.00321728
13.9525 -0.00332722
13.965 -0.00343332
13.9775 -0.00353421
13.99 -0.0036286
14.0025 -0.00371541
14.015 -0.00379379
14.0275 -0.00386321
14.04 -0.00392346
14.0525 -0.00397462
14.065 -0.00401711
14.0775 -0.00405158
14.09 -0.00407891
14.1025 -0.00410017
14.115 -0.0041166
14.1275 -0.00412959
14.14 -0.00414063
14.1525 -0.00415125
14.165 -0.00416285
14.1775 -0.00417665
14.19 -0.00419359
14.2025 -0.00421426
14.215 -0.00423883
14.2275 -0.00426706
14.24 -0.00429817
14.2525 -0.00433087
14.265 -0.00436339
14.2775 -0.00439361
14.29 -0.00441922
14.3025 -0.00443785
14.315 -0.00444719
14.3275 -0.00444515
14.34 -0.00442992
14.3525 -0.00439998
14.365 -0.00435422
14.3775 -0.00429186
14.39 -0.00421259
14.4025 -0.00411648
14.415 -0.00400408
14.4275 -0.00387648
14.44 -0.00373513
14.4525 -0.00358171
14.465 -0.00341799
14.4775 -0.00324571
14.49 -0.00306641
14.5025 -0.00288134
14.515 -0.00269136
14.5275 -0.00249699
14.54 -0.00229855
14.5525 -0.00209615
14.565 -0.00188983
14.5775 -0.0016796
14.59 -0.00146541
14.6025 -0.00124713
14.615 -0.0010245
14.6275 -0.00079722
14.64 -0.000564991
14.6525 -0.000327275
14.665 -8.4453e-05
14.6775 0.000163626
14.69 0.000416339
14.7025 0.000673116
14.715 0.000933478
14.7275 0.00119665
14.74 0.00146169
14.7525 0.00172737
14.765 0.00199221
14.7775 0.00225445
14.79 0.00251206
14.8025 0.00276291
14.815 0.00300489
14.8275 0.00323594
14.84 0.00345405
14.8525 0.00365732
14.865 0.00384419
14.8775 0.0040135
14.89 0.00416459
14.9025 0.00429722
14.915 0.00441158
14.9275 0.00450817
14.94 0.00458775
14.9525 0.00465131
14.965 0.00470001
14.9775 0.00473528
14.99 0.0047588
15.0025 0.00477254
15.015 0.00477865
15.0275 0.00477944
15.04 0.00477727
15.0525 0.00477451
15.065 0.00477347
15.0775 0.00477635
15.09 0.00478515
15.1025 0.00480156
15.115 0.00482679
15.1275 0.00486141
15.14 0.0049053
15.1525 0.00495759
15.165 0.00501664
15.1775 0.00508015
15.19 0.00514523
15.2025 0.00520852
15.215 0.00526628
15.2275 0.00531456
15.24 0.00534935
15.2525 0.00536685
15.265 0.00536361
15.2775 0.00533677
15.29 0.00528413
15.3025 0.00520433
15.315 0.00509703
15.3275 0.00496308
15.34 0.00480456
15.3525 0.00462469
15.365 0.00442759
15.3775 0.00421799
15.39 0.00400094
15.4025 0.00378144
15.415 0.00356416
15.4275 0.00335324
15.44 0.00315227
15.4525 0.00296425
15.465 0.00279161
15.4775 0.00263608
15.49 0.00249852
15.5025 0.0023788
15.515 0.00227567
15.5275 0.00218685
15.54 0.00210895
15.5525 0.00203764
15.565 0.00196787
15.5775 0.00189411
15.59 0.00181074
15.6025 0.00171211
15.615 0.00159275
15.6275 0.00144749
15.64 0.00127107
15.6525 0.00106025
15.665 0.000812155
15.6775 0.000524314
15.69 0.000195334
15.7025 -0.000175569
15.715 -0.000588309
15.7275 -0.00104165
15.74 -0.00153359
15.7525 -0.00206053
15.765 -0.00261747
15.7775 -0.00319758
15.79 -0.00379226
15.8025 -0.00439106
15.815 -0.00498169
15.8275 -0.00555031
15.84 -0.00608228
15.8525 -0.00656287
15.865 -0.00697811
15.8775 -0.00731575
15.89 -0.007566
15.9025 -0.00772211
15.915 -0.00778077
15.9275 -0.00774219
15.94 -0.00760991
15.9525 -0.00739056
15.965 -0.00709382
15.9775 -0.00673223
15.99 -0.00632089
16.0025 -0.00587579
16.0125 -0.00550772
16.0225 -0.00514019
16.0325 -0.00478163
16.0425 -0.00444304
16.0525 -0.00413333
16.0625 -0.00386185
16.0725 -0.00363649
16.0825 -0.00346419
16.0925 -0.00335075
16.1025 -0.00330017
16.1125 -0.00331476
16.1225 -0.00339471
16.1325 -0.00353818
16.1425 -0.00374128
16.1525 -0.00399812
16.1625 -0.00430098
16.1725 -0.00464024
16.1825 -0.00500467
16.1925 -0.00538172
16.2025 -0.00575788
16.2125 -0.00611925
16.2225 -0.00645247
16.2325 -0.0067433
16.2425 -0.00697965
16.2525 -0.00715026
16.2625 -0.00724518
16.2725 -0.00725651
16.2825 -0.00717839
16.2925 -0.00700751
16.3025 -0.00674304
16.3125 -0.00638684
16.3225 -0.00594329
16.3325 -0.00541939
16.3425 -0.00482462
16.3525 -0.00417064
16.3625 -0.00347089
16.3725 -0.00274025
16.3825 -0.00199461
16.3925 -0.00125027
16.4025 -0.00052388
16.4125 0.000168374
16.4225 0.000811566
16.4325 0.0013912
16.4425 0.00189505
16.4525 0.00231276
16.4625 0.00263699
16.4725 0.00286303
16.4825 0.00298905
16.4925 0.0030164
16.5025 0.00294966
16.5125 0.00279628
16.5225 0.00256648
16.5325 0.00227361
16.5425 0.00193228
16.5525 0.00155751
16.5625 0.00116662
16.5725 0.000776892
16.5825 0.000405574
16.5925 6.88114e-05
16.6025 -0.000217469
16.6125 -0.000440441
16.6225 -0.000588533
16.6325 -0.000652664
16.6425 -0.000626114
16.6525 -0.000504766
16.6625 -0.000287211
16.6725 2.5118e-05
16.6825 0.000428143
16.6925 0.000915197
16.7025 0.00147709
16.7125 0.00210233
16.7225 0.00277725
16.7325 0.00348648
16.7425 0.00421349
16.7525 0.00494114
16.7625 0.00565211
16.7725 0.00632945
16.7825 0.00695707
16.7925 0.00752022
16.8025 0.00800592
16.8125 0.0084033
16.8225 0.00870385
16.8325 0.00890173
16.8425 0.00899387
16.8525 0.00898019
16.8625 0.00886339
16.8725 0.00864965
16.8825 0.00834746
16.8925 0.00796785
16.9025 0.00752393
16.9125 0.00703034
16.9225 0.00650286
16.9325 0.00595785
16.9425 0.00541198
16.9525 0.00488127
16.9625 0.00437981
16.9725 0.00391987
16.9825 0.00351566
16.9925 0.00317606
17.0025 0.00290836
17.0125 0.00271927
17.0225 0.00261152
17.0325 0.00258607
17.0425 0.00264065
17.0525 0.00277011
17.0625 0.00296704
17.0725 0.00322178
17.0825 0.00352291
17.0925 0.00385747
17.1025 0.00421153
17.1125 0.00457068
17.1225 0.00492055
17.1325 0.00524717
17.1425 0.00553741
17.1525 0.00577935
17.1625 0.00596273
17.1725 0.00607978
17.1825 0.00612303
17.1925 0.00608953
17.2025 0.0059776
17.2125 0.00578796
17.2225 0.00552347
17.2325 0.00518901
17.2425 0.0047915
17.2525 0.00433937
17.2625 0.00384241
17.2725 0.00331144
17.2825 0.00275821
17.2925 0.00219518
17.3025 0.00163503
17.3125 0.00109045
17.3225 0.000573606
17.3325 9.58675e-05
17.3425 -0.000332504
17.3525 -0.000703263
17.3625 -0.00100982
17.3725 -0.00124782
17.3825 -0.00141509
17.3925 -0.00151199
17.4025 -0.00154126
17.4125 -0.00150801
17.4225 -0.00141936
17.4325 -0.00128436
17.4425 -0.00111324
17.4525 -0.000917385
17.4625 -0.000708975
17.4725 -0.000497801
17.4825 -0.00029526
17.4925 -0.000111798
17.5025 4.30208e-05
17.5125 0.000160856
17.5225 0.000234854
17.5325 0.000259742
17.5425 0.000231885
17.5525 0.000149297
17.5625 1.16487e-05
17.5725 -0.000179762
17.5825 -0.000422164
17.5925 -0.00071136
17.6025 -0.001042
17.6125 -0.00140802
17.6225 -0.00180249
17.6325 -0.00221799
17.6425 -0.00264678
17.6525 -0.00308098
17.6625 -0.00351275
17.6725 -0.00393449
17.6825 -0.00433896
17.6925 -0.00471948
17.7025 -0.00507006
17.7125 -0.00538534
17.7225 -0.00566073
17.7325 -0.0058927
17.7425 -0.00607844
17.7525 -0.00621631
17.7625 -0.0063058
17.7725 -0.0063477
17.7825 -0.00634415
17.7925 -0.00629866
17.8025 -0.00621609
17.8125 -0.0061025
17.8225 -0.00596505
17.8325 -0.0058118
17.8425 -0.00565135
17.8525 -0.00549253
17.8625 -0.00534407
17.8725 -0.00521429
17.8825 -0.00511076
17.8925 -0.00504006
17.9025 -0.00500802
17.9125 -0.0050213
17.9225 -0.00507448
17.9325 -0.00516972
17.9425 -0.00530559
17.9525 -0.00547992
17.9625 -0.00568964
17.9725 -0.00593101
17.9825 -0.00619846
17.9925 -0.00648533
18.0025 -0.00678404
18.0125 -0.00708631
18.0225 -0.00738331
18.0325 -0.00766591
18.0425 -0.0079251
18.0525 -0.00815223
18.0625 -0.00833923
18.0725 -0.00847888
18.0825 -0.00856499
18.0925 -0.00859256
18.1025 -0.00855792
18.1125 -0.00845881
18.1225 -0.00829442
18.1325 -0.00806549
18.1425 -0.00777427
18.1525 -0.00742454
18.1625 -0.00702145
18.1725 -0.00657144
18.1825 -0.00608209
18.1925 -0.00556189
18.2025 -0.00502007
18.2125 -0.00446635
18.2225 -0.00391071
18.2325 -0.00336317
18.2425 -0.0028335
18.2525 -0.00233103
18.2625 -0.00186441
18.2725 -0.00144145
18.2825 -0.00106884
18.2925 -0.000751853
18.3025 -0.000494119
18.3125 -0.000297436
18.3225 -0.000161674
18.3325 -8.47762e-05
18.3425 -6.27868e-05
18.3525 -9.02608e-05
18.3625 -0.00016037
18.3725 -0.00026544
18.3825 -0.000395328
18.3925 -0.000541167
18.4025 -0.000692169
18.4125 -0.000837889
18.4225 -0.000967759
18.4325 -0.00107049
18.4425 -0.00113869
18.4525 -0.00116506
18.4625 -0.00114307
18.4725 -0.00106786
18.4825 -0.000935904
18.4925 -0.000745468
18.5025 -0.000496375
18.5125 -0.000189981
18.5225 0.000170934
18.5325 0.000582224
18.5425 0.00103847
18.5525 0.00153323
18.5625 0.00205907
18.5725 0.00260783
18.5825 0.00317076
18.5925 0.00373877
18.6025 0.00430259
18.6125 0.00485298
18.6225 0.00538087
18.6325 0.00587761
18.6425 0.00633527
18.6525 0.00674688
18.6625 0.00710671
18.6725 0.00741039
18.6825 0.00765475
18.6925 0.00783838
18.7025 0.00796103
18.7125 0.00802387
18.7225 0.00802954
18.7325 0.00798167
18.7425 0.00788504
18.7525 0.00774524
18.7625 0.00756866
18.7725 0.00736434
18.7825 0.00713754
18.7925 0.00689314
18.8025 0.00663932
18.8125 0.00638288
18.8225 0.0061311
18.8325 0.00589063
18.8425 0.00566796
18.8525 0.00546928
18.8625 0.00530004
18.8725 0.00516498
18.8825 0.00506792
18.8925 0.00501172
18.9025 0.00499824
18.9125 0.00502834
18.9225 0.00510179
18.9325 0.00521729
18.9425 0.0053724
18.9525 0.00556383
18.9625 0.00578733
18.9725 0.00603782
18.9825 0.00630956
18.9925 0.00659623
19.0025 0.00689111
19.0125 0.00718719
19.0225 0.00747766
19.0325 0.0077556
19.0425 0.00801352
19.0525 0.00824421
19.0625 0.0084406
19.0725 0.00859607
19.0825 0.00870467
19.0925 0.0087614
19.1025 0.00876242
19.1125 0.00870516
19.1225 0.00858844
19.1325 0.00841257
19.1425 0.00817929
19.1525 0.00789178
19.1625 0.00755458
19.1725 0.00717349
19.1825 0.00675544
19.1925 0.00630827
19.2025 0.00584055
19.2125 0.00536129
19.2225 0.00487959
19.2325 0.00440445
19.2425 0.00394443
19.2525 0.00350744
19.2625 0.0031004
19.2725 0.00272904
19.2825 0.00239767
19.2925 0.00210903
19.3025 0.00186419
19.3125 0.00166245
19.3225 0.00150137
19.3325 0.00137675
19.3425 0.00128275
19.3525 0.00121197
19.3625 0.00115578
19.3725 0.00110462
19.3825 0.00104584
19.3925 0.000970568
19.4025 0.000874772
19.4125 0.000749451
19.4225 0.000588088
19.4325 0.000384731
19.4425 0.000134559
19.4525 -0.00016672
19.4625 -0.00052119
19.4725 -0.000930053
19.4825 -0.00139306
19.4925 -0.00190909
19.5025 -0.0024754
19.5125 -0.00308805
19.5225 -0.00374198
19.5325 -0.00443114
19.5425 -0.0051531
19.5525 -0.00589324
19.5625 -0.00663563
19.5725 -0.00737009
19.5825 -0.00808383
19.5925 -0.00876522
19.6025 -0.00940313
19.6125 -0.00999645
19.6225 -0.0103737
19.6325 -0.0110668
19.6425 -0.0115471
19.6525 -0.0120066
19.6625 -0.0125831
19.6725 -0.0131246
19.6825 -0.013611
19.6925 -0.0140722
19.7025 -0.014533
19.715 -0.015093
19.725 -0.0155039
19.735 -0.0158731
19.745 -0.0162367
19.755 -0.0165801
19.765 -0.0168912
19.775 -0.0171821
19.785 -0.017454
19.795 -0.0177024
19.805 -0.0179287
19.815 -0.0181347
19.825 -0.0183195
19.835 -0.0184846
19.845 -0.0186282
19.855 -0.0187505
19.865 -0.018853
19.875 -0.0189342
19.885 -0.0189947
19.895 -0.0190352
19.905 -0.0190552
19.915 -0.0190543
19.925 -0.019033
19.935 -0.0189914
19.945 -0.0189305
19.955 -0.0188505
19.965 -0.0187522
19.975 -0.0186362
19.985 -0.0185036
19.995 -0.018355
20.005 -0.0181911
20.015 -0.0180125
20.025 -0.0178199
20.035 -0.0176143
20.045 -0.0173966
20.055 -0.0171682
20.065 -0.0169306
20.075 -0.0166856
20.085 -0.0164371
20.095 -0.0161838
20.105 -0.0159284
20.115 -0.0156741
20.125 -0.0154213
20.135 -0.0151713
20.145 -0.0149267
20.155 -0.0146893
20.165 -0.0144603
20.175 -0.0142408
20.185 -0.0140321
20.195 -0.0138354
20.205 -0.0136509
20.215 -0.0134795
20.225 -0.0133211
20.235 -0.0131754
20.245 -0.013042
20.255 -0.0129191
20.265 -0.0128049
20.275 -0.0126967
20.285 -0.0125914
20.295 -0.0124851
20.305 -0.0123737
20.315 -0.0122527
20.325 -0.0121178
20.335 -0.0119648
20.345 -0.0117899
20.355 -0.0115894
20.365 -0.0113604
20.375 -0.0111011
20.385 -0.0108118
20.395 -0.0104912
20.405 -0.0101399
20.415 -0.00976047
20.425 -0.00935346
20.435 -0.00892333
20.445 -0.00848068
20.455 -0.00802962
20.465 -0.0075775
20.475 -0.00713022
20.485 -0.00669422
20.495 -0.00627604
20.505 -0.00588168
20.515 -0.00551656
20.525 -0.00518584
20.535 -0.00489314
20.545 -0.0046424
20.555 -0.00443531
20.565 -0.00427191
20.575 -0.0041528
20.585 -0.00407651
20.595 -0.00404118
20.605 -0.00404359
20.615 -0.00407931
20.625 -0.00414313
20.635 -0.004229
20.645 -0.00433036
20.655 -0.00444019
20.665 -0.00455169
20.675 -0.00465667
20.685 -0.00474805
20.695 -0.00481806
20.705 -0.00485946
20.715 -0.00486566
20.725 -0.00483066
20.735 -0.0047494
20.745 -0.00461773
20.755 -0.00443268
20.765 -0.00419242
20.775 -0.00389595
20.785 -0.00354446
20.795 -0.00314064
20.805 -0.00268768
20.815 -0.0021915
20.825 -0.00165733
20.835 -0.00108954
20.845 -0.00049681
20.855 0.000113652
20.865 0.000732956
20.875 0.00135256
20.885 0.0019639
20.895 0.00255871
20.905 0.00312941
20.915 0.00366924
20.925 0.00417253
20.935 0.00463457
20.945 0.00505078
20.955 0.00541931
20.965 0.00573897
20.975 0.00600929
20.985 0.00623063
20.995 0.0064047
21.005 0.00653416
21.015 0.00662215
21.025 0.00667267
21.035 0.00669232
21.045 0.00668377
21.055 0.00664497
21.065 0.00658341
21.075 0.00650048
21.085 0.00639931
21.095 0.00628532
21.105 0.00616329
21.115 0.00603724
21.125 0.00591154
21.135 0.00579091
21.145 0.00567948
21.155 0.00558075
21.165 0.00549795
21.175 0.00543388
21.185 0.00539061
21.195 0.00536951
21.205 0.00537136
21.215 0.00539633
21.225 0.00544416
21.235 0.00551307
21.245 0.00560059
21.255 0.00570362
21.265 0.00581862
21.275 0.00594185
21.285 0.00606956
21.295 0.00619759
21.305 0.00632222
21.315 0.00643974
21.325 0.00654665
21.335 0.00663966
21.345 0.00671573
21.355 0.00677215
21.365 0.00680652
21.375 0.00681683
21.385 0.00680155
21.395 0.00676014
21.405 0.00669199
21.415 0.00659745
21.425 0.00647733
21.435 0.00633299
21.445 0.00616627
21.455 0.00597931
21.465 0.00577459
21.475 0.00555473
21.485 0.00532243
21.495 0.00508049
21.505 0.00483168
21.515 0.00457878
21.525 0.00432451
21.535 0.00407142
21.545 0.00382184
21.555 0.0035777
21.565 0.00334054
21.575 0.00311144
21.585 0.00289094
21.595 0.00267912
21.605 0.00247565
21.615 0.00227975
21.625 0.00209034
21.635 0.00190603
21.645 0.0017252
21.655 0.00154611
21.665 0.00136698
21.675 0.00118596
21.685 0.00100117
21.695 0.000810607
21.705 0.000612207
21.715 0.00040376
21.725 0.000176445
21.735 -6.03672e-05
21.745 -0.000305959
21.755 -0.000558243
21.765 -0.000815572
21.775 -0.00108414
21.785 -0.00135785
21.795 -0.00163767
21.805 -0.00192585
21.815 -0.00222231
21.825 -0.0025259
21.835 -0.00283573
21.845 -0.0031522
21.855 -0.00347511
21.865 -0.00380235
21.875 -0.00413261
21.885 -0.00446489
21.895 -0.0047981
21.905 -0.00513042
21.915 -0.00546001
21.925 -0.00578537
21.935 -0.00610511
21.945 -0.00641771
21.955 -0.00672174
21.965 -0.00701607
21.975 -0.00729979
21.985 -0.00757209
21.995 -0.00783228
22.005 -0.0080799
22.015 -0.00831467
22.025 -0.00853641
22.035 -0.00874512
22.045 -0.008941
22.055 -0.00912447
22.065 -0.00929619
22.075 -0.00945699
22.085 -0.00960793
22.095 -0.00975025
22.105 -0.00988534
22.115 -0.0100147
22.125 -0.0101399
22.135 -0.0102625
22.145 -0.0103842
22.155 -0.0105065
22.165 -0.010631
22.175 -0.0107591
22.185 -0.0108922
22.195 -0.0110315
22.205 -0.011178
22.215 -0.0113325
22.225 -0.0114958
22.235 -0.0116682
22.245 -0.0118496
22.255 -0.0120401
22.265 -0.0122389
22.275 -0.0124453
22.285 -0.0126583
22.295 -0.0128765
22.305 -0.0130983
22.315 -0.013322
22.325 -0.0135457
22.335 -0.0137674
22.345 -0.0139848
22.355 -0.0141957
22.365 -0.0143979
22.375 -0.0145887
22.385 -0.0147655
22.395 -0.014926
22.405 -0.015068
22.415 -0.0151889
22.425 -0.0152864
22.435 -0.0153586
22.445 -0.0154041
22.455 -0.0154217
22.465 -0.0154112
22.475 -0.0153729
22.485 -0.0153075
22.495 -0.0152167
22.505 -0.0151026
22.515 -0.0149674
22.525 -0.0148138
22.535 -0.0146445
22.545 -0.0144627
22.555 -0.0142712
22.565 -0.0140731
22.575 -0.013871
22.585 -0.01367
22.595 -0.0134679
22.605 -0.0132685
22.615 -0.0130746
22.625 -0.0128862
22.635 -0.0127047
22.645 -0.0125321
22.655 -0.0123696
22.665 -0.0122173
22.675 -0.0120747
22.685 -0.0119414
22.695 -0.0118161
22.705 -0.0116963
22.715 -0.0115793
22.725 -0.0114619
22.735 -0.0113404
22.745 -0.0112108
22.755 -0.0110691
22.765 -0.0109115
22.775 -0.0107341
22.785 -0.0105335
22.795 -0.0103069
22.805 -0.0100517
22.815 -0.00976509
22.825 -0.00944305
22.835 -0.0090945
22.845 -0.00871841
22.855 -0.00831862
22.865 -0.00789701
22.875 -0.0074562
22.885 -0.00699991
22.895 -0.00653214
22.905 -0.00605685
22.915 -0.00557843
22.925 -0.00510133
22.935 -0.00463092
22.945 -0.00417082
22.955 -0.00372505
22.965 -0.00329692
22.975 -0.00289295
22.985 -0.00251318
22.995 -0.00216078
23.005 -0.00183741
23.015 -0.00154432
23.025 -0.00128253
23.035 -0.001052
23.045 -0.000852294
23.055 -0.000682326
23.065 -0.000540468
23.075 -0.000424493
23.085 -0.000331578
23.095 -0.00025844
23.105 -0.000201416
23.115 -0.000156414
23.125 -0.000119105
23.135 -8.4993e-05
23.145 -4.95782e-05
23.155 -8.48653e-06
23.165 4.24271e-05
23.175 0.000106969
23.185 0.000188496
23.195 0.000289808
23.205 0.000412974
23.215 0.000558963
23.225 0.000729129
23.235 0.000923246
23.245 0.00114049
23.255 0.00137924
23.265 0.00163702
23.275 0.00191077
23.285 0.00219676
23.295 0.00249077
23.305 0.00278808
23.315 0.0030835
23.325 0.00337171
23.335 0.00364768
23.345 0.00390598
23.355 0.00414101
23.365 0.00434761
23.375 0.00452116
23.385 0.00465782
23.395 0.00475457
23.405 0.00480936
23.415 0.00482106
23.425 0.00478927
23.435 0.00471489
23.445 0.00460002
23.455 0.00444755
23.465 0.00426159
23.475 0.00404708
23.485 0.00380962
23.495 0.00355527
23.505 0.0032905
23.515 0.00302191
23.525 0.00275527
23.535 0.00249678
23.545 0.00225168
23.555 0.00202456
23.565 0.00181916
23.575 0.00163834
23.585 0.00148402
23.595 0.00135708
23.605 0.00125741
23.615 0.00118391
23.625 0.00113454
23.635 0.0011064
23.645 0.00109583
23.655 0.00109858
23.665 0.00110999
23.675 0.00112518
23.685 0.00113928
23.695 0.0011476
23.705 0.00114576
23.715 0.00112984
23.725 0.00109652
23.735 0.00104309
23.745 0.000967531
23.755 0.000868552
23.765 0.000745603
23.775 0.000598845
23.785 0.000429086
23.795 0.000237687
23.805 2.64766e-05
23.815 -0.000202355
23.825 -0.000446375
23.835 -0.000702997
23.845 -0.000969526
23.855 -0.00124322
23.865 -0.0015214
23.875 -0.00180122
23.885 -0.00207924
23.895 -0.00235309
23.905 -0.00262551
23.915 -0.00288679
23.925 -0.00313611
23.935 -0.00337658
23.945 -0.00360267
23.955 -0.0038149
23.965 -0.00401478
23.975 -0.00420199
23.985 -0.00437521
23.995 -0.00453427
24.005 -0.00468011
24.015 -0.00481307
24.025 -0.00493283
24.035 -0.00503948
24.045 -0.00513366
24.055 -0.00521593
24.065 -0.00528661
24.075 -0.00534614
24.085 -0.00539526
24.095 -0.0054348
24.105 -0.0054655
24.115 -0.00548811
24.125 -0.00550354
24.135 -0.00551265
24.145 -0.00551628
24.155 -0.00551517
24.165 -0.00551001
24.175 -0.00550148
24.185 -0.00549019
24.195 -0.00547668
24.205 -0.0054615
24.215 -0.00544523
24.225 -0.00542845
24.235 -0.00541175
24.245 -0.00539572
24.255 -0.00538097
24.265 -0.00536812
24.275 -0.00535775
24.285 -0.00535042
24.295 -0.00534665
24.305 -0.00534706
24.315 -0.00535217
24.325 -0.00536253
24.335 -0.00537865
24.345 -0.00540108
24.355 -0.00543039
24.365 -0.00546722
24.375 -0.00551213
24.385 -0.0055656
24.395 -0.00562822
24.405 -0.00570024
24.415 -0.00578206
24.425 -0.00587389
24.435 -0.00597581
24.445 -0.00608771
24.455 -0.00620924
24.465 -0.00633982
24.475 -0.00647859
24.485 -0.00662439
24.495 -0.00677568
24.505 -0.00693058
24.515 -0.00708748
24.525 -0.00724343
24.535 -0.00739519
24.545 -0.00753916
24.555 -0.00767167
24.565 -0.00778893
24.575 -0.0078874
24.585 -0.00796385
24.595 -0.00801545
24.605 -0.00803994
24.615 -0.00803638
24.625 -0.0080037
24.635 -0.00794198
24.645 -0.00785313
24.655 -0.00773647
24.665 -0.00759542
24.675 -0.00743284
24.685 -0.00725117
24.695 -0.00705401
24.705 -0.00684572
24.715 -0.00663044
24.725 -0.00641219
24.735 -0.0061953
24.745 -0.0059842
24.755 -0.00578305
24.765 -0.00559573
24.775 -0.00542599
24.785 -0.00527715
24.795 -0.005152
24.805 -0.00505263
24.815 -0.00498044
24.825 -0.00493615
24.835 -0.00491958
24.845 -0.00492975
24.855 -0.00496495
24.865 -0.00502254
24.875 -0.00509922
24.885 -0.00519109
24.895 -0.00529366
24.905 -0.00540212
24.915 -0.00551155
24.925 -0.005617
24.935 -0.0057137
24.945 -0.00579742
24.955 -0.00586463
24.965 -0.00591159
24.975 -0.00593648
24.985 -0.00593719
24.995 -0.00591272
25.005 -0.00586286
25.015 -0.00578819
25.025 -0.00569015
25.035 -0.00557081
25.045 -0.00543295
25.055 -0.00527997
25.065 -0.00511588
25.075 -0.0049451
25.085 -0.00477233
25.095 -0.0046024
25.105 -0.0044401
25.115 -0.00429015
25.125 -0.0041569
25.135 -0.0040443
25.145 -0.00395634
25.155 -0.00389595
25.165 -0.00386546
25.175 -0.00386637
25.185 -0.00389943
25.195 -0.00396454
25.205 -0.00406077
25.215 -0.00418622
25.225 -0.00433806
25.235 -0.0045127
25.245 -0.00470566
25.255 -0.00491178
25.265 -0.00512537
25.275 -0.00534054
25.285 -0.00555131
25.295 -0.00575181
25.305 -0.00593652
25.315 -0.00610026
25.325 -0.00623893
25.335 -0.00634744
25.345 -0.00642617
25.355 -0.00647393
25.365 -0.00649066
25.375 -0.00647713
25.385 -0.00643458
25.395 -0.00636546
25.405 -0.00627313
25.415 -0.00616164
25.425 -0.0060372
25.435 -0.0059018
25.445 -0.00576073
25.455 -0.00561881
25.465 -0.00548078
25.475 -0.00535117
25.485 -0.00523421
25.495 -0.00513397
25.505 -0.00505362
25.515 -0.00499618
25.525 -0.00496367
25.535 -0.00495735
25.545 -0.00497783
25.555 -0.00502485
25.565 -0.00509729
25.575 -0.00519338
25.585 -0.00531072
25.595 -0.00544631
25.605 -0.0055967
25.615 -0.00575807
25.625 -0.00592638
25.635 -0.00609742
25.645 -0.00626692
25.655 -0.00643004
25.665 -0.00658388
25.675 -0.00672807
25.685 -0.00685736
25.695 -0.00697024
25.705 -0.00706623
25.715 -0.00714396
25.725 -0.00720163
25.735 -0.0072389
25.745 -0.00725646
25.755 -0.00725494
25.765 -0.00723509
25.775 -0.00719846
25.785 -0.0071474
25.795 -0.00708451
25.805 -0.00701259
25.815 -0.00693482
25.825 -0.00685488
25.835 -0.00677658
25.845 -0.00670373
25.855 -0.00664012
25.865 -0.00658951
25.875 -0.00655545
25.885 -0.0065411
25.895 -0.00654926
25.905 -0.00658224
25.915 -0.0066417
25.925 -0.00672868
25.935 -0.00684398
25.945 -0.00698691
25.955 -0.00715646
25.965 -0.00735112
25.975 -0.00756859
25.985 -0.00780551
25.995 -0.00805719
26.005 -0.00831898
26.015 -0.00858538
26.025 -0.00885049
26.035 -0.00910767
26.045 -0.00935172
26.055 -0.00957605
26.065 -0.00977465
26.075 -0.0099418
26.085 -0.0100725
26.095 -0.0101622
26.105 -0.0102074
26.115 -0.0102055
26.125 -0.0101561
26.135 -0.0100566
26.145 -0.00990799
26.155 -0.00971258
26.165 -0.00947206
26.175 -0.00918968
26.185 -0.00887042
26.195 -0.00851969
26.205 -0.00814299
26.215 -0.00774659
26.225 -0.00733716
26.235 -0.0069208
26.245 -0.00650431
26.255 -0.00609444
26.265 -0.00569711
26.275 -0.00531795
26.285 -0.00496169
26.295 -0.00463254
26.305 -0.0043342
26.315 -0.00406937
26.325 -0.00384005
26.335 -0.00364598
26.345 -0.00348736
26.355 -0.00336309
26.365 -0.00327135
26.375 -0.00320958
26.385 -0.00317461
26.395 -0.00316323
26.405 -0.0031699
26.415 -0.00319088
26.425 -0.00322187
26.435 -0.00325748
26.445 -0.00329293
26.455 -0.00332331
26.465 -0.00334417
26.475 -0.00335129
26.485 -0.00334082
26.495 -0.00330947
26.505 -0.00325466
26.515 -0.00317453
26.525 -0.00306789
26.535 -0.00293436
26.545 -0.00277436
26.555 -0.00258908
26.565 -0.00238047
26.575 -0.00215118
26.585 -0.00190456
26.595 -0.00164443
26.605 -0.00137594
26.615 -0.00110268
26.625 -0.000829088
26.635 -0.00056023
26.645 -0.000300625
26.655 -5.51713e-05
26.665 0.000171759
26.675 0.000376078
26.685 0.000554158
26.695 0.00070291
26.705 0.000819841
26.715 0.000903098
26.725 0.000951589
26.735 0.000964941
26.745 0.000943528
26.755 0.000888451
26.765 0.000801547
26.775 0.000685905
26.785 0.00054433
26.795 0.000380954
26.805 0.000200617
26.815 8.35104e-06
26.825 -0.000190578
26.835 -0.000390717
26.845 -0.000586414
26.855 -0.000772139
26.865 -0.000942627
26.875 -0.00109296
26.885 -0.00121872
26.895 -0.00131611
26.905 -0.00138205
26.915 -0.00141431
26.925 -0.00141151
26.935 -0.00137323
26.945 -0.00129996
26.955 -0.00119285
26.965 -0.00105437
26.975 -0.000887533
26.985 -0.000696241
26.995 -0.000485673
27.005 -0.000260789
27.015 -2.70984e-05
27.025 0.000209375
27.035 0.000442458
27.045 0.000666175
27.055 0.000874651
27.065 0.00106153
27.075 0.00122238
27.085 0.00135281
27.095 0.0014487
27.105 0.00150728
27.115 0.00152554
27.125 0.00150161
27.135 0.00143496
27.145 0.00132576
27.155 0.00117528
27.165 0.00098574
27.175 0.000760141
27.185 0.000502322
27.195 0.00021684
27.205 -9.11757e-05
27.215 -0.000416141
27.225 -0.000752193
27.235 -0.00109337
27.245 -0.00143353
27.255 -0.00176669
27.265 -0.00208907
27.275 -0.00239558
27.285 -0.00268522
27.295 -0.00295139
27.305 -0.00319043
27.315 -0.00340079
27.325 -0.00358079
27.335 -0.00372976
27.345 -0.0038467
27.355 -0.00393617
27.365 -0.00399933
27.375 -0.0040383
27.385 -0.00405753
27.395 -0.00406161
27.405 -0.00405417
27.415 -0.00403881
27.425 -0.00401901
27.435 -0.0040015
27.445 -0.00398838
27.455 -0.00398291
27.465 -0.00398918
27.475 -0.00401014
27.485 -0.00404825
27.495 -0.00410539
27.505 -0.00418361
27.515 -0.00428366
27.525 -0.00440616
27.535 -0.00455125
27.545 -0.00471817
27.555 -0.00490571
27.565 -0.0051115
27.575 -0.00533248
27.585 -0.00556479
27.595 -0.0058039
27.605 -0.00604482
27.615 -0.00628218
27.625 -0.00650988
27.635 -0.00672287
27.645 -0.0069159
27.655 -0.00708357
27.665 -0.00722114
27.675 -0.00732457
27.685 -0.00739021
27.695 -0.00741486
27.705 -0.00739622
27.715 -0.00733363
27.725 -0.00722671
27.735 -0.00707593
27.745 -0.00688361
27.755 -0.00665272
27.765 -0.00638609
27.775 -0.00608876
27.785 -0.00576482
27.795 -0.0054201
27.805 -0.00506065
27.815 -0.00469273
27.825 -0.0043224
27.835 -0.00395603
27.845 -0.00360015
27.855 -0.00326112
27.865 -0.00294396
27.875 -0.0026541
27.885 -0.00239563
27.895 -0.0021738
27.905 -0.00199075
27.915 -0.0018473
27.925 -0.0017452
27.935 -0.00168466
27.945 -0.00166567
27.955 -0.00168681
27.965 -0.00174535
27.975 -0.00183767
27.985 -0.00195908
27.995 -0.00210417
28.005 -0.00226653
28.015 -0.0024403
28.025 -0.00261909
28.035 -0.00279743
28.045 -0.00296792
28.055 -0.0031234
28.065 -0.00325756
28.075 -0.00337013
28.085 -0.00345664
28.095 -0.00351444
28.105 -0.0035416
28.115 -0.00353731
28.125 -0.00350216
28.135 -0.00343582
28.145 -0.00334067
28.155 -0.00321941
28.165 -0.00307472
28.175 -0.00291047
28.185 -0.0027314
28.195 -0.00254249
28.205 -0.00234937
28.215 -0.00215575
28.225 -0.00196822
28.235 -0.00179079
28.245 -0.0016285
28.255 -0.00148631
28.265 -0.00136852
28.275 -0.00127884
28.285 -0.00121995
28.295 -0.00119387
28.305 -0.00120171
28.315 -0.0012436
28.325 -0.00131776
28.335 -0.00142277
28.345 -0.00155675
28.355 -0.00171524
28.365 -0.00189383
28.375 -0.00208729
28.385 -0.00228986
28.395 -0.00249531
28.405 -0.00269717
28.415 -0.00288899
28.425 -0.00306403
28.435 -0.00321705
28.445 -0.00334272
28.455 -0.00343632
28.465 -0.00349409
28.475 -0.00351292
28.485 -0.00349084
28.495 -0.00342688
28.505 -0.0033213
28.515 -0.00317477
28.525 -0.00298987
28.535 -0.00276979
28.545 -0.00251856
28.555 -0.0022407
28.565 -0.00194348
28.575 -0.00163251
28.585 -0.00131341
28.595 -0.000992359
28.605 -0.000676358
28.615 -0.000371537
28.625 -8.37053e-05
28.635 0.000181048
28.645 0.000417237
28.655 0.000620311
28.665 0.000786367
28.675 0.000912215
28.685 0.000995752
28.695 0.00103604
28.705 0.00103297
28.715 0.000987532
28.725 0.000901945
28.735 0.000779213
28.745 0.000623191
28.755 0.00043845
28.765 0.00023006
28.775 3.46213e-06
28.785 -0.000235683
28.795 -0.000481636
28.805 -0.000728706
28.815 -0.000971382
28.825 -0.00120446
28.835 -0.00142279
28.845 -0.00162277
28.855 -0.00180118
28.865 -0.00195517
28.875 -0.00208283
28.885 -0.00218276
28.895 -0.00225447
28.905 -0.00229819
28.915 -0.00231496
28.925 -0.00230667
28.935 -0.00227585
28.945 -0.00222576
28.955 -0.00216014
28.965 -0.00208309
28.975 -0.00199863
28.985 -0.00191106
28.995 -0.00182453
29.005 -0.00174207
29.015 -0.00166754
29.025 -0.00160369
29.035 -0.00155311
29.045 -0.0015174
29.055 -0.0014974
29.065 -0.00149327
29.075 -0.00150447
29.085 -0.00152982
29.095 -0.00156746
29.105 -0.00161486
29.115 -0.00166903
29.125 -0.00172662
29.135 -0.00178286
29.145 -0.00183332
29.155 -0.00187888
29.165 -0.00191457
29.175 -0.001938
29.185 -0.0019464
29.195 -0.00193763
29.205 -0.00190967
29.215 -0.00186086
29.225 -0.00179014
29.235 -0.0016969
29.245 -0.00158137
29.255 -0.00144285
29.265 -0.00128227
29.275 -0.00110177
29.285 -0.000902685
29.295 -0.000687249
29.305 -0.000459005
29.315 -0.000221627
29.325 2.18833e-05
29.335 0.000267156
29.345 0.000509888
29.355 0.000745596
29.365 0.000969873
29.375 0.00117841
29.385 0.00136701
29.395 0.00153174
29.405 0.00166898
29.415 0.00177572
29.425 0.00184939
29.435 0.00188798
29.445 0.00189011
29.455 0.00185516
29.465 0.00178317
29.475 0.00167495
29.485 0.00153203
29.495 0.00135652
29.505 0.00115114
29.515 0.00091912
29.525 0.000664096
29.535 0.000389986
29.545 0.000100884
29.555 -0.000199054
29.565 -0.000505774
29.575 -0.000817225
29.585 -0.00112832
29.595 -0.00143301
29.605 -0.00172977
29.615 -0.00201539
29.625 -0.0022878
29.635 -0.00254469
29.645 -0.00278423
29.655 -0.00300607
29.665 -0.00321627
29.675 -0.00341239
29.685 -0.00359725
29.695 -0.00377529
29.705 -0.00395003
29.715 -0.00412209
29.725 -0.00429604
29.735 -0.00447542
29.745 -0.00466237
29.755 -0.00486023
29.765 -0.00507099
29.775 -0.00529766
29.785 -0.00554212
29.795 -0.00580563
29.805 -0.00608917
29.815 -0.00639346
29.825 -0.00671875
29.835 -0.00706459
29.845 -0.00743002
29.855 -0.00781372
29.865 -0.00821398
29.875 -0.00862861
29.885 -0.00905505
29.895 -0.00949041
29.905 -0.00993151
29.915 -0.0103749
29.925 -0.010817
29.935 -0.0112539
29.945 -0.0116819
29.955 -0.0120972
29.965 -0.0124959
29.975 -0.0128744
29.985 -0.0132293
29.995 -0.0135573
30.005 -0.0138557
30.015 -0.0141219
30.025 -0.0143538
30.035 -0.0145499
30.045 -0.0147091
30.055 -0.014831
30.065 -0.0149156
30.075 -0.0149634
30.085 -0.0149756
30.095 -0.014954
30.105 -0.0149005
30.115 -0.0148178
30.125 -0.0147091
30.135 -0.0145777
30.145 -0.0144275
30.155 -0.0142627
30.165 -0.0140876
30.175 -0.0139066
30.185 -0.0137243
30.195 -0.0135453
30.205 -0.0133736
30.215 -0.0132132
30.225 -0.0130675
30.235 -0.0129396
30.245 -0.012832
30.255 -0.0127464
30.265 -0.0126843
30.275 -0.0126459
30.285 -0.0126305
30.295 -0.0126368
30.305 -0.0126626
30.315 -0.0127052
30.325 -0.0127612
30.335 -0.0128272
30.345 -0.0128993
30.355 -0.0129732
30.365 -0.0130449
30.375 -0.0131104
30.385 -0.0131657
30.395 -0.0132071
30.405 -0.0132322
30.415 -0.0132367
30.425 -0.0132181
30.435 -0.0131752
30.445 -0.0131058
30.455 -0.013009
30.465 -0.0128848
30.475 -0.0127338
30.485 -0.012557
30.495 -0.012356
30.505 -0.0121331
30.515 -0.0118912
30.525 -0.0116335
30.535 -0.0113634
30.545 -0.0110849
30.555 -0.010802
30.565 -0.0105189
30.575 -0.0102397
30.585 -0.00996805
30.595 -0.00970767
30.605 -0.00946162
30.615 -0.00923251
30.625 -0.00902243
30.635 -0.00883287
30.645 -0.00866471
30.655 -0.0085182
30.665 -0.00839301
30.675 -0.00828821
30.685 -0.00820237
30.695 -0.00813356
30.705 -0.00807945
30.715 -0.00803737
30.725 -0.00800431
30.735 -0.00797707
30.745 -0.00795228
30.755 -0.00792653
30.765 -0.00789643
30.775 -0.00785647
30.785 -0.00780607
30.795 -0.00774549
30.805 -0.00767194
30.815 -0.00758475
30.825 -0.00748299
30.835 -0.0073665
30.845 -0.00723501
30.855 -0.00708877
30.865 -0.00692851
30.875 -0.00675519
30.885 -0.00656998
30.895 -0.0063744
30.905 -0.00617041
30.915 -0.00596014
30.925 -0.0057459
30.935 -0.00553019
30.945 -0.00531564
30.955 -0.00510492
30.965 -0.00490067
30.975 -0.00470538
30.985 -0.00452158
30.995 -0.00435126
31.005 -0.00419614
31.015 -0.00405773
31.025 -0.00393756
31.035 -0.0038363
31.045 -0.00375443
31.055 -0.0036919
31.065 -0.00364828
31.075 -0.00362269
31.085 -0.00361388
31.095 -0.00362021
31.105 -0.00363969
31.115 -0.00367008
31.125 -0.0037089
31.135 -0.00375351
31.145 -0.00380115
31.155 -0.00384909
31.165 -0.00389461
31.175 -0.00393507
31.185 -0.00396796
31.195 -0.00399098
31.205 -0.00400202
31.215 -0.00399924
31.225 -0.00398109
31.235 -0.00394633
31.245 -0.00389404
31.255 -0.00382363
31.265 -0.0037348
31.275 -0.00362776
31.285 -0.00350283
31.295 -0.00336076
31.305 -0.00320287
31.315 -0.00303039
31.325 -0.00284415
31.335 -0.00264583
31.345 -0.00243692
31.355 -0.00221998
31.365 -0.00199675
31.375 -0.0017694
31.385 -0.00153992
31.395 -0.00131026
31.405 -0.00108232
31.415 -0.000857803
31.425 -0.000638283
31.435 -0.000425162
31.445 -0.000219469
31.455 -2.18127e-05
31.465 0.000167107
31.475 0.000347192
31.485 0.000518389
31.495 0.000681
31.505 0.000835518
31.515 0.000982631
31.525 0.00112319
31.535 0.00125817
31.545 0.00138862
31.555 0.00151565
31.565 0.00164036
31.575 0.00176384
31.585 0.00188714
31.595 0.00201123
31.605 0.00213696
31.615 0.00226511
31.625 0.00239629
31.635 0.00253096
31.645 0.00266943
31.655 0.00281184
31.665 0.00295814
31.675 0.00310813
31.685 0.00326143
31.695 0.00341751
31.705 0.00357569
31.715 0.00373516
31.725 0.00389495
31.735 0.00405402
31.745 0.0042112
31.755 0.00436524
31.765 0.00451484
31.775 0.00465864
31.785 0.0047953
31.795 0.00492345
31.805 0.00504177
31.815 0.00514898
31.825 0.00524392
31.835 0.0053255
31.845 0.00539276
31.855 0.00544492
31.865 0.00548136
31.875 0.00550161
31.885 0.00550542
31.895 0.00549277
31.905 0.00546383
31.915 0.00541891
31.925 0.00535876
31.935 0.00528437
31.945 0.00519684
31.955 0.00509758
31.965 0.00498819
31.975 0.00487039
31.985 0.00474606
31.995 0.00461713
32.0075 0.00445225
32.02 0.00428637
32.0325 0.0041226
32.045 0.00396359
32.0575 0.00381136
32.07 0.00366723
32.0825 0.00353175
32.095 0.00340463
32.1075 0.00328478
32.12 0.00317034
32.1325 0.00305885
32.145 0.00294727
32.1575 0.00283222
32.17 0.00271006
32.1825 0.00257723
32.195 0.00243039
32.2075 0.00226668
32.22 0.00208387
32.2325 0.00188057
32.245 0.00165619
32.2575 0.00141098
32.27 0.00114587
32.2825 0.000862496
32.295 0.000562999
32.3075 0.000249995
32.32 -7.35431e-05
32.3325 -0.000404388
32.345 -0.000739196
32.3575 -0.00107515
32.37 -0.00141208
32.3825 -0.00173663
32.395 -0.0020442
32.4075 -0.00233998
32.42 -0.00261606
32.4325 -0.00287606
32.445 -0.00312136
32.4575 -0.00335053
32.47 -0.00356478
32.4825 -0.00376721
32.495 -0.00395956
32.5075 -0.00414306
32.52 -0.00432106
32.5325 -0.00449633
32.545 -0.00467125
32.5575 -0.00484861
32.57 -0.00503109
32.5825 -0.00522084
32.595 -0.00541979
32.6075 -0.00562965
32.62 -0.00585161
32.6325 -0.00608647
32.645 -0.00633481
32.6575 -0.00659679
32.67 -0.00687215
32.6825 -0.00716033
32.695 -0.00746042
32.7075 -0.00777117
32.72 -0.00809105
32.7325 -0.00841825
32.745 -0.00875081
32.7575 -0.00908662
32.77 -0.00942347
32.7825 -0.00975917
32.795 -0.0100916
32.8075 -0.0104187
32.82 -0.0107388
32.8325 -0.0110504
32.845 -0.0113522
32.8575 -0.0116434
32.87 -0.0119237
32.8825 -0.0121929
32.895 -0.0124515
32.9075 -0.0127001
32.92 -0.0129397
32.9325 -0.0131716
32.945 -0.0133971
32.9575 -0.0136177
32.97 -0.013835
32.9825 -0.014051
32.995 -0.0142674
33.0075 -0.0144862
33.02 -0.0147091
33.0325 -0.0149378
33.045 -0.0151737
33.0575 -0.0154173
33.07 -0.0156691
33.0825 -0.0159292
33.095 -0.016197
33.1075 -0.0164714
33.12 -0.0167509
33.1325 -0.0170336
33.145 -0.0173171
33.1575 -0.0175987
33.17 -0.0178762
33.1825 -0.0181467
33.195 -0.0184068
33.2075 -0.0186502
33.22 -0.018881
33.2325 -0.0190975
33.245 -0.0192971
33.2575 -0.0194758
33.27 -0.0196316
33.2825 -0.019762
33.295 -0.0198644
33.3075 -0.0199359
33.32 -0.0199746
33.3325 -0.0199781
33.345 -0.0199446
33.3575 -0.0198741
33.37 -0.0197673
33.3825 -0.0196263
33.395 -0.0194536
33.4075 -0.0192529
33.42 -0.0190285
33.4325 -0.0187853
33.445 -0.0185283
33.4575 -0.0182628
33.47 -0.017994
33.4825 -0.0177281
33.495 -0.0174641
33.5075 -0.0172077
33.52 -0.0169588
33.5325 -0.0167173
33.545 -0.0164842
33.5575 -0.0162586
33.57 -0.0160384
33.5825 -0.0158217
33.595 -0.015606
33.6075 -0.0153878
33.62 -0.0151638
33.6325 -0.0149307
33.645 -0.0146848
33.6575 -0.0144232
33.67 -0.014143
33.6825 -0.0138424
33.695 -0.0135201
33.7075 -0.0131756
33.72 -0.0128096
33.7325 -0.0124228
33.745 -0.012017
33.7575 -0.0115945
33.77 -0.0111581
33.7825 -0.0107106
33.795 -0.010255
33.8075 -0.00979439
33.82 -0.00933151
33.8325 -0.00886095
33.845 -0.00839445
33.8575 -0.00794027
33.87 -0.00750326
33.8825 -0.00708681
33.895 -0.00669642
33.9075 -0.00633594
33.92 -0.00600719
33.9325 -0.00571178
33.945 -0.00544975
33.9575 -0.00522
33.97 -0.00502096
33.9825 -0.00484792
33.995 -0.00469713
34.0075 -0.00456328
34.02 -0.00444145
34.0325 -0.00432597
34.045 -0.00421069
34.0575 -0.00409007
34.07 -0.0039586
34.0825 -0.00381051
34.095 -0.00364131
34.1075 -0.00344686
34.12 -0.00322408
34.1325 -0.00297063
34.145 -0.00268531
34.1575 -0.00236799
34.17 -0.00201955
34.1825 -0.00164188
34.195 -0.0012378
34.2075 -0.000810979
34.22 -0.000365763
34.2325 9.29563e-05
34.245 0.000559887
34.2575 0.00102951
34.27 0.00149621
34.2825 0.00195443
34.295 0.00239877
34.3075 0.00282413
34.32 0.00322583
34.3325 0.00359969
34.345 0.00394217
34.3575 0.00425047
34.37 0.0045226
34.3825 0.00475745
34.395 0.00495482
34.4075 0.00511543
34.42 0.00524081
34.4325 0.00533324
34.445 0.00539557
34.4575 0.00543121
34.47 0.00544417
34.4825 0.00543867
34.495 0.0054191
34.5075 0.00538981
34.52 0.00535502
34.5325 0.00531863
34.545 0.0052842
34.5575 0.0052547
34.57 0.00523251
34.5825 0.00521936
34.595 0.00521616
34.6075 0.00522317
34.62 0.00523976
34.6325 0.00526412
34.645 0.00529353
34.6575 0.00532456
34.67 0.00535323
34.6825 0.00537518
34.695 0.00538593
34.7075 0.00538106
34.72 0.00535648
34.7325 0.00530861
34.745 0.0052346
34.7575 0.00513242
34.77 0.00500104
34.7825 0.0048405
34.795 0.00465188
34.8075 0.00443731
34.82 0.00419983
34.8325 0.00394331
34.845 0.00367219
34.8575 0.00339134
34.87 0.00310579
34.8825 0.00282046
34.895 0.00253998
34.9075 0.00226851
34.92 0.00200964
34.9325 0.00176623
34.945 0.00154033
34.9575 0.00133314
34.97 0.00114499
34.9825 0.000975391
34.995 0.00082295
35.0075 0.000685464
35.02 0.00055997
35.0325 0.000442862
35.045 0.000330024
35.0575 0.00021698
35.07 9.90666e-05
35.0825 -2.83982e-05
35.095 -0.000169937
35.1075 -0.000329728
35.12 -0.000511422
35.1325 -0.000725343
35.145 -0.000960201
35.1575 -0.00121506
35.17 -0.00148552
35.1825 -0.00176453
35.195 -0.00205844
35.2075 -0.0023602
35.22 -0.00266947
35.2325 -0.00298869
35.245 -0.00331602
35.2575 -0.00364953
35.27 -0.00398995
35.2825 -0.00433588
35.295 -0.00468563
35.3075 -0.00503839
35.32 -0.00539323
35.3325 -0.00574809
35.345 -0.00610188
35.3575 -0.0064529
35.37 -0.00679933
35.3825 -0.00713928
35.395 -0.00747125
35.4075 -0.00779357
35.42 -0.00810464
35.4325 -0.00840322
35.445 -0.00868829
35.4575 -0.00895904
35.47 -0.00921495
35.4825 -0.0094558
35.495 -0.0096816
35.5075 -0.00989258
35.52 -0.0100891
35.5325 -0.0102718
35.545 -0.0104411
35.5575 -0.0105978
35.57 -0.0107427
35.5825 -0.0108763
35.595 -0.0109995
35.6075 -0.011113
35.62 -0.0112178
35.6325 -0.0113144
35.645 -0.0114038
35.6575 -0.0114867
35.67 -0.0115638
35.6825 -0.0116356
35.695 -0.0117027
35.7075 -0.0117654
35.72 -0.0118237
35.7325 -0.0118778
35.745 -0.0119274
35.7575 -0.0119721
35.77 -0.0120115
35.7825 -0.0120449
35.795 -0.0120716
35.8075 -0.0120909
35.82 -0.0121019
35.8325 -0.0121039
35.845 -0.0120964
35.8575 -0.0120787
35.87 -0.0120506
35.8825 -0.012012
35.895 -0.0119629
35.9075 -0.0119037
35.92 -0.0118353
35.9325 -0.0117587
35.945 -0.0116755
35.9575 -0.0115873
35.97 -0.0114962
35.9825 -0.0114042
35.995 -0.0113136
36.0075 -0.0112267
36.02 -0.011145
36.0325 -0.0110699
36.045 -0.0110018
36.0575 -0.0109408
36.07 -0.0108863
36.0825 -0.0108372
36.095 -0.0107919
36.1075 -0.0107492
36.12 -0.0107042
36.1325 -0.0106548
36.145 -0.0105971
36.1575 -0.0105266
36.17 -0.0104404
36.1825 -0.0103353
36.195 -0.0102079
36.2075 -0.0100561
36.22 -0.00987792
36.2325 -0.00967199
36.245 -0.00943768
36.2575 -0.0091751
36.27 -0.0088849
36.2825 -0.00856845
36.295 -0.0082283
36.3075 -0.00786218
36.32 -0.00748275
36.3325 -0.00709403
36.345 -0.00670203
36.3575 -0.00631097
36.37 -0.00592586
36.3825 -0.00555081
36.395 -0.0051891
36.4075 -0.00484354
36.42 -0.00451562
36.4325 -0.00420699
36.445 -0.00391583
36.4575 -0.00364168
36.47 -0.00338266
36.4825 -0.0031361
36.495 -0.00290136
36.5075 -0.00267478
36.52 -0.00245438
36.5325 -0.00223651
36.545 -0.00201844
36.5575 -0.00179722
36.57 -0.00157016
36.5825 -0.00133475
36.595 -0.00108886
36.6075 -0.000830902
36.62 -0.000559899
36.6325 -0.000275433
36.645 2.22169e-05
36.6575 0.000332044
36.67 0.000652338
36.6825 0.000980738
36.695 0.00131428
36.7075 0.00164947
36.72 0.00198239
36.7325 0.00230879
36.745 0.00262432
36.7575 0.0029247
36.77 0.0032058
36.7825 0.00346388
36.795 0.00369576
36.8075 0.00389887
36.82 0.00407135
36.8325 0.00421208
36.845 0.00432074
36.8575 0.00439782
36.87 0.0044445
36.8825 0.00446268
36.895 0.00445486
36.9075 0.00442398
36.92 0.00437355
36.9325 0.00430742
36.945 0.00422969
36.9575 0.00414454
36.97 0.00405615
36.9825 0.00396848
36.995 0.00388532
37.0075 0.00381003
37.02 0.00374549
37.0325 0.00369404
37.045 0.00365731
37.0575 0.00363642
37.07 0.00363157
37.0825 0.00364174
37.095 0.00366505
37.1075 0.00369886
37.12 0.00373982
37.1325 0.00378405
37.145 0.0038272
37.1575 0.00386464
37.17 0.00389164
37.1825 0.00390351
37.195 0.00389579
37.2075 0.0038644
37.22 0.00380594
37.2325 0.00371781
37.245 0.00359835
37.2575 0.00344691
37.27 0.00326395
37.2825 0.00305096
37.295 0.00281038
37.3075 0.0025454
37.32 0.00225984
37.3325 0.00195793
37.345 0.0016441
37.3575 0.00132274
37.37 0.000998016
37.3825 0.000673644
37.395 0.000352742
37.4075 3.76676e-05
37.42 -0.000270084
37.4325 -0.000569944
37.445 -0.000862281
37.4575 -0.00115023
37.47 -0.00143876
37.4825 -0.00171642
37.495 -0.00198381
37.5075 -0.00224429
37.52 -0.00250148
37.5325 -0.00275545
37.545 -0.0030136
37.5575 -0.00327903
37.57 -0.00355341
37.5825 -0.00383966
37.595 -0.0041413
37.6075 -0.00445953
37.62 -0.00479575
37.6325 -0.00515119
37.645 -0.00552571
37.6575 -0.00591857
37.67 -0.00632876
37.6825 -0.00675427
37.695 -0.00719232
37.7075 -0.00763975
37.72 -0.00809298
37.7325 -0.00854789
37.745 -0.00900013
37.7575 -0.0094453
37.77 -0.00987894
37.7825 -0.0102967
37.795 -0.0106945
37.8075 -0.0110686
37.82 -0.0114158
37.8325 -0.0117335
37.845 -0.0120198
37.8575 -0.0122733
37.87 -0.0124937
37.8825 -0.0126812
37.895 -0.0128371
37.9075 -0.0129632
37.92 -0.0130619
37.9325 -0.0131364
37.945 -0.0131904
37.9575 -0.0132281
37.97 -0.013254
37.9825 -0.0132731
37.995 -0.0132901
38.0075 -0.0133103
38.02 -0.0133384
38.0325 -0.0133792
38.045 -0.013437
38.0575 -0.0135157
38.07 -0.0136187
38.0825 -0.0137488
38.095 -0.0139081
38.1075 -0.0140979
38.12 -0.0143191
38.1325 -0.014571
38.145 -0.0148525
38.1575 -0.0151615
38.17 -0.0154954
38.1825 -0.0158504
38.195 -0.0162223
38.2075 -0.0166066
38.22 -0.0169981
38.2325 -0.0173914
38.245 -0.0177807
38.2575 -0.0181606
38.27 -0.0185255
38.2825 -0.0188702
38.295 -0.0191898
38.3075 -0.0194795
38.32 -0.0197374
38.3325 -0.0199644
38.345 -0.0201573
38.3575 -0.0203171
38.37 -0.0204415
38.3825 -0.0205307
38.395 -0.020584
38.4075 -0.0206012
38.42 -0.0205829
38.4325 -0.0205309
38.445 -0.0204479
38.4575 -0.0203367
38.47 -0.0202007
38.4825 -0.0200438
38.495 -0.0198698
38.5075 -0.0196825
38.52 -0.0194854
38.5325 -0.0192816
38.545 -0.0190737
38.5575 -0.0188664
38.57 -0.0186554
38.5825 -0.0184428
38.595 -0.0182269
38.6075 -0.0180035
38.62 -0.0177713
38.6325 -0.0175275
38.645 -0.0172683
38.6575 -0.0169907
38.67 -0.0166919
38.6825 -0.0163686
38.695 -0.0160185
38.7075 -0.0156399
38.72 -0.0152313
38.7325 -0.0147923
38.745 -0.0143232
38.7575 -0.0138252
38.77 -0.0133003
38.7825 -0.0127512
38.795 -0.0121818
38.8075 -0.011597
38.82 -0.0110012
38.8325 -0.0104004
38.845 -0.00979919
38.8575 -0.00920048
38.87 -0.0086049
38.8825 -0.00802824
38.895 -0.00747578
38.9075 -0.00695336
38.92 -0.00646437
38.9325 -0.006013
38.945 -0.00560474
38.9575 -0.00524059
38.97 -0.0049191
38.9825 -0.00463827
38.995 -0.00439526
39.0075 -0.00418661
39.02 -0.00400794
39.0325 -0.00385395
39.045 -0.00371894
39.0575 -0.00359703
39.07 -0.00348206
39.0825 -0.00336787
39.095 -0.00324867
39.1075 -0.00311909
39.12 -0.00297424
39.1325 -0.00281001
39.145 -0.00262315
39.1575 -0.0024113
39.17 -0.00217306
39.1825 -0.00190803
39.195 -0.00161676
39.2075 -0.00130078
39.22 -0.0009624
39.2325 -0.000604723
39.245 -0.00023149
39.2575 0.000153076
39.27 0.000544416
39.2825 0.000937792
39.295 0.00132845
39.3075 0.00171179
39.32 0.0020835
39.3325 0.00243971
39.345 0.00277708
39.3575 0.00309294
39.37 0.0033853
39.3825 0.00365295
39.395 0.00389545
39.4075 0.00411311
39.42 0.004307
39.4325 0.00447885
39.445 0.00463095
39.4575 0.00476611
39.47 0.00488746
39.4825 0.00499823
39.495 0.00510087
39.5075 0.00519952
39.52 0.00529436
39.5325 0.00539053
39.545 0.00548725
39.5575 0.00558522
39.57 0.00568462
39.5825 0.00578642
39.595 0.0058907
39.6075 0.00599692
39.62 0.00610494
39.6325 0.00621335
39.645 0.00632008
39.6575 0.0064226
39.67 0.00651801
39.6825 0.00660318
39.695 0.00667453
39.7075 0.00672901
39.72 0.00676373
39.7325 0.00677617
39.745 0.00676408
39.7575 0.00672577
39.77 0.00665998
39.7825 0.00656612
39.795 0.00644413
39.8075 0.00629453
39.82 0.00611843
39.8325 0.00591744
39.845 0.00569357
39.8575 0.00544921
39.87 0.00518701
39.8825 0.00490989
39.895 0.00462093
39.9075 0.00432326
39.92 0.00402003
39.9325 0.00371428
39.945 0.0034089
39.9575 0.00310649
39.97 0.00280924
39.9825 0.00251893
39.995 0.00223681
40.0075 0.00196359
40.02 0.00169963
40.0325 0.00144488
40.045 0.00119805
40.0575 0.000958621
40.07 0.000725016
40.0825 0.00049527
40.095 0.000267252
40.1075 3.88585e-05
40.12 -0.000192067
40.1325 -0.000427692
40.145 -0.000670097
40.1575 -0.000921021
40.17 -0.00118343
40.1825 -0.00146045
40.195 -0.00174036
40.2075 -0.0020294
40.22 -0.00231929
40.2325 -0.00261358
40.245 -0.0029121
40.2575 -0.00321014
40.27 -0.00350913
40.2825 -0.00380894
40.295 -0.00410827
40.3075 -0.0044057
40.32 -0.00470136
40.3325 -0.00499475
40.345 -0.00528508
40.3575 -0.00557229
40.37 -0.00585655
40.3825 -0.00613784
40.395 -0.0064164
40.4075 -0.00669272
40.42 -0.00696722
40.4325 -0.00724039
40.445 -0.0075128
40.4575 -0.00778503
40.47 -0.00805767
40.4825 -0.00833129
40.495 -0.00860655
40.5075 -0.00888374
40.52 -0.00916286
40.5325 -0.00944485
40.545 -0.00972956
40.5575 -0.0100172
40.57 -0.0103076
40.5825 -0.0106005
40.595 -0.0108955
40.6075 -0.0111921
40.62 -0.0114896
40.6325 -0.0117871
40.645 -0.0120836
40.6575 -0.0123782
40.67 -0.0126697
40.6825 -0.012957
40.695 -0.013239
40.7075 -0.0135143
40.72 -0.013782
40.7325 -0.0140407
40.745 -0.0142894
40.7575 -0.0145271
40.77 -0.0147527
40.7825 -0.0149655
40.795 -0.0151645
40.8075 -0.0153491
40.82 -0.0155188
40.8325 -0.0156731
40.845 -0.0158118
40.8575 -0.0159345
40.87 -0.0160412
40.8825 -0.0161321
40.895 -0.0162071
40.9075 -0.0162666
40.92 -0.0163108
40.9325 -0.0163402
40.945 -0.0163552
40.9575 -0.0163562
40.97 -0.0163436
40.9825 -0.0163179
40.995 -0.0162796
41.0075 -0.0162293
41.02 -0.0161679
41.0325 -0.0160962
41.045 -0.0160148
41.0575 -0.0159239
41.07 -0.015824
41.0825 -0.0157151
41.095 -0.0155975
41.1075 -0.015471
41.12 -0.0153359
41.1325 -0.0151923
41.145 -0.0150404
41.1575 -0.0148807
41.17 -0.0147138
41.1825 -0.0145421
41.195 -0.0143624
41.2075 -0.0141778
41.22 -0.0139875
41.2325 -0.0137911
41.245 -0.0135898
41.2575 -0.0133841
41.27 -0.013174
41.2825 -0.0129601
41.295 -0.0127428
41.3075 -0.0125223
41.32 -0.0122987
41.3325 -0.0120722
41.345 -0.0118427
41.3575 -0.0116098
41.37 -0.0113734
41.3825 -0.0111329
41.395 -0.0108877
41.4075 -0.0106371
41.42 -0.0103804
41.4325 -0.0101169
41.445 -0.00984587
41.4575 -0.00956698
41.47 -0.00927994
41.4825 -0.0089837
41.495 -0.00867344
41.5075 -0.00836227
41.52 -0.00804996
41.5325 -0.00773991
41.545 -0.00743533
41.5575 -0.00713915
41.57 -0.00685314
41.5825 -0.00657916
41.595 -0.00631844
41.6075 -0.00607151
41.62 -0.00583837
41.6325 -0.00561819
41.645 -0.00540968
41.6575 -0.00521162
41.67 -0.00502169
41.6825 -0.004838
41.695 -0.004656
41.7075 -0.00447367
41.72 -0.0042876
41.7325 -0.00409491
41.745 -0.00389258
41.7575 -0.00367807
41.77 -0.00344913
41.7825 -0.00320403
41.795 -0.00294158
41.8075 -0.00266127
41.82 -0.00236324
41.8325 -0.0020484
41.845 -0.00171825
41.8575 -0.00137492
41.87 -0.00102107
41.8825 -0.000659838
41.895 -0.000294686
41.9075 7.06775e-05
41.92 0.000432407
41.9325 0.000786638
41.945 0.0011296
41.9575 0.00145772
41.97 0.00176773
41.9825 0.00205676
41.995 0.00232239
42.0075 0.00256276
42.02 0.00277659
42.0325 0.00296321
42.045 0.00312256
42.0575 0.00325519
42.07 0.00336221
42.0825 0.00344525
42.095 0.0035064
42.1075 0.00354809
42.12 0.003573
42.1325 0.00358405
42.145 0.00358429
42.1575 0.00357677
42.17 0.00356436
42.1825 0.0035497
42.195 0.00353506
42.2075 0.00352229
42.22 0.00351271
42.2325 0.0035071
42.245 0.00350602
42.2575 0.00350867
42.27 0.00351343
42.2825 0.00351792
42.295 0.00351914
42.3075 0.00351364
42.32 0.00349768
42.3325 0.00346747
42.345 0.00341932
42.3575 0.00334987
42.37 0.00325623
42.3825 0.00313612
42.395 0.00298799
42.4075 0.00281109
42.42 0.00260556
42.4325 0.00237238
42.445 0.00211339
42.4575 0.00183118
42.47 0.00152901
42.4825 0.00121064
42.495 0.000880156
42.5075 0.000541828
42.52 0.000199899
42.5325 -0.000141583
42.545 -0.000478935
42.5575 -0.000808984
42.57 -0.0011292
42.5825 -0.00143777
42.595 -0.00173369
42.6075 -0.00201681
42.62 -0.00228774
42.6325 -0.00254782
42.645 -0.00280432
42.6575 -0.00304889
42.67 -0.00327924
42.6825 -0.00350427
42.695 -0.00372006
42.7075 -0.00393098
42.72 -0.00414208
42.7325 -0.00435436
42.745 -0.00456992
42.7575 -0.0047926
42.77 -0.00502441
42.7825 -0.00526662
42.795 -0.00552123
42.8075 -0.00578941
42.82 -0.0060713
42.8325 -0.00636698
42.845 -0.00667612
42.8575 -0.0069976
42.87 -0.00732984
42.8825 -0.007671
42.895 -0.00801872
42.9075 -0.00837028
42.92 -0.00872271
42.9325 -0.00907283
42.945 -0.00941733
42.9575 -0.0097529
42.97 -0.0100763
42.9825 -0.0103846
42.995 -0.0106748
43.0075 -0.0109447
43.02 -0.0111921
43.0325 -0.0114158
43.045 -0.0116145
43.0575 -0.011788
43.07 -0.0119365
43.0825 -0.0120605
43.095 -0.0121614
43.1075 -0.0122408
43.12 -0.012301
43.1325 -0.0123445
43.145 -0.0123739
43.1575 -0.0123923
43.17 -0.0124028
43.1825 -0.012408
43.195 -0.0124113
43.2075 -0.0124152
43.22 -0.0124222
43.2325 -0.0124345
43.245 -0.0124536
43.2575 -0.0124807
43.27 -0.0125165
43.2825 -0.0125611
43.295 -0.0126141
43.3075 -0.0126744
43.32 -0.01274
43.3325 -0.0128077
43.345 -0.0128745
43.3575 -0.0129369
43.37 -0.012991
43.3825 -0.0130329
43.395 -0.013059
43.4075 -0.0130658
43.42 -0.0130503
43.4325 -0.01301
43.445 -0.012943
43.4575 -0.0128484
43.47 -0.0127261
43.4825 -0.0125767
43.495 -0.012402
43.5075 -0.0122053
43.52 -0.0119859
43.5325 -0.0117492
43.545 -0.0114968
43.5575 -0.0112317
43.57 -0.0109586
43.5825 -0.0106805
43.595 -0.0104009
43.6075 -0.0101234
43.62 -0.00985081
43.6325 -0.00958544
43.645 -0.00932933
43.6575 -0.00908373
43.67 -0.0088492
43.6825 -0.00862576
43.695 -0.0084128
43.7075 -0.00820909
43.72 -0.00801296
43.7325 -0.00782231
43.745 -0.00763476
43.7575 -0.00744782
43.77 -0.00725894
43.7825 -0.00706117
43.795 -0.00686191
43.8075 -0.00665867
43.82 -0.00645257
43.8325 -0.00624441
43.845 -0.00603489
43.8575 -0.0058247
43.87 -0.00561499
43.8825 -0.00540674
43.895 -0.00520118
43.9075 -0.00499892
43.92 -0.00480119
43.9325 -0.00460903
43.945 -0.00442333
43.9575 -0.00424527
43.97 -0.00407516
43.9825 -0.00391241
43.995 -0.0037572
44.0075 -0.00360938
44.02 -0.00346876
44.0325 -0.00333488
44.045 -0.00320725
44.0575 -0.00308533
44.07 -0.00296846
44.0825 -0.00285593
44.095 -0.00274699
44.1075 -0.00264089
44.12 -0.00253688
44.1325 -0.00243421
44.145 -0.00233219
44.1575 -0.00223022
44.17 -0.00212772
44.1825 -0.00202427
44.195 -0.0019195
44.2075 -0.0018132
44.22 -0.00170525
44.2325 -0.00159566
44.245 -0.00148456
44.2575 -0.00137223
44.27 -0.001259
44.2825 -0.00114535
44.295 -0.00103183
44.3075 -0.000919063
44.32 -0.000807725
44.3325 -0.000698537
44.345 -0.000592245
44.3575 -0.000489605
44.37 -0.000391412
44.3825 -0.00029853
44.395 -0.000211581
44.4075 -0.000131381
44.42 -5.84499e-05
44.4325 6.62734e-06
44.445 6.34008e-05
44.4575 0.000111488
44.47 0.000150722
44.4825 0.000180937
44.495 0.000201883
44.5075 0.00021343
44.52 0.000215614
44.5325 0.000208511
44.545 0.000192357
44.5575 0.000167416
44.57 0.000134005
44.5825 9.25168e-05
44.595 4.33258e-05
44.6075 -1.3194e-05
44.62 -7.66812e-05
44.6325 -0.000146811
44.645 -0.000223332
44.6575 -0.00030603
44.67 -0.00039479
44.6825 -0.000489569
44.695 -0.000590394
44.7075 -0.000697347
44.72 -0.00081056
44.7325 -0.000930195
44.745 -0.00105642
44.7575 -0.00118937
44.77 -0.00132918
44.7825 -0.00147588
44.795 -0.00162946
44.8075 -0.00178978
44.82 -0.00195661
44.8325 -0.00212959
44.845 -0.00230824
44.8575 -0.00249199
44.87 -0.00268013
44.8825 -0.00287182
44.895 -0.00306591
44.9075 -0.00326168
44.92 -0.00345788
44.9325 -0.00365362
44.945 -0.00384714
44.9575 -0.00403762
44.97 -0.00422501
44.9825 -0.00440916
44.995 -0.00458951
45.0075 -0.00476143
45.02 -0.00492351
45.0325 -0.00507401
45.045 -0.00521177
45.0575 -0.00533527
45.07 -0.00544455
45.0825 -0.00554299
45.095 -0.00562929
45.1075 -0.00570708
45.12 -0.00577866
45.1325 -0.00584494
45.145 -0.0059082
45.1575 -0.00597098
45.17 -0.00603477
45.1825 -0.0061012
45.195 -0.00617207
45.2075 -0.00624857
45.22 -0.00633152
45.2325 -0.00642168
45.245 -0.0065194
45.2575 -0.00662457
45.27 -0.00673686
45.2825 -0.00685565
45.295 -0.00698
45.3075 -0.00710871
45.32 -0.00724046
45.3325 -0.00737374
45.345 -0.00750695
45.3575 -0.00763847
45.37 -0.00776673
45.3825 -0.00789019
45.395 -0.00800748
45.4075 -0.0081174
45.42 -0.00821895
45.4325 -0.0083114
45.445 -0.00839427
45.4575 -0.00846736
45.47 -0.00853076
45.4825 -0.00858482
45.495 -0.00863014
45.5075 -0.00866756
45.52 -0.00869808
45.5325 -0.00872288
45.545 -0.00874325
45.5575 -0.00876055
45.57 -0.00877613
45.5825 -0.00879122
45.595 -0.00880686
45.6075 -0.00882401
45.62 -0.00884325
45.6325 -0.00886524
45.645 -0.00889002
45.6575 -0.00891735
45.67 -0.00894656
45.6825 -0.00897672
45.695 -0.00900666
45.7075 -0.00903494
45.72 -0.00905994
45.7325 -0.00907994
45.745 -0.00909321
45.7575 -0.00909803
45.77 -0.00909282
45.7825 -0.00907622
45.795 -0.009047
45.8075 -0.00900426
45.82 -0.00894745
45.8325 -0.00887647
45.845 -0.00879158
45.8575 -0.00869218
45.87 -0.00857966
45.8825 -0.00845422
45.895 -0.00831702
45.9075 -0.00816975
45.92 -0.00801385
45.9325 -0.00785104
45.945 -0.00768332
45.9575 -0.00751252
45.97 -0.00734048
45.9825 -0.007169
45.995 -0.00699966
46.0075 -0.00683384
46.02 -0.00667269
46.0325 -0.00651707
46.045 -0.00636756
46.0575 -0.00622446
46.07 -0.00608807
46.0825 -0.00595787
46.095 -0.00583343
46.1075 -0.00571396
46.12 -0.00559854
46.1325 -0.00548576
46.145 -0.00537196
46.1575 -0.00526151
46.17 -0.00515298
46.1825 -0.00504639
46.195 -0.00494191
46.2075 -0.00483979
46.22 -0.00473985
46.2325 -0.00464221
46.245 -0.00454703
46.2575 -0.00445427
46.27 -0.00436401
46.2825 -0.00427629
46.295 -0.00419115
46.3075 -0.00410873
46.32 -0.00402914
46.3325 -0.00395169
46.345 -0.00387637
46.3575 -0.00380292
46.37 -0.00373122
46.3825 -0.00366101
46.395 -0.00359208
46.4075 -0.00352422
46.42 -0.00345722
46.4325 -0.00339087
46.445 -0.00332495
46.4575 -0.00325926
46.47 -0.00319361
46.4825 -0.00312781
46.495 -0.0030617
46.5075 -0.00299512
46.52 -0.00292796
46.5325 -0.00286011
46.545 -0.00279152
46.5575 -0.00272214
46.57 -0.00265199
46.5825 -0.00258111
46.595 -0.00250958
46.6075 -0.00243755
46.62 -0.00236517
46.6325 -0.00229266
46.645 -0.00222033
46.6575 -0.00214845
46.67 -0.0020774
46.6825 -0.00200756
46.695 -0.00193947
46.7075 -0.00187362
46.72 -0.00181055
46.7325 -0.00175085
46.745 -0.00169505
46.7575 -0.00164371
46.77 -0.00159734
46.7825 -0.00155641
46.795 -0.0015214
46.8075 -0.00149277
46.82 -0.00147094
46.8325 -0.00145629
46.845 -0.00144907
46.8575 -0.00144946
46.87 -0.0014575
46.8825 -0.00147312
46.895 -0.00149613
46.9075 -0.00152626
46.92 -0.00156317
46.9325 -0.00160646
46.945 -0.00165566
46.9575 -0.0017103
46.97 -0.00176992
46.9825 -0.00183405
46.995 -0.00190225
47.0075 -0.00197414
47.02 -0.00204935
47.0325 -0.00212761
47.045 -0.00220867
47.0575 -0.00229236
47.07 -0.00237855
47.0825 -0.00246714
47.095 -0.00255811
47.1075 -0.00265143
47.12 -0.00274707
47.1325 -0.00284504
47.145 -0.00294527
47.1575 -0.00304774
47.17 -0.00315234
47.1825 -0.00325873
47.195 -0.00336686
47.2075 -0.00347631
47.22 -0.00358679
47.2325 -0.00369776
47.245 -0.00380873
47.2575 -0.00391927
47.27 -0.00402867
47.2825 -0.00413697
47.295 -0.00424377
47.3075 -0.0043489
47.32 -0.00445184
47.3325 -0.00455307
47.345 -0.00465158
47.3575 -0.00474497
47.37 -0.00483215
47.3825 -0.00491239
47.395 -0.00498492
47.4075 -0.00504917
47.42 -0.00510495
47.4325 -0.00515224
47.445 -0.0051913
47.4575 -0.00522262
47.47 -0.0052469
47.4825 -0.00526453
47.495 -0.00527861
47.5075 -0.00528967
47.52 -0.00529977
47.5325 -0.00531126
47.545 -0.00532542
47.5575 -0.00534359
47.57 -0.00536743
47.5825 -0.005398
47.595 -0.005436
47.6075 -0.00548212
47.62 -0.00553668
47.6325 -0.0055996
47.645 -0.00567063
47.6575 -0.00574918
47.67 -0.00583438
47.6825 -0.00592516
47.695 -0.00602027
47.7075 -0.00611829
47.72 -0.00621768
47.7325 -0.00631685
47.745 -0.00641418
47.7575 -0.0065081
47.77 -0.00659711
47.7825 -0.00667984
47.795 -0.00675513
47.8075 -0.006822
47.82 -0.00687974
47.8325 -0.0069279
47.845 -0.00696631
47.8575 -0.00699504
47.87 -0.00701436
47.8825 -0.00702479
47.895 -0.00702708
47.9075 -0.00702212
47.92 -0.00701097
47.9325 -0.00699494
47.945 -0.0069753
47.9575 -0.00695342
47.97 -0.00693065
47.9825 -0.00690823
47.995 -0.00688721
48.0075 -0.00686837
48.02 -0.00685228
48.0325 -0.00683918
48.045 -0.00682904
48.0575 -0.00682166
48.07 -0.00681603
48.0825 -0.00681141
48.095 -0.00680655
48.1075 -0.00679996
48.12 -0.00679028
48.1325 -0.006776
48.145 -0.00675562
48.1575 -0.0067278
48.17 -0.00669136
48.1825 -0.00664531
48.195 -0.00658898
48.2075 -0.00652198
48.22 -0.00644425
48.2325 -0.00635608
48.245 -0.00625811
48.2575 -0.00615129
48.27 -0.00603683
48.2825 -0.00591623
48.295 -0.00579112
48.3075 -0.00566332
48.32 -0.00553464
48.3325 -0.00540701
48.345 -0.0052822
48.3575 -0.00516191
48.37 -0.0050474
48.3825 -0.00493993
48.395 -0.00484032
48.4075 -0.0047491
48.42 -0.00466641
48.4325 -0.00459148
48.445 -0.00452336
48.4575 -0.00446329
48.47 -0.00441086
48.4825 -0.00436533
48.495 -0.00432566
48.5075 -0.00429116
48.52 -0.00426088
48.5325 -0.00423358
48.545 -0.00420818
48.5575 -0.0041835
48.57 -0.00415833
48.5825 -0.00413164
48.595 -0.00410249
48.6075 -0.00407006
48.62 -0.00403376
48.6325 -0.00399335
48.645 -0.00394837
48.6575 -0.00389875
48.67 -0.00384459
48.6825 -0.00378623
48.695 -0.00372415
48.7075 -0.00365899
48.72 -0.00359153
48.7325 -0.00352265
48.745 -0.00345325
48.7575 -0.00338431
48.77 -0.00331674
48.7825 -0.00325139
48.795 -0.00318915
48.8075 -0.00313064
48.82 -0.00307645
48.8325 -0.00302696
48.845 -0.0029824
48.8575 -0.00294283
48.87 -0.00290821
48.8825 -0.00287818
48.895 -0.00285239
48.9075 -0.00283025
48.92 -0.00281114
48.9325 -0.00279432
48.945 -0.00277901
48.9575 -0.0027644
48.97 -0.0027497
48.9825 -0.00273418
48.995 -0.0027172
49.0075 -0.00269832
49.02 -0.00267721
49.0325 -0.00265367
49.045 -0.00262766
49.0575 -0.00259932
49.07 -0.00256908
49.0825 -0.00253754
49.095 -0.00250534
49.1075 -0.00247342
49.12 -0.00244277
49.1325 -0.00241451
49.145 -0.00238979
49.1575 -0.00236972
49.17 -0.00235538
49.1825 -0.00234775
49.195 -0.00234768
49.2075 -0.00235581
49.22 -0.00237266
49.2325 -0.00239845
49.245 -0.00243318
49.2575 -0.00247659
49.27 -0.00252818
49.2825 -0.00258724
49.295 -0.0026529
49.3075 -0.00272407
49.32 -0.0027996
49.3325 -0.00287827
49.345 -0.00295882
49.3575 -0.00304003
49.37 -0.00312076
49.3825 -0.00319997
49.395 -0.00327679
49.4075 -0.00335052
49.42 -0.00342065
49.4325 -0.00348689
49.445 -0.00354917
49.4575 -0.00360754
49.47 -0.0036623
49.4825 -0.00371404
49.495 -0.00376323
49.5075 -0.0038106
49.52 -0.00385691
49.5325 -0.00390281
49.545 -0.00394912
49.5575 -0.00399653
49.57 -0.00404565
49.5825 -0.00409715
49.595 -0.0041513
49.6075 -0.00420784
49.62 -0.00426867
49.6325 -0.00433104
49.645 -0.00439425
49.6575 -0.00445739
49.67 -0.00451959
49.6825 -0.00457972
49.695 -0.0046369
49.7075 -0.00469025
49.72 -0.00473897
49.7325 -0.00478244
49.745 -0.00482017
49.7575 -0.00485186
49.77 -0.0048774
49.7825 -0.0048969
49.795 -0.00491065
49.8075 -0.00491914
49.82 -0.00492302
49.8325 -0.00492311
49.845 -0.00492033
49.8575 -0.00491567
49.87 -0.00491014
49.8825 -0.00490559
49.895 -0.00490276
49.9075 -0.00490312
49.92 -0.00490787
49.9325 -0.00491769
49.945 -0.00493333
49.9575 -0.00495538
49.97 -0.00498404
49.9825 -0.00501924
49.995 -0.00506087
50.0075 -0.00510859
50.02 -0.00516172
50.0325 -0.00521943
50.045 -0.00528068
50.0575 -0.00534432
50.07 -0.0054091
50.0825 -0.0054736
50.095 -0.00553637
50.1075 -0.00559595
50.12 -0.00565097
50.1325 -0.00570015
50.145 -0.0057424
50.1575 -0.0057768
50.17 -0.00580268
50.1825 -0.0058196
50.195 -0.00582733
50.2075 -0.00582593
50.22 -0.00581583
50.2325 -0.00579768
50.245 -0.00577247
50.2575 -0.00574133
50.27 -0.00570563
50.2825 -0.00566671
50.295 -0.00562583
50.3075 -0.00558447
50.32 -0.00554367
50.3325 -0.00550457
50.345 -0.00546809
50.3575 -0.00543487
50.37 -0.00540531
50.3825 -0.00537958
50.395 -0.00535753
50.4075 -0.00533874
50.42 -0.00532257
50.4325 -0.00530816
50.445 -0.00529447
50.4575 -0.00528035
50.47 -0.00526459
50.4825 -0.00524597
50.495 -0.00522331
50.5075 -0.00519557
50.52 -0.00516184
50.5325 -0.00512144
50.545 -0.00507392
50.5575 -0.0050191
50.57 -0.00495713
50.5825 -0.00488843
50.595 -0.00481363
50.6075 -0.00473365
50.62 -0.00464955
50.6325 -0.00456264
50.645 -0.00447426
50.6575 -0.00438582
50.67 -0.00429815
50.6825 -0.00421348
50.695 -0.00413311
50.7075 -0.00405834
50.72 -0.00399039
50.7325 -0.00392958
50.745 -0.00387677
50.7575 -0.00383198
50.77 -0.0037954
50.7825 -0.00376684
50.795 -0.0037458
50.8075 -0.00373161
50.82 -0.00372344
50.8325 -0.00372022
50.845 -0.00372074
50.8575 -0.0037237
50.87 -0.00372773
50.8825 -0.00373148
50.895 -0.00373366
50.9075 -0.00373307
50.92 -0.00372864
50.9325 -0.00371952
50.945 -0.00370506
50.9575 -0.00368484
50.97 -0.00365873
50.9825 -0.00362691
50.995 -0.00358946
51.0075 -0.0035469
51.02 -0.00349986
51.0325 -0.00344916
51.045 -0.00339582
51.0575 -0.00334087
51.07 -0.00328544
51.0825 -0.00323064
51.095 -0.00317764
51.1075 -0.00312743
51.12 -0.00308097
51.1325 -0.00303906
51.145 -0.00300233
51.1575 -0.00297125
51.17 -0.00294605
51.1825 -0.00292686
51.195 -0.00291346
51.2075 -0.00290558
51.22 -0.00290267
51.2325 -0.00290407
51.245 -0.00290892
51.2575 -0.00291632
51.27 -0.00292527
51.2825 -0.00293474
51.295 -0.00294382
51.3075 -0.0029516
51.32 -0.00295728
51.3325 -0.00296018
51.345 -0.00295979
51.3575 -0.00295586
51.37 -0.00294834
51.3825 -0.00293747
51.395 -0.00292369
51.4075 -0.00290768
51.42 -0.00289028
51.4325 -0.00287252
51.445 -0.00285549
51.4575 -0.00284038
51.47 -0.00282835
51.4825 -0.00282056
51.495 -0.00281805
51.5075 -0.0028217
51.52 -0.00283225
51.5325 -0.0028502
51.545 -0.00287582
51.5575 -0.00290911
51.57 -0.00294985
51.5825 -0.00299754
51.595 -0.00305146
51.6075 -0.0031107
51.62 -0.00317418
51.6325 -0.00324069
51.645 -0.00330898
51.6575 -0.00337774
51.67 -0.00344571
51.6825 -0.00351173
51.695 -0.00357473
51.7075 -0.00363384
51.72 -0.00368834
51.7325 -0.00373775
51.745 -0.00378186
51.7575 -0.00382063
51.77 -0.0038543
51.7825 -0.00388326
51.795 -0.00390824
51.8075 -0.00392997
51.82 -0.0039493
51.8325 -0.00396721
51.845 -0.00398461
51.8575 -0.00400198
51.87 -0.00402107
51.8825 -0.0040423
51.895 -0.00406497
51.9075 -0.00408934
51.92 -0.00411551
51.9325 -0.00414332
51.945 -0.00417259
51.9575 -0.00420305
51.97 -0.00423431
51.9825 -0.00426595
51.995 -0.0042975
52.0075 -0.00432843
52.02 -0.00435822
52.0325 -0.00438639
52.045 -0.00441246
52.0575 -0.00443603
52.07 -0.00445676
52.0825 -0.00447443
52.095 -0.00448889
52.1075 -0.00450016
52.12 -0.0045083
52.1325 -0.00451353
52.145 -0.00451614
52.1575 -0.00451651
52.17 -0.00451514
52.1825 -0.00451254
52.195 -0.0045093
52.2075 -0.00450602
52.22 -0.00450332
52.2325 -0.00450168
52.245 -0.0045019
52.2575 -0.00450441
52.27 -0.00450967
52.2825 -0.00451814
52.295 -0.00453002
52.3075 -0.00454538
52.32 -0.00456424
52.3325 -0.00458639
52.345 -0.00461143
52.3575 -0.00463905
52.37 -0.00466866
52.3825 -0.00469954
52.395 -0.00473087
52.4075 -0.00476178
52.42 -0.00479135
52.4325 -0.00481869
52.445 -0.00484293
52.4575 -0.00486324
52.47 -0.00487892
52.4825 -0.00488937
52.495 -0.00489418
52.5075 -0.00489309
52.52 -0.00488611
52.5325 -0.00487326
52.545 -0.00485492
52.5575 -0.00483152
52.57 -0.00480363
52.5825 -0.004772
52.595 -0.00473742
52.6075 -0.00470075
52.62 -0.00466286
52.6325 -0.00462458
52.645 -0.0045867
52.6575 -0.00454991
52.67 -0.00451478
52.6825 -0.00448171
52.695 -0.00445099
52.7075 -0.00442269
52.72 -0.00439675
52.7325 -0.00437294
52.745 -0.00435089
52.7575 -0.00433009
52.77 -0.00430996
52.7825 -0.00428984
52.795 -0.00426906
52.8075 -0.00424693
52.82 -0.00422289
52.8325 -0.00419638
52.845 -0.00416674
52.8575 -0.00413344
52.87 -0.00409708
52.8825 -0.00405761
52.895 -0.00401525
52.9075 -0.00397035
52.92 -0.00392338
52.9325 -0.00387492
52.945 -0.00382579
52.9575 -0.00377628
52.97 -0.00372721
52.9825 -0.00367928
52.995 -0.00363322
53.0075 -0.00358961
53.02 -0.00354904
53.0325 -0.00351202
53.045 -0.00347895
53.0575 -0.00345011
53.07 -0.00342565
53.0825 -0.00340561
53.095 -0.0033899
53.1075 -0.00337828
53.12 -0.00337042
53.1325 -0.00336586
53.145 -0.00336407
53.1575 -0.00336443
53.17 -0.00336627
53.1825 -0.00336889
53.195 -0.00337158
53.2075 -0.00337366
53.22 -0.00337446
53.2325 -0.00337343
53.245 -0.00337006
53.2575 -0.00336397
53.27 -0.0033549
53.2825 -0.00334276
53.295 -0.00332743
53.3075 -0.00330901
53.32 -0.00328768
53.3325 -0.00326375
53.345 -0.0032376
53.3575 -0.00320972
53.37 -0.00318063
53.3825 -0.00315089
53.395 -0.00312112
53.4075 -0.00309192
53.42 -0.00306387
53.4325 -0.00303752
53.445 -0.00301335
53.4575 -0.00299176
53.47 -0.00297309
53.4825 -0.00295757
53.495 -0.00294533
53.5075 -0.0029364
53.52 -0.00293072
53.5325 -0.00292814
53.545 -0.00292838
53.5575 -0.0029311
53.57 -0.00293589
53.5825 -0.00294233
53.595 -0.00294995
53.6075 -0.00295829
53.62 -0.00296691
53.6325 -0.00297543
53.645 -0.00298354
53.6575 -0.002991
53.67 -0.00299766
53.6825 -0.00300347
53.695 -0.00300849
53.7075 -0.00301288
53.72 -0.00301688
53.7325 -0.00302084
53.745 -0.00302514
53.7575 -0.00303024
53.77 -0.00303662
53.7825 -0.00304477
53.795 -0.00305516
53.8075 -0.00306821
53.82 -0.00308429
53.8325 -0.00310368
53.845 -0.00312656
53.8575 -0.00315302
53.87 -0.00318301
53.8825 -0.00321638
53.895 -0.00325287
53.9075 -0.00329209
53.92 -0.00333357
53.9325 -0.00337677
53.945 -0.00342104
53.9575 -0.00346579
53.97 -0.00351033
53.9825 -0.00355404
53.995 -0.00359634
54.0075 -0.00363667
54.02 -0.0036746
54.0325 -0.0037098
54.045 -0.00374198
54.0575 -0.00377106
54.07 -0.00379687
54.0825 -0.00381934
54.095 -0.00383873
54.1075 -0.00385525
54.12 -0.00386935
54.1325 -0.00388175
54.145 -0.00389183
54.1575 -0.00390003
54.17 -0.00390666
54.1825 -0.00391206
54.195 -0.00391657
54.2075 -0.00392055
54.22 -0.00392433
54.2325 -0.00392823
54.245 -0.00393254
54.2575 -0.00393747
54.27 -0.00394321
54.2825 -0.00394988
54.295 -0.00395755
54.3075 -0.00396622
54.32 -0.00397585
54.3325 -0.00398632
54.345 -0.0039975
54.3575 -0.00400922
54.37 -0.00402128
54.3825 -0.00403346
54.395 -0.00404553
54.4075 -0.00405725
54.42 -0.00406842
54.4325 -0.00407886
54.445 -0.00408839
54.4575 -0.0040969
54.47 -0.00410431
54.4825 -0.00411058
54.495 -0.00411574
54.5075 -0.00411985
54.52 -0.00412296
54.5325 -0.00412539
54.545 -0.00412729
54.5575 -0.00412888
54.57 -0.00413048
54.5825 -0.0041323
54.595 -0.00413452
54.6075 -0.00413738
54.62 -0.00414102
54.6325 -0.00414554
54.645 -0.00415095
54.6575 -0.00415718
54.67 -0.0041641
54.6825 -0.00417154
54.695 -0.00417923
54.7075 -0.00418685
54.72 -0.00419406
54.7325 -0.00420051
54.745 -0.0042058
54.7575 -0.00420957
54.77 -0.00421145
54.7825 -0.00421111
54.795 -0.00420829
54.8075 -0.00420276
54.82 -0.00419438
54.8325 -0.00418306
54.845 -0.00416879
54.8575 -0.00415165
54.87 -0.00413176
54.8825 -0.00410934
54.895 -0.00408464
54.9075 -0.00405797
54.92 -0.00402965
54.9325 -0.00400004
54.945 -0.00396952
54.9575 -0.00393844
54.97 -0.00390713
54.9825 -0.00387592
54.995 -0.00384516
55.0075 -0.0038149
55.02 -0.00378531
55.0325 -0.00375645
55.045 -0.00372842
55.0575 -0.00370087
55.07 -0.00367423
55.0825 -0.00364846
55.095 -0.00362356
55.1075 -0.00359949
55.12 -0.00357607
55.1325 -0.00355327
55.145 -0.003531
55.1575 -0.00350913
55.17 -0.00348753
55.1825 -0.00346615
55.195 -0.00344504
55.2075 -0.00342403
55.22 -0.00340318
