0.0025 1.3785e-05
0.0125 1.37851e-05
0.0225 1.37856e-05
0.035 1.37856e-05
0.045 1.37841e-05
0.055 1.37801e-05
0.065 1.37726e-05
0.075 1.37606e-05
0.085 1.37432e-05
0.095 1.372e-05
0.105 1.36907e-05
0.115 1.36559e-05
0.125 1.36168e-05
0.135 1.35751e-05
0.145 1.35338e-05
0.155 1.34967e-05
0.165 1.34684e-05
0.175 1.34548e-05
0.185 1.34626e-05
0.195 1.34995e-05
0.205 1.3574e-05
0.215 1.36955e-05
0.225 1.3874e-05
0.235 1.41201e-05
0.245 1.4445e-05
0.255 1.48598e-05
0.265 1.53761e-05
0.275 1.60052e-05
0.285 1.67578e-05
0.295 1.7644e-05
0.305 1.86728e-05
0.315 1.98521e-05
0.325 2.1188e-05
0.335 2.26851e-05
0.345 2.43461e-05
0.355 2.61717e-05
0.365 2.81607e-05
0.375 3.03097e-05
0.385 3.26136e-05
0.395 3.50655e-05
0.405 3.76569e-05
0.415 4.03786e-05
0.425 4.32212e-05
0.435 4.61757e-05
0.445 4.92334e-05
0.455 5.23872e-05
0.465 5.56305e-05
0.475 5.89572e-05
0.485 6.23603e-05
0.495 6.58311e-05
0.5075 7.02474e-05
0.52 7.47219e-05
0.5325 7.92164e-05
0.545 8.36856e-05
0.5575 8.80786e-05
0.57 9.23402e-05
0.5825 9.64136e-05
0.595 0.000100239
0.6075 0.000103752
0.62 0.000106882
0.6325 0.000109555
0.645 0.000111697
0.6575 0.00011324
0.67 0.000114122
0.6825 0.000114297
0.695 0.00011374
0.7075 0.000112445
0.72 0.000110422
0.7325 0.000107692
0.745 0.00010429
0.7575 0.000100262
0.77 9.56636e-05
0.7825 9.05617e-05
0.795 8.50372e-05
0.8075 7.91887e-05
0.82 7.31339e-05
0.8325 6.70094e-05
0.845 6.09702e-05
0.8575 5.51864e-05
0.87 4.9829e-05
0.8825 4.50524e-05
0.895 4.09823e-05
0.9075 3.77049e-05
0.92 3.52642e-05
0.9325 3.36662e-05
0.945 3.28863e-05
0.9575 3.28756e-05
0.97 3.35618e-05
0.9825 3.48416e-05
0.995 3.65748e-05
1.005 3.81684e-05
1.0175 4.02359e-05
1.03 4.21457e-05
1.0425 4.36127e-05
1.055 4.43559e-05
1.0675 4.41346e-05
1.08 4.27861e-05
1.0925 4.02556e-05
1.105 3.66101e-05
1.1175 3.20208e-05
1.13 2.67194e-05
1.1425 2.09407e-05
1.155 1.48715e-05
1.1675 8.61646e-06
1.18 2.19048e-06
1.1925 -4.4634e-06
1.205 -1.14516e-05
1.2175 -1.89045e-05
1.23 -2.69406e-05
1.2425 -3.56582e-05
1.255 -4.51219e-05
1.2675 -5.53335e-05
1.28 -6.61892e-05
1.2925 -7.74468e-05
1.305 -8.87059e-05
1.3175 -9.94162e-05
1.33 -0.000108907
1.3425 -0.000116437
1.355 -0.000121236
1.3675 -0.00012255
1.38 -0.000119697
1.3925 -0.000112097
1.405 -9.9281e-05
1.4175 -8.08782e-05
1.43 -5.66153e-05
1.4425 -2.63195e-05
1.455 1.00767e-05
1.4675 5.2544e-05
1.48 0.000100974
1.4925 0.000155156
1.505 0.000214787
1.5175 0.000279495
1.53 0.000348834
1.5425 0.000422259
1.555 0.00049912
1.5675 0.000578662
1.58 0.000660017
1.5925 0.000742203
1.605 0.000824139
1.6175 0.000904687
1.63 0.000982682
1.6425 0.00105695
1.655 0.00112633
1.6675 0.00118965
1.68 0.00124569
1.6925 0.00129317
1.705 0.00133075
1.7175 0.001357
1.73 0.00137048
1.7425 0.00136982
1.755 0.00135383
1.7675 0.00132156
1.78 0.00127235
1.7925 0.00120591
1.805 0.00112232
1.8175 0.00102199
1.83 0.000905797
1.8425 0.000775071
1.855 0.00063168
1.8675 0.000478002
1.88 0.000316877
1.8925 0.000151535
1.905 -1.45267e-05
1.9175 -0.000177737
1.93 -0.000334686
1.9425 -0.000482129
1.955 -0.000617202
1.9675 -0.000737455
1.98 -0.000840917
1.9925 -0.000926124
2.0025 -0.000980514
2.0125 -0.00102245
2.0225 -0.00105194
2.0325 -0.00106928
2.0425 -0.00107498
2.0525 -0.00106981
2.0625 -0.00105474
2.0725 -0.00103094
2.0825 -0.000999714
2.0925 -0.000962502
2.1025 -0.000920849
2.1125 -0.000876373
2.1225 -0.000830745
2.1325 -0.00078565
2.1425 -0.000742762
2.1525 -0.000703716
2.1625 -0.000670045
2.1725 -0.000643135
2.1825 -0.000624168
2.1925 -0.000614093
2.2025 -0.000613591
2.2125 -0.000623057
2.2225 -0.000642588
2.2325 -0.000671973
2.2425 -0.000710703
2.2525 -0.000757999
2.2625 -0.000812846
2.2725 -0.000874029
2.2825 -0.000940171
2.2925 -0.00100977
2.3025 -0.00108123
2.3125 -0.00115293
2.3225 -0.00122327
2.3325 -0.00129069
2.3425 -0.00135377
2.3525 -0.00141122
2.3625 -0.00146198
2.3725 -0.00150522
2.3825 -0.00154036
2.3925 -0.00156709
2.4025 -0.00158539
2.4125 -0.00159553
2.4225 -0.00159811
2.4325 -0.00159401
2.4425 -0.0015844
2.4525 -0.00157074
2.4625 -0.00155472
2.4725 -0.00153823
2.4825 -0.00152327
2.4925 -0.00151191
2.5025 -0.00150616
2.5125 -0.00150795
2.5225 -0.00151903
2.5325 -0.00154088
2.5425 -0.00157469
2.5525 -0.00162131
2.5625 -0.00168117
2.5725 -0.0017543
2.5825 -0.00184029
2.5925 -0.00193827
2.6025 -0.00204692
2.6125 -0.0021645
2.6225 -0.0022889
2.6325 -0.00241762
2.6425 -0.00254789
2.6525 -0.00267671
2.6625 -0.00280092
2.6725 -0.0029173
2.6825 -0.00302262
2.6925 -0.00311378
2.7025 -0.0031879
2.7125 -0.00324233
2.7225 -0.00327478
2.7325 -0.00328338
2.7425 -0.0032667
2.7525 -0.00322377
2.7625 -0.00315415
2.7725 -0.00305786
2.7825 -0.00293543
2.7925 -0.00278784
2.8025 -0.00261654
2.8125 -0.00242336
2.8225 -0.00221054
2.8325 -0.00198063
2.8425 -0.00173644
2.8525 -0.00148099
2.8625 -0.00121741
2.8725 -0.000948892
2.8825 -0.000678597
2.8925 -0.000409592
2.9025 -0.00014478
2.9125 0.000113188
2.9225 0.00036173
2.9325 0.000598664
2.9425 0.000822084
2.9525 0.00103055
2.9625 0.00122298
2.9725 0.00139867
2.9825 0.00155732
2.9925 0.00169901
3.0025 0.00182416
3.0125 0.00193352
3.0225 0.00202813
3.0325 0.00210926
3.0425 0.00217836
3.0525 0.00223699
3.0625 0.00228682
3.0725 0.00232953
3.0825 0.00236676
3.0925 0.00240009
3.1025 0.00243097
3.1125 0.00246068
3.1225 0.00249029
3.1325 0.00252067
3.1425 0.00255242
3.1525 0.00258592
3.1625 0.00262128
3.1725 0.0026584
3.1825 0.00269692
3.1925 0.00273628
3.2025 0.00277572
3.2125 0.0028143
3.2225 0.00285095
3.2325 0.00288449
3.2425 0.00291369
3.2525 0.00293731
3.2625 0.00295416
3.2725 0.00296316
3.2825 0.0029634
3.2925 0.00295416
3.3025 0.00293497
3.3125 0.00290561
3.3225 0.00286621
3.3325 0.00281718
3.3425 0.00275925
3.3525 0.00269351
3.3625 0.0026213
3.3725 0.00254428
3.3825 0.00246432
3.3925 0.00238351
3.4025 0.00230408
3.4125 0.00222836
3.4225 0.00215873
3.4325 0.00209755
3.4425 0.00204711
3.4525 0.00200956
3.4625 0.00198681
3.4725 0.00198052
3.4825 0.00199199
3.4925 0.00202216
3.5025 0.00207152
3.5125 0.00214014
3.5225 0.0022276
3.5325 0.002333
3.5425 0.00245497
3.5525 0.00259168
3.5625 0.00274085
3.5725 0.00289976
3.5825 0.00306536
3.5925 0.00323425
3.6025 0.00340283
3.6125 0.0035673
3.6225 0.00372378
3.6325 0.00386842
3.6425 0.0039975
3.6525 0.00410755
3.6625 0.00419538
3.6725 0.00425822
3.6825 0.00429377
3.6925 0.00430023
3.7025 0.00427634
3.7125 0.00422139
3.7225 0.00413525
3.7325 0.00401831
3.7425 0.00387152
3.7525 0.00369634
3.7625 0.00349469
3.7725 0.00326893
3.7825 0.00302177
3.7925 0.00275623
3.8025 0.00247554
3.8125 0.00218307
3.8225 0.00188224
3.8325 0.00157646
3.8425 0.00126902
3.8525 0.000963065
3.8625 0.000661479
3.8725 0.000366874
3.8825 8.16023e-05
3.8925 -0.000192475
3.9025 -0.000453839
3.9125 -0.0007013
3.9225 -0.000934037
3.9325 -0.00115168
3.9425 -0.00135429
3.9525 -0.00154199
3.9625 -0.00171532
3.9725 -0.00187506
3.9825 -0.00202217
3.9925 -0.00215785
4.0025 -0.00228333
4.0125 -0.00239992
4.0225 -0.00250887
4.0325 -0.00261139
4.0425 -0.00270851
4.0525 -0.00280111
4.0625 -0.0028898
4.0725 -0.00297497
4.0825 -0.00305674
4.0925 -0.00313496
4.1025 -0.00320924
4.1125 -0.00327892
4.1225 -0.00334318
4.1325 -0.00340096
4.1425 -0.00345114
4.1525 -0.00349246
4.1625 -0.00352369
4.1725 -0.00354358
4.1825 -0.003551
4.1925 -0.00354494
4.2025 -0.00352455
4.2125 -0.00348927
4.2225 -0.00343879
4.2325 -0.00337313
4.2425 -0.00329268
4.2525 -0.00319815
4.2625 -0.00309067
4.2725 -0.0029717
4.2825 -0.00284307
4.2925 -0.00270695
4.3025 -0.00256577
4.3125 -0.00242219
4.3225 -0.00227908
4.3325 -0.00213939
4.3425 -0.00200617
4.3525 -0.00188243
4.3625 -0.00177115
4.3725 -0.00167519
4.3825 -0.0015972
4.3925 -0.00153962
4.4025 -0.00150456
4.4125 -0.00149374
4.4225 -0.00150845
4.4325 -0.00154951
4.4425 -0.00161717
4.4525 -0.00171116
4.4625 -0.00183063
4.4725 -0.00197414
4.4825 -0.00213974
4.4925 -0.00232495
4.5025 -0.00252686
4.5125 -0.00274219
4.5225 -0.00296733
4.5325 -0.00319846
4.5425 -0.00343162
4.5525 -0.00366276
4.5625 -0.00388791
4.5725 -0.00410318
4.5825 -0.00430487
4.5925 -0.00448953
4.6025 -0.00465401
4.6125 -0.0047955
4.6225 -0.00491164
4.6325 -0.00500046
4.6425 -0.00506051
4.6525 -0.00509081
4.6625 -0.00509092
4.6725 -0.00506092
4.6825 -0.00500137
4.6925 -0.00491333
4.7025 -0.00479828
4.7125 -0.00465809
4.7225 -0.00449494
4.7325 -0.00431127
4.7425 -0.00410966
4.7525 -0.0038928
4.7625 -0.00366341
4.7725 -0.00342418
4.7825 -0.0031777
4.7925 -0.00292643
4.8025 -0.00267258
4.8125 -0.00241811
4.8225 -0.00216465
4.8325 -0.00191347
4.8425 -0.00166547
4.8525 -0.00142119
4.8625 -0.00118078
4.8725 -0.000944079
4.8825 -0.00071064
4.8925 -0.000479798
4.9025 -0.000250732
4.9125 -2.26472e-05
4.9225 0.000205537
4.9325 0.000434764
4.9425 0.000665764
4.9525 0.000899234
4.9625 0.00113562
4.9725 0.00137518
4.9825 0.00161795
4.9925 0.00186368
5.0025 0.00211182
5.0125 0.00236159
5.0225 0.00261193
5.0325 0.00286153
5.0425 0.00310885
5.0525 0.00335214
5.0625 0.00358948
5.0725 0.00381883
5.0825 0.00403808
5.0925 0.0042451
5.1025 0.00443783
5.1125 0.00461433
5.1225 0.00477283
5.1325 0.00491183
5.1425 0.00503011
5.1525 0.00512677
5.1625 0.00520132
5.1725 0.00525364
5.1825 0.00528403
5.1925 0.00529319
5.2025 0.00528219
5.2125 0.00525246
5.2225 0.00520576
5.2325 0.0051441
5.2425 0.00506972
5.2525 0.00498503
5.2625 0.00489249
5.2725 0.00479459
5.2825 0.00469378
5.2925 0.00459242
5.3025 0.00449274
5.3125 0.00439674
5.3225 0.00430617
5.3325 0.00422218
5.3425 0.00414672
5.3525 0.00408073
5.3625 0.00402499
5.3725 0.00397991
5.3825 0.00394552
5.3925 0.00392151
5.4025 0.00390746
5.4125 0.00390262
5.4225 0.00390603
5.4325 0.00391647
5.4425 0.00393248
5.4525 0.0039525
5.4625 0.00397481
5.4725 0.00399761
5.4825 0.00401903
5.4925 0.00403724
5.5025 0.00405043
5.5125 0.0040569
5.5225 0.00405511
5.5325 0.00404365
5.5425 0.00402136
5.5525 0.00398729
5.5625 0.00394073
5.5725 0.00388124
5.5825 0.00380864
5.5925 0.00372303
5.6025 0.00362472
5.6125 0.00351425
5.6225 0.00339235
5.6325 0.00325991
5.6425 0.00311794
5.6525 0.00296753
5.6625 0.00280982
5.6725 0.00264593
5.6825 0.00247699
5.6925 0.00230406
5.7025 0.00212814
5.7125 0.00195011
5.7225 0.00177073
5.7325 0.00159065
5.7425 0.00141034
5.7525 0.00123015
5.7625 0.00105026
5.7725 0.000870691
5.7825 0.000691345
5.7925 0.00051187
5.8025 0.000331755
5.8125 0.000150584
5.8225 -3.23681e-05
5.8325 -0.00021782
5.8425 -0.000406448
5.8525 -0.000598996
5.8625 -0.000796127
5.8725 -0.000998463
5.8825 -0.00120652
5.8925 -0.00142067
5.9025 -0.00164112
5.9125 -0.00186787
5.9225 -0.00210073
5.9325 -0.00233932
5.9425 -0.00258302
5.9525 -0.00283097
5.9625 -0.00308211
5.9725 -0.00333516
5.9825 -0.00358866
5.9925 -0.00384098
6.0025 -0.00409036
6.0125 -0.00433495
6.0225 -0.00457289
6.0325 -0.00480232
6.0425 -0.00502142
6.0525 -0.00522853
6.0625 -0.00542208
6.0725 -0.00560066
6.0825 -0.00576305
6.0925 -0.00590822
6.1025 -0.00603531
6.1125 -0.00614373
6.1225 -0.00623306
6.1325 -0.00630331
6.1425 -0.00635411
6.1525 -0.00638648
6.1625 -0.00640126
6.1725 -0.00639915
6.1825 -0.0063813
6.1925 -0.00634862
6.2025 -0.00630235
6.2125 -0.00624368
6.2225 -0.00617384
6.2325 -0.00609403
6.2425 -0.00600542
6.2525 -0.00590911
6.2625 -0.00580621
6.2725 -0.00569772
6.2825 -0.00558459
6.2925 -0.00546767
6.3025 -0.00534767
6.3125 -0.00522521
6.3225 -0.00510075
6.3325 -0.0049746
6.3425 -0.00484695
6.3525 -0.00471784
6.3625 -0.00458718
6.3725 -0.00445476
6.3825 -0.0043203
6.3925 -0.00418345
6.4025 -0.00404386
6.4125 -0.00390117
6.4225 -0.00375504
6.4325 -0.00360519
6.4425 -0.00345144
6.4525 -0.00329367
6.4625 -0.00313189
6.4725 -0.00296622
6.4825 -0.0027969
6.4925 -0.00262429
6.5025 -0.0024489
6.5125 -0.00227132
6.5225 -0.00209227
6.5325 -0.00191256
6.5425 -0.00173307
6.5525 -0.00155473
6.5625 -0.00137852
6.5725 -0.00120541
6.5825 -0.00103635
6.5925 -0.000872253
6.6025 -0.00071396
6.6125 -0.000562229
6.6225 -0.000417718
6.6325 -0.00028097
6.6425 -0.000152355
6.6525 -3.21416e-05
6.6625 7.95945e-05
6.6725 0.000182986
6.6825 0.000278354
6.6925 0.00036614
6.7025 0.000447024
6.7125 0.000521678
6.7225 0.000591284
6.7325 0.000656713
6.7425 0.000719054
6.7525 0.000779357
6.7625 0.00083867
6.7725 0.000898048
6.7825 0.000958491
6.7925 0.00102093
6.8025 0.00108621
6.8125 0.00115504
6.8225 0.00122802
6.8325 0.00130557
6.8425 0.00138794
6.8525 0.0014752
6.8625 0.00156727
6.8725 0.00166389
6.8825 0.00176468
6.8925 0.00186913
6.9025 0.0019766
6.9125 0.00208642
6.9225 0.00219779
6.9325 0.00230991
6.9425 0.00242192
6.9525 0.00253296
6.9625 0.00264219
6.9725 0.0027488
6.9825 0.00285203
6.9925 0.00295122
7.0025 0.00304583
7.0125 0.00313544
7.0225 0.00321977
7.0325 0.0032987
7.0425 0.00337227
7.0525 0.00344067
7.0625 0.00350425
7.0725 0.00356347
7.0825 0.00361893
7.0925 0.00367134
7.1025 0.00372145
7.1125 0.0037701
7.1225 0.00381813
7.1325 0.00386636
7.1425 0.00391558
7.1525 0.00396646
7.1625 0.00401958
7.1725 0.00407539
7.1825 0.00413417
7.1925 0.00419606
7.2025 0.00426101
7.2125 0.00432883
7.2225 0.00439918
7.2325 0.00447156
7.2425 0.00454535
7.2525 0.00461981
7.2625 0.00469411
7.2725 0.00476733
7.2825 0.00483853
7.2925 0.0049067
7.3025 0.00497081
7.3125 0.00502979
7.3225 0.00508256
7.3325 0.00512806
7.3425 0.00516522
7.3525 0.005193
7.3625 0.00521041
7.3725 0.00521648
7.3825 0.00521031
7.3925 0.00519105
7.4025 0.00515792
7.4125 0.00511022
7.4225 0.00504732
7.4325 0.00496872
7.4425 0.00487399
7.4525 0.00476288
7.4625 0.00463526
7.4725 0.00449118
7.4825 0.00433084
7.4925 0.00415461
7.5025 0.00396302
7.5125 0.00375674
7.5225 0.00353658
7.5325 0.00330341
7.5425 0.00305819
7.5525 0.00280189
7.5625 0.00253551
7.5725 0.00226005
7.5825 0.00197648
7.5925 0.00168576
7.6025 0.00138886
7.6125 0.00108668
7.6225 0.000780132
7.6325 0.000470131
7.6425 0.000157581
7.6525 -0.000156862
7.6625 -0.00047236
7.6725 -0.000788107
7.6825 -0.00110326
7.6925 -0.00141697
7.7025 -0.00172838
7.7125 -0.00203663
7.7225 -0.00234078
7.7325 -0.00263982
7.7425 -0.00293264
7.7525 -0.00321806
7.7625 -0.00349482
7.7725 -0.00376157
7.7825 -0.00401683
7.7925 -0.00425909
7.8025 -0.00448672
7.8125 -0.00469809
7.8225 -0.00489152
7.8325 -0.00506534
7.8425 -0.00521791
7.8525 -0.00534769
7.8625 -0.00545322
7.8725 -0.00553322
7.8825 -0.00558658
7.8925 -0.00561245
7.9025 -0.00561023
7.9125 -0.00557963
7.9225 -0.00552069
7.9325 -0.0054338
7.9425 -0.00531974
7.9525 -0.00517964
7.9625 -0.005015
7.9725 -0.00482772
7.9825 -0.00461998
7.9925 -0.00439434
8.0025 -0.00415358
8.015 -0.00383604
8.0275 -0.003506
8.04 -0.00317007
8.0525 -0.00283497
8.065 -0.0025073
8.0775 -0.00219338
8.09 -0.00189907
8.1025 -0.00162964
8.115 -0.00138963
8.1275 -0.00118275
8.14 -0.00101186
8.1525 -0.000878873
8.165 -0.0007848
8.1775 -0.000729717
8.19 -0.000712824
8.2025 -0.00073251
8.215 -0.000786449
8.2275 -0.000871731
8.24 -0.000985013
8.2525 -0.00112268
8.265 -0.00128098
8.2775 -0.00145618
8.29 -0.00164469
8.3025 -0.00184313
8.315 -0.00204847
8.3275 -0.00225798
8.34 -0.00246933
8.3525 -0.00268053
8.365 -0.00288996
8.3775 -0.00309625
8.39 -0.00329823
8.4025 -0.00349479
8.415 -0.00368478
8.4275 -0.00386682
8.44 -0.00403927
8.4525 -0.00420006
8.465 -0.00434662
8.4775 -0.00447588
8.49 -0.00458433
8.5025 -0.00466806
8.515 -0.00472283
8.5275 -0.00474424
8.54 -0.00472777
8.5525 -0.00466901
8.565 -0.00456375
8.5775 -0.00440821
8.59 -0.00419924
8.6025 -0.00393455
8.615 -0.00361262
8.6275 -0.0032332
8.64 -0.0027972
8.6525 -0.00230696
8.665 -0.00176607
8.6775 -0.00117937
8.69 -0.000553215
8.7025 0.000104788
8.715 0.000786127
8.7275 0.00148095
8.74 0.00217889
8.7525 0.00286931
8.765 0.0035414
8.7775 0.00418464
8.79 0.00478905
8.8025 0.00534549
8.815 0.00584588
8.8275 0.00628338
8.84 0.00665259
8.8525 0.00694978
8.865 0.00717687
8.8775 0.00732781
8.89 0.00740557
8.9025 0.0074146
8.915 0.0073591
8.9275 0.00724249
8.94 0.00707087
8.9525 0.00685167
8.965 0.00659219
8.9775 0.00629939
8.99 0.00598064
9.0025 0.00564372
9.015 0.00529585
9.0275 0.00494331
9.04 0.00459156
9.0525 0.00424549
9.065 0.00390913
9.0775 0.00358544
9.09 0.00327638
9.1025 0.00298323
9.115 0.00270663
9.1275 0.00244666
9.14 0.00220295
9.1525 0.00197491
9.165 0.00176199
9.1775 0.00156375
9.19 0.00137994
9.2025 0.00121062
9.215 0.00105626
9.2275 0.00091781
9.24 0.000796664
9.2525 0.000694538
9.265 0.00061366
9.2775 0.000556316
9.29 0.000524941
9.3025 0.000521877
9.315 0.000549205
9.3275 0.000608522
9.34 0.000700814
9.3525 0.000826262
9.365 0.000984151
9.3775 0.00117259
9.39 0.00138865
9.4025 0.00162826
9.415 0.0018863
9.4275 0.00215668
9.44 0.00243247
9.4525 0.00270604
9.465 0.00296929
9.4775 0.00321386
9.49 0.0034314
9.5025 0.00361379
9.515 0.00375347
9.5275 0.0038436
9.54 0.00387837
9.5525 0.00385319
9.565 0.0037648
9.5775 0.00361145
9.59 0.00339298
9.6025 0.00311089
9.615 0.00276829
9.6275 0.00236978
9.64 0.0019213
9.6525 0.00142991
9.665 0.000903835
9.6775 0.000351882
9.69 -0.000216871
9.7025 -0.000793233
9.715 -0.00136781
9.7275 -0.00193209
9.74 -0.00247787
9.7525 -0.00299769
9.765 -0.00348505
9.7775 -0.00393455
9.79 -0.00434191
9.8025 -0.00470402
9.815 -0.00501899
9.8275 -0.00528613
9.84 -0.00550583
9.8525 -0.00567941
9.865 -0.00580897
9.8775 -0.00589727
9.89 -0.00594751
9.9025 -0.00596319
9.915 -0.00594788
9.9275 -0.00590511
9.94 -0.00583818
9.9525 -0.00575009
9.965 -0.00564338
9.9775 -0.0055201
9.99 -0.0053818
10.0025 -0.00522953
10.015 -0.00506391
10.0275 -0.00488517
10.04 -0.00469331
10.0525 -0.00448814
10.065 -0.00426945
10.0775 -0.00403709
10.09 -0.00379111
10.1025 -0.00353187
10.115 -0.00326014
10.1275 -0.00297718
10.14 -0.00268483
10.1525 -0.00238557
10.165 -0.0020825
10.1775 -0.00177926
10.19 -0.00147996
10.2025 -0.00118904
10.215 -0.000911135
10.2275 -0.000650909
10.24 -0.000412851
10.2525 -0.000200932
10.265 -1.92142e-05
10.2775 0.000129337
10.29 0.000242429
10.3025 0.000318637
10.315 0.000357517
10.3275 0.000359745
10.34 0.000327093
10.3525 0.000262337
10.365 0.000169231
10.3775 5.24055e-05
10.39 -8.2767e-05
10.4025 -0.000230363
10.415 -0.000384166
10.4275 -0.000537734
10.44 -0.000684694
10.4525 -0.000818962
10.465 -0.000934875
10.4775 -0.00102735
10.49 -0.00109227
10.5025 -0.00112635
10.515 -0.00112738
10.5275 -0.00109429
10.54 -0.00102712
10.5525 -0.000926909
10.565 -0.000795644
10.5775 -0.000636102
10.59 -0.000451707
10.6025 -0.000246345
10.615 -2.41724e-05
10.6275 0.000210559
10.64 0.000453904
10.6525 0.000701594
10.665 0.000950053
10.6775 0.00119613
10.69 0.00143714
10.7025 0.00167092
10.715 0.00189592
10.7275 0.0021112
10.74 0.00231627
10.7525 0.00251111
10.765 0.00269607
10.7775 0.0028718
10.79 0.0030391
10.8025 0.00319883
10.815 0.00335182
10.8275 0.00349873
10.84 0.00364008
10.8525 0.00377607
10.865 0.00390659
10.8775 0.00403122
10.89 0.00414917
10.9025 0.00425935
10.915 0.00436038
10.9275 0.00445063
10.94 0.00452829
10.9525 0.00459147
10.965 0.00463824
10.9775 0.00466677
10.99 0.0046754
11.0025 0.00466274
11.015 0.00462778
11.0275 0.00456996
11.04 0.00448924
11.0525 0.00438614
11.065 0.00426177
11.0775 0.00411783
11.09 0.00395654
11.1025 0.00378058
11.115 0.00359296
11.1275 0.00339694
11.14 0.00319586
11.1525 0.00299303
11.165 0.00279163
11.1775 0.00259454
11.19 0.00240429
11.2025 0.00222296
11.215 0.00205214
11.2275 0.00189286
11.24 0.00174558
11.2525 0.00161023
11.265 0.00148622
11.2775 0.00137247
11.29 0.00126752
11.3025 0.00116962
11.315 0.00107677
11.3275 0.000986867
11.34 0.000897791
11.3525 0.000807516
11.365 0.000714205
11.3775 0.000616302
11.39 0.00051261
11.4025 0.000402345
11.415 0.000285134
11.4275 0.000161094
11.44 3.06833e-05
11.4525 -0.000105005
11.465 -0.000244571
11.4775 -0.000386252
11.49 -0.000528275
11.5025 -0.000668532
11.515 -0.000804981
11.5275 -0.000935626
11.54 -0.00105866
11.5525 -0.00117256
11.565 -0.00127613
11.5775 -0.00136859
11.59 -0.00144958
11.6025 -0.00151914
11.615 -0.00157778
11.6275 -0.00162636
11.64 -0.00166612
11.6525 -0.00169861
11.665 -0.00172562
11.6775 -0.00174912
11.69 -0.00177116
11.7025 -0.0017938
11.715 -0.00181898
11.7275 -0.00184851
11.74 -0.00188389
11.7525 -0.00192633
11.765 -0.00197667
11.7775 -0.00203527
11.79 -0.00210211
11.8025 -0.00217667
11.815 -0.00225798
11.8275 -0.00234465
11.84 -0.00243494
11.8525 -0.00252681
11.865 -0.00261802
11.8775 -0.00270629
11.89 -0.00278937
11.9025 -0.00286516
11.915 -0.00293179
11.9275 -0.00298776
11.94 -0.00303195
11.9525 -0.00306368
11.965 -0.00308274
11.9775 -0.00308939
11.99 -0.00308434
12.0025 -0.0030687
12.015 -0.00304397
12.0275 -0.00301189
12.04 -0.00297442
12.0525 -0.00293362
12.065 -0.00289154
12.0775 -0.00285015
12.09 -0.00281122
12.1025 -0.00277624
12.115 -0.00274633
12.1275 -0.00272223
12.14 -0.00270419
12.1525 -0.00269198
12.165 -0.0026849
12.1775 -0.00268179
12.19 -0.0026811
12.2025 -0.00268091
12.215 -0.00267907
12.2275 -0.00267327
12.24 -0.00266114
12.2525 -0.00264036
12.265 -0.0026088
12.2775 -0.00256464
12.29 -0.00250643
12.3025 -0.00243324
12.315 -0.00234465
12.3275 -0.00224085
12.34 -0.00212255
12.3525 -0.00199104
12.365 -0.0018481
12.3775 -0.00169598
12.39 -0.00153732
12.4025 -0.00137501
12.415 -0.00121213
12.4275 -0.00105185
12.44 -0.000897223
12.4525 -0.000751173
12.465 -0.00061631
12.4775 -0.00049486
12.49 -0.00038857
12.5025 -0.000298639
12.515 -0.000225669
12.5275 -0.000169631
12.54 -0.000129854
12.5525 -0.000105054
12.565 -9.33691e-05
12.5775 -9.24181e-05
12.59 -9.94014e-05
12.6025 -0.000111205
12.615 -0.000124576
12.6275 -0.000136171
12.64 -0.000142687
12.6525 -0.000141034
12.665 -0.000128403
12.6775 -0.000102499
12.69 -6.15637e-05
12.7025 -4.40528e-06
12.715 6.95328e-05
12.7275 0.000160153
12.74 0.000266737
12.7525 0.000388034
12.765 0.000522294
12.7775 0.000667197
12.79 0.000820264
12.8025 0.000978774
12.815 0.0011399
12.8275 0.00130084
12.84 0.00145897
12.8525 0.00161187
12.865 0.00175749
12.8775 0.00189416
12.89 0.00202072
12.9025 0.00213652
12.915 0.00224142
12.9275 0.00233581
12.94 0.00242054
12.9525 0.00249685
12.965 0.00256632
12.9775 0.00263076
12.99 0.00269206
13.0025 0.00275217
13.015 0.00281292
13.0275 0.00287597
13.04 0.00294271
13.0525 0.00301418
13.065 0.00309104
13.0775 0.00317347
13.09 0.00326121
13.1025 0.0033535
13.115 0.00344917
13.1275 0.00354661
13.14 0.00364387
13.1525 0.00373875
13.165 0.00382884
13.1775 0.00391166
13.19 0.00398474
13.2025 0.00404573
13.215 0.00409246
13.2275 0.00412309
13.24 0.00413615
13.2525 0.00413066
13.265 0.00410611
13.2775 0.00406249
13.29 0.00400029
13.3025 0.00392043
13.315 0.00382423
13.3275 0.00371337
13.34 0.00358982
13.3525 0.00345572
13.365 0.00331337
13.3775 0.00316505
13.39 0.00301296
13.4025 0.00285915
13.415 0.00270539
13.4275 0.00255317
13.44 0.00240362
13.4525 0.00225748
13.465 0.00211511
13.4775 0.00197652
13.49 0.00184134
13.5025 0.00170891
13.515 0.00157832
13.5275 0.00144848
13.54 0.00131817
13.5525 0.00118617
13.565 0.00105127
13.5775 0.000912356
13.59 0.000768467
13.6025 0.00061883
13.615 0.000462923
13.6275 0.000300465
13.64 0.000131442
13.6525 -4.4069e-05
13.665 -0.000225107
13.6775 -0.00041097
13.69 -0.000600347
13.7025 -0.000791719
13.715 -0.000983255
13.7275 -0.00117297
13.74 -0.00135881
13.7525 -0.00153865
13.765 -0.00171045
13.7775 -0.00187223
13.79 -0.00202215
13.8025 -0.00215858
13.815 -0.00228012
13.8275 -0.00238568
13.84 -0.00247449
13.8525 -0.00254613
13.865 -0.00260054
13.8775 -0.00263799
13.89 -0.00265907
13.9025 -0.00266472
13.915 -0.0026561
13.9275 -0.00263464
13.94 -0.002602
13.9525 -0.00255997
13.965 -0.00251049
13.9775 -0.00245556
13.99 -0.0023972
14.0025 -0.00233737
14.015 -0.00227796
14.0275 -0.0022207
14.04 -0.00216715
14.0525 -0.0021187
14.065 -0.00207651
14.0775 -0.00204151
14.09 -0.00201444
14.1025 -0.00199579
14.115 -0.00198586
14.1275 -0.00198475
14.14 -0.00199235
14.1525 -0.00200842
14.165 -0.00203261
14.1775 -0.00206445
14.19 -0.00210347
14.2025 -0.00214911
14.215 -0.00220086
14.2275 -0.00225818
14.24 -0.00232058
14.2525 -0.00238756
14.265 -0.00245866
14.2775 -0.00253341
14.29 -0.00261127
14.3025 -0.00269161
14.315 -0.0027737
14.3275 -0.00285663
14.34 -0.00293937
14.3525 -0.00302073
14.365 -0.00309926
14.3775 -0.00317347
14.39 -0.00324163
14.4025 -0.00330194
14.415 -0.00335246
14.4275 -0.00339117
14.44 -0.00341606
14.4525 -0.00342515
14.465 -0.00341656
14.4775 -0.00338863
14.49 -0.00333993
14.5025 -0.00326933
14.515 -0.00317602
14.5275 -0.00305957
14.54 -0.0029199
14.5525 -0.00275724
14.565 -0.00257216
14.5775 -0.00236556
14.59 -0.0021386
14.6025 -0.00189275
14.615 -0.00162973
14.6275 -0.0013515
14.64 -0.00106019
14.6525 -0.000758124
14.665 -0.000447655
14.6775 -0.000131187
14.69 0.000189035
14.7025 0.000510906
14.715 0.000831667
14.7275 0.00114922
14.74 0.0014614
14.7525 0.00176624
14.765 0.00206182
14.7775 0.00234652
14.79 0.00261887
14.8025 0.00287755
14.815 0.00312134
14.8275 0.00334919
14.84 0.00356019
14.8525 0.00375354
14.865 0.00392849
14.8775 0.00408438
14.89 0.00422059
14.9025 0.00433656
14.915 0.00443182
14.9275 0.00450596
14.94 0.00455873
14.9525 0.00458998
14.965 0.00459972
14.9775 0.00458814
14.99 0.00455556
15.0025 0.00450247
15.015 0.00442959
15.0275 0.00433782
15.04 0.00422831
15.0525 0.00410245
15.065 0.0039619
15.0775 0.00380857
15.09 0.00364462
15.1025 0.00347251
15.115 0.00329492
15.1275 0.00311481
15.14 0.00293538
15.1525 0.00275996
15.165 0.00259203
15.1775 0.00243512
15.19 0.00229265
15.2025 0.00216791
15.215 0.00206396
15.2275 0.00198345
15.24 0.00192861
15.2525 0.00190108
15.265 0.00190184
15.2775 0.00193116
15.29 0.00198851
15.3025 0.00207259
15.315 0.00218123
15.3275 0.00231149
15.34 0.00245965
15.3525 0.0026213
15.365 0.00279154
15.3775 0.00296507
15.39 0.0031364
15.4025 0.00330005
15.415 0.00345066
15.4275 0.00358325
15.44 0.00369324
15.4525 0.00377659
15.465 0.00382993
15.4775 0.00385056
15.49 0.00383662
15.5025 0.00378711
15.515 0.00370189
15.5275 0.0035817
15.54 0.00342811
15.5525 0.00324343
15.565 0.00303064
15.5775 0.00279317
15.59 0.00253483
15.6025 0.00225963
15.615 0.00197164
15.6275 0.00167488
15.64 0.00137324
15.6525 0.00107013
15.665 0.000768463
15.6775 0.000470699
15.69 0.000178885
15.7025 -0.000105722
15.715 -0.000382411
15.7275 -0.000651418
15.74 -0.000913309
15.7525 -0.00116948
15.765 -0.00142191
15.7775 -0.00167323
15.79 -0.00192653
15.8025 -0.00218522
15.815 -0.00245294
15.8275 -0.00273331
15.84 -0.00302965
15.8525 -0.00334464
15.865 -0.00368006
15.8775 -0.00403647
15.89 -0.00441301
15.9025 -0.00480719
15.915 -0.00521486
15.9275 -0.00563022
15.94 -0.00604595
15.9525 -0.00645343
15.965 -0.0068429
15.9775 -0.00720377
15.99 -0.00752522
16.0025 -0.00780187
16.0125 -0.00797923
16.0225 -0.0081141
16.0325 -0.00820489
16.0425 -0.00824606
16.0525 -0.00823413
16.0625 -0.00816559
16.0725 -0.0080397
16.0825 -0.00785575
16.0925 -0.00761396
16.1025 -0.00731549
16.1125 -0.00696251
16.1225 -0.00655872
16.1325 -0.00610915
16.1425 -0.00562001
16.1525 -0.00509834
16.1625 -0.00455197
16.1725 -0.00398955
16.1825 -0.00342043
16.1925 -0.00285439
16.2025 -0.00230133
16.2125 -0.00177021
16.2225 -0.00126904
16.2325 -0.000809473
16.2425 -0.00039733
16.2525 -3.91839e-05
16.2625 0.000259404
16.2725 0.000493922
16.2825 0.000661334
16.2925 0.000760519
16.3025 0.000792002
16.3125 0.000757934
16.3225 0.000661506
16.3325 0.000507494
16.3425 0.000302298
16.3525 5.36415e-05
16.3625 -0.000229775
16.3725 -0.00053859
16.3825 -0.000862906
16.3925 -0.00119324
16.4025 -0.00151855
16.4125 -0.0018292
16.4225 -0.0021162
16.4325 -0.00237077
16.4425 -0.0025853
16.4525 -0.00275335
16.4625 -0.00286984
16.4725 -0.00293123
16.4825 -0.00293555
16.4925 -0.00288244
16.5025 -0.00277311
16.5125 -0.00261027
16.5225 -0.00239814
16.5325 -0.00214232
16.5425 -0.00184952
16.5525 -0.00152678
16.5625 -0.00118224
16.5725 -0.000824131
16.5825 -0.000460015
16.5925 -9.83103e-05
16.6025 0.000252347
16.6125 0.000586237
16.6225 0.000897328
16.6325 0.00118067
16.6425 0.00143227
16.6525 0.0016495
16.6625 0.00183122
16.6725 0.00197764
16.6825 0.00209014
16.6925 0.00217116
16.7025 0.00222445
16.7125 0.00225472
16.7225 0.00226768
16.7325 0.00226976
16.7425 0.00226775
16.7525 0.00226863
16.7625 0.00227932
16.7725 0.00230654
16.7825 0.00235646
16.7925 0.00243449
16.8025 0.00254504
16.8125 0.0026914
16.8225 0.0028756
16.8325 0.00309834
16.8425 0.00335887
16.8525 0.00365534
16.8625 0.00398461
16.8725 0.00434092
16.8825 0.0047189
16.8925 0.00511154
16.9025 0.00551087
16.9125 0.00590824
16.9225 0.00629463
16.9325 0.006661
16.9425 0.0069984
16.9525 0.00729811
16.9625 0.00755457
16.9725 0.00776301
16.9825 0.00790989
16.9925 0.00799578
17.0025 0.00801794
17.0125 0.0079732
17.0225 0.00786165
17.0325 0.00768267
17.0425 0.00743879
17.0525 0.00713455
17.0625 0.00677532
17.0725 0.00636715
17.0825 0.00591696
17.0925 0.00543297
17.1025 0.00492445
17.1125 0.00440106
17.1225 0.00387229
17.1325 0.00334731
17.1425 0.00283504
17.1525 0.00234405
17.1625 0.00188106
17.1725 0.00145218
17.1825 0.00106567
17.1925 0.000723354
17.2025 0.000428032
17.2125 0.000181263
17.2225 -1.61224e-05
17.2325 -0.000164627
17.2425 -0.000266349
17.2525 -0.000324545
17.2625 -0.000343272
17.2725 -0.000326794
17.2825 -0.00028017
17.2925 -0.000209174
17.3025 -0.000120027
17.3125 -1.90177e-05
17.3225 8.7814e-05
17.3325 0.000194706
17.3425 0.000296148
17.3525 0.000387395
17.3625 0.000464378
17.3725 0.000523959
17.3825 0.000563728
17.3925 0.000582585
17.4025 0.000580251
17.4125 0.0005574
17.4225 0.000515542
17.4325 0.000457024
17.4425 0.00038446
17.4525 0.000301491
17.4625 0.000212215
17.4725 0.000119648
17.4825 2.75143e-05
17.4925 -6.06919e-05
17.5025 -0.000141664
17.5125 -0.000212554
17.5225 -0.000271161
17.5325 -0.000315934
17.5425 -0.00034594
17.5525 -0.000360874
17.5625 -0.000361192
17.5725 -0.000348019
17.5825 -0.00032317
17.5925 -0.00028915
17.6025 -0.000248976
17.6125 -0.000205963
17.6225 -0.000163832
17.6325 -0.000126531
17.6425 -9.81443e-05
17.6525 -8.27539e-05
17.6625 -8.42824e-05
17.6725 -0.000106354
17.6825 -0.000152531
17.6925 -0.00022564
17.7025 -0.000328057
17.7125 -0.000461931
17.7225 -0.000628484
17.7325 -0.000828123
17.7425 -0.00106095
17.7525 -0.00132616
17.7625 -0.00162223
17.7725 -0.00194684
17.7825 -0.00229696
17.7925 -0.00266889
17.8025 -0.00305831
17.8125 -0.00346036
17.8225 -0.00386969
17.8325 -0.00428066
17.8425 -0.00468744
17.8525 -0.00508419
17.8625 -0.00546523
17.8725 -0.00582514
17.8825 -0.00615891
17.8925 -0.00646209
17.9025 -0.00673086
17.9125 -0.00696153
17.9225 -0.0071535
17.9325 -0.00730508
17.9425 -0.00741578
17.9525 -0.00748599
17.9625 -0.00751659
17.9725 -0.0075094
17.9825 -0.00746684
17.9925 -0.00739205
18.0025 -0.00728873
18.0125 -0.00716101
18.0225 -0.00701334
18.0325 -0.00685034
18.0425 -0.00667665
18.0525 -0.00649683
18.0625 -0.00631519
18.0725 -0.00613565
18.0825 -0.00596167
18.0925 -0.00579612
18.1025 -0.00564123
18.1125 -0.00549853
18.1225 -0.00536884
18.1325 -0.00525219
18.1425 -0.00514787
18.1525 -0.00505446
18.1625 -0.00496989
18.1725 -0.00489146
18.1825 -0.00481602
18.1925 -0.00473998
18.2025 -0.00465952
18.2125 -0.00457065
18.2225 -0.00446938
18.2325 -0.00435185
18.2425 -0.00421447
18.2525 -0.00405401
18.2625 -0.00386779
18.2725 -0.0036537
18.2825 -0.00341037
18.2925 -0.00313724
18.3025 -0.00283463
18.3125 -0.00250377
18.3225 -0.00214685
18.3325 -0.00176696
18.3425 -0.00136807
18.3525 -0.000954798
18.3625 -0.000530619
18.3725 -0.00010225
18.3825 0.000323345
18.3925 0.000741842
18.4025 0.00114693
18.4125 0.00153268
18.4225 0.00189306
18.4325 0.00222257
18.4425 0.00251686
18.4525 0.00277254
18.4625 0.00298616
18.4725 0.00315541
18.4825 0.00327883
18.4925 0.00335612
18.5025 0.00338805
18.5125 0.0033765
18.5225 0.00332392
18.5325 0.00323373
18.5425 0.00311035
18.5525 0.00295898
18.5625 0.0027854
18.5725 0.00259585
18.5825 0.0023969
18.5925 0.00219534
18.6025 0.00199809
18.6125 0.00181196
18.6225 0.00164349
18.6325 0.00149882
18.6425 0.00138351
18.6525 0.00130246
18.6625 0.0012596
18.6725 0.00125824
18.6825 0.00130075
18.6925 0.00138803
18.7025 0.0015205
18.7125 0.00169738
18.7225 0.00191668
18.7325 0.00217579
18.7425 0.00247109
18.7525 0.00279828
18.7625 0.00315237
18.7725 0.00352755
18.7825 0.00391787
18.7925 0.0043181
18.8025 0.00472138
18.8125 0.00512179
18.8225 0.00551222
18.8325 0.00588751
18.8425 0.00624227
18.8525 0.0065711
18.8625 0.00686887
18.8725 0.0071311
18.8825 0.00735432
18.8925 0.00753588
18.9025 0.00767376
18.9125 0.00776653
18.9225 0.00781359
18.9325 0.00781531
18.9425 0.00777309
18.9525 0.0076889
18.9625 0.00756549
18.9725 0.0074063
18.9825 0.00721538
18.9925 0.00699733
19.0025 0.00675714
19.0125 0.00650009
19.0225 0.00623157
19.0325 0.005957
19.0425 0.00568194
19.0525 0.00541172
19.0625 0.00515144
19.0725 0.00490578
19.0825 0.00467891
19.0925 0.00447438
19.1025 0.00429502
19.1125 0.00414287
19.1225 0.00401911
19.1325 0.00392409
19.1425 0.00385726
19.1525 0.00381726
19.1625 0.00380193
19.1725 0.0038084
19.1825 0.00383313
19.1925 0.0038721
19.2025 0.00392083
19.2125 0.0039746
19.2225 0.00402858
19.2325 0.00407794
19.2425 0.00411803
19.2525 0.00414449
19.2625 0.00415339
19.2725 0.00414138
19.2825 0.0041057
19.2925 0.00404435
19.3025 0.00395607
19.3125 0.00384041
19.3225 0.0036977
19.3325 0.00352903
19.3425 0.0033362
19.3525 0.00312166
19.3625 0.00288838
19.3725 0.00263973
19.3825 0.00237957
19.3925 0.00211192
19.4025 0.00183854
19.4125 0.00156343
19.4225 0.00128911
19.4325 0.00101719
19.4425 0.000750239
19.4525 0.00049025
19.4625 0.000237184
19.4725 -8.95123e-06
19.4825 -0.000248756
19.4925 -0.000482963
19.5025 -0.000713092
19.5125 -0.000941328
19.5225 -0.00117036
19.5325 -0.00140317
19.5425 -0.00164239
19.5525 -0.00189177
19.5625 -0.00215723
19.5725 -0.00244168
19.5825 -0.00274957
19.5925 -0.00308393
19.6025 -0.00344685
19.6125 -0.00383878
19.6225 -0.00425832
19.6325 -0.00465275
19.6425 -0.00506566
19.6525 -0.00550423
19.6625 -0.00590793
19.6725 -0.00631165
19.6825 -0.00671768
19.6925 -0.00711865
19.7025 -0.00751428
19.715 -0.00799289
19.725 -0.00837141
19.735 -0.00874993
19.745 -0.00910598
19.755 -0.00944606
19.765 -0.00977292
19.775 -0.0100781
19.785 -0.0103649
19.795 -0.0106365
19.805 -0.0108852
19.815 -0.0111103
19.825 -0.0113131
19.835 -0.0114918
19.845 -0.0116464
19.855 -0.0117774
19.865 -0.011883
19.875 -0.0119644
19.885 -0.012021
19.895 -0.0120515
19.905 -0.0120572
19.915 -0.0120385
19.925 -0.0119955
19.935 -0.0119284
19.945 -0.0118373
19.955 -0.0117228
19.965 -0.0115858
19.975 -0.0114269
19.985 -0.0112466
19.995 -0.0110457
20.005 -0.0108252
20.015 -0.0105864
20.025 -0.0103304
20.035 -0.0100583
20.045 -0.00977146
20.055 -0.00947108
20.065 -0.00915853
20.075 -0.00883519
20.085 -0.00850244
20.095 -0.00816216
20.105 -0.00781623
20.115 -0.00746589
20.125 -0.00711338
20.135 -0.00676069
20.145 -0.00640963
20.155 -0.00606208
20.165 -0.00572005
20.175 -0.00538556
20.185 -0.00506055
20.195 -0.00474704
20.205 -0.00444652
20.215 -0.00416012
20.225 -0.00389047
20.235 -0.00363868
20.245 -0.00340547
20.255 -0.0031929
20.265 -0.00300266
20.275 -0.00283629
20.285 -0.00269493
20.295 -0.00257966
20.305 -0.00249169
20.315 -0.00243222
20.325 -0.00240213
20.335 -0.00240172
20.345 -0.0024307
20.355 -0.0024887
20.365 -0.0025749
20.375 -0.00268775
20.385 -0.0028246
20.395 -0.00298327
20.405 -0.00316042
20.415 -0.00335241
20.425 -0.00355565
20.435 -0.00376578
20.445 -0.00397609
20.455 -0.00418275
20.465 -0.00438022
20.475 -0.00456374
20.485 -0.00472847
20.495 -0.00486975
20.505 -0.0049834
20.515 -0.00506576
20.525 -0.00511361
20.535 -0.00512442
20.545 -0.00509542
20.555 -0.00502627
20.565 -0.00491746
20.575 -0.004769
20.585 -0.00458243
20.595 -0.00435933
20.605 -0.00410227
20.615 -0.00381469
20.625 -0.00350058
20.635 -0.00316451
20.645 -0.00281059
20.655 -0.00244384
20.665 -0.00206825
20.675 -0.00168988
20.685 -0.00131229
20.695 -0.00094099
20.705 -0.000580775
20.715 -0.000235726
20.725 9.07335e-05
20.735 0.000395631
20.745 0.000676176
20.755 0.000930078
20.765 0.00115576
20.775 0.0013522
20.785 0.00151973
20.795 0.00165956
20.805 0.0017728
20.815 0.00186334
20.825 0.00193277
20.835 0.00198255
20.845 0.00201707
20.855 0.00203933
20.865 0.00205361
20.875 0.00206401
20.885 0.00207461
20.895 0.0020894
20.905 0.00211206
20.915 0.00214599
20.925 0.00219414
20.935 0.00225897
20.945 0.00234273
20.955 0.0024465
20.965 0.00257101
20.975 0.00271639
20.985 0.00288232
20.995 0.00306816
21.005 0.00327278
21.015 0.00349402
21.025 0.00373007
21.035 0.00397861
21.045 0.00423663
21.055 0.00450305
21.065 0.00477376
21.075 0.00504641
21.085 0.00531822
21.095 0.00558554
21.105 0.00584501
21.115 0.0060933
21.125 0.00632721
21.135 0.0065436
21.145 0.00673959
21.155 0.00691256
21.165 0.00706019
21.175 0.00718047
21.185 0.00727189
21.195 0.0073334
21.205 0.00736437
21.215 0.00736463
21.225 0.00733464
21.235 0.00727523
21.245 0.00718785
21.255 0.0070745
21.265 0.00693755
21.275 0.00677964
21.285 0.00660357
21.295 0.00641266
21.305 0.00621012
21.315 0.00599932
21.325 0.0057836
21.335 0.00556622
21.345 0.00535032
21.355 0.00513885
21.365 0.00493458
21.375 0.00474009
21.385 0.00455757
21.395 0.00438843
21.405 0.00423436
21.415 0.00409629
21.425 0.00397487
21.435 0.0038703
21.445 0.00378238
21.455 0.00371058
21.465 0.00365402
21.475 0.00361159
21.485 0.0035819
21.495 0.00356337
21.505 0.00355423
21.515 0.00355261
21.525 0.00355653
21.535 0.00356399
21.545 0.003573
21.555 0.00358162
21.565 0.00358803
21.575 0.00359054
21.585 0.00358763
21.595 0.00357794
21.605 0.00356033
21.615 0.00353381
21.625 0.00349761
21.635 0.0034511
21.645 0.00339385
21.655 0.00332555
21.665 0.00324603
21.675 0.00315522
21.685 0.00305316
21.695 0.00294
21.705 0.00281597
21.715 0.00268136
21.725 0.00253756
21.735 0.00238354
21.745 0.00221824
21.755 0.00204246
21.765 0.00185615
21.775 0.00166127
21.785 0.00145739
21.795 0.00124526
21.805 0.0010261
21.815 0.000800939
21.825 0.000571136
21.835 0.000336215
21.845 9.85183e-05
21.855 -0.000141491
21.865 -0.00038411
21.875 -0.000629024
21.885 -0.000875677
21.895 -0.00112332
21.905 -0.00137157
21.915 -0.00162027
21.925 -0.00186919
21.935 -0.00211789
21.945 -0.00236583
21.955 -0.00261244
21.965 -0.00285721
21.975 -0.00309962
21.985 -0.00333905
21.995 -0.00357481
22.005 -0.00380607
22.015 -0.00403203
22.025 -0.00425189
22.035 -0.00446485
22.045 -0.00467001
22.055 -0.00486643
22.065 -0.00505317
22.075 -0.00522927
22.085 -0.0053938
22.095 -0.00554587
22.105 -0.00568457
22.115 -0.00580905
22.125 -0.00591855
22.135 -0.0060124
22.145 -0.00609005
22.155 -0.00615106
22.165 -0.00619512
22.175 -0.00622209
22.185 -0.00623199
22.195 -0.00622514
22.205 -0.00620189
22.215 -0.00616283
22.225 -0.00610884
22.235 -0.00604101
22.245 -0.00596063
22.255 -0.0058692
22.265 -0.00576838
22.275 -0.00566004
22.285 -0.0055462
22.295 -0.005429
22.305 -0.00531066
22.315 -0.00519347
22.325 -0.00507972
22.335 -0.0049717
22.345 -0.00487168
22.355 -0.00478182
22.365 -0.00470421
22.375 -0.00464079
22.385 -0.0045934
22.395 -0.00456357
22.405 -0.00455257
22.415 -0.00456152
22.425 -0.0045912
22.435 -0.00464204
22.445 -0.00471408
22.455 -0.00480695
22.465 -0.00491987
22.475 -0.00505156
22.485 -0.00520031
22.495 -0.00536394
22.505 -0.00553991
22.515 -0.00572541
22.525 -0.00591735
22.535 -0.00611244
22.545 -0.00630728
22.555 -0.00649844
22.565 -0.006683
22.575 -0.00685779
22.585 -0.00701894
22.595 -0.00716516
22.605 -0.00729404
22.615 -0.00740251
22.625 -0.00748889
22.635 -0.00755154
22.645 -0.00758914
22.655 -0.00760058
22.665 -0.00758502
22.675 -0.00754204
22.685 -0.00747151
22.695 -0.00737387
22.705 -0.00725016
22.715 -0.00710165
22.725 -0.00692981
22.735 -0.00673645
22.745 -0.00652365
22.755 -0.00629373
22.765 -0.00604906
22.775 -0.005792
22.785 -0.0055248
22.795 -0.0052497
22.805 -0.00496874
22.815 -0.00468359
22.825 -0.00439731
22.835 -0.00410856
22.845 -0.00381926
22.855 -0.0035294
22.865 -0.00323955
22.875 -0.0029502
22.885 -0.00266135
22.895 -0.00237253
22.905 -0.00208359
22.915 -0.00179358
22.925 -0.00150244
22.935 -0.00120893
22.945 -0.000912906
22.955 -0.000614357
22.965 -0.000313117
22.975 -6.45041e-06
22.985 0.000302643
22.995 0.000614582
23.005 0.00092833
23.015 0.00124285
23.025 0.00155733
23.035 0.00187036
23.045 0.00218038
23.055 0.00248548
23.065 0.00278361
23.075 0.00307266
23.085 0.00335038
23.095 0.00361444
23.105 0.00386244
23.115 0.00409189
23.125 0.00430037
23.135 0.00448561
23.145 0.00464552
23.155 0.00477821
23.165 0.00488209
23.175 0.00495589
23.185 0.00499875
23.195 0.00501026
23.205 0.00499074
23.215 0.00494127
23.225 0.00486214
23.235 0.00475516
23.245 0.0046224
23.255 0.00446643
23.265 0.00429032
23.275 0.00409744
23.285 0.00389153
23.295 0.00367659
23.305 0.00345685
23.315 0.00323668
23.325 0.00302042
23.335 0.0028123
23.345 0.00261643
23.355 0.00243683
23.365 0.00227712
23.375 0.00214051
23.385 0.0020297
23.395 0.00194679
23.405 0.00189331
23.415 0.00187011
23.425 0.00187752
23.435 0.00191515
23.445 0.00198168
23.455 0.00207525
23.465 0.00219329
23.475 0.00233267
23.485 0.00248981
23.495 0.00266075
23.505 0.00284124
23.515 0.00302683
23.525 0.00321322
23.535 0.00339599
23.545 0.00357098
23.555 0.00373432
23.565 0.00388247
23.575 0.00401232
23.585 0.00412126
23.595 0.00420717
23.605 0.0042685
23.615 0.00430424
23.625 0.00431395
23.635 0.00429771
23.645 0.00425607
23.655 0.00419006
23.665 0.00410107
23.675 0.00399079
23.685 0.00386114
23.695 0.00371417
23.705 0.00355204
23.715 0.00337692
23.725 0.0031909
23.735 0.002996
23.745 0.00279409
23.755 0.00258688
23.765 0.00237584
23.775 0.00216226
23.785 0.0019472
23.795 0.00173151
23.805 0.00151585
23.815 0.00130071
23.825 0.00108642
23.835 0.000873209
23.845 0.000661192
23.855 0.000450411
23.865 0.000240876
23.875 3.1557e-05
23.885 -0.000177083
23.895 -0.000386013
23.905 -0.000593155
23.915 -0.000800756
23.925 -0.00100838
23.935 -0.00121468
23.945 -0.00142021
23.955 -0.00162416
23.965 -0.00182537
23.975 -0.00202313
23.985 -0.00221676
23.995 -0.00240549
24.005 -0.00258827
24.015 -0.00276416
24.025 -0.00293236
24.035 -0.00309199
24.045 -0.00324209
24.055 -0.00338176
24.065 -0.00351015
24.075 -0.00362647
24.085 -0.00372992
24.095 -0.00381972
24.105 -0.00389519
24.115 -0.00395572
24.125 -0.00400079
24.135 -0.00402996
24.145 -0.00404287
24.155 -0.00403932
24.165 -0.00401931
24.175 -0.00398285
24.185 -0.00393015
24.195 -0.00386159
24.205 -0.0037777
24.215 -0.00367912
24.225 -0.00356662
24.235 -0.00344109
24.245 -0.00330355
24.255 -0.00315514
24.265 -0.00299711
24.275 -0.0028308
24.285 -0.00265766
24.295 -0.00247922
24.305 -0.00229699
24.315 -0.00211262
24.325 -0.00192774
24.335 -0.00174403
24.345 -0.00156306
24.355 -0.00138644
24.365 -0.00121532
24.375 -0.00105163
24.385 -0.00089645
24.395 -0.000751176
24.405 -0.000617374
24.415 -0.000496339
24.425 -0.000389234
24.435 -0.000297117
24.445 -0.000221096
24.455 -0.000162315
24.465 -0.000121852
24.475 -0.000100652
24.485 -9.95437e-05
24.495 -0.000119311
24.505 -0.000160662
24.515 -0.000224144
24.525 -0.000310329
24.535 -0.000419579
24.545 -0.000552081
24.555 -0.000707699
24.565 -0.000886205
24.575 -0.00108713
24.585 -0.00130932
24.595 -0.00155191
24.605 -0.00181395
24.615 -0.00209173
24.625 -0.00238391
24.635 -0.00268798
24.645 -0.00300087
24.655 -0.00331935
24.665 -0.00363952
24.675 -0.00395745
24.685 -0.00426957
24.695 -0.0045719
24.705 -0.00486025
24.715 -0.00513041
24.725 -0.00537842
24.735 -0.00560052
24.745 -0.0057932
24.755 -0.00595319
24.765 -0.00607756
24.775 -0.00616375
24.785 -0.00620971
24.795 -0.00621398
24.805 -0.00617576
24.815 -0.0060949
24.825 -0.00597163
24.835 -0.00580707
24.845 -0.00560306
24.855 -0.00536206
24.865 -0.00508714
24.875 -0.00478189
24.885 -0.00445038
24.895 -0.00409719
24.905 -0.00372717
24.915 -0.00334542
24.925 -0.00295706
24.935 -0.00256688
24.945 -0.00217878
24.955 -0.00179791
24.965 -0.00142888
24.975 -0.00107391
24.985 -0.0007369
24.995 -0.000421024
25.005 -0.000128879
25.015 0.000137854
25.025 0.000378063
25.035 0.000590794
25.045 0.000775302
25.055 0.000931281
25.065 0.00105902
25.075 0.00115931
25.085 0.00123317
25.095 0.00128173
25.105 0.00130624
25.115 0.00130826
25.125 0.00128926
25.135 0.00125084
25.145 0.00119489
25.155 0.00112289
25.165 0.0010362
25.175 0.00093603
25.185 0.000823474
25.195 0.000699452
25.205 0.000564686
25.215 0.000419578
25.225 0.000264311
25.235 9.89881e-05
25.245 -7.65056e-05
25.255 -0.000262376
25.265 -0.000458893
25.275 -0.000666293
25.285 -0.000884707
25.295 -0.0011141
25.305 -0.00135418
25.315 -0.00160545
25.325 -0.00186636
25.335 -0.0021358
25.345 -0.00241271
25.355 -0.00269515
25.365 -0.00298128
25.375 -0.00326821
25.385 -0.00355323
25.395 -0.00383339
25.405 -0.00410552
25.415 -0.00436622
25.425 -0.00461157
25.435 -0.00483844
25.445 -0.00504356
25.455 -0.00522351
25.465 -0.00537554
25.475 -0.00549681
25.485 -0.00558499
25.495 -0.00563811
25.505 -0.00565476
25.515 -0.00563409
25.525 -0.00557589
25.535 -0.00548037
25.545 -0.00534843
25.555 -0.00518168
25.565 -0.00498237
25.575 -0.00475329
25.585 -0.00449768
25.595 -0.00421927
25.605 -0.00392222
25.615 -0.00361102
25.625 -0.00329037
25.635 -0.00296509
25.645 -0.00263987
25.655 -0.00231867
25.665 -0.00200563
25.675 -0.00170501
25.685 -0.00141959
25.695 -0.00115289
25.705 -0.000907764
25.715 -0.000686882
25.725 -0.000492368
25.735 -0.000325734
25.745 -0.000188191
25.755 -8.08431e-05
25.765 -4.45971e-06
25.775 4.08152e-05
25.785 5.5419e-05
25.795 4.02595e-05
25.805 -3.688e-06
25.815 -7.51539e-05
25.825 -0.000172347
25.835 -0.000293134
25.845 -0.000435171
25.855 -0.000596018
25.865 -0.000773159
25.875 -0.000964001
25.885 -0.00116591
25.895 -0.00137631
25.905 -0.00159271
25.915 -0.00181366
25.925 -0.00203672
25.935 -0.0022597
25.945 -0.00248193
25.955 -0.00270245
25.965 -0.00292047
25.975 -0.00313514
25.985 -0.00334614
25.995 -0.00355389
26.005 -0.00375872
26.015 -0.00396118
26.025 -0.00416202
26.035 -0.00436233
26.045 -0.0045616
26.055 -0.00476083
26.065 -0.00496032
26.075 -0.00516029
26.085 -0.00536069
26.095 -0.00556115
26.105 -0.00576093
26.115 -0.00595897
26.125 -0.00615388
26.135 -0.00634398
26.145 -0.00652719
26.155 -0.00670059
26.165 -0.00686157
26.175 -0.00700705
26.185 -0.00713359
26.195 -0.00723766
26.205 -0.00731575
26.215 -0.00736427
26.225 -0.0073798
26.235 -0.00735919
26.245 -0.00729959
26.255 -0.00719838
26.265 -0.00705362
26.275 -0.00686373
26.285 -0.00662802
26.295 -0.0063464
26.305 -0.0060194
26.315 -0.0056482
26.325 -0.00523442
26.335 -0.00478197
26.345 -0.0042941
26.355 -0.00377507
26.365 -0.00322954
26.375 -0.00266247
26.385 -0.00207767
26.395 -0.00148124
26.405 -0.000880983
26.415 -0.000279919
26.425 0.000316206
26.435 0.000900971
26.445 0.0014685
26.455 0.00201353
26.465 0.00253148
26.475 0.00301778
26.485 0.00346781
26.495 0.00387732
26.505 0.00424283
26.515 0.00456169
26.525 0.00483183
26.535 0.00505171
26.545 0.00522025
26.555 0.00533711
26.565 0.00540273
26.575 0.00541837
26.585 0.00538602
26.595 0.00530781
26.605 0.00518775
26.615 0.00502792
26.625 0.00483211
26.635 0.00460455
26.645 0.00434933
26.655 0.00407112
26.665 0.00377451
26.675 0.00346418
26.685 0.00314473
26.695 0.00282056
26.705 0.0024959
26.715 0.00217472
26.725 0.00186069
26.735 0.0015571
26.745 0.00126686
26.755 0.000992467
26.765 0.000735714
26.775 0.000497082
26.785 0.000279246
26.795 8.21978e-05
26.805 -9.46163e-05
26.815 -0.000251777
26.825 -0.000389826
26.835 -0.000509306
26.845 -0.000611173
26.855 -0.000696694
26.865 -0.000767191
26.875 -0.000823813
26.885 -0.000867495
26.895 -0.000899054
26.905 -0.000919237
26.915 -0.00092863
26.925 -0.000927567
26.935 -0.000916069
26.945 -0.000893837
26.955 -0.000860413
26.965 -0.000815189
26.975 -0.000757346
26.985 -0.000685933
26.995 -0.000599682
27.005 -0.000497509
27.015 -0.000378328
27.025 -0.000241095
27.035 -8.49058e-05
27.045 9.09325e-05
27.055 0.000286976
27.065 0.000504119
27.075 0.000741423
27.085 0.000997848
27.095 0.00127263
27.105 0.00156374
27.115 0.00186956
27.125 0.00218783
27.135 0.00251541
27.145 0.00284897
27.155 0.00318448
27.165 0.00351756
27.175 0.00384354
27.185 0.00415752
27.195 0.00445442
27.205 0.00472906
27.215 0.00497628
27.225 0.00519102
27.235 0.00536845
27.245 0.00550373
27.255 0.00559244
27.265 0.00563246
27.275 0.00562041
27.285 0.00555484
27.295 0.00543422
27.305 0.00525695
27.315 0.00502388
27.325 0.00473562
27.335 0.00439422
27.345 0.00400238
27.355 0.00356387
27.365 0.00308298
27.375 0.00256444
27.385 0.00201397
27.395 0.00143777
27.405 0.000842214
27.415 0.000232021
27.425 -0.00038861
27.435 -0.00100737
27.445 -0.00162295
27.455 -0.00223016
27.465 -0.00282364
27.475 -0.00339772
27.485 -0.00394712
27.495 -0.00446788
27.505 -0.0049565
27.515 -0.0054098
27.525 -0.00582447
27.535 -0.00619755
27.545 -0.00652699
27.555 -0.00681148
27.565 -0.00705041
27.575 -0.00724348
27.585 -0.00739078
27.595 -0.00749297
27.605 -0.00755132
27.615 -0.00756776
27.625 -0.00754514
27.635 -0.00748493
27.645 -0.00738949
27.655 -0.00726173
27.665 -0.00710448
27.675 -0.00692065
27.685 -0.00671312
27.695 -0.00648467
27.705 -0.00623792
27.715 -0.00597529
27.725 -0.00569907
27.735 -0.00541125
27.745 -0.00511336
27.755 -0.00480671
27.765 -0.00449255
27.775 -0.00417161
27.785 -0.00384483
27.795 -0.00351259
27.805 -0.0031753
27.815 -0.00283328
27.825 -0.00248653
27.835 -0.00213564
27.845 -0.00177957
27.855 -0.00141918
27.865 -0.00105439
27.875 -0.000685717
27.885 -0.000314924
27.895 5.73492e-05
27.905 0.000429811
27.915 0.000800363
27.925 0.00116732
27.935 0.001528
27.945 0.00187987
27.955 0.00221999
27.965 0.00254512
27.975 0.00285182
27.985 0.00313626
27.995 0.00339455
28.005 0.00362236
28.015 0.00381668
28.025 0.00397406
28.035 0.00409163
28.045 0.00416633
28.055 0.00419562
28.065 0.00417717
28.075 0.00411134
28.085 0.0039973
28.095 0.00383549
28.105 0.00362702
28.115 0.00337372
28.125 0.0030783
28.135 0.00274394
28.145 0.00237469
28.155 0.00197532
28.165 0.00155083
28.175 0.00110688
28.185 0.000649511
28.195 0.000185039
28.205 -0.000280883
28.215 -0.000743556
28.225 -0.00119388
28.235 -0.00162902
28.245 -0.00204421
28.255 -0.00243458
28.265 -0.00279516
28.275 -0.00312156
28.285 -0.00341068
28.295 -0.00366008
28.305 -0.00386777
28.315 -0.00403197
28.325 -0.00415151
28.335 -0.00422639
28.345 -0.00425684
28.355 -0.00424479
28.365 -0.00419196
28.375 -0.00410065
28.385 -0.00397382
28.395 -0.003815
28.405 -0.00362815
28.415 -0.00341734
28.425 -0.0031873
28.435 -0.00294133
28.445 -0.00268358
28.455 -0.00241803
28.465 -0.00214828
28.475 -0.00187778
28.485 -0.00160907
28.495 -0.00134474
28.505 -0.00108629
28.515 -0.000835716
28.525 -0.000593266
28.535 -0.000359799
28.545 -0.000135576
28.555 7.94796e-05
28.565 0.000287806
28.575 0.000489409
28.585 0.000685019
28.595 0.000875626
28.605 0.00106222
28.615 0.00124605
28.625 0.00142808
28.635 0.00160927
28.645 0.00179021
28.655 0.00197126
28.665 0.00215255
28.675 0.00233396
28.685 0.00251495
28.695 0.00269455
28.705 0.00287152
28.715 0.0030442
28.725 0.00321044
28.735 0.0033679
28.745 0.00351393
28.755 0.00364567
28.765 0.00376016
28.775 0.00385442
28.785 0.0039255
28.795 0.00397057
28.805 0.003987
28.815 0.00397241
28.825 0.00392482
28.835 0.00384219
28.845 0.00372412
28.855 0.00357032
28.865 0.00338087
28.875 0.00315669
28.885 0.00289904
28.895 0.00260987
28.905 0.00229167
28.915 0.00194754
28.925 0.00158121
28.935 0.00119675
28.945 0.000798689
28.955 0.000391877
28.965 -1.89049e-05
28.975 -0.000430631
28.985 -0.00083549
28.995 -0.00122995
29.005 -0.00161088
29.015 -0.00197429
29.025 -0.0023163
29.035 -0.00263289
29.045 -0.00292102
29.055 -0.00317846
29.065 -0.00340334
29.075 -0.00359397
29.085 -0.00374883
29.095 -0.00386696
29.105 -0.00394816
29.115 -0.00399269
29.125 -0.00400119
29.135 -0.00397475
29.145 -0.00391485
29.155 -0.00382156
29.165 -0.00369747
29.175 -0.0035442
29.185 -0.00336395
29.195 -0.0031588
29.205 -0.00293091
29.215 -0.00268261
29.225 -0.00241624
29.235 -0.00213409
29.245 -0.0018384
29.255 -0.00153145
29.265 -0.00121526
29.275 -0.000891081
29.285 -0.000560426
29.295 -0.000225302
29.305 0.000114037
29.315 0.000456449
29.325 0.000799983
29.335 0.0011439
29.345 0.00148737
29.355 0.00182965
29.365 0.00216984
29.375 0.00250679
29.385 0.00283936
29.395 0.0031664
29.405 0.00348667
29.415 0.00379872
29.425 0.00410083
29.435 0.00439111
29.445 0.00466756
29.455 0.00492796
29.465 0.00516989
29.475 0.00539073
29.485 0.00558765
29.495 0.00575782
29.505 0.00589833
29.515 0.00600633
29.525 0.00607901
29.535 0.00611365
29.545 0.00610775
29.555 0.00605909
29.565 0.00596594
29.575 0.00582693
29.585 0.0056404
29.595 0.00540604
29.605 0.00512453
29.615 0.00479629
29.625 0.00442288
29.635 0.00400601
29.645 0.00354819
29.655 0.00305313
29.665 0.0025255
29.675 0.00196941
29.685 0.00138965
29.695 0.000791844
29.705 0.000181118
29.715 -0.000441043
29.725 -0.00106291
29.735 -0.0016828
29.745 -0.00229713
29.755 -0.0029011
29.765 -0.00349005
29.775 -0.004059
29.785 -0.00460438
29.795 -0.00512335
29.805 -0.00561313
29.815 -0.00607078
29.825 -0.0064936
29.835 -0.00687961
29.845 -0.00722758
29.855 -0.00753678
29.865 -0.00780672
29.875 -0.00803712
29.885 -0.00822815
29.895 -0.00838055
29.905 -0.00849551
29.915 -0.00857455
29.925 -0.00861949
29.935 -0.00863242
29.945 -0.00861552
29.955 -0.00857134
29.965 -0.00850274
29.975 -0.00841267
29.985 -0.00830406
29.995 -0.00817984
30.005 -0.00804293
30.015 -0.00789627
30.025 -0.00774266
30.035 -0.00758471
30.045 -0.00742478
30.055 -0.00726503
30.065 -0.00710736
30.075 -0.0069534
30.085 -0.00680454
30.095 -0.00666188
30.105 -0.00652629
30.115 -0.00639823
30.125 -0.00627794
30.135 -0.0061654
30.145 -0.0060603
30.155 -0.00596209
30.165 -0.00587012
30.175 -0.00578358
30.185 -0.00570153
30.195 -0.00562302
30.205 -0.00554715
30.215 -0.00547304
30.225 -0.00539994
30.235 -0.00532728
30.245 -0.00525466
30.255 -0.00518188
30.265 -0.00510894
30.275 -0.00503617
30.285 -0.00496418
30.295 -0.00489382
30.305 -0.00482614
30.315 -0.0047624
30.325 -0.00470394
30.335 -0.00465222
30.345 -0.00460872
30.355 -0.00457488
30.365 -0.00455207
30.375 -0.00454151
30.385 -0.00454424
30.395 -0.00456105
30.405 -0.00459247
30.415 -0.00463893
30.425 -0.00470055
30.435 -0.00477672
30.445 -0.00486691
30.455 -0.00497011
30.465 -0.00508484
30.475 -0.00520928
30.485 -0.00534133
30.495 -0.00547858
30.505 -0.00561833
30.515 -0.00575768
30.525 -0.00589357
30.535 -0.00602286
30.545 -0.00614234
30.555 -0.00624883
30.565 -0.00633927
30.575 -0.00641077
30.585 -0.00646067
30.595 -0.00648664
30.605 -0.0064867
30.615 -0.0064593
30.625 -0.00640333
30.635 -0.00631815
30.645 -0.00620362
30.655 -0.00606009
30.665 -0.0058884
30.675 -0.00568987
30.685 -0.00546626
30.695 -0.00521975
30.705 -0.00495287
30.715 -0.0046685
30.725 -0.00436977
30.735 -0.00406004
30.745 -0.0037428
30.755 -0.00342165
30.765 -0.00310015
30.775 -0.00278121
30.785 -0.00246788
30.795 -0.00216311
30.805 -0.00186882
30.815 -0.00158685
30.825 -0.0013197
30.835 -0.00106925
30.845 -0.000836887
30.855 -0.000623446
30.865 -0.000429599
30.875 -0.000256038
30.885 -0.000103283
30.895 2.85538e-05
30.905 0.000139807
30.915 0.000231069
30.925 0.000303033
30.935 0.000356495
30.945 0.000392438
30.955 0.000412124
30.965 0.000416928
30.975 0.000408229
30.985 0.000387463
30.995 0.000356067
31.005 0.000315341
31.015 0.000266742
31.025 0.000211823
31.035 0.000151731
31.045 8.76214e-05
31.055 2.04591e-05
31.065 -4.89174e-05
31.075 -0.000119814
31.085 -0.000191659
31.095 -0.00026403
31.105 -0.000336637
31.115 -0.000409289
31.125 -0.000481876
31.135 -0.000554354
31.145 -0.000626767
31.155 -0.000699124
31.165 -0.00077145
31.175 -0.000843737
31.185 -0.000915927
31.195 -0.000987893
31.205 -0.00105942
31.215 -0.0011302
31.225 -0.0011998
31.235 -0.00126767
31.245 -0.00133317
31.255 -0.00139563
31.265 -0.00145416
31.275 -0.00150761
31.285 -0.00155504
31.295 -0.00159527
31.305 -0.00162663
31.315 -0.00164801
31.325 -0.00165878
31.335 -0.00165774
31.345 -0.00164403
31.355 -0.00161606
31.365 -0.00157297
31.375 -0.00151375
31.385 -0.00143769
31.395 -0.00134412
31.405 -0.00123271
31.415 -0.00110318
31.425 -0.000955215
31.435 -0.000788379
31.445 -0.000603576
31.455 -0.000401395
31.465 -0.000182474
31.475 5.21803e-05
31.485 0.000301512
31.495 0.000564133
31.505 0.000838465
31.515 0.00112278
31.525 0.00141524
31.535 0.00171391
31.545 0.00201678
31.555 0.00232173
31.565 0.00262662
31.575 0.0029293
31.585 0.0032277
31.595 0.00351975
31.605 0.00380349
31.615 0.00407702
31.625 0.00433857
31.635 0.00458653
31.645 0.00481942
31.655 0.00503597
31.665 0.00523504
31.675 0.00541571
31.685 0.00557725
31.695 0.00571913
31.705 0.005841
31.715 0.00594274
31.725 0.00602439
31.735 0.00608617
31.745 0.00612851
31.755 0.00615197
31.765 0.00615735
31.775 0.00614554
31.785 0.00611749
31.795 0.00607437
31.805 0.00601743
31.815 0.00594798
31.825 0.00586738
31.835 0.00577701
31.845 0.00567827
31.855 0.00557254
31.865 0.00546117
31.875 0.00534548
31.885 0.00522671
31.895 0.005106
31.905 0.00498445
31.915 0.00486308
31.925 0.00474267
31.935 0.00462387
31.945 0.00450725
31.955 0.00439319
31.965 0.00428197
31.975 0.00417375
31.985 0.0040686
31.995 0.00396649
32.0075 0.00384305
32.02 0.00372409
32.0325 0.0036094
32.045 0.00349878
32.0575 0.0033921
32.07 0.00328935
32.0825 0.00319064
32.095 0.00309622
32.1075 0.00300646
32.12 0.00292185
32.1325 0.00284291
32.145 0.00277019
32.1575 0.00270418
32.17 0.00264526
32.1825 0.00259363
32.195 0.00254919
32.2075 0.00251157
32.22 0.00248001
32.2325 0.00245335
32.245 0.00243003
32.2575 0.00240814
32.27 0.00238544
32.2825 0.00235942
32.295 0.00232739
32.3075 0.00228652
32.32 0.00223397
32.3325 0.00216693
32.345 0.00208277
32.3575 0.0019791
32.37 0.00185455
32.3825 0.00170516
32.395 0.00153063
32.4075 0.00133267
32.42 0.00111075
32.4325 0.000867607
32.445 0.000605449
32.4575 0.000326674
32.47 3.27417e-05
32.4825 -0.00027193
32.495 -0.000583871
32.5075 -0.000901144
32.52 -0.00122046
32.5325 -0.00153807
32.545 -0.00185053
32.5575 -0.00215488
32.57 -0.00244824
32.5825 -0.00272768
32.595 -0.0029904
32.6075 -0.00323419
32.62 -0.0034573
32.6325 -0.00365823
32.645 -0.00383577
32.6575 -0.00398918
32.67 -0.0041183
32.6825 -0.00422332
32.695 -0.00430481
32.7075 -0.00436374
32.72 -0.00440151
32.7325 -0.00442
32.745 -0.00442124
32.7575 -0.00440755
32.77 -0.00438159
32.7825 -0.00434618
32.795 -0.00430423
32.8075 -0.00425867
32.82 -0.0042124
32.8325 -0.00416829
32.845 -0.00412901
32.8575 -0.00409703
32.87 -0.00407456
32.8825 -0.00406353
32.895 -0.00406557
32.9075 -0.00408197
32.92 -0.00411369
32.9325 -0.00416138
32.945 -0.00422538
32.9575 -0.00430571
32.97 -0.00440211
32.9825 -0.00451403
32.995 -0.00464068
33.0075 -0.00478104
33.02 -0.00493406
33.0325 -0.00509853
33.045 -0.00527297
33.0575 -0.0054573
33.07 -0.00565065
33.0825 -0.00585131
33.095 -0.00605855
33.1075 -0.00627175
33.12 -0.00649038
33.1325 -0.00671373
33.145 -0.00694107
33.1575 -0.00717184
33.17 -0.00740538
33.1825 -0.00764098
33.195 -0.00787876
33.2075 -0.00812255
33.22 -0.0083625
33.2325 -0.00859979
33.245 -0.00883096
33.2575 -0.00905542
33.27 -0.00927146
33.2825 -0.00947735
33.295 -0.00967162
33.3075 -0.00985297
33.32 -0.0100199
33.3325 -0.0101711
33.345 -0.0103057
33.3575 -0.0104217
33.37 -0.0105168
33.3825 -0.0105886
33.395 -0.0106343
33.4075 -0.0106515
33.42 -0.0106373
33.4325 -0.0105893
33.445 -0.0105052
33.4575 -0.0103832
33.47 -0.0102218
33.4825 -0.0100206
33.495 -0.00978067
33.5075 -0.00950269
33.52 -0.00918912
33.5325 -0.00884306
33.545 -0.00846796
33.5575 -0.00806803
33.57 -0.00764809
33.5825 -0.00721332
33.595 -0.00676929
33.6075 -0.00632182
33.62 -0.00587669
33.6325 -0.00543967
33.645 -0.00501634
33.6575 -0.00461188
33.67 -0.00423099
33.6825 -0.00387691
33.695 -0.00355243
33.7075 -0.00326048
33.72 -0.00300085
33.7325 -0.00277479
33.745 -0.00258249
33.7575 -0.0024229
33.77 -0.00229411
33.7825 -0.00219425
33.795 -0.00212127
33.8075 -0.00207243
33.82 -0.00204443
33.8325 -0.00203526
33.845 -0.00204045
33.8575 -0.0020543
33.87 -0.00207275
33.8825 -0.0020919
33.895 -0.00210771
33.9075 -0.00211646
33.92 -0.00211513
33.9325 -0.00210118
33.945 -0.00207298
33.9575 -0.00202899
33.97 -0.0019681
33.9825 -0.00189222
33.995 -0.00180176
34.0075 -0.00169841
34.02 -0.00158346
34.0325 -0.00145864
34.045 -0.00132648
34.0575 -0.00118812
34.07 -0.00104531
34.0825 -0.000900642
34.095 -0.000755639
34.1075 -0.000611654
34.12 -0.000469513
34.1325 -0.000329966
34.145 -0.000193373
34.1575 -5.95767e-05
34.17 7.20397e-05
34.1825 0.000202422
34.195 0.000332817
34.2075 0.0004648
34.22 0.000600225
34.2325 0.000741101
34.245 0.000889488
34.2575 0.00104743
34.27 0.00121691
34.2825 0.00139975
34.295 0.00159751
34.3075 0.00181145
34.32 0.0020424
34.3325 0.00229081
34.345 0.00255662
34.3575 0.00283924
34.37 0.00313751
34.3825 0.00344976
34.395 0.00377372
34.4075 0.00410666
34.42 0.00444532
34.4325 0.00478607
34.445 0.00512508
34.4575 0.00545817
34.47 0.00578088
34.4825 0.00608867
34.495 0.00637704
34.5075 0.00664166
34.52 0.00687846
34.5325 0.00708371
34.545 0.0072541
34.5575 0.00738688
34.57 0.0074799
34.5825 0.00753166
34.595 0.00754135
34.6075 0.00750912
34.62 0.0074357
34.6325 0.00732271
34.645 0.00717272
34.6575 0.00698896
34.67 0.00677516
34.6825 0.00653559
34.695 0.00627487
34.7075 0.00599783
34.72 0.00570931
34.7325 0.00541403
34.745 0.00511648
34.7575 0.00482081
34.77 0.00453073
34.7825 0.00424937
34.795 0.00397932
34.8075 0.00372256
34.82 0.00348048
34.8325 0.00325391
34.845 0.00304316
34.8575 0.00284812
34.87 0.00266831
34.8825 0.002503
34.895 0.00235129
34.9075 0.00221217
34.92 0.00208464
34.9325 0.00196774
34.945 0.00186061
34.9575 0.00176254
34.97 0.00167298
34.9825 0.00159155
34.995 0.00151806
35.0075 0.00145246
35.02 0.00139484
35.0325 0.00134535
35.045 0.00130419
35.0575 0.00127148
35.07 0.00124725
35.0825 0.00123133
35.095 0.00122332
35.1075 0.00122249
35.12 0.00122773
35.1325 0.00123876
35.145 0.00125154
35.1575 0.0012632
35.17 0.00127012
35.1825 0.00126967
35.195 0.00126047
35.2075 0.00123969
35.22 0.00120463
35.2325 0.00115508
35.245 0.00109025
35.2575 0.00100892
35.27 0.00091048
35.2825 0.000793967
35.295 0.000659037
35.3075 0.000505591
35.32 0.000333561
35.3325 0.000142002
35.345 -6.74008e-05
35.3575 -0.000294988
35.37 -0.000540559
35.3825 -0.000803476
35.395 -0.00108248
35.4075 -0.00137644
35.42 -0.00168415
35.4325 -0.00200402
35.445 -0.002334
35.4575 -0.00267188
35.47 -0.00301535
35.4825 -0.00336192
35.495 -0.00370883
35.5075 -0.00405319
35.52 -0.00439206
35.5325 -0.00472252
35.545 -0.00504164
35.5575 -0.00534649
35.57 -0.00563424
35.5825 -0.00590224
35.595 -0.006148
35.6075 -0.00636921
35.62 -0.00656379
35.6325 -0.00672992
35.645 -0.0068661
35.6575 -0.00697114
35.67 -0.00704416
35.6825 -0.00708467
35.695 -0.00709255
35.7075 -0.00706829
35.72 -0.00701253
35.7325 -0.00692649
35.745 -0.00681186
35.7575 -0.00667076
35.77 -0.00650563
35.7825 -0.00631925
35.795 -0.00611475
35.8075 -0.00589548
35.82 -0.00566494
35.8325 -0.00542671
35.845 -0.00518442
35.8575 -0.00494171
35.87 -0.00470208
35.8825 -0.00446888
35.895 -0.00424529
35.9075 -0.00403421
35.92 -0.00383815
35.9325 -0.00365925
35.945 -0.00349928
35.9575 -0.00335957
35.97 -0.0032411
35.9825 -0.00314445
35.995 -0.00306985
36.0075 -0.00301717
36.02 -0.00298613
36.0325 -0.00297617
36.045 -0.00298662
36.0575 -0.0030166
36.07 -0.00306511
36.0825 -0.003131
36.095 -0.003213
36.1075 -0.00330969
36.12 -0.00342002
36.1325 -0.00354247
36.145 -0.0036754
36.1575 -0.00381729
36.17 -0.00396607
36.1825 -0.00411945
36.195 -0.00427497
36.2075 -0.00442978
36.22 -0.0045808
36.2325 -0.00472477
36.245 -0.00485812
36.2575 -0.00497715
36.27 -0.00507806
36.2825 -0.005157
36.295 -0.00520984
36.3075 -0.00523409
36.32 -0.00522399
36.3325 -0.00517666
36.345 -0.00508851
36.3575 -0.00495752
36.37 -0.00478192
36.3825 -0.00456086
36.395 -0.00429437
36.4075 -0.00398343
36.42 -0.00362977
36.4325 -0.00323523
36.445 -0.00280551
36.4575 -0.00234476
36.47 -0.00185821
36.4825 -0.0013514
36.495 -0.000828332
36.5075 -0.000295738
36.52 0.00024184
36.5325 0.000777407
36.545 0.00130526
36.5575 0.00182026
36.57 0.00231732
36.5825 0.00279111
36.595 0.00323673
36.6075 0.00365023
36.62 0.0040283
36.6325 0.004368
36.645 0.00466698
36.6575 0.00492375
36.67 0.00513767
36.6825 0.00530872
36.695 0.00543751
36.7075 0.00552526
36.72 0.00557391
36.7325 0.00558608
36.745 0.0055646
36.7575 0.00551272
36.77 0.00543411
36.7825 0.00533262
36.795 0.00521208
36.8075 0.00507634
36.82 0.00492915
36.8325 0.00477413
36.845 0.0046146
36.8575 0.00445354
36.87 0.00429366
36.8825 0.00413735
36.895 0.00398662
36.9075 0.00384321
36.92 0.00370842
36.9325 0.00358317
36.945 0.00346809
36.9575 0.00336357
36.97 0.00326976
36.9825 0.00318669
36.995 0.00311426
37.0075 0.0030523
37.02 0.00300064
37.0325 0.00295913
37.045 0.00292769
37.0575 0.00290629
37.07 0.00289502
37.0825 0.00289415
37.095 0.00290407
37.1075 0.00292522
37.12 0.00295804
37.1325 0.00300295
37.145 0.00306028
37.1575 0.00313015
37.17 0.00321247
37.1825 0.00330683
37.195 0.00341245
37.2075 0.0035281
37.22 0.00365211
37.2325 0.00378227
37.245 0.00391585
37.2575 0.00404964
37.27 0.00417995
37.2825 0.00430272
37.295 0.00441357
37.3075 0.00450795
37.32 0.00458126
37.3325 0.004629
37.345 0.00464687
37.3575 0.00463095
37.37 0.00457783
37.3825 0.0044847
37.395 0.0043495
37.4075 0.00417094
37.42 0.00394863
37.4325 0.00368301
37.445 0.00337545
37.4575 0.00302834
37.47 0.00264582
37.4825 0.00222796
37.495 0.00178004
37.5075 0.00130664
37.52 0.000814703
37.5325 0.000309525
37.545 -0.000203582
37.5575 -0.000716292
37.57 -0.00122311
37.5825 -0.00172062
37.595 -0.00220393
37.6075 -0.00266785
37.62 -0.00310807
37.6325 -0.0035216
37.645 -0.00390596
37.6575 -0.00425856
37.67 -0.00457727
37.6825 -0.00486113
37.695 -0.00510996
37.7075 -0.00532388
37.72 -0.00550334
37.7325 -0.00564948
37.745 -0.00576405
37.7575 -0.00584911
37.77 -0.00590692
37.7825 -0.00594004
37.795 -0.00595123
37.8075 -0.00594333
37.82 -0.00591923
37.8325 -0.00588178
37.845 -0.00583368
37.8575 -0.00577749
37.87 -0.00571555
37.8825 -0.00564992
37.895 -0.00558238
37.9075 -0.0055144
37.92 -0.00544718
37.9325 -0.00538162
37.945 -0.00531831
37.9575 -0.00525766
37.97 -0.00519986
37.9825 -0.00514495
37.995 -0.00509286
38.0075 -0.00504343
38.02 -0.00499653
38.0325 -0.00495213
38.045 -0.00491027
38.0575 -0.00487113
38.07 -0.00483505
38.0825 -0.0048026
38.095 -0.00477461
38.1075 -0.00475213
38.12 -0.00473626
38.1325 -0.00472877
38.145 -0.00473136
38.1575 -0.00474602
38.17 -0.00477481
38.1825 -0.00481986
38.195 -0.00488338
38.2075 -0.00496739
38.22 -0.00507381
38.2325 -0.00520436
38.245 -0.00536042
38.2575 -0.00554295
38.27 -0.00575248
38.2825 -0.005989
38.295 -0.0062519
38.3075 -0.00654182
38.32 -0.00685921
38.3325 -0.00719243
38.345 -0.0075431
38.3575 -0.00790478
38.37 -0.00827583
38.3825 -0.00865125
38.395 -0.00902732
38.4075 -0.00940106
38.42 -0.00976791
38.4325 -0.0101228
38.445 -0.0104601
38.4575 -0.0107745
38.47 -0.0110609
38.4825 -0.0113138
38.495 -0.0115279
38.5075 -0.0116986
38.52 -0.0118215
38.5325 -0.0118939
38.545 -0.0119118
38.5575 -0.0118724
38.57 -0.0117766
38.5825 -0.0116239
38.595 -0.0114155
38.6075 -0.011154
38.62 -0.0108424
38.6325 -0.0104841
38.645 -0.0100838
38.6575 -0.00964624
38.67 -0.00917675
38.6825 -0.00868093
38.695 -0.00816444
38.7075 -0.00763293
38.72 -0.00709202
38.7325 -0.00654708
38.745 -0.0060031
38.7575 -0.00546474
38.77 -0.00493617
38.7825 -0.00442068
38.795 -0.00392024
38.8075 -0.00343674
38.82 -0.00297127
38.8325 -0.0025237
38.845 -0.00209549
38.8575 -0.0016872
38.87 -0.00129961
38.8825 -0.000929014
38.895 -0.000575993
38.9075 -0.000239724
38.92 7.95263e-05
38.9325 0.000381641
38.945 0.000668453
38.9575 0.000940701
38.97 0.00119539
38.9825 0.00143092
38.995 0.00164572
39.0075 0.0018383
39.02 0.00200693
39.0325 0.00214977
39.045 0.00226512
39.0575 0.00235148
39.07 0.00240758
39.0825 0.00243237
39.095 0.00242541
39.1075 0.00238681
39.12 0.00231704
39.1325 0.00221742
39.145 0.00209002
39.1575 0.00193754
39.17 0.00176336
39.1825 0.00157153
39.195 0.00136672
39.2075 0.00115413
39.22 0.000939298
39.2325 0.000728083
39.245 0.000526526
39.2575 0.000340689
39.27 0.0001765
39.2825 3.96214e-05
39.295 -6.46809e-05
39.3075 -0.00013168
39.32 -0.000157318
39.3325 -0.000138316
39.345 -7.22572e-05
39.3575 4.23423e-05
39.37 0.00020598
39.3825 0.000418142
39.395 0.000677304
39.4075 0.000980954
39.42 0.00132565
39.4325 0.00170707
39.445 0.00212014
39.4575 0.00255909
39.47 0.00301765
39.4825 0.00349023
39.495 0.00397212
39.5075 0.00445425
39.52 0.00493446
39.5325 0.0054059
39.545 0.00586326
39.5575 0.00630159
39.57 0.00671739
39.5825 0.00710655
39.595 0.00746475
39.6075 0.00778845
39.62 0.0080749
39.6325 0.00832205
39.645 0.00852802
39.6575 0.00869154
39.67 0.00881184
39.6825 0.008889
39.695 0.00892427
39.7075 0.00891824
39.72 0.00887158
39.7325 0.00878538
39.745 0.00866191
39.7575 0.00850343
39.77 0.00831211
39.7825 0.00809019
39.795 0.00784037
39.8075 0.00756546
39.82 0.00726808
39.8325 0.00695077
39.845 0.00661624
39.8575 0.00626725
39.87 0.00590649
39.8825 0.00553653
39.895 0.00515995
39.9075 0.00477936
39.92 0.00439735
39.9325 0.00401645
39.945 0.00363913
39.9575 0.00326791
39.97 0.00290529
39.9825 0.00255374
39.995 0.00221567
40.0075 0.00189344
40.02 0.00158813
40.0325 0.00130193
40.045 0.00103757
40.0575 0.000794908
40.07 0.000574479
40.0825 0.000377416
40.095 0.000204581
40.1075 5.5951e-05
40.12 -6.89001e-05
40.1325 -0.000170328
40.145 -0.000248797
40.1575 -0.000305466
40.17 -0.000341911
40.1825 -0.000359244
40.195 -0.000361574
40.2075 -0.000349089
40.22 -0.000326322
40.2325 -0.000294501
40.245 -0.000255996
40.2575 -0.000214719
40.27 -0.000171396
40.2825 -0.000128821
40.295 -8.92815e-05
40.3075 -5.5396e-05
40.32 -2.92721e-05
40.3325 -1.30088e-05
40.345 -8.60889e-06
40.3575 -1.773e-05
40.37 -4.1764e-05
40.3825 -8.19267e-05
40.395 -0.000139122
40.4075 -0.000213925
40.42 -0.000306651
40.4325 -0.000417351
40.445 -0.000545788
40.4575 -0.000691445
40.47 -0.000853567
40.4825 -0.00103153
40.495 -0.00122363
40.5075 -0.00142985
40.52 -0.00164974
40.5325 -0.00188108
40.545 -0.00212276
40.5575 -0.00237347
40.57 -0.00263222
40.5825 -0.00289764
40.595 -0.0031682
40.6075 -0.00344245
40.62 -0.0037191
40.6325 -0.00399685
40.645 -0.00427423
40.6575 -0.00454984
40.67 -0.00482236
40.6825 -0.00509053
40.695 -0.00535306
40.7075 -0.00560869
40.72 -0.00585621
40.7325 -0.00609449
40.745 -0.00632244
40.7575 -0.00653902
40.77 -0.00674321
40.7825 -0.00693409
40.795 -0.00711081
40.8075 -0.00727256
40.82 -0.00741861
40.8325 -0.0075483
40.845 -0.00766107
40.8575 -0.00775642
40.87 -0.00783397
40.8825 -0.00789339
40.895 -0.0079345
40.9075 -0.00795719
40.92 -0.00796149
40.9325 -0.00794766
40.945 -0.00791594
40.9575 -0.0078668
40.97 -0.00780095
40.9825 -0.00771927
40.995 -0.00762268
41.0075 -0.00751217
41.02 -0.00738888
41.0325 -0.007254
41.045 -0.00710884
41.0575 -0.00695479
41.07 -0.00679329
41.0825 -0.00662585
41.095 -0.00645397
41.1075 -0.00627913
41.12 -0.00610277
41.1325 -0.00592626
41.145 -0.00575085
41.1575 -0.0055777
41.17 -0.00540779
41.1825 -0.00524207
41.195 -0.00508206
41.2075 -0.00492836
41.22 -0.00478197
41.2325 -0.00464385
41.245 -0.00451446
41.2575 -0.00439421
41.27 -0.00428341
41.2825 -0.00418209
41.295 -0.0040902
41.3075 -0.00400754
41.32 -0.00393375
41.3325 -0.00386831
41.345 -0.00381065
41.3575 -0.00376005
41.37 -0.00371568
41.3825 -0.00367665
41.395 -0.00364196
41.4075 -0.00361057
41.42 -0.00358131
41.4325 -0.00355298
41.445 -0.00352426
41.4575 -0.00349379
41.47 -0.00346012
41.4825 -0.00342188
41.495 -0.00337879
41.5075 -0.00332626
41.52 -0.00326353
41.5325 -0.00318829
41.545 -0.00309921
41.5575 -0.00299484
41.57 -0.0028743
41.5825 -0.00273706
41.595 -0.00258308
41.6075 -0.0024128
41.62 -0.00222682
41.6325 -0.00202666
41.645 -0.00181351
41.6575 -0.00158774
41.67 -0.00135228
41.6825 -0.0011085
41.695 -0.000860505
41.7075 -0.000609669
41.72 -0.000358652
41.7325 -0.00010981
41.745 0.000134368
41.7575 0.000371834
41.77 0.000600719
41.7825 0.000819393
41.795 0.00102648
41.8075 0.00122105
41.82 0.00140255
41.8325 0.00157086
41.845 0.00172615
41.8575 0.00186899
41.87 0.00200028
41.8825 0.00212121
41.895 0.00223319
41.9075 0.00233779
41.92 0.00243668
41.9325 0.00253162
41.945 0.0026243
41.9575 0.00271635
41.97 0.00280925
41.9825 0.0029043
41.995 0.00300253
42.0075 0.0031047
42.02 0.00321126
42.0325 0.00332234
42.045 0.00343773
42.0575 0.00355689
42.07 0.00367898
42.0825 0.00380286
42.095 0.00392717
42.1075 0.00405032
42.12 0.00417069
42.1325 0.00428641
42.145 0.00439558
42.1575 0.00449629
42.17 0.00458671
42.1825 0.00466519
42.195 0.00473024
42.2075 0.00478066
42.22 0.00481552
42.2325 0.00483419
42.245 0.00483634
42.2575 0.00482216
42.27 0.00479215
42.2825 0.0047472
42.295 0.00468853
42.3075 0.00461758
42.32 0.00453592
42.3325 0.00444518
42.345 0.00434701
42.3575 0.00424292
42.37 0.00413422
42.3825 0.00402197
42.395 0.00390691
42.4075 0.00378945
42.42 0.00366962
42.4325 0.00354709
42.445 0.00342117
42.4575 0.0032909
42.47 0.00315504
42.4825 0.0030122
42.495 0.00286091
42.5075 0.00269966
42.52 0.00252709
42.5325 0.00234196
42.545 0.00214332
42.5575 0.00193054
42.57 0.0017034
42.5825 0.00146206
42.595 0.00120717
42.6075 0.00093984
42.62 0.000661564
42.6325 0.000374174
42.645 8.08119e-05
42.6575 -0.000219023
42.67 -0.000523009
42.6825 -0.000825973
42.695 -0.00112683
42.7075 -0.00142306
42.72 -0.00171097
42.7325 -0.00198753
42.745 -0.00225038
42.7575 -0.00249721
42.77 -0.00272597
42.7825 -0.00293469
42.795 -0.00312179
42.8075 -0.0032864
42.82 -0.00342813
42.8325 -0.00354676
42.845 -0.00364249
42.8575 -0.00371614
42.87 -0.00376901
42.8825 -0.0038027
42.895 -0.00381916
42.9075 -0.00382062
42.92 -0.0038097
42.9325 -0.00378923
42.945 -0.00376213
42.9575 -0.00373136
42.97 -0.00369989
42.9825 -0.00367062
42.995 -0.00364623
43.0075 -0.00362914
43.02 -0.00362148
43.0325 -0.003625
43.045 -0.00364107
43.0575 -0.00367061
43.07 -0.00371406
43.0825 -0.00377144
43.095 -0.00384233
43.1075 -0.00392586
43.12 -0.0040208
43.1325 -0.00412556
43.145 -0.00423846
43.1575 -0.00435734
43.17 -0.00448034
43.1825 -0.00460575
43.195 -0.00473111
43.2075 -0.00485431
43.22 -0.00497332
43.2325 -0.0050865
43.245 -0.00519232
43.2575 -0.00528934
43.27 -0.00537637
43.2825 -0.00545263
43.295 -0.00551766
43.3075 -0.00557121
43.32 -0.00561345
43.3325 -0.00564521
43.345 -0.00566686
43.3575 -0.00567923
43.37 -0.0056832
43.3825 -0.00567976
43.395 -0.00566987
43.4075 -0.00565438
43.42 -0.00563398
43.4325 -0.00560918
43.445 -0.00558027
43.4575 -0.00554712
43.47 -0.00550932
43.4825 -0.00546611
43.495 -0.00541644
43.5075 -0.00535921
43.52 -0.00529378
43.5325 -0.00521844
43.545 -0.00513231
43.5575 -0.0050343
43.57 -0.00492317
43.5825 -0.00479799
43.595 -0.004658
43.6075 -0.00450264
43.62 -0.00433175
43.6325 -0.00414551
43.645 -0.00394445
43.6575 -0.00372953
43.67 -0.00350213
43.6825 -0.00326401
43.695 -0.00301726
43.7075 -0.00276429
43.72 -0.00250776
43.7325 -0.00225049
43.745 -0.00199525
43.7575 -0.00174466
43.77 -0.00150098
43.7825 -0.0012676
43.795 -0.00104423
43.8075 -0.000833471
43.82 -0.000636064
43.8325 -0.000452852
43.845 -0.000284296
43.8575 -0.00013104
43.87 6.61879e-06
43.8825 0.000128683
43.895 0.000235403
43.9075 0.000326844
43.92 0.000403599
43.9325 0.000466425
43.945 0.000516091
43.9575 0.000554156
43.97 0.000581105
43.9825 0.000597148
43.995 0.000603293
44.0075 0.000600488
44.02 0.000589834
44.0325 0.00057234
44.045 0.000549066
44.0575 0.00052114
44.07 0.000489719
44.0825 0.000455941
44.095 0.000420929
44.1075 0.000385814
44.12 0.000351709
44.1325 0.000319699
44.145 0.00029083
44.1575 0.000266105
44.17 0.000246481
44.1825 0.000232858
44.195 0.000226068
44.2075 0.000226867
44.22 0.000235928
44.2325 0.000253832
44.245 0.000281061
44.2575 0.000317983
44.27 0.000364851
44.2825 0.000421789
44.295 0.00048879
44.3075 0.000565709
44.32 0.000652254
44.3325 0.000747988
44.345 0.000852327
44.3575 0.000964638
44.37 0.00108423
44.3825 0.00121036
44.395 0.00134204
44.4075 0.00147845
44.42 0.00161829
44.4325 0.00176035
44.445 0.00190345
44.4575 0.00204629
44.47 0.00218738
44.4825 0.00232518
44.495 0.00245825
44.5075 0.00258515
44.52 0.00270432
44.5325 0.00281421
44.545 0.00291327
44.5575 0.00300007
44.57 0.00307321
44.5825 0.00313136
44.595 0.00317331
44.6075 0.00319803
44.62 0.00320465
44.6325 0.00319245
44.645 0.00316102
44.6575 0.00311005
44.67 0.00303956
44.6825 0.00294982
44.695 0.00284134
44.7075 0.00271484
44.72 0.0025713
44.7325 0.00241188
44.745 0.00223796
44.7575 0.00205103
44.77 0.00185272
44.7825 0.00164477
44.795 0.00142899
44.8075 0.00120721
44.82 0.000981267
44.8325 0.000752991
44.845 0.000524161
44.8575 0.000296513
44.87 7.1658e-05
44.8825 -0.000148923
44.895 -0.000364875
44.9075 -0.000574099
44.92 -0.000775849
44.9325 -0.000969573
44.945 -0.00115578
44.9575 -0.00133385
44.97 -0.0015026
44.9825 -0.00166186
44.995 -0.00181123
45.0075 -0.00195163
45.02 -0.00208261
45.0325 -0.00220439
45.045 -0.00231695
45.0575 -0.00242038
45.07 -0.00251408
45.0825 -0.00259694
45.095 -0.00266909
45.1075 -0.00272938
45.12 -0.00277702
45.1325 -0.00281156
45.145 -0.00283261
45.1575 -0.00283983
45.17 -0.00283325
45.1825 -0.002813
45.195 -0.00277939
45.2075 -0.00273317
45.22 -0.00267535
45.2325 -0.0026071
45.245 -0.00252986
45.2575 -0.00244538
45.27 -0.00235562
45.2825 -0.00226266
45.295 -0.00216871
45.3075 -0.00207612
45.32 -0.00198724
45.3325 -0.00190443
45.345 -0.00182995
45.3575 -0.00176595
45.37 -0.00171443
45.3825 -0.00167713
45.395 -0.00165555
45.4075 -0.00165087
45.42 -0.00166394
45.4325 -0.00169525
45.445 -0.00174492
45.4575 -0.0018127
45.47 -0.00189793
45.4825 -0.00199962
45.495 -0.00211642
45.5075 -0.00224669
45.52 -0.00238852
45.5325 -0.00253973
45.545 -0.00269798
45.5575 -0.00286075
45.57 -0.00302546
45.5825 -0.00318985
45.595 -0.00335169
45.6075 -0.00350847
45.62 -0.00365875
45.6325 -0.00380047
45.645 -0.00393183
45.6575 -0.0040515
45.67 -0.00415854
45.6825 -0.00425204
45.695 -0.00433116
45.7075 -0.00439538
45.72 -0.00444448
45.7325 -0.0044784
45.745 -0.00449711
45.7575 -0.00450075
45.77 -0.0044896
45.7825 -0.00446398
45.795 -0.00442433
45.8075 -0.00437109
45.82 -0.00430477
45.8325 -0.00422587
45.845 -0.004135
45.8575 -0.00403295
45.87 -0.00392018
45.8825 -0.00379753
45.895 -0.00366569
45.9075 -0.0035253
45.92 -0.00337708
45.9325 -0.00322177
45.945 -0.0030601
45.9575 -0.0028929
45.97 -0.00272106
45.9825 -0.00254553
45.995 -0.00236736
46.0075 -0.0021877
46.02 -0.00200778
46.0325 -0.00182883
46.045 -0.00165227
46.0575 -0.00147907
46.07 -0.00131018
46.0825 -0.00114712
46.095 -0.000991263
46.1075 -0.000843902
46.12 -0.000706026
46.1325 -0.000578673
46.145 -0.000463533
46.1575 -0.000360214
46.17 -0.000269669
46.1825 -0.000191951
46.195 -0.000127385
46.2075 -7.59353e-05
46.22 -3.74952e-05
46.2325 -1.17424e-05
46.245 1.70434e-06
46.2575 3.48462e-06
46.27 -5.6514e-06
46.2825 -2.48279e-05
46.295 -5.30297e-05
46.3075 -8.89155e-05
46.32 -0.000131245
46.3325 -0.000179294
46.345 -0.000231677
46.3575 -0.000287135
46.37 -0.000344277
46.3825 -0.000401793
46.395 -0.00045836
46.4075 -0.000512667
46.42 -0.000563442
46.4325 -0.000609489
46.445 -0.000649692
46.4575 -0.000683018
46.47 -0.00070854
46.4825 -0.00072545
46.495 -0.000733069
46.5075 -0.000730852
46.52 -0.000718395
46.5325 -0.000695439
46.545 -0.000661873
46.5575 -0.000617737
46.57 -0.000563215
46.5825 -0.000498639
46.595 -0.000424472
46.6075 -0.000341299
46.62 -0.000249853
46.6325 -0.000150957
46.645 -4.55299e-05
46.6575 6.5398e-05
46.67 0.000180717
46.6825 0.000299331
46.695 0.00042043
46.7075 0.000542587
46.72 0.000664981
46.7325 0.000786639
46.745 0.000906361
46.7575 0.00102306
46.77 0.00113581
46.7825 0.00124363
46.795 0.0013455
46.8075 0.00144039
46.82 0.0015274
46.8325 0.00160569
46.845 0.00167443
46.8575 0.00173281
46.87 0.00178006
46.8825 0.0018155
46.895 0.0018385
46.9075 0.00184852
46.92 0.00184507
46.9325 0.00182789
46.945 0.00179677
46.9575 0.00175166
46.97 0.00169269
46.9825 0.00162017
46.995 0.00153454
47.0075 0.00143644
47.02 0.00132666
47.0325 0.00120616
47.045 0.00107602
47.0575 0.000937475
47.07 0.000791843
47.0825 0.000640548
47.095 0.000485081
47.1075 0.000326971
47.12 0.000167745
47.1325 8.93068e-06
47.145 -0.000147992
47.1575 -0.000301573
47.17 -0.000450498
47.1825 -0.000594155
47.195 -0.000730777
47.2075 -0.000859931
47.22 -0.000980616
47.2325 -0.0010928
47.245 -0.00119627
47.2575 -0.00129068
47.27 -0.00137622
47.2825 -0.00145247
47.295 -0.00151974
47.3075 -0.00157803
47.32 -0.00162761
47.3325 -0.00166889
47.345 -0.00170205
47.3575 -0.00172837
47.37 -0.00174826
47.3825 -0.00176249
47.395 -0.00177168
47.4075 -0.00177651
47.42 -0.00177753
47.4325 -0.00177527
47.445 -0.00177019
47.4575 -0.00176269
47.47 -0.00175309
47.4825 -0.00174157
47.495 -0.00172796
47.5075 -0.00171241
47.52 -0.00169488
47.5325 -0.00167519
47.545 -0.00165341
47.5575 -0.00162971
47.57 -0.00160422
47.5825 -0.00157724
47.595 -0.00154921
47.6075 -0.00152062
47.62 -0.00149211
47.6325 -0.00146443
47.645 -0.00143836
47.6575 -0.00141485
47.67 -0.00139485
47.6825 -0.00137936
47.695 -0.00136937
47.7075 -0.00136584
47.72 -0.00136968
47.7325 -0.00138171
47.745 -0.00140264
47.7575 -0.001433
47.77 -0.00147317
47.7825 -0.00152333
47.795 -0.00158341
47.8075 -0.00165316
47.82 -0.00173203
47.8325 -0.00181928
47.845 -0.0019139
47.8575 -0.00201483
47.87 -0.00212094
47.8825 -0.00223066
47.895 -0.00234274
47.9075 -0.00245556
47.92 -0.00256732
47.9325 -0.00267627
47.945 -0.0027808
47.9575 -0.00287924
47.97 -0.00296985
47.9825 -0.00305107
47.995 -0.00312156
48.0075 -0.00318015
48.02 -0.00322585
48.0325 -0.00325788
48.045 -0.00327574
48.0575 -0.00327923
48.07 -0.00326847
48.0825 -0.00324375
48.095 -0.0032056
48.1075 -0.00315491
48.12 -0.00309266
48.1325 -0.00301999
48.145 -0.00293815
48.1575 -0.00284846
48.17 -0.00275227
48.1825 -0.00265094
48.195 -0.00254573
48.2075 -0.00243785
48.22 -0.00232838
48.2325 -0.00221833
48.245 -0.00210851
48.2575 -0.00199963
48.27 -0.00189225
48.2825 -0.00178683
48.295 -0.00168369
48.3075 -0.00158296
48.32 -0.00148498
48.3325 -0.00138956
48.345 -0.00129646
48.3575 -0.00120575
48.37 -0.00111779
48.3825 -0.00103249
48.395 -0.000949937
48.4075 -0.000870364
48.42 -0.000794133
48.4325 -0.000721712
48.445 -0.000653771
48.4575 -0.000590204
48.47 -0.000531598
48.4825 -0.000478354
48.495 -0.000431062
48.5075 -0.000390125
48.52 -0.000355937
48.5325 -0.000328934
48.545 -0.000309399
48.5575 -0.000297591
48.57 -0.00029364
48.5825 -0.00029753
48.595 -0.000309129
48.6075 -0.000328156
48.62 -0.000354128
48.6325 -0.000386159
48.645 -0.000423722
48.6575 -0.000465891
48.67 -0.000511667
48.6825 -0.000559854
48.695 -0.000609201
48.7075 -0.000658396
48.72 -0.000706094
48.7325 -0.000750925
48.745 -0.000791548
48.7575 -0.000826692
48.77 -0.000855218
48.7825 -0.000876144
48.795 -0.000888393
48.8075 -0.000891329
48.82 -0.000884389
48.8325 -0.000867284
48.845 -0.000839872
48.8575 -0.000802234
48.87 -0.00075451
48.8825 -0.000697376
48.895 -0.000631428
48.9075 -0.000557541
48.92 -0.000476693
48.9325 -0.000390005
48.945 -0.00029872
48.9575 -0.000204153
48.97 -0.000107668
48.9825 -1.05425e-05
48.995 8.57185e-05
49.0075 0.000180114
49.02 0.000271614
49.0325 0.000359095
49.045 0.000441499
49.0575 0.000518041
49.07 0.000588171
49.0825 0.000651339
49.095 0.00070695
49.1075 0.000754692
49.12 0.000794387
49.1325 0.000825972
49.145 0.000849417
49.1575 0.000864764
49.17 0.000872151
49.1825 0.000871771
49.195 0.000863833
49.2075 0.00084852
49.22 0.000826107
49.2325 0.000796822
49.245 0.000760872
49.2575 0.000718425
49.27 0.000669646
49.2825 0.000614699
49.295 0.000553747
49.3075 0.000486936
49.32 0.00041444
49.3325 0.000336482
49.345 0.000253334
49.3575 0.000165332
49.37 7.2893e-05
49.3825 -2.34766e-05
49.395 -0.000123171
49.4075 -0.000225483
49.42 -0.000329611
49.4325 -0.000434658
49.445 -0.00053965
49.4575 -0.000643908
49.47 -0.000746124
49.4825 -0.000845247
49.495 -0.000940414
49.5075 -0.00103062
49.52 -0.00111497
49.5325 -0.00119297
49.545 -0.00126393
49.5575 -0.00132724
49.57 -0.00138245
49.5825 -0.00142921
49.595 -0.00146743
49.6075 -0.00149723
49.62 -0.00151825
49.6325 -0.00153137
49.645 -0.00153707
49.6575 -0.00153613
49.67 -0.00152919
49.6825 -0.00151712
49.695 -0.00150084
49.7075 -0.00148129
49.72 -0.00145936
49.7325 -0.00143593
49.745 -0.00141185
49.7575 -0.00138789
49.77 -0.00136473
49.7825 -0.00134295
49.795 -0.00132302
49.8075 -0.00130532
49.82 -0.0012901
49.8325 -0.00127753
49.845 -0.00126768
49.8575 -0.00126054
49.87 -0.00125596
49.8825 -0.00125364
49.895 -0.00125345
49.9075 -0.00125507
49.92 -0.00125824
49.9325 -0.00126277
49.945 -0.00126852
49.9575 -0.00127539
49.97 -0.00128336
49.9825 -0.00129258
49.995 -0.0013031
50.0075 -0.00131504
50.02 -0.00132866
50.0325 -0.00134422
50.045 -0.00136206
50.0575 -0.00138249
50.07 -0.00140584
50.0825 -0.0014324
50.095 -0.00146248
50.1075 -0.00149627
50.12 -0.0015339
50.1325 -0.00157538
50.145 -0.00162061
50.1575 -0.00166933
50.17 -0.00172119
50.1825 -0.00177583
50.195 -0.00183254
50.2075 -0.00189072
50.22 -0.00194956
50.2325 -0.00200803
50.245 -0.00206502
50.2575 -0.00211943
50.27 -0.00217012
50.2825 -0.0022159
50.295 -0.00225567
50.3075 -0.00228833
50.32 -0.00231303
50.3325 -0.00232896
50.345 -0.00233545
50.3575 -0.00233204
50.37 -0.00231853
50.3825 -0.00229488
50.395 -0.00226129
50.4075 -0.00221818
50.42 -0.0021662
50.4325 -0.00210618
50.445 -0.00203908
50.4575 -0.00196604
50.47 -0.00188827
50.4825 -0.00180703
50.495 -0.00172359
50.5075 -0.00163921
50.52 -0.0015551
50.5325 -0.00147236
50.545 -0.00139188
50.5575 -0.00131465
50.57 -0.00124112
50.5825 -0.00117163
50.595 -0.00110655
50.6075 -0.0010459
50.62 -0.000989867
50.6325 -0.000938165
50.645 -0.000890581
50.6575 -0.000846818
50.67 -0.000806635
50.6825 -0.000769443
50.695 -0.000734833
50.7075 -0.000702378
50.72 -0.000671438
50.7325 -0.000642401
50.745 -0.000614811
50.7575 -0.000588768
50.77 -0.000564196
50.7825 -0.000541181
50.795 -0.000519886
50.8075 -0.000500545
50.82 -0.000483428
50.8325 -0.000468843
50.845 -0.000457166
50.8575 -0.000448761
50.87 -0.000443988
50.8825 -0.000443158
50.895 -0.000446504
50.9075 -0.000454168
50.92 -0.000466199
50.9325 -0.0004825
50.945 -0.000502833
50.9575 -0.000526818
50.97 -0.000553901
50.9825 -0.000583268
50.995 -0.000614395
51.0075 -0.000646375
51.02 -0.000678325
51.0325 -0.00070927
51.045 -0.000738158
51.0575 -0.000763997
51.07 -0.000785848
51.0825 -0.000802818
51.095 -0.000813963
51.1075 -0.000818631
51.12 -0.000816227
51.1325 -0.000806349
51.145 -0.000788754
51.1575 -0.000763367
51.17 -0.000730285
51.1825 -0.000689701
51.195 -0.00064224
51.2075 -0.000588452
51.22 -0.000529151
51.2325 -0.000465282
51.245 -0.000397928
51.2575 -0.000328247
51.27 -0.000257394
51.2825 -0.000186731
51.295 -0.000117277
51.3075 -5.01085e-05
51.32 1.36375e-05
51.3325 7.29014e-05
51.345 0.000126834
51.3575 0.000174746
51.37 0.000216044
51.3825 0.000250254
51.395 0.000277102
51.4075 0.000296499
51.42 0.000308485
51.4325 0.000313208
51.445 0.000310962
51.4575 0.00030213
51.47 0.000287182
51.4825 0.000266644
51.495 0.000241054
51.5075 0.000210953
51.52 0.000176879
51.5325 0.000139327
51.545 9.87361e-05
51.5575 5.54792e-05
51.57 9.86042e-06
51.5825 -3.78852e-05
51.595 -8.7591e-05
51.6075 -0.00013915
51.62 -0.000192499
51.6325 -0.000247603
51.645 -0.000304438
51.6575 -0.000362971
51.67 -0.000423143
51.6825 -0.000484846
51.695 -0.00054791
51.7075 -0.000612093
51.72 -0.000677244
51.7325 -0.000742862
51.745 -0.00080851
51.7575 -0.00087367
51.77 -0.00093777
51.7825 -0.00100023
51.795 -0.00106022
51.8075 -0.00111712
51.82 -0.00117041
51.8325 -0.00121944
51.845 -0.00126353
51.8575 -0.00130228
51.87 -0.00133513
51.8825 -0.0013617
51.895 -0.00138213
51.9075 -0.00139621
51.92 -0.00140407
51.9325 -0.00140589
51.945 -0.00140195
51.9575 -0.00139263
51.97 -0.00137845
51.9825 -0.00135999
51.995 -0.00133793
52.0075 -0.00131296
52.02 -0.00128583
52.0325 -0.00125734
52.045 -0.00122824
52.0575 -0.00119928
52.07 -0.00117117
52.0825 -0.00114454
52.095 -0.00112002
52.1075 -0.00109801
52.12 -0.00107891
52.1325 -0.00106305
52.145 -0.00105071
52.1575 -0.00104199
52.17 -0.00103695
52.1825 -0.00103557
52.195 -0.00103779
52.2075 -0.00104344
52.22 -0.00105231
52.2325 -0.00106414
52.245 -0.00107861
52.2575 -0.00109542
52.27 -0.00111424
52.2825 -0.00113472
52.295 -0.00115658
52.3075 -0.00117955
52.32 -0.00120339
52.3325 -0.00122799
52.345 -0.00125332
52.3575 -0.00127915
52.37 -0.00130542
52.3825 -0.0013321
52.395 -0.00135921
52.4075 -0.00138673
52.42 -0.00141464
52.4325 -0.00144293
52.445 -0.00147156
52.4575 -0.00150046
52.47 -0.00152949
52.4825 -0.00155857
52.495 -0.00158737
52.5075 -0.00161562
52.52 -0.00164294
52.5325 -0.00166891
52.545 -0.00169303
52.5575 -0.00171478
52.57 -0.00173358
52.5825 -0.00174886
52.595 -0.00176003
52.6075 -0.00176654
52.62 -0.00176787
52.6325 -0.00176357
52.645 -0.00175329
52.6575 -0.00173678
52.67 -0.00171388
52.6825 -0.00168461
52.695 -0.00164911
52.7075 -0.00160767
52.72 -0.0015607
52.7325 -0.00150875
52.745 -0.0014525
52.7575 -0.00139269
52.77 -0.00133019
52.7825 -0.00126583
52.795 -0.00120057
52.8075 -0.00113531
52.82 -0.00107073
52.8325 -0.00100765
52.845 -0.00094688
52.8575 -0.000889012
52.87 -0.000834516
52.8825 -0.000783813
52.895 -0.000737225
52.9075 -0.000694995
52.92 -0.000657211
52.9325 -0.000623796
52.945 -0.000594548
52.9575 -0.00056973
52.97 -0.000549032
52.9825 -0.000532276
52.995 -0.000519152
53.0075 -0.000509391
53.02 -0.000502708
53.0325 -0.000498788
53.045 -0.000497323
53.0575 -0.000498031
53.07 -0.000500651
53.0825 -0.000504945
53.095 -0.000510703
53.1075 -0.000517748
53.12 -0.000525937
53.1325 -0.000535159
53.145 -0.000545318
53.1575 -0.00055633
53.17 -0.000568137
53.1825 -0.000580687
53.195 -0.000593926
53.2075 -0.000607781
53.22 -0.000622159
53.2325 -0.000636936
53.245 -0.000651953
53.2575 -0.000667009
53.27 -0.000681852
53.2825 -0.000696131
53.295 -0.000709615
53.3075 -0.000721942
53.32 -0.000732764
53.3325 -0.000741698
53.345 -0.000748405
53.3575 -0.000752448
53.37 -0.000753502
53.3825 -0.000751263
53.395 -0.000745416
53.4075 -0.000735748
53.42 -0.000722087
53.4325 -0.000704315
53.445 -0.000682406
53.4575 -0.000656466
53.47 -0.000626639
53.4825 -0.00059318
53.495 -0.000556434
53.5075 -0.000516829
53.52 -0.00047486
53.5325 -0.000431108
53.545 -0.000386198
53.5575 -0.000340881
53.57 -0.000295828
53.5825 -0.000251677
53.595 -0.000209169
53.6075 -0.000169064
53.62 -0.000132037
53.6325 -9.86792e-05
53.645 -6.9549e-05
53.6575 -4.51641e-05
53.67 -2.59458e-05
53.6825 -1.21984e-05
53.695 -4.13136e-06
53.7075 -1.87492e-06
53.72 -5.44934e-06
53.7325 -1.47705e-05
53.745 -2.9664e-05
53.7575 -4.98586e-05
53.77 -7.50142e-05
53.7825 -0.00010473
53.795 -0.000138553
53.8075 -0.000175992
53.82 -0.000216537
53.8325 -0.000259678
53.845 -0.00030491
53.8575 -0.000351745
53.87 -0.000399723
53.8825 -0.000448419
53.895 -0.000497446
53.9075 -0.00054646
53.92 -0.000595153
53.9325 -0.000643368
53.945 -0.000690867
53.9575 -0.000737403
53.97 -0.000782873
53.9825 -0.000827132
53.995 -0.000870051
54.0075 -0.000911523
54.02 -0.000951406
54.0325 -0.000989565
54.045 -0.00102585
54.0575 -0.00106003
54.07 -0.00109207
54.0825 -0.00112184
54.095 -0.0011491
54.1075 -0.00117358
54.12 -0.0011951
54.1325 -0.00121336
54.145 -0.00122846
54.1575 -0.00124013
54.17 -0.00124833
54.1825 -0.00125296
54.195 -0.00125398
54.2075 -0.00125138
54.22 -0.00124522
54.2325 -0.00123558
54.245 -0.00122264
54.2575 -0.00120661
54.27 -0.00118778
54.2825 -0.00116648
54.295 -0.0011431
54.3075 -0.00111808
54.32 -0.0010919
54.3325 -0.00106504
54.345 -0.00103809
54.3575 -0.00101148
54.37 -0.000985723
54.3825 -0.000961351
54.395 -0.000938879
54.4075 -0.000918752
54.42 -0.000901371
54.4325 -0.000887114
54.445 -0.000876311
54.4575 -0.000869216
54.47 -0.000865999
54.4825 -0.00086677
54.495 -0.000871569
54.5075 -0.000880361
54.52 -0.000893022
54.5325 -0.000909321
54.545 -0.000928988
54.5575 -0.00095171
54.57 -0.000977085
54.5825 -0.00100469
54.595 -0.00103409
54.6075 -0.00106481
54.62 -0.00109645
54.6325 -0.00112846
54.645 -0.00116052
54.6575 -0.00119228
54.67 -0.00122336
54.6825 -0.00125339
54.695 -0.00128208
54.7075 -0.00130923
54.72 -0.00133462
54.7325 -0.00135795
54.745 -0.00137907
54.7575 -0.00139781
54.77 -0.00141405
54.7825 -0.00142764
54.795 -0.00143845
54.8075 -0.00144635
54.82 -0.00145124
54.8325 -0.00145299
54.845 -0.0014515
54.8575 -0.00144666
54.87 -0.0014384
54.8825 -0.00142662
54.895 -0.0014113
54.9075 -0.00139241
54.92 -0.00136995
54.9325 -0.00134397
54.945 -0.00131457
54.9575 -0.00128189
54.97 -0.00124609
54.9825 -0.00120742
54.995 -0.00116604
55.0075 -0.00112244
55.02 -0.001077
55.0325 -0.00103017
55.045 -0.000982261
55.0575 -0.000933796
55.07 -0.000885222
55.0825 -0.000837038
55.095 -0.000789567
55.1075 -0.000743283
55.12 -0.000698783
55.1325 -0.000656451
55.145 -0.000616656
55.1575 -0.000579761
55.17 -0.000546104
55.1825 -0.000515976
55.195 -0.000489574
55.2075 -0.000467115
55.22 -0.000448705
