-0.0550635 -2.77112e-05 -0.13953 -4.38739e-05 -0.0426906 -7.66388e-06
-0.0550848 -2.77219e-05 -0.139525 -4.38724e-05 -0.0426923 -7.66417e-06
-0.0551314 -2.77453e-05 -0.139515 -4.38693e-05 -0.0426969 -7.665e-06
-0.0552028 -2.77813e-05 -0.139503 -4.38656e-05 -0.0427015 -7.66583e-06
-0.055361 -2.78609e-05 -0.139482 -4.38589e-05 -0.0427059 -7.66662e-06
-0.0555851 -2.79737e-05 -0.139463 -4.38528e-05 -0.0427008 -7.6657e-06
-0.0557747 -2.80691e-05 -0.139455 -4.38504e-05 -0.0426886 -7.66351e-06
-0.0559992 -2.81821e-05 -0.139456 -4.38507e-05 -0.0426663 -7.6595e-06
-0.0562605 -2.83136e-05 -0.139468 -4.38545e-05 -0.0426314 -7.65323e-06
-0.0565612 -2.84649e-05 -0.139494 -4.38628e-05 -0.0425818 -7.64434e-06
-0.056904 -2.86374e-05 -0.139539 -4.38767e-05 -0.0425164 -7.63259e-06
-0.0572905 -2.88319e-05 -0.139605 -4.38975e-05 -0.042434 -7.61781e-06
-0.0577233 -2.90497e-05 -0.139697 -4.39264e-05 -0.0423346 -7.59996e-06
-0.0582042 -2.92918e-05 -0.139817 -4.39642e-05 -0.0422186 -7.57914e-06
-0.0587346 -2.95587e-05 -0.13997 -4.40122e-05 -0.0420877 -7.55564e-06
-0.0593161 -2.98513e-05 -0.140157 -4.40712e-05 -0.0419448 -7.52998e-06
-0.0599498 -3.01703e-05 -0.140383 -4.41423e-05 -0.0417938 -7.50287e-06
-0.060636 -3.05156e-05 -0.14065 -4.42262e-05 -0.0416397 -7.47521e-06
-0.0613752 -3.08876e-05 -0.14096 -4.43237e-05 -0.0414887 -7.44811e-06
-0.0621674 -3.12863e-05 -0.141315 -4.44354e-05 -0.0413483 -7.4229e-06
-0.0630117 -3.17112e-05 -0.141717 -4.45617e-05 -0.0412268 -7.4011e-06
-0.0639068 -3.21616e-05 -0.142167 -4.47031e-05 -0.0411337 -7.38437e-06
-0.0648509 -3.26368e-05 -0.142666 -4.48599e-05 -0.0410792 -7.37458e-06
-0.0658422 -3.31357e-05 -0.143214 -4.50323e-05 -0.0410741 -7.37368e-06
-0.0668791 -3.36575e-05 -0.143811 -4.52201e-05 -0.0411302 -7.38374e-06
-0.0679595 -3.42012e-05 -0.144457 -4.54233e-05 -0.0412592 -7.4069e-06
-0.0690814 -3.47658e-05 -0.145152 -4.56418e-05 -0.041473 -7.44528e-06
-0.0702432 -3.53505e-05 -0.145895 -4.58752e-05 -0.0417836 -7.50104e-06
-0.0714432 -3.59544e-05 -0.146683 -4.61232e-05 -0.0422024 -7.57624e-06
-0.0726789 -3.65763e-05 -0.147517 -4.63853e-05 -0.0427402 -7.67277e-06
-0.0739473 -3.72146e-05 -0.148394 -4.66613e-05 -0.0434066 -7.7924e-06
-0.0752456 -3.7868e-05 -0.149315 -4.69508e-05 -0.0442102 -7.93668e-06
-0.0765712 -3.85351e-05 -0.150277 -4.72534e-05 -0.0451586 -8.10693e-06
-0.0779225 -3.92152e-05 -0.15128 -4.75687e-05 -0.0462577 -8.30425e-06
-0.0792985 -3.99076e-05 -0.152322 -4.78964e-05 -0.0475121 -8.52944e-06
-0.0806984 -4.06122e-05 -0.153402 -4.82359e-05 -0.0489246 -8.783e-06
-0.0821205 -4.13278e-05 -0.154519 -4.85872e-05 -0.0504959 -9.06509e-06
-0.083562 -4.20533e-05 -0.155673 -4.89501e-05 -0.0522249 -9.37549e-06
-0.0850223 -4.27882e-05 -0.156863 -4.93242e-05 -0.0541089 -9.7137e-06
-0.0865028 -4.35333e-05 -0.158088 -4.97094e-05 -0.0561438 -1.0079e-05
-0.0880054 -4.42895e-05 -0.159347 -5.01053e-05 -0.0583235 -1.04703e-05
-0.0895311 -4.50573e-05 -0.16064 -5.05118e-05 -0.0606404 -1.08862e-05
-0.0910798 -4.58367e-05 -0.161967 -5.0929e-05 -0.0630849 -1.13251e-05
-0.0926533 -4.66285e-05 -0.163327 -5.13568e-05 -0.0656478 -1.17852e-05
-0.0942522 -4.74332e-05 -0.164722 -5.17952e-05 -0.0683277 -1.22663e-05
-0.0958744 -4.82496e-05 -0.16615 -5.22443e-05 -0.071103 -1.27645e-05
-0.0975158 -4.90756e-05 -0.167613 -5.27043e-05 -0.0739527 -1.32761e-05
-0.0991735 -4.99099e-05 -0.16911 -5.31752e-05 -0.0768599 -1.3798e-05
-0.100849 -5.07533e-05 -0.170642 -5.36568e-05 -0.0798157 -1.43286e-05
-0.102547 -5.16077e-05 -0.172205 -5.41484e-05 -0.0828134 -1.48668e-05
-0.10427 -5.24746e-05 -0.173799 -5.46494e-05 -0.0858407 -1.54102e-05
-0.106018 -5.33544e-05 -0.17542 -5.51591e-05 -0.0888812 -1.59561e-05
-0.10779 -5.42463e-05 -0.177066 -5.56769e-05 -0.09192 -1.65016e-05
-0.109581 -5.51478e-05 -0.178737 -5.62023e-05 -0.0949461 -1.70448e-05
-0.111385 -5.60556e-05 -0.180431 -5.67348e-05 -0.097952 -1.75845e-05
-0.113199 -5.69682e-05 -0.182143 -5.72732e-05 -0.10093 -1.8119e-05
-0.115029 -5.78892e-05 -0.18387 -5.78163e-05 -0.103871 -1.86471e-05
-0.116864 -5.88128e-05 -0.185606 -5.83623e-05 -0.10677 -1.91674e-05
-0.118706 -5.974e-05 -0.187346 -5.89091e-05 -0.109624 -1.96798e-05
-0.120561 -6.06736e-05 -0.189084 -5.94559e-05 -0.112427 -2.0183e-05
-0.12243 -6.16139e-05 -0.190816 -6.00004e-05 -0.115177 -2.06768e-05
-0.124311 -6.25606e-05 -0.192532 -6.05401e-05 -0.117875 -2.11611e-05
-0.126213 -6.35177e-05 -0.194228 -6.10732e-05 -0.120518 -2.16356e-05
-0.128138 -6.44865e-05 -0.195899 -6.15988e-05 -0.123104 -2.20997e-05
-0.130086 -6.54671e-05 -0.197543 -6.21155e-05 -0.125628 -2.25529e-05
-0.13206 -6.64605e-05 -0.199154 -6.2622e-05 -0.12809 -2.29949e-05
-0.134055 -6.74642e-05 -0.200732 -6.31183e-05 -0.130486 -2.3425e-05
-0.136047 -6.84669e-05 -0.202282 -6.36058e-05 -0.13281 -2.38422e-05
-0.138003 -6.9451e-05 -0.203813 -6.4087e-05 -0.135054 -2.42451e-05
-0.139887 -7.03993e-05 -0.205328 -6.45635e-05 -0.137212 -2.46325e-05
-0.141682 -7.13025e-05 -0.206829 -6.50354e-05 -0.139282 -2.50041e-05
-0.143387 -7.21608e-05 -0.20831 -6.55013e-05 -0.141268 -2.53606e-05
-0.14501 -7.29777e-05 -0.209767 -6.59594e-05 -0.143176 -2.57031e-05
-0.146553 -7.3754e-05 -0.211194 -6.64079e-05 -0.145011 -2.60325e-05
-0.14801 -7.44876e-05 -0.212583 -6.68448e-05 -0.146779 -2.635e-05
-0.149375 -7.51743e-05 -0.213928 -6.72676e-05 -0.148488 -2.66567e-05
-0.150639 -7.58103e-05 -0.215221 -6.76743e-05 -0.150144 -2.69541e-05
-0.151807 -7.63983e-05 -0.216453 -6.80617e-05 -0.151757 -2.72436e-05
-0.152911 -7.69539e-05 -0.217608 -6.8425e-05 -0.153337 -2.75273e-05
-0.154003 -7.75035e-05 -0.218668 -6.87583e-05 -0.154896 -2.78071e-05
-0.155142 -7.80766e-05 -0.219617 -6.90566e-05 -0.156439 -2.80841e-05
-0.156381 -7.87002e-05 -0.220443 -6.93165e-05 -0.157968 -2.83586e-05
-0.157743 -7.93855e-05 -0.221149 -6.95383e-05 -0.159474 -2.86289e-05
-0.159198 -8.01175e-05 -0.221753 -6.97281e-05 -0.160935 -2.88912e-05
-0.160678 -8.08626e-05 -0.222283 -6.9895e-05 -0.162319 -2.91398e-05
-0.162116 -8.15861e-05 -0.222771 -7.00485e-05 -0.163596 -2.9369e-05
-0.16346 -8.22628e-05 -0.223243 -7.01967e-05 -0.164738 -2.9574e-05
-0.164683 -8.2878e-05 -0.223719 -7.03463e-05 -0.165723 -2.97508e-05
-0.165758 -8.34191e-05 -0.224217 -7.05032e-05 -0.166535 -2.98966e-05
-0.166649 -8.38677e-05 -0.224755 -7.0672e-05 -0.167164 -3.00094e-05
-0.16731 -8.42004e-05 -0.22534 -7.08562e-05 -0.167605 -3.00886e-05
-0.167712 -8.44024e-05 -0.225973 -7.10552e-05 -0.167865 -3.01353e-05
-0.167877 -8.44857e-05 -0.226635 -7.12632e-05 -0.167967 -3.01537e-05
-0.167881 -8.44878e-05 -0.22729 -7.14694e-05 -0.167949 -3.01504e-05
-0.167813 -8.44535e-05 -0.227904 -7.16622e-05 -0.167851 -3.01328e-05
-0.167747 -8.44202e-05 -0.22844 -7.18309e-05 -0.16771 -3.01075e-05
-0.167747 -8.44202e-05 -0.228867 -7.19651e-05 -0.167559 -3.00805e-05
-0.167867 -8.44803e-05 -0.229157 -7.20563e-05 -0.167426 -3.00565e-05
-0.168118 -8.46067e-05 -0.229302 -7.21018e-05 -0.167326 -3.00385e-05
-0.168634 -8.48664e-05 -0.229278 -7.20945e-05 -0.167229 -3.00211e-05
-0.169057 -8.50795e-05 -0.229039 -7.20192e-05 -0.167148 -3.00066e-05
-0.169118 -8.511e-05 -0.228664 -7.19015e-05 -0.16702 -2.99836e-05
-0.168709 -8.49042e-05 -0.228204 -7.17566e-05 -0.166805 -2.9945e-05
-0.167803 -8.44484e-05 -0.22768 -7.15918e-05 -0.166477 -2.98862e-05
-0.166421 -8.37529e-05 -0.227082 -7.14038e-05 -0.166025 -2.98051e-05
-0.164729 -8.29011e-05 -0.226352 -7.11743e-05 -0.165472 -2.97057e-05
-0.162974 -8.2018e-05 -0.225425 -7.08827e-05 -0.164844 -2.9593e-05
-0.161469 -8.12607e-05 -0.224227 -7.05062e-05 -0.164155 -2.94692e-05
-0.160484 -8.07651e-05 -0.222722 -7.0033e-05 -0.163381 -2.93303e-05
-0.160073 -8.05583e-05 -0.220969 -6.94817e-05 -0.162431 -2.91598e-05
-0.160317 -8.06809e-05 -0.219041 -6.88755e-05 -0.161183 -2.89357e-05
-0.161208 -8.11292e-05 -0.21707 -6.82559e-05 -0.159494 -2.86326e-05
-0.162048 -8.1552e-05 -0.215375 -6.77228e-05 -0.157139 -2.82099e-05
-0.161888 -8.14713e-05 -0.214242 -6.73665e-05 -0.153932 -2.76341e-05
-0.160435 -8.07402e-05 -0.213725 -6.72039e-05 -0.149908 -2.69117e-05
-0.157918 -7.94736e-05 -0.213718 -6.72016e-05 -0.145299 -2.60842e-05
-0.154617 -7.78125e-05 -0.214005 -6.7292e-05 -0.140417 -2.52079e-05
-0.151106 -7.60453e-05 -0.21422 -6.73594e-05 -0.135679 -2.43572e-05
-0.148044 -7.45043e-05 -0.214026 -6.72984e-05 -0.131509 -2.36087e-05
-0.145254 -7.31005e-05 -0.213342 -6.70833e-05 -0.128135 -2.30029e-05
-0.141896 -7.14104e-05 -0.212217 -6.67298e-05 -0.125598 -2.25475e-05
-0.137734 -6.93159e-05 -0.210579 -6.62147e-05 -0.123986 -2.22581e-05
-0.133102 -6.69846e-05 -0.208332 -6.55081e-05 -0.123376 -2.21486e-05
-0.128147 -6.4491e-05 -0.205444 -6.46e-05 -0.123687 -2.22044e-05
-0.122902 -6.18514e-05 -0.201894 -6.34838e-05 -0.124738 -2.23931e-05
-0.117543 -5.91545e-05 -0.197719 -6.21711e-05 -0.126301 -2.26738e-05
-0.112355 -5.65436e-05 -0.192998 -6.06864e-05 -0.128056 -2.29887e-05
-0.107781 -5.42416e-05 -0.187794 -5.90501e-05 -0.129609 -2.32676e-05
-0.104337 -5.25082e-05 -0.1822 -5.72913e-05 -0.130556 -2.34376e-05
-0.101991 -5.13279e-05 -0.176541 -5.55117e-05 -0.130394 -2.34085e-05
-0.100069 -5.03604e-05 -0.171262 -5.38518e-05 -0.12852 -2.30722e-05
-0.0988005 -4.97222e-05 -0.166521 -5.23609e-05 -0.124584 -2.23656e-05
-0.0990317 -4.98386e-05 -0.162405 -5.10669e-05 -0.118462 -2.12664e-05
-0.1006 -5.0628e-05 -0.159218 -5.00648e-05 -0.109986 -1.97448e-05
-0.102523 -5.15955e-05 -0.157262 -4.94496e-05 -0.0990682 -1.77849e-05
-0.103797 -5.22367e-05 -0.156775 -4.92966e-05 -0.085902 -1.54212e-05
-0.104206 -5.24427e-05 -0.157712 -4.95911e-05 -0.0710267 -1.27508e-05
-0.104443 -5.25621e-05 -0.159642 -5.01981e-05 -0.0553115 -9.92959e-06
-0.105244 -5.2965e-05 -0.162078 -5.09639e-05 -0.0398116 -7.14704e-06
-0.106702 -5.36989e-05 -0.164648 -5.17722e-05 -0.0254424 -4.56744e-06
-0.107969 -5.43365e-05 -0.167218 -5.25801e-05 -0.0130217 -2.33767e-06
-0.108624 -5.46658e-05 -0.16953 -5.33073e-05 -0.00317947 -5.70783e-07
-0.109363 -5.5038e-05 -0.171167 -5.38219e-05 0.00333178 5.98125e-07
-0.110815 -5.57684e-05 -0.171882 -5.40468e-05 0.00603887 1.0841e-06
-0.112356 -5.6544e-05 -0.171789 -5.40175e-05 0.00496174 8.90739e-07
-0.112445 -5.65888e-05 -0.171269 -5.38541e-05 0.000361199 6.48429e-08
-0.110374 -5.55465e-05 -0.170554 -5.3629e-05 -0.00740588 -1.32951e-06
-0.107226 -5.39625e-05 -0.169497 -5.32967e-05 -0.0180903 -3.2476e-06
-0.104568 -5.26247e-05 -0.167928 -5.28033e-05 -0.0314951 -5.65404e-06
-0.103042 -5.18567e-05 -0.16592 -5.21722e-05 -0.046819 -8.405e-06
-0.102187 -5.14267e-05 -0.163858 -5.15237e-05 -0.0631447 -1.13358e-05
-0.101417 -5.10391e-05 -0.162197 -5.10015e-05 -0.0794878 -1.42697e-05
-0.100859 -5.07582e-05 -0.161221 -5.06946e-05 -0.0950135 -1.70569e-05
-0.101441 -5.10509e-05 -0.160983 -5.06195e-05 -0.108912 -1.95519e-05
-0.103408 -5.20408e-05 -0.161692 -5.08426e-05 -0.120625 -2.16547e-05
-0.105596 -5.31418e-05 -0.163781 -5.14995e-05 -0.12952 -2.32517e-05
-0.106895 -5.37958e-05 -0.167466 -5.2658e-05 -0.135276 -2.42848e-05
-0.107663 -5.41825e-05 -0.172505 -5.42427e-05 -0.138 -2.4774e-05
-0.109337 -5.50246e-05 -0.178349 -5.60803e-05 -0.138303 -2.48284e-05
-0.112988 -5.68623e-05 -0.184439 -5.79952e-05 -0.136818 -2.45618e-05
-0.119113 -5.99446e-05 -0.190341 -5.98509e-05 -0.134179 -2.4088e-05
-0.128132 -6.44835e-05 -0.195763 -6.15559e-05 -0.130945 -2.35073e-05
-0.140063 -7.04881e-05 -0.200662 -6.30962e-05 -0.127562 -2.29e-05
-0.153694 -7.73479e-05 -0.205376 -6.45787e-05 -0.124156 -2.22887e-05
-0.16714 -8.41147e-05 -0.210409 -6.61613e-05 -0.120764 -2.16797e-05
-0.178596 -8.98799e-05 -0.216235 -6.7993e-05 -0.117483 -2.10908e-05
-0.184541 -9.28721e-05 -0.220676 -6.93897e-05 -0.115505 -2.07355e-05
-0.189098 -9.51653e-05 -0.2255 -7.09066e-05 -0.113882 -2.04443e-05
-0.192403 -9.68285e-05 -0.230587 -7.25062e-05 -0.112834 -2.02561e-05
-0.194633 -9.79508e-05 -0.235798 -7.41447e-05 -0.112591 -2.02125e-05
-0.19606 -9.86689e-05 -0.240946 -7.57633e-05 -0.113392 -2.03562e-05
-0.197205 -9.92452e-05 -0.245787 -7.72854e-05 -0.115486 -2.07323e-05
-0.198893 -0.000100095 -0.250045 -7.86245e-05 -0.119119 -2.13845e-05
-0.202035 -0.000101676 -0.253429 -7.96884e-05 -0.124467 -2.23444e-05
-0.207355 -0.000104353 -0.255786 -8.04295e-05 -0.131579 -2.36213e-05
-0.215184 -0.000108293 -0.257144 -8.08565e-05 -0.140355 -2.51966e-05
-0.225485 -0.000113477 -0.25768 -8.1025e-05 -0.150538 -2.70247e-05
-0.238093 -0.000119822 -0.257647 -8.10147e-05 -0.161761 -2.90396e-05
-0.25293 -0.000127289 -0.257337 -8.09173e-05 -0.173604 -3.11656e-05
-0.270026 -0.000135893 -0.257091 -8.08401e-05 -0.185608 -3.33206e-05
-0.28952 -0.000145704 -0.257279 -8.0899e-05 -0.197293 -3.54184e-05
-0.311789 -0.000156911 -0.258224 -8.11963e-05 -0.208201 -3.73765e-05
-0.337334 -0.000169766 -0.260226 -8.18257e-05 -0.217913 -3.912e-05
-0.366269 -0.000184328 -0.263705 -8.29197e-05 -0.226008 -4.05733e-05
-0.398059 -0.000200326 -0.26924 -8.466e-05 -0.232037 -4.16556e-05
-0.43184 -0.000217327 -0.277407 -8.72283e-05 -0.235618 -4.22984e-05
-0.466832 -0.000234937 -0.288662 -9.07671e-05 -0.236543 -4.24645e-05
-0.502414 -0.000252844 -0.303349 -9.53853e-05 -0.234822 -4.21555e-05
-0.537925 -0.000270716 -0.321746 -0.00010117 -0.230668 -4.14098e-05
-0.572576 -0.000288154 -0.344026 -0.000108176 -0.224486 -4.03e-05
-0.60574 -0.000304844 -0.370134 -0.000116385 -0.216916 -3.89411e-05
-0.637428 -0.000320791 -0.399693 -0.00012568 -0.2089 -3.7502e-05
-0.668218 -0.000336286 -0.432102 -0.000135871 -0.201645 -3.61995e-05
-0.69883 -0.000351692 -0.466698 -0.000146749 -0.196477 -3.52717e-05
-0.729787 -0.000367271 -0.502803 -0.000158102 -0.194724 -3.49571e-05
-0.76123 -0.000383095 -0.539759 -0.000169722 -0.197646 -3.54816e-05
-0.793005 -0.000399087 -0.576967 -0.000181422 -0.206397 -3.70526e-05
-0.824955 -0.000415166 -0.613876 -0.000193028 -0.222029 -3.9859e-05
-0.85722 -0.000431403 -0.649954 -0.000204372 -0.245471 -4.40672e-05
-0.890393 -0.000448098 -0.684661 -0.000215286 -0.277475 -4.98127e-05
-0.92537 -0.0004657 -0.717506 -0.000225613 -0.318562 -5.71886e-05
-0.962984 -0.00048463 -0.748164 -0.000235254 -0.368936 -6.62319e-05
-1.00354 -0.000505042 -0.776604 -0.000244196 -0.428427 -7.69118e-05
-1.04672 -0.000526769 -0.803109 -0.00025253 -0.496459 -8.9125e-05
-1.09194 -0.000549529 -0.828133 -0.000260399 -0.572141 -0.000102711
-1.13878 -0.000573103 -0.852212 -0.00026797 -0.654364 -0.000117472
-1.18694 -0.000597339 -0.87598 -0.000275444 -0.741851 -0.000133178
-1.23605 -0.000622051 -0.900168 -0.00028305 -0.833188 -0.000149575
-1.28556 -0.000646971 -0.925554 -0.000291032 -0.926874 -0.000166394
-1.33509 -0.000671896 -0.952833 -0.00029961 -1.02143 -0.000183368
-1.3848 -0.000696913 -0.982491 -0.000308935 -1.11553 -0.000200261
-1.43534 -0.000722349 -1.01487 -0.000319117 -1.20805 -0.000216871
-1.48725 -0.000748474 -1.05031 -0.000330259 -1.298 -0.000233019
-1.54061 -0.000775326 -1.08914 -0.000342471 -1.38448 -0.000248543
-1.59514 -0.000802768 -1.13162 -0.000355828 -1.46676 -0.000263314
-1.65032 -0.000830536 -1.1779 -0.00037038 -1.54436 -0.000277245
-1.70516 -0.000858135 -1.22812 -0.000386172 -1.61703 -0.000290292
-1.75816 -0.000884808 -1.28243 -0.000403247 -1.68475 -0.000302449
-1.80758 -0.000909681 -1.34077 -0.000421592 -1.74777 -0.000313762
-1.85189 -0.000931982 -1.40279 -0.000441095 -1.80668 -0.000324337
-1.89006 -0.000951191 -1.46781 -0.000461539 -1.86248 -0.000334354
-1.92166 -0.000967091 -1.53483 -0.000482612 -1.91651 -0.000344054
-1.94656 -0.000979624 -1.60263 -0.000503933 -1.97036 -0.000353722
-1.96453 -0.000988665 -1.6699 -0.000525084 -2.02569 -0.000363655
-1.97512 -0.000993998 -1.73523 -0.000545628 -2.08413 -0.000374145
-1.97804 -0.000995468 -1.79714 -0.000565095 -2.14726 -0.00038548
-1.97332 -0.000993092 -1.85409 -0.000583003 -2.21658 -0.000397924
-1.9612 -0.000986989 -1.90463 -0.000598892 -2.29333 -0.000411702
-1.94185 -0.000977251 -1.94743 -0.000612351 -2.37835 -0.000426965
-1.9154 -0.00096394 -1.98136 -0.000623021 -2.47203 -0.000443781
-1.88207 -0.000947166 -2.00545 -0.000630595 -2.57425 -0.000462133
-1.84217 -0.000927088 -2.01895 -0.00063484 -2.68443 -0.000481912
-1.79569 -0.000903698 -2.02151 -0.000635645 -2.80137 -0.000502905
-1.74205 -0.000876704 -2.01319 -0.00063303 -2.92324 -0.000524784
-1.68049 -0.00084572 -1.9943 -0.000627088 -3.04768 -0.000547124
-1.61062 -0.000810559 -1.96518 -0.000617935 -3.17199 -0.00056944
-1.53266 -0.000771323 -1.92631 -0.000605712 -3.2932 -0.0005912
-1.44719 -0.000728312 -1.87826 -0.000590601 -3.40815 -0.000611835
-1.35519 -0.00068201 -1.82163 -0.000572795 -3.51349 -0.000630747
-1.25801 -0.000633104 -1.75701 -0.000552476 -3.60585 -0.000647327
-1.15715 -0.000582344 -1.68501 -0.000529837 -3.68184 -0.000660968
-1.05365 -0.000530256 -1.60645 -0.000505135 -3.73811 -0.000671071
-0.947772 -0.000476975 -1.52239 -0.0004787 -3.77139 -0.000677044
-0.839345 -0.000422408 -1.43388 -0.000450872 -3.77859 -0.000678337
-0.728203 -0.000366474 -1.3419 -0.000421947 -3.75705 -0.00067447
-0.6145 -0.000309252 -1.24721 -0.000392174 -3.70461 -0.000665057
-0.498779 -0.000251015 -1.15041 -0.000361735 -3.61976 -0.000649823
-0.381563 -0.000192025 -1.05192 -0.000330767 -3.50155 -0.000628603
-0.262815 -0.000132264 -0.952123 -0.000299387 -3.34961 -0.000601327
-0.142256 -7.15917e-05 -0.851205 -0.000267654 -3.16416 -0.000568034
-0.020449 -1.02912e-05 -0.748891 -0.000235482 -2.94612 -0.000528891
0.0998497 5.02502e-05 -0.645348 -0.000202924 -2.69689 -0.00048415
0.219859 0.000110646 -0.538895 -0.000169451 -2.41909 -0.000434279
0.337433 0.000169816 -0.429388 -0.000135017 -2.11583 -0.000379836
0.452121 0.000227534 -0.316405 -9.94906e-05 -1.78926 -0.000321211
0.564474 0.000284076 -0.199382 -6.2694e-05 -1.4429 -0.000259031
0.675612 0.000340008 -0.0812087 -2.55354e-05 -1.08016 -0.000193911
0.785544 0.000395332 0.0404365 1.27149e-05 -0.704937 -0.000126551
0.893748 0.000449787 0.167566 5.26897e-05 -0.319236 -5.73096e-05
0.999753 0.000503134 0.299541 9.41879e-05 0.0691173 1.2408e-05
1.1036 0.000555398 0.435903 0.000137066 0.458015 8.22235e-05
1.20611 0.000606984 0.576464 0.000181264 0.845381 0.000151764
1.30866 0.000658594 0.720856 0.000226667 1.2306 0.00022092
1.41261 0.000710906 0.868625 0.000273131 1.61283 0.000289537
1.51909 0.000764494 1.01868 0.000320316 1.98825 0.000356933
1.62862 0.000819617 1.17003 0.000367905 2.35386 0.000422567
1.74091 0.000876126 1.32204 0.000415704 2.70835 0.000486206
1.85506 0.000933575 1.47439 0.000463609 3.05064 0.000547654
1.97016 0.0009915 1.62652 0.000511443 3.37896 0.000606594
2.0856 0.0010496 1.7775 0.000558919 3.69191 0.000662777
2.20109 0.00110772 1.92638 0.000605732 3.98884 0.000716081
2.31642 0.00116576 2.07232 0.000651624 4.26905 0.000766385
2.43122 0.00122353 2.21457 0.000696353 4.53173 0.000813541
2.54498 0.00128078 2.35227 0.000739649 4.77656 0.000857495
2.65691 0.00133711 2.48454 0.000781242 5.00376 0.000898281
2.76605 0.00139204 2.61067 0.000820903 5.21331 0.0009359
2.87127 0.00144499 2.73006 0.000858444 5.40493 0.000970299
2.97131 0.00149534 2.84217 0.000893696 5.57859 0.00100148
3.06486 0.00154242 2.94647 0.000926492 5.73466 0.00102949
3.15083 0.00158568 3.04239 0.000956652 5.87358 0.00105443
3.22844 0.00162474 3.12932 0.000983987 5.99567 0.00107635
3.29745 0.00165947 3.20584 0.00100805 6.06321 0.00108848
3.35799 0.00168994 3.26832 0.00102769 6.10629 0.00109621
3.41002 0.00171612 3.31801 0.00104332 6.12561 0.00109968
3.45352 0.00173801 3.35827 0.00105598 6.13763 0.00110183
3.48885 0.0017558 3.39077 0.0010662 6.13471 0.00110131
3.51681 0.00176986 3.41128 0.00107265 6.12504 0.00109958
3.53721 0.00178013 3.4202 0.00107545 6.11979 0.00109863
3.55047 0.00178681 3.41701 0.00107445 6.12432 0.00109945
3.55345 0.00178831 3.4011 0.00106944 6.13023 0.00110051
3.53083 0.00177692 3.38358 0.00106394 6.1122 0.00109727
3.51204 0.00176747 3.3522 0.00105407 6.07358 0.00109034
3.48313 0.00175291 3.30889 0.00104045 6.02455 0.00108153
3.44708 0.00173477 3.25765 0.00102434 5.96191 0.00107029
3.40626 0.00171423 3.19605 0.00100497 5.88902 0.0010572
3.36155 0.00169173 3.12692 0.000983232 5.79727 0.00104073
3.31289 0.00166724 3.04925 0.00095881 5.68502 0.00102058
3.2609 0.00164107 2.96431 0.000932101 5.55354 0.000996979
3.2069 0.0016139 2.87357 0.000903569 5.40479 0.000970275
3.15206 0.0015863 2.77765 0.000873406 5.24002 0.000940694
3.09685 0.00155852 2.67723 0.000841829 5.05699 0.000907837
3.03944 0.00152962 2.57366 0.000809265 4.85348 0.000871303
2.97953 0.00149947 2.46866 0.000776249 4.62907 0.000831016
2.91763 0.00146832 2.36262 0.000742906 4.38613 0.000787403
2.85402 0.00143631 2.25646 0.000709524 4.12673 0.000740836
2.78893 0.00140355 2.1507 0.000676269 3.85188 0.000691495
2.72241 0.00137008 2.04594 0.000643326 3.56239 0.000639524
2.65481 0.00133606 1.94249 0.000610799 3.25957 0.000585162
2.58719 0.00130203 1.84033 0.000578674 2.9462 0.000528906
2.52066 0.00126854 1.73941 0.000546942 2.62568 0.000471366
2.45507 0.00123553 1.63995 0.000515668 2.30117 0.000413109
2.38887 0.00120222 1.54235 0.000484977 1.97514 0.00035458
2.32044 0.00116778 1.44682 0.000454938 1.64989 0.00029619
2.24913 0.00113189 1.35326 0.000425522 1.32834 0.000238465
2.17492 0.00109455 1.2615 0.000396667 1.01401 0.000182037
2.09782 0.00105574 1.17135 0.000368321 0.710426 0.000127537
2.01764 0.0010154 1.08259 0.00034041 0.420565 7.55004e-05
1.93413 0.000973369 0.994885 0.000312832 0.146973 2.63848e-05
1.84684 0.000929436 0.908046 0.000285527 -0.0949463 -1.70449e-05
1.75497 0.000883206 0.822905 0.000258755 -0.324468 -5.82489e-05
1.65788 0.000834341 0.738063 0.000232077 -0.53059 -9.52522e-05
1.55478 0.000782457 0.653838 0.000205593 -0.71469 -0.000128302
1.44507 0.000727241 0.570009 0.000179234 -0.870424 -0.00015626
1.32882 0.000668741 0.486178 0.000152874 -0.999221 -0.000179381
1.20622 0.000607041 0.402778 0.00012665 -1.10401 -0.000198193
1.07785 0.000542439 0.319403 0.000100433 -1.1855 -0.000212822
0.944268 0.000475211 0.235927 7.41851e-05 -1.24243 -0.000223043
0.806123 0.000405689 0.152205 4.78596e-05 -1.2742 -0.000228747
0.66429 0.00033431 0.0682484 2.14601e-05 -1.28238 -0.000230215
0.519844 0.000261616 -0.0158328 -4.97849e-06 -1.26861 -0.000227742
0.373855 0.000188146 -0.10059 -3.16296e-05 -1.23606 -0.0002219
0.227298 0.000114389 -0.186692 -5.87038e-05 -1.18748 -0.000213178
0.0810588 4.07935e-05 -0.272594 -8.57147e-05 -1.12448 -0.000201868
-0.0640089 -3.2213e-05 -0.357936 -0.00011255 -1.05033 -0.000188556
-0.206262 -0.000103803 -0.443268 -0.000139382 -0.967637 -0.000173711
-0.348737 -0.000175505 -0.52552 -0.000165245 -0.881199 -0.000158194
-0.488921 -0.000246054 -0.604219 -0.000189991 -0.794732 -0.000142671
-0.627157 -0.000315622 -0.679512 -0.000213667 -0.711624 -0.000127752
-0.763092 -0.000384033 -0.751019 -0.000236151 -0.635098 -0.000114014
-0.89571 -0.000450774 -0.818714 -0.000257437 -0.567261 -0.000101835
-1.02374 -0.000515204 -0.882117 -0.000277374 -0.510664 -9.16751e-05
-1.14629 -0.000576882 -0.941318 -0.000295989 -0.467902 -8.39984e-05
-1.2627 -0.000635465 -0.996653 -0.000313389 -0.441007 -7.91701e-05
-1.37238 -0.000690662 -1.04845 -0.000329674 -0.431175 -7.74051e-05
-1.47516 -0.000742386 -1.09689 -0.000344906 -0.438947 -7.88004e-05
-1.57143 -0.000790838 -1.1421 -0.000359123 -0.464922 -8.34635e-05
-1.6616 -0.000836212 -1.18441 -0.000372427 -0.509593 -9.14828e-05
-1.74567 -0.000878522 -1.22443 -0.000385012 -0.572819 -0.000102833
-1.82363 -0.000917757 -1.26282 -0.000397081 -0.653751 -0.000117362
-1.89573 -0.000954042 -1.30011 -0.000408807 -0.751215 -0.000134859
-1.96253 -0.000987658 -1.33681 -0.000420347 -0.863964 -0.0001551
-2.02495 -0.00101907 -1.37344 -0.000431865 -0.990599 -0.000177834
-2.0842 -0.00104889 -1.41051 -0.000443522 -1.12945 -0.000202759
-2.14138 -0.00107767 -1.44855 -0.000455483 -1.2783 -0.000229483
-2.19713 -0.00110573 -1.48785 -0.000467843 -1.4265 -0.000256086
-2.25188 -0.00113328 -1.52869 -0.000480682 -1.58288 -0.000284161
-2.30619 -0.00116061 -1.57241 -0.000494432 -1.74286 -0.000312881
-2.36124 -0.00118831 -1.61902 -0.000509088 -1.90477 -0.000341947
-2.418 -0.00121688 -1.66907 -0.000524823 -2.06565 -0.000370828
-2.47682 -0.00124648 -1.72279 -0.000541717 -2.22481 -0.0003994
-2.5373 -0.00127692 -1.7805 -0.000559863 -2.38144 -0.00042752
-2.59859 -0.00130776 -1.84268 -0.000579416 -2.53418 -0.000454939
-2.65997 -0.00133865 -1.90953 -0.000600436 -2.68129 -0.000481349
-2.72083 -0.00136928 -1.98108 -0.000622932 -2.8214 -0.000506501
-2.7754 -0.00139674 -2.05842 -0.000647252 -2.95368 -0.000530248
-2.81595 -0.00141715 -2.14646 -0.000674934 -3.07528 -0.000552078
-2.86988 -0.00144429 -2.23067 -0.000701415 -3.19312 -0.000573232
-2.9213 -0.00147017 -2.31554 -0.000728102 -3.30883 -0.000594005
-2.97454 -0.00149696 -2.40291 -0.000755574 -3.41585 -0.000613218
-3.02898 -0.00152436 -2.48877 -0.000782573 -3.5203 -0.000631969
-3.08299 -0.00155154 -2.57367 -0.000809269 -3.62002 -0.000649871
-3.13527 -0.00157785 -2.65538 -0.00083496 -3.71838 -0.000667528
-3.18523 -0.001603 -2.73408 -0.000859708 -3.81587 -0.000685031
-3.22991 -0.00162548 -2.80991 -0.00088355 -3.91192 -0.000702273
-3.26809 -0.00164469 -2.88177 -0.000906147 -4.00695 -0.000719332
-3.29916 -0.00166033 -2.94801 -0.000926977 -4.10198 -0.000736392
-3.32326 -0.00167246 -3.00818 -0.000945895 -4.19793 -0.000753617
-3.3408 -0.00168129 -3.0616 -0.000962692 -4.29539 -0.000771113
-3.35183 -0.00168684 -3.10754 -0.000977139 -4.39435 -0.000788879
-3.35594 -0.0016889 -3.14528 -0.000989004 -4.49414 -0.000806794
-3.35239 -0.00168712 -3.17441 -0.000998163 -4.59413 -0.000824744
-3.34044 -0.00168111 -3.19488 -0.0010046 -4.69374 -0.000842625
-3.31975 -0.00167069 -3.20665 -0.0010083 -4.79226 -0.000860312
-3.29067 -0.00165606 -3.20958 -0.00100922 -4.88847 -0.000877585
-3.25397 -0.00163759 -3.2035 -0.00100731 -4.9807 -0.000894142
-3.2103 -0.00161561 -3.18845 -0.00100258 -5.06721 -0.000909672
-3.15991 -0.00159025 -3.16472 -0.000995116 -5.1463 -0.000923871
-3.10278 -0.0015615 -3.13276 -0.000985067 -5.21615 -0.000936411
-3.03934 -0.00152957 -3.09296 -0.000972553 -5.27473 -0.000946926
-2.97078 -0.00149507 -3.04556 -0.00095765 -5.31995 -0.000955044
-2.89877 -0.00145883 -2.99085 -0.000940445 -5.34988 -0.000960417
-2.82468 -0.00142154 -2.92929 -0.000921089 -5.36264 -0.000962708
-2.74929 -0.0013836 -2.86154 -0.000899785 -5.3557 -0.000961462
-2.67276 -0.00134509 -2.78826 -0.000876744 -5.3269 -0.000956291
-2.5948 -0.00130585 -2.71028 -0.000852223 -5.27448 -0.000946882
-2.51508 -0.00126574 -2.62846 -0.000826496 -5.19713 -0.000932996
-2.43384 -0.00122485 -2.54349 -0.000799778 -5.09372 -0.000914431
-2.35214 -0.00118373 -2.45578 -0.000772199 -4.96364 -0.000891078
-2.27156 -0.00114318 -2.36553 -0.000743819 -4.80693 -0.000862947
-2.19354 -0.00110392 -2.27291 -0.000714697 -4.62414 -0.000830132
-2.11877 -0.00106629 -2.17826 -0.000684934 -4.41604 -0.000792773
-2.04674 -0.00103004 -2.0821 -0.000654696 -4.18354 -0.000751034
-1.97597 -0.000994423 -1.98507 -0.000624188 -3.92779 -0.000705123
-1.90475 -0.000958581 -1.88774 -0.000593584 -3.65045 -0.000655333
-1.83177 -0.000921852 -1.79046 -0.000562995 -3.35368 -0.000602058
-1.75681 -0.000884129 -1.69322 -0.000532416 -3.04023 -0.000545785
-1.68094 -0.000845946 -1.59559 -0.000501718 -2.71327 -0.000487089
-1.60574 -0.0008081 -1.497 -0.000470719 -2.37627 -0.000426591
-1.53236 -0.000771171 -1.39698 -0.000439268 -2.03276 -0.000364924
-1.46051 -0.000735013 -1.29538 -0.000407321 -1.68617 -0.000302703
-1.38804 -0.000698542 -1.1925 -0.000374972 -1.33967 -0.000240499
-1.31195 -0.000660248 -1.08881 -0.000342365 -0.996299 -0.000178857
-1.22987 -0.000618943 -0.984534 -0.000309578 -0.659121 -0.000118326
-1.14068 -0.000574057 -0.879675 -0.000276606 -0.331269 -5.94698e-05
-1.04429 -0.000525548 -0.774052 -0.000243394 -0.0186564 -3.34923e-06
-0.941332 -0.000473733 -0.668219 -0.000210115 0.262379 4.71026e-05
-0.833148 -0.000419289 -0.561185 -0.000176459 0.528067 9.47993e-05
-0.721311 -0.000363006 -0.451524 -0.000141978 0.776295 0.000139361
-0.606647 -0.0003053 -0.339406 -0.000106723 1.00257 0.000179983
-0.489728 -0.00024646 -0.224354 -7.05461e-05 1.20541 0.000216396
-0.370479 -0.000186447 -0.107463 -3.37907e-05 1.38644 0.000248896
-0.248754 -0.000125188 0.0101618 3.19528e-06 1.54611 0.000277559
-0.125992 -6.34065e-05 0.125834 3.95672e-05 1.68352 0.000302228
-0.00510055 -2.56689e-06 0.24339 7.65317e-05 1.80005 0.000323147
0.118106 5.94377e-05 0.358901 0.000112853 1.89687 0.000340528
0.242164 0.000121871 0.473293 0.000148823 1.97529 0.000354606
0.367593 0.000184994 0.584919 0.000183923 2.03712 0.000365707
0.494425 0.000248824 0.692972 0.000217899 2.08597 0.000374476
0.621889 0.000312971 0.796955 0.000250595 2.12343 0.000381202
0.748573 0.000376726 0.896134 0.000281781 2.15134 0.000386212
0.872578 0.000439133 0.989965 0.000311285 2.17096 0.000389733
0.992446 0.000499457 1.07788 0.00033893 2.18456 0.000392176
1.10759 0.000557405 1.15944 0.000364575 2.19485 0.000394023
1.21791 0.000612924 1.23429 0.000388111 2.20378 0.000395625
1.32319 0.000665909 1.30205 0.000409419 2.21258 0.000397206
1.42289 0.000716079 1.36245 0.00042841 2.22234 0.000398957
1.51611 0.000762996 1.41549 0.000445087 2.23422 0.000401089
1.60195 0.000806196 1.46142 0.000459529 2.24915 0.000403771
1.67988 0.000845412 1.5005 0.000471819 2.26768 0.000407097
1.75006 0.000880734 1.53288 0.000482001 2.29008 0.000411118
1.81311 0.000912462 1.55874 0.00049013 2.31638 0.000415839
1.86949 0.000940838 1.57845 0.00049633 2.34626 0.000421204
1.91972 0.000966116 1.59251 0.000500751 2.37923 0.000427122
1.96472 0.000988764 1.60133 0.000503523 2.41471 0.000433492
2.00579 0.00100943 1.60533 0.000504782 2.45198 0.000440183
2.0442 0.00102876 1.60512 0.000504717 2.48995 0.000447
2.08108 0.00104732 1.60144 0.000503559 2.52731 0.000453705
2.11731 0.00106556 1.5951 0.000501564 2.56268 0.000460055
2.15333 0.00108368 1.58704 0.000499029 2.59468 0.0004658
2.18896 0.00110161 1.57838 0.000496306 2.62184 0.000470675
2.22375 0.00111912 1.57026 0.000493754 2.64267 0.000474416
2.25731 0.00113601 1.56371 0.000491694 2.6559 0.000476791
2.28971 0.00115232 1.55954 0.000490384 2.66056 0.000477627
2.32183 0.00116848 1.55825 0.000489977 2.65571 0.000476756
2.35517 0.00118526 1.56002 0.000490534 2.64119 0.000474149
2.39115 0.00120337 1.565 0.0004921 2.61714 0.000469832
2.43053 0.00122319 1.57336 0.00049473 2.58396 0.000463875
2.47307 0.00124459 1.58534 0.000498496 2.54211 0.000456362
2.51808 0.00126725 1.60111 0.000503456 2.49232 0.000447424
2.56519 0.00129095 1.62064 0.000509595 2.43578 0.000437274
2.61422 0.00131563 1.64375 0.000516862 2.37404 0.000426191
2.66456 0.00134096 1.67034 0.000525224 2.30881 0.000414481
2.71495 0.00136632 1.7003 0.000534644 2.24183 0.000402456
2.76394 0.00139098 1.73335 0.000545035 2.175 0.000390459
2.81043 0.00141437 1.76899 0.000556243 2.11049 0.000378878
2.85382 0.00143621 1.8066 0.00056807 2.05066 0.000368137
2.89433 0.0014566 1.84537 0.000580261 1.99794 0.000358672
2.93199 0.00147555 1.88441 0.000592536 1.95472 0.000350914
2.96611 0.00149272 1.92306 0.00060469 1.92303 0.000345226
2.9954 0.00150746 1.96073 0.000616533 1.90464 0.000341924
3.01848 0.00151907 1.99685 0.000627893 1.90109 0.000341286
3.03415 0.00152696 2.03091 0.0006386 1.91367 0.000343544
3.0414 0.00153061 2.0624 0.000648503 1.94336 0.000348874
3.03931 0.00152956 2.09089 0.000657461 1.99072 0.000357377
3.02733 0.00152353 2.11585 0.000665309 2.05598 0.000369092
3.00569 0.00151264 2.13662 0.00067184 2.13905 0.000384005
2.9752 0.00149729 2.15253 0.000676843 2.23954 0.000402046
2.93671 0.00147792 2.1631 0.000680169 2.35657 0.000423055
2.89082 0.00145483 2.16804 0.000681721 2.4887 0.000446775
2.8381 0.0014283 2.16712 0.000681433 2.634 0.000472859
2.77948 0.0013988 2.15998 0.000679187 2.78205 0.000499437
2.71602 0.00136686 2.14628 0.000674879 2.94009 0.000527809
2.64831 0.00133279 2.12712 0.000668854 3.10291 0.000557038
2.5767 0.00129675 2.10269 0.000661171 3.2676 0.000586604
2.50179 0.00125905 2.07366 0.000652045 3.42933 0.000615637
2.42498 0.00122039 2.0403 0.000641553 3.5854 0.000643655
2.34835 0.00118183 2.00281 0.000629765 3.7333 0.000670207
2.27419 0.00114451 1.96176 0.000616859 3.86989 0.000694728
2.2049 0.00110963 1.91766 0.000602991 3.99128 0.000716519
2.14237 0.00107817 1.87112 0.000588357 4.09356 0.00073488
2.08726 0.00105043 1.82306 0.000573245 4.1735 0.000749233
2.03888 0.00102608 1.77472 0.000558046 4.22851 0.000759108
1.99572 0.00100437 1.72748 0.000543189 4.25617 0.000764073
1.95648 0.000984613 1.68249 0.000529042 4.2537 0.000763629
1.92116 0.00096684 1.64033 0.000515786 4.21857 0.000757323
1.89149 0.000951909 1.60104 0.000503431 4.15035 0.000745076
1.86983 0.000941009 1.5645 0.000491942 4.04961 0.00072699
1.85784 0.000934974 1.53059 0.000481281 3.91739 0.000703255
1.85548 0.000933785 1.49943 0.000471482 3.75499 0.000674101
1.86116 0.000936646 1.47121 0.000462608 3.56412 0.000639836
1.8728 0.000942501 1.44607 0.000454703 3.34714 0.000600883
1.88875 0.000950529 1.42393 0.000447743 3.1072 0.000557809
1.90857 0.000960506 1.40439 0.000441598 2.84815 0.000511303
1.93305 0.000972824 1.38664 0.000436018 2.5743 0.000462142
1.96321 0.000988003 1.36978 0.000430714 2.29023 0.000411145
1.99893 0.00100598 1.35315 0.000425486 2.00052 0.000359136
2.03817 0.00102573 1.33658 0.000420275 1.70964 0.000306916
2.0778 0.00104567 1.32009 0.000415089 1.42191 0.000255264
2.1148 0.00106429 1.30363 0.000409913 1.14163 0.000204947
2.14685 0.00108042 1.28707 0.000404706 0.872978 0.000156718
2.17269 0.00109342 1.27012 0.000399378 0.620064 0.000111315
2.19213 0.00110321 1.25227 0.000393765 0.386858 6.94492e-05
2.20526 0.00110982 1.23296 0.000387693 0.177007 3.17766e-05
2.2115 0.00111295 1.21191 0.000381073 -0.00487324 -8.7485e-07
2.20968 0.00111204 1.1893 0.000373964 -0.155412 -2.78997e-05
2.19911 0.00110672 1.16483 0.000366269 -0.27675 -4.96825e-05
2.18002 0.00109711 1.13789 0.000357799 -0.367747 -6.60184e-05
2.15273 0.00108338 1.10877 0.000348642 -0.425985 -7.64734e-05
2.11719 0.0010655 1.0774 0.00033878 -0.450621 -8.08961e-05
2.07271 0.00104311 1.04447 0.000328425 -0.442795 -7.94911e-05
2.01871 0.00101593 1.01043 0.00031772 -0.40426 -7.25732e-05
1.95549 0.000984118 0.975537 0.000306749 -0.336792 -6.04612e-05
1.8844 0.00094834 0.939964 0.000295563 -0.24187 -4.34209e-05
1.80745 0.000909614 0.903867 0.000284213 -0.121215 -2.17607e-05
1.72692 0.000869086 0.867326 0.000272723 0.0190929 3.42758e-06
1.64506 0.000827889 0.830499 0.000261143 0.17584 3.1567e-05
1.56369 0.000786938 0.79372 0.000249578 0.346735 6.22464e-05
1.48361 0.00074664 0.758055 0.000238363 0.527746 9.47417e-05
1.40496 0.000707061 0.724248 0.000227733 0.714916 0.000128343
1.32767 0.000668164 0.693274 0.000217994 0.90419 0.000162321
1.25199 0.000630077 0.665783 0.00020935 1.09128 0.000195908
1.17877 0.000593226 0.642384 0.000201992 1.27183 0.00022832
1.10964 0.000558436 0.623399 0.000196022 1.4424 0.000258941
1.0466 0.00052671 0.608903 0.000191464 1.60017 0.000287264
0.99092 0.000498689 0.599023 0.000188358 1.74226 0.000312773
0.942521 0.000474332 0.594043 0.000186791 1.86596 0.000334979
0.900452 0.00045316 0.594228 0.00018685 1.96916 0.000353506
0.863973 0.000434802 0.599574 0.000188531 2.05049 0.000368107
0.833094 0.000419262 0.609744 0.000191728 2.10914 0.000378635
0.808003 0.000406635 0.624236 0.000196285 2.14487 0.000385049
0.788179 0.000396658 0.642548 0.000202043 2.15805 0.000387417
0.772287 0.00038866 0.664115 0.000208825 2.14927 0.00038584
0.758795 0.00038187 0.688142 0.00021638 2.11977 0.000380545
0.74657 0.000375718 0.713621 0.000224392 2.07137 0.000371856
0.734935 0.000369863 0.739392 0.000232495 2.00653 0.000360215
0.723273 0.000363993 0.764243 0.000240309 1.92796 0.00034611
0.710735 0.000357684 0.786934 0.000247444 1.83847 0.000330044
0.696331 0.000350434 0.806169 0.000253493 1.74096 0.00031254
0.679179 0.000341803 0.820653 0.000258047 1.6385 0.000294145
0.658704 0.000331498 0.829159 0.000260722 1.53408 0.0002754
0.634377 0.000319256 0.830617 0.00026118 1.43044 0.000256794
0.605008 0.000304475 0.824272 0.000259185 1.32985 0.000238737
0.568616 0.000286161 0.809679 0.000254596 1.23414 0.000221555
0.52373 0.000263571 0.78637 0.000247267 1.14483 0.000205521
0.471838 0.000237456 0.752905 0.000236744 1.06365 0.000190947
0.408896 0.00020578 0.710878 0.000223529 0.990668 0.000177846
0.338681 0.000170444 0.659011 0.00020722 0.926173 0.000166268
0.260541 0.00013112 0.597145 0.000187767 0.870891 0.000156343
0.174304 8.77199e-05 0.526214 0.000165463 0.823026 0.000147751
0.0778745 3.9191e-05 0.446662 0.000140449 0.781762 0.000140343
-0.0296554 -1.49243e-05 0.359146 0.00011293 0.745371 0.00013381
-0.147335 -7.41478e-05 0.264641 8.32141e-05 0.711601 0.000127748
-0.272865 -0.000137322 0.163017 5.12591e-05 0.679041 0.000121902
-0.40281 -0.000202718 0.0550358 1.73055e-05 0.645267 0.000115839
-0.535356 -0.000269423 -0.0614036 -1.93078e-05 0.607567 0.000109071
-0.670094 -0.00033723 -0.184275 -5.79436e-05 0.562655 0.000101008
-0.806965 -0.000406112 -0.310316 -9.75762e-05 0.509153 9.14039e-05
-0.945439 -0.0004758 -0.439888 -0.000138319 0.443384 7.95968e-05
-1.08422 -0.000545641 -0.570944 -0.000179528 0.363192 6.52006e-05
-1.22166 -0.000614813 -0.702383 -0.000220858 0.26658 4.78568e-05
-1.35659 -0.000682716 -0.833332 -0.000262034 0.152036 2.72937e-05
-1.48846 -0.000749081 -0.963139 -0.00030285 0.0160466 2.8807e-06
-1.6169 -0.000813719 -1.09105 -0.000343072 -0.135243 -2.42789e-05
-1.74114 -0.000876246 -1.21593 -0.000382338 -0.310123 -5.56737e-05
-1.85975 -0.000935933 -1.33788 -0.000420684 -0.505906 -9.08209e-05
-1.97148 -0.000992162 -1.45629 -0.000457918 -0.722135 -0.000129639
-2.07584 -0.00104468 -1.5712 -0.00049405 -0.957682 -0.000171924
-2.17356 -0.00109386 -1.68222 -0.000528958 -1.21259 -0.000217686
-2.26602 -0.0011404 -1.78876 -0.000562458 -1.4858 -0.000266733
-2.35394 -0.00118464 -1.89075 -0.000594528 -1.77496 -0.000318644
-2.43686 -0.00122637 -1.98854 -0.000625277 -2.07706 -0.000372877
-2.51396 -0.00126517 -2.0827 -0.000654886 -2.38881 -0.000428842
-2.58523 -0.00130104 -2.17357 -0.000683461 -2.70703 -0.000485969
-2.65186 -0.00133457 -2.26126 -0.000711033 -3.02871 -0.000543718
-2.71554 -0.00136662 -2.34592 -0.000737654 -3.35076 -0.000601533
-2.77774 -0.00139792 -2.4279 -0.00076343 -3.66968 -0.000658785
-2.83959 -0.00142905 -2.50756 -0.000788479 -3.98162 -0.000714785
-2.9021 -0.00146051 -2.58522 -0.000812899 -4.28288 -0.000768868
-2.9652 -0.00149226 -2.66147 -0.000836874 -4.57016 -0.000820441
-2.9849 -0.00150218 -2.74834 -0.000864191 -4.83679 -0.000868307
-3.00965 -0.00151463 -2.83491 -0.000891411 -5.07927 -0.000911837
-3.03457 -0.00152717 -2.90972 -0.000914936 -5.31024 -0.000953301
-3.06003 -0.00153999 -2.99081 -0.000940434 -5.51373 -0.000989831
-3.09117 -0.00155566 -3.06676 -0.000964315 -5.69478 -0.00102233
-3.12332 -0.00157184 -3.13959 -0.000987217 -5.85302 -0.00105074
-3.1557 -0.00158814 -3.20758 -0.0010086 -5.98495 -0.00107443
-3.18931 -0.00160505 -3.27063 -0.00102842 -6.09425 -0.00109405
-3.22438 -0.0016227 -3.32914 -0.00104682 -6.12083 -0.00109882
-3.26063 -0.00164094 -3.37812 -0.00106222 -6.11739 -0.0010982
-3.29582 -0.00165865 -3.42327 -0.00107642 -6.12361 -0.00109932
-3.3291 -0.0016754 -3.46444 -0.00108936 -6.13164 -0.00110076
-3.3615 -0.0016917 -3.49851 -0.00110007 -6.12682 -0.00109989
-3.39134 -0.00170672 -3.52805 -0.00110936 -6.09154 -0.00109356
-3.41864 -0.00172046 -3.54915 -0.001116 -6.0391 -0.00108415
-3.44262 -0.00173253 -3.56184 -0.00111999 -5.97542 -0.00107272
-3.46253 -0.00174255 -3.56624 -0.00112137 -5.90053 -0.00105927
-3.47818 -0.00175043 -3.56275 -0.00112027 -5.80928 -0.00104289
-3.48917 -0.00175596 -3.55163 -0.00111678 -5.69965 -0.00102321
-3.49521 -0.00175899 -3.53223 -0.00111068 -5.57574 -0.00100096
-3.49589 -0.00175934 -3.50431 -0.0011019 -5.44347 -0.000977218
-3.49113 -0.00175694 -3.4682 -0.00109054 -5.30566 -0.000952478
-3.48107 -0.00175188 -3.42443 -0.00107678 -5.16127 -0.000926557
-3.46586 -0.00174422 -3.37342 -0.00106074 -5.00844 -0.000899122
-3.44562 -0.00173404 -3.31541 -0.0010425 -4.84766 -0.000870258
-3.42053 -0.00172141 -3.25077 -0.00102218 -4.68162 -0.000840451
-3.39096 -0.00170653 -3.18014 -0.000999965 -4.51287 -0.000810157
-3.35746 -0.00168967 -3.10423 -0.000976098 -4.34201 -0.000779484
-3.32058 -0.00167111 -3.02377 -0.000950796 -4.1681 -0.000748263
-3.28086 -0.00165112 -2.93943 -0.000924279 -3.99044 -0.000716368
-3.23889 -0.00163 -2.85202 -0.000896792 -3.80961 -0.000683905
-3.19533 -0.00160808 -2.76239 -0.000868608 -3.62696 -0.000651117
-3.15091 -0.00158572 -2.67143 -0.000840007 -3.44336 -0.000618157
-3.10637 -0.00156331 -2.58003 -0.000811267 -3.25864 -0.000584995
-3.06244 -0.0015412 -2.48905 -0.00078266 -3.07227 -0.000551538
-3.01985 -0.00151976 -2.39936 -0.000754458 -2.88426 -0.000517787
-2.97933 -0.00149937 -2.3118 -0.000726926 -2.69534 -0.000483871
-2.94156 -0.00148037 -2.2272 -0.000700322 -2.50644 -0.000449959
-2.90711 -0.00146303 -2.1463 -0.000674886 -2.31817 -0.00041616
-2.87645 -0.0014476 -2.06987 -0.000650851 -2.13087 -0.000382536
-2.84996 -0.00143427 -1.99857 -0.000628432 -1.94504 -0.000349176
-2.82796 -0.0014232 -1.933 -0.000607814 -1.76165 -0.000316254
-2.8083 -0.0014133 -1.87408 -0.000589287 -1.58197 -0.000283996
-2.78242 -0.00140028 -1.8245 -0.000573698 -1.40626 -0.000252453
-2.75043 -0.00138418 -1.78368 -0.000560862 -1.23604 -0.000221895
-2.71202 -0.00136485 -1.7509 -0.000550556 -1.07394 -0.000192795
-2.66861 -0.001343 -1.72585 -0.000542678 -0.921874 -0.000165496
-2.62115 -0.00131912 -1.7073 -0.000536845 -0.783053 -0.000140575
-2.56932 -0.00129303 -1.69426 -0.000532745 -0.659949 -0.000118475
-2.51156 -0.00126396 -1.6856 -0.000530022 -0.555006 -9.96354e-05
-2.44632 -0.00123113 -1.68016 -0.000528311 -0.470579 -8.4479e-05
-2.37314 -0.0011943 -1.67659 -0.000527189 -0.408941 -7.34136e-05
-2.29314 -0.00115404 -1.67318 -0.000526115 -0.372315 -6.68385e-05
-2.20855 -0.00111147 -1.66798 -0.000524481 -0.362519 -6.50799e-05
-2.12152 -0.00106767 -1.65921 -0.000521722 -0.380761 -6.83547e-05
-2.03305 -0.00102315 -1.64559 -0.000517442 -0.427409 -7.6729e-05
-1.94279 -0.000977727 -1.62649 -0.000511436 -0.50191 -9.01035e-05
-1.84919 -0.000930623 -1.6018 -0.00050367 -0.602772 -0.00010821
-1.75046 -0.000880935 -1.5717 -0.000494206 -0.727679 -0.000130634
-1.6457 -0.000828212 -1.53639 -0.000483104 -0.873799 -0.000156866
-1.53509 -0.000772545 -1.49606 -0.000470422 -1.03791 -0.000186327
-1.41926 -0.000714255 -1.45104 -0.000456266 -1.21632 -0.000218355
-1.29877 -0.000653619 -1.40182 -0.000440791 -1.40485 -0.000252201
-1.17409 -0.00059087 -1.34898 -0.000424173 -1.59898 -0.000287051
-1.0458 -0.000526309 -1.29304 -0.000406586 -1.79402 -0.000322065
-0.914747 -0.000460354 -1.23461 -0.000388211 -1.98527 -0.000356399
-0.781804 -0.000393449 -1.1743 -0.000369247 -2.16805 -0.000389212
-0.647786 -0.000326004 -1.11273 -0.000349886 -2.33777 -0.000419679
-0.513685 -0.000258516 -1.05035 -0.000330273 -2.49007 -0.000447021
-0.380998 -0.000191741 -0.987397 -0.000310478 -2.62104 -0.000470532
-0.251555 -0.000126597 -0.923972 -0.000290535 -2.72722 -0.000489593
-0.126888 -6.38574e-05 -0.860223 -0.000270489 -2.80557 -0.000503659
-0.00753365 -3.79138e-06 -0.796426 -0.000250429 -2.85342 -0.00051225
0.103411 5.20424e-05 -0.731923 -0.000230147 -2.86876 -0.000515003
0.187866 9.45451e-05 -0.661191 -0.000207906 -2.85292 -0.00051216
0.276807 0.000139305 -0.596514 -0.000187568 -2.79977 -0.000502619
0.355852 0.000179086 -0.531833 -0.00016723 -2.70924 -0.000486367
0.431403 0.000217107 -0.46635 -0.00014664 -2.58514 -0.000464088
0.502099 0.000252686 -0.402326 -0.000126508 -2.42401 -0.000435161
0.568034 0.000285868 -0.338392 -0.000106404 -2.23042 -0.000400407
0.629438 0.00031677 -0.275353 -8.65823e-05 -2.00483 -0.000359911
0.687322 0.000345901 -0.212106 -6.66947e-05 -1.75061 -0.000314271
0.742468 0.000373654 -0.147636 -4.64228e-05 -1.47101 -0.000264078
0.795828 0.000400507 -0.0825534 -2.59582e-05 -1.16978 -0.000210001
0.848833 0.000427182 -0.0150265 -4.72494e-06 -0.850287 -0.000152645
0.902274 0.000454077 0.0551398 1.73382e-05 -0.517377 -9.28801e-05
0.956758 0.000481496 0.128711 4.0472e-05 -0.174804 -3.1381e-05
1.01268 0.000509639 0.206157 6.48242e-05 0.13847 2.48584e-05
1.07068 0.00053883 0.286362 9.00441e-05 0.462512 8.30307e-05
1.13069 0.00056903 0.372484 0.000117124 0.779215 0.000139886
1.19288 0.000600329 0.464479 0.000146051 1.09202 0.00019604
1.25807 0.000633133 0.562419 0.000176848 1.3916 0.000249823
1.32711 0.000667879 0.666568 0.000209596 1.67831 0.000301292
1.40179 0.000705464 0.775384 0.000243813 1.95324 0.000350648
1.48302 0.000746342 0.888891 0.000279504 2.21492 0.000397625
1.57124 0.00079074 1.00665 0.000316533 2.46112 0.000441823
1.66652 0.000838692 1.12813 0.000354732 2.69005 0.000482921
1.76886 0.000890192 1.25255 0.000393853 2.90075 0.000520746
1.87805 0.000945146 1.37906 0.000433634 3.09345 0.00055534
1.99347 0.00100323 1.50704 0.000473874 3.26932 0.000586912
2.11416 0.00106397 1.63584 0.000514374 3.42954 0.000615676
2.23904 0.00112682 1.76476 0.000554912 3.57431 0.000641665
2.36701 0.00119122 1.89304 0.000595249 3.70356 0.000664868
2.49656 0.00125642 2.01997 0.00063516 3.81842 0.000685487
2.62548 0.0013213 2.145 0.000674476 3.92108 0.000703917
2.751 0.00138446 2.26768 0.00071305 4.01349 0.000720506
2.87072 0.00144471 2.38732 0.00075067 4.09693 0.000735486
40.2693 0.109112 2.43158 0.000764588 4.23215 0.000759761
8.93253 0.490126 1.45364 0.000457084 4.86271 0.000872959
8.93253 0.671566 1.62323 0.000510409 5.11572 0.000918381
-0.355633 0.671388 2.07847 0.000653555 4.56969 0.000820357
-3.86346 0.598541 1.82624 0.000574245 4.92431 0.000884018
-2.12502 0.572172 2.18276 0.000686349 4.60195 0.000826148
6.2802 0.650599 2.16215 0.00067987 4.56195 0.000818968
8.93253 0.721819 2.20716 0.00069402 4.58297 0.000822741
-0.0166322 0.723301 2.39482 0.000753031 4.29774 0.000771536
-0.397149 0.714888 2.43755 0.000766467 4.17063 0.000748716
8.48718 0.727512 2.51496 0.000790807 4.0112 0.000720096
8.93253 0.762789 2.6251 0.000825439 3.84134 0.000689602
8.93253 0.796213 2.63565 0.000828755 3.74401 0.000672129
8.93253 0.802703 2.73824 0.000861015 3.56751 0.000640445
8.93253 0.807657 2.79641 0.000879304 3.39181 0.000608902
8.93253 0.826987 2.78948 0.000877127 3.31374 0.000594886
8.93253 0.84854 2.82152 0.000887202 3.22035 0.000578121
8.93253 0.86351 2.84723 0.000895285 3.15094 0.000565661
8.93253 0.867524 2.85598 0.000898036 3.10014 0.000556542
8.47739 0.867295 2.85697 0.000898349 3.04784 0.000547152
8.93253 0.869445 2.83724 0.000892145 3.02952 0.000543863
8.93253 0.874837 2.81408 0.000884861 3.04239 0.000546173
8.93253 0.877469 2.78124 0.000874537 3.08246 0.000553367
6.10266 0.876045 2.74156 0.000862058 3.13099 0.000562079
3.57283 0.874772 2.68157 0.000843194 3.1896 0.000572601
1.46973 0.873713 2.62287 0.000824737 3.26086 0.000585393
-0.0319329 0.872126 2.56143 0.000805418 3.34421 0.000600357
-0.212954 0.867317 2.49399 0.000784212 3.44107 0.000617746
-0.592833 0.857225 2.43501 0.000765666 3.52485 0.000632786
-1.06185 0.844766 2.37351 0.000746327 3.60217 0.000646666
-1.51623 0.832696 2.30555 0.000724958 3.68031 0.000660694
-1.97061 0.820626 2.2427 0.000705196 3.7479 0.000672828
-2.45463 0.807768 2.1816 0.000685986 3.80311 0.000682738
-2.96875 0.79411 2.1203 0.00066671 3.84499 0.000690258
-3.47557 0.780647 2.06032 0.000647851 3.86854 0.000694486
-3.93332 0.768487 2.00051 0.000629042 3.87374 0.000695419
-4.34903 0.757444 1.9436 0.000611149 3.85819 0.000692628
-4.75102 0.746765 1.89094 0.000594587 3.82032 0.000685829
-5.14327 0.736345 1.84132 0.000578986 3.76019 0.000675034
-5.50495 0.726738 1.79462 0.000564303 3.67645 0.00066
-5.81823 0.718415 1.75116 0.000550636 3.56947 0.000640795
-6.08807 0.711247 1.71154 0.000538179 3.4408 0.000617697
-6.33309 0.704738 1.67627 0.000527088 3.29139 0.000590875
-6.56033 0.698702 1.64481 0.000517197 3.12244 0.000560545
-6.76489 0.693268 1.61659 0.000508322 2.93639 0.000527145
-6.94514 0.688479 1.59171 0.000500498 2.73629 0.000491222
-7.10948 0.684114 1.5701 0.000493704 2.52512 0.000453313
-7.27083 0.679828 1.55136 0.00048781 2.30575 0.000413931
-7.43717 0.675409 1.53472 0.000482578 2.08165 0.000373701
-7.61107 0.670789 1.51934 0.000477743 1.85716 0.000333399
-7.79591 0.665879 1.50464 0.00047312 1.63627 0.000293745
-7.9985 0.660497 1.48996 0.000468505 1.42253 0.000255375
-8.22702 0.654427 1.47453 0.000463651 1.21946 0.000218919
-8.48954 0.647453 1.45773 0.000458369 1.03053 0.000185003
-8.79526 0.639332 1.43927 0.000452564 0.858818 0.000154176
-9.1549 0.629778 1.41899 0.000446188 0.70683 0.000126891
-9.57858 0.618523 1.3966 0.000439148 0.576764 0.000103541
-10.069 0.605497 1.37104 0.000431112 0.470797 8.4518e-05
-10.5801 0.591919 1.33465 0.000419668 0.394192 7.07658e-05
-11.1229 0.577499 1.2916 0.000406132 0.347455 6.23756e-05
-11.7548 0.560714 1.25259 0.000393864 0.32049 5.75348e-05
-12.4733 0.541627 1.20519 0.000378961 0.3217 5.77521e-05
-13.2769 0.520279 1.15413 0.000362904 0.349139 6.26779e-05
-14.1417 0.497306 1.10023 0.000345959 0.397838 7.14204e-05
-15.0498 0.473184 1.04003 0.000327028 0.470544 8.44726e-05
-16.0116 0.447634 0.976227 0.000306966 0.561039 0.000100718
-17.0287 0.420616 0.908012 0.000285516 0.666856 0.000119715
-18.0771 0.392765 0.833297 0.000262023 0.786833 0.000141253
-19.1389 0.364557 0.753969 0.000237079 0.91629 0.000164494
-20.2081 0.336156 0.671086 0.000211017 1.05013 0.00018852
-21.2883 0.30746 0.585034 0.000183959 1.18381 0.000212519
-22.3815 0.278419 0.497327 0.00015638 1.3119 0.000235514
-23.4787 0.249274 0.40863 0.00012849 1.43026 0.000256762
-24.5682 0.220331 0.319886 0.000100585 1.53473 0.000275517
-25.6423 0.191798 0.231911 7.29225e-05 1.62082 0.000290972
-26.6944 0.163851 0.145014 4.55985e-05 1.6848 0.000302457
-27.7005 0.137123 0.0568386 1.78724e-05 1.72341 0.000309389
-28.6656 0.111487 -0.0317552 -9.98513e-06 1.73479 0.000311431
-29.5828 0.0871224 -0.115674 -3.63727e-05 1.71346 0.000307603
-30.4418 0.0643033 -0.195797 -6.15665e-05 1.6602 0.000298042
-31.2507 0.0428131 -0.273659 -8.60495e-05 1.57518 0.000282778
-32.0057 0.0227587 -0.349232 -0.000109813 1.45541 0.000261277
-32.6941 0.0044702 -0.42323 -0.000133081 1.30396 0.000234088
-32.8366 0.000685039 -0.51566 -0.000162145 1.13143 0.000203115
-32.8436 0.000498427 -0.626124 -0.000196879 0.949557 0.000170466
-32.8498 0.000333489 -0.6845 -0.000215235 0.697813 0.000125272
-32.8551 0.000194911 -0.78026 -0.000245346 0.44295 7.9519e-05
-32.8586 0.000100689 -0.853504 -0.000268377 0.158781 2.85046e-05
-32.8607 4.50081e-05 -0.917056 -0.00028836 -0.148749 -2.67036e-05
-32.8626 -6.44275e-06 -0.976362 -0.000307008 -0.467618 -8.39475e-05
-32.8646 -5.91799e-05 -1.03395 -0.000325115 -0.802182 -0.000144009
-32.8662 -9.97604e-05 -1.08891 -0.000342399 -1.14585 -0.000205704
-32.8673 -0.000130253 -1.14002 -0.000358468 -1.49345 -0.000268105
-32.8684 -0.000159952 -1.19133 -0.000374603 -1.83724 -0.000329824
-32.8696 -0.000190851 -1.24388 -0.000391127 -2.1747 -0.000390405
-32.8707 -0.000219911 -1.29697 -0.000407821 -2.50457 -0.000449623
-32.8717 -0.000248148 -1.35186 -0.000425081 -2.82133 -0.000506488
-32.8729 -0.00027908 -1.4102 -0.000443423 -3.11792 -0.000559733
-32.8742 -0.000313653 -1.47231 -0.000462956 -3.38941 -0.000608472
-32.8756 -0.000351205 -1.53791 -0.000483581 -3.63412 -0.000652401
-32.8772 -0.00039207 -1.60743 -0.000505443 -3.85114 -0.000691361
-32.8788 -0.000436767 -1.68167 -0.000528785 -4.03852 -0.000725
-32.8806 -0.00048471 -1.76071 -0.000553639 -4.19379 -0.000752875
-32.8825 -0.000535041 -1.84415 -0.000579875 -4.31546 -0.000774718
-32.8845 -0.000587647 -1.93156 -0.000607362 -4.4039 -0.000790594
-32.8866 -0.000642718 -2.02246 -0.000635944 -4.46084 -0.000800815
-32.8888 -0.000700064 -2.11605 -0.000665372 -4.48832 -0.000805749
-32.891 -0.000759221 -2.21131 -0.000695326 -4.48761 -0.000805621
-32.8933 -0.000819735 -2.30713 -0.000725455 -4.45995 -0.000800656
-32.8956 -0.000881099 -2.40242 -0.00075542 -4.40862 -0.000791441
-32.855 -0.000890916 -2.52583 -0.000794225 -4.37372 -0.000785175
-32.5752 -0.00075011 -2.59801 -0.00081692 -4.32946 -0.000777231
-32.316 -0.000619661 -2.6107 -0.000820911 -4.3264 -0.00077668
-32.8928 -0.000909946 -2.84238 -0.000893762 -4.08658 -0.000733627
-32.9014 -0.00103626 -2.91303 -0.000915974 -3.82737 -0.000687094
-32.8019 -0.000986159 -2.90915 -0.000914755 -3.70678 -0.000665445
-32.8164 -0.000993454 -3.01002 -0.000946475 -3.52643 -0.00063307
-32.9044 -0.00111652 -3.15933 -0.000993424 -3.30107 -0.000592612
-32.9078 -0.00120612 -3.24645 -0.00102082 -3.05879 -0.000549118
-32.892 -0.00120608 -3.27071 -0.00102845 -2.84034 -0.000509902
-32.7095 -0.00111426 -3.21404 -0.00101063 -2.29958 -0.000412824
-32.8362 -0.00117799 -2.75501 -0.000866288 -2.14288 -0.000384693
-32.9107 -0.00128401 -3.07779 -0.000967782 -1.97866 -0.000355212
-32.9124 -0.00132903 -3.39916 -0.00106884 -1.85262 -0.000332585
-32.9081 -0.00133618 -3.48724 -0.00109653 -1.78185 -0.00031988
-32.9137 -0.00136216 -3.36581 -0.00105835 -1.53706 -0.000275934
-32.9157 -0.00141545 -3.26543 -0.00102679 -1.41945 -0.000254821
-32.917 -0.00144902 -3.36513 -0.00105814 -1.41357 -0.000253766
-32.9176 -0.00146574 -3.55164 -0.00111678 -1.46854 -0.000263635
-32.9184 -0.00148796 -3.64864 -0.00114728 -1.48614 -0.000266793
-32.9194 -0.00151329 -3.63086 -0.00114169 -1.48344 -0.00026631
-32.9199 -0.00152839 -3.60468 -0.00113346 -1.55703 -0.00027952
-32.9202 -0.00153477 -3.66219 -0.00115154 -1.72878 -0.000310353
-32.9205 -0.00154229 -3.77254 -0.00118624 -1.94177 -0.00034859
-32.9207 -0.00154988 -3.85176 -0.00121115 -2.14614 -0.000385277
-32.9173 -0.00154984 -3.87288 -0.00121779 -2.35227 -0.000422282
-32.9026 -0.00154244 -3.88122 -0.00122042 -2.60224 -0.000467158
-32.8832 -0.00153268 -3.92464 -0.00123407 -2.90859 -0.000522155
-32.8595 -0.00152072 -3.9964 -0.00125663 -3.24545 -0.000582627
-32.8272 -0.00150448 -4.05702 -0.00127569 -3.5836 -0.000643332
-32.7856 -0.00148353 -4.0904 -0.00128619 -3.91771 -0.000703313
-32.7392 -0.0014602 -4.1156 -0.00129411 -4.26141 -0.000765014
-32.6917 -0.00143629 -4.15438 -0.00130631 -4.62406 -0.000830117
-32.6441 -0.00141235 -4.20473 -0.00132214 -4.97909 -0.000893852
-32.5963 -0.00138826 -4.24835 -0.00133585 -5.31735 -0.000954578
-32.5473 -0.00136363 -4.27815 -0.00134522 -5.6362 -0.00101182
-32.4952 -0.00133739 -4.30203 -0.00135274 -5.94131 -0.00106659
-32.44 -0.00130962 -4.3307 -0.00136175 -6.23478 -0.00111928
-32.3839 -0.00128138 -4.36205 -0.00137161 -6.31762 -0.00113415
-32.3291 -0.00125382 -4.37476 -0.0013756 -6.29861 -0.00113073
-32.2723 -0.00122524 -4.38423 -0.00137858 -6.28821 -0.00112887
-32.2128 -0.00119527 -4.3922 -0.00138109 -6.30577 -0.00113202
-32.155 -0.0011662 -4.39184 -0.00138097 -6.32318 -0.00113515
-32.0969 -0.00113697 -4.39911 -0.00138326 -6.321 -0.00113475
-32.0407 -0.00110869 -4.40388 -0.00138476 -6.3041 -0.00113172
-31.9869 -0.00108157 -4.40091 -0.00138383 -6.28947 -0.00112909
-31.9337 -0.0010548 -4.39212 -0.00138106 -6.28938 -0.00112908
-31.8818 -0.00102867 -4.37863 -0.00137682 -6.30011 -0.001131
-31.8306 -0.00100295 -4.36268 -0.00137181 -6.30896 -0.00113259
-31.7796 -0.000977276 -4.34181 -0.00136524 -6.30683 -0.00113221
-31.7285 -0.000951528 -4.31222 -0.00135594 -6.27411 -0.00112634
-31.6772 -0.000925707 -4.27277 -0.00134353 -6.22185 -0.00111695
-31.6253 -0.00089963 -4.22594 -0.00132881 -6.15315 -0.00110462
-31.5722 -0.000872906 -4.1722 -0.00131191 -6.06452 -0.00108871
-31.5175 -0.000845377 -4.11056 -0.00129253 -5.94625 -0.00106748
-31.4613 -0.000817085 -4.04297 -0.00127128 -5.7975 -0.00104077
-31.4017 -0.000787088 -3.97157 -0.00124883 -5.62362 -0.00100956
-31.3373 -0.00075468 -3.89179 -0.00122374 -5.43163 -0.000975093
-31.2684 -0.000719988 -3.80217 -0.00119556 -5.22381 -0.000937786
-31.1957 -0.000683388 -3.70447 -0.00116484 -4.99757 -0.00089717
-31.1194 -0.000645006 -3.60051 -0.00113215 -4.75219 -0.000853119
-31.0397 -0.000604899 -3.49201 -0.00109803 -4.49135 -0.000806294
-30.957 -0.000563282 -3.38013 -0.00106285 -4.21956 -0.0007575
-30.8712 -0.0005201 -3.26088 -0.00102535 -3.94012 -0.000707335
-30.7812 -0.000474818 -3.13293 -0.000985121 -3.65215 -0.000655639
-30.6866 -0.00042722 -2.99704 -0.000942393 -3.35671 -0.000602601
-30.5867 -0.000376938 -2.85652 -0.000898206 -3.054 -0.000548257
-30.4806 -0.000323533 -2.71139 -0.000852573 -2.74618 -0.000492997
-30.367 -0.000266354 -2.56086 -0.000805238 -2.43525 -0.000437179
-30.2445 -0.000204709 -2.4046 -0.000756106 -2.12251 -0.000381035
-30.1114 -0.00013775 -2.2439 -0.000705574 -1.80862 -0.000324686
-29.9649 -6.39805e-05 -2.08052 -0.0006542 -1.49369 -0.000268148
-29.7996 1.91952e-05 -1.91536 -0.000602268 -1.17794 -0.000211466
-29.6072 0.000116011 -1.74854 -0.000549813 -0.8619 -0.000154729
-29.3734 0.00023366 -1.58029 -0.000496907 -0.546368 -9.80846e-05
-29.0705 0.000386109 -1.41155 -0.000443848 -0.232002 -4.16493e-05
-28.6319 0.000606857 -1.24382 -0.000391108 0.0427481 7.67419e-06
-27.8225 0.0010142 -1.08176 -0.000340149 0.274562 4.92897e-05
-25.3747 0.00224605 -0.924058 -0.000290562 0.500138 8.97853e-05
-19.9979 0.00495198 -0.770803 -0.000242372 0.730084 0.000131066
-14.3215 0.00780866 -0.619838 -0.000194903 0.960785 0.000172481
-8.74065 0.0106173 -0.469852 -0.000147741 1.1787 0.000211601
-3.19651 0.0134074 -0.31969 -0.000100524 1.39882 0.000251118
0.0133996 0.0163098 -0.170219 -5.35239e-05 1.61247 0.000289472
0.0561688 0.0204393 -0.038016 -1.19538e-05 1.82726 0.000328033
0.117626 0.0263731 0.083595 2.62857e-05 2.04072 0.000366353
0.201369 0.0344587 0.19874 6.24921e-05 2.24786 0.000403538
0.30826 0.0447792 0.305278 9.5992e-05 2.44925 0.000439693
0.432907 0.0568141 0.402169 0.000126459 2.64382 0.000474622
0.571311 0.0701772 0.509044 0.000160064 2.84181 0.000510164
0.711032 0.0836676 0.605369 0.000190353 3.02699 0.000543408
0.845213 0.0966231 0.683513 0.000214924 3.19993 0.000574456
0.974567 0.109112 0.748131 0.000235243 3.35806 0.000602843
1.10584 0.121787 0.809262 0.000254465 3.50423 0.000629084
1.24355 0.135084 0.866893 0.000272587 3.63844 0.000653177
1.37468 0.147744 0.9211 0.000289631 3.75471 0.00067405
1.49389 0.159254 0.967461 0.000304209 3.84877 0.000690936
1.61168 0.170627 0.999924 0.000314417 3.92711 0.000704999
1.73241 0.182283 1.03002 0.000323881 3.98676 0.000715709
1.86991 0.195559 1.05418 0.000331479 4.02591 0.000722736
2.03804 0.211793 1.06737 0.000335626 4.04501 0.000726165
2.20716 0.228122 1.07145 0.000336909 4.03834 0.000724969
2.35432 0.242331 1.07968 0.000339495 3.99969 0.00071803
2.49405 0.255821 1.08332 0.000340641 3.93367 0.000706177
2.64764 0.270651 1.08078 0.000339841 3.84313 0.000689923
2.81919 0.287214 1.07294 0.000337376 3.7247 0.000668663
2.99636 0.304321 1.06132 0.000333724 3.58048 0.000642773
3.16812 0.320904 1.04878 0.000329778 3.41121 0.000612385
3.3381 0.337316 1.03477 0.000325374 3.2204 0.00057813
3.51655 0.354546 1.01763 0.000319985 3.01179 0.000540681
3.70541 0.372781 0.99817 0.000313865 2.78716 0.000500354
3.89727 0.391305 0.978274 0.000307609 2.54799 0.000457419
4.08571 0.4095 0.958941 0.00030153 2.29691 0.000412344
4.27219 0.427504 0.939755 0.000295497 2.03803 0.00036587
4.46232 0.445861 0.919952 0.000289271 1.77598 0.000318826
4.65807 0.464762 0.899808 0.000282937 1.51428 0.000271846
4.85602 0.483874 0.880353 0.000276819 1.25544 0.000225377
5.05225 0.502821 0.862216 0.000271116 1.00227 0.000179929
5.24655 0.52158 0.845387 0.000265824 0.758522 0.000136171
5.44116 0.54037 0.829801 0.000260924 0.528042 9.47948e-05
5.63709 0.559287 0.815868 0.000256542 0.316941 5.68976e-05
5.8327 0.578175 0.80497 0.000253116 0.130999 2.3517e-05
6.02572 0.596811 0.79841 0.000251053 -0.0110498 -1.98368e-06
6.21536 0.615121 0.795873 0.000250255 -0.140836 -2.5283e-05
6.40258 0.633198 0.795076 0.000250004 -0.244649 -4.39198e-05
6.58757 0.651059 0.79871 0.000251147 -0.325925 -5.85105e-05
6.76909 0.668585 0.806953 0.000253739 -0.384238 -6.89788e-05
6.94672 0.685735 0.820272 0.000257927 -0.422817 -7.59046e-05
7.12107 0.702569 0.838692 0.000263719 -0.44024 -7.90325e-05
7.29399 0.719265 0.861974 0.00027104 -0.430698 -7.73195e-05
7.46713 0.735982 0.890569 0.000280031 -0.390124 -7.00356e-05
7.64098 0.752768 0.924956 0.000290844 -0.318861 -5.72424e-05
7.81577 0.769644 0.965288 0.000303526 -0.219522 -3.94089e-05
7.99173 0.786633 1.01188 0.000318176 -0.0937866 -1.68367e-05
8.16913 0.803761 1.0648 0.000334817 0.0566274 1.01658e-05
8.34966 0.821192 1.11921 0.000351927 0.218277 3.91853e-05
8.53251 0.838847 1.1738 0.00036909 0.406313 7.29419e-05
8.70895 0.855882 1.24381 0.000391105 0.594181 0.000106668
8.8899 0.873353 1.31606 0.000413822 0.806255 0.00014474
8.93253 0.891833 1.39131 0.000437485 1.03839 0.000186413
8.93253 0.911316 1.47332 0.000463273 1.28422 0.000230545
8.93253 0.930621 1.56224 0.000491232 1.54227 0.000276871
8.93253 0.948823 1.66097 0.000522276 1.80737 0.000324462
8.93253 0.966213 1.76446 0.000554819 2.0823 0.000373817
8.93253 0.983506 1.87251 0.000588795 2.36768 0.000425048
8.93253 1.00037 1.98629 0.000624572 2.66027 0.000477575
8.93253 1.01449 2.11481 0.000664984 2.95359 0.000530233
8.93253 1.02953 2.24663 0.000706434 3.24699 0.000582905
8.93253 1.045 2.37089 0.000745504 3.5513 0.000637533
8.93253 1.05892 2.5055 0.00078783 3.84742 0.000690694
8.93253 1.07204 2.64042 0.000830256 4.13973 0.00074317
8.93253 1.08542 2.77304 0.000871959 4.43024 0.000795323
8.93253 1.09907 2.90599 0.000913762 4.71332 0.000846141
8.93253 1.1124 3.03685 0.000954909 4.9909 0.000895973
8.93253 1.12474 3.16651 0.000995682 5.25928 0.000944152
8.93253 1.13608 3.29417 0.00103582 5.51603 0.000990245
8.93253 1.14691 3.41732 0.00107455 5.76151 0.00103431
8.93253 1.15737 3.51205 0.00110433 5.99588 0.00107639
8.93253 1.16688 3.59437 0.00113022 6.2093 0.0011147
8.93253 1.17388 3.70696 0.00116562 6.28202 0.00112776
8.93253 1.17967 3.81055 0.00119819 6.29797 0.00113062
8.93253 1.18577 3.88822 0.00122262 6.299 0.0011308
8.93253 1.19235 3.9378 0.00123821 6.29825 0.00113067
8.93253 1.19874 3.97403 0.0012496 6.30233 0.0011314
8.93253 1.20357 4.02166 0.00126457 6.33157 0.00113665
8.93253 1.20652 4.07744 0.00128211 6.35993 0.00114174
8.93253 1.20852 4.12405 0.00129677 6.36578 0.00114279
8.93253 1.21025 4.15301 0.00130588 6.35148 0.00114023
8.93253 1.21164 4.16588 0.00130992 6.34154 0.00113844
8.88903 1.21198 4.17302 0.00131217 6.3511 0.00114016
8.02531 1.21155 4.18156 0.00131485 6.37047 0.00114364
7.02587 1.21104 4.18278 0.00131524 6.37985 0.00114532
5.75897 1.2104 4.17117 0.00131159 6.37277 0.00114405
4.05241 1.20955 4.14641 0.0013038 6.36003 0.00114176
1.85986 1.20844 4.11378 0.00129354 6.3564 0.00114111
-0.00935802 1.20716 4.0766 0.00128185 6.35534 0.00114092
-0.0717199 1.20489 4.0323 0.00126792 6.33472 0.00113722
-0.20326 1.20008 3.98123 0.00125186 6.28412 0.00112813
-0.420918 1.19212 3.92549 0.00123434 6.20412 0.00111377
-0.694978 1.1821 3.86548 0.00121547 6.1032 0.00109565
-0.98009 1.17168 3.80034 0.00119498 5.98478 0.0010744
-1.26184 1.16138 3.72908 0.00117257 5.84643 0.00104956
-1.55749 1.15058 3.65196 0.00114833 5.68333 0.00102028
-1.88274 1.13869 3.57019 0.00112261 5.49532 0.000986527
-2.23014 1.12599 3.48476 0.00109575 5.28624 0.000948993
-2.58158 1.11315 3.3956 0.00106772 5.05999 0.000908376
-2.9318 1.10034 3.3025 0.00103844 4.8175 0.000864844
-3.29022 1.08724 3.2059 0.00100807 4.55799 0.000818256
-3.66414 1.07358 3.1066 0.000976843 4.28201 0.000768711
-4.04928 1.0595 3.00515 0.000944943 3.99221 0.000716686
-4.43769 1.0453 2.90179 0.000912443 3.69196 0.000662786
-4.82929 1.03099 2.7968 0.000879428 3.38384 0.000607471
-5.23369 1.01621 2.69097 0.000846151 3.06926 0.000550998
-5.65411 1.00084 2.58478 0.000812761 2.74974 0.000493637
-6.08661 0.985032 2.47822 0.000779253 2.42801 0.000435879
-6.52648 0.968954 2.37183 0.000745801 2.1068 0.000378216
-6.973 0.952633 2.26554 0.000712378 1.78927 0.000321212
-7.42992 0.935932 2.15971 0.000679102 1.47786 0.000265306
-7.90062 0.918727 2.05495 0.000646162 1.1743 0.000210813
-8.38654 0.900966 1.95176 0.000613712 0.880608 0.000158088
-8.88941 0.882586 1.85063 0.000581915 0.598818 0.0001075
-9.4123 0.863473 1.75198 0.000550896 0.331067 5.94335e-05
-9.9576 0.843542 1.65606 0.000520734 0.0962297 1.72753e-05
-10.5255 0.822782 1.56677 0.000492656 -0.0334526 -6.00545e-06
-11.1144 0.801258 1.48391 0.000466603 -0.17364 -3.11721e-05
-11.7172 0.779227 1.39786 0.000439544 -0.297402 -5.339e-05
-12.3337 0.756692 1.31631 0.000413901 -0.41108 -7.37975e-05
-12.9698 0.733441 1.23512 0.000388373 -0.501171 -8.99709e-05
-13.6259 0.70946 1.15621 0.00036356 -0.578004 -0.000103764
-14.3035 0.684691 1.08059 0.000339783 -0.646805 -0.000116115
-14.9974 0.65933 1.00687 0.000316601 -0.708264 -0.000127148
-15.7025 0.633557 0.934574 0.000293868 -0.758058 -0.000136087
-16.4169 0.607445 0.863536 0.000271531 -0.791905 -0.000142164
-17.1383 0.581077 0.793701 0.000249572 -0.810665 -0.000145532
-17.8618 0.55463 0.725302 0.000228065 -0.818916 -0.000147013
-18.5811 0.528341 0.658506 0.000207061 -0.815105 -0.000146329
-19.3077 0.501781 0.593857 0.000186733 -0.798904 -0.00014342
-20.0551 0.474464 0.536555 0.000168715 -0.769824 -0.0001382
-20.8082 0.446936 0.482434 0.000151697 -0.728726 -0.000130822
-21.5271 0.420658 0.423918 0.000133297 -0.671414 -0.000120533
-22.2056 0.39586 0.366295 0.000115178 -0.608615 -0.000109259
-22.8446 0.372502 0.31001 9.74798e-05 -0.53954 -9.6859e-05
-23.4703 0.349634 0.254872 8.01422e-05 -0.464092 -8.33143e-05
-24.1088 0.326295 0.204079 6.41707e-05 -0.386005 -6.92961e-05
-24.759 0.30253 0.154517 4.85863e-05 -0.305619 -5.48651e-05
-25.4014 0.279048 0.105963 3.33191e-05 -0.224928 -4.03794e-05
-26.025 0.256254 0.0586772 1.84505e-05 -0.145927 -2.61971e-05
-26.6332 0.234025 0.0134883 4.24127e-06 -0.0690741 -1.24003e-05
-27.2137 0.212806 -0.0318726 -1.00221e-05 0.00665807 1.19527e-06
-27.7915 0.191687 -0.0772048 -2.42764e-05 0.0710714 1.27588e-05
-28.3697 0.170553 -0.11943 -3.75538e-05 0.126529 2.27147e-05
-28.9401 0.149704 -0.163747 -5.14889e-05 0.176813 3.17417e-05
-29.5117 0.128812 -0.206635 -6.49744e-05 0.217952 3.91271e-05
-30.0874 0.107769 -0.248246 -7.80588e-05 0.247784 4.44825e-05
-30.6678 0.0865522 -0.291606 -9.16928e-05 0.26856 4.82123e-05
-31.256 0.0650549 -0.336911 -0.000105939 0.278818 5.00538e-05
-31.8511 0.0433037 -0.384057 -0.000120763 0.279839 5.02371e-05
-32.4529 0.021304 -0.43284 -0.000136103 0.271011 4.86523e-05
-33.0058 0.00109721 -0.485438 -0.000152642 0.252476 4.53248e-05
-32.7692 0.000567037 -0.594952 -0.000187077 0.250516 4.4973e-05
-33.0277 0.000297607 -0.700001 -0.000220109 0.256007 4.59587e-05
-33.0322 0.00013166 -0.769006 -0.000241807 0.202088 3.6279e-05
-33.037 -4.49515e-05 -0.893421 -0.000280928 0.184037 3.30386e-05
-33.0406 -0.000176353 -1.00701 -0.000316647 0.130421 2.34133e-05
-33.0433 -0.000273082 -1.12848 -0.000354842 0.0594175 1.06667e-05
-33.0458 -0.000364167 -1.24991 -0.000393021 -0.0190386 -3.41784e-06
-33.0484 -0.000460773 -1.3764 -0.000432798 -0.103355 -1.85545e-05
-33.0509 -0.000551368 -1.5108 -0.000475057 -0.173229 -3.10983e-05
-33.0531 -0.000633106 -1.65172 -0.000519367 -0.259411 -4.65698e-05
-33.0552 -0.000711173 -1.79989 -0.000565961 -0.35665 -6.40263e-05
-33.0574 -0.000791048 -1.95165 -0.000613679 -0.464072 -8.33108e-05
-33.0596 -0.000868884 -2.10933 -0.000663259 -0.578849 -0.000103916
-33.0616 -0.000942089 -2.27432 -0.000715139 -0.707832 -0.000127071
-33.0636 -0.00101516 -2.447 -0.000769438 -0.849763 -0.00015255
-33.0656 -0.00108968 -2.62545 -0.00082555 -1.00383 -0.000180208
-33.0676 -0.00116422 -2.80712 -0.000882672 -1.16992 -0.000210026
-33.0697 -0.00123775 -2.99235 -0.000940916 -1.34713 -0.000241838
-33.0716 -0.00131035 -3.18372 -0.00100109 -1.53751 -0.000276016
-33.0736 -0.00138314 -3.38175 -0.00106336 -1.74049 -0.000312454
-33.0756 -0.00145575 -3.58466 -0.00112716 -1.95587 -0.00035112
-33.077 -0.00150763 -3.7885 -0.00119126 -2.18385 -0.000392047
-33.0771 -0.00151128 -3.94784 -0.00124136 -2.43915 -0.000437879
-33.0774 -0.00151999 -4.07439 -0.00128115 -2.73566 -0.000491108
-33.0774 -0.00152262 -4.27959 -0.00134568 -3.00561 -0.000539571
-33.0775 -0.00152539 -4.44992 -0.00139924 -3.27507 -0.000587945
-33.0776 -0.00152973 -4.59176 -0.00144384 -3.58275 -0.000643181
-33.0778 -0.00153427 -4.77828 -0.00150249 -3.87725 -0.000696048
-33.0779 -0.00153974 -4.97632 -0.00156476 -4.18472 -0.000751247
-33.078 -0.0015441 -5.16062 -0.00162271 -4.49708 -0.000807322
-33.0781 -0.00154728 -5.26334 -0.00165501 -4.82789 -0.000866709
-33.0783 -0.00155232 -5.25984 -0.00165391 -5.17228 -0.000928535
-33.0784 -0.00155865 -5.28981 -0.00166333 -5.39682 -0.000968844
-33.0786 -0.00156327 -5.3211 -0.00167317 -5.58427 -0.0010025
-33.0787 -0.00156916 -5.32285 -0.00167372 -5.85641 -0.00105135
-33.0789 -0.00157531 -5.31803 -0.00167221 -6.1169 -0.00109811
-33.079 -0.00157984 -5.32626 -0.00167479 -6.33606 -0.00113746
-33.0792 -0.00158622 -5.34166 -0.00167964 -6.49205 -0.00116546
-33.0794 -0.00159357 -5.34824 -0.00168171 -6.4883 -0.00116479
-33.0796 -0.00160002 -5.33976 -0.00167904 -6.5367 -0.00117348
-33.0798 -0.00160681 -5.3319 -0.00167657 -6.57848 -0.00118098
-33.08 -0.0016142 -5.33467 -0.00167744 -6.59221 -0.00118344
-33.0802 -0.00162139 -5.33978 -0.00167905 -6.58061 -0.00118136
-27.6905 0.00109099 -4.63754 -0.00145823 -6.58109 -0.00118145
-28.974 0.000445074 -3.52854 -0.00110952 -6.7991 -0.00122058
0.256266 0.0493666 -5.61285 -0.00176491 -5.91856 -0.00106251
-19.9067 0.00995834 -4.77078 -0.00150013 -6.42608 -0.00115362
-20.833 0.00649813 -4.98104 -0.00156624 -6.70758 -0.00120415
-24.7939 0.000315003 -5.14741 -0.00161856 -6.35843 -0.00114147
-24.6618 0.000381486 -5.25139 -0.00165125 -6.83698 -0.00122738
-24.6604 0.000382179 -5.30225 -0.00166725 -6.81784 -0.00122395
-24.8078 0.000287565 -5.2423 -0.0016484 -6.73121 -0.0012084
-24.8497 0.000203492 -5.15414 -0.00162067 -6.74022 -0.00121001
-24.7989 0.000211384 -5.13701 -0.00161529 -6.8323 -0.00122654
-24.7565 0.000232729 -5.18042 -0.00162894 -6.91584 -0.00124154
-24.8144 0.000203596 -5.2064 -0.00163711 -6.91037 -0.00124056
-24.8703 0.000164375 -5.17867 -0.00162839 -6.85965 -0.00123145
-24.8682 0.000153003 -5.13239 -0.00161383 -6.85012 -0.00122974
-24.8615 0.000156395 -5.11654 -0.00160885 -6.90373 -0.00123937
-24.8794 0.000146399 -5.13608 -0.00161499 -6.96489 -0.00125035
-24.8889 0.000127546 -5.15759 -0.00162176 -6.97492 -0.00125215
-24.8936 0.00011827 -4.26119 -0.00133989 -6.93567 -0.0012451
-20.0256 0.00256817 -0.683769 -0.000215005 -5.30826 -0.000952945
0.00866409 0.0138095 -1.00672 -0.000316554 -2.46525 -0.000442565
-15.0743 6.26652e-06 0.313225 9.84907e-05 -5.37039 -0.0009641
-13.6591 0.000718491 -0.448689 -0.000141086 -4.89581 -0.000878902
-14.2349 0.000428713 -0.409201 -0.00012867 -5.61904 -0.00100874
-14.766 0.000161454 -0.317458 -9.98218e-05 -6.4559 -0.00115897
-14.7549 0.000167 -0.689072 -0.000216672 -5.67331 -0.00101848
-14.8693 0.000109465 -0.725767 -0.000228211 -5.79306 -0.00103998
-14.9343 7.67198e-05 -0.706076 -0.000222019 -6.21448 -0.00111563
-14.9561 6.57565e-05 -0.674304 -0.000212029 -7.02842 -0.00126175
-14.9992 4.40969e-05 -0.671874 -0.000211265 -7.3903 -0.00132672
-15.0432 2.19113e-05 -0.703355 -0.000221164 -7.49384 -0.0013453
-15.0422 2.24133e-05 -0.734141 -0.000230844 -7.25126 -0.00130176
-15.046 2.0521e-05 -0.732929 -0.000230463 -6.93691 -0.00124532
-15.064 1.14702e-05 -0.717036 -0.000225466 -6.83756 -0.00122749
-15.0408 2.31455e-05 -0.72269 -0.000227243 -6.98449 -0.00125386
-14.9921 4.76369e-05 -0.753238 -0.000236849 -7.21015 -0.00129438
-14.9567 6.54795e-05 -0.782142 -0.000245937 -7.31959 -0.00131402
-14.9169 8.55007e-05 -0.793615 -0.000249545 -6.78543 -0.00121813
-14.903 9.25032e-05 -0.792917 -0.000249326 -1.05071 -0.000188625
-15.0074 3.99713e-05 -0.65081 -0.000204641 -1.20495 -0.000216314
-14.848 0.000120152 -0.855789 -0.000269095 -1.57669 -0.00028305
-14.601 0.000244467 -0.893568 -0.000280974 -1.8216 -0.000327015
-14.6967 0.000196308 -0.878463 -0.000276225 -1.64655 -0.00029559
-14.5831 0.000253461 -0.879219 -0.000276463 -1.26026 -0.000226243
-14.3119 0.000389984 -0.903208 -0.000284006 -0.972945 -0.000174664
-14.2533 0.000419442 -0.928001 -0.000291802 -0.993983 -0.000178441
-14.1786 0.00045704 -0.951599 -0.000299222 -1.22518 -0.000219947
-13.9168 0.000588823 -0.973837 -0.000306214 -1.40023 -0.00025137
-13.6402 0.000727983 -0.988217 -0.000310736 -1.37875 -0.000247515
-13.5135 0.000791756 -0.998138 -0.000313856 -1.19337 -0.000214234
-13.3267 0.000885795 -1.01437 -0.000318958 -0.991676 -0.000178027
-12.9131 0.00109393 -1.03557 -0.000325627 -0.913681 -0.000164025
-12.49 0.00130687 -1.05215 -0.00033084 -0.982585 -0.000176395
-12.2406 0.00143238 -1.06335 -0.000334359 -1.09814 -0.00019714
-11.8996 0.00160398 -1.07494 -0.000338005 -1.13626 -0.000203983
-11.4282 0.00184121 -1.08727 -0.000341882 -1.06151 -0.000190563
-11.2251 0.0019434 -1.09612 -0.000344666 -0.939961 -0.000168743
-11.3464 0.00188237 -1.10096 -0.000346185 -0.863024 -0.000154931
-11.469 0.00182068 -1.10478 -0.000347387 -0.869553 -0.000156103
-11.6022 0.00175364 -1.10871 -0.000348624 -0.927182 -0.000166449
-11.9084 0.00159957 -1.11113 -0.000349383 -0.97128 -0.000174365
-12.3046 0.00140017 -1.11038 -0.000349148 -0.960708 -0.000172467
-12.648 0.00122734 -1.10624 -0.000347848 -0.906627 -0.000162759
-12.9435 0.00107863 -1.09974 -0.000345802 -0.855176 -0.000153522
-13.2169 0.000941037 -1.09237 -0.000343487 -0.843839 -0.000151487
-13.4563 0.000820546 -1.08503 -0.000341179 -0.872242 -0.000156586
-13.6557 0.000720197 -1.07698 -0.000338646 -0.909418 -0.00016326
-13.8287 0.000633123 -1.06695 -0.000335492 -0.924257 -0.000165924
-13.9832 0.00055538 -1.05502 -0.000331741 -0.910073 -0.000163377
-14.1196 0.00048676 -1.04254 -0.000327817 -0.885366 -0.000158942
-14.2391 0.000426581 -1.03054 -0.000324045 -0.874559 -0.000157002
-14.3027 0.00039459 -1.01887 -0.000320376 -0.887171 -0.000159266
-14.1308 0.000481131 -1.00598 -0.000316323 -0.91475 -0.000164217
-14.0885 0.000502419 -0.994403 -0.000312681 -0.936009 -0.000168034
-13.9872 0.000553361 -0.985334 -0.000309829 -0.935196 -0.000167888
-13.848 0.000623452 -0.974592 -0.000306452 -0.923018 -0.000165701
-13.7367 0.000679432 -0.961813 -0.000302433 -0.917945 -0.000164791
-13.619 0.000738658 -0.951622 -0.000299229 -0.924879 -0.000166035
-13.512 0.000792519 -0.945581 -0.000297329 -0.93874 -0.000168524
-13.3924 0.000852712 -0.940681 -0.000295789 -0.951348 -0.000170787
-13.2905 0.000903991 -0.935216 -0.00029407 -0.955819 -0.00017159
-13.2085 0.000945262 -0.930619 -0.000292625 -0.951249 -0.000170769
-13.1469 0.000976251 -0.928328 -0.000291904 -0.944089 -0.000169484
-13.1113 0.000994191 -0.923733 -0.000290459 -0.935869 -0.000168008
-13.0019 0.00104926 -0.905999 -0.000284883 -0.920814 -0.000165306
-12.8096 0.00114599 -0.873625 -0.000274704 -0.878007 -0.000157621
-12.5233 0.00129009 -0.82181 -0.000258411 -0.808814 -0.000145199
-12.1034 0.00150141 -0.758738 -0.000238578 -0.711487 -0.000127727
-11.7024 0.00170321 -0.694621 -0.000218417 -0.592041 -0.000106284
-11.3426 0.00188431 -0.625444 -0.000196665 -0.463248 -8.31629e-05
-10.9949 0.00205928 -0.55357 -0.000174065 -0.341837 -6.1367e-05
-10.4364 0.00234037 -0.470969 -0.000148092 -0.190185 -3.41422e-05
-9.77833 0.00267152 -0.373833 -0.000117548 -0.00552306 -9.91506e-07
-9.13689 0.00299433 -0.271362 -8.53273e-05 0.206503 3.70717e-05
-8.65144 0.00323864 -0.169209 -5.32063e-05 0.380138 6.82428e-05
-8.27354 0.00342882 -0.0709076 -2.22963e-05 0.435305 7.81465e-05
-7.97266 0.00358024 -0.0208686 -6.56195e-06 0.477049 8.56404e-05
-8.48726 0.00332127 -0.000875051 -2.75152e-07 0.480007 8.61715e-05
-9.86143 0.0026297 0.0327337 1.02928e-05 0.470301 8.4429e-05
-10.3948 0.00236126 0.0490078 1.54101e-05 0.503396 9.03704e-05
-11.2726 0.00191952 0.064738 2.03563e-05 0.55144 9.89953e-05
-12.2888 0.00140812 0.0898011 2.82372e-05 0.604195 0.000108466
-12.8444 0.00112848 0.114286 3.59361e-05 0.663481 0.000119109
-13.2295 0.000934672 0.138667 4.36025e-05 0.717065 0.000128728
-13.5791 0.000758734 0.167213 5.25787e-05 0.752881 0.000135158
-13.8478 0.000623515 0.195009 6.13189e-05 0.780712 0.000140154
-14.0544 0.000519564 0.221168 6.95444e-05 0.814582 0.000146235
-14.24 0.000426131 0.25062 7.88051e-05 0.860026 0.000154393
-14.4048 0.000343232 0.28297 8.89775e-05 0.918026 0.000164805
-14.5455 0.000272402 0.31491 9.90205e-05 0.984048 0.000176658
-14.672 0.000208752 0.346452 0.000108939 1.04741 0.000188032
-14.7877 0.000150518 0.37848 0.00011901 1.1004 0.000197544
-14.8898 9.91088e-05 0.410714 0.000129145 1.14381 0.000205338
-14.9783 5.46136e-05 0.442934 0.000139277 1.18382 0.000212521
-15.0546 1.62032e-05 0.47533 0.000149463 1.22786 0.000220428
-15.1009 -1.80146e-05 0.507465 0.000159568 1.2804 0.000229859
-15.1334 -4.78182e-05 0.539543 0.000169655 1.33975 0.000240513
-15.1468 -6.01148e-05 0.571821 0.000179804 1.39898 0.000251148
-15.155 -6.75945e-05 0.605106 0.00019027 1.45066 0.000260425
-15.1628 -7.46915e-05 0.637271 0.000200384 1.49206 0.000267856
-15.1692 -8.0543e-05 0.665273 0.000209189 1.52851 0.000274401
-15.1676 -7.97432e-05 0.693014 0.000217912 1.56379 0.000280733
-15.154 -7.2893e-05 0.721869 0.000226985 1.5993 0.000287109
-15.1215 -5.65707e-05 0.748151 0.000235249 1.63912 0.000294256
-15.0688 -3.00546e-05 0.771629 0.000242632 1.68138 0.000301844
-14.9967 6.26406e-06 0.794558 0.000249842 1.71942 0.000308673
-14.9007 5.4572e-05 0.816747 0.000256819 1.74997 0.000314157
-14.7776 0.000116496 0.837839 0.000263451 1.77319 0.000318326
-14.6295 0.000191035 0.85894 0.000270086 1.79081 0.000321489
-14.446 0.00028342 0.880204 0.000276772 1.80601 0.000324218
-14.1911 0.000411668 0.900559 0.000283173 1.82168 0.00032703
-13.8038 0.000606604 0.919125 0.000289011 1.83829 0.000330011
-13.1065 0.000957494 0.935886 0.000294281 1.85706 0.000333382
-11.1445 0.00194492 0.951219 0.000299102 1.84811 0.000331775
-6.05062 0.00450844 0.964458 0.000303265 1.79935 0.000323022
0.000651809 0.00764136 0.976089 0.000306922 1.71021 0.000307019
0.0218179 0.0104954 0.98731 0.000310451 1.59564 0.000286451
0.0401492 0.0129671 0.991572 0.000311791 1.49302 0.000268029
0.0591329 0.0155269 0.993444 0.000312379 1.39693 0.000250779
0.0946804 0.02032 1.00277 0.000315314 1.25188 0.000224739
0.177593 0.0314999 1.0075 0.000316801 1.1113 0.000199502
0.307171 0.0489719 1.00856 0.000317133 0.993276 0.000178314
0.463892 0.0701039 1.01646 0.000319617 0.864647 0.000155223
0.625406 0.0918822 1.02835 0.000323355 0.751891 0.00013498
0.777027 0.112327 1.03844 0.000326527 0.692612 0.000124339
0.920067 0.131614 1.0475 0.000329378 0.659816 0.000118451
1.06683 0.151403 1.05724 0.00033244 0.615452 0.000110487
1.22411 0.17261 1.06709 0.000335535 0.557633 0.000100107
1.38769 0.194667 1.07809 0.000338995 0.495419 8.89383e-05
1.54527 0.215915 1.09091 0.000343027 0.445621 7.99985e-05
1.68851 0.23523 1.10374 0.00034706 0.42653 7.65711e-05
1.81845 0.252751 1.11578 0.000350848 0.436913 7.84353e-05
1.94324 0.269577 1.12843 0.000354826 0.458598 8.23281e-05
2.07122 0.286834 1.14267 0.000359301 0.476817 8.55988e-05
2.20396 0.304732 1.15754 0.000363977 0.504741 9.06118e-05
2.33613 0.322553 1.17245 0.000368666 0.556004 9.98145e-05
2.46145 0.339452 1.18811 0.000373591 0.608498 0.000109238
2.57629 0.354936 1.20347 0.000378421 0.667533 0.000119836
2.68525 0.369628 1.21842 0.000383122 0.738239 0.00013253
2.79555 0.384501 1.23476 0.00038826 0.818079 0.000146863
2.91152 0.400138 1.25319 0.000394055 0.90413 0.000162311
3.03288 0.416503 1.27228 0.000400058 0.996162 0.000178832
3.15534 0.433015 1.29102 0.000405951 1.09411 0.000196417
3.27492 0.449138 1.30999 0.000411916 1.19534 0.00021459
3.39155 0.464865 1.32962 0.000418087 1.29991 0.000233361
3.50897 0.480697 1.34964 0.000424381 1.40914 0.000252971
3.63128 0.49719 1.36994 0.000430764 1.52167 0.000273173
3.75957 0.514488 1.39056 0.00043725 1.63515 0.000293544
3.89143 0.532267 1.41134 0.000443784 1.74877 0.000313941
4.02328 0.550046 1.43211 0.000450313 1.86291 0.000334433
4.15334 0.567583 1.45292 0.000456856 1.97848 0.000355178
4.28289 0.585052 1.47387 0.000463445 2.09664 0.000376391
4.41483 0.602842 1.49505 0.000470106 2.20586 0.000395999
4.55032 0.621111 1.51618 0.00047675 2.21847 0.000398263
4.6877 0.639635 1.53629 0.000483074 2.24703 0.000403389
4.8243 0.658055 1.55789 0.000489863 2.27932 0.000409186
4.9567 0.675907 1.58118 0.000497187 2.31199 0.000415051
5.08646 0.693404 1.6032 0.000504112 2.34037 0.000420146
5.21623 0.710901 1.62515 0.000511014 2.36631 0.000424804
5.34578 0.728369 1.6493 0.000518606 2.39242 0.00042949
5.47423 0.74569 1.67521 0.000526753 2.42284 0.000434952
5.60031 0.762691 1.70155 0.000535037 2.45904 0.000441449
5.72309 0.779246 1.72855 0.000543527 2.4974 0.000448337
5.84251 0.795348 1.75692 0.000552449 2.53456 0.000455007
5.95903 0.81106 1.78659 0.000561777 2.57043 0.000461446
6.07287 0.826409 1.81753 0.000571505 2.60707 0.000468025
6.18361 0.841341 1.85004 0.000581729 2.64634 0.000475074
6.29093 0.855813 1.8841 0.000592437 2.68888 0.000482711
6.39491 0.869833 1.91943 0.000603548 2.73391 0.000490796
6.49556 0.883404 1.95611 0.00061508 2.77972 0.000499019
6.59263 0.896494 1.99428 0.000627084 2.82529 0.0005072
6.68572 0.909045 2.03359 0.000639443 2.85919 0.000513285
6.77456 0.921024 2.07351 0.000651998 2.90321 0.000521189
6.859 0.93241 2.11443 0.000664863 2.95961 0.000531314
6.93849 0.943128 2.15641 0.000678064 3.02334 0.000542753
7.01318 0.953199 2.19893 0.000691434 3.08619 0.000554036
7.08363 0.962699 2.24169 0.000704879 3.14197 0.00056405
7.15061 0.97173 2.28501 0.000718501 3.19014 0.000572698
7.21091 0.979861 2.32882 0.000732276 3.23577 0.000580889
7.26305 0.986892 2.37275 0.000746089 3.28571 0.000589855
7.3077 0.992912 2.41689 0.000759969 3.34379 0.000600281
7.3485 0.998414 2.46135 0.000773949 3.40846 0.000611891
7.39104 1.00415 2.5056 0.000787864 3.475 0.000623837
7.43853 1.01055 2.54987 0.000801785 3.53793 0.000635134
7.49041 1.01755 2.59457 0.000815838 3.59396 0.000645192
7.54377 1.02474 2.63927 0.000829895 3.64466 0.000654293
7.59665 1.03187 2.68336 0.000843758 3.69473 0.000663282
7.64974 1.03903 2.72672 0.000857392 3.74846 0.000672928
7.70583 1.04659 2.76956 0.000870864 3.80714 0.000683463
7.76765 1.05493 2.81199 0.000884204 3.86841 0.000694461
7.83588 1.06413 2.85389 0.000897379 3.92785 0.000705132
7.90906 1.074 2.89502 0.000910314 3.98186 0.000714829
7.98541 1.08429 2.93514 0.000922927 4.02994 0.00072346
8.06428 1.09493 2.97413 0.000935189 4.07469 0.000731494
8.14665 1.10603 3.01215 0.000947144 4.11982 0.000739596
8.23416 1.11783 3.04935 0.000958841 4.16761 0.000748175
8.32651 1.13029 3.08572 0.000970276 4.21757 0.000757144
8.4227 1.14326 3.12112 0.000981409 4.26694 0.000766006
8.52147 1.15658 3.15556 0.000992236 4.31257 0.000774199
8.62261 1.17021 3.18904 0.00100276 4.35301 0.000781458
8.72671 1.18425 3.22149 0.00101297 4.38944 0.000787997
8.83388 1.1987 3.25304 0.00102289 4.42452 0.000794296
8.93253 1.21344 3.28383 0.00103257 4.46046 0.000800748
8.93253 1.22847 3.31376 0.00104198 4.49788 0.000807466
8.93253 1.24372 3.34249 0.00105102 4.53571 0.000814257
6.80544 1.24889 44.146 0.191844 4.07569 0.000731673
-0.409862 1.23002 8.93253 0.370554 2.77785 0.000498684
2.95256 1.23547 8.93253 0.537354 3.66206 0.000657418
7.89 1.24743 8.93253 0.70449 3.84049 0.00068945
8.93253 1.2525 8.93253 0.759675 3.62989 0.000651642
8.93253 1.2635 -0.285239 0.752024 3.85513 0.000692077
8.93253 1.28093 -2.1444 0.709337 4.54325 0.00081561
8.93253 1.29663 -2.64189 0.697914 4.74171 0.000851238
8.93253 1.31066 3.02905 0.719985 4.83516 0.000868014
8.93253 1.32461 7.81494 0.753545 4.84087 0.000869039
8.93253 1.33311 8.93253 0.784957 4.77152 0.00085659
8.93253 1.34004 8.93253 0.801522 4.74036 0.000850995
8.93253 1.35185 6.66537 0.801825 4.81375 0.000864171
8.93253 1.3686 4.70528 0.801208 4.89898 0.000879471
8.93253 1.38321 8.93253 0.808146 4.95507 0.00088954
8.93253 1.39301 8.93253 0.829204 5.00217 0.000897996
8.93253 1.39915 8.93253 0.853496 5.03318 0.000903563
8.93253 1.4028 8.93253 0.873484 5.05565 0.000907596
8.93253 1.40948 8.93253 0.88529 5.09312 0.000914323
8.93253 1.4195 8.93253 0.891498 5.1404 0.000922811
8.93253 1.42889 8.93253 0.898756 5.18821 0.000931395
8.93253 1.43462 8.93253 0.911001 5.22899 0.000938715
8.93253 1.43712 8.93253 0.927192 5.26549 0.000945267
8.93253 1.43874 8.93253 0.943424 5.30487 0.000952338
8.93253 1.44178 8.93253 0.956067 5.35046 0.000960521
8.93253 1.44638 8.93253 0.964225 5.39957 0.000969337
8.93253 1.45086 8.93253 0.970269 5.44398 0.000977311
8.93253 1.45359 8.93253 0.97765 5.40864 0.000970965
8.93253 1.45471 8.93253 0.988037 5.37744 0.000965364
8.93253 1.45538 8.93253 1.00055 5.49394 0.000986279
8.93253 1.45663 8.93253 1.01289 5.65411 0.00101503
8.93253 1.45898 8.93253 1.02301 5.72006 0.00102687
8.93253 1.46208 8.93253 1.03113 5.68228 0.00102009
8.93253 1.46499 8.93253 1.03862 5.63508 0.00101162
8.93253 1.46789 8.93253 1.04749 5.65892 0.0010159
8.93253 1.4709 8.93253 1.05837 5.74283 0.00103096
8.93253 1.47434 8.93253 1.07007 5.81883 0.0010446
8.93253 1.47856 8.93253 1.0809 5.83917 0.00104826
8.93253 1.48344 8.93253 1.09014 5.81998 0.00104481
8.93253 1.48881 8.93253 1.0983 5.81261 0.00104349
8.93253 1.49461 8.93253 1.10656 5.84098 0.00104858
8.93253 1.50143 8.93253 1.1159 5.88137 0.00105583
8.93253 1.50975 8.93253 1.12712 5.92036 0.00106283
8.93253 1.51824 8.93253 1.13946 5.91855 0.0010625
8.93253 1.52636 8.93253 1.151 5.90032 0.00105923
8.93253 1.53463 8.93253 1.16067 5.89236 0.0010578
8.93253 1.54411 8.93253 1.16891 5.90586 0.00106023
8.93253 1.5556 8.93253 1.17632 5.92946 0.00106446
8.93253 1.56705 8.93253 1.18362 5.9351 0.00106548
8.93253 1.5774 8.93253 1.19134 5.89135 0.00105762
8.93253 1.58649 8.93253 1.19854 5.82841 0.00104632
8.93253 1.59519 8.93253 1.20449 5.76753 0.00103539
8.93253 1.60439 8.93253 1.20883 5.71264 0.00102554
8.93253 1.61392 8.93253 1.21176 5.65242 0.00101473
8.93253 1.62271 8.93253 1.21386 5.57199 0.00100029
8.93253 1.62994 8.93253 1.2156 5.47438 0.000982767
8.93253 1.63579 8.93253 1.21702 5.37001 0.00096403
8.93253 1.64083 8.93253 1.21772 5.26838 0.000945787
8.93253 1.64541 8.31613 1.21753 5.17005 0.000928133
8.93253 1.64927 6.90675 1.21708 5.06563 0.000909389
8.93253 1.65195 5.21704 1.21655 4.95195 0.00088898
8.93253 1.65349 3.20357 1.21592 4.83779 0.000868486
8.93253 1.65409 0.755153 1.21515 4.7225 0.00084779
8.8453 1.65407 -0.0280994 1.21388 4.60984 0.000827565
8.6789 1.65399 -0.111845 1.21082 4.50742 0.000809179
8.5199 1.65391 -0.268502 1.20509 4.42014 0.000793509
8.27157 1.65379 -0.482526 1.19726 4.33776 0.00077872
7.888 1.65359 -0.72743 1.1883 4.25647 0.000764127
7.20204 1.65325 -0.978058 1.17913 4.17572 0.00074963
6.39096 1.65284 -1.21632 1.17041 4.08783 0.000733853
5.53959 1.65241 -1.45032 1.16185 3.99415 0.000717035
4.71977 1.652 -1.69498 1.1529 3.89557 0.000699338
4.06728 1.65167 -1.95636 1.14334 3.79131 0.000680621
3.51675 1.65139 -2.22903 1.13337 3.68292 0.000661163
3.06554 1.65117 -2.49718 1.12356 3.56644 0.000640252
2.68696 1.65098 -2.74239 1.11459 3.43698 0.00061701
2.50724 1.65088 -2.90218 1.10874 3.29616 0.000591731
2.63082 1.65095 -2.9842 1.10574 3.14763 0.000565066
2.85415 1.65106 -2.74699 1.1055 2.97896 0.000534786
3.22805 1.65125 -2.18215 1.10568 2.79638 0.000502009
3.88193 1.65158 -2.43936 1.1056 2.60858 0.000468296
4.74666 1.65201 -3.01551 1.10459 2.40998 0.000432643
5.82787 1.65256 -3.12376 1.10063 2.20433 0.000395725
7.17832 1.65324 -3.26048 1.09563 1.99802 0.000358688
8.70601 1.654 -3.39672 1.09065 1.79317 0.000321912
8.93253 1.65635 -3.5108 1.08647 1.58892 0.000285245
8.93253 1.66199 -3.59518 1.08339 1.3872 0.000249032
8.93253 1.66923 -3.66188 1.08095 1.1982 0.000215103
8.93253 1.67675 -3.709 1.07922 1.02224 0.000183513
8.93253 1.68376 -3.75417 1.07757 0.893004 0.000160313
8.93253 1.69057 -3.79782 1.07597 0.805707 0.000144642
8.93253 1.69772 -3.82819 1.07486 0.718423 0.000128972
8.93253 1.70534 -3.84595 1.07421 0.611045 0.000109696
8.93253 1.71288 -3.85006 1.07406 0.484182 8.69209e-05
8.93253 1.71992 -3.63405 1.07413 0.366649 6.58213e-05
8.93253 1.72644 -3.35144 1.07422 0.28695 5.15136e-05
8.93253 1.73263 -3.04573 1.07432 0.247258 4.43881e-05
8.93253 1.73844 -2.6087 1.07445 0.227771 4.08897e-05
8.93253 1.74359 -2.00908 1.07464 0.211394 3.79498e-05
8.93253 1.74777 -1.26994 1.07487 0.195332 3.50662e-05
8.93253 1.75081 -0.392782 1.07515 0.193018 3.46509e-05
8.93253 1.75251 0.016946 1.07554 0.232494 4.17376e-05
8.80031 1.75265 0.072602 1.07643 0.314515 5.64622e-05
8.24194 1.75237 0.201847 1.07849 0.423552 7.60367e-05
7.46188 1.75198 0.421735 1.082 0.551199 9.8952e-05
6.44671 1.75147 0.716864 1.08671 0.696472 0.000125032
4.97455 1.75073 1.04525 1.09194 0.865231 0.000155327
3.04315 1.74975 1.35291 1.09685 1.06902 0.000191912
0.827433 1.74864 1.61465 1.10102 1.30806 0.000234825
-0.0039199 1.74802 1.83585 1.10455 1.57205 0.000282216
-0.0308843 1.7466 2.07096 1.1083 1.84281 0.000330823
-0.08557 1.74371 2.33498 1.11251 2.12056 0.000380686
-0.195554 1.73792 2.6009 1.11675 2.41761 0.000434013
-0.373652 1.72853 2.88627 1.1213 2.7195 0.000488209
-0.595504 1.71684 3.16126 1.12569 3.03144 0.000544207
-0.823713 1.70482 3.39937 1.12948 3.35419 0.000602149
-1.03877 1.69349 3.6162 1.13294 3.67297 0.000659376
-1.24291 1.68273 3.82111 1.13621 3.97857 0.000714238
-1.45405 1.6716 4.02614 1.13948 4.30987 0.000773714
-1.67572 1.65992 4.24478 1.14297 4.68788 0.000841574
-1.89239 1.64851 4.48889 1.14686 5.04425 0.00090555
-2.09004 1.63809 4.75939 1.15117 5.33537 0.000957813
-2.27132 1.62854 4.98104 1.15471 5.58303 0.00100227
-2.43966 1.61967 5.1623 1.1576 5.8087 0.00104279
-2.58796 1.61185 2.6432 1.15773 32.1094 0.107554
-2.65025 1.60857 -0.0174818 1.15629 34.0617 0.144667
-2.73458 1.60413 0.156989 1.15733 35.0078 0.162651
-2.90524 1.59514 0.285017 1.15821 35.5392 0.172752
-3.00285 1.58999 -0.0314634 1.15702 28.5897 0.171505
-3.1152 1.58407 0.200983 1.1584 24.9314 0.170848
-3.23342 1.57784 0.59109 1.16105 26.3525 0.171103
-3.29452 1.57462 0.724922 1.16196 33.6269 0.172409
-3.36972 1.57066 -0.00123072 1.16169 34.0115 0.17546
-3.44948 1.56646 -0.0124761 1.16129 31.5015 0.176239
-3.51292 1.56311 0.00324017 1.16125 26.3371 0.175311
-3.56286 1.56048 0.0417216 1.16149 24.1629 0.174921
-3.60384 1.55832 0.0710782 1.16168 24.7639 0.175029
-3.64743 1.55603 -0.0135558 1.16118 25.5056 0.175162
-3.69884 1.55332 -0.0444495 1.1601 23.824 0.17486
-3.75374 1.55042 -0.0729431 1.1591 20.0927 0.17419
-3.8108 1.54742 -0.100738 1.15813 16.0511 0.173465
-3.8711 1.54424 -0.136222 1.15689 12.9799 0.172913
-3.93942 1.54064 -0.203228 1.15454 10.9718 0.172553
-4.01803 1.5365 -0.338616 1.14981 9.10247 0.172217
-4.10784 1.53177 -0.535634 1.14291 6.20145 0.171697
-4.21205 1.52627 -0.756431 1.13519 2.32313 0.171
-4.33147 1.51998 -0.966752 1.12783 -0.0539131 0.170229
-4.46919 1.51273 -1.16082 1.12103 -0.168538 0.169476
-4.62768 1.50437 -1.3569 1.11417 -0.272788 0.168792
-4.80638 1.49496 -1.58192 1.1063 -0.439788 0.167695
-5.00021 1.48474 -1.854 1.09678 -0.693356 0.16603
-5.20774 1.47381 -2.16451 1.08591 -1.02452 0.163855
-5.43138 1.46202 -2.49124 1.07448 -1.42908 0.161198
-5.66775 1.44957 -2.82448 1.06282 -1.78649 0.15885
-5.91385 1.4366 -3.07252 1.05414 -2.15747 0.156414
-6.16242 1.4235 -3.21722 1.04907 -2.17822 0.156074
-6.41683 1.4101 -3.24531 1.04809 -2.228 0.155951
-6.67678 1.3964 -2.38358 1.04836 -2.25246 0.15579
-6.92799 1.38316 -2.0356 1.04847 -2.27742 0.155626
-7.16522 1.37066 -2.47537 1.04833 -2.3108 0.155407
-7.3985 1.35837 -3.19099 1.04811 -2.35768 0.155099
-7.6338 1.34597 -3.26577 1.04737 -2.41786 0.154704
-7.8697 1.33354 -3.29037 1.04651 -2.47909 0.154302
-8.09909 1.32145 -3.32129 1.04543 -2.54057 0.153898
-8.31262 1.3102 -3.3741 1.04358 -2.59839 0.153518
-8.51277 1.29965 -3.46247 1.04049 -2.64508 0.153212
-8.6995 1.28981 -3.5924 1.03594 -2.68531 0.152947
-8.89291 1.27962 -3.75661 1.0302 -2.7321 0.15264
-9.09014 1.26923 -3.9392 1.02381 -2.78174 0.152314
-9.27 1.25975 -4.12747 1.01722 -2.82854 0.152007
-9.42722 1.25147 -4.31261 1.01074 -2.86927 0.151739
-9.55631 1.24467 -4.48811 1.0046 -2.8575 0.151589
-9.66765 1.2388 -4.656 0.998725 -2.92467 0.151375
-9.76831 1.23349 -4.82295 0.992882 -3.14514 0.149927
-9.85516 1.22892 -4.99629 0.986817 -3.32773 0.148728
-9.92312 1.22534 -5.18288 0.980287 -3.34325 0.148487
-9.96705 1.22302 -5.39089 0.973008 -3.04159 0.148541
-9.98979 1.22182 -5.62562 0.964794 -2.75777 0.148592
-9.99996 1.22129 -5.88922 0.95557 -2.78958 0.148586
-10.0025 1.22115 -6.17073 0.945718 -3.12341 0.148526
-9.81158 1.22125 -6.4432 0.936183 -3.39018 0.148318
-9.46496 1.22142 -6.69339 0.927429 -3.46206 0.147846
-9.06871 1.22162 -6.90975 0.919857 -3.40786 0.147855
-8.61948 1.22185 -7.09761 0.913283 -3.2283 0.147888
-8.10124 1.22211 -7.27029 0.907241 -3.10839 0.147909
-7.65707 1.22233 -7.44987 0.900956 -3.14462 0.147903
-7.10315 1.22261 -7.64693 0.89406 -3.28656 0.147877
-6.70952 1.22281 -7.84157 0.887249 -3.42659 0.147852
-6.4493 1.22294 -8.02916 0.880685 -3.45985 0.147846
-6.27608 1.22303 -8.20935 0.874379 -3.37809 0.147861
-6.18424 1.22308 -8.38035 0.868395 -3.27857 0.147879
-5.66511 1.22334 -8.55758 0.862193 -3.24497 0.147885
-5.65977 1.22334 -8.75731 0.855204 -3.29321 0.147876
-5.76534 1.22329 -8.97393 0.847624 -3.39581 0.147857
-6.17401 1.22308 -9.20761 0.839446 -3.46304 0.14784
-6.67678 1.22283 -9.45138 0.830916 -3.46461 0.147829
-7.19125 1.22257 -9.69559 0.82237 -3.46524 0.147825
-8.0049 1.22216 -9.93736 0.81391 -3.468 0.147807
-8.92319 1.2217 -10.1942 0.804923 -3.47633 0.147752
-10.003 1.22113 -10.476 0.795059 -3.50482 0.147565
-10.0617 1.21804 -10.7804 0.784409 -3.56829 0.147148
-10.1823 1.21168 -11.0984 0.77328 -3.64167 0.146666
-10.3394 1.2034 -11.42 0.762026 -3.7149 0.146186
-10.5034 1.19476 -11.7472 0.750576 -3.79125 0.145684
-10.6552 1.18676 -12.0832 0.738819 -3.86405 0.145206
-10.8211 1.17802 -12.4268 0.726794 -3.94836 0.144652
-11.015 1.1678 -12.7709 0.714753 -4.0551 0.143951
-11.231 1.15642 -13.1186 0.702587 -4.11448 0.143561
-11.4515 1.1448 -13.4337 0.691561 -3.90248 0.143599
-11.6524 1.13421 -13.6091 0.685421 -3.26752 0.143713
-11.8342 1.12463 -13.5188 0.684176 -2.39902 0.143869
-12.0218 1.11475 -11.6362 0.684768 -1.67416 0.143999
-12.2185 1.10438 -10.059 0.685264 -1.08217 0.144106
-12.4166 1.09395 -10.2203 0.685213 -0.53869 0.144203
-12.6067 1.08393 -11.3598 0.684855 -0.181122 0.144267
-12.7792 1.07484 -11.8649 0.684696 0.0172383 0.144317
-12.9323 1.06677 -11.2444 0.684891 0.0862942 0.144384
-13.0721 1.0594 -10.3502 0.685172 0.142556 0.144439
-13.2038 1.05247 -10.1948 0.685221 0.0829004 0.144435
-13.3236 1.04615 -10.8619 0.685011 -0.0217879 0.144298
-13.424 1.04086 -11.5944 0.684781 -0.0760464 0.143995
-13.5017 1.03677 -11.7711 0.684725 -0.154775 0.143555
-13.5589 1.03375 -11.5566 0.684793 -0.401427 0.142177
-13.6016 1.03151 -11.5689 0.684789 -0.719513 0.1404
-13.6345 1.02977 -12.1085 0.684619 -1.09512 0.138301
-13.6564 1.02861 -12.9383 0.684358 -1.56113 0.135697
-13.6638 1.02823 -12.9141 0.684366 -2.09896 0.132692
-13.2007 1.02846 -12.1914 0.684593 -2.67246 0.129487
-12.6963 1.02872 -10.6758 0.68507 -3.27472 0.126122
-12.2617 1.02893 -9.02332 0.685589 -3.42024 0.125308
-11.7689 1.02918 -7.44688 0.686085 -3.33622 0.125324
-11.1379 1.0295 -5.46737 0.686708 -3.09641 0.125367
-10.5095 1.02982 -2.86817 0.687525 -2.84823 0.125411
-10.0952 1.03003 0.000884547 0.688479 -2.71666 0.125435
-9.89622 1.03013 0.0221594 0.68974 -2.71972 0.125434
-9.96442 1.03009 0.042747 0.69096 -2.78211 0.125423
-10.4697 1.02984 0.0480323 0.691273 -2.79106 0.125421
-11.235 1.02945 0.0538874 0.69162 -2.70026 0.125438
-11.0351 1.02955 0.0552974 0.691703 -2.51894 0.12547
-11.0193 1.02956 -0.000960679 0.691666 -2.35992 0.125499
-11.5646 1.02929 0.00175815 0.69177 -2.31007 0.125508
-12.2592 1.02894 0.00409261 0.691907 -2.35023 0.125501
-13.3225 1.0284 0.00421372 0.691914 -1.8566 0.125589
-13.7107 1.02576 0.00784001 0.692128 -0.88917 0.125763
-13.8551 1.01815 0.0155032 0.692579 0.0975877 0.126073
-14.0819 1.00619 0.0221248 0.692969 0.505486 0.1267
-14.3493 0.992103 -0.0108129 0.692735 1.04837 0.127534
-14.6267 0.977486 -0.0575819 0.691753 1.82762 0.128732
-14.9002 0.963077 -0.151498 0.68978 2.17975 0.129274
-15.1954 0.947522 -0.298438 0.686694 2.72806 0.130117
-15.534 0.929678 -0.46578 0.68318 3.36332 0.131093
-15.9115 0.909788 -0.649477 0.679322 4.03144 0.13212
-16.3083 0.888876 -0.78754 0.676422 4.67129 0.133104
-16.9117 0.857083 -0.511611 0.676236 5.62586 0.134572
-17.5429 0.823823 0.0168526 0.677418 6.64376 0.136137
-18.2264 0.787807 0.0606135 0.68007 7.69872 0.137759
-18.9512 0.749614 0.0881811 0.681741 8.76207 0.139393
-19.673 0.711579 0.102451 0.682606 9.71559 0.140859
-20.408 0.672852 0.119007 0.683609 10.4932 0.142055
-21.1578 0.63334 0.133443 0.684484 11.2451 0.143211
-21.9 0.594231 0.0686939 0.684659 11.9267 0.144259
-22.6185 0.556369 -0.0313488 0.683987 12.432 0.145036
-23.3163 0.519599 -0.101383 0.682533 12.6975 0.145444
-23.9932 0.483932 -0.195325 0.680584 12.754 0.145531
-24.6409 0.449804 -0.325075 0.677891 12.4345 0.145473
-25.2552 0.417435 -0.53545 0.673525 10.7861 0.145177
-25.8335 0.386961 -0.998006 0.663925 7.26046 0.144544
-26.381 0.358111 -1.78529 0.647587 2.03312 0.143606
-26.9091 0.330285 -2.82465 0.626017 -0.223152 0.142004
-27.4251 0.303091 -3.87002 0.604322 -1.68224 0.133915
-27.9321 0.276375 -4.70782 0.586935 -3.45373 0.124095
-28.4254 0.250386 -5.34549 0.573701 -3.73788 0.122357
-28.9029 0.225222 -6.01081 0.559894 -2.75674 0.122533
-29.3619 0.201037 -6.93628 0.540687 -2.62506 0.122556
-29.7865 0.178664 -8.16603 0.515166 -3.77598 0.122308
-30.1915 0.157323 -9.52739 0.486913 -4.31472 0.119322
-30.6078 0.135384 -10.7733 0.461057 -4.45302 0.118555
-31.0384 0.112696 -11.8177 0.439383 -4.39672 0.118565
-31.4623 0.090358 -12.7893 0.419219 -4.6417 0.117509
-31.8763 0.0685419 -13.9158 0.395841 -5.19619 0.114435
-32.3024 0.0460926 -15.2985 0.367145 -5.6926 0.111683
-32.7486 0.0225756 -16.825 0.335464 -6.02212 0.109857
-33.151 0.00137496 -18.2883 0.305096 -6.27002 0.108482
-33.163 0.000742186 -19.6086 0.277695 -6.57407 0.106797
-33.1669 0.00053757 -20.8648 0.251626 -7.0332 0.104252
-33.1693 0.000408743 -22.2012 0.223892 -7.61235 0.101041
-33.1619 0.000402045 -23.7142 0.192492 -8.11354 0.0982626
-33.1698 0.00038596 -25.3183 0.159202 -8.503 0.0961035
-33.1704 0.000353213 -26.8488 0.127439 -8.87224 0.0940566
-33.1707 0.000338555 -28.2402 0.0985617 -9.34012 0.0914629
-33.171 0.000321177 -29.5815 0.0707256 -9.90306 0.0883421
-33.1714 0.000297504 -31.0246 0.0407764 -10.4575 0.0852688
-33.1717 0.000281739 -32.6384 0.00728521 -10.9289 0.0826551
-33.1721 0.000264817 -32.9562 0.000689513 -11.3573 0.0802806
-33.1723 0.000252896 -32.6842 0.000771454 -11.8246 0.0776899
-33.1724 0.000244621 -32.9583 0.000646586 -12.2265 0.0754616
-33.1727 0.000229643 -32.9698 0.000407271 -12.6446 0.0731443
-33.1729 0.000220957 -32.9118 0.000389637 -13.2145 0.0699845
-33.173 0.000215845 -32.7949 0.000426376 -13.624 0.0677148
-33.1732 0.000206024 -32.9139 0.000388964 -13.6489 0.0667599
-33.1732 0.000202353 -32.9722 0.00035832 -13.1318 0.0668527
-33.0287 0.00027472 -32.9309 0.000371322 -12.8265 0.0669075
-32.9301 0.000324343 -32.9722 0.000357602 -12.5027 0.0669657
-32.7039 0.000438182 -32.9738 0.000325186 -11.9852 0.0670586
-32.4551 0.000563359 -32.9743 0.000315369 -11.5251 0.0671412
-32.1011 0.000741505 -32.9746 0.000308463 -11.1616 0.0672064
-31.4964 0.00104586 -32.9757 0.000285607 -10.7609 0.0672783
-30.2569 0.00166965 -32.9765 0.000269401 -10.3656 0.0673493
-27.4097 0.00310249 -32.9768 0.000262605 -9.96712 0.0674209
-24.038 0.00479936 -32.9772 0.000253738 -9.63948 0.0674797
-20.7889 0.00643449 -32.9778 0.000241456 -9.36637 0.0675287
