0.0025 -9.14652e-06
0.0125 -9.14753e-06
0.0225 -9.14944e-06
0.035 -9.14648e-06
0.045 -9.13262e-06
0.055 -9.09994e-06
0.065 -9.03898e-06
0.075 -8.93907e-06
0.085 -8.78858e-06
0.095 -8.57526e-06
0.105 -8.28663e-06
0.115 -7.91032e-06
0.125 -7.43442e-06
0.135 -6.84779e-06
0.145 -6.14037e-06
0.155 -5.30348e-06
0.165 -4.33014e-06
0.175 -3.21479e-06
0.185 -1.95363e-06
0.195 -5.44737e-07
0.205 1.01192e-06
0.215 2.71447e-06
0.225 4.5593e-06
0.235 6.5408e-06
0.245 8.65133e-06
0.255 1.08812e-05
0.265 1.32187e-05
0.275 1.56507e-05
0.285 1.81636e-05
0.295 2.07434e-05
0.305 2.33768e-05
0.315 2.60513e-05
0.325 2.87567e-05
0.335 3.14847e-05
0.345 3.42296e-05
0.355 3.69886e-05
0.365 3.97625e-05
0.375 4.25553e-05
0.385 4.5374e-05
0.395 4.82284e-05
0.405 5.11289e-05
0.415 5.40848e-05
0.425 5.71e-05
0.435 6.01705e-05
0.445 6.32815e-05
0.455 6.64062e-05
0.465 6.95073e-05
0.475 7.25388e-05
0.485 7.54491e-05
0.495 7.81868e-05
0.5075 8.12971e-05
0.52 8.40007e-05
0.5325 8.62544e-05
0.545 8.80317e-05
0.5575 8.93174e-05
0.57 9.01006e-05
0.5825 9.03676e-05
0.595 9.01133e-05
0.6075 8.93577e-05
0.62 8.81593e-05
0.6325 8.66133e-05
0.645 8.4841e-05
0.6575 8.298e-05
0.67 8.11678e-05
0.6825 7.95143e-05
0.695 7.80829e-05
0.7075 7.68991e-05
0.72 7.59771e-05
0.7325 7.53344e-05
0.745 7.49968e-05
0.7575 7.50052e-05
0.77 7.54188e-05
0.7825 7.63077e-05
0.795 7.77274e-05
0.8075 7.96916e-05
0.82 8.2152e-05
0.8325 8.49807e-05
0.845 8.79497e-05
0.8575 9.07298e-05
0.87 9.29407e-05
0.8825 9.42173e-05
0.895 9.42625e-05
0.9075 9.28845e-05
0.92 8.99936e-05
0.9325 8.55654e-05
0.945 7.95997e-05
0.9575 7.20864e-05
0.97 6.30016e-05
0.9825 5.23582e-05
0.995 4.02588e-05
1.005 2.96853e-05
1.0175 1.56942e-05
1.03 1.42426e-06
1.0425 -1.23204e-05
1.055 -2.4671e-05
1.0675 -3.48525e-05
1.08 -4.23692e-05
1.0925 -4.71595e-05
1.105 -4.96712e-05
1.1175 -5.07934e-05
1.13 -5.16498e-05
1.1425 -5.33179e-05
1.155 -5.6577e-05
1.1675 -6.17454e-05
1.18 -6.8649e-05
1.1925 -7.6704e-05
1.205 -8.50111e-05
1.2175 -9.24667e-05
1.23 -9.78892e-05
1.2425 -0.000100044
1.255 -9.76287e-05
1.2675 -8.93958e-05
1.28 -7.43481e-05
1.2925 -5.18976e-05
1.305 -2.19917e-05
1.3175 1.48648e-05
1.33 5.77538e-05
1.3425 0.000105499
1.355 0.000156804
1.3675 0.00021042
1.38 0.000265332
1.3925 0.000320848
1.405 0.000376537
1.4175 0.00043212
1.43 0.000487411
1.4425 0.000542264
1.455 0.000596545
1.4675 0.000650104
1.48 0.000702728
1.4925 0.000754103
1.505 0.000803772
1.5175 0.000851115
1.53 0.00089538
1.5425 0.000935744
1.555 0.000971373
1.5675 0.00100149
1.58 0.00102546
1.5925 0.00104282
1.605 0.00105323
1.6175 0.00105631
1.63 0.00105158
1.6425 0.00103837
1.655 0.00101582
1.6675 0.000983053
1.68 0.000939472
1.6925 0.000884955
1.705 0.000820099
1.7175 0.000746417
1.73 0.000666177
1.7425 0.000582092
1.755 0.000497096
1.7675 0.000414126
1.78 0.000335906
1.7925 0.000264935
1.805 0.000203585
1.8175 0.000154129
1.83 0.000118503
1.8425 9.7901e-05
1.855 9.24705e-05
1.8675 0.000101155
1.88 0.000121621
1.8925 0.000150383
1.905 0.000183151
1.9175 0.000215279
1.93 0.000242214
1.9425 0.000259861
1.955 0.000264791
1.9675 0.000254254
1.98 0.000226139
1.9925 0.000178921
2.0025 0.000126712
2.0125 6.13345e-05
2.0225 -1.71229e-05
2.0325 -0.000108369
2.0425 -0.000211729
2.0525 -0.000326231
2.0625 -0.000450628
2.0725 -0.000583457
2.0825 -0.000723101
2.0925 -0.000867806
2.1025 -0.00101568
2.1125 -0.00116469
2.1225 -0.00131269
2.1325 -0.00145736
2.1425 -0.00159627
2.1525 -0.00172684
2.1625 -0.00184653
2.1725 -0.00195298
2.1825 -0.0020441
2.1925 -0.00211822
2.2025 -0.00217416
2.2125 -0.00221127
2.2225 -0.00222946
2.2325 -0.00222932
2.2425 -0.00221202
2.2525 -0.00217926
2.2625 -0.00213318
2.2725 -0.00207629
2.2825 -0.00201137
2.2925 -0.00194149
2.3025 -0.00186988
2.3125 -0.00179988
2.3225 -0.00173486
2.3325 -0.00167811
2.3425 -0.00163274
2.3525 -0.00160161
2.3625 -0.00158718
2.3725 -0.00159151
2.3825 -0.00161625
2.3925 -0.00166258
2.4025 -0.00173123
2.4125 -0.00182232
2.4225 -0.0019354
2.4325 -0.00206932
2.4425 -0.00222226
2.4525 -0.0023916
2.4625 -0.002574
2.4725 -0.00276546
2.4825 -0.00296147
2.4925 -0.00315718
2.5025 -0.00334759
2.5125 -0.00352772
2.5225 -0.00369279
2.5325 -0.00383838
2.5425 -0.00396053
2.5525 -0.00405585
2.5625 -0.00412159
2.5725 -0.00415572
2.5825 -0.00415698
2.5925 -0.00412496
2.6025 -0.00406011
2.6125 -0.00396373
2.6225 -0.00383793
2.6325 -0.00368559
2.6425 -0.00351025
2.6525 -0.00331605
2.6625 -0.0031076
2.6725 -0.00288982
2.6825 -0.0026677
2.6925 -0.00244618
2.7025 -0.00222992
2.7125 -0.0020232
2.7225 -0.00182974
2.7325 -0.00165261
2.7425 -0.00149414
2.7525 -0.00135591
2.7625 -0.00123878
2.7725 -0.00114291
2.7825 -0.00106778
2.7925 -0.00101229
2.8025 -0.000974709
2.8125 -0.000952797
2.8225 -0.000943788
2.8325 -0.000944493
2.8425 -0.000951378
2.8525 -0.000960681
2.8625 -0.000968547
2.8725 -0.00097117
2.8825 -0.000964927
2.8925 -0.000946475
2.9025 -0.000912816
2.9125 -0.000861333
2.9225 -0.000789891
2.9325 -0.000696818
2.9425 -0.000581027
2.9525 -0.000441819
2.9625 -0.000279369
2.9725 -9.44589e-05
2.9825 0.000111416
2.9925 0.000336212
3.0025 0.000577378
3.0125 0.000831872
3.0225 0.00109626
3.0325 0.00136686
3.0425 0.00163987
3.0525 0.00191144
3.0625 0.00217769
3.0725 0.00243489
3.0825 0.00267949
3.0925 0.00290827
3.1025 0.00311837
3.1125 0.00330742
3.1225 0.00347356
3.1325 0.00361548
3.1425 0.00373243
3.1525 0.00382417
3.1625 0.00389099
3.1725 0.00393368
3.1825 0.00395351
3.1925 0.00395225
3.2025 0.00393213
3.2125 0.00389585
3.2225 0.00384651
3.2325 0.00378756
3.2425 0.00372278
3.2525 0.0036561
3.2625 0.00359147
3.2725 0.00353274
3.2825 0.00348357
3.2925 0.00344729
3.3025 0.00342681
3.3125 0.00342453
3.3225 0.00344227
3.3325 0.00348119
3.3425 0.00354182
3.3525 0.00362397
3.3625 0.00372676
3.3725 0.00384867
3.3825 0.00398757
3.3925 0.00414081
3.4025 0.00430528
3.4125 0.00447742
3.4225 0.0046533
3.4325 0.0048287
3.4425 0.00499926
3.4525 0.00516056
3.4625 0.00530827
3.4725 0.00543828
3.4825 0.00554682
3.4925 0.00563054
3.5025 0.00568664
3.5125 0.00571288
3.5225 0.00570768
3.5325 0.0056701
3.5425 0.00559991
3.5525 0.00549765
3.5625 0.00536463
3.5725 0.00520294
3.5825 0.00501543
3.5925 0.00480563
3.6025 0.00457772
3.6125 0.00433643
3.6225 0.00408688
3.6325 0.00383435
3.6425 0.00358404
3.6525 0.00334089
3.6625 0.00310937
3.6725 0.00289331
3.6825 0.00269579
3.6925 0.00251913
3.7025 0.0023648
3.7125 0.00223353
3.7225 0.00212524
3.7325 0.00203912
3.7425 0.00197366
3.7525 0.0019267
3.7625 0.00189543
3.7725 0.0018765
3.7825 0.0018661
3.7925 0.00186009
3.8025 0.00185412
3.8125 0.00184382
3.8225 0.00182492
3.8325 0.00179336
3.8425 0.0017455
3.8525 0.00167816
3.8625 0.0015888
3.8725 0.00147552
3.8825 0.00133708
3.8925 0.00117298
3.9025 0.000983388
3.9125 0.000769175
3.9225 0.000531871
3.9325 0.000273615
3.9425 -2.90392e-06
3.9525 -0.000294416
3.9625 -0.00059733
3.9725 -0.000907619
3.9825 -0.00122104
3.9925 -0.00153308
4.0025 -0.00183908
4.0125 -0.00213447
4.0225 -0.00241485
4.0325 -0.00267618
4.0425 -0.00291489
4.0525 -0.00312805
4.0625 -0.0033135
4.0725 -0.00346979
4.0825 -0.00359629
4.0925 -0.00369315
4.1025 -0.00376128
4.1125 -0.00380236
4.1225 -0.00381875
4.1325 -0.0038134
4.1425 -0.00378975
4.1525 -0.00375165
4.1625 -0.0037032
4.1725 -0.00364872
4.1825 -0.00359257
4.1925 -0.00353908
4.2025 -0.00349242
4.2125 -0.00345648
4.2225 -0.00343471
4.2325 -0.00343008
4.2425 -0.00344496
4.2525 -0.00348105
4.2625 -0.00353938
4.2725 -0.00362024
4.2825 -0.00372322
4.2925 -0.00384717
4.3025 -0.00399032
4.3125 -0.00415038
4.3225 -0.00432458
4.3325 -0.00450977
4.3425 -0.00470247
4.3525 -0.00489894
4.3625 -0.00509522
4.3725 -0.00528722
4.3825 -0.00547074
4.3925 -0.00564155
4.4025 -0.00579559
4.4125 -0.00592906
4.4225 -0.00603857
4.4325 -0.00612129
4.4425 -0.00617508
4.4525 -0.00619854
4.4625 -0.00619118
4.4725 -0.00615337
4.4825 -0.0060864
4.4925 -0.00599231
4.5025 -0.00587383
4.5125 -0.00573428
4.5225 -0.00557744
4.5325 -0.00540738
4.5425 -0.0052284
4.5525 -0.00504477
4.5625 -0.00486065
4.5725 -0.00467996
4.5825 -0.00450638
4.5925 -0.00434322
4.6025 -0.00419336
4.6125 -0.00405926
4.6225 -0.00394285
4.6325 -0.00384554
4.6425 -0.00376813
4.6525 -0.00371073
4.6625 -0.0036727
4.6725 -0.00365269
4.6825 -0.00364859
4.6925 -0.00365761
4.7025 -0.00367634
4.7125 -0.00370086
4.7225 -0.00372685
4.7325 -0.00374979
4.7425 -0.00376511
4.7525 -0.00376833
4.7625 -0.0037551
4.7725 -0.00372133
4.7825 -0.00366322
4.7925 -0.00357741
4.8025 -0.00346108
4.8125 -0.00331217
4.8225 -0.00312943
4.8325 -0.00291252
4.8425 -0.00266204
4.8525 -0.00237963
4.8625 -0.00206788
4.8725 -0.00173021
4.8825 -0.00137073
4.8925 -0.00099405
4.9025 -0.000605128
4.9125 -0.000209111
4.9225 0.000188951
4.9325 0.000584029
4.9425 0.000971498
4.9525 0.00134703
4.9625 0.0017069
4.9725 0.00204793
4.9825 0.0023674
4.9925 0.00266326
5.0025 0.00293415
5.0125 0.00317935
5.0225 0.00339873
5.0325 0.00359277
5.0425 0.00376262
5.0525 0.00391007
5.0625 0.00403748
5.0725 0.00414774
5.0825 0.00424414
5.0925 0.00433029
5.1025 0.00440995
5.1125 0.00448687
5.1225 0.00456468
5.1325 0.0046467
5.1425 0.00473589
5.1525 0.00483463
5.1625 0.00494472
5.1725 0.00506726
5.1825 0.00520263
5.1925 0.00535052
5.2025 0.00550992
5.2125 0.0056792
5.2225 0.00585617
5.2325 0.00603815
5.2425 0.00622208
5.2525 0.0064047
5.2625 0.00658272
5.2725 0.00675287
5.2825 0.00691208
5.2925 0.00705748
5.3025 0.00718653
5.3125 0.00729711
5.3225 0.00738751
5.3325 0.00745671
5.3425 0.00750552
5.3525 0.0075303
5.3625 0.00753083
5.3725 0.00750697
5.3825 0.00745939
5.3925 0.00738929
5.4025 0.00729733
5.4125 0.00718473
5.4225 0.00705295
5.4325 0.0069038
5.4425 0.00673932
5.4525 0.00656181
5.4625 0.00637378
5.4725 0.00617787
5.4825 0.00597687
5.4925 0.00577353
5.5025 0.00557053
5.5125 0.00537035
5.5225 0.00517522
5.5325 0.00498707
5.5425 0.00480746
5.5525 0.00463751
5.5625 0.00447786
5.5725 0.00432871
5.5825 0.00418971
5.5925 0.00406008
5.6025 0.00393855
5.6125 0.00382347
5.6225 0.0037129
5.6325 0.00360467
5.6425 0.00349644
5.6525 0.00338583
5.6625 0.00327049
5.6725 0.00314813
5.6825 0.00301663
5.6925 0.00287403
5.7025 0.00271857
5.7125 0.00254876
5.7225 0.00236335
5.7325 0.00216139
5.7425 0.0019422
5.7525 0.0017054
5.7625 0.00145095
5.7725 0.00117916
5.7825 0.000890707
5.7925 0.000586712
5.8025 0.000268833
5.8125 -6.10062e-05
5.8225 -0.000400643
5.8325 -0.000747384
5.8425 -0.00109868
5.8525 -0.0014518
5.8625 -0.00180393
5.8725 -0.00215226
5.8825 -0.00249405
5.8925 -0.00282671
5.9025 -0.00314786
5.9125 -0.00345542
5.9225 -0.00374759
5.9325 -0.00402294
5.9425 -0.00428042
5.9525 -0.00451944
5.9625 -0.00473986
5.9725 -0.004942
5.9825 -0.00512666
5.9925 -0.00529505
6.0025 -0.0054488
6.0125 -0.00558976
6.0225 -0.00571995
6.0325 -0.00584139
6.0425 -0.005956
6.0525 -0.00606556
6.0625 -0.00617163
6.0725 -0.00627559
6.0825 -0.00637867
6.0925 -0.00648189
6.1025 -0.0065861
6.1125 -0.00669199
6.1225 -0.00680006
6.1325 -0.00691051
6.1425 -0.00702282
6.1525 -0.00713869
6.1625 -0.00725264
6.1725 -0.0073636
6.1825 -0.0074693
6.1925 -0.00756799
6.2025 -0.00765795
6.2125 -0.0077372
6.2225 -0.00780405
6.2325 -0.00785702
6.2425 -0.00789498
6.2525 -0.00791668
6.2625 -0.00792101
6.2725 -0.00790702
6.2825 -0.00787386
6.2925 -0.00782084
6.3025 -0.0077475
6.3125 -0.00765365
6.3225 -0.0075394
6.3325 -0.00740524
6.3425 -0.00725201
6.3525 -0.00708094
6.3625 -0.00689366
6.3725 -0.00669211
6.3825 -0.00647847
6.3925 -0.00625509
6.4025 -0.00602442
6.4125 -0.00578891
6.4225 -0.00555095
6.4325 -0.0053128
6.4425 -0.00507651
6.4525 -0.00484395
6.4625 -0.00461669
6.4725 -0.00439606
6.4825 -0.00418305
6.4925 -0.00397836
6.5025 -0.00378234
6.5125 -0.00359502
6.5225 -0.00341613
6.5325 -0.0032451
6.5425 -0.00308108
6.5525 -0.00292301
6.5625 -0.00276965
6.5725 -0.00261959
6.5825 -0.00247135
6.5925 -0.00232341
6.6025 -0.00217428
6.6125 -0.00202247
6.6225 -0.00186652
6.6325 -0.00170506
6.6425 -0.00153684
6.6525 -0.00136092
6.6625 -0.00117664
6.6725 -0.000983754
6.6825 -0.000782408
6.6925 -0.000573102
6.7025 -0.000356637
6.7125 -0.000134148
6.7225 9.32056e-05
6.7325 0.000323529
6.7425 0.000555432
6.7525 0.000787176
6.7625 0.00101713
6.7725 0.00124363
6.7825 0.00146502
6.7925 0.00167966
6.8025 0.00188601
6.8125 0.0020827
6.8225 0.00226859
6.8325 0.00244282
6.8425 0.00260489
6.8525 0.00275468
6.8625 0.00289238
6.8725 0.00301848
6.8825 0.00313373
6.8925 0.00323908
6.9025 0.00333563
6.9125 0.00342462
6.9225 0.00350744
6.9325 0.00358558
6.9425 0.00366065
6.9525 0.00373432
6.9625 0.00380833
6.9725 0.00388442
6.9825 0.0039643
6.9925 0.00404957
7.0025 0.00414161
7.0125 0.00424156
7.0225 0.00435027
7.0325 0.00446825
7.0425 0.00459568
7.0525 0.00473233
7.0625 0.00487767
7.0725 0.00503076
7.0825 0.00519038
7.0925 0.00535496
7.1025 0.00552269
7.1125 0.00569152
7.1225 0.00585926
7.1325 0.00602366
7.1425 0.0061825
7.1525 0.00633369
7.1625 0.00647534
7.1725 0.00660583
7.1825 0.00672381
7.1925 0.00682822
7.2025 0.00691829
7.2125 0.00699354
7.2225 0.00705369
7.2325 0.00709872
7.2425 0.00712871
7.2525 0.00714391
7.2625 0.00714463
7.2725 0.00713119
7.2825 0.00710386
7.2925 0.00706293
7.3025 0.0070087
7.3125 0.00694149
7.3225 0.00686167
7.3325 0.0067696
7.3425 0.00666567
7.3525 0.00655032
7.3625 0.006424
7.3725 0.00628723
7.3825 0.00614056
7.3925 0.00598462
7.4025 0.00582008
7.4125 0.00564773
7.4225 0.00546839
7.4325 0.00528297
7.4425 0.00509231
7.4525 0.00489713
7.4625 0.00469798
7.4725 0.00449519
7.4825 0.00428882
7.4925 0.00407866
7.5025 0.00386415
7.5125 0.00364451
7.5225 0.00341882
7.5325 0.00318611
7.5425 0.00294548
7.5525 0.00269615
7.5625 0.00243758
7.5725 0.00216949
7.5825 0.00189186
7.5925 0.00160493
7.6025 0.0013092
7.6125 0.0010054
7.6225 0.000694526
7.6325 0.000377762
7.6425 5.61821e-05
7.6525 -0.000268364
7.6625 -0.000593606
7.6725 -0.000917793
7.6825 -0.00123866
7.6925 -0.00155403
7.7025 -0.00186159
7.7125 -0.0021589
7.7225 -0.00244354
7.7325 -0.00271325
7.7425 -0.00296596
7.7525 -0.00319982
7.7625 -0.00341328
7.7725 -0.00360517
7.7825 -0.0037747
7.7925 -0.00392155
7.8025 -0.00404583
7.8125 -0.00414811
7.8225 -0.00422943
7.8325 -0.00429126
7.8425 -0.00433547
7.8525 -0.00436424
7.8625 -0.00438004
7.8725 -0.00438554
7.8825 -0.00438357
7.8925 -0.00437696
7.9025 -0.0043685
7.9125 -0.00436085
7.9225 -0.0043564
7.9325 -0.00435726
7.9425 -0.00436518
7.9525 -0.00438145
7.9625 -0.00440693
7.9725 -0.004442
7.9825 -0.00448656
7.9925 -0.00454002
8.0025 -0.00460135
8.015 -0.00468683
8.0275 -0.00477867
8.04 -0.00487263
8.0525 -0.00496417
8.065 -0.00504868
8.0775 -0.00512182
8.09 -0.00517977
8.1025 -0.00521942
8.115 -0.0052385
8.1275 -0.00523562
8.14 -0.00521039
8.1525 -0.00516336
8.165 -0.00509606
8.1775 -0.00501103
8.19 -0.00491176
8.2025 -0.00480256
8.215 -0.00468847
8.2275 -0.00457497
8.24 -0.00446758
8.2525 -0.0043716
8.265 -0.00429173
8.2775 -0.00423185
8.29 -0.00419473
8.3025 -0.00418184
8.315 -0.00419331
8.3275 -0.00422789
8.34 -0.00428286
8.3525 -0.00435405
8.365 -0.00443597
8.3775 -0.00452192
8.39 -0.00460423
8.4025 -0.00467468
8.415 -0.00472497
8.4275 -0.00474709
8.44 -0.00473379
8.4525 -0.00467902
8.465 -0.00457837
8.4775 -0.0044291
8.49 -0.00423016
8.5025 -0.00398214
8.515 -0.00368717
8.5275 -0.00334886
8.54 -0.00297227
8.5525 -0.00256374
8.565 -0.00213068
8.5775 -0.00168133
8.59 -0.00122438
8.6025 -0.000768363
8.615 -0.000321855
8.6275 0.000107559
8.64 0.000513
8.6525 0.000888515
8.665 0.00122992
8.6775 0.00153386
8.69 0.00179925
8.7025 0.00202689
8.715 0.0022196
8.7275 0.00238178
8.74 0.00251933
8.7525 0.00263912
8.765 0.00274853
8.7775 0.00285507
8.79 0.00296589
8.8025 0.00308742
8.815 0.00322509
8.8275 0.00338308
8.84 0.00356414
8.8525 0.00376941
8.865 0.00399791
8.8775 0.00424735
8.89 0.00451547
8.9025 0.0047959
8.915 0.00508314
8.9275 0.00537068
8.94 0.00565108
8.9525 0.00591639
8.965 0.00615867
8.9775 0.00637031
8.99 0.00654407
9.0025 0.00667353
9.015 0.00675359
9.0275 0.00678089
9.04 0.00675396
9.0525 0.00667342
9.065 0.00654192
9.0775 0.00636405
9.09 0.00614614
9.1025 0.00589599
9.115 0.00562256
9.1275 0.0053355
9.14 0.00504476
9.1525 0.00476008
9.165 0.0044906
9.1775 0.00424443
9.19 0.00402842
9.2025 0.00384795
9.215 0.0037067
9.2275 0.00360641
9.24 0.00354681
9.2525 0.00352564
9.265 0.00353862
9.2775 0.00357979
9.29 0.0036418
9.3025 0.00371624
9.315 0.00379403
9.3275 0.00386584
9.34 0.00392255
9.3525 0.00395569
9.365 0.00395785
9.3775 0.00392305
9.39 0.003847
9.4025 0.00372713
9.415 0.0035627
9.4275 0.00335471
9.44 0.00310588
9.4525 0.00282052
9.465 0.00250434
9.4775 0.00216417
9.49 0.00180764
9.5025 0.0014429
9.515 0.00107822
9.5275 0.000721624
9.54 0.000380614
9.5525 6.18125e-05
9.565 -0.000229719
9.5775 -0.000489456
9.59 -0.000714869
9.6025 -0.000905304
9.615 -0.00106196
9.6275 -0.00118772
9.64 -0.001287
9.6525 -0.00136544
9.665 -0.00142957
9.6775 -0.00148678
9.69 -0.00154457
9.7025 -0.00161009
9.715 -0.00169039
9.7275 -0.00179138
9.74 -0.00191818
9.7525 -0.0020746
9.765 -0.00226315
9.7775 -0.0024848
9.79 -0.00273895
9.8025 -0.00302328
9.815 -0.00333384
9.8275 -0.00366515
9.84 -0.00401045
9.8525 -0.00436207
9.865 -0.00471168
9.8775 -0.00505071
9.89 -0.00537071
9.9025 -0.00566356
9.915 -0.00592186
9.9275 -0.00613918
9.94 -0.00631035
9.9525 -0.00643169
9.965 -0.00650115
9.9775 -0.00651842
9.99 -0.00648488
10.0025 -0.0064035
10.015 -0.00627868
10.0275 -0.00611596
10.04 -0.00592181
10.0525 -0.00570336
10.065 -0.00546821
10.0775 -0.00522408
10.09 -0.00497858
10.1025 -0.00473893
10.115 -0.00451169
10.1275 -0.0043024
10.14 -0.00411534
10.1525 -0.00395318
10.165 -0.0038169
10.1775 -0.00370585
10.19 -0.00361792
10.2025 -0.00354969
10.215 -0.00349668
10.2275 -0.00345361
10.24 -0.00341468
10.2525 -0.00337385
10.265 -0.00332504
10.2775 -0.00326235
10.29 -0.0031805
10.3025 -0.00307502
10.315 -0.00294257
10.3275 -0.00278114
10.34 -0.00259022
10.3525 -0.00237069
10.365 -0.00212484
10.3775 -0.00185621
10.39 -0.00156947
10.4025 -0.00127018
10.415 -0.000964603
10.4275 -0.000659454
10.44 -0.000361572
10.4525 -7.76777e-05
10.465 0.000186166
10.4775 0.000424441
10.49 0.000633427
10.5025 0.000810734
10.515 0.000955092
10.5275 0.0010672
10.54 0.00114942
10.5525 0.00120555
10.565 0.00124064
10.5775 0.00126062
10.59 0.00127201
10.6025 0.00128156
10.615 0.00129582
10.6275 0.00132088
10.64 0.00136214
10.6525 0.00142411
10.665 0.00151028
10.6775 0.0016229
10.69 0.001763
10.7025 0.00193031
10.715 0.00212337
10.7275 0.00233956
10.74 0.00257526
10.7525 0.00282602
10.765 0.00308679
10.7775 0.00335213
10.79 0.00361645
10.8025 0.00387426
10.815 0.00412045
10.8275 0.00435039
10.84 0.00456005
10.8525 0.00474617
10.865 0.00490632
10.8775 0.00503894
10.89 0.00514339
10.9025 0.00521985
10.915 0.00526934
10.9275 0.00529362
10.94 0.00529516
10.9525 0.005277
10.965 0.00524263
10.9775 0.00519582
10.99 0.0051405
11.0025 0.00508054
11.015 0.00501951
11.0275 0.00496046
11.04 0.00490572
11.0525 0.00485681
11.065 0.00481425
11.0775 0.00477746
11.09 0.00474483
11.1025 0.00471394
11.115 0.00468174
11.1275 0.00464472
11.14 0.00459919
11.1525 0.00454147
11.165 0.00446817
11.1775 0.00437638
11.19 0.00426372
11.2025 0.00412853
11.215 0.00396992
11.2275 0.00378783
11.24 0.00358305
11.2525 0.00335716
11.265 0.00311251
11.2775 0.00285212
11.29 0.00257953
11.3025 0.00229865
11.315 0.0020137
11.3275 0.00172901
11.34 0.00144887
11.3525 0.00117738
11.365 0.00091827
11.3775 0.00067474
11.39 0.000449372
11.4025 0.000244006
11.415 5.96947e-05
11.4275 -0.00010335
11.44 -0.000245843
11.4525 -0.000369266
11.465 -0.000476212
11.4775 -0.000570073
11.49 -0.000654467
11.5025 -0.000732878
11.515 -0.000809325
11.5275 -0.000887596
11.54 -0.000971165
11.5525 -0.00106296
11.565 -0.00116522
11.5775 -0.00127949
11.59 -0.00140661
11.6025 -0.00154668
11.615 -0.00169913
11.6275 -0.00186279
11.64 -0.00203594
11.6525 -0.00221632
11.665 -0.00240127
11.6775 -0.00258775
11.69 -0.00277253
11.7025 -0.00295229
11.715 -0.00312375
11.7275 -0.00328387
11.74 -0.00342991
11.7525 -0.00355958
11.765 -0.00367111
11.7775 -0.00376334
11.79 -0.00383582
11.8025 -0.0038889
11.815 -0.00392373
11.8275 -0.00394228
11.84 -0.00394732
11.8525 -0.00394221
11.865 -0.00393074
11.8775 -0.00391686
11.89 -0.00390446
11.9025 -0.00389716
11.915 -0.00389808
11.9275 -0.00390968
11.94 -0.00393372
11.9525 -0.00397112
11.965 -0.00402198
11.9775 -0.00408557
11.99 -0.00416035
12.0025 -0.00424407
12.015 -0.00433385
12.0275 -0.0044263
12.04 -0.00451766
12.0525 -0.004604
12.065 -0.00468132
12.0775 -0.00474579
12.09 -0.00479383
12.1025 -0.00482234
12.115 -0.00482876
12.1275 -0.00481129
12.14 -0.00476894
12.1525 -0.00470158
12.165 -0.00461
12.1775 -0.00449585
12.19 -0.00436161
12.2025 -0.00421047
12.215 -0.00404626
12.2275 -0.00387323
12.24 -0.00369594
12.2525 -0.00351908
12.265 -0.0033472
12.2775 -0.00318449
12.29 -0.00303451
12.3025 -0.00290006
12.315 -0.00278302
12.3275 -0.0026844
12.34 -0.00260429
12.3525 -0.00254194
12.365 -0.00249579
12.3775 -0.00246347
12.39 -0.00244199
12.4025 -0.00242779
12.415 -0.00241693
12.4275 -0.00240526
12.44 -0.00238857
12.4525 -0.00236278
12.465 -0.00232408
12.4775 -0.00226911
12.49 -0.00219508
12.5025 -0.00209986
12.515 -0.0019821
12.5275 -0.00184128
12.54 -0.00167781
12.5525 -0.00149301
12.565 -0.00128909
12.5775 -0.00106906
12.59 -0.000836668
12.6025 -0.000596214
12.615 -0.000352325
12.6275 -0.000109646
12.64 0.000126937
12.6525 0.00035334
12.665 0.00056573
12.6775 0.000760582
12.69 0.000935554
12.7025 0.00108925
12.715 0.0012212
12.7275 0.001332
12.74 0.00142321
12.7525 0.00149726
12.765 0.00155733
12.7775 0.00160719
12.79 0.001651
12.8025 0.00169314
12.815 0.00173801
12.8275 0.00178986
12.84 0.00185265
12.8525 0.00192986
12.865 0.00202433
12.8775 0.00213811
12.89 0.00227235
12.9025 0.00242722
12.915 0.00260188
12.9275 0.00279452
12.94 0.00300243
12.9525 0.00322217
12.965 0.00344972
12.9775 0.00368064
12.99 0.00391031
13.0025 0.00413411
13.015 0.00434764
13.0275 0.00454676
13.04 0.0047278
13.0525 0.00488763
13.065 0.00502385
13.0775 0.00513482
13.09 0.00521975
13.1025 0.00527868
13.115 0.00531245
13.1275 0.0053227
13.14 0.0053117
13.1525 0.0052823
13.165 0.00523773
13.1775 0.00518151
13.19 0.00511725
13.2025 0.0050485
13.215 0.00497859
13.2275 0.00491046
13.24 0.00484645
13.2525 0.00478811
13.265 0.00473614
13.2775 0.00469051
13.29 0.00465044
13.3025 0.00461458
13.315 0.00458104
13.3275 0.00454745
13.34 0.00451105
13.3525 0.0044688
13.365 0.00441752
13.3775 0.00435409
13.39 0.00427558
13.4025 0.00417951
13.415 0.00406388
13.4275 0.00392733
13.44 0.00376918
13.4525 0.0035894
13.465 0.00338868
13.4775 0.00316837
13.49 0.00293038
13.5025 0.00267715
13.515 0.00241152
13.5275 0.00213657
13.54 0.00185553
13.5525 0.0015716
13.565 0.00128784
13.5775 0.00100715
13.59 0.000732243
13.6025 0.000465581
13.615 0.00020937
13.6275 -3.44858e-05
13.64 -0.000264252
13.6525 -0.000478527
13.665 -0.000676779
13.6775 -0.000858914
13.69 -0.00102479
13.7025 -0.00117545
13.715 -0.00131233
13.7275 -0.00143724
13.74 -0.00155213
13.7525 -0.00165895
13.765 -0.0017596
13.7775 -0.00185598
13.79 -0.0019499
13.8025 -0.00204306
13.815 -0.002137
13.8275 -0.00223297
13.84 -0.00233185
13.8525 -0.00243416
13.865 -0.00254013
13.8775 -0.00264969
13.89 -0.0027625
13.9025 -0.00287803
13.915 -0.00299559
13.9275 -0.00311429
13.94 -0.00323309
13.9525 -0.00335081
13.965 -0.00346616
13.9775 -0.00357782
13.99 -0.0036845
14.0025 -0.00378502
14.015 -0.00387839
14.0275 -0.00396388
14.04 -0.00404102
14.0525 -0.00410962
14.065 -0.00416975
14.0775 -0.00422174
14.09 -0.00426612
14.1025 -0.00430362
14.115 -0.00433516
14.1275 -0.00436184
14.14 -0.00438493
14.1525 -0.00440576
14.165 -0.00442561
14.1775 -0.00444564
14.19 -0.00446678
14.2025 -0.00448968
14.215 -0.00451465
14.2275 -0.00454159
14.24 -0.00456995
14.2525 -0.00459871
14.265 -0.00462639
14.2775 -0.00465116
14.29 -0.00467099
14.3025 -0.0046838
14.315 -0.00468753
14.3275 -0.00468032
14.34 -0.00466051
14.3525 -0.00462675
14.365 -0.00457796
14.3775 -0.00451343
14.39 -0.00443277
14.4025 -0.004336
14.415 -0.00422353
14.4275 -0.00409627
14.44 -0.00395549
14.4525 -0.00380265
14.465 -0.00363928
14.4775 -0.00346691
14.49 -0.00328689
14.5025 -0.00310027
14.515 -0.00290775
14.5275 -0.00270976
14.54 -0.00250654
14.5525 -0.00229822
14.565 -0.00208485
14.5775 -0.00186653
14.59 -0.00164337
14.6025 -0.00141538
14.615 -0.00118252
14.6275 -0.000944707
14.64 -0.000701875
14.6525 -0.000453961
14.665 -0.000200796
14.6775 5.7087e-05
14.69 0.000319292
14.7025 0.000585007
14.715 0.000853575
14.7275 0.00112427
14.74 0.00139611
14.7525 0.00166789
14.765 0.00193819
14.7775 0.00220535
14.79 0.00246746
14.8025 0.00272257
14.815 0.00296873
14.8275 0.00320407
14.84 0.00342676
14.8525 0.00363513
14.865 0.00382775
14.8775 0.00400364
14.89 0.00416226
14.9025 0.00430348
14.915 0.00442754
14.9275 0.00453495
14.94 0.00462645
14.9525 0.00470295
14.965 0.0047655
14.9775 0.00481536
14.99 0.00485405
15.0025 0.00488332
15.015 0.0049051
15.0275 0.00492146
15.04 0.00493455
15.0525 0.00494652
15.065 0.00495948
15.0775 0.00497544
15.09 0.00499628
15.1025 0.00502357
15.115 0.00505843
15.1275 0.0051014
15.14 0.00515236
15.1525 0.00521047
15.165 0.00527415
15.1775 0.00534116
15.19 0.00540872
15.2025 0.0054736
15.215 0.00553218
15.2275 0.00558066
15.24 0.00561519
15.2525 0.00563206
15.265 0.00562798
15.2775 0.00560015
15.29 0.00554647
15.3025 0.00546562
15.315 0.00535728
15.3275 0.00522229
15.34 0.00506269
15.3525 0.00488166
15.365 0.00468324
15.3775 0.0044721
15.39 0.00425318
15.4025 0.00403139
15.415 0.00381133
15.4275 0.00359706
15.44 0.00339209
15.4525 0.00319941
15.465 0.00302142
15.4775 0.00285987
15.49 0.00271568
15.5025 0.00258875
15.515 0.00247795
15.5275 0.0023811
15.54 0.00229494
15.5525 0.00221528
15.565 0.00213718
15.5775 0.00205528
15.59 0.00196405
15.6025 0.00185796
15.615 0.00173163
15.6275 0.00157993
15.64 0.00139815
15.6525 0.00118172
15.665 0.000928348
15.6775 0.000635384
15.69 0.000301239
15.7025 -7.50103e-05
15.715 -0.000493493
15.7275 -0.000953039
15.74 -0.00145185
15.7525 -0.00198647
15.765 -0.00255201
15.7775 -0.00314176
15.79 -0.00374714
15.8025 -0.00435769
15.815 -0.00496108
15.8275 -0.00554333
15.84 -0.00608962
15.8525 -0.00658502
15.865 -0.00701537
15.8775 -0.00736822
15.89 -0.00763356
15.9025 -0.00780445
15.915 -0.00787739
15.9275 -0.00785242
15.94 -0.00773295
15.9525 -0.00752549
15.965 -0.00723966
15.9775 -0.00688795
15.99 -0.00648545
16.0025 -0.00604825
16.0125 -0.00568549
16.0225 -0.00532302
16.0325 -0.00496884
16.0425 -0.00463372
16.0525 -0.00432706
16.0625 -0.00405819
16.0725 -0.00383535
16.0825 -0.00366535
16.0925 -0.00355438
16.1025 -0.00350656
16.1125 -0.00352438
16.1225 -0.00360814
16.1325 -0.00375615
16.1425 -0.00396459
16.1525 -0.00422763
16.1625 -0.00453754
16.1725 -0.0048847
16.1825 -0.00525782
16.1925 -0.00564427
16.2025 -0.00603043
16.2125 -0.00640222
16.2225 -0.00674583
16.2325 -0.00704775
16.2425 -0.00729441
16.2525 -0.00747523
16.2625 -0.00757969
16.2725 -0.00759983
16.2825 -0.00752949
16.2925 -0.00736513
16.3025 -0.00710577
16.3125 -0.00675305
16.3225 -0.00631128
16.3325 -0.00578727
16.3425 -0.00519043
16.3525 -0.00453234
16.3625 -0.00382649
16.3725 -0.00308779
16.3825 -0.00233218
16.3925 -0.00157607
16.4025 -0.000836378
16.4125 -0.000129372
16.4225 0.000529584
16.4325 0.00112606
16.4425 0.00164727
16.4525 0.00208284
16.4625 0.00242471
16.4725 0.00266801
16.4825 0.00281071
16.4925 0.00285384
16.5025 0.00280159
16.5125 0.00266121
16.5225 0.00244275
16.5325 0.00215881
16.5425 0.00182504
16.5525 0.00145629
16.5625 0.00106978
16.5725 0.000682955
16.5825 0.000313051
16.5925 -2.34119e-05
16.6025 -0.000310421
16.6125 -0.000535065
16.6225 -0.000685385
16.6325 -0.000752132
16.6425 -0.000728272
16.6525 -0.000609509
16.6625 -0.000394123
16.6725 -8.32665e-05
16.6825 0.000319173
16.6925 0.000806737
16.7025 0.00137037
16.7125 0.00199875
16.7225 0.00267832
16.7325 0.00339378
16.7425 0.00412865
16.7525 0.00486573
16.7625 0.00558769
16.7725 0.00627744
16.7825 0.00691877
16.7925 0.00749675
16.8025 0.00799818
16.8125 0.00841193
16.8225 0.00872926
16.8325 0.00894401
16.8425 0.00905285
16.8525 0.00905543
16.8625 0.00895426
16.8725 0.00875495
16.8825 0.00846619
16.8925 0.00809846
16.9025 0.00766486
16.9125 0.00717982
16.9225 0.00665909
16.9325 0.006119
16.9425 0.00557645
16.9525 0.00504668
16.9625 0.00454483
16.9725 0.00408371
16.9825 0.00367581
16.9925 0.00333303
17.0025 0.00306121
17.0125 0.00286768
17.0225 0.0027557
17.0325 0.00272621
17.0425 0.00277766
17.0525 0.00290502
17.0625 0.00310116
17.0725 0.00335665
17.0825 0.00366026
17.0925 0.00399923
17.1025 0.00435971
17.1125 0.00472731
17.1225 0.00508759
17.1325 0.00542649
17.1425 0.00573073
17.1525 0.00598814
17.1625 0.00618809
17.1725 0.00632222
17.1825 0.00638379
17.1925 0.00636783
17.2025 0.00627341
17.2125 0.00610037
17.2225 0.00585142
17.2325 0.00553097
17.2425 0.00514554
17.2525 0.00470328
17.2625 0.00421375
17.2725 0.00368758
17.2825 0.00313636
17.2925 0.00257243
17.3025 0.00200851
17.3125 0.00145732
17.3225 0.00093123
17.3325 0.000441764
17.3425 -7.48403e-07
17.3525 -0.000387376
17.3625 -0.000711339
17.3725 -0.000967748
17.3825 -0.00115418
17.3925 -0.00127051
17.4025 -0.00131905
17.4125 -0.00130447
17.4225 -0.00123352
17.4325 -0.00111474
17.4425 -0.000958159
17.4525 -0.000774723
17.4625 -0.000576263
17.4725 -0.000373795
17.4825 -0.000177859
17.4925 8.6216e-07
17.5025 0.000152838
17.5125 0.00026958
17.5225 0.000344037
17.5325 0.000370723
17.5425 0.000345758
17.5525 0.000266894
17.5625 0.000133485
17.5725 -5.3511e-05
17.5825 -0.000291622
17.5925 -0.000577031
17.6025 -0.000904617
17.6125 -0.00126863
17.6225 -0.00166241
17.6325 -0.00207877
17.6425 -0.00251016
17.6525 -0.00294882
17.6625 -0.00338698
17.6725 -0.00381707
17.6825 -0.00423182
17.6925 -0.00462448
17.7025 -0.00498888
17.7125 -0.00531951
17.7225 -0.00561165
17.7325 -0.00586141
17.7425 -0.00606581
17.7525 -0.00622291
17.7625 -0.00633186
17.7725 -0.00639285
17.7825 -0.00640816
17.7925 -0.00638045
17.8025 -0.00631444
17.8125 -0.00621585
17.8225 -0.00609161
17.8325 -0.00594955
17.8425 -0.0057981
17.8525 -0.00564602
17.8625 -0.00550202
17.8725 -0.00537447
17.8825 -0.00527109
17.8925 -0.00519861
17.9025 -0.00516586
17.9125 -0.00517233
17.9225 -0.00521714
17.9325 -0.00530195
17.9425 -0.0054254
17.9525 -0.00558581
17.9625 -0.00578031
17.9725 -0.00600574
17.9825 -0.0062575
17.9925 -0.00652953
18.0025 -0.00681498
18.0125 -0.00710617
18.0225 -0.00739477
18.0325 -0.00767214
18.0425 -0.00792968
18.0525 -0.00815899
18.0625 -0.00835217
18.0725 -0.00850203
18.0825 -0.0086023
18.0925 -0.0086478
18.1025 -0.00863452
18.1125 -0.00855979
18.1225 -0.00842231
18.1325 -0.00822221
18.1425 -0.00796111
18.1525 -0.00764208
18.1625 -0.00726955
18.1725 -0.00684926
18.1825 -0.00638807
18.1925 -0.00589381
18.2025 -0.00537511
18.2125 -0.00484115
18.2225 -0.00430147
18.2325 -0.00376573
18.2425 -0.00324349
18.2525 -0.00274394
18.2625 -0.00227577
18.2725 -0.00184689
18.2825 -0.00146424
18.2925 -0.00113347
18.3025 -0.000858636
18.3125 -0.000642083
18.3225 -0.000484285
18.3325 -0.000383849
18.3425 -0.00033757
18.3525 -0.000340611
18.3625 -0.000386655
18.3725 -0.000468658
18.3825 -0.000577721
18.3925 -0.000704433
18.4025 -0.000839463
18.4125 -0.000972269
18.4225 -0.00109283
18.4325 -0.00119114
18.4425 -0.00125653
18.4525 -0.00128379
18.4625 -0.00126579
18.4725 -0.00119755
18.4825 -0.00107541
18.4925 -0.000897038
18.5025 -0.000661839
18.5125 -0.000370659
18.5225 -2.57904e-05
18.5325 0.000369283
18.5425 0.00080977
18.5525 0.00128979
18.5625 0.00180249
18.5725 0.00234025
18.5825 0.00289479
18.5925 0.00345741
18.6025 0.00401918
18.6125 0.00457107
18.6225 0.00510414
18.6325 0.00560974
18.6425 0.00607985
18.6525 0.00650733
18.6625 0.00688611
18.6725 0.0072114
18.6825 0.00747973
18.6925 0.007689
18.7025 0.00783846
18.7125 0.00792876
18.7225 0.0079618
18.7325 0.0079407
18.7425 0.00786963
18.7525 0.00775365
18.7625 0.00759867
18.7725 0.00741132
18.7825 0.00719904
18.7925 0.00697276
18.8025 0.00673374
18.8125 0.00648933
18.8225 0.00624797
18.8325 0.00601553
18.8425 0.00579833
18.8525 0.0056022
18.8625 0.00543265
18.8725 0.00529447
18.8825 0.00519136
18.8925 0.00512637
18.9025 0.00510167
18.9125 0.00511838
18.9225 0.00517659
18.9325 0.00527542
18.9425 0.00541294
18.9525 0.0055863
18.9625 0.00579179
18.9725 0.00602485
18.9825 0.00628026
18.9925 0.0065522
19.0025 0.00683439
19.0125 0.00712026
19.0225 0.00740308
19.0325 0.00767656
19.0425 0.0079338
19.0525 0.00816776
19.0625 0.00837155
19.0725 0.00853859
19.0825 0.00866283
19.0925 0.00873907
19.1025 0.00876314
19.1125 0.00873203
19.1225 0.00864406
19.1325 0.00849892
19.1425 0.0082977
19.1525 0.00804287
19.1625 0.00773825
19.1725 0.00738891
19.1825 0.00700107
19.1925 0.00658192
19.2025 0.00613942
19.2125 0.00568203
19.2225 0.00521845
19.2325 0.00475731
19.2425 0.00430699
19.2525 0.00387527
19.2625 0.00346909
19.2725 0.00309434
19.2825 0.00275558
19.2925 0.00245591
19.3025 0.00219686
19.3125 0.0019783
19.3225 0.00179837
19.3325 0.00165356
19.3425 0.00153868
19.3525 0.00144706
19.3625 0.00137073
19.3725 0.00130079
19.3825 0.00122725
19.3925 0.00113597
19.4025 0.00102691
19.4125 0.000890896
19.4225 0.000721976
19.4325 0.00051442
19.4425 0.000263442
19.4525 -3.43741e-05
19.4625 -0.000382103
19.4725 -0.000780827
19.4825 -0.00123027
19.4925 -0.00172969
19.5025 -0.00227678
19.5125 -0.00286815
19.5225 -0.00349929
19.5325 -0.00416473
19.5425 -0.00485816
19.5525 -0.00557633
19.5625 -0.0063073
19.5725 -0.00703404
19.5825 -0.00774727
19.5925 -0.00843479
19.6025 -0.00908346
19.6125 -0.00968904
19.6225 -0.0102349
19.6325 -0.0106972
19.6425 -0.0111294
19.6525 -0.0115227
19.6625 -0.0118606
19.6725 -0.0121564
19.6825 -0.0124055
19.6925 -0.0126044
19.7025 -0.0127633
19.7125 -0.0128821
19.7225 -0.012957
19.7325 -0.0129933
19.7425 -0.0129971
19.7525 -0.0129668
19.7625 -0.0129
19.7725 -0.0128034
19.7825 -0.0126856
19.7925 -0.0125491
19.8025 -0.0123986
19.8125 -0.0122388
19.8225 -0.012075
19.8325 -0.0119119
19.8425 -0.0117536
19.8525 -0.0116042
19.8625 -0.0114673
19.8725 -0.0113465
19.8825 -0.0112444
19.8925 -0.011163
19.9025 -0.0111037
19.9125 -0.0110677
19.9225 -0.0110547
19.9325 -0.011063
19.9425 -0.0110901
19.9525 -0.0111324
19.9625 -0.0111857
19.9725 -0.0112449
19.9825 -0.0113043
19.9925 -0.0113575
20.0025 -0.0113981
20.0125 -0.0114195
20.0225 -0.0114151
20.0325 -0.0113791
20.0425 -0.0113063
20.0525 -0.0111923
20.0625 -0.0110342
20.0725 -0.0108302
20.0825 -0.0105799
20.0925 -0.0102844
20.1025 -0.00994642
20.1125 -0.00956965
20.1225 -0.00915851
20.1325 -0.00871994
20.1425 -0.00825997
20.1525 -0.00778617
20.1625 -0.00730615
20.1725 -0.00682801
20.1825 -0.00635974
20.1925 -0.00590899
20.2025 -0.00548295
20.2125 -0.00508817
20.2225 -0.00473035
20.2325 -0.00441412
20.2425 -0.0041428
20.2525 -0.00391826
20.2625 -0.00374083
20.2725 -0.00360921
20.2825 -0.00352046
20.2925 -0.00347006
20.3025 -0.00345212
20.3125 -0.0034596
20.3225 -0.00348461
20.3325 -0.0035186
20.3425 -0.00355164
20.3525 -0.00356862
20.3625 -0.00357686
20.3725 -0.00357074
20.3825 -0.00354481
20.3925 -0.00349521
20.4025 -0.00341914
20.4125 -0.00331442
20.4225 -0.00317969
20.4325 -0.00301438
20.4425 -0.00281898
20.4525 -0.00259482
20.4625 -0.00234404
20.4725 -0.00206966
20.4825 -0.00177535
20.4925 -0.00146532
20.5025 -0.00114423
20.5125 -0.000817163
20.5225 -0.000489413
20.5325 -0.000166101
20.5425 0.000147572
20.5525 0.000446194
20.5625 0.000725056
20.5725 0.000979989
20.5825 0.00120745
20.5925 0.0014046
20.6025 0.00156942
20.6125 0.00170078
20.6225 0.0017984
20.6325 0.00186291
20.6425 0.00189582
20.6525 0.00189948
20.6625 0.00187706
20.6725 0.0018325
20.6825 0.00177043
20.6925 0.00169609
20.7025 0.00161512
20.7125 0.00153348
20.7225 0.00145719
20.7325 0.00139211
20.7425 0.00134304
20.7525 0.00131647
20.7625 0.00131605
20.7725 0.00134569
20.7825 0.00140891
20.7925 0.00150784
20.8025 0.0016442
20.8125 0.00181836
20.8225 0.00202992
20.8325 0.00227754
20.8425 0.00255894
20.8525 0.00287091
20.8625 0.00320944
20.8725 0.00356988
20.8825 0.00394714
20.8925 0.00433583
20.9025 0.00473045
20.9125 0.0051255
20.9225 0.00551571
20.9325 0.00589609
20.9425 0.00626205
20.9525 0.00660942
20.9625 0.0069346
20.9725 0.00723451
20.9825 0.00750665
20.9925 0.0077491
21.0025 0.00796052
21.0125 0.00814189
21.0225 0.00829196
21.0325 0.00840631
21.0425 0.0084867
21.0525 0.00853221
21.0625 0.00854396
21.0725 0.00852342
21.0825 0.00847277
21.0925 0.0083948
21.1025 0.00829285
21.1125 0.00817077
21.1225 0.00803274
21.1325 0.00788307
21.1425 0.00772624
21.1525 0.00756675
21.1625 0.00740896
21.1725 0.00725703
21.1825 0.00711482
21.1925 0.0069858
21.2025 0.00687315
21.2125 0.00677969
21.2225 0.00670653
21.2325 0.00665412
21.2425 0.00662211
21.2525 0.00660944
21.2625 0.00661461
21.2725 0.00663564
21.2825 0.00667015
21.2925 0.00671552
21.3025 0.00676892
21.3125 0.00682734
21.3225 0.00688761
21.3325 0.00694641
21.3425 0.00700033
21.3525 0.00704594
21.3625 0.00707982
21.3725 0.00709868
21.3825 0.00709948
21.3925 0.00707949
21.4025 0.00703642
21.4125 0.0069685
21.4225 0.00687454
21.4325 0.00675384
21.4425 0.00660627
21.4525 0.00643221
21.4625 0.00623253
21.4725 0.00600851
21.4825 0.00576181
21.4925 0.00549445
21.5025 0.00520877
21.5125 0.00490747
21.5225 0.00459352
21.5325 0.0042701
21.5425 0.00394047
21.5525 0.00360787
21.5625 0.00327537
21.5725 0.00294583
21.5825 0.00262176
21.5925 0.00230533
21.6025 0.00199831
21.6125 0.00170212
21.6225 0.00141775
21.6325 0.00114579
21.6425 0.000886461
21.6525 0.000639631
21.6625 0.000404869
21.6725 0.000180843
21.6825 -3.63268e-05
21.6925 -0.000239096
21.7025 -0.000430382
21.7125 -0.000608667
21.7225 -0.000775436
21.7325 -0.000930671
21.7425 -0.00107492
21.7525 -0.00120906
21.7625 -0.0013347
21.7725 -0.00145345
21.7825 -0.00156591
21.7925 -0.00167421
21.8025 -0.00177979
21.8125 -0.00188439
21.8225 -0.00198964
21.8325 -0.00209709
21.8425 -0.00220818
21.8525 -0.00232417
21.8625 -0.00244615
21.8725 -0.00257498
21.8825 -0.0027112
21.8925 -0.00285513
21.9025 -0.0030068
21.9125 -0.00316602
21.9225 -0.00333236
21.9325 -0.00350515
21.9425 -0.00368357
21.9525 -0.00386664
21.9625 -0.00405327
21.9725 -0.00424228
21.9825 -0.00443243
21.9925 -0.00462238
22.0025 -0.00481074
22.0125 -0.00499611
22.0225 -0.00517705
22.0325 -0.00535216
22.0425 -0.00552016
22.0525 -0.00567985
22.0625 -0.00583024
22.0725 -0.00597052
22.0825 -0.00610013
22.0925 -0.00621874
22.1025 -0.00632627
22.1125 -0.00642285
22.1225 -0.00650885
22.1325 -0.00658487
22.1425 -0.00665169
22.1525 -0.00671027
22.1625 -0.00676171
22.1725 -0.00680728
22.1825 -0.00684834
22.1925 -0.00688635
22.2025 -0.00692281
22.2125 -0.00695924
22.2225 -0.0069971
22.2325 -0.00703778
22.2425 -0.00708252
22.2525 -0.0071324
22.2625 -0.00718831
22.2725 -0.00725089
22.2825 -0.00732055
22.2925 -0.00739743
22.3025 -0.00748141
22.3125 -0.00757211
22.3225 -0.00766892
22.3325 -0.00777096
22.3425 -0.00787711
22.3525 -0.00798603
22.3625 -0.00809612
22.3725 -0.00820604
22.3825 -0.00831379
22.3925 -0.00841642
22.4025 -0.00851091
22.4125 -0.00859381
22.4225 -0.008662
22.4325 -0.0087125
22.4425 -0.00874264
22.4525 -0.00875015
22.4625 -0.00873309
22.4725 -0.00869017
22.4825 -0.00862059
22.4925 -0.00852391
22.5025 -0.00840034
22.5125 -0.00825045
22.5225 -0.00807527
22.5325 -0.00787614
22.5425 -0.00765475
22.5525 -0.00741313
22.5625 -0.00715358
22.5725 -0.00687871
22.5825 -0.00659128
22.5925 -0.00629428
22.6025 -0.00599087
22.6125 -0.00568435
22.6225 -0.00537817
22.6325 -0.00507581
22.6425 -0.00478065
22.6525 -0.00449573
22.6625 -0.00422367
22.6725 -0.00396636
22.6825 -0.003725
22.6925 -0.00349999
22.7025 -0.00329092
22.7125 -0.00309656
22.7225 -0.00291486
22.7325 -0.00274297
22.7425 -0.00257395
22.7525 -0.00241274
22.7625 -0.00225617
22.7725 -0.00210324
22.7825 -0.0019518
22.7925 -0.00180078
22.8025 -0.00164796
22.8125 -0.00149166
22.8225 -0.00133079
22.8325 -0.00116326
22.8425 -0.000987918
22.8525 -0.000802933
22.8625 -0.000607434
22.8725 -0.000400925
22.8825 -0.000182731
22.8925 4.74583e-05
22.9025 0.000289567
22.9125 0.000542988
22.9225 0.000806741
22.9325 0.00107955
22.9425 0.00135983
22.9525 0.00164567
22.9625 0.00193489
22.9725 0.00222511
22.9825 0.00251386
22.9925 0.00279862
23.0025 0.00307685
23.0125 0.00334607
23.0225 0.00360387
23.0325 0.00384801
23.0425 0.00407645
23.0525 0.00428744
23.0625 0.00447959
23.0725 0.00465189
23.0825 0.00480377
23.0925 0.0049351
23.1025 0.00504619
23.1125 0.00513782
23.1225 0.00521116
23.1325 0.00526783
23.1425 0.00530974
23.1525 0.00533912
23.1625 0.0053584
23.1725 0.00537012
23.1825 0.00537693
23.1925 0.00538142
23.2025 0.00538615
23.2125 0.00539347
23.2225 0.00540548
23.2325 0.00542399
23.2425 0.00545042
23.2525 0.00548581
23.2625 0.00553076
23.2725 0.00558546
23.2825 0.00564967
23.2925 0.0057227
23.3025 0.00580352
23.3125 0.00589068
23.3225 0.00598247
23.3325 0.0060773
23.3425 0.00617269
23.3525 0.00626566
23.3625 0.00635302
23.3725 0.00643144
23.3825 0.00649774
23.3925 0.00654914
23.4025 0.00658309
23.4125 0.00659747
23.4225 0.00659055
23.4325 0.00656103
23.4425 0.00650811
23.4525 0.00643154
23.4625 0.00633158
23.4725 0.00620904
23.4825 0.00606529
23.4925 0.00590214
23.5025 0.00572172
23.5125 0.00552643
23.5225 0.00531879
23.5325 0.0051013
23.5425 0.0048764
23.5525 0.00464636
23.5625 0.00441303
23.5725 0.00417846
23.5825 0.00394425
23.5925 0.00371142
23.6025 0.00348114
23.6125 0.00325406
23.6225 0.00303063
23.6325 0.0028109
23.6425 0.00259466
23.6525 0.00238152
23.6625 0.00217087
23.6725 0.00196209
23.6825 0.00175452
23.6925 0.00154762
23.7025 0.00134095
23.7125 0.00113426
23.7225 0.000927457
23.7325 0.00071989
23.7425 0.000509076
23.7525 0.000303349
23.7625 0.000100941
23.7725 -9.45843e-05
23.7825 -0.000283739
23.7925 -0.000466698
23.8025 -0.000641599
23.8125 -0.000809279
23.8225 -0.000968413
23.8325 -0.00112001
23.8425 -0.00126411
23.8525 -0.00140028
23.8625 -0.00152985
23.8725 -0.00165306
23.8825 -0.00177126
23.8925 -0.00188541
23.9025 -0.00199655
23.9125 -0.00210584
23.9225 -0.0022145
23.9325 -0.00232373
23.9425 -0.00243452
23.9525 -0.00254773
23.9625 -0.00266401
23.9725 -0.00278388
23.9825 -0.00290756
23.9925 -0.00303503
24.0025 -0.00316597
24.0125 -0.00329976
24.0225 -0.00343553
24.0325 -0.00357211
24.0425 -0.00370812
24.0525 -0.00384203
24.0625 -0.00397218
24.0725 -0.00409676
24.0825 -0.00421397
24.0925 -0.00432198
24.1025 -0.0044191
24.1125 -0.00450371
24.1225 -0.00457433
24.1325 -0.00462967
24.1425 -0.00466864
24.1525 -0.00469038
24.1625 -0.00469431
24.1725 -0.00468012
24.1825 -0.00464782
24.1925 -0.00459769
24.2025 -0.0045304
24.2125 -0.00444718
24.2225 -0.00434953
24.2325 -0.00423936
24.2425 -0.00411895
24.2525 -0.00399097
24.2625 -0.00385809
24.2725 -0.00372329
24.2825 -0.00358969
24.2925 -0.00346019
24.3025 -0.00333786
24.3125 -0.00322556
24.3225 -0.00312604
24.3325 -0.0030418
24.3425 -0.00297501
24.3525 -0.00292758
24.3625 -0.00290102
24.3725 -0.00289648
24.3825 -0.00291467
24.3925 -0.00295584
24.4025 -0.00301979
24.4125 -0.00310586
24.4225 -0.00321293
24.4325 -0.00333923
24.4425 -0.0034828
24.4525 -0.00364086
24.4625 -0.00381241
24.4725 -0.00399433
24.4825 -0.00418439
24.4925 -0.00437871
24.5025 -0.00457314
24.5125 -0.00476329
24.5225 -0.00494425
24.5325 -0.00511086
24.5425 -0.00525788
24.5525 -0.00538064
24.5625 -0.00547469
24.5725 -0.00553618
24.5825 -0.00556187
24.5925 -0.00554872
24.6025 -0.00549618
24.6125 -0.00540287
24.6225 -0.00526952
24.6325 -0.00509762
24.6425 -0.00488971
24.6525 -0.00464929
24.6625 -0.00438061
24.6725 -0.00408866
24.6825 -0.00377901
24.6925 -0.00345762
24.7025 -0.0031306
24.7125 -0.00280407
24.7225 -0.00248402
24.7325 -0.00217621
24.7425 -0.00188604
24.7525 -0.00161934
24.7625 -0.00138028
24.7725 -0.00117068
24.7825 -0.000994209
24.7925 -0.000852078
24.8025 -0.000745124
24.8125 -0.000673169
24.8225 -0.000634308
24.8325 -0.000628743
24.8425 -0.000653557
24.8525 -0.000705977
24.8625 -0.000781967
24.8725 -0.000876826
24.8825 -0.000985706
24.8925 -0.00110436
24.9025 -0.0012254
24.9125 -0.00134522
24.9225 -0.00145787
24.9325 -0.00155833
24.9425 -0.00164188
24.9525 -0.00170431
24.9625 -0.00174226
24.9725 -0.00175292
24.9825 -0.00173419
24.9925 -0.00168482
25.0025 -0.0016042
25.0125 -0.00149283
25.0225 -0.00135257
25.0325 -0.0011859
25.0425 -0.000996307
25.0525 -0.000787925
25.0625 -0.000565602
25.0725 -0.000334813
25.0825 -0.000101395
25.0925 0.000128601
25.1025 0.000348266
25.1125 0.000551135
25.1225 0.000735762
25.1325 0.00089609
25.1425 0.00102875
25.1525 0.00113016
25.1625 0.00119742
25.1725 0.00122842
25.1825 0.00122183
25.1925 0.00117682
25.2025 0.00109369
25.2125 0.000973987
25.2225 0.000820273
25.2325 0.000636676
25.2425 0.000428404
25.2525 0.000198043
25.2625 -4.88201e-05
25.2725 -0.000306926
25.2825 -0.000570539
25.2925 -0.00083389
25.3025 -0.00109121
25.3125 -0.00133716
25.3225 -0.00156652
25.3325 -0.00177478
25.3425 -0.00195792
25.3525 -0.00211218
25.3625 -0.00223569
25.3725 -0.00232683
25.3825 -0.00238423
25.3925 -0.00240813
25.4025 -0.00239948
25.4125 -0.00236062
25.4225 -0.00229453
25.4325 -0.00220501
25.4425 -0.00209663
25.4525 -0.00197455
25.4625 -0.00184443
25.4725 -0.00171215
25.4825 -0.00158513
25.4925 -0.00146931
25.5025 -0.00136516
25.5125 -0.00127815
25.5225 -0.00121115
25.5325 -0.00116708
25.5425 -0.00114795
25.5525 -0.00115467
25.5625 -0.00118788
25.5725 -0.00124793
25.5825 -0.00133371
25.5925 -0.00144405
25.6025 -0.00157696
25.6125 -0.00172982
25.6225 -0.00189961
25.6325 -0.002083
25.6425 -0.00227626
25.6525 -0.00247563
25.6625 -0.00267758
25.6725 -0.00287707
25.6825 -0.00307135
25.6925 -0.00325614
25.7025 -0.00342804
25.7125 -0.00358379
25.7225 -0.00372061
25.7325 -0.00383636
25.7425 -0.00392929
25.7525 -0.00399825
25.7625 -0.00404276
25.7725 -0.00406301
25.7825 -0.00405987
25.7925 -0.00403486
25.8025 -0.00399012
25.8125 -0.0039284
25.8225 -0.00385294
25.8325 -0.00376747
25.8425 -0.00367607
25.8525 -0.00358308
25.8625 -0.00349298
25.8725 -0.00341022
25.8825 -0.00333916
25.8925 -0.00328388
25.9025 -0.00324801
25.9125 -0.00323498
25.9225 -0.00324745
25.9325 -0.00328711
25.9425 -0.00335564
25.9525 -0.00345386
25.9625 -0.00358094
25.9725 -0.00373631
25.9825 -0.00391791
25.9925 -0.00412383
26.0025 -0.0043509
26.0125 -0.00459482
26.0225 -0.00485071
26.0325 -0.00511302
26.0425 -0.00537574
26.0525 -0.0056325
26.0625 -0.00587679
26.0725 -0.00610212
26.0825 -0.00630223
26.0925 -0.00647115
26.1025 -0.00660369
26.1125 -0.00669542
26.1225 -0.00674279
26.1325 -0.0067433
26.1425 -0.00669552
26.1525 -0.00659916
26.1625 -0.00645512
26.1725 -0.00626542
26.1825 -0.00603318
26.1925 -0.00576248
26.2025 -0.00545828
26.2125 -0.00512619
26.2225 -0.00477236
26.2325 -0.00440327
26.2425 -0.00402556
26.2525 -0.00364588
26.2625 -0.00327073
26.2725 -0.00290633
26.2825 -0.00255835
26.2925 -0.00223388
26.3025 -0.00193537
26.3125 -0.00166533
26.3225 -0.00142518
26.3325 -0.00121678
26.3425 -0.00104246
26.3525 -0.000902065
26.3625 -0.000795283
26.3725 -0.00072025
26.3825 -0.000674609
26.3925 -0.000655504
26.4025 -0.000660601
26.4125 -0.000683656
26.4225 -0.000722037
26.4325 -0.000770738
26.4425 -0.000824493
26.4525 -0.000878474
26.4625 -0.000927691
26.4725 -0.000967624
26.4825 -0.000993904
26.4925 -0.00100248
26.5025 -0.000989834
26.5125 -0.000953302
26.5225 -0.000891187
26.5325 -0.000801544
26.5425 -0.000683943
26.5525 -0.000538412
26.5625 -0.00036585
26.5725 -0.000167926
26.5825 5.30004e-05
26.5925 0.000293915
26.6025 0.000551239
26.6125 0.000820823
26.6225 0.00109816
26.6325 0.00137852
26.6425 0.00165684
26.6525 0.00192807
26.6625 0.00218723
26.6725 0.00242953
26.6825 0.00265052
26.6925 0.00284616
26.7025 0.00301293
26.7125 0.00314793
26.7225 0.00324894
26.7325 0.00331451
26.7425 0.00334394
26.7525 0.00333732
26.7625 0.00329554
26.7725 0.00322029
26.7825 0.00311401
26.7925 0.0029797
26.8025 0.0028211
26.8125 0.00264268
26.8225 0.00244927
26.8325 0.00224608
26.8425 0.0020386
26.8525 0.0018324
26.8625 0.00163301
26.8725 0.00144582
26.8825 0.00127589
26.8925 0.00112785
26.9025 0.00100575
26.9125 0.000913149
26.9225 0.000852399
26.9325 0.000825368
26.9425 0.000832963
26.9525 0.000875219
26.9625 0.000951359
26.9725 0.00105972
26.9825 0.00119813
26.9925 0.00136311
27.0025 0.00155046
27.0125 0.00175582
27.0225 0.00197286
27.0325 0.00219694
27.0425 0.00242232
27.0525 0.002643
27.0625 0.00285299
27.0725 0.00304657
27.0825 0.00321829
27.0925 0.00336288
27.1025 0.00347578
27.1125 0.00355333
27.1225 0.00359229
27.1325 0.00359055
27.1425 0.00354685
27.1525 0.00346094
27.1625 0.00333356
27.1725 0.00316646
27.1825 0.00296231
27.1925 0.00272472
27.2025 0.00245808
27.2125 0.00216744
27.2225 0.00185838
27.2325 0.00153683
27.2425 0.0012089
27.2525 0.000880698
27.2625 0.000558141
27.2725 0.000246809
27.2825 -4.82269e-05
27.2925 -0.000322545
27.3025 -0.000572488
27.3125 -0.000793831
27.3225 -0.000984977
27.3325 -0.00115056
27.3425 -0.00128575
27.3525 -0.00138968
27.3625 -0.00146467
27.3725 -0.00151138
27.3825 -0.00153187
27.3925 -0.00152892
27.4025 -0.00150609
27.4125 -0.001467
27.4225 -0.00141586
27.4325 -0.00135732
27.4425 -0.00129608
27.4525 -0.00123555
27.4625 -0.00118085
27.4725 -0.0011371
27.4825 -0.0011056
27.4925 -0.00109104
27.5025 -0.00109563
27.5125 -0.00112215
27.5225 -0.00117215
27.5325 -0.00124652
27.5425 -0.00134568
27.5525 -0.00146933
27.5625 -0.00161655
27.5725 -0.0017857
27.5825 -0.00197338
27.5925 -0.00217679
27.6025 -0.00239173
27.6125 -0.00261366
27.6225 -0.00283741
27.6325 -0.00305754
27.6425 -0.00326854
27.6525 -0.0034649
27.6625 -0.00364117
27.6725 -0.00379224
27.6825 -0.00391221
27.6925 -0.0040002
27.7025 -0.00405259
27.7125 -0.00406747
27.7225 -0.00404344
27.7325 -0.00397991
27.7425 -0.00387715
27.7525 -0.00373632
27.7625 -0.00355928
27.7725 -0.00334883
27.7825 -0.0031086
27.7925 -0.00284293
27.8025 -0.00255678
27.8125 -0.00225567
27.8225 -0.00194645
27.8325 -0.00163241
27.8425 -0.00131986
27.8525 -0.00101475
27.8625 -0.000720233
27.8725 -0.000442272
27.8825 -0.000183566
27.8925 5.09195e-05
27.9025 0.000257651
27.9125 0.000433872
27.9225 0.000577486
27.9325 0.000687109
27.9425 0.000761885
27.9525 0.000801889
27.9625 0.000807782
27.9725 0.000781369
27.9825 0.000725516
27.9925 0.00064382
28.0025 0.000540673
28.0125 0.000421084
28.0225 0.000291522
28.0325 0.000156667
28.0425 2.05388e-05
28.0525 -0.000111555
28.0625 -0.000235092
28.0725 -0.000345672
28.0825 -0.000439372
28.0925 -0.000512828
28.1025 -0.000563327
28.1125 -0.000588958
28.1225 -0.000588493
28.1325 -0.000561524
28.1425 -0.00050857
28.1525 -0.000430961
28.1625 -0.000330894
28.1725 -0.000211592
28.1825 -7.56851e-05
28.1925 7.28536e-05
28.2025 0.000229854
28.2125 0.000390709
28.2225 0.000550405
28.2325 0.000703686
28.2425 0.000845323
28.2525 0.000970461
28.2625 0.00107544
28.2725 0.00115434
28.2825 0.00120554
28.2925 0.00122648
28.3025 0.00121549
28.3125 0.00117207
28.3225 0.0010964
28.3325 0.000990112
28.3425 0.000856124
28.3525 0.000697991
28.3625 0.000518177
28.3725 0.000321508
28.3825 0.000112455
28.3925 -0.000103488
28.4025 -0.000320663
28.4125 -0.000533446
28.4225 -0.000736124
28.4325 -0.000923175
28.4425 -0.0010894
28.4525 -0.00123007
28.4625 -0.00134109
28.4725 -0.00141907
28.4825 -0.00146141
28.4925 -0.00146641
28.5025 -0.00143318
28.5125 -0.00136176
28.5225 -0.00125295
28.5325 -0.00110858
28.5425 -0.000931448
28.5525 -0.000725125
28.5625 -0.000493941
28.5725 -0.000242934
28.5825 2.29436e-05
28.5925 0.000297405
28.6025 0.000574402
28.6125 0.00084753
28.6225 0.00111077
28.6325 0.00135906
28.6425 0.00158678
28.6525 0.00178925
28.6625 0.00196221
28.6725 0.00210217
28.6825 0.00220667
28.6925 0.00227416
28.7025 0.00230395
28.7125 0.00229641
28.7225 0.0022529
28.7325 0.00217562
28.7425 0.00206753
28.7525 0.00193229
28.7625 0.00177406
28.7725 0.00159742
28.7825 0.00140717
28.7925 0.00120825
28.8025 0.00100561
28.8125 0.000804144
28.8225 0.000608503
28.8325 0.000423038
28.8425 0.000251672
28.8525 9.78262e-05
28.8625 -3.56516e-05
28.8725 -0.000146589
28.8825 -0.00023344
28.8925 -0.000295344
28.9025 -0.000332232
28.9125 -0.00034476
28.9225 -0.000334337
28.9325 -0.000303062
28.9425 -0.000253686
28.9525 -0.000189497
28.9625 -0.000114192
28.9725 -3.17348e-05
28.9825 5.37739e-05
28.9925 0.000138238
29.0025 0.000217726
29.0125 0.00028906
29.0225 0.000349793
29.0325 0.000395815
29.0425 0.000427405
29.0525 0.000443046
29.0625 0.000442842
29.0725 0.000427256
29.0825 0.00039757
29.0925 0.000355907
29.1025 0.000304649
29.1125 0.000246615
29.1225 0.000185141
29.1325 0.000123671
29.1425 6.70709e-05
29.1525 1.78488e-05
29.1625 -2.34382e-05
29.1725 -5.37884e-05
29.1825 -7.14086e-05
29.1925 -7.42528e-05
29.2025 -6.07688e-05
29.2125 -2.96204e-05
29.2225 1.98615e-05
29.2325 8.86182e-05
29.2425 0.000177054
29.2525 0.000285074
29.2625 0.000412148
29.2725 0.000557414
29.2825 0.000719745
29.2925 0.000897285
29.3025 0.0010881
29.3125 0.00128993
29.3225 0.00149959
29.3325 0.00171441
29.3425 0.00193067
29.3525 0.00214458
29.3625 0.00235258
29.3725 0.00255089
29.3825 0.00273594
29.3925 0.00290418
29.4025 0.00305235
29.4125 0.00317742
29.4225 0.00327693
29.4325 0.00334879
29.4425 0.00339138
29.4525 0.00340366
29.4625 0.00338511
29.4725 0.00333584
29.4825 0.00325648
29.4925 0.00314824
29.5025 0.00301284
29.5125 0.00285248
29.5225 0.00266971
29.5325 0.00246738
29.5425 0.00224855
29.5525 0.00201639
29.5625 0.0017741
29.5725 0.00152477
29.5825 0.00127135
29.5925 0.00101461
29.6025 0.000758856
29.6125 0.000508889
29.6225 0.000266658
29.6325 3.53859e-05
29.6425 -0.000181786
29.6525 -0.000388094
29.6625 -0.00058097
29.6725 -0.000761693
29.6825 -0.000931378
29.6925 -0.0010912
29.7025 -0.00124288
29.7125 -0.00138879
29.7225 -0.00153153
29.7325 -0.00167377
29.7425 -0.00181806
29.7525 -0.00196531
29.7625 -0.00212088
29.7725 -0.00228541
29.7825 -0.00245982
29.7925 -0.00264686
29.8025 -0.00284716
29.8125 -0.00306222
29.8225 -0.00329218
29.8325 -0.00353714
29.8425 -0.00379687
29.8525 -0.0040708
29.8625 -0.00435802
29.8725 -0.00465711
29.8825 -0.00496636
29.8925 -0.00528373
29.9025 -0.00560691
29.9125 -0.0059334
29.9225 -0.00626045
29.9325 -0.00658518
29.9425 -0.00690457
29.9525 -0.00721561
29.9625 -0.00751529
29.9725 -0.00780069
29.9825 -0.00806904
29.9925 -0.00831775
30.0025 -0.00854444
30.0125 -0.00874703
30.0225 -0.00892376
30.0325 -0.00907325
30.0425 -0.00919453
30.0525 -0.00928698
30.0625 -0.00935044
30.0725 -0.00938518
30.0825 -0.0093919
30.0925 -0.00937171
30.1025 -0.00932608
30.1125 -0.00925687
30.1225 -0.0091662
30.1325 -0.00905635
30.1425 -0.00893011
30.1525 -0.00879037
30.1625 -0.00864014
30.1725 -0.00848252
30.1825 -0.00832061
30.1925 -0.00815742
30.2025 -0.00799583
30.2125 -0.0078385
30.2225 -0.00768785
30.2325 -0.00754601
30.2425 -0.0074147
30.2525 -0.00729538
30.2625 -0.0071892
30.2725 -0.00709637
30.2825 -0.00701659
30.2925 -0.00694904
30.3025 -0.00689267
30.3125 -0.00684614
30.3225 -0.0068071
30.3325 -0.00677417
30.3425 -0.00674482
30.3525 -0.00671683
30.3625 -0.00668783
30.3725 -0.00665555
30.3825 -0.0066178
30.3925 -0.00657249
30.4025 -0.00651772
30.4125 -0.00645182
30.4225 -0.00637347
30.4325 -0.00628169
30.4425 -0.00617586
30.4525 -0.00605569
30.4625 -0.0059213
30.4725 -0.00577321
30.4825 -0.00561228
30.4925 -0.0054397
30.5025 -0.00525695
30.5125 -0.0050658
30.5225 -0.00486818
30.5325 -0.004666
30.5425 -0.00446198
30.5525 -0.00425811
30.5625 -0.00405671
30.5725 -0.00386001
30.5825 -0.00367013
30.5925 -0.00348899
30.6025 -0.00331815
30.6125 -0.00315883
30.6225 -0.00301195
30.6325 -0.00287806
30.6425 -0.00275753
30.6525 -0.00265141
30.6625 -0.00255369
30.6725 -0.0024702
30.6825 -0.00239957
30.6925 -0.00234084
30.7025 -0.00229427
30.7125 -0.00225892
30.7225 -0.00223348
30.7325 -0.00221638
30.7425 -0.00220622
30.7525 -0.00220126
30.7625 -0.00219969
30.7725 -0.00219959
30.7825 -0.00219869
30.7925 -0.0021956
30.8025 -0.00218797
30.8125 -0.00217408
30.8225 -0.00215219
30.8325 -0.00212084
30.8425 -0.0020787
30.8525 -0.00202468
30.8625 -0.00195794
30.8725 -0.00187793
30.8825 -0.00178443
30.8925 -0.00167753
30.9025 -0.00155766
30.9125 -0.00142558
30.9225 -0.00128236
30.9325 -0.00112941
30.9425 -0.000968127
30.9525 -0.000800623
30.9625 -0.000629016
30.9725 -0.000455482
30.9825 -0.000282225
30.9925 -0.000111438
31.0025 5.46515e-05
31.0125 0.000213904
31.0225 0.000364335
31.0325 0.000504167
31.0425 0.000631847
31.0525 0.000746065
31.0625 0.000845796
31.0725 0.000930343
31.0825 0.000999353
31.0925 0.00105282
31.1025 0.00109105
31.1125 0.00111468
31.1225 0.00112463
31.1325 0.00112212
31.1425 0.00110856
31.1525 0.00108556
31.1625 0.00105486
31.1725 0.00101832
31.1825 0.000977886
31.1925 0.000935503
31.2025 0.000893135
31.2125 0.000852699
31.2225 0.000816031
31.2325 0.000784855
31.2425 0.000760746
31.2525 0.00074511
31.2625 0.000739153
31.2725 0.00074387
31.2825 0.000760027
31.2925 0.000788145
31.3025 0.000828493
31.3125 0.000881071
31.3225 0.000945613
31.3325 0.00102159
31.3425 0.00110823
31.3525 0.00120456
31.3625 0.00130942
31.3725 0.00142152
31.3825 0.00153946
31.3925 0.00166181
31.4025 0.0017871
31.4125 0.00191391
31.4225 0.00204088
31.4325 0.00216682
31.4425 0.00229069
31.4525 0.00241146
31.4625 0.00252844
31.4725 0.00264114
31.4825 0.00274925
31.4925 0.00285264
31.5025 0.00295137
31.5125 0.00304567
31.5225 0.00313596
31.5325 0.00322274
31.5425 0.00330664
31.5525 0.00338836
31.5625 0.00346864
31.5725 0.00354823
31.5825 0.00362788
31.5925 0.00370781
31.6025 0.00378913
31.6125 0.00387229
31.6225 0.00395726
31.6325 0.00404479
31.6425 0.00413492
31.6525 0.00422795
31.6625 0.00432384
31.6725 0.00442253
31.6825 0.00452387
31.6925 0.00462766
31.7025 0.00473358
31.7125 0.00484121
31.7225 0.00495003
31.7325 0.00505946
31.7425 0.00516884
31.7525 0.00527746
31.7625 0.00538454
31.7725 0.00548924
31.7825 0.00559071
31.7925 0.00568806
31.8025 0.00578041
31.8125 0.00586688
31.8225 0.00594664
31.8325 0.00601886
31.8425 0.00608279
31.8525 0.00613772
31.8625 0.00618305
31.8725 0.00621823
31.8825 0.00624283
31.8925 0.00625652
31.9025 0.00625915
31.9125 0.00625063
31.9225 0.00623096
31.9325 0.00620046
31.9425 0.00615932
31.9525 0.00610783
31.9625 0.00604636
31.9725 0.00597531
31.9825 0.00589517
31.9925 0.00580646
32.0025 0.0057098
32.015 0.00557876
32.0275 0.00543767
32.04 0.0052879
32.0525 0.00513078
32.065 0.00496748
32.0775 0.00479898
32.09 0.00462599
32.1025 0.00444892
32.115 0.00426787
32.1275 0.00408267
32.14 0.00389291
32.1525 0.00369794
32.165 0.00349697
32.1775 0.00328912
32.19 0.00307362
32.2025 0.00284984
32.215 0.00261747
32.2275 0.00237654
32.24 0.00212752
32.2525 0.00187119
32.265 0.00160858
32.2775 0.0013409
32.29 0.00106948
32.3025 0.000795663
32.315 0.000520821
32.3275 0.000246313
32.34 -2.6571e-05
32.3525 -0.000297573
32.365 -0.000566272
32.3775 -0.000823442
32.39 -0.00106909
32.4025 -0.00130006
32.415 -0.00151438
32.4275 -0.00170964
32.44 -0.00188471
32.4525 -0.00203919
32.465 -0.00217306
32.4775 -0.00228706
32.49 -0.00238263
32.5025 -0.00246174
32.515 -0.00252696
32.5275 -0.00258126
32.54 -0.00262789
32.5525 -0.00267037
32.565 -0.00271225
32.5775 -0.00275697
32.59 -0.00280776
32.6025 -0.00286757
32.615 -0.00293899
32.6275 -0.00302416
32.64 -0.00312479
32.6525 -0.00324207
32.665 -0.00337668
32.6775 -0.00352874
32.69 -0.00369783
32.7025 -0.00388296
32.715 -0.00408266
32.7275 -0.00429499
32.74 -0.00451765
32.7525 -0.00474805
32.765 -0.00498341
32.7775 -0.00522086
32.79 -0.00545758
32.8025 -0.00569087
32.815 -0.00591826
32.8275 -0.00613761
32.84 -0.0063472
32.8525 -0.00654576
32.865 -0.00673252
32.8775 -0.00690726
32.89 -0.00707029
32.9025 -0.00722238
32.915 -0.00736453
32.9275 -0.00749811
32.94 -0.00762479
32.9525 -0.00774619
32.965 -0.00786431
32.9775 -0.00798115
32.99 -0.00809871
33.0025 -0.00821902
33.015 -0.00834398
33.0275 -0.00847529
33.04 -0.00861426
33.0525 -0.00876181
33.065 -0.00891838
33.0775 -0.00908388
33.09 -0.00925768
33.1025 -0.00943859
33.115 -0.00962493
33.1275 -0.00981459
33.14 -0.0100051
33.1525 -0.0101936
33.165 -0.0103772
33.1775 -0.0105526
33.19 -0.0107169
33.2025 -0.0108669
33.215 -0.0109998
33.2275 -0.0111128
33.24 -0.0112027
33.2525 -0.0112665
33.265 -0.0113014
33.2775 -0.0113053
33.29 -0.0112766
33.3025 -0.0112147
33.315 -0.0111194
33.3275 -0.0109914
33.34 -0.0108323
33.3525 -0.0106443
33.365 -0.0104304
33.3775 -0.010194
33.39 -0.00993908
33.4025 -0.0096697
33.415 -0.00939019
33.4275 -0.00910479
33.44 -0.00881754
33.4525 -0.00853211
33.465 -0.00825164
33.4775 -0.00797863
33.49 -0.00771488
33.5025 -0.0074614
33.515 -0.0072184
33.5275 -0.00698534
33.54 -0.00676097
33.5525 -0.00654342
33.565 -0.0063303
33.5775 -0.0061188
33.59 -0.00590586
33.6025 -0.00568881
33.615 -0.00546479
33.6275 -0.0052311
33.64 -0.00498591
33.6525 -0.0047272
33.665 -0.00445354
33.6775 -0.00416434
33.69 -0.00385953
33.7025 -0.0035395
33.715 -0.00320163
33.7275 -0.00285707
33.74 -0.00251145
33.7525 -0.00216777
33.765 -0.00183045
33.7775 -0.00150436
33.79 -0.00119399
33.8025 -0.000902884
33.815 -0.000634487
33.8275 -0.00039103
33.84 -0.000173878
33.8525 1.63852e-05
33.865 0.000180016
33.8775 0.000318276
33.89 0.000433153
33.9025 0.000527309
33.915 0.000604068
33.9275 0.000667244
33.94 0.000720969
33.9525 0.000769568
33.965 0.000817379
33.9775 0.000868635
33.99 0.000927263
34.0025 0.000996807
34.015 0.00108032
34.0275 0.00118028
34.04 0.00129852
34.0525 0.0014362
34.065 0.00159378
34.0775 0.00177098
34.09 0.00196683
34.1025 0.00217969
34.115 0.00240731
34.1275 0.00264694
34.14 0.0028954
34.1525 0.00314922
34.165 0.00340477
34.1775 0.00365842
34.19 0.00390669
34.2025 0.00414635
34.215 0.00437461
34.2275 0.00458916
34.24 0.00478829
34.2525 0.00497095
34.265 0.00513674
34.2775 0.0052859
34.29 0.00541862
34.3025 0.00553647
34.315 0.00564044
34.3275 0.00573238
34.34 0.00581417
34.3525 0.005888
34.365 0.00595589
34.3775 0.00602
34.39 0.00608248
34.4025 0.00614527
34.415 0.00621006
34.4275 0.00627819
34.44 0.0063506
34.4525 0.00642775
34.465 0.00650955
34.4775 0.00659558
34.49 0.00668481
34.5025 0.00677492
34.515 0.00686302
34.5275 0.00694543
34.54 0.00701824
34.5525 0.00707736
34.565 0.00711876
34.5775 0.00713863
34.59 0.00713352
34.6025 0.00710068
34.615 0.00703794
34.6275 0.006944
34.64 0.0068184
34.6525 0.00666159
34.665 0.00647493
34.6775 0.00626062
34.69 0.00602165
34.7025 0.00576166
34.715 0.00548486
34.7275 0.00519581
34.74 0.00489928
34.7525 0.00460007
34.765 0.00430285
34.7775 0.00401196
34.79 0.0037313
34.8025 0.00346418
34.815 0.00321314
34.8275 0.00297993
34.84 0.0027654
34.8525 0.00256951
34.865 0.00239127
34.8775 0.00222884
34.89 0.0020802
34.9025 0.00194195
34.915 0.00181056
34.9275 0.00168304
34.94 0.00155561
34.9525 0.00142453
34.965 0.00128661
34.9775 0.00113912
34.99 0.000979819
35.0025 0.000807011
35.015 0.000619676
35.0275 0.00041753
35.04 0.000200941
35.0525 -3.43224e-05
35.065 -0.000276351
35.0775 -0.000519461
35.09 -0.000762932
35.1025 -0.00100049
35.115 -0.00122906
35.1275 -0.00144488
35.14 -0.00164413
35.1525 -0.00182439
35.165 -0.00198407
35.1775 -0.00212179
35.19 -0.00223756
35.2025 -0.00233219
35.215 -0.00240723
35.2275 -0.00246502
35.24 -0.0025087
35.2525 -0.00254186
35.265 -0.00256852
35.2775 -0.00259296
35.29 -0.00261957
35.3025 -0.00265266
35.315 -0.00269627
35.3275 -0.00275396
35.34 -0.00282857
35.3525 -0.00292279
35.365 -0.00303771
35.3775 -0.00317406
35.39 -0.00333157
35.4025 -0.00350921
35.415 -0.00370507
35.4275 -0.00391657
35.44 -0.00414055
35.4525 -0.00437337
35.465 -0.004611
35.4775 -0.0048492
35.49 -0.00508366
35.5025 -0.00531008
35.515 -0.00552431
35.5275 -0.00572251
35.54 -0.0059012
35.5525 -0.00605739
35.565 -0.00618869
35.5775 -0.00629337
35.59 -0.00637046
35.6025 -0.00641975
35.615 -0.00644183
35.6275 -0.00643787
35.64 -0.00641006
35.6525 -0.00636123
35.665 -0.00629484
35.6775 -0.00621479
35.69 -0.00612523
35.7025 -0.00603041
35.715 -0.00593455
35.7275 -0.00584161
35.74 -0.00575518
35.7525 -0.00567834
35.765 -0.00561364
35.7775 -0.00556251
35.79 -0.0055254
35.8025 -0.00550178
35.815 -0.00549007
35.8275 -0.00548783
35.84 -0.00549194
35.8525 -0.00549869
35.865 -0.00550402
35.8775 -0.00550369
35.89 -0.00549348
35.9025 -0.00546943
35.915 -0.00542803
35.9275 -0.00536637
35.94 -0.00528231
35.9525 -0.00517458
35.965 -0.00504336
35.9775 -0.00488907
35.99 -0.00471391
36.0025 -0.00452021
36.015 -0.00431111
36.0275 -0.00409009
36.04 -0.00386103
36.0525 -0.00362775
36.065 -0.00339394
36.0775 -0.00316306
36.09 -0.00293826
36.1025 -0.00272215
36.115 -0.00251669
36.1275 -0.00232321
36.14 -0.0021423
36.1525 -0.00197379
36.165 -0.00181683
36.1775 -0.00166983
36.19 -0.00153224
36.2025 -0.00139614
36.215 -0.00126459
36.2275 -0.00113652
36.24 -0.00101161
36.2525 -0.000889239
36.265 -0.000767982
36.2775 -0.000646616
36.29 -0.000523995
36.3025 -0.000398688
36.315 -0.000269356
36.3275 -0.00013486
36.34 5.97217e-06
36.3525 0.000154142
36.365 0.000310368
36.3775 0.000475191
36.39 0.000648838
36.4025 0.000831208
36.415 0.00102186
36.4275 0.00122013
36.44 0.00142495
36.4525 0.00163501
36.465 0.00184875
36.4775 0.00206442
36.49 0.00228014
36.5025 0.00249405
36.515 0.0027043
36.5275 0.0029092
36.54 0.00310725
36.5525 0.0032972
36.565 0.00347814
36.5775 0.00364947
36.59 0.00381101
36.6025 0.00396291
36.615 0.00410567
36.6275 0.00424005
36.64 0.00436705
36.6525 0.00448784
36.665 0.00460368
36.6775 0.00471587
36.69 0.00482564
36.7025 0.00493413
36.715 0.00504225
36.7275 0.00515072
36.74 0.00526
36.7525 0.00537029
36.765 0.00548156
36.7775 0.00559354
36.79 0.00570574
36.8025 0.0058175
36.815 0.00592793
36.8275 0.00603597
36.84 0.00614035
36.8525 0.00623964
36.865 0.0063323
36.8775 0.00641667
36.89 0.006491
36.9025 0.00655352
36.915 0.00660259
36.9275 0.00663658
36.94 0.00665362
36.9525 0.00665193
36.965 0.00663009
36.9775 0.00658691
36.99 0.00652166
37.0025 0.00643401
37.015 0.00632409
37.0275 0.00619252
37.04 0.00604041
37.0525 0.0058693
37.065 0.00568115
37.0775 0.00547827
37.09 0.00526323
37.1025 0.00503879
37.115 0.0048078
37.1275 0.00457304
37.14 0.00433712
37.1525 0.00410228
37.165 0.00387033
37.1775 0.00364252
37.19 0.00341951
37.2025 0.00320131
37.215 0.00298738
37.2275 0.00277671
37.24 0.00256794
37.2525 0.00235942
37.265 0.00214939
37.2775 0.00193608
37.29 0.00171779
37.3025 0.00149294
37.315 0.00126014
37.3275 0.00101824
37.34 0.00076639
37.3525 0.000503918
37.365 0.000224854
37.3775 -5.76026e-05
37.39 -0.000338862
37.4025 -0.000619679
37.415 -0.000894607
37.4275 -0.00116196
37.44 -0.00141904
37.4525 -0.00166311
37.465 -0.00189286
37.4775 -0.00210727
37.49 -0.00230555
37.5025 -0.00248788
37.515 -0.00265497
37.5275 -0.00280791
37.54 -0.00294836
37.5525 -0.00307846
37.565 -0.00320059
37.5775 -0.00331742
37.59 -0.00343173
37.6025 -0.00354635
37.615 -0.00366403
37.6275 -0.00378732
37.64 -0.0039185
37.6525 -0.00405948
37.665 -0.00421174
37.6775 -0.00437625
37.69 -0.00455344
37.7025 -0.00474321
37.715 -0.00494491
37.7275 -0.00515737
37.74 -0.00537897
37.7525 -0.00560767
37.765 -0.00584111
37.7775 -0.00607667
37.79 -0.00631158
37.8025 -0.00654301
37.815 -0.00676818
37.8275 -0.00698446
37.84 -0.00718942
37.8525 -0.00738099
37.865 -0.00755747
37.8775 -0.00771758
37.89 -0.00786052
37.9025 -0.00798594
37.915 -0.00809394
37.9275 -0.0081851
37.94 -0.00826046
37.9525 -0.00832147
37.965 -0.00836997
37.9775 -0.00840811
37.99 -0.00843832
38.0025 -0.00846318
38.015 -0.00848536
38.0275 -0.00850756
38.04 -0.0085324
38.0525 -0.00856232
38.065 -0.00859955
38.0775 -0.00864601
38.09 -0.00870325
38.1025 -0.0087724
38.115 -0.00885408
38.1275 -0.00894836
38.14 -0.00905479
38.1525 -0.00917231
38.165 -0.00929931
38.1775 -0.00943373
38.19 -0.009573
38.2025 -0.00971422
38.215 -0.00985423
38.2275 -0.00998971
38.24 -0.0101173
38.2525 -0.0102338
38.265 -0.010336
38.2775 -0.0104211
38.29 -0.010487
38.3025 -0.0105315
38.315 -0.0105529
38.3275 -0.0105497
38.34 -0.010521
38.3525 -0.0104665
38.365 -0.0103862
38.3775 -0.0102804
38.39 -0.01015
38.4025 -0.00999638
38.415 -0.00982114
38.4275 -0.00962634
38.44 -0.0094142
38.4525 -0.00918712
38.465 -0.00894752
38.4775 -0.0086976
38.49 -0.00843974
38.5025 -0.00817568
38.515 -0.00790714
38.5275 -0.00763536
38.54 -0.00736124
38.5525 -0.00708515
38.565 -0.00680711
38.5775 -0.0065267
38.59 -0.00624316
38.6025 -0.00595537
38.615 -0.00566203
38.6275 -0.00536166
38.64 -0.00505276
38.6525 -0.00473385
38.665 -0.00440354
38.6775 -0.0040602
38.69 -0.00369845
38.7025 -0.00333129
38.715 -0.00296336
38.7275 -0.00259622
38.74 -0.00223346
38.7525 -0.00187674
38.765 -0.00153039
38.7775 -0.00119692
38.79 -0.000877943
38.8025 -0.000574869
38.815 -0.000289783
38.8275 -2.284e-05
38.84 0.000226065
38.8525 0.000457497
38.865 0.000672587
38.8775 0.000873024
38.89 0.00106093
38.9025 0.00123868
38.915 0.00140884
38.9275 0.00157407
38.94 0.00173707
38.9525 0.00190038
38.965 0.00206629
38.9775 0.00223682
38.99 0.00241357
39.0025 0.00259769
39.015 0.00278981
39.0275 0.00299004
39.04 0.00319789
39.0525 0.00341242
39.065 0.00363209
39.0775 0.00385496
39.09 0.0040787
39.1025 0.00430073
39.115 0.00451832
39.1275 0.00472867
39.14 0.00492908
39.1525 0.00511705
39.165 0.00529039
39.1775 0.00544729
39.19 0.00558645
39.2025 0.00570709
39.215 0.00580902
39.2275 0.00589267
39.24 0.00595906
39.2525 0.00600976
39.265 0.00604688
39.2775 0.00607298
39.29 0.00609096
39.3025 0.00610398
39.315 0.00611535
39.3275 0.00612839
39.34 0.00614629
39.3525 0.00617199
39.365 0.00620809
39.3775 0.00625672
39.39 0.00631942
39.4025 0.00639713
39.415 0.00649014
39.4275 0.00659793
39.44 0.00671814
39.4525 0.00684878
39.465 0.00682184
39.4775 0.00692197
39.49 0.00724907
39.5025 0.00754923
39.515 0.00783538
39.5275 0.0081971
39.54 0.00854417
39.5525 0.00886402
39.565 0.00917432
39.5775 0.00943656
39.59 0.00964101
39.6025 0.00978769
39.615 0.00985884
39.6275 0.00985028
39.64 0.00976491
39.6525 0.00960022
39.665 0.00936074
39.6775 0.00905607
39.69 0.00869359
39.7025 0.00828368
39.715 0.00784068
39.7275 0.00737896
39.74 0.00691324
39.7525 0.00645803
39.765 0.00602837
39.7775 0.00563665
39.79 0.00529333
39.8025 0.00500677
39.815 0.00478219
39.8275 0.00462189
39.84 0.00452525
39.8525 0.0044884
39.865 0.00450468
39.8775 0.00456493
39.89 0.00465799
39.9025 0.00477124
39.915 0.00489117
39.9275 0.00500404
39.94 0.00509711
39.9525 0.00515873
39.965 0.00517914
39.9775 0.00515218
39.99 0.00507296
40.0025 0.00493768
40.015 0.00474557
40.0275 0.00449768
40.04 0.0041966
40.0525 0.00384755
40.065 0.00345716
40.0775 0.00303336
40.09 0.00258585
40.1025 0.00212495
40.115 0.00166158
40.1275 0.0012064
40.14 0.000769852
40.1525 0.000361114
40.165 -1.08038e-05
40.1775 -0.000338807
40.19 -0.000630014
40.2025 -0.000870904
40.215 -0.00106173
40.2275 -0.00120202
40.24 -0.0012924
40.2525 -0.00133544
40.265 -0.00133542
40.2775 -0.00129802
40.29 -0.00123
40.3025 -0.0011394
40.315 -0.00103481
40.3275 -0.000925575
40.34 -0.000821308
40.3525 -0.000731475
40.365 -0.000664489
40.3775 -0.0006291
40.39 -0.000631214
40.4025 -0.000677298
40.415 -0.000771464
40.4275 -0.000917109
40.44 -0.00111642
40.4525 -0.00136736
40.465 -0.00166291
40.4775 -0.00200006
40.49 -0.0023724
40.5025 -0.00277101
40.515 -0.00318766
40.5275 -0.00361332
40.54 -0.00403799
40.5525 -0.00445226
40.565 -0.00484703
40.5775 -0.00521361
40.59 -0.00554436
40.6025 -0.005833
40.615 -0.00607439
40.6275 -0.00626514
40.64 -0.00640348
40.6525 -0.0064894
40.665 -0.00652457
40.6775 -0.00651237
40.69 -0.00645762
40.7025 -0.00636626
40.715 -0.00624575
40.7275 -0.00610442
40.74 -0.00595116
40.7525 -0.00579514
40.765 -0.0056454
40.7775 -0.00551051
40.79 -0.00539827
40.8025 -0.0053154
40.815 -0.00526729
40.8275 -0.0052578
40.84 -0.00528915
40.8525 -0.00536177
40.865 -0.00547424
40.8775 -0.00562332
40.89 -0.0058043
40.9025 -0.00601035
40.915 -0.006237
40.9275 -0.00647562
40.94 -0.00671704
40.9525 -0.00695159
40.965 -0.00716972
40.9775 -0.007362
40.99 -0.00751982
41.0025 -0.00763573
41.015 -0.00770359
41.0275 -0.00771864
41.04 -0.0076785
41.0525 -0.00758267
41.065 -0.00743288
41.0775 -0.00723285
41.09 -0.00698812
41.1025 -0.00670588
41.115 -0.0063947
41.1275 -0.00606412
41.14 -0.0057243
41.1525 -0.00538559
41.165 -0.00505814
41.1775 -0.00475142
41.19 -0.00447391
41.2025 -0.00423268
41.215 -0.00403305
41.2275 -0.00387831
41.24 -0.00376961
41.2525 -0.0037059
41.265 -0.00368398
41.2775 -0.00369865
41.29 -0.00374294
41.3025 -0.00380843
41.315 -0.00388561
41.3275 -0.00396433
41.34 -0.00403425
41.3525 -0.00408543
41.365 -0.0041089
41.3775 -0.00409614
41.39 -0.00404032
41.4025 -0.00393601
41.415 -0.00377687
41.4275 -0.00356636
41.44 -0.00330842
41.4525 -0.00300804
41.465 -0.0026715
41.4775 -0.00230675
41.49 -0.00192416
41.5025 -0.00152687
41.515 -0.00112283
41.5275 -0.000719423
41.54 -0.000324331
41.5525 5.56003e-05
41.565 0.000413392
41.5775 0.000743854
41.59 0.00104239
41.6025 0.00130588
41.615 0.001533
41.6275 0.00172336
41.64 0.00187742
41.6525 0.00199738
41.665 0.00208538
41.6775 0.00214574
41.69 0.00218319
41.7025 0.00220322
41.715 0.00221207
41.7275 0.00221632
41.74 0.00222263
41.7525 0.00223769
41.765 0.00226786
41.7775 0.00231896
41.79 0.00239609
41.8025 0.00250337
41.815 0.00264381
41.8275 0.00281918
41.84 0.00302999
41.8525 0.00327548
41.865 0.00355359
41.8775 0.0038612
41.89 0.00419419
41.9025 0.00454716
41.915 0.00491438
41.9275 0.00528946
41.94 0.00566551
41.9525 0.0060356
41.965 0.00639299
41.9775 0.00673093
41.99 0.0070441
42.0025 0.00732821
42.015 0.00757923
42.0275 0.00779447
42.04 0.00797281
42.0525 0.00811371
42.065 0.00821795
42.0775 0.00828676
42.09 0.00832324
42.1025 0.00833076
42.115 0.00831333
42.1275 0.00827551
42.14 0.00822228
42.1525 0.00815869
42.165 0.00809009
42.1775 0.0080214
42.19 0.00795733
42.2025 0.00790221
42.215 0.00785975
42.2275 0.00783283
42.24 0.00782344
42.2525 0.00783284
42.265 0.0078606
42.2775 0.00790484
42.29 0.00796247
42.3025 0.00802928
42.315 0.00810015
42.3275 0.00816937
42.34 0.0082309
42.3525 0.00827882
42.365 0.0083073
42.3775 0.00831038
42.39 0.00828249
42.4025 0.00821925
42.415 0.00811766
42.4275 0.00797579
42.44 0.00779309
42.4525 0.00757061
42.465 0.00731068
42.4775 0.00701662
42.49 0.0066929
42.5025 0.00634505
42.515 0.00597915
42.5275 0.00560165
42.54 0.00521923
42.5525 0.00483824
42.565 0.00446461
42.5775 0.00410373
42.59 0.00376002
42.6025 0.00343683
42.615 0.00313639
42.6275 0.00285964
42.64 0.00260628
42.6525 0.00237481
42.665 0.00216261
42.6775 0.00196608
42.69 0.00178082
42.7025 0.00160194
42.715 0.00141627
42.7275 0.00122958
42.74 0.00103915
42.7525 0.000842485
42.765 0.000637276
42.7775 0.000422203
42.79 0.000199368
42.8025 -3.21586e-05
42.815 -0.000274081
42.8275 -0.000524942
42.84 -0.000784263
42.8525 -0.00105081
42.865 -0.00132307
42.8775 -0.00159942
42.89 -0.00187795
42.9025 -0.00215657
42.915 -0.00243311
42.9275 -0.00270537
42.94 -0.0029711
42.9525 -0.00322821
42.965 -0.00347475
42.9775 -0.00370898
42.99 -0.00393077
43.0025 -0.00413954
43.015 -0.00432861
43.0275 -0.00449582
43.04 -0.00464225
43.0525 -0.00476601
43.065 -0.00486722
43.0775 -0.00494752
43.09 -0.00500809
43.1025 -0.00505105
43.115 -0.00507929
43.1275 -0.00509532
43.14 -0.0051027
43.1525 -0.00510468
43.165 -0.00510477
43.1775 -0.00510614
43.19 -0.00511193
43.2025 -0.00512484
43.215 -0.00514719
43.2275 -0.00518077
43.24 -0.00522676
43.2525 -0.00528571
43.265 -0.00535755
43.2775 -0.00544151
43.29 -0.00553625
43.3025 -0.00563981
43.315 -0.00575002
43.3275 -0.00586382
43.34 -0.00597756
43.3525 -0.00608724
43.365 -0.00618869
43.3775 -0.00627776
43.39 -0.00635041
43.4025 -0.00640286
43.415 -0.00643203
43.4275 -0.00643546
43.44 -0.0064115
43.4525 -0.00635935
43.465 -0.00627907
43.4775 -0.00617163
43.49 -0.00603884
43.5025 -0.00588329
43.515 -0.00570823
43.5275 -0.00551747
43.54 -0.00531517
43.5525 -0.00510572
43.565 -0.00489345
43.5775 -0.00468257
43.59 -0.00447686
43.6025 -0.00427959
43.615 -0.00409338
43.6275 -0.0039201
43.64 -0.0037609
43.6525 -0.00361589
43.665 -0.00348394
43.6775 -0.00336344
43.69 -0.00325226
43.7025 -0.0031476
43.715 -0.00304626
43.7275 -0.00294489
43.74 -0.00284074
43.7525 -0.00273005
43.765 -0.00261056
43.7775 -0.00248023
43.79 -0.00233603
43.8025 -0.00217651
43.815 -0.00199726
43.8275 -0.0018045
43.84 -0.00159919
43.8525 -0.00138125
43.865 -0.00115248
43.8775 -0.000915333
43.89 -0.000671969
43.9025 -0.000425307
43.915 -0.000178125
43.9275 6.64585e-05
43.94 0.000305518
43.9525 0.000536396
43.965 0.000756419
43.9775 0.000963222
43.99 0.0011549
44.0025 0.00132992
44.015 0.00148718
44.0275 0.00162612
44.04 0.0017467
44.0525 0.00184938
44.065 0.00193515
44.0775 0.00200546
44.09 0.00206218
44.1025 0.00210758
44.115 0.00214417
44.1275 0.00217471
44.14 0.00220207
44.1525 0.00222913
44.165 0.00225872
44.1775 0.00229351
44.19 0.00233592
44.2025 0.00238807
44.215 0.00245169
44.2275 0.00252805
44.24 0.00261797
44.2525 0.00272177
44.265 0.00283927
44.2775 0.00296979
44.29 0.00311222
44.3025 0.00326505
44.315 0.00342627
44.3275 0.0035937
44.34 0.00376494
44.3525 0.00393733
44.365 0.00410822
44.3775 0.00427491
44.39 0.00443482
44.4025 0.00458556
44.415 0.00472503
44.4275 0.00485148
44.44 0.00496359
44.4525 0.00506041
44.465 0.0051415
44.4775 0.00520652
44.49 0.00525625
44.5025 0.00529121
44.515 0.00531265
44.5275 0.00532166
44.54 0.00531991
44.5525 0.00530917
44.565 0.00529129
44.5775 0.00526831
44.59 0.00524239
44.6025 0.00521556
44.615 0.00518972
44.6275 0.00516656
44.64 0.00514755
44.6525 0.00513371
44.665 0.0051255
44.6775 0.00512287
44.69 0.00512525
44.7025 0.00513152
44.715 0.00514015
44.7275 0.00514922
44.74 0.00515654
44.7525 0.00515973
44.765 0.00515632
44.7775 0.00514375
44.79 0.00511946
44.8025 0.00508111
44.815 0.0050267
44.8275 0.00495476
44.84 0.00486438
44.8525 0.00475515
44.865 0.00462728
44.8775 0.00448161
44.89 0.00431952
44.9025 0.00414299
44.915 0.00395428
44.9275 0.003756
44.94 0.00355117
44.9525 0.00334285
44.965 0.00313412
44.9775 0.00292799
44.99 0.00272727
45.0025 0.00253436
45.015 0.00235127
45.0275 0.00217955
45.04 0.0020202
45.0525 0.00187362
45.065 0.00173966
45.0775 0.00161762
45.09 0.00150625
45.1025 0.00140401
45.115 0.00130872
45.1275 0.00121814
45.14 0.00112973
45.1525 0.001041
45.165 0.000949413
45.1775 0.000849444
45.19 0.000742176
45.2025 0.000628389
45.215 0.000507697
45.2275 0.000379608
45.24 0.000245105
45.2525 0.000105003
45.265 -3.94201e-05
45.2775 -0.000186663
45.29 -0.000333969
45.3025 -0.000481828
45.315 -0.000628287
45.3275 -0.000772262
45.34 -0.00091231
45.3525 -0.0010474
45.365 -0.00117656
45.3775 -0.00129905
45.39 -0.00141438
45.4025 -0.0015223
45.415 -0.00162282
45.4275 -0.00171621
45.44 -0.001803
45.4525 -0.00188391
45.465 -0.0019599
45.4775 -0.00203202
45.49 -0.0021012
45.5025 -0.00216902
45.515 -0.00223627
45.5275 -0.00230428
45.54 -0.00237407
45.5525 -0.00244665
45.565 -0.00252277
45.5775 -0.0026031
45.59 -0.00268806
45.6025 -0.00277788
45.615 -0.00287252
45.6275 -0.00297171
45.64 -0.00307496
45.6525 -0.00318154
45.665 -0.00329054
45.6775 -0.00340086
45.69 -0.00351125
45.7025 -0.00362037
45.715 -0.00372681
45.7275 -0.00382911
45.74 -0.00392588
45.7525 -0.00401573
45.765 -0.00409743
45.7775 -0.00416987
45.79 -0.00423214
45.8025 -0.0042836
45.815 -0.0043239
45.8275 -0.00435251
45.84 -0.00436888
45.8525 -0.00437333
45.865 -0.0043663
45.8775 -0.00434833
45.89 -0.00432045
45.9025 -0.00428387
45.915 -0.00423995
45.9275 -0.0041902
45.94 -0.00413618
45.9525 -0.00407945
45.965 -0.00402153
45.9775 -0.00396385
45.99 -0.00390754
46.0025 -0.00385346
46.015 -0.00380217
46.0275 -0.00375389
46.04 -0.00370853
46.0525 -0.00366571
46.065 -0.00362473
46.0775 -0.00358469
46.09 -0.00354449
46.1025 -0.00350288
46.115 -0.00345857
46.1275 -0.00341026
46.14 -0.00335672
46.1525 -0.00329684
46.165 -0.0032299
46.1775 -0.003155
46.19 -0.00307204
46.2025 -0.0029808
46.215 -0.00288153
46.2275 -0.00277478
46.24 -0.00266134
46.2525 -0.00254211
46.265 -0.00241819
46.2775 -0.00229071
46.29 -0.00216072
46.3025 -0.00202923
46.315 -0.00189708
46.3275 -0.00176534
46.34 -0.00163483
46.3525 -0.0015067
46.365 -0.00138169
46.3775 -0.00126126
46.39 -0.0011449
46.4025 -0.00103104
46.415 -0.000921598
46.4275 -0.000817752
46.44 -0.000720123
46.4525 -0.00062841
46.465 -0.000542585
46.4775 -0.000462472
46.49 -0.000387457
46.5025 -0.000316818
46.515 -0.000249802
46.5275 -0.000185441
46.54 -0.000122658
46.5525 -6.03649e-05
46.565 2.54955e-06
46.5775 6.7181e-05
46.59 0.000134545
46.6025 0.000205557
46.615 0.000281006
46.6275 0.000361501
46.64 0.000447489
46.6525 0.000539196
46.665 0.000636657
46.6775 0.000739684
46.69 0.000847875
46.7025 0.000960638
46.715 0.00107721
46.7275 0.00119666
46.74 0.00131794
46.7525 0.00143991
46.765 0.00156137
46.7775 0.00168109
46.79 0.00179788
46.8025 0.00191061
46.815 0.0020182
46.8275 0.00211974
46.84 0.00221445
46.8525 0.00230172
46.865 0.00238114
46.8775 0.00245248
46.89 0.00251574
46.9025 0.0025711
46.915 0.00261892
46.9275 0.00265976
46.94 0.0026943
46.9525 0.00272336
46.965 0.00274786
46.9775 0.00276875
46.99 0.00278703
47.0025 0.00280367
47.015 0.0028196
47.0275 0.00283567
47.04 0.00285262
47.0525 0.00287105
47.065 0.00289139
47.0775 0.00291393
47.09 0.00293875
47.1025 0.00296574
47.115 0.00299463
47.1275 0.00302497
47.14 0.00305611
47.1525 0.00308726
47.165 0.00311754
47.1775 0.00314598
47.19 0.00317148
47.2025 0.0031929
47.215 0.00320915
47.2275 0.00321918
47.24 0.003222
47.2525 0.00321691
47.265 0.00320347
47.2775 0.00318143
47.29 0.00315083
47.3025 0.00311197
47.315 0.00306538
47.3275 0.00301183
47.34 0.00295235
47.3525 0.00288819
47.365 0.00282043
47.3775 0.00275007
47.39 0.00267795
47.4025 0.00260507
47.415 0.00253241
47.4275 0.00246073
47.44 0.00239066
47.4525 0.00232267
47.465 0.00225704
47.4775 0.00219385
47.49 0.00213296
47.5025 0.00207396
47.515 0.00201634
47.5275 0.00195947
47.54 0.00190253
47.5525 0.00184465
47.565 0.00178495
47.5775 0.00172251
47.59 0.00165648
47.6025 0.00158605
47.615 0.00151057
47.6275 0.00142952
47.64 0.00134257
47.6525 0.00124956
47.665 0.00115055
47.6775 0.0010458
47.69 0.00093574
47.7025 0.000820998
47.715 0.000702343
47.7275 0.000580667
47.74 0.000456947
47.7525 0.0003322
47.765 0.000205977
47.7775 8.091e-05
47.79 -4.12019e-05
47.8025 -0.000159074
47.815 -0.000271857
47.8275 -0.00037859
47.84 -0.000478365
47.8525 -0.000570976
47.865 -0.00065498
47.8775 -0.000731506
47.89 -0.000800494
47.9025 -0.000862469
47.915 -0.000917814
47.9275 -0.000967696
47.94 -0.00101279
47.9525 -0.00105411
47.965 -0.00109273
47.9775 -0.00112981
47.99 -0.00116648
48.0025 -0.00120377
48.015 -0.00124269
48.0275 -0.00128413
48.04 -0.00132881
48.0525 -0.00137729
48.065 -0.00142992
48.0775 -0.00148686
48.09 -0.00154805
48.1025 -0.00161323
48.115 -0.00168191
48.1275 -0.00175344
48.14 -0.00182698
48.1525 -0.00190157
48.165 -0.00197614
48.1775 -0.00204957
48.19 -0.00212072
48.2025 -0.00218844
48.215 -0.0022517
48.2275 -0.00230952
48.24 -0.00236109
48.2525 -0.00240574
48.265 -0.00244302
48.2775 -0.00247267
48.29 -0.00249463
48.3025 -0.00250909
48.315 -0.00251644
48.3275 -0.00251724
48.34 -0.00251225
48.3525 -0.00250239
48.365 -0.00248863
48.3775 -0.00247208
48.39 -0.00245387
48.4025 -0.00243512
48.415 -0.00241694
48.4275 -0.00240039
48.44 -0.00238637
48.4525 -0.00237564
48.465 -0.00236878
48.4775 -0.00236616
48.49 -0.00236785
48.5025 -0.0023736
48.515 -0.00238292
48.5275 -0.002395
48.54 -0.00240888
48.5525 -0.00242333
48.565 -0.00243709
48.5775 -0.00244879
48.59 -0.00245703
48.6025 -0.00246048
48.615 -0.00245792
48.6275 -0.00244828
48.64 -0.00243071
48.6525 -0.00240459
48.665 -0.00236957
48.6775 -0.00232558
48.69 -0.00227285
48.7025 -0.00221187
48.715 -0.00214339
48.7275 -0.00206839
48.74 -0.00198801
48.7525 -0.00190354
48.765 -0.00181633
48.7775 -0.00172776
48.79 -0.00163917
48.8025 -0.00155187
48.815 -0.00146699
48.8275 -0.00138539
48.84 -0.00130777
48.8525 -0.00123475
48.865 -0.00116643
48.8775 -0.0011032
48.89 -0.00104468
48.9025 -0.000990297
48.915 -0.000939343
48.9275 -0.00089015
48.94 -0.000841669
48.9525 -0.000794726
48.965 -0.000748343
48.9775 -0.000701797
48.99 -0.000654396
49.0025 -0.000605404
49.015 -0.000554268
49.0275 -0.000500506
49.04 -0.000443719
49.0525 -0.000383639
49.065 -0.000320129
49.0775 -0.000253189
49.09 -0.00018299
49.1025 -0.000109839
49.115 -3.41878e-05
49.1275 4.34125e-05
49.14 0.000122274
49.1525 0.000201711
49.165 0.000280854
49.1775 0.000358861
49.19 0.000434934
49.2025 0.000508253
49.215 0.000578048
49.2275 0.000643669
49.24 0.000704559
49.2525 0.000760277
49.265 0.000810546
49.2775 0.000855239
49.29 0.000894385
49.3025 0.000928181
49.315 0.000956979
49.3275 0.000981273
49.34 0.00100169
49.3525 0.00101895
49.365 0.00103388
49.3775 0.00104735
49.39 0.00106024
49.4025 0.00107345
49.415 0.00108782
49.4275 0.00110416
49.44 0.00112314
49.4525 0.00114535
49.465 0.00117124
49.4775 0.00120109
49.49 0.00123502
49.5025 0.00127302
49.515 0.00131486
49.5275 0.00136018
49.54 0.00140846
49.5525 0.00145904
49.565 0.00151114
49.5775 0.00156383
49.59 0.00161616
49.6025 0.00166709
49.615 0.0017156
49.6275 0.00176069
49.64 0.00180151
49.6525 0.00183722
49.665 0.00186715
49.6775 0.00189078
49.69 0.00190777
49.7025 0.00191798
49.715 0.00192146
49.7275 0.00191837
49.74 0.00190906
49.7525 0.00189412
49.765 0.00187431
49.7775 0.00185045
49.79 0.00182349
49.8025 0.00179439
49.815 0.00176407
49.8275 0.00173343
49.84 0.00170328
49.8525 0.0016743
49.865 0.00164703
49.8775 0.0016217
49.89 0.00159831
49.9025 0.0015767
49.915 0.00155653
49.9275 0.00153732
49.94 0.00151846
49.9525 0.00149922
49.965 0.00147878
49.9775 0.00145631
49.99 0.001431
50.0025 0.00140206
50.015 0.00136881
50.0275 0.00133068
50.04 0.00128721
50.0525 0.00123816
50.065 0.00118346
50.0775 0.00112322
50.09 0.00105776
50.1025 0.000987578
50.115 0.000913345
50.1275 0.000835849
50.14 0.000755987
50.1525 0.000674738
50.165 0.000593117
50.1775 0.000512124
50.19 0.000432709
50.2025 0.000355759
50.215 0.000282001
50.2275 0.000212052
50.24 0.000146353
50.2525 8.51559e-05
50.265 2.85144e-05
50.2775 -2.36991e-05
50.29 -7.179e-05
50.3025 -0.000116236
50.315 -0.000157656
50.3275 -0.000196986
50.34 -0.000236337
50.3525 -0.000274102
50.365 -0.000311043
50.3775 -0.000347331
50.39 -0.000383501
50.4025 -0.000419432
50.415 -0.000455449
50.4275 -0.0004917
50.44 -0.000528296
50.4525 -0.000565375
50.465 -0.000602986
50.4775 -0.000640748
50.49 -0.00067919
50.5025 -0.000718233
50.515 -0.000757898
50.5275 -0.000798098
50.54 -0.000838751
50.5525 -0.000879726
50.565 -0.000920872
50.5775 -0.000962023
50.59 -0.00100299
50.6025 -0.00104358
50.615 -0.00108361
50.6275 -0.00112287
50.64 -0.00116119
50.6525 -0.0011984
50.665 -0.00123437
50.6775 -0.00126895
50.69 -0.001302
50.7025 -0.00133352
50.715 -0.00136339
50.7275 -0.00139161
50.74 -0.00141812
50.7525 -0.00144295
50.765 -0.00146614
50.7775 -0.00148775
50.79 -0.00150786
50.8025 -0.00152655
50.815 -0.00154393
50.8275 -0.00156011
50.84 -0.00157518
50.8525 -0.00158926
50.865 -0.00160241
50.8775 -0.00161473
50.89 -0.00162626
50.9025 -0.00163703
50.915 -0.00164706
50.9275 -0.00165631
50.94 -0.00166475
50.9525 -0.00167229
50.965 -0.00167889
50.9775 -0.00168438
50.99 -0.00168855
51.0025 -0.00169118
51.015 -0.00169205
51.0275 -0.00169094
51.04 -0.00168764
51.0525 -0.00168194
51.065 -0.00167366
51.0775 -0.00166265
51.09 -0.00164881
51.1025 -0.00163206
51.115 -0.00161239
51.1275 -0.00158983
51.14 -0.00156447
51.1525 -0.00153644
51.165 -0.00150591
51.1775 -0.00147309
51.19 -0.00143824
51.2025 -0.00140162
51.215 -0.00136352
51.2275 -0.00132423
51.24 -0.00128403
51.2525 -0.00124321
51.265 -0.00120205
51.2775 -0.00116077
51.29 -0.00111958
51.3025 -0.00107864
51.315 -0.00103806
51.3275 -0.000997916
51.34 -0.000958218
51.3525 -0.000919397
51.365 -0.000881267
51.3775 -0.000843732
51.39 -0.000806839
51.4025 -0.000770564
51.415 -0.000734804
51.4275 -0.000698568
51.44 -0.000662743
51.4525 -0.000627481
51.465 -0.000592786
51.4775 -0.00055853
51.49 -0.000524698
51.5025 -0.00049118
51.515 -0.000457799
51.5275 -0.000424458
51.54 -0.000391021
51.5525 -0.000357281
51.565 -0.000323204
51.5775 -0.000288683
51.59 -0.000253588
51.6025 -0.000217928
51.615 -0.000181718
51.6275 -0.00014498
51.64 -0.000107771
51.6525 -7.01886e-05
51.665 -3.23579e-05
51.6775 5.57625e-06
51.69 4.34513e-05
51.7025 8.10946e-05
51.715 0.00011833
51.7275 0.000154981
51.74 0.000190884
51.7525 0.000225894
51.765 0.000259886
51.7775 0.000292756
51.79 0.000324436
51.8025 0.000354895
51.815 0.000384142
51.8275 0.000412182
51.84 0.00043909
51.8525 0.000464968
51.865 0.000489926
51.8775 0.000514099
51.89 0.000537646
51.9025 0.000560721
51.915 0.000583476
51.9275 0.000606024
51.94 0.000628535
51.9525 0.000651102
51.965 0.000673819
51.9775 0.00069674
51.99 0.000719895
52.0025 0.00074328
52.015 0.000766856
52.0275 0.000790549
52.04 0.000814249
52.0525 0.00083782
52.065 0.000861093
52.0775 0.000883877
52.09 0.000905963
52.1025 0.000927123
52.115 0.000947124
52.1275 0.000965724
52.14 0.000982689
52.1525 0.000997798
52.165 0.00101085
52.1775 0.00102167
52.19 0.00103011
52.2025 0.00103608
52.215 0.0010395
52.2275 0.00104035
52.24 0.00103863
52.2525 0.00103441
52.265 0.00102778
52.2775 0.00101891
52.29 0.00100798
52.3025 0.000995202
52.315 0.000980791
52.3275 0.000964985
52.34 0.000947992
52.3525 0.000930042
52.365 0.00091136
52.3775 0.000892124
52.39 0.000872425
52.4025 0.00085227
52.415 0.000831639
52.4275 0.000810522
52.44 0.000788871
52.4525 0.000766599
52.465 0.000743614
52.4775 0.000719809
52.49 0.000695069
52.5025 0.00066929
52.515 0.000642373
52.5275 0.000614211
52.54 0.000584744
52.5525 0.000553938
52.565 0.000521782
52.5775 0.000488303
52.59 0.00045357
52.6025 0.000417672
52.615 0.000380727
52.6275 0.000342891
52.64 0.000304333
52.6525 0.000265245
52.665 0.000225818
52.6775 0.000186245
52.69 0.000146722
52.7025 0.000107426
52.715 6.85155e-05
52.7275 3.01197e-05
52.74 -7.65845e-06
52.7525 -4.47486e-05
52.765 -8.11183e-05
52.7775 -0.000116771
52.79 -0.000151744
52.8025 -0.000186107
52.815 -0.000219958
52.8275 -0.000253892
52.84 -0.000287895
52.8525 -0.00032127
52.865 -0.000354008
52.8775 -0.000386172
52.89 -0.000417691
52.9025 -0.000448394
52.915 -0.000478319
52.9275 -0.000507307
52.94 -0.000535335
52.9525 -0.000562395
52.965 -0.000588508
52.9775 -0.000613699
52.99 -0.000638049
53.0025 -0.000661633
53.015 -0.000684557
53.0275 -0.000706757
53.04 -0.000728526
53.0525 -0.000750033
53.065 -0.000771418
53.0775 -0.000792786
53.09 -0.000814219
53.1025 -0.000835749
53.115 -0.000857476
53.1275 -0.000879351
53.14 -0.000901361
53.1525 -0.00092343
53.165 -0.00094545
53.1775 -0.000967309
53.19 -0.000988873
53.2025 -0.00100999
53.215 -0.00103047
53.2275 -0.00105017
53.24 -0.0010689
53.2525 -0.0010865
53.265 -0.00110282
53.2775 -0.00111771
53.29 -0.00113105
53.3025 -0.00114274
53.315 -0.00115273
53.3275 -0.00116097
53.34 -0.00116745
53.3525 -0.00117219
53.365 -0.00117525
53.3775 -0.0011767
53.39 -0.00117666
53.4025 -0.00117524
53.415 -0.00117259
53.4275 -0.00116886
53.44 -0.0011642
53.4525 -0.00115877
53.465 -0.00115276
53.4775 -0.00114635
53.49 -0.0011397
53.5025 -0.00113293
53.515 -0.00112613
53.5275 -0.00111932
53.54 -0.00111253
53.5525 -0.00110568
53.565 -0.00109872
53.5775 -0.00109151
53.59 -0.00108392
53.6025 -0.00107578
53.615 -0.00106692
53.6275 -0.00105716
53.64 -0.00104632
53.6525 -0.00103425
53.665 -0.00102079
53.6775 -0.00100584
53.69 -0.000989316
53.7025 -0.000971163
53.715 -0.000951375
53.7275 -0.000929987
53.74 -0.000907067
53.7525 -0.000882722
53.765 -0.000857156
53.7775 -0.000830572
53.79 -0.000803138
53.8025 -0.00077514
53.815 -0.000746812
53.8275 -0.000718454
53.84 -0.000690367
53.8525 -0.000662793
53.865 -0.00063596
53.8775 -0.00060966
53.89 -0.000584228
53.9025 -0.000560154
53.915 -0.00053752
53.9275 -0.000516345
53.94 -0.000496606
53.9525 -0.000478233
53.965 -0.000461045
53.9775 -0.000444838
53.99 -0.00042933
54.0025 -0.000414223
54.015 -0.000399184
54.0275 -0.000383867
54.04 -0.000367965
54.0525 -0.000351116
54.065 -0.000333083
54.0775 -0.000313645
54.09 -0.000292562
54.1025 -0.000269753
54.115 -0.000245192
54.1275 -0.00021885
54.14 -0.000190829
54.1525 -0.000161314
54.165 -0.000130524
54.1775 -9.87359e-05
54.19 -6.62789e-05
54.2025 -3.35188e-05
54.215 -8.44376e-07
54.2275 3.13447e-05
54.24 6.26494e-05
54.2525 9.26948e-05
54.265 0.000121135
54.2775 0.000147667
54.29 0.000172037
54.3025 0.000194063
54.315 0.000213625
54.3275 0.000230676
54.34 0.000245245
54.3525 0.000257432
54.365 0.000267406
54.3775 0.000275398
54.39 0.000281689
54.4025 0.000286605
54.415 0.000290498
54.4275 0.000293726
54.44 0.000296677
54.4525 0.000299709
54.465 0.000303165
54.4775 0.000307351
54.49 0.000312529
54.5025 0.000318909
54.515 0.000326637
54.5275 0.000335793
54.54 0.000346385
54.5525 0.000358355
54.565 0.000371574
54.5775 0.000385843
54.59 0.000400902
54.6025 0.000416427
54.615 0.000432063
54.6275 0.000447428
54.64 0.00046211
54.6525 0.000475661
54.665 0.000487673
54.6775 0.000497778
54.69 0.000505638
54.7025 0.000510977
54.715 0.000513579
54.7275 0.000513304
54.74 0.000510134
54.7525 0.000504141
54.765 0.000495467
54.7775 0.000484349
54.79 0.000471092
54.8025 0.000456048
54.815 0.000439643
54.8275 0.000422332
54.84 0.000404496
54.8525 0.000386457
54.865 0.000368551
54.8775 0.000351094
54.89 0.000334319
54.9025 0.000318396
54.915 0.000303432
54.9275 0.00028945
54.94 0.000276403
54.9525 0.000264159
54.965 0.000252521
54.9775 0.000241244
54.99 0.000230038
55.0025 0.000218581
55.015 0.000206539
55.0275 0.000193584
55.04 0.000179397
55.0525 0.000163698
55.065 0.000146253
55.0775 0.000126887
55.09 0.000105489
55.1025 8.20197e-05
55.115 5.65184e-05
55.1275 2.90985e-05
55.14 -5.56357e-08
55.1525 -3.06978e-05
55.165 -6.25264e-05
55.1775 -9.51961e-05
55.19 -0.000128333
55.2025 -0.000161552
55.215 -0.000194469
55.2275 -0.000226713
