0.0025 1.37812e-05
0.0125 1.37826e-05
0.0225 1.37872e-05
0.035 1.3787e-05
0.045 1.37735e-05
0.055 1.37376e-05
0.065 1.36699e-05
0.075 1.35612e-05
0.085 1.34036e-05
0.095 1.31913e-05
0.105 1.29219e-05
0.115 1.25979e-05
0.125 1.22277e-05
0.135 1.18268e-05
0.145 1.14183e-05
0.155 1.10342e-05
0.165 1.07157e-05
0.175 1.05132e-05
0.185 1.04869e-05
0.195 1.07054e-05
0.205 1.1248e-05
0.215 1.2203e-05
0.225 1.36656e-05
0.235 1.57388e-05
0.245 1.85313e-05
0.255 2.21574e-05
0.265 2.67355e-05
0.275 3.23873e-05
0.285 3.92363e-05
0.295 4.74054e-05
0.305 5.70157e-05
0.315 6.81836e-05
0.325 8.10204e-05
0.335 9.5626e-05
0.345 0.000112088
0.355 0.000130486
0.365 0.000150888
0.375 0.000173351
0.385 0.00019792
0.395 0.000224624
0.405 0.000253484
0.415 0.000284509
0.425 0.0003177
0.435 0.000353043
0.445 0.000390508
0.455 0.000430052
0.465 0.00047162
0.475 0.00051515
0.485 0.000560565
0.495 0.000607782
0.5075 0.000669194
0.52 0.000733076
0.5325 0.000799219
0.545 0.000867397
0.5575 0.000937345
0.57 0.00100876
0.5825 0.00108132
0.595 0.00115464
0.6075 0.00122833
0.62 0.00130188
0.6325 0.0013746
0.645 0.00144561
0.6575 0.00151382
0.67 0.00157791
0.6825 0.00163642
0.695 0.00168775
0.7075 0.0017303
0.72 0.00176248
0.7325 0.00178283
0.745 0.0017901
0.7575 0.00178328
0.77 0.00176172
0.7825 0.0017251
0.795 0.00167351
0.8075 0.0016074
0.82 0.00152758
0.8325 0.00143515
0.845 0.00133152
0.8575 0.00121839
0.87 0.00109766
0.8825 0.000971461
0.895 0.000842052
0.9075 0.000711784
0.92 0.000583052
0.9325 0.00045823
0.945 0.000339613
0.9575 0.000229357
0.97 0.000129423
0.9825 4.14746e-05
0.995 -3.31272e-05
1.005 -8.25125e-05
1.0175 -0.000130827
1.03 -0.000163972
1.0425 -0.00018203
1.055 -0.000185454
1.0675 -0.000175069
1.08 -0.000152078
1.0925 -0.000118035
1.105 -7.48389e-05
1.1175 -2.46934e-05
1.13 2.99146e-05
1.1425 8.62286e-05
1.155 0.000141408
1.1675 0.000192531
1.18 0.000236703
1.1925 0.000271122
1.205 0.000293193
1.2175 0.000300578
1.23 0.00029125
1.2425 0.000263514
1.255 0.000216037
1.2675 0.000147902
1.28 5.86682e-05
1.2925 -5.15956e-05
1.305 -0.000182311
1.3175 -0.00033239
1.33 -0.000500256
1.3425 -0.000683956
1.355 -0.000881146
1.3675 -0.0010893
1.38 -0.0013058
1.3925 -0.00152804
1.405 -0.00175361
1.4175 -0.00198036
1.43 -0.00220651
1.4425 -0.00243067
1.455 -0.00265186
1.4675 -0.00286949
1.48 -0.00308337
1.4925 -0.00329363
1.505 -0.00350073
1.5175 -0.00370536
1.53 -0.00390835
1.5425 -0.00411059
1.555 -0.00431294
1.5675 -0.00451614
1.58 -0.00472062
1.5925 -0.00492643
1.605 -0.00513311
1.6175 -0.00533959
1.63 -0.00554415
1.6425 -0.00574434
1.655 -0.00593701
1.6675 -0.00611844
1.68 -0.00628446
1.6925 -0.00643061
1.705 -0.00655235
1.7175 -0.00664531
1.73 -0.00670545
1.7425 -0.00672935
1.755 -0.00671403
1.7675 -0.00665803
1.78 -0.00656094
1.7925 -0.0064231
1.805 -0.00624561
1.8175 -0.00603073
1.83 -0.0057816
1.8425 -0.00550228
1.855 -0.00519757
1.8675 -0.00487295
1.88 -0.00453438
1.8925 -0.00418838
1.905 -0.00384167
1.9175 -0.00350104
1.93 -0.00317315
1.9425 -0.00286432
1.955 -0.00258032
1.9675 -0.0023262
1.98 -0.0021061
1.9925 -0.00192319
2.0025 -0.00180508
2.0125 -0.00171271
2.0225 -0.00164619
2.0325 -0.00160516
2.0425 -0.00158884
2.0525 -0.00159601
2.0625 -0.00162506
2.0725 -0.00167403
2.0825 -0.00174063
2.0925 -0.00182234
2.1025 -0.00191641
2.1125 -0.00201998
2.1225 -0.0021301
2.1325 -0.00224384
2.1425 -0.00235835
2.1525 -0.00247091
2.1625 -0.00257894
2.1725 -0.00268007
2.1825 -0.00277215
2.1925 -0.00285327
2.2025 -0.00292178
2.2125 -0.00297632
2.2225 -0.00301581
2.2325 -0.00303944
2.2425 -0.00304673
2.2525 -0.0030374
2.2625 -0.00301145
2.2725 -0.00296905
2.2825 -0.00291054
2.2925 -0.00283638
2.3025 -0.00274722
2.3125 -0.00264334
2.3225 -0.0025252
2.3325 -0.00239308
2.3425 -0.00224718
2.3525 -0.00208755
2.3625 -0.00191405
2.3725 -0.00172642
2.3825 -0.00152422
2.3925 -0.00130699
2.4025 -0.00107406
2.4125 -0.000824671
2.4225 -0.000558165
2.4325 -0.0002739
2.4425 2.86548e-05
2.4525 0.000349921
2.4625 0.000690235
2.4725 0.0010495
2.4825 0.00142743
2.4925 0.00182344
2.5025 0.00223661
2.5125 0.00266569
2.5225 0.00310904
2.5325 0.00356468
2.5425 0.00403026
2.5525 0.00450312
2.5625 0.00498025
2.5725 0.00545795
2.5825 0.00593122
2.5925 0.0064011
2.6025 0.00686161
2.6125 0.00731025
2.6225 0.00774331
2.6325 0.00816333
2.6425 0.00856501
2.6525 0.0089396
2.6625 0.00929298
2.6725 0.00962241
2.6825 0.00992551
2.6925 0.0101999
2.7025 0.010443
2.7125 0.0106542
2.7225 0.0108326
2.7325 0.010977
2.7425 0.0110854
2.7525 0.0111563
2.7625 0.0111885
2.7725 0.0111818
2.7825 0.0111364
2.7925 0.0110525
2.8025 0.0109298
2.8125 0.0107692
2.8225 0.0105723
2.8325 0.0103412
2.8425 0.0100782
2.8525 0.00978589
2.8625 0.00946726
2.8725 0.00912577
2.8825 0.00876532
2.8925 0.00838997
2.9025 0.00800382
2.9125 0.00761107
2.9225 0.00721599
2.9325 0.00682285
2.9425 0.00643612
2.9525 0.00606005
2.9625 0.00569866
2.9725 0.0053557
2.9825 0.00503464
2.9925 0.00473854
3.0025 0.0044692
3.0125 0.00422815
3.0225 0.00401858
3.0325 0.00384012
3.0425 0.00369273
3.0525 0.00357587
3.0625 0.00348884
3.0725 0.00343061
3.0825 0.00339939
3.0925 0.0033929
3.1025 0.00340882
3.1125 0.00344462
3.1225 0.00349768
3.1325 0.00356519
3.1425 0.00364426
3.1525 0.003732
3.1625 0.00382569
3.1725 0.00392264
3.1825 0.00402045
3.1925 0.00411693
3.2025 0.00421012
3.2125 0.00429834
3.2225 0.00438025
3.2325 0.00445484
3.2425 0.0045214
3.2525 0.00457947
3.2625 0.00462887
3.2725 0.00466964
3.2825 0.00470205
3.2925 0.00472652
3.3025 0.0047436
3.3125 0.00475385
3.3225 0.00475784
3.3325 0.00475611
3.3425 0.00474908
3.3525 0.00473703
3.3625 0.00472001
3.3725 0.00469787
3.3825 0.00467052
3.3925 0.00463719
3.4025 0.00459581
3.4125 0.00454627
3.4225 0.00448683
3.4325 0.00441653
3.4425 0.00433397
3.4525 0.00423799
3.4625 0.00412748
3.4725 0.00400149
3.4825 0.0038593
3.4925 0.00370042
3.5025 0.00352465
3.5125 0.00333206
3.5225 0.00312307
3.5325 0.00289718
3.5425 0.00265609
3.5525 0.00240161
3.5625 0.00213422
3.5725 0.00185576
3.5825 0.0015682
3.5925 0.00127407
3.6025 0.000976074
3.6125 0.000676931
3.6225 0.000379489
3.6325 8.67865e-05
3.6425 -0.000197981
3.6525 -0.000471644
3.6625 -0.000731204
3.6725 -0.000973893
3.6825 -0.00119715
3.6925 -0.00139863
3.7025 -0.00157627
3.7125 -0.0017284
3.7225 -0.00185375
3.7325 -0.00195149
3.7425 -0.0020212
3.7525 -0.00206285
3.7625 -0.00207684
3.7725 -0.00206413
3.7825 -0.00202591
3.7925 -0.00196376
3.8025 -0.00187973
3.8125 -0.00177618
3.8225 -0.00165574
3.8325 -0.00152131
3.8425 -0.00137594
3.8525 -0.00122287
3.8625 -0.00106538
3.8725 -0.00090676
3.8825 -0.000750211
3.8925 -0.000598813
3.9025 -0.000455473
3.9125 -0.000322882
3.9225 -0.00020347
3.9325 -9.93715e-05
3.9425 -1.24075e-05
3.9525 5.59241e-05
3.9625 0.000104452
3.9725 0.000132333
3.9825 0.000139042
3.9925 0.000124362
4.0025 8.83625e-05
4.0125 3.13701e-05
4.0225 -4.60528e-05
4.0325 -0.000143135
4.0425 -0.000258922
4.0525 -0.0003923
4.0625 -0.00054203
4.0725 -0.000706776
4.0825 -0.000885137
4.0925 -0.00107566
4.1025 -0.00127689
4.1125 -0.00148734
4.1225 -0.00170555
4.1325 -0.00193008
4.1425 -0.00215952
4.1525 -0.00239249
4.1625 -0.00262764
4.1725 -0.00286377
4.1825 -0.00310087
4.1925 -0.00333657
4.2025 -0.00357035
4.2125 -0.00380217
4.2225 -0.00403109
4.2325 -0.00425639
4.2425 -0.00447713
4.2525 -0.00469262
4.2625 -0.00490209
4.2725 -0.00510455
4.2825 -0.00529871
4.2925 -0.0054831
4.3025 -0.00565622
4.3125 -0.00581653
4.3225 -0.00596243
4.3325 -0.00609222
4.3425 -0.00620409
4.3525 -0.00629626
4.3625 -0.00636703
4.3725 -0.00641476
4.3825 -0.00643797
4.3925 -0.0064353
4.4025 -0.00640566
4.4125 -0.0063484
4.4225 -0.00626305
4.4325 -0.00614963
4.4425 -0.00600865
4.4525 -0.00584102
4.4625 -0.00564803
4.4725 -0.00543134
4.4825 -0.00519298
4.4925 -0.00493528
4.5025 -0.00466083
4.5125 -0.00437241
4.5225 -0.00407293
4.5325 -0.00376542
4.5425 -0.00345295
4.5525 -0.00313857
4.5625 -0.00282527
4.5725 -0.00251589
4.5825 -0.0022131
4.5925 -0.00191936
4.6025 -0.0016369
4.6125 -0.00136762
4.6225 -0.00111319
4.6325 -0.000874998
4.6425 -0.000654168
4.6525 -0.000451607
4.6625 -0.00026798
4.6725 -0.000103017
4.6825 4.26431e-05
4.6925 0.000168466
4.7025 0.000275269
4.7125 0.000363336
4.7225 0.000433059
4.7325 0.000484634
4.7425 0.000518323
4.7525 0.000534493
4.7625 0.000533535
4.7725 0.000515744
4.7825 0.000481187
4.7925 0.000429923
4.8025 0.00036203
4.8125 0.0002776
4.8225 0.000176713
4.8325 5.93926e-05
4.8425 -7.4409e-05
4.8525 -0.00022422
4.8625 -0.000389632
4.8725 -0.00056991
4.8825 -0.000763981
4.8925 -0.000970439
4.9025 -0.00118748
4.9125 -0.00141292
4.9225 -0.00164414
4.9325 -0.00187836
4.9425 -0.00211272
4.9525 -0.00234106
4.9625 -0.0025602
4.9725 -0.00276497
4.9825 -0.00295097
4.9925 -0.00311345
5.0025 -0.00324787
5.0125 -0.00334987
5.0225 -0.00341539
5.0325 -0.00344088
5.0425 -0.00342322
5.0525 -0.00335992
5.0625 -0.00324909
5.0725 -0.00308934
5.0825 -0.00288011
5.0925 -0.0026216
5.1025 -0.00231472
5.1125 -0.00196109
5.1225 -0.00156302
5.1325 -0.00112344
5.1425 -0.000645968
5.1525 -0.000134795
5.1625 0.000405369
5.1725 0.000970182
5.1825 0.00155758
5.1925 0.00215688
5.2025 0.00276539
5.2125 0.00337875
5.2225 0.00399157
5.2325 0.00459858
5.2425 0.0051944
5.2525 0.00577472
5.2625 0.00633574
5.2725 0.00687388
5.2825 0.00738563
5.2925 0.00786788
5.3025 0.0083182
5.3125 0.00873489
5.3225 0.00911683
5.3325 0.00946325
5.3425 0.00977382
5.3525 0.0100487
5.3625 0.0102888
5.3725 0.0104953
5.3825 0.0106699
5.3925 0.0108144
5.4025 0.0108969
5.4125 0.0108976
5.4225 0.0109653
5.4325 0.0110128
5.4425 0.0110841
5.4525 0.0111307
5.4625 0.0111416
5.4725 0.0111551
5.4825 0.0111904
5.4925 0.0112421
5.5025 0.0112554
5.5125 0.0112291
5.5225 0.011202
5.5325 0.0111896
5.5425 0.0111924
5.5525 0.0111996
5.5625 0.0112333
5.5725 0.0113021
5.5825 0.0114031
5.5925 0.0115336
5.6025 0.0116848
5.6125 0.0118557
5.6225 0.0120528
5.6325 0.0122737
5.6425 0.0125142
5.6525 0.0127679
5.6625 0.013029
5.6725 0.0132944
5.6825 0.0135616
5.6925 0.0138247
5.7025 0.0140806
5.7125 0.0143186
5.7225 0.0145366
5.7325 0.014732
5.7425 0.0149008
5.7525 0.0150401
5.7625 0.0151455
5.7725 0.0152136
5.7825 0.0152415
5.7925 0.0152269
5.8025 0.0151678
5.8125 0.0150632
5.8225 0.0149124
5.8325 0.0147143
5.8425 0.0144696
5.8525 0.0141797
5.8625 0.0138465
5.8725 0.0134723
5.8825 0.0130601
5.8925 0.012613
5.9025 0.0121352
5.9125 0.0116308
5.9225 0.0111043
5.9325 0.0105601
5.9425 0.0100027
5.9525 0.0094374
5.9625 0.00886705
5.9725 0.00829647
5.9825 0.00772952
5.9925 0.007166
6.0025 0.00661168
6.0125 0.00607185
6.0225 0.00554636
6.0325 0.00503691
6.0425 0.00454447
6.0525 0.00407083
6.0625 0.00361752
6.0725 0.00318512
6.0825 0.00277331
6.0925 0.00238187
6.1025 0.00201161
6.1125 0.00166499
6.1225 0.00133847
6.1325 0.00103075
6.1425 0.000741769
6.1525 0.000469818
6.1625 0.000214576
6.1725 -2.51243e-05
6.1825 -0.000250411
6.1925 -0.000464819
6.2025 -0.000668842
6.2125 -0.000861057
6.2225 -0.00104285
6.2325 -0.00121389
6.2425 -0.00137534
6.2525 -0.00152793
6.2625 -0.00167136
6.2725 -0.00180444
6.2825 -0.00192573
6.2925 -0.00203522
6.3025 -0.00213091
6.3125 -0.00221106
6.3225 -0.00227385
6.3325 -0.00231738
6.3425 -0.0023391
6.3525 -0.00233703
6.3625 -0.0023089
6.3725 -0.00225281
6.3825 -0.00216713
6.3925 -0.00205033
6.4025 -0.00190156
6.4125 -0.00171992
6.4225 -0.00150508
6.4325 -0.00125743
6.4425 -0.000978069
6.4525 -0.000668776
6.4625 -0.000331699
6.4725 3.06546e-05
6.4825 0.000415284
6.4925 0.000818502
6.5025 0.00123597
6.5125 0.00166273
6.5225 0.00209377
6.5325 0.00252485
6.5425 0.00295243
6.5525 0.00336668
6.5625 0.00376529
6.5725 0.00414321
6.5825 0.00449522
6.5925 0.00481667
6.6025 0.00510281
6.6125 0.00535024
6.6225 0.00555591
6.6325 0.00571714
6.6425 0.00583164
6.6525 0.00589786
6.6625 0.00591522
6.6725 0.00588429
6.6825 0.00580623
6.6925 0.00568265
6.7025 0.00551614
6.7125 0.00530987
6.7225 0.00506719
6.7325 0.00479322
6.7425 0.00449346
6.7525 0.00417343
6.7625 0.00383897
6.7725 0.00349268
6.7825 0.00314281
6.7925 0.00279563
6.8025 0.00245452
6.8125 0.00212457
6.8225 0.00180996
6.8325 0.00151533
6.8425 0.00124461
6.8525 0.00100079
6.8625 0.000786164
6.8725 0.000602416
6.8825 0.000451312
6.8925 0.000333869
6.9025 0.000250379
6.9125 0.000200511
6.9225 0.000183244
6.9325 0.000197216
6.9425 0.000240979
6.9525 0.000312501
6.9625 0.000409604
6.9725 0.000529081
6.9825 0.000667862
6.9925 0.000822848
7.0025 0.000990873
7.0125 0.00116862
7.0225 0.00135271
7.0325 0.00154014
7.0425 0.00172797
7.0525 0.00191364
7.0625 0.00209533
7.0725 0.00227066
7.0825 0.0024381
7.0925 0.00259683
7.1025 0.00274444
7.1125 0.00288114
7.1225 0.00300651
7.1325 0.00312019
7.1425 0.00322171
7.1525 0.00331118
7.1625 0.00338904
7.1725 0.00345586
7.1825 0.00351236
7.1925 0.00355882
7.2025 0.00359508
7.2125 0.00362144
7.2225 0.00363829
7.2325 0.00364512
7.2425 0.00364193
7.2525 0.0036283
7.2625 0.00360386
7.2725 0.00356809
7.2825 0.00352031
7.2925 0.00346026
7.3025 0.00338741
7.3125 0.00330018
7.3225 0.00319819
7.3325 0.00308044
7.3425 0.00294617
7.3525 0.00279466
7.3625 0.0026252
7.3725 0.00243734
7.3825 0.00223006
7.3925 0.00200116
7.4025 0.00175287
7.4125 0.00148508
7.4225 0.00119799
7.4325 0.000892221
7.4425 0.000567959
7.4525 0.000226239
7.4625 -0.000131469
7.4725 -0.000503565
7.4825 -0.000888423
7.4925 -0.00128416
7.5025 -0.00168842
7.5125 -0.00209853
7.5225 -0.00251176
7.5325 -0.00292525
7.5425 -0.00333598
7.5525 -0.00374073
7.5625 -0.00413615
7.5725 -0.00451877
7.5825 -0.00488508
7.5925 -0.00523172
7.6025 -0.00555525
7.6125 -0.00585236
7.6225 -0.00611995
7.6325 -0.00635511
7.6425 -0.00655524
7.6525 -0.006718
7.6625 -0.00684142
7.6725 -0.00692398
7.6825 -0.00696455
7.6925 -0.0069625
7.7025 -0.0069179
7.7125 -0.00683112
7.7225 -0.00670299
7.7325 -0.00653498
7.7425 -0.00632899
7.7525 -0.00608735
7.7625 -0.0058127
7.7725 -0.00550802
7.7825 -0.00517657
7.7925 -0.00482184
7.8025 -0.00444749
7.8125 -0.00405726
7.8225 -0.00365511
7.8325 -0.00324519
7.8425 -0.00283147
7.8525 -0.00241802
7.8625 -0.00200877
7.8725 -0.00160751
7.8825 -0.00121792
7.8925 -0.00084346
7.9025 -0.000487288
7.9125 -0.00014918
7.9225 0.000164951
7.9325 0.000453028
7.9425 0.000715516
7.9525 0.000950774
7.9625 0.00115805
7.9725 0.00133613
7.9825 0.00148464
7.9925 0.00160381
8.0025 0.00169404
8.015 0.00176662
8.0275 0.00179516
8.04 0.00178122
8.0525 0.00172683
8.065 0.00163424
8.0775 0.00150579
8.09 0.00134379
8.1025 0.00115068
8.115 0.00092896
8.1275 0.000681069
8.14 0.000408565
8.1525 0.000114758
8.165 -0.00019834
8.1775 -0.000528017
8.19 -0.000871356
8.2025 -0.00122508
8.215 -0.00158583
8.2275 -0.00195005
8.24 -0.00231382
8.2525 -0.00267273
8.265 -0.00302193
8.2775 -0.00335606
8.29 -0.00366922
8.3025 -0.00395503
8.315 -0.00420672
8.3275 -0.00441817
8.34 -0.00458112
8.3525 -0.00468877
8.365 -0.00473435
8.3775 -0.00471275
8.39 -0.00461933
8.4025 -0.00445174
8.415 -0.00420915
8.4275 -0.00389232
8.44 -0.00350296
8.4525 -0.00304403
8.465 -0.0025202
8.4775 -0.00194042
8.49 -0.0013084
8.5025 -0.000631635
8.515 8.28469e-05
8.5275 0.00082547
8.54 0.0015924
8.5525 0.00237069
8.565 0.0031525
8.5775 0.00393342
8.59 0.00470523
8.6025 0.00546055
8.615 0.00619328
8.6275 0.00689883
8.64 0.00757213
8.6525 0.00820806
8.665 0.0088025
8.6775 0.00935269
8.69 0.00985654
8.7025 0.0103123
8.715 0.010719
8.7275 0.0110767
8.74 0.0113863
8.7525 0.0116494
8.765 0.0118676
8.7775 0.0120435
8.79 0.0121801
8.8025 0.0122811
8.815 0.0123505
8.8275 0.0123925
8.84 0.0124116
8.8525 0.0124124
8.865 0.0123995
8.8775 0.0123774
8.89 0.0123501
8.9025 0.0123212
8.915 0.0122944
8.9275 0.0122725
8.94 0.0122578
8.9525 0.0122527
8.965 0.0122629
8.9775 0.0122843
8.99 0.0123132
9.0025 0.0123545
9.015 0.0124038
9.0275 0.012464
9.04 0.0125331
9.0525 0.0126108
9.065 0.0126964
9.0775 0.0127851
9.09 0.0128834
9.1025 0.0129909
9.115 0.0131059
9.1275 0.0132317
9.14 0.0133688
9.1525 0.0135168
9.165 0.0136745
9.1775 0.0138428
9.19 0.0140215
9.2025 0.0142095
9.215 0.0144049
9.2275 0.0146068
9.24 0.0148131
9.2525 0.0150215
9.265 0.0152299
9.2775 0.0154357
9.29 0.0156369
9.3025 0.0158312
9.315 0.016016
9.3275 0.0161877
9.34 0.0163438
9.3525 0.016481
9.365 0.0165961
9.3775 0.0166861
9.39 0.016748
9.4025 0.0167801
9.415 0.0167805
9.4275 0.016746
9.44 0.0166759
9.4525 0.0165699
9.465 0.0164282
9.4775 0.0162514
9.49 0.0160404
9.5025 0.0157965
9.515 0.0155216
9.5275 0.0152176
9.54 0.0148863
9.5525 0.01453
9.565 0.0141506
9.5775 0.0137503
9.59 0.0133311
9.6025 0.0128948
9.615 0.0124433
9.6275 0.0119781
9.64 0.0115013
9.6525 0.0110132
9.665 0.0105154
9.6775 0.0100092
9.69 0.00949627
9.7025 0.00897816
9.715 0.00845672
9.7275 0.00793356
9.74 0.00740706
9.7525 0.00688185
9.765 0.0063618
9.7775 0.00584643
9.79 0.00533799
9.8025 0.0048404
9.815 0.00435819
9.8275 0.00388583
9.84 0.00342906
9.8525 0.00298711
9.865 0.00256365
9.8775 0.00215976
9.89 0.0017774
9.9025 0.00141784
9.915 0.00108267
9.9275 0.000773109
9.94 0.000490128
9.9525 0.000233681
9.965 -5.8018e-08
9.9775 -0.000215479
9.99 -0.000412582
10.0025 -0.000592965
10.015 -0.000759147
10.0275 -0.000914049
10.04 -0.00106138
10.0525 -0.0012027
10.065 -0.00134061
10.0775 -0.00147784
10.09 -0.00163331
10.1025 -0.00187722
10.115 -0.00190997
10.1275 -0.0019556
10.14 -0.00193994
10.1525 -0.00192861
10.165 -0.00187612
10.1775 -0.00179756
10.19 -0.00172145
10.2025 -0.00165048
10.215 -0.00157584
10.2275 -0.00151222
10.24 -0.00148177
10.2525 -0.00148595
10.265 -0.00152043
10.2775 -0.00159541
10.29 -0.00171727
10.3025 -0.00188692
10.315 -0.00210215
10.3275 -0.00237054
10.34 -0.0026991
10.3525 -0.00305629
10.365 -0.00345134
10.3775 -0.00387444
10.39 -0.00432351
10.4025 -0.00479873
10.415 -0.00528866
10.4275 -0.00579329
10.44 -0.00630576
10.4525 -0.00682439
10.465 -0.00735205
10.4775 -0.00787753
10.49 -0.0083952
10.5025 -0.00890722
10.515 -0.00941914
10.5275 -0.00991335
10.54 -0.0103828
10.5525 -0.010826
10.565 -0.0112383
10.5775 -0.0116136
10.59 -0.0119449
10.6025 -0.0122285
10.615 -0.0124612
10.6275 -0.0126389
10.64 -0.0127571
10.6525 -0.0128128
10.665 -0.0128039
10.6775 -0.0127293
10.69 -0.0125881
10.7025 -0.0123791
10.715 -0.0121034
10.7275 -0.0117629
10.74 -0.0113601
10.7525 -0.0108981
10.765 -0.0103809
10.7775 -0.00981376
10.79 -0.00920226
10.8025 -0.00855244
10.815 -0.00787081
10.8275 -0.00716445
10.84 -0.00644067
10.8525 -0.00570679
10.865 -0.00496838
10.8775 -0.00422547
10.89 -0.00349439
10.9025 -0.00277117
10.915 -0.00206069
10.9275 -0.00136775
10.94 -0.000697826
10.9525 -5.29424e-05
10.965 0.000563095
10.9775 0.001145
10.99 0.00168807
11.0025 0.00218607
11.015 0.00263817
11.0275 0.00304375
11.04 0.00339703
11.0525 0.00369597
11.065 0.0039353
11.0775 0.00411777
11.09 0.0042424
11.1025 0.00430886
11.115 0.00431893
11.1275 0.00427366
11.14 0.00417705
11.1525 0.00403325
11.165 0.00384718
11.1775 0.00362695
11.19 0.00337499
11.2025 0.00309892
11.215 0.00280463
11.2275 0.0024992
11.24 0.00218987
11.2525 0.00188412
11.265 0.0015883
11.2775 0.0013076
11.29 0.00105346
11.3025 0.00082886
11.315 0.000634874
11.3275 0.00048359
11.34 0.000389383
11.3525 0.000349787
11.365 0.000379011
11.3775 0.000474556
11.39 0.00064383
11.4025 0.000886994
11.415 0.00120532
11.4275 0.00159647
11.44 0.00205841
11.4525 0.00259008
11.465 0.00318622
11.4775 0.00383723
11.49 0.00454161
11.5025 0.00529064
11.515 0.00607666
11.5275 0.00689062
11.54 0.007725
11.5525 0.00857127
11.565 0.00942061
11.5775 0.0102644
11.59 0.011095
11.6025 0.0119206
11.615 0.012739
11.6275 0.013532
11.64 0.0142815
11.6525 0.0150017
11.665 0.0157087
11.6775 0.0164024
11.69 0.0170617
11.7025 0.0176817
11.715 0.018271
11.7275 0.018843
11.74 0.0193971
11.7525 0.019925
11.765 0.0204068
11.7775 0.0208721
11.79 0.0213414
11.8025 0.0217936
11.815 0.0222431
11.8275 0.0226965
11.84 0.0231529
11.8525 0.0236298
11.865 0.0241217
11.8775 0.0246176
11.89 0.0251305
11.9025 0.0256602
11.915 0.0262035
11.9275 0.0267649
11.94 0.0273425
11.9525 0.0279355
11.965 0.0285441
11.9775 0.0291646
11.99 0.0294762
12.0025 0.0296773
12.015 0.030527
12.0275 0.0311281
12.04 0.0318624
12.0525 0.0325559
12.065 0.0332733
12.0775 0.0339782
12.09 0.0346987
12.1025 0.0354123
12.115 0.0361118
12.1275 0.0368181
12.14 0.0375234
12.1525 0.0382336
12.165 0.0389415
12.1775 0.0396416
12.19 0.0403422
12.2025 0.0410358
12.215 0.0417312
12.2275 0.0425405
12.24 0.0431794
12.2525 0.0438747
12.265 0.0445552
12.2775 0.0452255
12.29 0.0458714
12.3025 0.0464879
12.315 0.0470723
12.3275 0.0476157
12.34 0.0481094
12.3525 0.0485451
12.365 0.0489169
12.3775 0.0492183
12.39 0.0494417
12.4025 0.0495805
12.415 0.0496299
12.4275 0.049588
12.44 0.0494621
12.4525 0.0492424
12.465 0.0489238
12.4775 0.048516
12.49 0.0480146
12.5025 0.0474225
12.515 0.0467354
12.5275 0.0459634
12.54 0.0451212
12.5525 0.0442061
12.565 0.0432251
12.5775 0.0421839
12.59 0.0410917
12.6025 0.0399592
12.615 0.0387932
12.6275 0.0376012
12.64 0.0363915
12.6525 0.0351731
12.665 0.0339548
12.6775 0.0327439
12.69 0.0315469
12.7025 0.0303701
12.715 0.0292211
12.7275 0.0281059
12.74 0.0270295
12.7525 0.0259962
12.765 0.0250097
12.7775 0.024073
12.79 0.0231885
12.8025 0.022361
12.815 0.0215898
12.8275 0.0208764
12.84 0.0202215
12.8525 0.0196253
12.865 0.0190875
12.8775 0.0186075
12.89 0.0181852
12.9025 0.0178201
12.915 0.0175112
12.9275 0.0172577
12.94 0.0170587
12.9525 0.0169138
12.965 0.0168224
12.9775 0.0167846
12.99 0.0168017
13.0025 0.016874
13.015 0.0170011
13.0275 0.0171832
13.04 0.0174197
13.0525 0.0177093
13.065 0.0180505
13.0775 0.0184431
13.09 0.0188877
13.1025 0.0193824
13.115 0.0199265
13.1275 0.0205176
13.14 0.0211535
13.1525 0.0218308
13.165 0.0225498
13.1775 0.0233035
13.19 0.0240824
13.2025 0.0249016
13.215 0.0257456
13.2275 0.0266148
13.24 0.0275036
13.2525 0.0284033
13.265 0.0293129
13.2775 0.0302242
13.29 0.0311314
13.3025 0.0320276
13.315 0.0329051
13.3275 0.0337591
13.34 0.0345825
13.3525 0.0353681
13.365 0.0361104
13.3775 0.0368039
13.39 0.0374421
13.4025 0.0380201
13.415 0.0385336
13.4275 0.038979
13.44 0.0393536
13.4525 0.0396554
13.465 0.0398827
13.4775 0.0400343
13.49 0.0401099
13.5025 0.0401101
13.515 0.0400372
13.5275 0.039893
13.54 0.0396799
13.5525 0.0394017
13.565 0.03906
13.5775 0.0386543
13.59 0.0381925
13.6025 0.0376833
13.615 0.0371281
13.6275 0.0365351
13.64 0.0359053
13.6525 0.0352375
13.665 0.0345423
13.6775 0.0338197
13.69 0.0330715
13.7025 0.0323015
13.715 0.0315112
13.7275 0.0307036
13.74 0.0298799
13.7525 0.0290403
13.765 0.0281863
13.7775 0.0273189
13.79 0.0264393
13.8025 0.0255483
13.815 0.0246462
13.8275 0.0237341
13.84 0.0228134
13.8525 0.0218857
13.865 0.0209524
13.8775 0.020015
13.89 0.0190753
13.9025 0.0181356
13.915 0.0171983
13.9275 0.0162643
13.94 0.0153353
13.9525 0.0144198
13.965 0.0135187
13.9775 0.0126367
13.99 0.011779
14.0025 0.0109503
14.015 0.0101562
14.0275 0.00940084
14.04 0.00868933
14.0525 0.00802719
14.065 0.0074192
14.0775 0.00687026
14.09 0.00638484
14.1025 0.00596726
14.115 0.00562109
14.1275 0.00534926
14.14 0.00515417
14.1525 0.0050381
14.165 0.00500291
14.1775 0.00504838
14.19 0.00517269
14.2025 0.00537402
14.215 0.00564941
14.2275 0.00599488
14.24 0.00640515
14.2525 0.0068739
14.265 0.00739534
14.2775 0.00796459
14.29 0.00857541
14.3025 0.00922169
14.315 0.00989542
14.3275 0.0105908
14.34 0.0113052
14.3525 0.0120432
14.365 0.0127877
14.3775 0.0135392
14.39 0.0142944
14.4025 0.0150511
14.415 0.0158058
14.4275 0.016555
14.44 0.0172966
14.4525 0.0180286
14.465 0.0187329
14.4775 0.0194165
14.49 0.0200985
14.5025 0.0207601
14.515 0.0214089
14.5275 0.0220477
14.54 0.0226719
14.5525 0.0232869
14.565 0.0238931
14.5775 0.0244913
14.59 0.0250847
14.6025 0.0256738
14.615 0.0262596
14.6275 0.026844
14.64 0.0274278
14.6525 0.0280114
14.665 0.0285947
14.6775 0.0291766
14.69 0.0297558
14.7025 0.0303299
14.715 0.0308958
14.7275 0.0314495
14.74 0.0319859
14.7525 0.0324961
14.765 0.0329747
14.7775 0.033416
14.79 0.0338155
14.8025 0.0341681
14.815 0.0344667
14.8275 0.0347036
14.84 0.0348735
14.8525 0.0349814
14.865 0.0350073
14.8775 0.0349493
14.89 0.0348045
14.9025 0.034569
14.915 0.0342446
14.9275 0.0338294
14.94 0.0333213
14.9525 0.0327154
14.965 0.0320242
14.9775 0.0312549
14.99 0.0304104
15.0025 0.0294968
15.015 0.0285208
15.0275 0.0274931
15.04 0.0264249
15.0525 0.0253263
15.065 0.0242069
15.0775 0.0230782
15.09 0.021953
15.1025 0.0208434
15.115 0.0197605
15.1275 0.0187143
15.14 0.0177146
15.1525 0.0167746
15.165 0.0158972
15.1775 0.0150878
15.19 0.0143475
15.2025 0.0136891
15.215 0.0131181
15.2275 0.0126329
15.24 0.0122424
15.2525 0.011941
15.265 0.0117318
15.2775 0.0116145
15.29 0.011586
15.3025 0.0116427
15.315 0.011779
15.3275 0.0119901
15.34 0.0122696
15.3525 0.0126104
15.365 0.0130057
15.3775 0.0134501
15.39 0.0139376
15.4025 0.0144632
15.415 0.0150191
15.4275 0.0155988
15.44 0.0161982
15.4525 0.0168233
15.465 0.0174622
15.4775 0.0181173
15.49 0.018787
15.5025 0.019461
15.515 0.0201315
15.5275 0.0208299
15.54 0.0215389
15.5525 0.0222653
15.565 0.0230127
15.5775 0.0237789
15.59 0.0245657
15.6025 0.0253699
15.615 0.0261938
15.6275 0.0270354
15.64 0.0278927
15.6525 0.0287637
15.665 0.0296442
15.6775 0.0305326
15.69 0.0314247
15.7025 0.0323148
15.715 0.0331984
15.7275 0.0340707
15.74 0.0349249
15.7525 0.0357548
15.765 0.0365531
15.7775 0.03731
15.79 0.0380169
15.8025 0.03867
15.815 0.0392611
15.8275 0.0397863
15.84 0.04024
15.8525 0.0406166
15.865 0.0409093
15.8775 0.0411127
15.89 0.0412225
15.9025 0.0412345
15.915 0.0411499
15.9275 0.0409708
15.94 0.0406845
15.9525 0.0402982
15.965 0.03981
15.9775 0.0392178
15.99 0.0385173
16.0025 0.0377202
16.0125 0.0370184
16.0225 0.0362593
16.0325 0.0354451
16.0425 0.0345786
16.0525 0.0336627
16.0625 0.0327021
16.0725 0.0317014
16.0825 0.0306636
16.0925 0.0295922
16.1025 0.0284912
16.1125 0.0273652
16.1225 0.0262196
16.1325 0.0250589
16.1425 0.0238867
16.1525 0.0227071
16.1625 0.021524
16.1725 0.0203417
16.1825 0.0191645
16.1925 0.0179964
16.2025 0.0168408
16.2125 0.0157008
16.2225 0.0145795
16.2325 0.0134796
16.2425 0.0124037
16.2525 0.0113543
16.2625 0.0103331
16.2725 0.00934158
16.2825 0.00838111
16.2925 0.00745237
16.3025 0.00655547
16.3125 0.00568822
16.3225 0.00485731
16.3325 0.00406564
16.3425 0.00331005
16.3525 0.00259326
16.3625 0.00191582
16.3725 0.00127523
16.3825 0.000635329
16.3925 9.12381e-05
16.4025 -0.000404341
16.4125 -0.000902298
16.4225 -0.0013773
16.4325 -0.00181628
16.4425 -0.00220717
16.4525 -0.0025504
16.4625 -0.00286083
16.4725 -0.00314611
16.4825 -0.00339102
16.4925 -0.00359353
16.5025 -0.00377119
16.5125 -0.00391456
16.5225 -0.00401476
16.5325 -0.00407427
16.5425 -0.004092
16.5525 -0.00406876
16.5625 -0.00400636
16.5725 -0.00390656
16.5825 -0.00376456
16.5925 -0.00357617
16.6025 -0.00334282
16.6125 -0.00306879
16.6225 -0.00275746
16.6325 -0.00240843
16.6425 -0.00201912
16.6525 -0.00159099
16.6625 -0.00112604
16.6725 -0.000625031
16.6825 -9.28505e-05
16.6925 0.00047022
16.7025 0.00106154
16.7125 0.00167864
16.7225 0.00231945
16.7325 0.00298103
16.7425 0.00366034
16.7525 0.00435448
16.7625 0.00506052
16.7725 0.00577547
16.7825 0.00649613
16.7925 0.00721899
16.8025 0.00794036
16.8125 0.00865642
16.8225 0.00936333
16.8325 0.0100571
16.8425 0.010734
16.8525 0.0113902
16.8625 0.012022
16.8725 0.0126257
16.8825 0.0131972
16.8925 0.0137329
16.9025 0.0142295
16.9125 0.0146838
16.9225 0.0150931
16.9325 0.0154545
16.9425 0.0157658
16.9525 0.016025
16.9625 0.0162305
16.9725 0.0163805
16.9825 0.016474
16.9925 0.0165114
17.0025 0.0164943
17.0125 0.0164251
17.0225 0.0163049
17.0325 0.0161346
17.0425 0.0159145
17.0525 0.0156488
17.0625 0.0153426
17.0725 0.0149973
17.0825 0.0146185
17.0925 0.0142088
17.1025 0.0137722
17.1125 0.0133136
17.1225 0.0128374
17.1325 0.0123481
17.1425 0.0118499
17.1525 0.0113469
17.1625 0.0108434
17.1725 0.0103437
17.1825 0.00985229
17.1925 0.00937319
17.2025 0.00890988
17.2125 0.00846552
17.2225 0.00804284
17.2325 0.00764432
17.2425 0.00727321
17.2525 0.00693082
17.2625 0.00661944
17.2725 0.00634119
17.2825 0.00609561
17.2925 0.00588248
17.3025 0.00570135
17.3125 0.00555222
17.3225 0.00543603
17.3325 0.00535181
17.3425 0.00530083
17.3525 0.00528122
17.3625 0.00529127
17.3725 0.00532922
17.3825 0.00539416
17.3925 0.00548582
17.4025 0.00560162
17.4125 0.00573888
17.4225 0.00589514
17.4325 0.0060679
17.4425 0.00625486
17.4525 0.00645477
17.4625 0.00666619
17.4725 0.00688623
17.4825 0.00711314
17.4925 0.00734692
17.5025 0.00758634
17.5125 0.00782982
17.5225 0.00807691
17.5325 0.00832498
17.5425 0.00857381
17.5525 0.00882348
17.5625 0.00907443
17.5725 0.00932737
17.5825 0.00958257
17.5925 0.00984039
17.6025 0.0101024
17.6125 0.0103602
17.6225 0.0106092
17.6325 0.0108697
17.6425 0.0111436
17.6525 0.0114216
17.6625 0.0117085
17.6725 0.0120114
17.6825 0.012328
17.6925 0.0126586
17.7025 0.0130067
17.7125 0.0133701
17.7225 0.0137489
17.7325 0.0141452
17.7425 0.0145594
17.7525 0.0149918
17.7625 0.0154422
17.7725 0.0159096
17.7825 0.0163933
17.7925 0.0168927
17.8025 0.0174062
17.8125 0.0179319
17.8225 0.0184688
17.8325 0.0190148
17.8425 0.0195669
17.8525 0.0201229
17.8625 0.0206806
17.8725 0.0212366
17.8825 0.0217879
17.8925 0.0223317
17.9025 0.0228651
17.9125 0.0233846
17.9225 0.0238866
17.9325 0.024368
17.9425 0.0248255
17.9525 0.0252562
17.9625 0.0256581
17.9725 0.02603
17.9825 0.0263697
17.9925 0.0266752
18.0025 0.0269453
18.0125 0.0271784
18.0225 0.0273729
18.0325 0.0275278
18.0425 0.0276423
18.0525 0.0277157
18.0625 0.0277479
18.0725 0.0277388
18.0825 0.0276892
18.0925 0.0276
18.1025 0.0274721
18.1125 0.0273069
18.1225 0.0271054
18.1325 0.0268675
18.1425 0.0265944
18.1525 0.0262889
18.1625 0.0259568
18.1725 0.0255995
18.1825 0.025212
18.1925 0.0247972
18.2025 0.0243578
18.2125 0.0238946
18.2225 0.0234104
18.2325 0.0229076
18.2425 0.0223863
18.2525 0.021846
18.2625 0.0212872
18.2725 0.0207106
18.2825 0.0201171
18.2925 0.0195077
18.3025 0.0188829
18.3125 0.018242
18.3225 0.0175842
18.3325 0.0169088
18.3425 0.0162155
18.3525 0.0155042
18.3625 0.0147752
18.3725 0.0140282
18.3825 0.0132629
18.3925 0.0124775
18.4025 0.0116742
18.4125 0.010857
18.4225 0.0100153
18.4325 0.00915099
18.4425 0.00826993
18.4525 0.00737037
18.4625 0.00645756
18.4725 0.00553534
18.4825 0.00460483
18.4925 0.00366359
18.5025 0.00280567
18.5125 0.00203469
18.5225 0.00109146
18.5325 0.000161162
18.5425 -0.000783622
18.5525 -0.00175992
18.5625 -0.00270838
18.5725 -0.00362783
18.5825 -0.00454291
18.5925 -0.00544485
18.6025 -0.00632336
18.6125 -0.00719301
18.6225 -0.00801775
18.6325 -0.00879863
18.6425 -0.00953493
18.6525 -0.0102336
18.6625 -0.0109012
18.6725 -0.0115237
18.6825 -0.0120884
18.6925 -0.0125886
18.7025 -0.0130255
18.7125 -0.0134001
18.7225 -0.0137126
18.7325 -0.0139581
18.7425 -0.014129
18.7525 -0.0142257
18.7625 -0.0142561
18.7725 -0.0142153
18.7825 -0.0140948
18.7925 -0.0139
18.8025 -0.0136331
18.8125 -0.013289
18.8225 -0.0128668
18.8325 -0.0123711
18.8425 -0.011806
18.8525 -0.0111716
18.8625 -0.0104678
18.8725 -0.00969652
18.8825 -0.00886434
18.8925 -0.00796871
18.9025 -0.00700829
18.9125 -0.00599207
18.9225 -0.00491732
18.9325 -0.00378209
18.9425 -0.00259093
18.9525 -0.00134861
18.9625 -5.74562e-05
18.9725 0.00128004
18.9825 0.0026611
18.9925 0.00408475
19.0025 0.00554976
19.0125 0.00705369
19.0225 0.00859399
19.0325 0.010168
19.0425 0.0117725
19.0525 0.0134044
19.0625 0.0150607
19.0725 0.0167378
19.0825 0.0184328
19.0925 0.0201424
19.1025 0.0218624
19.1125 0.0235889
19.1225 0.025318
19.1325 0.0270457
19.1425 0.0287666
19.1525 0.0304805
19.1625 0.0321872
19.1725 0.0338822
19.1825 0.0355606
19.1925 0.0372134
19.2025 0.0388335
19.2125 0.040424
19.2225 0.0419868
19.2325 0.0435157
19.2425 0.0450046
19.2525 0.0464512
19.2625 0.0478536
19.2725 0.04921
19.2825 0.0505192
19.2925 0.0517789
19.3025 0.0529863
19.3125 0.0541375
19.3225 0.0552298
19.3325 0.0562668
19.3425 0.0572477
19.3525 0.0581685
19.3625 0.0590292
19.3725 0.0598298
19.3825 0.0605686
19.3925 0.0612449
19.4025 0.0618592
19.4125 0.0624114
19.4225 0.0629009
19.4325 0.0633275
19.4425 0.0636914
19.4525 0.0639928
19.4625 0.064232
19.4725 0.0644093
19.4825 0.0645248
19.4925 0.0645802
19.5025 0.0645748
19.5125 0.0645085
19.5225 0.0643819
19.5325 0.0641957
19.5425 0.0639515
19.5525 0.0636496
19.5625 0.0632904
19.5725 0.0628758
19.5825 0.0624078
19.5925 0.061888
19.6025 0.0613175
19.6125 0.0606972
19.6225 0.0600246
19.6325 0.059301
19.6425 0.0585306
19.6525 0.0577241
19.6625 0.0568766
19.6725 0.0559801
19.6825 0.0550448
19.6925 0.0540724
19.7025 0.0530607
19.7125 0.0520139
19.7225 0.0509342
19.7325 0.0498222
19.7425 0.0486823
19.7525 0.0475179
19.7625 0.0463319
19.7725 0.0451288
19.7825 0.0439124
19.7925 0.0426845
19.8025 0.0414495
19.8125 0.0402108
19.8225 0.0389704
19.8325 0.0377315
19.8425 0.0364976
19.8525 0.0352723
19.8625 0.0340593
19.8725 0.0328622
19.8825 0.0316841
19.8925 0.0305277
19.9025 0.0293975
19.9125 0.0282934
19.9225 0.0272151
19.9325 0.0261672
19.9425 0.0251516
19.9525 0.0241689
19.9625 0.023221
19.9725 0.0223061
19.9825 0.0214235
19.9925 0.0205742
20.0025 0.0197614
20.0125 0.0189863
20.0225 0.0182498
20.0325 0.0175531
20.0425 0.016895
20.0525 0.0162737
20.0625 0.0156891
20.0725 0.0151415
20.0825 0.0146306
20.0925 0.0141562
20.1025 0.0137189
20.1125 0.0133179
20.1225 0.0129522
20.1325 0.0126215
20.1425 0.0123252
20.1525 0.0120626
20.1625 0.0118332
20.1725 0.0116361
20.1825 0.011471
20.1925 0.0113372
20.2025 0.0112344
20.2125 0.0111621
20.2225 0.0111199
20.2325 0.011107
20.2425 0.0111225
20.2525 0.0111662
20.2625 0.011238
20.2725 0.011337
20.2825 0.0114629
20.2925 0.0116147
20.3025 0.0117917
20.3125 0.0119934
20.3225 0.0122183
20.3325 0.0124617
20.3425 0.0127246
20.3525 0.0130062
20.3625 0.0133043
20.3725 0.0136182
20.3825 0.0139452
20.3925 0.0142835
20.4025 0.0146318
20.4125 0.0149882
20.4225 0.0153517
20.4325 0.0157209
20.4425 0.0160946
20.4525 0.0164704
20.4625 0.0168472
20.4725 0.0172243
20.4825 0.0175993
20.4925 0.0179701
20.5025 0.0183345
20.5125 0.0186903
20.5225 0.0190353
20.5325 0.0193674
20.5425 0.0196852
20.5525 0.0199869
20.5625 0.020271
20.5725 0.0205354
20.5825 0.0207784
20.5925 0.0209982
20.6025 0.0211934
20.6125 0.0213628
20.6225 0.0215067
20.6325 0.0216253
20.6425 0.021718
20.6525 0.0217849
20.6625 0.0218267
20.6725 0.0218449
20.6825 0.0218407
20.6925 0.0218158
20.7025 0.0217716
20.7125 0.0217103
20.7225 0.021634
20.7325 0.0215452
20.7425 0.0214477
20.7525 0.0213439
20.7625 0.0212354
20.7725 0.021124
20.7825 0.0210117
20.7925 0.0209014
20.8025 0.0207966
20.8125 0.0207018
20.8225 0.0206175
20.8325 0.020544
20.8425 0.0204834
20.8525 0.0204368
20.8625 0.0204047
20.8725 0.020388
20.8825 0.020388
20.8925 0.0204048
20.9025 0.0204379
20.9125 0.0204863
20.9225 0.0205494
20.9325 0.0206261
20.9425 0.0207162
20.9525 0.0208199
20.9625 0.0209348
20.9725 0.0210599
20.9825 0.0211961
20.9925 0.0213419
21.0025 0.0214952
21.0125 0.0216558
21.0225 0.0218221
21.0325 0.0219933
21.0425 0.0221692
21.0525 0.0223495
21.0625 0.0225335
21.0725 0.022721
21.0825 0.0229116
21.0925 0.0231045
21.1025 0.0232997
21.1125 0.0234969
21.1225 0.0236964
21.1325 0.0238987
21.1425 0.0241044
21.1525 0.0243145
21.1625 0.0245294
21.1725 0.0247496
21.1825 0.0249758
21.1925 0.0252087
21.2025 0.0254487
21.2125 0.0256967
21.2225 0.0259535
21.2325 0.02622
21.2425 0.0264967
21.2525 0.0267841
21.2625 0.0270831
21.2725 0.0273937
21.2825 0.0277147
21.2925 0.0280467
21.3025 0.0283895
21.3125 0.0287424
21.3225 0.0291051
21.3325 0.0294766
21.3425 0.0298561
21.3525 0.0302421
21.3625 0.030634
21.3725 0.0310302
21.3825 0.0314288
21.3925 0.0318288
21.4025 0.0322285
21.4125 0.032626
21.4225 0.0330193
21.4325 0.0334061
21.4425 0.0337843
21.4525 0.0341514
21.4625 0.0345051
21.4725 0.0348428
21.4825 0.0351627
21.4925 0.0354623
21.5025 0.0357397
21.5125 0.0359927
21.5225 0.0362195
21.5325 0.0364177
21.5425 0.0365851
21.5525 0.0367199
21.5625 0.0368218
21.5725 0.0368899
21.5825 0.0369238
21.5925 0.036926
21.6025 0.036896
21.6125 0.0368296
21.6225 0.0367277
21.6325 0.0365921
21.6425 0.0364226
21.6525 0.036219
21.6625 0.0359814
21.6725 0.0357091
21.6825 0.0354017
21.6925 0.0350604
21.7025 0.0346863
21.7125 0.0342788
21.7225 0.0338366
21.7325 0.0333591
21.7425 0.032846
21.7525 0.0322979
21.7625 0.0317149
21.7725 0.0310968
21.7825 0.0304427
21.7925 0.0297513
21.8025 0.0290219
21.8125 0.0282539
21.8225 0.0274471
21.8325 0.026601
21.8425 0.0257145
21.8525 0.0247865
21.8625 0.0238161
21.8725 0.0228026
21.8825 0.0217457
21.8925 0.0206456
21.9025 0.0195032
21.9125 0.0183182
21.9225 0.0170904
21.9325 0.0158204
21.9425 0.0145064
21.9525 0.0131476
21.9625 0.0117437
21.9725 0.0102932
21.9825 0.00880185
21.9925 0.0072706
22.0025 0.00569424
22.0125 0.00406967
22.0225 0.00240633
22.0325 0.000710094
22.0425 -0.00101833
22.0525 -0.00278129
22.0625 -0.00457939
22.0725 -0.00640821
22.0825 -0.00826131
22.0925 -0.0101347
22.1025 -0.0120212
22.1125 -0.0139109
22.1225 -0.0157919
22.1325 -0.0176578
22.1425 -0.0195084
22.1525 -0.0213325
22.1625 -0.0231216
22.1725 -0.0248828
22.1825 -0.0266104
22.1925 -0.0282955
22.2025 -0.0299357
22.2125 -0.031525
22.2225 -0.0330547
22.2325 -0.0345206
22.2425 -0.0359296
22.2525 -0.0372688
22.2625 -0.0385634
22.2725 -0.0398121
22.2825 -0.0409808
22.2925 -0.0420778
22.3025 -0.043112
22.3125 -0.0440806
22.3225 -0.0449845
22.3325 -0.0458623
22.3425 -0.0465942
22.3525 -0.0472421
22.3625 -0.0479464
22.3725 -0.0485857
22.3825 -0.0491174
22.3925 -0.0495972
22.4025 -0.0500378
22.4125 -0.0504185
22.4225 -0.0507531
22.4325 -0.0510583
22.4425 -0.0513176
22.4525 -0.051534
22.4625 -0.0517141
22.4725 -0.0518658
22.4825 -0.0519838
22.4925 -0.0520748
22.5025 -0.0521507
22.5125 -0.0522166
22.5225 -0.0522738
22.5325 -0.0523198
22.5425 -0.0523545
22.5525 -0.0523842
22.5625 -0.0524145
22.5725 -0.0524507
22.5825 -0.0524941
22.5925 -0.0525425
22.6025 -0.052593
22.6125 -0.0526499
22.6225 -0.0527156
22.6325 -0.0527855
22.6425 -0.0528616
22.6525 -0.05294
22.6625 -0.0530177
22.6725 -0.053096
22.6825 -0.0531714
22.6925 -0.0532393
22.7025 -0.0532967
22.7125 -0.0533393
22.7225 -0.0533628
22.7325 -0.0533626
22.7425 -0.0533352
22.7525 -0.0532783
22.7625 -0.0531907
22.7725 -0.0530685
22.7825 -0.0529073
22.7925 -0.0527074
22.8025 -0.0524672
22.8125 -0.0521854
22.8225 -0.0518626
22.8325 -0.0514977
22.8425 -0.0510924
22.8525 -0.0506505
22.8625 -0.0501727
22.8725 -0.04966
22.8825 -0.0491149
22.8925 -0.0485404
22.9025 -0.0479395
22.9125 -0.0473152
22.9225 -0.046672
22.9325 -0.0460149
22.9425 -0.045349
22.9525 -0.0446796
22.9625 -0.0440112
22.9725 -0.0433482
22.9825 -0.0426944
22.9925 -0.0420532
23.0025 -0.0414277
23.0125 -0.0408203
23.0225 -0.0402335
23.0325 -0.0396696
23.0425 -0.0391323
23.0525 -0.0386239
23.0625 -0.0381461
23.0725 -0.037701
23.0825 -0.0372878
23.0925 -0.0369024
23.1025 -0.036543
23.1125 -0.0362097
23.1225 -0.0359022
23.1325 -0.0356188
23.1425 -0.0353569
23.1525 -0.0351133
23.1625 -0.0348851
23.1725 -0.03467
23.1825 -0.0344655
23.1925 -0.0342688
23.2025 -0.0340766
23.2125 -0.0338858
23.2225 -0.0336934
23.2325 -0.0334948
23.2425 -0.033293
23.2525 -0.0330888
23.2625 -0.0328756
23.2725 -0.0326537
23.2825 -0.0324225
23.2925 -0.0321805
23.3025 -0.0319292
23.3125 -0.0316699
23.3225 -0.0314015
23.3325 -0.0311243
23.3425 -0.0308412
23.3525 -0.0305547
23.3625 -0.030267
23.3725 -0.0299789
23.3825 -0.0296911
23.3925 -0.0294072
23.4025 -0.0291326
23.4125 -0.0288703
23.4225 -0.0286236
23.4325 -0.0283978
23.4425 -0.0281954
23.4525 -0.028018
23.4625 -0.0278677
23.4725 -0.0277468
23.4825 -0.0276584
23.4925 -0.027604
23.5025 -0.0275872
23.5125 -0.0276105
23.5225 -0.0276744
23.5325 -0.0277786
23.5425 -0.0279233
23.5525 -0.0281084
23.5625 -0.0283348
23.5725 -0.0286048
23.5825 -0.0289161
23.5925 -0.0292643
23.6025 -0.0296485
23.6125 -0.0300669
23.6225 -0.0305156
23.6325 -0.0309922
23.6425 -0.0314958
23.6525 -0.0320236
23.6625 -0.0325719
23.6725 -0.0331357
23.6825 -0.0337125
23.6925 -0.0342987
23.7025 -0.0348897
23.7125 -0.0354814
23.7225 -0.036069
23.7325 -0.0366495
23.7425 -0.0372197
23.7525 -0.0377769
23.7625 -0.0383181
23.7725 -0.0388403
23.7825 -0.0393405
23.7925 -0.0398158
23.8025 -0.0402634
23.8125 -0.040681
23.8225 -0.0410669
23.8325 -0.0414203
23.8425 -0.0417419
23.8525 -0.04203
23.8625 -0.0422836
23.8725 -0.042503
23.8825 -0.0426866
23.8925 -0.0428354
23.9025 -0.0429503
23.9125 -0.0430309
23.9225 -0.0430783
23.9325 -0.0430947
23.9425 -0.0430823
23.9525 -0.0430426
23.9625 -0.0429767
23.9725 -0.042886
23.9825 -0.0427722
23.9925 -0.0426372
24.0025 -0.0424838
24.0125 -0.0423133
24.0225 -0.0421259
24.0325 -0.0419227
24.0425 -0.0417067
24.0525 -0.0414805
24.0625 -0.0412437
24.0725 -0.040996
24.0825 -0.0407375
24.0925 -0.0404694
24.1025 -0.040191
24.1125 -0.0399013
24.1225 -0.0396005
24.1325 -0.0392869
24.1425 -0.0389581
24.1525 -0.0386146
24.1625 -0.0382567
24.1725 -0.0378827
24.1825 -0.0374908
24.1925 -0.0370798
24.2025 -0.0366479
24.2125 -0.0361934
24.2225 -0.0357153
24.2325 -0.0352127
24.2425 -0.0346847
24.2525 -0.0341309
24.2625 -0.0335514
24.2725 -0.0329464
24.2825 -0.0323162
24.2925 -0.031661
24.3025 -0.0309822
24.3125 -0.0302804
24.3225 -0.0295567
24.3325 -0.0288127
24.3425 -0.0280504
24.3525 -0.0272716
24.3625 -0.0264774
24.3725 -0.02567
24.3825 -0.0248528
24.3925 -0.0240289
24.4025 -0.023201
24.4125 -0.0223712
24.4225 -0.0215427
24.4325 -0.0207179
24.4425 -0.0198987
24.4525 -0.0190875
24.4625 -0.0182868
24.4725 -0.0174988
24.4825 -0.0167258
24.4925 -0.01597
24.5025 -0.0152339
24.5125 -0.0145177
24.5225 -0.0138207
24.5325 -0.013144
24.5425 -0.0124881
24.5525 -0.011852
24.5625 -0.0112363
24.5725 -0.0106413
24.5825 -0.0100659
24.5925 -0.00950887
24.6025 -0.00896936
24.6125 -0.00844457
24.6225 -0.00793232
24.6325 -0.00743224
24.6425 -0.00694198
24.6525 -0.00646001
24.6625 -0.0059845
24.6725 -0.00551398
24.6825 -0.00504673
24.6925 -0.00458035
24.7025 -0.00411322
24.7125 -0.00364401
24.7225 -0.00317125
24.7325 -0.00269333
24.7425 -0.00220731
24.7525 -0.00171297
24.7625 -0.00121229
24.7725 -0.000702145
24.7825 -0.000181492
24.7925 0.000348922
24.8025 0.000890703
24.8125 0.00144447
24.8225 0.00200933
24.8325 0.00258443
24.8425 0.00316954
24.8525 0.00376443
24.8625 0.0043682
24.8725 0.00498053
24.8825 0.00560088
24.8925 0.0062275
24.9025 0.00685835
24.9125 0.00749159
24.9225 0.00812551
24.9325 0.00875834
24.9425 0.00938823
24.9525 0.0100132
24.9625 0.0106309
24.9725 0.0112387
24.9825 0.0118336
24.9925 0.0124164
25.0025 0.0129856
25.0125 0.013539
25.0225 0.0140756
25.0325 0.0145947
25.0425 0.015095
25.0525 0.0155752
25.0625 0.0160346
25.0725 0.0164722
25.0825 0.0168881
25.0925 0.0172829
25.1025 0.0176562
25.1125 0.0180088
25.1225 0.0183414
25.1325 0.0186546
25.1425 0.0189493
25.1525 0.0192268
25.1625 0.0194887
25.1725 0.0197375
25.1825 0.0199743
25.1925 0.0202017
25.2025 0.0204174
25.2125 0.0206172
25.2225 0.0208184
25.2325 0.0210185
25.2425 0.0212125
25.2525 0.02141
25.2625 0.0216142
25.2725 0.021822
25.2825 0.0220367
25.2925 0.0222622
25.3025 0.0224985
25.3125 0.0227462
25.3225 0.0230075
25.3325 0.0232833
25.3425 0.023574
25.3525 0.0238806
25.3625 0.0242033
25.3725 0.0245419
25.3825 0.0248965
25.3925 0.0252666
25.4025 0.0256512
25.4125 0.0260498
25.4225 0.0264625
25.4325 0.0268881
25.4425 0.0273249
25.4525 0.0277711
25.4625 0.028225
25.4725 0.0286849
25.4825 0.0291496
25.4925 0.0296179
25.5025 0.0300883
25.5125 0.0305595
25.5225 0.0310302
25.5325 0.0314993
25.5425 0.0319661
25.5525 0.0324296
25.5625 0.0328889
25.5725 0.0333432
25.5825 0.0337918
25.5925 0.0342348
25.6025 0.0346725
25.6125 0.0351054
25.6225 0.035534
25.6325 0.035959
25.6425 0.0363805
25.6525 0.0367985
25.6625 0.0372132
25.6725 0.0376251
25.6825 0.0380363
25.6925 0.0384487
25.7025 0.0388622
25.7125 0.0392772
25.7225 0.0396945
25.7325 0.040115
25.7425 0.0405394
25.7525 0.0409687
25.7625 0.0414034
25.7725 0.041844
25.7825 0.0422909
25.7925 0.0427445
25.8025 0.0432082
25.8125 0.0436791
25.8225 0.0441543
25.8325 0.0446357
25.8425 0.04512
25.8525 0.0456073
25.8625 0.0460995
25.8725 0.0465936
25.8825 0.0470869
25.8925 0.04758
25.9025 0.0480727
25.9125 0.0485634
25.9225 0.0490513
25.9325 0.049535
25.9425 0.0500133
25.9525 0.0504858
25.9625 0.0509517
25.9725 0.0514094
25.9825 0.0518575
25.9925 0.0522954
26.0025 0.0527223
26.0125 0.053137
26.0225 0.0535385
26.0325 0.0539258
26.0425 0.0542981
26.0525 0.0546546
26.0625 0.054994
26.0725 0.0553139
26.0825 0.0556161
26.0925 0.0559011
26.1025 0.056167
26.1125 0.0564127
26.1225 0.0566389
26.1325 0.0568454
26.1425 0.0570311
26.1525 0.057196
26.1625 0.0573403
26.1725 0.0574639
26.1825 0.0575663
26.1925 0.0576478
26.2025 0.0577085
26.2125 0.0577484
26.2225 0.0577677
26.2325 0.0577669
26.2425 0.0577468
26.2525 0.0577078
26.2625 0.0576506
26.2725 0.0575753
26.2825 0.0574827
26.2925 0.0573738
26.3025 0.0572496
26.3125 0.0571117
26.3225 0.0569606
26.3325 0.0567969
26.3425 0.0566215
26.3525 0.0564351
26.3625 0.0562385
26.3725 0.056033
26.3825 0.05582
26.3925 0.0555998
26.4025 0.0553728
26.4125 0.0551393
26.4225 0.0548989
26.4325 0.0546522
26.4425 0.0543988
26.4525 0.0541397
26.4625 0.0538755
26.4725 0.0536065
26.4825 0.0533328
26.4925 0.0530544
26.5025 0.0527715
26.5125 0.052485
26.5225 0.0521953
26.5325 0.051903
26.5425 0.0516094
26.5525 0.0513126
26.5625 0.0510098
26.5725 0.0507031
26.5825 0.0503922
26.5925 0.0500759
26.6025 0.0497545
26.6125 0.0494278
26.6225 0.0490953
26.6325 0.0487571
26.6425 0.0484127
26.6525 0.0480621
26.6625 0.0477049
26.6725 0.047341
26.6825 0.0469703
26.6925 0.0465928
26.7025 0.0462085
26.7125 0.0458174
26.7225 0.0454195
26.7325 0.0450146
26.7425 0.0446029
26.7525 0.0441845
26.7625 0.0437599
26.7725 0.0433295
26.7825 0.0428929
26.7925 0.0424503
26.8025 0.0420023
26.8125 0.041549
26.8225 0.0410904
26.8325 0.040627
26.8425 0.040159
26.8525 0.0396867
26.8625 0.0392106
26.8725 0.038731
26.8825 0.0382485
26.8925 0.0377636
26.9025 0.0372771
26.9125 0.0367893
26.9225 0.0363008
26.9325 0.0358118
26.9425 0.0353223
26.9525 0.0348325
26.9625 0.0343422
26.9725 0.0338515
26.9825 0.0333602
26.9925 0.0328684
27.0025 0.0323768
27.0125 0.0318855
27.0225 0.0313943
27.0325 0.0309032
27.0425 0.0304119
27.0525 0.02992
27.0625 0.0294268
27.0725 0.0289316
27.0825 0.0284336
27.0925 0.0279325
27.1025 0.0274278
27.1125 0.0269189
27.1225 0.0264072
27.1325 0.025893
27.1425 0.0253759
27.1525 0.0248569
27.1625 0.0243366
27.1725 0.0238146
27.1825 0.0232912
27.1925 0.0227666
27.2025 0.0222408
27.2125 0.021714
27.2225 0.0211867
27.2325 0.020659
27.2425 0.0201311
27.2525 0.0196032
27.2625 0.0190753
27.2725 0.0185475
27.2825 0.0180195
27.2925 0.0174913
27.3025 0.0169623
27.3125 0.0164324
27.3225 0.0159013
27.3325 0.0153687
27.3425 0.0148347
27.3525 0.014299
27.3625 0.0137614
27.3725 0.0132217
27.3825 0.0126794
27.3925 0.012134
27.4025 0.0115851
27.4125 0.0110319
27.4225 0.0104739
27.4325 0.0099103
27.4425 0.00934068
27.4525 0.00876453
27.4625 0.00818142
27.4725 0.007591
27.4825 0.00699291
27.4925 0.00638686
27.5025 0.00577248
27.5125 0.00514935
27.5225 0.00451701
27.5325 0.00387498
27.5425 0.0032228
27.5525 0.00256007
27.5625 0.00188643
27.5725 0.00120161
27.5825 0.000505359
27.5925 -0.000202529
27.6025 -0.000922287
27.6125 -0.00165417
27.6225 -0.00239849
27.6325 -0.00315561
27.6425 -0.00392593
27.6525 -0.00470971
27.6625 -0.00550683
27.6725 -0.00631732
27.6825 -0.00714117
27.6925 -0.00797832
27.7025 -0.00883181
27.7125 -0.0097003
27.7225 -0.0105834
27.7325 -0.0114854
27.7425 -0.0124064
27.7525 -0.0133454
27.7625 -0.0143041
27.7725 -0.0152816
27.7825 -0.0162779
27.7925 -0.0172943
27.8025 -0.0183314
27.8125 -0.0193889
27.8225 -0.0204668
27.8325 -0.0215654
27.8425 -0.0226849
27.8525 -0.0238256
27.8625 -0.0249877
27.8725 -0.0261713
27.8825 -0.0273763
27.8925 -0.0286033
27.9025 -0.0298504
27.9125 -0.0310637
27.9225 -0.032318
27.9325 -0.033671
27.9425 -0.0348651
27.9525 -0.0360885
27.9625 -0.0373674
27.9725 -0.0385906
27.9825 -0.039782
27.9925 -0.0409911
28.0025 -0.0422068
28.0125 -0.0434042
28.0225 -0.044599
28.0325 -0.0458042
28.0425 -0.0470113
28.0525 -0.0482199
28.0625 -0.0494473
28.0725 -0.050691
28.0825 -0.0519339
28.0925 -0.0531882
28.1025 -0.0544575
28.1125 -0.0557406
28.1225 -0.0570443
28.1325 -0.0583671
28.1425 -0.0597105
28.1525 -0.0610681
28.1625 -0.062438
28.1725 -0.063828
28.1825 -0.0652385
28.1925 -0.0666668
28.2025 -0.0681135
28.2125 -0.0695759
28.2225 -0.0710502
28.2325 -0.0725352
28.2425 -0.0740303
28.2525 -0.0755345
28.2625 -0.0770457
28.2725 -0.07856
28.2825 -0.0800753
28.2925 -0.0815897
28.3025 -0.0830994
28.3125 -0.0846033
28.3225 -0.0860991
28.3325 -0.0875831
28.3425 -0.089052
28.3525 -0.090503
28.3625 -0.0919331
28.3725 -0.0933396
28.3825 -0.0947206
28.3925 -0.0960733
28.4025 -0.097395
28.4125 -0.0986836
28.4225 -0.0999367
28.4325 -0.101153
28.4425 -0.102332
