-7.61866e-06 -1.02731e-05 -2.39233e-06
-7.57452e-06 -1.0282e-05 -2.38979e-06
-7.48075e-06 -1.0301e-05 -2.3839e-06
-7.33841e-06 -1.03262e-05 -2.37781e-06
-7.03324e-06 -1.03708e-05 -2.37218e-06
-6.62362e-06 -1.04102e-05 -2.37967e-06
-6.30182e-06 -1.04241e-05 -2.39732e-06
-5.95313e-06 -1.04198e-05 -2.42929e-06
-5.58978e-06 -1.03904e-05 -2.47834e-06
-5.21837e-06 -1.03306e-05 -2.54586e-06
-4.84667e-06 -1.02363e-05 -2.63173e-06
-4.48473e-06 -1.01032e-05 -2.73504e-06
-4.1329e-06 -9.93122e-06 -2.85239e-06
-3.78907e-06 -9.72206e-06 -2.97811e-06
-3.46693e-06 -9.47514e-06 -3.10673e-06
-3.18776e-06 -9.18931e-06 -3.2322e-06
-2.94246e-06 -8.87195e-06 -3.34457e-06
-2.69408e-06 -8.53841e-06 -3.43006e-06
-2.39085e-06 -8.2059e-06 -3.47523e-06
-1.8947e-06 -7.90831e-06 -3.46281e-06
-1.11232e-06 -7.66987e-06 -3.37785e-06
-6.94474e-08 -7.48304e-06 -3.22392e-06
1.30958e-06 -7.34479e-06 -3.00562e-06
3.04641e-06 -7.24895e-06 -2.72798e-06
5.11785e-06 -7.16088e-06 -2.41285e-06
7.53545e-06 -7.05536e-06 -2.07946e-06
1.02991e-05 -6.9002e-06 -1.74706e-06
1.33615e-05 -6.64722e-06 -1.44423e-06
1.66541e-05 -6.24387e-06 -1.19693e-06
2.01412e-05 -5.64695e-06 -1.02478e-06
2.38148e-05 -4.82447e-06 -9.3709e-07
2.76192e-05 -3.73765e-06 -9.40833e-07
3.14555e-05 -2.34289e-06 -1.03639e-06
3.53229e-05 -6.40535e-07 -1.21038e-06
3.92972e-05 1.34536e-06 -1.43186e-06
4.34086e-05 3.62007e-06 -1.64376e-06
4.76465e-05 6.17143e-06 -1.81062e-06
5.1944e-05 8.99706e-06 -1.87915e-06
5.62102e-05 1.20895e-05 -1.80147e-06
6.03438e-05 1.54369e-05 -1.5098e-06
6.42169e-05 1.90277e-05 -9.44615e-07
6.76942e-05 2.28403e-05 -3.89984e-08
7.0667e-05 2.68362e-05 1.28524e-06
7.31622e-05 3.09393e-05 3.11573e-06
7.52136e-05 3.50616e-05 5.54118e-06
7.67528e-05 3.91415e-05 8.63005e-06
7.77568e-05 4.31028e-05 1.24485e-05
7.82509e-05 4.68554e-05 1.70592e-05
7.82491e-05 5.03206e-05 2.24989e-05
7.779e-05 5.34201e-05 2.87887e-05
7.69326e-05 5.60789e-05 3.5932e-05
7.56659e-05 5.82507e-05 4.38988e-05
7.38658e-05 5.99289e-05 5.26218e-05
7.14468e-05 6.11096e-05 6.20123e-05
6.83887e-05 6.17787e-05 7.19714e-05
6.46333e-05 6.19445e-05 8.23719e-05
6.0233e-05 6.16011e-05 9.3072e-05
5.54206e-05 6.07037e-05 0.000103936
5.02924e-05 5.92512e-05 0.000114801
4.48577e-05 5.72843e-05 0.000125467
3.92709e-05 5.48097e-05 0.000135749
3.36695e-05 5.18488e-05 0.000145452
2.81304e-05 4.8455e-05 0.000154362
2.26619e-05 4.46985e-05 0.000162267
1.72286e-05 4.06689e-05 0.000168953
1.183e-05 3.64456e-05 0.000174223
6.46183e-06 3.21065e-05 0.000177899
1.11377e-06 2.77279e-05 0.000179823
-4.25668e-06 2.33672e-05 0.000179871
-9.60791e-06 1.90608e-05 0.00017796
-1.4888e-05 1.48686e-05 0.000174012
-2.00833e-05 1.07926e-05 0.000168022
-2.51934e-05 6.85855e-06 0.000159994
-3.02456e-05 3.07061e-06 0.000149983
-3.52797e-05 -5.75669e-07 0.000138067
-4.03351e-05 -4.13365e-06 0.000124369
-4.54203e-05 -7.64646e-06 0.000109033
-5.04922e-05 -1.11425e-05 9.22795e-05
-5.55411e-05 -1.46957e-05 7.43019e-05
-6.05964e-05 -1.83584e-05 5.53281e-05
-6.57804e-05 -2.21983e-05 3.55851e-05
-7.12375e-05 -2.62284e-05 1.53059e-05
-7.70258e-05 -3.05226e-05 -5.48228e-06
-8.31991e-05 -3.51466e-05 -2.63516e-05
-8.97392e-05 -4.01465e-05 -4.70582e-05
-9.65541e-05 -4.56091e-05 -6.73393e-05
-0.000103594 -5.15863e-05 -8.69131e-05
-0.000110933 -5.80891e-05 -0.000105645
-0.0001188 -6.50774e-05 -0.000123433
-0.00012751 -7.24868e-05 -0.00014016
-0.000137442 -8.02334e-05 -0.000155714
-0.00014876 -8.82732e-05 -0.000170034
-0.00016117 -9.66709e-05 -0.000183063
-0.000174228 -0.000105522 -0.000194729
-0.000187664 -0.000114862 -0.000204995
-0.000201241 -0.000124697 -0.000213878
-0.000214705 -0.000135029 -0.000221447
-0.000227836 -0.00014582 -0.00022781
-0.000240627 -0.000156971 -0.000233102
-0.00025962 -0.000173981 -0.000239464
-0.000278104 -0.00019099 -0.000244536
-0.000296011 -0.000207519 -0.000249047
-0.000313072 -0.000223144 -0.000253702
-0.000328824 -0.000237523 -0.000259124
-0.000342912 -0.000250339 -0.000265848
-0.000354691 -0.000261408 -0.000274247
-0.000363517 -0.000270609 -0.000284547
-0.000368694 -0.000277886 -0.000296815
-0.00037035 -0.000283052 -0.000311017
-0.000369349 -0.000285811 -0.000327018
-0.000365972 -0.000286118 -0.000344414
-0.000360526 -0.000284009 -0.000362634
-0.0003532 -0.000279656 -0.000380929
-0.000343967 -0.000273365 -0.000398403
-0.000332608 -0.000265535 -0.000414085
-0.000319064 -0.000256536 -0.000427012
-0.000303207 -0.000246725 -0.000436285
-0.000285093 -0.000236356 -0.000441137
-0.000265025 -0.000225534 -0.000440996
-0.000243313 -0.000214276 -0.000435473
-0.00022028 -0.000202508 -0.00042438
-0.000196684 -0.000189987 -0.000407755
-0.000173314 -0.000176435 -0.000385793
-0.00015017 -0.000161749 -0.000358753
-0.000126626 -0.000145988 -0.00032694
-0.000102452 -0.000129097 -0.000290823
-7.71532e-05 -0.000111106 -0.000250915
-5.02326e-05 -9.20159e-05 -0.000207824
-2.08244e-05 -7.18971e-05 -0.00016219
1.09652e-05 -5.0791e-05 -0.000114696
4.5413e-05 -2.83674e-05 -6.61992e-05
8.20238e-05 -4.38065e-06 -1.76312e-05
0.000120097 2.11452e-05 2.95214e-05
0.000158998 4.88842e-05 7.55177e-05
0.000197879 7.88338e-05 0.000119917
0.000235318 0.000111109 0.000162445
0.000270195 0.000145469 0.000203232
0.000302323 0.000181254 0.000242651
0.000331836 0.000217533 0.000281357
0.000359156 0.000253215 0.000320061
0.000384336 0.000287262 0.000359465
0.000407337 0.00031872 0.000400104
0.000426603 0.000345894 0.00044281
0.000463027 0.000368875 0.000487032
0.000507002 0.000388015 0.000526318
0.000463742 0.000331261 0.00147541
0.000440889 0.000371191 0.00164098
0.000464021 0.000376336 0.00249792
0.000459931 0.000388319 0.00265857
0.000479696 0.000399179 0.0028974
0.00048528 0.000409575 0.00301947
0.000495136 0.000417891 0.00302532
0.000500629 0.000425164 0.0030183
0.000513217 0.000431274 0.00300608
0.000518028 0.000434983 0.00298751
0.000528468 0.000436818 0.00296542
0.000527359 0.000436284 0.00293927
0.000524554 0.000432981 0.00291072
0.00051992 0.000426762 0.00288033
0.000513101 0.000417328 0.00284902
0.000504031 0.000404757 0.00281758
0.000493103 0.000389196 0.00278669
0.000479638 0.000370805 0.00275639
0.00046433 0.000349871 0.00272701
0.000447503 0.000326618 0.00269869
0.000429951 0.000301234 0.00267127
0.000418211 0.000283312 0.0026534
0.000406409 0.000264862 0.00263575
0.000394421 0.000246168 0.00261824
0.000382298 0.000227463 0.00260062
0.000370155 0.000208938 0.00258271
0.000358021 0.000190804 0.00256446
0.000345972 0.000173251 0.00254579
0.000334121 0.000156432 0.00252658
0.00032256 0.000140491 0.00250726
0.000311434 0.000125645 0.00248863
0.000300887 0.000111869 0.00241692
0.000291033 9.92961e-05 0.00232085
0.000281869 8.78016e-05 0.00222481
0.000273238 7.76397e-05 0.00212547
0.000265132 6.8808e-05 0.00202511
0.000257525 6.12743e-05 0.00192428
0.000250296 5.50806e-05 0.00182364
0.000243377 5.01577e-05 0.00172404
0.000236696 4.64421e-05 0.0016267
0.000230182 4.38221e-05 0.00153314
0.000223726 4.2179e-05 0.00144475
0.000217182 4.13953e-05 0.00136271
0.000210523 4.12856e-05 0.0012885
0.00020385 4.15935e-05 0.00122386
0.000197244 4.20735e-05 0.00117031
0.000190825 4.24819e-05 0.00112908
0.000184662 4.26098e-05 0.00110126
0.000178786 4.23022e-05 0.0010877
0.000173148 4.14681e-05 0.00108715
0.000167688 4.00993e-05 0.00109091
0.00016228 3.82219e-05 0.00109799
0.000156772 3.58852e-05 0.00110826
0.000150996 3.31987e-05 0.00112151
0.000144785 3.0277e-05 0.00113748
0.000138032 2.72349e-05 0.00115587
0.000130827 2.41127e-05 0.00117636
0.000123509 2.085e-05 0.00119868
0.000116315 1.74332e-05 0.00122248
0.000108221 1.32e-05 0.00124777
0.000100201 8.94555e-06 0.00127365
9.30583e-05 5.03794e-06 0.00129949
8.63207e-05 1.25348e-06 0.00132503
8.0055e-05 -1.93308e-06 0.00138123
7.43108e-05 -4.60569e-06 0.00144443
6.88597e-05 -6.48808e-06 0.00150252
6.3302e-05 -7.53066e-06 0.00155517
5.83346e-05 -7.67197e-06 0.00160146
5.39325e-05 -6.82895e-06 0.00164065
5.00355e-05 -5.04464e-06 0.0016725
4.64879e-05 -2.33109e-06 0.00169669
4.31521e-05 1.2745e-06 0.00171316
3.99565e-05 5.66368e-06 0.00172211
3.70765e-05 1.06327e-05 0.00172393
3.44621e-05 1.59826e-05 0.00172212
3.21364e-05 2.15213e-05 0.00171813
3.01058e-05 2.70257e-05 0.00171224
2.83895e-05 3.22704e-05 0.00170475
2.69718e-05 3.70356e-05 0.00169596
2.58249e-05 4.11254e-05 0.00168619
2.4807e-05 4.4381e-05 0.00167573
2.3625e-05 4.66985e-05 0.00166485
2.18816e-05 4.80177e-05 0.00165378
1.93362e-05 4.82671e-05 0.00164274
1.56956e-05 4.7403e-05 0.00163192
1.05792e-05 4.54286e-05 0.00162142
3.77139e-06 4.23606e-05 0.00161204
-4.66293e-06 3.81129e-05 0.00160328
-1.43384e-05 3.25524e-05 0.00158787
-2.50653e-05 2.57183e-05 0.00156001
-3.6723e-05 1.75339e-05 0.00153534
-4.89852e-05 8.02855e-06 0.00151258
-6.1599e-05 -2.81368e-06 0.0014917
-7.43313e-05 -1.49762e-05 0.0014719
-8.70073e-05 -2.81435e-05 0.00145267
-9.96006e-05 -4.21805e-05 0.00143314
-0.000111941 -5.68535e-05 0.00141238
-0.000123731 -7.19894e-05 0.00138949
-0.000134813 -8.73468e-05 0.00136357
-0.000145038 -0.000102663 0.00133348
-0.000154311 -0.000117681 0.00129832
-0.000162608 -0.000132131 0.00125726
-0.000169817 -0.000145779 0.00120962
-0.000175803 -0.000158417 0.00115481
-0.000180366 -0.000169869 0.00109248
-0.000183267 -0.000180012 0.00102257
-0.000184276 -0.000188744 0.000945221
-0.000183212 -0.000195979 0.000860708
-0.000180144 -0.000201628 0.000769509
-0.000175123 -0.000205625 0.000672373
-0.000168306 -0.000207907 0.000570226
-0.000160031 -0.000208408 0.000464131
-0.000150734 -0.000207085 0.000355362
-0.000140721 -0.000203967 0.000245447
-0.000130235 -0.000199144 0.000136153
-0.000119607 -0.000192727 2.93496e-05
-0.000109108 -0.000184877 -7.2971e-05
-9.89568e-05 -0.000175811 -0.000168681
-8.93542e-05 -0.000165771 -0.000255621
-8.05157e-05 -0.000155023 -0.000331659
-7.26921e-05 -0.000143833 -0.000394763
-6.61327e-05 -0.000132476 -0.000443032
-6.11134e-05 -0.000121218 -0.000474735
-5.78197e-05 -0.000110332 -0.00048837
-5.61957e-05 -0.000100121 -0.000486389
-5.61988e-05 -9.08128e-05 -0.000478526
-5.78671e-05 -8.26321e-05 -0.000464446
-6.11191e-05 -7.57823e-05 -0.000444187
-6.57763e-05 -7.04157e-05 -0.000417835
-7.1749e-05 -6.66341e-05 -0.000385626
-7.8891e-05 -6.44512e-05 -0.000347967
-8.72779e-05 -6.38124e-05 -0.000305379
-9.68732e-05 -6.45998e-05 -0.000258514
-0.000107391 -6.67261e-05 -0.000208096
-0.000118626 -7.00286e-05 -0.000154955
-0.000130477 -7.4279e-05 -0.000100013
-0.000142902 -7.92171e-05 -4.42328e-05
-0.000155857 -8.45659e-05 1.13884e-05
-0.000169259 -9.03223e-05 0.000161685
-0.000182868 -9.65718e-05 0.000393969
-0.00019809 -0.000101781 0.000600226
-0.000212172 -0.00010686 0.000796863
-0.000224783 -0.000111596 0.000973609
-0.00023533 -0.000115571 0.00112973
-0.000243464 -0.000119061 0.00126381
-0.000249282 -0.000121635 0.00137253
-0.000253116 -0.000123159 0.00145412
-0.000255069 -0.000123511 0.00150788
-0.000255169 -0.000122666 0.00153315
-0.000253583 -0.000120599 0.00153317
-0.000250126 -0.000117468 0.00152542
-0.000244814 -0.00011338 0.00151123
-0.000237741 -0.000108417 0.00149104
-0.000228977 -0.000102768 0.00146524
-0.000218796 -9.6549e-05 0.00143433
-0.000207404 -8.99439e-05 0.001399
-0.000194939 -8.31692e-05 0.00136
-0.000181618 -7.642e-05 0.00131807
-0.000167682 -6.98886e-05 0.00127465
-0.000153381 -6.35951e-05 0.00116859
-0.000138932 -5.77406e-05 0.00103058
-0.000124479 -5.28848e-05 0.000894769
-0.000110314 -4.88403e-05 0.00076058
-9.66872e-05 -4.58708e-05 0.000631581
-8.38316e-05 -4.40344e-05 0.00050949
-7.18405e-05 -4.33794e-05 0.000396072
-6.06732e-05 -4.40045e-05 0.000292558
-5.05098e-05 -4.58502e-05 0.000200026
-4.16061e-05 -4.88403e-05 0.000119692
-3.4009e-05 -5.28913e-05 5.2362e-05
-2.77098e-05 -5.78953e-05 -1.74217e-06
-2.27767e-05 -6.36912e-05 -4.26104e-05
-1.91321e-05 -7.01245e-05 -7.01946e-05
-1.65511e-05 -7.70507e-05 -8.46107e-05
-1.48802e-05 -8.42746e-05 -8.68599e-05
-1.38656e-05 -9.15867e-05 -8.339e-05
-1.30702e-05 -9.88179e-05 -7.62422e-05
-1.22921e-05 -0.000105762 -6.56925e-05
-1.14512e-05 -0.000112138 -5.21775e-05
-1.05835e-05 -0.000117667 -3.61611e-05
-9.61807e-06 -0.000122094 -1.81138e-05
-8.61366e-06 -0.000125184 1.5466e-06
-7.49523e-06 -0.000126726 2.23861e-05
-5.97986e-06 -0.00012662 4.40144e-05
-3.91705e-06 -0.000124763 6.60706e-05
-1.14895e-06 -0.000121094 8.8256e-05
2.58469e-06 -0.000115628 0.000110346
7.31399e-06 -0.000108366 0.000132126
1.27758e-05 -9.92811e-05 0.000153407
1.88076e-05 -8.84228e-05 0.000174094
2.52695e-05 -7.59396e-05 0.000194184
3.18955e-05 -6.20983e-05 0.000213784
3.90812e-05 -4.78112e-05 0.000233277
4.57028e-05 -3.22737e-05 0.000252172
5.29434e-05 -1.58695e-05 0.000270694
6.01514e-05 9.63473e-07 0.000289016
6.72185e-05 1.81329e-05 0.000307055
7.40824e-05 3.52814e-05 0.000361281
8.08598e-05 5.2115e-05 0.000434172
8.74361e-05 6.86454e-05 0.000507413
9.37889e-05 8.43497e-05 0.000584355
9.98837e-05 9.90653e-05 0.000663928
0.000105659 0.000112598 0.000747019
0.000110996 0.000124784 0.000833803
0.000115848 0.000135508 0.000924234
0.00012039 0.000144567 0.0010182
0.000124697 0.000151884 0.00111517
0.00012882 0.00015744 0.00121444
0.000132836 0.000161244 0.00131514
0.000136578 0.000163457 0.00141586
0.000140091 0.000164222 0.00151505
0.000143497 0.000163658 0.00161134
0.000146842 0.000161964 0.00170303
0.000150346 0.000159302 0.00178838
0.000154189 0.000155858 0.00186567
0.000158503 0.000151869 0.00193317
0.000163492 0.000147546 0.00198925
0.000169268 0.000143134 0.00203233
0.000175881 0.000138909 0.00206084
0.000183442 0.000135106 0.00207357
0.000191995 0.000131957 0.0020725
0.000201552 0.000129642 0.00206701
0.000212047 0.000128375 0.00205698
0.0002233 0.000128385 0.00204241
0.000235221 0.000129791 0.00202341
0.000247711 0.000132671 0.00200019
0.000260794 0.000137 0.00197308
0.000274671 0.000142623 0.00194256
0.000289334 0.000149419 0.00190916
0.000304787 0.000157243 0.00187347
0.000320992 0.000165912 0.00183616
0.000337462 0.000175393 0.00179786
0.00035371 0.000185651 0.00175922
0.000369668 0.000196449 0.00172057
0.000385008 0.000207831 0.00158904
0.000399375 0.000219611 0.0014634
0.000412977 0.000230961 0.00134789
0.000425826 0.000242005 0.00124241
0.000437825 0.000252249 0.00115113
0.000448995 0.000261546 0.00107572
0.000459355 0.000269667 0.0010184
0.000468682 0.000276522 0.000979816
0.000476758 0.000282132 0.000960331
0.000483551 0.000286423 0.000959253
0.000488957 0.000289485 0.000965394
0.000492866 0.000291408 0.000977184
0.000495244 0.000292264 0.000994273
0.000496031 0.000292206 0.00101635
0.000495314 0.000291363 0.00104313
0.000493289 0.00028986 0.00107413
0.000490036 0.000287845 0.00110877
0.000485673 0.000285345 0.00115573
0.00048039 0.000282421 0.00127506
0.000474296 0.000279437 0.0013988
0.000467538 0.000276577 0.00152637
0.000460362 0.000273814 0.00165576
0.000452892 0.000271393 0.00178505
0.000445293 0.00026935 0.00191252
0.000437593 0.000267863 0.00203597
0.000429735 0.000267073 0.00215384
0.000421751 0.000267055 0.00226481
0.000413673 0.000267849 0.00236743
0.000405714 0.000269389 0.00246051
0.000398151 0.000271522 0.00254342
0.000391008 0.000274178 0.00261559
0.000384359 0.00027726 0.00267642
0.000378186 0.000280655 0.00272558
0.000372355 0.000284293 0.00276289
0.000366841 0.000288032 0.0027885
0.000361572 0.000291727 0.00280261
0.00035648 0.000295228 0.00280549
0.000351546 0.000298327 0.00280281
0.000346591 0.000300871 0.00279684
0.000341383 0.000302782 0.00278777
0.000335808 0.000303892 0.00277587
0.000329713 0.000304057 0.00276146
0.000322965 0.000303141 0.00274485
0.00031562 0.000300932 0.00272639
0.000307701 0.000297249 0.00270643
0.000299186 0.000291962 0.00268529
0.000290114 0.000284945 0.00266327
0.000280408 0.000276148 0.00264064
0.000269855 0.000265628 0.00261756
0.000258396 0.000253413 0.0025942
0.000246043 0.000239523 0.00257074
0.000232889 0.000223988 0.00254727
0.000219012 0.000206872 0.00252387
0.000204527 0.000188268 0.00250058
0.000189618 0.000168267 0.00247741
0.00017429 0.000147064 0.00245429
0.000158415 0.000124945 0.0024311
0.000142033 0.000102143 0.00240772
0.000125176 7.88935e-05 0.00238405
0.000106526 5.5282e-05 0.0023612
8.6887e-05 2.95872e-05 0.00233935
6.3654e-05 4.86507e-06 0.00228921
3.90241e-05 -1.97469e-05 0.00217569
1.47816e-05 -4.40687e-05 0.00206255
-8.96586e-06 -6.70491e-05 0.00194098
-3.2113e-05 -8.88733e-05 0.00181212
-5.43442e-05 -0.000109528 0.00167729
-7.57282e-05 -0.000128683 0.00153518
-9.62625e-05 -0.00014621 0.00138601
-0.00011584 -0.000162074 0.00123009
-0.000134241 -0.000176356 0.00106887
-0.000151383 -0.000189082 0.000903337
-0.000167121 -0.000200293 0.000734465
-0.000181251 -0.000210137 0.000563923
-0.000193796 -0.000218727 0.000393517
-0.000204767 -0.00022617 0.000224943
-0.000214193 -0.000232595 5.99698e-05
-0.000222267 -0.000238101 -9.9596e-05
-0.0002292 -0.000242791 -0.000251909
-0.000235313 -0.000246741 -0.000395221
-0.000240943 -0.000250019 -0.000527916
-0.000246523 -0.000252208 -0.000994276
-0.000252515 -0.000252828 -0.00153118
-0.000258734 -0.000254214 -0.00191944
-0.000265635 -0.000255001 -0.00226907
-0.000273301 -0.000255521 -0.00256293
-0.00028121 -0.000256531 -0.00276848
-0.000289343 -0.000257608 -0.00290779
-0.000297497 -0.000259166 -0.00296809
-0.000305565 -0.000261229 -0.00296598
-0.00031361 -0.000263545 -0.00296038
-0.000321517 -0.000266239 -0.00295036
-0.000329146 -0.000269296 -0.00293657
-0.000335475 -0.000272802 -0.00291921
-0.000342402 -0.000276424 -0.00289859
-0.000349676 -0.00027972 -0.00287542
-0.000356719 -0.000283027 -0.00284979
-0.000363672 -0.000285985 -0.00282235
-0.000370556 -0.000288477 -0.00279365
-0.000377246 -0.0002904 -0.00276407
-0.000383404 -0.00029166 -0.00273416
-0.000388871 -0.000292184 -0.0027044
-0.000393567 -0.000291867 -0.00267525
-0.000397332 -0.000290657 -0.00264711
-0.000400192 -0.000288476 -0.00262038
-0.00040222 -0.000285262 -0.00259543
-0.000403395 -0.000281011 -0.00257255
-0.000403229 -0.000275838 -0.00255191
-0.000401131 -0.000269968 -0.00253358
-0.000398147 -0.000263188 -0.00251779
-0.000393991 -0.000255565 -0.00250468
-0.000388307 -0.000247374 -0.00249407
-0.000381036 -0.000238713 -0.00248596
-0.000372463 -0.000229614 -0.00248025
-0.000362841 -0.000220156 -0.00247684
-0.000352274 -0.000210441 -0.00247554
-0.000340893 -0.000200586 -0.00247613
-0.000328701 -0.00019072 -0.00247837
-0.000315747 -0.000180973 -0.00248199
-0.000302226 -0.000171427 -0.00248674
-0.000288468 -0.000162135 -0.00249235
-0.000274759 -0.00015315 -0.00249854
-0.000261363 -0.000144528 -0.00250505
-0.000248512 -0.000136321 -0.00251161
-0.000236343 -0.000128604 -0.00251795
-0.000225022 -0.000121435 -0.00252383
-0.000214588 -0.000114888 -0.00252901
-0.000204945 -0.000109064 -0.00253327
-0.000196104 -0.000104019 -0.00253643
-0.000188019 -9.97964e-05 -0.00253836
-0.000180491 -9.64625e-05 -0.00253893
-0.000173297 -9.40553e-05 -0.0025381
-0.000166244 -9.2574e-05 -0.00253584
-0.000159186 -9.19746e-05 -0.0025322
-0.000152028 -9.21708e-05 -0.00252728
-0.00014487 -9.30018e-05 -0.00252126
-0.000137739 -9.42957e-05 -0.00251431
-0.000130657 -9.58752e-05 -0.00250667
-0.000123657 -9.75381e-05 -0.00249858
-0.000116592 -9.91243e-05 -0.00249026
-0.000109272 -0.000100487 -0.00248196
-0.000101675 -0.000101439 -0.00247392
-9.38383e-05 -0.000101793 -0.00246635
-8.57911e-05 -0.000101387 -0.00245946
-7.75637e-05 -0.000100081 -0.0024534
-6.92254e-05 -9.77561e-05 -0.0024483
-6.08004e-05 -9.43351e-05 -0.00244422
-5.21758e-05 -8.98121e-05 -0.00244117
-4.34101e-05 -8.41809e-05 -0.00243914
-3.43217e-05 -7.74968e-05 -0.002438
-2.49704e-05 -6.98568e-05 -0.00243759
-1.53824e-05 -6.13176e-05 -0.00243778
-5.69566e-06 -5.19955e-05 -0.00243834
2.33698e-06 -4.26975e-05 -0.00243866
1.10773e-05 -3.34644e-05 -0.00243864
1.94913e-05 -2.34438e-05 -0.00243866
2.81578e-05 -1.32942e-05 -0.00243818
3.67397e-05 -2.99305e-06 -0.00243694
4.51271e-05 7.16571e-06 -0.00243248
5.34031e-05 1.69617e-05 -0.00241095
6.185e-05 2.63156e-05 -0.00238448
7.04381e-05 3.50953e-05 -0.0023482
7.89445e-05 4.32656e-05 -0.00230246
8.72209e-05 5.07961e-05 -0.00224689
9.51582e-05 5.77043e-05 -0.00218125
0.000102572 6.40469e-05 -0.00210601
0.000109373 6.9836e-05 -0.00202162
0.000115552 7.50627e-05 -0.00192848
0.000121084 7.9769e-05 -0.00182735
0.000126099 8.39546e-05 -0.00171912
0.000130661 8.76243e-05 -0.00160466
0.000134797 9.08281e-05 -0.00148521
0.000138649 9.35884e-05 -0.00136202
0.00014242 9.59175e-05 -0.00123639
0.00014628 9.78487e-05 -0.00110975
0.000150427 9.9418e-05 -0.000983611
0.000155032 0.000100687 -0.000859608
0.000160015 0.000101824 -0.000739705
0.000165187 0.000103048 -0.000625961
0.000170458 0.000104531 -0.000520175
0.000175928 0.000106364 -0.000423873
0.000181776 0.000108585 -0.000338296
0.000187989 0.00011129 -0.000264604
0.00019456 0.000114565 -0.000203793
0.000201454 0.00011847 -0.000156487
0.000208595 0.000123065 -0.000123144
0.000215859 0.000128384 -0.00010389
0.000223251 0.000134403 -9.84138e-05
0.000231126 0.000140924 -9.95727e-05
0.000239576 0.000147785 -0.000102408
0.00024858 0.000154935 -0.000106879
0.000258316 0.000162209 -0.000112705
0.000268668 0.000169538 -0.000119685
0.000279234 0.000176986 -0.000127673
0.000289869 0.000184507 -0.000136435
0.00030041 0.000192043 -0.000145718
0.000310658 0.000199562 -0.000155292
0.000320518 0.000206978 -0.00016489
0.000329936 0.00021419 -0.000174238
0.000338885 0.000221093 -0.000183069
0.000347315 0.000227588 -0.000191131
0.000355249 0.000233567 -0.000198188
0.000362729 0.000238923 -0.000204021
0.000369795 0.000243573 -0.000208455
0.000376564 0.000247431 -0.00021135
0.000383233 0.000250407 -0.000212595
0.000389798 0.000252512 -0.000212167
0.000396005 0.000253894 -0.000210142
0.000401836 0.000254645 -0.000206608
0.000407298 0.000254847 -0.000201667
0.000412284 0.000254654 -0.000195499
0.000416739 0.000254212 -0.000188295
0.000420614 0.000253664 -0.000180253
0.000423804 0.000253176 -0.000171596
0.000426283 0.000252874 -0.000162533
0.000428179 0.00025281 -0.000153237
0.00042959 0.000253028 -0.00014387
0.000430487 0.000253607 -0.000134607
0.00043081 0.000254617 -0.000125599
0.000430562 0.000256085 -0.00011734
0.000429736 0.000257965 -0.000109967
0.000428305 0.000260316 -0.000103228
0.000426379 0.000263032 -8.92616e-05
0.000424138 0.000265869 -4.38312e-05
0.000421764 0.00026876 -2.02552e-06
0.000419425 0.000271547 3.7656e-05
0.00041712 0.000274069 7.59408e-05
0.00041486 0.000276307 0.000112255
0.00041258 0.000278158 0.000147427
0.000410148 0.00027963 0.00018106
0.000407562 0.000280664 0.000213256
0.000404897 0.000281169 0.000244283
0.000402256 0.000281071 0.000274044
0.000399633 0.000280348 0.000302374
0.000396946 0.000279037 0.000328875
0.000394147 0.000277173 0.000353113
0.000391232 0.000274782 0.00037461
0.000388145 0.000271924 0.000392715
0.000384817 0.000268672 0.000406774
0.000381205 0.000265095 0.000416201
0.000377258 0.000261261 0.000420277
0.000372917 0.000257234 0.000419882
0.000368132 0.000253062 0.000418559
0.000362924 0.000248772 0.000416227
0.000357458 0.00024432 0.000412907
0.00035182 0.000239674 0.0004086
0.000346101 0.00023482 0.000403312
0.000340471 0.000229697 0.000397094
0.00033501 0.000224287 0.000389979
0.000329762 0.000218599 0.000381984
0.000324796 0.000212636 0.000373146
0.000320153 0.000206418 0.000363498
0.000315778 0.000200016 0.000353052
0.000311579 0.000193522 0.000341817
0.000307537 0.000186999 0.000329828
0.000303574 0.000180528 0.000317123
0.00029959 0.000174201 0.000303738
0.000295517 0.000168084 0.000289739
0.000291259 0.000162241 0.000275209
0.000286704 0.000156731 0.000260242
0.000281761 0.000151586 0.000244964
0.000276457 0.000146771 0.000229538
0.00027094 0.000142184 0.00021417
0.000265247 0.000137751 0.000199058
0.000259435 0.0001334 0.00018439
0.000253621 0.000129023 0.000170377
0.000247876 0.000124537 0.000157202
0.000242236 0.00011989 0.000145362
0.000236707 0.000115102 0.000131218
0.000231255 0.00011015 8.64389e-05
0.000225833 0.000105013 4.68086e-05
0.000220432 9.96657e-05 1.32679e-05
0.00021495 9.42289e-05 -1.47166e-05
0.000209322 8.87255e-05 -3.68928e-05
0.000203448 8.32498e-05 -5.35974e-05
0.000197122 7.79137e-05 -6.49762e-05
0.000190251 7.27933e-05 -7.14301e-05
0.000182826 6.79111e-05 -7.32608e-05
0.000174913 6.325e-05 -7.26824e-05
0.000166786 5.87078e-05 -7.11322e-05
0.000158574 5.42141e-05 -6.86125e-05
0.000150357 4.97505e-05 -6.52185e-05
0.000142279 4.52605e-05 -6.10157e-05
0.000134441 4.07126e-05 -5.60716e-05
0.000126881 3.61161e-05 -5.05009e-05
0.000119669 3.14765e-05 -4.44393e-05
0.000112732 2.68568e-05 -3.80964e-05
0.000105776 2.24005e-05 -1.11693e-05
9.69903e-05 1.78157e-05 2.0332e-05
8.92873e-05 1.28777e-05 5.2306e-05
8.0486e-05 8.74819e-06 8.10668e-05
7.13804e-05 4.87367e-06 0.000105968
6.20231e-05 1.35048e-06 0.000128722
5.20161e-05 -1.72643e-06 0.000146746
4.17235e-05 -4.60356e-06 0.0001618
3.20113e-05 -7.31136e-06 0.000173053
2.28161e-05 -9.83748e-06 0.000180191
1.42142e-05 -1.22306e-05 0.000183021
5.95469e-06 -1.44857e-05 0.00018264
-1.98308e-06 -1.6671e-05 0.000181323
-9.63204e-06 -1.88128e-05 0.000179029
-1.71062e-05 -2.09169e-05 0.000175783
-2.44107e-05 -2.30562e-05 0.000171655
-3.14545e-05 -2.53038e-05 0.000166893
-3.82353e-05 -2.76786e-05 0.000161519
-4.4768e-05 -3.02545e-05 0.000155585
-5.11024e-05 -3.30685e-05 0.00014904
-5.73088e-05 -3.61318e-05 0.000135305
-6.34024e-05 -3.94196e-05 9.74049e-05
-6.93194e-05 -4.30297e-05 5.83049e-05
-7.49724e-05 -4.70079e-05 1.72763e-05
-8.03902e-05 -5.13053e-05 -2.53495e-05
-8.55646e-05 -5.59512e-05 -6.92231e-05
-9.04744e-05 -6.09036e-05 -0.000114359
-9.51416e-05 -6.61353e-05 -0.000160556
-9.96085e-05 -7.15909e-05 -0.000207787
-0.000103872 -7.72181e-05 -0.00025603
-0.000107896 -8.29689e-05 -0.00030523
-0.000111569 -8.8802e-05 -0.000355341
-0.000114808 -9.46664e-05 -0.000406317
-0.000117594 -0.00010049 -0.000458167
-0.000119901 -0.000106198 -0.000510893
-0.000121704 -0.000111719 -0.000564453
-0.000123079 -0.000116956 -0.000618831
-0.000124119 -0.000121813 -0.000673992
-0.000124793 -0.000126234 -0.000729774
-0.000125122 -0.000130159 -0.000785964
-0.000125167 -0.000133526 -0.000842327
-0.000124967 -0.000136298 -0.000898519
-0.000124558 -0.000138452 -0.000954116
-0.000123989 -0.000139975 -0.00100863
-0.000123305 -0.000140869 -0.0010615
-0.00012255 -0.000141155 -0.0011121
-0.000121782 -0.000140863 -0.00115975
-0.000121052 -0.000140038 -0.00120373
-0.00012037 -0.000138746 -0.00124329
-0.000119715 -0.000137068 -0.00127766
-0.000119128 -0.00013508 -0.00130611
-0.00011868 -0.000132848 -0.00132798
-0.000118395 -0.000130458 -0.00134263
-0.000118439 -0.00012796 -0.00134955
-0.000118894 -0.000125412 -0.00134953
-0.00011979 -0.000122876 -0.00134734
-0.000121036 -0.000120442 -0.00134322
-0.000122588 -0.000118195 -0.00133716
-0.000124289 -0.00011618 -0.0013292
-0.000126206 -0.000114463 -0.00131938
-0.000128151 -0.000113129 -0.00130776
-0.000130081 -0.000112142 -0.00129452
-0.000132115 -0.000111456 -0.00127985
-0.000134214 -0.00011105 -0.00126394
-0.000136302 -0.000110887 -0.00124703
-0.000138386 -0.000110896 -0.0012294
-0.000140437 -0.000111009 -0.00121132
-0.000142358 -0.000111172 -0.00119306
-0.000143935 -0.000111344 -0.00117493
-0.000144912 -0.000111492 -0.00115719
-0.000145091 -0.000111564 -0.00114012
-0.000144571 -0.000111443 -0.00112403
-0.000143369 -0.000111032 -0.00110916
-0.000141405 -0.00011027 -0.00109577
-0.000138674 -0.000109144 -0.00103592
-0.000135206 -0.000107588 -0.000976938
-0.000131128 -0.000105371 -0.000934457
-0.000126546 -0.000102565 -0.000901727
-0.00012153 -9.90443e-05 -0.000880694
-0.000116116 -9.48727e-05 -0.000870373
-0.000110272 -9.00901e-05 -0.000869587
-0.000103833 -8.48118e-05 -0.000871528
-9.67019e-05 -7.91594e-05 -0.000875088
-8.88328e-05 -7.32056e-05 -0.000880082
-8.02288e-05 -6.70629e-05 -0.000886176
-7.09424e-05 -6.079e-05 -0.000893156
-6.10066e-05 -5.45012e-05 -0.000904823
-5.05828e-05 -4.82175e-05 -0.000933695
-3.98097e-05 -4.20201e-05 -0.000963007
-2.87907e-05 -3.59972e-05 -0.000992459
-1.77144e-05 -3.01404e-05 -0.00102121
-6.71994e-06 -2.45185e-05 -0.00104844
4.07406e-06 -1.91455e-05 -0.00107353
1.46391e-05 -1.40701e-05 -0.00109573
2.50023e-05 -9.34565e-06 -0.00111447
3.51164e-05 -4.99834e-06 -0.00112917
4.55957e-05 -1.0385e-06 -0.00113942
5.56905e-05 2.60389e-06 -0.00114499
6.35929e-05 5.13844e-06 -0.0011452
7.10927e-05 7.03189e-06 -0.00114331
7.81279e-05 9.12196e-06 -0.00114034
8.51785e-05 1.09916e-05 -0.00113603
9.19586e-05 1.29708e-05 -0.00113047
9.84196e-05 1.50164e-05 -0.00112403
0.000104631 1.72367e-05 -0.00111664
0.000110678 1.97439e-05 -0.00110853
0.000116545 2.25869e-05 -0.00109976
0.000122168 2.58246e-05 -0.00109052
0.000127563 2.94959e-05 -0.00107702
0.000132784 3.35437e-05 -0.00102412
0.00013782 3.80053e-05 -0.000969697
0.000142584 4.30768e-05 -0.000916426
0.000147102 4.85631e-05 -0.000861389
0.000151346 5.45295e-05 -0.000806457
0.000155282 6.09134e-05 -0.000751134
0.00015885 6.76473e-05 -0.000695627
0.000161983 7.46808e-05 -0.000639756
0.000164637 8.19086e-05 -0.000583127
0.000166748 8.92483e-05 -0.00052565
0.000168232 9.65946e-05 -0.000467076
0.000169021 0.000103829 -0.000406975
0.000169097 0.000110815 -0.00034497
0.000168511 0.000117399 -0.000280736
0.00016727 0.000123435 -0.000213987
0.000165434 0.00012876 -0.000144404
0.000163069 0.000133221 -7.1803e-05
0.000160207 0.000136704 3.701e-06
0.000156888 0.000139116 8.18707e-05
0.000153156 0.000140384 0.000162352
0.00014901 0.000140485 0.000244491
0.000144406 0.000139445 0.000327339
0.000139361 0.000137293 0.000409851
0.000133878 0.000134082 0.000490889
0.000127951 0.000129896 0.000569093
0.000121601 0.000124825 0.00064303
0.000114862 0.000118967 0.000711258
0.000107773 0.00011243 0.000772308
0.000100395 0.000105317 0.00082473
9.28582e-05 9.77098e-05 0.000867168
8.37472e-05 8.90756e-05 0.000899809
7.50168e-05 7.97872e-05 0.00092103
6.62866e-05 7.06672e-05 0.000926122
5.78961e-05 6.12585e-05 0.000924231
4.98956e-05 5.19424e-05 0.000919481
4.21409e-05 4.28885e-05 0.000911316
3.4169e-05 3.4094e-05 0.000900019
2.68394e-05 2.56419e-05 0.00088547
2.01402e-05 1.76108e-05 0.000867697
1.40786e-05 1.00809e-05 0.000846753
8.59864e-06 3.0476e-06 0.000822842
3.56361e-06 -3.46414e-06 0.000796195
-1.13421e-06 -9.55203e-06 0.000767008
-5.70831e-06 -1.50669e-05 0.000735672
-1.04484e-05 -2.00881e-05 0.000702498
-1.5517e-05 -2.4662e-05 0.000670217
-2.10725e-05 -2.85785e-05 0.000534504
-2.71825e-05 -3.21023e-05 0.00034486
-3.37861e-05 -3.58366e-05 0.000159546
-4.10192e-05 -3.95389e-05 -2.6125e-05
-4.88178e-05 -4.35986e-05 -0.000206126
-5.71233e-05 -4.81588e-05 -0.000379383
-6.5862e-05 -5.33471e-05 -0.000543685
-7.49394e-05 -5.93706e-05 -0.000696991
-8.44459e-05 -6.62625e-05 -0.000838019
-9.44127e-05 -7.40886e-05 -0.000965351
-0.000104814 -8.28805e-05 -0.00107797
-0.000115637 -9.26228e-05 -0.00117543
-0.000126853 -0.000103269 -0.0012576
-0.000138389 -0.000114743 -0.00132459
-0.000150101 -0.000126947 -0.00137682
-0.000161849 -0.000139747 -0.00141509
-0.000173616 -0.000152953 -0.00144061
-0.000185365 -0.000166351 -0.00145478
-0.000196871 -0.00017976 -0.00145907
-0.000207917 -0.000192974 -0.00145826
-0.000218382 -0.000205743 -0.00145626
-0.000228081 -0.000217862 -0.00145336
-0.00023684 -0.000229124 -0.00144995
-0.00024454 -0.000239313 -0.00144635
-0.000251089 -0.000248235 -0.00144289
-0.000256465 -0.000255698 -0.00143987
-0.000260658 -0.000261544 -0.00143751
-0.000263635 -0.000265657 -0.00143601
-0.000265395 -0.000267953 -0.00143548
-0.000265984 -0.000268382 -0.00143599
-0.00026551 -0.000266926 -0.00143754
-0.00026414 -0.000263602 -0.00144005
-0.000261935 -0.000258503 -0.00144337
-0.000258925 -0.000251769 -0.00144729
-0.000255185 -0.000243569 -0.00145153
-0.000250775 -0.000234113 -0.00145579
-0.000245911 -0.000223602 -0.00146086
-0.000240774 -0.000212228 -0.001478
-0.000235527 -0.000200305 -0.0014895
-0.000230276 -0.000188115 -0.00149383
-0.000225089 -0.0001759 -0.00149277
-0.00022006 -0.000163934 -0.00148962
-0.000215289 -0.000152451 -0.00148405
-0.00021082 -0.000141689 -0.00147585
-0.000206733 -0.000131834 -0.00146485
-0.000203223 -0.000123012 -0.00145097
-0.000200473 -0.000115312 -0.00143421
-0.000198509 -0.000108821 -0.00141464
-0.000197316 -0.000103592 -0.0013924
-0.000196723 -9.96672e-05 -0.0013677
-0.000196558 -9.70478e-05 -0.00134084
-0.000196678 -9.56768e-05 -0.00131219
-0.000196864 -9.54764e-05 -0.00128217
-0.00019693 -9.63221e-05 -0.00125128
-0.000196852 -9.80134e-05 -0.00122008
-0.00019661 -0.000100323 -0.00118913
-0.000196068 -0.000103121 -0.00108094
-0.000195111 -0.000106532 -0.000917045
-0.000193802 -0.000109624 -0.000770965
-0.000191959 -0.000112377 -0.000635666
-0.000189293 -0.000114709 -0.000516419
-0.000185745 -0.000116227 -0.000415248
-0.000181129 -0.000116944 -0.000332832
-0.000175327 -0.000116639 -0.000271638
-0.00016823 -0.000115228 -0.000232293
-0.000159771 -0.000112651 -0.000214929
-0.000150014 -0.000108837 -0.000215794
-0.000139049 -0.000103825 -0.00022074
-0.000126956 -9.76126e-05 -0.000229539
-0.000113884 -9.02305e-05 -0.000241812
-9.99952e-05 -8.17761e-05 -0.00025721
-8.54716e-05 -7.23473e-05 -0.000275359
-7.05056e-05 -6.20989e-05 -0.000295762
-5.52691e-05 -5.12089e-05 -0.000317929
-3.98508e-05 -3.98418e-05 -0.000342492
-2.43517e-05 -2.81493e-05 -0.000438973
-8.93347e-06 -1.64497e-05 -0.000534815
6.28995e-06 -5.14524e-06 -0.000627854
2.16408e-05 5.66146e-06 -0.00071632
3.50957e-05 1.49146e-05 -0.000795732
4.82454e-05 2.22336e-05 -0.00086331
5.9702e-05 2.91613e-05 -0.00092203
7.14571e-05 3.50005e-05 -0.000968541
8.24811e-05 3.98497e-05 -0.00100194
9.26466e-05 4.38706e-05 -0.00102348
0.000101982 4.69146e-05 -0.00103144
0.000110614 4.9189e-05 -0.00102999
0.000118476 5.07971e-05 -0.00102545
0.00012548 5.18228e-05 -0.00101789
0.000131788 5.23365e-05 -0.00100754
0.0001377 5.24083e-05 -0.000994548
0.000143358 5.2173e-05 -0.000979228
0.000148876 5.17674e-05 -0.000961934
0.000154377 5.13328e-05 -0.000943024
0.000159936 5.10679e-05 -0.00092289
0.000165567 5.11914e-05 -0.000901963
0.000171335 5.18366e-05 -0.000849528
0.000177319 5.28458e-05 -0.000730224
0.000183457 5.49557e-05 -0.000623278
0.00018981 5.81237e-05 -0.000516628
0.000196504 6.23227e-05 -0.00041573
0.000203459 6.78463e-05 -0.000320799
0.000210824 7.45122e-05 -0.000231807
0.000218645 8.24057e-05 -0.000150483
0.000226963 9.1453e-05 -7.68752e-05
0.000235849 0.000101553 -1.04244e-05
0.000245355 0.000112594 4.90511e-05
0.000255528 0.000124436 0.000101681
0.000266325 0.000136955 0.000148058
0.000277482 0.000150081 0.000189129
0.000288798 0.000163724 0.000225671
0.000300222 0.000177707 0.000258533
0.000311567 0.000191887 0.000288814
0.000322778 0.000206077 0.000317849
0.000333919 0.000220032 0.000347057
0.000344879 0.000233583 0.000377455
0.000355529 0.000246587 0.000410051
0.000365795 0.00025888 0.000446035
0.000375506 0.00027036 0.000486175
0.000384515 0.000280944 0.00053093
0.000392737 0.000290537 0.000580844
0.000400149 0.000299052 0.000636318
0.000406942 0.000306346 0.0006976
0.000413149 0.000312355 0.000764601
0.000418737 0.000317099 0.000836801
0.000423835 0.000320561 0.000913722
0.000428528 0.000322768 0.000994561
0.000432819 0.000323824 0.00107805
0.000436677 0.000323869 0.00116282
0.000440142 0.000323048 0.0012474
0.000443267 0.000321515 0.0013302
0.000446089 0.000319441 0.00140947
0.000448726 0.00031698 0.00148357
0.000451333 0.00031427 0.00155097
0.000453996 0.000311474 0.00161007
0.000456153 0.00030886 0.00165924
0.000453947 0.000307743 0.0016945
0.000453145 0.000306895 0.00171602
0.000452834 0.000305785 0.00172886
0.000452918 0.000305552 0.00172883
0.000453792 0.000305416 0.00172598
0.00045531 0.000305772 0.00172064
0.000457669 0.000306611 0.00171273
0.000460903 0.000307894 0.00170255
0.00046487 0.000309689 0.00169009
0.000469558 0.000311951 0.00167559
0.000474899 0.000314666 0.00165925
0.000480798 0.000317797 0.00164135
0.000487168 0.000321274 0.00162221
0.000493907 0.00032504 0.00160214
0.000500903 0.000329023 0.0015815
0.000508025 0.000333151 0.00156064
0.000515082 0.00033735 0.00153994
0.000521735 0.000341601 0.00151976
0.000527968 0.000345787 0.00150046
0.00054619 0.000349751 0.00148245
0.000563225 0.000353427 0.00146606
0.00057779 0.000356847 0.00145152
0.000589542 0.000359802 0.00143919
0.000598186 0.000362304 0.00142927
0.0006035 0.000364252 0.00142196
0.000605287 0.000365606 0.00141743
0.000604763 0.000366325 0.00141575
0.000603224 0.000366375 0.00141698
0.000600601 0.000365773 0.00142111
0.000596877 0.00036452 0.00142806
0.000592029 0.000362634 0.00143773
0.000586076 0.000360138 0.00144994
0.000579113 0.000357031 0.00146451
0.000571201 0.000353339 0.0014812
0.000562389 0.000349106 0.00149972
0.000552759 0.000344373 0.00151975
0.000542399 0.000339188 0.00154096
0.00053142 0.000333594 0.00156298
0.000519962 0.000327628 0.00158545
0.000508156 0.000321336 0.00160796
0.000496176 0.000314751 0.00163015
0.000484252 0.000307886 0.00165163
0.000472502 0.000300798 0.00167201
0.000460872 0.000293625 0.00169089
0.000449437 0.000286456 0.00170788
0.000438275 0.00027935 0.00172267
0.000427368 0.000272398 0.00175497
0.000416739 0.000265521 0.00180957
0.000406359 0.000259052 0.00184469
0.000396211 0.000252972 0.00186438
0.000386394 0.000247197 0.00186757
0.000376955 0.000241752 0.00186447
0.00036792 0.00023651 0.00185821
0.000359262 0.000231499 0.00184878
0.000350998 0.000226622 0.00183633
0.000343082 0.000221823 0.00182104
0.000335433 0.000217046 0.00180312
0.000328004 0.00021221 0.00178282
0.000320725 0.000207238 0.00176042
0.00031351 0.000202052 0.00173623
0.00030628 0.000196568 0.00171059
0.000298956 0.000190709 0.00168383
0.000291445 0.000184399 0.00165629
0.000283661 0.000177573 0.00162833
0.000275525 0.000170167 0.0016003
0.000267007 0.000162114 0.00157252
0.000258176 0.000153318 0.00154532
0.000249059 0.000143713 0.00151899
0.000239622 0.00013331 0.00149541
0.000229888 0.000122315 0.00141796
0.000219931 0.000110659 0.00127858
0.0002099 9.79876e-05 0.00115527
0.000199724 8.46698e-05 0.00103874
0.000189348 7.078e-05 0.000932599
0.000178896 5.63615e-05 0.000835268
0.000168385 4.16553e-05 0.000745526
0.000157966 2.67131e-05 0.000663539
0.00014745 1.18034e-05 0.000588401
0.000136371 -3.16044e-06 0.000518994
0.000124347 -1.93107e-05 0.000456996
0.000107654 -3.44148e-05 0.000397722
9.33274e-05 -4.87919e-05 0.000338944
7.97561e-05 -6.2666e-05 0.000283281
6.72112e-05 -7.50844e-05 0.000225774
5.56966e-05 -8.63056e-05 0.000165719
4.5352e-05 -9.61606e-05 0.000104015
3.61297e-05 -0.000104515 3.91862e-05
2.80414e-05 -0.000111255 -2.87859e-05
2.10458e-05 -0.000116343 -0.000100361
1.51801e-05 -0.000119823 -0.000174571
1.05392e-05 -0.000121759 -0.000250652
7.12459e-06 -0.000122204 -0.000327845
4.8784e-06 -0.000121264 -0.000404943
3.69798e-06 -0.000119067 -0.000480433
3.46856e-06 -0.000115755 -0.000552695
3.9201e-06 -0.000111478 -0.00062007
4.85759e-06 -0.000106398 -0.000680827
6.15205e-06 -0.000100691 -0.000733172
7.62659e-06 -9.45272e-05 -0.000775324
9.05282e-06 -8.80723e-05 -0.000805601
1.02384e-05 -8.14977e-05 -0.000822463
1.1011e-05 -7.49746e-05 -0.00082523
1.12053e-05 -6.86309e-05 -0.000822667
1.07657e-05 -6.25812e-05 -0.000817254
9.71814e-06 -5.70398e-05 -0.000808817
7.97506e-06 -5.21175e-05 -0.000797349
5.57068e-06 -4.79229e-05 -0.000782867
2.27995e-06 -4.45587e-05 -0.00076545
-2.51833e-06 -4.20442e-05 -0.000745262
-8.2349e-06 -4.03986e-05 -0.00072254
-1.48443e-05 -3.96165e-05 -0.000697575
-2.22741e-05 -3.96664e-05 -0.000670723
-3.03475e-05 -4.05146e-05 -0.000642366
-3.88464e-05 -4.21057e-05 -0.000612948
-4.75942e-05 -4.43524e-05 -0.000582952
-5.63831e-05 -4.71542e-05 -0.000552888
-6.50205e-05 -5.05539e-05 -0.000421059
-7.35261e-05 -5.45385e-05 -0.000278435
-8.19539e-05 -5.83636e-05 -0.000146753
-9.01728e-05 -6.22283e-05 -2.1433e-05
-9.8123e-05 -6.58742e-05 9.17969e-05
-0.000105751 -6.91492e-05 0.000191857
-0.000112906 -7.20331e-05 0.000277097
-0.000119305 -7.44204e-05 0.00034588
-0.000124752 -7.6344e-05 0.000397638
-0.000129584 -7.76414e-05 0.000431237
-0.000133744 -7.83408e-05 0.000446072
-0.000137316 -7.84556e-05 0.000445412
-0.000140321 -7.80767e-05 0.000440795
-0.000142725 -7.72927e-05 0.000432568
-0.000144544 -7.61945e-05 0.000420957
-0.000145832 -7.49232e-05 0.000406209
-0.000146618 -7.36138e-05 0.000388637
-0.000146948 -7.24212e-05 0.000368608
-0.000146929 -7.14864e-05 0.000346496
-0.000146771 -7.0937e-05 0.000322605
-0.000146683 -7.0809e-05 0.000299194
-0.000146806 -7.11516e-05 0.000194724
-0.000147366 -7.20913e-05 6.63029e-05
-0.000148548 -7.3995e-05 -6.07171e-05
-0.000150542 -7.66903e-05 -0.000188588
-0.000153472 -8.03618e-05 -0.000313525
-0.000157448 -8.50359e-05 -0.0004348
-0.000162503 -9.07338e-05 -0.00055117
-0.000168508 -9.75251e-05 -0.00066168
-0.000175423 -0.000105384 -0.000765631
-0.000183176 -0.000114291 -0.000862267
-0.000191645 -0.000124198 -0.00095125
-0.000200701 -0.000135021 -0.00103267
-0.000210241 -0.000146644 -0.00110676
-0.000220117 -0.000158934 -0.00117381
-0.00023011 -0.000171752 -0.00123428
-0.00024011 -0.000184904 -0.00128901
-0.000249929 -0.000198202 -0.00133899
-0.000259342 -0.000211458 -0.00138507
-0.000268145 -0.000224466 -0.00142826
-0.000276139 -0.00023702 -0.00146962
-0.000283122 -0.000248917 -0.00151021
-0.000288967 -0.000259952 -0.00155099
-0.000293646 -0.000269912 -0.00159282
-0.000297088 -0.000278616 -0.00163644
-0.000299231 -0.000285909 -0.00168242
-0.000300071 -0.000291653 -0.00173112
-0.000299674 -0.000295743 -0.00178262
-0.000298245 -0.000298099 -0.00183678
-0.000295761 -0.000298708 -0.00189318
-0.000292203 -0.00029759 -0.00195113
-0.000287593 -0.000294795 -0.0020097
-0.00028198 -0.000290405 -0.00206769
-0.00027545 -0.000284529 -0.00212379
-0.000268136 -0.000277289 -0.00217652
-0.000260155 -0.000268839 -0.00222427
-0.000251641 -0.000259352 -0.00226532
-0.000242757 -0.000249006 -0.00229797
-0.000233657 -0.000237991 -0.00232051
-0.000224496 -0.000226505 -0.00233131
-0.000215429 -0.000214738 -0.00233093
-0.000206567 -0.000202851 -0.00232719
-0.000197917 -0.000191054 -0.00232006
-0.000189493 -0.000179541 -0.00230941
-0.000181384 -0.00016844 -0.00229512
-0.000173718 -0.000157864 -0.00227713
-0.000166573 -0.000147892 -0.0022555
-0.000159988 -0.000138589 -0.00223034
-0.000154013 -0.000129984 -0.00220182
-0.000148664 -0.000122079 -0.00217021
-0.000143929 -0.000114857 -0.00213582
-0.000139792 -0.000108271 -0.00209906
-0.00013621 -0.00010226 -0.00206034
-0.000133113 -9.67483e-05 -0.00202016
-0.00013043 -9.16447e-05 -0.00197904
-0.000128098 -8.68453e-05 -0.00193751
-0.000126099 -8.2254e-05 -0.00186724
-0.0001243 -7.82973e-05 -0.00161805
-0.000122425 -7.46023e-05 -0.00137388
-0.000120294 -7.04332e-05 -0.00114535
-0.000117739 -6.64508e-05 -0.000921515
-0.00011476 -6.20894e-05 -0.000714881
-0.000111322 -5.74411e-05 -0.000523962
-0.000107389 -5.24521e-05 -0.00035116
-0.000102928 -4.70089e-05 -0.000197924
-9.77709e-05 -4.11942e-05 -6.51967e-05
-9.18891e-05 -3.49574e-05 4.54728e-05
-8.52766e-05 -2.83325e-05 0.000133973
-7.7976e-05 -2.13684e-05 0.000200325
-7.01239e-05 -1.40815e-05 0.000244289
-6.18309e-05 -6.54425e-06 0.000266133
-5.31842e-05 1.14479e-06 0.000268645
-4.42053e-05 8.89815e-06 0.000265459
-3.49071e-05 1.65539e-05 0.000259369
-2.53902e-05 2.40495e-05 0.000250573
-1.57332e-05 3.12271e-05 0.000239444
-6.07468e-06 3.79776e-05 0.000226358
3.40983e-06 4.42089e-05 0.000211631
1.25939e-05 4.98097e-05 0.000195596
2.13434e-05 5.46765e-05 0.000178648
2.92681e-05 5.86819e-05 0.000161207
3.64572e-05 6.10652e-05 0.000143959
4.27901e-05 6.24413e-05 0.000126772
4.8393e-05 6.31478e-05 0.000109682
5.32953e-05 6.28528e-05 9.3181e-05
5.72896e-05 6.17765e-05 7.7382e-05
6.03546e-05 5.97737e-05 6.23482e-05
6.25971e-05 5.69054e-05 4.83543e-05
6.40931e-05 5.32662e-05 3.62189e-05
6.48823e-05 4.88675e-05 1.15094e-05
6.49897e-05 4.37931e-05 -3.79977e-05
6.45426e-05 3.80187e-05 -8.01005e-05
6.36542e-05 3.15929e-05 -0.000117307
6.22521e-05 2.471e-05 -0.000149357
6.00716e-05 1.75928e-05 -0.000177213
5.79447e-05 1.01943e-05 -0.000201337
5.56973e-05 2.66877e-06 -0.000221862
5.33902e-05 -4.86059e-06 -0.000240301
5.10709e-05 -1.21291e-05 -0.000256743
4.8794e-05 -1.90047e-05 -0.00027241
4.66094e-05 -2.53646e-05 -0.000287634
4.45452e-05 -3.10397e-05 -0.000303066
4.26818e-05 -3.59201e-05 -0.000319254
4.11628e-05 -3.99531e-05 -0.000336522
4.00973e-05 -4.30927e-05 -0.000355071
3.96027e-05 -4.53077e-05 -0.000374975
3.98254e-05 -4.65892e-05 -0.000396217
4.08575e-05 -4.69371e-05 -0.000418652
4.26483e-05 -4.635e-05 -0.000441989
4.50208e-05 -4.48091e-05 -0.000465898
4.79133e-05 -4.2344e-05 -0.000489906
5.11991e-05 -3.8999e-05 -0.000513388
5.46886e-05 -3.48113e-05 -0.000535687
5.79071e-05 -2.99269e-05 -0.000555867
6.11252e-05 -2.4795e-05 -0.00057234
6.39985e-05 -1.90654e-05 -0.0005854
6.74801e-05 -1.29289e-05 -0.000594063
7.12103e-05 -6.61249e-06 -0.000597063
7.50041e-05 -1.31886e-07 -0.000596321
7.87815e-05 6.27257e-06 -0.000594079
8.25577e-05 1.252e-05 -0.000590215
8.63509e-05 1.85623e-05 -0.000584596
9.00059e-05 2.43352e-05 -0.000577196
9.33559e-05 2.98277e-05 -0.000568039
9.63916e-05 3.49775e-05 -0.000557136
9.9087e-05 3.97529e-05 -0.000544527
0.00010137 4.41549e-05 -0.000530329
0.000103229 4.81656e-05 -0.000514674
0.000104676 5.17772e-05 -0.000497709
0.000105721 5.49837e-05 -0.000459848
0.000106453 5.75893e-05 -0.000365712
0.000106928 5.97791e-05 -0.000270233
0.000107151 6.1712e-05 -0.000173015
0.000107265 6.32337e-05 -7.36316e-05
0.000107306 6.45232e-05 2.56572e-05
0.000107369 6.55543e-05 0.000124276
0.000107528 6.63998e-05 0.00022051
0.00010738 6.72368e-05 0.000313047
0.000107456 6.80597e-05 0.000400822
0.000107685 6.88456e-05 0.000483136
0.000108188 6.97619e-05 0.000558272
0.00010901 7.0779e-05 0.000625568
0.000110194 7.19779e-05 0.000684266
0.000111818 7.33701e-05 0.000733523
0.000113957 7.4964e-05 0.000772884
0.000116505 7.68286e-05 0.000801772
0.00011943 7.90008e-05 0.000819956
0.000122754 8.14667e-05 0.00082738
0.000126418 8.42266e-05 0.000826603
0.00013044 8.72154e-05 0.000823779
0.000134844 9.03819e-05 0.000818929
0.000139589 9.36913e-05 0.000812211
0.000144658 9.70737e-05 0.00080378
0.000150012 0.000100471 0.000793828
0.000155542 0.000103841 0.000782566
0.000161142 0.000107144 0.000770209
0.000166732 0.00011032 0.000756995
0.000172206 0.000113318 0.000743169
0.000177455 0.000116092 0.000728985
0.000182387 0.000118588 0.000714694
0.000186916 0.000120757 0.000700541
0.000190958 0.00012255 0.000686768
0.000194464 0.000123914 0.000673608
0.000197468 0.000124779 0.000661282
0.000199981 0.000125091 0.000649984
0.000201939 0.000124832 0.00063987
0.000203349 0.000123995 0.000631227
0.000204186 0.000122613 0.000624296
0.000204385 0.000120722 0.000594651
0.000204043 0.00011833 0.000571356
0.000203249 0.000115399 0.000555722
0.000202055 0.000112039 0.000546858
0.000200528 0.000108257 0.000545096
0.000198753 0.000104136 0.00054606
0.00019682 9.9749e-05 0.00054816
0.0001948 9.51723e-05 0.000551254
0.000192701 9.05349e-05 0.000555075
0.000190557 8.59494e-05 0.000566638
0.000188441 8.14888e-05 0.000586511
0.000186437 7.72919e-05 0.000605629
0.000184687 7.33849e-05 0.000625227
0.000183264 6.98817e-05 0.000644019
0.000182222 6.6876e-05 0.000661859
0.000181662 6.44169e-05 0.000678072
0.000181629 6.25867e-05 0.000692156
0.000182158 6.14415e-05 0.000703728
0.000183247 6.10501e-05 0.00071244
0.000184882 6.14674e-05 0.000718014
0.000187059 6.27197e-05 0.000720333
0.000189755 6.48197e-05 0.000720071
0.000192936 6.7758e-05 0.000719
0.000196564 7.1513e-05 0.000717167
0.000200597 7.60438e-05 0.000714674
0.000205081 8.12872e-05 0.000711657
0.000210659 8.71706e-05 0.000708268
0.000216495 9.35996e-05 0.000704688
0.000222525 0.00010048 0.000701107
0.000228631 0.000107707 0.000697732
0.000234708 0.000115177 0.000694771
0.000240665 0.000122769 0.000692434
0.000246423 0.00013036 0.000690926
0.000251885 0.000137833 0.00069044
0.000257019 0.00014506 0.000691157
0.000261842 0.0001519 0.00069324
0.000266318 0.000158247 0.00069681
0.00027043 0.000164011 0.000701952
0.000274191 0.000169108 0.000708717
0.000277564 0.000173473 0.000716546
0.000280468 0.000177095 0.000740591
0.0002829 0.000179949 0.000784158
0.000284862 0.000182129 0.000831904
0.000286346 0.000183633 0.000884632
0.000287406 0.000184506 0.000941052
0.000288161 0.000184801 0.00100061
0.000288278 0.000184641 0.00106246
0.000288113 0.000184142 0.00112532
0.000287912 0.000183205 0.00118866
0.000287683 0.000182063 0.00125115
0.000287519 0.000180756 0.00131179
0.000287386 0.000179448 0.00136955
0.000287293 0.000178273 0.00142316
0.00028727 0.000177329 0.00147186
0.000287338 0.000176717 0.00151473
0.000287572 0.000176494 0.00155106
0.000288034 0.000176693 0.00158032
0.000288814 0.000177356 0.00160209
0.00029 0.000178489 0.00161613
0.000291552 0.000180085 0.00162234
0.000293445 0.00018213 0.00162197
0.000295535 0.000184606 0.0016195
0.000297754 0.000187484 0.00161507
0.000300021 0.000190712 0.00160886
0.000302237 0.000194217 0.00160104
0.000304265 0.000197928 0.00159181
0.000306001 0.000201744 0.00158143
0.000307361 0.000205546 0.00157016
0.000308239 0.000209209 0.0015583
0.000308585 0.000212588 0.00154613
0.000308421 0.00021552 0.00153399
0.000307756 0.000217865 0.00152216
0.000306558 0.000219492 0.0015109
0.000304813 0.000220273 0.00150049
0.000302488 0.00022011 0.00149113
0.000299526 0.000218942 0.00148298
0.0002959 0.00021672 0.00147618
0.000291605 0.000213411 0.00147081
0.000286626 0.000209018 0.00146689
0.000280964 0.000203565 0.00146442
0.00027464 0.000197095 0.00146332
0.000267687 0.000189673 0.0014635
0.000260168 0.000181374 0.0014648
0.000252168 0.000172287 0.00146704
0.000243757 0.000162527 0.00147001
0.000235024 0.000152217 0.00147347
0.000226061 0.000141493 0.00147715
0.000216959 0.000130497 0.00148079
0.000207816 0.000119375 0.00148409
0.000198736 0.000108272 0.0014868
0.000189824 9.7327e-05 0.00148865
0.00018117 8.66778e-05 0.00148939
0.000172863 7.64531e-05 0.00148881
0.000164981 6.67699e-05 0.00148671
0.000157575 5.77381e-05 0.00148295
0.000150648 4.94667e-05 0.0014774
0.000144209 4.20393e-05 0.00146999
0.000138265 3.55087e-05 0.00146071
0.000132797 2.99125e-05 0.00144959
0.000127779 2.52603e-05 0.00143672
0.000123191 2.15301e-05 0.00142219
0.000118984 1.87052e-05 0.00140762
0.000115097 1.68177e-05 0.00139167
0.000111483 1.56587e-05 0.00131184
0.000108037 1.53201e-05 0.00119915
0.000104744 1.53452e-05 0.00108865
0.000100722 1.55508e-05 0.000976185
9.70909e-05 1.57232e-05 0.000866573
9.34761e-05 1.60665e-05 0.000759314
9.03431e-05 1.60217e-05 0.000658452
8.65956e-05 1.59472e-05 0.000564218
8.25298e-05 1.55788e-05 0.000476738
7.79352e-05 1.47896e-05 0.000399606
7.18871e-05 1.34661e-05 0.000332845
6.51695e-05 1.15428e-05 0.000277835
5.77158e-05 8.95554e-06 0.000234802
4.95442e-05 5.63608e-06 0.000204457
4.06638e-05 1.4739e-06 0.000186975
3.10878e-05 -3.43871e-06 0.000182127
2.07998e-05 -9.09733e-06 0.000183466
9.85872e-06 -1.54533e-05 0.000186702
-1.66942e-06 -2.24485e-05 0.000191756
-1.36926e-05 -2.99949e-05 0.000198356
-2.61015e-05 -3.80035e-05 0.000206229
-3.87794e-05 -4.63833e-05 0.000215093
-5.16055e-05 -5.50157e-05 0.000224639
-6.44427e-05 -6.37754e-05 0.000234521
-7.71631e-05 -7.25321e-05 0.000244382
-8.96585e-05 -8.11558e-05 0.000253881
-0.000101816 -8.95197e-05 0.000262694
-0.000113524 -9.75019e-05 0.000270502
-0.000124683 -0.000104991 0.000277009
-0.000135203 -0.000111892 0.000281961
-0.000145006 -0.000118126 0.00028515
-0.000154035 -0.00012363 0.000286412
-0.000162245 -0.000128364 0.000285624
-0.000169611 -0.000132307 0.000282722
-0.000176122 -0.000135463 0.000277699
-0.000181789 -0.000137854 0.000270602
-0.000186638 -0.000139523 0.000261523
-0.000190717 -0.000140534 0.000250608
-0.000194086 -0.000140964 0.000238049
-0.000196823 -0.000140908 0.000224075
-0.000199014 -0.000140471 0.000208948
-0.000200755 -0.000139767 0.000192955
-0.000202164 -0.000138839 0.000160392
-0.000203371 -0.000137661 6.02208e-05
-0.000204427 -0.000136647 -3.60686e-05
-0.000205402 -0.000135893 -0.000131943
-0.000206456 -0.00013538 -0.000224953
-0.000207602 -0.000135356 -0.000312833
-0.000208947 -0.000135801 -0.00039516
-0.000210531 -0.000136832 -0.000470339
-0.000212399 -0.000138488 -0.000537545
-0.000214582 -0.000140788 -0.000596174
-0.000217085 -0.000143748 -0.000645682
-0.000219903 -0.000147348 -0.000685868
-0.000223003 -0.000151556 -0.00071671
-0.000226281 -0.000156331 -0.000738435
-0.000229701 -0.000161594 -0.000751525
-0.0002332 -0.000167244 -0.000756686
-0.000236708 -0.000173172 -0.000756281
-0.000240149 -0.000179236 -0.000754881
-0.000243435 -0.00018531 -0.000752618
-0.000246474 -0.000191264 -0.000749725
-0.000249174 -0.000196953 -0.000746409
-0.000251443 -0.000202246 -0.000742879
-0.000253192 -0.000207011 -0.00073935
-0.00025434 -0.000211128 -0.000736018
-0.000254815 -0.000214487 -0.000733055
-0.000254574 -0.000216985 -0.000730609
-0.000253649 -0.000218538 -0.000728797
-0.000252005 -0.000219091 -0.000727697
-0.000249626 -0.000218605 -0.000727352
-0.000246505 -0.000217063 -0.000727762
-0.000242652 -0.000214475 -0.000728885
-0.000238092 -0.000210869 -0.000730643
-0.00023286 -0.000206295 -0.000732921
-0.000227006 -0.000200821 -0.000735566
-0.000220591 -0.000194535 -0.000738402
-0.000213685 -0.000187536 -0.000741225
-0.000206362 -0.000179938 -0.000743818
-0.000198705 -0.000171864 -0.000745947
-0.000190795 -0.000163441 -0.000747379
-0.000182717 -0.000154801 -0.000747884
-0.000174552 -0.000146073 -0.000747242
-0.000166378 -0.00013738 -0.000745253
-0.000158267 -0.000128839 -0.00074174
-0.000150282 -0.000120554 -0.000736556
-0.00014248 -0.000112616 -0.000729592
-0.000134904 -0.000105102 -0.000720777
-0.000127586 -9.80672e-05 -0.000710082
-0.000120549 -9.15516e-05 -0.000697526
-0.000113798 -8.55747e-05 -0.000683169
-0.000107327 -8.0137e-05 -0.000667117
-0.000101119 -7.52202e-05 -0.00064952
-9.51438e-05 -7.07885e-05 -0.000630566
-8.93606e-05 -6.67897e-05 -0.000610477
-8.37207e-05 -6.31572e-05 -0.000589508
-7.81675e-05 -5.98128e-05 -0.000567934
-7.26394e-05 -5.6669e-05 -0.00054605
-6.70714e-05 -5.36324e-05 -0.00052416
-6.13968e-05 -5.06068e-05 -0.000502571
-5.55377e-05 -4.75515e-05 -0.000434888
-4.94018e-05 -4.4546e-05 -0.000331526
-4.29896e-05 -4.12182e-05 -0.000238427
-3.62563e-05 -3.75177e-05 -0.000152857
-2.91316e-05 -3.3429e-05 -7.43602e-05
-2.16096e-05 -2.88371e-05 -4.04774e-06
-1.36571e-05 -2.37494e-05 5.8098e-05
-5.27678e-06 -1.81343e-05 0.000111123
3.34058e-06 -1.19579e-05 0.000154819
1.16281e-05 -5.02576e-06 0.000189033
2.06395e-05 2.18308e-06 0.000214361
2.98793e-05 9.73476e-06 0.000232023
3.96108e-05 1.67202e-05 0.000243394
4.9075e-05 2.36732e-05 0.00024866
5.88323e-05 3.11957e-05 0.000247993
6.90646e-05 3.86858e-05 0.000246297
7.94356e-05 4.64113e-05 0.000243492
8.98117e-05 5.41166e-05 0.000239606
0.00010022 6.17836e-05 0.00023503
0.000110676 6.93733e-05 0.000229831
0.00012108 7.67862e-05 0.000224277
0.000131295 8.39496e-05 0.000218515
0.000141281 9.07978e-05 0.000212757
0.000151028 9.72735e-05 0.000207197
0.000160477 0.000103327 0.000202006
0.00016955 0.000108907 0.000197341
0.00017821 0.000113979 0.000193337
0.000186446 0.00011852 0.000190103
0.000194239 0.000122519 0.000187733
0.000201567 0.000125974 0.00018629
0.000208421 0.000128895 0.000185807
0.000214819 0.000131308 0.000186291
0.000220781 0.000133245 0.000187723
0.000226328 0.000134751 0.00019006
0.000231491 0.000135879 0.000193232
0.000236312 0.000136692 0.000197152
0.000240839 0.000137259 0.000201714
0.000245119 0.000137654 0.000206799
0.000249204 0.000137953 0.000212275
0.000253145 0.000138235 0.000218006
0.000257 0.000138576 0.000223852
0.00026082 0.000139045 0.000229291
0.000264658 0.000139676 0.000234625
0.000268549 0.000140595 0.000239521
0.000272535 0.000141838 0.00024415
0.000276656 0.000143444 0.000248342
0.000280931 0.000145449 0.000266349
0.000285383 0.00014786 0.000283643
0.000290001 0.00015076 0.000297681
0.000294798 0.000154092 0.000309132
0.00029976 0.000157876 0.000317643
0.000304868 0.00016208 0.000323524
0.0003101 0.000166667 0.000327007
0.000315417 0.000171599 0.000328473
0.000320783 0.000176816 0.000328558
0.000326151 0.000182256 0.000328343
0.000331462 0.000187852 0.000328034
0.000336629 0.00019354 0.000327742
0.000341621 0.000199236 0.000327586
0.000346382 0.000204862 0.000327679
0.000350864 0.000210339 0.000328127
0.000355021 0.000215585 0.000330564
0.000358814 0.000220516 0.000338462
0.000362202 0.000225075 0.000349549
0.000365149 0.000229199 0.000364384
0.000367631 0.000232832 0.000383173
0.000369623 0.000235938 0.000406048
0.000371113 0.000238482 0.000433053
0.000372094 0.000240447 0.000464066
0.000372566 0.000241824 0.000498878
0.00037255 0.000242617 0.000537169
0.000372126 0.000242842 0.00057849
0.00037132 0.000242524 0.000622294
0.000370157 0.000241699 0.000667942
0.000368666 0.000240411 0.000714727
0.000366788 0.000238732 0.000761836
0.000364588 0.000236736 0.000808359
0.000362202 0.000234415 0.00085366
0.000359626 0.000231874 0.000896813
0.000356923 0.00022916 0.00093693
0.000354125 0.000226335 0.000973302
0.000351275 0.000223463 0.00100508
0.000348413 0.000220593 0.00103162
0.000345565 0.000217778 0.00105229
0.000342718 0.000215074 0.00106655
0.000339908 0.000212511 0.00107398
0.000337146 0.000210112 0.00107483
0.000334445 0.00020788 0.00107332
0.000331808 0.000205816 0.00107034
0.000329229 0.000203924 0.00106589
0.000326704 0.000202182 0.00106004
0.000324216 0.000200571 0.00105286
0.000321747 0.000199059 0.00104446
0.000319273 0.000197604 0.00103498
0.000316767 0.000196162 0.00102454
0.000314198 0.000194682 0.00101332
0.000311533 0.000193113 0.00100149
0.000308737 0.000191397 0.000989232
0.000305776 0.000189481 0.000976724
0.000302615 0.000187311 0.000964153
0.000299222 0.000184838 0.000951698
0.000295568 0.000182016 0.000939527
0.000289541 0.000177042 0.000922141
0.000282799 0.000171101 0.000906203
0.0002753 0.000164131 0.000892066
0.000267025 0.000156135 0.000879973
0.00025799 0.000147161 0.000870037
0.000248241 0.000137301 0.000862253
0.000237845 0.000126704 0.000856495
0.000226899 0.000115551 0.000852535
0.000215519 0.000104049 0.000850043
0.000203826 9.24315e-05 0.000848664
0.000191951 8.09416e-05 0.000848145
0.000180031 6.97868e-05 0.00084791
0.000168179 5.9186e-05 0.000847537
0.000156505 4.93062e-05 0.000846719
0.000145101 4.02844e-05 0.000845174
0.00013402 3.22117e-05 0.000842711
0.000123305 2.51162e-05 0.00083921
0.000112964 1.89791e-05 0.000834653
0.000101406 1.25953e-05 0.000814475
8.94634e-05 7.35854e-06 0.000778235
7.76509e-05 2.26663e-06 0.000738066
6.56694e-05 -1.90331e-06 0.000691756
5.42116e-05 -5.71402e-06 0.000641766
4.30131e-05 -9.18165e-06 0.000588739
3.19986e-05 -1.24717e-05 0.000534231
2.10308e-05 -1.58574e-05 0.000480012
9.9902e-06 -1.95008e-05 0.000427411
-1.24906e-06 -2.35802e-05 0.000377783
-1.27351e-05 -2.82645e-05 0.000332284
-2.45658e-05 -3.36427e-05 0.000291543
-3.67331e-05 -3.97917e-05 0.000255929
-4.92358e-05 -4.67299e-05 0.000225339
-6.20253e-05 -5.44165e-05 0.000199206
-7.50071e-05 -6.27786e-05 0.000176609
-8.80651e-05 -7.16921e-05 0.00015624
-0.000101065 -8.09934e-05 0.000136536
-0.000113834 -9.05042e-05 0.000115768
-0.000126212 -0.000100022 9.21422e-05
-0.000138029 -0.00010934 6.39448e-05
-0.000149121 -0.000118267 2.96412e-05
-0.00015935 -0.000126623 -1.20091e-05
-0.000168601 -0.000134253 -6.18575e-05
-0.000176784 -0.000141048 -0.000120297
-0.000183854 -0.000146931 -0.000187216
-0.000189799 -0.000151867 -0.000261976
-0.00019464 -0.000155875 -0.00034343
-0.000198438 -0.000159001 -0.000429964
-0.000201286 -0.000161335 -0.000519564
-0.000203289 -0.000162996 -0.000609917
-0.000204581 -0.000164113 -0.000698513
-0.000205299 -0.000164834 -0.000782776
-0.00020557 -0.000165303 -0.000860185
-0.000205539 -0.000165646 -0.000928401
-0.000205329 -0.000165978 -0.000985381
-0.000205005 -0.000166379 -0.00102948
-0.000204614 -0.000166894 -0.00105949
-0.000204098 -0.000167558 -0.00107471
-0.000203454 -0.000168335 -0.00107617
-0.000202662 -0.000169116 -0.00107343
-0.000201646 -0.00016981 -0.00106807
-0.000200336 -0.000170277 -0.00106046
-0.000198643 -0.000170368 -0.00105089
-0.000196448 -0.000169929 -0.00103978
-0.000193661 -0.000168802 -0.00102753
-0.000190185 -0.000166841 -0.00101458
-0.000185924 -0.000163934 -0.00100131
-0.000180829 -0.000159988 -0.000988071
-0.000174851 -0.000154956 -0.000975147
-0.000167972 -0.000148837 -0.000962752
-0.000160221 -0.000141665 -0.000951009
-0.000151629 -0.000133528 -0.000939965
-0.000142268 -0.000124555 -0.000929582
-0.00013224 -0.000114899 -0.000919754
-0.000121643 -0.00010475 -0.00091032
-0.000110607 -9.43123e-05 -0.000901081
-9.92604e-05 -8.37877e-05 -0.000891822
-8.7722e-05 -7.33843e-05 -0.000882327
-7.61136e-05 -6.32867e-05 -0.000872406
-6.45379e-05 -5.36505e-05 -0.000861909
-5.3073e-05 -4.46079e-05 -0.000850742
-4.17812e-05 -3.62414e-05 -0.000838877
-3.06978e-05 -2.85908e-05 -0.000826358
-1.98271e-05 -2.16605e-05 -0.0008133
-9.14299e-06 -1.54667e-05 -0.000759083
1.39054e-06 -9.95354e-06 -0.00068737
1.18146e-05 -4.97151e-06 -0.000617349
2.21784e-05 -2.71009e-07 -0.000550011
3.25591e-05 4.1496e-06 -0.000485862
4.32494e-05 8.6098e-06 -0.000426062
5.25719e-05 1.26644e-05 -0.000370927
6.12851e-05 1.65081e-05 -0.000321435
7.08219e-05 2.08378e-05 -0.000281065
8.07214e-05 2.5806e-05 -0.000250226
9.10218e-05 3.13618e-05 -0.000229751
0.000101921 3.7644e-05 -0.000219732
0.000113257 4.46221e-05 -0.000218699
0.000125003 5.22379e-05 -0.000220313
0.000137131 6.04116e-05 -0.000223368
0.000149466 6.9023e-05 -0.000227475
0.000161901 7.79183e-05 -0.000232245
0.000174291 8.69365e-05 -0.000237177
0.000186452 9.59029e-05 -0.000241819
0.00019826 0.000104636 -0.000245684
0.00020956 0.000112975 -0.000248362
0.000220221 0.000120777 -0.000249475
0.000230157 0.00012792 -0.000248747
0.000239281 0.000134327 -0.000245983
0.000247559 0.000139955 -0.000241108
0.000254992 0.000144795 -0.000234146
0.000261604 0.000148835 -0.000226084
0.000267448 0.000152203 -0.000209053
0.00027264 0.000154874 -0.000145547
0.00027723 0.000157165 -7.75184e-05
0.000281369 0.000159122 -5.45635e-06
0.000285155 0.000160961 6.79287e-05
0.000288719 0.000162829 0.00014044
0.000292178 0.000164865 0.000209905
0.000295626 0.000167199 0.000274327
0.000299143 0.00016993 0.000332032
0.000302785 0.000173112 0.000381682
0.000306579 0.00017677 0.000422364
0.000310515 0.000180888 0.000453625
0.000314564 0.000185397 0.000475481
0.000318658 0.000190207 0.000488382
0.000322635 0.000195204 0.000493122
0.000326419 0.000200215 0.000492693
0.000329899 0.000205053 0.000491222
0.000332958 0.000209534 0.000489014
0.000335493 0.000213469 0.000486368
0.00033739 0.00021669 0.000483605
0.000338556 0.000219045 0.000480984
0.000338926 0.000220409 0.00047874
0.00033851 0.000220704 0.000477024
0.000337351 0.000219883 0.000475927
0.000335454 0.000217945 0.000475452
0.000332828 0.000214939 0.000475533
0.000329533 0.000210944 0.00047602
0.000325627 0.00020608 0.000476714
0.000321182 0.000200502 0.000477356
0.0003163 0.000194371 0.000477668
0.000311065 0.000187871 0.000477353
0.000305571 0.000181185 0.00047613
0.000299916 0.000174481 0.000473746
0.000294167 0.000167917 0.000469999
0.000288392 0.000161624 0.000464746
0.000282641 0.000155693 0.000457928
0.000276932 0.00015019 0.00044956
0.000271274 0.000145139 0.000439751
0.000265652 0.000140518 0.000428685
0.000260025 0.000136284 0.000416625
0.000254348 0.00013235 0.000403893
0.000248554 0.000128608 0.000390856
0.000242568 0.000124939 0.000377907
0.000236318 0.000121206 0.000365446
0.000229729 0.000117275 0.000353854
0.000222733 0.000113027 0.000343473
0.000215277 0.00010835 0.000334591
0.00020732 0.000103161 0.000327423
0.000198838 9.74109e-05 0.000322085
0.000189831 9.10848e-05 0.000318854
0.000180322 8.41801e-05 0.000317434
0.000170346 7.67413e-05 0.000317551
0.000159966 6.88356e-05 0.000319044
0.000149254 6.05772e-05 0.000321683
0.000138292 5.20811e-05 0.000325106
0.000127182 4.34729e-05 0.000328834
0.000116015 3.48819e-05 0.000332524
0.000103529 2.57144e-05 0.000336172
9.04309e-05 1.63957e-05 0.000339102
7.67059e-05 7.34856e-06 0.000340866
6.26923e-05 -8.40079e-07 0.000340752
4.93029e-05 -8.3388e-06 0.000338394
3.68714e-05 -1.49875e-05 0.000333645
2.52123e-05 -2.06746e-05 0.000326953
1.45072e-05 -2.55273e-05 0.000318042
4.54773e-06 -2.96218e-05 0.000301294
-4.69972e-06 -3.30039e-05 0.000235088
-1.34038e-05 -3.60375e-05 0.000161875
-2.17095e-05 -3.88374e-05 8.32008e-05
-2.97883e-05 -4.16939e-05 1.65014e-06
-3.77959e-05 -4.48148e-05 -8.03499e-05
-4.59176e-05 -4.84011e-05 -0.000160591
-5.42541e-05 -5.26406e-05 -0.000236961
-6.29359e-05 -5.76563e-05 -0.000307735
-7.2007e-05 -6.35263e-05 -0.000371601
-8.1485e-05 -7.0278e-05 -0.00042776
-9.13452e-05 -7.78642e-05 -0.000475958
-0.000101511 -8.61866e-05 -0.000516455
-0.00011186 -9.50966e-05 -0.000549988
-0.000122251 -0.000104389 -0.0005777
-0.000132496 -0.000113834 -0.000601035
-0.000142404 -0.000123181 -0.00062164
-0.000151779 -0.00013216 -0.000641231
-0.000160424 -0.000140524 -0.00066147
-0.000168163 -0.000148039 -0.000683828
-0.000174853 -0.000154503 -0.000709476
-0.000180379 -0.000159767 -0.000739189
-0.000184668 -0.000163729 -0.000773283
-0.000187704 -0.00016634 -0.000811581
-0.000189501 -0.000167622 -0.000853406
-0.000190122 -0.000167642 -0.000897616
-0.000189745 -0.000166515 -0.000942662
-0.000188572 -0.000164398 -0.0009867
-0.000186732 -0.000161488 -0.00102761
-0.000184387 -0.000157998 -0.0010632
-0.000181678 -0.000154158 -0.00109131
-0.000178758 -0.000150179 -0.00110995
-0.000175763 -0.000146255 -0.00111743
-0.000172761 -0.000142546 -0.0011163
-0.000169793 -0.000139158 -0.00111236
-0.000166891 -0.000136167 -0.00110562
-0.000164049 -0.00013359 -0.00109615
-0.000161248 -0.000131386 -0.0010842
-0.000158413 -0.000129477 -0.00107009
-0.000155448 -0.00012774 -0.0010543
-0.000152256 -0.000126015 -0.00103733
-0.000148697 -0.000124133 -0.00101974
-0.000144649 -0.000121916 -0.00100211
-0.000139998 -0.000119185 -0.000985003
-0.000134623 -0.000115796 -0.000968922
-0.00012845 -0.000111624 -0.000954304
-0.000121421 -0.000106587 -0.000941481
-0.000113503 -0.000100657 -0.000930673
-0.00010472 -9.38468e-05 -0.000921973
-9.51125e-05 -8.62216e-05 -0.000915351
-8.47578e-05 -7.79009e-05 -0.000910657
-7.37721e-05 -6.90329e-05 -0.000907633
-6.22831e-05 -5.98032e-05 -0.000905935
-5.04372e-05 -5.04214e-05 -0.000905157
-3.83951e-05 -4.10934e-05 -0.000904857
-2.63075e-05 -3.20286e-05 -0.000904586
-1.43184e-05 -2.34186e-05 -0.000903918
-2.55862e-06 -1.54157e-05 -0.000902475
8.86602e-06 -8.15106e-06 -0.000899968
1.98864e-05 -1.70219e-06 -0.00089616
3.0448e-05 3.87188e-06 -0.000890957
4.0506e-05 8.65076e-06 -0.000879662
5.10726e-05 1.25161e-05 -0.000833334
5.98543e-05 1.48426e-05 -0.000780185
6.69439e-05 1.731e-05 -0.000727537
7.42373e-05 1.94686e-05 -0.000671429
8.14883e-05 2.1804e-05 -0.00061677
8.88999e-05 2.44578e-05 -0.00056385
9.66507e-05 2.76278e-05 -0.000514882
0.000104711 3.14671e-05 -0.000471666
0.00011324 3.60872e-05 -0.000435083
0.000122257 4.15742e-05 -0.000405875
0.000131742 4.79433e-05 -0.000384294
0.000141706 5.51633e-05 -0.00036993
0.000152059 6.31614e-05 -0.000361985
0.000162698 7.18103e-05 -0.000359214
0.00017352 8.09466e-05 -0.000359311
0.000184362 9.03821e-05 -0.000359713
0.00019508 9.99081e-05 -0.000360025
0.000205518 0.000109309 -0.000359893
0.000215509 0.000118381 -0.000358224
0.000224929 0.000126906 -0.000346744
0.00023365 0.00013473 -0.0003276
0.000241573 0.000141712 -0.000299714
0.000248646 0.000147759 -0.000262627
0.000254832 0.00015282 -0.000216351
0.000260137 0.000156898 -0.000161453
0.000264607 0.000160031 -9.9018e-05
0.000268304 0.000162308 -3.06054e-05
0.000271329 0.000163855 4.18261e-05
0.000273801 0.000164815 0.000116021
0.000275845 0.000165362 0.000189541
0.000277599 0.000165673 0.00025989
0.000279196 0.000165916 0.000324642
0.000280755 0.000166257 0.000381568
0.00028238 0.000166831 0.000428747
0.000284156 0.000167738 0.000464666
0.000286129 0.000169055 0.000488293
0.000288322 0.000170802 0.000499126
0.000290726 0.000172959 0.000499327
0.000293259 0.000175451 0.00049665
0.000295804 0.0001782 0.000491874
0.000298284 0.000181065 0.000485344
0.00030058 0.000183897 0.000477434
0.000302581 0.000186518 0.000468579
0.000304163 0.000188753 0.000459238
0.000305195 0.000190433 0.000449863
0.000305579 0.000191397 0.000440883
0.000305271 0.000191519 0.000432675
0.000304263 0.000190706 0.000425548
0.000302529 0.000188896 0.000419722
0.000300045 0.000186085 0.000415322
0.000296823 0.000182305 0.000412374
0.000292911 0.000177628 0.000410806
0.000288353 0.000172179 0.000410454
0.000283235 0.000166103 0.000411078
0.000277654 0.00015957 0.000412378
0.0002717 0.000152777 0.000414015
0.00026549 0.00014591 0.000415632
0.000259125 0.000139155 0.00041688
0.000252691 0.000132686 0.00041744
0.000246281 0.00012664 0.000417041
0.000239953 0.000121127 0.000415479
0.000233746 0.000116219 0.000412629
0.000227689 0.000111937 0.000408452
0.00022177 0.000108265 0.000402998
0.000215965 0.000105146 0.000396401
0.000210232 0.000102475 0.000388871
0.000204502 0.000100127 0.000380679
0.000198703 9.79486e-05 0.00037214
0.000192755 9.57672e-05 0.000363593
0.00018657 9.34155e-05 0.00035538
0.00018007 9.0727e-05 0.000347823
0.000173188 8.75466e-05 0.000341202
0.000165864 8.37546e-05 0.000335739
0.000158062 7.92549e-05 0.000331581
0.000149769 7.39868e-05 0.000328794
0.000140985 6.79391e-05 0.000327341
0.000131742 6.11326e-05 0.000327126
0.000122093 5.36277e-05 0.000327949
0.0001121 4.55278e-05 0.000329538
0.000101143 3.60951e-05 0.000332021
8.89646e-05 2.60679e-05 0.000334546
7.61481e-05 1.58985e-05 0.000336509
6.21626e-05 6.05263e-06 0.000337249
4.86182e-05 -3.37879e-06 0.00033627
3.58438e-05 -1.2286e-05 0.000333182
2.37699e-05 -2.03062e-05 0.000328046
1.26701e-05 -2.7405e-05 0.000320667
2.45989e-06 -3.35518e-05 0.000310904
-6.77337e-06 -3.87045e-05 0.000263779
-1.51879e-05 -4.29554e-05 0.000192188
-2.28071e-05 -4.64784e-05 0.000110549
-2.98122e-05 -4.94668e-05 2.27909e-05
-3.63466e-05 -5.20958e-05 -6.92421e-05
-4.26016e-05 -5.46102e-05 -0.000162613
-4.87318e-05 -5.72321e-05 -0.000254653
-5.494e-05 -6.01675e-05 -0.000342697
-6.13467e-05 -6.3601e-05 -0.000424366
-6.80803e-05 -6.76767e-05 -0.000497633
-7.5216e-05 -7.24781e-05 -0.000560964
-8.27804e-05 -7.80442e-05 -0.000613376
-9.07583e-05 -8.43482e-05 -0.000654485
-9.90928e-05 -9.12989e-05 -0.000684504
-0.000107666 -9.87624e-05 -0.000704201
-0.000116341 -0.000106549 -0.000714829
-0.000124943 -0.000114431 -0.000718032
-0.000133277 -0.000122167 -0.000717541
-0.000141145 -0.00012949 -0.000716343
-0.00014835 -0.000136158 -0.000714865
-0.000154707 -0.000141953 -0.000713512
-0.000160062 -0.000146679 -0.000712636
-0.000164296 -0.000150189 -0.000712505
-0.000167326 -0.000152396 -0.000713291
-0.000169123 -0.000153258 -0.000715055
-0.000169709 -0.000152793 -0.000717607
-0.000169216 -0.000151054 -0.000732034
-0.000167815 -0.000148186 -0.00075095
-0.000165623 -0.000144369 -0.00077106
-0.000162772 -0.00013983 -0.000790384
-0.000159432 -0.000134797 -0.00080701
-0.000155757 -0.000129523 -0.000818943
-0.000151897 -0.000124244 -0.000824316
-0.000148005 -0.000119167 -0.000823664
-0.000144127 -0.000114472 -0.000820997
-0.000140337 -0.000110303 -0.000816195
-0.000136688 -0.000106735 -0.000809182
-0.000133174 -0.000103801 -0.000800067
-0.000129776 -0.000101468 -0.000789035
-0.000126438 -9.96504e-05 -0.000776411
-0.000123057 -9.82253e-05 -0.000762591
-0.000119536 -9.7023e-05 -0.000748058
-0.000115748 -9.58551e-05 -0.00073332
-0.000111555 -9.4528e-05 -0.000718909
-0.000106847 -9.28398e-05 -0.000705325
-0.000101502 -9.06141e-05 -0.000693025
-9.54299e-05 -8.77052e-05 -0.000682383
-8.8578e-05 -8.3996e-05 -0.000673677
-8.09064e-05 -7.94268e-05 -0.000667061
-7.2425e-05 -7.39868e-05 -0.000662571
-6.31809e-05 -6.77087e-05 -0.000660112
-5.32423e-05 -6.06862e-05 -0.000659468
-4.27206e-05 -5.3051e-05 -0.00066032
-3.17485e-05 -4.49644e-05 -0.00066226
-2.04689e-05 -3.66234e-05 -0.000664819
-9.04234e-06 -2.82284e-05 -0.000667498
2.37334e-06 -1.99771e-05 -0.000669795
1.36328e-05 -1.20784e-05 -0.000671241
2.45998e-05 -4.67047e-06 -0.00067143
3.51681e-05 2.12053e-06 -0.000670005
4.57499e-05 8.11708e-06 -0.000666763
5.58131e-05 1.31767e-05 -0.000661384
6.44901e-05 1.6611e-05 -0.000653602
7.15638e-05 2.00806e-05 -0.000644571
7.84815e-05 2.30019e-05 -0.000607712
8.50806e-05 2.57227e-05 -0.000548379
9.15463e-05 2.83746e-05 -0.000488589
9.80675e-05 3.12209e-05 -0.000428516
0.000104641 3.43623e-05 -0.000369525
0.000111476 3.79845e-05 -0.000313239
0.000118587 4.22025e-05 -0.000261244
0.000126043 4.70933e-05 -0.000214703
0.000133895 5.27056e-05 -0.000174348
0.000142126 5.90439e-05 -0.000140575
0.000150708 6.60605e-05 -0.000113332
0.000159595 7.36738e-05 -9.21071e-05
0.000168678 8.1765e-05 -7.60839e-05
0.00017787 9.01761e-05 -6.41131e-05
0.000187038 9.87365e-05 -5.48048e-05
0.000196047 0.000107258 -4.66495e-05
0.000204775 0.000115543 -3.81014e-05
0.000213079 0.00012341 -2.76776e-05
0.000220846 0.00013069 -1.40645e-05
0.000227983 0.000137231 3.80342e-06
0.000234401 0.000142926 2.66617e-05
0.00024006 0.0001477 5.48707e-05
0.00024494 0.000151512 8.83864e-05
0.000249042 0.000154377 0.000126752
0.000252412 0.00015634 0.000169115
0.000255111 0.000157482 0.000214277
0.000257222 0.000157926 0.00026075
0.000258853 0.000157806 0.000306842
0.000260111 0.000157279 0.000350745
0.000261112 0.000156511 0.000390641
0.00026197 0.000155655 0.000424803
0.000262788 0.000154859 0.000451689
0.000263649 0.000154252 0.000470036
0.000264621 0.000153926 0.000478928
0.000265745 0.000153948 0.000479275
0.000267035 0.000154324 0.000477054
0.000268475 0.000155049 0.000472912
0.000269957 0.000156097 0.000467051
0.000271415 0.000157392 0.000459716
0.000272775 0.000158824 0.000451243
0.000273938 0.000160271 0.000442008
0.000274797 0.000161591 0.000432425
0.000275259 0.000162635 0.000422911
0.000275224 0.00016327 0.000413874
0.000274675 0.000163367 0.000405682
0.00027356 0.000162821 0.000398649
0.000271821 0.000161561 0.000393018
0.00026944 0.000159543 0.000388948
0.000266413 0.00015676 0.000386505
0.000262744 0.000153249 0.000385664
0.000258484 0.000149071 0.000386309
0.000253683 0.000144323 0.000388245
0.000248409 0.000139133 0.000391205
0.000242757 0.000133634 0.000394872
0.000236807 0.00012798 0.000398897
0.000230652 0.000122325 0.000402918
0.000224389 0.000116805 0.000406581
0.000218088 0.000111552 0.000409562
0.000211823 0.000106667 0.000411585
0.00020565 0.000102219 0.000412432
0.000199593 9.82518e-05 0.000411961
0.000193674 9.47656e-05 0.000410107
0.000187885 9.17222e-05 0.000406886
0.000182198 8.90599e-05 0.000402389
0.000176575 8.66767e-05 0.000396777
0.00017096 8.44482e-05 0.000390267
0.000165285 8.22415e-05 0.000383119
0.000159484 7.99042e-05 0.000375616
0.000153485 7.72889e-05 0.000368045
0.00014722 7.42628e-05 0.000360681
0.000140636 7.06994e-05 0.000353768
0.000133688 6.6504e-05 0.000347505
0.000126346 6.16144e-05 0.00034203
0.000118603 5.5992e-05 0.000337415
0.000110559 4.96268e-05 0.000333667
0.000101014 4.22337e-05 0.000331178
9.14957e-05 3.34179e-05 0.000329566
8.14176e-05 2.43944e-05 0.000327966
6.95662e-05 1.50668e-05 0.000326414
5.73736e-05 5.81181e-06 0.000324175
4.52416e-05 -3.30316e-06 0.000321121
3.3704e-05 -1.2085e-05 0.000316837
2.25583e-05 -2.02723e-05 0.000301256
1.21969e-05 -2.77152e-05 0.000263097
2.4669e-06 -3.43838e-05 0.000217074
-6.40214e-06 -4.02202e-05 0.000162556
-1.45904e-05 -4.52453e-05 0.000100238
-2.20118e-05 -4.95152e-05 3.11736e-05
-2.88381e-05 -5.31383e-05 -4.31133e-05
-3.51162e-05 -5.62373e-05 -0.000120827
-4.10102e-05 -5.89802e-05 -0.000199906
-4.66194e-05 -6.15348e-05 -0.000278163
-5.21207e-05 -6.40692e-05 -0.000353417
-5.76013e-05 -6.67516e-05 -0.000423591
-6.32028e-05 -6.97178e-05 -0.000486849
-6.89946e-05 -7.30734e-05 -0.000541689
-7.50342e-05 -7.68948e-05 -0.00058701
-8.13444e-05 -8.12032e-05 -0.000622176
-8.79098e-05 -8.59788e-05 -0.00064703
-9.46695e-05 -9.11634e-05 -0.000661893
-0.00010155 -9.66454e-05 -0.000667539
-0.000108428 -0.000102283 -0.000667028
-0.000115174 -0.000107899 -0.000665124
-0.000121637 -0.000113312 -0.000662226
-0.000127658 -0.00011834 -0.000658695
-0.000133083 -0.000122805 -0.000654941
-0.000137776 -0.00012654 -0.000651308
-0.000141616 -0.000129416 -0.000648127
-0.000144509 -0.000131331 -0.000645635
-0.000146403 -0.000132223 -0.000644009
-0.000147275 -0.000132081 -0.000643324
-0.000147159 -0.000130934 -0.00064357
-0.000146213 -0.000128838 -0.00064465
-0.0001445 -0.000125919 -0.000646379
-0.000142123 -0.000122318 -0.000648503
-0.000139205 -0.000118208 -0.000650723
-0.000135862 -0.000113783 -0.000652707
-0.000132228 -0.000109225 -0.000654126
-0.000128417 -0.000104719 -0.000654666
-0.000124483 -0.000100443 -0.000654051
-0.000120525 -9.65207e-05 -0.000652078
-0.000116601 -9.30502e-05 -0.000648617
-0.000112731 -9.00871e-05 -0.000643627
-0.000108936 -8.76321e-05 -0.000637159
-0.000105186 -8.5651e-05 -0.000629353
-0.000101427 -8.40681e-05 -0.000620431
-9.76044e-05 -8.27634e-05 -0.000610681
-9.3621e-05 -8.16016e-05 -0.000600442
-8.93837e-05 -8.04259e-05 -0.000590079
-8.48058e-05 -7.90671e-05 -0.000579963
-7.978e-05 -7.7372e-05 -0.000570447
-7.4234e-05 -7.51956e-05 -0.000561839
-6.8107e-05 -7.24145e-05 -0.000554389
-6.13469e-05 -6.89484e-05 -0.000548267
-5.39488e-05 -6.47455e-05 -0.000543555
-4.59233e-05 -5.97956e-05 -0.000540241
-3.73046e-05 -5.41389e-05 -0.000538219
-2.81687e-05 -4.78434e-05 -0.000537297
-1.86001e-05 -4.10158e-05 -0.000537205
-8.70498e-06 -3.37963e-05 -0.000537616
1.39146e-06 -2.63321e-05 -0.000538165
1.15669e-05 -1.87869e-05 -0.00053847
2.16976e-05 -1.13407e-05 -0.000538161
3.16599e-05 -4.11885e-06 -0.000536907
4.13548e-05 2.71512e-06 -0.000534407
5.17744e-05 8.98935e-06 -0.000530432
6.09349e-05 1.43561e-05 -0.000524613
6.84221e-05 1.87021e-05 -0.00051697
7.54015e-05 2.28841e-05 -0.000507915
8.20897e-05 2.66659e-05 -0.000455942
8.84119e-05 3.01882e-05 -0.00040239
9.46734e-05 3.35592e-05 -0.000347252
0.000100808 3.69757e-05 -0.000291023
0.000106931 4.05054e-05 -0.000235327
0.000113152 4.42704e-05 -0.000181321
0.000119509 4.83703e-05 -0.000130409
0.000126052 5.28589e-05 -8.36528e-05
0.000132836 5.77882e-05 -4.18533e-05
0.00013984 6.31709e-05 -5.59812e-06
0.000147079 6.89858e-05 2.48895e-05
0.000154511 7.51916e-05 4.97002e-05
0.000162082 8.17107e-05 6.91853e-05
0.000169733 8.84401e-05 8.39885e-05
0.000177368 9.52678e-05 9.49763e-05
0.0001849 0.000102058 0.000103152
0.000192239 0.00010867 0.000109611
0.000199272 0.000114974 0.000115459
0.000205923 0.000120837 0.000121744
0.000212108 0.000126146 0.000129389
0.000217751 0.000130813 0.000139133
0.000222819 0.000134768 0.000151488
0.000227274 0.000137972 0.000166707
0.000231108 0.000140423 0.000184766
0.000234344 0.000142139 0.000205364
0.000237008 0.000143173 0.000227941
0.000239153 0.000143605 0.000251715
0.00024085 0.000143527 0.000275726
0.000242167 0.000143056 0.000298896
0.000243189 0.000142313 0.000320096
0.000243999 0.000141415 0.000338214
0.000244671 0.000140485 0.000352221
0.000245275 0.000139627 0.000361241
0.000245868 0.000138924 0.000364602
0.000246487 0.000138444 0.000364017
0.000247157 0.00013821 0.000362169
0.00024788 0.000138239 0.000359107
0.000248592 0.000138531 0.000354919
0.000249242 0.000139048 0.000349768
0.000249787 0.000139725 0.000343867
0.000250156 0.000140484 0.000337471
0.000250285 0.000141222 0.000330857
0.00025013 0.000141836 0.000324317
0.000249638 0.000142224 0.000318136
0.000248762 0.00014228 0.000312578
0.000247447 0.00014192 0.000307871
