0.005 1.37848e-05
0.015 1.37823e-05
0.025 1.37765e-05
0.035 1.3777e-05
0.05 1.38134e-05
0.065 1.39332e-05
0.075 1.40811e-05
0.085 1.42954e-05
0.095 1.45805e-05
0.105 1.49321e-05
0.115 1.53351e-05
0.125 1.57639e-05
0.135 1.61799e-05
0.145 1.65316e-05
0.155 1.67586e-05
0.165 1.67927e-05
0.175 1.65537e-05
0.185 1.59504e-05
0.195 1.48906e-05
0.205 1.32847e-05
0.215 1.10583e-05
0.225 8.18832e-06
0.235 4.6856e-06
0.245 5.82414e-07
0.255 -4.04642e-06
0.265 -9.11371e-06
0.275 -1.45287e-05
0.285 -2.01933e-05
0.295 -2.60272e-05
0.305 -3.19905e-05
0.315 -3.81029e-05
0.325 -4.44441e-05
0.335 -5.11593e-05
0.345 -5.84905e-05
0.355 -6.67913e-05
0.365 -7.64599e-05
0.375 -8.79642e-05
0.385 -0.000101826
0.395 -0.0001186
0.405 -0.000138885
0.415 -0.000163305
0.425 -0.000192505
0.435 -0.000227135
0.445 -0.000267842
0.455 -0.000315245
0.465 -0.000369863
0.475 -0.000432104
0.485 -0.000502251
0.495 -0.000580419
0.505 -0.000666532
0.515 -0.000760304
0.525 -0.000861206
0.535 -0.000968451
0.545 -0.00108102
0.555 -0.00119769
0.565 -0.00131706
0.575 -0.00143753
0.585 -0.00155739
0.595 -0.00167478
0.605 -0.00178768
0.615 -0.00189402
0.625 -0.00199166
0.635 -0.00207846
0.645 -0.00215229
0.655 -0.00221108
0.665 -0.00225291
0.675 -0.00227606
0.685 -0.00227901
0.695 -0.00226057
0.705 -0.00221986
0.715 -0.00215627
0.725 -0.00206964
0.735 -0.00196011
0.745 -0.00182822
0.755 -0.00167484
0.765 -0.00150124
0.775 -0.00130898
0.785 -0.00109988
0.795 -0.000876029
0.805 -0.000639707
0.815 -0.000393313
0.825 -0.000139316
0.835 0.000119765
0.845 0.000381388
0.855 0.000642985
0.865 0.00090215
0.875 0.00115667
0.885 0.00140456
0.895 0.0016441
0.905 0.00187384
0.915 0.00209259
0.925 0.00229942
0.935 0.00249355
0.945 0.00267442
0.955 0.00284183
0.965 0.00299591
0.975 0.00313715
0.985 0.00326638
0.995 0.00338472
1.01 0.00354508
1.025 0.00368981
1.04 0.00382494
1.055 0.00395645
1.07 0.00408981
1.085 0.00422966
1.1 0.00437938
1.115 0.00454094
1.13 0.00471477
1.145 0.00489985
1.16 0.00509366
1.175 0.00529181
1.19 0.00548824
1.205 0.00567542
1.22 0.00584471
1.235 0.00598684
1.25 0.00609251
1.265 0.00615299
1.28 0.0061606
1.295 0.00610915
1.31 0.00599419
1.325 0.00581313
1.34 0.00556526
1.355 0.00525158
1.37 0.00487445
1.385 0.00443734
1.4 0.00394504
1.415 0.00340332
1.43 0.00281884
1.445 0.0021989
1.46 0.00155134
1.475 0.000884414
1.49 0.000206463
1.505 -0.000475292
1.52 -0.00115449
1.535 -0.00182651
1.55 -0.00248836
1.565 -0.00313918
1.58 -0.00378006
1.595 -0.00441349
1.61 -0.00504276
1.625 -0.0056709
1.64 -0.00629986
1.655 -0.00692977
1.67 -0.00755689
1.685 -0.00817601
1.7 -0.00877006
1.715 -0.00921967
1.73 -0.00967731
1.745 -0.00998679
1.76 -0.010211
1.775 -0.0103487
1.79 -0.0103994
1.805 -0.0103712
1.82 -0.0102574
1.835 -0.0100714
1.85 -0.00983016
1.865 -0.00953166
1.88 -0.0091852
1.895 -0.00880722
1.91 -0.00840382
1.925 -0.00798024
1.94 -0.0075446
1.955 -0.00710316
1.97 -0.00665924
1.985 -0.00621433
2 -0.00577025
2.01 -0.00547513
2.02 -0.0051802
2.03 -0.00488456
2.04 -0.00458758
2.05 -0.00428898
2.06 -0.00398845
2.07 -0.00368563
2.08 -0.00338026
2.09 -0.00307243
2.1 -0.00276224
2.11 -0.00245045
2.12 -0.00213762
2.13 -0.00182481
2.14 -0.00151274
2.15 -0.00120324
2.16 -0.000898498
2.17 -0.000600625
2.18 -0.00031188
2.19 -3.47548e-05
2.2 0.000227892
2.21 0.000472955
2.22 0.000697304
2.23 0.000897907
2.24 0.00107188
2.25 0.00121652
2.26 0.0013294
2.27 0.00140844
2.28 0.00145217
2.29 0.0014598
2.3 0.00143132
2.31 0.00136726
2.32 0.00126869
2.33 0.00113744
2.34 0.000975938
2.35 0.000787058
2.36 0.000574002
2.37 0.000340233
2.38 8.95573e-05
2.39 -0.000173776
2.4 -0.000444789
2.41 -0.000718288
2.42 -0.000990174
2.43 -0.00125534
2.44 -0.00150935
2.45 -0.00174769
2.46 -0.00196692
2.47 -0.0021643
2.48 -0.0023373
2.49 -0.00248407
2.5 -0.0026032
2.51 -0.00269396
2.52 -0.00275649
2.53 -0.00279158
2.54 -0.00280051
2.55 -0.00278482
2.56 -0.00274648
2.57 -0.00268786
2.58 -0.00261158
2.59 -0.00252031
2.6 -0.00241665
2.61 -0.00230306
2.62 -0.00218186
2.63 -0.00205524
2.64 -0.00192516
2.65 -0.00179329
2.66 -0.00166089
2.67 -0.00152914
2.68 -0.00139873
2.69 -0.00126963
2.7 -0.00114202
2.71 -0.0010154
2.72 -0.000888988
2.73 -0.000761596
2.74 -0.000631409
2.75 -0.000496524
2.76 -0.000354869
2.77 -0.000204343
2.78 -4.27746e-05
2.79 0.000132012
2.8 0.00032201
2.81 0.000528938
2.82 0.000754122
2.83 0.000998416
2.84 0.00126217
2.85 0.00154514
2.86 0.00184652
2.87 0.00216486
2.88 0.0024981
2.89 0.00284355
2.9 0.00319799
2.91 0.00355762
2.92 0.0039181
2.93 0.00427455
2.94 0.00462162
2.95 0.0049536
2.96 0.00526454
2.97 0.00554834
2.98 0.00579887
2.99 0.0060102
3 0.00617666
3.01 0.00629304
3.02 0.00635475
3.03 0.0063579
3.04 0.00629947
3.05 0.00617758
3.06 0.00599126
3.07 0.00574082
3.08 0.00542798
3.09 0.00505572
3.1 0.00462833
3.11 0.00415127
3.12 0.00363118
3.13 0.00307571
3.14 0.00249338
3.15 0.00189343
3.16 0.00128559
3.17 0.000679843
3.18 8.51028e-05
3.19 -0.00049014
3.2 -0.00103343
3.21 -0.00153948
3.22 -0.00200157
3.23 -0.0024122
3.24 -0.00276531
3.25 -0.00305525
3.26 -0.00327814
3.27 -0.00343146
3.28 -0.00351355
3.29 -0.00352363
3.3 -0.00346235
3.31 -0.00333156
3.32 -0.00313447
3.33 -0.00287571
3.34 -0.00256073
3.35 -0.00219571
3.36 -0.0017876
3.37 -0.00134409
3.38 -0.000873407
3.39 -0.000383015
3.4 0.000118106
3.41 0.000621057
3.42 0.00111927
3.43 0.00160508
3.44 0.00207114
3.45 0.00251081
3.46 0.00291835
3.47 0.0032891
3.48 0.00361919
3.49 0.00390538
3.5 0.00414517
3.51 0.00433704
3.52 0.00448041
3.53 0.00457559
3.54 0.00462359
3.55 0.00462609
3.56 0.0045853
3.57 0.00450398
3.58 0.00438562
3.59 0.00423405
3.6 0.00405324
3.61 0.00384717
3.62 0.00361979
3.63 0.00337487
3.64 0.00311599
3.65 0.00284641
3.66 0.00256894
3.67 0.00228597
3.68 0.0019995
3.69 0.00171105
3.7 0.00142164
3.71 0.00113183
3.72 0.000841918
3.73 0.000552455
3.74 0.000263251
3.75 -2.6534e-05
3.76 -0.000316998
3.77 -0.000609129
3.78 -0.000903658
3.79 -0.00120076
3.8 -0.00150203
3.81 -0.0018078
3.82 -0.00211806
3.83 -0.00243241
3.84 -0.00275002
3.85 -0.00306987
3.86 -0.00339047
3.87 -0.00370965
3.88 -0.00402469
3.89 -0.00433232
3.9 -0.00462904
3.91 -0.00491121
3.92 -0.00517489
3.93 -0.00541601
3.94 -0.00563047
3.95 -0.00581428
3.96 -0.00596368
3.97 -0.00607523
3.98 -0.00614586
3.99 -0.00617301
4 -0.00615474
4.01 -0.00609002
4.02 -0.00597843
4.03 -0.00582048
4.04 -0.0056178
4.05 -0.00537302
4.06 -0.00508976
4.07 -0.00477259
4.08 -0.00442686
4.09 -0.00405864
4.1 -0.0036746
4.11 -0.00328177
4.12 -0.00288749
4.13 -0.00249939
4.14 -0.00212371
4.15 -0.001769
4.16 -0.00144346
4.17 -0.00115217
4.18 -0.000901473
4.19 -0.000696913
4.2 -0.000543376
4.21 -0.000444562
4.22 -0.000402736
4.23 -0.000419238
4.24 -0.000494275
4.25 -0.000627293
4.26 -0.00081673
4.27 -0.00105971
4.28 -0.00135232
4.29 -0.00168993
4.3 -0.00206728
4.31 -0.00247886
4.32 -0.00291905
4.33 -0.00338043
4.34 -0.00385675
4.35 -0.00434185
4.36 -0.00482876
4.37 -0.00531078
4.38 -0.00578141
4.39 -0.00623472
4.4 -0.00666533
4.41 -0.00706826
4.42 -0.00743909
4.43 -0.00777405
4.44 -0.00807006
4.45 -0.00832471
4.46 -0.0085363
4.47 -0.00870365
4.48 -0.00882616
4.49 -0.00890387
4.5 -0.00893739
4.51 -0.00892797
4.52 -0.00887724
4.53 -0.00878709
4.54 -0.00865991
4.55 -0.00849844
4.56 -0.00830559
4.57 -0.00808446
4.58 -0.00783819
4.59 -0.00756984
4.6 -0.00728233
4.61 -0.0069784
4.62 -0.00666047
4.63 -0.0063307
4.64 -0.00599097
4.65 -0.00564285
4.66 -0.00528761
4.67 -0.00492617
4.68 -0.00455915
4.69 -0.00418684
4.7 -0.00380921
4.71 -0.00342612
4.72 -0.00303735
4.73 -0.00264258
4.74 -0.00224079
4.75 -0.00183026
4.76 -0.00140889
4.77 -0.000977465
4.78 -0.000533302
4.79 -7.58255e-05
4.8 0.000394049
4.81 0.000876073
4.82 0.00136963
4.83 0.00187326
4.84 0.00238451
4.85 0.00290051
4.86 0.00341816
4.87 0.00393385
4.88 0.00444363
4.89 0.00494331
4.9 0.00542852
4.91 0.00589482
4.92 0.00633779
4.93 0.00675315
4.94 0.00713681
4.95 0.00748826
4.96 0.00780472
4.97 0.0080766
4.98 0.00830643
4.99 0.00849339
5 0.00863456
5.01 0.0087295
5.02 0.00877673
5.03 0.00877626
5.04 0.00873017
5.05 0.00863967
5.06 0.0085065
5.07 0.00833313
5.08 0.00812298
5.09 0.00788084
5.1 0.00761082
5.11 0.00731768
5.12 0.00700636
5.13 0.00668183
5.14 0.00634932
5.15 0.00601389
5.16 0.00568043
5.17 0.00535348
5.18 0.0050372
5.19 0.0047354
5.2 0.00445139
5.21 0.00418788
5.22 0.00394686
5.23 0.00373005
5.24 0.00353872
5.25 0.00337315
5.26 0.00323328
5.27 0.0031186
5.28 0.00302815
5.29 0.00296053
5.3 0.00291395
5.31 0.0028863
5.32 0.00287519
5.33 0.00287809
5.34 0.00289233
5.35 0.00291523
5.36 0.00294402
5.37 0.00297599
5.38 0.00300847
5.39 0.00303895
5.4 0.00306507
5.41 0.0030847
5.42 0.00309603
5.43 0.00309758
5.44 0.00308824
5.45 0.00306731
5.46 0.00303452
5.47 0.00299007
5.48 0.0029346
5.49 0.00286915
5.5 0.00279512
5.51 0.00271415
5.52 0.00262805
5.53 0.00253873
5.54 0.00244807
5.55 0.00235794
5.56 0.00227009
5.57 0.00218605
5.58 0.00210707
5.59 0.00203405
5.6 0.00196749
5.61 0.00190746
5.62 0.00185363
5.63 0.00180523
5.64 0.00176106
5.65 0.00171965
5.66 0.00167921
5.67 0.0016378
5.68 0.00159382
5.69 0.00154613
5.7 0.00149216
5.71 0.00143015
5.72 0.00135899
5.73 0.00127685
5.74 0.00118238
5.75 0.00107463
5.76 0.000952997
5.77 0.000817006
5.78 0.000666511
5.79 0.000501852
5.8 0.000323749
5.81 0.000133115
5.82 -6.89617e-05
5.83 -0.000281165
5.84 -0.00050189
5.85 -0.000729234
5.86 -0.000961155
5.87 -0.00119551
5.88 -0.00143001
5.89 -0.0016622
5.9 -0.00188954
5.91 -0.00210941
5.92 -0.00231917
5.93 -0.00251638
5.94 -0.00269885
5.95 -0.00286462
5.96 -0.00301203
5.97 -0.00313973
5.98 -0.00324678
5.99 -0.00333265
6 -0.00339724
6.01 -0.00344091
6.02 -0.00346456
6.03 -0.00346951
6.04 -0.00345716
6.05 -0.00342932
6.06 -0.00338806
6.07 -0.00333549
6.08 -0.00327395
6.09 -0.00320593
6.1 -0.00313394
6.11 -0.00306062
6.12 -0.00298864
6.13 -0.0029206
6.14 -0.00285896
6.15 -0.00280598
6.16 -0.00276368
6.17 -0.00273377
6.18 -0.00271759
6.19 -0.00271607
6.2 -0.00272962
6.21 -0.00275816
6.22 -0.00280119
6.23 -0.00285791
6.24 -0.00292709
6.25 -0.00300728
6.26 -0.00309685
6.27 -0.00319403
6.28 -0.003297
6.29 -0.00340402
6.3 -0.0035134
6.31 -0.00362353
6.32 -0.00373293
6.33 -0.00384036
6.34 -0.00394492
6.35 -0.00404553
6.36 -0.00414189
6.37 -0.00423443
6.38 -0.0043227
6.39 -0.00440652
6.4 -0.004486
6.41 -0.00456102
6.42 -0.00463171
6.43 -0.00469801
6.44 -0.00475977
6.45 -0.00481674
6.46 -0.00486857
6.47 -0.00491487
6.48 -0.00495513
6.49 -0.00498871
6.5 -0.00501491
6.51 -0.00503288
6.52 -0.0050418
6.53 -0.00504088
6.54 -0.0050294
6.55 -0.00500669
6.56 -0.00497223
6.57 -0.00492561
6.58 -0.00486662
6.59 -0.00479526
6.6 -0.00471159
6.61 -0.00461583
6.62 -0.00450824
6.63 -0.00438914
6.64 -0.00425895
6.65 -0.00411813
6.66 -0.00396719
6.67 -0.00380665
6.68 -0.00363717
6.69 -0.00345951
6.7 -0.00327454
6.71 -0.00308329
6.72 -0.00288695
6.73 -0.00268687
6.74 -0.00248458
6.75 -0.00228179
6.76 -0.00208038
6.77 -0.00188225
6.78 -0.00168931
6.79 -0.00150346
6.8 -0.00132647
6.81 -0.00115989
6.82 -0.00100494
6.83 -0.000862635
6.84 -0.00073385
6.85 -0.000619037
6.86 -0.000518255
6.87 -0.000431746
6.88 -0.000359451
6.89 -0.000301035
6.9 -0.000255985
6.91 -0.000223781
6.92 -0.000203935
6.93 -0.000195941
6.94 -0.000199193
6.95 -0.000212854
6.96 -0.000235951
6.97 -0.000267381
6.98 -0.000305892
6.99 -0.000350123
7 -0.000398566
7.01 -0.00044977
7.02 -0.000502114
7.03 -0.000553551
7.04 -0.000601918
7.05 -0.000646241
7.06 -0.000685082
7.07 -0.000716567
7.08 -0.000740138
7.09 -0.000755014
7.1 -0.00076038
7.11 -0.000755576
7.12 -0.000740231
7.13 -0.000714207
7.14 -0.000677443
7.15 -0.000629992
7.16 -0.000572146
7.17 -0.000504322
7.18 -0.000426946
7.19 -0.000340683
7.2 -0.00024608
7.21 -0.000143582
7.22 -3.35696e-05
7.23 8.30229e-05
7.24 0.000205509
7.25 0.000333428
7.26 0.000466242
7.27 0.000603547
7.28 0.000744912
7.29 0.000889928
7.3 0.00103823
7.31 0.00118948
7.32 0.00134335
7.33 0.00149951
7.34 0.00165759
7.35 0.00181723
7.36 0.001978
7.37 0.00213945
7.38 0.00230106
7.39 0.00246218
7.4 0.00262204
7.41 0.00277974
7.42 0.00293429
7.43 0.00308455
7.44 0.00322925
7.45 0.00336704
7.46 0.00349644
7.47 0.00361593
7.48 0.00372394
7.49 0.00381889
7.5 0.00389922
7.51 0.00396346
7.52 0.00401025
7.53 0.00403838
7.54 0.00404684
7.55 0.00403487
7.56 0.00400199
7.57 0.00394791
7.58 0.00387266
7.59 0.0037767
7.6 0.00366081
7.61 0.00352611
7.62 0.00337417
7.63 0.00320688
7.64 0.00302643
7.65 0.00283529
7.66 0.00263614
7.67 0.00243184
7.68 0.00222529
7.69 0.00201949
7.7 0.00181737
7.71 0.00162185
7.72 0.00143573
7.73 0.00126165
7.74 0.00110198
7.75 0.000958373
7.76 0.000832578
7.77 0.000726338
7.78 0.000640182
7.79 0.000574513
7.8 0.000528903
7.81 0.000502745
7.82 0.000495049
7.83 0.000504467
7.84 0.000529308
7.85 0.000567423
7.86 0.000616541
7.87 0.000674224
7.88 0.000738309
7.89 0.000806192
7.9 0.000875288
7.91 0.000943131
7.92 0.00100723
7.93 0.00106535
7.94 0.00111543
7.95 0.00115555
7.96 0.00118399
7.97 0.00119925
7.98 0.00120022
7.99 0.00118614
8 0.00115719
8.01 0.00111418
8.02 0.00105667
8.03 0.000985618
8.04 0.000902506
8.05 0.000808287
8.06 0.000704029
8.07 0.000590856
8.08 0.00047008
8.09 0.000342925
8.1 0.000209837
8.11 7.20933e-05
8.12 -6.90064e-05
8.13 -0.000213493
8.14 -0.000360919
8.15 -0.000510943
8.16 -0.000663223
8.17 -0.000817532
8.18 -0.000973949
8.19 -0.00113263
8.2 -0.00129372
8.21 -0.00145728
8.22 -0.00162336
8.23 -0.00179202
8.24 -0.00196325
8.25 -0.00213691
8.26 -0.00231264
8.27 -0.00248978
8.28 -0.00266741
8.29 -0.00284436
8.3 -0.00301916
8.31 -0.00319005
8.32 -0.00335498
8.33 -0.0035117
8.34 -0.00365775
8.35 -0.0037906
8.36 -0.00390763
8.37 -0.00400623
8.38 -0.00408384
8.39 -0.00413798
8.4 -0.00416634
8.41 -0.00416626
8.42 -0.00413495
8.43 -0.00407141
8.44 -0.00397392
8.45 -0.00384073
8.46 -0.00367159
8.47 -0.00346663
8.48 -0.00322643
8.49 -0.00295218
8.5 -0.0026458
8.51 -0.00230975
8.52 -0.00194703
8.53 -0.00156111
8.54 -0.00115604
8.55 -0.000736171
8.56 -0.000304835
8.57 0.000132509
8.58 0.000570299
8.59 0.00100525
8.6 0.00143252
8.61 0.00184732
8.62 0.00224544
8.63 0.00262322
8.64 0.00297782
8.65 0.00330678
8.66 0.00360795
8.67 0.00387977
8.68 0.00412143
8.69 0.00433288
8.7 0.00451474
8.71 0.00466809
8.72 0.00479448
8.73 0.00489588
8.74 0.00497472
8.75 0.00503376
8.76 0.00507602
8.77 0.00510446
8.78 0.00512205
8.79 0.00513172
8.8 0.00513624
8.81 0.00513811
8.82 0.00513942
8.83 0.00514178
8.84 0.00514628
8.85 0.0051535
8.86 0.00516344
8.87 0.00517553
8.88 0.0051886
8.89 0.00520095
8.9 0.00521041
8.91 0.00521445
8.92 0.0052103
8.93 0.00519514
8.94 0.00516573
8.95 0.0051191
8.96 0.00505253
8.97 0.00496345
8.98 0.00484965
8.99 0.00470945
9 0.00454184
9.01 0.00434648
9.02 0.00412371
9.03 0.00387453
9.04 0.00360068
9.05 0.00330461
9.06 0.00298948
9.07 0.00265911
9.08 0.00231787
9.09 0.00197061
9.1 0.00162261
9.11 0.0012794
9.12 0.000946142
9.13 0.000626877
9.14 0.000329271
9.15 5.72879e-05
9.16 -0.000185985
9.17 -0.000396732
9.18 -0.000571887
9.19 -0.000708629
9.2 -0.000805302
9.21 -0.000861375
9.22 -0.000877054
9.23 -0.000853408
9.24 -0.000791894
9.25 -0.000694912
9.26 -0.000565998
9.27 -0.000409494
9.28 -0.00023033
9.29 -3.38261e-05
9.3 0.00017455
9.31 0.000389355
9.32 0.000603854
9.33 0.000812023
9.34 0.0010086
9.35 0.00118781
9.36 0.00134549
9.37 0.00147881
9.38 0.00158393
9.39 0.00165826
9.4 0.0017012
9.41 0.00171162
9.42 0.0016891
9.43 0.00163394
9.44 0.00154716
9.45 0.0014304
9.46 0.00128567
9.47 0.00111551
9.48 0.000922987
9.49 0.00071146
9.5 0.000484524
9.51 0.000245976
9.52 -5.29665e-07
9.53 -0.000252563
9.54 -0.000504693
9.55 -0.000754812
9.56 -0.00100095
9.57 -0.00124059
9.58 -0.00147188
9.59 -0.00169317
9.6 -0.00190367
9.61 -0.0021032
9.62 -0.00229182
9.63 -0.00246984
9.64 -0.0026378
9.65 -0.0027966
9.66 -0.00294749
9.67 -0.00309202
9.68 -0.00323184
9.69 -0.00336865
9.7 -0.0035042
9.71 -0.0036402
9.72 -0.00377831
9.73 -0.00392
9.74 -0.00406649
9.75 -0.00421866
9.76 -0.00437713
9.77 -0.00454225
9.78 -0.00471403
9.79 -0.00489208
9.8 -0.00507551
9.81 -0.00526307
9.82 -0.00545314
9.83 -0.00564368
9.84 -0.00583234
9.85 -0.00601656
9.86 -0.00619356
9.87 -0.00636048
9.88 -0.00651446
9.89 -0.00665272
9.9 -0.0067726
9.91 -0.00687155
9.92 -0.00694641
9.93 -0.0069959
9.94 -0.00702062
9.95 -0.00701841
9.96 -0.00698964
9.97 -0.00693424
9.98 -0.0068524
9.99 -0.00674544
10 -0.00661483
10.01 -0.0064626
10.02 -0.00629115
10.03 -0.00610321
10.04 -0.00590196
10.05 -0.00569082
10.06 -0.00547349
10.07 -0.0052538
10.08 -0.00503562
10.09 -0.00482278
10.1 -0.00461913
10.11 -0.00442847
10.12 -0.00425436
10.13 -0.00409986
10.14 -0.00396796
10.15 -0.00386111
10.16 -0.00378134
10.17 -0.00373024
10.18 -0.00370883
10.19 -0.0037176
10.2 -0.00375646
10.21 -0.00382478
10.22 -0.00392141
10.23 -0.00404469
10.24 -0.00419247
10.25 -0.00436219
10.26 -0.00455081
10.27 -0.004755
10.28 -0.00497108
10.29 -0.00519517
10.3 -0.00542319
10.31 -0.00565093
10.32 -0.00587414
10.33 -0.00608858
10.34 -0.00629004
10.35 -0.0064744
10.36 -0.00663778
10.37 -0.00677662
10.38 -0.00688782
10.39 -0.00696915
10.4 -0.00701733
10.41 -0.00703094
10.42 -0.00700927
10.43 -0.00695176
10.44 -0.00685838
10.45 -0.0067294
10.46 -0.006566
10.47 -0.0063699
10.48 -0.00614321
10.49 -0.00588834
10.5 -0.00560802
10.51 -0.00530535
10.52 -0.00498371
10.53 -0.00464671
10.54 -0.004298
10.55 -0.00394119
10.56 -0.00357989
10.57 -0.00321765
10.58 -0.00285787
10.59 -0.00250371
10.6 -0.0021579
10.61 -0.00182204
10.62 -0.00149802
10.63 -0.00118816
10.64 -0.000892156
10.65 -0.000610431
10.66 -0.000343529
10.67 -9.12644e-05
10.68 0.000146848
10.69 0.000371895
10.7 0.000584952
10.71 0.00078703
10.72 0.000980341
10.73 0.00116663
10.74 0.00134618
10.75 0.00152179
10.76 0.00169477
10.77 0.00186562
10.78 0.00203488
10.79 0.00220277
10.8 0.00236909
10.81 0.00253304
10.82 0.00269348
10.83 0.00284895
10.84 0.00299756
10.85 0.00313706
10.86 0.00326507
10.87 0.0033791
10.88 0.00347651
10.89 0.00355463
10.9 0.00361085
10.91 0.00364273
10.92 0.00364807
10.93 0.00362493
10.94 0.00357187
10.95 0.00348784
10.96 0.00337213
10.97 0.00322478
10.98 0.0030465
10.99 0.00283858
11 0.00260295
11.01 0.00234218
11.02 0.00205943
11.03 0.00175846
11.04 0.00144349
11.05 0.00111917
11.06 0.000790456
11.07 0.000462564
11.08 0.000139926
11.09 -0.000172461
11.1 -0.000467735
11.11 -0.000742304
11.12 -0.000992234
11.13 -0.00121354
11.14 -0.0014026
11.15 -0.0015561
11.16 -0.00167179
11.17 -0.00174804
11.18 -0.00178386
11.19 -0.00177886
11.2 -0.0017333
11.21 -0.00164802
11.22 -0.00152467
11.23 -0.00136569
11.24 -0.00117401
11.25 -0.000952863
11.26 -0.0007058
11.27 -0.00043671
11.28 -0.000149446
11.29 0.000152341
11.3 0.000464377
11.31 0.00078257
11.32 0.00110411
11.33 0.00142529
11.34 0.00174278
11.35 0.00205376
11.36 0.00235595
11.37 0.00264756
11.38 0.0029271
11.39 0.00319338
11.4 0.00344567
11.41 0.00368377
11.42 0.00390799
11.43 0.00411895
11.44 0.00431755
11.45 0.00450492
11.46 0.00468234
11.47 0.0048513
11.48 0.00501334
11.49 0.00516996
11.5 0.00532252
11.51 0.00547218
11.52 0.00561988
11.53 0.00576625
11.54 0.00591155
11.55 0.00605561
11.56 0.00619781
11.57 0.00633703
11.58 0.00647175
11.59 0.0066
11.6 0.00671945
11.61 0.00682742
11.62 0.00692096
11.63 0.00699694
11.64 0.00705211
11.65 0.00708321
11.66 0.00708705
11.67 0.00706058
11.68 0.00700106
11.69 0.00690619
11.7 0.00677401
11.71 0.00660309
11.72 0.00639275
11.73 0.006143
11.74 0.00585453
11.75 0.00552873
11.76 0.00516772
11.77 0.00477434
11.78 0.0043521
11.79 0.00390508
11.8 0.0034379
11.81 0.0029556
11.82 0.00246355
11.83 0.00196739
11.84 0.00147276
11.85 0.000982808
11.86 0.000504736
11.87 4.5021e-05
11.88 -0.000394776
11.89 -0.000810123
11.9 -0.00119725
11.91 -0.00155245
11.92 -0.00187253
11.93 -0.00215563
11.94 -0.00240041
11.95 -0.00260585
11.96 -0.00277115
11.97 -0.00289602
11.98 -0.00298103
11.99 -0.00302753
12 -0.00303744
12.01 -0.00301289
12.02 -0.00295621
12.03 -0.00287038
12.04 -0.00275876
12.05 -0.00262496
12.06 -0.00247268
12.07 -0.00230558
12.08 -0.0021273
12.09 -0.00194136
12.1 -0.00175062
12.11 -0.00155769
12.12 -0.00136593
12.13 -0.00117733
12.14 -0.000993648
12.15 -0.000816822
12.16 -0.000648305
12.17 -0.000489348
12.18 -0.000340254
12.19 -0.000201655
12.2 -7.35007e-05
12.21 4.45156e-05
12.22 0.000152909
12.23 0.000252297
12.24 0.000343509
12.25 0.000427776
12.26 0.000506254
12.27 0.000580066
12.28 0.000650178
12.29 0.000717526
12.3 0.00078293
12.31 0.000846962
12.32 0.000909947
12.33 0.000971956
12.34 0.0010328
12.35 0.00109209
12.36 0.00114919
12.37 0.00120327
12.38 0.00125325
12.39 0.00129782
12.4 0.00133551
12.41 0.00136472
12.42 0.00138381
12.43 0.00139138
12.44 0.00138582
12.45 0.00136533
12.46 0.00132884
12.47 0.00127524
12.48 0.00120355
12.49 0.00111317
12.5 0.00100387
12.51 0.000875785
12.52 0.000729339
12.53 0.000565275
12.54 0.000384742
12.55 0.000189201
12.56 -1.96085e-05
12.57 -0.000239706
12.58 -0.000469888
12.59 -0.000706844
12.6 -0.000947876
12.61 -0.0011913
12.62 -0.00143448
12.63 -0.00167476
12.64 -0.00190924
12.65 -0.00213508
12.66 -0.00234982
12.67 -0.00255131
12.68 -0.00273719
12.69 -0.00290537
12.7 -0.00305395
12.71 -0.00318132
12.72 -0.00328633
12.73 -0.00336807
12.74 -0.00342594
12.75 -0.00345968
12.76 -0.00346943
12.77 -0.0034558
12.78 -0.00341971
12.79 -0.00336239
12.8 -0.00328544
12.81 -0.00319072
12.82 -0.00308031
12.83 -0.0029565
12.84 -0.00282172
12.85 -0.00267856
12.86 -0.00252962
12.87 -0.00237757
12.88 -0.00222502
12.89 -0.00207451
12.9 -0.00192848
12.91 -0.00178919
12.92 -0.00165869
12.93 -0.00153875
12.94 -0.00143079
12.95 -0.0013359
12.96 -0.00125479
12.97 -0.00118798
12.98 -0.00113558
12.99 -0.00109722
13 -0.00107259
13.01 -0.00106094
13.02 -0.00106121
13.03 -0.00107209
13.04 -0.00109205
13.05 -0.00111956
13.06 -0.00115306
13.07 -0.00119074
13.08 -0.00123098
13.09 -0.00127207
13.1 -0.00131257
13.11 -0.00135116
13.12 -0.0013866
13.13 -0.00141786
13.14 -0.00144407
13.15 -0.00146471
13.16 -0.00147951
13.17 -0.00148851
13.18 -0.00149204
13.19 -0.0014907
13.2 -0.00148536
13.21 -0.0014772
13.22 -0.00146762
13.23 -0.00145823
13.24 -0.00145074
13.25 -0.00144696
13.26 -0.00144877
13.27 -0.00145801
13.28 -0.00147649
13.29 -0.00150589
13.3 -0.00154767
13.31 -0.00160309
13.32 -0.00167312
13.33 -0.00175836
13.34 -0.00185906
13.35 -0.00197514
13.36 -0.00210607
13.37 -0.00225109
13.38 -0.00240881
13.39 -0.00257783
13.4 -0.00275627
13.41 -0.0029419
13.42 -0.00313228
13.43 -0.00332475
13.44 -0.00351688
13.45 -0.00370582
13.46 -0.00388875
13.47 -0.00406287
13.48 -0.00422546
13.49 -0.0043741
13.5 -0.00450659
13.51 -0.00462103
13.52 -0.00471588
13.53 -0.00478993
13.54 -0.00484241
13.55 -0.00487297
13.56 -0.00488165
13.57 -0.00486897
13.58 -0.00483573
13.59 -0.00478319
13.6 -0.00471301
13.61 -0.0046272
13.62 -0.00452805
13.63 -0.00441805
13.64 -0.00429987
13.65 -0.00417628
13.66 -0.00405011
13.67 -0.00392408
13.68 -0.00380078
13.69 -0.00368254
13.7 -0.00357141
13.71 -0.00346908
13.72 -0.00337687
13.73 -0.00329566
13.74 -0.0032259
13.75 -0.00316757
13.76 -0.00312025
13.77 -0.00308307
13.78 -0.00305481
13.79 -0.00303389
13.8 -0.00301841
13.81 -0.00300624
13.82 -0.00299505
13.83 -0.00298242
13.84 -0.00296586
13.85 -0.00294292
13.86 -0.00291126
13.87 -0.00286868
13.88 -0.00281325
13.89 -0.00274331
13.9 -0.00265754
13.91 -0.00255502
13.92 -0.00243528
13.93 -0.0022983
13.94 -0.00214456
13.95 -0.00197502
13.96 -0.00179113
13.97 -0.00159467
13.98 -0.00138779
13.99 -0.00117294
14 -0.000952177
14.01 -0.000729131
14.02 -0.000506375
14.03 -0.00028709
14.04 -7.41795e-05
14.05 0.000129079
14.06 0.000320558
14.07 0.000498231
14.08 0.000659584
14.09 0.00080274
14.1 0.000926147
14.11 0.00102881
14.12 0.00111011
14.13 0.00116981
14.14 0.00120825
14.15 0.00122622
14.16 0.00122503
14.17 0.0012063
14.18 0.0011722
14.19 0.00112526
14.2 0.00106826
14.21 0.00100425
14.22 0.000936432
14.23 0.000868097
14.24 0.000802551
14.25 0.000743019
14.26 0.000692547
14.27 0.000653929
14.28 0.000629643
14.29 0.000621802
14.3 0.000632098
14.31 0.00066175
14.32 0.000711471
14.33 0.000781466
14.34 0.000871434
14.35 0.000980581
14.36 0.00110764
14.37 0.0012509
14.38 0.00140827
14.39 0.00157733
14.4 0.00175541
14.41 0.00193997
14.42 0.00212871
14.43 0.00231778
14.44 0.00250488
14.45 0.00268792
14.46 0.00286416
14.47 0.00303132
14.48 0.00318734
14.49 0.00333069
14.5 0.00346023
14.51 0.00357507
14.52 0.00367455
14.53 0.00375841
14.54 0.00382679
14.55 0.00388025
14.56 0.00391971
14.57 0.00394627
14.58 0.00396135
14.59 0.00396642
14.6 0.00396319
14.61 0.0039535
14.62 0.00393917
14.63 0.00392196
14.64 0.00390347
14.65 0.00388517
14.66 0.00386833
14.67 0.00385394
14.68 0.00384269
14.69 0.00383493
14.7 0.00383062
14.71 0.00382942
14.72 0.00383063
14.73 0.00383324
14.74 0.00383593
14.75 0.00383713
14.76 0.00383505
14.77 0.00382776
14.78 0.00381326
14.79 0.0037895
14.8 0.00375447
14.81 0.00370628
14.82 0.00364319
14.83 0.00356372
14.84 0.00346665
14.85 0.0033511
14.86 0.00321657
14.87 0.00306294
14.88 0.00289051
14.89 0.00270001
14.9 0.00249257
14.91 0.00226972
14.92 0.00203337
14.93 0.00178574
14.94 0.00152935
14.95 0.00126694
14.96 0.0010014
14.97 0.000735726
14.98 0.000472949
14.99 0.000215765
15 -3.37778e-05
15.01 -0.000272005
15.02 -0.000496763
15.03 -0.000706718
15.04 -0.000900467
15.05 -0.00107682
15.06 -0.00123465
15.07 -0.00137341
15.08 -0.00149294
15.09 -0.00159402
15.1 -0.00167756
15.11 -0.00174421
15.12 -0.0017945
15.13 -0.00182877
15.14 -0.00184943
15.15 -0.0018576
15.16 -0.0018544
15.17 -0.00184164
15.18 -0.00182125
15.19 -0.00179523
15.2 -0.00176547
15.21 -0.00173391
15.22 -0.00170245
15.23 -0.00167282
15.24 -0.00164658
15.25 -0.00162519
15.26 -0.00160994
15.27 -0.00160186
15.28 -0.00160165
15.29 -0.00160978
15.3 -0.00162653
15.31 -0.00165191
15.32 -0.00168567
15.33 -0.00172734
15.34 -0.0017762
15.35 -0.00183141
15.36 -0.00189199
15.37 -0.00195681
15.38 -0.0020247
15.39 -0.00209443
15.4 -0.00216482
15.41 -0.00223477
15.42 -0.00230301
15.43 -0.00236877
15.44 -0.00243136
15.45 -0.00249025
15.46 -0.00254486
15.47 -0.00259471
15.48 -0.00263985
15.49 -0.00268041
15.5 -0.0027167
15.51 -0.00274921
15.52 -0.0027785
15.53 -0.00280534
15.54 -0.00283063
15.55 -0.00285538
15.56 -0.00288059
15.57 -0.0029073
15.58 -0.00293656
15.59 -0.00296936
15.6 -0.00300665
15.61 -0.0030493
15.62 -0.00309797
15.63 -0.00315317
15.64 -0.00321525
15.65 -0.00328433
15.66 -0.00336037
15.67 -0.00344305
15.68 -0.00353186
15.69 -0.00362605
15.7 -0.00372468
15.71 -0.00382661
15.72 -0.00393052
15.73 -0.00403498
15.74 -0.00413838
15.75 -0.00423905
15.76 -0.00433536
15.77 -0.00442558
15.78 -0.00450804
15.79 -0.00458113
15.8 -0.00464331
15.81 -0.0046932
15.82 -0.00472956
15.83 -0.00475135
15.84 -0.00475774
15.85 -0.00474813
15.86 -0.00472227
15.87 -0.00468008
15.88 -0.00462176
15.89 -0.00454783
15.9 -0.00445908
15.91 -0.00435652
15.92 -0.00424137
15.93 -0.00411505
15.94 -0.00397916
15.95 -0.00383542
15.96 -0.00368564
15.97 -0.00353168
15.98 -0.00337537
15.99 -0.00321856
16 -0.00306297
16.015 -0.00283547
16.03 -0.00261931
16.045 -0.00241847
16.06 -0.00223583
16.075 -0.00207313
16.09 -0.00193091
16.105 -0.00180857
16.12 -0.00170447
16.135 -0.00161613
16.15 -0.00154041
16.165 -0.00147371
16.18 -0.00141233
16.195 -0.00135254
16.21 -0.00129098
16.225 -0.00122487
16.24 -0.00115208
16.255 -0.00107123
16.27 -0.000981822
16.285 -0.00088379
16.3 -0.000776079
16.315 -0.00066059
16.33 -0.000537069
16.345 -0.000406982
16.36 -0.000272188
16.375 -0.000134852
16.39 2.51508e-06
16.405 0.00013773
16.42 0.000268752
16.435 0.000393816
16.45 0.00051188
16.465 0.000622508
16.48 0.000725931
16.495 0.000823098
16.51 0.000915622
16.525 0.0010057
16.54 0.00109591
16.555 0.0011891
16.57 0.00128818
16.585 0.00139594
16.6 0.00151477
16.615 0.00164656
16.63 0.00179249
16.645 0.00195293
16.66 0.00212734
16.675 0.00231427
16.69 0.00251135
16.705 0.00271539
16.72 0.00292249
16.735 0.00312822
16.75 0.00332779
16.765 0.00351631
16.78 0.00368897
16.795 0.00384128
16.81 0.00396928
16.825 0.00406971
16.84 0.00414014
16.855 0.00417904
16.87 0.00418591
16.885 0.00416136
16.9 0.00410682
16.915 0.00402472
16.93 0.00391822
16.945 0.00379096
16.96 0.00364692
16.975 0.00349019
16.99 0.0033247
17.005 0.00315405
17.02 0.00298132
17.035 0.00280897
17.05 0.00263873
17.065 0.00247161
17.08 0.00230787
17.095 0.00214717
17.11 0.00198862
17.125 0.00183099
17.14 0.00167281
17.155 0.00151263
17.17 0.00134915
17.185 0.00118139
17.2 0.00100883
17.215 0.000831501
17.23 0.000650023
17.245 0.000465633
17.26 0.000279783
17.275 9.45153e-05
17.29 -8.76086e-05
17.305 -0.000264159
17.32 -0.00043345
17.335 -0.000593037
17.35 -0.000740313
17.365 -0.000872947
17.38 -0.000988801
17.395 -0.00108623
17.41 -0.00116366
17.425 -0.00122138
17.44 -0.00126038
17.455 -0.00128245
17.47 -0.00129038
17.485 -0.00128761
17.5 -0.00127833
17.515 -0.00126707
17.53 -0.00125837
17.545 -0.00125682
17.56 -0.00126662
17.575 -0.00129133
17.59 -0.00133378
17.605 -0.00139586
17.62 -0.00147843
17.635 -0.00158127
17.65 -0.00170325
17.665 -0.00184197
17.68 -0.00199548
17.695 -0.00215983
17.71 -0.00233112
17.725 -0.00250504
17.74 -0.00267751
17.755 -0.00284436
17.77 -0.00300164
17.785 -0.00314604
17.8 -0.0032749
17.815 -0.00338622
17.83 -0.0034788
17.845 -0.00355231
17.86 -0.00360724
17.875 -0.00364469
17.89 -0.00366647
17.905 -0.0036749
17.92 -0.00367256
17.935 -0.00366219
17.95 -0.00364649
17.965 -0.00362791
17.98 -0.00360849
17.995 -0.00358973
18.01 -0.00357249
18.025 -0.00355695
18.04 -0.00354257
18.055 -0.00352819
18.07 -0.0035121
18.085 -0.00349214
18.1 -0.0034659
18.115 -0.00343087
18.13 -0.00338467
18.145 -0.00332518
18.16 -0.00325074
18.175 -0.00316031
18.19 -0.00305353
18.205 -0.00293083
18.22 -0.00279344
18.235 -0.00264335
18.25 -0.00248325
18.265 -0.0023164
18.28 -0.00214648
18.295 -0.00197739
18.31 -0.00181311
18.325 -0.0016574
18.34 -0.00151369
18.355 -0.00138484
18.37 -0.00127302
18.385 -0.00117957
18.4 -0.00110491
18.415 -0.00104862
18.43 -0.00100919
18.445 -0.000984352
18.46 -0.000971326
18.475 -0.000966719
18.49 -0.000966632
18.505 -0.000967099
18.52 -0.000964132
18.535 -0.000952497
18.55 -0.000927806
18.565 -0.000885631
18.58 -0.000822238
18.595 -0.000735678
18.61 -0.000624818
18.625 -0.000490385
18.64 -0.0003337
18.655 -0.000156638
18.67 3.6471e-05
18.685 0.000241664
18.7 0.000454429
18.715 0.000670089
18.73 0.000883982
18.745 0.0010919
18.76 0.0012903
18.775 0.00147634
18.79 0.00164809
18.805 0.00180462
18.82 0.00194601
18.835 0.00207318
18.85 0.00218786
18.865 0.00229238
18.88 0.00238948
18.895 0.00248203
18.91 0.00257281
18.925 0.00266428
18.94 0.00275837
18.955 0.00285627
18.97 0.00295834
18.985 0.00306402
19 0.00317183
19.015 0.00327941
19.03 0.00338367
19.045 0.00348089
19.06 0.00356698
19.075 0.00363767
19.09 0.00368881
19.105 0.00371661
19.12 0.00371785
19.135 0.0036902
19.15 0.00363236
19.165 0.00354414
19.18 0.00342667
19.195 0.00328228
19.21 0.00311435
19.225 0.00292725
19.24 0.00272606
19.255 0.00251632
19.27 0.00230372
19.285 0.0020938
19.3 0.00189169
19.315 0.00170185
19.33 0.00152779
19.345 0.00137199
19.36 0.00123576
19.375 0.0011192
19.39 0.0010213
19.405 0.000940004
19.42 0.000872381
19.435 0.000814869
19.45 0.000763501
19.465 0.000714183
19.48 0.000662951
19.495 0.000606219
19.51 0.00054101
19.525 0.000465095
19.54 0.000377056
19.555 0.000276472
19.57 0.000163364
19.585 3.99006e-05
19.6 -9.01075e-05
19.615 -0.000224599
19.63 -0.000359523
19.645 -0.000491557
19.66 -0.000617475
19.675 -0.000734588
19.69 -0.000841097
19.705 -0.000935702
19.72 -0.00101792
19.735 -0.0010884
19.75 -0.00114852
19.765 -0.00120032
19.78 -0.00124655
19.795 -0.00129047
19.81 -0.00133551
19.825 -0.00138514
19.84 -0.00144266
19.855 -0.00151107
19.87 -0.00159266
19.885 -0.001689
19.9 -0.00180082
19.915 -0.00192793
19.93 -0.00206912
19.945 -0.00222231
19.96 -0.00238457
19.975 -0.00255225
19.99 -0.0027212
20.005 -0.0028869
20.02 -0.00304477
20.035 -0.0031903
20.05 -0.00331938
20.065 -0.0034284
20.08 -0.00351451
20.095 -0.00357569
20.11 -0.0036109
20.125 -0.00362009
20.14 -0.00360432
20.155 -0.00356546
20.17 -0.0035064
20.185 -0.00343075
20.2 -0.0033426
20.215 -0.0032463
20.23 -0.0031463
20.245 -0.00304683
20.26 -0.00295166
20.275 -0.00286395
20.29 -0.00278609
20.305 -0.00271961
20.32 -0.00266506
20.335 -0.0026221
20.35 -0.00258952
20.365 -0.00256537
20.38 -0.00254709
20.395 -0.00253172
20.41 -0.00251612
20.425 -0.00249715
20.44 -0.00247191
20.455 -0.0024379
20.47 -0.00239324
20.485 -0.00233672
20.5 -0.00226794
20.515 -0.00218726
20.53 -0.00209586
20.545 -0.0019956
20.56 -0.00188891
20.575 -0.00177863
20.59 -0.00166785
20.605 -0.00155967
20.62 -0.00145702
20.635 -0.00136247
20.65 -0.00127803
20.665 -0.00120505
20.68 -0.00114409
20.695 -0.00109489
20.71 -0.00105634
20.725 -0.00102658
20.74 -0.00100305
20.755 -0.000982663
20.77 -0.000960275
20.785 -0.000931027
20.8 -0.0008899
20.815 -0.000831933
20.83 -0.000753762
20.845 -0.000652364
20.86 -0.000526555
20.875 -0.000376111
20.89 -0.000201565
20.905 -5.40895e-06
20.92 0.000208661
20.935 0.000436454
20.95 0.000673013
20.965 0.000912828
20.98 0.00115032
20.995 0.00138011
21.01 0.00159727
21.025 0.00179748
21.04 0.0019774
21.055 0.00213476
21.07 0.00226837
21.085 0.00237821
21.1 0.00246535
21.115 0.00253184
21.13 0.0025805
21.145 0.00261474
21.16 0.00263833
21.175 0.00265501
21.19 0.0026684
21.205 0.00268162
21.22 0.00269713
21.235 0.00271652
21.25 0.00274046
21.265 0.00276863
21.28 0.00279986
21.295 0.00283201
21.31 0.00286236
21.325 0.00288759
21.34 0.00290411
21.355 0.00290831
21.37 0.00289683
21.385 0.00286676
21.4 0.00281595
21.415 0.00274311
21.43 0.00264809
21.445 0.00253182
21.46 0.0023963
21.475 0.00224459
21.49 0.0020806
21.505 0.00190884
21.52 0.00173424
21.535 0.00156183
21.55 0.00139647
21.565 0.00124251
21.58 0.00110362
21.595 0.000982526
21.61 0.000880859
21.625 0.000799082
21.64 0.000736461
21.655 0.000691124
21.67 0.000660179
21.685 0.000639895
21.7 0.000625936
21.715 0.000613623
21.73 0.000598216
21.745 0.000575197
21.76 0.000540549
21.775 0.000490915
21.79 0.000423785
21.805 0.0003378
21.82 0.000233474
21.835 0.000113495
21.85 -2.07429e-05
21.865 -0.000165182
21.88 -0.000316198
21.895 -0.000470039
21.91 -0.000623523
21.925 -0.000773352
21.94 -0.000916405
21.955 -0.00105041
21.97 -0.00117393
21.985 -0.00128596
22 -0.00138627
22.015 -0.00147557
22.03 -0.00155515
22.045 -0.00162682
22.06 -0.00169281
22.075 -0.00175569
22.09 -0.00181807
22.105 -0.00188241
22.12 -0.00195091
22.135 -0.00202535
22.15 -0.00210692
22.165 -0.00219611
22.18 -0.00229271
22.195 -0.00239579
22.21 -0.00250366
22.225 -0.00261405
22.24 -0.00272414
22.255 -0.00283078
22.27 -0.00293058
22.285 -0.00302017
22.3 -0.00309633
22.315 -0.00315623
22.33 -0.00319753
22.345 -0.00321854
22.36 -0.00321838
22.375 -0.00319705
22.39 -0.00315533
22.405 -0.00309493
22.42 -0.00301841
22.435 -0.00292893
22.45 -0.0028302
22.465 -0.00272625
22.48 -0.00262124
22.495 -0.00251917
22.51 -0.00242374
22.525 -0.00233816
22.54 -0.00226493
22.555 -0.0022058
22.57 -0.00216161
22.585 -0.00213233
22.6 -0.00211706
22.615 -0.0021141
22.63 -0.00212107
22.645 -0.00213503
22.66 -0.00215274
22.675 -0.00217074
22.69 -0.00218566
22.705 -0.00219433
22.72 -0.002194
22.735 -0.00218245
22.75 -0.00215814
22.765 -0.00212024
22.78 -0.00206867
22.795 -0.00200407
22.81 -0.00192774
22.825 -0.00184154
22.84 -0.00174773
22.855 -0.00164883
22.87 -0.00154746
22.885 -0.00144613
22.9 -0.0013471
22.915 -0.00125225
22.93 -0.00116294
22.945 -0.00107992
22.96 -0.00100333
22.975 -0.00093272
22.99 -0.000865927
23.005 -0.000799504
23.02 -0.000730943
23.035 -0.000655993
23.05 -0.000571768
23.065 -0.000475271
23.08 -0.000364123
23.095 -0.000236795
23.11 -9.281e-05
23.125 6.75122e-05
23.14 0.000242828
23.155 0.000430942
23.17 0.000628807
23.185 0.000832726
23.2 0.00103851
23.215 0.00124175
23.23 0.001438
23.245 0.00162301
23.26 0.00179299
23.275 0.00194478
23.29 0.00207597
23.305 0.00218505
23.32 0.00227148
23.335 0.00233563
23.35 0.0023788
23.365 0.00240305
23.38 0.00241117
23.395 0.00240634
23.41 0.00239208
23.425 0.00237194
23.44 0.00234931
23.455 0.00232715
23.47 0.00230792
23.485 0.00229334
23.5 0.00228433
23.515 0.002281
23.53 0.00228264
23.545 0.00228779
23.56 0.00229436
23.575 0.0022998
23.59 0.0023013
23.605 0.00229599
23.62 0.00228117
23.635 0.00225449
23.65 0.00221415
23.665 0.00215907
23.68 0.00208893
23.695 0.00200424
23.71 0.00190632
23.725 0.00179723
23.74 0.00167963
23.755 0.00155666
23.77 0.00143169
23.785 0.00130818
23.8 0.00118938
23.815 0.00107819
23.83 0.000976947
23.845 0.000887267
23.86 0.000809962
23.875 0.000744972
23.89 0.000691366
23.905 0.000647402
23.92 0.000610627
23.935 0.000578033
23.95 0.000546241
23.965 0.000511705
23.98 0.00047094
23.995 0.000420743
24.01 0.000358316
24.025 0.000281445
24.04 0.000188942
24.055 8.14285e-05
24.07 -3.93598e-05
24.085 -0.000172507
24.1 -0.000314272
24.115 -0.000462054
24.13 -0.000612849
24.145 -0.000763914
24.16 -0.000912277
24.175 -0.00105509
24.19 -0.0011902
24.205 -0.00131593
24.22 -0.00143087
24.235 -0.0015343
24.25 -0.00162621
24.265 -0.00170707
24.28 -0.00177781
24.295 -0.0018398
24.31 -0.00189479
24.325 -0.00194465
24.34 -0.00199128
24.355 -0.00203654
24.37 -0.00208209
24.385 -0.00212923
24.4 -0.00217888
24.415 -0.00223149
24.43 -0.00228701
24.445 -0.00234488
24.46 -0.00240407
24.475 -0.00246315
24.49 -0.00252037
24.505 -0.00257375
24.52 -0.00262123
24.535 -0.0026608
24.55 -0.00269057
24.565 -0.00270899
24.58 -0.00271485
24.595 -0.00270748
24.61 -0.00268674
24.625 -0.00265307
24.64 -0.00260752
24.655 -0.0025517
24.67 -0.00248768
24.685 -0.00241795
24.7 -0.00234525
24.715 -0.00227239
24.73 -0.00220218
24.745 -0.0021372
24.76 -0.00207971
