0.0025 -8.35062e-06
0.0125 -8.15383e-06
0.0225 -7.64304e-06
0.035 -6.56906e-06
0.045 -5.36831e-06
0.055 -3.87208e-06
0.065 -2.0895e-06
0.075 -3.1015e-08
0.085 2.29185e-06
0.095 4.86673e-06
0.105 7.6807e-06
0.115 1.07205e-05
0.125 1.39729e-05
0.135 1.74249e-05
0.145 2.10637e-05
0.155 2.48852e-05
0.165 2.88956e-05
0.175 3.30856e-05
0.185 3.74457e-05
0.195 4.19675e-05
0.205 4.66436e-05
0.215 5.14596e-05
0.225 5.63853e-05
0.235 6.13901e-05
0.245 6.64448e-05
0.255 7.1537e-05
0.265 7.66898e-05
0.275 8.19308e-05
0.285 8.72974e-05
0.295 9.28249e-05
0.305 9.85641e-05
0.315 0.000104558
0.325 0.000110838
0.335 0.000117432
0.345 0.000124376
0.355 0.000131695
0.365 0.000139392
0.375 0.000147425
0.385 0.000155698
0.395 0.000164025
0.405 0.000172097
0.415 0.000179525
0.425 0.000185921
0.435 0.000190953
0.445 0.000194436
0.455 0.000196365
0.465 0.000196904
0.475 0.000196394
0.485 0.000195315
0.495 0.000194202
0.5075 0.00019331
0.52 0.000192967
0.5325 0.000192751
0.545 0.000192157
0.5575 0.000190642
0.57 0.000187975
0.5825 0.00018481
0.595 0.000182333
0.6075 0.000181559
0.62 0.000182805
0.6325 0.000185766
0.645 0.000189859
0.6575 0.000193998
0.67 0.00019672
0.6825 0.000197115
0.695 0.000195722
0.7075 0.000194127
0.72 0.000193684
0.7325 0.000195254
0.745 0.000199471
0.7575 0.000206557
0.77 0.00021586
0.7825 0.000225694
0.795 0.000233938
0.8075 0.000238532
0.82 0.000237479
0.8325 0.00022899
0.845 0.000212772
0.8575 0.000191152
0.87 0.000167848
0.8825 0.000146244
0.895 0.00012841
0.9075 0.000113978
0.92 0.000100422
0.9325 8.45859e-05
0.945 6.40376e-05
0.9575 3.87178e-05
0.97 1.169e-05
0.9825 -1.25767e-05
0.995 -2.91489e-05
1.005 -3.34198e-05
1.0175 -2.46283e-05
1.03 -1.37489e-06
1.0425 2.93771e-05
1.055 5.67923e-05
1.0675 6.80176e-05
1.08 5.17282e-05
1.0925 2.26762e-06
1.105 -7.67398e-05
1.1175 -0.000172209
1.13 -0.000265496
1.1425 -0.000338512
1.155 -0.000378676
1.1675 -0.000381834
1.18 -0.000350991
1.1925 -0.000291813
1.205 -0.000211102
1.2175 -0.000114774
1.23 -4.10481e-06
1.2425 0.000120807
1.255 0.000253964
1.2675 0.000384352
1.28 0.000500836
1.2925 0.000594932
1.305 0.000665094
1.3175 0.000716929
1.33 0.000759601
1.3425 0.000803266
1.355 0.000858427
1.3675 0.000935136
1.38 0.00103771
1.3925 0.00116165
1.405 0.00129902
1.4175 0.00144261
1.43 0.00158627
1.4425 0.00172536
1.455 0.00185613
1.4675 0.00197434
1.48 0.00207529
1.4925 0.00215453
1.505 0.00220945
1.5175 0.00224064
1.53 0.00225042
1.5425 0.00224206
1.555 0.00221969
1.5675 0.00218758
1.58 0.00214679
1.5925 0.00209179
1.605 0.00201366
1.6175 0.00190389
1.63 0.00175623
1.6425 0.00157188
1.655 0.00136275
1.6675 0.0011477
1.68 0.000947095
1.6925 0.000781913
1.705 0.000667126
1.7175 0.000600788
1.73 0.000570773
1.7425 0.000565246
1.755 0.00057399
1.7675 0.00059042
1.78 0.000618145
1.7925 0.00066702
1.805 0.000741118
1.8175 0.000828703
1.83 0.000906317
1.8425 0.000950426
1.855 0.000943049
1.8675 0.000872955
1.88 0.000741588
1.8925 0.00056321
1.905 0.000359166
1.9175 0.000151391
1.93 -4.39351e-05
1.9425 -0.000220925
1.955 -0.000384523
1.9675 -0.000545817
1.98 -0.000716705
1.9925 -0.000905377
2.0025 -0.0010704
2.0125 -0.00124515
2.0225 -0.00142571
2.0325 -0.00160901
2.0425 -0.0017944
2.0525 -0.00198331
2.0625 -0.00217762
2.0725 -0.00237784
2.0825 -0.00258186
2.0925 -0.00278519
2.1025 -0.00298141
2.1125 -0.00316314
2.1225 -0.00332276
2.1325 -0.00345359
2.1425 -0.00355368
2.1525 -0.00362822
2.1625 -0.00368632
2.1725 -0.00373706
2.1825 -0.00378816
2.1925 -0.00384615
2.2025 -0.00391657
2.2125 -0.00400427
2.2225 -0.00411246
2.2325 -0.00424062
2.2425 -0.00438481
2.2525 -0.00454
2.2625 -0.00470264
2.2725 -0.00487172
2.2825 -0.00504766
2.2925 -0.00523071
2.3025 -0.00542064
2.3125 -0.0056169
2.3225 -0.00581797
2.3325 -0.00602089
2.3425 -0.00622233
2.3525 -0.00642065
2.3625 -0.00661671
2.3725 -0.00681272
2.3825 -0.00700978
2.3925 -0.00720535
2.4025 -0.00739382
2.4125 -0.00756807
2.4225 -0.00771926
2.4325 -0.00783709
2.4425 -0.0079117
2.4525 -0.00793688
2.4625 -0.0079122
2.4725 -0.00784205
2.4825 -0.00773384
2.4925 -0.00759627
2.5025 -0.00743829
2.5125 -0.00726812
2.5225 -0.00709174
2.5325 -0.00691248
2.5425 -0.00673236
2.5525 -0.00655313
2.5625 -0.00637671
2.5725 -0.00620572
2.5825 -0.00604339
2.5925 -0.00589238
2.6025 -0.00575399
2.6125 -0.00562846
2.6225 -0.00551555
2.6325 -0.00541479
2.6425 -0.00532503
2.6525 -0.00524278
2.6625 -0.00516117
2.6725 -0.00507158
2.6825 -0.00496565
2.6925 -0.00483642
2.7025 -0.00467817
2.7125 -0.00448594
2.7225 -0.00425665
2.7325 -0.00399147
2.7425 -0.00369541
2.7525 -0.00337492
2.7625 -0.00303651
2.7725 -0.00268651
2.7825 -0.00233003
2.7925 -0.00196946
2.8025 -0.00160524
2.8125 -0.00123763
2.8225 -0.000867513
2.8325 -0.000496684
2.8425 -0.00012856
2.8525 0.000232131
2.8625 0.000580417
2.8725 0.000912392
2.8825 0.00122703
2.8925 0.00152605
2.9025 0.0018123
2.9125 0.00208873
2.9225 0.00235814
2.9325 0.00262201
2.9425 0.00287897
2.9525 0.00312627
2.9625 0.0033623
2.9725 0.00358747
2.9825 0.00380397
2.9925 0.00401513
3.0025 0.00422467
3.0125 0.00443637
3.0225 0.0046538
3.0325 0.00487943
3.0425 0.00511413
3.0525 0.00535777
3.0625 0.00561003
3.0725 0.00587083
3.0825 0.00614062
3.0925 0.00641995
3.1025 0.00670857
3.1125 0.00700474
3.1225 0.0073052
3.1325 0.00760551
3.1425 0.00790073
3.1525 0.00818655
3.1625 0.00846092
3.1725 0.00872402
3.1825 0.00897763
3.1925 0.00922472
3.2025 0.0094687
3.2125 0.00971299
3.2225 0.00996037
3.2325 0.0102113
3.2425 0.010463
3.2525 0.0107112
3.2625 0.0109519
3.2725 0.0111818
3.2825 0.0113978
3.2925 0.011597
3.3025 0.011777
3.3125 0.0119359
3.3225 0.0120721
3.3325 0.0121847
3.3425 0.012273
3.3525 0.0123373
3.3625 0.0123789
3.3725 0.0123997
3.3825 0.0124008
3.3925 0.0123807
3.4025 0.0123362
3.4125 0.0122643
3.4225 0.0121641
3.4325 0.0120361
3.4425 0.0118815
3.4525 0.0117024
3.4625 0.0115011
3.4725 0.0112798
3.4825 0.01104
3.4925 0.0107823
3.5025 0.0105065
3.5125 0.0102121
3.5225 0.0098995
3.5325 0.00957178
3.5425 0.00923426
3.5525 0.00889273
3.5625 0.00855229
3.5725 0.00821744
3.5825 0.00789252
3.5925 0.00758165
3.6025 0.00728638
3.6125 0.00700218
3.6225 0.0067195
3.6325 0.0064277
3.6425 0.00611727
3.6525 0.00578014
3.6625 0.00541027
3.6725 0.00500607
3.6825 0.00457113
3.6925 0.00411176
3.7025 0.00363457
3.7125 0.00314602
3.7225 0.00265198
3.7325 0.00215626
3.7425 0.00166033
3.7525 0.00116481
3.7625 0.000670662
3.7725 0.000179746
3.7825 -0.000304612
3.7925 -0.000778009
3.8025 -0.00123576
3.8125 -0.00167379
3.8225 -0.00208846
3.8325 -0.0024765
3.8425 -0.00283538
3.8525 -0.00316479
3.8625 -0.00346703
3.8725 -0.00374591
3.8825 -0.00400557
3.8925 -0.0042501
3.9025 -0.00448302
3.9125 -0.00470684
3.9225 -0.00492358
3.9325 -0.00513532
3.9425 -0.00534366
3.9525 -0.00554875
3.9625 -0.00574944
3.9725 -0.00594424
3.9825 -0.00613198
3.9925 -0.0063127
4.0025 -0.00648891
4.0125 -0.00666601
4.0225 -0.0068507
4.0325 -0.00704924
4.0425 -0.00726652
4.0525 -0.00750483
4.0625 -0.00776357
4.0725 -0.00804064
4.0825 -0.00833354
4.0925 -0.00863965
4.1025 -0.00895585
4.1125 -0.00927827
4.1225 -0.00960245
4.1325 -0.00992378
4.1425 -0.0102382
4.1525 -0.0105431
4.1625 -0.0108369
4.1725 -0.0111183
4.1825 -0.0113861
4.1925 -0.0116379
4.2025 -0.0118708
4.2125 -0.0120821
4.2225 -0.0122698
4.2325 -0.012433
4.2425 -0.0125711
4.2525 -0.0126842
4.2625 -0.0127726
4.2725 -0.0128373
4.2825 -0.012881
4.2925 -0.0129085
4.3025 -0.012925
4.3125 -0.0129335
4.3225 -0.0129338
4.3325 -0.0129244
4.3425 -0.0129018
4.3525 -0.0128606
4.3625 -0.0127944
4.3725 -0.0126975
4.3825 -0.0125674
4.3925 -0.0124059
4.4025 -0.0122168
4.4125 -0.0120052
4.4225 -0.0117774
4.4325 -0.0115401
4.4425 -0.0112999
4.4525 -0.0110628
4.4625 -0.0108317
4.4725 -0.010605
4.4825 -0.0103778
4.4925 -0.0101447
4.5025 -0.0099006
4.5125 -0.00964073
4.5225 -0.0093602
4.5325 -0.00905403
4.5425 -0.00871783
4.5525 -0.00834992
4.5625 -0.00795287
4.5725 -0.00753197
4.5825 -0.00709312
4.5925 -0.00664202
4.6025 -0.00618457
4.6125 -0.00572657
4.6225 -0.00527101
4.6325 -0.00481666
4.6425 -0.00436012
4.6525 -0.00389825
4.6625 -0.00342884
4.6725 -0.00295052
4.6825 -0.00246288
4.6925 -0.00196669
4.7025 -0.00146478
4.7125 -0.000962394
4.7225 -0.000465851
4.7325 1.9893e-05
4.7425 0.000493768
4.7525 0.000958392
4.7625 0.00141786
4.7725 0.00187501
4.7825 0.00232933
4.7925 0.00277599
4.8025 0.00320831
4.8125 0.00362022
4.8225 0.00400671
4.8325 0.0043633
4.8425 0.00468672
4.8525 0.00497861
4.8625 0.00524664
4.8725 0.00550147
4.8825 0.00575355
4.8925 0.00601245
4.9025 0.00628749
4.9125 0.0065879
4.9225 0.00692077
4.9325 0.00728781
4.9425 0.007686
4.9525 0.00811072
4.9625 0.00855753
4.9725 0.00902198
4.9825 0.00949893
4.9925 0.00998252
5.0025 0.0104667
5.0125 0.0109473
5.0225 0.0114233
5.0325 0.0118954
5.0425 0.0123646
5.0525 0.0128308
5.0625 0.0132928
5.0725 0.0137475
5.0825 0.0141899
5.0925 0.014614
5.1025 0.0150132
5.1125 0.0153811
5.1225 0.0157118
5.1325 0.016
5.1425 0.0162409
5.1525 0.0164316
5.1625 0.0165709
5.1725 0.0166598
5.1825 0.0167009
5.1925 0.0166988
5.2025 0.0166584
5.2125 0.0165848
5.2225 0.0164841
5.2325 0.0163646
5.2425 0.0162363
5.2525 0.0161086
5.2625 0.0159871
5.2725 0.0158741
5.2825 0.0157708
5.2925 0.0156781
5.3025 0.0155946
5.3125 0.0155153
5.3225 0.0154327
5.3325 0.0153386
5.3425 0.0152233
5.3525 0.015075
5.3625 0.0148815
5.3725 0.0146354
5.3825 0.0143347
5.3925 0.0139828
5.4025 0.0135844
5.4125 0.0131445
5.4225 0.0126675
5.4325 0.0121575
5.4425 0.0116187
5.4525 0.0110555
5.4625 0.0104718
5.4725 0.00986974
5.4825 0.00924943
5.4925 0.00861081
5.5025 0.00795441
5.5125 0.00728123
5.5225 0.00659243
5.5325 0.00588917
5.5425 0.0051727
5.5525 0.00444448
5.5625 0.00370608
5.5725 0.00295921
5.5825 0.00220632
5.5925 0.00145137
5.6025 0.000699476
5.6125 -4.42158e-05
5.6225 -0.000775083
5.6325 -0.00148871
5.6425 -0.00218151
5.6525 -0.00285139
5.6625 -0.00349838
5.6725 -0.0041244
5.6825 -0.00473264
5.6925 -0.00532691
5.7025 -0.00591121
5.7125 -0.00648963
5.7225 -0.00706647
5.7325 -0.00764583
5.7425 -0.00822991
5.7525 -0.00881762
5.7625 -0.00940575
5.7725 -0.00999081
5.7825 -0.0105698
5.7925 -0.0111405
5.8025 -0.0117019
5.8125 -0.012254
5.8225 -0.0127964
5.8325 -0.0133286
5.8425 -0.0138498
5.8525 -0.0143592
5.8625 -0.0151458
5.8725 -0.0159035
5.8825 -0.0163179
5.8925 -0.0167274
5.9025 -0.0170473
5.9125 -0.0174066
5.9225 -0.0177565
5.9325 -0.0180374
5.9425 -0.0182994
5.9525 -0.0185404
5.9625 -0.0187767
5.9725 -0.0190285
5.9825 -0.0192539
5.9925 -0.0194807
6.0025 -0.0197146
6.0125 -0.0199419
6.0225 -0.0201511
6.0325 -0.020338
6.0425 -0.0205092
6.0525 -0.0206734
6.0625 -0.0208345
6.0725 -0.0209955
6.0825 -0.0211628
6.0925 -0.021345
6.1025 -0.0215465
6.1125 -0.0217639
6.1225 -0.0219901
6.1325 -0.0222199
6.1425 -0.0224469
6.1525 -0.0226634
6.1625 -0.0228633
6.1725 -0.0230407
6.1825 -0.0231914
6.1925 -0.0233133
6.2025 -0.023404
6.2125 -0.023461
6.2225 -0.0234819
6.2325 -0.0234634
6.2425 -0.0234009
6.2525 -0.0232893
6.2625 -0.0231247
6.2725 -0.0229045
6.2825 -0.0226295
6.2925 -0.0223041
6.3025 -0.0219356
6.3125 -0.0215316
6.3225 -0.0210995
6.3325 -0.0206472
6.3425 -0.0201823
6.3525 -0.0197109
6.3625 -0.0192358
6.3725 -0.0187577
6.3825 -0.0182767
6.3925 -0.0177934
6.4025 -0.017308
6.4125 -0.0168206
6.4225 -0.0163318
6.4325 -0.0158435
6.4425 -0.0153581
6.4525 -0.0148775
6.4625 -0.0144028
6.4725 -0.0139348
6.4825 -0.0134737
6.4925 -0.0130191
6.5025 -0.0125701
6.5125 -0.0121254
6.5225 -0.0116837
6.5325 -0.0112434
6.5425 -0.0108028
6.5525 -0.0103604
6.5625 -0.00991446
6.5725 -0.00946354
6.5825 -0.00900594
6.5925 -0.00853871
6.6025 -0.0080573
6.6125 -0.00755761
6.6225 -0.00703942
6.6325 -0.00650701
6.6425 -0.00596659
6.6525 -0.00542436
6.6625 -0.00488587
6.6725 -0.0043545
6.6825 -0.00382953
6.6925 -0.00330713
6.7025 -0.00278284
6.7125 -0.00225378
6.7225 -0.00171823
6.7325 -0.00117793
6.7425 -0.000638214
6.7525 -0.000105773
6.7625 0.000413164
6.7725 0.000913082
6.7825 0.0013891
6.7925 0.00184038
6.8025 0.00226937
6.8125 0.00268021
6.8225 0.00307728
6.8325 0.00346389
6.8425 0.00383086
6.8525 0.00418345
6.8625 0.00452433
6.8725 0.00484774
6.8825 0.00515572
6.8925 0.00545022
6.9025 0.00573315
6.9125 0.00601012
6.9225 0.00628882
6.9325 0.0065756
6.9425 0.00687549
6.9525 0.00719363
6.9625 0.00753356
6.9725 0.00789511
6.9825 0.00827556
6.9925 0.00867174
7.0025 0.00908043
7.0125 0.00949807
7.0225 0.00992105
7.0325 0.0103461
7.0425 0.01077
7.0525 0.0111892
7.0625 0.0116002
7.0725 0.011999
7.0825 0.0123818
7.0925 0.0127451
7.1025 0.0130864
7.1125 0.0134055
7.1225 0.0137041
7.1325 0.0139844
7.1425 0.0142489
7.1525 0.0144991
7.1625 0.014735
7.1725 0.0149541
7.1825 0.0151532
7.1925 0.015328
7.2025 0.0154739
7.2125 0.0155856
7.2225 0.0156583
7.2325 0.0156877
7.2425 0.0156699
7.2525 0.0156013
7.2625 0.0154801
7.2725 0.0153079
7.2825 0.0150899
7.2925 0.0148322
7.3025 0.0145405
7.3125 0.0142199
7.3225 0.0138753
7.3325 0.0135118
7.3425 0.013134
7.3525 0.0127467
7.3625 0.0123543
7.3725 0.011961
7.3825 0.0115704
7.3925 0.0111855
7.4025 0.0108086
7.4125 0.0104399
7.4225 0.0100751
7.4325 0.00970612
7.4425 0.00932394
7.4525 0.00891993
7.4625 0.00848595
7.4725 0.00801408
7.4825 0.00749773
7.4925 0.00693398
7.5025 0.0063255
7.5125 0.00567942
7.5225 0.0050044
7.5325 0.00430902
7.5425 0.00360178
7.5525 0.00288986
7.5625 0.00217639
7.5725 0.00146736
7.5825 0.000762727
7.5925 6.41805e-05
7.6025 -0.000627927
7.6125 -0.00131174
7.6225 -0.00198491
7.6325 -0.00264201
7.6425 -0.00327597
7.6525 -0.00387987
7.6625 -0.0044475
7.6725 -0.0049733
7.6825 -0.0054527
7.6925 -0.00588145
7.7025 -0.00625773
7.7125 -0.00658345
7.7225 -0.00686339
7.7325 -0.00710326
7.7425 -0.00730879
7.7525 -0.0074859
7.7625 -0.00764099
7.7725 -0.00778092
7.7825 -0.00791266
7.7925 -0.00804314
7.8025 -0.00817904
7.8125 -0.00832657
7.8225 -0.00849071
7.8325 -0.0086751
7.8425 -0.00888254
7.8525 -0.00911541
7.8625 -0.00937543
7.8725 -0.00966279
7.8825 -0.00997567
7.8925 -0.010311
7.9025 -0.0106652
7.9125 -0.0110343
7.9225 -0.0114142
7.9325 -0.0118003
7.9425 -0.0121879
7.9525 -0.0125729
7.9625 -0.012951
7.9725 -0.0133181
7.9825 -0.01367
7.9925 -0.0140027
8.0025 -0.0143128
8.015 -0.0146672
8.0275 -0.0149861
8.04 -0.0152727
8.0525 -0.0155301
8.065 -0.0157626
8.0775 -0.0159741
8.09 -0.0161654
8.1025 -0.0163344
8.115 -0.0164798
8.1275 -0.0166015
8.14 -0.0167007
8.1525 -0.0167828
8.165 -0.0168562
8.1775 -0.0169296
8.19 -0.017011
8.2025 -0.0171055
8.215 -0.017211
8.2275 -0.0173203
8.24 -0.0174255
8.2525 -0.0175189
8.265 -0.0175928
8.2775 -0.0176409
8.29 -0.0176608
8.3025 -0.0176487
8.315 -0.0175986
8.3275 -0.0175016
8.34 -0.0173485
8.3525 -0.0171286
8.365 -0.0168345
8.3775 -0.0164669
8.39 -0.0160333
8.4025 -0.0155431
8.415 -0.0150071
8.4275 -0.0144401
8.44 -0.0138592
8.4525 -0.0132768
8.465 -0.0126956
8.4775 -0.012112
8.49 -0.0115231
8.5025 -0.010929
8.515 -0.0103359
8.5275 -0.00975358
8.54 -0.00919166
8.5525 -0.00865836
8.565 -0.00815939
8.5775 -0.00769356
8.59 -0.00725449
8.6025 -0.00683812
8.615 -0.00644753
8.6275 -0.00608883
8.64 -0.00576449
8.6525 -0.00546714
8.665 -0.00518175
8.6775 -0.00489263
8.69 -0.00458554
8.7025 -0.00424893
8.715 -0.00387998
8.7275 -0.00348398
8.74 -0.00306785
8.7525 -0.00263798
8.765 -0.0022006
8.7775 -0.00176213
8.79 -0.00132463
8.8025 -0.000886515
8.815 -0.000446201
8.8275 -2.62654e-06
8.84 0.000446137
8.8525 0.000902827
8.865 0.00137011
8.8775 0.00184975
8.89 0.00232448
8.9025 0.00281119
8.915 0.00329539
8.9275 0.00377616
8.94 0.00424947
8.9525 0.00470786
8.965 0.00514729
8.9775 0.0055652
8.99 0.00596528
9.0025 0.00635855
9.015 0.006756
9.0275 0.00716596
9.04 0.00759274
9.0525 0.00803462
9.065 0.008487
9.0775 0.00894516
9.09 0.00940383
9.1025 0.00985572
9.115 0.0102912
9.1275 0.0107
9.14 0.0110719
9.1525 0.0113986
9.165 0.0116759
9.1775 0.0119028
9.19 0.0120794
9.2025 0.0122048
9.215 0.0122752
9.2275 0.012285
9.24 0.0122298
9.2525 0.0121087
9.265 0.0119251
9.2775 0.0116843
9.29 0.0113918
9.3025 0.0110536
9.315 0.0106765
9.3275 0.0102689
9.34 0.00984038
9.3525 0.00940039
9.365 0.00895672
9.3775 0.00851274
9.39 0.00806782
9.4025 0.00762034
9.415 0.00716964
9.4275 0.00671717
9.44 0.0062654
9.4525 0.00581632
9.465 0.00537138
9.4775 0.00493187
9.49 0.00449905
9.5025 0.00407411
9.515 0.0036582
9.5275 0.00325262
9.54 0.00285813
9.5525 0.00247262
9.565 0.00209079
9.5775 0.00170774
9.59 0.00132143
9.6025 0.000931128
9.615 0.000540429
9.6275 0.000154016
9.64 -0.000223701
9.6525 -0.000588317
9.665 -0.000936028
9.6775 -0.0012643
9.69 -0.00157291
9.7025 -0.00186261
9.715 -0.0021359
9.7275 -0.0023973
9.74 -0.00265192
9.7525 -0.00290461
9.765 -0.00315648
9.7775 -0.00340558
9.79 -0.00364865
9.8025 -0.00388458
9.815 -0.00411515
9.8275 -0.0043455
9.84 -0.00458187
9.8525 -0.00483029
9.865 -0.00509585
9.8775 -0.00538041
9.89 -0.0056828
9.9025 -0.00600183
9.915 -0.00633841
9.9275 -0.00669404
9.94 -0.00706922
9.9525 -0.00746343
9.965 -0.00787513
9.9775 -0.00830012
9.99 -0.00873119
10.0025 -0.00915998
10.015 -0.00957832
10.0275 -0.00998029
10.04 -0.0103639
10.0525 -0.0107287
10.065 -0.0110742
10.0775 -0.0113996
10.09 -0.011704
10.1025 -0.0119835
10.115 -0.012229
10.1275 -0.01243
10.14 -0.0125779
10.1525 -0.0126693
10.165 -0.0127076
10.1775 -0.0126986
10.19 -0.012648
10.2025 -0.0125618
10.215 -0.0124464
10.2275 -0.0123048
10.24 -0.0121375
10.2525 -0.0119445
10.265 -0.0117268
10.2775 -0.0114879
10.29 -0.011234
10.3025 -0.0109746
10.315 -0.0107175
10.3275 -0.0104661
10.34 -0.0102202
10.3525 -0.00997964
10.365 -0.00974431
10.3775 -0.00951432
10.39 -0.0092909
10.4025 -0.00907575
10.415 -0.00887042
10.4275 -0.00867543
10.44 -0.00848772
10.4525 -0.00829943
10.465 -0.00810144
10.4775 -0.00788576
10.49 -0.00764523
10.5025 -0.0073733
10.515 -0.00706729
10.5275 -0.00673282
10.54 -0.00638052
10.5525 -0.0060211
10.565 -0.0056648
10.5775 -0.00532225
10.59 -0.00500429
10.6025 -0.00472001
10.615 -0.00447289
10.6275 -0.00426112
10.64 -0.00408151
10.6525 -0.00393083
10.665 -0.00380501
10.6775 -0.00369891
10.69 -0.0036067
10.7025 -0.00352215
10.715 -0.00343861
10.7275 -0.0033493
10.74 -0.00324792
10.7525 -0.0031286
10.765 -0.00298567
10.7775 -0.00281361
10.79 -0.00260773
10.8025 -0.00236652
10.815 -0.00209193
10.8275 -0.00178746
10.84 -0.00145675
10.8525 -0.00110366
10.865 -0.000732812
10.8775 -0.00034932
10.89 4.17653e-05
10.9025 0.000436855
10.915 0.000834569
10.9275 0.00123431
10.94 0.00163522
10.9525 0.00203638
10.965 0.00242899
10.9775 0.00282036
10.99 0.00320562
11.0025 0.00357928
11.015 0.00393601
11.0275 0.00426789
11.04 0.00456908
11.0525 0.00483418
11.065 0.00505845
11.0775 0.00524373
11.09 0.0053967
11.1025 0.00552393
11.115 0.00563128
11.1275 0.00572466
11.14 0.00580981
11.1525 0.00589119
11.165 0.0059699
11.1775 0.00604439
11.19 0.00611268
11.2025 0.00617279
11.215 0.0062224
11.2275 0.00625885
11.24 0.00627947
11.2525 0.00628176
11.265 0.0062634
11.2775 0.00622254
11.29 0.00615872
11.3025 0.00607344
11.315 0.00596902
11.3275 0.00584728
11.34 0.00570939
11.3525 0.00555686
11.365 0.00539184
11.3775 0.00521686
11.39 0.00503429
11.4025 0.00484523
11.415 0.00464939
11.4275 0.00444631
11.44 0.00423579
11.4525 0.00401763
11.465 0.00379231
11.4775 0.00356351
11.49 0.00333769
11.5025 0.00312133
11.515 0.00291989
11.5275 0.00273831
11.54 0.00258024
11.5525 0.00244487
11.565 0.00232693
11.5775 0.00221997
11.59 0.0021178
11.6025 0.0020139
11.615 0.00190244
11.6275 0.00178136
11.64 0.00165094
11.6525 0.00151194
11.665 0.0013649
11.6775 0.0012102
11.69 0.00104793
11.7025 0.000878197
11.715 0.000701452
11.7275 0.000518545
11.74 0.000330625
11.7525 0.000138784
11.765 -5.75543e-05
11.7775 -0.000261465
11.79 -0.000477134
11.8025 -0.000708641
11.815 -0.000959523
11.8275 -0.00123224
11.84 -0.0015245
11.8525 -0.00182963
11.865 -0.0021405
11.8775 -0.00245097
11.89 -0.00275529
11.9025 -0.00304792
11.915 -0.00332714
11.9275 -0.00359369
11.94 -0.00384974
11.9525 -0.0040972
11.965 -0.00433838
11.9775 -0.00457605
11.99 -0.00481318
12.0025 -0.00505256
12.015 -0.00529622
12.0275 -0.00554536
12.04 -0.00580071
12.0525 -0.00606267
12.065 -0.0063312
12.0775 -0.00660569
12.09 -0.00688548
12.1025 -0.00717066
12.115 -0.00746184
12.1275 -0.00775908
12.14 -0.00806189
12.1525 -0.0083694
12.165 -0.00868053
12.1775 -0.00899397
12.19 -0.00930826
12.2025 -0.00962197
12.215 -0.00993375
12.2275 -0.0102424
12.24 -0.0105461
12.2525 -0.01084
12.265 -0.0111177
12.2775 -0.0113731
12.29 -0.0116029
12.3025 -0.0118077
12.315 -0.0119916
12.3275 -0.0121591
12.34 -0.012314
12.3525 -0.0124581
12.365 -0.0125922
12.3775 -0.012717
12.39 -0.0128336
12.4025 -0.012943
12.415 -0.0130458
12.4275 -0.0131422
12.44 -0.0132318
12.4525 -0.0133143
12.465 -0.0133885
12.4775 -0.0134531
12.49 -0.0135072
12.5025 -0.0135506
12.515 -0.0135844
12.5275 -0.0136112
12.54 -0.0136322
12.5525 -0.0136488
12.565 -0.0136615
12.5775 -0.01367
12.59 -0.0136709
12.6025 -0.0136601
12.615 -0.0136344
12.6275 -0.0135911
12.64 -0.0135267
12.6525 -0.0134382
12.665 -0.0133234
12.6775 -0.0131806
12.69 -0.013009
12.7025 -0.0128094
12.715 -0.0125845
12.7275 -0.0123369
12.74 -0.0120699
12.7525 -0.011787
12.765 -0.0114918
12.7775 -0.0111877
12.79 -0.010877
12.8025 -0.01056
12.815 -0.0102362
12.8275 -0.00990506
12.84 -0.00956615
12.8525 -0.00922015
12.865 -0.00886897
12.8775 -0.00851431
12.89 -0.00815717
12.9025 -0.00779778
12.915 -0.00743468
12.9275 -0.00706451
12.94 -0.00668321
12.9525 -0.00628683
12.965 -0.00587146
12.9775 -0.0054333
12.99 -0.00496976
13.0025 -0.00448145
13.015 -0.00397147
13.0275 -0.00344286
13.04 -0.00289727
13.0525 -0.00233587
13.065 -0.00176016
13.0775 -0.00117306
13.09 -0.000577123
13.1025 2.47197e-05
13.115 0.000628995
13.1275 0.00123201
13.14 0.00183027
13.1525 0.00242058
13.165 0.00298632
13.1775 0.00354203
13.19 0.00407997
13.2025 0.00460059
13.215 0.0051009
13.2275 0.00557248
13.24 0.00601146
13.2525 0.00641914
13.265 0.00679954
13.2775 0.00715831
13.29 0.00750007
13.3025 0.0078261
13.315 0.00813515
13.3275 0.00842519
13.34 0.00869449
13.3525 0.00894305
13.365 0.00917289
13.3775 0.00938648
13.39 0.00958579
13.4025 0.00977156
13.415 0.0099426
13.4275 0.0100967
13.44 0.0102315
13.4525 0.0103448
13.465 0.0104344
13.4775 0.0104978
13.49 0.010533
13.5025 0.0105378
13.515 0.0105107
13.5275 0.01045
13.54 0.0103551
13.5525 0.0102288
13.565 0.0100777
13.5775 0.00990997
13.59 0.00973306
13.6025 0.00955448
13.615 0.00938178
13.6275 0.00922029
13.64 0.0090686
13.6525 0.00892022
13.665 0.00876819
13.6775 0.00860657
13.69 0.0084332
13.7025 0.00825271
13.715 0.00807301
13.7275 0.00790108
13.74 0.00774014
13.7525 0.0075866
13.765 0.007433
13.7775 0.00727197
13.79 0.00709783
13.8025 0.00690868
13.815 0.00670547
13.8275 0.00648726
13.84 0.00624994
13.8525 0.00598909
13.865 0.00570123
13.8775 0.00538327
13.89 0.00503288
13.9025 0.00465077
13.915 0.00424056
13.9275 0.00380641
13.94 0.00335216
13.9525 0.00288139
13.965 0.00239624
13.9775 0.00189628
13.99 0.00138205
14.0025 0.000855019
14.015 0.000315566
14.0275 -0.00023412
14.04 -0.000792851
14.0525 -0.0013596
14.065 -0.00193219
14.0775 -0.0025067
14.09 -0.00307968
14.1025 -0.00365161
14.115 -0.00422375
14.1275 -0.00479647
14.14 -0.00536684
14.1525 -0.00593101
14.165 -0.00648547
14.1775 -0.00702707
14.19 -0.00755262
14.2025 -0.00805913
14.215 -0.00854383
14.2275 -0.00900412
14.24 -0.00943773
14.2525 -0.00984483
14.265 -0.0102295
14.2775 -0.0105976
14.29 -0.0109541
14.3025 -0.0113036
14.315 -0.0116489
14.3275 -0.0119897
14.34 -0.0123243
14.3525 -0.0126507
14.365 -0.0129671
14.3775 -0.0132716
14.39 -0.0135641
14.4025 -0.0138477
14.415 -0.0141234
14.4275 -0.0143864
14.44 -0.0146285
14.4525 -0.0148425
14.465 -0.0150221
14.4775 -0.0151612
14.49 -0.0152544
14.5025 -0.0153015
14.515 -0.0153093
14.5275 -0.0152869
14.54 -0.0152429
14.5525 -0.0151856
14.565 -0.0151212
14.5775 -0.0150504
14.59 -0.0149708
14.6025 -0.0148815
14.615 -0.0147848
14.6275 -0.0146818
14.64 -0.0145733
14.6525 -0.0144589
14.665 -0.0143383
14.6775 -0.0142086
14.69 -0.0140687
14.7025 -0.0139192
14.715 -0.0137615
14.7275 -0.0135982
14.74 -0.0134329
14.7525 -0.0132698
14.765 -0.0131106
14.7775 -0.012952
14.79 -0.0127877
14.8025 -0.0126129
14.815 -0.0124264
14.8275 -0.012228
14.84 -0.0120149
14.8525 -0.0117801
14.865 -0.0115159
14.8775 -0.0112196
14.89 -0.0108947
14.9025 -0.0105468
14.915 -0.0101808
14.9275 -0.00980196
14.94 -0.00941415
14.9525 -0.0090158
14.965 -0.00860172
14.9775 -0.00816685
14.99 -0.00770757
15.0025 -0.00722243
15.015 -0.00671156
15.0275 -0.00617518
15.04 -0.00561325
15.0525 -0.00502562
15.065 -0.00441222
15.0775 -0.00377507
15.09 -0.00312173
15.1025 -0.002463
15.115 -0.00180906
15.1275 -0.00116903
15.14 -0.000550833
15.1525 3.92325e-05
15.165 0.000599244
15.1775 0.00112862
15.19 0.00162648
15.2025 0.00209212
15.215 0.00251758
15.2275 0.00290446
15.24 0.00326942
15.2525 0.00361411
15.265 0.00394833
15.2775 0.00427403
15.29 0.00459675
15.3025 0.00492885
15.315 0.00528092
15.3275 0.00565866
15.34 0.00606106
15.3525 0.00647925
15.365 0.00690027
15.3775 0.00731071
15.39 0.00769712
15.4025 0.00804836
15.415 0.00836214
15.4275 0.00864475
15.44 0.00890471
15.4525 0.00914913
15.465 0.00937916
15.4775 0.00958861
15.49 0.00976979
15.5025 0.00991701
15.515 0.0100259
15.5275 0.0100929
15.54 0.0101178
15.5525 0.0101063
15.565 0.0100668
15.5775 0.0100049
15.59 0.00992015
15.6025 0.0098076
15.615 0.00966214
15.6275 0.00947849
15.64 0.00925017
15.6525 0.00896952
15.665 0.00862817
15.6775 0.00821827
15.69 0.0077346
15.7025 0.00717805
15.715 0.00656109
15.7275 0.00590274
15.74 0.00522336
15.7525 0.00455013
15.765 0.00391774
15.7775 0.00336142
15.79 0.00291375
15.8025 0.0026014
15.815 0.00243496
15.8275 0.00240918
15.84 0.00249353
15.8525 0.00265325
15.865 0.00285401
15.8775 0.00306458
15.89 0.00325959
15.9025 0.00342334
15.915 0.00355202
15.9275 0.00365056
15.94 0.00371935
15.9525 0.0037454
15.965 0.00371118
15.9775 0.00360064
15.99 0.00340404
16.0025 0.00311066
16.0125 0.00279955
16.0225 0.0024171
16.0325 0.00196314
16.0425 0.00144112
16.0525 0.000858842
16.0625 0.000227333
16.0725 -0.00044153
16.0825 -0.00113496
16.0925 -0.00183857
16.1025 -0.00253208
16.1125 -0.00319874
16.1225 -0.00382251
16.1325 -0.00439782
16.1425 -0.00491489
16.1525 -0.00535809
16.1625 -0.00571413
16.1725 -0.0059746
16.1825 -0.00613962
16.1925 -0.00621747
16.2025 -0.00621967
16.2125 -0.00615818
16.2225 -0.00604525
16.2325 -0.00589357
16.2425 -0.00571529
16.2525 -0.00552199
16.2625 -0.00532608
16.2725 -0.00514155
16.2825 -0.00498251
16.2925 -0.00486353
16.3025 -0.00479384
16.3125 -0.00477781
16.3225 -0.00482229
16.3325 -0.00493273
16.3425 -0.00510763
16.3525 -0.00534153
16.3625 -0.00562565
16.3725 -0.00595179
16.3825 -0.00631178
16.3925 -0.00669664
16.4025 -0.00709583
16.4125 -0.00749629
16.4225 -0.00788276
16.4325 -0.00823796
16.4425 -0.00854313
16.4525 -0.00877975
16.4625 -0.00893137
16.4725 -0.00898432
16.4825 -0.00892858
16.4925 -0.00876195
16.5025 -0.00848486
16.5125 -0.00809979
16.5225 -0.00761166
16.5325 -0.00703293
16.5425 -0.00638773
16.5525 -0.00570397
16.5625 -0.00500804
16.5725 -0.0043244
16.5825 -0.00367744
16.5925 -0.00308977
16.6025 -0.00257802
16.6125 -0.00214882
16.6225 -0.0018021
16.6325 -0.00153612
16.6425 -0.00134888
16.6525 -0.00123925
16.6625 -0.00120804
16.6725 -0.00125521
16.6825 -0.00138738
16.6925 -0.0016064
16.7025 -0.00191205
16.7125 -0.00230019
16.7225 -0.00276022
16.7325 -0.00327656
16.7425 -0.00383153
16.7525 -0.00440732
16.7625 -0.00498651
16.7725 -0.00555244
16.7825 -0.00609037
16.7925 -0.00658761
16.8025 -0.00703324
16.8125 -0.00741757
16.8225 -0.00773142
16.8325 -0.00796332
16.8425 -0.00809914
16.8525 -0.00812916
16.8625 -0.00804904
16.8725 -0.00786486
16.8825 -0.00759067
16.8925 -0.00724467
16.9025 -0.00684785
16.9125 -0.0064177
16.9225 -0.00596895
16.9325 -0.0055174
16.9425 -0.0050801
16.9525 -0.00467126
16.9625 -0.00429887
16.9725 -0.00396601
16.9825 -0.00367507
16.9925 -0.00343132
17.0025 -0.003244
17.0125 -0.00312325
17.0225 -0.00307788
17.0325 -0.00311543
17.0425 -0.00323313
17.0525 -0.00342482
17.0625 -0.0036764
17.0725 -0.00396956
17.0825 -0.00428589
17.0925 -0.00460636
17.1025 -0.0049126
17.1125 -0.00518828
17.1225 -0.00541956
17.1325 -0.0055952
17.1425 -0.0057058
17.1525 -0.00574324
17.1625 -0.00570047
17.1725 -0.00557232
17.1825 -0.00535809
17.1925 -0.00506336
17.2025 -0.00469784
17.2125 -0.0042729
17.2225 -0.00380439
17.2325 -0.00329918
17.2425 -0.00277025
17.2525 -0.00223119
17.2625 -0.00167974
17.2725 -0.00112215
17.2825 -0.000558246
17.2925 5.51415e-06
17.3025 0.000562378
17.3125 0.00109847
17.3225 0.00159602
17.3325 0.00203688
17.3425 0.00240473
17.3525 0.00268498
17.3625 0.00286442
17.3725 0.00293158
17.3825 0.00287829
17.3925 0.0027028
17.4025 0.00241252
17.4125 0.00202302
17.4225 0.00155642
17.4325 0.00103855
17.4425 0.000495941
17.4525 -4.71052e-05
17.4625 -0.000569031
17.4725 -0.00104559
17.4825 -0.00146197
17.4925 -0.00180616
17.5025 -0.00206766
17.5125 -0.00224141
17.5225 -0.00232672
17.5325 -0.00232888
17.5425 -0.00225676
17.5525 -0.0021204
17.5625 -0.00193078
17.5725 -0.00169963
17.5825 -0.00144021
17.5925 -0.0011669
17.6025 -0.000894235
17.6125 -0.000633793
17.6225 -0.00039379
17.6325 -0.000178481
17.6425 1.09215e-05
17.6525 0.000174196
17.6625 0.00031125
17.6725 0.000423217
17.6825 0.000514408
17.6925 0.000591012
17.7025 0.000660951
17.7125 0.000730869
17.7225 0.000805244
17.7325 0.000883842
17.7425 0.000961071
17.7525 0.00102667
17.7625 0.00106709
17.7725 0.00106802
17.7825 0.00101777
17.7925 0.000909195
17.8025 0.000738297
17.8125 0.000504595
17.8225 0.000214474
17.8325 -0.000118109
17.8425 -0.000476281
17.8525 -0.000843945
17.8625 -0.00120408
17.8725 -0.00154094
17.8825 -0.00183945
17.8925 -0.00209071
17.9025 -0.00229181
17.9125 -0.00244521
17.9225 -0.00255474
17.9325 -0.00262439
17.9425 -0.00266002
17.9525 -0.00266267
17.9625 -0.00263239
17.9725 -0.00257257
17.9825 -0.00248367
17.9925 -0.00236579
18.0025 -0.0022197
18.0125 -0.00204988
18.0225 -0.00186606
18.0325 -0.0016792
18.0425 -0.00149906
18.0525 -0.00133314
18.0625 -0.00118656
18.0725 -0.00106273
18.0825 -0.000963781
18.0925 -0.000890699
18.1025 -0.000844174
18.1125 -0.000826716
18.1225 -0.000836963
18.1325 -0.000877591
18.1425 -0.000950079
18.1525 -0.00105388
18.1625 -0.00118781
18.1725 -0.00134948
18.1825 -0.00153646
18.1925 -0.00174641
18.2025 -0.00197702
18.2125 -0.00222585
18.2225 -0.0024905
18.2325 -0.00276884
18.2425 -0.00305897
18.2525 -0.00335936
18.2625 -0.00366581
18.2725 -0.00396733
18.2825 -0.00424725
18.2925 -0.00448759
18.3025 -0.0046746
18.3125 -0.00479816
18.3225 -0.00485444
18.3325 -0.00484607
18.3425 -0.0047793
18.3525 -0.00466134
18.3625 -0.00450122
18.3725 -0.00430503
18.3825 -0.00407555
18.3925 -0.00381487
18.4025 -0.00352873
18.4125 -0.00322725
18.4225 -0.00292224
18.4325 -0.00262422
18.4425 -0.00234196
18.4525 -0.00208304
18.4625 -0.00185307
18.4725 -0.00165285
18.4825 -0.00147952
18.4925 -0.00132445
18.5025 -0.00118269
18.5125 -0.0010472
18.5225 -0.000910204
18.5325 -0.000765769
18.5425 -0.000612091
18.5525 -0.000450547
18.5625 -0.000282365
18.5725 -0.000107656
18.5825 7.17159e-05
18.5925 0.000250936
18.6025 0.000423049
18.6125 0.000583177
18.6225 0.000721782
18.6325 0.000859847
18.6425 0.0010074
18.6525 0.00116908
18.6625 0.00134985
18.6725 0.0015471
18.6825 0.00175304
18.6925 0.00196098
18.7025 0.00216466
18.7125 0.00235567
18.7225 0.00252423
18.7325 0.00266194
18.7425 0.00276468
18.7525 0.00283302
18.7625 0.00286971
18.7725 0.00287732
18.7825 0.00285773
18.7925 0.00281213
18.8025 0.00274243
18.8125 0.00265561
18.8225 0.00255538
18.8325 0.00244774
18.8425 0.00233838
18.8525 0.00223347
18.8625 0.0021403
18.8725 0.00206196
18.8825 0.0019975
18.8925 0.00194352
18.9025 0.00189671
18.9125 0.00185859
18.9225 0.0018337
18.9325 0.00182814
18.9425 0.00184836
18.9525 0.00190092
18.9625 0.00199092
18.9725 0.00211743
18.9825 0.00226721
18.9925 0.00244088
19.0025 0.00262243
19.0125 0.00279551
19.0225 0.00294825
19.0325 0.00307392
19.0425 0.00316871
19.0525 0.00323056
19.0625 0.00326385
19.0725 0.00327752
19.0825 0.00328214
19.0925 0.00328749
19.1025 0.00330123
19.1125 0.00332848
19.1225 0.00337215
19.1325 0.00343385
19.1425 0.00351421
19.1525 0.00361302
19.1625 0.0037294
19.1725 0.00386174
19.1825 0.00400666
19.1925 0.00415753
19.2025 0.00430497
19.2125 0.00443923
19.2225 0.00455123
19.2325 0.00463215
19.2425 0.00467213
19.2525 0.00466037
19.2625 0.00458647
19.2725 0.00444144
19.2825 0.00421775
19.2925 0.00390906
19.3025 0.00351016
19.3125 0.00301698
19.3225 0.00242665
19.3325 0.00173824
19.3425 0.00095567
19.3525 8.98348e-05
19.3625 -0.000843353
19.3725 -0.00182586
19.3825 -0.00284028
19.3925 -0.00387267
19.4025 -0.00490338
19.4125 -0.0059162
19.4225 -0.00690111
19.4325 -0.00784942
19.4425 -0.00875865
19.4525 -0.00962674
19.4625 -0.0104533
19.4725 -0.0112396
19.4825 -0.0119882
19.4925 -0.0127016
19.5025 -0.0133818
19.5125 -0.0140305
19.5225 -0.0146509
19.5325 -0.0152467
19.5425 -0.0158213
19.5525 -0.0163773
19.5625 -0.0169168
19.5725 -0.0174422
19.5825 -0.0179559
19.5925 -0.0184598
19.6025 -0.0189553
19.6125 -0.0194441
19.6225 -0.0199303
19.6325 -0.0204217
19.6425 -0.0209231
19.6525 -0.0214398
19.6625 -0.0219731
19.6725 -0.0224798
19.6825 -0.0229285
19.6925 -0.0234768
19.7025 -0.0239733
19.7125 -0.024469
19.7225 -0.0249494
19.7325 -0.0253653
19.7425 -0.025725
19.7525 -0.0260355
19.7625 -0.0262958
19.7725 -0.026502
19.7825 -0.0266502
19.7925 -0.0267358
19.8025 -0.0267592
19.8125 -0.0267277
19.8225 -0.0266368
19.8325 -0.0264931
19.8425 -0.0262909
19.8525 -0.0260331
19.8625 -0.025719
19.8725 -0.0253564
19.8825 -0.0249574
19.8925 -0.0245292
19.9025 -0.0240767
19.9125 -0.0236042
19.9225 -0.0231139
19.9325 -0.0226075
19.9425 -0.0220868
19.9525 -0.0215525
19.9625 -0.0210038
19.9725 -0.0204396
19.9825 -0.0198589
19.9925 -0.0192639
20.0025 -0.0186628
20.0125 -0.0180693
20.0225 -0.0174975
20.0325 -0.0169601
20.0425 -0.0164681
20.0525 -0.0160318
20.0625 -0.0156574
20.0725 -0.0153461
20.0825 -0.0150944
20.0925 -0.0148979
20.1025 -0.0147537
20.1125 -0.0146573
20.1225 -0.0146024
20.1325 -0.0145835
20.1425 -0.0145939
20.1525 -0.0146273
20.1625 -0.0146784
20.1725 -0.0147421
20.1825 -0.0148125
20.1925 -0.014884
20.2025 -0.0149489
20.2125 -0.0149976
20.2225 -0.015019
20.2325 -0.0150017
20.2425 -0.0149348
20.2525 -0.0148067
20.2625 -0.0146085
20.2725 -0.0143336
20.2825 -0.0139829
20.2925 -0.0135654
20.3025 -0.0130931
20.3125 -0.0125777
20.3225 -0.0120298
20.3325 -0.0114595
20.3425 -0.0108754
20.3525 -0.0102871
20.3625 -0.0097081
20.3725 -0.00915365
20.3825 -0.00863886
20.3925 -0.00817736
20.4025 -0.00778137
20.4125 -0.00746213
20.4225 -0.00722883
20.4325 -0.00708479
20.4425 -0.00702604
20.4525 -0.00704451
20.4625 -0.00713131
20.4725 -0.00727749
20.4825 -0.00747347
20.4925 -0.00770872
20.5025 -0.00797427
20.5125 -0.00825981
20.5225 -0.00855507
20.5325 -0.00884914
20.5425 -0.00912883
20.5525 -0.00937833
20.5625 -0.0095812
20.5725 -0.00972261
20.5825 -0.00979174
20.5925 -0.00978312
20.6025 -0.00969491
20.6125 -0.00952675
20.6225 -0.00927867
20.6325 -0.00894999
20.6425 -0.00853973
20.6525 -0.0080461
20.6625 -0.00746965
20.6725 -0.00681245
20.6825 -0.00607983
20.6925 -0.00528401
20.7025 -0.00444268
20.7125 -0.0035742
20.7225 -0.00269293
20.7325 -0.00181718
20.7425 -0.000963661
20.7525 -0.000146057
20.7625 0.000625628
20.7725 0.00134454
20.7825 0.00200494
20.7925 0.00260058
20.8025 0.00312521
20.8125 0.00357397
20.8225 0.00394431
20.8325 0.0042365
20.8425 0.00445843
20.8525 0.00462798
20.8625 0.00475342
20.8725 0.00486012
20.8825 0.00499141
20.8925 0.00518447
20.9025 0.005474
20.9125 0.00581715
20.9225 0.00621275
20.9325 0.00670103
20.9425 0.00728947
20.9525 0.00794982
20.9625 0.0086689
20.9725 0.00944618
20.9825 0.0102703
20.9925 0.0111206
21.0025 0.0119872
21.0125 0.0128665
21.0225 0.0137496
21.0325 0.0146283
21.0425 0.0155012
21.0525 0.0163702
21.0625 0.0172338
21.0725 0.018087
21.0825 0.0189206
21.0925 0.0197217
21.1025 0.0204715
21.1125 0.0211441
21.1225 0.021739
21.1325 0.0222392
21.1425 0.0226302
21.1525 0.0228977
21.1625 0.0230357
21.1725 0.0230471
21.1825 0.0229436
21.1925 0.0227435
21.2025 0.0224683
21.2125 0.022139
21.2225 0.0217766
21.2325 0.0214011
21.2425 0.0210329
21.2525 0.0206904
21.2625 0.0203885
21.2725 0.0201397
21.2825 0.019952
21.2925 0.0198165
21.3025 0.0197024
21.3125 0.0195776
21.3225 0.0194834
21.3325 0.0194053
21.3425 0.0193214
21.3525 0.0192308
21.3625 0.0191426
21.3725 0.0190566
21.3825 0.0189699
21.3925 0.0188872
21.4025 0.0188125
21.4125 0.0187432
21.4225 0.0186741
21.4325 0.0186013
21.4425 0.0185219
21.4525 0.0184324
21.4625 0.0183271
21.4725 0.0182037
21.4825 0.0180649
21.4925 0.0179149
21.5025 0.0177573
21.5125 0.0175953
21.5225 0.0174285
21.5325 0.0172534
21.5425 0.0170655
21.5525 0.016861
21.5625 0.0166368
21.5725 0.0163924
21.5825 0.0161297
21.5925 0.0158525
21.6025 0.0155645
21.6125 0.0152693
21.6225 0.0149705
21.6325 0.0146721
21.6425 0.014378
21.6525 0.0140907
21.6625 0.0138074
21.6725 0.0135205
21.6825 0.0132216
21.6925 0.0129033
21.7025 0.0125626
21.7125 0.0122024
21.7225 0.0118287
21.7325 0.011448
21.7425 0.0110656
21.7525 0.0106848
21.7625 0.0103073
21.7725 0.00993399
21.7825 0.00956545
21.7925 0.00920239
21.8025 0.00884555
21.8125 0.00849701
21.8225 0.00816014
21.8325 0.00783905
21.8425 0.00753769
21.8525 0.00725847
21.8625 0.00700064
21.8725 0.00676084
21.8825 0.00653491
21.8925 0.00631884
21.9025 0.00610774
21.9125 0.00589469
21.9225 0.00567183
21.9325 0.00543216
21.9425 0.00516917
21.9525 0.00487907
21.9625 0.00456222
21.9725 0.00422289
21.9825 0.00386522
21.9925 0.00349297
22.0025 0.00310998
22.0125 0.00271754
22.0225 0.00231324
22.0325 0.0018932
22.0425 0.00145361
22.0525 0.00099099
22.0625 0.00050243
22.0725 -1.13373e-05
22.0825 -0.000549557
22.0925 -0.00110793
22.1025 -0.00168282
22.1125 -0.00227122
22.1225 -0.00287008
22.1325 -0.00347664
22.1425 -0.00408896
22.1525 -0.00470629
22.1625 -0.00532893
22.1725 -0.00595751
22.1825 -0.00659201
22.1925 -0.00723046
22.2025 -0.00786595
22.2125 -0.00849599
22.2225 -0.00912038
22.2325 -0.00973022
22.2425 -0.010322
22.2525 -0.0108947
22.2625 -0.0114479
22.2725 -0.0119805
22.2825 -0.0124924
22.2925 -0.0129847
22.3025 -0.013459
22.3125 -0.0139161
22.3225 -0.0143549
22.3325 -0.0147715
22.3425 -0.0151599
22.3525 -0.015514
22.3625 -0.0158277
22.3725 -0.016098
22.3825 -0.0163282
22.3925 -0.0165267
22.4025 -0.0167026
22.4125 -0.0168639
22.4225 -0.0170175
22.4325 -0.0171691
22.4425 -0.0173215
22.4525 -0.0174761
22.4625 -0.0176315
22.4725 -0.0177839
22.4825 -0.0179287
22.4925 -0.0180602
22.5025 -0.0181725
22.5125 -0.0182598
22.5225 -0.0183177
22.5325 -0.0183444
22.5425 -0.01834
22.5525 -0.0183055
22.5625 -0.0182442
22.5725 -0.0181615
22.5825 -0.0180641
22.5925 -0.017959
22.6025 -0.0178533
22.6125 -0.0177535
22.6225 -0.0176616
22.6325 -0.0175713
22.6425 -0.0174712
22.6525 -0.0173495
22.6625 -0.0171967
22.6725 -0.0170054
22.6825 -0.0167707
22.6925 -0.0164904
22.7025 -0.0161631
22.7125 -0.0157911
22.7225 -0.0153808
22.7325 -0.0149416
22.7425 -0.0144831
22.7525 -0.0140145
22.7625 -0.013542
22.7725 -0.0130703
22.7825 -0.0126022
22.7925 -0.0121406
22.8025 -0.0116878
22.8125 -0.0112456
22.8225 -0.010815
22.8325 -0.010397
22.8425 -0.00999229
22.8525 -0.00960437
22.8625 -0.00923838
22.8725 -0.00889909
22.8825 -0.00859165
22.8925 -0.00831958
22.9025 -0.00808551
22.9125 -0.00788948
22.9225 -0.00772706
22.9325 -0.00759175
22.9425 -0.00747675
22.9525 -0.00737514
22.9625 -0.0072794
22.9725 -0.00718053
22.9825 -0.00707018
22.9925 -0.00694643
23.0025 -0.00680787
23.0125 -0.00665326
23.0225 -0.00647919
23.0325 -0.00627961
23.0425 -0.00604671
23.0525 -0.00577322
23.0625 -0.00545417
23.0725 -0.00508774
23.0825 -0.0046747
23.0925 -0.00421686
23.1025 -0.00371603
23.1125 -0.00317522
23.1225 -0.0026008
23.1325 -0.0020022
23.1425 -0.00138981
23.1525 -0.000774006
23.1625 -0.000164249
23.1725 0.000430285
23.1825 0.00100022
23.1925 0.00153535
23.2025 0.00202442
23.2125 0.00245645
23.2225 0.0028237
23.2325 0.00312259
23.2425 0.00335193
23.2525 0.00351122
23.2625 0.00360122
23.2725 0.00362484
23.2825 0.00358676
23.2925 0.00349534
23.3025 0.00336299
23.3125 0.00318029
23.3225 0.00296645
23.3325 0.00272823
23.3425 0.00245906
23.3525 0.00220047
23.3625 0.00195701
23.3725 0.00174254
23.3825 0.00157096
23.3925 0.00145001
23.4025 0.0013798
23.4125 0.001359
23.4225 0.00138935
23.4325 0.00147367
23.4425 0.00161264
23.4525 0.00180508
23.4625 0.00204928
23.4725 0.00234078
23.4825 0.00267058
23.4925 0.00302693
23.5025 0.0033975
23.5125 0.00376959
23.5225 0.00413046
23.5325 0.00447056
23.5425 0.00478358
23.5525 0.00506547
23.5625 0.00531307
23.5725 0.00552308
23.5825 0.00569326
23.5925 0.00582281
23.6025 0.0059113
23.6125 0.0059594
23.6225 0.00596881
23.6325 0.00594284
23.6425 0.00588809
23.6525 0.00581442
23.6625 0.0057331
23.6725 0.00565526
23.6825 0.00559073
23.6925 0.00554742
23.7025 0.00553231
23.7125 0.00554891
23.7225 0.0055987
23.7325 0.00568267
23.7425 0.00580078
23.7525 0.00595137
23.7625 0.00613065
23.7725 0.00633276
23.7825 0.00655039
23.7925 0.00677555
23.8025 0.00700026
23.8125 0.00721712
23.8225 0.0074212
23.8325 0.00761064
23.8425 0.00778497
23.8525 0.00794336
23.8625 0.00808419
23.8725 0.00820569
23.8825 0.0083081
23.8925 0.00839401
23.9025 0.00846672
23.9125 0.00852882
23.9225 0.00858259
23.9325 0.00863002
23.9425 0.00867286
23.9525 0.00871316
23.9625 0.00875307
23.9725 0.00879469
23.9825 0.00883992
23.9925 0.0088909
24.0025 0.00894888
24.0125 0.00901223
24.0225 0.00907607
24.0325 0.00913483
24.0425 0.00918374
24.0525 0.00921891
24.0625 0.00923707
24.0725 0.00923559
24.0825 0.00921288
24.0925 0.00916878
24.1025 0.00910576
24.1125 0.00902853
24.1225 0.00894155
24.1325 0.00884892
24.1425 0.00875521
24.1525 0.00866316
24.1625 0.00857254
24.1725 0.008481
24.1825 0.00838582
24.1925 0.00828481
24.2025 0.00817611
24.2125 0.00805771
24.2225 0.00792895
24.2325 0.00779139
24.2425 0.00764793
24.2525 0.00750133
24.2625 0.00735346
24.2725 0.0072051
24.2825 0.00705641
24.2925 0.00690653
24.3025 0.00675377
24.3125 0.00659596
24.3225 0.00643074
24.3325 0.0062555
24.3425 0.00606725
24.3525 0.00586373
24.3625 0.00564449
24.3725 0.00541021
24.3825 0.00516151
24.3925 0.00489859
24.4025 0.0046224
24.4125 0.00433428
24.4225 0.00403855
24.4325 0.00374242
24.4425 0.00345362
24.4525 0.00318224
24.4625 0.00293658
24.4725 0.00272393
24.4825 0.00255057
24.4925 0.00242097
24.5025 0.00233845
24.5125 0.00230466
24.5225 0.00231806
24.5325 0.00237455
24.5425 0.00246932
24.5525 0.00259798
24.5625 0.00275487
24.5725 0.00293178
24.5825 0.00311911
24.5925 0.00330778
24.6025 0.00349136
24.6125 0.00366685
24.6225 0.00383279
24.6325 0.00398771
24.6425 0.00412953
24.6525 0.00425737
24.6625 0.0043728
24.6725 0.00447973
24.6825 0.00458222
24.6925 0.0046825
24.7025 0.00478047
24.7125 0.00487343
24.7225 0.00495721
24.7325 0.00502762
24.7425 0.00508064
24.7525 0.00511237
24.7625 0.00512008
24.7725 0.00510434
24.7825 0.00506823
24.7925 0.00501421
24.8025 0.00494475
24.8125 0.00486245
24.8225 0.00476949
24.8325 0.00466779
24.8425 0.00455908
24.8525 0.00444478
24.8625 0.00432657
24.8725 0.00420464
24.8825 0.00407631
24.8925 0.00393769
24.9025 0.00378439
24.9125 0.00361227
24.9225 0.00341751
24.9325 0.00319556
24.9425 0.00294283
24.9525 0.00265725
24.9625 0.00233906
24.9725 0.00199019
24.9825 0.00161336
24.9925 0.00121104
25.0025 0.000785471
25.0125 0.000337101
25.0225 -0.000133258
25.0325 -0.000623998
25.0425 -0.00113371
25.0525 -0.00166021
25.0625 -0.00219902
25.0725 -0.00274747
25.0825 -0.00330015
25.0925 -0.00385226
25.1025 -0.00440055
25.1125 -0.00494339
25.1225 -0.0054793
25.1325 -0.00600592
25.1425 -0.00651955
25.1525 -0.00701608
25.1625 -0.00749206
25.1725 -0.00794464
25.1825 -0.00837085
25.1925 -0.00876669
25.2025 -0.00912623
25.2125 -0.00944252
25.2225 -0.00970917
25.2325 -0.00992059
25.2425 -0.0100793
25.2525 -0.0101927
25.2625 -0.0102689
25.2725 -0.0103175
25.2825 -0.0103479
25.2925 -0.0103693
25.3025 -0.010391
25.3125 -0.0104221
25.3225 -0.0104723
25.3325 -0.010552
25.3425 -0.0106673
25.3525 -0.0108246
25.3625 -0.0110252
25.3725 -0.0112658
25.3825 -0.0115414
25.3925 -0.0118461
25.4025 -0.0121744
25.4125 -0.0125239
25.4225 -0.0128939
25.4325 -0.0132835
25.4425 -0.0136914
25.4525 -0.0141158
25.4625 -0.0145534
25.4725 -0.0149983
25.4825 -0.015443
25.4925 -0.0158793
25.5025 -0.0163002
25.5125 -0.0167007
25.5225 -0.0170747
25.5325 -0.0174181
25.5425 -0.0177301
25.5525 -0.0180137
25.5625 -0.0182729
25.5725 -0.0185119
25.5825 -0.0187352
25.5925 -0.0189475
25.6025 -0.0191524
25.6125 -0.0193514
25.6225 -0.0195436
25.6325 -0.019728
25.6425 -0.0199044
25.6525 -0.020073
25.6625 -0.0202339
25.6725 -0.0203872
25.6825 -0.0205342
25.6925 -0.0206785
25.7025 -0.0208251
25.7125 -0.0209789
25.7225 -0.0211442
25.7325 -0.0213245
25.7425 -0.0215234
25.7525 -0.0217437
25.7625 -0.0219881
25.7725 -0.022258
25.7825 -0.0225531
25.7925 -0.0228752
25.8025 -0.0232243
25.8125 -0.0235998
25.8225 -0.0239989
25.8325 -0.0244153
25.8425 -0.0248423
25.8525 -0.0252739
25.8625 -0.0257045
25.8725 -0.0261279
25.8825 -0.0265378
25.8925 -0.026928
25.9025 -0.0272927
25.9125 -0.0276265
25.9225 -0.0279254
25.9325 -0.0281852
25.9425 -0.0284027
25.9525 -0.0285745
25.9625 -0.028698
25.9725 -0.0287716
25.9825 -0.0287937
25.9925 -0.0287631
26.0025 -0.0286797
26.0125 -0.0285436
26.0225 -0.0283555
26.0325 -0.0281177
26.0425 -0.027834
26.0525 -0.0275104
26.0625 -0.0271535
26.0725 -0.0267711
26.0825 -0.0263698
26.0925 -0.0259564
26.1025 -0.0255378
26.1125 -0.0251189
26.1225 -0.0247028
26.1325 -0.0242914
26.1425 -0.0238893
26.1525 -0.0235021
26.1625 -0.0231337
26.1725 -0.0227844
26.1825 -0.02245
26.1925 -0.0221255
26.2025 -0.0218068
26.2125 -0.0214893
26.2225 -0.0211687
26.2325 -0.0208423
26.2425 -0.0205089
26.2525 -0.0201675
26.2625 -0.0198177
26.2725 -0.0194579
26.2825 -0.019087
26.2925 -0.0187032
26.3025 -0.0183033
26.3125 -0.0178837
26.3225 -0.0174411
26.3325 -0.0169731
26.3425 -0.0164778
26.3525 -0.0159547
26.3625 -0.0154034
26.3725 -0.0148247
26.3825 -0.0142208
26.3925 -0.0135954
26.4025 -0.0129526
26.4125 -0.0122977
26.4225 -0.0116351
26.4325 -0.0109695
26.4425 -0.0103058
26.4525 -0.00964939
26.4625 -0.00900531
26.4725 -0.00837843
26.4825 -0.00777308
26.4925 -0.00719327
26.5025 -0.00664255
26.5125 -0.00612253
26.5225 -0.00563349
26.5325 -0.00517474
26.5425 -0.00474524
26.5525 -0.00434328
26.5625 -0.00396681
26.5725 -0.0036134
26.5825 -0.00327967
26.5925 -0.00296198
26.6025 -0.00265739
26.6125 -0.00236286
26.6225 -0.0020736
26.6325 -0.00178542
26.6425 -0.00149544
26.6525 -0.00119974
26.6625 -0.000894647
26.6725 -0.000576863
26.6825 -0.000244003
26.6925 0.000105277
26.7025 0.000471444
26.7125 0.000854755
26.7225 0.00125554
26.7325 0.00167424
26.7425 0.0021116
26.7525 0.00256833
26.7625 0.00304472
26.7725 0.0035312
26.7825 0.00402919
26.7925 0.00455502
26.8025 0.00509782
26.8125 0.00565612
26.8225 0.0062349
26.8325 0.00683126
26.8425 0.00744148
26.8525 0.00806377
26.8625 0.00869465
26.8725 0.00932647
26.8825 0.0099501
26.8925 0.0105579
26.9025 0.0111425
26.9125 0.011696
26.9225 0.012212
26.9325 0.012689
26.9425 0.0131299
26.9525 0.0135392
26.9625 0.0139206
26.9725 0.0142771
26.9825 0.0146105
26.9925 0.0149219
27.0025 0.0152108
27.0125 0.0154765
27.0225 0.0157166
27.0325 0.0159294
27.0425 0.0161135
27.0525 0.0162677
27.0625 0.0163909
27.0725 0.0164826
27.0825 0.0165419
27.0925 0.0165689
27.1025 0.0165639
27.1125 0.0165299
27.1225 0.0164723
27.1325 0.0163972
27.1425 0.0163104
27.1525 0.0162172
27.1625 0.0161227
27.1725 0.016032
27.1825 0.0159498
27.1925 0.0158802
27.2025 0.0158253
27.2125 0.0157857
27.2225 0.0157607
27.2325 0.0157492
27.2425 0.0157493
27.2525 0.0157591
27.2625 0.0157763
27.2725 0.0157985
27.2825 0.0158237
27.2925 0.0158506
27.3025 0.0158788
27.3125 0.0159087
27.3225 0.0159401
27.3325 0.015973
27.3425 0.0160072
27.3525 0.016043
27.3625 0.0160808
27.3725 0.016121
27.3825 0.0161641
27.3925 0.0162102
27.4025 0.0162569
27.4125 0.0163009
27.4225 0.0163391
27.4325 0.0163688
27.4425 0.0163878
27.4525 0.0163941
27.4625 0.0163853
27.4725 0.0163587
27.4825 0.0163118
27.4925 0.016242
27.5025 0.0161483
27.5125 0.0160333
27.5225 0.0159024
27.5325 0.0157628
27.5425 0.015621
27.5525 0.0154831
27.5625 0.0153548
27.5725 0.0152408
27.5825 0.015143
27.5925 0.0150612
27.6025 0.0149945
27.6125 0.0149422
27.6225 0.0149032
27.6325 0.0148763
27.6425 0.0148597
27.6525 0.0148512
27.6625 0.0148482
27.6725 0.0148479
27.6825 0.0148474
27.6925 0.0148437
27.7025 0.0148335
27.7125 0.0148138
27.7225 0.0147813
27.7325 0.0147331
27.7425 0.0146664
27.7525 0.0145785
27.7625 0.0144673
27.7725 0.0143312
27.7825 0.0141693
27.7925 0.0139808
27.8025 0.0137655
27.8125 0.0135236
27.8225 0.0132554
27.8325 0.0129614
27.8425 0.0126411
27.8525 0.0122935
27.8625 0.0119176
27.8725 0.0115127
27.8825 0.0110785
27.8925 0.0106165
27.9025 0.0101319
27.9125 0.00963326
27.9225 0.00912991
27.9325 0.00863061
27.9425 0.00814358
27.9525 0.00767669
27.9625 0.00723625
27.9725 0.00682597
27.9825 0.00644774
27.9925 0.00610294
28.0025 0.00579253
28.0125 0.00551619
28.0225 0.0052721
28.0325 0.00505758
28.0425 0.00486992
28.0525 0.0047066
28.0625 0.00456445
28.0725 0.00444003
28.0825 0.00432988
28.0925 0.00423043
28.1025 0.00413783
28.1125 0.00404805
28.1225 0.00395707
28.1325 0.00386169
28.1425 0.00375912
28.1525 0.00364613
28.1625 0.00351979
28.1725 0.00337665
28.1825 0.00321269
28.1925 0.00302397
28.2025 0.00280713
28.2125 0.00255967
28.2225 0.0022816
28.2325 0.00197752
28.2425 0.00165294
28.2525 0.00131528
28.2625 0.000970852
28.2725 0.000625928
28.2825 0.000286914
28.2925 -3.94728e-05
28.3025 -0.000347046
28.3125 -0.000629997
28.3225 -0.000882393
28.3325 -0.00109868
28.3425 -0.0012734
28.3525 -0.00140418
28.3625 -0.00149287
28.3725 -0.00154374
28.3825 -0.00156241
28.3925 -0.00155422
28.4025 -0.00152391
28.4125 -0.00147692
28.4225 -0.00141877
28.4325 -0.0013552
28.4425 -0.00129241
28.4525 -0.00123585
28.4625 -0.00118868
28.4725 -0.00115151
28.4825 -0.00112354
28.4925 -0.00110392
28.5025 -0.0010921
28.5125 -0.00108747
28.5225 -0.00108908
28.5325 -0.00109638
28.5425 -0.00111051
28.5525 -0.00113415
28.5625 -0.00117022
28.5725 -0.00122115
28.5825 -0.00128889
28.5925 -0.00137524
28.6025 -0.00148184
28.6125 -0.00161002
28.6225 -0.00176071
28.6325 -0.00193378
28.6425 -0.00212676
28.6525 -0.00233496
28.6625 -0.00255268
28.6725 -0.00277464
28.6825 -0.00299741
28.6925 -0.00322022
28.7025 -0.00344385
28.7125 -0.00366928
28.7225 -0.00389728
28.7325 -0.00412871
28.7425 -0.00436465
28.7525 -0.00460614
28.7625 -0.00485541
28.7725 -0.00511192
28.7825 -0.00537296
28.7925 -0.00563429
28.8025 -0.00589185
28.8125 -0.00614238
28.8225 -0.00638277
28.8325 -0.00661002
28.8425 -0.0068218
28.8525 -0.00701565
28.8625 -0.00718897
28.8725 -0.00734105
28.8825 -0.00747279
28.8925 -0.00758734
28.9025 -0.00768881
28.9125 -0.00778136
28.9225 -0.00786944
28.9325 -0.00795607
28.9425 -0.00804217
28.9525 -0.00812696
28.9625 -0.00820915
28.9725 -0.00828766
28.9825 -0.00836089
28.9925 -0.00842552
29.0025 -0.00847696
29.0125 -0.00851066
29.0225 -0.0085231
29.0325 -0.00850978
29.0425 -0.00846697
29.0525 -0.0083924
29.0625 -0.00828614
29.0725 -0.00815263
29.0825 -0.00799467
29.0925 -0.00781407
29.1025 -0.00761241
29.1125 -0.00739134
29.1225 -0.00715263
29.1325 -0.00689843
29.1425 -0.00663031
29.1525 -0.00634965
29.1625 -0.00605844
29.1725 -0.0057588
29.1825 -0.00545201
29.1925 -0.00513852
29.2025 -0.00481834
29.2125 -0.00449169
29.2225 -0.00415932
29.2325 -0.00382201
29.2425 -0.00348026
29.2525 -0.00313507
29.2625 -0.00278768
29.2725 -0.00243977
29.2825 -0.00209407
29.2925 -0.00175428
29.3025 -0.00142403
29.3125 -0.00110673
29.3225 -0.000805245
29.3325 -0.000521881
29.3425 -0.000258978
29.3525 -1.86592e-05
29.3625 0.000196806
29.3725 0.000385349
29.3825 0.00054522
29.3925 0.000674694
29.4025 0.000772157
29.4125 0.000836275
29.4225 0.000866042
29.4325 0.000861511
29.4425 0.000824141
29.4525 0.000756361
29.4625 0.000660636
29.4725 0.000539269
29.4825 0.000395111
29.4925 0.000230047
29.5025 4.51031e-05
29.5125 -0.000159202
29.5225 -0.000382116
29.5325 -0.000622839
29.5425 -0.000880579
29.5525 -0.00115466
29.5625 -0.00144447
29.5725 -0.00174923
29.5825 -0.00206782
29.5925 -0.00240069
29.6025 -0.0027472
29.6125 -0.00310706
29.6225 -0.00348013
29.6325 -0.00386705
29.6425 -0.00426784
29.6525 -0.00468239
29.6625 -0.00510938
29.6725 -0.00554645
29.6825 -0.0059911
29.6925 -0.00644149
29.7025 -0.00689608
29.7125 -0.00735271
29.7225 -0.00780843
29.7325 -0.00826009
29.7425 -0.00870409
29.7525 -0.00913778
29.7625 -0.00955869
29.7725 -0.0099646
29.7825 -0.0103549
29.7925 -0.0107309
29.8025 -0.0110955
29.8125 -0.0114515
29.8225 -0.0118011
29.8325 -0.0121464
29.8425 -0.0124894
29.8525 -0.0128322
29.8625 -0.0131758
29.8725 -0.0135197
29.8825 -0.0138617
29.8925 -0.0141995
29.9025 -0.0145291
29.9125 -0.0148513
29.9225 -0.015163
29.9325 -0.0154608
29.9425 -0.0157426
29.9525 -0.0160072
29.9625 -0.0162521
29.9725 -0.0164744
29.9825 -0.0166715
29.9925 -0.0168427
30.0025 -0.0169908
30.0125 -0.0171138
30.0225 -0.0172125
30.0325 -0.0172892
30.0425 -0.0173458
30.0525 -0.0173836
30.0625 -0.0174028
30.0725 -0.0174042
30.0825 -0.0173895
30.0925 -0.0173608
30.1025 -0.0173192
30.1125 -0.0172651
30.1225 -0.017199
30.1325 -0.0171219
30.1425 -0.0170349
30.1525 -0.0169385
30.1625 -0.0168338
30.1725 -0.0167209
30.1825 -0.0165998
30.1925 -0.0164705
30.2025 -0.0163331
30.2125 -0.0161868
30.2225 -0.0160297
30.2325 -0.0158595
30.2425 -0.0156765
30.2525 -0.0154837
30.2625 -0.0152857
30.2725 -0.0150865
30.2825 -0.0148897
30.2925 -0.0146992
30.3025 -0.0145191
30.3125 -0.0143534
30.3225 -0.0142052
30.3325 -0.0140761
30.3425 -0.0139657
30.3525 -0.0138733
30.3625 -0.0137978
30.3725 -0.0137383
30.3825 -0.0136941
30.3925 -0.0136644
30.4025 -0.0136479
30.4125 -0.0136436
30.4225 -0.0136515
30.4325 -0.0136707
30.4425 -0.0136996
30.4525 -0.0137375
30.4625 -0.0137836
30.4725 -0.0138372
30.4825 -0.0138994
30.4925 -0.0139714
30.5025 -0.0140552
30.5125 -0.0141527
30.5225 -0.0142651
30.5325 -0.0143946
30.5425 -0.0145427
30.5525 -0.0147093
30.5625 -0.0148916
30.5725 -0.0150863
30.5825 -0.0152897
30.5925 -0.0154992
30.6025 -0.015714
30.6125 -0.0159346
30.6225 -0.0161614
30.6325 -0.0163939
30.6425 -0.0166318
30.6525 -0.0168746
30.6625 -0.017122
30.6725 -0.0173742
30.6825 -0.0176309
30.6925 -0.0178903
30.7025 -0.0181491
30.7125 -0.0184031
30.7225 -0.0186483
30.7325 -0.0188813
30.7425 -0.0190988
30.7525 -0.0192977
30.7625 -0.0194746
30.7725 -0.0196268
30.7825 -0.0197523
30.7925 -0.0198504
30.8025 -0.0199208
30.8125 -0.0199634
30.8225 -0.0199782
30.8325 -0.0199652
30.8425 -0.019925
30.8525 -0.0198582
30.8625 -0.0197659
30.8725 -0.0196507
30.8825 -0.0195168
30.8925 -0.0193687
30.9025 -0.0192109
30.9125 -0.0190472
30.9225 -0.0188778
30.9325 -0.0187012
30.9425 -0.0185152
30.9525 -0.018317
30.9625 -0.0181046
30.9725 -0.0178772
30.9825 -0.0176346
30.9925 -0.0173766
31.0025 -0.0171027
31.0125 -0.016812
31.0225 -0.0165036
31.0325 -0.0161771
31.0425 -0.0158323
31.0525 -0.0154691
31.0625 -0.0150872
31.0725 -0.0146864
31.0825 -0.0142679
31.0925 -0.0138338
31.1025 -0.0133877
31.1125 -0.0129334
31.1225 -0.0124747
31.1325 -0.012015
31.1425 -0.0115576
31.1525 -0.0111054
31.1625 -0.0106586
31.1725 -0.0102166
31.1825 -0.00977857
31.1925 -0.00934408
31.2025 -0.00891241
31.2125 -0.00848267
31.2225 -0.00805411
31.2325 -0.00762597
31.2425 -0.00719764
31.2525 -0.00676857
31.2625 -0.0063382
31.2725 -0.00590644
31.2825 -0.00547458
31.2925 -0.00504547
31.3025 -0.00462201
31.3125 -0.00420713
31.3225 -0.0038028
31.3325 -0.00340914
31.3425 -0.00302556
31.3525 -0.00265007
31.3625 -0.00228033
31.3725 -0.00191469
31.3825 -0.00155079
31.3925 -0.00118695
31.4025 -0.000821338
31.4125 -0.00045156
31.4225 -7.57474e-05
31.4325 0.000308661
31.4425 0.000702923
31.4525 0.00110589
31.4625 0.00151501
31.4725 0.00192753
31.4825 0.00234114
31.4925 0.00275392
31.5025 0.00316371
31.5125 0.00356795
31.5225 0.00396547
31.5325 0.00435263
31.5425 0.00472536
31.5525 0.0050826
31.5625 0.00542493
31.5725 0.00575339
31.5825 0.00606895
31.5925 0.00637248
31.6025 0.00665262
31.6125 0.006925
31.6225 0.00719121
31.6325 0.00745012
31.6425 0.00770572
31.6525 0.00796263
31.6625 0.00822243
31.6725 0.00848816
31.6825 0.00876706
31.6925 0.009054
31.7025 0.00935553
31.7125 0.00967035
31.7225 0.00999936
31.7325 0.0103434
31.7425 0.0107027
31.7525 0.0110767
31.7625 0.0114651
31.7725 0.0118669
31.7825 0.0122809
31.7925 0.0127068
31.8025 0.013142
31.8125 0.013585
31.8225 0.0140338
31.8325 0.0144864
31.8425 0.0149408
31.8525 0.0153952
31.8625 0.0158482
31.8725 0.0163002
31.8825 0.01675
31.8925 0.0171988
31.9025 0.0176457
31.9125 0.0180843
31.9225 0.0185099
31.9325 0.0189211
31.9425 0.0193226
31.9525 0.0197205
31.9625 0.0200999
31.9725 0.0204657
31.9825 0.020819
31.9925 0.0211626
32.0025 0.0214962
32.015 0.0219009
32.0275 0.0222928
32.04 0.0226692
32.0525 0.0230299
32.065 0.0233748
32.0775 0.0237033
32.09 0.0240166
32.1025 0.024317
32.115 0.0246072
32.1275 0.0248898
32.14 0.0251666
32.1525 0.0254397
32.165 0.0257142
32.1775 0.0259951
32.19 0.0262864
32.2025 0.0265908
32.215 0.0269098
32.2275 0.0272399
32.24 0.0275729
32.2525 0.0279
32.265 0.0282113
32.2775 0.0284973
32.29 0.0287504
32.3025 0.0289657
32.315 0.0291387
32.3275 0.0292657
32.34 0.0293434
32.3525 0.0293697
32.365 0.0293434
32.3775 0.0292642
32.39 0.0291331
32.4025 0.0289518
32.415 0.0287221
32.4275 0.0284456
32.44 0.0281244
32.4525 0.0277619
32.465 0.0273621
32.4775 0.0269288
32.49 0.0264661
32.5025 0.0259782
32.515 0.0254692
32.5275 0.0249447
32.54 0.0244115
32.5525 0.0238764
32.565 0.0233448
32.5775 0.0228182
32.59 0.022293
32.6025 0.0217627
32.615 0.0212206
32.6275 0.0206598
32.64 0.0200734
32.6525 0.0194577
32.665 0.018811
32.6775 0.0181322
32.69 0.0174195
32.7025 0.0166717
32.715 0.0158878
32.7275 0.0150675
32.74 0.0142109
32.7525 0.0133184
32.765 0.0123914
32.7775 0.0114326
32.79 0.0104426
32.8025 0.00942108
32.815 0.00837605
32.8275 0.00730897
32.84 0.00622012
32.8525 0.0051104
32.865 0.00398451
32.8775 0.0028569
32.89 0.00173786
32.9025 0.000637737
32.915 -0.000434764
32.9275 -0.00147415
32.94 -0.00248032
32.9525 -0.00345837
32.965 -0.00441381
32.9775 -0.00535403
32.99 -0.00627574
33.0025 -0.00717962
33.015 -0.00806347
33.0275 -0.00892387
33.04 -0.00975992
33.0525 -0.0105671
33.065 -0.0113434
33.0775 -0.0120901
33.09 -0.0128119
33.1025 -0.0135145
33.115 -0.0141962
33.1275 -0.0148715
33.14 -0.0155374
33.1525 -0.016196
33.165 -0.0168637
33.1775 -0.0175327
33.19 -0.0182049
33.2025 -0.0188856
33.215 -0.0195758
33.2275 -0.020269
33.24 -0.0209623
33.2525 -0.0216588
33.265 -0.0223601
33.2775 -0.0230625
33.29 -0.0237643
33.3025 -0.024464
33.315 -0.02516
33.3275 -0.0258487
33.34 -0.0265262
33.3525 -0.0271856
33.365 -0.0278187
33.3775 -0.0284247
33.39 -0.0289992
33.4025 -0.0295397
33.415 -0.0300555
33.4275 -0.0305308
33.44 -0.0309721
33.4525 -0.0313336
33.465 -0.0315611
33.4775 -0.0317579
33.49 -0.0318817
33.5025 -0.0318841
33.515 -0.0319651
33.5275 -0.0319203
33.54 -0.0318364
33.5525 -0.031767
33.565 -0.031709
33.5775 -0.031639
33.59 -0.0315942
33.6025 -0.031599
33.615 -0.031648
33.6275 -0.0317443
33.64 -0.0319115
33.6525 -0.0321677
33.665 -0.0325049
33.6775 -0.0329161
33.69 -0.0334032
33.7025 -0.0339703
33.715 -0.0346094
33.7275 -0.0353012
33.74 -0.0360342
33.7525 -0.0367972
33.765 -0.0375709
33.7775 -0.0383336
33.79 -0.0390712
33.8025 -0.0397676
33.815 -0.040412
33.8275 -0.0409961
33.84 -0.0415124
33.8525 -0.041956
33.865 -0.0423233
33.8775 -0.0426135
33.89 -0.0428303
33.9025 -0.0429791
33.915 -0.0430661
33.9275 -0.0430996
33.94 -0.0430905
33.9525 -0.0430509
33.965 -0.0429942
33.9775 -0.0429328
33.99 -0.0428771
34.0025 -0.0428369
34.015 -0.0428223
34.0275 -0.0428279
34.04 -0.0428663
34.0525 -0.0429468
34.065 -0.0430712
34.0775 -0.0432435
34.09 -0.0434686
34.1025 -0.0437514
34.115 -0.0440943
34.1275 -0.0444955
34.14 -0.0449502
34.1525 -0.0454536
34.165 -0.0459967
34.1775 -0.0465657
34.19 -0.0471474
34.2025 -0.0477304
34.215 -0.0483017
34.2275 -0.048848
34.24 -0.0493581
34.2525 -0.049826
34.265 -0.0502498
34.2775 -0.050628
34.29 -0.0509607
34.3025 -0.0512504
34.315 -0.0515007
34.3275 -0.0517144
34.34 -0.0518912
34.3525 -0.0520308
34.365 -0.0521349
34.3775 -0.052206
34.39 -0.0522484
34.4025 -0.0522702
34.415 -0.052285
34.4275 -0.0523018
34.44 -0.0523325
34.4525 -0.0523865
34.465 -0.0524689
34.4775 -0.052583
34.49 -0.0527306
34.5025 -0.0529124
34.515 -0.0531283
34.5275 -0.0533758
34.54 -0.053651
34.5525 -0.0539477
34.565 -0.0542584
34.5775 -0.0545757
34.59 -0.054892
34.6025 -0.0551994
34.615 -0.0554913
34.6275 -0.0557604
34.64 -0.0559999
34.6525 -0.0562033
34.665 -0.0563647
34.6775 -0.0564791
34.69 -0.056542
34.7025 -0.0565505
34.715 -0.0565025
34.7275 -0.0563975
34.74 -0.0562361
34.7525 -0.0560203
34.765 -0.0557527
34.7775 -0.055438
34.79 -0.0550824
34.8025 -0.0546938
34.815 -0.0542811
34.8275 -0.0538527
34.84 -0.0534173
34.8525 -0.0529853
34.865 -0.0525649
34.8775 -0.0521639
34.89 -0.0517862
34.9025 -0.0514321
34.915 -0.0511011
34.9275 -0.0507917
34.94 -0.0505014
34.9525 -0.0502265
34.965 -0.0499632
34.9775 -0.0497097
34.99 -0.0494664
35.0025 -0.049233
35.015 -0.0490084
35.0275 -0.0487911
35.04 -0.0485799
35.0525 -0.0483739
35.065 -0.0481726
35.0775 -0.0479756
35.09 -0.047782
35.1025 -0.0475899
35.115 -0.0473979
35.1275 -0.0472053
35.14 -0.0470124
35.1525 -0.0468203
35.165 -0.0466308
35.1775 -0.0464459
35.19 -0.0462683
35.2025 -0.046098
35.215 -0.0459337
35.2275 -0.0457746
35.24 -0.0456204
35.2525 -0.0454711
35.265 -0.0453264
35.2775 -0.0451863
35.29 -0.0450506
35.3025 -0.0449186
35.315 -0.0447895
35.3275 -0.0446615
35.34 -0.0445321
35.3525 -0.044397
35.365 -0.0442576
35.3775 -0.0441165
35.39 -0.0439765
35.4025 -0.0438394
35.415 -0.0437063
35.4275 -0.0435784
35.44 -0.0434558
35.4525 -0.0433373
35.465 -0.0432187
35.4775 -0.0430938
35.49 -0.0429558
35.5025 -0.0427991
35.515 -0.0426166
35.5275 -0.042403
35.54 -0.0421544
35.5525 -0.0418712
35.565 -0.0415562
35.5775 -0.041213
35.59 -0.0408456
35.6025 -0.0404589
35.615 -0.0400579
35.6275 -0.039648
35.64 -0.0392324
35.6525 -0.0388125
35.665 -0.0383897
35.6775 -0.0379655
35.69 -0.0375423
35.7025 -0.0371216
35.715 -0.0367051
35.7275 -0.0362942
35.74 -0.0358905
35.7525 -0.035495
35.765 -0.0351088
35.7775 -0.0347324
35.79 -0.0343661
35.8025 -0.0340111
35.815 -0.0336697
35.8275 -0.0333441
35.84 -0.0330349
35.8525 -0.0327413
35.865 -0.032462
35.8775 -0.0321956
35.89 -0.031941
35.9025 -0.0316956
35.915 -0.0314574
35.9275 -0.0312245
35.94 -0.0309947
35.9525 -0.0307658
35.965 -0.030534
35.9775 -0.0302932
35.99 -0.0300377
36.0025 -0.0297622
36.015 -0.0294617
36.0275 -0.0291324
36.04 -0.028772
36.0525 -0.0283812
36.065 -0.0279613
36.0775 -0.0275145
36.09 -0.027043
36.1025 -0.026549
36.115 -0.0260352
36.1275 -0.0255051
36.14 -0.0249615
36.1525 -0.024407
36.165 -0.023844
36.1775 -0.0232741
36.19 -0.0226989
36.2025 -0.0221194
36.215 -0.0215373
36.2275 -0.0209545
36.24 -0.0203728
36.2525 -0.0197938
36.265 -0.019218
36.2775 -0.0186459
36.29 -0.0180776
36.3025 -0.0175127
36.315 -0.0169507
36.3275 -0.0163904
36.34 -0.0158321
36.3525 -0.0152764
36.365 -0.014724
36.3775 -0.0141746
36.39 -0.0136289
36.4025 -0.0130879
36.415 -0.0125523
36.4275 -0.0120228
36.44 -0.0114999
36.4525 -0.0109845
36.465 -0.0104744
36.4775 -0.00996631
36.49 -0.00945701
36.5025 -0.00894383
36.515 -0.00842454
36.5275 -0.00789733
36.54 -0.00736083
36.5525 -0.00681357
36.565 -0.00625483
36.5775 -0.00568511
36.59 -0.00510754
36.6025 -0.00452654
36.615 -0.00394734
36.6275 -0.00337486
36.64 -0.00281359
36.6525 -0.00226811
36.665 -0.00174231
36.6775 -0.00123981
36.69 -0.000763729
36.7025 -0.00031625
36.715 0.00010296
36.7275 0.000497411
36.74 0.000872871
36.7525 0.00123382
36.765 0.00158665
36.7775 0.00193671
36.79 0.00228703
36.8025 0.00263672
36.815 0.0029845
36.8275 0.00332825
36.84 0.00366775
36.8525 0.00400137
36.865 0.00432716
36.8775 0.00464407
36.89 0.00495094
36.9025 0.00524657
36.915 0.00553224
36.9275 0.00581098
36.94 0.00608608
36.9525 0.00636034
36.965 0.00663631
36.9775 0.00691646
36.99 0.00720284
37.0025 0.00749701
37.015 0.00780045
37.0275 0.00811404
37.04 0.00843863
37.0525 0.00877515
37.065 0.00912342
37.0775 0.0094839
37.09 0.00985623
37.1025 0.0102389
37.115 0.0106309
37.1275 0.0110316
37.14 0.0114237
37.1525 0.0118008
37.165 0.0121761
37.1775 0.0125381
37.19 0.0128904
37.2025 0.0132389
37.215 0.0135848
37.2275 0.0139329
37.24 0.0142881
37.2525 0.0146534
37.265 0.0150316
37.2775 0.0154225
37.29 0.0158236
37.3025 0.0162329
37.315 0.0166488
37.3275 0.0170689
37.34 0.0174906
37.3525 0.0179113
37.365 0.0183285
37.3775 0.0187394
37.39 0.0191411
37.4025 0.0195307
37.415 0.0199056
37.4275 0.0202636
37.44 0.0206044
37.4525 0.0209284
37.465 0.0212358
37.4775 0.0215265
37.49 0.0218004
37.5025 0.0220575
37.515 0.0222976
37.5275 0.0225204
37.54 0.0227255
37.5525 0.0229122
37.565 0.0230797
37.5775 0.0232272
37.59 0.0233536
37.6025 0.023458
37.615 0.0235394
37.6275 0.0235969
37.64 0.0236294
37.6525 0.0236362
37.665 0.0236166
37.6775 0.0235693
37.69 0.0234922
37.7025 0.0233832
37.715 0.0232407
37.7275 0.0230633
37.74 0.02285
37.7525 0.0226008
37.765 0.0223161
37.7775 0.0219962
37.79 0.0216421
37.8025 0.021255
37.815 0.0208361
37.8275 0.0203868
37.84 0.0199089
37.8525 0.0194043
37.865 0.0188768
37.8775 0.0183323
37.89 0.0177763
37.9025 0.0172109
37.915 0.016635
37.9275 0.0160471
37.94 0.0154456
37.9525 0.0148288
37.965 0.0141946
37.9775 0.0135405
37.99 0.012864
38.0025 0.0121627
38.015 0.0114332
38.0275 0.0106719
38.04 0.0098806
38.0525 0.00905607
38.065 0.00819602
38.0775 0.00729629
38.09 0.00636308
38.1025 0.00540541
38.115 0.00443109
38.1275 0.00344826
38.14 0.00246375
38.1525 0.0014834
38.165 0.000512758
38.1775 -0.000444143
38.19 -0.00138265
38.2025 -0.00229883
38.215 -0.00318952
38.2275 -0.00405271
38.24 -0.00488664
38.2525 -0.00568868
38.265 -0.00645747
38.2775 -0.00719228
38.29 -0.00789233
38.3025 -0.00855699
38.315 -0.00918377
38.3275 -0.00976943
38.34 -0.0103112
38.3525 -0.0108089
38.365 -0.0112662
38.3775 -0.0116897
38.39 -0.0120863
38.4025 -0.0124618
38.415 -0.0128191
38.4275 -0.0131618
38.44 -0.0134926
38.4525 -0.0138141
38.465 -0.0141285
38.4775 -0.014438
38.49 -0.0147433
38.5025 -0.0150454
38.515 -0.015344
38.5275 -0.0156396
38.54 -0.0159304
38.5525 -0.0162161
38.565 -0.0164951
38.5775 -0.0167657
38.59 -0.0170269
38.6025 -0.0172763
38.615 -0.0175134
38.6275 -0.0177356
38.64 -0.0179413
38.6525 -0.0181282
38.665 -0.0182946
38.6775 -0.0184392
38.69 -0.0185613
38.7025 -0.0186615
38.715 -0.0187415
38.7275 -0.0188038
38.74 -0.0188511
38.7525 -0.0188867
38.765 -0.018914
38.7775 -0.0189374
38.79 -0.0189603
38.8025 -0.0189876
38.815 -0.0190217
38.8275 -0.0190645
38.84 -0.0191162
38.8525 -0.0191779
38.865 -0.0192534
38.8775 -0.0193472
38.89 -0.0194634
38.9025 -0.0196058
38.915 -0.0197774
38.9275 -0.0199808
38.94 -0.0202183
38.9525 -0.0204913
38.965 -0.0208007
38.9775 -0.0211467
38.99 -0.0215292
39.0025 -0.0219474
39.015 -0.0223999
39.0275 -0.0228847
39.04 -0.0233996
39.0525 -0.0239423
39.065 -0.0245097
39.0775 -0.0250986
39.09 -0.025705
39.1025 -0.0263245
39.115 -0.0269528
39.1275 -0.0275862
39.14 -0.0282212
39.1525 -0.0288554
39.165 -0.0294865
39.1775 -0.030113
39.19 -0.0307339
39.2025 -0.0313477
39.215 -0.0319548
39.2275 -0.0325549
39.24 -0.0331493
39.2525 -0.033738
39.265 -0.0343215
39.2775 -0.0349005
39.29 -0.0354759
39.3025 -0.0360489
39.315 -0.0366211
39.3275 -0.0371944
39.34 -0.0377717
39.3525 -0.0383542
39.365 -0.0389427
39.3775 -0.0395376
39.39 -0.040141
39.4025 -0.0407524
39.415 -0.0413716
39.4275 -0.0419939
39.44 -0.0426176
39.4525 -0.0432424
39.465 -0.0438644
39.4775 -0.0444796
39.49 -0.0450848
39.5025 -0.0456756
39.515 -0.0462483
39.5275 -0.046799
39.54 -0.0473246
39.5525 -0.0478218
39.565 -0.0482854
39.5775 -0.0487093
39.59 -0.0490885
39.6025 -0.0494198
39.615 -0.0496989
39.6275 -0.0499246
39.64 -0.0500947
39.6525 -0.0502086
39.665 -0.0502662
39.6775 -0.0502674
39.69 -0.0502139
39.7025 -0.0501091
39.715 -0.0499562
39.7275 -0.049759
39.74 -0.049525
39.7525 -0.0492638
39.765 -0.0489853
39.7775 -0.0486992
39.79 -0.0484116
39.8025 -0.0481282
39.815 -0.047853
39.8275 -0.0475889
39.84 -0.0473369
39.8525 -0.0470942
39.865 -0.0468582
39.8775 -0.0466273
39.89 -0.0463977
39.9025 -0.0461644
39.915 -0.0459223
39.9275 -0.0456676
39.94 -0.0453976
39.9525 -0.0451111
39.965 -0.0448069
39.9775 -0.0444847
39.99 -0.0441444
40.0025 -0.0437866
40.015 -0.0434125
40.0275 -0.043024
40.04 -0.0426239
40.0525 -0.0422148
40.065 -0.0417992
40.0775 -0.0413786
40.09 -0.0409555
40.1025 -0.0405348
40.115 -0.0401231
40.1275 -0.0397274
40.14 -0.0393547
40.1525 -0.0390111
40.165 -0.0387036
40.1775 -0.0384369
40.19 -0.038214
40.2025 -0.0380347
40.215 -0.0378974
40.2275 -0.0378002
40.24 -0.0377399
40.2525 -0.0377134
40.265 -0.037719
40.2775 -0.0377573
40.29 -0.0378278
40.3025 -0.0379293
40.315 -0.03806
40.3275 -0.0382184
40.34 -0.0384026
40.3525 -0.0386089
40.365 -0.0388309
40.3775 -0.0390607
40.39 -0.0392914
40.4025 -0.0395163
40.415 -0.0397299
40.4275 -0.0399295
40.44 -0.0401159
40.4525 -0.0402908
40.465 -0.0404562
40.4775 -0.0406159
40.49 -0.0407732
40.5025 -0.0409293
40.515 -0.0410838
40.5275 -0.0412365
40.54 -0.0413882
40.5525 -0.0415412
40.565 -0.0416926
40.5775 -0.0418438
40.59 -0.0419974
40.6025 -0.0421564
40.615 -0.0423229
40.6275 -0.0424981
40.64 -0.0426831
40.6525 -0.0428786
40.665 -0.0430838
40.6775 -0.0432967
40.69 -0.0435151
40.7025 -0.0437361
40.715 -0.0439551
40.7275 -0.0441693
40.74 -0.0443745
40.7525 -0.0445662
40.765 -0.0447405
40.7775 -0.0448924
40.79 -0.0450187
40.8025 -0.0451165
40.815 -0.0451824
40.8275 -0.0452136
40.84 -0.0452081
40.8525 -0.0451647
40.865 -0.0450824
40.8775 -0.0449604
40.89 -0.0447984
40.9025 -0.0445973
40.915 -0.044359
40.9275 -0.0440846
40.94 -0.0437761
40.9525 -0.0434362
40.965 -0.0430674
40.9775 -0.0426723
40.99 -0.042253
41.0025 -0.0418123
41.015 -0.0413536
41.0275 -0.0408798
41.04 -0.0403948
41.0525 -0.0399029
41.065 -0.0394076
41.0775 -0.0389131
41.09 -0.0384248
41.1025 -0.0379476
41.115 -0.0374855
41.1275 -0.0370424
41.14 -0.0366213
41.1525 -0.0362246
41.165 -0.0358535
41.1775 -0.035508
41.19 -0.0351842
41.2025 -0.0348765
41.215 -0.0345793
41.2275 -0.0342876
41.24 -0.0339969
41.2525 -0.0337035
41.265 -0.033404
41.2775 -0.0330962
41.29 -0.0327782
41.3025 -0.0324486
41.315 -0.032107
41.3275 -0.0317537
41.34 -0.0313896
41.3525 -0.0310161
41.365 -0.0306349
41.3775 -0.0302487
41.39 -0.0298611
41.4025 -0.0294756
41.415 -0.0291005
41.4275 -0.0287409
41.44 -0.0284035
41.4525 -0.0280939
41.465 -0.0278154
41.4775 -0.0275721
41.49 -0.0273663
41.5025 -0.0271951
41.515 -0.0270557
41.5275 -0.0269456
41.54 -0.0268624
41.5525 -0.0268037
41.565 -0.0267665
41.5775 -0.0267468
41.59 -0.0267408
41.6025 -0.0267437
41.615 -0.0267511
41.6275 -0.026759
41.64 -0.0267633
41.6525 -0.0267602
41.665 -0.0267458
41.6775 -0.0267172
41.69 -0.0266717
41.7025 -0.0266067
41.715 -0.0265208
41.7275 -0.0264125
41.74 -0.0262815
41.7525 -0.0261288
41.765 -0.0259579
41.7775 -0.0257741
41.79 -0.0255826
41.8025 -0.025388
41.815 -0.0251931
41.8275 -0.0249984
41.84 -0.0248036
41.8525 -0.0246088
41.865 -0.024414
41.8775 -0.0242189
41.89 -0.0240234
41.9025 -0.0238281
41.915 -0.0236341
41.9275 -0.0234423
41.94 -0.0232533
41.9525 -0.0230675
41.965 -0.0228844
41.9775 -0.0227036
41.99 -0.0225252
42.0025 -0.0223471
42.015 -0.0221686
42.0275 -0.0219881
42.04 -0.0218051
42.0525 -0.0216182
42.065 -0.0214264
42.0775 -0.0212289
42.09 -0.0210239
42.1025 -0.0208116
42.115 -0.0205913
42.1275 -0.0203625
42.14 -0.020125
42.1525 -0.0198789
42.165 -0.0196243
42.1775 -0.0193617
42.19 -0.0190921
42.2025 -0.0188166
42.215 -0.0185363
42.2275 -0.0182525
42.24 -0.0179669
42.2525 -0.0176815
42.265 -0.0173965
42.2775 -0.017111
42.29 -0.0168238
42.3025 -0.0165338
42.315 -0.0162403
42.3275 -0.0159424
42.34 -0.0156399
42.3525 -0.0153332
42.365 -0.0150231
42.3775 -0.0147101
42.39 -0.0143951
42.4025 -0.0140784
42.415 -0.0137605
42.4275 -0.0134417
42.44 -0.0131223
42.4525 -0.0128034
42.465 -0.0124863
42.4775 -0.0121724
42.49 -0.0118624
42.5025 -0.0115572
42.515 -0.0112575
42.5275 -0.0109633
42.54 -0.0106749
42.5525 -0.0103926
42.565 -0.0101164
42.5775 -0.00984619
42.59 -0.00958258
42.6025 -0.0093252
42.615 -0.00907397
42.6275 -0.0088293
42.64 -0.00859139
42.6525 -0.00836064
42.665 -0.00813752
42.6775 -0.00792264
42.69 -0.00771639
42.7025 -0.0075191
42.715 -0.00733128
42.7275 -0.00715408
42.74 -0.00698597
42.7525 -0.00682573
42.765 -0.00667213
42.7775 -0.00652437
42.79 -0.00638255
42.8025 -0.00624818
42.815 -0.00612366
42.8275 -0.00601051
42.84 -0.00591063
42.8525 -0.00582513
42.865 -0.00575346
42.8775 -0.00569437
42.89 -0.00564622
42.9025 -0.00560729
42.915 -0.0055761
42.9275 -0.00555131
42.94 -0.00553206
42.9525 -0.00551761
42.965 -0.00550725
42.9775 -0.00550015
42.99 -0.00549538
43.0025 -0.00549199
43.015 -0.00548897
43.0275 -0.0054853
43.04 -0.00547994
43.0525 -0.00547185
43.065 -0.00546017
43.0775 -0.00544376
43.09 -0.00542161
43.1025 -0.005393
43.115 -0.00535748
43.1275 -0.0053144
43.14 -0.00526354
43.1525 -0.00520485
43.165 -0.00513822
43.1775 -0.00506373
43.19 -0.00498161
43.2025 -0.00489195
43.215 -0.00479509
43.2275 -0.00469149
43.24 -0.00458158
43.2525 -0.0044659
43.265 -0.00434497
43.2775 -0.00421931
43.29 -0.00408958
43.3025 -0.00395631
43.315 -0.00382008
43.3275 -0.00368172
43.34 -0.00354218
43.3525 -0.00340231
43.365 -0.00326292
43.3775 -0.00312466
43.39 -0.0029881
43.4025 -0.00285375
43.415 -0.00272189
43.4275 -0.00259289
43.44 -0.00246697
43.4525 -0.00234474
43.465 -0.00222668
43.4775 -0.00211312
43.49 -0.00200421
43.5025 -0.0019
43.515 -0.00180065
43.5275 -0.00170597
43.54 -0.00161542
43.5525 -0.00152815
43.565 -0.00144326
43.5775 -0.00136019
43.59 -0.00127835
43.6025 -0.00119728
43.615 -0.00111668
43.6275 -0.00103635
43.64 -0.000956278
43.6525 -0.000876861
43.665 -0.000798881
43.6775 -0.000723258
43.69 -0.00065046
43.7025 -0.000580458
43.715 -0.000513225
43.7275 -0.000449069
43.74 -0.000388441
43.7525 -0.000331833
43.765 -0.000279713
43.7775 -0.000232458
43.79 -0.000190422
43.8025 -0.000154031
43.815 -0.000123518
43.8275 -9.90384e-05
43.84 -8.06589e-05
43.8525 -6.83121e-05
43.865 -6.18273e-05
43.8775 -6.09155e-05
43.89 -6.5191e-05
43.9025 -7.42136e-05
43.915 -8.75688e-05
43.9275 -0.000104628
43.94 -0.000124814
43.9525 -0.000147572
43.965 -0.000172295
43.9775 -0.000198455
43.99 -0.000225438
44.0025 -0.000252742
44.015 -0.000279912
44.0275 -0.000306499
44.04 -0.000332099
44.0525 -0.000356479
44.065 -0.000379458
44.0775 -0.000400974
44.09 -0.000421113
44.1025 -0.000439977
44.115 -0.000457804
44.1275 -0.000474947
44.14 -0.000491898
44.1525 -0.00050915
44.165 -0.00052724
44.1775 -0.000546727
44.19 -0.000568198
44.2025 -0.000592228
44.215 -0.000619338
44.2275 -0.000649927
44.24 -0.000684331
44.2525 -0.000722844
44.265 -0.000765601
44.2775 -0.000812653
44.29 -0.000863987
44.3025 -0.0009195
44.315 -0.000979068
44.3275 -0.00104248
44.34 -0.00110954
44.3525 -0.00117995
44.365 -0.00125346
44.3775 -0.00132975
44.39 -0.00140856
44.4025 -0.00148951
44.415 -0.00157232
44.4275 -0.00165667
44.44 -0.00174217
44.4525 -0.00182857
44.465 -0.00191547
44.4775 -0.0020027
44.49 -0.00208994
44.5025 -0.00217714
44.515 -0.00226435
44.5275 -0.00235132
44.54 -0.00243839
44.5525 -0.00252557
44.565 -0.00261296
44.5775 -0.00270099
44.59 -0.00278959
44.6025 -0.0028792
44.615 -0.00297007
44.6275 -0.00306215
44.64 -0.00315605
44.6525 -0.00325144
44.665 -0.003349
44.6775 -0.00344823
44.69 -0.00354926
44.7025 -0.00365233
44.715 -0.00375713
44.7275 -0.00386359
44.74 -0.00397155
44.7525 -0.00408082
44.765 -0.00419139
44.7775 -0.00430291
44.79 -0.00441508
44.8025 -0.00452758
44.815 -0.00464017
44.8275 -0.00475265
44.84 -0.00486467
44.8525 -0.00497597
44.865 -0.00508632
44.8775 -0.00519551
44.89 -0.0053034
44.9025 -0.00540986
44.915 -0.00551475
44.9275 -0.00561799
44.94 -0.00571958
44.9525 -0.00581951
44.965 -0.00591787
44.9775 -0.00601465
44.99 -0.00610997
45.0025 -0.00620403
45.015 -0.0062969
45.0275 -0.00638884
45.04 -0.00648003
45.0525 -0.00657067
45.065 -0.00666097
45.0775 -0.00675109
45.09 -0.00684125
45.1025 -0.00693163
45.115 -0.00702235
45.1275 -0.00711353
45.14 -0.00720525
45.1525 -0.00729756
45.165 -0.00739052
45.1775 -0.00748411
45.19 -0.00757833
45.2025 -0.00767313
45.215 -0.00776837
45.2275 -0.00786387
45.24 -0.0079596
45.2525 -0.00805535
45.265 -0.00815106
45.2775 -0.0082466
45.29 -0.00834182
45.3025 -0.00843663
45.315 -0.00853092
45.3275 -0.00862459
45.34 -0.00871758
45.3525 -0.00880982
45.365 -0.00890126
45.3775 -0.0089919
45.39 -0.0090818
45.4025 -0.00917104
45.415 -0.00925967
45.4275 -0.00934778
45.44 -0.00943542
45.4525 -0.00952271
45.465 -0.00960979
45.4775 -0.00969668
45.49 -0.00978353
45.5025 -0.0098704
45.515 -0.00995738
45.5275 -0.0100445
45.54 -0.0101319
45.5525 -0.0102194
45.565 -0.0103072
45.5775 -0.0103952
45.59 -0.0104833
45.6025 -0.0105715
45.615 -0.0106597
45.6275 -0.0107478
45.64 -0.0108357
45.6525 -0.0109232
45.665 -0.0110101
45.6775 -0.0110964
45.69 -0.0111819
45.7025 -0.0112663
45.715 -0.0113497
45.7275 -0.0114317
45.74 -0.0115123
45.7525 -0.0115913
45.765 -0.0116687
45.7775 -0.0117444
45.79 -0.0118184
45.8025 -0.0118905
45.815 -0.0119608
45.8275 -0.0120294
45.84 -0.0120962
45.8525 -0.0121613
45.865 -0.0122248
45.8775 -0.0122867
45.89 -0.0123471
45.9025 -0.0124062
45.915 -0.012464
45.9275 -0.0125207
45.94 -0.0125763
45.9525 -0.0126309
45.965 -0.0126847
45.9775 -0.0127377
45.99 -0.0127899
46.0025 -0.0128414
46.015 -0.0128923
46.0275 -0.0129426
46.04 -0.0129921
46.0525 -0.0130411
46.065 -0.0130892
46.0775 -0.0131367
46.09 -0.0131832
46.1025 -0.0132289
46.115 -0.0132736
46.1275 -0.0133172
46.14 -0.0133597
46.1525 -0.0134009
46.165 -0.0134408
46.1775 -0.0134794
46.19 -0.0135165
46.2025 -0.0135522
46.215 -0.0135864
46.2275 -0.0136191
46.24 -0.0136504
46.2525 -0.0136802
46.265 -0.0137086
46.2775 -0.0137357
46.29 -0.0137615
46.3025 -0.0137861
46.315 -0.0138097
46.3275 -0.0138322
46.34 -0.013854
46.3525 -0.0138749
46.365 -0.0138953
46.3775 -0.0139151
46.39 -0.0139344
46.4025 -0.0139534
46.415 -0.0139722
46.4275 -0.0139907
46.44 -0.0140092
46.4525 -0.0140275
46.465 -0.0140458
46.4775 -0.0140641
46.49 -0.0140823
46.5025 -0.0141004
46.515 -0.0141185
46.5275 -0.0141363
46.54 -0.014154
46.5525 -0.0141714
46.565 -0.0141885
46.5775 -0.0142052
46.59 -0.0142213
46.6025 -0.0142369
46.615 -0.0142518
46.6275 -0.014266
46.64 -0.0142794
46.6525 -0.014292
46.665 -0.0143036
46.6775 -0.0143143
46.69 -0.014324
46.7025 -0.0143328
46.715 -0.0143406
46.7275 -0.0143474
46.74 -0.0143533
46.7525 -0.0143583
46.765 -0.0143625
46.7775 -0.0143657
46.79 -0.0143682
46.8025 -0.0143699
46.815 -0.0143707
46.8275 -0.0143709
46.84 -0.0143702
46.8525 -0.0143688
46.865 -0.0143666
46.8775 -0.0143636
46.89 -0.0143596
46.9025 -0.0143547
46.915 -0.0143488
46.9275 -0.0143419
46.94 -0.0143339
46.9525 -0.0143247
46.965 -0.0143142
46.9775 -0.0143026
46.99 -0.0142896
47.0025 -0.0142752
47.015 -0.0142594
47.0275 -0.0142421
47.04 -0.0142232
47.0525 -0.0142029
47.065 -0.0141811
47.0775 -0.014158
47.09 -0.0141336
47.1025 -0.014108
47.115 -0.0140813
47.1275 -0.0140536
47.14 -0.014025
47.1525 -0.0139955
47.165 -0.0139653
47.1775 -0.0139343
47.19 -0.0139028
47.2025 -0.0138708
47.215 -0.0138384
47.2275 -0.0138055
47.24 -0.0137723
47.2525 -0.0137388
47.265 -0.013705
47.2775 -0.0136709
47.29 -0.0136366
47.3025 -0.013602
47.315 -0.0135671
47.3275 -0.0135319
47.34 -0.0134964
47.3525 -0.0134605
47.365 -0.0134242
47.3775 -0.0133876
47.39 -0.0133504
47.4025 -0.0133128
47.415 -0.0132746
47.4275 -0.013236
47.44 -0.0131968
47.4525 -0.0131571
47.465 -0.0131168
47.4775 -0.013076
47.49 -0.0130347
47.5025 -0.012993
47.515 -0.0129509
47.5275 -0.0129084
47.54 -0.0128656
47.5525 -0.0128225
47.565 -0.0127791
47.5775 -0.0127356
47.59 -0.012692
47.6025 -0.0126483
47.615 -0.0126045
47.6275 -0.0125607
47.64 -0.012517
47.6525 -0.0124733
47.665 -0.0124296
47.6775 -0.012386
47.69 -0.0123425
47.7025 -0.012299
47.715 -0.0122555
47.7275 -0.012212
47.74 -0.0121685
47.7525 -0.0121249
47.765 -0.0120812
47.7775 -0.0120373
47.79 -0.0119932
47.8025 -0.0119489
47.815 -0.0119042
47.8275 -0.0118593
47.84 -0.0118139
47.8525 -0.0117681
47.865 -0.0117219
47.8775 -0.0116753
47.89 -0.0116283
47.9025 -0.0115809
47.915 -0.011533
47.9275 -0.0114847
47.94 -0.011436
47.9525 -0.011387
47.965 -0.0113376
47.9775 -0.011288
47.99 -0.0112381
48.0025 -0.0111881
48.015 -0.0111379
48.0275 -0.0110875
48.04 -0.0110371
48.0525 -0.0109868
48.065 -0.0109364
48.0775 -0.010886
48.09 -0.0108357
48.1025 -0.0107855
48.115 -0.0107353
48.1275 -0.0106853
48.14 -0.0106353
48.1525 -0.0105854
48.165 -0.0105356
48.1775 -0.0104859
48.19 -0.0104362
48.2025 -0.0103865
48.215 -0.0103368
48.2275 -0.010287
48.24 -0.0102373
48.2525 -0.0101874
48.265 -0.0101375
48.2775 -0.0100875
48.29 -0.0100374
48.3025 -0.00998711
48.315 -0.00993677
48.3275 -0.00988634
48.34 -0.00983583
48.3525 -0.00978525
48.365 -0.00973463
48.3775 -0.009684
48.39 -0.00963343
48.4025 -0.00958293
48.415 -0.00953258
48.4275 -0.0094824
48.44 -0.00943245
48.4525 -0.00938278
48.465 -0.00933344
48.4775 -0.0092845
48.49 -0.00923598
48.5025 -0.00918794
48.515 -0.00914041
48.5275 -0.00909341
48.54 -0.00904698
48.5525 -0.00900113
48.565 -0.00895587
48.5775 -0.00891123
48.59 -0.00886718
48.6025 -0.00882372
48.615 -0.00878085
48.6275 -0.00873854
48.64 -0.00869678
48.6525 -0.00865555
48.665 -0.00861482
48.6775 -0.00857456
48.69 -0.00853476
48.7025 -0.00849539
48.715 -0.00845642
48.7275 -0.00841786
48.74 -0.00837968
48.7525 -0.00834187
48.765 -0.00830444
48.7775 -0.00826738
48.79 -0.00823071
48.8025 -0.00819443
48.815 -0.00815857
48.8275 -0.00812314
48.84 -0.00808818
48.8525 -0.0080537
48.865 -0.00801974
48.8775 -0.00798632
48.89 -0.00795348
48.9025 -0.00792125
48.915 -0.00788964
48.9275 -0.00785869
48.94 -0.0078284
48.9525 -0.00779879
48.965 -0.00776986
48.9775 -0.00774162
48.99 -0.00771408
49.0025 -0.00768722
49.015 -0.00766104
49.0275 -0.00763551
49.04 -0.00761061
49.0525 -0.00758632
49.065 -0.00756262
49.0775 -0.00753947
49.09 -0.00751685
49.1025 -0.00749473
49.115 -0.00747309
49.1275 -0.00745189
49.14 -0.00743114
49.1525 -0.0074108
49.165 -0.00739085
49.1775 -0.00737129
49.19 -0.00735212
49.2025 -0.00733331
49.215 -0.00731487
49.2275 -0.00729681
49.24 -0.00727911
49.2525 -0.00726179
49.265 -0.00724487
49.2775 -0.00722833
49.29 -0.00721221
49.3025 -0.00719652
49.315 -0.00718127
49.3275 -0.00716649
49.34 -0.0071522
49.3525 -0.00713841
49.365 -0.00712515
49.3775 -0.00711243
49.39 -0.00710027
49.4025 -0.00708869
49.415 -0.0070777
49.4275 -0.00706732
49.44 -0.00705755
49.4525 -0.0070484
49.465 -0.00703987
49.4775 -0.00703197
49.49 -0.00702469
49.5025 -0.00701804
49.515 -0.007012
49.5275 -0.00700657
49.54 -0.00700174
49.5525 -0.0069975
49.565 -0.00699385
49.5775 -0.00699077
49.59 -0.00698826
49.6025 -0.00698633
49.615 -0.00698497
49.6275 -0.00698419
49.64 -0.00698397
49.6525 -0.00698435
49.665 -0.00698535
49.6775 -0.00698701
49.69 -0.00698937
49.7025 -0.00699247
49.715 -0.00699635
49.7275 -0.00700108
49.74 -0.00700668
49.7525 -0.0070132
49.765 -0.00702067
49.7775 -0.00702912
49.79 -0.00703856
49.8025 -0.00704899
49.815 -0.00706042
49.8275 -0.00707283
49.84 -0.0070862
49.8525 -0.00710051
49.865 -0.00711574
49.8775 -0.00713186
49.89 -0.00714883
49.9025 -0.0071666
49.915 -0.00718513
49.9275 -0.00720435
49.94 -0.00722423
49.9525 -0.00724473
49.965 -0.00726578
49.9775 -0.00728736
49.99 -0.00730944
50.0025 -0.00733197
50.015 -0.00735493
50.0275 -0.00737829
50.04 -0.00740204
50.0525 -0.00742614
50.065 -0.0074506
50.0775 -0.00747539
50.09 -0.00750051
50.1025 -0.00752593
50.115 -0.00755165
50.1275 -0.00757767
50.14 -0.00760394
50.1525 -0.00763044
50.165 -0.00765718
50.1775 -0.00768408
50.19 -0.00771117
50.2025 -0.00773836
50.215 -0.00776562
50.2275 -0.00779294
50.24 -0.00782018
50.2525 -0.00784737
50.265 -0.00787438
50.2775 -0.0079012
50.29 -0.00792771
50.3025 -0.00795391
50.315 -0.00797971
50.3275 -0.00800501
50.34 -0.00802987
50.3525 -0.00805414
50.365 -0.00807781
50.3775 -0.00810091
50.39 -0.00812333
50.4025 -0.0081451
50.415 -0.00816628
50.4275 -0.00818681
50.44 -0.00820674
50.4525 -0.00822607
50.465 -0.00824487
50.4775 -0.00826322
50.49 -0.00828112
50.5025 -0.00829861
50.515 -0.00831575
50.5275 -0.00833261
50.54 -0.00834926
50.5525 -0.00836572
50.565 -0.00838206
50.5775 -0.00839832
50.59 -0.00841455
50.6025 -0.00843074
50.615 -0.00844693
50.6275 -0.00846313
50.64 -0.00847934
50.6525 -0.00849558
50.665 -0.00851181
50.6775 -0.00852803
50.69 -0.00854421
50.7025 -0.00856031
50.715 -0.00857632
50.7275 -0.00859218
50.74 -0.00860786
50.7525 -0.00862332
50.765 -0.00863854
50.7775 -0.00865348
50.79 -0.00866812
50.8025 -0.00868242
50.815 -0.00869639
50.8275 -0.00871002
50.84 -0.00872331
50.8525 -0.00873626
50.865 -0.00874891
50.8775 -0.00876127
50.89 -0.00877338
50.9025 -0.00878527
50.915 -0.008797
50.9275 -0.00880862
50.94 -0.00882017
50.9525 -0.0088317
50.965 -0.00884327
50.9775 -0.00885491
50.99 -0.00886668
51.0025 -0.0088786
51.015 -0.00889071
51.0275 -0.00890303
51.04 -0.00891557
51.0525 -0.00892834
51.065 -0.00894132
51.0775 -0.00895451
51.09 -0.00896787
51.1025 -0.00898137
51.115 -0.00899499
51.1275 -0.00900866
51.14 -0.00902233
51.1525 -0.00903596
51.165 -0.00904948
51.1775 -0.00906283
51.19 -0.00907596
51.2025 -0.00908881
51.215 -0.00910134
51.2275 -0.0091135
51.24 -0.00912526
51.2525 -0.00913657
51.265 -0.00914743
51.2775 -0.00915782
51.29 -0.00916772
51.3025 -0.00917716
51.315 -0.00918612
51.3275 -0.00919464
51.34 -0.00920273
51.3525 -0.00921042
51.365 -0.00921773
51.3775 -0.00922469
51.39 -0.00923132
51.4025 -0.00923766
51.415 -0.00924373
51.4275 -0.00924954
51.44 -0.00925511
51.4525 -0.00926044
51.465 -0.00926553
51.4775 -0.00927038
51.49 -0.00927497
51.5025 -0.00927929
51.515 -0.0092833
51.5275 -0.00928698
51.54 -0.0092903
51.5525 -0.00929321
51.565 -0.00929568
51.5775 -0.00929767
51.59 -0.00929914
51.6025 -0.00930006
51.615 -0.00930041
51.6275 -0.00930014
51.64 -0.00929923
51.6525 -0.00929768
51.665 -0.00929547
51.6775 -0.0092926
51.69 -0.00928908
51.7025 -0.00928493
51.715 -0.00928018
51.7275 -0.00927485
51.74 -0.00926898
51.7525 -0.0092626
51.765 -0.00925579
51.7775 -0.0092486
51.79 -0.00924111
51.8025 -0.00923338
51.815 -0.00922546
51.8275 -0.00921741
51.84 -0.00920928
51.8525 -0.00920111
51.865 -0.00919294
51.8775 -0.00918478
51.89 -0.00917667
51.9025 -0.0091686
51.915 -0.00916058
51.9275 -0.00915261
51.94 -0.00914469
51.9525 -0.00913679
51.965 -0.0091289
51.9775 -0.009121
51.99 -0.00911306
52.0025 -0.00910507
52.015 -0.00909704
52.0275 -0.00908892
52.04 -0.00908069
52.0525 -0.00907235
52.065 -0.00906389
52.0775 -0.00905529
52.09 -0.00904654
52.1025 -0.00903766
52.115 -0.00902864
52.1275 -0.0090195
52.14 -0.00901024
52.1525 -0.00900088
52.165 -0.00899143
52.1775 -0.00898191
52.19 -0.00897234
52.2025 -0.00896273
52.215 -0.00895311
52.2275 -0.00894351
52.24 -0.00893392
52.2525 -0.00892436
52.265 -0.00891485
52.2775 -0.00890537
52.29 -0.00889594
52.3025 -0.00888655
52.315 -0.00887718
52.3275 -0.00886782
52.34 -0.00885845
52.3525 -0.00884905
52.365 -0.0088396
52.3775 -0.00883006
52.39 -0.00882041
52.4025 -0.00881062
52.415 -0.00880065
52.4275 -0.00879047
52.44 -0.00878005
52.4525 -0.00876938
52.465 -0.00875842
52.4775 -0.00874714
52.49 -0.00873554
52.5025 -0.00872358
52.515 -0.00871127
52.5275 -0.00869859
52.54 -0.00868554
52.5525 -0.00867211
52.565 -0.00865832
52.5775 -0.00864418
52.59 -0.0086297
52.6025 -0.0086149
52.615 -0.0085998
52.6275 -0.00858442
52.64 -0.00856879
52.6525 -0.00855294
52.665 -0.00853689
52.6775 -0.00852066
52.69 -0.00850429
52.7025 -0.00848779
52.715 -0.00847119
52.7275 -0.00845451
52.74 -0.00843775
52.7525 -0.00842095
52.765 -0.0084041
52.7775 -0.00838722
52.79 -0.00837032
52.8025 -0.0083534
52.815 -0.00833645
52.8275 -0.00831949
52.84 -0.00830251
52.8525 -0.00828551
52.865 -0.00826847
52.8775 -0.00825141
52.89 -0.00823432
52.9025 -0.00821721
52.915 -0.00820007
52.9275 -0.00818292
52.94 -0.00816574
52.9525 -0.00814856
52.965 -0.00813139
52.9775 -0.00811425
52.99 -0.00809715
53.0025 -0.00808012
53.015 -0.00806317
53.0275 -0.00804634
53.04 -0.00802964
53.0525 -0.00801311
53.065 -0.00799678
53.0775 -0.00798067
53.09 -0.00796482
53.1025 -0.00794923
53.115 -0.00793394
53.1275 -0.00791896
53.14 -0.00790431
53.1525 -0.00788999
53.165 -0.00787602
53.1775 -0.0078624
53.19 -0.00784914
53.2025 -0.00783623
53.215 -0.00782366
53.2275 -0.00781143
53.24 -0.00779953
53.2525 -0.00778795
53.265 -0.00777666
53.2775 -0.00776566
53.29 -0.00775492
53.3025 -0.00774441
53.315 -0.00773413
53.3275 -0.00772405
53.34 -0.00771416
53.3525 -0.00770443
53.365 -0.00769486
53.3775 -0.00768542
53.39 -0.00767612
53.4025 -0.00766693
53.415 -0.00765786
53.4275 -0.00764889
53.44 -0.00764001
53.4525 -0.00763124
53.465 -0.00762257
53.4775 -0.00761398
53.49 -0.0076055
53.5025 -0.00759711
53.515 -0.00758882
53.5275 -0.00758064
53.54 -0.00757256
53.5525 -0.00756458
53.565 -0.00755671
53.5775 -0.00754894
53.59 -0.00754127
53.6025 -0.00753369
53.615 -0.00752621
53.6275 -0.00751881
53.64 -0.00751149
53.6525 -0.00750424
53.665 -0.00749705
53.6775 -0.00748992
53.69 -0.00748284
53.7025 -0.00747579
53.715 -0.00746878
53.7275 -0.00746179
53.74 -0.00745482
53.7525 -0.00744785
53.765 -0.0074409
53.7775 -0.00743395
53.79 -0.00742701
53.8025 -0.00742008
53.815 -0.00741316
53.8275 -0.00740625
53.84 -0.00739937
53.8525 -0.00739252
53.865 -0.00738573
53.8775 -0.00737899
53.89 -0.00737234
53.9025 -0.00736579
53.915 -0.00735936
53.9275 -0.00735306
53.94 -0.00734693
53.9525 -0.00734099
53.965 -0.00733526
53.9775 -0.00732976
53.99 -0.00732452
54.0025 -0.00731956
54.015 -0.00731491
54.0275 -0.00731059
54.04 -0.00730661
54.0525 -0.007303
54.065 -0.00729978
54.0775 -0.00729695
54.09 -0.00729453
54.1025 -0.00729254
54.115 -0.00729096
54.1275 -0.00728982
54.14 -0.00728912
54.1525 -0.00728884
54.165 -0.007289
54.1775 -0.00728957
54.19 -0.00729055
54.2025 -0.00729194
54.215 -0.00729373
54.2275 -0.00729591
54.24 -0.00729848
54.2525 -0.00730142
54.265 -0.00730474
54.2775 -0.00730843
54.29 -0.00731248
54.3025 -0.00731688
54.315 -0.00732162
54.3275 -0.0073267
54.34 -0.00733211
54.3525 -0.00733784
54.365 -0.00734388
54.3775 -0.00735022
54.39 -0.00735683
54.4025 -0.0073637
54.415 -0.00737081
54.4275 -0.00737813
54.44 -0.00738564
54.4525 -0.00739332
54.465 -0.00740115
54.4775 -0.00740909
54.49 -0.00741712
54.5025 -0.00742523
54.515 -0.00743338
54.5275 -0.00744155
54.54 -0.00744972
54.5525 -0.00745788
54.565 -0.007466
54.5775 -0.00747408
54.59 -0.0074821
54.6025 -0.00749004
54.615 -0.00749791
54.6275 -0.0075057
54.64 -0.00751342
54.6525 -0.00752105
54.665 -0.00752861
54.6775 -0.0075361
54.69 -0.00754353
54.7025 -0.00755092
54.715 -0.00755825
54.7275 -0.00756554
54.74 -0.0075728
54.7525 -0.00758002
54.765 -0.00758722
54.7775 -0.00759437
54.79 -0.0076015
54.8025 -0.00760858
54.815 -0.00761562
54.8275 -0.00762262
54.84 -0.00762956
54.8525 -0.00763647
54.865 -0.00764331
54.8775 -0.0076501
54.89 -0.00765684
54.9025 -0.00766354
54.915 -0.00767018
54.9275 -0.00767679
54.94 -0.00768337
54.9525 -0.00768991
54.965 -0.00769643
54.9775 -0.00770295
54.99 -0.00770947
55.0025 -0.00771599
55.015 -0.00772253
55.0275 -0.00772908
55.04 -0.00773566
55.0525 -0.00774227
55.065 -0.00774892
55.0775 -0.00775561
55.09 -0.00776234
55.1025 -0.0077691
55.115 -0.00777589
55.1275 -0.0077827
55.14 -0.00778953
55.1525 -0.00779638
55.165 -0.00780323
55.1775 -0.00781009
55.19 -0.00781693
55.2025 -0.00782376
55.215 -0.00783057
55.2275 -0.00783735
