0 0 0
0 0 0
0 0 0
0 0 0
0 0 0
0 0 0
0 0 0
0 0 0
0 0 0
0 0 0
0 0 0
0 0 0
0 0 0
0 0 0
0 0 0
0 0 0
0 0 0
0 0 0
0 0 0
0 0 0
0 0 0
0 0 0
0 0 0
0 0 0
0 0 0
0 0 0
0 0 0
0 0 0
0 0 0
0 0 0
0 0 0
0 0 0
0 0 0
0 0 0
0 0 0
0 0 0
0 0 0
0 0 0
0 0 0
0 0 0
0 0 0
0 0 0
0 0 0
0 0 0
0 0 0
0 0 0
0 0 0
0 0 0
0 0 0
0 0 0
0 0 0
0 0 0
0 0 0
0 0 0
0 0 0
0 0 0
0 0 0
0 0 0
0 0 0
0 0 0
0 0 0
0 0 0
0 0 0
0 0 0
0 0 0
0 0 0
0 0 0
0 0 0
0 0 0
0 0 0
0 0 0
0 0 0
0 0 0
0 0 0
0 0 0
0 0 0
0 0 0
0 0 0
0 0 0
0 0 0
0 0 0
0 0 0
0 0 0
0 0 0
0 0 0
0 0 0
0 0 0
0 0 0
0 0 0
0 0 0.0218122
0 0 0.0347317
0 0 0.0448722
0 0 0.0481796
0 0 0.0464436
0 0 0.0414434
0 0 0.0333872
0 0 0.0272051
0 0 0.0272051
0 0 0.0272051
0 0 0.0272051
0 0 0.0272051
0 0 0.0272051
0 0 0.0272051
0 0 0.0272051
0 0 0.0272051
0 0 0.0272051
0 0 0.0272051
0 0 0.0272051
0 0 0.0272051
0 0 0.0272051
0 0 0.0272051
0 0 0.0272051
0 0 0.0272051
0 0 0.0272051
0 0 0.0272051
0 0 0.0272051
0 0 0.0272051
0 0 0.0272051
0 0 0.0272051
0 0 0.0272051
0 0 0.0272051
0 0 0.0272051
0 0 0.0272051
0 0 0.0272051
0.011003 0 0.0272051
0.0301351 0 0.0272051
0.0498989 0 0.0272051
0.0696568 0 0.0272051
0.0885782 0 0.0272051
0.105903 0 0.0272051
0.120996 0 0.0272051
0.133186 0 0.0272051
0.1417 0 0.0272051
0.146131 0.00510963 0.0272051
0.146682 0.0283522 0.0272051
0.145014 0.0474704 0.0272051
0.141787 0.0621683 0.0272051
0.137244 0.0723767 0.0568017
0.131519 0.078261 0.0938822
0.124759 0.080129 0.130214
0.117127 0.0792757 0.164824
0.108757 0.076913 0.196712
0.099779 0.0733391 0.224901
0.0903461 0.0688455 0.248473
0.0806812 0.063692 0.266616
0.076813 0.0580912 0.278656
0.076813 0.052217 0.284085
0.076813 0.046191 0.283458
0.076813 0.0425304 0.279166
0.076813 0.0425304 0.271372
0.076813 0.0425304 0.260205
0.076813 0.0425304 0.245885
0.076813 0.0425304 0.228722
0.076813 0.0425304 0.209103
0.076813 0.0425304 0.187478
0.076813 0.0425304 0.164334
0.076813 0.0425304 0.159567
0.076813 0.0425304 0.159567
0.076813 0.0425304 0.159567
0.076813 0.0425304 0.159567
0.076813 0.0425304 0.159567
0.076813 0.0425304 0.159567
0.076813 0.0425304 0.159567
0.076813 0.0425304 0.159567
0.076813 0.0425304 0.159567
0.076813 0.0425304 0.159567
0.076813 0.0425304 0.159567
0.076813 0.0425304 0.159567
0.076813 0.0425304 0.159567
0.076813 0.0425304 0.155389
0.076813 0.0425304 0.153346
0.076813 0.0425304 0.153346
0.076813 0.0425304 0.153346
0.0743124 0.0425304 0.153346
0.0743124 0.0425304 0.153346
0.0743124 0.0425304 0.153346
0.0743124 0.04015 0.153346
0.0743124 0.04015 0.153346
0.0734513 0.04015 0.153346
0.0734513 0.04015 0.153346
0.0734513 0.0401294 0.153346
0.0734395 0.0401294 0.153346
0.0734395 0.0401294 0.153346
0.0734395 0.0401294 0.153346
0.0734395 0.0401294 0.152667
0.0734395 0.0401294 0.152667
0.0734395 0.0401294 0.152667
0.0734395 0.0401294 0.15266
0.0734395 0.0401294 0.15266
0.0734395 0.0401294 0.15266
0.0734395 0.0401294 0.15266
0.0734395 0.0401294 0.15266
0.0734395 0.0401294 0.15266
0.0734395 0.0401294 0.15266
0.0734395 0.0401294 0.15266
0.0734395 0.0401294 0.15266
0.0734395 0.0401294 0.15266
0.0734395 0.0401294 0.15266
0.0734395 0.0401294 0.15266
0.0734395 0.0401294 0.15266
0.0734395 0.0401294 0.15266
0.0734395 0.0401294 0.15266
0.0734395 0.0401294 0.15266
0.0734395 0.0401294 0.15266
0.0734395 0.0401294 0.15266
0.0734395 0.0401294 0.15266
0.0734395 0.0401294 0.15266
0.0734395 0.0401294 0.15266
0.0734395 0.0401294 0.15266
0.0734395 0.0401294 0.15266
0.0734395 0.0401294 0.15266
0.0734395 0.0401294 0.15266
0.0734395 0.0401294 0.165516
0.0734395 0.0401294 0.172983
0.0734395 0.0401294 0.174969
0.0734395 0.0401294 0.1732
0.0734395 0.0401294 0.168729
0.0734395 0.0401294 0.165516
0.0734395 0.0401294 0.165516
0.0734395 0.0401294 0.165516
0.0734395 0.0401294 0.165516
0.0734395 0.0401294 0.165516
0.0734395 0.0401294 0.165516
0.0734395 0.0401294 0.165516
0.0734395 0.0401294 0.165516
0.0734395 0.0401294 0.165516
0.0734395 0.0401294 0.165516
0.0734395 0.0401294 0.165516
0.0734395 0.0401294 0.165516
0.0734395 0.0401294 0.165516
0.0734395 0.0401294 0.165516
0.0734395 0.0401294 0.165516
0.0734395 0.0401294 0.165516
0.0734395 0.0401294 0.165516
0.0734395 0.0401294 0.165516
0.0734395 0.0401294 0.165516
0.0734395 0.0401294 0.165516
0.0734395 0.0401294 0.165516
0.0734395 0.0401294 0.165516
0.0734395 0.0401294 0.165516
0.0734218 0.0401294 0.165516
0.0734218 0.0401294 0.165516
0.0734218 0.0401294 0.163829
0.0734218 0.0401294 0.163829
0.0734218 0.0401294 0.163829
0.0734218 0.0401294 0.163829
0.0734218 0.0401294 0.163829
0.0734218 0.0401294 0.163829
0.0734218 0.0400836 0.163829
0.0734218 0.0400836 0.163829
0.0734218 0.0400836 0.163823
0.0734218 0.0400836 0.163823
0.0734218 0.0400836 0.163823
0.0734218 0.0400836 0.163823
0.0734218 0.0400836 0.163823
0.0734218 0.0400836 0.163823
0.0734218 0.0400836 0.163823
0.0734218 0.0400836 0.163823
0.0734218 0.0400836 0.163823
0.0734218 0.0400836 0.163823
0.0734218 0.0400836 0.163823
0.0734218 0.0400836 0.163823
0.0734218 0.0400836 0.163823
0.0734218 0.0400836 0.163823
0.0734218 0.0400836 0.163823
0.0734218 0.0400836 0.163823
0.0734218 0.0400836 0.163823
0.0734218 0.0400836 0.163823
0.0734218 0.0400836 0.163823
0.0734218 0.0400836 0.163823
0.0734218 0.0400836 0.163823
0.0734218 0.0400836 0.163823
0.0946179 0.0400836 0.163823
0.119861 0.0400836 0.163823
0.142889 0.0400836 0.163823
0.163119 0.0400836 0.207492
0.18095 0.0400836 0.265099
0.196427 0.0785115 0.322082
0.209841 0.116248 0.378265
0.221626 0.153452 0.432542
0.232228 0.190108 0.483106
0.242748 0.222866 0.482655
0.254197 0.247089 0.486692
0.263609 0.27615 0.492555
0.27383 0.301915 0.497048
0.283719 0.328747 0.497126
0.293557 0.354518 0.49594
0.303837 0.377604 0.495801
0.314308 0.39899 0.498217
0.325115 0.418498 0.501488
0.33615 0.436311 0.502966
0.347426 0.452012 0.502607
0.358906 0.465158 0.502022
0.370258 0.475719 0.502159
0.380916 0.483801 0.503397
0.391326 0.489249 0.503237
0.401411 0.491459 0.500142
0.411145 0.490919 0.494544
0.420511 0.488729 0.487216
0.429651 0.484907 0.478348
0.438646 0.479561 0.467644
0.447622 0.472735 0.454849
0.456643 0.464506 0.440098
0.465722 0.454965 0.423808
0.474861 0.444242 0.4063
0.484051 0.432488 0.387625
0.493199 0.419873 0.367712
0.502171 0.406575 0.346622
0.510902 0.392767 0.346622
0.519423 0.37861 0.346622
0.527776 0.364269 0.346622
0.535968 0.349912 0.346622
0.543979 0.335702 0.346622
0.55172 0.321791 0.346622
0.553042 0.310374 0.346622
0.551775 0.300955 0.346622
0.552291 0.290202 0.346622
0.55196 0.280834 0.346622
0.552018 0.27126 0.346622
0.55209 0.266791 0.346622
0.552372 0.266791 0.346622
0.552627 0.266791 0.346622
0.552753 0.266791 0.346622
0.552804 0.266791 0.346622
0.552737 0.266791 0.346622
0.552543 0.266791 0.346622
0.552216 0.266791 0.346622
0.55175 0.266791 0.346622
0.551138 0.266791 0.346622
0.55038 0.266791 0.346622
0.549493 0.266791 0.346622
0.548499 0.266791 0.346622
0.547403 0.266791 0.346622
0.546216 0.266791 0.346622
0.545013 0.266791 0.346622
0.543823 0.266791 0.346622
0.542712 0.266791 0.346622
0.541738 0.266791 0.346622
0.540964 0.266791 0.346622
0.540454 0.266791 0.346622
0.54027 0.266791 0.346622
0.540673 0.266791 0.346622
0.541954 0.266791 0.346622
0.544217 0.266791 0.346622
0.547813 0.286503 0.346622
0.552291 0.30695 0.346622
0.556681 0.329416 0.346622
0.561515 0.352755 0.346622
0.566212 0.377855 0.346622
0.570844 0.403671 0.346622
0.575161 0.430121 0.346622
0.57904 0.456948 0.346622
0.582298 0.484045 0.346622
0.58474 0.511135 0.346622
0.586166 0.537809 0.357816
0.58642 0.563698 0.379842
0.58585 0.588491 0.401513
0.584524 0.6119 0.422635
0.58237 0.633609 0.442843
0.579322 0.653289 0.461945
0.57532 0.670641 0.480008
0.570317 0.685409 0.49715
0.564287 0.697366 0.513322
0.557233 0.706307 0.528309
0.549185 0.712063 0.54189
0.540191 0.714514 0.553956
0.530316 0.71409 0.564481
0.519626 0.711914 0.5734
0.508174 0.708044 0.580548
0.496015 0.702521 0.585715
0.483219 0.695407 0.588722
0.469876 0.686777 0.589465
0.456119 0.676687 0.588084
0.44211 0.665141 0.58492
0.427983 0.652289 0.579855
0.413887 0.638231 0.572823
0.399949 0.623116 0.563719
0.386233 0.607087 0.552508
0.372722 0.590293 0.539215
0.359392 0.572884 0.523891
0.346233 0.555001 0.506591
0.33972 0.536774 0.487374
0.33972 0.518308 0.471759
0.33972 0.499697 0.471759
0.33972 0.495032 0.471759
0.33972 0.495032 0.471759
0.33972 0.495032 0.471759
0.33972 0.495032 0.471759
0.33972 0.495032 0.471759
0.33972 0.495032 0.471759
0.33972 0.495032 0.471759
0.33972 0.495032 0.471759
0.33972 0.495032 0.471759
0.33972 0.495032 0.471759
0.33972 0.495032 0.471759
0.33972 0.495032 0.471759
0.33972 0.495032 0.471759
0.33972 0.495032 0.466143
0.33972 0.495032 0.458125
0.33972 0.495032 0.458125
0.33972 0.495032 0.458125
0.33972 0.495032 0.458125
0.33972 0.495032 0.458125
0.33972 0.495032 0.458125
0.33972 0.490939 0.458125
0.33972 0.490939 0.458125
0.33972 0.490939 0.458125
0.33972 0.490939 0.458125
0.33972 0.490939 0.458125
0.33972 0.490939 0.457386
0.33972 0.490939 0.457386
0.33972 0.490939 0.457386
0.33972 0.490939 0.457386
0.33972 0.490939 0.457386
0.33972 0.490939 0.457364
0.33972 0.490939 0.457364
0.33972 0.490939 0.457364
0.33972 0.490939 0.457364
0.33972 0.490939 0.457364
0.33972 0.490939 0.457364
0.33972 0.489678 0.457364
0.33972 0.489678 0.457364
0.33972 0.489678 0.457364
0.33972 0.489678 0.457364
0.33972 0.489678 0.457364
0.337525 0.489678 0.457364
0.337525 0.489678 0.457364
0.337525 0.489678 0.457364
0.337525 0.489678 0.457364
0.337498 0.489678 0.457364
0.337498 0.489678 0.457364
0.337498 0.489678 0.457364
0.337498 0.489678 0.457364
0.337498 0.489678 0.457364
0.337498 0.489678 0.457364
0.337498 0.489678 0.457364
0.337498 0.489678 0.457364
0.337498 0.489678 0.457364
0.337498 0.489678 0.457364
0.337498 0.489678 0.457364
0.337498 0.489678 0.457364
0.337498 0.489678 0.457364
0.337498 0.489678 0.457364
0.337498 0.489678 0.457364
0.337498 0.489678 0.457364
0.337498 0.489678 0.457364
0.337498 0.489678 0.457364
0.337498 0.489678 0.457364
0.337498 0.489678 0.457364
0.337498 0.489678 0.457364
0.337498 0.489678 0.457364
0.337498 0.489678 0.457364
0.337498 0.489678 0.457364
0.337498 0.489678 0.457364
0.337498 0.489678 0.457364
0.337498 0.489678 0.457364
0.337498 0.489678 0.457364
0.337498 0.489678 0.457364
0.337498 0.489678 0.457364
0.337498 0.489678 0.457364
0.337498 0.489678 0.457364
0.337498 0.489678 0.457364
0.337498 0.489678 0.457364
0.337498 0.489669 0.457364
0.337498 0.489669 0.457364
0.337498 0.489669 0.457364
0.337498 0.489669 0.457364
0.337498 0.489669 0.457364
0.337498 0.489669 0.457364
0.337498 0.489669 0.457364
0.337498 0.489669 0.457364
0.337498 0.489669 0.457364
0.337498 0.489668 0.457364
0.337498 0.489668 0.457364
0.337498 0.489668 0.457364
0.337498 0.489668 0.457364
0.337498 0.489668 0.457364
0.337498 0.489668 0.457364
0.337498 0.489668 0.457364
0.337498 0.489668 0.457364
0.337498 0.489668 0.457364
0.337498 0.489668 0.457364
0.337498 0.489668 0.457364
0.337498 0.489668 0.457364
0.337498 0.489668 0.457364
0.337498 0.489668 0.457364
0.337498 0.489668 0.457364
0.337498 0.489668 0.457364
0.337498 0.489668 0.457364
0.337498 0.489668 0.457364
0.337498 0.489668 0.457358
0.337498 0.489668 0.457358
0.337498 0.489668 0.457358
0.337498 0.489668 0.457358
0.337498 0.489668 0.457358
0.337498 0.489668 0.457358
0.337498 0.489668 0.457358
0.337498 0.489668 0.457358
0.337498 0.489668 0.457358
0.337498 0.489668 0.457358
0.337498 0.489668 0.457358
0.337498 0.489668 0.457358
0.337498 0.489668 0.457358
0.337498 0.489668 0.457358
0.337498 0.489668 0.457358
0.337498 0.489668 0.457358
0.337498 0.489668 0.457358
0.337498 0.489668 0.457358
0.337498 0.489668 0.457358
0.337498 0.489668 0.457358
0.337498 0.489668 0.457358
0.337498 0.489668 0.457358
0.337498 0.489668 0.457358
0.365354 0.489668 0.457358
0.402789 0.489668 0.457358
0.440258 0.489668 0.457358
0.477635 0.489668 0.457358
0.514762 0.489668 0.457358
0.551428 0.489668 0.457358
0.587358 0.489668 0.457358
0.622309 0.52236 0.457358
0.656152 0.554508 0.457358
0.688762 0.585983 0.457358
0.719961 0.616668 0.457358
0.749551 0.646439 0.457358
0.777352 0.675173 0.457358
0.803241 0.702753 0.457358
0.827178 0.72907 0.46892
0.849137 0.754034 0.484407
0.869025 0.777594 0.499804
0.886772 0.799697 0.51503
0.902429 0.820275 0.5301
0.916124 0.839265 0.545011
0.927997 0.85663 0.55967
0.938148 0.872366 0.57392
0.94664 0.886487 0.587622
0.953539 0.899013 0.600695
0.958937 0.909975 0.613085
0.962933 0.919414 0.62471
0.965619 0.927386 0.635452
0.967086 0.933949 0.645185
0.967458 0.939154 0.65381
0.966935 0.943005 0.661296
0.965357 0.946 0.667483
0.964014 0.947374 0.672386
0.962438 0.947555 0.676015
0.960248 0.947101 0.678201
0.957522 0.946111 0.67895
0.954275 0.944543 0.678053
0.950498 0.942296 0.675841
0.946177 0.93941 0.672304
0.941327 0.935852 0.667499
0.935933 0.931602 0.661407
0.92997 0.92663 0.654064
0.923414 0.920906 0.645578
0.916214 0.914408 0.636079
0.908301 0.907112 0.625681
0.899621 0.898995 0.614466
0.890144 0.890034 0.602519
0.879839 0.880214 0.589953
0.86867 0.869527 0.576897
0.856597 0.857971 0.570225
0.843601 0.845553 0.570225
0.829681 0.832285 0.570225
0.814854 0.818194 0.570225
0.799135 0.803316 0.570225
0.782535 0.787701 0.570225
0.765084 0.771407 0.570225
0.746846 0.754499 0.570225
0.727919 0.737047 0.570225
0.708401 0.723646 0.570225
0.688301 0.723646 0.570225
0.667687 0.723646 0.570225
0.657369 0.723646 0.570225
0.657369 0.723646 0.570225
0.657369 0.723646 0.570225
0.657369 0.723646 0.570225
0.657369 0.723646 0.570225
0.657369 0.723646 0.570225
0.657369 0.723646 0.570225
0.657369 0.723646 0.570225
0.657369 0.723646 0.570225
0.657369 0.723646 0.570225
0.657369 0.723646 0.570225
0.657369 0.723646 0.570225
0.657369 0.723646 0.570225
0.657369 0.723646 0.570225
0.657369 0.723646 0.570225
0.657369 0.723646 0.570225
0.657369 0.723646 0.570225
0.657369 0.723646 0.570225
0.657369 0.723646 0.568816
0.657369 0.723646 0.568816
0.657369 0.723646 0.568816
0.657369 0.723646 0.568816
0.657369 0.723646 0.568816
0.657369 0.723646 0.568816
0.657369 0.723646 0.568816
0.657369 0.723646 0.568816
0.657369 0.723646 0.568816
0.657369 0.723646 0.568816
0.657369 0.723646 0.568182
0.657369 0.723646 0.568182
0.657369 0.723646 0.568182
0.657369 0.723646 0.568182
0.657369 0.723646 0.568179
0.655166 0.723646 0.568179
0.652824 0.723646 0.568179
0.652824 0.723646 0.568179
0.652824 0.723646 0.568179
0.652824 0.723646 0.568179
0.652824 0.723646 0.568179
0.652824 0.723646 0.568179
0.652824 0.723646 0.568179
0.652824 0.723646 0.568179
0.652824 0.723646 0.568179
0.652824 0.723646 0.568179
0.652824 0.723646 0.568179
0.652824 0.723646 0.568179
0.652824 0.723646 0.568179
0.652824 0.723646 0.568179
0.652824 0.723646 0.568179
0.652824 0.723646 0.568179
0.652824 0.723646 0.568179
0.652824 0.723646 0.568179
0.652824 0.723646 0.568179
0.652824 0.723646 0.568179
0.652824 0.723646 0.568179
0.652824 0.723646 0.568179
0.652824 0.723646 0.568179
0.652824 0.723646 0.568179
0.652824 0.723646 0.568179
0.652824 0.723646 0.568179
0.652824 0.723646 0.568179
0.652824 0.723646 0.568179
0.652458 0.723646 0.568179
0.652458 0.723646 0.568179
0.652451 0.722369 0.568179
0.652451 0.719535 0.568179
0.652451 0.718764 0.568179
0.652451 0.718764 0.568179
0.652451 0.718764 0.568179
0.652451 0.718764 0.568179
0.652451 0.718764 0.568179
0.652451 0.718764 0.568179
0.652451 0.718764 0.568179
0.652451 0.718764 0.568179
0.652451 0.718764 0.568179
0.652451 0.718764 0.568179
0.652451 0.718764 0.568179
0.652451 0.718764 0.568179
0.652451 0.718764 0.568179
0.652451 0.718764 0.568179
0.652451 0.718764 0.568179
0.652451 0.718764 0.568179
0.652451 0.718764 0.568179
0.652451 0.718764 0.568179
0.652451 0.718764 0.568179
0.652451 0.718764 0.568179
0.652451 0.718764 0.568179
0.652451 0.718764 0.568179
0.652451 0.718764 0.568179
0.652451 0.718764 0.568179
0.652451 0.718639 0.568179
0.652451 0.718639 0.568179
0.652451 0.718639 0.568179
0.652451 0.718639 0.568179
0.652451 0.718639 0.568169
0.652451 0.718639 0.568169
0.652451 0.718639 0.568169
0.652451 0.718639 0.568169
0.652451 0.718639 0.568169
0.652451 0.718639 0.568169
0.652451 0.718639 0.568169
0.652451 0.718639 0.568169
0.652451 0.718639 0.568169
0.652451 0.718639 0.568169
0.652451 0.718639 0.568169
0.652451 0.718639 0.568169
0.652451 0.718639 0.568169
0.652451 0.718639 0.568169
0.652451 0.718639 0.568169
0.652451 0.718639 0.568169
0.652451 0.718639 0.568169
0.652451 0.718639 0.568169
0.652451 0.718639 0.568169
0.652451 0.718639 0.568169
0.652451 0.718639 0.568169
0.652451 0.718639 0.568169
0.652451 0.718639 0.568169
0.652451 0.718639 0.568169
0.652451 0.718639 0.568169
0.691439 0.718639 0.568169
0.7301 0.718639 0.568169
0.768192 0.718639 0.568169
0.805856 0.718639 0.568169
0.843126 0.727539 0.568169
0.880047 0.762756 0.568169
0.916699 0.797266 0.568169
0.953145 0.831014 0.573284
0.989451 0.864013 0.593834
1.02566 0.896335 0.614182
1.06182 0.928025 0.633722
1.09798 0.959096 0.652187
1.13417 0.98956 0.669752
1.17044 1.01943 0.686665
4.0294 0.998943 0.708561
4.0294 0.884773 0.769751
4.0294 1.04469 0.759286
4.0294 1.03362 0.795425
4.0294 1.08958 0.800256
4.0294 1.11924 0.801783
4.0294 1.12393 0.81211
4.0294 1.15902 0.810597
4.0294 1.20281 0.806374
4.0294 1.23391 0.79943
4.0294 1.26138 0.792455
4.0294 1.2834 0.786462
4.0294 1.32286 0.776491
4.0294 1.3567 0.765946
4.0294 1.38968 0.754043
4.0294 4.10854 0.716381
4.0294 4.10854 0.716381
4.0294 4.10854 0.716381
4.0294 4.10854 0.716381
4.0294 4.10854 0.716381
4.0294 4.10854 0.716381
4.0294 4.10854 0.716381
4.0294 4.10854 0.716381
4.0294 4.10854 0.716381
4.0294 4.10854 0.716381
4.0294 4.10854 0.716381
4.0294 4.10854 0.716381
4.0294 4.10854 0.716381
4.0294 4.10854 0.716381
4.0294 4.10854 0.716381
4.0294 4.10854 0.716381
4.0294 4.10854 0.716381
4.0294 4.10854 0.716381
4.0294 4.10854 0.716381
4.0294 4.10854 0.716381
4.0294 4.10854 0.716381
4.0294 4.10854 0.716381
4.0294 4.10854 0.724283
4.0294 4.10854 0.761308
4.0294 4.10854 0.794017
4.0294 4.10854 0.821704
4.0294 4.10854 0.855658
4.0294 4.10854 0.888697
4.0294 4.10854 0.918788
4.0294 4.10854 0.944848
4.0294 4.10854 0.976179
4.0294 4.10854 1.00738
4.0294 4.10854 1.03612
4.0294 4.10854 1.04164
4.0294 4.10854 1.04129
4.0294 4.10854 1.0409
4.0294 4.10854 1.04256
4.0294 4.10854 1.04601
4.0294 4.10854 1.04872
4.0294 4.10854 1.04932
4.0294 4.10854 1.04901
4.0294 4.10854 1.04898
4.0294 4.10854 1.05007
4.0294 4.10854 1.05187
4.0294 4.10854 1.05326
4.0294 4.10854 1.05366
4.0294 4.10854 1.05355
4.0294 4.10854 1.0535
4.0294 4.10854 1.0538
4.0294 4.10854 1.05436
4.0294 4.10854 1.05483
4.0294 4.10854 1.05426
4.0294 4.10854 1.0513
4.0294 4.10854 1.04575
4.0294 4.10854 1.03802
4.0294 4.10854 1.02773
4.0294 4.10854 1.01506
4.0294 4.10854 1.00093
4.0294 4.10854 0.985827
4.0294 4.10854 0.969527
4.0294 4.10854 0.95171
4.0294 4.10854 0.932509
4.0294 4.10854 0.912914
4.0294 4.10854 0.893164
4.0294 4.10854 0.889233
4.0294 4.10854 0.889233
4.0294 4.10854 0.889233
4.0294 4.10854 0.889233
4.0294 4.10854 0.889233
4.0294 4.10854 0.889233
4.0294 4.10854 0.889233
4.0294 4.10854 0.889233
4.0294 4.10854 0.889233
4.0294 4.10854 0.889233
4.0294 4.10854 0.889233
4.0294 4.10854 0.889233
4.0294 4.10854 0.889233
4.0294 4.10854 0.889233
4.0294 4.10854 0.889233
4.0294 4.10854 0.889233
4.0294 4.10854 0.889233
4.0294 4.10854 0.889233
4.0294 4.10854 0.889233
4.0294 4.10854 0.889233
4.0294 4.10854 0.889233
4.0294 4.10854 0.889233
4.0294 4.10854 0.889233
4.0294 4.10854 0.889233
4.0294 4.10854 0.889233
4.0294 4.10854 0.889233
4.0294 4.10854 0.889233
4.0294 4.10854 0.889233
4.0294 4.10854 0.889233
4.0294 4.10854 0.889233
4.0294 4.10854 0.889233
4.0294 4.10854 0.889233
4.0294 4.10854 0.889233
4.0294 4.10854 0.889233
4.0294 4.10854 0.889233
4.0294 4.10854 0.889233
4.0294 4.10854 0.889233
4.0294 4.10854 0.889233
4.0294 4.10854 0.889233
4.0294 4.10854 0.889233
4.0294 4.10854 0.882743
4.0294 4.10854 0.877242
4.0294 4.10854 0.873929
4.0294 4.10854 0.873929
4.0294 4.10854 0.873929
4.0294 4.10854 0.873929
4.0294 4.10854 0.87368
4.0294 4.10854 0.87368
4.0294 4.10854 0.87368
4.0294 4.10854 0.873323
4.0294 4.10854 0.873323
4.0294 4.10854 0.873323
4.0294 4.10854 0.873323
4.0294 4.10854 0.873323
4.0294 4.10854 0.873323
4.0294 4.10854 0.873323
4.0294 4.10854 0.873323
4.0294 4.10854 0.873323
4.0294 4.10854 0.873323
4.0294 4.10854 0.873323
4.0294 4.10854 0.873323
4.0294 4.10854 0.873323
4.0294 4.10854 0.873323
4.0294 4.10854 0.873323
4.0294 4.10854 0.873323
4.0294 4.10854 0.873323
4.0294 4.10854 0.873323
4.0294 4.10854 0.873323
4.0294 4.10854 0.873323
4.0294 4.10854 0.873323
4.0294 4.10854 0.873323
4.0294 4.10854 0.873323
4.0294 4.10854 0.873323
4.0294 4.10854 0.873323
4.0294 4.10854 0.873323
4.0294 4.10854 0.873323
4.0294 4.10854 0.873323
4.0294 4.10854 0.873323
4.0294 4.10854 0.873323
4.0294 4.10854 0.873323
4.0294 4.10854 0.873323
4.0294 4.10854 0.873323
4.0294 4.10854 0.873323
4.0294 4.10854 0.873323
4.0294 4.10854 0.873323
4.0294 4.10854 0.873323
4.0294 4.10854 0.873323
4.0294 4.10854 0.873323
4.0294 4.10854 0.873323
4.0294 4.10854 0.873323
4.0294 4.10854 0.873323
4.0294 4.10854 0.873323
4.0294 4.10854 0.873323
4.0294 4.10854 0.873323
4.0294 4.10854 0.873323
4.0294 4.10854 0.873323
4.0294 4.10854 0.873323
4.0294 4.10854 0.873323
4.0294 4.10854 0.873323
4.0294 4.10854 0.873323
4.0294 4.10854 0.873323
4.0294 4.10854 0.873323
4.0294 4.10854 0.873323
4.0294 4.10854 0.873323
4.0294 4.10854 0.873323
4.0294 4.10854 0.873323
4.0294 4.10854 0.873312
4.0294 4.10854 0.873312
4.0294 4.10854 0.873312
4.0294 4.10854 0.873312
4.0294 4.10854 0.873312
4.0294 4.10854 0.873312
4.0294 4.10854 0.873312
4.0294 4.10854 0.873312
4.0294 4.10854 0.873312
4.0294 4.10854 0.873312
4.0294 4.10854 0.873312
4.0294 4.10854 0.873312
4.0294 4.10854 0.873312
4.0294 4.10854 0.873312
4.0294 4.10854 0.873312
4.0294 4.10854 0.873312
4.0294 4.10854 0.873312
4.0294 4.10854 0.873312
4.0294 4.10854 0.873312
4.0294 4.10854 0.873312
4.0294 4.10854 0.873312
4.0294 4.10854 0.873312
4.0294 4.10854 0.873312
4.0294 4.10854 0.873312
4.0294 4.10854 0.873312
4.0294 4.10854 0.873312
4.0294 4.10854 0.873312
4.0294 4.10854 0.873312
4.0294 4.10854 0.873312
4.0294 4.10854 0.873312
4.0294 4.10854 0.873312
4.0294 4.10854 0.873312
4.0294 4.10854 0.873312
4.0294 4.10854 0.873312
4.0294 4.10854 0.873312
4.0294 4.10854 0.873312
4.0294 4.10854 0.873312
4.0294 4.10854 0.873312
4.0294 4.10854 0.873312
4.0294 4.10854 0.873312
4.0294 4.10854 0.873312
4.0294 4.10854 0.873312
4.0294 4.10854 0.873312
4.0294 4.10854 0.873312
4.0294 4.10854 0.873312
4.0294 4.10854 0.873312
4.0294 4.10854 0.873312
4.0294 4.10854 0.873312
4.0294 4.10854 0.873312
4.0294 4.10854 0.873312
4.0294 4.10854 0.873312
4.0294 4.10854 0.873312
4.0294 4.10854 0.873312
4.0294 4.10854 0.873312
4.0294 4.10854 0.873312
4.0294 4.10854 0.873312
4.0294 4.10854 0.873312
4.0294 4.10854 0.873312
4.0294 4.10854 0.873312
4.0294 4.10854 0.873312
4.0294 4.10854 0.873312
4.0294 4.10854 0.873312
4.0294 4.10854 0.873312
4.0294 4.10854 0.873312
4.0294 4.10854 0.873312
4.0294 4.10854 0.873312
4.0294 4.10854 0.873312
4.0294 4.10854 0.873312
4.0294 4.10854 0.873312
4.0294 4.10854 0.89194
4.0294 4.10854 0.914836
4.0294 4.10854 0.946503
4.0294 4.10854 0.975975
4.0294 4.10854 0.99752
4.0294 4.10854 1.01802
4.0294 4.10854 1.04246
4.0294 4.10854 1.06734
4.0294 4.10854 1.08642
4.0294 4.10854 1.10162
4.0294 4.10854 1.11686
4.0294 4.10854 1.13162
4.0294 4.10854 1.14268
4.0294 4.10854 1.14924
4.0294 4.10854 1.15388
4.0294 4.10854 1.15784
4.0294 4.10854 1.15863
4.0294 4.10854 1.15414
4.0294 4.10854 1.14581
4.0294 4.10854 1.13475
4.0294 4.10854 1.12137
4.0294 4.10854 1.10503
4.0294 4.10854 1.08687
4.0294 4.10854 1.0672
4.0294 4.10854 1.04702
4.0294 4.10854 1.0266
4.0294 4.10854 1.01847
4.0294 4.10854 1.01847
4.0294 4.10854 1.01847
4.0294 4.10854 1.01847
4.0294 4.10854 1.01847
4.0294 4.10854 1.01847
4.0294 4.10854 1.01847
4.0294 4.10854 1.01847
4.0294 4.10854 1.01847
4.0294 4.10854 1.01847
4.0294 4.10854 1.01847
4.0294 4.10854 1.01847
4.0294 4.10854 1.01847
4.0294 4.10854 1.01847
4.0294 4.10854 1.01847
4.0294 4.10854 1.01847
4.0294 4.10854 1.01847
4.0294 4.10854 1.01847
4.0294 4.10854 1.01847
4.0294 4.10854 1.01847
4.0294 4.10854 1.01847
4.0294 4.10854 1.01847
4.0294 4.10854 1.01847
4.0294 4.10854 1.01847
4.0294 4.10854 1.01847
4.0294 4.10854 1.01847
4.0294 4.10854 1.01847
4.0294 4.10854 1.01847
4.0294 4.10854 1.01847
4.0294 4.10854 1.01847
4.0294 4.10854 1.01847
4.0294 4.10854 1.01847
4.0294 4.10854 1.01847
4.0294 4.10854 1.01847
4.0294 4.10854 1.01847
4.0294 4.10854 1.01847
4.0294 4.10854 1.01847
4.0294 4.10854 1.01847
4.0294 4.10854 1.01847
4.0294 4.10854 1.01847
4.0294 4.10854 1.01847
4.0294 4.10854 1.01847
4.0294 4.10854 1.01847
4.0294 4.10854 1.01847
4.0294 4.10854 1.01847
4.0294 4.10854 1.01847
4.0294 4.10854 1.01847
4.0294 4.10854 1.01847
4.0294 4.10854 1.01847
4.0294 4.10854 1.01847
4.0294 4.10854 1.01847
4.0294 4.10854 1.01847
4.0294 4.10854 1.01847
4.0294 4.10854 1.01847
4.0294 4.10854 1.06565
4.0294 4.10854 1.13111
4.0294 4.10854 3.01529
4.0294 4.10854 3.01529
4.0294 4.10854 3.01529
4.0294 4.10854 3.01529
4.0294 4.10854 3.01529
4.0294 4.10854 3.01529
4.0294 4.10854 3.01529
4.0294 4.10854 3.01529
4.0294 4.10854 3.01529
4.0294 4.10854 3.01529
4.0294 4.10854 3.01529
4.0294 4.10854 3.01529
4.0294 4.10854 3.01529
4.0294 4.10854 3.01529
4.0294 4.10854 3.01529
4.0294 4.10854 3.01529
4.0294 4.10854 3.01529
4.0294 4.10854 3.01529
4.0294 4.10854 3.01529
4.0294 4.10854 3.01529
4.0294 4.10854 3.01529
4.0294 4.10854 3.01529
4.0294 4.10854 3.01529
4.0294 4.10854 3.01529
4.0294 4.10854 3.01529
4.0294 4.10854 3.01529
4.0294 4.10854 3.01529
4.0294 4.10854 3.01529
4.0294 4.10854 3.01529
4.0294 4.10854 3.01529
4.0294 4.10854 3.01529
4.0294 4.10854 3.01529
4.0294 4.10854 3.01529
4.0294 4.10854 3.01529
4.0294 4.10854 3.01529
4.0294 4.10854 3.01529
4.0294 4.10854 3.01529
4.0294 4.10854 3.01529
4.0294 4.10854 3.01529
4.0294 4.10854 3.01529
4.0294 4.10854 3.01529
4.0294 4.10854 3.01529
4.0294 4.10854 3.01529
4.0294 4.10854 3.01529
4.0294 4.10854 3.01529
4.0294 4.10854 3.01529
4.0294 4.10854 3.01529
4.0294 4.10854 3.01529
4.0294 4.10854 3.01529
4.0294 4.10854 3.01529
4.0294 4.10854 3.01529
4.0294 4.10854 3.01529
4.0294 4.10854 3.01529
4.0294 4.10854 3.01529
4.0294 4.10854 3.01529
4.0294 4.10854 3.01529
4.0294 4.10854 3.01529
4.0294 4.10854 3.01529
4.0294 4.10854 3.01529
4.0294 4.10854 3.01529
4.0294 4.10854 3.01529
4.0294 4.10854 3.01529
4.0294 4.10854 3.01529
4.0294 4.10854 3.01529
4.0294 4.10854 3.01529
4.0294 4.10854 3.01529
4.0294 4.10854 3.01529
4.0294 4.10854 3.01529
4.0294 4.10854 3.01529
4.0294 4.10854 3.01529
4.0294 4.10854 3.01529
4.0294 4.10854 3.01529
4.0294 4.10854 3.01529
4.0294 4.10854 3.01529
4.0294 4.10854 3.01529
4.0294 4.10854 3.01529
4.0294 4.10854 3.01529
4.0294 4.10854 3.01529
4.0294 4.10854 3.01529
4.0294 4.10854 3.01529
4.0294 4.10854 3.01529
4.0294 4.10854 3.01529
4.0294 4.10854 3.01529
4.0294 4.10854 3.01529
4.0294 4.10854 3.01529
4.0294 4.10854 3.01529
4.0294 4.10854 3.01529
4.0294 4.10854 3.01529
4.0294 4.10854 3.01529
4.0294 4.10854 3.01529
4.0294 4.10854 3.01529
4.0294 4.10854 3.01529
4.0294 4.10854 3.01529
4.0294 4.10854 3.01529
4.0294 4.10854 3.01529
4.0294 4.10854 3.01529
4.0294 4.10854 3.01529
4.0294 4.10854 3.01529
4.0294 4.10854 3.01529
4.0294 4.10854 3.01529
4.0294 4.10854 3.01529
4.0294 4.10854 3.01529
4.0294 4.10854 3.01529
4.0294 4.10854 3.01529
4.0294 4.10854 3.01529
4.0294 4.10854 3.01529
4.0294 4.10854 3.01529
4.0294 4.10854 3.01529
4.0294 4.10854 3.01529
4.0294 4.10854 3.01529
4.0294 4.10854 3.01529
4.0294 4.10854 3.01529
4.0294 4.10854 3.01529
4.0294 4.10854 3.01529
4.0294 4.10854 3.01529
4.0294 4.10854 3.01529
4.0294 4.10854 3.01529
4.0294 4.10854 3.01529
4.0294 4.10854 3.01529
4.0294 4.10854 3.01529
4.0294 4.10854 3.01529
4.0294 4.10854 3.01529
4.0294 4.10854 3.01529
4.0294 4.10854 3.01529
4.0294 4.10854 3.01529
4.0294 4.10854 3.01529
4.0294 4.10854 3.01529
4.0294 4.10854 3.01529
4.0294 4.10854 3.01529
4.0294 4.10854 3.01529
4.0294 4.10854 3.01529
4.0294 4.10854 3.01529
4.0294 4.10854 3.01529
4.0294 4.10854 3.01529
4.0294 4.10854 3.01529
4.0294 4.10854 3.01529
4.0294 4.10854 3.01529
4.0294 4.10854 3.01529
4.0294 4.10854 3.01529
4.0294 4.10854 3.01529
4.0294 4.10854 3.01529
4.0294 4.10854 3.01529
4.0294 4.10854 3.01529
4.0294 4.10854 3.01529
4.0294 4.10854 3.01529
4.0294 4.10854 3.01529
4.0294 4.10854 3.01529
4.0294 4.10854 3.01529
4.0294 4.10854 3.01529
4.0294 4.10854 3.01529
4.0294 4.10854 3.01529
4.0294 4.10854 3.01529
4.0294 4.10854 3.01529
4.0294 4.10854 3.01529
4.0294 4.10854 3.01529
4.0294 4.10854 3.01529
4.0294 4.10854 3.01529
4.0294 4.10854 3.01529
4.0294 4.10854 3.01529
4.0294 4.10854 3.01529
4.0294 4.10854 3.01529
4.0294 4.10854 3.01529
4.0294 4.10854 3.01529
4.0294 4.10854 3.01529
4.0294 4.10854 3.01529
4.0294 4.10854 3.01529
4.0294 4.10854 3.01529
4.0294 4.10854 3.01529
4.0294 4.10854 3.01529
4.0294 4.10854 3.01529
4.0294 4.10854 3.01529
4.0294 4.10854 3.01529
4.0294 4.10854 3.01529
4.0294 4.10854 3.01529
4.0294 4.10854 3.01529
4.0294 4.10854 3.01529
4.0294 4.10854 3.01529
4.0294 4.10854 3.01529
4.0294 4.10854 3.01529
4.0294 4.10854 3.01529
4.0294 4.10854 3.01529
4.0294 4.10854 3.01529
4.0294 4.10854 3.01529
4.0294 4.10854 3.01529
4.0294 4.10854 3.01529
4.0294 4.10854 3.01529
4.0294 4.10854 3.01529
4.0294 4.10854 3.01529
4.0294 4.10854 3.01529
4.0294 4.10854 3.01529
4.0294 4.10854 3.01529
4.0294 4.10854 3.01529
4.0294 4.10854 3.01529
4.0294 4.10854 3.01529
4.0294 4.10854 3.01529
4.0294 4.10854 3.01529
4.0294 4.10854 3.01529
4.0294 4.10854 3.01529
4.0294 4.10854 3.01529
4.0294 4.10854 3.01529
4.0294 4.10854 3.01529
4.0294 4.10854 3.01529
4.0294 4.10854 3.01529
4.0294 4.10854 3.01529
4.0294 4.10854 3.01529
4.0294 4.10854 3.01529
4.0294 4.10854 3.01529
4.0294 4.10854 3.01529
4.0294 4.10854 3.01529
4.0294 4.10854 3.01529
4.0294 4.10854 3.01529
4.0294 4.10854 3.01529
4.0294 4.10854 3.01529
4.0294 4.10854 3.01529
4.0294 4.10854 3.01529
4.0294 4.10854 3.01529
4.0294 4.10854 3.01529
4.0294 4.10854 3.01529
4.0294 4.10854 3.01529
4.0294 4.10854 3.01529
4.0294 4.10854 3.01529
4.0294 4.10854 3.01529
4.0294 4.10854 3.01529
4.0294 4.10854 3.01529
4.0294 4.10854 3.01529
4.0294 4.10854 3.01529
4.0294 4.10854 3.01529
4.0294 4.10854 3.01529
4.0294 4.10854 3.01529
4.0294 4.10854 3.01529
4.0294 4.10854 3.01529
4.0294 4.10854 3.01529
4.0294 4.10854 3.01529
4.0294 4.10854 3.01529
4.0294 4.10854 3.01529
4.0294 4.10854 3.01529
4.0294 4.10854 3.01529
4.0294 4.10854 3.01529
4.0294 4.10854 3.01529
4.0294 4.10854 3.01529
4.0294 4.10854 3.01529
4.0294 4.10854 3.01529
4.0294 4.10854 3.01529
4.0294 4.10854 3.01529
4.0294 4.10854 3.01529
4.0294 4.10854 3.01529
4.0294 4.10854 3.01529
4.0294 4.10854 3.01529
4.0294 4.10854 3.01529
4.0294 4.10854 3.01529
4.0294 4.10854 3.01529
4.0294 4.10854 3.01529
4.0294 4.10854 3.01529
4.0294 4.10854 3.01529
4.0294 4.10854 3.01529
4.0294 4.10854 3.01529
4.0294 4.10854 3.01529
4.0294 4.10854 3.01529
4.0294 4.10854 3.01529
4.0294 4.10854 3.01529
4.0294 4.10854 3.01529
4.0294 4.10854 3.01529
4.0294 4.10854 3.01529
4.0294 4.10854 3.01529
4.0294 4.10854 3.01529
4.0294 4.10854 3.01529
4.0294 4.10854 3.01529
4.0294 4.10854 3.01529
4.0294 4.10854 3.01529
4.0294 4.10854 3.01529
4.0294 4.10854 3.01529
4.0294 4.10854 3.01529
4.0294 4.10854 3.01529
4.0294 4.10854 3.01529
4.0294 4.10854 3.01529
4.0294 4.10854 3.01529
4.0294 4.10854 3.01529
4.0294 4.10854 3.01529
4.0294 4.10854 3.01529
4.0294 4.10854 3.01529
4.0294 4.10854 3.01529
4.0294 4.10854 3.01529
4.0294 4.10854 3.01529
4.0294 4.10854 3.01529
4.0294 4.10854 3.01529
4.0294 4.10854 3.01529
4.0294 4.10854 3.01529
4.0294 4.10854 3.01529
4.0294 4.10854 3.01529
4.0294 4.10854 3.01529
4.0294 4.10854 3.01529
4.0294 4.10854 3.01529
4.0294 4.10854 3.01529
4.0294 4.10854 3.01529
4.0294 4.10854 3.01529
4.0294 4.10854 3.01529
4.0294 4.10854 3.01529
4.0294 4.10854 3.01529
4.0294 4.10854 3.01529
4.0294 4.10854 3.01529
4.0294 4.10854 3.01529
4.0294 4.10854 3.01529
4.0294 4.10854 3.01529
4.0294 4.10854 3.01529
4.0294 4.10854 3.01529
4.0294 4.10854 3.01529
4.0294 4.10854 3.01529
4.0294 4.10854 3.01529
4.0294 4.10854 3.01529
4.0294 4.10854 3.01529
4.0294 4.10854 3.01529
4.0294 4.10854 3.01529
4.0294 4.10854 3.01529
4.0294 4.10854 3.01529
4.0294 4.10854 3.01529
4.0294 4.10854 3.01529
4.0294 4.10854 3.01529
4.0294 4.10854 3.01529
4.0294 4.10854 3.01529
4.0294 4.10854 3.01529
4.0294 4.10854 3.01529
4.0294 4.10854 3.01529
4.0294 4.10854 3.01529
4.0294 4.10854 3.01529
4.0294 4.10854 3.01529
4.0294 4.10854 3.01529
4.0294 4.10854 3.01529
4.0294 4.10854 3.01529
4.0294 4.10854 3.01529
4.0294 4.10854 3.01529
4.0294 4.10854 3.01529
4.0294 4.10854 3.01529
4.0294 4.10854 3.01529
4.0294 4.10854 3.01529
4.0294 4.10854 3.01529
4.0294 4.10854 3.01529
4.0294 4.10854 3.01529
4.0294 4.10854 3.01529
4.0294 4.10854 3.01529
4.0294 4.10854 3.01529
4.0294 4.10854 3.01529
4.0294 4.10854 3.01529
4.0294 4.10854 3.01529
4.0294 4.10854 3.01529
4.0294 4.10854 3.01529
4.0294 4.10854 3.01529
4.0294 4.10854 3.01529
4.0294 4.10854 3.01529
4.0294 4.10854 3.01529
4.0294 4.10854 3.01529
4.0294 4.10854 3.01529
4.0294 4.10854 3.01529
4.0294 4.10854 3.01529
4.0294 4.10854 3.01529
4.0294 4.10854 3.01529
4.0294 4.10854 3.01529
4.0294 4.10854 3.01529
4.0294 4.10854 3.01529
4.0294 4.10854 3.01529
4.0294 4.10854 3.01529
4.0294 4.10854 3.01529
4.0294 4.10854 3.01529
4.0294 4.10854 3.01529
4.0294 4.10854 3.01529
4.0294 4.10854 3.01529
4.0294 4.10854 3.01529
4.0294 4.10854 3.01529
4.0294 4.10854 3.01529
4.0294 4.10854 3.01529
4.0294 4.10854 3.01529
4.0294 4.10854 3.01529
4.0294 4.10854 3.01529
4.0294 4.10854 3.01529
4.0294 4.10854 3.01529
4.0294 4.10854 3.01529
4.0294 4.10854 3.01529
4.0294 4.10854 3.01529
4.0294 4.10854 3.01529
4.0294 4.10854 3.01529
4.0294 4.10854 3.01529
4.0294 4.10854 3.01529
4.0294 4.10854 3.01529
4.0294 4.10854 3.01529
4.0294 4.10854 3.01529
4.0294 4.10854 3.01529
4.0294 4.10854 3.01529
4.0294 4.10854 3.01529
4.0294 4.10854 3.01529
4.0294 4.10854 3.01529
4.0294 4.10854 3.01529
4.0294 4.10854 3.01529
4.0294 4.10854 3.01529
4.0294 4.10854 3.01529
4.0294 4.10854 3.01529
4.0294 4.10854 3.01529
4.0294 4.10854 3.01529
4.0294 4.10854 3.01529
4.0294 4.10854 3.01529
4.0294 4.10854 3.01529
4.0294 4.10854 3.01529
4.0294 4.10854 3.01529
4.0294 4.10854 3.01529
4.0294 4.10854 3.01529
4.0294 4.10854 3.01529
4.0294 4.10854 3.01529
4.0294 4.10854 3.01529
4.0294 4.10854 3.01529
4.0294 4.10854 3.01529
4.0294 4.10854 3.01529
4.0294 4.10854 3.01529
4.0294 4.10854 3.01529
4.0294 4.10854 3.01529
4.0294 4.10854 3.01529
4.0294 4.10854 3.01529
4.0294 4.10854 3.01529
4.0294 4.10854 3.01529
4.0294 4.10854 3.01529
4.0294 4.10854 3.01529
4.0294 4.10854 3.01529
4.0294 4.10854 3.01529
4.0294 4.10854 3.01529
4.0294 4.10854 3.01529
4.0294 4.10854 3.01529
4.0294 4.10854 3.01529
4.0294 4.10854 3.01529
4.0294 4.10854 3.01529
4.0294 4.10854 3.01529
4.0294 4.10854 3.01529
4.0294 4.10854 3.01529
4.0294 4.10854 3.01529
4.0294 4.10854 3.01529
4.0294 4.10854 3.01529
4.0294 4.10854 3.01529
4.0294 4.10854 3.01529
4.0294 4.10854 3.01529
4.0294 4.10854 3.01529
4.0294 4.10854 3.01529
4.0294 4.10854 3.01529
4.0294 4.10854 3.01529
4.0294 4.10854 3.01529
4.0294 4.10854 3.01529
4.0294 4.10854 3.01529
4.0294 4.10854 3.01529
4.0294 4.10854 3.01529
4.0294 4.10854 3.01529
4.0294 4.10854 3.01529
4.0294 4.10854 3.01529
4.0294 4.10854 3.01529
4.0294 4.10854 3.01529
4.0294 4.10854 3.01529
4.0294 4.10854 3.01529
4.0294 4.10854 3.01529
4.0294 4.10854 3.01529
4.0294 4.10854 3.01529
4.0294 4.10854 3.01529
4.0294 4.10854 3.01529
4.0294 4.10854 3.01529
4.0294 4.10854 3.01529
4.0294 4.10854 3.01529
4.0294 4.10854 3.01529
4.0294 4.10854 3.01529
4.0294 4.10854 3.01529
4.0294 4.10854 3.01529
4.0294 4.10854 3.01529
4.0294 4.10854 3.01529
4.0294 4.10854 3.01529
4.0294 4.10854 3.01529
4.0294 4.10854 3.01529
4.0294 4.10854 3.01529
4.0294 4.10854 3.01529
4.0294 4.10854 3.01529
4.0294 4.10854 3.01529
4.0294 4.10854 3.01529
4.0294 4.10854 3.01529
4.0294 4.10854 3.01529
4.0294 4.10854 3.01529
4.0294 4.10854 3.01529
4.0294 4.10854 3.01529
4.0294 4.10854 3.01529
4.0294 4.10854 3.01529
4.0294 4.10854 3.01529
4.0294 4.10854 3.01529
4.0294 4.10854 3.01529
4.0294 4.10854 3.01529
4.0294 4.10854 3.01529
4.0294 4.10854 3.01529
4.0294 4.10854 3.01529
4.0294 4.10854 3.01529
4.0294 4.10854 3.01529
4.0294 4.10854 3.01529
4.0294 4.10854 3.01529
4.0294 4.10854 3.01529
4.0294 4.10854 3.01529
4.0294 4.10854 3.01529
4.0294 4.10854 3.01529
4.0294 4.10854 3.01529
4.0294 4.10854 3.01529
4.0294 4.10854 3.01529
4.0294 4.10854 3.01529
4.0294 4.10854 3.01529
4.0294 4.10854 3.01529
4.0294 4.10854 3.01529
4.0294 4.10854 3.01529
4.0294 4.10854 3.01529
4.0294 4.10854 3.01529
4.0294 4.10854 3.01529
4.0294 4.10854 3.01529
4.0294 4.10854 3.01529
4.0294 4.10854 3.01529
4.0294 4.10854 3.01529
4.0294 4.10854 3.01529
4.0294 4.10854 3.01529
4.0294 4.10854 3.01529
4.0294 4.10854 3.01529
4.0294 4.10854 3.01529
4.0294 4.10854 3.01529
4.0294 4.10854 3.01529
4.0294 4.10854 3.01529
4.0294 4.10854 3.01529
4.0294 4.10854 3.01529
4.0294 4.10854 3.01529
4.0294 4.10854 3.01529
4.0294 4.10854 3.01529
4.0294 4.10854 3.01529
4.0294 4.10854 3.01529
4.0294 4.10854 3.01529
4.0294 4.10854 3.01529
4.0294 4.10854 3.01529
4.0294 4.10854 3.01529
4.0294 4.10854 3.01529
4.0294 4.10854 3.01529
4.0294 4.10854 3.01529
4.0294 4.10854 3.01529
4.0294 4.10854 3.01529
4.0294 4.10854 3.01529
4.0294 4.10854 3.01529
4.0294 4.10854 3.01529
4.0294 4.10854 3.01529
4.0294 4.10854 3.01529
4.0294 4.10854 3.01529
4.0294 4.10854 3.01529
4.0294 4.10854 3.01529
4.0294 4.10854 3.01529
4.0294 4.10854 3.01529
4.0294 4.10854 3.01529
4.0294 4.10854 3.01529
4.0294 4.10854 3.01529
4.0294 4.10854 3.01529
4.0294 4.10854 3.01529
4.0294 4.10854 3.01529
4.0294 4.10854 3.01529
4.0294 4.10854 3.01529
4.0294 4.10854 3.01529
4.0294 4.10854 3.01529
4.0294 4.10854 3.01529
4.0294 4.10854 3.01529
4.0294 4.10854 3.01529
4.0294 4.10854 3.01529
4.0294 4.10854 3.01529
4.0294 4.10854 3.01529
4.0294 4.10854 3.01529
4.0294 4.10854 3.01529
4.0294 4.10854 3.01529
4.0294 4.10854 3.01529
4.0294 4.10854 3.01529
4.0294 4.10854 3.01529
4.0294 4.10854 3.01529
4.0294 4.10854 3.01529
4.0294 4.10854 3.01529
4.0294 4.10854 3.01529
4.0294 4.10854 3.01529
4.0294 4.10854 3.01529
4.0294 4.10854 3.01529
4.0294 4.10854 3.01529
4.0294 4.10854 3.01529
4.0294 4.10854 3.01529
4.0294 4.10854 3.01529
4.0294 4.10854 3.01529
4.0294 4.10854 3.01529
4.0294 4.10854 3.01529
4.0294 4.10854 3.01529
4.0294 4.10854 3.01529
4.0294 4.10854 3.01529
4.0294 4.10854 3.01529
4.0294 4.10854 3.01529
4.0294 4.10854 3.01529
4.0294 4.10854 3.01529
4.0294 4.10854 3.01529
4.0294 4.10854 3.01529
4.0294 4.10854 3.01529
4.0294 4.10854 3.01529
4.0294 4.10854 3.01529
4.0294 4.10854 3.01529
4.0294 4.10854 3.01529
4.0294 4.10854 3.01529
4.0294 4.10854 3.01529
4.0294 4.10854 3.01529
4.0294 4.10854 3.01529
4.0294 4.10854 3.01529
4.0294 4.10854 3.01529
4.0294 4.10854 3.01529
4.0294 4.10854 3.01529
4.0294 4.10854 3.01529
4.0294 4.10854 3.01529
4.0294 4.10854 3.01529
4.0294 4.10854 3.01529
4.0294 4.10854 3.01529
4.0294 4.10854 3.01529
4.0294 4.10854 3.01529
4.0294 4.10854 3.01529
4.0294 4.10854 3.01529
4.0294 4.10854 3.01529
4.0294 4.10854 3.01529
4.0294 4.10854 3.01529
4.0294 4.10854 3.01529
4.0294 4.10854 3.01529
4.0294 4.10854 3.01529
4.0294 4.10854 3.01529
4.0294 4.10854 3.01529
4.0294 4.10854 3.01529
4.0294 4.10854 3.01529
4.0294 4.10854 3.01529
4.0294 4.10854 3.01529
4.0294 4.10854 3.01529
4.0294 4.10854 3.01529
4.0294 4.10854 3.01529
4.0294 4.10854 3.01529
4.0294 4.10854 3.01529
4.0294 4.10854 3.01529
4.0294 4.10854 3.01529
4.0294 4.10854 3.01529
4.0294 4.10854 3.01529
4.0294 4.10854 3.01529
4.0294 4.10854 3.01529
4.0294 4.10854 3.01529
4.0294 4.10854 3.01529
4.0294 4.10854 3.01529
4.0294 4.10854 3.01529
4.0294 4.10854 3.01529
4.0294 4.10854 3.01529
4.0294 4.10854 3.01529
4.0294 4.10854 3.01529
4.0294 4.10854 3.01529
4.0294 4.10854 3.01529
4.0294 4.10854 3.01529
4.0294 4.10854 3.01529
4.0294 4.10854 3.01529
4.0294 4.10854 3.01529
4.0294 4.10854 3.01529
4.0294 4.10854 3.01529
4.0294 4.10854 3.01529
4.0294 4.10854 3.01529
4.0294 4.10854 3.01529
4.0294 4.10854 3.01529
4.0294 4.10854 3.01529
4.0294 4.10854 3.01529
4.0294 4.10854 3.01529
4.0294 4.10854 3.01529
4.0294 4.10854 3.01529
4.0294 4.10854 3.01529
4.0294 4.10854 3.01529
4.0294 4.10854 3.01529
4.0294 4.10854 3.01529
4.0294 4.10854 3.01529
4.0294 4.10854 3.01529
4.0294 4.10854 3.01529
4.0294 4.10854 3.01529
4.0294 4.10854 3.01529
4.0294 4.10854 3.01529
4.0294 4.10854 3.01529
4.0294 4.10854 3.01529
4.0294 4.10854 3.01529
4.0294 4.10854 3.01529
4.0294 4.10854 3.01529
4.0294 4.10854 3.01529
4.0294 4.10854 3.01529
4.0294 4.10854 3.01529
4.0294 4.10854 3.01529
4.0294 4.10854 3.01529
4.0294 4.10854 3.01529
4.0294 4.10854 3.01529
4.0294 4.10854 3.01529
4.0294 4.10854 3.01529
4.0294 4.10854 3.01529
4.0294 4.10854 3.01529
4.0294 4.10854 3.01529
4.0294 4.10854 3.01529
4.0294 4.10854 3.01529
4.0294 4.10854 3.01529
4.0294 4.10854 3.01529
4.0294 4.10854 3.01529
4.0294 4.10854 3.01529
4.0294 4.10854 3.01529
4.0294 4.10854 3.01529
4.0294 4.10854 3.01529
4.0294 4.10854 3.01529
4.0294 4.10854 3.01529
4.0294 4.10854 3.01529
4.0294 4.10854 3.01529
4.0294 4.10854 3.01529
4.0294 4.10854 3.01529
4.0294 4.10854 3.01529
4.0294 4.10854 3.01529
4.0294 4.10854 3.01529
4.0294 4.10854 3.01529
4.0294 4.10854 3.01529
4.0294 4.10854 3.01529
4.0294 4.10854 3.01529
4.0294 4.10854 3.01529
4.0294 4.10854 3.01529
4.0294 4.10854 3.01529
4.0294 4.10854 3.01529
4.0294 4.10854 3.01529
4.0294 4.10854 3.01529
4.0294 4.10854 3.01529
4.0294 4.10854 3.01529
4.0294 4.10854 3.01529
4.0294 4.10854 3.01529
4.0294 4.10854 3.01529
4.0294 4.10854 3.01529
4.0294 4.10854 3.01529
4.0294 4.10854 3.01529
4.0294 4.10854 3.01529
4.0294 4.10854 3.01529
4.0294 4.10854 3.01529
4.0294 4.10854 3.01529
4.0294 4.10854 3.01529
4.0294 4.10854 3.01529
4.0294 4.10854 3.01529
4.0294 4.10854 3.01529
4.0294 4.10854 3.01529
4.0294 4.10854 3.01529
4.0294 4.10854 3.01529
4.0294 4.10854 3.01529
4.0294 4.10854 3.01529
4.0294 4.10854 3.01529
4.0294 4.10854 3.01529
4.0294 4.10854 3.01529
4.0294 4.10854 3.01529
4.0294 4.10854 3.01529
4.0294 4.10854 3.01529
4.0294 4.10854 3.01529
4.0294 4.10854 3.01529
4.0294 4.10854 3.01529
4.0294 4.10854 3.01529
4.0294 4.10854 3.01529
4.0294 4.10854 3.01529
4.0294 4.10854 3.01529
4.0294 4.10854 3.01529
4.0294 4.10854 3.01529
4.0294 4.10854 3.01529
4.0294 4.10854 3.01529
4.0294 4.10854 3.01529
4.0294 4.10854 3.01529
4.0294 4.10854 3.01529
4.0294 4.10854 3.01529
4.0294 4.10854 3.01529
4.0294 4.10854 3.01529
4.0294 4.10854 3.01529
4.0294 4.10854 3.01529
4.0294 4.10854 3.01529
4.0294 4.10854 3.01529
4.0294 4.10854 3.01529
4.0294 4.10854 3.01529
4.0294 4.10854 3.01529
4.0294 4.10854 3.01529
4.0294 4.10854 3.01529
4.0294 4.10854 3.01529
4.0294 4.10854 3.01529
4.0294 4.10854 3.01529
4.0294 4.10854 3.01529
4.0294 4.10854 3.01529
4.0294 4.10854 3.01529
4.0294 4.10854 3.01529
4.0294 4.10854 3.01529
4.0294 4.10854 3.01529
4.0294 4.10854 3.01529
4.0294 4.10854 3.01529
4.0294 4.10854 3.01529
4.0294 4.10854 3.01529
4.0294 4.10854 3.01529
4.0294 4.10854 3.01529
4.0294 4.10854 3.01529
4.0294 4.10854 3.01529
4.0294 4.10854 3.01529
4.0294 4.10854 3.01529
4.0294 4.10854 3.01529
4.0294 4.10854 3.01529
4.0294 4.10854 3.01529
