0.0025 -9.14665e-06
0.0125 -9.16849e-06
0.0225 -9.20931e-06
0.035 -9.14171e-06
0.045 -8.84018e-06
0.055 -8.13999e-06
0.065 -6.84857e-06
0.075 -4.75909e-06
0.085 -1.664e-06
0.095 2.6341e-06
0.105 8.31138e-06
0.115 1.55159e-05
0.125 2.43727e-05
0.135 3.49955e-05
0.145 4.74822e-05
0.155 6.19037e-05
0.165 7.83037e-05
0.175 9.67042e-05
0.185 0.000117102
0.195 0.000139454
0.205 0.000163684
0.215 0.000189674
0.225 0.000217276
0.235 0.000246333
0.245 0.000276692
0.255 0.000308208
0.265 0.000340784
0.275 0.000374389
0.285 0.000409044
0.295 0.000444858
0.305 0.000482056
0.315 0.000520993
0.325 0.00056213
0.335 0.00060598
0.345 0.00065306
0.355 0.000703888
0.365 0.000759008
0.375 0.000818973
0.385 0.000884324
0.395 0.000955545
0.405 0.00103305
0.415 0.00111716
0.425 0.0012082
0.435 0.0013064
0.445 0.00141191
0.455 0.00152464
0.465 0.00164425
0.475 0.00177021
0.485 0.00190172
0.495 0.00203768
0.5075 0.00221179
0.52 0.00238738
0.5325 0.00256038
0.545 0.00272603
0.5575 0.00287907
0.57 0.00301397
0.5825 0.00312502
0.595 0.00320654
0.6075 0.00325343
0.62 0.00326148
0.6325 0.00322758
0.645 0.00314983
0.6575 0.00302772
0.67 0.00286233
0.6825 0.00265632
0.695 0.00241386
0.7075 0.0021407
0.72 0.00184391
0.7325 0.00153175
0.745 0.00121344
0.7575 0.00089872
0.77 0.000597496
0.7825 0.000319575
0.795 7.41664e-05
0.8075 -0.00013064
0.82 -0.000288384
0.8325 -0.00039458
0.845 -0.000446901
0.8575 -0.000445407
0.87 -0.000392555
0.8825 -0.000293094
0.895 -0.000153827
0.9075 1.65332e-05
0.92 0.000207631
0.9325 0.000408237
0.945 0.000606858
0.9575 0.000792117
0.97 0.000953093
0.9825 0.00107989
0.995 0.0011641
1.005 0.00119635
1.0175 0.00118884
1.03 0.00112608
1.0425 0.00100834
1.055 0.000838368
1.0675 0.00062125
1.08 0.000364256
1.0925 7.65482e-05
1.105 -0.000231218
1.1175 -0.000547516
1.13 -0.000860435
1.1425 -0.00115793
1.155 -0.00142867
1.1675 -0.0016626
1.18 -0.00185126
1.1925 -0.00198834
1.205 -0.00207005
1.2175 -0.00209529
1.23 -0.00206588
1.2425 -0.00198652
1.255 -0.00186457
1.2675 -0.00170971
1.28 -0.00153352
1.2925 -0.00134885
1.305 -0.00116903
1.3175 -0.0010076
1.33 -0.000877335
1.3425 -0.000789899
1.355 -0.000755068
1.3675 -0.000780104
1.38 -0.000869309
1.3925 -0.00102361
1.405 -0.00124029
1.4175 -0.00151325
1.43 -0.00183375
1.4425 -0.00219057
1.455 -0.00257103
1.4675 -0.00296156
1.48 -0.00334835
1.4925 -0.00371789
1.505 -0.00405742
1.5175 -0.00435556
1.53 -0.00460277
1.5425 -0.00479152
1.555 -0.00491643
1.5675 -0.0049747
1.58 -0.00496631
1.5925 -0.00489422
1.605 -0.00476442
1.6175 -0.00458537
1.63 -0.00436755
1.6425 -0.00412277
1.655 -0.00386343
1.6675 -0.00360174
1.68 -0.00334894
1.6925 -0.00311472
1.705 -0.0029068
1.7175 -0.00273065
1.73 -0.0025892
1.7425 -0.00248278
1.755 -0.00240919
1.7675 -0.00236381
1.78 -0.00233966
1.7925 -0.0023277
1.805 -0.00231733
1.8175 -0.00229699
1.83 -0.00225488
1.8425 -0.00217966
1.855 -0.00206119
1.8675 -0.00189119
1.88 -0.00166373
1.8925 -0.00137568
1.905 -0.00102707
1.9175 -0.000620447
1.93 -0.000161148
1.9425 0.000341682
1.955 0.00087707
1.9675 0.00143195
1.98 0.00199178
1.9925 0.002541
2.0025 0.00296212
2.0125 0.00335847
2.0225 0.00372259
2.0325 0.0040477
2.0425 0.00432792
2.0525 0.00455853
2.0625 0.00473605
2.0725 0.00485833
2.0825 0.00492471
2.0925 0.00493608
2.1025 0.00489479
2.1125 0.00480455
2.1225 0.00467021
2.1325 0.00449766
2.1425 0.00429355
2.1525 0.00406519
2.1625 0.00382031
2.1725 0.0035669
2.1825 0.00331301
2.1925 0.00306655
2.2025 0.00283506
2.2125 0.00262546
2.2225 0.00244385
2.2325 0.00229533
2.2425 0.00218386
2.2525 0.00211216
2.2625 0.00208163
2.2725 0.00209238
2.2825 0.00214326
2.2925 0.00223204
2.3025 0.00235542
2.3125 0.00250915
2.3225 0.00268812
2.3325 0.00288657
2.3425 0.00309826
2.3525 0.00331658
2.3625 0.00353482
2.3725 0.00374635
2.3825 0.00394495
2.3925 0.00412508
2.4025 0.00428198
2.4125 0.00441184
2.4225 0.00451193
2.4325 0.00458069
2.4425 0.00461781
2.4525 0.00462432
2.4625 0.00460258
2.4725 0.00455628
2.4825 0.00449024
2.4925 0.00441022
2.5025 0.00432269
2.5125 0.00423461
2.5225 0.00415312
2.5325 0.00408534
2.5425 0.0040426
2.5525 0.00403038
2.5625 0.00404049
2.5725 0.00408207
2.5825 0.0041562
2.5925 0.00426447
2.6025 0.00440644
2.6125 0.00458169
2.6225 0.00479022
2.6325 0.00502907
2.6425 0.00529407
2.6525 0.00558008
2.6625 0.00588078
2.6725 0.00618878
2.6825 0.00649607
2.6925 0.0067942
2.7025 0.00707443
2.7125 0.00732792
2.7225 0.00754615
2.7325 0.0077207
2.7425 0.00784335
2.7525 0.00790978
2.7625 0.00791273
2.7725 0.0078485
2.7825 0.0077148
2.7925 0.0075106
2.8025 0.00723691
2.8125 0.00689598
2.8225 0.00649179
2.8325 0.00602983
2.8425 0.005517
2.8525 0.00496133
2.8625 0.0043717
2.8725 0.00375747
2.8825 0.00312834
2.8925 0.00249422
2.9025 0.0018645
2.9125 0.00124807
2.9225 0.000652916
2.9325 8.59975e-05
2.9425 -0.000447246
2.9525 -0.000943159
2.9625 -0.00139752
2.9725 -0.00180893
2.9825 -0.00217701
2.9925 -0.00250315
3.0025 -0.00279024
3.0125 -0.00304174
3.0225 -0.00326129
3.0325 -0.00345589
3.0425 -0.003629
3.0525 -0.0037865
3.0625 -0.00393349
3.0725 -0.00407497
3.0825 -0.00421522
3.0925 -0.00435759
3.1025 -0.00450478
3.1125 -0.0046582
3.1225 -0.00481611
3.1325 -0.00498326
3.1425 -0.00515474
3.1525 -0.00532916
3.1625 -0.00550558
3.1725 -0.0056813
3.1825 -0.00585455
3.1925 -0.0060224
3.2025 -0.00618236
3.2125 -0.00633229
3.2225 -0.00647029
3.2325 -0.0065948
3.2425 -0.00670461
3.2525 -0.00679828
3.2625 -0.00687466
3.2725 -0.00693307
3.2825 -0.00697325
3.2925 -0.00699496
3.3025 -0.00699835
3.3125 -0.00698391
3.3225 -0.00695262
3.3325 -0.00690585
3.3425 -0.00684535
3.3525 -0.00677314
3.3625 -0.00669152
3.3725 -0.00660295
3.3825 -0.00650994
3.3925 -0.00641493
3.4025 -0.00632022
3.4125 -0.00622797
3.4225 -0.00614012
3.4325 -0.00605835
3.4425 -0.00598536
3.4525 -0.0059236
3.4625 -0.00586581
3.4725 -0.00581539
3.4825 -0.00576971
3.4925 -0.00572855
3.5025 -0.00569108
3.5125 -0.00565638
3.5225 -0.00562397
3.5325 -0.00559321
3.5425 -0.00556353
3.5525 -0.00553441
3.5625 -0.00550554
3.5725 -0.00547682
3.5825 -0.00544828
3.5925 -0.00542009
3.6025 -0.00539253
3.6125 -0.00536606
3.6225 -0.00534134
3.6325 -0.00531925
3.6425 -0.00530065
3.6525 -0.00528667
3.6625 -0.00527849
3.6725 -0.00527738
3.6825 -0.00528463
3.6925 -0.00530154
3.7025 -0.00532936
3.7125 -0.00536929
3.7225 -0.00542236
3.7325 -0.00548945
3.7425 -0.00557081
3.7525 -0.00566671
3.7625 -0.00577824
3.7725 -0.00590359
3.7825 -0.00604219
3.7925 -0.00619226
3.8025 -0.00635189
3.8125 -0.00651854
3.8225 -0.0066892
3.8325 -0.00686059
3.8425 -0.00702921
3.8525 -0.0071914
3.8625 -0.00734332
3.8725 -0.00748115
3.8825 -0.00760118
3.8925 -0.00769989
3.9025 -0.00777409
3.9125 -0.00782096
3.9225 -0.00783814
3.9325 -0.00782374
3.9425 -0.00777648
3.9525 -0.0076957
3.9625 -0.00758141
3.9725 -0.00743428
3.9825 -0.0072557
3.9925 -0.00704766
4.0025 -0.00681271
4.0125 -0.00655388
4.0225 -0.00627455
4.0325 -0.00597831
4.0425 -0.00566906
4.0525 -0.00535073
4.0625 -0.00502729
4.0725 -0.00470263
4.0825 -0.00438052
4.0925 -0.00406437
4.1025 -0.00375707
4.1125 -0.00346088
4.1225 -0.00317739
4.1325 -0.0029075
4.1425 -0.00265145
4.1525 -0.00240872
4.1625 -0.00217803
4.1725 -0.00195745
4.1825 -0.00174487
4.1925 -0.00153955
4.2025 -0.00133584
4.2125 -0.00113379
4.2225 -0.000929661
4.2325 -0.000720435
4.2425 -0.000502025
4.2525 -0.000271268
4.2625 -3.00107e-05
4.2725 0.000224202
4.2825 0.000491979
4.2925 0.000773822
4.3025 0.00106976
4.3125 0.00137934
4.3225 0.00170169
4.3325 0.00203555
4.3425 0.00237949
4.3525 0.00273179
4.3625 0.00309046
4.3725 0.00345333
4.3825 0.00381821
4.3925 0.00418289
4.4025 0.00454511
4.4125 0.0049026
4.4225 0.00525313
4.4325 0.00559452
4.4425 0.00592469
4.4525 0.00624155
4.4625 0.00654302
4.4725 0.00682718
4.4825 0.00709216
4.4925 0.00733617
4.5025 0.00755762
4.5125 0.00775514
4.5225 0.00792767
4.5325 0.00807443
4.5425 0.00819494
4.5525 0.00828903
4.5625 0.00835813
4.5725 0.0084016
4.5825 0.00841551
4.5925 0.00840079
4.6025 0.00835715
4.6125 0.00828574
4.6225 0.00818799
4.6325 0.00806562
4.6425 0.00792096
4.6525 0.00775677
4.6625 0.00757615
4.6725 0.00738247
4.6825 0.0071793
4.6925 0.00697035
4.7025 0.0067594
4.7125 0.0065502
4.7225 0.00634642
4.7325 0.00615179
4.7425 0.00596928
4.7525 0.0058013
4.7625 0.00564984
4.7725 0.0055163
4.7825 0.00540161
4.7925 0.00530614
4.8025 0.00522978
4.8125 0.00517189
4.8225 0.00513136
4.8325 0.00510669
4.8425 0.00509606
4.8525 0.00509741
4.8625 0.0051085
4.8725 0.00512696
4.8825 0.00515042
4.8925 0.00517658
4.9025 0.00520327
4.9125 0.00522851
4.9225 0.00525051
4.9325 0.00526764
4.9425 0.00527847
4.9525 0.00528181
4.9625 0.00527671
4.9725 0.00526226
4.9825 0.00523765
4.9925 0.00520221
5.0025 0.00515551
5.0125 0.00509727
5.0225 0.00502738
5.0325 0.00494584
5.0425 0.00485274
5.0525 0.00474831
5.0625 0.00463292
5.0725 0.00450715
5.0825 0.00437178
5.0925 0.00422788
5.1025 0.00407679
5.1125 0.00392013
5.1225 0.00375965
5.1325 0.00359709
5.1425 0.00343403
5.1525 0.00327199
5.1625 0.00311247
5.1725 0.00295664
5.1825 0.00280522
5.1925 0.00265858
5.2025 0.00251674
5.2125 0.00237928
5.2225 0.00224533
5.2325 0.00211356
5.2425 0.00198227
5.2525 0.00184941
5.2625 0.00171259
5.2725 0.00156917
5.2825 0.00141304
5.2925 0.00124619
5.3025 0.00106803
5.3125 0.000877022
5.3225 0.000672459
5.3325 0.000453664
5.3425 0.00022022
5.3525 -2.82796e-05
5.3625 -0.000292014
5.3725 -0.000570948
5.3825 -0.000864774
5.3925 -0.00117237
5.4025 -0.00149283
5.4125 -0.00182573
5.4225 -0.00216835
5.4325 -0.00251941
5.4425 -0.00287663
5.4525 -0.00323796
5.4625 -0.00360105
5.4725 -0.00396345
5.4825 -0.00432276
5.4925 -0.00467663
5.5025 -0.0050228
5.5125 -0.00535905
5.5225 -0.00568326
5.5325 -0.00599352
5.5425 -0.00628811
5.5525 -0.00656557
5.5625 -0.00682462
5.5725 -0.00706423
5.5825 -0.0072836
5.5925 -0.0074822
5.6025 -0.00765978
5.6125 -0.00781633
5.6225 -0.00795205
5.6325 -0.00806738
5.6425 -0.00816306
5.6525 -0.00824008
5.6625 -0.00829966
5.6725 -0.00834319
5.6825 -0.00837217
5.6925 -0.00838818
5.7025 -0.00839283
5.7125 -0.0083877
5.7225 -0.00837409
5.7325 -0.00835409
5.7425 -0.00832766
5.7525 -0.00829589
5.7625 -0.00825989
5.7725 -0.00822038
5.7825 -0.00817762
5.7925 -0.00813138
5.8025 -0.00808119
5.8125 -0.00802627
5.8225 -0.00796548
5.8325 -0.00789743
5.8425 -0.00782058
5.8525 -0.00773323
5.8625 -0.00763366
5.8725 -0.00752005
5.8825 -0.00739064
5.8925 -0.00724375
5.9025 -0.00707788
5.9125 -0.00689176
5.9225 -0.00668436
5.9325 -0.00645499
5.9425 -0.00620327
5.9525 -0.00592923
5.9625 -0.0056333
5.9725 -0.00531634
5.9825 -0.00497955
5.9925 -0.00462452
6.0025 -0.0042532
6.0125 -0.00386808
6.0225 -0.00347254
6.0325 -0.00306853
6.0425 -0.00266048
6.0525 -0.0022514
6.0625 -0.00184461
6.0725 -0.0014432
6.0825 -0.00105011
6.0925 -0.000668335
6.1025 -0.00030054
6.1125 5.10359e-05
6.1225 0.000384146
6.1325 0.000696808
6.1425 0.000988016
6.1525 0.00125728
6.1625 0.00150607
6.1725 0.00172931
6.1825 0.00192763
6.1925 0.00210063
6.2025 0.00224859
6.2125 0.00237229
6.2225 0.00247291
6.2325 0.00255201
6.2425 0.00261148
6.2525 0.0026535
6.2625 0.00268055
6.2725 0.00269527
6.2825 0.00270038
6.2925 0.00269869
6.3025 0.00269299
6.3125 0.00268597
6.3225 0.00268022
6.3325 0.00267818
6.3425 0.00268205
6.3525 0.00269377
6.3625 0.00271495
6.3725 0.00274685
6.3825 0.00279045
6.3925 0.00284631
6.4025 0.00291468
6.4125 0.00299542
6.4225 0.00308812
6.4325 0.00319201
6.4425 0.00330604
6.4525 0.00342885
6.4625 0.00355882
6.4725 0.00369407
6.4825 0.00383262
6.4925 0.00397242
6.5025 0.00411135
6.5125 0.00424735
6.5225 0.00437848
6.5325 0.00450296
6.5425 0.00461918
6.5525 0.00472578
6.5625 0.00482171
6.5725 0.00490623
6.5825 0.00497909
6.5925 0.00503995
6.6025 0.00508888
6.6125 0.00512657
6.6225 0.0051537
6.6325 0.00517151
6.6425 0.00518108
6.6525 0.00518374
6.6625 0.00518102
6.6725 0.00517453
6.6825 0.00516576
6.6925 0.00515625
6.7025 0.00514737
6.7125 0.00514048
6.7225 0.00513688
6.7325 0.00513774
6.7425 0.00514385
6.7525 0.0051558
6.7625 0.0051739
6.7725 0.00519818
6.7825 0.00522836
6.7925 0.00526383
6.8025 0.00530372
6.8125 0.0053469
6.8225 0.00539203
6.8325 0.00543754
6.8425 0.00548169
6.8525 0.00552261
6.8625 0.00555837
6.8725 0.00558695
6.8825 0.00560636
6.8925 0.00561461
6.9025 0.00560979
6.9125 0.00559011
6.9225 0.00555391
6.9325 0.00549973
6.9425 0.00542637
6.9525 0.00533285
6.9625 0.00521848
6.9725 0.0050828
6.9825 0.00492562
6.9925 0.00474693
7.0025 0.00454706
7.0125 0.00432651
7.0225 0.00408597
7.0325 0.0038262
7.0425 0.00354799
7.0525 0.00325227
7.0625 0.0029401
7.0725 0.00261266
7.0825 0.0022712
7.0925 0.00191701
7.1025 0.00154971
7.1125 0.00117123
7.1225 0.00078677
7.1325 0.000397319
7.1425 5.42236e-06
7.1525 -0.00038709
7.1625 -0.000778359
7.1725 -0.00116674
7.1825 -0.00155031
7.1925 -0.00192798
7.2025 -0.00230022
7.2125 -0.00266419
7.2225 -0.00302039
7.2325 -0.00336792
7.2425 -0.00370691
7.2525 -0.00403732
7.2625 -0.0043593
7.2725 -0.00467328
7.2825 -0.00497996
7.2925 -0.00528022
7.3025 -0.00557508
7.3125 -0.00586562
7.3225 -0.00615301
7.3325 -0.00643841
7.3425 -0.006723
7.3525 -0.00700788
7.3625 -0.0069516
7.3725 -0.00672256
7.3825 -0.00715165
7.3925 -0.00759192
7.4025 -0.00816675
7.4125 -0.00872796
7.4225 -0.00926462
7.4325 -0.00990104
7.4425 -0.0106375
7.4525 -0.0113924
7.4625 -0.0121308
7.4725 -0.0128645
7.4825 -0.0136449
7.4925 -0.0144424
7.5025 -0.0152322
7.5125 -0.0162324
7.5225 -0.0174879
7.5325 -0.0182792
7.5425 -0.0191064
7.5525 -0.0199099
7.5625 -0.0205584
7.5725 -0.0212419
7.5825 -0.0220216
7.5925 -0.0227865
7.6025 -0.0234868
7.6125 -0.0241011
7.6225 -0.0246557
7.6325 -0.0251883
7.6425 -0.0257056
7.6525 -0.0262003
7.6625 -0.0267507
7.6725 -0.0271401
7.6825 -0.0274456
7.6925 -0.027904
7.7025 -0.0283285
7.7125 -0.0286449
7.7225 -0.0289596
7.7325 -0.0292843
7.7425 -0.0295537
7.7525 -0.0298004
7.7625 -0.0300237
7.7725 -0.0302221
7.7825 -0.0303974
7.7925 -0.0305564
7.8025 -0.0306815
7.8125 -0.0307782
7.8225 -0.0308603
7.8325 -0.0309303
7.8425 -0.0309829
7.8525 -0.0310146
7.8625 -0.03103
7.8725 -0.0310359
7.8825 -0.0310299
7.8925 -0.0310153
7.9025 -0.0309952
7.9125 -0.0309702
7.9225 -0.0309409
7.9325 -0.030907
7.9425 -0.0308684
7.9525 -0.0308268
7.9625 -0.0307848
7.9725 -0.0307436
7.9825 -0.0307028
7.9925 -0.0306613
8.0025 -0.0306171
8.015 -0.0305601
8.0275 -0.0305054
8.04 -0.03045
8.0525 -0.0303923
8.065 -0.0303315
8.0775 -0.0302661
8.09 -0.0301926
8.1025 -0.0301045
8.115 -0.0299983
8.1275 -0.0298734
8.14 -0.0297286
8.1525 -0.0295594
8.165 -0.0293578
8.1775 -0.0291215
8.19 -0.0288438
8.2025 -0.028522
8.215 -0.028156
8.2275 -0.0277411
8.24 -0.0272747
8.2525 -0.0267565
8.265 -0.0261874
8.2775 -0.025569
8.29 -0.0249037
8.3025 -0.0241923
8.315 -0.0234403
8.3275 -0.0226495
8.34 -0.0218263
8.3525 -0.0209778
8.365 -0.0201095
8.3775 -0.0192279
8.39 -0.0183381
8.4025 -0.017446
8.415 -0.016558
8.4275 -0.0156788
8.44 -0.0148103
8.4525 -0.0139584
8.465 -0.0131249
8.4775 -0.0123139
8.49 -0.0115265
8.5025 -0.0107664
8.515 -0.0100317
8.5275 -0.00932236
8.54 -0.00864094
8.5525 -0.00798575
8.565 -0.00735583
8.5775 -0.00674964
8.59 -0.00616584
8.6025 -0.00560403
8.615 -0.00506273
8.6275 -0.00453969
8.64 -0.0040326
8.6525 -0.00353985
8.665 -0.00305236
8.6775 -0.00255256
8.69 -0.0020792
8.7025 -0.0016167
8.715 -0.00117326
8.7275 -0.000795468
8.74 -0.000497568
8.7525 -1.99733e-05
8.765 0.000497096
8.7775 0.00103939
8.79 0.00156123
8.8025 0.00218183
8.815 0.00280846
8.8275 0.00343892
8.84 0.00409831
8.8525 0.00477578
8.865 0.00545807
8.8775 0.00614421
8.89 0.0068251
8.9025 0.00749918
8.915 0.00816198
8.9275 0.00880378
8.94 0.00942032
8.9525 0.0100115
8.965 0.0105732
8.9775 0.0111002
8.99 0.0115904
9.0025 0.0120427
9.015 0.0124553
9.0275 0.0128267
9.04 0.0131567
9.0525 0.013446
9.065 0.0136951
9.0775 0.0139051
9.09 0.0140719
9.1025 0.0141957
9.115 0.0142998
9.1275 0.0143744
9.14 0.0144288
9.1525 0.0144639
9.165 0.0144838
9.1775 0.0144932
9.19 0.0144972
9.2025 0.0144964
9.215 0.0145011
9.2275 0.0144941
9.24 0.0144942
9.2525 0.0145123
9.265 0.0145375
9.2775 0.0145758
9.29 0.0146314
9.3025 0.0147087
9.315 0.0148129
9.3275 0.0149318
9.34 0.0150697
9.3525 0.0152339
9.365 0.0154176
9.3775 0.0156183
9.39 0.0158365
9.4025 0.0160688
9.415 0.016312
9.4275 0.0165613
9.44 0.0168113
9.4525 0.0170578
9.465 0.0172953
9.4775 0.0175185
9.49 0.0177217
9.5025 0.0178964
9.515 0.0180343
9.5275 0.0181303
9.54 0.0181784
9.5525 0.0181756
9.565 0.0181189
9.5775 0.0180042
9.59 0.017835
9.6025 0.0176123
9.615 0.0173379
9.6275 0.0170149
9.64 0.0166483
9.6525 0.0162456
9.665 0.0158135
9.6775 0.0153584
9.69 0.0148858
9.7025 0.014404
9.715 0.013922
9.7275 0.0134475
9.74 0.012986
9.7525 0.0125409
9.765 0.0121165
9.7775 0.0117174
9.79 0.0113467
9.8025 0.011004
9.815 0.0106869
9.8275 0.0103926
9.84 0.010119
9.8525 0.00986261
9.865 0.00961817
9.8775 0.00937789
9.89 0.00913523
9.9025 0.00888286
9.915 0.008613
9.9275 0.00831304
9.94 0.0079865
9.9525 0.00762762
9.965 0.00723215
9.9775 0.00679279
9.99 0.00630768
10.0025 0.0057764
10.015 0.0052042
10.0275 0.00459482
10.04 0.00394479
10.0525 0.00324525
10.065 0.00249242
10.0775 0.00168316
10.09 0.000827
10.1025 -8.69481e-05
10.115 -0.00105425
10.1275 -0.00206202
10.14 -0.00309945
10.1525 -0.00415422
10.165 -0.00521854
10.1775 -0.00628665
10.19 -0.00735111
10.2025 -0.00840104
10.215 -0.00942158
10.2275 -0.0104015
10.24 -0.0113414
10.2525 -0.0122291
10.265 -0.013055
10.2775 -0.0138242
10.29 -0.0145174
10.3025 -0.0151301
10.315 -0.0156607
10.3275 -0.0161131
10.34 -0.0164885
10.3525 -0.0167851
10.365 -0.0170057
10.3775 -0.0171609
10.39 -0.0172617
10.4025 -0.0173187
10.415 -0.0173412
10.4275 -0.017339
10.44 -0.0173293
10.4525 -0.0173281
10.465 -0.017341
10.4775 -0.0173795
10.49 -0.0174508
10.5025 -0.0175635
10.515 -0.0177249
10.5275 -0.0179368
10.54 -0.0181992
10.5525 -0.0185015
10.565 -0.0188491
10.5775 -0.0192459
10.59 -0.0196877
10.6025 -0.0201602
10.615 -0.0206546
10.6275 -0.0211605
10.64 -0.0216667
10.6525 -0.0221578
10.665 -0.0226243
10.6775 -0.0230541
10.69 -0.0234338
10.7025 -0.0237492
10.715 -0.0239903
10.7275 -0.0241514
10.74 -0.0242255
10.7525 -0.0242072
10.765 -0.0240862
10.7775 -0.0238607
10.79 -0.0235394
10.8025 -0.0231301
10.815 -0.0226507
10.8275 -0.0221168
10.84 -0.0215366
10.8525 -0.0209248
10.865 -0.0203066
10.8775 -0.0197073
10.89 -0.0191288
10.9025 -0.018586
10.915 -0.0180954
10.9275 -0.0176744
10.94 -0.0173353
10.9525 -0.0170861
10.965 -0.0169405
10.9775 -0.0169017
10.99 -0.0169735
11.0025 -0.017142
11.015 -0.0174132
11.0275 -0.0177914
11.04 -0.0182727
11.0525 -0.0188444
11.065 -0.0195012
11.0775 -0.0202442
11.09 -0.0210683
11.1025 -0.0219532
11.115 -0.0228838
11.1275 -0.0238481
11.14 -0.0248356
11.1525 -0.0258461
11.165 -0.0268611
11.1775 -0.0278592
11.19 -0.028848
11.2025 -0.029817
11.215 -0.0307596
11.2275 -0.0316714
11.24 -0.0325472
11.2525 -0.033385
11.265 -0.0341802
11.2775 -0.0349338
11.29 -0.035646
11.3025 -0.0363157
11.315 -0.0369463
11.3275 -0.0375442
11.34 -0.0381087
11.3525 -0.0386477
11.365 -0.0391594
11.3775 -0.0396598
11.39 -0.0401606
11.4025 -0.0406502
11.415 -0.0411122
11.4275 -0.041579
11.44 -0.0420714
11.4525 -0.0425344
11.465 -0.0430371
11.4775 -0.0435213
11.49 -0.0439586
11.5025 -0.0446316
11.515 -0.0453672
11.5275 -0.0459583
11.54 -0.0466595
11.5525 -0.0474087
11.565 -0.0482222
11.5775 -0.0490535
11.59 -0.0498308
11.6025 -0.0505962
11.615 -0.0513483
11.6275 -0.0520759
11.64 -0.0527561
11.6525 -0.0533803
11.665 -0.0539497
11.6775 -0.0544636
11.69 -0.054924
11.7025 -0.0553285
11.715 -0.0556737
11.7275 -0.0559605
11.74 -0.0561942
11.7525 -0.0563823
11.765 -0.0565288
11.7775 -0.056636
11.79 -0.0567109
11.8025 -0.0567627
11.815 -0.056801
11.8275 -0.0568338
11.84 -0.0568684
11.8525 -0.056913
11.865 -0.0569759
11.8775 -0.0570644
11.89 -0.0571845
11.9025 -0.0573434
11.915 -0.0575448
11.9275 -0.0577886
11.94 -0.0580701
11.9525 -0.0583895
11.965 -0.0587472
11.9775 -0.0591392
11.99 -0.0595581
12.0025 -0.0599971
12.015 -0.0604485
12.0275 -0.0609074
12.04 -0.0613659
12.0525 -0.061813
12.065 -0.062242
12.0775 -0.0626398
12.09 -0.0630023
12.1025 -0.0633216
12.115 -0.0636058
12.1275 -0.0638448
12.14 -0.0640317
12.1525 -0.0641677
12.165 -0.064248
12.1775 -0.0642748
12.19 -0.064251
12.2025 -0.064181
12.215 -0.0640736
12.2275 -0.0639328
12.24 -0.0637628
12.2525 -0.0635725
12.265 -0.0633732
12.2775 -0.0631681
12.29 -0.0629626
12.3025 -0.0627704
12.315 -0.0625956
12.3275 -0.062442
12.34 -0.0623152
12.3525 -0.0622189
12.365 -0.0621556
12.3775 -0.0621288
12.39 -0.0621376
12.4025 -0.0621812
12.415 -0.0622597
12.4275 -0.0623694
12.44 -0.0625061
12.4525 -0.0626668
12.465 -0.0628466
12.4775 -0.0630382
12.49 -0.0632367
12.5025 -0.0634366
12.515 -0.0636351
12.5275 -0.0638281
12.54 -0.0640084
12.5525 -0.0641704
12.565 -0.0643098
12.5775 -0.0644222
12.59 -0.0645051
12.6025 -0.0645572
12.615 -0.0645764
12.6275 -0.0645635
12.64 -0.0645222
12.6525 -0.0644602
12.665 -0.0643804
12.6775 -0.0642822
12.69 -0.0641652
12.7025 -0.0640326
12.715 -0.0638883
12.7275 -0.0637356
12.74 -0.0635776
12.7525 -0.0634178
12.765 -0.0632585
12.7775 -0.0631015
12.79 -0.0629488
12.8025 -0.0628014
12.815 -0.06266
12.8275 -0.0625259
12.84 -0.0623997
12.8525 -0.0622808
12.865 -0.062169
12.8775 -0.0620634
12.89 -0.0619626
12.9025 -0.0618653
12.915 -0.0617713
12.9275 -0.061679
12.94 -0.0615876
12.9525 -0.0614962
12.965 -0.0614041
12.9775 -0.0613112
12.99 -0.0612174
13.0025 -0.0611216
13.015 -0.0610231
13.0275 -0.0609217
13.04 -0.0608161
13.0525 -0.0607014
13.065 -0.0605734
13.0775 -0.0604329
13.09 -0.0602762
13.1025 -0.0601001
13.115 -0.0599005
13.1275 -0.0596721
13.14 -0.0594106
13.1525 -0.059113
13.165 -0.0587778
13.1775 -0.0584005
13.19 -0.057973
13.2025 -0.0574969
13.215 -0.0569695
13.2275 -0.0563873
13.24 -0.0557506
13.2525 -0.0550587
13.265 -0.0543075
13.2775 -0.0534974
13.29 -0.0526318
13.3025 -0.0517098
13.315 -0.0507341
13.3275 -0.0497083
13.34 -0.0486342
13.3525 -0.047517
13.365 -0.046363
13.3775 -0.0451789
13.39 -0.0439715
13.4025 -0.0427465
13.415 -0.0415094
13.4275 -0.0402713
13.44 -0.0390374
13.4525 -0.0378131
13.465 -0.0366049
13.4775 -0.0354185
13.49 -0.0342595
13.5025 -0.033132
13.515 -0.0320381
13.5275 -0.0309796
13.54 -0.029957
13.5525 -0.0289706
13.565 -0.0280207
13.5775 -0.0271022
13.59 -0.0262154
13.6025 -0.0253567
13.615 -0.0245214
13.6275 -0.0237065
13.64 -0.0229039
13.6525 -0.0221063
13.665 -0.0213103
13.6775 -0.0205101
13.69 -0.0196996
13.7025 -0.0188728
13.715 -0.0180244
13.7275 -0.0171508
13.74 -0.016249
13.7525 -0.0153158
13.765 -0.0143493
13.7775 -0.013348
13.79 -0.0123112
13.8025 -0.0112391
13.815 -0.0101316
13.8275 -0.00898946
13.84 -0.00781315
13.8525 -0.00660085
13.865 -0.0053659
13.8775 -0.00410067
13.89 -0.00281008
13.9025 -0.00149911
13.915 -0.000169035
13.9275 0.00112703
13.94 0.00240457
13.9525 0.0037193
13.965 0.0050019
13.9775 0.00627186
13.99 0.00752576
14.0025 0.00884219
14.015 0.0101109
14.0275 0.0113325
14.04 0.012519
14.0525 0.0136416
14.065 0.0146962
14.0775 0.0156878
14.09 0.0166133
14.1025 0.0175149
14.115 0.0183488
14.1275 0.0191146
14.14 0.0198439
14.1525 0.020523
14.165 0.0211021
14.1775 0.0216703
14.19 0.0222596
14.2025 0.0228403
14.215 0.0234382
14.2275 0.0240705
14.24 0.0247281
14.2525 0.0254256
14.265 0.0261819
14.2775 0.0265874
14.29 0.0265062
14.3025 0.0277622
14.315 0.0287085
14.3275 0.0299129
14.34 0.0311012
14.3525 0.0323288
14.365 0.0335808
14.3775 0.0348233
14.39 0.0360494
14.4025 0.0372
14.415 0.0390763
14.4275 0.0405114
14.44 0.0414876
14.4525 0.0427382
14.465 0.0437233
14.4775 0.0447557
14.49 0.0457197
14.5025 0.0465757
14.515 0.0473822
14.5275 0.0481006
14.54 0.0487201
14.5525 0.0492666
14.565 0.0497229
14.5775 0.0500731
14.59 0.0503491
14.6025 0.0505484
14.615 0.0506738
14.6275 0.0507448
14.64 0.0507351
14.6525 0.0506647
14.665 0.0506447
14.6775 0.0505335
14.69 0.050468
14.7025 0.0503968
14.715 0.0503395
14.7275 0.0503314
14.74 0.0503537
14.7525 0.0504366
14.765 0.0505916
14.7775 0.0507952
14.79 0.0510639
14.8025 0.0514033
14.815 0.0518002
14.8275 0.0522577
14.84 0.0527775
14.8525 0.0533498
14.865 0.0539707
14.8775 0.0546333
14.89 0.055326
14.9025 0.0560398
14.915 0.0567634
14.9275 0.0574821
14.94 0.058185
14.9525 0.0588594
14.965 0.059492
14.9775 0.0600716
14.99 0.0605976
15.0025 0.0610403
15.015 0.0614186
15.0275 0.0617134
15.04 0.0619248
15.0525 0.0620402
15.065 0.0620599
15.0775 0.0619922
15.09 0.0618373
15.1025 0.0615988
15.115 0.0612852
15.1275 0.060902
15.14 0.0604553
15.1525 0.0599566
15.165 0.0594251
15.1775 0.0588675
15.19 0.0582786
15.2025 0.0576818
15.215 0.0571081
15.2275 0.0565557
15.24 0.0560351
15.2525 0.0555613
15.265 0.0551384
15.2775 0.0547739
15.29 0.0544713
15.3025 0.0542272
15.315 0.0540495
15.3275 0.0539349
15.34 0.0538755
15.3525 0.0538692
15.365 0.0539059
15.3775 0.0539755
15.39 0.0540671
15.4025 0.0541698
15.415 0.0542694
15.4275 0.0543505
15.44 0.0543997
15.4525 0.0544036
15.465 0.0543521
15.4775 0.0542341
15.49 0.054041
15.5025 0.0537658
15.515 0.0534047
15.5275 0.0529562
15.54 0.0524227
15.5525 0.0518092
15.565 0.0511213
15.5775 0.0503682
15.59 0.0495585
15.6025 0.0487073
15.615 0.0478418
15.6275 0.0469546
15.64 0.0460678
15.6525 0.0451983
15.665 0.0443525
15.6775 0.0435431
15.69 0.0427827
15.7025 0.0420952
15.715 0.0414897
15.7275 0.0409504
15.74 0.0404943
15.7525 0.0401257
15.765 0.0398386
15.7775 0.0396449
15.79 0.0395447
15.8025 0.0395286
15.815 0.0395913
15.8275 0.0397264
15.84 0.0399228
15.8525 0.0401708
15.865 0.040465
15.8775 0.040787
15.89 0.0411282
15.9025 0.0414764
15.915 0.041816
15.9275 0.0421368
15.94 0.0424279
15.9525 0.0426747
15.965 0.0428668
15.9775 0.0429935
15.99 0.0430459
16.0025 0.0430151
16.0125 0.0429254
16.0225 0.0427774
16.0325 0.0425721
16.0425 0.0423049
16.0525 0.041976
16.0625 0.0415847
16.0725 0.0411303
16.0825 0.0406145
16.0925 0.0400404
16.1025 0.0394122
16.1125 0.0387314
16.1225 0.0380016
16.1325 0.0372314
16.1425 0.0364272
16.1525 0.0355913
16.1625 0.0347313
16.1725 0.0338546
16.1825 0.0329636
16.1925 0.0320658
16.2025 0.0311709
16.2125 0.0302827
16.2225 0.0294078
16.2325 0.0285539
16.2425 0.0277254
16.2525 0.0269251
16.2625 0.0261576
16.2725 0.0254278
16.2825 0.024739
16.2925 0.0240929
16.3025 0.0234926
16.3125 0.0229386
16.3225 0.0224278
16.3325 0.0219598
16.3425 0.0215351
16.3525 0.021153
16.3625 0.0208075
16.3725 0.0204936
16.3825 0.0202104
16.3925 0.019952
16.4025 0.0197119
16.4125 0.0194837
16.4225 0.019261
16.4325 0.0190402
16.4425 0.0188158
16.4525 0.0185802
16.4625 0.0183287
16.4725 0.0180559
16.4825 0.0177559
16.4925 0.0174245
16.5025 0.0170572
16.5125 0.0166507
16.5225 0.0162025
16.5325 0.0157112
16.5425 0.0151751
16.5525 0.0145934
16.5625 0.0139664
16.5725 0.013295
16.5825 0.0125808
16.5925 0.0118256
16.6025 0.0110321
16.6125 0.0102044
16.6225 0.00934821
16.6325 0.00846871
16.6425 0.00757125
16.6525 0.00666266
16.6625 0.00574725
16.6725 0.0048474
16.6825 0.0039635
16.6925 0.00308401
16.7025 0.00221608
16.7125 0.00137008
16.7225 0.000545184
16.7325 -0.000255567
16.7425 -0.00102293
16.7525 -0.00175241
16.7625 -0.00244633
16.7725 -0.00310287
16.7825 -0.00371665
16.7925 -0.00428476
16.8025 -0.00480576
16.8125 -0.00527762
16.8225 -0.0056992
16.8325 -0.00607313
16.8425 -0.00639714
16.8525 -0.00667153
16.8625 -0.00689795
16.8725 -0.00707822
16.8825 -0.00721519
16.8925 -0.00731291
16.9025 -0.0073753
16.9125 -0.00740275
16.9225 -0.00739533
16.9325 -0.00735567
16.9425 -0.00728886
16.9525 -0.00720024
16.9625 -0.00709386
16.9725 -0.00697329
16.9825 -0.00684298
16.9925 -0.00670759
17.0025 -0.00657029
17.0125 -0.0064356
17.0225 -0.00630901
17.0325 -0.00619349
17.0425 -0.00609268
17.0525 -0.00601219
17.0625 -0.00595454
17.0725 -0.00591989
17.0825 -0.00590472
17.0925 -0.00591223
17.1025 -0.00594895
17.1125 -0.00601249
17.1225 -0.00609803
17.1325 -0.00620875
17.1425 -0.00634261
17.1525 -0.00649261
17.1625 -0.00665668
17.1725 -0.00683576
17.1825 -0.00702727
17.1925 -0.00722621
17.2025 -0.00742845
17.2125 -0.0076287
17.2225 -0.00782068
17.2325 -0.00800179
17.2425 -0.00816973
17.2525 -0.00832106
17.2625 -0.00844863
17.2725 -0.00854952
17.2825 -0.00862292
17.2925 -0.00866468
17.3025 -0.00867206
17.3125 -0.00864428
17.3225 -0.00858003
17.3325 -0.00848052
17.3425 -0.00834756
17.3525 -0.00818176
17.3625 -0.00798333
17.3725 -0.00775331
17.3825 -0.00749551
17.3925 -0.0072146
17.4025 -0.006913
17.4125 -0.0065954
17.4225 -0.00627182
17.4325 -0.00593469
17.4425 -0.00558642
17.4525 -0.00523387
17.4625 -0.00488147
17.4725 -0.0045301
17.4825 -0.00418388
17.4925 -0.00384897
17.5025 -0.00352707
17.5125 -0.00322088
17.5225 -0.00293484
17.5325 -0.00267154
17.5425 -0.00243291
17.5525 -0.00222178
17.5625 -0.00204058
17.5725 -0.00189042
17.5825 -0.00177256
17.5925 -0.00168858
17.6025 -0.00163872
17.6125 -0.00162306
17.6225 -0.00164225
17.6325 -0.00169656
17.6425 -0.001786
17.6525 -0.00190762
17.6625 -0.00205964
17.6725 -0.00224239
17.6825 -0.00245531
17.6925 -0.00270334
17.7025 -0.00297705
17.7125 -0.00326906
17.7225 -0.00358201
17.7325 -0.00391311
17.7425 -0.00425765
17.7525 -0.0046139
17.7625 -0.00497881
17.7725 -0.00534675
17.7825 -0.00571353
17.7925 -0.00607803
17.8025 -0.00643804
17.8125 -0.00678791
17.8225 -0.00712447
17.8325 -0.00744649
17.8425 -0.00775153
17.8525 -0.00803766
17.8625 -0.00830632
17.8725 -0.00855707
17.8825 -0.00878267
17.8925 -0.00898996
17.9025 -0.00918056
17.9125 -0.00935486
17.9225 -0.00951401
17.9325 -0.00965827
17.9425 -0.00978916
17.9525 -0.009908
17.9625 -0.0100166
17.9725 -0.0101178
17.9825 -0.0102148
17.9925 -0.0103099
18.0025 -0.0104055
18.0125 -0.0105045
18.0225 -0.0106086
18.0325 -0.0107201
18.0425 -0.0108419
18.0525 -0.0109753
18.0625 -0.0111218
18.0725 -0.0112834
18.0825 -0.0114616
18.0925 -0.0116576
18.1025 -0.0118715
18.1125 -0.0121029
18.1225 -0.0123512
18.1325 -0.0126157
18.1425 -0.0128959
18.1525 -0.0131911
18.1625 -0.0134997
18.1725 -0.0138184
18.1825 -0.0141446
18.1925 -0.0144759
18.2025 -0.0148088
18.2125 -0.0151395
18.2225 -0.0154651
18.2325 -0.0157824
18.2425 -0.0160873
18.2525 -0.0163756
18.2625 -0.0166434
18.2725 -0.0168868
18.2825 -0.0171022
18.2925 -0.0172862
18.3025 -0.0174359
18.3125 -0.0175484
18.3225 -0.0176209
18.3325 -0.0176516
18.3425 -0.0176389
18.3525 -0.0175843
18.3625 -0.0174883
18.3725 -0.0173499
18.3825 -0.0171718
18.3925 -0.0169506
18.4025 -0.0166825
18.4125 -0.0163765
18.4225 -0.0160381
18.4325 -0.0156693
18.4425 -0.0152762
18.4525 -0.0148637
18.4625 -0.0144332
18.4725 -0.0139892
18.4825 -0.0135404
18.4925 -0.0130927
18.5025 -0.0126502
18.5125 -0.0122205
18.5225 -0.0118102
18.5325 -0.0114235
18.5425 -0.0110651
18.5525 -0.0107343
18.5625 -0.0104334
18.5725 -0.0101738
18.5825 -0.00996309
18.5925 -0.00980044
18.6025 -0.00967724
18.6125 -0.00959867
18.6225 -0.00956605
18.6325 -0.00957583
18.6425 -0.00962601
18.6525 -0.00971722
18.6625 -0.00984715
18.6725 -0.0100122
18.6825 -0.0102097
18.6925 -0.010438
18.7025 -0.0106905
18.7125 -0.0109624
18.7225 -0.011253
18.7325 -0.0115583
18.7425 -0.0118754
18.7525 -0.0122017
18.7625 -0.0125325
18.7725 -0.0128636
18.7825 -0.0131909
18.7925 -0.0135106
18.8025 -0.0138203
18.8125 -0.0141185
18.8225 -0.0144037
18.8325 -0.0146734
18.8425 -0.0149256
18.8525 -0.0151594
18.8625 -0.0153736
18.8725 -0.0155679
18.8825 -0.015742
18.8925 -0.0158969
18.9025 -0.0160342
18.9125 -0.016156
18.9225 -0.0162635
18.9325 -0.0163571
18.9425 -0.0164401
18.9525 -0.0165153
18.9625 -0.0165848
18.9725 -0.0166517
18.9825 -0.0167174
18.9925 -0.0167834
19.0025 -0.0168594
19.0125 -0.0169499
19.0225 -0.0170546
19.0325 -0.0171785
19.0425 -0.0173246
19.0525 -0.017495
19.0625 -0.0176937
19.0725 -0.0179253
19.0825 -0.0181939
19.0925 -0.0185017
19.1025 -0.0188504
19.1125 -0.0192408
19.1225 -0.0196751
19.1325 -0.0201555
19.1425 -0.0206811
19.1525 -0.0212509
19.1625 -0.0218632
19.1725 -0.0225152
19.1825 -0.023206
19.1925 -0.023936
19.2025 -0.0247042
19.2125 -0.0255058
19.2225 -0.0263375
19.2325 -0.0271962
19.2425 -0.028078
19.2525 -0.0289795
19.2625 -0.0298967
19.2725 -0.0308176
19.2825 -0.0317476
19.2925 -0.032688
19.3025 -0.0336323
19.3125 -0.0345781
19.3225 -0.0355253
19.3325 -0.0364691
19.3425 -0.037405
19.3525 -0.0383327
19.3625 -0.0392529
19.3725 -0.0401636
19.3825 -0.0410622
19.3925 -0.0419484
19.4025 -0.0428223
19.4125 -0.0436817
19.4225 -0.0445255
19.4325 -0.0453551
19.4425 -0.0461718
19.4525 -0.0469757
19.4625 -0.0477676
19.4725 -0.0485487
19.4825 -0.0493199
19.4925 -0.0500821
19.5025 -0.050837
19.5125 -0.0515862
19.5225 -0.0523313
19.5325 -0.0530747
19.5425 -0.0538179
19.5525 -0.0545618
19.5625 -0.055308
19.5725 -0.0560586
19.5825 -0.056814
19.5925 -0.0575749
19.6025 -0.0583396
19.6125 -0.0591001
19.6225 -0.0598751
19.6325 -0.0606687
19.6425 -0.0614621
19.6525 -0.0622509
19.6625 -0.0630424
19.6725 -0.0638428
19.6825 -0.0646536
19.6925 -0.0654738
19.7025 -0.0662935
19.7125 -0.0671094
19.7225 -0.0679246
19.7325 -0.0687417
19.7425 -0.0695613
19.7525 -0.0703801
19.7625 -0.0711937
19.7725 -0.0720008
19.7825 -0.0727999
19.7925 -0.0735903
19.8025 -0.0743734
19.8125 -0.0751457
19.8225 -0.0759042
19.8325 -0.0766496
19.8425 -0.0773815
19.8525 -0.0780983
19.8625 -0.0787997
19.8725 -0.0794855
19.8825 -0.0801547
19.8925 -0.0808068
19.9025 -0.0814428
19.9125 -0.0820635
19.9225 -0.0826694
19.9325 -0.0832614
19.9425 -0.0838405
19.9525 -0.0844072
19.9625 -0.0849623
19.9725 -0.0855074
19.9825 -0.0860444
19.9925 -0.086575
20.0025 -0.0871
20.0125 -0.0876205
20.0225 -0.088138
20.0325 -0.088653
20.0425 -0.0891664
20.0525 -0.0896794
20.0625 -0.0901928
20.0725 -0.0907072
20.0825 -0.0912233
20.0925 -0.0917415
20.1025 -0.0922624
20.1125 -0.0927863
20.1225 -0.0933135
20.1325 -0.0938443
20.1425 -0.0943787
20.1525 -0.0949165
20.1625 -0.0954576
20.1725 -0.0960017
20.1825 -0.0965482
20.1925 -0.097097
20.2025 -0.0976474
