0.0025 1.37812e-05
0.0125 1.37813e-05
0.0225 1.37818e-05
0.035 1.37818e-05
0.045 1.37803e-05
0.055 1.37764e-05
0.065 1.37688e-05
0.075 1.37567e-05
0.085 1.37392e-05
0.095 1.37156e-05
0.105 1.3686e-05
0.115 1.36507e-05
0.125 1.36109e-05
0.135 1.35684e-05
0.145 1.35261e-05
0.155 1.34877e-05
0.165 1.34579e-05
0.175 1.34426e-05
0.185 1.34485e-05
0.195 1.34831e-05
0.205 1.35552e-05
0.215 1.3674e-05
0.225 1.38497e-05
0.235 1.40928e-05
0.245 1.44145e-05
0.255 1.48261e-05
0.265 1.53391e-05
0.275 1.5965e-05
0.285 1.67145e-05
0.295 1.7598e-05
0.305 1.86244e-05
0.315 1.98016e-05
0.325 2.11362e-05
0.335 2.26326e-05
0.345 2.42937e-05
0.355 2.61204e-05
0.365 2.81116e-05
0.375 3.02641e-05
0.385 3.25727e-05
0.395 3.50306e-05
0.405 3.76296e-05
0.415 4.03605e-05
0.425 4.32139e-05
0.435 4.61809e-05
0.445 4.92531e-05
0.455 5.24232e-05
0.465 5.56848e-05
0.475 5.90318e-05
0.485 6.24575e-05
0.495 6.59533e-05
0.5075 7.04041e-05
0.52 7.49167e-05
0.5325 7.9453e-05
0.545 8.39675e-05
0.5575 8.84092e-05
0.57 9.27226e-05
0.5825 9.68508e-05
0.595 0.000100734
0.6075 0.000104307
0.62 0.000107498
0.6325 0.000110234
0.645 0.000112441
0.6575 0.000114047
0.67 0.000114991
0.6825 0.000115227
0.695 0.000114728
0.7075 0.000113487
0.72 0.000111514
0.7325 0.000108829
0.745 0.000105466
0.7575 0.00010147
0.77 9.68962e-05
0.7825 9.18099e-05
0.795 8.62917e-05
0.8075 8.04394e-05
0.82 7.43705e-05
0.8325 6.82215e-05
0.845 6.21477e-05
0.8575 5.63197e-05
0.87 5.09097e-05
0.8825 4.60731e-05
0.895 4.19368e-05
0.9075 3.85884e-05
0.92 3.60732e-05
0.9325 3.43985e-05
0.945 3.35412e-05
0.9575 3.34539e-05
0.97 3.40661e-05
0.9825 3.52763e-05
0.995 3.69458e-05
1.005 3.84934e-05
1.0175 4.05101e-05
1.03 4.23767e-05
1.0425 4.38076e-05
1.055 4.45208e-05
1.0675 4.42742e-05
1.08 4.29039e-05
1.0925 4.03543e-05
1.105 3.66922e-05
1.1175 3.20891e-05
1.13 2.67774e-05
1.1425 2.09921e-05
1.155 1.49203e-05
1.1675 8.66575e-06
1.18 2.24205e-06
1.1925 -4.4095e-06
1.205 -1.13972e-05
1.2175 -1.88531e-05
1.23 -2.68976e-05
1.2425 -3.56306e-05
1.255 -4.51184e-05
1.2675 -5.53649e-05
1.28 -6.62677e-05
1.2925 -7.75856e-05
1.305 -8.89186e-05
1.3175 -9.97152e-05
1.33 -0.000109304
1.3425 -0.000116942
1.355 -0.000121856
1.3675 -0.000123292
1.38 -0.000120562
1.3925 -0.000113088
1.405 -0.000100396
1.4175 -8.21131e-05
1.43 -5.79622e-05
1.4425 -2.77664e-05
1.455 8.54711e-06
1.4675 5.09535e-05
1.48 9.93502e-05
1.4925 0.000153532
1.505 0.000213203
1.5175 0.000277998
1.53 0.000347478
1.5425 0.000421105
1.555 0.000498235
1.5675 0.000578117
1.58 0.00065989
1.5925 0.000742572
1.605 0.000825085
1.6175 0.00090629
1.63 0.000985022
1.6425 0.00106011
1.655 0.00113038
1.6675 0.00119466
1.68 0.00125172
1.6925 0.00130028
1.705 0.00133898
1.7175 0.00136639
1.73 0.00138103
1.7425 0.00138154
1.755 0.00136669
1.7675 0.0013355
1.78 0.00128731
1.7925 0.0012218
1.805 0.00113901
1.8175 0.00103936
1.83 0.000923681
1.8425 0.000793285
1.855 0.000650023
1.8675 0.00049626
1.88 0.000334827
1.8925 0.000168949
1.905 2.1209e-06
1.9175 -0.000162086
1.93 -0.00032025
1.9425 -0.000469107
1.955 -0.000605776
1.9675 -0.000727789
1.98 -0.000833153
1.9925 -0.000920375
2.0025 -0.000976434
2.0125 -0.00102006
2.0225 -0.00105128
2.0325 -0.00107033
2.0425 -0.00107774
2.0525 -0.00107423
2.0625 -0.00106077
2.0725 -0.0010385
2.0825 -0.00100874
2.0925 -0.000972891
2.1025 -0.000932498
2.1125 -0.000889169
2.1225 -0.000844566
2.1325 -0.000800371
2.1425 -0.000758259
2.1525 -0.000719863
2.1625 -0.000686722
2.1725 -0.000660226
2.1825 -0.000641566
2.1925 -0.000631698
2.2025 -0.000631313
2.2125 -0.000640816
2.2225 -0.000660315
2.2325 -0.000689609
2.2425 -0.000728199
2.2525 -0.000775313
2.2625 -0.000829946
2.2725 -0.000890889
2.2825 -0.00095677
2.2925 -0.00102609
2.3025 -0.00109726
2.3125 -0.00116865
2.3225 -0.00123867
2.3325 -0.00130574
2.3425 -0.00136845
2.3525 -0.00142549
2.3625 -0.00147581
2.3725 -0.00151857
2.3825 -0.00155316
2.3925 -0.00157928
2.4025 -0.0015969
2.4125 -0.0016063
2.4225 -0.00160804
2.4325 -0.00160302
2.4425 -0.00159241
2.4525 -0.00157766
2.4625 -0.00156049
2.4725 -0.00154279
2.4825 -0.00152658
2.4925 -0.00151393
2.5025 -0.0015069
2.5125 -0.00150744
2.5225 -0.00151732
2.5325 -0.00153805
2.5425 -0.00157087
2.5525 -0.00161665
2.5625 -0.00167585
2.5725 -0.00174855
2.5825 -0.00183435
2.5925 -0.00193243
2.6025 -0.00204148
2.6125 -0.00215981
2.6225 -0.00228529
2.6325 -0.00241545
2.6425 -0.00254752
2.6525 -0.00267851
2.6625 -0.00280524
2.6725 -0.00292445
2.6825 -0.00303293
2.6925 -0.00312753
2.7025 -0.00320531
2.7125 -0.0032636
2.7225 -0.00330006
2.7325 -0.00331275
2.7425 -0.00330018
2.7525 -0.00326135
2.7625 -0.00319572
2.7725 -0.00310328
2.7825 -0.00298447
2.7925 -0.00284024
2.8025 -0.00267196
2.8125 -0.00248143
2.8225 -0.00227083
2.8325 -0.00204268
2.8425 -0.00179976
2.8525 -0.00154506
2.8625 -0.00128172
2.8725 -0.00101291
2.8825 -0.000741807
2.8925 -0.000471485
2.9025 -0.000204885
2.9125 5.5325e-05
2.9225 0.000306538
2.9325 0.000546521
2.9425 0.00077334
2.9525 0.000985457
2.9625 0.00118177
2.9725 0.00136152
2.9825 0.00152434
2.9925 0.00167027
3.0025 0.00179967
3.0125 0.00191325
3.0225 0.00201201
3.0325 0.0020972
3.0425 0.00217021
3.0525 0.00223261
3.0625 0.00228604
3.0725 0.00233217
3.0825 0.00237265
3.0925 0.00240906
3.1025 0.00244287
3.1125 0.00247536
3.1225 0.00250763
3.1325 0.00254056
3.1425 0.00257478
3.1525 0.00261069
3.1625 0.00264842
3.1725 0.00268788
3.1825 0.00272875
3.1925 0.00277045
3.2025 0.00281224
3.2125 0.00285317
3.2225 0.00289216
3.2325 0.00292803
3.2425 0.0029595
3.2525 0.00298532
3.2625 0.00300427
3.2725 0.00301521
3.2825 0.0030172
3.2925 0.00300947
3.3025 0.00299149
3.3125 0.00296302
3.3225 0.0029241
3.3325 0.00287513
3.3425 0.0028168
3.3525 0.00275014
3.3625 0.0026765
3.3725 0.0025975
3.3825 0.00251502
3.3925 0.00243114
3.4025 0.00234812
3.4125 0.00226832
3.4225 0.00219415
3.4325 0.00212804
3.4425 0.00207234
3.4525 0.00202927
3.4625 0.00200083
3.4725 0.00198876
3.4825 0.00199448
3.4925 0.00201902
3.5025 0.00206298
3.5125 0.00212652
3.5225 0.00220933
3.5325 0.00231061
3.5425 0.00242908
3.5525 0.00256299
3.5625 0.00271012
3.5725 0.00286782
3.5825 0.00303306
3.5925 0.00320251
3.6025 0.00337254
3.6125 0.00353935
3.6225 0.00369905
3.6325 0.00384776
3.6425 0.00398169
3.6525 0.0040973
3.6625 0.00419132
3.6725 0.00426091
3.6825 0.00430365
3.6925 0.00431763
3.7025 0.00430149
3.7125 0.00425441
3.7225 0.00417613
3.7325 0.00406694
3.7425 0.00392769
3.7525 0.00375972
3.7625 0.00356488
3.7725 0.00334543
3.7825 0.00310404
3.7925 0.00284364
3.8025 0.00256744
3.8125 0.00227877
3.8225 0.00198105
3.8325 0.00167768
3.8425 0.00137196
3.8525 0.00106705
3.8625 0.000765876
3.8725 0.00047109
3.8825 0.000185028
3.8925 -9.02678e-05
3.9025 -0.000353286
3.9125 -0.000602789
3.9225 -0.000837905
3.9325 -0.00105817
3.9425 -0.0012636
3.9525 -0.00145433
3.9625 -0.00163085
3.9725 -0.00179392
3.9825 -0.00194447
3.9925 -0.00208369
4.0025 -0.00221283
4.0125 -0.00233319
4.0225 -0.00244606
4.0325 -0.00255264
4.0425 -0.00265402
4.0525 -0.00275109
4.0625 -0.00284451
4.0725 -0.00293468
4.0825 -0.00302176
4.0925 -0.00310562
4.1025 -0.00318588
4.1125 -0.00326192
4.1225 -0.00333287
4.1325 -0.0033977
4.1425 -0.00345523
4.1525 -0.00350419
4.1625 -0.00354329
4.1725 -0.00357123
4.1825 -0.00358678
4.1925 -0.00358885
4.2025 -0.00357652
4.2125 -0.0035491
4.2225 -0.00350618
4.2325 -0.00344768
4.2425 -0.00337384
4.2525 -0.00328529
4.2625 -0.00318303
4.2725 -0.00306844
4.2825 -0.00294325
4.2925 -0.00280954
4.3025 -0.00266969
4.3125 -0.00252631
4.3225 -0.00238224
4.3325 -0.00224041
4.3425 -0.00210389
4.3525 -0.00197573
4.3625 -0.00185895
4.3725 -0.00175649
4.3825 -0.0016711
4.3925 -0.00160533
4.4025 -0.0015614
4.4125 -0.0015412
4.4225 -0.00154617
4.4325 -0.00157727
4.4425 -0.00163495
4.4525 -0.00171908
4.4625 -0.00182898
4.4725 -0.00196338
4.4825 -0.00212048
4.4925 -0.00229793
4.5025 -0.00249296
4.5125 -0.00270238
4.5225 -0.0029227
4.5325 -0.00315014
4.5425 -0.00338079
4.5525 -0.00361065
4.5625 -0.00383574
4.5725 -0.00405216
4.5825 -0.00425617
4.5925 -0.00444426
4.6025 -0.00461321
4.6125 -0.00476015
4.6225 -0.00488257
4.6325 -0.00497844
4.6425 -0.00504616
4.6525 -0.00508464
4.6625 -0.00509332
4.6725 -0.00507215
4.6825 -0.0050216
4.6925 -0.0049426
4.7025 -0.00483653
4.7125 -0.00470518
4.7225 -0.00455066
4.7325 -0.00437532
4.7425 -0.00418173
4.7525 -0.00397252
4.7625 -0.0037504
4.7725 -0.00351804
4.7825 -0.00327803
4.7925 -0.00303285
4.8025 -0.00278472
4.8125 -0.00253563
4.8225 -0.00228723
4.8325 -0.00204082
4.8425 -0.00179733
4.8525 -0.0015573
4.8625 -0.00132093
4.8725 -0.00108803
4.8825 -0.000858165
4.8925 -0.000630657
4.9025 -0.000404657
4.9125 -0.000179266
4.9225 4.64499e-05
4.9325 0.000273673
4.9425 0.000503153
4.9525 0.000735661
4.9625 0.000971731
4.9725 0.00121169
4.9825 0.00145567
4.9925 0.00170349
5.0025 0.0019547
5.0125 0.00220857
5.0225 0.00246411
5.0325 0.00272007
5.0425 0.00297493
5.0525 0.00322695
5.0625 0.00347422
5.0725 0.00371465
5.0825 0.00394609
5.0925 0.00416634
5.1025 0.00437325
5.1125 0.00456475
5.1225 0.00473894
5.1325 0.00489416
5.1425 0.005029
5.1525 0.00514242
5.1625 0.00523369
5.1725 0.00530253
5.1825 0.00534901
5.1925 0.00537363
5.2025 0.00537729
5.2125 0.00536121
5.2225 0.00532699
5.2325 0.0052765
5.2425 0.00521184
5.2525 0.0051353
5.2625 0.00504927
5.2725 0.00495618
5.2825 0.00485845
5.2925 0.00475845
5.3025 0.00465842
5.3125 0.00456042
5.3225 0.00446634
5.3325 0.0043778
5.3425 0.00429579
5.3525 0.00422204
5.3625 0.00415749
5.3725 0.00410269
5.3825 0.00405797
5.3925 0.00402312
5.4025 0.00399796
5.4125 0.00398195
5.4225 0.0039743
5.4325 0.00397399
5.4425 0.00397976
5.4525 0.00399016
5.4625 0.00400361
5.4725 0.0040184
5.4825 0.00403277
5.4925 0.00404493
5.5025 0.00405309
5.5125 0.00405557
5.5225 0.00405079
5.5325 0.00403733
5.5425 0.00401396
5.5525 0.00397964
5.5625 0.00393359
5.5725 0.00387529
5.5825 0.00380445
5.5925 0.00372105
5.6025 0.00362533
5.6125 0.00351774
5.6225 0.00339891
5.6325 0.00326968
5.6425 0.00313098
5.6525 0.00298388
5.6625 0.00282946
5.6725 0.00266887
5.6825 0.00250322
5.6925 0.0023336
5.7025 0.00216104
5.7125 0.00198646
5.7225 0.00181068
5.7325 0.00163441
5.7425 0.00145819
5.7525 0.00128243
5.7625 0.00110737
5.7725 0.000933084
5.7825 0.000759473
5.7925 0.0005863
5.8025 0.000413054
5.8125 0.000239207
5.8225 6.41685e-05
5.8325 -0.000112922
5.8425 -0.000292785
5.8525 -0.000476258
5.8625 -0.00066412
5.8725 -0.000857094
5.8825 -0.00105584
5.8925 -0.0012609
5.9025 -0.00147265
5.9125 -0.00169128
5.9225 -0.00191677
5.9325 -0.00214892
5.9425 -0.00238727
5.9525 -0.00263115
5.9625 -0.00287965
5.9725 -0.00313162
5.9825 -0.00338571
5.9925 -0.00364037
6.0025 -0.00389391
6.0125 -0.00414451
6.0225 -0.0043903
6.0325 -0.00462938
6.0425 -0.0048599
6.0525 -0.00508006
6.0625 -0.00528819
6.0725 -0.00548274
6.0825 -0.0056623
6.0925 -0.00582564
6.1025 -0.0059717
6.1125 -0.00609964
6.1225 -0.00620884
6.1325 -0.00629889
6.1425 -0.00636982
6.1525 -0.0064212
6.1625 -0.00645423
6.1725 -0.00646957
6.1825 -0.00646803
6.1925 -0.00645068
6.2025 -0.00641845
6.2125 -0.00637258
6.2225 -0.00631426
6.2325 -0.00624469
6.2425 -0.00616505
6.2525 -0.00607652
6.2625 -0.00598027
6.2725 -0.00587738
6.2825 -0.00576889
6.2925 -0.00565575
6.3025 -0.00553879
6.3125 -0.00541871
6.3225 -0.00529606
6.3325 -0.00517126
6.3425 -0.00504454
6.3525 -0.00491602
6.3625 -0.00478562
6.3725 -0.00465317
6.3825 -0.00451838
6.3925 -0.0043809
6.4025 -0.00424034
6.4125 -0.00409627
6.4225 -0.00394831
6.4325 -0.00379612
6.4425 -0.00363941
6.4525 -0.003478
6.4625 -0.00331181
6.4725 -0.0031409
6.4825 -0.00296543
6.4925 -0.00278573
6.5025 -0.00260224
6.5125 -0.00241557
6.5225 -0.00222643
6.5325 -0.00203566
6.5425 -0.0018442
6.5525 -0.00165307
6.5625 -0.00146334
6.5725 -0.00127612
6.5825 -0.00109252
6.5925 -0.000913633
6.6025 -0.000740494
6.6125 -0.000574068
6.6225 -0.000415233
6.6325 -0.000264758
6.6425 -0.000123229
6.6525 8.84246e-06
6.6625 0.000131181
6.6725 0.000243724
6.6825 0.00034662
6.6925 0.00044019
6.7025 0.000524935
6.7125 0.000601582
6.7225 0.000670861
6.7325 0.00073398
6.7425 0.000791854
6.7525 0.000845658
6.7625 0.000896531
6.7725 0.000945644
6.7825 0.000994173
6.7925 0.00104325
6.8025 0.00109395
6.8125 0.00114725
6.8225 0.00120398
6.8325 0.00126487
6.8425 0.00133045
6.8525 0.00140109
6.8625 0.00147696
6.8725 0.00155809
6.8825 0.00164434
6.8925 0.00173543
6.9025 0.00183093
6.9125 0.00193033
6.9225 0.00203298
6.9325 0.00213818
6.9425 0.00224514
6.9525 0.00235303
6.9625 0.00246101
6.9725 0.00256823
6.9825 0.00267387
6.9925 0.00277717
7.0025 0.00287745
7.0125 0.00297417
7.0225 0.0030669
7.0325 0.00315533
7.0425 0.00323934
7.0525 0.00331894
7.0625 0.00339431
7.0725 0.00346576
7.0825 0.00353372
7.0925 0.00359878
7.1025 0.00366157
7.1125 0.00372282
7.1225 0.00378331
7.1325 0.0038438
7.1425 0.00390504
7.1525 0.00396769
7.1625 0.00403235
7.1725 0.00409946
7.1825 0.00416936
7.1925 0.00424221
7.2025 0.00431802
7.2125 0.00439667
7.2225 0.00447785
7.2325 0.00456111
7.2425 0.00464588
7.2525 0.00473144
7.2625 0.00481699
7.2725 0.00490162
7.2825 0.00498434
7.2925 0.00506414
7.3025 0.00513989
7.3125 0.00521048
7.3225 0.00527471
7.3325 0.0053314
7.3425 0.00537936
7.3525 0.0054174
7.3625 0.00544437
7.3725 0.00545915
7.3825 0.00546066
7.3925 0.0054479
7.4025 0.00541995
7.4125 0.00537595
7.4225 0.00531516
7.4325 0.00523696
7.4425 0.00514086
7.4525 0.00502654
7.4625 0.00489386
7.4725 0.00474286
7.4825 0.0045738
7.4925 0.00438711
7.5025 0.00418343
7.5125 0.00396358
7.5225 0.00372852
7.5325 0.00347931
7.5425 0.00321712
7.5525 0.00294316
7.5625 0.00265866
7.5725 0.00236488
7.5825 0.00206304
7.5925 0.00175435
7.6025 0.00144002
7.6125 0.00112119
7.6225 0.000798974
7.6325 0.000474446
7.6425 0.000148702
7.6525 -0.000177298
7.6625 -0.000502837
7.6725 -0.000826896
7.6825 -0.00114865
7.6925 -0.00146724
7.7025 -0.00178182
7.7125 -0.00209161
7.7225 -0.00239577
7.7325 -0.00269341
7.7425 -0.00298357
7.7525 -0.00326523
7.7625 -0.00353732
7.7725 -0.00379868
7.7825 -0.00404803
7.7925 -0.00428403
7.8025 -0.00450527
7.8125 -0.00471027
7.8225 -0.00489752
7.8325 -0.0050655
7.8425 -0.00521268
7.8525 -0.0053376
7.8625 -0.0054389
7.8725 -0.00551533
7.8825 -0.00556581
7.8925 -0.00558946
7.9025 -0.00558566
7.9125 -0.00555405
7.9225 -0.00549463
7.9325 -0.00540769
7.9425 -0.0052939
7.9525 -0.0051543
7.9625 -0.0049903
7.9725 -0.00480365
7.9825 -0.00459649
7.9925 -0.00437123
8.0025 -0.00413063
8.015 -0.00381284
8.0275 -0.00348201
8.04 -0.00314472
8.0525 -0.00280772
8.065 -0.0024777
8.0775 -0.0021611
8.09 -0.00186399
8.1025 -0.00159182
8.115 -0.00134938
8.1275 -0.00114067
8.14 -0.000968779
8.1525 -0.000835904
8.165 -0.000743283
8.1775 -0.000691195
8.19 -0.000679001
8.2025 -0.000705197
8.215 -0.000767506
8.2275 -0.000863001
8.24 -0.000988256
8.2525 -0.00113951
8.265 -0.00131279
8.2775 -0.00150412
8.29 -0.00170959
8.3025 -0.00192548
8.315 -0.00214838
8.3275 -0.00237519
8.34 -0.0026032
8.3525 -0.00283007
8.365 -0.00305383
8.3775 -0.00327286
8.39 -0.00348573
8.4025 -0.0036912
8.415 -0.00388798
8.4275 -0.00407469
8.44 -0.00424971
8.4525 -0.00441107
8.465 -0.00455638
8.4775 -0.00468276
8.49 -0.00478697
8.5025 -0.00486536
8.515 -0.00491402
8.5275 -0.00492881
8.54 -0.00490553
8.5525 -0.00484001
8.565 -0.00472828
8.5775 -0.00456674
8.59 -0.00435235
8.6025 -0.00408284
8.615 -0.00375692
8.6275 -0.00337413
8.64 -0.00293538
8.6525 -0.00244269
8.665 -0.00189966
8.6775 -0.00131076
8.69 -0.000682105
8.7025 -2.10047e-05
8.715 0.000664216
8.7275 0.00136402
8.74 0.00206822
8.7525 0.00276634
8.765 0.0034477
8.7775 0.00410177
8.79 0.00471856
8.8025 0.00528883
8.815 0.00580435
8.8275 0.00625805
8.84 0.00664425
8.8525 0.00695879
8.865 0.00720255
8.8775 0.00737164
8.89 0.00746553
8.9025 0.00748978
8.915 0.00744838
8.9275 0.0073446
8.94 0.00718378
8.9525 0.00697319
8.965 0.00671883
8.9775 0.00641985
8.99 0.0060702
9.0025 0.00566275
9.015 0.00523732
9.0275 0.00478487
9.04 0.00431548
9.0525 0.00384243
9.065 0.0033721
9.0775 0.00291202
9.09 0.00247019
9.1025 0.00205124
9.115 0.00166032
9.1275 0.00130232
9.14 0.000979312
9.1525 0.000693117
9.165 0.000445228
9.1775 0.000235692
9.19 6.38126e-05
9.2025 -7.11987e-05
9.215 -0.000170748
9.2275 -0.000236619
9.24 -0.000270523
9.2525 -0.000274113
9.265 -0.000248967
9.2775 -0.000196404
9.29 -0.000117402
9.3025 -1.26287e-05
9.315 0.000117382
9.3275 0.000272144
9.34 0.000451258
9.3525 0.000654253
9.365 0.000880422
9.3775 0.00112876
9.39 0.00139771
9.4025 0.00168529
9.415 0.00198891
9.4275 0.00230538
9.44 0.00263093
9.4525 0.00296107
9.465 0.00329073
9.4775 0.00361423
9.49 0.00392545
9.5025 0.00421789
9.515 0.0044849
9.5275 0.00471976
9.54 0.00491591
9.5525 0.00506716
9.565 0.00516785
9.5775 0.00521312
9.59 0.00519905
9.6025 0.00512289
9.615 0.00498312
9.6275 0.0047796
9.64 0.00451356
9.6525 0.0041876
9.665 0.00380566
9.6775 0.00337292
9.69 0.0028957
9.7025 0.00238128
9.715 0.00183773
9.7275 0.00127373
9.74 0.000698356
9.7525 0.00012065
9.765 -0.000450411
9.7775 -0.00100591
9.79 -0.00153806
9.8025 -0.00203956
9.815 -0.00250376
9.8275 -0.00292523
9.84 -0.00329972
9.8525 -0.00362423
9.865 -0.00389682
9.8775 -0.00411667
9.89 -0.00428413
9.9025 -0.00440055
9.915 -0.00446825
9.9275 -0.00449041
9.94 -0.00447143
9.9525 -0.00441619
9.965 -0.0043292
9.9775 -0.00421542
9.99 -0.00407957
10.0025 -0.00392601
10.015 -0.00375876
10.0275 -0.00358132
10.04 -0.00339662
10.0525 -0.00320707
10.065 -0.00301445
10.0775 -0.00282001
10.09 -0.00262452
10.1025 -0.00242838
10.115 -0.00223166
10.1275 -0.00203432
10.14 -0.00183633
10.1525 -0.00163779
10.165 -0.00143907
10.1775 -0.00124089
10.19 -0.00104435
10.2025 -0.000850982
10.215 -0.000662775
10.2275 -0.000482113
10.24 -0.000311761
10.2525 -0.000154708
10.265 -1.42043e-05
10.2775 0.000106259
10.29 0.000203459
10.3025 0.000274309
10.315 0.000316077
10.3275 0.000326555
10.34 0.000304235
10.3525 0.000248384
10.365 0.000159077
10.3775 3.73003e-05
10.39 -0.000115022
10.4025 -0.000295017
10.415 -0.000499113
10.4275 -0.000722777
10.44 -0.000960942
10.4525 -0.00120796
10.465 -0.00145783
10.4775 -0.00170444
10.49 -0.00194168
10.5025 -0.00216372
10.515 -0.00236514
10.5275 -0.00254111
10.54 -0.00268752
10.5525 -0.00280106
10.565 -0.00287928
10.5775 -0.00292059
10.59 -0.00292434
10.6025 -0.00289066
10.615 -0.0028205
10.6275 -0.00271548
10.64 -0.00257786
10.6525 -0.00241044
10.665 -0.00221645
10.6775 -0.00199945
10.69 -0.00176323
10.7025 -0.00151161
10.715 -0.00124842
10.7275 -0.000977395
10.74 -0.000702092
10.7525 -0.000425826
10.765 -0.000151598
10.7775 0.00011798
10.79 0.000380546
10.8025 0.000633873
10.815 0.000876366
10.8275 0.0011066
10.84 0.00132342
10.8525 0.00152612
10.865 0.00171432
10.8775 0.00188793
10.89 0.00204705
10.9025 0.00219197
10.915 0.00232313
10.9275 0.00244106
10.94 0.00254625
10.9525 0.00263912
10.965 0.00272002
10.9775 0.00278914
10.99 0.00284653
11.0025 0.00289208
11.015 0.00292556
11.0275 0.00294665
11.04 0.00295503
11.0525 0.00295037
11.065 0.00293245
11.0775 0.00290116
11.09 0.00285656
11.1025 0.00279892
11.115 0.00272863
11.1275 0.00264631
11.14 0.00255276
11.1525 0.00244896
11.165 0.00233606
11.1775 0.00221536
11.19 0.00208834
11.2025 0.00195662
11.215 0.00182195
11.2275 0.00168621
11.24 0.00155132
11.2525 0.00141928
11.265 0.00129208
11.2775 0.00117166
11.29 0.00105991
11.3025 0.000958542
11.315 0.000869126
11.3275 0.000792993
11.34 0.000731216
11.3525 0.000684588
11.365 0.000653595
11.3775 0.000638414
11.39 0.000638908
11.4025 0.000654631
11.415 0.000684857
11.4275 0.000728627
11.44 0.000784792
11.4525 0.000852046
11.465 0.000928956
11.4775 0.00101399
11.49 0.00110552
11.5025 0.00120191
11.515 0.00130146
11.5275 0.00140242
11.54 0.00150309
11.5525 0.00160174
11.565 0.00169669
11.5775 0.00178634
11.59 0.00186923
11.6025 0.00194403
11.615 0.00200961
11.6275 0.00206501
11.64 0.0021095
11.6525 0.00214251
11.665 0.00216366
11.6775 0.00217271
11.69 0.00216954
11.7025 0.00215416
11.715 0.0021267
11.7275 0.00208733
11.74 0.00203633
11.7525 0.00197403
11.765 0.00190078
11.7775 0.00181702
11.79 0.00172321
11.8025 0.00161991
11.815 0.00150776
11.8275 0.0013875
11.84 0.00125997
11.8525 0.00112612
11.865 0.000986941
11.8775 0.000843473
11.89 0.000696748
11.9025 0.000547784
11.915 0.000397554
11.9275 0.000246976
11.94 9.6879e-05
11.9525 -5.19414e-05
11.965 -0.00019875
11.9775 -0.000342986
11.99 -0.000484057
12.0025 -0.000621332
12.015 -0.000754285
12.0275 -0.00088239
12.04 -0.00100513
12.0525 -0.00112201
12.065 -0.00123255
12.0775 -0.00133627
12.09 -0.00143274
12.1025 -0.00152167
12.115 -0.00160273
12.1275 -0.00167629
12.14 -0.0017424
12.1525 -0.00180098
12.165 -0.00185221
12.1775 -0.00189618
12.19 -0.00193299
12.2025 -0.0019628
12.215 -0.00198578
12.2275 -0.00200217
12.24 -0.00201228
12.2525 -0.00201652
12.265 -0.00201536
12.2775 -0.00200947
12.29 -0.00199961
12.3025 -0.00198675
12.315 -0.00197199
12.3275 -0.00195656
12.34 -0.00194179
12.3525 -0.00192909
12.365 -0.00191992
12.3775 -0.00191573
12.39 -0.00191798
12.4025 -0.00192802
12.415 -0.00194712
12.4275 -0.00197641
12.44 -0.00201682
12.4525 -0.00206905
12.465 -0.00213357
12.4775 -0.00221054
12.49 -0.00229984
12.5025 -0.00240103
12.515 -0.00251336
12.5275 -0.00263569
12.54 -0.00276662
12.5525 -0.00290441
12.565 -0.00304702
12.5775 -0.00319214
12.59 -0.00333726
12.6025 -0.0034797
12.615 -0.00361667
12.6275 -0.00374537
12.64 -0.00386303
12.6525 -0.00396702
12.665 -0.00405487
12.6775 -0.00412437
12.69 -0.00417361
12.7025 -0.00420102
12.715 -0.0042054
12.7275 -0.00418595
12.74 -0.00414228
12.7525 -0.00407435
12.765 -0.00398253
12.7775 -0.00386751
12.79 -0.00373029
12.8025 -0.00357213
12.815 -0.00339454
12.8275 -0.00319918
12.84 -0.00298785
12.8525 -0.00276244
12.865 -0.00252488
12.8775 -0.00227708
12.89 -0.00202089
12.9025 -0.00175807
12.915 -0.00149025
12.9275 -0.00121895
12.94 -0.00094554
12.9525 -0.000671326
12.965 -0.000397559
12.9775 -0.000125458
12.99 0.000144022
13.0025 0.000409827
13.015 0.000671012
13.0275 0.0009264
13.04 0.00117451
13.0525 0.00141368
13.065 0.00164257
13.0775 0.00185994
13.09 0.0020646
13.1025 0.00225549
13.115 0.00243175
13.1275 0.00259266
13.14 0.0027377
13.1525 0.0028665
13.165 0.0029789
13.1775 0.00307489
13.19 0.00315468
13.2025 0.00321865
13.215 0.00326733
13.2275 0.00330144
13.24 0.00332188
13.2525 0.00332974
13.265 0.00332626
13.2775 0.00331278
13.29 0.00329073
13.3025 0.00326155
13.315 0.00322671
13.3275 0.00318765
13.34 0.0031458
13.3525 0.00310255
13.365 0.00305924
13.3775 0.00301713
13.39 0.00297736
13.4025 0.00294096
13.415 0.00290874
13.4275 0.0028815
13.44 0.00285986
13.4525 0.00284431
13.465 0.00283523
13.4775 0.00283294
13.49 0.00283767
13.5025 0.00284954
13.515 0.00286865
13.5275 0.00289498
13.54 0.00292848
13.5525 0.00296898
13.565 0.00301626
13.5775 0.00306993
13.59 0.0031294
13.6025 0.00319388
13.615 0.00326237
13.6275 0.0033337
13.64 0.00340645
13.6525 0.00347907
13.665 0.00354991
13.6775 0.00361728
13.69 0.00367954
13.7025 0.00373506
13.715 0.00378241
13.7275 0.0038203
13.74 0.0038476
13.7525 0.00386336
13.765 0.0038668
13.7775 0.00385734
13.79 0.00383468
13.8025 0.00379882
13.815 0.00375001
13.8275 0.00368877
13.84 0.00361586
13.8525 0.00353228
13.865 0.00343923
13.8775 0.00333805
13.89 0.00323023
13.9025 0.00311733
13.915 0.00300092
13.9275 0.00288254
13.94 0.00276362
13.9525 0.00264541
13.965 0.00252899
13.9775 0.00241516
13.99 0.00230445
14.0025 0.00219714
14.015 0.00209322
14.0275 0.00199244
14.04 0.0018943
14.0525 0.00179809
14.065 0.00170293
14.0775 0.00160778
14.09 0.00151154
14.1025 0.00141303
14.115 0.00131114
14.1275 0.00120481
14.14 0.00109314
14.1525 0.00097541
14.165 0.000851081
14.1775 0.000719827
14.19 0.000581544
14.2025 0.000436349
14.215 0.000284594
14.2275 0.000126862
14.24 -3.65003e-05
14.2525 -0.000204621
14.265 -0.000376616
14.2775 -0.000551509
14.29 -0.000728244
14.3025 -0.000905943
14.315 -0.00108349
14.3275 -0.00126129
14.34 -0.00143881
14.3525 -0.00161521
14.365 -0.00179015
14.3775 -0.00196298
14.39 -0.00213303
14.4025 -0.00229968
14.415 -0.00246221
14.4275 -0.00261991
14.44 -0.00277215
14.4525 -0.00291828
14.465 -0.00305773
14.4775 -0.00319007
14.49 -0.00331493
14.5025 -0.00343209
14.515 -0.00354143
14.5275 -0.00364323
14.54 -0.00379225
14.5525 -0.00384309
14.565 -0.00385605
14.5775 -0.00382011
14.59 -0.00376447
14.6025 -0.00367726
14.615 -0.00356828
14.6275 -0.00344145
14.64 -0.00330915
14.6525 -0.00317538
14.665 -0.00304214
14.6775 -0.00292072
14.69 -0.00281235
14.7025 -0.00272097
14.715 -0.00264982
14.7275 -0.00260236
14.74 -0.00257869
14.7525 -0.00257875
14.765 -0.00260056
14.7775 -0.00264095
14.79 -0.00269582
14.8025 -0.00275945
14.815 -0.00282646
14.8275 -0.00289222
14.84 -0.00295125
14.8525 -0.0029981
14.865 -0.00302769
14.8775 -0.00303602
14.89 -0.00301977
14.9025 -0.00297652
14.915 -0.00290513
14.9275 -0.00280582
14.94 -0.00267976
14.9525 -0.00252923
14.965 -0.00235761
14.9775 -0.00216926
14.99 -0.00196936
15.0025 -0.00176392
15.015 -0.00155923
15.0275 -0.00136184
15.04 -0.0011781
15.0525 -0.00101391
15.065 -0.000874383
15.0775 -0.000763499
15.09 -0.000685245
15.1025 -0.000641824
15.115 -0.000634223
15.1275 -0.00066179
15.14 -0.000722686
15.1525 -0.000813508
15.165 -0.000929518
15.1775 -0.0010647
15.19 -0.00121212
15.2025 -0.00136403
15.215 -0.00151219
15.2275 -0.00164827
15.24 -0.0017641
15.2525 -0.00185194
15.265 -0.00190482
15.2775 -0.0019171
15.29 -0.00188427
15.3025 -0.0018032
15.315 -0.00167265
15.3275 -0.00149302
15.34 -0.00126652
15.3525 -0.000997367
15.365 -0.000691442
15.3775 -0.000355927
15.39 1.22239e-06
15.4025 0.000371236
15.415 0.000744935
15.4275 0.00111267
15.44 0.00146567
15.4525 0.00179541
15.465 0.002094
15.4775 0.00235462
15.49 0.00257183
15.5025 0.00274166
15.515 0.00286168
15.5275 0.00292887
15.54 0.00294954
15.5525 0.00292488
15.565 0.00286232
15.5775 0.00276848
15.59 0.00265124
15.6025 0.0025194
15.615 0.00238221
15.6275 0.00224852
15.64 0.00212696
15.6525 0.0020254
15.665 0.00195052
15.6775 0.00190765
15.69 0.00190054
15.7025 0.00193108
15.715 0.00199917
15.7275 0.00210255
15.74 0.00223701
15.7525 0.00239676
15.765 0.00257439
15.7775 0.00276065
15.79 0.00294524
15.8025 0.00311701
15.815 0.00326435
15.8275 0.0033757
15.84 0.00343992
15.8525 0.00344724
15.865 0.00339013
15.8775 0.00326319
15.89 0.00306411
15.9025 0.00279366
15.915 0.00245576
15.9275 0.00205749
15.94 0.00160803
15.9525 0.00111987
15.965 0.000607885
15.9775 8.83884e-05
15.99 -0.000420664
16.0025 -0.000900632
16.0125 -0.00125125
16.0225 -0.00156217
16.0325 -0.0018246
16.0425 -0.00203046
16.0525 -0.00217266
16.0625 -0.00224528
16.0725 -0.00224713
16.0825 -0.00216563
16.0925 -0.00200786
16.1025 -0.00177603
16.1125 -0.00146931
16.1225 -0.00109076
16.1325 -0.000644905
16.1425 -0.000140916
16.1525 0.000410846
16.1625 0.00100027
16.1725 0.0016172
16.1825 0.00224955
16.1925 0.00288444
16.2025 0.00350749
16.2125 0.00410626
16.2225 0.00467173
16.2325 0.00521005
16.2425 0.00568929
16.2525 0.00610626
16.2625 0.00644539
16.2725 0.00670829
16.2825 0.00689927
16.2925 0.0070172
16.3025 0.00705591
16.3125 0.00701064
16.3225 0.00688531
16.3325 0.00668987
16.3425 0.00643455
16.3525 0.00612644
16.3625 0.00577149
16.3725 0.00537869
16.3825 0.00496035
16.3925 0.00452919
16.4025 0.00409656
16.4125 0.00367229
16.4225 0.00322036
16.4325 0.00282652
16.4425 0.00247756
16.4525 0.00218358
16.4625 0.00194885
16.4725 0.00176013
16.4825 0.00163044
16.4925 0.00157101
16.5025 0.00158307
16.5125 0.00165761
16.5225 0.00178775
16.5325 0.00197123
16.5425 0.00220545
16.5525 0.00248394
16.5625 0.00279619
16.5725 0.00313126
16.5825 0.0034802
16.5925 0.00383286
16.6025 0.00417847
16.6125 0.00450604
16.6225 0.00480614
16.6325 0.00507087
16.6425 0.00529227
16.6525 0.00546253
16.6625 0.00557743
16.6725 0.00563212
16.6825 0.0056243
16.6925 0.00555295
16.7025 0.00541826
16.7125 0.00522219
16.7225 0.00496847
16.7325 0.00466209
16.7425 0.00430927
16.7525 0.00391716
16.7625 0.00349304
16.7725 0.0030445
16.7825 0.00257888
16.7925 0.00210561
16.8025 0.00163613
16.8125 0.0011802
16.8225 0.000745401
16.8325 0.000340218
16.8425 -2.96496e-05
16.8525 -0.000357828
16.8625 -0.000638901
16.8725 -0.000869168
16.8825 -0.00104685
16.8925 -0.00117122
16.9025 -0.00124237
16.9125 -0.00126163
16.9225 -0.00123169
16.9325 -0.00115779
16.9425 -0.00104566
16.9525 -0.000902568
16.9625 -0.000736286
16.9725 -0.000553419
16.9825 -0.000361082
16.9925 -0.000165227
17.0025 2.62208e-05
17.0125 0.000203409
17.0225 0.000362063
17.0325 0.000497353
17.0425 0.000605037
17.0525 0.000679318
17.0625 0.000715171
17.0725 0.000709931
17.0825 0.000663123
17.0925 0.000574965
17.1025 0.000445542
17.1125 0.000275703
17.1225 6.74454e-05
17.1325 -0.000175786
17.1425 -0.000449959
17.1525 -0.000750425
17.1625 -0.00107073
17.1725 -0.00140517
17.1825 -0.00174648
17.1925 -0.00208925
17.2025 -0.00242761
17.2125 -0.00275445
17.2225 -0.00306386
17.2325 -0.00334947
17.2425 -0.00360579
17.2525 -0.00382844
17.2625 -0.00401332
17.2725 -0.00415679
17.2825 -0.00425649
17.2925 -0.004311
17.3025 -0.00431947
17.3125 -0.00428196
17.3225 -0.00420027
17.3325 -0.00407696
17.3425 -0.00391574
17.3525 -0.00372152
17.3625 -0.00349954
17.3725 -0.00325335
17.3825 -0.00298833
17.3925 -0.00271009
17.4025 -0.00242434
17.4125 -0.00213697
17.4225 -0.00185307
17.4325 -0.00157759
17.4425 -0.00131546
17.4525 -0.00107129
17.4625 -0.00084908
17.4725 -0.000652132
17.4825 -0.000482844
17.4925 -0.000344126
17.5025 -0.00023796
17.5125 -0.000165995
17.5225 -0.000129
17.5325 -0.000127137
17.5425 -0.000158921
17.5525 -0.00022276
17.5625 -0.000316566
17.5725 -0.000437098
17.5825 -0.000581892
17.5925 -0.000748128
17.6025 -0.000931116
17.6125 -0.00112666
17.6225 -0.00133004
17.6325 -0.00153657
17.6425 -0.00174195
17.6525 -0.00194132
17.6625 -0.00213013
17.6725 -0.00230408
17.6825 -0.00245934
17.6925 -0.00259278
17.7025 -0.00270181
17.7125 -0.00278448
17.7225 -0.0028396
17.7325 -0.00286666
17.7425 -0.002866
17.7525 -0.00283875
17.7625 -0.00278669
17.7725 -0.00271215
17.7825 -0.00261819
17.7925 -0.00250808
17.8025 -0.00238544
17.8125 -0.00225413
17.8225 -0.00211801
17.8325 -0.00198103
17.8425 -0.00184698
17.8525 -0.00171883
17.8625 -0.00159891
17.8725 -0.00148946
17.8825 -0.00139275
17.8925 -0.00131039
17.9025 -0.00124381
17.9125 -0.0011937
17.9225 -0.00116058
17.9325 -0.0011445
17.9425 -0.00114436
17.9525 -0.00115905
17.9625 -0.00118757
17.9725 -0.00122787
17.9825 -0.00127807
17.9925 -0.00133593
18.0025 -0.00139886
18.0125 -0.00146454
18.0225 -0.00153045
18.0325 -0.0015941
18.0425 -0.0016531
18.0525 -0.00170519
18.0625 -0.00174831
18.0725 -0.00178064
18.0825 -0.00180059
18.0925 -0.00180687
18.1025 -0.00179859
18.1125 -0.00177519
18.1225 -0.00173646
18.1325 -0.00168255
18.1425 -0.00161395
18.1525 -0.00153145
18.1625 -0.00143619
18.1725 -0.00132941
18.1825 -0.00121238
18.1925 -0.00108676
18.2025 -0.000954112
18.2125 -0.000816101
18.2225 -0.000674294
18.2325 -0.000530187
18.2425 -0.000385174
18.2525 -0.000240483
18.2625 -9.71367e-05
18.2725 4.41462e-05
18.2825 0.000182937
18.2925 0.000318894
18.3025 0.000451915
18.3125 0.000581882
18.3225 0.000708719
18.3325 0.000832076
18.3425 0.000952138
18.3525 0.00106917
18.3625 0.00118368
18.3725 0.00129619
18.3825 0.00140703
18.3925 0.00151621
18.4025 0.0016222
18.4125 0.00172886
18.4225 0.00183496
18.4325 0.00194147
18.4425 0.00204912
18.4525 0.00215778
18.4625 0.00226762
18.4725 0.00237892
18.4825 0.002492
18.4925 0.00260677
18.5025 0.00272304
18.5125 0.00284059
18.5225 0.00295916
18.5325 0.00307833
18.5425 0.00319749
18.5525 0.00331598
18.5625 0.00343313
18.5725 0.00354823
18.5825 0.00366063
18.5925 0.00376973
18.6025 0.00387503
18.6125 0.0039762
18.6225 0.00407309
18.6325 0.0041658
18.6425 0.00425466
18.6525 0.00434014
18.6625 0.00442286
18.6725 0.0045036
18.6825 0.00458325
18.6925 0.00466288
18.7025 0.00474365
18.7125 0.00482685
18.7225 0.00491384
18.7325 0.00500599
18.7425 0.00510473
18.7525 0.00521144
18.7625 0.00532742
18.7725 0.00545382
18.7825 0.00559146
18.7925 0.00574077
18.8025 0.00590187
18.8125 0.0060744
18.8225 0.00625729
18.8325 0.00644981
18.8425 0.00665059
18.8525 0.00685755
18.8625 0.00706803
18.8725 0.00727907
18.8825 0.00748747
18.8925 0.00769023
18.9025 0.00788387
18.9125 0.00806439
18.9225 0.00822793
18.9325 0.00837081
18.9425 0.00848993
18.9525 0.00858222
18.9625 0.00864492
18.9725 0.00867525
18.9825 0.00867103
18.9925 0.00863085
19.0025 0.00855431
19.0125 0.00844176
19.0225 0.0082942
19.0325 0.00811354
19.0425 0.00790262
19.0525 0.00766506
19.0625 0.00740476
19.0725 0.0071271
19.0825 0.00683783
19.0925 0.00654294
19.1025 0.00624828
19.1125 0.00595926
19.1225 0.00568145
19.1325 0.00542085
19.1425 0.00518302
19.1525 0.0049728
19.1625 0.00479286
19.1725 0.0046466
19.1825 0.00453684
19.1925 0.00446551
19.2025 0.00443323
19.2125 0.004439
19.2225 0.00448118
19.2325 0.00455792
19.2425 0.00466712
19.2525 0.00480509
19.2625 0.00496795
19.2725 0.00515112
19.2825 0.00534999
19.2925 0.00555938
19.3025 0.00577322
19.3125 0.00598568
19.3225 0.00619145
19.3325 0.00638565
19.3425 0.00656366
19.3525 0.00672095
19.3625 0.00685336
19.3725 0.00695745
19.3825 0.00703051
19.3925 0.00707036
19.4025 0.00707512
19.4125 0.00704314
19.4225 0.00697331
19.4325 0.00686731
19.4425 0.00672478
19.4525 0.00654598
19.4625 0.00633168
19.4725 0.00608369
19.4825 0.00580587
19.4925 0.00550285
19.5025 0.00517575
19.5125 0.00482666
19.5225 0.00445824
19.5325 0.0040714
19.5425 0.00366793
19.5525 0.00324872
19.5625 0.00281555
19.5725 0.00236945
19.5825 0.00191019
19.5925 0.00143251
19.6025 0.000939365
19.6125 0.000431396
19.6225 -9.08098e-05
19.6325 -0.000628276
19.6425 -0.00118252
19.6525 -0.00175428
19.6625 -0.0023443
19.6725 -0.00295289
19.6825 -0.0035803
19.6925 -0.0042223
19.7025 -0.00487961
19.7125 -0.00554721
19.7225 -0.00622498
19.7325 -0.00693948
19.7425 -0.00764115
19.7525 -0.00831344
19.7625 -0.0090284
19.7725 -0.00974964
19.7825 -0.0104829
19.7925 -0.0112063
19.8025 -0.0118983
19.8125 -0.0125827
19.8225 -0.0132723
19.8325 -0.0139644
19.8425 -0.0146441
19.8525 -0.0153047
19.8625 -0.0159405
19.8725 -0.016548
19.8825 -0.0171288
19.8925 -0.0176838
19.9025 -0.0182072
19.9125 -0.0186891
19.9225 -0.0191234
19.9325 -0.0195072
19.9425 -0.01984
19.9525 -0.0201233
19.9625 -0.0203558
19.9725 -0.0205325
19.9825 -0.0206497
19.9925 -0.0207056
20.0025 -0.0207014
20.0125 -0.0206396
20.0225 -0.0205231
20.0325 -0.020351
20.0425 -0.0201227
20.0525 -0.0198404
20.0625 -0.0195098
20.0725 -0.0191369
20.0825 -0.0187229
20.0925 -0.0182692
20.1025 -0.0177799
20.1125 -0.0172587
20.1225 -0.0167101
20.1325 -0.0161388
20.1425 -0.0155486
20.1525 -0.0149426
20.1625 -0.0143242
20.1725 -0.0136968
20.1825 -0.0130643
20.1925 -0.0124305
20.2025 -0.0117984
20.2125 -0.0111705
20.2225 -0.0105489
20.2325 -0.00993552
20.2425 -0.00933227
20.2525 -0.00874108
20.2625 -0.00816418
20.2725 -0.00760353
20.2825 -0.00706071
20.2925 -0.00653711
20.3025 -0.00603434
20.3125 -0.00555426
20.3225 -0.00509885
20.3325 -0.00466997
20.3425 -0.00426923
20.3525 -0.00389801
20.3625 -0.00355749
20.3725 -0.00324875
20.3825 -0.00297282
20.3925 -0.00273055
20.4025 -0.00252253
20.4125 -0.00234897
20.4225 -0.00220966
20.4325 -0.00210399
20.4425 -0.00203105
20.4525 -0.00198969
20.4625 -0.00197817
20.4725 -0.00199484
20.4825 -0.00203789
20.4925 -0.00210476
20.5025 -0.00219273
20.5125 -0.00229916
20.5225 -0.00242123
20.5325 -0.00255609
20.5425 -0.00270082
20.5525 -0.00285263
20.5625 -0.00300895
20.5725 -0.00316752
20.5825 -0.00332652
20.5925 -0.00348424
20.6025 -0.00363951
20.6125 -0.00379155
20.6225 -0.00393951
20.6325 -0.0040834
20.6425 -0.00422294
20.6525 -0.00435938
20.6625 -0.00449256
20.6725 -0.00462346
20.6825 -0.00475369
20.6925 -0.0048837
20.7025 -0.00501418
20.7125 -0.00514622
20.7225 -0.00528065
20.7325 -0.00541815
20.7425 -0.00555903
20.7525 -0.00570309
20.7625 -0.00584977
20.7725 -0.00599812
20.7825 -0.00614681
20.7925 -0.00629413
20.8025 -0.00643795
20.8125 -0.0065758
20.8225 -0.00670486
20.8325 -0.00682212
20.8425 -0.00692391
20.8525 -0.00700956
20.8625 -0.00707822
20.8725 -0.00711149
20.8825 -0.00711467
20.8925 -0.00707492
20.9025 -0.00698772
20.9125 -0.0068516
20.9225 -0.00666344
20.9325 -0.00641997
20.9425 -0.00611719
20.9525 -0.00575677
20.9625 -0.00533972
20.9725 -0.00486669
20.9825 -0.00433802
20.9925 -0.00375491
21.0025 -0.00312027
21.0125 -0.0024374
21.0225 -0.00170981
21.0325 -0.000941556
21.0425 -0.000136909
21.0525 0.000699197
21.0625 0.00156123
21.0725 0.00244525
21.0825 0.00334893
21.0925 0.00426969
21.1025 0.00520198
21.1125 0.00613518
21.1225 0.00706681
21.1325 0.00801393
21.1425 0.00897453
21.1525 0.0100846
21.1625 0.0109686
21.1725 0.0117505
21.1825 0.0126115
21.1925 0.0133954
21.2025 0.014189
21.2125 0.0150009
21.2225 0.0157561
21.2325 0.0164949
21.2425 0.0172186
21.2525 0.0179227
21.2625 0.0185925
21.2725 0.0192505
21.2825 0.0199068
21.2925 0.0205479
21.3025 0.0211773
21.3125 0.0217951
21.3225 0.0224131
21.3325 0.023025
21.3425 0.0236202
21.3525 0.0242055
21.3625 0.0247846
21.3725 0.0253537
21.3825 0.0259116
21.3925 0.02646
21.4025 0.0269953
21.4125 0.0275166
21.4225 0.0280251
21.4325 0.0285188
21.4425 0.0289964
21.4525 0.0294568
21.4625 0.0298987
21.4725 0.0303207
21.4825 0.0307218
21.4925 0.0311014
21.5025 0.0314596
21.5125 0.0317953
21.5225 0.0321072
21.5325 0.0323949
21.5425 0.032658
21.5525 0.0328961
21.5625 0.0331089
21.5725 0.0332964
21.5825 0.0334585
21.5925 0.0335953
21.6025 0.0337072
21.6125 0.0337947
21.6225 0.0338582
21.6325 0.0338983
21.6425 0.0339154
21.6525 0.0339103
21.6625 0.0338841
21.6725 0.0338372
21.6825 0.03377
21.6925 0.033683
21.7025 0.0335769
21.7125 0.033453
21.7225 0.0333124
21.7325 0.0331557
21.7425 0.0329843
21.7525 0.0327992
21.7625 0.032602
21.7725 0.032394
21.7825 0.0321761
21.7925 0.0319485
21.8025 0.0317116
21.8125 0.0314664
21.8225 0.0312138
21.8325 0.0309546
21.8425 0.030689
21.8525 0.0304172
21.8625 0.0301397
21.8725 0.0298569
21.8825 0.0295694
21.8925 0.0292776
21.9025 0.0289815
21.9125 0.0286812
21.9225 0.0283773
21.9325 0.0280704
21.9425 0.0277612
21.9525 0.0274506
21.9625 0.0271394
21.9725 0.0268286
21.9825 0.0265195
21.9925 0.0262136
22.0025 0.0259125
22.0125 0.0256177
22.0225 0.0253306
22.0325 0.0250529
22.0425 0.0247862
22.0525 0.0245321
22.0625 0.0242923
22.0725 0.0240687
22.0825 0.0238629
22.0925 0.0236767
22.1025 0.0235118
22.1125 0.0233696
22.1225 0.023251
22.1325 0.0231569
22.1425 0.0230896
22.1525 0.0230488
22.1625 0.0230342
22.1725 0.0230457
22.1825 0.0230825
22.1925 0.0231438
22.2025 0.0232289
22.2125 0.023336
22.2225 0.023463
22.2325 0.0236082
22.2425 0.0237691
22.2525 0.0239444
22.2625 0.0241318
22.2725 0.024328
22.2825 0.0245289
22.2925 0.0247305
22.3025 0.0249302
22.3125 0.0251258
22.3225 0.0253143
22.3325 0.0254918
22.3425 0.0256542
22.3525 0.0257983
22.3625 0.0259217
22.3725 0.0260214
22.3825 0.0260952
22.3925 0.0261403
22.4025 0.026154
22.4125 0.0261342
22.4225 0.0260795
22.4325 0.0259895
22.4425 0.0258639
22.4525 0.0257029
22.4625 0.0255066
22.4725 0.0252751
22.4825 0.0250099
22.4925 0.0247133
22.5025 0.0243879
22.5125 0.0240358
22.5225 0.0236599
22.5325 0.0232628
22.5425 0.0228474
22.5525 0.0224166
22.5625 0.0219731
22.5725 0.0215212
22.5825 0.0210615
22.5925 0.0205991
22.6025 0.0201371
22.6125 0.0196775
22.6225 0.0192231
22.6325 0.0187755
22.6425 0.0183371
22.6525 0.0179102
22.6625 0.0174975
22.6725 0.0171011
22.6825 0.0167227
22.6925 0.0163633
22.7025 0.0160234
22.7125 0.0157029
22.7225 0.0154011
22.7325 0.0151167
22.7425 0.0148499
22.7525 0.0145996
22.7625 0.0143649
22.7725 0.0141506
22.7825 0.0139504
22.7925 0.0137549
22.8025 0.0135675
22.8125 0.0133867
22.8225 0.0132088
22.8325 0.0130334
22.8425 0.0128591
22.8525 0.0126836
22.8625 0.0125056
22.8725 0.0123241
22.8825 0.0121381
22.8925 0.0119474
22.9025 0.0117523
22.9125 0.0115531
22.9225 0.0113501
22.9325 0.0111441
22.9425 0.0109369
22.9525 0.0107313
22.9625 0.0105293
22.9725 0.0103332
22.9825 0.0101455
22.9925 0.0099682
23.0025 0.00980345
23.0125 0.00965374
23.0225 0.00952149
23.0325 0.00940925
23.0425 0.00931758
23.0525 0.00924871
23.0625 0.00920454
23.0725 0.00918574
23.0825 0.00919389
23.0925 0.00922879
23.1025 0.00929016
23.1125 0.0093783
23.1225 0.00949184
23.1325 0.00962973
23.1425 0.00978947
23.1525 0.00996718
23.1625 0.0101615
23.1725 0.0103705
23.1825 0.0105905
23.1925 0.0108191
23.2025 0.0110535
23.2125 0.0112908
23.2225 0.011528
23.2325 0.0117624
23.2425 0.011992
23.2525 0.0122146
23.2625 0.012429
23.2725 0.0126342
23.2825 0.0128293
23.2925 0.0130134
23.3025 0.0131853
23.3125 0.0133442
23.3225 0.0134906
23.3325 0.0136245
23.3425 0.0137467
23.3525 0.0138576
23.3625 0.0139574
23.3725 0.0140469
23.3825 0.0141264
23.3925 0.0141968
23.4025 0.0142586
23.4125 0.0143122
23.4225 0.0143582
23.4325 0.0143968
23.4425 0.0144282
23.4525 0.0144521
23.4625 0.0144689
23.4725 0.0144793
23.4825 0.0144819
23.4925 0.0144758
23.5025 0.0144602
23.5125 0.0144342
23.5225 0.0143964
23.5325 0.0143458
23.5425 0.0142811
23.5525 0.0142009
23.5625 0.0141041
23.5725 0.0139894
23.5825 0.0138557
23.5925 0.0137019
23.6025 0.0135266
23.6125 0.0133288
23.6225 0.0131071
23.6325 0.0128607
23.6425 0.0125887
23.6525 0.0122906
23.6625 0.0119656
23.6725 0.0116129
23.6825 0.0112324
23.6925 0.0108241
23.7025 0.0103871
23.7125 0.00992001
23.7225 0.00942239
23.7325 0.00889424
23.7425 0.00833557
23.7525 0.00774726
23.7625 0.00712982
23.7725 0.00648532
23.7825 0.00581465
23.7925 0.00511864
23.8025 0.00439968
23.8125 0.00365982
23.8225 0.00290235
23.8325 0.00213095
23.8425 0.00134921
23.8525 0.000561383
23.8625 -0.000228441
23.8725 -0.00101587
23.8825 -0.00179644
23.8925 -0.00256636
23.9025 -0.00332019
23.9125 -0.00405302
23.9225 -0.00476172
23.9325 -0.00544176
23.9425 -0.00608888
23.9525 -0.00670078
23.9625 -0.00727433
23.9725 -0.00780685
23.9825 -0.00829594
23.9925 -0.00873792
24.0025 -0.00913139
24.0125 -0.00947801
24.0225 -0.00978119
24.0325 -0.0100392
24.0425 -0.0102525
24.0525 -0.0104233
24.0625 -0.0105495
24.0725 -0.0106338
24.0825 -0.0106801
24.0925 -0.0106898
24.1025 -0.0106659
24.1125 -0.0106107
24.1225 -0.0105257
24.1325 -0.0104136
24.1425 -0.0102779
24.1525 -0.0101195
24.1625 -0.00993995
24.1725 -0.00974165
24.1825 -0.00952489
24.1925 -0.00929024
24.2025 -0.0090389
24.2125 -0.00877274
24.2225 -0.00848982
24.2325 -0.00819033
24.2425 -0.00787672
24.2525 -0.00754517
24.2625 -0.00719729
24.2725 -0.00683359
24.2825 -0.00645262
24.2925 -0.00605441
24.3025 -0.00563878
24.3125 -0.00520569
24.3225 -0.00475363
24.3325 -0.00427981
24.3425 -0.00378509
24.3525 -0.00326951
24.3625 -0.00273177
24.3725 -0.00217471
24.3825 -0.00159865
24.3925 -0.00100273
24.4025 -0.000389107
24.4125 0.000240161
24.4225 0.000883177
24.4325 0.00153654
24.4425 0.00219636
24.4525 0.00286009
24.4625 0.00352456
24.4725 0.00418532
24.4825 0.0048374
24.4925 0.0054761
24.5025 0.0060963
24.5125 0.00669285
24.5225 0.00726046
24.5325 0.00779407
24.5425 0.00828876
24.5525 0.00873985
24.5625 0.00914229
24.5725 0.00949283
24.5825 0.0097883
24.5925 0.0100253
24.6025 0.0102031
24.6125 0.010321
24.6225 0.0103778
24.6325 0.0103735
24.6425 0.0103108
24.6525 0.0101922
24.6625 0.0100187
24.6725 0.00979447
24.6825 0.00952475
24.6925 0.00921096
24.7025 0.00886156
24.7125 0.00848129
24.7225 0.00807382
24.7325 0.00764094
24.7425 0.00719059
24.7525 0.0067358
24.7625 0.006279
24.7725 0.00582108
24.7825 0.00537017
24.7925 0.004932
24.8025 0.00451018
24.8125 0.00411168
24.8225 0.00374168
24.8325 0.00340293
24.8425 0.0030985
24.8525 0.00283093
24.8625 0.00260168
24.8725 0.00241156
24.8825 0.00226164
24.8925 0.0021531
24.9025 0.00208542
24.9125 0.00205688
24.9225 0.00206381
24.9325 0.00210294
24.9425 0.0021722
24.9525 0.00226918
24.9625 0.00239006
24.9725 0.00252596
24.9825 0.00267364
24.9925 0.00283135
25.0025 0.00299365
25.0125 0.00315689
25.0225 0.00331812
25.0325 0.00347277
25.0425 0.00361734
25.0525 0.00374969
25.0625 0.00386698
25.0725 0.0039681
25.0825 0.00405299
25.0925 0.00412116
25.1025 0.00417273
25.1125 0.00420742
25.1225 0.00422541
25.1325 0.00422779
25.1425 0.00421712
25.1525 0.00419505
25.1625 0.00416188
25.1725 0.00412115
25.1825 0.00407572
25.1925 0.0040286
25.2025 0.00398212
25.2125 0.00393814
25.2225 0.00389648
25.2325 0.00386588
25.2425 0.00384864
25.2525 0.00384281
25.2625 0.00385238
25.2725 0.00387954
25.2825 0.00392338
25.2925 0.00398504
25.3025 0.00406548
25.3125 0.00416366
25.3225 0.00427965
25.3325 0.00441367
25.3425 0.00456442
25.3525 0.00473157
25.3625 0.00491412
25.3725 0.00510958
25.3825 0.00531684
25.3925 0.0055336
25.4025 0.00575729
25.4125 0.00598614
25.4225 0.00621815
25.4325 0.0064514
25.4425 0.00668364
25.4525 0.00691217
25.4625 0.0071342
25.4725 0.00734735
25.4825 0.00754965
25.4925 0.00773944
25.5025 0.00791489
25.5125 0.00807412
25.5225 0.00821523
25.5325 0.00833651
25.5425 0.00843654
25.5525 0.0085146
25.5625 0.00856994
25.5725 0.00860075
25.5825 0.00860684
25.5925 0.00858786
25.6025 0.0085436
25.6125 0.00847439
25.6225 0.00838101
25.6325 0.00826412
25.6425 0.00812445
25.6525 0.00796306
25.6625 0.00778136
25.6725 0.00758045
25.6825 0.00736124
25.6925 0.00712518
25.7025 0.0068736
25.7125 0.00660811
25.7225 0.00632934
25.7325 0.00603727
25.7425 0.00573267
25.7525 0.00541663
25.7625 0.00509045
25.7725 0.00475542
25.7825 0.00441245
25.7925 0.00406194
25.8025 0.00370406
25.8125 0.00333893
25.8225 0.00296681
25.8325 0.0025884
25.8425 0.00220439
25.8525 0.00181531
25.8625 0.00142141
25.8725 0.00102251
25.8825 0.000617964
25.8925 0.000207128
25.9025 -0.000210255
25.9125 -0.000634289
25.9225 -0.001065
25.9325 -0.00150269
25.9425 -0.00195038
25.9525 -0.00240954
25.9625 -0.00287706
25.9725 -0.00335289
25.9825 -0.00383695
25.9925 -0.00432972
26.0025 -0.00483211
26.0125 -0.00533169
26.0225 -0.00561034
26.0325 -0.00602392
26.0425 -0.00656289
26.0525 -0.00711491
26.0625 -0.00769259
26.0725 -0.00830358
26.0825 -0.00889809
26.0925 -0.00947345
26.1025 -0.0100684
26.1125 -0.010684
26.1225 -0.0113252
26.1325 -0.0119592
26.1425 -0.0125876
26.1525 -0.0132038
26.1625 -0.0138006
26.1725 -0.0144055
26.1825 -0.0150174
26.1925 -0.0156148
26.2025 -0.0161859
26.2125 -0.0167305
26.2225 -0.017249
26.2325 -0.0177451
26.2425 -0.0182181
26.2525 -0.0186592
26.2625 -0.0190615
26.2725 -0.0194215
26.2825 -0.0197374
26.2925 -0.0200097
26.3025 -0.0202384
26.3125 -0.020421
26.3225 -0.0205522
26.3325 -0.0206321
26.3425 -0.0206601
26.3525 -0.0206344
26.3625 -0.0205566
26.3725 -0.0204274
26.3825 -0.020247
26.3925 -0.0200174
26.4025 -0.0197406
26.4125 -0.0194194
26.4225 -0.0190576
26.4325 -0.0186555
26.4425 -0.0182132
26.4525 -0.0177348
26.4625 -0.0172246
26.4725 -0.0166859
26.4825 -0.0161219
26.4925 -0.0155356
26.5025 -0.0149292
26.5125 -0.0143049
26.5225 -0.0136662
26.5325 -0.013017
26.5425 -0.0123604
26.5525 -0.0116993
26.5625 -0.0110356
26.5725 -0.0103709
26.5825 -0.0097067
26.5925 -0.00904356
26.6025 -0.00838244
26.6125 -0.00772518
26.6225 -0.00707408
26.6325 -0.00643161
26.6425 -0.00579926
26.6525 -0.00517629
26.6625 -0.00456304
26.6725 -0.00396072
26.6825 -0.00337023
26.6925 -0.00279286
26.7025 -0.00223003
26.7125 -0.00168314
26.7225 -0.00115338
26.7325 -0.000639816
26.7425 -0.000144333
26.7525 0.000332119
26.7625 0.00079019
26.7725 0.00122837
26.7825 0.00164532
26.7925 0.00204052
26.8025 0.00241338
26.8125 0.00276337
26.8225 0.00309058
26.8325 0.00339524
26.8425 0.00367708
26.8525 0.00393572
26.8625 0.00417096
26.8725 0.00438269
26.8825 0.00457109
26.8925 0.00473681
26.9025 0.00488072
26.9125 0.00500366
26.9225 0.00510643
26.9325 0.00518986
26.9425 0.00525511
26.9525 0.00530379
26.9625 0.00533758
26.9725 0.00535859
26.9825 0.00536804
26.9925 0.00536694
27.0025 0.00535711
27.0125 0.00533966
27.0225 0.0053159
27.0325 0.00528748
27.0425 0.00525582
27.0525 0.00522195
27.0625 0.00518656
27.0725 0.00515027
27.0825 0.0051138
27.0925 0.00507799
27.1025 0.0050434
27.1125 0.00501028
27.1225 0.00497847
27.1325 0.00494785
27.1425 0.00491871
27.1525 0.00489098
27.1625 0.00486477
27.1725 0.00483944
27.1825 0.00481423
27.1925 0.00478844
27.2025 0.00476103
27.2125 0.00473126
27.2225 0.0046985
27.2325 0.0046616
27.2425 0.00461966
27.2525 0.00457162
27.2625 0.00451655
27.2725 0.00445391
27.2825 0.00438296
27.2925 0.0043032
27.3025 0.00421409
27.3125 0.00411553
27.3225 0.0040075
27.3325 0.00389009
27.3425 0.00376338
27.3525 0.00362727
27.3625 0.00348223
27.3725 0.00332884
27.3825 0.00316799
27.3925 0.00299998
27.4025 0.00282551
27.4125 0.00264526
27.4225 0.00246067
27.4325 0.00227275
27.4425 0.00208284
27.4525 0.00189198
27.4625 0.00170149
27.4725 0.00151262
27.4825 0.00132693
27.4925 0.0011458
27.5025 0.000970073
27.5125 0.00080165
27.5225 0.000642509
27.5325 0.000493996
27.5425 0.000357722
27.5525 0.000235118
27.5625 0.000127221
27.5725 3.51882e-05
27.5825 -3.9902e-05
27.5925 -9.704e-05
27.6025 -0.000135163
27.6125 -0.000153882
27.6225 -0.000152934
27.6325 -0.000132074
27.6425 -9.18578e-05
27.6525 -3.23351e-05
27.6625 4.6969e-05
27.6725 0.000145579
27.6825 0.000261952
27.6925 0.000395799
27.7025 0.000546737
27.7125 0.00071395
27.7225 0.000896799
27.7325 0.00109452
27.7425 0.00130596
27.7525 0.00153045
27.7625 0.00176767
27.7725 0.00201735
27.7825 0.00227946
27.7925 0.00255399
27.8025 0.00284061
27.8125 0.00313886
27.8225 0.00344858
27.8325 0.0037701
27.8425 0.00410778
27.8525 0.00445486
27.8625 0.0048124
27.8725 0.00518625
27.8825 0.00557513
27.8925 0.00597666
27.9025 0.00639176
27.9125 0.00682123
27.9225 0.00726576
27.9325 0.0077263
27.9425 0.00820264
27.9525 0.00869436
27.9625 0.00920141
27.9725 0.00972356
27.9825 0.0102599
27.9925 0.0108091
28.0025 0.0113705
28.0125 0.0119428
28.0225 0.0125241
28.0325 0.0131128
28.0425 0.0137068
28.0525 0.0143036
28.0625 0.014901
28.0725 0.0154967
28.0825 0.0160881
28.0925 0.0166726
28.1025 0.0172481
28.1125 0.0178118
28.1225 0.0183614
28.1325 0.0188944
28.1425 0.0194084
28.1525 0.0198995
28.1625 0.0203696
28.1725 0.0208185
28.1825 0.0212401
28.1925 0.0216314
28.2025 0.0219927
28.2125 0.0223249
28.2225 0.0226284
28.2325 0.0229036
28.2425 0.02315
28.2525 0.0233662
28.2625 0.0235534
28.2725 0.0237135
28.2825 0.0238477
28.2925 0.0239575
28.3025 0.0240437
28.3125 0.0241071
28.3225 0.0241488
28.3325 0.0241708
28.3425 0.0241747
28.3525 0.0241616
28.3625 0.0241324
28.3725 0.0240878
28.3825 0.0240292
28.3925 0.0239571
28.4025 0.0238717
28.4125 0.0237733
28.4225 0.023662
28.4325 0.023538
28.4425 0.0234021
28.4525 0.0232552
28.4625 0.0230971
28.4725 0.0229274
28.4825 0.0227456
28.4925 0.0225519
28.5025 0.0223467
28.5125 0.0221307
28.5225 0.0219037
28.5325 0.0216663
28.5425 0.0214186
28.5525 0.0211612
28.5625 0.0208951
28.5725 0.020621
28.5825 0.0203398
28.5925 0.0200526
28.6025 0.0197607
28.6125 0.0194654
28.6225 0.0191684
28.6325 0.0188714
28.6425 0.0185766
28.6525 0.0182856
28.6625 0.0179991
28.6725 0.0177204
28.6825 0.0174518
28.6925 0.0171947
28.7025 0.0169519
28.7125 0.0167246
28.7225 0.0165143
28.7325 0.016323
28.7425 0.0161516
28.7525 0.0160012
28.7625 0.0158733
28.7725 0.0157694
28.7825 0.0156906
28.7925 0.0156381
28.8025 0.0156127
28.8125 0.0156145
28.8225 0.0156434
28.8325 0.0156991
28.8425 0.0157814
28.8525 0.0158889
28.8625 0.0160208
28.8725 0.0161757
28.8825 0.0163522
28.8925 0.0165475
28.9025 0.0167597
28.9125 0.0169876
28.9225 0.0172291
28.9325 0.0174814
28.9425 0.0177409
28.9525 0.0180044
28.9625 0.0182697
28.9725 0.0185351
28.9825 0.0187985
28.9925 0.019058
29.0025 0.0193111
29.0125 0.019555
29.0225 0.0197876
29.0325 0.0200073
29.0425 0.0202132
29.0525 0.0204044
29.0625 0.0205792
29.0725 0.0207366
29.0825 0.0208757
29.0925 0.0209965
29.1025 0.0210985
29.1125 0.0211824
29.1225 0.0212486
29.1325 0.0212978
29.1425 0.0213311
29.1525 0.0213498
29.1625 0.0213555
29.1725 0.0213501
29.1825 0.0213355
29.1925 0.0213136
29.2025 0.0212867
29.2125 0.021257
29.2225 0.0212274
29.2325 0.0212003
29.2425 0.0211775
29.2525 0.0211605
29.2625 0.0211489
29.2725 0.0211457
29.2825 0.021156
29.2925 0.0211791
29.3025 0.0212158
29.3125 0.0212677
29.3225 0.0213349
29.3325 0.0214171
29.3425 0.0215148
29.3525 0.0216285
29.3625 0.0217569
29.3725 0.0218994
29.3825 0.0220544
29.3925 0.0222199
29.4025 0.0223949
29.4125 0.0225765
29.4225 0.0227644
29.4325 0.0229567
29.4425 0.0231502
29.4525 0.0233421
29.4625 0.0235303
29.4725 0.0237128
29.4825 0.023888
29.4925 0.0240534
29.5025 0.0242068
29.5125 0.0243462
29.5225 0.0244696
29.5325 0.0245758
29.5425 0.0246633
29.5525 0.0247307
29.5625 0.0247772
29.5725 0.0248016
29.5825 0.0248034
29.5925 0.0247822
29.6025 0.0247381
29.6125 0.0246713
29.6225 0.0245826
29.6325 0.024472
29.6425 0.0243403
29.6525 0.0241885
29.6625 0.0240168
29.6725 0.0238263
29.6825 0.0236183
29.6925 0.0233942
29.7025 0.0231547
29.7125 0.0229009
29.7225 0.0226333
29.7325 0.0223528
29.7425 0.0220603
29.7525 0.0217565
29.7625 0.0214419
29.7725 0.0211169
29.7825 0.0207814
29.7925 0.0204354
29.8025 0.0200789
29.8125 0.0197114
29.8225 0.0193325
29.8325 0.0189412
29.8425 0.0185366
29.8525 0.0181177
29.8625 0.0176841
29.8725 0.017235
29.8825 0.0167692
29.8925 0.0162872
29.9025 0.0157845
29.9125 0.0152617
29.9225 0.0147285
29.9325 0.0141779
29.9425 0.0136002
29.9525 0.0129982
29.9625 0.0123709
29.9725 0.0117129
29.9825 0.0110254
29.9925 0.0103111
30.0025 0.00956922
30.0125 0.00879954
30.0225 0.0080023
30.0325 0.00717664
30.0425 0.00632228
30.0525 0.00544051
30.0625 0.0045326
30.0725 0.0036001
30.0825 0.0026444
30.0925 0.0016662
30.1025 0.000666204
30.1125 -0.000354665
30.1225 -0.00139529
30.1325 -0.00245467
30.1425 -0.00353649
30.1525 -0.00463251
30.1625 -0.00573784
30.1725 -0.00685621
30.1825 -0.00798618
30.1925 -0.0091246
30.2025 -0.0102694
30.2125 -0.0114161
30.2225 -0.0125608
30.2325 -0.0137018
30.2425 -0.0148336
30.2525 -0.0159529
30.2625 -0.0170554
30.2725 -0.018138
30.2825 -0.0191994
30.2925 -0.0202364
30.3025 -0.0212432
30.3125 -0.022214
30.3225 -0.0231699
30.3325 -0.0241912
30.3425 -0.025011
30.3525 -0.0258378
30.3625 -0.0267862
30.3725 -0.0276716
30.3825 -0.0284603
30.3925 -0.0292424
30.4025 -0.030029
30.4125 -0.0307879
30.4225 -0.031516
30.4325 -0.0322174
30.4425 -0.0329
30.4525 -0.0335594
30.4625 -0.0341888
30.4725 -0.0347914
30.4825 -0.0353821
30.4925 -0.0359543
30.5025 -0.0364911
30.5125 -0.0370064
30.5225 -0.037511
30.5325 -0.0379999
30.5425 -0.03847
30.5525 -0.0389233
30.5625 -0.0393604
30.5725 -0.0397809
30.5825 -0.0401859
30.5925 -0.0405792
30.6025 -0.0409625
30.6125 -0.0413359
30.6225 -0.0416985
30.6325 -0.0420496
30.6425 -0.0423893
30.6525 -0.0427165
30.6625 -0.043032
30.6725 -0.0433354
30.6825 -0.0436264
30.6925 -0.0439064
30.7025 -0.0441748
30.7125 -0.0444301
30.7225 -0.0446711
30.7325 -0.0448965
30.7425 -0.0451147
30.7525 -0.0453146
30.7625 -0.0455138
30.7725 -0.0457234
30.7825 -0.0459382
30.7925 -0.0461538
30.8025 -0.046353
30.8125 -0.0465356
30.8225 -0.0467179
30.8325 -0.0469028
30.8425 -0.0470853
30.8525 -0.0472621
30.8625 -0.0474281
30.8725 -0.047583
30.8825 -0.0477323
30.8925 -0.0478794
30.9025 -0.048025
30.9125 -0.0481687
30.9225 -0.0483096
30.9325 -0.0484157
30.9425 -0.0485015
30.9525 -0.0485827
30.9625 -0.0486483
30.9725 -0.0486935
30.9825 -0.0487183
30.9925 -0.0487328
31.0025 -0.0487317
31.0125 -0.0487237
31.0225 -0.0487214
31.0325 -0.0487267
31.0425 -0.0487324
31.0525 -0.0487474
31.0625 -0.048781
31.0725 -0.0488432
31.0825 -0.0489294
31.0925 -0.0490259
31.1025 -0.0491451
31.1125 -0.0493003
31.1225 -0.0494881
31.1325 -0.0497052
31.1425 -0.0499579
31.1525 -0.0502442
31.1625 -0.0505553
31.1725 -0.0508936
31.1825 -0.0512612
31.1925 -0.0516564
31.2025 -0.0520784
31.2125 -0.0525268
31.2225 -0.0529952
31.2325 -0.0534806
31.2425 -0.0539862
31.2525 -0.054507
31.2625 -0.0550369
31.2725 -0.0555733
31.2825 -0.0561126
31.2925 -0.056655
31.3025 -0.057196
31.3125 -0.0577282
31.3225 -0.0582514
31.3325 -0.0587655
31.3425 -0.0592658
31.3525 -0.0597478
31.3625 -0.0602104
31.3725 -0.0606529
31.3825 -0.061073
31.3925 -0.06147
31.4025 -0.061843
31.4125 -0.0621908
31.4225 -0.0625129
31.4325 -0.0628092
31.4425 -0.0630801
31.4525 -0.0633269
31.4625 -0.0635531
31.4725 -0.0637589
31.4825 -0.0639428
31.4925 -0.064107
31.5025 -0.0642555
31.5125 -0.0643902
31.5225 -0.06451
31.5325 -0.0646168
31.5425 -0.0647132
31.5525 -0.0647987
31.5625 -0.0648737
31.5725 -0.0649396
31.5825 -0.0649972
31.5925 -0.0650458
31.6025 -0.0650854
31.6125 -0.0651147
31.6225 -0.0651327
31.6325 -0.0651394
31.6425 -0.0651337
31.6525 -0.065116
31.6625 -0.065087
31.6725 -0.0650431
31.6825 -0.0649802
31.6925 -0.0648975
31.7025 -0.0647933
31.7125 -0.0646651
31.7225 -0.0645106
31.7325 -0.0643279
31.7425 -0.0641161
31.7525 -0.0638734
31.7625 -0.0635982
31.7725 -0.0632902
31.7825 -0.0629482
31.7925 -0.0625705
31.8025 -0.0621571
31.8125 -0.0617093
31.8225 -0.0612264
31.8325 -0.0607066
31.8425 -0.0601496
31.8525 -0.0595565
31.8625 -0.0589283
31.8725 -0.0582651
31.8825 -0.0575674
31.8925 -0.0568354
31.9025 -0.0560682
31.9125 -0.0552671
31.9225 -0.0544354
31.9325 -0.0535757
31.9425 -0.0526903
31.9525 -0.0517813
31.9625 -0.0508501
31.9725 -0.0498994
31.9825 -0.0489301
31.9925 -0.0479435
32.0025 -0.046943
32.015 -0.0456761
32.0275 -0.0443955
32.04 -0.0431082
32.0525 -0.0418172
32.065 -0.040526
32.0775 -0.0392398
32.09 -0.0379603
32.1025 -0.0366906
32.115 -0.0354342
32.1275 -0.0341937
32.14 -0.0329717
32.1525 -0.0317702
32.165 -0.0305903
32.1775 -0.0294323
32.19 -0.0282962
32.2025 -0.0271834
32.215 -0.0260953
32.2275 -0.0250325
32.24 -0.0239963
32.2525 -0.0229878
32.265 -0.022007
32.2775 -0.0210548
32.29 -0.020132
32.3025 -0.01924
32.315 -0.0183798
32.3275 -0.017552
32.34 -0.0167582
32.3525 -0.015999
32.365 -0.0152734
32.3775 -0.0145831
32.39 -0.0139296
32.4025 -0.013315
32.415 -0.012741
32.4275 -0.0122072
32.44 -0.0117144
32.4525 -0.0112639
32.465 -0.0108567
32.4775 -0.0104944
32.49 -0.0101777
32.5025 -0.0099066
32.515 -0.00968082
32.5275 -0.00950015
32.54 -0.00936435
32.5525 -0.00927333
32.565 -0.00922559
32.5775 -0.00921827
32.59 -0.0092497
32.6025 -0.00931776
32.615 -0.00941969
32.6275 -0.00955189
32.64 -0.0097113
32.6525 -0.00989531
32.665 -0.0100992
32.6775 -0.0103173
32.69 -0.0105454
32.7025 -0.0107801
32.715 -0.0110193
32.7275 -0.0112597
32.74 -0.0114964
32.7525 -0.0117256
32.765 -0.0119457
32.7775 -0.0121536
32.79 -0.0123481
32.8025 -0.0125287
32.815 -0.0126937
32.8275 -0.012842
32.84 -0.0129723
32.8525 -0.0130837
32.865 -0.0131766
32.8775 -0.0132525
32.89 -0.0133129
32.9025 -0.0133591
32.915 -0.0133922
32.9275 -0.0134135
32.94 -0.0134246
32.9525 -0.0134285
32.965 -0.013428
32.9775 -0.013425
32.99 -0.0134209
33.0025 -0.0134174
33.015 -0.0134163
33.0275 -0.0134195
33.04 -0.0134284
33.0525 -0.013444
33.065 -0.0134674
33.0775 -0.0134994
33.09 -0.0135403
33.1025 -0.0135908
33.115 -0.0136509
33.1275 -0.0137206
33.14 -0.0137993
33.1525 -0.0138869
33.165 -0.0139835
33.1775 -0.0140887
33.19 -0.014202
33.2025 -0.0143226
33.215 -0.0144501
33.2275 -0.014584
33.24 -0.0147244
33.2525 -0.0148716
33.265 -0.0150256
33.2775 -0.0151865
33.29 -0.0153544
33.3025 -0.0155294
33.315 -0.0157122
33.3275 -0.0159033
33.34 -0.0161033
33.3525 -0.0163124
33.365 -0.0165306
33.3775 -0.016758
33.39 -0.0169948
33.4025 -0.0172407
33.415 -0.0174958
33.4275 -0.0177597
33.44 -0.0180317
33.4525 -0.0183113
33.465 -0.0185975
33.4775 -0.0188895
33.49 -0.0191864
33.5025 -0.0194874
33.515 -0.0197917
33.5275 -0.0200986
33.54 -0.020407
33.5525 -0.0207163
33.565 -0.0210257
33.5775 -0.0213349
33.59 -0.0216436
33.6025 -0.0219515
33.615 -0.0222587
33.6275 -0.0225655
33.64 -0.0228723
33.6525 -0.0231796
33.665 -0.0234882
33.6775 -0.0237992
33.69 -0.0241137
33.7025 -0.0244327
33.715 -0.0247573
33.7275 -0.025088
33.74 -0.0254266
33.7525 -0.0257742
33.765 -0.0261316
33.7775 -0.0264997
33.79 -0.0268794
33.8025 -0.0272713
33.815 -0.0276763
33.8275 -0.028095
33.84 -0.0285278
33.8525 -0.0289746
33.865 -0.0294352
33.8775 -0.0299091
33.89 -0.0303959
33.9025 -0.0308941
33.915 -0.0314026
33.9275 -0.0319197
33.94 -0.0324433
33.9525 -0.0329714
33.965 -0.0335008
33.9775 -0.0340284
33.99 -0.0345521
34.0025 -0.0350685
34.015 -0.0355745
34.0275 -0.0360666
34.04 -0.0365417
34.0525 -0.0369975
34.065 -0.0374312
34.0775 -0.0378407
34.09 -0.0382243
34.1025 -0.0385802
34.115 -0.0389076
34.1275 -0.0392056
34.14 -0.0394737
34.1525 -0.0397116
34.165 -0.0399197
34.1775 -0.040099
34.19 -0.0402496
34.2025 -0.0403729
34.215 -0.0404696
34.2275 -0.0405418
34.24 -0.0405914
34.2525 -0.0406206
34.265 -0.0406315
34.2775 -0.0406265
34.29 -0.0406083
34.3025 -0.0405795
34.315 -0.0405418
34.3275 -0.0404972
34.34 -0.0404474
34.3525 -0.0403936
34.365 -0.0403357
34.3775 -0.0402735
34.39 -0.0402073
34.4025 -0.0401372
34.415 -0.0400633
34.4275 -0.0399862
34.44 -0.0399033
34.4525 -0.0398132
34.465 -0.0397144
34.4775 -0.0396044
34.49 -0.0394819
34.5025 -0.0393458
34.515 -0.0391946
34.5275 -0.039027
34.54 -0.0388424
34.5525 -0.0386411
34.565 -0.038423
34.5775 -0.0381884
34.59 -0.0379379
34.6025 -0.0376728
34.615 -0.0373952
34.6275 -0.0371077
34.64 -0.0368135
34.6525 -0.0365154
34.665 -0.0362185
34.6775 -0.0359257
34.69 -0.0356397
34.7025 -0.0353641
34.715 -0.0351007
34.7275 -0.0348534
34.74 -0.0346273
34.7525 -0.0344245
34.765 -0.0342473
34.7775 -0.0340983
34.79 -0.0339785
34.8025 -0.03389
34.815 -0.0338333
34.8275 -0.0338087
34.84 -0.0338169
34.8525 -0.0338534
34.865 -0.0339174
34.8775 -0.0340112
34.89 -0.0341287
34.9025 -0.0342662
34.915 -0.0344218
34.9275 -0.0345893
34.94 -0.0347663
34.9525 -0.0349512
34.965 -0.0351393
34.9775 -0.0353281
34.99 -0.0355137
35.0025 -0.0356919
35.015 -0.0358599
35.0275 -0.0360157
35.04 -0.0361576
35.0525 -0.0362853
35.065 -0.0363955
35.0775 -0.0364843
35.09 -0.036553
35.1025 -0.0366012
35.115 -0.0366277
35.1275 -0.0366344
35.14 -0.03662
35.1525 -0.036585
35.165 -0.0365308
35.1775 -0.0364584
35.19 -0.0363707
35.2025 -0.0362686
35.215 -0.0361534
35.2275 -0.0360264
35.24 -0.03589
35.2525 -0.0357459
35.265 -0.0355952
35.2775 -0.0354391
35.29 -0.0352797
35.3025 -0.0351188
35.315 -0.0349586
35.3275 -0.0348007
35.34 -0.0346459
35.3525 -0.0344954
35.365 -0.0343504
35.3775 -0.0342116
35.39 -0.0340803
35.4025 -0.0339571
35.415 -0.0338423
35.4275 -0.0337359
35.44 -0.0336372
35.4525 -0.0335454
35.465 -0.0334603
35.4775 -0.0333803
35.49 -0.0333044
35.5025 -0.0332312
35.515 -0.0331589
35.5275 -0.0330858
35.54 -0.0330103
35.5525 -0.032931
35.565 -0.0328466
35.5775 -0.0327554
35.59 -0.0326561
35.6025 -0.0325477
35.615 -0.032429
35.6275 -0.0322991
35.64 -0.0321568
35.6525 -0.0320009
35.665 -0.0318308
35.6775 -0.0316464
35.69 -0.0314472
35.7025 -0.031233
35.715 -0.031004
35.7275 -0.0307602
35.74 -0.0305017
35.7525 -0.0302291
35.765 -0.0299433
35.7775 -0.0296451
35.79 -0.0293361
35.8025 -0.0290175
35.815 -0.0286903
35.8275 -0.0283558
35.84 -0.0280154
35.8525 -0.0276706
35.865 -0.0273229
35.8775 -0.0269743
35.89 -0.0266258
35.9025 -0.0262786
35.915 -0.0259335
35.9275 -0.0255915
35.94 -0.0252537
35.9525 -0.0249208
35.965 -0.024594
35.9775 -0.0242736
35.99 -0.0239601
36.0025 -0.0236536
36.015 -0.0233545
36.0275 -0.0230631
36.04 -0.0227799
36.0525 -0.0225056
36.065 -0.0222409
36.0775 -0.0219859
36.09 -0.0217414
36.1025 -0.0215079
36.115 -0.0212855
36.1275 -0.0210748
36.14 -0.0208764
36.1525 -0.0206908
36.165 -0.0205186
36.1775 -0.0203602
36.19 -0.0202158
36.2025 -0.0200858
36.215 -0.0199702
36.2275 -0.0198692
36.24 -0.0197828
36.2525 -0.019711
36.265 -0.0196535
36.2775 -0.0196097
36.29 -0.0195788
36.3025 -0.0195597
36.315 -0.0195518
36.3275 -0.0195536
36.34 -0.0195631
36.3525 -0.0195785
36.365 -0.0195982
36.3775 -0.0196201
36.39 -0.0196425
36.4025 -0.0196625
36.415 -0.0196774
36.4275 -0.019685
36.44 -0.019683
36.4525 -0.0196693
36.465 -0.0196411
36.4775 -0.0195963
36.49 -0.0195322
36.5025 -0.0194471
36.515 -0.0193393
36.5275 -0.0192072
36.54 -0.0190494
36.5525 -0.0188649
36.565 -0.0186529
36.5775 -0.0184134
36.59 -0.0181467
36.6025 -0.0178529
36.615 -0.0175338
36.6275 -0.0171888
36.64 -0.0168181
36.6525 -0.0164231
36.665 -0.0160056
36.6775 -0.0155672
36.69 -0.0151093
36.7025 -0.0146326
36.715 -0.0141379
36.7275 -0.0136267
36.74 -0.0131009
36.7525 -0.0125617
36.765 -0.0120098
36.7775 -0.0114449
36.79 -0.010867
36.8025 -0.0102769
36.815 -0.00967557
36.8275 -0.0090644
36.84 -0.00844396
36.8525 -0.00781418
36.865 -0.00717437
36.8775 -0.00652374
36.89 -0.00586222
36.9025 -0.00519035
36.915 -0.00450757
36.9275 -0.00381405
36.94 -0.00310825
36.9525 -0.00238875
36.965 -0.0016552
36.9775 -0.000908269
36.99 -0.000147884
37.0025 0.000624752
37.015 0.00140995
37.0275 0.00220833
37.04 0.003019
37.0525 0.00384019
37.065 0.00466982
37.0775 0.00550615
37.09 0.0063475
37.1025 0.00719324
37.115 0.00803986
37.1275 0.00888403
37.14 0.00972287
37.1525 0.0105531
37.165 0.0113724
37.1775 0.0121783
37.19 0.0129765
37.2025 0.0137582
37.215 0.0145094
37.2275 0.0152377
37.24 0.0159364
37.2525 0.0166035
37.265 0.0172371
37.2775 0.0178325
37.29 0.018389
37.3025 0.0189049
37.315 0.0193789
37.3275 0.0198099
37.34 0.0201951
37.3525 0.0205368
37.365 0.0208346
37.3775 0.0210832
37.39 0.0212832
37.4025 0.0214374
37.415 0.0215472
37.4275 0.0216123
37.44 0.0216329
37.4525 0.0216119
37.465 0.0215525
37.4775 0.0214562
37.49 0.0213252
37.5025 0.0211623
37.515 0.0209699
37.5275 0.0207497
37.54 0.0205041
37.5525 0.0202358
37.565 0.019947
37.5775 0.0196396
37.59 0.0193147
37.6025 0.0189729
37.615 0.0186158
37.6275 0.0182445
37.64 0.0178601
37.6525 0.0174638
37.665 0.0170556
37.6775 0.0166353
37.69 0.0162034
37.7025 0.0157612
37.715 0.0153086
37.7275 0.0148464
37.74 0.0143743
37.7525 0.0138934
37.765 0.0134052
37.7775 0.0129122
37.79 0.0124156
37.8025 0.011918
37.815 0.011422
37.8275 0.0109302
37.84 0.0104453
37.8525 0.00997029
37.865 0.00950864
37.8775 0.00906422
37.89 0.00864055
37.9025 0.00824067
37.915 0.00786772
37.9275 0.00752385
37.94 0.00721048
37.9525 0.00692973
37.965 0.00668277
37.9775 0.00647142
37.99 0.00629565
38.0025 0.00615606
38.015 0.00605109
38.0275 0.0059787
38.04 0.00593782
38.0525 0.00592644
38.065 0.00594314
38.0775 0.00598476
38.09 0.00604532
38.1025 0.00612352
38.115 0.00621663
38.1275 0.00632216
38.14 0.00643647
38.1525 0.00655417
38.165 0.00666952
38.1775 0.00678051
38.19 0.00688471
38.2025 0.0069779
38.215 0.00705616
38.2275 0.00711525
38.24 0.00715193
38.2525 0.00716301
38.265 0.00714665
38.2775 0.00709999
38.29 0.00701932
38.3025 0.00690325
38.315 0.00675042
38.3275 0.00655923
38.34 0.00632884
38.3525 0.00605768
38.365 0.0057442
38.3775 0.00538627
38.39 0.00498223
38.4025 0.00453456
38.415 0.00404228
38.4275 0.00350326
38.44 0.00291736
38.4525 0.00228416
38.465 0.00160328
38.4775 0.000875873
38.49 0.000102454
38.5025 -0.000716475
38.515 -0.00157992
38.5275 -0.00248766
38.54 -0.00343871
38.5525 -0.00443071
38.565 -0.00546177
38.5775 -0.00653037
38.59 -0.00763511
38.6025 -0.00877298
38.615 -0.00994204
38.6275 -0.0111399
38.64 -0.0123635
38.6525 -0.0136099
38.665 -0.0148768
38.6775 -0.0161615
38.69 -0.0174615
38.7025 -0.0187739
38.715 -0.0200961
38.7275 -0.0214249
38.74 -0.0227579
38.7525 -0.0240924
38.765 -0.0254263
38.7775 -0.0267572
38.79 -0.0280827
38.8025 -0.0294006
38.815 -0.0307083
38.8275 -0.0320035
38.84 -0.0332835
38.8525 -0.0345468
38.865 -0.0357921
38.8775 -0.0370175
38.89 -0.038221
38.9025 -0.0394003
38.915 -0.0405532
38.9275 -0.0416784
38.94 -0.0427731
38.9525 -0.0438341
38.965 -0.0448598
38.9775 -0.0458499
38.99 -0.0468052
39.0025 -0.0477254
39.015 -0.0486085
39.0275 -0.0494521
39.04 -0.050254
39.0525 -0.0510123
39.065 -0.0517265
39.0775 -0.0523958
39.09 -0.0530182
39.1025 -0.0535918
39.115 -0.0541161
39.1275 -0.0545888
39.14 -0.0550084
39.1525 -0.0553741
39.165 -0.0556849
39.1775 -0.0559405
39.19 -0.0561413
39.2025 -0.0562872
39.215 -0.0563786
39.2275 -0.056416
39.24 -0.0564008
39.2525 -0.0563345
39.265 -0.0562201
39.2775 -0.0560609
39.29 -0.0558587
39.3025 -0.0556164
39.315 -0.0553397
39.3275 -0.0550326
39.34 -0.0546963
39.3525 -0.0543341
39.365 -0.0539502
39.3775 -0.0535481
39.39 -0.0531301
39.4025 -0.0526981
39.415 -0.0522552
39.4275 -0.0518058
39.44 -0.0513549
39.4525 -0.0509049
39.465 -0.0504561
39.4775 -0.0500102
39.49 -0.0495695
39.5025 -0.0491363
39.515 -0.0487129
39.5275 -0.0483009
39.54 -0.0479011
39.5525 -0.0475149
39.565 -0.0471439
39.5775 -0.0467896
39.59 -0.0464535
39.6025 -0.0461369
39.615 -0.0458405
39.6275 -0.0455655
39.64 -0.0453135
39.6525 -0.0450863
39.665 -0.0448856
39.6775 -0.044713
39.69 -0.0445705
39.7025 -0.0444585
39.715 -0.0443773
39.7275 -0.044331
39.74 -0.0443212
39.7525 -0.0443482
39.765 -0.0444134
39.7775 -0.0445173
39.79 -0.0446616
39.8025 -0.0448481
39.815 -0.0450763
39.8275 -0.045345
39.84 -0.0456538
39.8525 -0.0460009
39.865 -0.0463858
39.8775 -0.046808
39.89 -0.0472654
39.9025 -0.0477567
39.915 -0.0482782
39.9275 -0.0488264
39.94 -0.0493984
39.9525 -0.0499916
39.965 -0.0506034
39.9775 -0.0512306
39.99 -0.051869
40.0025 -0.0525144
40.015 -0.0531635
40.0275 -0.0538131
40.04 -0.0544605
40.0525 -0.0551028
40.065 -0.0557368
40.0775 -0.0563591
40.09 -0.0569667
40.1025 -0.0575577
40.115 -0.0581301
40.1275 -0.0586825
40.14 -0.059213
40.1525 -0.0597198
40.165 -0.0602018
40.1775 -0.0606579
40.19 -0.0610872
40.2025 -0.061489
40.215 -0.0618624
40.2275 -0.062207
40.24 -0.062522
40.2525 -0.0628063
40.265 -0.0630599
40.2775 -0.0632828
40.29 -0.0634745
40.3025 -0.0636347
40.315 -0.0637631
40.3275 -0.06386
40.34 -0.0639254
40.3525 -0.063959
40.365 -0.0639605
40.3775 -0.0639297
40.39 -0.0638667
40.4025 -0.063772
40.415 -0.0636464
40.4275 -0.0634908
40.44 -0.0633067
40.4525 -0.0630966
40.465 -0.0628621
40.4775 -0.0626037
40.49 -0.0623226
40.5025 -0.0620189
40.515 -0.0616923
40.5275 -0.0613449
40.54 -0.0609787
40.5525 -0.0605933
40.565 -0.060189
40.5775 -0.0597662
40.59 -0.0593254
40.6025 -0.0588694
40.615 -0.0584006
40.6275 -0.0579211
40.64 -0.0574321
40.6525 -0.0569344
40.665 -0.0564295
40.6775 -0.0559199
40.69 -0.0554085
40.7025 -0.0548975
40.715 -0.0543886
40.7275 -0.0538836
40.74 -0.0533845
40.7525 -0.052894
40.765 -0.0524147
40.7775 -0.0519491
40.79 -0.051499
40.8025 -0.0510663
40.815 -0.0506531
40.8275 -0.0502616
40.84 -0.0498942
40.8525 -0.0495526
40.865 -0.0492382
40.8775 -0.0489526
40.89 -0.0486969
40.9025 -0.0484728
40.915 -0.0482812
40.9275 -0.0481231
40.94 -0.0479991
40.9525 -0.0479094
40.965 -0.0478545
40.9775 -0.0478344
40.99 -0.0478488
41.0025 -0.0478975
41.015 -0.0479794
41.0275 -0.0480934
41.04 -0.0482385
41.0525 -0.0484133
41.065 -0.0486159
41.0775 -0.0488443
41.09 -0.0490965
41.1025 -0.0493704
41.115 -0.0496659
41.1275 -0.0499828
41.14 -0.0503188
41.1525 -0.0506714
41.165 -0.0510377
41.1775 -0.051416
41.19 -0.0518051
41.2025 -0.0522035
41.215 -0.0526091
41.2275 -0.053019
41.24 -0.0534313
41.2525 -0.0538443
41.265 -0.0542561
41.2775 -0.0546658
41.29 -0.0550723
41.3025 -0.0554739
41.315 -0.0558694
41.3275 -0.0562576
41.34 -0.056638
41.3525 -0.0570104
41.365 -0.0573744
41.3775 -0.0577295
41.39 -0.0580749
41.4025 -0.0584106
41.415 -0.0587363
41.4275 -0.059052
41.44 -0.0593578
41.4525 -0.0596532
41.465 -0.0599377
41.4775 -0.0602104
41.49 -0.0604707
41.5025 -0.0607179
41.515 -0.060951
41.5275 -0.0611687
41.54 -0.0613697
41.5525 -0.0615522
41.565 -0.0617148
41.5775 -0.0618565
41.59 -0.0619753
41.6025 -0.0620696
41.615 -0.0621382
41.6275 -0.0621799
41.64 -0.0621936
41.6525 -0.0621786
41.665 -0.0621346
41.6775 -0.0620621
41.69 -0.061961
41.7025 -0.0618316
41.715 -0.0616744
41.7275 -0.0614897
41.74 -0.0612795
41.7525 -0.0610429
41.765 -0.0607813
41.7775 -0.0604979
41.79 -0.0601918
41.8025 -0.0598643
41.815 -0.0595166
41.8275 -0.0591489
41.84 -0.0587614
41.8525 -0.0583544
41.865 -0.0579285
41.8775 -0.0574835
41.89 -0.0570202
41.9025 -0.05654
41.915 -0.0560435
41.9275 -0.0555314
41.94 -0.0550039
41.9525 -0.0544611
41.965 -0.0539033
41.9775 -0.053331
41.99 -0.0527449
42.0025 -0.0521457
42.015 -0.0515344
42.0275 -0.0509115
42.04 -0.0502773
42.0525 -0.0496325
42.065 -0.0489775
42.0775 -0.0483132
42.09 -0.0476407
42.1025 -0.046961
42.115 -0.0462752
42.1275 -0.0455843
42.14 -0.044889
42.1525 -0.0441905
42.165 -0.0434897
42.1775 -0.0427877
42.19 -0.0420859
42.2025 -0.0413858
42.215 -0.0406889
42.2275 -0.0399966
42.24 -0.0393102
42.2525 -0.0386308
42.265 -0.0379598
42.2775 -0.0372987
42.29 -0.0366492
42.3025 -0.0360129
42.315 -0.0353919
42.3275 -0.0347876
42.34 -0.0342013
42.3525 -0.0336349
42.365 -0.0330902
42.3775 -0.032569
42.39 -0.0320731
42.4025 -0.0316042
42.415 -0.0311642
42.4275 -0.0307552
42.44 -0.0303783
42.4525 -0.0300348
42.465 -0.0297263
42.4775 -0.0294541
42.49 -0.0292191
42.5025 -0.0290222
42.515 -0.0288642
42.5275 -0.0287452
42.54 -0.0286654
42.5525 -0.0286246
42.565 -0.0286218
42.5775 -0.0286557
42.59 -0.0287254
42.6025 -0.028829
42.615 -0.0289649
42.6275 -0.0291314
42.64 -0.029326
42.6525 -0.0295467
42.665 -0.0297905
42.6775 -0.0300549
42.69 -0.0303384
42.7025 -0.0306383
42.715 -0.0309522
42.7275 -0.0312788
42.74 -0.0316168
42.7525 -0.0319635
42.765 -0.032316
42.7775 -0.0326723
42.79 -0.0330321
42.8025 -0.0333955
42.815 -0.0337605
42.8275 -0.0341267
42.84 -0.0344938
42.8525 -0.0348607
42.865 -0.035226
42.8775 -0.0355891
42.89 -0.0359493
42.9025 -0.0363066
42.915 -0.0366606
42.9275 -0.0370099
42.94 -0.0373539
42.9525 -0.0376918
42.965 -0.0380229
42.9775 -0.038347
42.99 -0.0386636
43.0025 -0.0389715
43.015 -0.0392698
43.0275 -0.0395572
43.04 -0.0398327
43.0525 -0.0400954
43.065 -0.0403441
43.0775 -0.0405776
43.09 -0.0407951
43.1025 -0.0409946
43.115 -0.0411749
43.1275 -0.0413348
43.14 -0.0414727
43.1525 -0.0415869
43.165 -0.0416762
43.1775 -0.0417397
43.19 -0.0417774
43.2025 -0.041788
43.215 -0.0417689
43.2275 -0.0417199
43.24 -0.0416412
43.2525 -0.0415315
43.265 -0.0413913
43.2775 -0.0412205
43.29 -0.0410184
43.3025 -0.0407869
43.315 -0.0405266
43.3275 -0.0402368
43.34 -0.039918
43.3525 -0.0395715
43.365 -0.0391979
43.3775 -0.0387976
43.39 -0.0383707
43.4025 -0.0379175
43.415 -0.0374392
43.4275 -0.0369376
43.44 -0.0364153
43.4525 -0.0358733
43.465 -0.0353123
43.4775 -0.034733
43.49 -0.0341362
43.5025 -0.0335236
43.515 -0.0328963
43.5275 -0.0322559
43.54 -0.0316044
43.5525 -0.0309428
43.565 -0.0302717
43.5775 -0.0295922
43.59 -0.0289053
43.6025 -0.0282124
43.615 -0.0275153
43.6275 -0.026816
43.64 -0.0261157
43.6525 -0.0254159
43.665 -0.0247179
43.6775 -0.024023
43.69 -0.0233327
43.7025 -0.0226483
43.715 -0.0219722
43.7275 -0.0213063
43.74 -0.0206524
43.7525 -0.0200116
43.765 -0.0193857
43.7775 -0.0187759
43.79 -0.018184
43.8025 -0.0176118
43.815 -0.0170608
43.8275 -0.0165328
43.84 -0.0160298
43.8525 -0.0155525
43.865 -0.0151017
43.8775 -0.0146785
43.89 -0.0142836
43.9025 -0.0139181
43.915 -0.0135831
43.9275 -0.0132794
43.94 -0.0130075
43.9525 -0.0127675
43.965 -0.0125594
43.9775 -0.012383
43.99 -0.0122381
44.0025 -0.0121246
44.015 -0.0120422
44.0275 -0.0119905
44.04 -0.0119686
44.0525 -0.0119749
44.065 -0.0120084
44.0775 -0.0120681
44.09 -0.0121521
44.1025 -0.0122586
44.115 -0.0123866
44.1275 -0.0125345
44.14 -0.0127007
44.1525 -0.0128834
44.165 -0.0130805
44.1775 -0.0132901
44.19 -0.0135107
44.2025 -0.0137412
44.215 -0.0139803
44.2275 -0.0142256
44.24 -0.0144764
44.2525 -0.0147311
44.265 -0.014989
44.2775 -0.0152489
44.29 -0.0155095
44.3025 -0.0157694
44.315 -0.0160269
44.3275 -0.0162806
44.34 -0.0165295
44.3525 -0.0167725
44.365 -0.0170085
44.3775 -0.0172364
44.39 -0.0174545
44.4025 -0.0176613
44.415 -0.0178553
44.4275 -0.0180351
44.44 -0.0181995
44.4525 -0.0183473
44.465 -0.018477
44.4775 -0.0185874
44.49 -0.0186776
44.5025 -0.0187459
44.515 -0.0187914
44.5275 -0.0188134
44.54 -0.0188113
44.5525 -0.0187844
44.565 -0.0187326
44.5775 -0.0186554
44.59 -0.0185526
44.6025 -0.0184249
44.615 -0.0182732
44.6275 -0.0180972
44.64 -0.0178969
44.6525 -0.0176731
44.665 -0.0174267
44.6775 -0.0171583
44.69 -0.0168687
44.7025 -0.016558
44.715 -0.0162267
44.7275 -0.015877
44.74 -0.015511
44.7525 -0.0151303
44.765 -0.014736
44.7775 -0.0143287
44.79 -0.0139091
44.8025 -0.0134785
44.815 -0.0130383
44.8275 -0.0125904
44.84 -0.0121365
44.8525 -0.0116782
44.865 -0.0112163
44.8775 -0.0107514
44.89 -0.0102849
44.9025 -0.00981781
44.915 -0.00935165
44.9275 -0.00888809
44.94 -0.00842834
44.9525 -0.00797362
44.965 -0.00752458
44.9775 -0.00708225
44.99 -0.00664784
45.0025 -0.00622237
45.015 -0.0058075
45.0275 -0.00540473
45.04 -0.00501532
45.0525 -0.00464044
45.065 -0.00428095
45.0775 -0.00393748
45.09 -0.00361125
45.1025 -0.00330361
45.115 -0.00301506
45.1275 -0.00274688
45.14 -0.00250031
45.1525 -0.00227553
45.165 -0.00207334
45.1775 -0.00189425
45.19 -0.00173874
45.2025 -0.00160757
45.215 -0.0015013
45.2275 -0.00142036
45.24 -0.00136493
45.2525 -0.00133505
45.265 -0.00133065
45.2775 -0.00135137
45.29 -0.00139744
45.3025 -0.00146848
45.315 -0.00156343
45.3275 -0.00168098
45.34 -0.00182026
45.3525 -0.00198053
45.365 -0.00215987
45.3775 -0.00235744
45.39 -0.00257233
45.4025 -0.00280293
45.415 -0.00304689
45.4275 -0.00330241
45.44 -0.00356807
45.4525 -0.00384296
45.465 -0.00412653
45.4775 -0.0044186
45.49 -0.00471867
45.5025 -0.00502508
45.515 -0.00533624
45.5275 -0.00565042
45.54 -0.00596653
45.5525 -0.00628383
45.565 -0.00660149
45.5775 -0.00691875
45.59 -0.00723446
45.6025 -0.00754713
45.615 -0.00785535
45.6275 -0.00815789
45.64 -0.00845375
45.6525 -0.00874231
45.665 -0.00902295
45.6775 -0.0092949
45.69 -0.00955717
45.7025 -0.00980867
45.715 -0.0100484
45.7275 -0.0102757
45.74 -0.0104899
45.7525 -0.0106909
45.765 -0.0108782
45.7775 -0.0110515
45.79 -0.0112101
45.8025 -0.0113533
45.815 -0.0114807
45.8275 -0.0115922
45.84 -0.0116876
45.8525 -0.0117671
45.865 -0.0118306
45.8775 -0.011878
45.89 -0.0119091
45.9025 -0.0119239
45.915 -0.0119227
45.9275 -0.0119062
45.94 -0.0118744
45.9525 -0.0118274
45.965 -0.011766
45.9775 -0.0116915
45.99 -0.0116045
46.0025 -0.0115054
46.015 -0.0113941
46.0275 -0.0112713
46.04 -0.0111379
46.0525 -0.0109945
46.065 -0.0108413
46.0775 -0.0106787
46.09 -0.0105074
46.1025 -0.0103282
46.115 -0.0101425
46.1275 -0.00995121
46.14 -0.00975517
46.1525 -0.009555
46.165 -0.00935133
46.1775 -0.00914479
46.19 -0.00893655
46.2025 -0.00872806
46.215 -0.00852054
46.2275 -0.00831517
46.24 -0.00811284
46.2525 -0.00791431
46.265 -0.00772049
46.2775 -0.00753248
46.29 -0.0073516
46.3025 -0.00717914
46.315 -0.00701617
46.3275 -0.00686371
46.34 -0.00672235
46.3525 -0.00659269
46.365 -0.00647554
46.3775 -0.0063718
46.39 -0.00628232
46.4025 -0.00620789
46.415 -0.006149
46.4275 -0.00610588
46.44 -0.00607883
46.4525 -0.00606822
46.465 -0.00607421
46.4775 -0.00609714
46.49 -0.00613696
46.5025 -0.00619305
46.515 -0.00626489
46.5275 -0.00635155
46.54 -0.00645233
46.5525 -0.0065667
46.565 -0.00669491
46.5775 -0.00683725
46.59 -0.00699348
46.6025 -0.00716258
46.615 -0.0073435
46.6275 -0.00753548
46.64 -0.00773898
46.6525 -0.00795469
46.665 -0.00818226
46.6775 -0.00842107
46.69 -0.0086703
46.7025 -0.00892923
46.715 -0.00919763
46.7275 -0.00947553
46.74 -0.00976281
46.7525 -0.010059
46.765 -0.0103636
46.7775 -0.0106758
46.79 -0.0109944
46.8025 -0.0113188
46.815 -0.0116483
46.8275 -0.0119828
46.84 -0.0123218
46.8525 -0.0126641
46.865 -0.0130085
46.8775 -0.013354
46.89 -0.0136996
46.9025 -0.0140443
46.915 -0.0143875
46.9275 -0.0147283
46.94 -0.0150659
46.9525 -0.015399
46.965 -0.0157267
46.9775 -0.0160477
46.99 -0.0163612
47.0025 -0.0166666
47.015 -0.0169631
47.0275 -0.0172502
47.04 -0.0175272
47.0525 -0.0177931
47.065 -0.0180473
47.0775 -0.0182893
47.09 -0.0185185
47.1025 -0.018735
47.115 -0.0189385
47.1275 -0.0191287
47.14 -0.0193054
47.1525 -0.0194684
47.165 -0.0196176
47.1775 -0.0197529
47.19 -0.0198746
47.2025 -0.0199829
47.215 -0.020078
47.2275 -0.0201602
47.24 -0.0202293
47.2525 -0.0202857
47.265 -0.0203297
47.2775 -0.0203617
47.29 -0.020382
47.3025 -0.0203913
47.315 -0.0203899
47.3275 -0.0203781
47.34 -0.0203566
47.3525 -0.0203263
47.365 -0.0202876
47.3775 -0.020241
47.39 -0.0201871
47.4025 -0.0201269
47.415 -0.0200609
47.4275 -0.0199894
47.44 -0.019913
47.4525 -0.0198326
47.465 -0.0197488
47.4775 -0.0196622
47.49 -0.0195732
47.5025 -0.019482
47.515 -0.0193893
47.5275 -0.0192957
47.54 -0.0192021
47.5525 -0.0191092
47.565 -0.0190175
47.5775 -0.0189275
47.59 -0.0188398
47.6025 -0.0187552
47.615 -0.0186747
47.6275 -0.0185991
47.64 -0.018529
47.6525 -0.0184649
47.665 -0.0184077
47.6775 -0.0183581
47.69 -0.0183167
47.7025 -0.0182845
47.715 -0.018262
47.7275 -0.0182497
47.74 -0.0182481
47.7525 -0.0182579
47.765 -0.0182794
47.7775 -0.0183126
47.79 -0.018358
47.8025 -0.0184157
47.815 -0.0184855
47.8275 -0.0185678
47.84 -0.0186631
47.8525 -0.0187715
47.865 -0.018892
47.8775 -0.0190242
47.89 -0.0191681
47.9025 -0.0193241
47.915 -0.0194921
47.9275 -0.0196718
47.94 -0.0198626
47.9525 -0.0200637
47.965 -0.0202749
47.9775 -0.0204959
47.99 -0.0207264
48.0025 -0.0209662
48.015 -0.0212144
48.0275 -0.0214702
48.04 -0.021733
48.0525 -0.0220022
48.065 -0.0222772
48.0775 -0.0225577
48.09 -0.0228432
48.1025 -0.0231328
48.115 -0.0234258
48.1275 -0.0237214
48.14 -0.024019
48.1525 -0.0243179
48.165 -0.0246178
48.1775 -0.0249182
48.19 -0.0252181
48.2025 -0.0255171
48.215 -0.0258141
48.2275 -0.0261087
48.24 -0.0264003
48.2525 -0.0266884
48.265 -0.0269725
48.2775 -0.027252
48.29 -0.0275262
48.3025 -0.0277944
48.315 -0.0280561
48.3275 -0.0283108
48.34 -0.0285581
48.3525 -0.0287976
48.365 -0.0290286
48.3775 -0.0292507
48.39 -0.0294633
48.4025 -0.029666
48.415 -0.0298585
48.4275 -0.0300404
48.44 -0.0302114
48.4525 -0.0303712
48.465 -0.0305196
48.4775 -0.030656
48.49 -0.0307805
48.5025 -0.0308928
48.515 -0.0309929
48.5275 -0.0310808
48.54 -0.0311563
48.5525 -0.0312196
48.565 -0.0312706
48.5775 -0.0313095
48.59 -0.0313363
48.6025 -0.0313515
48.615 -0.0313554
48.6275 -0.0313484
48.64 -0.0313309
48.6525 -0.0313035
48.665 -0.0312669
48.6775 -0.0312217
48.69 -0.0311685
48.7025 -0.0311079
48.715 -0.0310411
48.7275 -0.0309688
48.74 -0.0308911
48.7525 -0.0308089
48.765 -0.030723
48.7775 -0.0306342
48.79 -0.0305431
48.8025 -0.0304503
48.815 -0.0303559
48.8275 -0.0302604
48.84 -0.0301644
48.8525 -0.0300686
48.865 -0.0299738
48.8775 -0.0298803
48.89 -0.0297885
48.9025 -0.0296987
48.915 -0.0296117
48.9275 -0.0295281
48.94 -0.0294484
48.9525 -0.0293733
48.965 -0.029303
48.9775 -0.0292379
48.99 -0.0291787
49.0025 -0.0291259
49.015 -0.02908
49.0275 -0.0290414
49.04 -0.0290104
49.0525 -0.0289874
49.065 -0.0289724
49.0775 -0.0289661
49.09 -0.028969
49.1025 -0.028981
49.115 -0.0290023
49.1275 -0.0290331
49.14 -0.0290732
49.1525 -0.0291229
49.165 -0.0291821
49.1775 -0.029251
49.19 -0.0293294
49.2025 -0.0294171
49.215 -0.0295135
49.2275 -0.0296184
49.24 -0.0297322
49.2525 -0.0298547
49.265 -0.0299856
49.2775 -0.0301245
49.29 -0.0302706
49.3025 -0.0304236
49.315 -0.0305832
49.3275 -0.030749
49.34 -0.030921
49.3525 -0.0310983
49.365 -0.0312804
49.3775 -0.0314666
49.39 -0.0316562
49.4025 -0.0318489
49.415 -0.0320443
49.4275 -0.0322419
49.44 -0.032441
49.4525 -0.0326409
49.465 -0.032841
49.4775 -0.0330406
49.49 -0.0332394
49.5025 -0.033437
49.515 -0.0336327
49.5275 -0.033826
49.54 -0.0340163
49.5525 -0.0342029
49.565 -0.0343854
49.5775 -0.0345635
49.59 -0.0347366
49.6025 -0.0349044
49.615 -0.0350663
49.6275 -0.0352218
49.64 -0.0353705
49.6525 -0.0355119
49.665 -0.0356459
49.6775 -0.0357721
49.69 -0.0358902
49.7025 -0.0359999
49.715 -0.0361008
49.7275 -0.0361926
49.74 -0.0362751
49.7525 -0.0363481
49.765 -0.0364114
49.7775 -0.036465
49.79 -0.0365086
49.8025 -0.0365421
49.815 -0.0365654
49.8275 -0.0365785
49.84 -0.0365814
49.8525 -0.0365743
49.865 -0.0365571
49.8775 -0.03653
49.89 -0.0364933
49.9025 -0.0364475
49.915 -0.0363931
49.9275 -0.0363308
49.94 -0.0362614
49.9525 -0.036185
49.965 -0.0361016
49.9775 -0.0360118
49.99 -0.035916
50.0025 -0.0358146
50.015 -0.0357081
50.0275 -0.0355964
50.04 -0.0354797
50.0525 -0.0353583
50.065 -0.035233
50.0775 -0.0351044
50.09 -0.0349731
50.1025 -0.0348393
50.115 -0.0347033
50.1275 -0.0345654
50.14 -0.0344261
50.1525 -0.034286
50.165 -0.0341457
50.1775 -0.0340058
50.19 -0.0338666
50.2025 -0.0337287
50.215 -0.0335924
50.2275 -0.0334582
50.24 -0.0333266
50.2525 -0.0331982
50.265 -0.0330735
50.2775 -0.032953
50.29 -0.0328371
50.3025 -0.0327262
50.315 -0.0326206
50.3275 -0.0325205
50.34 -0.0324264
50.3525 -0.0323387
50.365 -0.0322577
50.3775 -0.0321836
50.39 -0.0321166
50.4025 -0.0320569
50.415 -0.0320045
50.4275 -0.0319595
50.44 -0.031922
50.4525 -0.031892
50.465 -0.0318694
50.4775 -0.0318542
50.49 -0.0318463
50.5025 -0.0318454
50.515 -0.0318513
50.5275 -0.0318639
50.54 -0.0318828
50.5525 -0.0319078
50.565 -0.0319385
50.5775 -0.0319748
50.59 -0.032016
50.6025 -0.0320618
50.615 -0.0321117
50.6275 -0.0321653
50.64 -0.0322225
50.6525 -0.0322825
50.665 -0.0323452
50.6775 -0.0324105
50.69 -0.0324781
50.7025 -0.032548
50.715 -0.0326199
50.7275 -0.0326936
50.74 -0.0327687
50.7525 -0.0328449
50.765 -0.0329218
50.7775 -0.0329991
50.79 -0.0330766
50.8025 -0.033154
50.815 -0.0332309
50.8275 -0.0333068
50.84 -0.0333812
50.8525 -0.0334537
50.865 -0.033524
50.8775 -0.0335916
50.89 -0.0336562
50.9025 -0.0337171
50.915 -0.0337741
50.9275 -0.0338264
50.94 -0.0338739
50.9525 -0.0339161
50.965 -0.0339526
50.9775 -0.0339831
50.99 -0.0340071
51.0025 -0.0340244
51.015 -0.0340348
51.0275 -0.0340382
51.04 -0.0340342
51.0525 -0.0340229
51.065 -0.0340043
51.0775 -0.0339782
51.09 -0.0339447
51.1025 -0.033904
51.115 -0.0338562
51.1275 -0.0338019
51.14 -0.0337406
51.1525 -0.0336727
51.165 -0.0335984
51.1775 -0.0335179
51.19 -0.0334315
51.2025 -0.0333393
51.215 -0.0332414
51.2275 -0.0331378
51.24 -0.0330287
51.2525 -0.0329146
51.265 -0.0327959
51.2775 -0.0326729
51.29 -0.0325459
51.3025 -0.0324149
51.315 -0.03228
51.3275 -0.0321414
51.34 -0.0319995
51.3525 -0.0318545
51.365 -0.0317067
51.3775 -0.0315565
51.39 -0.0314041
51.4025 -0.0312496
51.415 -0.0310934
51.4275 -0.0309357
51.44 -0.0307767
51.4525 -0.0306171
51.465 -0.0304571
51.4775 -0.0302972
51.49 -0.0301377
51.5025 -0.0299789
51.515 -0.0298212
51.5275 -0.0296648
51.54 -0.0295104
51.5525 -0.0293584
51.565 -0.0292092
51.5775 -0.0290632
51.59 -0.0289207
51.6025 -0.0287821
51.615 -0.0286477
51.6275 -0.0285178
51.64 -0.0283928
51.6525 -0.028273
51.665 -0.0281588
51.6775 -0.0280503
51.69 -0.0279477
51.7025 -0.0278512
51.715 -0.0277608
51.7275 -0.0276767
51.74 -0.027599
51.7525 -0.0275277
51.765 -0.027463
51.7775 -0.0274047
51.79 -0.0273528
51.8025 -0.0273072
51.815 -0.0272677
51.8275 -0.0272343
51.84 -0.0272068
51.8525 -0.027185
51.865 -0.0271689
51.8775 -0.0271582
51.89 -0.0271524
51.9025 -0.0271513
51.915 -0.0271549
51.9275 -0.0271626
51.94 -0.0271741
51.9525 -0.027189
51.965 -0.027207
51.9775 -0.0272279
51.99 -0.0272512
52.0025 -0.0272767
52.015 -0.0273038
52.0275 -0.0273323
52.04 -0.027362
52.0525 -0.0273926
52.065 -0.0274238
52.0775 -0.0274552
52.09 -0.0274865
52.1025 -0.0275176
52.115 -0.0275482
52.1275 -0.0275779
52.14 -0.0276064
52.1525 -0.0276335
52.165 -0.0276589
52.1775 -0.0276825
52.19 -0.0277041
52.2025 -0.0277236
52.215 -0.0277405
52.2275 -0.0277545
52.24 -0.0277655
52.2525 -0.0277731
52.265 -0.0277771
52.2775 -0.0277773
52.29 -0.0277735
52.3025 -0.0277652
52.315 -0.0277523
52.3275 -0.0277346
52.34 -0.027712
52.3525 -0.0276842
52.365 -0.0276511
52.3775 -0.0276125
52.39 -0.0275683
52.4025 -0.0275184
52.415 -0.0274628
52.4275 -0.0274013
52.44 -0.0273342
52.4525 -0.0272613
52.465 -0.0271828
52.4775 -0.0270986
52.49 -0.0270088
52.5025 -0.0269134
52.515 -0.0268127
52.5275 -0.0267071
52.54 -0.0265969
52.5525 -0.0264824
52.565 -0.0263641
52.5775 -0.0262419
52.59 -0.026116
52.6025 -0.0259869
52.615 -0.0258548
52.6275 -0.0257203
52.64 -0.0255838
52.6525 -0.0254456
52.665 -0.0253061
52.6775 -0.0251656
52.69 -0.0250242
52.7025 -0.0248822
52.715 -0.0247401
52.7275 -0.0245983
52.74 -0.0244572
52.7525 -0.0243171
52.765 -0.0241781
52.7775 -0.0240405
52.79 -0.0239045
52.8025 -0.0237704
52.815 -0.0236384
52.8275 -0.0235089
52.84 -0.0233822
52.8525 -0.0232584
52.865 -0.0231378
52.8775 -0.0230204
52.89 -0.0229064
52.9025 -0.0227961
52.915 -0.0226898
52.9275 -0.0225875
52.94 -0.0224895
52.9525 -0.022396
52.965 -0.0223071
52.9775 -0.022223
52.99 -0.0221437
53.0025 -0.0220694
53.015 -0.0220003
53.0275 -0.0219366
53.04 -0.0218784
53.0525 -0.0218258
53.065 -0.0217788
53.0775 -0.0217376
53.09 -0.021702
53.1025 -0.0216723
53.115 -0.0216483
53.1275 -0.0216303
53.14 -0.021618
53.1525 -0.0216115
53.165 -0.0216106
53.1775 -0.0216149
53.19 -0.0216246
53.2025 -0.0216392
53.215 -0.0216584
53.2275 -0.0216819
53.24 -0.0217094
53.2525 -0.0217407
53.265 -0.0217754
53.2775 -0.021813
53.29 -0.021853
53.3025 -0.021895
53.315 -0.0219388
53.3275 -0.021984
53.34 -0.0220301
53.3525 -0.0220771
53.365 -0.0221241
53.3775 -0.0221712
53.39 -0.0222179
53.4025 -0.022264
53.415 -0.0223093
53.4275 -0.0223535
53.44 -0.0223964
53.4525 -0.0224378
53.465 -0.0224776
53.4775 -0.0225152
53.49 -0.0225507
53.5025 -0.0225836
53.515 -0.0226139
53.5275 -0.0226413
53.54 -0.0226658
53.5525 -0.022687
53.565 -0.0227048
53.5775 -0.022719
53.59 -0.0227294
53.6025 -0.0227359
53.615 -0.0227384
53.6275 -0.0227368
53.64 -0.022731
53.6525 -0.022721
53.665 -0.0227067
53.6775 -0.0226881
53.69 -0.0226655
53.7025 -0.0226388
53.715 -0.0226078
53.7275 -0.0225728
53.74 -0.0225339
53.7525 -0.0224915
53.765 -0.0224454
53.7775 -0.0223967
53.79 -0.0223445
53.8025 -0.0222892
53.815 -0.0222311
53.8275 -0.0221701
53.84 -0.0221064
53.8525 -0.0220406
53.865 -0.0219729
53.8775 -0.0219036
53.89 -0.0218331
53.9025 -0.0217615
53.915 -0.0216888
53.9275 -0.0216154
53.94 -0.0215416
53.9525 -0.0214675
53.965 -0.0213936
53.9775 -0.0213201
53.99 -0.0212472
54.0025 -0.0211749
54.015 -0.0211034
54.0275 -0.021033
54.04 -0.0209638
54.0525 -0.0208961
54.065 -0.0208301
54.0775 -0.020766
54.09 -0.0207038
54.1025 -0.0206436
54.115 -0.0205855
54.1275 -0.0205298
54.14 -0.0204766
54.1525 -0.0204261
54.165 -0.0203784
54.1775 -0.0203338
54.19 -0.0202924
54.2025 -0.0202542
54.215 -0.0202194
54.2275 -0.0201882
54.24 -0.0201607
54.2525 -0.0201373
54.265 -0.020118
54.2775 -0.0201028
54.29 -0.020092
54.3025 -0.0200856
54.315 -0.0200838
54.3275 -0.0200866
54.34 -0.0200941
54.3525 -0.0201063
54.365 -0.0201229
54.3775 -0.020144
54.39 -0.0201695
54.4025 -0.0201991
54.415 -0.0202329
54.4275 -0.0202704
54.44 -0.0203114
54.4525 -0.0203559
54.465 -0.0204036
54.4775 -0.0204541
54.49 -0.0205072
54.5025 -0.0205626
54.515 -0.0206201
54.5275 -0.0206797
54.54 -0.0207411
54.5525 -0.020804
54.565 -0.0208681
54.5775 -0.020933
54.59 -0.0209983
54.6025 -0.0210639
54.615 -0.0211294
54.6275 -0.0211948
54.64 -0.0212596
54.6525 -0.0213235
54.665 -0.0213863
54.6775 -0.0214478
54.69 -0.0215077
54.7025 -0.021566
54.715 -0.0216226
54.7275 -0.0216772
54.74 -0.0217297
54.7525 -0.0217801
54.765 -0.0218281
54.7775 -0.0218737
54.79 -0.0219169
54.8025 -0.0219576
54.815 -0.0219959
54.8275 -0.0220317
54.84 -0.022065
54.8525 -0.0220957
54.865 -0.0221239
54.8775 -0.0221496
54.89 -0.0221729
54.9025 -0.0221937
54.915 -0.0222122
54.9275 -0.0222282
54.94 -0.0222418
54.9525 -0.0222531
54.965 -0.022262
54.9775 -0.0222687
54.99 -0.022273
55.0025 -0.0222751
55.015 -0.022275
55.0275 -0.0222727
55.04 -0.0222682
55.0525 -0.0222617
55.065 -0.0222531
55.0775 -0.0222427
55.09 -0.0222304
55.1025 -0.0222166
55.115 -0.0222014
55.1275 -0.0221847
55.14 -0.0221666
55.1525 -0.0221472
55.165 -0.0221268
55.1775 -0.0221054
55.19 -0.0220832
55.2025 -0.0220603
55.215 -0.0220368
55.2275 -0.022013
