0.0025 1.37812e-05
0.0125 1.37808e-05
0.0225 1.37798e-05
0.035 1.37798e-05
0.045 1.37829e-05
0.055 1.37914e-05
0.065 1.38074e-05
0.075 1.38333e-05
0.085 1.38709e-05
0.095 1.39214e-05
0.105 1.3985e-05
0.115 1.40605e-05
0.125 1.4145e-05
0.135 1.42342e-05
0.145 1.43216e-05
0.155 1.4399e-05
0.165 1.44562e-05
0.175 1.44813e-05
0.185 1.44605e-05
0.195 1.43789e-05
0.205 1.42197e-05
0.215 1.39644e-05
0.225 1.35922e-05
0.235 1.30809e-05
0.245 1.24071e-05
0.255 1.15468e-05
0.265 1.04759e-05
0.275 9.17033e-06
0.285 7.60715e-06
0.295 5.76448e-06
0.305 3.62225e-06
0.315 1.16252e-06
0.325 -1.63022e-06
0.335 -4.76839e-06
0.345 -8.26078e-06
0.355 -1.21123e-05
0.365 -1.63236e-05
0.375 -2.08898e-05
0.385 -2.57975e-05
0.395 -3.103e-05
0.405 -3.65643e-05
0.415 -4.23703e-05
0.425 -4.84163e-05
0.435 -5.46681e-05
0.445 -6.10899e-05
0.455 -6.76453e-05
0.465 -7.42978e-05
0.475 -8.10118e-05
0.485 -8.77519e-05
0.495 -9.44842e-05
0.5075 -0.00010284
0.52 -0.00011107
0.5325 -0.000119115
0.545 -0.00012691
0.5575 -0.000134393
0.57 -0.000141501
0.5825 -0.000148169
0.595 -0.000154332
0.6075 -0.000159923
0.62 -0.000164877
0.6325 -0.000169141
0.645 -0.000172679
0.6575 -0.000175468
0.67 -0.000177495
0.6825 -0.000178768
0.695 -0.000179314
0.7075 -0.00017917
0.72 -0.000178376
0.7325 -0.000176959
0.745 -0.000174946
0.7575 -0.000172361
0.77 -0.000169242
0.7825 -0.000165645
0.795 -0.000161632
0.8075 -0.000157278
0.82 -0.00015266
0.8325 -0.000147873
0.845 -0.000143025
0.8575 -0.000138237
0.87 -0.000133619
0.8825 -0.000129277
0.895 -0.000125323
0.9075 -0.000121887
0.92 -0.000119109
0.9325 -0.000117124
0.945 -0.000116051
0.9575 -0.000116001
0.97 -0.000117079
0.9825 -0.000119374
0.995 -0.000122955
1.005 -0.000126789
1.0175 -0.000132849
1.03 -0.00014039
1.0425 -0.000149502
1.055 -0.000160307
1.0675 -0.000172968
1.08 -0.000187693
1.0925 -0.000204743
1.105 -0.000224439
1.1175 -0.000247173
1.13 -0.000273409
1.1425 -0.00030364
1.155 -0.000338352
1.1675 -0.000377998
1.18 -0.000422965
1.1925 -0.000473513
1.205 -0.000529695
1.2175 -0.000591338
1.23 -0.000658045
1.2425 -0.000729201
1.255 -0.000803962
1.2675 -0.000881276
1.28 -0.000959909
1.2925 -0.00103849
1.305 -0.00111558
1.3175 -0.00118971
1.33 -0.00125941
1.3425 -0.00132332
1.355 -0.00138013
1.3675 -0.00142869
1.38 -0.00146801
1.3925 -0.00149735
1.405 -0.00151624
1.4175 -0.00152461
1.43 -0.00152275
1.4425 -0.00151147
1.455 -0.00149201
1.4675 -0.00146611
1.48 -0.00143593
1.4925 -0.00140408
1.505 -0.0013735
1.5175 -0.00134744
1.53 -0.00132933
1.5425 -0.00132274
1.555 -0.00133124
1.5675 -0.00135831
1.58 -0.00140716
1.5925 -0.00148054
1.605 -0.00158061
1.6175 -0.00170884
1.63 -0.00186579
1.6425 -0.00205104
1.655 -0.00226301
1.6675 -0.00249891
1.68 -0.00275473
1.6925 -0.00302536
1.705 -0.00330466
1.7175 -0.00358566
1.73 -0.00386078
1.7425 -0.00412206
1.755 -0.00436138
1.7675 -0.0045707
1.78 -0.00474229
1.7925 -0.00486907
1.805 -0.00494487
1.8175 -0.00496459
1.83 -0.00492426
1.8425 -0.00482129
1.855 -0.00465458
1.8675 -0.00442482
1.88 -0.00413444
1.8925 -0.00378769
1.905 -0.00339052
1.9175 -0.0029504
1.93 -0.00247618
1.9425 -0.00197777
1.955 -0.00146583
1.9675 -0.000951373
1.98 -0.000445433
1.9925 4.14552e-05
2.0025 0.00041045
2.0125 0.000756226
2.0225 0.00107489
2.0325 0.00136319
2.0425 0.0016189
2.0525 0.00184055
2.0625 0.00202762
2.0725 0.0021808
2.0825 0.0023018
2.0925 0.00239325
2.1025 0.00245875
2.1125 0.00250283
2.1225 0.00253086
2.1325 0.00254859
2.1425 0.00256026
2.1525 0.00257948
2.1625 0.00261089
2.1725 0.00266302
2.1825 0.00274306
2.1925 0.00285766
2.2025 0.00301933
2.2125 0.00322294
2.2225 0.00345638
2.2325 0.00373293
2.2425 0.00404897
2.2525 0.0043989
2.2625 0.00478434
2.2725 0.00520424
2.2825 0.00565234
2.2925 0.00612488
2.3025 0.00661927
2.3125 0.007126
2.3225 0.00763688
2.3325 0.00816182
2.3425 0.00869404
2.3525 0.00922956
2.3625 0.00974986
2.3725 0.0102565
2.3825 0.0107476
2.3925 0.0112159
2.4025 0.011656
2.4125 0.0120619
2.4225 0.0124296
2.4325 0.0127562
2.4425 0.013038
2.4525 0.0132711
2.4625 0.0134518
2.4725 0.0135773
2.4825 0.0136462
2.4925 0.0136577
2.5025 0.0136122
2.5125 0.0135103
2.5225 0.0133525
2.5325 0.0131416
2.5425 0.0128812
2.5525 0.012576
2.5625 0.0122308
2.5725 0.0118512
2.5825 0.0114433
2.5925 0.0110143
2.6025 0.0105716
2.6125 0.0101225
2.6225 0.00967424
2.6325 0.00923396
2.6425 0.00880848
2.6525 0.00840427
2.6625 0.00802714
2.6725 0.00768208
2.6825 0.00737092
2.6925 0.00709783
2.7025 0.00686637
2.7125 0.00667599
2.7225 0.00652617
2.7325 0.00641485
2.7425 0.00633991
2.7525 0.00629808
2.7625 0.00628542
2.7725 0.00629697
2.7825 0.00632695
2.7925 0.00636947
2.8025 0.00641872
2.8125 0.00646868
2.8225 0.00651343
2.8325 0.00654727
2.8425 0.00656495
2.8525 0.006562
2.8625 0.00653476
2.8725 0.00648041
2.8825 0.00639702
2.8925 0.00628353
2.9025 0.00613991
2.9125 0.00596716
2.9225 0.00576631
2.9325 0.00554052
2.9425 0.00529251
2.9525 0.00502906
2.9625 0.00475609
2.9725 0.00447275
2.9825 0.00418322
2.9925 0.0038934
3.0025 0.00360544
3.0125 0.00332473
3.0225 0.00305396
3.0325 0.00279633
3.0425 0.00255456
3.0525 0.00233112
3.0625 0.00212803
3.0725 0.00194635
3.0825 0.00178642
3.0925 0.00164806
3.1025 0.00153055
3.1125 0.00143252
3.1225 0.00135198
3.1325 0.00128619
3.1425 0.00123194
3.1525 0.0011863
3.1625 0.00114536
3.1725 0.00110434
3.1825 0.00105934
3.1925 0.00100588
3.2025 0.00093979
3.2125 0.000857093
3.2225 0.000753989
3.2325 0.000627095
3.2425 0.00047344
3.2525 0.00029061
3.2625 7.65827e-05
3.2725 -0.000170668
3.2825 -0.000451931
3.2925 -0.000766529
3.3025 -0.00111428
3.3125 -0.0014975
3.3225 -0.0019122
3.3325 -0.0023567
3.3425 -0.00283048
3.3525 -0.00332899
3.3625 -0.00384944
3.3725 -0.00438638
3.3825 -0.00493649
3.3925 -0.00549537
3.4025 -0.00605713
3.4125 -0.00661721
3.4225 -0.0071699
3.4325 -0.00770943
3.4425 -0.0082313
3.4525 -0.00873434
3.4625 -0.00920797
3.4725 -0.00965109
3.4825 -0.0100625
3.4925 -0.0104372
3.5025 -0.0107724
3.5125 -0.0110649
3.5225 -0.0113135
3.5325 -0.0115176
3.5425 -0.0116763
3.5525 -0.0117891
3.5625 -0.0118554
3.5725 -0.0118758
3.5825 -0.0118527
3.5925 -0.011788
3.6025 -0.0116837
3.6125 -0.0115429
3.6225 -0.011369
3.6325 -0.0111662
3.6425 -0.0109385
3.6525 -0.0106898
3.6625 -0.0104258
3.6725 -0.0101508
3.6825 -0.00986707
3.6925 -0.00958114
3.7025 -0.00929659
3.7125 -0.00901835
3.7225 -0.00875035
3.7325 -0.00849573
3.7425 -0.00825762
3.7525 -0.00803804
3.7625 -0.00783853
3.7725 -0.00765992
3.7825 -0.00750229
3.7925 -0.0073649
3.8025 -0.0072463
3.8125 -0.0071444
3.8225 -0.00705644
3.8325 -0.00697912
3.8425 -0.00690866
3.8525 -0.00684094
3.8625 -0.00677156
3.8725 -0.00669593
3.8825 -0.00660944
3.8925 -0.00650759
3.9025 -0.00638605
3.9125 -0.00624083
3.9225 -0.00606842
3.9325 -0.00586581
3.9425 -0.00563067
3.9525 -0.00536044
3.9625 -0.00505559
3.9725 -0.00471875
3.9825 -0.00434844
3.9925 -0.00395041
4.0025 -0.00352319
4.0125 -0.00306566
4.0225 -0.00258605
4.0325 -0.00208426
4.0425 -0.00156322
4.0525 -0.00102723
4.0625 -0.000480758
4.0725 7.12269e-05
4.0825 0.000624065
4.0925 0.00117312
4.1025 0.00171308
4.1125 0.00223811
4.1225 0.00274247
4.1325 0.00322083
4.1425 0.00366828
4.1525 0.00408017
4.1625 0.00445205
4.1725 0.00477986
4.1825 0.00506017
4.1925 0.00529035
4.2025 0.00546852
4.2125 0.00559348
4.2225 0.00566462
4.2325 0.00568212
4.2425 0.00564789
4.2525 0.00556357
4.2625 0.00543196
4.2725 0.0052579
4.2825 0.00504302
4.2925 0.00479348
4.3025 0.00451362
4.3125 0.00420931
4.3225 0.00388671
4.3325 0.00355185
4.3425 0.00321124
4.3525 0.00287113
4.3625 0.00253776
4.3725 0.00221476
4.3825 0.00190811
4.3925 0.00162577
4.4025 0.00136921
4.4125 0.00114176
4.4225 0.000946191
4.4325 0.00078511
4.4425 0.000660601
4.4525 0.000573373
4.4625 0.000523343
4.4725 0.000509848
4.4825 0.000531319
4.4925 0.000586258
4.5025 0.000672114
4.5125 0.000785404
4.5225 0.00092215
4.5325 0.00107817
4.5425 0.00124921
4.5525 0.00143162
4.5625 0.00162156
4.5725 0.00181295
4.5825 0.00200319
4.5925 0.0021887
4.6025 0.00236605
4.6125 0.00253239
4.6225 0.00268538
4.6325 0.00282357
4.6425 0.00294603
4.6525 0.00305227
4.6625 0.00314234
4.6725 0.00321688
4.6825 0.00327724
4.6925 0.00332527
4.7025 0.00336337
4.7125 0.00339421
4.7225 0.00342073
4.7325 0.00344622
4.7425 0.0034735
4.7525 0.00350678
4.7625 0.00354822
4.7725 0.00360048
4.7825 0.00366592
4.7925 0.00374629
4.8025 0.00384334
4.8125 0.0039579
4.8225 0.00409083
4.8325 0.00424224
4.8425 0.00441109
4.8525 0.00459697
4.8625 0.00479834
4.8725 0.00501328
4.8825 0.00523935
4.8925 0.00547361
4.9025 0.00571303
4.9125 0.00595409
4.9225 0.00619299
4.9325 0.00642571
4.9425 0.00664818
4.9525 0.00685639
4.9625 0.00704643
4.9725 0.00721458
4.9825 0.00735735
4.9925 0.00747163
5.0025 0.00755474
5.0125 0.00760452
5.0225 0.00761936
5.0325 0.00759822
5.0425 0.00754097
5.0525 0.00744775
5.0625 0.00731944
5.0725 0.0071577
5.0825 0.00696475
5.0925 0.0067433
5.1025 0.00649647
5.1125 0.00622776
5.1225 0.00594096
5.1325 0.00564008
5.1425 0.00532915
5.1525 0.00501215
5.1625 0.00469292
5.1725 0.0043751
5.1825 0.00406164
5.1925 0.00375242
5.2025 0.00345365
5.2125 0.00316603
5.2225 0.0028891
5.2325 0.00262319
5.2425 0.00236848
5.2525 0.00212476
5.2625 0.00189054
5.2725 0.00166508
5.2825 0.00144549
5.2925 0.00123095
5.3025 0.0010213
5.3125 0.0008142
5.3225 0.000609148
5.3325 0.000404301
5.3425 0.000198167
5.3525 -1.00328e-05
5.3625 -0.000221123
5.3725 -0.000435482
5.3825 -0.000653474
5.3925 -0.000875187
5.4025 -0.00110027
5.4125 -0.001328
5.4225 -0.00155737
5.4325 -0.00178712
5.4425 -0.00201574
5.4525 -0.00224149
5.4625 -0.00246238
5.4725 -0.00267628
5.4825 -0.00288092
5.4925 -0.00307402
5.5025 -0.00325331
5.5125 -0.00341658
5.5225 -0.00356169
5.5325 -0.00368668
5.5425 -0.00378977
5.5525 -0.00386946
5.5625 -0.00392455
5.5725 -0.00395415
5.5825 -0.00395773
5.5925 -0.00393539
5.6025 -0.00388747
5.6125 -0.00381467
5.6225 -0.00371833
5.6325 -0.00360021
5.6425 -0.00346248
5.6525 -0.00330765
5.6625 -0.00313852
5.6725 -0.00295821
5.6825 -0.00277019
5.6925 -0.00257792
5.7025 -0.00238516
5.7125 -0.00219555
5.7225 -0.00201271
5.7325 -0.00184013
5.7425 -0.00168101
5.7525 -0.00153825
5.7625 -0.00141432
5.7725 -0.00131124
5.7825 -0.00123052
5.7925 -0.00117302
5.8025 -0.00113909
5.8125 -0.00112843
5.8225 -0.00114015
5.8325 -0.00117281
5.8425 -0.00122444
5.8525 -0.0012926
5.8625 -0.00137445
5.8725 -0.00146685
5.8825 -0.00156643
5.8925 -0.00166972
5.9025 -0.00177322
5.9125 -0.00187353
5.9225 -0.00196743
5.9325 -0.00205202
5.9425 -0.00212472
5.9525 -0.00218341
5.9625 -0.00222644
5.9725 -0.00225265
5.9825 -0.00226143
5.9925 -0.00225267
6.0025 -0.00222676
6.0125 -0.00218453
6.0225 -0.00212722
6.0325 -0.0020564
6.0425 -0.00197392
6.0525 -0.00188179
6.0625 -0.00178214
6.0725 -0.00167713
6.0825 -0.00156882
6.0925 -0.00145918
6.1025 -0.0013501
6.1125 -0.00124298
6.1225 -0.00113837
6.1325 -0.00103752
6.1425 -0.000940812
6.1525 -0.000848745
6.1625 -0.000761465
6.1725 -0.000678852
6.1825 -0.000600548
6.1925 -0.00052604
6.2025 -0.00045467
6.2125 -0.000385587
6.2225 -0.000318045
6.2325 -0.000251318
6.2425 -0.000184531
6.2525 -0.000116652
6.2625 -4.68311e-05
6.2725 2.56385e-05
6.2825 0.000100792
6.2925 0.000178946
6.3025 0.000260396
6.3125 0.000345064
6.3225 0.000432884
6.3325 0.00052339
6.3425 0.000615973
6.3525 0.000710261
6.3625 0.000805361
6.3725 0.000900425
6.3825 0.000994317
6.3925 0.00108583
6.4025 0.00117367
6.4125 0.00125646
6.4225 0.00133281
6.4325 0.00140128
6.4425 0.00146044
6.4525 0.00150877
6.4625 0.00154524
6.4725 0.00156862
6.4825 0.00157793
6.4925 0.00157238
6.5025 0.00155133
6.5125 0.00151451
6.5225 0.00146171
6.5325 0.0013931
6.5425 0.00130913
6.5525 0.00121056
6.5625 0.00109835
6.5725 0.000973747
6.5825 0.000838298
6.5925 0.000693794
6.6025 0.000541724
6.6125 0.000383269
6.6225 0.000222395
6.6325 6.03695e-05
6.6425 -0.000101527
6.6525 -0.000260929
6.6625 -0.000415988
6.6725 -0.000564308
6.6825 -0.000703983
6.6925 -0.000833325
6.7025 -0.000950726
6.7125 -0.00105466
6.7225 -0.00114365
6.7325 -0.0012165
6.7425 -0.0012723
6.7525 -0.00131045
6.7625 -0.00133057
6.7725 -0.00133248
6.7825 -0.00131638
6.7925 -0.00128261
6.8025 -0.00123184
6.8125 -0.00116514
6.8225 -0.00108374
6.8325 -0.000989089
6.8425 -0.000882793
6.8525 -0.000766623
6.8625 -0.000642489
6.8725 -0.000512368
6.8825 -0.000378243
6.8925 -0.000242048
6.9025 -0.00010517
6.9125 3.11806e-05
6.9225 0.000164394
6.9325 0.000294051
6.9425 0.000419249
6.9525 0.000538884
6.9625 0.000652185
6.9725 0.00075878
6.9825 0.000858589
6.9925 0.000951947
7.0025 0.00103863
7.0125 0.00111881
7.0225 0.00119294
7.0325 0.00126149
7.0425 0.00132533
7.0525 0.00138519
7.0625 0.00144188
7.0725 0.00149621
7.0825 0.00154907
7.0925 0.00160139
7.1025 0.00165405
7.1125 0.00170784
7.1225 0.00176343
7.1325 0.00182137
7.1425 0.00188209
7.1525 0.00194588
7.1625 0.0020128
7.1725 0.00208274
7.1825 0.00215538
7.1925 0.00223018
7.2025 0.00230633
7.2125 0.00238286
7.2225 0.00245858
7.2325 0.0025321
7.2425 0.00260192
7.2525 0.00266639
7.2625 0.0027238
7.2725 0.00277223
7.2825 0.00281042
7.2925 0.00283682
7.3025 0.00284999
7.3125 0.00284878
7.3225 0.00283212
7.3325 0.0027994
7.3425 0.00275014
7.3525 0.00268417
7.3625 0.00260176
7.3725 0.00250353
7.3825 0.00239043
7.3925 0.00226378
7.4025 0.00212519
7.4125 0.00197662
7.4225 0.00182031
7.4325 0.00165873
7.4425 0.00149452
7.4525 0.00132985
7.4625 0.00116662
7.4725 0.00100952
7.4825 0.000860194
7.4925 0.000720397
7.5025 0.00059211
7.5125 0.00047755
7.5225 0.000378577
7.5325 0.000296822
7.5425 0.000233499
7.5525 0.000189412
7.5625 0.000165364
7.5725 0.000161887
7.5825 0.000179046
7.5925 0.000216519
7.6025 0.000273733
7.6125 0.000349714
7.6225 0.000443254
7.6325 0.000552915
7.6425 0.000676969
7.6525 0.000813475
7.6625 0.000960584
7.6725 0.00111706
7.6825 0.00127987
7.6925 0.0014473
7.7025 0.00161805
7.7125 0.00178998
7.7225 0.00196134
7.7325 0.00213046
7.7425 0.00229608
7.7525 0.00245711
7.7625 0.00261255
7.7725 0.00276149
7.7825 0.00290325
7.7925 0.00303743
7.8025 0.00316385
7.8125 0.00328236
7.8225 0.00339307
7.8325 0.00349611
7.8425 0.0035916
7.8525 0.00367982
7.8625 0.003761
7.8725 0.00383532
7.8825 0.0039029
7.8925 0.00396373
7.9025 0.00401774
7.9125 0.00406477
7.9225 0.00410452
7.9325 0.00413653
7.9425 0.00416026
7.9525 0.00417502
7.9625 0.00418007
7.9725 0.00417456
7.9825 0.00415758
7.9925 0.00412818
8.0025 0.00408546
8.015 0.00401185
8.0275 0.00391427
8.04 0.00379133
8.0525 0.00364195
8.065 0.00346535
8.0775 0.00326152
8.09 0.00303069
8.1025 0.00277406
8.115 0.00249286
8.1275 0.0021894
8.14 0.00186595
8.1525 0.00152263
8.165 0.00116687
8.1775 0.000798933
8.19 0.000422069
8.2025 4.00951e-05
8.215 -0.00034235
8.2275 -0.00072137
8.24 -0.00109315
8.2525 -0.00145342
8.265 -0.00179766
8.2775 -0.00212174
8.29 -0.0024221
8.3025 -0.00269542
8.315 -0.00293859
8.3275 -0.00314896
8.34 -0.00332453
8.3525 -0.00346392
8.365 -0.00356622
8.3775 -0.00363102
8.39 -0.00365857
8.4025 -0.00364995
8.415 -0.00360668
8.4275 -0.00353072
8.44 -0.00342473
8.4525 -0.00329183
8.465 -0.00313546
8.4775 -0.00295929
8.49 -0.00276721
8.5025 -0.00256325
8.515 -0.00235139
8.5275 -0.00213551
8.54 -0.00191933
8.5525 -0.00170636
8.565 -0.0014998
8.5775 -0.0013025
8.59 -0.00111692
8.6025 -0.000945125
8.615 -0.000788202
8.6275 -0.000647073
8.64 -0.000522961
8.6525 -0.000415081
8.665 -0.000323769
8.6775 -0.000248892
8.69 -0.000189931
8.7025 -0.000146095
8.715 -0.000116861
8.7275 -0.000101869
8.74 -0.000100659
8.7525 -0.000112654
8.765 -0.000137509
8.7775 -0.000174986
8.79 -0.000224972
8.8025 -0.000287423
8.815 -0.000362368
8.8275 -0.000449913
8.84 -0.000550624
8.8525 -0.000664453
8.865 -0.000791175
8.8775 -0.000931001
8.89 -0.0010837
8.9025 -0.00124846
8.915 -0.00142407
8.9275 -0.00160896
8.94 -0.00180114
8.9525 -0.00199797
8.965 -0.00219623
8.9775 -0.00239227
8.99 -0.00258208
9.0025 -0.00276127
9.015 -0.00292518
9.0275 -0.00306907
9.04 -0.00318828
9.0525 -0.00327838
9.065 -0.0033353
9.0775 -0.0033555
9.09 -0.00333606
9.1025 -0.00327509
9.115 -0.0031713
9.1275 -0.00302542
9.14 -0.00283848
9.1525 -0.00261288
9.165 -0.00235181
9.1775 -0.0020595
9.19 -0.00174103
9.2025 -0.00140223
9.215 -0.00104764
9.2275 -0.000682419
9.24 -0.000315181
9.2525 5.16055e-05
9.265 0.000411713
9.2775 0.000759732
9.29 0.00109101
9.3025 0.00140236
9.315 0.00169035
9.3275 0.00195195
9.34 0.00218483
9.3525 0.00238794
9.365 0.00256086
9.3775 0.00270361
9.39 0.00281671
9.4025 0.00290148
9.415 0.0029599
9.4275 0.00299426
9.44 0.00300719
9.4525 0.00300129
9.465 0.00297947
9.4775 0.00294464
9.49 0.00289943
9.5025 0.00284616
9.515 0.00278686
9.5275 0.00272318
9.54 0.00265624
9.5525 0.00258636
9.565 0.00251449
9.5775 0.00244026
9.59 0.00236335
9.6025 0.00228281
9.615 0.00219755
9.6275 0.00210634
9.64 0.00200793
9.6525 0.00190119
9.665 0.0017852
9.6775 0.00165942
9.69 0.0015238
9.7025 0.0013788
9.715 0.00122551
9.7275 0.00106563
9.74 0.000901288
9.7525 0.000734072
9.765 0.000568851
9.7775 0.000408177
9.79 0.000255399
9.8025 0.000114407
9.815 -1.03858e-05
9.8275 -0.000115008
9.84 -0.000195986
9.8525 -0.000249893
9.865 -0.000274213
9.8775 -0.000266612
9.89 -0.000226191
9.9025 -0.00015267
9.915 -4.66631e-05
9.9275 9.01661e-05
9.94 0.000255094
9.9525 0.000444563
9.965 0.000654929
9.9775 0.000882658
9.99 0.00112121
10.0025 0.00136732
10.015 0.00161558
10.0275 0.00186094
10.04 0.0020987
10.0525 0.00232492
10.065 0.00253581
10.0775 0.00272781
10.09 0.00289806
10.1025 0.0030445
10.115 0.00316575
10.1275 0.00326086
10.14 0.00332942
10.1525 0.00337167
10.165 0.00338836
10.1775 0.00338078
10.19 0.00335034
10.2025 0.00329881
10.215 0.00322826
10.2275 0.00314086
10.24 0.00303871
10.2525 0.00292386
10.265 0.00279852
10.2775 0.00266386
10.29 0.00252139
10.3025 0.0023721
10.315 0.00221699
10.3275 0.00205667
10.34 0.00189159
10.3525 0.00172189
10.365 0.0015472
10.3775 0.00136855
10.39 0.0011861
10.4025 0.00099917
10.415 0.000807731
10.4275 0.000612258
10.44 0.000413455
10.4525 0.000211444
10.465 7.01426e-06
10.4775 -0.000198708
10.49 -0.000404184
10.5025 -0.000607829
10.515 -0.000807876
10.5275 -0.00100228
10.54 -0.00118876
10.5525 -0.00136495
10.565 -0.00152847
10.5775 -0.00167699
10.59 -0.00180816
10.6025 -0.00191975
10.615 -0.00200978
10.6275 -0.00207654
10.64 -0.00211863
10.6525 -0.00213502
10.665 -0.00212514
10.6775 -0.00208905
10.69 -0.00202708
10.7025 -0.00194033
10.715 -0.00183041
10.7275 -0.0016995
10.74 -0.00155019
10.7525 -0.0013856
10.765 -0.00120919
10.7775 -0.00102473
10.79 -0.000836116
10.8025 -0.000647369
10.815 -0.000462487
10.8275 -0.000285329
10.84 -0.000118438
10.8525 3.45113e-05
10.865 0.000170873
10.8775 0.000289333
10.89 0.000387893
10.9025 0.000465201
10.915 0.000520783
10.9275 0.000554764
10.94 0.000567443
10.9525 0.000559602
10.965 0.000532452
10.9775 0.000487883
10.99 0.000428137
11.0025 0.00035563
11.015 0.000273035
11.0275 0.000182483
11.04 8.74923e-05
11.0525 -9.17259e-06
11.065 -0.000105393
11.0775 -0.000198966
11.09 -0.000287637
11.1025 -0.000369544
11.115 -0.000443422
11.1275 -0.000508396
11.14 -0.000563798
11.1525 -0.000609299
11.165 -0.000645025
11.1775 -0.000671476
11.19 -0.000689348
11.2025 -0.00069948
11.215 -0.000702891
11.2275 -0.000700689
11.24 -0.000694001
11.2525 -0.000683133
11.265 -0.000668884
11.2775 -0.000651679
11.29 -0.00063191
11.3025 -0.00060969
11.315 -0.000584925
11.3275 -0.000557339
11.34 -0.000526481
11.3525 -0.000491746
11.365 -0.00045249
11.3775 -0.000407931
11.39 -0.000357317
11.4025 -0.000299851
11.415 -0.000235112
11.4275 -0.000162532
11.44 -8.18191e-05
11.4525 7.11293e-06
11.465 0.000104253
11.4775 0.000209435
11.49 0.000322114
11.5025 0.000441458
11.515 0.000566413
11.5275 0.000695401
11.54 0.000826831
11.5525 0.000958984
11.565 0.00108984
11.5775 0.00121713
11.59 0.00133861
11.6025 0.00145224
11.615 0.00155589
11.6275 0.00164755
11.64 0.00172536
11.6525 0.00178772
11.665 0.00183333
11.6775 0.00186118
11.69 0.00187059
11.7025 0.00186132
11.715 0.00183361
11.7275 0.00178798
11.74 0.00172543
11.7525 0.00164738
11.765 0.00155555
11.7775 0.00145195
11.79 0.00133883
11.8025 0.00121856
11.815 0.0010936
11.8275 0.00096634
11.84 0.000838161
11.8525 0.000711726
11.865 0.000588869
11.8775 0.000470413
11.89 0.000357302
11.9025 0.000250607
11.915 0.000151087
11.9275 5.9074e-05
11.94 -2.5292e-05
11.9525 -0.00010187
11.965 -0.000170132
11.9775 -0.000230087
11.99 -0.000281706
12.0025 -0.000325033
12.015 -0.000359959
12.0275 -0.000386536
12.04 -0.000404735
12.0525 -0.000414554
12.065 -0.000415896
12.0775 -0.000408671
12.09 -0.000392794
12.1025 -0.000368179
12.115 -0.000334791
12.1275 -0.000292551
12.14 -0.000241451
12.1525 -0.000181517
12.165 -0.000112871
12.1775 -3.57223e-05
12.19 4.96061e-05
12.2025 0.000142648
12.215 0.000242763
12.2275 0.000349119
12.24 0.000460873
12.2525 0.000577431
12.265 0.000697135
12.2775 0.000819176
12.29 0.000942092
12.3025 0.00106423
12.315 0.00118401
12.3275 0.00129992
12.34 0.00141032
12.3525 0.0015134
12.365 0.00160745
12.3775 0.00169096
12.39 0.00176256
12.4025 0.00182099
12.415 0.0018652
12.4275 0.00189442
12.44 0.00190818
12.4525 0.00190632
12.465 0.00188903
12.4775 0.00185666
12.49 0.00180999
12.5025 0.00175006
12.515 0.00167813
12.5275 0.00159559
12.54 0.00150396
12.5525 0.00140486
12.565 0.00129994
12.5775 0.00119076
12.59 0.00107858
12.6025 0.000963914
12.615 0.000849036
12.6275 0.000734392
12.64 0.000620518
12.6525 0.000508018
12.665 0.000397756
12.6775 0.000290369
12.69 0.000186323
12.7025 8.61787e-05
12.715 -9.32947e-06
12.7275 -9.94352e-05
12.74 -0.000183417
12.7525 -0.000260533
12.765 -0.000330066
12.7775 -0.000391097
12.79 -0.0004428
12.8025 -0.000484401
12.815 -0.000515172
12.8275 -0.000534444
12.84 -0.000541657
12.8525 -0.000536429
12.865 -0.000518626
12.8775 -0.000488187
12.89 -0.000445271
12.9025 -0.000390302
12.915 -0.000323897
12.9275 -0.000246849
12.94 -0.000160089
12.9525 -6.4928e-05
12.965 3.75233e-05
12.9775 0.000145791
12.99 0.000258491
13.0025 0.000374091
13.015 0.000491491
13.0275 0.000609575
13.04 0.000726623
13.0525 0.000842154
13.065 0.000954823
13.0775 0.00106362
13.09 0.00116775
13.1025 0.00126657
13.115 0.00135927
13.1275 0.00144503
13.14 0.00152317
13.1525 0.00159314
13.165 0.00165438
13.1775 0.00170632
13.19 0.00174844
13.2025 0.00178033
13.215 0.00180163
13.2275 0.00181202
13.24 0.00181119
13.2525 0.00179904
13.265 0.00177549
13.2775 0.00174051
13.29 0.0016948
13.3025 0.00163872
13.315 0.00157314
13.3275 0.00149889
13.34 0.00141709
13.3525 0.00132898
13.365 0.00123595
13.3775 0.00113947
13.39 0.00104088
13.4025 0.000941281
13.415 0.000843053
13.4275 0.000747154
13.44 0.000654708
13.4525 0.000566984
13.465 0.000485423
13.4775 0.000411196
13.49 0.000345218
13.5025 0.000288352
13.515 0.000241404
13.5275 0.000204951
13.54 0.000179253
13.5525 0.000164318
13.565 0.000159948
13.5775 0.000165654
13.59 0.000180731
13.6025 0.000204047
13.615 0.000234517
13.6275 0.000270754
13.64 0.000311413
13.6525 0.000354719
13.665 0.000399094
13.6775 0.000442942
13.69 0.000484902
13.7025 0.000523606
13.715 0.000558007
13.7275 0.000587146
13.74 0.000610547
13.7525 0.000627883
13.765 0.000638962
13.7775 0.000643813
13.79 0.000642715
13.8025 0.000636195
13.815 0.00062497
13.8275 0.00060971
13.84 0.00059136
13.8525 0.000570827
13.865 0.000549066
13.8775 0.00052685
13.89 0.000504979
13.9025 0.000484189
13.915 0.000465081
13.9275 0.000448055
13.94 0.000433345
13.9525 0.000421038
13.965 0.000411051
13.9775 0.000403117
13.99 0.000396711
14.0025 0.000391398
14.015 0.000386466
14.0275 0.000381196
14.04 0.000374724
14.0525 0.000366189
14.065 0.000354741
14.0775 0.00033961
14.09 0.000319977
14.1025 0.000295321
14.115 0.000265122
14.1275 0.000229279
14.14 0.000187736
14.1525 0.000140721
14.165 8.87265e-05
14.1775 3.24557e-05
14.19 -2.71843e-05
14.2025 -8.90951e-05
14.215 -0.000152008
14.2275 -0.000214529
14.24 -0.000275208
14.2525 -0.000332576
14.265 -0.000385181
14.2775 -0.000431638
14.29 -0.000470679
14.3025 -0.000501203
14.315 -0.000522294
14.3275 -0.000533244
14.34 -0.000533583
14.3525 -0.000523163
14.365 -0.00050206
14.3775 -0.000470623
14.39 -0.00042952
14.4025 -0.000379677
14.415 -0.000322244
14.4275 -0.000258584
14.44 -0.000190245
14.4525 -0.000118907
14.465 -4.63109e-05
14.4775 2.57876e-05
14.49 9.56897e-05
14.5025 0.000162141
14.515 0.000223712
14.5275 0.000279202
14.54 0.000328139
14.5525 0.000369888
14.565 0.000404041
14.5775 0.000430744
14.59 0.000450403
14.6025 0.000463542
14.615 0.000471103
14.6275 0.000474
14.64 0.000473423
14.6525 0.000470558
14.665 0.000466594
14.6775 0.000462761
14.69 0.000460204
14.7025 0.000459985
14.715 0.000462707
14.7275 0.000469074
14.74 0.000479485
14.7525 0.000494148
14.765 0.000513
14.7775 0.000535728
14.79 0.000561813
14.8025 0.00059055
14.815 0.000621286
14.8275 0.000652648
14.84 0.000683789
14.8525 0.000713499
14.865 0.000740566
14.8775 0.000763803
14.89 0.000782119
14.9025 0.000794733
14.915 0.000800746
14.9275 0.000799558
14.94 0.00079079
14.9525 0.000774345
14.965 0.00075031
14.9775 0.000719069
14.99 0.000681321
15.0025 0.000638024
15.015 0.000590358
15.0275 0.000539678
15.04 0.000487408
15.0525 0.00043466
15.065 0.000383512
15.0775 0.000335212
15.09 0.0002902
15.1025 0.000249685
15.115 0.000214377
15.1275 0.000184859
15.14 0.000161255
15.1525 0.000143606
15.165 0.00013177
15.1775 0.000125458
15.19 0.000124016
15.2025 0.000126653
15.215 0.00013243
15.2275 0.00014033
15.24 0.000149223
15.2525 0.000158017
15.265 0.0001659
15.2775 0.000172055
15.29 0.000175745
15.3025 0.000176435
15.315 0.00017382
15.3275 0.000167849
15.34 0.000158734
15.3525 0.00014692
15.365 0.000133081
15.3775 0.000118072
15.39 0.000102975
15.4025 8.89485e-05
15.415 7.70549e-05
15.4275 6.876e-05
15.44 6.51392e-05
15.4525 6.72509e-05
15.465 7.61767e-05
15.4775 9.25112e-05
15.49 0.00011677
15.5025 0.000149086
15.515 0.000189381
15.5275 0.000237228
15.54 0.000291894
15.5525 0.000352348
15.565 0.0004176
15.5775 0.000486211
15.59 0.000556736
15.6025 0.000628012
15.615 0.000698439
15.6275 0.000766483
15.64 0.000830809
15.6525 0.000890212
15.665 0.000943521
15.6775 0.0009897
15.69 0.00102799
15.7025 0.00105793
15.715 0.00107925
15.7275 0.00109191
15.74 0.00109614
15.7525 0.0010925
15.765 0.00108167
15.7775 0.00106448
15.79 0.00104203
15.8025 0.00101557
15.815 0.000986422
15.8275 0.000955963
15.84 0.000925541
15.8525 0.000896431
15.865 0.000869776
15.8775 0.000846534
15.89 0.000827427
15.9025 0.000812875
15.915 0.000803018
15.9275 0.00079769
15.94 0.000796438
15.9525 0.000798537
15.965 0.00080303
15.9775 0.000808774
15.99 0.000814494
16.0025 0.000818784
16.0125 0.000820317
16.0225 0.000819531
16.0325 0.000815775
16.0425 0.000808572
16.0525 0.000797477
16.0625 0.000782122
16.0725 0.000762285
16.0825 0.000737861
16.0925 0.000708845
16.1025 0.000675358
16.1125 0.000637665
16.1225 0.000595989
16.1325 0.000550591
16.1425 0.00050238
16.1525 0.000451864
16.1625 0.000399583
16.1725 0.000345981
16.1825 0.000291873
16.1925 0.000237979
16.2025 0.000185069
16.2125 0.000133844
16.2225 8.49716e-05
16.2325 3.9122e-05
16.2425 -3.05302e-06
16.2525 -4.0952e-05
16.2625 -7.40669e-05
16.2725 -0.000101986
16.2825 -0.000124379
16.2925 -0.000140983
16.3025 -0.00015162
16.3125 -0.000156211
16.3225 -0.000154807
16.3325 -0.000147576
16.3425 -0.000134721
16.3525 -0.000116568
16.3625 -9.3538e-05
16.3725 -6.6133e-05
16.3825 -3.49188e-05
16.3925 -5.13022e-07
16.4025 3.64232e-05
16.4125 7.51994e-05
16.4225 0.00011508
16.4325 0.000155433
16.4425 0.000195599
16.4525 0.000234919
16.4625 0.000272869
16.4725 0.000308976
16.4825 0.000342827
16.4925 0.000373853
16.5025 0.000401963
16.5125 0.000426854
16.5225 0.000448286
16.5325 0.00046614
16.5425 0.000480385
16.5525 0.000491079
16.5625 0.000498289
16.5725 0.000502097
16.5825 0.000502641
16.5925 0.000500107
16.6025 0.000494715
16.6125 0.000486718
16.6225 0.000476369
16.6325 0.000463914
16.6425 0.000449599
16.6525 0.000433676
16.6625 0.000416396
16.6725 0.000397917
16.6825 0.000378367
16.6925 0.000358018
16.7025 0.000336924
16.7125 0.000315187
16.7225 0.000292788
16.7325 0.00026972
16.7425 0.000245984
16.7525 0.000221544
16.7625 0.000196318
16.7725 0.000170248
16.7825 0.000143165
16.7925 0.000114946
16.8025 8.55235e-05
16.8125 5.48019e-05
16.8225 2.27241e-05
16.8325 -1.07499e-05
16.8425 -4.56144e-05
16.8525 -8.18111e-05
16.8625 -0.000119232
16.8725 -0.000157718
16.8825 -0.000197049
16.8925 -0.000236953
16.9025 -0.000277098
16.9125 -0.000317095
16.9225 -0.000356506
16.9325 -0.000394853
16.9425 -0.000431634
16.9525 -0.000466321
16.9625 -0.000498378
16.9725 -0.000527267
16.9825 -0.000552469
16.9925 -0.000573492
17.0025 -0.000589885
17.0125 -0.000601248
17.0225 -0.000607245
17.0325 -0.000607609
17.0425 -0.000602164
17.0525 -0.000590848
17.0625 -0.000573634
17.0725 -0.000550617
17.0825 -0.000521996
17.0925 -0.00048806
17.1025 -0.000449178
17.1125 -0.000405789
17.1225 -0.000358402
17.1325 -0.000307586
17.1425 -0.000253953
17.1525 -0.000198203
17.1625 -0.000140926
17.1725 -8.25652e-05
17.1825 -2.37848e-05
17.1925 3.50781e-05
17.2025 9.37827e-05
17.2125 0.000151474
17.2225 0.000208066
17.2325 0.000263421
17.2425 0.000317188
17.2525 0.000369129
17.2625 0.000419124
17.2725 0.00046715
17.2825 0.000513263
17.2925 0.000557518
17.3025 0.000599658
17.3125 0.000639909
17.3225 0.00067824
17.3325 0.000714842
17.3425 0.000749845
17.3525 0.000783354
17.3625 0.000815486
17.3725 0.000846353
17.3825 0.000876088
17.3925 0.000904801
17.4025 0.000932578
17.4125 0.000959472
17.4225 0.000985514
17.4325 0.00101072
17.4425 0.00103508
17.4525 0.00105856
17.4625 0.0010811
17.4725 0.00110261
17.4825 0.00112296
17.4925 0.00114205
17.5025 0.00115972
17.5125 0.00117582
17.5225 0.00119018
17.5325 0.00120263
17.5425 0.001213
17.5525 0.00122113
17.5625 0.00122689
17.5725 0.00123013
17.5825 0.00123075
17.5925 0.00122868
17.6025 0.0012239
17.6125 0.0012164
17.6225 0.00120621
17.6325 0.00119344
17.6425 0.00117821
17.6525 0.00116073
17.6625 0.0011412
17.6725 0.0011199
17.6825 0.00109712
17.6925 0.0010732
17.7025 0.0010485
17.7125 0.00102344
17.7225 0.000998403
17.7325 0.000973815
17.7425 0.000950066
17.7525 0.000927522
17.7625 0.000906515
17.7725 0.000887328
17.7825 0.000870195
17.7925 0.000855287
17.8025 0.000842719
17.8125 0.000832541
17.8225 0.000824739
17.8325 0.000819242
17.8425 0.000815926
17.8525 0.000814616
17.8625 0.000815098
17.8725 0.000817126
17.8825 0.000820427
17.8925 0.000824717
17.9025 0.000829703
17.9125 0.000835096
17.9225 0.000840615
17.9325 0.000845996
17.9425 0.000851001
17.9525 0.000855417
17.9625 0.000859065
17.9725 0.000861802
17.9825 0.000863523
17.9925 0.000864164
18.0025 0.000863698
18.0125 0.000862137
18.0225 0.000859526
18.0325 0.000855942
18.0425 0.00085149
18.0525 0.000846297
18.0625 0.000840506
18.0725 0.000834272
18.0825 0.000827752
18.0925 0.000821096
18.1025 0.000814442
18.1125 0.000807905
18.1225 0.000801571
18.1325 0.000795492
18.1425 0.000789676
18.1525 0.00078407
18.1625 0.000778704
18.1725 0.000773248
18.1825 0.000767522
18.1925 0.000761327
18.2025 0.000754361
18.2125 0.000746411
18.2225 0.000737152
18.2325 0.000726304
18.2425 0.000713608
18.2525 0.000698794
18.2625 0.000681621
18.2725 0.000661882
18.2825 0.000639409
18.2925 0.000614073
18.3025 0.000585799
18.3125 0.000554577
18.3225 0.000520461
18.3325 0.00048336
18.3425 0.000443466
18.3525 0.000401118
18.3625 0.000356496
18.3725 0.000309819
18.3825 0.000261355
18.3925 0.000211493
18.4025 0.00016071
18.4125 0.000109442
18.4225 5.81429e-05
18.4325 7.27994e-06
18.4425 -4.26596e-05
18.4525 -9.11562e-05
18.4625 -0.0001377
18.4725 -0.000181818
18.4825 -0.000223083
18.4925 -0.000261101
18.5025 -0.00029551
18.5125 -0.000325995
18.5225 -0.000352298
18.5325 -0.000374237
18.5425 -0.000391694
18.5525 -0.000404616
18.5625 -0.000413008
18.5725 -0.000416939
18.5825 -0.000416574
18.5925 -0.000412111
18.6025 -0.000403801
18.6125 -0.000391963
18.6225 -0.000376961
18.6325 -0.000359193
18.6425 -0.000339082
18.6525 -0.000317068
18.6625 -0.000293608
18.6725 -0.000269159
18.6825 -0.000244166
18.6925 -0.000219055
18.7025 -0.000194225
18.7125 -0.000170039
18.7225 -0.000146824
18.7325 -0.000124864
18.7425 -0.000104402
18.7525 -8.56329e-05
18.7625 -6.87064e-05
18.7725 -5.3728e-05
18.7825 -4.076e-05
18.7925 -2.98258e-05
18.8025 -2.09039e-05
18.8125 -1.39316e-05
18.8225 -8.81806e-06
18.8325 -5.44137e-06
18.8425 -3.65795e-06
18.8525 -3.30667e-06
18.8625 -4.21339e-06
18.8725 -6.19571e-06
18.8825 -9.06629e-06
18.8925 -1.26441e-05
18.9025 -1.6766e-05
18.9125 -2.12796e-05
18.9225 -2.60501e-05
18.9325 -3.09578e-05
18.9425 -3.58991e-05
18.9525 -4.07893e-05
18.9625 -4.55621e-05
18.9725 -5.01706e-05
18.9825 -5.45886e-05
18.9925 -5.88096e-05
19.0025 -6.28439e-05
19.0125 -6.6714e-05
19.0225 -7.04514e-05
19.0325 -7.40931e-05
19.0425 -7.76787e-05
19.0525 -8.12473e-05
19.0625 -8.48338e-05
19.0725 -8.84668e-05
19.0825 -9.21653e-05
19.0925 -9.5937e-05
19.1025 -9.97763e-05
19.1125 -0.000103664
19.1225 -0.000107565
19.1325 -0.000111432
19.1425 -0.000115198
19.1525 -0.000118784
19.1625 -0.000122094
19.1725 -0.00012502
19.1825 -0.000127442
19.1925 -0.000129232
19.2025 -0.000130252
19.2125 -0.000130365
19.2225 -0.00012943
19.2325 -0.000127313
19.2425 -0.000123891
19.2525 -0.000119052
19.2625 -0.000112708
19.2725 -0.00010478
19.2825 -9.52116e-05
19.2925 -8.39794e-05
19.3025 -7.10585e-05
19.3125 -5.64583e-05
19.3225 -4.02105e-05
19.3325 -2.23641e-05
19.3425 -2.99098e-06
19.3525 1.78191e-05
19.3625 3.99575e-05
19.3725 6.32999e-05
19.3825 8.77082e-05
19.3925 0.000113025
19.4025 0.000139081
19.4125 0.000165721
19.4225 0.000192755
19.4325 0.000220058
19.4425 0.000247551
19.4525 0.000275004
19.4625 0.000302365
19.4725 0.000329412
19.4825 0.000356016
19.4925 0.000382057
19.5025 0.000407424
19.5125 0.000431978
19.5225 0.000455582
19.5325 0.000478105
19.5425 0.000499423
19.5525 0.000519454
19.5625 0.000538127
19.5725 0.000555372
19.5825 0.000571172
19.5925 0.000585492
19.6025 0.00059821
19.6125 0.000609436
19.6225 0.000619131
19.6325 0.000627376
19.6425 0.000634232
19.6525 0.00063979
19.6625 0.000644168
19.6725 0.000647506
19.6825 0.000649962
19.6925 0.000651699
19.7025 0.000652898
19.7125 0.000653749
19.7225 0.000654448
19.7325 0.000655189
19.7425 0.000656157
19.7525 0.000657526
19.7625 0.000659456
19.7725 0.000662091
19.7825 0.00066555
19.7925 0.000669925
19.8025 0.000675277
19.8125 0.00068164
19.8225 0.000689014
19.8325 0.000697377
19.8425 0.000706719
19.8525 0.000716961
19.8625 0.000727978
19.8725 0.000739717
19.8825 0.000752051
19.8925 0.000764845
19.9025 0.000777959
19.9125 0.000791252
19.9225 0.000804594
19.9325 0.000817847
19.9425 0.000830877
19.9525 0.000843554
19.9625 0.000855766
19.9725 0.000867418
19.9825 0.000878432
19.9925 0.000888747
20.0025 0.000898316
20.0125 0.000907102
20.0225 0.00091513
20.0325 0.000922427
20.0425 0.000929039
20.0525 0.000935023
20.0625 0.000940437
20.0725 0.00094534
20.0825 0.000949789
20.0925 0.000953831
20.1025 0.000957498
20.1125 0.000960803
20.1225 0.000963739
20.1325 0.000966277
20.1425 0.000968367
20.1525 0.000969935
20.1625 0.000970886
20.1725 0.000971104
20.1825 0.000970455
20.1925 0.000968794
20.2025 0.000965963
20.2125 0.000961799
20.2225 0.000956143
20.2325 0.00094883
20.2425 0.000939706
20.2525 0.000928634
20.2625 0.000915496
20.2725 0.000900204
20.2825 0.000882702
20.2925 0.000862973
20.3025 0.000841042
20.3125 0.000816979
20.3225 0.000790901
20.3325 0.000762967
20.3425 0.000733383
20.3525 0.000702398
20.3625 0.000670298
20.3725 0.000637404
20.3825 0.000604063
20.3925 0.000570647
20.4025 0.000537387
20.4125 0.000504637
20.4225 0.000472924
20.4325 0.000442505
20.4425 0.000413649
20.4525 0.000386541
20.4625 0.000361432
20.4725 0.00033856
20.4825 0.000318117
20.4925 0.000300213
20.5025 0.000284939
20.5125 0.00027233
20.5225 0.00026243
20.5325 0.000255246
20.5425 0.000250743
20.5525 0.000248839
20.5625 0.000249413
20.5725 0.000252347
20.5825 0.000257506
20.5925 0.00026472
20.6025 0.000273794
20.6125 0.00028452
20.6225 0.000296687
20.6325 0.000310097
20.6425 0.000324516
20.6525 0.000339733
20.6625 0.000355531
20.6725 0.000371712
20.6825 0.000388123
20.6925 0.000404393
20.7025 0.000420403
20.7125 0.000436089
20.7225 0.000451149
20.7325 0.000465496
20.7425 0.000478962
20.7525 0.000491421
20.7625 0.000502803
20.7725 0.000513041
20.7825 0.000522079
20.7925 0.00052985
20.8025 0.000536303
20.8125 0.000541405
20.8225 0.00054514
20.8325 0.000547493
20.8425 0.000548442
20.8525 0.000547968
20.8625 0.000546065
20.8725 0.000542728
20.8825 0.000537957
20.8925 0.000531758
20.9025 0.000524138
20.9125 0.000515109
20.9225 0.00050469
20.9325 0.000492907
20.9425 0.000479795
20.9525 0.0004654
20.9625 0.000449746
20.9725 0.000432796
20.9825 0.00041472
20.9925 0.000395528
21.0025 0.000375311
21.0125 0.000354085
21.0225 0.000331891
21.0325 0.000308815
21.0425 0.000284959
21.0525 0.000260427
21.0625 0.000235313
21.0725 0.000209719
21.0825 0.000183764
21.0925 0.000157589
21.1025 0.000131345
21.1125 0.000105181
21.1225 7.92479e-05
21.1325 5.37048e-05
21.1425 2.87332e-05
21.1525 4.48393e-06
21.1625 -1.88701e-05
21.1725 -4.11593e-05
21.1825 -6.22278e-05
21.1925 -8.19171e-05
21.2025 -0.000100074
21.2125 -0.000116556
21.2225 -0.000131233
21.2325 -0.000143992
21.2425 -0.000154733
21.2525 -0.000163375
21.2625 -0.00016985
21.2725 -0.000174115
21.2825 -0.000176146
21.2925 -0.000175946
21.3025 -0.000173554
21.3125 -0.000169009
21.3225 -0.00016239
21.3325 -0.000153801
21.3425 -0.000143374
21.3525 -0.00013126
21.3625 -0.00011763
21.3725 -0.000102674
21.3825 -8.65989e-05
21.3925 -6.96279e-05
21.4025 -5.19916e-05
21.4125 -3.39262e-05
21.4225 -1.56701e-05
21.4325 2.53826e-06
21.4425 2.0464e-05
21.4525 3.78797e-05
21.4625 5.45699e-05
21.4725 7.03329e-05
21.4825 8.4984e-05
21.4925 9.83567e-05
21.5025 0.000110305
21.5125 0.000120706
21.5225 0.000129458
21.5325 0.000136489
21.5425 0.000141745
21.5525 0.000145203
21.5625 0.000146859
21.5725 0.000146736
21.5825 0.000144876
21.5925 0.00014134
21.6025 0.000136207
21.6125 0.000129568
21.6225 0.00012153
21.6325 0.000112207
21.6425 0.000101718
21.6525 9.01876e-05
21.6625 7.7743e-05
21.6725 6.45091e-05
21.6825 5.06085e-05
21.6925 3.61609e-05
21.7025 2.12818e-05
21.7125 6.06991e-06
21.7225 -9.38466e-06
21.7325 -2.50233e-05
21.7425 -4.07733e-05
21.7525 -5.65789e-05
21.7625 -7.23846e-05
21.7725 -8.8138e-05
21.7825 -0.000103785
21.7925 -0.000119265
21.8025 -0.000134511
21.8125 -0.000149444
21.8225 -0.000163973
21.8325 -0.000177988
21.8425 -0.000191367
21.8525 -0.000203966
21.8625 -0.000215704
21.8725 -0.000226351
21.8825 -0.000235694
21.8925 -0.00024362
21.9025 -0.000249904
21.9125 -0.000254321
21.9225 -0.000256627
21.9325 -0.000256585
21.9425 -0.000253966
21.9525 -0.000248536
21.9625 -0.000240121
21.9725 -0.00022841
21.9825 -0.000213136
21.9925 -0.000194113
22.0025 -0.000171158
22.0125 -0.000144179
22.0225 -0.000113103
22.0325 -7.79603e-05
22.0425 -3.87871e-05
22.0525 4.28943e-06
22.0625 5.10814e-05
22.0725 0.000101364
22.0825 0.000154662
22.0925 0.00021072
22.1025 0.000269161
22.1125 0.000329879
22.1225 0.000391971
22.1325 0.000455226
22.1425 0.000519322
22.1525 0.000583675
22.1625 0.000647793
22.1725 0.000711169
22.1825 0.000773386
22.1925 0.000834033
22.2025 0.000892658
22.2125 0.000948803
22.2225 0.00100204
22.2325 0.00105203
22.2425 0.00109846
22.2525 0.00114106
22.2625 0.00117958
22.2725 0.00121383
22.2825 0.00124366
22.2925 0.00126899
22.3025 0.00128979
22.3125 0.00130609
22.3225 0.00131794
22.3325 0.00132544
22.3425 0.00132875
22.3525 0.00132811
22.3625 0.00132374
22.3725 0.00131589
22.3825 0.00130488
22.3925 0.00129101
22.4025 0.00127463
22.4125 0.00125606
22.4225 0.00123564
22.4325 0.00121369
22.4425 0.00119054
22.4525 0.00116646
22.4625 0.00114174
22.4725 0.00111661
22.4825 0.00109128
22.4925 0.00106595
22.5025 0.00104074
22.5125 0.00101577
22.5225 0.000991104
22.5325 0.000966794
22.5425 0.000942853
22.5525 0.000919271
22.5625 0.000896021
22.5725 0.000873057
22.5825 0.000850327
22.5925 0.000827774
22.6025 0.000805343
22.6125 0.000782987
22.6225 0.000760674
22.6325 0.00073833
22.6425 0.000715869
22.6525 0.000693455
22.6625 0.000671017
22.6725 0.000648667
22.6825 0.000626436
22.6925 0.000604368
22.7025 0.000582582
22.7125 0.000561234
22.7225 0.000540507
22.7325 0.000520575
22.7425 0.000501613
22.7525 0.000483801
22.7625 0.000467294
22.7725 0.000452354
22.7825 0.000439165
22.7925 0.000427859
22.8025 0.000418585
22.8125 0.000411531
22.8225 0.000406475
22.8325 0.000403421
22.8425 0.000402286
22.8525 0.000402908
22.8625 0.000405156
22.8725 0.000408797
22.8825 0.000413594
22.8925 0.000419266
22.9025 0.000425518
22.9125 0.000432038
22.9225 0.000438501
22.9325 0.000444576
22.9425 0.000449938
22.9525 0.000454275
22.9625 0.000457295
22.9725 0.000458732
22.9825 0.000458354
22.9925 0.000455966
23.0025 0.000451423
23.0125 0.000444626
23.0225 0.000435526
23.0325 0.000424131
23.0425 0.000410505
23.0525 0.000394767
23.0625 0.000377086
23.0725 0.000357689
23.0825 0.000336855
23.0925 0.000314802
23.1025 0.00029183
23.1125 0.00026849
23.1225 0.000244976
23.1325 0.00022168
23.1425 0.000198997
23.1525 0.000177336
23.1625 0.000157083
23.1725 0.000138575
23.1825 0.000122121
23.1925 0.000108015
23.2025 9.6526e-05
23.2125 8.78773e-05
23.2225 8.22298e-05
23.2325 7.96863e-05
23.2425 8.03006e-05
23.2525 8.40618e-05
23.2625 9.09325e-05
23.2725 0.000100823
23.2825 0.000113574
23.2925 0.000128983
23.3025 0.000146762
23.3125 0.000166801
23.3225 0.000188858
23.3325 0.00021267
23.3425 0.000237982
23.3525 0.000264504
23.3625 0.000291971
23.3725 0.000320123
23.3825 0.00034871
23.3925 0.000377489
23.4025 0.000406229
23.4125 0.000434734
23.4225 0.000462857
23.4325 0.000490519
23.4425 0.000517651
23.4525 0.000544128
23.4625 0.000569993
23.4725 0.000595163
23.4825 0.000619718
23.4925 0.000643546
23.5025 0.000666784
23.5125 0.000689458
23.5225 0.000711593
23.5325 0.000733247
23.5425 0.000754459
23.5525 0.000775301
23.5625 0.000795826
23.5725 0.000816071
23.5825 0.000836056
23.5925 0.000855789
23.6025 0.000875269
23.6125 0.000894483
23.6225 0.000913394
23.6325 0.000931941
23.6425 0.000950043
23.6525 0.000967604
23.6625 0.000984513
23.6725 0.00100065
23.6825 0.00101586
23.6925 0.00102999
23.7025 0.00104289
23.7125 0.00105436
23.7225 0.00106425
23.7325 0.00107237
23.7425 0.00107854
23.7525 0.00108261
23.7625 0.00108443
23.7725 0.00108386
23.7825 0.00108081
23.7925 0.00107521
23.8025 0.00106702
23.8125 0.00105622
23.8225 0.00104285
23.8325 0.001027
23.8425 0.00100879
23.8525 0.000988364
23.8625 0.000965926
23.8725 0.000941705
23.8825 0.000915958
23.8925 0.000888967
23.9025 0.000861029
23.9125 0.00083245
23.9225 0.000803543
23.9325 0.000774631
23.9425 0.000745854
23.9525 0.000717527
23.9625 0.000690012
23.9725 0.000663466
23.9825 0.000638037
23.9925 0.000613789
24.0025 0.000590825
24.0125 0.000569223
24.0225 0.000549124
24.0325 0.000530486
24.0425 0.000513293
24.0525 0.000497484
24.0625 0.000483007
24.0725 0.000469828
24.0825 0.000457813
24.0925 0.000446745
24.1025 0.000436534
24.1125 0.000426971
24.1225 0.000417919
24.1325 0.000409225
24.1425 0.000400735
24.1525 0.000392303
24.1625 0.000383803
24.1725 0.000375136
24.1825 0.000366227
24.1925 0.000357022
24.2025 0.000347493
24.2125 0.000337642
24.2225 0.0003275
24.2325 0.000317129
24.2425 0.000306617
24.2525 0.000296079
24.2625 0.00028565
24.2725 0.000275485
24.2825 0.000265758
24.2925 0.000256658
24.3025 0.000248381
24.3125 0.000241124
24.3225 0.00023508
24.3325 0.000230434
24.3425 0.000227357
24.3525 0.000225998
24.3625 0.000226481
24.3725 0.000228892
24.3825 0.000233276
24.3925 0.000239655
24.4025 0.000247998
24.4125 0.000258228
24.4225 0.00027023
24.4325 0.000283825
24.4425 0.000298826
24.4525 0.000315019
24.4625 0.00033212
24.4725 0.000349845
24.4825 0.000367866
24.4925 0.000385854
24.5025 0.000403464
24.5125 0.000420349
24.5225 0.000436165
24.5325 0.000450581
24.5425 0.000463294
24.5525 0.000474035
24.5625 0.000482501
24.5725 0.000488595
24.5825 0.000492135
24.5925 0.000492957
24.6025 0.000491002
24.6125 0.000486229
24.6225 0.000478646
24.6325 0.00046829
24.6425 0.000455341
24.6525 0.000439913
24.6625 0.000422217
24.6725 0.000402435
24.6825 0.000380793
24.6925 0.000357571
24.7025 0.000333075
24.7125 0.000307618
24.7225 0.000281505
24.7325 0.00025504
24.7425 0.000228532
24.7525 0.000202289
24.7625 0.000176605
24.7725 0.000151747
24.7825 0.000127954
24.7925 0.000105435
24.8025 8.43741e-05
24.8125 6.49239e-05
24.8225 4.71994e-05
24.8325 3.12757e-05
24.8425 1.71896e-05
24.8525 4.94307e-06
24.8625 -5.49202e-06
24.8725 -1.41886e-05
24.8825 -2.11866e-05
24.8925 -2.6611e-05
24.9025 -3.06146e-05
24.9125 -3.33266e-05
24.9225 -3.49263e-05
24.9325 -3.55797e-05
24.9425 -3.54723e-05
24.9525 -3.4791e-05
24.9625 -3.37173e-05
24.9725 -3.24189e-05
24.9825 -3.10474e-05
24.9925 -2.97366e-05
25.0025 -2.85971e-05
25.0125 -2.7712e-05
25.0225 -2.71262e-05
25.0325 -2.68719e-05
25.0425 -2.69604e-05
25.0525 -2.73545e-05
25.0625 -2.80112e-05
25.0725 -2.88411e-05
25.0825 -2.97417e-05
25.0925 -3.05866e-05
25.1025 -3.12348e-05
25.1125 -3.15349e-05
25.1225 -3.13289e-05
25.1325 -3.04583e-05
25.1425 -2.87692e-05
25.1525 -2.61182e-05
25.1625 -2.23767e-05
25.1725 -1.7438e-05
25.1825 -1.12232e-05
25.1925 -3.67211e-06
25.2025 5.23921e-06
25.2125 1.55004e-05
25.2225 2.70639e-05
25.2325 3.98597e-05
25.2425 5.37705e-05
25.2525 6.86433e-05
25.2625 8.42954e-05
25.2725 0.000100514
25.2825 0.000117064
25.2925 0.000133693
25.3025 0.000150137
25.3125 0.000166129
25.3225 0.000181399
25.3325 0.00019569
25.3425 0.000208759
25.3525 0.000220383
25.3625 0.000230369
25.3725 0.00023856
25.3825 0.000244838
25.3925 0.000249128
25.4025 0.000251401
25.4125 0.000251676
25.4225 0.00025002
25.4325 0.000246544
25.4425 0.000241412
25.4525 0.000234827
25.4625 0.000227028
25.4725 0.000218289
25.4825 0.000208912
25.4925 0.000199218
25.5025 0.000189543
25.5125 0.000180231
25.5225 0.000171619
25.5325 0.00016404
25.5425 0.000157805
25.5525 0.000153203
25.5625 0.000150494
25.5725 0.000149898
25.5825 0.000151593
25.5925 0.000155697
25.6025 0.00016228
25.6125 0.000171461
25.6225 0.000183189
25.6325 0.00019743
25.6425 0.000214076
25.6525 0.000232953
25.6625 0.000253858
25.6725 0.00027655
25.6825 0.000300748
25.6925 0.000326135
25.7025 0.000352438
25.7125 0.00037938
25.7225 0.000406655
25.7325 0.000433869
25.7425 0.000460859
25.7525 0.000487271
25.7625 0.000512828
25.7725 0.000537295
25.7825 0.000560488
25.7925 0.000582274
25.8025 0.00060251
25.8125 0.000621014
25.8225 0.000637742
25.8325 0.000652636
25.8425 0.000665723
25.8525 0.000677044
25.8625 0.000686666
25.8725 0.000694688
25.8825 0.000701243
25.8925 0.000706502
25.9025 0.00071066
25.9125 0.000713924
25.9225 0.000716499
25.9325 0.000718604
25.9425 0.000720463
25.9525 0.000722294
25.9625 0.000724303
25.9725 0.000726671
25.9825 0.000729558
25.9925 0.000733098
26.0025 0.000737396
26.0125 0.000742523
26.0225 0.000748513
26.0325 0.000755367
26.0425 0.000763081
26.0525 0.000771597
26.0625 0.000780792
26.0725 0.000790597
26.0825 0.000800869
26.0925 0.00081145
26.1025 0.000822171
26.1125 0.000832858
26.1225 0.000843339
26.1325 0.000853436
26.1425 0.000862974
26.1525 0.000871784
26.1625 0.000879714
26.1725 0.000886638
26.1825 0.00089245
26.1925 0.000897067
26.2025 0.000900435
26.2125 0.000902527
26.2225 0.000903354
26.2325 0.000902969
26.2425 0.000901442
26.2525 0.000898877
26.2625 0.000895414
26.2725 0.00089121
26.2825 0.000886462
26.2925 0.000881375
26.3025 0.000876163
26.3125 0.000871051
26.3225 0.000866275
26.3325 0.000862065
26.3425 0.000858646
26.3525 0.000856225
26.3625 0.000854989
26.3725 0.000855103
26.3825 0.000856699
26.3925 0.000859875
26.4025 0.000864692
26.4125 0.000871154
26.4225 0.000879225
26.4325 0.000888815
26.4425 0.000899785
26.4525 0.000911951
26.4625 0.000925083
26.4725 0.000938916
26.4825 0.000953295
26.4925 0.000967767
26.5025 0.000981981
26.5125 0.000995698
26.5225 0.00100853
26.5325 0.00102011
26.5425 0.00103005
26.5525 0.00103801
26.5625 0.00104366
26.5725 0.00104668
26.5825 0.00104678
26.5925 0.00104367
26.6025 0.00103714
26.6125 0.00102698
26.6225 0.00101309
26.6325 0.0009955
26.6425 0.000974153
26.6525 0.000949165
26.6625 0.000920663
26.6725 0.000888829
26.6825 0.000853933
26.6925 0.000816297
26.7025 0.000776029
26.7125 0.000733574
26.7225 0.000689209
26.7325 0.000643353
26.7425 0.000596042
26.7525 0.000547985
26.7625 0.000499622
26.7725 0.000451106
26.7825 0.000402767
26.7925 0.000354917
26.8025 0.000307952
26.8125 0.00026222
26.8225 0.000217995
26.8325 0.000175514
26.8425 0.000135018
26.8525 9.6758e-05
26.8625 6.09664e-05
26.8725 2.78291e-05
26.8825 -2.52405e-06
26.8925 -2.999e-05
26.9025 -5.44801e-05
26.9125 -7.59214e-05
26.9225 -9.42723e-05
26.9325 -0.000109531
26.9425 -0.000121725
26.9525 -0.000130884
26.9625 -0.00013711
26.9725 -0.000140477
26.9825 -0.000141096
26.9925 -0.000139097
27.0025 -0.000134611
27.0125 -0.000127791
27.0225 -0.0001188
27.0325 -0.000107806
27.0425 -9.49782e-05
27.0525 -8.04909e-05
27.0625 -6.45191e-05
27.0725 -4.72391e-05
27.0825 -2.88229e-05
27.0925 -9.43848e-06
27.1025 1.0751e-05
27.1125 3.15844e-05
27.1225 5.29054e-05
27.1325 7.45689e-05
27.1425 9.64302e-05
27.1525 0.000118347
27.1625 0.00014018
27.1725 0.000161806
27.1825 0.000183088
27.1925 0.000203901
27.2025 0.000224115
27.2125 0.000243604
27.2225 0.00026224
27.2325 0.000279896
27.2425 0.000296476
27.2525 0.000311815
27.2625 0.000325866
27.2725 0.000338589
27.2825 0.000349793
27.2925 0.000359428
27.3025 0.000367346
27.3125 0.000373464
27.3225 0.000377719
27.3325 0.00038004
27.3425 0.000380348
27.3525 0.000378564
27.3625 0.00037464
27.3725 0.000368536
27.3825 0.000360243
27.3925 0.00034978
27.4025 0.000337169
27.4125 0.000322392
27.4225 0.000305532
27.4325 0.000286731
27.4425 0.000266103
27.4525 0.000243769
27.4625 0.000219843
27.4725 0.000194502
27.4825 0.000167967
27.4925 0.000140479
27.5025 0.000112268
27.5125 8.35906e-05
27.5225 5.47129e-05
27.5325 2.59317e-05
27.5425 -2.4413e-06
27.5525 -3.00922e-05
27.5625 -5.67129e-05
27.5725 -8.20011e-05
27.5825 -0.000105655
27.5925 -0.000127379
27.6025 -0.00014689
27.6125 -0.000163927
27.6225 -0.000178258
27.6325 -0.00018967
27.6425 -0.00019798
27.6525 -0.000203035
27.6625 -0.000204716
27.6725 -0.000202943
27.6825 -0.0001977
27.6925 -0.000188977
27.7025 -0.000176813
27.7125 -0.000161297
27.7225 -0.000142556
27.7325 -0.000120755
27.7425 -9.60868e-05
27.7525 -6.87739e-05
27.7625 -3.90763e-05
27.7725 -7.28951e-06
27.7825 2.63707e-05
27.7925 6.15869e-05
27.8025 9.80705e-05
27.8125 0.00013551
27.8225 0.000173672
27.8325 0.000212428
27.8425 0.000251339
27.8525 0.000290222
27.8625 0.000328986
27.8725 0.00036734
27.8825 0.000405077
27.8925 0.000442005
27.9025 0.000477994
27.9125 0.000512918
27.9225 0.000546625
27.9325 0.000578957
27.9425 0.000609767
27.9525 0.000638935
27.9625 0.000666369
27.9725 0.000691969
27.9825 0.000715621
27.9925 0.000737219
28.0025 0.000756668
28.0125 0.000773886
28.0225 0.000788796
28.0325 0.000801322
28.0425 0.000811384
28.0525 0.000818906
28.0625 0.000823823
28.0725 0.000826081
28.0825 0.000825631
28.0925 0.000822449
28.1025 0.000816508
28.1125 0.000807779
28.1225 0.000796304
28.1325 0.000782145
28.1425 0.000765364
28.1525 0.00074606
28.1625 0.000724345
28.1725 0.000700367
28.1825 0.000674297
28.1925 0.000646332
28.2025 0.000616686
28.2125 0.000585597
28.2225 0.000553317
28.2325 0.000520123
28.2425 0.000486311
28.2525 0.000452026
28.2625 0.000417536
28.2725 0.000383344
28.2825 0.000349594
28.2925 0.000316493
28.3025 0.000284252
28.3125 0.000253138
28.3225 0.000223429
28.3325 0.000195357
28.3425 0.000169114
28.3525 0.000144877
28.3625 0.000122834
28.3725 0.000103174
28.3825 8.60633e-05
28.3925 7.16289e-05
28.4025 5.99674e-05
28.4125 5.11589e-05
28.4225 4.52715e-05
28.4325 4.23534e-05
28.4425 4.24196e-05
28.4525 4.54343e-05
28.4625 5.1356e-05
28.4725 6.01165e-05
28.4825 7.16148e-05
28.4925 8.5724e-05
28.5025 0.000102292
28.5125 0.000121145
28.5225 0.00014209
28.5325 0.000164917
28.5425 0.0001894
28.5525 0.000215299
28.5625 0.000242368
28.5725 0.000270352
28.5825 0.000299028
28.5925 0.000328193
28.6025 0.000357724
28.6125 0.000387259
28.6225 0.000416751
28.6325 0.000445996
28.6425 0.000474783
28.6525 0.00050296
28.6625 0.000530398
28.6725 0.000556993
28.6825 0.000582629
28.6925 0.000607174
28.7025 0.000630503
28.7125 0.00065252
28.7225 0.000673145
28.7325 0.000692302
28.7425 0.00070991
28.7525 0.000725884
28.7625 0.000740153
28.7725 0.000752654
28.7825 0.000763335
28.7925 0.000772141
28.8025 0.000779019
28.8125 0.000783918
28.8225 0.000786798
28.8325 0.000787625
28.8425 0.00078638
28.8525 0.000783059
28.8625 0.000777648
28.8725 0.000770157
28.8825 0.000760617
28.8925 0.000749076
28.9025 0.000735595
28.9125 0.000720252
28.9225 0.000703143
28.9325 0.000684386
28.9425 0.000664121
28.9525 0.000642502
28.9625 0.000619703
28.9725 0.000595902
28.9825 0.000571311
28.9925 0.000546183
29.0025 0.000520677
29.0125 0.000494906
29.0225 0.000469289
29.0325 0.000444
29.0425 0.000419203
29.0525 0.000395046
29.0625 0.000371714
29.0725 0.000349421
29.0825 0.000328357
29.0925 0.000308677
29.1025 0.000290506
29.1125 0.00027397
29.1225 0.000259198
29.1325 0.000246306
29.1425 0.000235387
29.1525 0.000226501
29.1625 0.00021969
29.1725 0.000214985
29.1825 0.000212406
29.1925 0.000211951
29.2025 0.000213585
29.2125 0.000217263
29.2225 0.000222923
29.2325 0.000230481
29.2425 0.000239843
29.2525 0.000250895
29.2625 0.000263515
29.2725 0.000277565
29.2825 0.000292903
29.2925 0.000309376
29.3025 0.000326833
29.3125 0.00034512
29.3225 0.000364079
29.3325 0.000383556
29.3425 0.000403443
29.3525 0.000423579
29.3625 0.000443964
29.3725 0.00046437
29.3825 0.00048478
29.3925 0.000505057
29.4025 0.000525083
29.4125 0.000544778
29.4225 0.000564066
29.4325 0.000582875
29.4425 0.000601112
29.4525 0.000618673
29.4625 0.000635462
29.4725 0.000651396
29.4825 0.000666397
29.4925 0.000680377
29.5025 0.000693247
29.5125 0.000704917
29.5225 0.000715304
29.5325 0.000724335
29.5425 0.00073194
29.5525 0.00073805
29.5625 0.000742602
29.5725 0.000745539
29.5825 0.000746816
29.5925 0.000746399
29.6025 0.000744277
29.6125 0.000740439
29.6225 0.000734886
29.6325 0.000727645
29.6425 0.000718763
29.6525 0.000708303
29.6625 0.000696346
29.6725 0.000682986
29.6825 0.00066834
29.6925 0.000652537
29.7025 0.000635724
29.7125 0.000618055
29.7225 0.000599695
29.7325 0.000580815
29.7425 0.000561586
29.7525 0.000542039
29.7625 0.000522471
29.7725 0.000503034
29.7825 0.000483848
29.7925 0.000465001
29.8025 0.000446585
29.8125 0.000428726
29.8225 0.000411543
29.8325 0.000395128
29.8425 0.000379547
29.8525 0.000364857
29.8625 0.00035112
29.8725 0.000338407
29.8825 0.000326772
29.8925 0.000316256
29.9025 0.00030689
29.9125 0.000298703
29.9225 0.000291723
29.9325 0.000285977
29.9425 0.000281484
29.9525 0.000278254
29.9625 0.000276291
29.9725 0.000275598
29.9825 0.000276168
29.9925 0.000277992
30.0025 0.000281054
30.0125 0.00028532
30.0225 0.000290771
30.0325 0.000297347
30.0425 0.000304895
30.0525 0.000313383
30.0625 0.000322671
30.0725 0.000332657
30.0825 0.00034321
30.0925 0.0003542
30.1025 0.00036549
30.1125 0.000376939
30.1225 0.000388404
30.1325 0.000399743
30.1425 0.000410815
30.1525 0.000421493
30.1625 0.000431645
30.1725 0.000441159
30.1825 0.000450005
30.1925 0.000458017
30.2025 0.000465156
30.2125 0.000471322
30.2225 0.000476452
30.2325 0.00048051
30.2425 0.000483469
30.2525 0.000485304
30.2625 0.000485994
30.2725 0.000485526
30.2825 0.000483913
30.2925 0.000481173
30.3025 0.000477336
30.3125 0.000472437
30.3225 0.000466519
30.3325 0.000459629
30.3425 0.000451814
30.3525 0.000443086
30.3625 0.000433569
30.3725 0.000423296
30.3825 0.000412339
30.3925 0.000400727
30.4025 0.000388499
30.4125 0.000375713
30.4225 0.000362432
30.4325 0.000348715
30.4425 0.000334606
30.4525 0.000320147
30.4625 0.000305388
30.4725 0.000290382
30.4825 0.000275188
30.4925 0.000259861
30.5025 0.00024446
30.5125 0.000229049
30.5225 0.000213703
30.5325 0.000198506
30.5425 0.000183546
30.5525 0.000168923
30.5625 0.000154743
30.5725 0.000141122
30.5825 0.000128189
30.5925 0.00011608
30.6025 0.000104941
30.6125 9.49196e-05
30.6225 8.61517e-05
30.6325 7.88919e-05
30.6425 7.32706e-05
30.6525 6.94853e-05
30.6625 6.76864e-05
30.6725 6.80238e-05
30.6825 7.06355e-05
30.6925 7.56224e-05
30.7025 8.30768e-05
30.7125 9.30643e-05
30.7225 0.000105604
30.7325 0.000120675
30.7425 0.00013824
30.7525 0.000158225
30.7625 0.000180508
30.7725 0.000204945
30.7825 0.000231355
30.7925 0.000259531
30.8025 0.000289233
30.8125 0.000320205
30.8225 0.000352282
30.8325 0.000385296
30.8425 0.000418736
30.8525 0.000452532
30.8625 0.000486442
30.8725 0.000520163
30.8825 0.000553427
30.8925 0.000585983
30.9025 0.000617629
30.9125 0.00064816
30.9225 0.000677369
30.9325 0.000705031
30.9425 0.000730936
30.9525 0.000754947
30.9625 0.000776924
30.9725 0.00079676
30.9825 0.000814354
30.9925 0.000829628
31.0025 0.000842534
31.0125 0.000853059
31.0225 0.00086122
31.0325 0.000867044
31.0425 0.000870577
31.0525 0.000871892
31.0625 0.000871097
31.0725 0.000868295
31.0825 0.000863616
31.0925 0.000857203
31.1025 0.00084921
31.1125 0.000839794
31.1225 0.00082912
31.1325 0.000817352
31.1425 0.000804649
31.1525 0.00079117
31.1625 0.000777065
31.1725 0.000762471
31.1825 0.000747518
31.1925 0.000732318
31.2025 0.000716966
31.2125 0.000701546
31.2225 0.000686123
31.2325 0.000670749
31.2425 0.000655463
31.2525 0.000640294
31.2625 0.000625262
31.2725 0.000610378
31.2825 0.000595654
31.2925 0.000581064
31.3025 0.000566557
31.3125 0.00055224
31.3225 0.00053806
31.3325 0.000524063
31.3425 0.0005102
31.3525 0.000496526
31.3625 0.000483061
31.3725 0.000469864
31.3825 0.000457001
31.3925 0.000444517
31.4025 0.00043247
31.4125 0.000420924
31.4225 0.000409968
31.4325 0.000399683
31.4425 0.000390131
31.4525 0.000381447
31.4625 0.000373487
31.4725 0.000366308
31.4825 0.00035989
31.4925 0.000354196
31.5025 0.000349218
31.5125 0.000344896
31.5225 0.000341177
31.5325 0.000337996
31.5425 0.000335283
31.5525 0.000332955
31.5625 0.000330919
31.5725 0.000329081
31.5825 0.00032734
31.5925 0.00032559
31.6025 0.000323724
31.6125 0.000321634
31.6225 0.000319211
31.6325 0.000316355
31.6425 0.000312964
31.6525 0.000308945
31.6625 0.000304212
31.6725 0.000298682
31.6825 0.000292282
31.6925 0.000284946
31.7025 0.000276635
31.7125 0.000267297
31.7225 0.000256915
31.7325 0.000245495
31.7425 0.000233007
31.7525 0.000219466
31.7625 0.000204895
31.7725 0.000189326
31.7825 0.000172818
31.7925 0.00015543
31.8025 0.000137234
31.8125 0.00011831
31.8225 9.87487e-05
31.8325 7.86483e-05
31.8425 5.81141e-05
31.8525 3.72561e-05
31.8625 1.61873e-05
31.8725 -4.9766e-06
31.8825 -2.61182e-05
31.8925 -4.71196e-05
31.9025 -6.78638e-05
31.9125 -8.82362e-05
31.9225 -0.000108125
31.9325 -0.000127422
31.9425 -0.000146022
31.9525 -0.000163822
31.9625 -0.000180731
31.9725 -0.000196666
31.9825 -0.000211551
31.9925 -0.000225311
32.0025 -0.000237878
32.015 -0.00025181
32.0275 -0.000263656
32.04 -0.000273303
32.0525 -0.000280645
32.065 -0.000285575
32.0775 -0.000287997
32.09 -0.000287815
32.1025 -0.000284952
32.115 -0.000279339
32.1275 -0.00027091
32.14 -0.000259628
32.1525 -0.000245473
32.165 -0.000228444
32.1775 -0.000208561
32.19 -0.000185874
32.2025 -0.000160458
32.215 -0.000132415
32.2275 -0.000101871
32.24 -6.8978e-05
32.2525 -3.3927e-05
32.265 3.07745e-06
32.2775 4.1814e-05
32.29 8.20642e-05
32.3025 0.000123536
32.315 0.000166
32.3275 0.000209359
32.34 0.000253402
32.3525 0.000298118
32.365 0.000343162
32.3775 0.000388459
32.39 0.000433859
32.4025 0.000479137
32.415 0.000523934
32.4275 0.000568058
32.44 0.000611216
32.4525 0.000653123
32.465 0.000693434
32.4775 0.000731872
32.49 0.000768165
32.5025 0.000802038
32.515 0.000833218
32.5275 0.000861478
32.54 0.000886636
32.5525 0.000908543
32.565 0.000927084
32.5775 0.000942187
32.59 0.000953839
32.6025 0.000962075
32.615 0.000966971
32.6275 0.000968657
32.64 0.000967322
32.6525 0.000963174
32.665 0.000956482
32.6775 0.000947546
32.69 0.000936687
32.7025 0.000924244
32.715 0.000910567
32.7275 0.000896005
32.74 0.000880901
32.7525 0.000865574
32.765 0.000850324
32.7775 0.000835423
32.79 0.000821109
32.8025 0.000807583
32.815 0.000795006
32.8275 0.000783505
32.84 0.000773167
32.8525 0.000764045
32.865 0.000756152
32.8775 0.000749477
32.89 0.00074398
32.9025 0.000739605
32.915 0.000736286
32.9275 0.000733946
32.94 0.000732507
32.9525 0.000731909
32.965 0.000732098
32.9775 0.000733038
32.99 0.000734699
33.0025 0.000737063
33.015 0.000740114
33.0275 0.000743836
33.04 0.000748204
33.0525 0.000753182
33.065 0.000758709
33.0775 0.000764698
33.09 0.000771028
33.1025 0.000777537
33.115 0.000784024
33.1275 0.00079024
33.14 0.000795892
33.1525 0.000800646
33.165 0.000804129
33.1775 0.000805933
33.19 0.000805568
33.2025 0.000802764
33.215 0.000797069
33.2275 0.000788245
33.24 0.000775737
33.2525 0.000759284
33.265 0.000738613
33.2775 0.000713586
33.29 0.000684126
33.3025 0.000650277
33.315 0.000612194
33.3275 0.000570154
33.34 0.000524541
33.3525 0.000475462
33.365 0.000423844
33.3775 0.000370122
33.39 0.000314789
33.4025 0.000258466
33.415 0.000201925
33.4275 0.000145899
33.44 9.10476e-05
33.4525 3.80451e-05
33.465 -1.24042e-05
33.4775 -5.96405e-05
33.49 -0.000103081
33.5025 -0.000142294
33.515 -0.000176871
33.5275 -0.000206487
33.54 -0.000230934
33.5525 -0.000250129
33.565 -0.000264091
33.5775 -0.000272931
33.59 -0.00027686
33.6025 -0.000276218
33.615 -0.000271388
33.6275 -0.000262843
33.64 -0.000251115
33.6525 -0.000236772
33.665 -0.000220395
33.6775 -0.000202566
33.69 -0.00018385
33.7025 -0.000164771
33.715 -0.000145797
33.7275 -0.000127326
33.74 -0.000109684
33.7525 -9.31157e-05
33.765 -7.7781e-05
33.7775 -6.37403e-05
33.79 -5.09749e-05
33.8025 -3.93849e-05
33.815 -2.88065e-05
33.8275 -1.90229e-05
33.84 -9.78067e-06
33.8525 -8.07428e-07
33.865 8.1724e-06
33.8775 1.74207e-05
33.89 2.71497e-05
33.9025 3.75301e-05
33.915 4.86739e-05
33.9275 6.0622e-05
33.94 7.33644e-05
33.9525 8.68089e-05
33.965 0.00010081
33.9775 0.000115169
33.99 0.000129648
34.0025 0.000143982
34.015 0.000157898
34.0275 0.000171128
34.04 0.000183424
34.0525 0.000194582
34.065 0.000204456
34.0775 0.000212926
34.09 0.000220022
34.1025 0.000225796
34.115 0.000230303
34.1275 0.000233821
34.14 0.000236637
34.1525 0.000239092
34.165 0.000241517
34.1775 0.000244269
34.19 0.000247705
34.2025 0.000252145
34.215 0.000257859
34.2275 0.000265102
34.24 0.000274029
34.2525 0.000284756
34.265 0.000297403
34.2775 0.000311979
34.29 0.000328312
34.3025 0.000346297
34.315 0.000365681
34.3275 0.000386238
34.34 0.000407653
34.3525 0.000429578
34.365 0.000451634
34.3775 0.00047344
34.39 0.000494613
34.4025 0.00051478
34.415 0.000533589
34.4275 0.000550726
34.44 0.000565929
34.4525 0.000578987
34.465 0.00058975
34.4775 0.000598136
34.49 0.000604132
34.5025 0.000607792
34.515 0.000609249
34.5275 0.000608699
34.54 0.000606381
34.5525 0.000602603
34.565 0.000597708
34.5775 0.000592063
34.59 0.000586046
34.6025 0.000580036
34.615 0.000574397
34.6275 0.000569461
34.64 0.000565518
34.6525 0.000562803
34.665 0.000561493
34.6775 0.000561698
34.69 0.000563454
34.7025 0.000566729
34.715 0.00057142
34.7275 0.000577365
34.74 0.000584331
34.7525 0.000592039
34.765 0.000600171
34.7775 0.000608383
34.79 0.000616323
34.8025 0.000623642
34.815 0.000630028
34.8275 0.000635238
34.84 0.000638944
34.8525 0.00064104
34.865 0.000641382
34.8775 0.00063991
34.89 0.000636632
34.9025 0.000631642
34.915 0.000625105
34.9275 0.000617235
34.94 0.000608295
34.9525 0.000598598
34.965 0.000588486
34.9775 0.000578306
34.99 0.000568397
35.0025 0.000559078
35.015 0.000550636
35.0275 0.000543311
35.04 0.00053728
35.0525 0.000532655
35.065 0.000529477
35.0775 0.000527715
35.09 0.000527266
35.1025 0.000527962
35.115 0.000529575
35.1275 0.000531832
35.14 0.000534425
35.1525 0.000537021
35.165 0.000539286
35.1775 0.000540887
35.19 0.000541521
35.2025 0.000540892
35.215 0.000538812
35.2275 0.000535114
35.24 0.000529708
35.2525 0.000522545
35.265 0.000513654
35.2775 0.000503121
35.29 0.000491093
35.3025 0.000477772
35.315 0.000463401
35.3275 0.000448247
35.34 0.000432612
35.3525 0.000416706
35.365 0.000400887
35.3775 0.000385264
35.39 0.000370088
35.4025 0.000355454
35.415 0.000341462
35.4275 0.000328199
35.44 0.000315748
35.4525 0.000304144
35.465 0.000293378
35.4775 0.000283425
35.49 0.000274257
35.5025 0.000265827
35.515 0.000258062
35.5275 0.000250879
35.54 0.000244203
35.5525 0.000237961
35.565 0.000232084
35.5775 0.000226506
35.59 0.00022118
35.6025 0.000216079
35.615 0.000211195
35.6275 0.000206541
35.64 0.000202152
35.6525 0.000198085
35.665 0.000194422
35.6775 0.000191267
35.69 0.000188737
35.7025 0.000186962
35.715 0.000186079
35.7275 0.000186223
35.74 0.000187524
35.7525 0.000190089
35.765 0.00019401
35.7775 0.000199348
35.79 0.000206126
35.8025 0.000214326
35.815 0.000223891
35.8275 0.00023472
35.84 0.000246665
35.8525 0.00025954
35.865 0.000273121
35.8775 0.000287149
35.89 0.000301338
35.9025 0.000315411
35.915 0.000329032
35.9275 0.000342041
35.94 0.000354159
35.9525 0.000365145
35.965 0.00037477
35.9775 0.000382887
35.99 0.000389401
36.0025 0.000394243
36.015 0.000397365
36.0275 0.000398773
36.04 0.000398542
36.0525 0.00039678
36.065 0.000393621
36.0775 0.000389234
36.09 0.000383825
36.1025 0.000377622
36.115 0.000370849
36.1275 0.000363668
36.14 0.000356369
36.1525 0.00034912
36.165 0.000342111
36.1775 0.000335481
36.19 0.000329317
36.2025 0.000323703
36.215 0.000318707
36.2275 0.000314358
36.24 0.000310647
36.2525 0.000307528
36.265 0.000305004
36.2775 0.000303051
36.29 0.000301628
36.3025 0.000300678
36.315 0.000300151
36.3275 0.000300001
36.34 0.000300187
36.3525 0.000300669
36.365 0.000301421
36.3775 0.000302432
36.39 0.000303708
36.4025 0.000305266
36.415 0.000307138
36.4275 0.000309372
36.44 0.000312029
36.4525 0.000315176
36.465 0.000318886
36.4775 0.000323231
36.49 0.000328272
36.5025 0.000334079
36.515 0.000340692
36.5275 0.000348149
36.54 0.000356467
36.5525 0.000365637
36.565 0.000375706
36.5775 0.000386645
36.59 0.000398351
36.6025 0.000410753
36.615 0.000423757
36.6275 0.000437249
36.64 0.000451083
36.6525 0.000465098
36.665 0.000479126
36.6775 0.000492996
36.69 0.000506531
36.7025 0.000519557
36.715 0.000531918
36.7275 0.000543436
36.74 0.000553988
36.7525 0.000563447
36.765 0.000571726
36.7775 0.000578757
36.79 0.000584509
36.8025 0.000588978
36.815 0.00059219
36.8275 0.000594201
36.84 0.000595103
36.8525 0.000595014
36.865 0.000594068
36.8775 0.00059243
36.89 0.000590276
36.9025 0.000587791
36.915 0.000585161
36.9275 0.00058257
36.94 0.000580186
36.9525 0.000578161
36.965 0.000576619
36.9775 0.000575655
36.99 0.000575331
37.0025 0.000575674
37.015 0.000576676
37.0275 0.000578286
37.04 0.00058042
37.0525 0.000582959
37.065 0.000585757
37.0775 0.000588648
37.09 0.000591447
37.1025 0.000593964
37.115 0.000596004
37.1275 0.00059738
37.14 0.000597928
37.1525 0.00059748
37.165 0.000595891
37.1775 0.000593046
37.19 0.000588926
37.2025 0.000583452
37.215 0.000576625
37.2275 0.000568452
37.24 0.000558979
37.2525 0.00054827
37.265 0.000536422
37.2775 0.000523447
37.29 0.000509365
37.3025 0.000494202
37.315 0.00047804
37.3275 0.000460947
37.34 0.000442972
37.3525 0.00042411
37.365 0.000404552
37.3775 0.000384344
37.39 0.000363513
37.4025 0.000342123
37.415 0.000320292
37.4275 0.000298135
37.44 0.000275751
37.4525 0.000253253
37.465 0.000230787
37.4775 0.000208512
37.49 0.000186584
37.5025 0.000165156
37.515 0.0001444
37.5275 0.000124493
37.54 0.000105612
37.5525 8.79226e-05
37.565 7.15882e-05
37.5775 5.67667e-05
37.59 4.36053e-05
37.6025 3.22344e-05
37.615 2.27658e-05
37.6275 1.52933e-05
37.64 9.88975e-06
37.6525 6.60352e-06
37.665 5.45621e-06
37.6775 6.43381e-06
37.69 9.49759e-06
37.7025 1.45853e-05
37.715 2.15969e-05
37.7275 3.0399e-05
37.74 4.08368e-05
37.7525 5.27342e-05
37.765 6.58976e-05
37.7775 8.01241e-05
37.79 9.52102e-05
37.8025 0.000110955
37.815 0.000127165
37.8275 0.000143656
37.84 0.000160258
37.8525 0.000176822
37.865 0.000193214
37.8775 0.000209323
37.89 0.000225059
37.9025 0.000240353
37.915 0.000255153
37.9275 0.000269441
37.94 0.000283181
37.9525 0.000296476
37.965 0.000309326
37.9775 0.000321777
37.99 0.000333843
38.0025 0.000345575
38.015 0.000357026
38.0275 0.000368214
38.04 0.000379269
38.0525 0.000390199
38.065 0.000401068
38.0775 0.000411889
38.09 0.000422642
38.1025 0.00043331
38.115 0.00044384
38.1275 0.000454166
38.14 0.000464213
38.1525 0.000473888
38.165 0.000483093
38.1775 0.000491731
38.19 0.000499705
38.2025 0.000506946
38.215 0.000513334
38.2275 0.00051881
38.24 0.000523306
38.2525 0.000526807
38.265 0.000529304
38.2775 0.000530824
38.29 0.000531427
38.3025 0.000531199
38.315 0.000530252
38.3275 0.00052873
38.34 0.000526801
38.3525 0.000524646
38.365 0.000522457
38.3775 0.000520431
38.39 0.000518764
38.4025 0.00051764
38.415 0.000517224
38.4275 0.000517661
38.44 0.000519064
38.4525 0.000521517
38.465 0.00052506
38.4775 0.000529698
38.49 0.000535393
38.5025 0.000542068
38.515 0.000549607
38.5275 0.000557867
38.54 0.000566742
38.5525 0.000575934
38.565 0.000585312
38.5775 0.000594642
38.59 0.000603682
38.6025 0.000612186
38.615 0.00061993
38.6275 0.000626689
38.64 0.000632239
38.6525 0.000636369
38.665 0.000638897
38.6775 0.00063967
38.69 0.000638558
38.7025 0.00063545
38.715 0.00063032
38.7275 0.00062315
38.74 0.00061398
38.7525 0.000602871
38.765 0.000589919
38.7775 0.000575256
38.79 0.00055905
38.8025 0.0005415
38.815 0.000522801
38.8275 0.000503185
38.84 0.000482876
38.8525 0.000462133
38.865 0.000441025
38.8775 0.000419713
38.89 0.000398447
38.9025 0.000377349
38.915 0.000356478
38.9275 0.000335934
38.94 0.000315858
38.9525 0.000296361
38.965 0.00027752
38.9775 0.000259418
38.99 0.000242155
39.0025 0.000225837
39.015 0.000210548
39.0275 0.000196367
39.04 0.00018338
39.0525 0.00017168
39.065 0.000161354
39.0775 0.000152479
39.09 0.000145125
39.1025 0.000139366
39.115 0.000135263
39.1275 0.000132866
39.14 0.000132209
39.1525 0.000133304
39.165 0.000136149
39.1775 0.000140722
39.19 0.000146966
39.2025 0.0001548
39.215 0.000164119
39.2275 0.000174794
39.24 0.000186665
39.2525 0.000199551
39.265 0.000213251
39.2775 0.000227548
39.29 0.000242212
39.3025 0.000257004
39.315 0.00027168
39.3275 0.000286002
39.34 0.00029974
39.3525 0.000312693
39.365 0.000324688
39.3775 0.000335598
39.39 0.000345269
39.4025 0.000353579
39.415 0.000360432
39.4275 0.000365799
39.44 0.000369674
39.4525 0.000372059
39.465 0.000372982
39.4775 0.000372526
39.49 0.000370795
39.5025 0.000367918
39.515 0.000364044
39.5275 0.000359344
39.54 0.000354007
39.5525 0.000348182
39.565 0.000342098
39.5775 0.000335938
39.59 0.000329894
39.6025 0.000324122
39.615 0.000318757
39.6275 0.000313938
39.64 0.000309795
39.6525 0.000306416
39.665 0.000303924
39.6775 0.000302368
39.69 0.000301808
39.7025 0.00030226
39.715 0.000303706
39.7275 0.000306113
39.74 0.00030942
39.7525 0.000313541
39.765 0.000318377
39.7775 0.00032381
39.79 0.000329717
39.8025 0.000335984
39.815 0.000342469
39.8275 0.000349146
39.84 0.000355874
39.8525 0.000362586
39.865 0.000369205
39.8775 0.000375702
39.89 0.00038206
39.9025 0.000388261
39.915 0.000394313
39.9275 0.000400233
39.94 0.000406059
39.9525 0.000411835
39.965 0.000417606
39.9775 0.000423423
39.99 0.000429338
40.0025 0.000435395
40.015 0.000441631
40.0275 0.000448068
40.04 0.000454717
40.0525 0.000461573
40.065 0.000468612
40.0775 0.000475794
40.09 0.000483059
40.1025 0.000490331
40.115 0.000497521
40.1275 0.000504524
40.14 0.000511228
40.1525 0.000517513
40.165 0.000523257
40.1775 0.000528339
40.19 0.000532644
40.2025 0.000536065
40.215 0.00053851
40.2275 0.000539902
40.24 0.000540183
40.2525 0.000539324
40.265 0.000537324
40.2775 0.000534204
40.29 0.000530019
40.3025 0.000524848
40.315 0.000518792
40.3275 0.000511972
40.34 0.00050452
40.3525 0.00049658
40.365 0.000488297
40.3775 0.000479809
40.39 0.000471249
40.4025 0.000462746
40.415 0.000454421
40.4275 0.000446302
40.44 0.000438383
40.4525 0.000430635
40.465 0.000422982
40.4775 0.0004154
40.49 0.000407769
40.5025 0.000399991
40.515 0.000391937
40.5275 0.000383469
40.54 0.000374461
40.5525 0.000364808
40.565 0.000354405
40.5775 0.000343161
40.59 0.00033101
40.6025 0.000317902
40.615 0.000303845
40.6275 0.000288889
40.64 0.000273089
40.6525 0.000256534
40.665 0.000239343
40.6775 0.00022166
40.69 0.000203648
40.7025 0.00018549
40.715 0.000167379
40.7275 0.000149515
40.74 0.0001321
40.7525 0.000115331
40.765 9.93952e-05
40.7775 8.44644e-05
40.79 7.06921e-05
40.8025 5.8208e-05
40.815 4.71162e-05
40.8275 3.74934e-05
40.84 2.93872e-05
40.8525 2.28253e-05
40.865 1.7793e-05
40.8775 1.42513e-05
40.89 1.21439e-05
40.9025 1.1388e-05
40.915 1.18846e-05
40.9275 1.35181e-05
40.94 1.61603e-05
40.9525 1.9674e-05
40.965 2.3925e-05
40.9775 2.87849e-05
40.99 3.41415e-05
41.0025 3.98969e-05
41.015 4.59763e-05
41.0275 5.23266e-05
41.04 5.89241e-05
41.0525 6.57676e-05
41.065 7.28801e-05
41.0775 8.03029e-05
41.09 8.8095e-05
41.1025 9.63373e-05
41.115 0.000105109
41.1275 0.000114495
41.14 0.000124575
41.1525 0.000135418
41.165 0.000147079
41.1775 0.000159594
41.19 0.000172974
41.2025 0.000187206
41.215 0.000202245
41.2275 0.000218017
41.24 0.000234424
41.2525 0.000251342
41.265 0.000268631
41.2775 0.000286178
41.29 0.000303859
41.3025 0.000321529
41.315 0.000339182
41.3275 0.000356674
41.34 0.000373888
41.3525 0.000390737
41.365 0.000407119
41.3775 0.00042293
41.39 0.000438044
41.4025 0.000452359
41.415 0.000465798
41.4275 0.000478283
41.44 0.000489738
41.4525 0.000500111
41.465 0.000509367
41.4775 0.00051749
41.49 0.000524512
41.5025 0.000530355
41.515 0.000535083
41.5275 0.000538701
41.54 0.000541276
41.5525 0.000542862
41.565 0.000543542
41.5775 0.000543403
41.59 0.000542547
41.6025 0.000541085
41.615 0.000539132
41.6275 0.000536809
41.64 0.000534237
41.6525 0.000531536
41.665 0.000528821
41.6775 0.0005262
41.69 0.000523773
41.7025 0.00052163
41.715 0.000519847
41.7275 0.000518488
41.74 0.000517605
41.7525 0.000517234
41.765 0.000517399
41.7775 0.000518109
41.79 0.000519362
41.8025 0.000521143
41.815 0.000523427
41.8275 0.000526181
41.84 0.000529364
41.8525 0.000532929
41.865 0.000536824
41.8775 0.000540996
41.89 0.000545389
41.9025 0.000549948
41.915 0.000554618
41.9275 0.000559346
41.94 0.000564099
41.9525 0.000568849
41.965 0.000573548
41.9775 0.0005782
41.99 0.000582775
42.0025 0.000587248
42.015 0.000591597
42.0275 0.000595803
42.04 0.000599834
42.0525 0.000603648
42.065 0.000607194
42.0775 0.000610419
42.09 0.000613256
42.1025 0.000615629
42.115 0.000617448
42.1275 0.00061862
42.14 0.000619042
42.1525 0.000618606
42.165 0.000617197
42.1775 0.000614701
42.19 0.000611012
42.2025 0.000606023
42.215 0.000599609
42.2275 0.000591763
42.24 0.0005824
42.2525 0.000571498
42.265 0.000559029
42.2775 0.000545009
42.29 0.000529479
42.3025 0.000512519
42.315 0.000494092
42.3275 0.000474293
42.34 0.000453172
42.3525 0.000430867
42.365 0.00040748
42.3775 0.000383034
42.39 0.00035788
42.4025 0.0003321
42.415 0.00030583
42.4275 0.000279264
42.44 0.000252662
42.4525 0.000226263
42.465 0.000200292
42.4775 0.000174997
42.49 0.000150658
42.5025 0.000127549
42.515 0.000105919
42.5275 8.60019e-05
42.54 6.80243e-05
42.5525 5.21948e-05
42.565 3.86845e-05
42.5775 2.76254e-05
42.59 1.91156e-05
42.6025 1.32194e-05
42.615 9.95919e-06
42.6275 9.30864e-06
42.64 1.11851e-05
42.6525 1.54871e-05
42.665 2.20607e-05
42.6775 3.07089e-05
42.69 4.12039e-05
42.7025 5.32959e-05
42.715 6.67141e-05
42.7275 8.11714e-05
42.74 9.63752e-05
42.7525 0.000112036
42.765 0.000127874
42.7775 0.00014362
42.79 0.000159025
42.8025 0.000173865
42.815 0.000187941
42.8275 0.000201087
42.84 0.000213162
42.8525 0.000224063
42.865 0.000233731
42.8775 0.000242101
42.89 0.000249202
42.9025 0.000255086
42.915 0.000259738
42.9275 0.0002632
42.94 0.00026552
42.9525 0.00026677
42.965 0.000267001
42.9775 0.000266252
42.99 0.000264559
43.0025 0.000261965
43.015 0.000258493
43.0275 0.000254126
43.04 0.000248887
43.0525 0.000242754
43.065 0.000235722
43.0775 0.000227786
43.09 0.000218917
43.1025 0.00020912
43.115 0.000198434
43.1275 0.00018692
43.14 0.000174659
43.1525 0.000161769
43.165 0.000148409
43.1775 0.000134781
43.19 0.000121119
43.2025 0.000107685
43.215 9.47764e-05
43.2275 8.27144e-05
43.24 7.18368e-05
43.2525 6.24758e-05
43.265 5.4969e-05
43.2775 4.97253e-05
43.29 4.70521e-05
43.3025 4.72545e-05
43.315 5.05673e-05
43.3275 5.71574e-05
43.34 6.71462e-05
43.3525 8.05501e-05
43.365 9.72903e-05
43.3775 0.000117234
43.39 0.000140143
43.4025 0.000165716
43.415 0.000193582
43.4275 0.000223422
43.44 0.00025491
43.4525 0.000287443
43.465 0.000320793
43.4775 0.000354461
43.49 0.000388015
43.5025 0.000421087
43.515 0.000453304
43.5275 0.000484339
43.54 0.000513839
43.5525 0.000541532
43.565 0.00056721
43.5775 0.000590712
43.59 0.000611903
43.6025 0.000630705
43.615 0.000647097
43.6275 0.000661114
43.64 0.000672822
43.6525 0.00068232
43.665 0.000689735
43.6775 0.000695234
43.69 0.000699001
43.7025 0.000701225
43.715 0.000702097
43.7275 0.000701805
43.74 0.000700535
43.7525 0.000698457
43.765 0.000695718
43.7775 0.000692443
43.79 0.000688734
43.8025 0.000684667
43.815 0.000680288
43.8275 0.00067562
43.84 0.000670666
43.8525 0.00066541
43.865 0.000659825
43.8775 0.000653874
43.89 0.000647521
43.9025 0.000640731
43.915 0.000633482
43.9275 0.000625767
43.94 0.0006176
43.9525 0.000609022
43.965 0.000600102
43.9775 0.000590937
43.99 0.000581651
44.0025 0.000572402
44.015 0.000563371
44.0275 0.000554735
44.04 0.000546706
44.0525 0.000539504
44.065 0.000533353
44.0775 0.000528473
44.09 0.000525063
44.1025 0.000523302
44.115 0.000523335
44.1275 0.000525259
44.14 0.000529121
44.1525 0.000534914
44.165 0.000542567
44.1775 0.000551952
44.19 0.000562879
44.2025 0.000575103
44.215 0.000588327
44.2275 0.00060221
44.24 0.000616378
44.2525 0.000630432
44.265 0.000643961
44.2775 0.000656555
44.29 0.000667814
44.3025 0.000677365
44.315 0.000684867
44.3275 0.000690071
44.34 0.000692707
44.3525 0.000692577
44.365 0.000689618
44.3775 0.000683775
44.39 0.000675013
44.4025 0.000663475
44.415 0.000649294
44.4275 0.000632674
44.44 0.000613833
44.4525 0.000593038
44.465 0.000570596
44.4775 0.000546864
44.49 0.000522104
44.5025 0.00049654
44.515 0.00047046
44.5275 0.000444113
44.54 0.000417725
44.5525 0.000391349
44.565 0.000365359
44.5775 0.000339816
44.59 0.000314769
44.6025 0.000290284
44.615 0.000266478
44.6275 0.000243424
44.64 0.000221151
44.6525 0.000199696
44.665 0.00017913
44.6775 0.000159522
44.69 0.000140923
44.7025 0.000123385
44.715 0.000106978
44.7275 9.17865e-05
44.74 7.78925e-05
44.7525 6.53733e-05
44.765 5.43118e-05
44.7775 4.47965e-05
44.79 3.69114e-05
44.8025 3.07297e-05
44.815 2.63133e-05
44.8275 2.37136e-05
44.84 2.29662e-05
44.8525 2.40747e-05
44.865 2.70221e-05
44.8775 3.17644e-05
44.89 3.82202e-05
44.9025 4.62762e-05
44.915 5.57881e-05
44.9275 6.65805e-05
44.94 7.84476e-05
44.9525 9.11579e-05
44.965 0.00010446
44.9775 0.000118086
44.99 0.000131759
45.0025 0.000145196
45.015 0.000158118
45.0275 0.000170255
45.04 0.000181352
45.0525 0.000191175
45.065 0.000199518
45.0775 0.000206206
45.09 0.000211099
45.1025 0.000214097
45.115 0.00021514
45.1275 0.000214212
45.14 0.000211334
45.1525 0.000206569
45.165 0.000200017
45.1775 0.000191815
45.19 0.00018213
45.2025 0.000171156
45.215 0.000159106
45.2275 0.000146207
45.24 0.000132689
45.2525 0.000118789
45.265 0.000104738
45.2775 9.07617e-05
45.29 7.70774e-05
45.3025 6.38964e-05
45.315 5.13977e-05
45.3275 3.97574e-05
45.34 2.91302e-05
45.3525 1.9657e-05
45.365 1.14501e-05
45.3775 4.57269e-06
45.39 -8.15935e-07
45.4025 -4.70902e-06
45.415 -7.03179e-06
45.4275 -7.72094e-06
45.44 -6.71952e-06
45.4525 -4.0024e-06
45.465 4.66135e-07
45.4775 6.71971e-06
45.49 1.47826e-05
45.5025 2.46678e-05
45.515 3.63734e-05
45.5275 4.98913e-05
45.54 6.51998e-05
45.5525 8.22585e-05
45.565 0.000101008
45.5775 0.00012137
45.59 0.00014325
45.6025 0.000166527
45.615 0.000191055
45.6275 0.000216664
45.64 0.000243146
45.6525 0.00027037
45.665 0.00029826
45.6775 0.000326584
45.69 0.000355218
45.7025 0.000383978
45.715 0.00041261
45.7275 0.00044089
45.74 0.000468633
45.7525 0.000495589
45.765 0.000521484
45.7775 0.000546052
45.79 0.000569053
45.8025 0.000590258
45.815 0.000609437
45.8275 0.000626371
45.84 0.000640882
45.8525 0.000652828
45.865 0.000662101
45.8775 0.000668627
45.89 0.000672326
45.9025 0.000673218
45.915 0.000671363
45.9275 0.000666848
45.94 0.000659815
45.9525 0.000650461
45.965 0.000639023
45.9775 0.00062577
45.99 0.000610999
46.0025 0.000595034
46.015 0.000578218
46.0275 0.000560893
46.04 0.000543403
46.0525 0.000526081
46.065 0.000509247
46.0775 0.000493199
46.09 0.000478171
46.1025 0.000464331
46.115 0.000451964
46.1275 0.000441166
46.14 0.000432043
46.1525 0.000424603
46.165 0.000418885
46.1775 0.000414903
46.19 0.000412627
46.2025 0.000411988
46.215 0.0004129
46.2275 0.000415287
46.24 0.000419049
46.2525 0.000424066
46.265 0.000430214
46.2775 0.000437385
46.29 0.000445471
46.3025 0.000454356
46.315 0.000464043
46.3275 0.000474419
46.34 0.00048543
46.3525 0.000497022
46.365 0.000509172
46.3775 0.000521854
46.39 0.000535028
46.4025 0.000548641
46.415 0.000562646
46.4275 0.000576976
46.44 0.000591544
46.4525 0.000606236
46.465 0.000620916
46.4775 0.000635427
46.49 0.000649589
46.5025 0.000663196
46.515 0.000676022
46.5275 0.000687831
46.54 0.000698376
46.5525 0.000707406
46.565 0.000714672
46.5775 0.000719939
46.59 0.000722973
46.6025 0.000723602
46.615 0.000721671
46.6275 0.000717087
46.64 0.000709774
46.6525 0.000699722
46.665 0.00068698
46.6775 0.000671655
46.69 0.000653902
46.7025 0.000633942
46.715 0.000612031
46.7275 0.000588478
46.74 0.000563628
46.7525 0.000537663
46.765 0.000511021
46.7775 0.00048411
46.79 0.000457037
46.8025 0.000430074
46.815 0.000403484
46.8275 0.000377551
46.84 0.000352474
46.8525 0.000328429
46.865 0.00030561
46.8775 0.000284201
46.89 0.000264345
46.9025 0.000246147
46.915 0.000229698
46.9275 0.000215081
46.94 0.000202353
46.9525 0.000191542
46.965 0.000182655
46.9775 0.00017569
46.99 0.000170629
47.0025 0.00016744
47.015 0.000166072
47.0275 0.000166459
47.04 0.000168536
47.0525 0.000172224
47.065 0.000177426
47.0775 0.000184039
47.09 0.000191956
47.1025 0.000201062
47.115 0.000211234
47.1275 0.00022234
47.14 0.000234247
47.1525 0.000246818
47.165 0.00025991
47.1775 0.000273374
47.19 0.000287057
47.2025 0.000300803
47.215 0.000314455
47.2275 0.00032785
47.24 0.000340825
47.2525 0.000353218
47.265 0.000364866
47.2775 0.000375612
47.29 0.000385318
47.3025 0.000393812
47.315 0.000401047
47.3275 0.000406897
47.34 0.000411249
47.3525 0.000414
47.365 0.000415086
47.3775 0.000414468
47.39 0.000412121
47.4025 0.000408016
47.415 0.000402158
47.4275 0.000394557
47.44 0.000385272
47.4525 0.000374384
47.465 0.000361992
47.4775 0.000348181
47.49 0.000333077
47.5025 0.000316844
47.515 0.000299673
47.5275 0.000281757
47.54 0.000263307
47.5525 0.000244561
47.565 0.000225771
47.5775 0.000207193
47.59 0.000189082
47.6025 0.000171696
47.615 0.000155292
47.6275 0.000140117
47.64 0.000126401
47.6525 0.000114355
47.665 0.000104172
47.6775 9.60208e-05
47.69 9.00411e-05
47.7025 8.63427e-05
47.715 8.50058e-05
47.7275 8.60761e-05
47.74 8.95553e-05
47.7525 9.54274e-05
47.765 0.00010363
47.7775 0.000114066
47.79 0.00012661
47.8025 0.000141106
47.815 0.000157388
47.8275 0.000175295
47.84 0.000194622
47.8525 0.000215158
47.865 0.000236679
47.8775 0.000258954
47.89 0.000281742
47.9025 0.000304861
47.915 0.000328188
47.9275 0.000351421
47.94 0.000374516
47.9525 0.000397259
47.965 0.000419483
47.9775 0.000441052
47.99 0.000461858
48.0025 0.000481755
48.015 0.000500597
48.0275 0.000518243
48.04 0.000534584
48.0525 0.000549515
48.065 0.000562921
48.0775 0.0005747
48.09 0.00058477
48.1025 0.000593065
48.115 0.000599525
48.1275 0.000604103
48.14 0.00060677
48.1525 0.000607519
48.165 0.000606373
48.1775 0.000603362
48.19 0.000598548
48.2025 0.000592017
48.215 0.000583868
48.2275 0.000574232
48.24 0.000563262
48.2525 0.00055113
48.265 0.00053803
48.2775 0.000524168
48.29 0.00050976
48.3025 0.000495032
48.315 0.000480215
48.3275 0.000465541
48.34 0.000451215
48.3525 0.000437375
48.365 0.000424316
48.3775 0.000412183
48.39 0.000401103
48.4025 0.000391172
48.415 0.000382524
48.4275 0.00037527
48.44 0.000369482
48.4525 0.000365202
48.465 0.000362476
48.4775 0.000361339
48.49 0.000361794
48.5025 0.000363814
48.515 0.000367365
48.5275 0.000372391
48.54 0.000378818
48.5525 0.000386548
48.565 0.000395473
48.5775 0.000405468
48.59 0.000416424
48.6025 0.000428185
48.615 0.000440731
48.6275 0.000453858
48.64 0.00046748
48.6525 0.000481428
48.665 0.000495585
48.6775 0.000509827
48.69 0.000524021
48.7025 0.00053801
48.715 0.000551645
48.7275 0.000564782
48.74 0.000577276
48.7525 0.000588974
48.765 0.000599721
48.7775 0.000609371
48.79 0.000617777
48.8025 0.000624822
48.815 0.000630375
48.8275 0.000634327
48.84 0.000636579
48.8525 0.00063705
48.865 0.000635677
48.8775 0.000632427
48.89 0.000627279
48.9025 0.000620247
48.915 0.000611374
48.9275 0.000600731
48.94 0.000588416
48.9525 0.00057456
48.965 0.000559311
48.9775 0.000542849
48.99 0.000525364
49.0025 0.000507064
49.015 0.000488023
49.0275 0.000468567
49.04 0.000448873
49.0525 0.000429065
49.065 0.000409279
49.0775 0.000389725
49.09 0.000370532
49.1025 0.000351846
49.115 0.000333771
49.1275 0.000316452
49.14 0.000300024
49.1525 0.000284602
49.165 0.000270286
49.1775 0.000257172
49.19 0.000245359
49.2025 0.000234931
49.215 0.000225957
49.2275 0.000218493
49.24 0.000212592
49.2525 0.000208294
49.265 0.000205622
49.2775 0.000204588
49.29 0.000205181
49.3025 0.00020738
49.315 0.000211148
49.3275 0.000216424
49.34 0.000223126
49.3525 0.000231158
49.365 0.000240407
49.3775 0.000250741
49.39 0.000262012
49.4025 0.000274059
49.415 0.000286713
49.4275 0.000299795
49.44 0.000313119
49.4525 0.000326495
49.465 0.000339733
49.4775 0.000352647
49.49 0.000365051
49.5025 0.000376793
49.515 0.000387708
49.5275 0.000397727
49.54 0.000406694
49.5525 0.000414533
49.565 0.000421125
49.5775 0.000426412
49.59 0.000430353
49.6025 0.000432908
49.615 0.000434036
49.6275 0.00043372
49.64 0.000431981
49.6525 0.000428839
49.665 0.000424332
49.6775 0.000418519
49.69 0.000411476
49.7025 0.000403289
49.715 0.000393995
49.7275 0.000383761
49.74 0.000372686
49.7525 0.00036087
49.765 0.000348403
49.7775 0.00033542
49.79 0.000322063
49.8025 0.000308466
49.815 0.000294763
49.8275 0.000281098
49.84 0.00026763
49.8525 0.000254515
49.865 0.000241904
49.8775 0.000229945
49.89 0.000218793
49.9025 0.000208594
49.915 0.000199487
49.9275 0.0001916
49.94 0.000185053
49.9525 0.000179953
49.965 0.000176392
49.9775 0.000174448
49.99 0.000174177
50.0025 0.000175613
50.015 0.000178768
50.0275 0.000183638
50.04 0.000190184
50.0525 0.000198343
50.065 0.00020803
50.0775 0.000219136
50.09 0.000231558
50.1025 0.000245144
50.115 0.00025974
50.1275 0.000275172
50.14 0.000291255
50.1525 0.000307795
50.165 0.000324609
50.1775 0.000341556
50.19 0.000358464
50.2025 0.000375172
50.215 0.00039156
50.2275 0.000407451
50.24 0.000422714
50.2525 0.000437247
50.265 0.000450948
50.2775 0.000463697
50.29 0.000475387
50.3025 0.000485939
50.315 0.000495288
50.3275 0.000503369
50.34 0.000510124
50.3525 0.000515514
50.365 0.000519517
50.3775 0.000522122
50.39 0.000523319
50.4025 0.000523126
50.415 0.000521573
50.4275 0.000518701
50.44 0.000514571
50.4525 0.000509258
50.465 0.000502852
50.4775 0.000495458
50.49 0.000487191
50.5025 0.000478177
50.515 0.000468551
50.5275 0.000458452
50.54 0.000448026
50.5525 0.000437422
50.565 0.00042679
50.5775 0.000416203
50.59 0.00040585
50.6025 0.000395849
50.615 0.000386311
50.6275 0.000377295
50.64 0.000368895
50.6525 0.00036121
50.665 0.000354321
50.6775 0.000348285
50.69 0.000343157
50.7025 0.000338999
50.715 0.000335862
50.7275 0.00033378
50.74 0.000332777
50.7525 0.000332872
50.765 0.000334071
50.7775 0.000336372
50.79 0.000339754
50.8025 0.000344182
50.815 0.000349611
50.8275 0.000355987
50.84 0.00036324
50.8525 0.000371286
50.865 0.000380031
50.8775 0.00038939
50.89 0.000399247
50.9025 0.000409576
50.915 0.000420218
50.9275 0.000431098
50.94 0.000442073
50.9525 0.000453042
50.965 0.000463896
50.9775 0.000474519
50.99 0.000484779
51.0025 0.000494548
51.015 0.000503711
51.0275 0.000512152
51.04 0.000519753
51.0525 0.000526405
51.065 0.000532008
51.0775 0.000536477
51.09 0.000539735
51.1025 0.000541716
51.115 0.000542372
51.1275 0.000541672
51.14 0.000539615
51.1525 0.000536205
51.165 0.000531472
51.1775 0.000525474
51.19 0.000518283
51.2025 0.000509987
51.215 0.000500694
51.2275 0.000490524
51.24 0.000479609
51.2525 0.000468093
51.265 0.000456117
51.2775 0.000443742
51.29 0.000431181
51.3025 0.000418553
51.315 0.00040594
51.3275 0.000393422
51.34 0.000381113
51.3525 0.000369118
51.365 0.000357513
51.3775 0.000346364
51.39 0.000335747
51.4025 0.000325738
51.415 0.000316404
51.4275 0.000307794
51.44 0.000299942
51.4525 0.000292892
51.465 0.000286688
51.4775 0.000281358
51.49 0.000276925
51.5025 0.00027341
51.515 0.000270833
51.5275 0.000269208
51.54 0.000268541
51.5525 0.000268833
51.565 0.000270077
51.5775 0.000272265
51.59 0.000275372
51.6025 0.000279366
51.615 0.000284205
51.6275 0.000289837
51.64 0.000296201
51.6525 0.000303222
51.665 0.000310817
51.6775 0.000318893
51.69 0.00032735
51.7025 0.000336079
51.715 0.000344962
51.7275 0.00035388
51.74 0.000362709
51.7525 0.000371324
51.765 0.000379615
51.7775 0.000387487
51.79 0.000394843
51.8025 0.000401595
51.815 0.000407648
51.8275 0.000412916
51.84 0.000417338
51.8525 0.000420866
51.865 0.000423445
51.8775 0.000425027
51.89 0.000425586
51.9025 0.000425113
51.915 0.000423612
51.9275 0.000421093
51.94 0.000417585
51.9525 0.00041314
51.965 0.000407822
51.9775 0.000401702
51.99 0.000394834
52.0025 0.000387315
52.015 0.000379266
52.0275 0.000370774
52.04 0.000361911
52.0525 0.00035278
52.065 0.000343498
52.0775 0.000334172
52.09 0.000324899
52.1025 0.000315779
52.115 0.000306921
52.1275 0.00029843
52.14 0.000290399
52.1525 0.000282917
52.165 0.000276069
52.1775 0.000269939
52.19 0.000264597
52.2025 0.000260105
52.215 0.000256517
52.2275 0.000253881
52.24 0.000252232
52.2525 0.000251599
52.265 0.000251994
52.2775 0.000253419
52.29 0.00025587
52.3025 0.000259331
52.315 0.000263753
52.3275 0.000269111
52.34 0.000275345
52.3525 0.000282394
52.365 0.000290177
52.3775 0.000298608
52.39 0.000307591
52.4025 0.000317025
52.415 0.0003268
52.4275 0.000336801
52.44 0.000346923
52.4525 0.000357076
52.465 0.000367181
52.4775 0.00037713
52.49 0.000386862
52.5025 0.00039627
52.515 0.000405278
52.5275 0.000413827
52.54 0.000421856
52.5525 0.000429292
52.565 0.00043607
52.5775 0.00044214
52.59 0.000447459
52.6025 0.000451986
52.615 0.00045568
52.6275 0.000458516
52.64 0.000460476
52.6525 0.000461552
52.665 0.000461738
52.6775 0.000461047
52.69 0.000459497
52.7025 0.000457117
52.715 0.000453952
52.7275 0.000450052
52.74 0.000445479
52.7525 0.000440305
52.765 0.000434609
52.7775 0.000428479
52.79 0.000422004
52.8025 0.000415283
52.815 0.000408412
52.8275 0.000401468
52.84 0.000394531
52.8525 0.00038772
52.865 0.000381113
52.8775 0.000374757
52.89 0.000368713
52.9025 0.000363055
52.915 0.000357848
52.9275 0.000353136
52.94 0.000348961
52.9525 0.000345367
52.965 0.000342396
52.9775 0.000340078
52.99 0.000338433
53.0025 0.000337478
53.015 0.000337228
53.0275 0.000337687
53.04 0.000338849
53.0525 0.000340702
53.065 0.000343226
53.0775 0.000346393
53.09 0.000350166
53.1025 0.000354503
53.115 0.000359352
53.1275 0.000364659
53.14 0.000370359
53.1525 0.00037639
53.165 0.000382683
53.1775 0.000389206
53.19 0.000395877
53.2025 0.000402644
53.215 0.000409429
53.2275 0.000416163
53.24 0.000422785
53.2525 0.000429231
53.265 0.000435427
53.2775 0.000441298
53.29 0.000446777
53.3025 0.000451801
53.315 0.000456303
53.3275 0.000460222
53.34 0.0004635
53.3525 0.000466088
53.365 0.000467944
53.3775 0.000469028
53.39 0.000469313
53.4025 0.000468782
53.415 0.000467433
53.4275 0.000465267
53.44 0.000462303
53.4525 0.000458573
53.465 0.000454121
53.4775 0.000449001
53.49 0.000443276
53.5025 0.000437023
53.515 0.000430323
53.5275 0.000423265
53.54 0.000415923
53.5525 0.000408354
53.565 0.000400696
53.5775 0.000393009
53.59 0.000385345
53.6025 0.000377768
53.615 0.000370356
53.6275 0.000363173
53.64 0.000356268
53.6525 0.000349688
53.665 0.000343485
53.6775 0.000337707
53.69 0.00033239
53.7025 0.000327564
53.715 0.000323257
53.7275 0.000319495
53.74 0.000316303
53.7525 0.00031369
53.765 0.000311659
53.7775 0.000310216
53.79 0.00030936
53.8025 0.000309082
53.815 0.000309372
53.8275 0.000310214
53.84 0.000311591
53.8525 0.000313475
53.865 0.000315836
53.8775 0.000318643
53.89 0.000321859
53.9025 0.000325443
53.915 0.000329352
53.9275 0.00033354
53.94 0.000337958
53.9525 0.000342555
53.965 0.000347279
53.9775 0.000352075
53.99 0.000356886
54.0025 0.000361656
54.015 0.000366328
54.0275 0.000370848
54.04 0.00037516
54.0525 0.00037924
54.065 0.000383034
54.0775 0.000386506
54.09 0.000389608
54.1025 0.000392302
54.115 0.000394563
54.1275 0.000396364
54.14 0.000397672
54.1525 0.000398463
54.165 0.000398717
54.1775 0.000398425
54.19 0.000397582
54.2025 0.000396184
54.215 0.000394238
54.2275 0.000391765
54.24 0.000388787
54.2525 0.000385337
54.265 0.000381434
54.2775 0.000377134
54.29 0.000372493
54.3025 0.000367561
54.315 0.000362378
54.3275 0.000357004
54.34 0.000351509
54.3525 0.000345962
54.365 0.000340425
54.3775 0.000334965
54.39 0.000329654
54.4025 0.000324562
54.415 0.000319756
54.4275 0.000315296
54.44 0.00031124
54.4525 0.000307644
54.465 0.000304557
54.4775 0.000302017
54.49 0.000300057
54.5025 0.000298705
54.515 0.000297979
54.5275 0.000297889
54.54 0.000298436
54.5525 0.00029961
54.565 0.000301395
54.5775 0.000303764
54.59 0.00030669
54.6025 0.000310133
54.615 0.000314045
54.6275 0.000318374
54.64 0.000323061
54.6525 0.000328046
54.665 0.000333264
54.6775 0.000338649
54.69 0.000344135
54.7025 0.000349656
54.715 0.000355162
54.7275 0.000360611
54.74 0.000365947
54.7525 0.000371143
54.765 0.000376154
54.7775 0.000380944
54.79 0.000385485
54.8025 0.00038976
54.815 0.000393742
54.8275 0.000397404
54.84 0.000400726
54.8525 0.000403692
54.865 0.000406288
54.8775 0.000408496
54.89 0.000410302
54.9025 0.000411695
54.915 0.000412668
54.9275 0.000413213
54.94 0.000413323
54.9525 0.000413
54.965 0.000412247
54.9775 0.00041107
54.99 0.000409483
55.0025 0.000407502
55.015 0.00040515
55.0275 0.000402457
55.04 0.000399455
55.0525 0.000396184
55.065 0.000392688
55.0775 0.000389013
55.09 0.00038521
55.1025 0.000381321
55.115 0.00037739
55.1275 0.00037349
55.14 0.000369668
55.1525 0.000365958
55.165 0.000362403
55.1775 0.000359052
55.19 0.000355953
55.2025 0.000353142
55.215 0.000350652
55.2275 0.000348519
55.24 0.000346774
55.2525 0.000345443
55.265 0.000344542
55.2775 0.000344087
55.29 0.000344085
55.3025 0.000344538
55.315 0.000345441
55.3275 0.00034678
55.34 0.000348537
55.3525 0.000350686
55.365 0.000353194
55.3775 0.000356025
55.39 0.000359135
55.4025 0.000362479
55.415 0.00036601
55.4275 0.000369684
55.44 0.000373466
55.4525 0.000377313
55.465 0.000381186
55.4775 0.000385043
55.49 0.000388843
55.5025 0.000392554
55.515 0.000396147
55.5275 0.000399586
55.54 0.000402837
55.5525 0.000405868
55.565 0.000408655
55.5775 0.00041117
55.59 0.000413387
55.6025 0.000415281
55.615 0.000416832
55.6275 0.000418022
55.64 0.000418833
55.6525 0.000419252
55.665 0.000419265
55.6775 0.000418869
55.69 0.00041806
55.7025 0.000416838
55.715 0.000415211
55.7275 0.000413191
55.74 0.000410795
55.7525 0.000408046
55.765 0.000404969
55.7775 0.0004016
55.79 0.000397974
55.8025 0.00039413
55.815 0.000390112
55.8275 0.000385934
55.84 0.000381672
55.8525 0.000377364
55.865 0.000373039
55.8775 0.000368729
55.89 0.000364479
55.9025 0.000360332
55.915 0.000356322
55.9275 0.000352483
55.94 0.000348847
55.9525 0.000345452
55.965 0.000342327
55.9775 0.000339498
55.99 0.000336985
56.0025 0.000334812
56.015 0.000332994
56.0275 0.000331543
56.04 0.000330467
56.0525 0.00032977
56.065 0.000329446
56.0775 0.000329485
56.09 0.000329877
56.1025 0.000330606
56.115 0.000331652
56.1275 0.00033299
56.14 0.000334594
56.1525 0.000336433
56.165 0.000338478
56.1775 0.000340695
56.19 0.000343051
56.2025 0.000345514
56.215 0.00034805
56.2275 0.000350627
56.24 0.000353214
56.2525 0.000355781
56.265 0.0003583
56.2775 0.000360742
56.29 0.000363086
56.3025 0.000365307
56.315 0.000367388
56.3275 0.00036933
56.34 0.000371105
56.3525 0.000372702
56.365 0.000374106
56.3775 0.000375312
56.39 0.000376309
56.4025 0.000377088
56.415 0.000377636
56.4275 0.000377945
56.44 0.000378009
56.4525 0.000377822
56.465 0.000377378
56.4775 0.000376674
56.49 0.000375711
56.5025 0.000374492
56.515 0.000373024
56.5275 0.000371316
56.54 0.000369373
56.5525 0.000367218
56.565 0.000364871
56.5775 0.000362358
56.59 0.000359695
56.6025 0.000356909
56.615 0.000354033
56.6275 0.000351105
56.64 0.000348159
56.6525 0.000345232
56.665 0.000342366
56.6775 0.000339601
56.69 0.000336979
56.7025 0.000334537
56.715 0.000332315
56.7275 0.000330346
56.74 0.000328663
56.7525 0.000327294
56.765 0.000326261
56.7775 0.000325582
56.79 0.000325271
56.8025 0.000325332
56.815 0.000325766
56.8275 0.00032657
56.84 0.000327732
56.8525 0.000329233
56.865 0.000331049
56.8775 0.000333151
56.89 0.000335504
56.9025 0.00033807
56.915 0.000340809
56.9275 0.000343678
56.94 0.000346634
56.9525 0.000349633
56.965 0.000352636
56.9775 0.000355607
56.99 0.000358527
57.0025 0.000361356
57.015 0.000364084
57.0275 0.000366683
57.04 0.000369137
57.0525 0.000371437
57.065 0.000373579
57.0775 0.000375552
57.09 0.000377352
57.1025 0.000378974
57.115 0.000380419
57.1275 0.000381687
57.14 0.000382776
57.1525 0.000383686
57.165 0.000384418
57.1775 0.000384973
57.19 0.00038535
57.2025 0.000385547
57.215 0.000385565
57.2275 0.000385403
57.24 0.000385061
57.2525 0.000384539
57.265 0.000383839
57.2775 0.000382963
57.29 0.000381918
57.3025 0.000380709
57.315 0.000379347
57.3275 0.000377842
57.34 0.00037621
57.3525 0.000374467
57.365 0.000372635
57.3775 0.000370734
57.39 0.000368787
57.4025 0.000366813
57.415 0.000364849
57.4275 0.000362922
57.44 0.000361053
57.4525 0.000359264
57.465 0.000357585
57.4775 0.000356045
57.49 0.000354666
57.5025 0.000353471
57.515 0.00035248
57.5275 0.000351715
57.54 0.000351192
57.5525 0.000350921
57.565 0.000350912
57.5775 0.000351166
57.59 0.000351686
57.6025 0.000352463
57.615 0.000353487
57.6275 0.000354742
57.64 0.000356207
57.6525 0.000357859
57.665 0.000359668
57.6775 0.000361606
57.69 0.000363643
57.7025 0.000365757
57.715 0.000367914
57.7275 0.000370092
57.74 0.000372258
57.7525 0.000374387
57.765 0.000376458
57.7775 0.00037845
57.79 0.000380342
57.8025 0.000382114
57.815 0.00038375
57.8275 0.000385239
57.84 0.000386566
57.8525 0.000387722
57.865 0.000388698
57.8775 0.000389488
57.89 0.000390087
57.9025 0.00039049
