0 0 0
0 0 0
0 0 0
0 0 0
0 0 0
0 0 0
0 0 0
0 0 0
0 0 0
0 0 0
0 0 0
0 0 0
0 0 0
0 0 0
0 0 0
0 0 0
0 0 0
0 0 0
0 0 0
0 0 0
0 0 0
0 0 0
0 0 0
0 0 0
0 0 0
0 0 0
0 0 0
0 0 0
0 0 0
0 0 0
0 0 0
0 0 0
0 0 0
0 0 0
0 0 0
0 0 0
0 0 0
0 0 0
0 0 0
0 0 0
0 0 0
0 0 0
0 0 0
0 0 0
0 0 0
0 0 0
0 0 0
0 0 0
0 0 0
0 0 0
0 0 0
0 0 0
0 0 0
0 0 0
0 0 0
0 0 0
0 0 0
0 0 0
0 0 0
0 0 0
0 0 0
0 0 0
0 0 0
0 0 0
0 0 0
0 0 0
0 0 0
0 0 0
0 0 0
0 0 0
0 0 0
0 0 0
0 0 0
0 0 0
0 0 0
0 0 0
0 0 0
0 0 0
0 0 0
0 0 0
0 0 0
0 0 0
0 0 0
0 0 0
0 0 0
0 0 0
0 0 0
0 0 0
0 0 0
0 0 0
0 0 0
0 0 0
0 0 0
0 0 0
0 0 0
0 0 0
0 0 0
0 0 0
0 0 0
0 0 0
0 0 0
0 0 0
0 0 0
0 0 0
0 0 0
0 0 0
0 0 0
0 0 0
0 0 0
0 0 0
0 0 0
0 0 0
0 0 0
0 0 0
0 0 0
0 0 0
0 0 0
0 0 0
0 0 0
0 0 0
0 0 0
0 0 0
0 0 0
0 0 0
0 0 0
0 0 0
0 0 0
0 0 0
0 0 0
0 0 0
0 0 0
0 0 0
0 0 0
0 0 0
0 0 0
0 0 0
0 0 0
0 0 0
0 0 0
0 0 0
0 0 0
0 0 0
0 0 0
0 0 0
0 0 0
0 0 0
0 0 0
0 0 0
0 0 0
0 0 0
0 0 0
0 0 0
0 0 0
0 0 0
0 0 0
0 0 0
0 0 0
0 0 0
0 0 0
0 0 0
0 0 0
0 0 0
0 0 0
0 0 0
0 0 0
0 0 0
0 0 0
0 0 0
0 0 0
0 0 0
0 0 0
0 0 0
0 0.00597585 0
0 0.0125796 0
0 0.0175219 0
0 0.0207292 0
0 0.0221737 0
0 0.0219477 0
0 0.0203573 0
0 0.0175158 0
0 0.0135525 0
0 0.00862259 0
0 0.00725944 0
0 0.00725944 0
0 0.00725944 0
0 0.00725944 0
0 0.00725944 0
0 0.00725944 0
0 0.00725944 0
0 0.00725944 0
0 0.00725944 0
0 0.00725944 0
0 0.00725944 0
0 0.00725944 0
0 0.00725944 0
0.00194194 0.00725944 0
0.00400429 0.00725944 0
0.00621688 0.00725944 0
0.00859216 0.00725944 0
0.0110782 0.00725944 0
0.0135958 0.00725944 0
0.016075 0.00725944 0
0.0184408 0.00725944 0
0.0206177 0.00725944 0
0.0225658 0.00725944 0
0.0242134 0.00725944 0
0.0255877 0.00725944 0
0.0267565 0.00725944 0
0.0277534 0.00725944 0
0.0285683 0.00725944 0
0.0292066 0.00725944 0
0.029702 0.00725944 0
0.0301017 0.00725944 0
0.0304723 0.00725944 0
0.03091 0.00725944 0
0.0315239 0.00725944 0
0.032366 0.00725944 0
0.0334278 0.00725944 0
0.0346912 0.00725944 0
0.0361314 0.00725944 0
0.03772 0.00725944 0
0.0394346 0.00725944 0
0.0412562 0.00725944 0
0.0431557 0.00725944 0
0.0450958 0.00725944 0
0.047039 0.00725944 0
0.0489139 0.00725944 0
0.0506544 0.00725944 0
0.0521724 0.00725944 0
0.0534224 0.00725944 0
0.0543493 0.00725944 0
0.054875 0.00725944 0
0.0549135 0.00725944 0
0.0544659 0.00725944 0
0.053494 0.00725944 0
0.0519509 0.00725944 0
0.0497951 0.00725944 0
0.0469953 0.0103081 0
0.0435254 0.0220735 0
0.0393651 0.0329134 0
0.0345057 0.0425217 0
0.0289558 0.0506144 0
0.0227475 0.056936 0
0.0159214 0.0612708 0
0.0122851 0.0634555 0
0.0122851 0.0634479 0
0.0122851 0.0615414 0
0.0122851 0.0577059 0
0.0122851 0.0517626 0
0.0122851 0.044257 0
0.0122851 0.0352032 0
0.0122851 0.0244843 0
0.0122851 0.0216165 0
0.0122851 0.0216165 0
0.0122851 0.0216165 0
0.0122851 0.0216165 0
0.0122851 0.0216165 0
0.0122851 0.0216165 0
0.0122851 0.0216165 0
0.0122851 0.0216165 0
0.0122851 0.0216165 0
0.0122851 0.0216165 0
0.0122851 0.0216165 0
0.0122851 0.0216165 0
0.0122851 0.0216165 0
0.0122851 0.0216165 0
0.0122851 0.0216165 0
0.0122851 0.0216165 0
0.0122851 0.0216165 0
0.0122851 0.0216165 0
0.0122851 0.0216165 0
0.0122851 0.0216165 0
0.0122851 0.0216165 0
0.0122851 0.0216165 0
0.0122851 0.0216165 0
0.0122851 0.0176376 0
0.0110333 0.0165344 0
0.0110333 0.0165344 0
0.0110333 0.0165344 0
0.0110333 0.0165344 0
0.0110333 0.0165344 0
0.0110333 0.0165344 0
0.0110333 0.0165344 0
0.0110333 0.0165344 0
0.0110333 0.0165344 0
0.0109923 0.0165344 0
0.0109923 0.0165344 0
0.0109923 0.0165344 0
0.0109923 0.0165344 0
0.0109923 0.0165344 0
0.0109923 0.0165344 0
0.0109923 0.0165344 0
0.0109923 0.0164128 0
0.0109923 0.0157446 0
0.0109923 0.0157446 0
0.0109923 0.0157446 0
0.0109923 0.0157446 0
0.0109923 0.0157446 0
0.0109923 0.0157446 0
0.0109923 0.0157446 0
0.0109923 0.0157446 0
0.0109923 0.0157446 0
0.0109923 0.0157446 0
0.0109923 0.0157446 0
0.0109923 0.0157446 0
0.0109923 0.0157446 0
0.0109923 0.0157446 0
0.0109923 0.0157446 0
0.0109923 0.0157446 0
0.0109923 0.0157446 0
0.0109923 0.0157446 0
0.0109923 0.0157446 0
0.0109923 0.0157446 0
0.0109923 0.0157446 0
0.0109923 0.0157446 0
0.0109923 0.0157446 0
0.0109923 0.0157446 0
0.0109923 0.0157446 0
0.0109923 0.0157446 0
0.0109923 0.0157446 0
0.0109923 0.0157446 0
0.0109923 0.0157446 0
0.0109923 0.0157446 0
0.0109923 0.0157446 0
0.0109923 0.0157446 0
0.0109923 0.0157446 0
0.0109923 0.0157446 0
0.0109923 0.0157446 0
0.0109923 0.0157446 0
0.0109923 0.0157446 0
0.0109923 0.0157446 0
0.0109923 0.0157446 0
0.0109923 0.0157446 0
0.0109923 0.0157446 0
0.0109923 0.0157446 0
0.0109923 0.0157446 0
0.0109923 0.0157446 0
0.0109923 0.0157446 0
0.0109923 0.0157446 0
0.0109923 0.0157446 0
0.0109923 0.0157446 0
0.0109923 0.0157446 0
0.0109923 0.0157446 0
0.0109923 0.0157446 0
0.0109923 0.0157446 0
0.0109923 0.0157446 0
0.0109923 0.0157446 0
0.0109923 0.0157446 0
0.0109923 0.0157446 0
0.0109923 0.0157446 0
0.0109923 0.0157446 0
0.0109923 0.0157446 0
0.0109923 0.0157446 0
0.0109923 0.0157446 0
0.0109923 0.0157446 0
0.0109923 0.0157446 0
0.0109923 0.0157446 0
0.0109923 0.0157446 0
0.0109923 0.0157446 0
0.0109923 0.0157446 0
0.0109923 0.0157446 0
0.0109923 0.0157446 0
0.0109923 0.0157446 0
0.0109923 0.0157446 0
0.0109923 0.0157446 0
0.0109923 0.0157446 0
0.0109923 0.0157446 0
0.0109923 0.0157446 0
0.0109923 0.0157446 0
0.0109923 0.0157446 0
0.0109923 0.0157446 0
0.0109923 0.0157446 0
0.0109923 0.0157446 0
0.0109923 0.0157446 0
0.0109923 0.0157446 0
0.0109923 0.0157446 0
0.0109923 0.0157446 0
0.0109923 0.0157446 0
0.0109923 0.0157446 0
0.0109923 0.0157446 0
0.0109923 0.0157446 0
0.0109923 0.0157446 0
0.0109923 0.0157446 0
0.0109923 0.0157446 0
0.0109923 0.0157446 0
0.0109923 0.0157446 0
0.0109923 0.0157446 0
0.0109923 0.0157446 0
0.0109923 0.0157446 0
0.0109923 0.0157446 0
0.0109923 0.0157446 0
0.0109923 0.0157446 0
0.0109923 0.0157446 0
0.0109923 0.0157446 0
0.0109923 0.0157446 0
0.0109923 0.0157446 0
0.0109923 0.0157446 0
0.0109923 0.0157446 0
0.0109923 0.0157446 0
0.0109923 0.0157446 0
0.0109923 0.0157446 0
0.0109923 0.0157446 0
0.0109923 0.0157446 0
0.0182129 0.0157446 0
0.0257753 0.0157446 0
0.0337146 0.0157446 0
0.0420547 0.0157446 0
0.0507822 0.0157446 0
0.0598315 0.0157446 0
0.069116 0.0157446 0
0.0785477 0.0230662 0
0.0880344 0.0328574 0
0.0974656 0.0425489 0
0.106694 0.0519725 0
0.115543 0.0610364 0
0.123422 0.0696011 0
0.12358 0.0763057 0
0.123118 0.080148 0
0.121904 0.0849386 0
0.121666 0.088489 0
0.122096 0.0916431 0
0.12188 0.09391 0
0.121391 0.0949943 0
0.12141 0.0954488 0
0.121761 0.0951338 0
0.121911 0.0940467 0
0.121642 0.0921598 0
0.121009 0.0893129 0
0.119665 0.0856384 0
0.117637 0.0811748 0
0.115091 0.0759981 0
0.112064 0.0701959 0
0.108503 0.0638747 0
0.104415 0.0571648 0
0.0998512 0.0501862 0
0.0948562 0.0430437 0
0.0894758 0.0358409 0
0.0837715 0.0340435 0
0.0777876 0.0340435 0
0.0715499 0.0340435 0
0.0650913 0.0340435 0
0.0584588 0.0340435 0
0.0517004 0.0340435 0
0.0448694 0.0340435 0
0.0380303 0.0340435 0
0.0363266 0.0340435 0
0.0363266 0.0340435 0
0.0363266 0.0340435 0
0.0363266 0.0340435 0
0.0363266 0.0340435 0
0.0363266 0.0340435 0
0.0363266 0.0340435 0
0.0363266 0.0340435 0
0.0363266 0.0340435 0
0.0363266 0.0340435 0
0.0363266 0.0340435 0
0.0363266 0.0340435 0
0.0363266 0.0340435 0
0.0363266 0.0340435 0
0.0363266 0.0340435 0
0.0363266 0.0340435 0
0.0363266 0.0340435 0
0.0363266 0.0340435 0
0.0363266 0.0340435 0
0.0363266 0.0340435 0
0.0363266 0.0340435 0
0.0363266 0.0340435 0
0.0363266 0.0340435 0
0.0363266 0.0340435 0
0.0363266 0.0340435 0
0.0363266 0.0340435 0
0.0363266 0.0340435 0
0.0363266 0.0340435 0
0.0363266 0.0340435 0
0.0363266 0.0340435 0
0.0363266 0.0340435 0
0.0363266 0.0340435 0
0.0363266 0.0340435 0
0.0363266 0.0340435 0
0.0363266 0.0340435 0
0.0363266 0.0340435 0
0.0363266 0.0340435 0
0.0363266 0.0340435 0
0.0363266 0.0340435 0
0.0363266 0.0340435 0
0.0363266 0.0340435 0
0.0363266 0.0340435 0
0.0363266 0.0340435 0
0.0363266 0.0340435 0
0.0363266 0.0340435 0
0.0363266 0.0340435 0
0.0363266 0.0340435 0
0.0363266 0.0340435 0
0.0363266 0.0340435 0
0.0363266 0.0340435 0
0.0363266 0.0340435 0
0.0363266 0.0340435 0
0.0349646 0.0340435 0
0.0349646 0.0340435 0
0.0349646 0.0340435 0
0.0349646 0.0340435 0
0.0349646 0.0340435 0
0.0349646 0.0340435 0
0.0349646 0.0340435 0
0.0349646 0.0340435 0
0.0349646 0.0340435 0
0.0349646 0.0340435 0
0.0349646 0.0340435 0
0.0349646 0.0340435 0
0.0349646 0.0340435 0
0.0349646 0.0340435 0
0.0349646 0.0340435 0
0.0349646 0.0340435 0
0.0349646 0.0340435 0
0.0349646 0.0340435 0
0.0349646 0.0340435 0
0.0349646 0.0340435 0
0.0349646 0.0340435 0
0.0349646 0.0340435 0
0.0349646 0.031813 0
0.0349646 0.031813 0
0.0349646 0.031813 0
0.0349646 0.031813 0
0.0349646 0.031813 0
0.0349646 0.031813 0
0.0349646 0.031813 0
0.0349646 0.031813 0
0.0349646 0.031813 0
0.0349646 0.031813 0
0.0349646 0.031813 0
0.0349646 0.031813 0
0.0349646 0.031813 0
0.0349646 0.0317152 0
0.0349646 0.0317152 0
0.0349646 0.0317152 0
0.0349646 0.0317152 0
0.0349646 0.0317152 0
0.0349646 0.0317152 0
0.0349646 0.0317152 0
0.0349646 0.0317152 0
0.0349646 0.0317152 0
0.0349646 0.0317152 0
0.0349646 0.0317152 0
0.0349646 0.0317152 0
0.0349646 0.0317152 0
0.0349646 0.0317152 0
0.0349646 0.0317152 0
0.0349646 0.0317152 0
0.0349646 0.0317152 0
0.0349646 0.0317152 0
0.0349646 0.0317152 0
0.0349646 0.0317152 0
0.0349646 0.0317152 0
0.0349646 0.0317152 0
0.0349646 0.0317152 0
0.0349646 0.0317152 0
0.0349646 0.0317152 0
0.0349646 0.0317152 0
0.0349646 0.0317152 0
0.0349646 0.0317152 0
0.0349646 0.0317152 0
0.0349646 0.0317152 0
0.0349646 0.0317152 0
0.0349646 0.0317152 0
0.0349646 0.0317152 0
0.0349646 0.0317152 0
0.0349646 0.0317152 0
0.0349646 0.0317152 0
0.0349646 0.0317152 0
0.0349646 0.0317152 0
0.0349646 0.0317152 0
0.0349646 0.0317152 0
0.0349646 0.0317152 0
0.0349646 0.0317152 0
0.0349646 0.0317152 0
0.0349646 0.0317152 0
0.0349646 0.0317152 0
0.0349646 0.0317152 0
0.0349646 0.0317152 0
0.0349646 0.0317152 0
0.0349646 0.0317152 0
0.0349646 0.0317152 0
0.0349646 0.0317152 0
0.0375156 0.0317152 0
0.0502166 0.0317152 0
0.0649344 0.0317152 0
0.0772084 0.0317152 0
0.0872817 0.0317152 0
0.0975867 0.0317152 0
0.107651 0.0317152 0
0.116091 0.0317152 0
0.12338 0.0317152 0
0.130274 0.0317152 0
0.136442 0.0317152 0
0.141614 0.0317152 0
0.146162 0.0317152 0
0.150331 0.0317152 0
0.154004 0.0317152 0
0.157173 0.0317152 0
0.160061 0.0317152 0
0.162833 0.0317152 0
0.165536 0.0317152 0
0.168262 0.0317152 0
0.171115 0.0317152 0
0.174153 0.0317152 0
0.17744 0.0317152 0
0.181066 0.0317152 0
0.185097 0.0317152 0
0.189574 0.0317152 0
0.194485 0.0317152 0
0.199822 0.0317152 0
0.205539 0.0317152 0
0.211568 0.0317152 0
0.217778 0.0317152 0
0.223988 0.0317152 0
0.230075 0.0317152 0
0.235999 0.0317152 0
0.241729 0.0317152 0
0.247182 0.0317152 0
0.252269 0.0317152 0
0.25696 0.0317152 0
0.261213 0.0317152 0
0.264924 0.0317152 0
0.267903 0.0317152 0
0.270392 0.0317152 0
0.272318 0.0317152 0
0.273528 0.0317152 0
0.273931 0.0317152 0
0.273783 0.0317152 0
0.273265 0.0317152 0
0.27241 0.0317152 0
0.271232 0.0317152 0
0.269699 0.0317152 0
0.267794 0.0317152 0
0.26554 0.0317152 0
0.262959 0.0317152 0
0.260054 0.0317152 0
0.256813 0.0317152 0
0.253257 0.0317152 0
0.249466 0.0317152 0
0.245501 0.0317152 0
0.241402 0.0317152 0
0.237183 0.0317152 0
0.232868 0.0317152 0
0.228483 0.0317152 0
0.224023 0.0317152 0
0.219479 0.0317152 0
0.214833 0.0317152 0
0.207471 0.0317152 0
0.198922 0.0317152 0
0.1902 0.0317152 0
0.181281 0.0317152 0
0.172132 0.0317152 0
0.162732 0.0317152 0
0.153068 0.0317152 0
0.143103 0.0317152 0
0.132808 0.0317152 0
0.122154 0.0317152 0
0.111112 0.0317152 0
0.0996704 0.0317152 0
0.0877935 0.0317152 0
0.084754 0.0317152 0
0.084754 0.0317152 0
0.084754 0.0317152 0
0.084754 0.0317152 0
0.084754 0.0317152 0
0.084754 0.0317152 0
0.084754 0.0317152 0
0.084754 0.0317152 0
0.084754 0.0317152 0
0.084754 0.0317152 0
0.084754 0.0317152 0
0.084754 0.0317152 0
0.084754 0.0317152 0
0.084754 0.0317152 0
0.084754 0.0317152 0
0.084754 0.0317152 0
0.084754 0.0317152 0
0.084754 0.0317152 0
0.084754 0.0317152 0
0.084754 0.0317152 0
0.084754 0.0317152 0
0.084754 0.0317152 0
0.084754 0.0317152 0
0.084754 0.0317152 0
0.084754 0.0317152 0
0.084754 0.0317152 0
0.084754 0.0317152 0
0.084754 0.0317152 0
0.084754 0.0317152 0
0.084754 0.0317152 0
0.084754 0.0317152 0
0.084754 0.0317152 0
0.084754 0.0317152 0
0.084754 0.0317152 0
0.084754 0.0317152 0
0.084754 0.0317152 0
0.084754 0.0317152 0
0.084754 0.0317152 0
0.084754 0.0317152 0
0.084754 0.0317152 0
0.084754 0.0317152 0
0.084754 0.0317152 0
0.084754 0.0317152 0
0.084754 0.0317152 0
0.084754 0.0317152 0
0.084754 0.0317152 0
0.084754 0.0317152 0
0.084754 0.0317152 0
0.084754 0.0317152 0
0.084754 0.0317152 0
0.084754 0.0317152 0
0.084754 0.0317152 0
0.084754 0.0317152 0
0.084754 0.0317152 0
0.084754 0.0317152 0
0.084754 0.0317152 0
0.084754 0.0317152 0
0.084754 0.0317152 0
0.084754 0.0317152 0
0.084754 0.0317152 0
0.084754 0.0317152 0
0.084754 0.0317152 0
0.084754 0.0317152 0
0.084754 0.0317152 0
0.084754 0.0317152 0
0.084754 0.0317152 0
0.084754 0.0317152 0
0.084754 0.0317152 0
0.084754 0.0317152 0
0.084754 0.0317152 0
0.084754 0.0317152 0
0.084754 0.0317152 0
0.084754 0.0317152 0
0.084754 0.0317152 0
0.084754 0.0317152 0
0.084754 0.0317152 0
0.084754 0.0317152 0
0.084754 0.0317152 0
0.084754 0.0317152 0
0.084754 0.0317152 0
0.084754 0.0317152 0
0.084754 0.0317152 0
0.084754 0.0317152 0
0.084754 0.0317152 0
0.084754 0.0317152 0
0.084754 0.0317152 0
0.084754 0.0317152 0
0.084754 0.0317152 0
0.084754 0.0317152 0
0.084754 0.0317152 0
0.084754 0.0317152 0
0.084754 0.0317152 0
0.084754 0.0317152 0
0.084754 0.0317152 0
0.084754 0.0317152 0
0.084754 0.0317152 0
0.084754 0.0317152 0
0.084754 0.0317152 0
0.084754 0.0317152 0
0.084754 0.0317152 0
0.084754 0.0317152 0
0.084754 0.0317152 0
0.084754 0.0317152 0
0.084754 0.0317152 0
0.084754 0.0317152 0
0.084754 0.0317152 0
0.084754 0.0317152 0
0.084754 0.0317152 0
0.084754 0.0317152 0
0.084754 0.0317152 0
0.084754 0.0317152 0
0.084754 0.0317152 0
0.084754 0.0317152 0
0.084754 0.0317152 0
0.084754 0.0317152 0
0.084754 0.0317152 0
0.084754 0.0317152 0
0.084754 0.0317152 0
0.084754 0.0317152 0
0.084754 0.0317152 0
0.084754 0.0317152 0
0.084754 0.0317152 0
0.084754 0.0317152 0
0.084754 0.0317152 0
0.084754 0.0317152 0
0.084754 0.0317152 0
0.084754 0.0317152 0
0.084754 0.0317152 0
0.084754 0.0317152 0
0.084754 0.0317152 0
0.084754 0.0317152 0
0.084754 0.0317152 0
0.084754 0.0317152 0
0.084754 0.0317152 0
0.084754 0.0317152 0
0.084754 0.0317152 0
0.084754 0.0317152 0
0.084754 0.0317152 0
0.084754 0.0317152 0
0.084754 0.0317152 0
0.084754 0.0317152 0
0.084754 0.0317152 0
0.084754 0.0317152 0
0.084754 0.0317152 0
0.084754 0.0317152 0
0.084754 0.0317152 0
0.084754 0.0317152 0
0.084754 0.0317152 0
0.084754 0.0317152 0
0.084754 0.0317152 0
0.084754 0.0317152 0
0.084754 0.0317152 0
0.084754 0.0317152 0
0.084754 0.0317152 0
0.084754 0.0317152 0
0.084754 0.0317152 0
0.084754 0.0317152 0
0.084754 0.0317152 0
0.084754 0.0317152 0
0.084754 0.0317152 0
0.084754 0.0317152 0
0.084754 0.0317152 0
0.084754 0.0317152 0
0.084754 0.0317152 0
0.084754 0.0317152 0.00711265
0.084754 0.0317152 0.0155161
0.084754 0.0317152 0.0246454
0.084754 0.0317152 0.0337103
0.084754 0.0317152 0.0425512
0.084754 0.0317152 0.051612
0.084754 0.0317152 0.0613532
0.084754 0.0317152 0.071714
0.084754 0.0317152 0.0821106
0.084754 0.0317152 0.0919373
0.084754 0.0317152 0.101045
0.084754 0.0317152 0.0904634
0.084754 0.0317152 0.0822782
0.084754 0.0317152 0.091196
0.084754 0.0317152 0.106408
0.084754 0.0317152 0.119022
0.084754 0.0317152 0.125995
0.084754 0.0317152 0.131052
0.084754 0.0317152 0.137301
0.084754 0.0317152 0.142881
0.084754 0.0317152 0.144922
0.084754 0.0317152 0.144484
0.084754 0.0317152 0.143969
0.084754 0.0317152 0.143333
0.084754 0.0317152 0.142124
0.084754 0.0317152 0.140518
0.084754 0.0317152 0.0937448
0.084754 0.0317152 0.0806225
0.084754 0.0317152 0.0498131
0.084754 0.0317152 0.0370643
0.084754 0.0317152 0.0370643
0.084754 0.0317152 0.0370643
0.084754 0.0317152 0.0370643
0.084754 0.034745 0.0370643
0.084754 0.0466484 0.0370643
0.084754 0.0519754 0.0370643
0.084754 0.0541576 0.0370643
0.084754 0.048862 0.0370643
0.084754 0.0436608 0.0370643
0.084754 0.0372606 0.0370643
0.084754 0.0372606 0.0370643
0.084754 0.0372606 0.0370643
0.084754 0.0372606 0.0370643
0.084754 0.0372606 0.0370643
0.084754 0.0372606 0.0370643
0.084754 0.0372606 0.0370643
0.084754 0.0372606 0.0370643
0.084754 0.0372606 0.0488458
0.084754 0.0372606 0.0618731
0.084754 0.0372606 0.0726901
0.084754 0.0372606 0.0814046
0.0931311 0.0372606 0.0877101
0.100408 0.0372606 0.0910162
0.103237 0.0372606 0.0912261
0.105062 0.0372606 0.0861383
0.107829 0.0372606 0.0759442
0.109146 0.0372606 0.0607927
0.108162 0.0372606 0.0495058
0.107696 0.0372606 0.0495058
0.108232 0.0372606 0.0495058
0.10715 0.0372606 0.0495058
0.104931 0.0372606 0.0495058
0.103601 0.0372606 0.0495058
0.101784 0.0372606 0.0495058
0.0991868 0.0372606 0.0495058
0.0968046 0.0372606 0.0495058
0.102281 0.0372606 0.0495058
0.1128 0.0535161 0.0495058
0.117846 0.0712593 0.0495058
0.119999 0.0843195 0.0495058
0.123466 0.0947751 0.0495058
0.126775 0.0979815 0.0495058
0.126617 0.109756 0.0495058
0.126413 0.11665 0.0495058
0.124416 0.114032 0.0495058
0.121072 0.10565 0.0495058
0.117152 0.0979289 0.0495058
0.112094 0.089432 0.0589707
0.105707 0.0762982 0.082986
0.0977351 0.0621572 0.107739
0.0977351 0.0547976 0.132224
0.0977351 0.0547976 0.156008
0.0977351 0.0547976 0.183747
0.0977351 0.0547976 0.207884
0.0977351 0.0547976 0.226035
0.0977351 0.0547976 0.241502
0.0977351 0.0547976 0.256923
0.0977351 0.0547976 0.27005
0.0977351 0.0547976 0.278052
0.0977351 0.0547976 0.281841
0.0977351 0.0547976 0.283368
0.0977351 0.0547976 0.281946
0.0977351 0.0587772 0.275907
0.0977351 0.0779282 0.265361
0.0977351 0.0974267 0.251921
0.0977351 0.119364 0.23657
0.0977351 0.141545 0.219307
0.0977351 0.160504 0.200278
0.0977351 0.177795 0.180808
0.0977351 0.193211 0.161585
0.0977351 0.202846 0.142568
0.0977351 0.210139 0.122818
0.0977351 0.214278 0.105311
0.0977351 0.214305 0.0993181
0.0977351 0.208634 0.0993181
0.0977351 0.193491 0.0993181
0.0977351 0.177668 0.0993181
0.0977351 0.164637 0.0993181
0.0977351 0.148416 0.0993181
0.0977351 0.124928 0.0993181
0.0977351 0.0954534 0.0993181
0.0977351 0.089772 0.10177
0.0977351 0.089772 0.114463
0.0977351 0.089772 0.127881
0.0977351 0.089772 0.138797
0.0977351 0.089772 0.151405
0.0977351 0.089772 0.160462
0.0977351 0.089772 0.16411
0.0977351 0.089772 0.162453
0.0977351 0.089772 0.154099
0.0977351 0.089772 0.139273
0.0977351 0.089772 0.117145
0.0977351 0.089772 0.117145
0.0977351 0.089772 0.117145
0.0977351 0.089772 0.117145
0.0977351 0.089772 0.117145
0.0977351 0.089772 0.117145
0.0977351 0.089772 0.117145
0.0977351 0.089772 0.117145
0.0977351 0.089772 0.117145
0.0977351 0.089772 0.117145
0.0977351 0.089772 0.117145
0.0977351 0.089772 0.117145
0.0977351 0.089772 0.117145
0.0977351 0.089772 0.117145
0.0977351 0.089772 0.117145
0.0977351 0.089772 0.117145
0.0977351 0.089772 0.117145
0.0977351 0.089772 0.117145
0.0977351 0.089772 0.117145
0.0977351 0.089772 0.117145
0.0977351 0.089772 0.117145
0.0977351 0.089772 0.117145
0.0977351 0.089772 0.117145
0.0977351 0.089772 0.117145
0.0977351 0.089772 0.117145
0.0977351 0.089772 0.117145
0.0977351 0.089772 0.117145
0.0977351 0.089772 0.117145
0.0977351 0.089772 0.117145
0.0977351 0.089772 0.117145
0.0977351 0.089772 0.117145
0.0977351 0.089772 0.117145
0.0977351 0.089772 0.117145
0.0977351 0.089772 0.117145
0.0977351 0.089772 0.117145
0.0977351 0.089772 0.117145
0.0977351 0.089772 0.117145
0.0977351 0.089772 0.117145
0.0977351 0.089772 0.117145
0.0977351 0.089772 0.117145
0.0977351 0.089772 0.117145
0.0977351 0.089772 0.117145
0.0977351 0.089772 0.117145
0.0977351 0.089772 0.117145
0.0977351 0.089772 0.117145
0.0977351 0.089772 0.117145
0.0977351 0.089772 0.117145
0.0977351 0.089772 0.117145
0.0977351 0.089772 0.117145
0.0977351 0.089772 0.117145
0.0977351 0.089772 0.117145
0.0977351 0.089772 0.117145
0.0977351 0.089772 0.117145
0.0977351 0.089772 0.117145
0.0977351 0.089772 0.117145
0.0977351 0.089772 0.117145
0.0977351 0.089772 0.117145
0.0977351 0.089772 0.117145
0.0977351 0.089772 0.117145
0.0977351 0.089772 0.117145
0.0977351 0.089772 0.117145
0.0977351 0.089772 0.119737
0.0977351 0.089772 0.132572
0.0977351 0.089772 0.145322
0.0977351 0.089772 0.159738
0.0977351 0.089772 0.173834
0.0977351 0.089772 0.187169
0.0977351 0.089772 0.199547
0.0977351 0.089772 0.211747
0.0977351 0.089772 0.223148
0.0977351 0.089772 0.238516
0.0977351 0.089772 0.260562
0.0977351 0.089772 0.282713
0.0977351 0.089772 0.297487
0.0977351 0.089772 0.30556
0.0977351 0.089772 0.313203
0.0977351 0.089772 0.320941
0.0977351 0.089772 0.324915
0.0977351 0.089772 0.323658
0.0977351 0.089772 0.319503
0.0977351 0.089772 0.313463
0.0977351 0.089772 0.304358
0.0977351 0.089772 0.291042
0.0977351 0.089772 0.274215
0.0977351 0.089772 0.25481
0.0977351 0.089772 0.230389
0.0977351 0.089772 0.197357
0.0977351 0.089772 0.167361
0.0977351 0.089772 0.167361
0.0977351 0.089772 0.167361
0.0977351 0.089772 0.167361
0.0977351 0.089772 0.167361
0.0977351 0.089772 0.167361
0.0977351 0.089772 0.167361
0.0977351 0.089772 0.167361
0.0977351 0.089772 0.167361
0.0977351 0.089772 0.167361
0.0977351 0.089772 0.167361
0.0977351 0.089772 0.167361
0.0977351 0.089772 0.167361
0.0977351 0.089772 0.167361
0.0977351 0.089772 0.167361
0.0977351 0.089772 0.167361
0.0977351 0.089772 0.167361
0.0977351 0.089772 0.167361
0.0977351 0.089772 0.167361
0.0977351 0.089772 0.167361
0.0977351 0.089772 0.167361
0.0977351 0.089772 0.167361
0.0977351 0.089772 0.167361
0.0977351 0.089772 0.167361
0.0977351 0.089772 0.167361
0.0977351 0.089772 0.167361
0.0977351 0.089772 0.167361
0.0977351 0.089772 0.167361
0.0977351 0.089772 0.165972
0.0977351 0.089772 0.165403
0.0977351 0.089772 0.164908
0.0977351 0.089772 0.162972
0.0977351 0.089772 0.159152
0.0977351 0.089772 0.155745
0.0977351 0.089772 0.154714
0.0977351 0.089772 0.153309
0.0977351 0.089772 0.152574
0.0977351 0.089772 0.150942
0.0977351 0.089772 0.149811
0.0977351 0.089772 0.149505
0.0977351 0.089772 0.149061
0.0977351 0.089772 0.147555
0.0977351 0.089772 0.14622
0.0977351 0.089772 0.145814
0.0977351 0.089772 0.145814
0.0977351 0.089772 0.145814
0.0977351 0.089772 0.145814
0.0977351 0.089772 0.145814
0.0977351 0.089772 0.145814
0.0977351 0.089772 0.145814
0.0977351 0.089772 0.145814
0.0977351 0.089772 0.145814
0.0977351 0.089772 0.145814
0.0977351 0.089772 0.145814
0.0977351 0.089772 0.145814
0.0977351 0.089772 0.145814
0.0977351 0.089772 0.145814
0.0977351 0.089772 0.145814
0.0977351 0.089772 0.145814
0.0977351 0.089772 0.145814
0.0977351 0.089772 0.145814
0.0977351 0.089772 0.145814
0.0977351 0.089772 0.145814
0.0977351 0.089772 0.145814
0.0977351 0.089772 0.145814
0.0977351 0.089772 0.145814
0.0977351 0.089772 0.145814
0.0977351 0.089772 0.145814
0.0977351 0.089772 0.145814
0.0977351 0.089772 0.145814
0.0977351 0.089772 0.145814
0.0977351 0.089772 0.145814
0.0977351 0.089772 0.145814
0.0977351 0.089772 0.145814
0.0977351 0.089772 0.145814
0.0977351 0.089772 0.145814
0.0977351 0.089772 0.145814
0.0977351 0.089772 0.145814
0.0977351 0.089772 0.145814
0.0977351 0.089772 0.145814
0.0977351 0.089772 0.145814
0.0977351 0.089772 0.145814
0.0977351 0.089772 0.145814
0.0977351 0.089772 0.145814
0.0977351 0.089772 0.145814
0.0977351 0.089772 0.145814
0.0977351 0.089772 0.145814
0.0977351 0.089772 0.145814
0.0977351 0.089772 0.145814
0.0977351 0.089772 0.145814
0.0977351 0.089772 0.145814
0.0977351 0.089772 0.145814
0.0977351 0.089772 0.145814
0.0977351 0.089772 0.145814
0.0977351 0.089772 0.145814
0.0977351 0.089772 0.145814
0.0977351 0.089772 0.145814
0.0977351 0.089772 0.145814
0.0977351 0.089772 0.145814
0.0977351 0.089772 0.145814
0.0977351 0.089772 0.145814
0.0977351 0.089772 0.145814
0.0977351 0.089772 0.145814
0.0977351 0.089772 0.145814
0.0977351 0.089772 0.145814
0.0977351 0.089772 0.145814
0.0977351 0.089772 0.145814
0.0977351 0.089772 0.145814
0.0977351 0.089772 0.145814
0.0977351 0.089772 0.145814
