0 0 1089.16 0 0 -1089.16 0 0 1020.38 0 0 -1020.38 0 0 36.7585 0 0 -36.7585
0 0 1077.16 0 0 -1077.16 0 0 1022.06 0 0 -1022.06 0 0 36.6847 0 0 -36.6847
0 0 1050.01 0 0 -1050.01 0 0 1025.54 0 0 -1025.54 0 0 36.541 0 0 -36.541
0 0 995.743 0 0 -995.743 0 0 1031.51 0 0 -1031.51 0 0 36.3663 0 0 -36.3663
0 0 936.494 0 0 -936.494 0 0 1037.02 0 0 -1037.02 0 0 36.2852 0 0 -36.2852
0 0 864.045 0 0 -864.045 0 0 1042.34 0 0 -1042.34 0 0 36.3365 0 0 -36.3365
0 0 780.038 0 0 -780.038 0 0 1046.42 0 0 -1046.42 0 0 36.6054 0 0 -36.6054
0 0 686.189 0 0 -686.189 0 0 1048.1 0 0 -1048.1 0 0 37.1822 0 0 -37.1822
0 0 583.863 0 0 -583.863 0 0 1046.37 0 0 -1046.37 0 0 38.138 0 0 -38.138
0 0 473.918 0 0 -473.918 0 0 1040.35 0 0 -1040.35 0 0 39.5204 0 0 -39.5204
0 0 356.013 0 0 -356.013 0 0 1029.35 0 0 -1029.35 0 0 41.3478 0 0 -41.3478
0 0 228.12 0 0 -228.12 0 0 1012.99 0 0 -1012.99 0 0 43.6057 0 0 -43.6057
0 0 87.3037 0 0 -87.3037 0 0 990.832 0 0 -990.832 0 0 46.2606 0 0 -46.2606
0 0 -66.0766 0 0 66.0766 0 0 962.249 0 0 -962.249 0 0 49.2801 0 0 -49.2801
0 0 -232.367 0 0 232.367 0 0 927.138 0 0 -927.138 0 0 52.5573 0 0 -52.5573
0 0 -411.066 0 0 411.066 0 0 885.131 0 0 -885.131 0 0 55.9906 0 0 -55.9906
0 0 -601.626 0 0 601.626 0 0 835.872 0 0 -835.872 0 0 59.4556 0 0 -59.4556
0 0 -802.391 0 0 802.391 0 0 778.998 0 0 -778.998 0 0 62.8058 0 0 -62.8058
0 0 -1011.73 0 0 1011.73 0 0 714.31 0 0 -714.31 0 0 65.8643 0 0 -65.8643
0 0 -1228.68 0 0 1228.68 0 0 641.837 0 0 -641.837 0 0 68.4211 0 0 -68.4211
0 0 -1452.23 0 0 1452.23 0 0 561.704 0 0 -561.704 0 0 70.2663 0 0 -70.2663
0 0 -1683.58 0 0 1683.58 0 0 474.462 0 0 -474.462 0 0 71.143 0 0 -71.143
0 0 -1926.12 0 0 1926.12 0 0 381.051 0 0 -381.051 0 0 70.7705 0 0 -70.7705
0 0 -2182.01 0 0 2182.01 0 0 282.218 0 0 -282.218 0 0 68.8849 0 0 -68.8849
0 0 -2454.52 0 0 2454.52 0 0 178.857 0 0 -178.857 0 0 65.2112 0 0 -65.2112
0 0 -2750.08 0 0 2750.08 0 0 72.2334 0 0 -72.2334 0 0 59.4952 0 0 -59.4952
0 0 -3072.54 0 0 3072.54 0 0 -37.7823 0 0 37.7823 0 0 51.4847 0 0 -51.4847
0 0 -3425.35 0 0 3425.35 0 0 -150.694 0 0 150.694 0 0 41.0354 0 0 -41.0354
0 0 -3815.19 0 0 3815.19 0 0 -265.508 0 0 265.508 0 0 28.0626 0 0 -28.0626
0 0 -4249.57 0 0 4249.57 0 0 -381.773 0 0 381.773 0 0 12.3652 0 0 -12.3652
0 0 -4732.05 0 0 4732.05 0 0 -500.309 0 0 500.309 0 0 -5.99861 0 0 5.99861
0 0 -5260.28 0 0 5260.28 0 0 -623.259 0 0 623.259 0 0 -26.8442 0 0 26.8442
0 0 -5827.52 0 0 5827.52 0 0 -753.587 0 0 753.587 0 0 -49.9653 0 0 49.9653
0 0 -6429.3 0 0 6429.3 0 0 -893.942 0 0 893.942 0 0 -75.1518 0 0 75.1518
0 0 -7068.13 0 0 7068.13 0 0 -1046.13 0 0 1046.13 0 0 -102.245 0 0 102.245
0 0 -7748.79 0 0 7748.79 0 0 -1211.97 0 0 1211.97 0 0 -131.087 0 0 131.087
0 0 -8472.79 0 0 8472.79 0 0 -1393.84 0 0 1393.84 0 0 -161.485 0 0 161.485
0 0 -9238.56 0 0 9238.56 0 0 -1594.35 0 0 1594.35 0 0 -193.254 0 0 193.254
0 0 -10043.2 0 0 10043.2 0 0 -1815.99 0 0 1815.99 0 0 -226.252 0 0 226.252
0 0 -10886.2 0 0 10886.2 0 0 -2060.75 0 0 2060.75 0 0 -260.408 0 0 260.408
0 0 -11771.8 0 0 11771.8 0 0 -2329.86 0 0 2329.86 0 0 -295.739 0 0 295.739
0 0 -12703.4 0 0 12703.4 0 0 -2624.46 0 0 2624.46 0 0 -332.312 0 0 332.312
0 0 -13675.7 0 0 13675.7 0 0 -2946.51 0 0 2946.51 0 0 -370.201 0 0 370.201
0 0 -14672.8 0 0 14672.8 0 0 -3298.9 0 0 3298.9 0 0 -409.506 0 0 409.506
0 0 -15675.4 0 0 15675.4 0 0 -3684.2 0 0 3684.2 0 0 -450.427 0 0 450.427
0 0 -16672 0 0 16672 0 0 -4103.05 0 0 4103.05 0 0 -493.349 0 0 493.349
0 0 -17652.2 0 0 17652.2 0 0 -4555.22 0 0 4555.22 0 0 -538.778 0 0 538.778
0 0 -18599.6 0 0 18599.6 0 0 -5040.4 0 0 5040.4 0 0 -587.274 0 0 587.274
0 0 -19497.4 0 0 19497.4 0 0 -5556.92 0 0 5556.92 0 0 -639.549 0 0 639.549
0 0 -20329 0 0 20329 0 0 -6101.79 0 0 6101.79 0 0 -696.447 0 0 696.447
0 0 -21244.7 0 0 21244.7 0 0 -6817.15 0 0 6817.15 0 0 -775.468 0 0 775.468
0 0 -21986.7 0 0 21986.7 0 0 -7561.27 0 0 7561.27 0 0 -865.088 0 0 865.088
0 0 -22522.5 0 0 22522.5 0 0 -8320.3 0 0 8320.3 0 0 -967.406 0 0 967.406
0 0 -22830.9 0 0 22830.9 0 0 -9076.14 0 0 9076.14 0 0 -1084.57 0 0 1084.57
0 0 -22896.3 0 0 22896.3 0 0 -9808.04 0 0 9808.04 0 0 -1218.58 0 0 1218.58
0 0 -22692.3 0 0 22692.3 0 0 -10495.6 0 0 10495.6 0 0 -1370.97 0 0 1370.97
0 0 -22216.9 0 0 22216.9 0 0 -11114.2 0 0 11114.2 0 0 -1542.95 0 0 1542.95
0 0 -21497.4 0 0 21497.4 0 0 -11636 0 0 11636 0 0 -1735.13 0 0 1735.13
0 0 -20554.3 0 0 20554.3 0 0 -12037.1 0 0 12037.1 0 0 -1947.03 0 0 1947.03
0 0 -19395.2 0 0 19395.2 0 0 -12298.6 0 0 12298.6 0 0 -2176.97 0 0 2176.97
0 0 -18030.1 0 0 18030.1 0 0 -12404.8 0 0 12404.8 0 0 -2422.07 0 0 2422.07
0 0 -16490.6 0 0 16490.6 0 0 -12342.7 0 0 12342.7 0 0 -2678.29 0 0 2678.29
0 0 -14811.2 0 0 14811.2 0 0 -12105.1 0 0 12105.1 0 0 -2940.21 0 0 2940.21
0 0 -13022.2 0 0 13022.2 0 0 -11691.3 0 0 11691.3 0 0 -3201.18 0 0 3201.18
0 0 -11166.2 0 0 11166.2 0 0 -11104.9 0 0 11104.9 0 0 -3453.53 0 0 3453.53
0 0 -9293.99 0 0 9293.99 0 0 -10354.8 0 0 10354.8 0 0 -3688.72 0 0 3688.72
0 0 -7449.7 0 0 7449.7 0 0 -9457.34 0 0 9457.34 0 0 -3897.42 0 0 3897.42
0 0 -5688.16 0 0 5688.16 0 0 -8432.03 0 0 8432.03 0 0 -4070.07 0 0 4070.07
0 0 -4055.45 0 0 4055.45 0 0 -7304.42 0 0 7304.42 0 0 -4196.99 0 0 4196.99
0 0 -2583.5 0 0 2583.5 0 0 -6105.65 0 0 6105.65 0 0 -4268.78 0 0 4268.78
0 0 -1315.95 0 0 1315.95 0 0 -4866.92 0 0 4866.92 0 0 -4276.94 0 0 4276.94
0 0 -288.861 0 0 288.861 0 0 -3621.44 0 0 3621.44 0 0 -4214.07 0 0 4214.07
0 0 483.034 0 0 -483.034 0 0 -2405.83 0 0 2405.83 0 0 -4074.17 0 0 4074.17
0 0 1006.57 0 0 -1006.57 0 0 -1254.9 0 0 1254.9 0 0 -3853.21 0 0 3853.21
0 0 1304.17 0 0 -1304.17 0 0 -200.834 0 0 200.834 0 0 -3549.46 0 0 3549.46
0 0 1387.33 0 0 -1387.33 0 0 730.429 0 0 -730.429 0 0 -3163.8 0 0 3163.8
0 0 1267.21 0 0 -1267.21 0 0 1510 0 0 -1510 0 0 -2700.61 0 0 2700.61
0 0 973.116 0 0 -973.116 0 0 2136.41 0 0 -2136.41 0 0 -2165.14 0 0 2165.14
0 0 534.938 0 0 -534.938 0 0 2606.6 0 0 -2606.6 0 0 -1566.92 0 0 1566.92
0 0 -28.582 0 0 28.582 0 0 2925.09 0 0 -2925.09 0 0 -917.795 0 0 917.795
0 0 -679.16 0 0 679.16 0 0 3103.45 0 0 -3103.45 0 0 -231.36 0 0 231.36
0 0 -1359.71 0 0 1359.71 0 0 3154.19 0 0 -3154.19 0 0 468.488 0 0 -468.488
0 0 -2031.07 0 0 2031.07 0 0 3105.14 0 0 -3105.14 0 0 1171.43 0 0 -1171.43
0 0 -2680.54 0 0 2680.54 0 0 2989.13 0 0 -2989.13 0 0 1860.55 0 0 -1860.55
0 0 -3288.81 0 0 3288.81 0 0 2838.56 0 0 -2838.56 0 0 2519.97 0 0 -2519.97
0 0 -3803.28 0 0 3803.28 0 0 2681.67 0 0 -2681.67 0 0 3131.48 0 0 -3131.48
0 0 -4173.11 0 0 4173.11 0 0 2547.73 0 0 -2547.73 0 0 3679.42 0 0 -3679.42
0 0 -4373.53 0 0 4373.53 0 0 2465.88 0 0 -2465.88 0 0 4149.46 0 0 -4149.46
0 0 -4384.46 0 0 4384.46 0 0 2459.75 0 0 -2459.75 0 0 4529.93 0 0 -4529.93
0 0 -4186.77 0 0 4186.77 0 0 2547.37 0 0 -2547.37 0 0 4811.67 0 0 -4811.67
0 0 -3877.44 0 0 3877.44 0 0 2694.93 0 0 -2694.93 0 0 4961.41 0 0 -4961.41
0 0 -3319.35 0 0 3319.35 0 0 2984.46 0 0 -2984.46 0 0 5051 0 0 -5051
0 0 -2579.09 0 0 2579.09 0 0 3389.46 0 0 -3389.46 0 0 5032.14 0 0 -5032.14
0 0 -1651.43 0 0 1651.43 0 0 3898.77 0 0 -3898.77 0 0 4908.14 0 0 -4908.14
0 0 -552.609 0 0 552.609 0 0 4497.2 0 0 -4497.2 0 0 4685.11 0 0 -4685.11
0 0 674.55 0 0 -674.55 0 0 5161.76 0 0 -5161.76 0 0 4372.22 0 0 -4372.22
0 0 2009.19 0 0 -2009.19 0 0 5867.22 0 0 -5867.22 0 0 3981.02 0 0 -3981.02
0 0 3418.16 0 0 -3418.16 0 0 6579.7 0 0 -6579.7 0 0 3525.57 0 0 -3525.57
0 0 4870.76 0 0 -4870.76 0 0 7267.5 0 0 -7267.5 0 0 3020.97 0 0 -3020.97
0 0 6331.46 0 0 -6331.46 0 0 7895.95 0 0 -7895.95 0 0 2483.44 0 0 -2483.44
0 0 7770.85 0 0 -7770.85 0 0 8430.55 0 0 -8430.55 0 0 1929.53 0 0 -1929.53
0 0 9158.34 0 0 -9158.34 0 0 8840.58 0 0 -8840.58 0 0 1375.5 0 0 -1375.5
0 0 10472.1 0 0 -10472.1 0 0 9099.26 0 0 -9099.26 0 0 836.686 0 0 -836.686
0 0 11699.9 0 0 -11699.9 0 0 9185.01 0 0 -9185.01 0 0 326.989 0 0 -326.989
0 0 12834.7 0 0 -12834.7 0 0 9084.01 0 0 -9084.01 0 0 -145.128 0 0 145.128
0 0 13878.5 0 0 -13878.5 0 0 8789.3 0 0 -8789.3 0 0 -567.654 0 0 567.654
0 0 14841.7 0 0 -14841.7 0 0 8306.06 0 0 -8306.06 0 0 -933.017 0 0 933.017
0 0 15741 0 0 -15741 0 0 7648.41 0 0 -7648.41 0 0 -1235.03 0 0 1235.03
0 0 16594.6 0 0 -16594.6 0 0 6839.33 0 0 -6839.33 0 0 -1472.2 0 0 1472.2
0 0 17415.9 0 0 -17415.9 0 0 5912.32 0 0 -5912.32 0 0 -1645.89 0 0 1645.89
0 0 18219.4 0 0 -18219.4 0 0 4909.2 0 0 -4909.2 0 0 -1759.68 0 0 1759.68
0 0 19021.2 0 0 -19021.2 0 0 3877.94 0 0 -3877.94 0 0 -1819.12 0 0 1819.12
0 0 19827.3 0 0 -19827.3 0 0 2871.41 0 0 -2871.41 0 0 -1831.09 0 0 1831.09
0 0 20641.8 0 0 -20641.8 0 0 1942.53 0 0 -1942.53 0 0 -1803.98 0 0 1803.98
0 0 21483.5 0 0 -21483.5 0 0 1143.15 0 0 -1143.15 0 0 -1746.32 0 0 1746.32
0 0 22375.1 0 0 -22375.1 0 0 521.231 0 0 -521.231 0 0 -1665.93 0 0 1665.93
0 0 23324.5 0 0 -23324.5 0 0 118.854 0 0 -118.854 0 0 -1570.06 0 0 1570.06
0 0 24315.5 0 0 -24315.5 0 0 -26.4805 0 0 26.4805 0 0 -1465.24 0 0 1465.24
0 0 25318.8 0 0 -25318.8 0 0 114.087 0 0 -114.087 0 0 -1356.25 0 0 1356.25
0 0 26303.7 0 0 -26303.7 0 0 556.603 0 0 -556.603 0 0 -1245.87 0 0 1245.87
0 0 27228.4 0 0 -27228.4 0 0 1304.63 0 0 -1304.63 0 0 -1134.59 0 0 1134.59
0 0 28060.4 0 0 -28060.4 0 0 2343.96 0 0 -2343.96 0 0 -1021.02 0 0 1021.02
0 0 28799.5 0 0 -28799.5 0 0 3646.66 0 0 -3646.66 0 0 -900.962 0 0 900.962
0 0 29454.4 0 0 -29454.4 0 0 5169.37 0 0 -5169.37 0 0 -768.36 0 0 768.36
0 0 30041.3 0 0 -30041.3 0 0 6857.8 0 0 -6857.8 0 0 -615.912 0 0 615.912
0 0 30577.1 0 0 -30577.1 0 0 8651.54 0 0 -8651.54 0 0 -435.511 0 0 435.511
0 0 31060.7 0 0 -31060.7 0 0 10489.3 0 0 -10489.3 0 0 -219.376 0 0 219.376
0 0 31471 0 0 -31471 0 0 12311.2 0 0 -12311.2 0 0 37.5083 0 0 -37.5083
0 0 31774.6 0 0 -31774.6 0 0 14061.1 0 0 -14061.1 0 0 340.378 0 0 -340.378
0 0 31944.1 0 0 -31944.1 0 0 15688.4 0 0 -15688.4 0 0 696.084 0 0 -696.084
0 0 31962.7 0 0 -31962.7 0 0 17147.7 0 0 -17147.7 0 0 1105.9 0 0 -1105.9
0 0 31809 0 0 -31809 0 0 18402.1 0 0 -18402.1 0 0 1569.83 0 0 -1569.83
0 0 31449.3 0 0 -31449.3 0 0 19426.2 0 0 -19426.2 0 0 2084.27 0 0 -2084.27
0 0 30878.4 0 0 -30878.4 0 0 20201.4 0 0 -20201.4 0 0 2643.5 0 0 -2643.5
0 0 30124 0 0 -30124 0 0 20715.4 0 0 -20715.4 0 0 3239.33 0 0 -3239.33
0 0 29231.7 0 0 -29231.7 0 0 20964.7 0 0 -20964.7 0 0 3860.88 0 0 -3860.88
0 0 28263.9 0 0 -28263.9 0 0 20954.8 0 0 -20954.8 0 0 4494.96 0 0 -4494.96
0 0 27265 0 0 -27265 0 0 20704.8 0 0 -20704.8 0 0 5126.24 0 0 -5126.24
0 0 26250.7 0 0 -26250.7 0 0 20247.6 0 0 -20247.6 0 0 5737.67 0 0 -5737.67
0 0 25231 0 0 -25231 0 0 19623.5 0 0 -19623.5 0 0 6311.43 0 0 -6311.43
0 0 24211 0 0 -24211 0 0 18878.7 0 0 -18878.7 0 0 6829.38 0 0 -6829.38
0 0 23185.2 0 0 -23185.2 0 0 18062.6 0 0 -18062.6 0 0 7274.04 0 0 -7274.04
0 0 22143.4 0 0 -22143.4 0 0 17223.6 0 0 -17223.6 0 0 7629.4 0 0 -7629.4
0 0 21086.1 0 0 -21086.1 0 0 16373.4 0 0 -16373.4 0 0 7716.24 0 0 -7716.24
0 0 20012.8 0 0 -20012.8 0 0 15538.4 0 0 -15538.4 0 0 7719.08 0 0 -7719.08
0 0 18918.6 0 0 -18918.6 0 0 14837.9 0 0 -14837.9 0 0 7718.47 0 0 -7718.47
0 0 17826.6 0 0 -17826.6 0 0 14249.8 0 0 -14249.8 0 0 7611.34 0 0 -7611.34
0 0 16734.9 0 0 -16734.9 0 0 13760 0 0 -13760 0 0 7380.42 0 0 -7380.42
0 0 15646.7 0 0 -15646.7 0 0 13341.4 0 0 -13341.4 0 0 7042.6 0 0 -7042.6
0 0 14554.5 0 0 -14554.5 0 0 12993.6 0 0 -12993.6 0 0 6600.14 0 0 -6600.14
0 0 13429.6 0 0 -13429.6 0 0 12702.6 0 0 -12702.6 0 0 6050.69 0 0 -6050.69
0 0 12230 0 0 -12230 0 0 12430.8 0 0 -12430.8 0 0 5409.87 0 0 -5409.87
0 0 10920.2 0 0 -10920.2 0 0 12134.6 0 0 -12134.6 0 0 4701.57 0 0 -4701.57
0 0 9479.14 0 0 -9479.14 0 0 11775 0 0 -11775 0 0 3945.05 0 0 -3945.05
0 0 7894.5 0 0 -7894.5 0 0 11309.6 0 0 -11309.6 0 0 3152.56 0 0 -3152.56
0 0 6160.79 0 0 -6160.79 0 0 10690.4 0 0 -10690.4 0 0 2340.9 0 0 -2340.9
0 0 4286.61 0 0 -4286.61 0 0 9872.13 0 0 -9872.13 0 0 1531.55 0 0 -1531.55
0 0 2282.88 0 0 -2282.88 0 0 8818.78 0 0 -8818.78 0 0 743.884 0 0 -743.884
0 0 144.947 0 0 -144.947 0 0 7502.42 0 0 -7502.42 0 0 -7.38054 0 0 7.38054
0 0 -2102.48 0 0 2102.48 0 0 5914.96 0 0 -5914.96 0 0 -694.355 0 0 694.355
0 0 -4436.6 0 0 4436.6 0 0 4050.84 0 0 -4050.84 0 0 -1333.31 0 0 1333.31
0 0 -6843.58 0 0 6843.58 0 0 1919.65 0 0 -1919.65 0 0 -1914.04 0 0 1914.04
0 0 -9317.73 0 0 9317.73 0 0 -468.27 0 0 468.27 0 0 -2435.75 0 0 2435.75
0 0 -11825.1 0 0 11825.1 0 0 -3070.6 0 0 3070.6 0 0 -2899.59 0 0 2899.59
0 0 -14316.1 0 0 14316.1 0 0 -5822.69 0 0 5822.69 0 0 -3311.16 0 0 3311.16
0 0 -16749.6 0 0 16749.6 0 0 -8663.08 0 0 8663.08 0 0 -3675.3 0 0 3675.3
0 0 -19088.7 0 0 19088.7 0 0 -11527.7 0 0 11527.7 0 0 -3998.43 0 0 3998.43
0 0 -21290.4 0 0 21290.4 0 0 -14349.6 0 0 14349.6 0 0 -4290.05 0 0 4290.05
0 0 -23306.3 0 0 23306.3 0 0 -17054 0 0 17054 0 0 -4561.23 0 0 4561.23
0 0 -25097.2 0 0 25097.2 0 0 -19568.5 0 0 19568.5 0 0 -4821.27 0 0 4821.27
0 0 -26354.5 0 0 26354.5 0 0 -21398.7 0 0 21398.7 0 0 -5026.53 0 0 5026.53
0 0 -27450.1 0 0 27450.1 0 0 -23034 0 0 23034 0 0 -5233.24 0 0 5233.24
0 0 -28383.8 0 0 28383.8 0 0 -24445.8 0 0 24445.8 0 0 -5444.73 0 0 5444.73
0 0 -29161.2 0 0 29161.2 0 0 -25609.5 0 0 25609.5 0 0 -5663.38 0 0 5663.38
0 0 -29789.3 0 0 29789.3 0 0 -26507.4 0 0 26507.4 0 0 -5890.1 0 0 5890.1
0 0 -30273 0 0 30273 0 0 -27129.4 0 0 27129.4 0 0 -6124.28 0 0 6124.28
0 0 -30623.1 0 0 30623.1 0 0 -27471.2 0 0 27471.2 0 0 -6364.18 0 0 6364.18
0 0 -30861.4 0 0 30861.4 0 0 -27533.3 0 0 27533.3 0 0 -6607.17 0 0 6607.17
0 0 -31005.9 0 0 31005.9 0 0 -27324.1 0 0 27324.1 0 0 -6849.48 0 0 6849.48
0 0 -31061.5 0 0 31061.5 0 0 -26860.8 0 0 26860.8 0 0 -7086.02 0 0 7086.02
0 0 -31031.2 0 0 31031.2 0 0 -26166.9 0 0 26166.9 0 0 -7310.62 0 0 7310.62
0 0 -30921.6 0 0 30921.6 0 0 -25270.5 0 0 25270.5 0 0 -7516.39 0 0 7516.39
0 0 -30742.1 0 0 30742.1 0 0 -24202.9 0 0 24202.9 0 0 -7680.28 0 0 7680.28
0 0 -30515.1 0 0 30515.1 0 0 -22964.3 0 0 22964.3 0 0 -7717.42 0 0 7717.42
0 0 -30255.7 0 0 30255.7 0 0 -21618.3 0 0 21618.3 0 0 -7723.42 0 0 7723.42
0 0 -29987.5 0 0 29987.5 0 0 -20224.4 0 0 20224.4 0 0 -7727.26 0 0 7727.26
0 0 -29741.5 0 0 29741.5 0 0 -18809.7 0 0 18809.7 0 0 -7726.26 0 0 7726.26
0 0 -29542.4 0 0 29542.4 0 0 -17419.3 0 0 17419.3 0 0 -7665.96 0 0 7665.96
0 0 -29418.1 0 0 29418.1 0 0 -16060.2 0 0 16060.2 0 0 -7540.87 0 0 7540.87
0 0 -29379 0 0 29379 0 0 -14762.4 0 0 14762.4 0 0 -7348.96 0 0 7348.96
0 0 -29429.5 0 0 29429.5 0 0 -13555 0 0 13555 0 0 -7088.99 0 0 7088.99
0 0 -29573.2 0 0 29573.2 0 0 -12468.3 0 0 12468.3 0 0 -6755.35 0 0 6755.35
0 0 -29811.3 0 0 29811.3 0 0 -11522.8 0 0 11522.8 0 0 -6345.33 0 0 6345.33
0 0 -30141.1 0 0 30141.1 0 0 -10728.5 0 0 10728.5 0 0 -5862.39 0 0 5862.39
0 0 -30558 0 0 30558 0 0 -10090.1 0 0 10090.1 0 0 -5314.04 0 0 5314.04
0 0 -31058.3 0 0 31058.3 0 0 -9609.07 0 0 9609.07 0 0 -4708.05 0 0 4708.05
0 0 -31639.4 0 0 31639.4 0 0 -9282.75 0 0 9282.75 0 0 -4050.94 0 0 4050.94
0 0 -32301.4 0 0 32301.4 0 0 -9101.14 0 0 9101.14 0 0 -3349.8 0 0 3349.8
0 0 -33039.4 0 0 33039.4 0 0 -9048.6 0 0 9048.6 0 0 -2614.48 0 0 2614.48
0 0 -33835 0 0 33835 0 0 -9107.28 0 0 9107.28 0 0 -1857.54 0 0 1857.54
0 0 -34662.8 0 0 34662.8 0 0 -9257.5 0 0 9257.5 0 0 -1092.49 0 0 1092.49
0 0 -35497.9 0 0 35497.9 0 0 -9477.3 0 0 9477.3 0 0 -332.153 0 0 332.153
0 0 -36313.8 0 0 36313.8 0 0 -9751.98 0 0 9751.98 0 0 360.375 0 0 -360.375
0 0 -37085.4 0 0 37085.4 0 0 -10063.7 0 0 10063.7 0 0 1013 0 0 -1013
0 0 -37790.9 0 0 37790.9 0 0 -10369.6 0 0 10369.6 0 0 1629.21 0 0 -1629.21
0 0 -38409.4 0 0 38409.4 0 0 -10647.8 0 0 10647.8 0 0 2197.87 0 0 -2197.87
0 0 -38936.8 0 0 38936.8 0 0 -10869.5 0 0 10869.5 0 0 2707.12 0 0 -2707.12
0 0 -39379.1 0 0 39379.1 0 0 -11017 0 0 11017 0 0 3150.03 0 0 -3150.03
0 0 -39735.9 0 0 39735.9 0 0 -11075.3 0 0 11075.3 0 0 3521.22 0 0 -3521.22
0 0 -40000.7 0 0 40000.7 0 0 -11032.3 0 0 11032.3 0 0 3815.62 0 0 -3815.62
0 0 -40172.1 0 0 40172.1 0 0 -10879.3 0 0 10879.3 0 0 4028.25 0 0 -4028.25
0 0 -40256.2 0 0 40256.2 0 0 -10613 0 0 10613 0 0 4155.63 0 0 -4155.63
0 0 -40263.6 0 0 40263.6 0 0 -10237.6 0 0 10237.6 0 0 4197.15 0 0 -4197.15
0 0 -40210.8 0 0 40210.8 0 0 -9762.84 0 0 9762.84 0 0 4149.58 0 0 -4149.58
0 0 -40122.4 0 0 40122.4 0 0 -9202.97 0 0 9202.97 0 0 4015.23 0 0 -4015.23
0 0 -40027.7 0 0 40027.7 0 0 -8574.36 0 0 8574.36 0 0 3798.64 0 0 -3798.64
0 0 -39945.8 0 0 39945.8 0 0 -7900.45 0 0 7900.45 0 0 3505.83 0 0 -3505.83
0 0 -39885.1 0 0 39885.1 0 0 -7210.23 0 0 7210.23 0 0 3144.3 0 0 -3144.3
0 0 -39852.6 0 0 39852.6 0 0 -6535.86 0 0 6535.86 0 0 2723.38 0 0 -2723.38
0 0 -39854.4 0 0 39854.4 0 0 -5911.4 0 0 5911.4 0 0 2253.65 0 0 -2253.65
0 0 -39896.4 0 0 39896.4 0 0 -5371.43 0 0 5371.43 0 0 1745.99 0 0 -1745.99
0 0 -39985.4 0 0 39985.4 0 0 -4949.49 0 0 4949.49 0 0 1211.08 0 0 -1211.08
0 0 -40128.5 0 0 40128.5 0 0 -4676.85 0 0 4676.85 0 0 659.277 0 0 -659.277
0 0 -40329.8 0 0 40329.8 0 0 -4581.84 0 0 4581.84 0 0 100.742 0 0 -100.742
0 0 -40590.7 0 0 40590.7 0 0 -4684.83 0 0 4684.83 0 0 -437.997 0 0 437.997
0 0 -40908.9 0 0 40908.9 0 0 -5005.84 0 0 5005.84 0 0 -965.374 0 0 965.374
0 0 -41277.5 0 0 41277.5 0 0 -5562.61 0 0 5562.61 0 0 -1475.33 0 0 1475.33
0 0 -41683.7 0 0 41683.7 0 0 -6360.56 0 0 6360.56 0 0 -1960.57 0 0 1960.57
0 0 -42111 0 0 42111 0 0 -7402.15 0 0 7402.15 0 0 -2416.2 0 0 2416.2
0 0 -42547.9 0 0 42547.9 0 0 -8677.11 0 0 8677.11 0 0 -2840.46 0 0 2840.46
0 0 -42980 0 0 42980 0 0 -10169.5 0 0 10169.5 0 0 -3232.81 0 0 3232.81
0 0 -43384.9 0 0 43384.9 0 0 -11857.1 0 0 11857.1 0 0 -3593.36 0 0 3593.36
0 0 -43734.3 0 0 43734.3 0 0 -13712.3 0 0 13712.3 0 0 -3922.98 0 0 3922.98
0 0 -43999.6 0 0 43999.6 0 0 -15700.5 0 0 15700.5 0 0 -4224.02 0 0 4224.02
0 0 -44155.3 0 0 44155.3 0 0 -17781 0 0 17781 0 0 -4500.47 0 0 4500.47
0 0 -44176.2 0 0 44176.2 0 0 -19908.7 0 0 19908.7 0 0 -4757.42 0 0 4757.42
0 0 -44037.8 0 0 44037.8 0 0 -22035.6 0 0 22035.6 0 0 -5000.26 0 0 5000.26
0 0 -43717.5 0 0 43717.5 0 0 -24111.9 0 0 24111.9 0 0 -5234.33 0 0 5234.33
0 0 -43193.9 0 0 43193.9 0 0 -26087.5 0 0 26087.5 0 0 -5464.88 0 0 5464.88
0 0 -42447.7 0 0 42447.7 0 0 -27912.8 0 0 27912.8 0 0 -5697.05 0 0 5697.05
0 0 -41463.4 0 0 41463.4 0 0 -29540.7 0 0 29540.7 0 0 -5935.63 0 0 5935.63
0 0 -40231.1 0 0 40231.1 0 0 -30927 0 0 30927 0 0 -6184.56 0 0 6184.56
0 0 -38748.7 0 0 38748.7 0 0 -32032.1 0 0 32032.1 0 0 -6446.57 0 0 6446.57
0 0 -37017.9 0 0 37017.9 0 0 -32822.3 0 0 32822.3 0 0 -6722.91 0 0 6722.91
0 0 -35039.2 0 0 35039.2 0 0 -33271.8 0 0 33271.8 0 0 -7013.43 0 0 7013.43
0 0 -32813.1 0 0 32813.1 0 0 -33362.8 0 0 33362.8 0 0 -7316.46 0 0 7316.46
0 0 -30347.2 0 0 30347.2 0 0 -33084.7 0 0 33084.7 0 0 -7628.85 0 0 7628.85
0 0 -27669 0 0 27669 0 0 -32407 0 0 32407 0 0 -7738.3 0 0 7738.3
0 0 -24816.6 0 0 24816.6 0 0 -31274.6 0 0 31274.6 0 0 -7755.85 0 0 7755.85
0 0 -21792 0 0 21792 0 0 -29788.7 0 0 29788.7 0 0 -7773.29 0 0 7773.29
0 0 -18616.9 0 0 18616.9 0 0 -27992.3 0 0 27992.3 0 0 -7790.02 0 0 7790.02
0 0 -15321.5 0 0 15321.5 0 0 -25902.6 0 0 25902.6 0 0 -7804.91 0 0 7804.91
0 0 -11927.1 0 0 11927.1 0 0 -23569.9 0 0 23569.9 0 0 -7817.52 0 0 7817.52
0 0 -8471.92 0 0 8471.92 0 0 -21011.9 0 0 21011.9 0 0 -7828.02 0 0 7828.02
0 0 -4983.35 0 0 4983.35 0 0 -18280.3 0 0 18280.3 0 0 -7836.21 0 0 7836.21
0 0 -1484.32 0 0 1484.32 0 0 -15434 0 0 15434 0 0 -7841.31 0 0 7841.31
0 0 1971.61 0 0 -1971.61 0 0 -12535.1 0 0 12535.1 0 0 -7835.96 0 0 7835.96
0 0 5356.29 0 0 -5356.29 0 0 -9613.16 0 0 9613.16 0 0 -7747.62 0 0 7747.62
0 0 8677.99 0 0 -8677.99 0 0 -6693.28 0 0 6693.28 0 0 -7563.41 0 0 7563.41
0 0 11919 0 0 -11919 0 0 -3822.4 0 0 3822.4 0 0 -7277.97 0 0 7277.97
0 0 15063.2 0 0 -15063.2 0 0 -1040.66 0 0 1040.66 0 0 -6885.6 0 0 6885.6
0 0 18098.4 0 0 -18098.4 0 0 1613.2 0 0 -1613.2 0 0 -6377.16 0 0 6377.16
0 0 21009.2 0 0 -21009.2 0 0 4080.39 0 0 -4080.39 0 0 -5750.87 0 0 5750.87
0 0 23787.9 0 0 -23787.9 0 0 6370.89 0 0 -6370.89 0 0 -5007.14 0 0 5007.14
0 0 26432.6 0 0 -26432.6 0 0 8487.49 0 0 -8487.49 0 0 -4153.42 0 0 4153.42
0 0 28945.8 0 0 -28945.8 0 0 10423.1 0 0 -10423.1 0 0 -3198.21 0 0 3198.21
0 0 31334 0 0 -31334 0 0 12177.1 0 0 -12177.1 0 0 -2148.23 0 0 2148.23
0 0 33610.3 0 0 -33610.3 0 0 13756 0 0 -13756 0 0 -1012.27 0 0 1012.27
0 0 35788.1 0 0 -35788.1 0 0 15174.5 0 0 -15174.5 0 0 89.8952 0 0 -89.8952
0 0 37892.1 0 0 -37892.1 0 0 16344.8 0 0 -16344.8 0 0 1012.95 0 0 -1012.95
0 0 39874.5 0 0 -39874.5 0 0 17415.1 0 0 -17415.1 0 0 1966.36 0 0 -1966.36
0 0 41720.3 0 0 -41720.3 0 0 18416.4 0 0 -18416.4 0 0 2949.87 0 0 -2949.87
0 0 43421 0 0 -43421 0 0 19387.4 0 0 -19387.4 0 0 3936.02 0 0 -3936.02
0 0 44965.2 0 0 -44965.2 0 0 20376.7 0 0 -20376.7 0 0 4911.15 0 0 -4911.15
0 0 46358.2 0 0 -46358.2 0 0 21390.1 0 0 -21390.1 0 0 5871.91 0 0 -5871.91
0 0 47596 0 0 -47596 0 0 22458.8 0 0 -22458.8 0 0 6811.49 0 0 -6811.49
0 0 48674 0 0 -48674 0 0 23611.6 0 0 -23611.6 0 0 7718.77 0 0 -7718.77
0 0 49637.1 0 0 -49637.1 0 0 24695.5 0 0 -24695.5 0 0 7736.77 0 0 -7736.77
0 0 50460.4 0 0 -50460.4 0 0 25767 0 0 -25767 0 0 7755.98 0 0 -7755.98
0 0 51132.7 0 0 -51132.7 0 0 27015.3 0 0 -27015.3 0 0 7774.35 0 0 -7774.35
0 0 51709 0 0 -51709 0 0 28372.4 0 0 -28372.4 0 0 7791.28 0 0 -7791.28
0 0 52195.4 0 0 -52195.4 0 0 29899.4 0 0 -29899.4 0 0 7806.21 0 0 -7806.21
0 0 52618.6 0 0 -52618.6 0 0 31528.3 0 0 -31528.3 0 0 7819.43 0 0 -7819.43
0 0 52996.7 0 0 -52996.7 0 0 33195.7 0 0 -33195.7 0 0 7831.56 0 0 -7831.56
0 0 53336.1 0 0 -53336.1 0 0 34892.9 0 0 -34892.9 0 0 7842.8 0 0 -7842.8
0 0 53651.7 0 0 -53651.7 0 0 36603.1 0 0 -36603.1 0 0 7852.92 0 0 -7852.92
0 0 53951.8 0 0 -53951.8 0 0 38307.2 0 0 -38307.2 0 0 7861.58 0 0 -7861.58
0 0 54240.9 0 0 -54240.9 0 0 39963.6 0 0 -39963.6 0 0 7868.75 0 0 -7868.75
0 0 54520.7 0 0 -54520.7 0 0 41525.3 0 0 -41525.3 0 0 7874.72 0 0 -7874.72
0 0 54787.5 0 0 -54787.5 0 0 42956.6 0 0 -42956.6 0 0 7879.79 0 0 -7879.79
0 0 55034.6 0 0 -55034.6 0 0 44230.5 0 0 -44230.5 0 0 7884.06 0 0 -7884.06
0 0 55101.5 0 0 -55101.5 0 0 44310.4 0 0 -44310.4 0 0 7886.9 0 0 -7886.9
0 0 55054 0 0 -55054 0 0 44361.6 0 0 -44361.6 0 0 7887.83 0 0 -7887.83
0 0 54968.3 0 0 -54968.3 0 0 44403.3 0 0 -44403.3 0 0 7867.31 0 0 -7867.31
0 0 54910 0 0 -54910 0 0 44430.2 0 0 -44430.2 0 0 7826.43 0 0 -7826.43
0 0 54906.5 0 0 -54906.5 0 0 44437.8 0 0 -44437.8 0 0 7815.14 0 0 -7815.14
0 0 54848.9 0 0 -54848.9 0 0 44293.7 0 0 -44293.7 0 0 7780.1 0 0 -7780.1
0 0 54724.1 0 0 -54724.1 0 0 44040.2 0 0 -44040.2 0 0 7687.41 0 0 -7687.41
0 0 54551.4 0 0 -54551.4 0 0 43626.3 0 0 -43626.3 0 0 7536.77 0 0 -7536.77
0 0 54331.2 0 0 -54331.2 0 0 42939.5 0 0 -42939.5 0 0 7341.21 0 0 -7341.21
0 0 54085.6 0 0 -54085.6 0 0 41940.6 0 0 -41940.6 0 0 7115.17 0 0 -7115.17
0 0 53837.4 0 0 -53837.4 0 0 40719.6 0 0 -40719.6 0 0 6855.09 0 0 -6855.09
0 0 53598.2 0 0 -53598.2 0 0 39359.9 0 0 -39359.9 0 0 6549.61 0 0 -6549.61
0 0 53372.3 0 0 -53372.3 0 0 37864 0 0 -37864 0 0 6192.7 0 0 -6192.7
0 0 53168.8 0 0 -53168.8 0 0 36205.7 0 0 -36205.7 0 0 5787.15 0 0 -5787.15
0 0 52993.9 0 0 -52993.9 0 0 34406.8 0 0 -34406.8 0 0 5337.74 0 0 -5337.74
0 0 52842 0 0 -52842 0 0 32534.7 0 0 -32534.7 0 0 4844.83 0 0 -4844.83
0 0 52703.3 0 0 -52703.3 0 0 30644.3 0 0 -30644.3 0 0 4305.22 0 0 -4305.22
0 0 52576.2 0 0 -52576.2 0 0 28753.5 0 0 -28753.5 0 0 3716.46 0 0 -3716.46
0 0 52466.6 0 0 -52466.6 0 0 26872 0 0 -26872 0 0 3079.51 0 0 -3079.51
0 0 52380.1 0 0 -52380.1 0 0 25029.2 0 0 -25029.2 0 0 2397.94 0 0 -2397.94
0 0 52318.1 0 0 -52318.1 0 0 23265.4 0 0 -23265.4 0 0 1676.05 0 0 -1676.05
0 0 52278.9 0 0 -52278.9 0 0 21607.9 0 0 -21607.9 0 0 917.803 0 0 -917.803
0 0 52258.7 0 0 -52258.7 0 0 20066 0 0 -20066 0 0 119.534 0 0 -119.534
0 0 52229.9 0 0 -52229.9 0 0 18724.4 0 0 -18724.4 0 0 -263.347 0 0 263.347
0 0 52186.2 0 0 -52186.2 0 0 17636.1 0 0 -17636.1 0 0 -593.905 0 0 593.905
0 0 52154.7 0 0 -52154.7 0 0 16696.6 0 0 -16696.6 0 0 -936.604 0 0 936.604
0 0 52128.5 0 0 -52128.5 0 0 15887.6 0 0 -15887.6 0 0 -1280.52 0 0 1280.52
0 0 52101.6 0 0 -52101.6 0 0 15206.7 0 0 -15206.7 0 0 -1619.07 0 0 1619.07
0 0 52081.4 0 0 -52081.4 0 0 14643.8 0 0 -14643.8 0 0 -1952.44 0 0 1952.44
0 0 52059.7 0 0 -52059.7 0 0 14220.7 0 0 -14220.7 0 0 -2286.08 0 0 2286.08
0 0 52041 0 0 -52041 0 0 13909 0 0 -13909 0 0 -2617.97 0 0 2617.97
0 0 52031.2 0 0 -52031.2 0 0 13678.5 0 0 -13678.5 0 0 -2940.84 0 0 2940.84
0 0 52031.7 0 0 -52031.7 0 0 13500.4 0 0 -13500.4 0 0 -3246.83 0 0 3246.83
0 0 52024.4 0 0 -52024.4 0 0 13361.9 0 0 -13361.9 0 0 -3532.42 0 0 3532.42
0 0 51979.4 0 0 -51979.4 0 0 13255.4 0 0 -13255.4 0 0 -3797.93 0 0 3797.93
0 0 51875.8 0 0 -51875.8 0 0 13165.2 0 0 -13165.2 0 0 -4043.1 0 0 4043.1
0 0 51705.8 0 0 -51705.8 0 0 13070.2 0 0 -13070.2 0 0 -4264.76 0 0 4264.76
0 0 51466.7 0 0 -51466.7 0 0 12950.3 0 0 -12950.3 0 0 -4458.07 0 0 4458.07
0 0 51153.2 0 0 -51153.2 0 0 12792.3 0 0 -12792.3 0 0 -4619.53 0 0 4619.53
0 0 50758.2 0 0 -50758.2 0 0 12588.3 0 0 -12588.3 0 0 -4748.25 0 0 4748.25
0 0 50276 0 0 -50276 0 0 12332.6 0 0 -12332.6 0 0 -4844.76 0 0 4844.76
0 0 49705.9 0 0 -49705.9 0 0 12021.4 0 0 -12021.4 0 0 -4909.04 0 0 4909.04
0 0 49052.4 0 0 -49052.4 0 0 11652.6 0 0 -11652.6 0 0 -4940.06 0 0 4940.06
0 0 48322.1 0 0 -48322.1 0 0 11229 0 0 -11229 0 0 -4918.76 0 0 4918.76
0 0 47520.8 0 0 -47520.8 0 0 10772.3 0 0 -10772.3 0 0 -4811.65 0 0 4811.65
0 0 46660.8 0 0 -46660.8 0 0 10292.4 0 0 -10292.4 0 0 -4622.82 0 0 4622.82
0 0 45756.2 0 0 -45756.2 0 0 9801.47 0 0 -9801.47 0 0 -4360.18 0 0 4360.18
0 0 44819.5 0 0 -44819.5 0 0 9312.44 0 0 -9312.44 0 0 -4028.25 0 0 4028.25
0 0 43863.2 0 0 -43863.2 0 0 8839.01 0 0 -8839.01 0 0 -3631.46 0 0 3631.46
0 0 42901.8 0 0 -42901.8 0 0 8399.41 0 0 -8399.41 0 0 -3177.28 0 0 3177.28
0 0 41950.3 0 0 -41950.3 0 0 8013.35 0 0 -8013.35 0 0 -2676.13 0 0 2676.13
0 0 41016.5 0 0 -41016.5 0 0 7701.27 0 0 -7701.27 0 0 -2139.11 0 0 2139.11
0 0 40098.3 0 0 -40098.3 0 0 7482.87 0 0 -7482.87 0 0 -1576.01 0 0 1576.01
0 0 39194.8 0 0 -39194.8 0 0 7375.5 0 0 -7375.5 0 0 -995.231 0 0 995.231
0 0 38314.6 0 0 -38314.6 0 0 7393.24 0 0 -7393.24 0 0 -405.176 0 0 405.176
0 0 37472.8 0 0 -37472.8 0 0 7530.84 0 0 -7530.84 0 0 40.567 0 0 -40.567
0 0 36686 0 0 -36686 0 0 7721.76 0 0 -7721.76 0 0 336.272 0 0 -336.272
0 0 35925.6 0 0 -35925.6 0 0 8081.16 0 0 -8081.16 0 0 621.852 0 0 -621.852
0 0 35197.6 0 0 -35197.6 0 0 8580.34 0 0 -8580.34 0 0 904.462 0 0 -904.462
0 0 34493.8 0 0 -34493.8 0 0 9246.27 0 0 -9246.27 0 0 1171.05 0 0 -1171.05
0 0 33810.5 0 0 -33810.5 0 0 10064.1 0 0 -10064.1 0 0 1420.51 0 0 -1420.51
0 0 33144.5 0 0 -33144.5 0 0 11003.7 0 0 -11003.7 0 0 1656.97 0 0 -1656.97
0 0 32485.1 0 0 -32485.1 0 0 12047.6 0 0 -12047.6 0 0 1883.05 0 0 -1883.05
0 0 31822.2 0 0 -31822.2 0 0 13180 0 0 -13180 0 0 2097.94 0 0 -2097.94
0 0 31144.9 0 0 -31144.9 0 0 14384.7 0 0 -14384.7 0 0 2298.3 0 0 -2298.3
0 0 30444.3 0 0 -30444.3 0 0 15633.1 0 0 -15633.1 0 0 2482.86 0 0 -2482.86
0 0 29710.6 0 0 -29710.6 0 0 16891.4 0 0 -16891.4 0 0 2653.7 0 0 -2653.7
0 0 28933.6 0 0 -28933.6 0 0 18127.1 0 0 -18127.1 0 0 2814.14 0 0 -2814.14
0 0 28102.5 0 0 -28102.5 0 0 19310.6 0 0 -19310.6 0 0 2966.15 0 0 -2966.15
0 0 27206.2 0 0 -27206.2 0 0 20413.9 0 0 -20413.9 0 0 3109.72 0 0 -3109.72
0 0 26234.1 0 0 -26234.1 0 0 21408.3 0 0 -21408.3 0 0 3244.39 0 0 -3244.39
0 0 25178.5 0 0 -25178.5 0 0 22265.7 0 0 -22265.7 0 0 3370.85 0 0 -3370.85
0 0 24036.3 0 0 -24036.3 0 0 22960.4 0 0 -22960.4 0 0 3490.79 0 0 -3490.79
0 0 22807.6 0 0 -22807.6 0 0 23470.4 0 0 -23470.4 0 0 3605.65 0 0 -3605.65
0 0 21494.6 0 0 -21494.6 0 0 23778 0 0 -23778 0 0 3715.55 0 0 -3715.55
0 0 20102.2 0 0 -20102.2 0 0 23870.2 0 0 -23870.2 0 0 3819.52 0 0 -3819.52
0 0 18634.5 0 0 -18634.5 0 0 23739.5 0 0 -23739.5 0 0 3916.4 0 0 -3916.4
0 0 17093.5 0 0 -17093.5 0 0 23383.6 0 0 -23383.6 0 0 4005.29 0 0 -4005.29
0 0 15481.3 0 0 -15481.3 0 0 22805.2 0 0 -22805.2 0 0 4085.29 0 0 -4085.29
0 0 13802.6 0 0 -13802.6 0 0 22011.7 0 0 -22011.7 0 0 4154.89 0 0 -4154.89
0 0 12066.5 0 0 -12066.5 0 0 21015.1 0 0 -21015.1 0 0 4211.74 0 0 -4211.74
0 0 10288.3 0 0 -10288.3 0 0 19831.8 0 0 -19831.8 0 0 4253.05 0 0 -4253.05
0 0 8487.85 0 0 -8487.85 0 0 18480.9 0 0 -18480.9 0 0 4276.07 0 0 -4276.07
0 0 6686.15 0 0 -6686.15 0 0 16984.5 0 0 -16984.5 0 0 4275.08 0 0 -4275.08
0 0 4905.86 0 0 -4905.86 0 0 15362.2 0 0 -15362.2 0 0 4229.18 0 0 -4229.18
0 0 3167.01 0 0 -3167.01 0 0 13636.7 0 0 -13636.7 0 0 4131.87 0 0 -4131.87
0 0 1477.35 0 0 -1477.35 0 0 11837.5 0 0 -11837.5 0 0 3977.88 0 0 -3977.88
0 0 -168.672 0 0 168.672 0 0 9994.4 0 0 -9994.4 0 0 3762.32 0 0 -3762.32
0 0 -1789.6 0 0 1789.6 0 0 8137.37 0 0 -8137.37 0 0 3480.78 0 0 -3480.78
0 0 -3365.15 0 0 3365.15 0 0 6297.64 0 0 -6297.64 0 0 3130.36 0 0 -3130.36
0 0 -4891.15 0 0 4891.15 0 0 4496.69 0 0 -4496.69 0 0 2710.35 0 0 -2710.35
0 0 -6358.44 0 0 6358.44 0 0 2754.94 0 0 -2754.94 0 0 2220.94 0 0 -2220.94
0 0 -7768.75 0 0 7768.75 0 0 1091.21 0 0 -1091.21 0 0 1663.19 0 0 -1663.19
0 0 -9124.72 0 0 9124.72 0 0 -400.889 0 0 400.889 0 0 1040.82 0 0 -1040.82
0 0 -10420 0 0 10420 0 0 -1795.56 0 0 1795.56 0 0 357.478 0 0 -357.478
0 0 -11674.3 0 0 11674.3 0 0 -3084.36 0 0 3084.36 0 0 -160.007 0 0 160.007
0 0 -12900.5 0 0 12900.5 0 0 -4160.11 0 0 4160.11 0 0 -538.116 0 0 538.116
0 0 -14064.2 0 0 14064.2 0 0 -5095.91 0 0 5095.91 0 0 -938.705 0 0 938.705
0 0 -15169.9 0 0 15169.9 0 0 -5964.9 0 0 5964.9 0 0 -1356.06 0 0 1356.06
0 0 -16256.5 0 0 16256.5 0 0 -6763.6 0 0 6763.6 0 0 -1783.48 0 0 1783.48
0 0 -17329.3 0 0 17329.3 0 0 -7521.2 0 0 7521.2 0 0 -2214.83 0 0 2214.83
0 0 -18404.8 0 0 18404.8 0 0 -8211.12 0 0 8211.12 0 0 -2654.65 0 0 2654.65
0 0 -19494.5 0 0 19494.5 0 0 -8851.02 0 0 8851.02 0 0 -3102.45 0 0 3102.45
0 0 -20611.4 0 0 20611.4 0 0 -9474.84 0 0 9474.84 0 0 -3551.44 0 0 3551.44
0 0 -21762.1 0 0 21762.1 0 0 -10115.1 0 0 10115.1 0 0 -3992.45 0 0 3992.45
0 0 -22950.6 0 0 22950.6 0 0 -10788.8 0 0 10788.8 0 0 -4419.02 0 0 4419.02
0 0 -24182.4 0 0 24182.4 0 0 -11503.2 0 0 11503.2 0 0 -4829.39 0 0 4829.39
0 0 -25463.8 0 0 25463.8 0 0 -12271.5 0 0 12271.5 0 0 -5222.78 0 0 5222.78
0 0 -26802.6 0 0 26802.6 0 0 -13112.3 0 0 13112.3 0 0 -5596.29 0 0 5596.29
0 0 -28211 0 0 28211 0 0 -14040 0 0 14040 0 0 -5944.95 0 0 5944.95
0 0 -29704 0 0 29704 0 0 -15060 0 0 15060 0 0 -6264.31 0 0 6264.31
0 0 -31294.2 0 0 31294.2 0 0 -16171.8 0 0 16171.8 0 0 -6552.36 0 0 6552.36
0 0 -32991.5 0 0 32991.5 0 0 -17373.1 0 0 17373.1 0 0 -6809.09 0 0 6809.09
0 0 -34803.2 0 0 34803.2 0 0 -18660.7 0 0 18660.7 0 0 -7034.7 0 0 7034.7
0 0 -36734.9 0 0 36734.9 0 0 -20027.4 0 0 20027.4 0 0 -7228.6 0 0 7228.6
0 0 -38788.5 0 0 38788.5 0 0 -21462.5 0 0 21462.5 0 0 -7389.93 0 0 7389.93
0 0 -40957.3 0 0 40957.3 0 0 -22953.1 0 0 22953.1 0 0 -7518.79 0 0 7518.79
0 0 -43223.4 0 0 43223.4 0 0 -24485.4 0 0 24485.4 0 0 -7616.66 0 0 7616.66
0 0 -45563.6 0 0 45563.6 0 0 -26043.6 0 0 26043.6 0 0 -7685.86 0 0 7685.86
0 0 -47953.5 0 0 47953.5 0 0 -27609.8 0 0 27609.8 0 0 -7728.65 0 0 7728.65
0 0 -50367.3 0 0 50367.3 0 0 -29165 0 0 29165 0 0 -7746.99 0 0 7746.99
0 0 -52774.6 0 0 52774.6 0 0 -30689 0 0 30689 0 0 -7731.94 0 0 7731.94
0 0 -55137.6 0 0 55137.6 0 0 -32157.5 0 0 32157.5 0 0 -7675.8 0 0 7675.8
0 0 -57412.5 0 0 57412.5 0 0 -33553 0 0 33553 0 0 -7585.38 0 0 7585.38
0 0 -59537.9 0 0 59537.9 0 0 -34855.6 0 0 34855.6 0 0 -7468.52 0 0 7468.52
0 0 -60595.9 0 0 60595.9 0 0 -35918.6 0 0 35918.6 0 0 -7342.15 0 0 7342.15
0 0 -60839.8 0 0 60839.8 0 0 -36621.5 0 0 36621.5 0 0 -7220.04 0 0 7220.04
0 0 -61079 0 0 61079 0 0 -37309.4 0 0 37309.4 0 0 -7067.45 0 0 7067.45
0 0 -61274.6 0 0 61274.6 0 0 -37850.3 0 0 37850.3 0 0 -6911.78 0 0 6911.78
0 0 -61427.2 0 0 61427.2 0 0 -38303.1 0 0 38303.1 0 0 -6749.59 0 0 6749.59
0 0 -61565.3 0 0 61565.3 0 0 -38610.7 0 0 38610.7 0 0 -6583.31 0 0 6583.31
0 0 -61685.9 0 0 61685.9 0 0 -38753.4 0 0 38753.4 0 0 -6420.72 0 0 6420.72
0 0 -61768.7 0 0 61768.7 0 0 -38781.3 0 0 38781.3 0 0 -6257.96 0 0 6257.96
0 0 -61815.4 0 0 61815.4 0 0 -38659.3 0 0 38659.3 0 0 -6100.79 0 0 6100.79
0 0 -61837.1 0 0 61837.1 0 0 -38373.1 0 0 38373.1 0 0 -5951.17 0 0 5951.17
0 0 -61753.5 0 0 61753.5 0 0 -37930.4 0 0 37930.4 0 0 -5809.39 0 0 5809.39
0 0 -61432.4 0 0 61432.4 0 0 -37309.8 0 0 37309.8 0 0 -5677.84 0 0 5677.84
0 0 -60903 0 0 60903 0 0 -36517.5 0 0 36517.5 0 0 -5555.63 0 0 5555.63
0 0 -60184.7 0 0 60184.7 0 0 -35562.5 0 0 35562.5 0 0 -5441.59 0 0 5441.59
0 0 -59272.8 0 0 59272.8 0 0 -34466.7 0 0 34466.7 0 0 -5333.91 0 0 5333.91
0 0 -58183.4 0 0 58183.4 0 0 -33249 0 0 33249 0 0 -5229.67 0 0 5229.67
0 0 -56938.1 0 0 56938.1 0 0 -31925.6 0 0 31925.6 0 0 -5125.76 0 0 5125.76
0 0 -55540.3 0 0 55540.3 0 0 -30518.3 0 0 30518.3 0 0 -5018.39 0 0 5018.39
0 0 -53994.8 0 0 53994.8 0 0 -29051.1 0 0 29051.1 0 0 -4903.84 0 0 4903.84
0 0 -52325.1 0 0 52325.1 0 0 -27545.3 0 0 27545.3 0 0 -4778.52 0 0 4778.52
0 0 -50557.4 0 0 50557.4 0 0 -26020.7 0 0 26020.7 0 0 -4638.98 0 0 4638.98
0 0 -48709.8 0 0 48709.8 0 0 -24497.2 0 0 24497.2 0 0 -4481.8 0 0 4481.8
0 0 -46796.1 0 0 46796.1 0 0 -22993.7 0 0 22993.7 0 0 -4303.87 0 0 4303.87
0 0 -44831.4 0 0 44831.4 0 0 -21527 0 0 21527 0 0 -4102.66 0 0 4102.66
0 0 -42830 0 0 42830 0 0 -20112.1 0 0 20112.1 0 0 -3876.31 0 0 3876.31
0 0 -40805.8 0 0 40805.8 0 0 -18760.9 0 0 18760.9 0 0 -3623.71 0 0 3623.71
0 0 -38773.4 0 0 38773.4 0 0 -17481.9 0 0 17481.9 0 0 -3344.42 0 0 3344.42
0 0 -36749.3 0 0 36749.3 0 0 -16280.4 0 0 16280.4 0 0 -3038.77 0 0 3038.77
0 0 -34751.1 0 0 34751.1 0 0 -15158.7 0 0 15158.7 0 0 -2707.87 0 0 2707.87
0 0 -32792.7 0 0 32792.7 0 0 -14116.5 0 0 14116.5 0 0 -2353.61 0 0 2353.61
0 0 -30883.4 0 0 30883.4 0 0 -13151.5 0 0 13151.5 0 0 -1978.61 0 0 1978.61
0 0 -29028.8 0 0 29028.8 0 0 -12259.1 0 0 12259.1 0 0 -1586.11 0 0 1586.11
0 0 -27232.2 0 0 27232.2 0 0 -11432.8 0 0 11432.8 0 0 -1179.9 0 0 1179.9
0 0 -25493.5 0 0 25493.5 0 0 -10665.2 0 0 10665.2 0 0 -764.166 0 0 764.166
0 0 -23810.5 0 0 23810.5 0 0 -9947.42 0 0 9947.42 0 0 -343.493 0 0 343.493
0 0 -22179.5 0 0 22179.5 0 0 -9275.25 0 0 9275.25 0 0 6.10734 0 0 -6.10734
0 0 -20587.3 0 0 20587.3 0 0 -8716.89 0 0 8716.89 0 0 159.524 0 0 -159.524
0 0 -19058.6 0 0 19058.6 0 0 -8167.26 0 0 8167.26 0 0 319.172 0 0 -319.172
0 0 -17586.6 0 0 17586.6 0 0 -7632.5 0 0 7632.5 0 0 479.152 0 0 -479.152
0 0 -16171 0 0 16171 0 0 -7085.63 0 0 7085.63 0 0 631.271 0 0 -631.271
0 0 -14814.5 0 0 14814.5 0 0 -6509.73 0 0 6509.73 0 0 772.533 0 0 -772.533
0 0 -13512.9 0 0 13512.9 0 0 -5918.79 0 0 5918.79 0 0 905.677 0 0 -905.677
0 0 -12268.4 0 0 12268.4 0 0 -5307.3 0 0 5307.3 0 0 1032.61 0 0 -1032.61
0 0 -11077.7 0 0 11077.7 0 0 -4669.87 0 0 4669.87 0 0 1152.91 0 0 -1152.91
0 0 -9932.5 0 0 9932.5 0 0 -3998.75 0 0 3998.75 0 0 1263.67 0 0 -1263.67
0 0 -8818.97 0 0 8818.97 0 0 -3295.51 0 0 3295.51 0 0 1362.6 0 0 -1362.6
0 0 -7724.48 0 0 7724.48 0 0 -2568.07 0 0 2568.07 0 0 1449.94 0 0 -1449.94
0 0 -6642.46 0 0 6642.46 0 0 -1823.96 0 0 1823.96 0 0 1527.38 0 0 -1527.38
0 0 -5564.79 0 0 5564.79 0 0 -1069.77 0 0 1069.77 0 0 1596.13 0 0 -1596.13
0 0 -4471.67 0 0 4471.67 0 0 -313.034 0 0 313.034 0 0 1655.97 0 0 -1655.97
0 0 -3348.25 0 0 3348.25 0 0 392.881 0 0 -392.881 0 0 1705.63 0 0 -1705.63
0 0 -2190.73 0 0 2190.73 0 0 1079.59 0 0 -1079.59 0 0 1744.5 0 0 -1744.5
0 0 -1001.92 0 0 1001.92 0 0 1745.7 0 0 -1745.7 0 0 1774.46 0 0 -1774.46
0 0 145.546 0 0 -145.546 0 0 2380.74 0 0 -2380.74 0 0 1797.03 0 0 -1797.03
0 0 1225.78 0 0 -1225.78 0 0 2942.6 0 0 -2942.6 0 0 1814.5 0 0 -1814.5
0 0 2332.89 0 0 -2332.89 0 0 3468.45 0 0 -3468.45 0 0 1825.85 0 0 -1825.85
0 0 3463.76 0 0 -3463.76 0 0 3960.7 0 0 -3960.7 0 0 1830.4 0 0 -1830.4
0 0 4616.22 0 0 -4616.22 0 0 4408.27 0 0 -4408.27 0 0 1825.63 0 0 -1825.63
0 0 5795.96 0 0 -5795.96 0 0 4805.77 0 0 -4805.77 0 0 1807.97 0 0 -1807.97
0 0 6984.62 0 0 -6984.62 0 0 5154.64 0 0 -5154.64 0 0 1780.33 0 0 -1780.33
0 0 8160.39 0 0 -8160.39 0 0 5462.44 0 0 -5462.44 0 0 1743.03 0 0 -1743.03
0 0 9310.01 0 0 -9310.01 0 0 5733.34 0 0 -5733.34 0 0 1696.14 0 0 -1696.14
0 0 10419.7 0 0 -10419.7 0 0 5970.14 0 0 -5970.14 0 0 1640.04 0 0 -1640.04
0 0 11474.2 0 0 -11474.2 0 0 6176.12 0 0 -6176.12 0 0 1576.12 0 0 -1576.12
0 0 12468.7 0 0 -12468.7 0 0 6353.88 0 0 -6353.88 0 0 1506.2 0 0 -1506.2
0 0 13417.4 0 0 -13417.4 0 0 6503.41 0 0 -6503.41 0 0 1431.85 0 0 -1431.85
0 0 14340.1 0 0 -14340.1 0 0 6623.74 0 0 -6623.74 0 0 1354.05 0 0 -1354.05
0 0 15238.8 0 0 -15238.8 0 0 6717.18 0 0 -6717.18 0 0 1273.41 0 0 -1273.41
0 0 16103.1 0 0 -16103.1 0 0 6788.48 0 0 -6788.48 0 0 1190.72 0 0 -1190.72
0 0 16939.9 0 0 -16939.9 0 0 6839.12 0 0 -6839.12 0 0 1107.35 0 0 -1107.35
0 0 17775.4 0 0 -17775.4 0 0 6867.98 0 0 -6867.98 0 0 1024.76 0 0 -1024.76
0 0 18622.9 0 0 -18622.9 0 0 6877.52 0 0 -6877.52 0 0 943.742 0 0 -943.742
0 0 19479.6 0 0 -19479.6 0 0 6873.09 0 0 -6873.09 0 0 864.573 0 0 -864.573
0 0 20349.6 0 0 -20349.6 0 0 6858.85 0 0 -6858.85 0 0 787.667 0 0 -787.667
0 0 21245.2 0 0 -21245.2 0 0 6838.39 0 0 -6838.39 0 0 713.703 0 0 -713.703
0 0 22177.3 0 0 -22177.3 0 0 6816.7 0 0 -6816.7 0 0 643.275 0 0 -643.275
0 0 23150.9 0 0 -23150.9 0 0 6800.47 0 0 -6800.47 0 0 576.723 0 0 -576.723
0 0 24168.5 0 0 -24168.5 0 0 6796.87 0 0 -6796.87 0 0 514.169 0 0 -514.169
0 0 25237.3 0 0 -25237.3 0 0 6812.15 0 0 -6812.15 0 0 455.745 0 0 -455.745
0 0 26365.2 0 0 -26365.2 0 0 6852.8 0 0 -6852.8 0 0 401.642 0 0 -401.642
0 0 27553.3 0 0 -27553.3 0 0 6922.07 0 0 -6922.07 0 0 351.929 0 0 -351.929
0 0 28796.4 0 0 -28796.4 0 0 7030.54 0 0 -7030.54 0 0 306.484 0 0 -306.484
0 0 30089.7 0 0 -30089.7 0 0 7186.27 0 0 -7186.27 0 0 265.674 0 0 -265.674
0 0 31427.5 0 0 -31427.5 0 0 7395.68 0 0 -7395.68 0 0 229.804 0 0 -229.804
0 0 32803.8 0 0 -32803.8 0 0 7664.57 0 0 -7664.57 0 0 199.305 0 0 -199.305
0 0 34216.7 0 0 -34216.7 0 0 7997.77 0 0 -7997.77 0 0 174.837 0 0 -174.837
0 0 35671.6 0 0 -35671.6 0 0 8397.49 0 0 -8397.49 0 0 157.308 0 0 -157.308
0 0 37175.8 0 0 -37175.8 0 0 8863.9 0 0 -8863.9 0 0 147.857 0 0 -147.857
0 0 38730.9 0 0 -38730.9 0 0 9396.95 0 0 -9396.95 0 0 147.689 0 0 -147.689
0 0 40330.7 0 0 -40330.7 0 0 9997.22 0 0 -9997.22 0 0 158.053 0 0 -158.053
0 0 41962.1 0 0 -41962.1 0 0 10665.5 0 0 -10665.5 0 0 180.256 0 0 -180.256
0 0 43608.4 0 0 -43608.4 0 0 11401.9 0 0 -11401.9 0 0 215.706 0 0 -215.706
0 0 45257 0 0 -45257 0 0 12204.3 0 0 -12204.3 0 0 265.973 0 0 -265.973
0 0 37293.1 0 0 -37293.1 0 0 12548.1 0 0 -12548.1 0 0 397.023 0 0 -397.023
0 0 40799.2 0 0 -40799.2 0 0 8081.84 0 0 -8081.84 0 0 852.48 0 0 -852.48
0 0 45386.5 0 0 -45386.5 0 0 7529.79 0 0 -7529.79 0 0 997.875 0 0 -997.875
0 0 43208.7 0 0 -43208.7 0 0 10071.9 0 0 -10071.9 0 0 930.103 0 0 -930.103
0 0 41808 0 0 -41808 0 0 13312 0 0 -13312 0 0 868.25 0 0 -868.25
0 0 44980 0 0 -44980 0 0 14337.4 0 0 -14337.4 0 0 899.099 0 0 -899.099
0 0 48875.9 0 0 -48875.9 0 0 14383.5 0 0 -14383.5 0 0 1035.23 0 0 -1035.23
0 0 50176.6 0 0 -50176.6 0 0 15882.4 0 0 -15882.4 0 0 1037.33 0 0 -1037.33
0 0 50079.6 0 0 -50079.6 0 0 18290.2 0 0 -18290.2 0 0 1001.79 0 0 -1001.79
0 0 51665.5 0 0 -51665.5 0 0 20123.9 0 0 -20123.9 0 0 1019.55 0 0 -1019.55
0 0 53543.3 0 0 -53543.3 0 0 21372.1 0 0 -21372.1 0 0 1103.44 0 0 -1103.44
0 0 55197.4 0 0 -55197.4 0 0 22492.1 0 0 -22492.1 0 0 1216.31 0 0 -1216.31
0 0 56320.5 0 0 -56320.5 0 0 24182 0 0 -24182 0 0 1305.25 0 0 -1305.25
0 0 57085.5 0 0 -57085.5 0 0 26010.7 0 0 -26010.7 0 0 1406.69 0 0 -1406.69
0 0 58075.3 0 0 -58075.3 0 0 27501.2 0 0 -27501.2 0 0 1569.38 0 0 -1569.38
0 0 59263.6 0 0 -59263.6 0 0 28636.4 0 0 -28636.4 0 0 1760.78 0 0 -1760.78
0 0 60229.1 0 0 -60229.1 0 0 29700.3 0 0 -29700.3 0 0 1885.56 0 0 -1885.56
0 0 60554.6 0 0 -60554.6 0 0 30862.2 0 0 -30862.2 0 0 1991.06 0 0 -1991.06
0 0 60579.6 0 0 -60579.6 0 0 31910.1 0 0 -31910.1 0 0 2112.8 0 0 -2112.8
0 0 60604.9 0 0 -60604.9 0 0 32655.9 0 0 -32655.9 0 0 2254.48 0 0 -2254.48
0 0 60629.5 0 0 -60629.5 0 0 33165.4 0 0 -33165.4 0 0 2413.5 0 0 -2413.5
0 0 60641.5 0 0 -60641.5 0 0 33621.9 0 0 -33621.9 0 0 2583.38 0 0 -2583.38
0 0 60402.4 0 0 -60402.4 0 0 34055.5 0 0 -34055.5 0 0 2762.65 0 0 -2762.65
0 0 60060.2 0 0 -60060.2 0 0 34281.6 0 0 -34281.6 0 0 2955.5 0 0 -2955.5
0 0 59767 0 0 -59767 0 0 34270.8 0 0 -34270.8 0 0 3162.12 0 0 -3162.12
0 0 59265.3 0 0 -59265.3 0 0 34110.2 0 0 -34110.2 0 0 3376.14 0 0 -3376.14
0 0 58528.2 0 0 -58528.2 0 0 33843.2 0 0 -33843.2 0 0 3594.37 0 0 -3594.37
0 0 57803.7 0 0 -57803.7 0 0 33469.4 0 0 -33469.4 0 0 3814.15 0 0 -3814.15
0 0 57034.1 0 0 -57034.1 0 0 33023.3 0 0 -33023.3 0 0 4032.63 0 0 -4032.63
0 0 56127.8 0 0 -56127.8 0 0 32523.4 0 0 -32523.4 0 0 4247.08 0 0 -4247.08
0 0 55143.9 0 0 -55143.9 0 0 31962.9 0 0 -31962.9 0 0 4455.07 0 0 -4455.07
0 0 54124.2 0 0 -54124.2 0 0 31337.2 0 0 -31337.2 0 0 4653.9 0 0 -4653.9
0 0 53052.7 0 0 -53052.7 0 0 30680.3 0 0 -30680.3 0 0 4840.32 0 0 -4840.32
0 0 51913.5 0 0 -51913.5 0 0 30032.7 0 0 -30032.7 0 0 5010.99 0 0 -5010.99
0 0 50724.4 0 0 -50724.4 0 0 29406.5 0 0 -29406.5 0 0 5163.54 0 0 -5163.54
0 0 49527 0 0 -49527 0 0 28805.7 0 0 -28805.7 0 0 5296.03 0 0 -5296.03
0 0 48310.1 0 0 -48310.1 0 0 28242.4 0 0 -28242.4 0 0 5406.28 0 0 -5406.28
0 0 47072.3 0 0 -47072.3 0 0 27729 0 0 -27729 0 0 5492.45 0 0 -5492.45
0 0 45816.1 0 0 -45816.1 0 0 27276.7 0 0 -27276.7 0 0 5553.08 0 0 -5553.08
0 0 44552.8 0 0 -44552.8 0 0 26885.3 0 0 -26885.3 0 0 5587.35 0 0 -5587.35
0 0 43282 0 0 -43282 0 0 26554.2 0 0 -26554.2 0 0 5591.46 0 0 -5591.46
0 0 42007.8 0 0 -42007.8 0 0 26268.8 0 0 -26268.8 0 0 5532.31 0 0 -5532.31
0 0 40730.1 0 0 -40730.1 0 0 26016.5 0 0 -26016.5 0 0 5406.96 0 0 -5406.96
0 0 39447.6 0 0 -39447.6 0 0 25788.8 0 0 -25788.8 0 0 5218.04 0 0 -5218.04
0 0 38158.6 0 0 -38158.6 0 0 25573.5 0 0 -25573.5 0 0 4968.6 0 0 -4968.6
0 0 36860.3 0 0 -36860.3 0 0 25358.2 0 0 -25358.2 0 0 4661.7 0 0 -4661.7
0 0 35544.9 0 0 -35544.9 0 0 25127.3 0 0 -25127.3 0 0 4302.28 0 0 -4302.28
0 0 34201.1 0 0 -34201.1 0 0 24864.6 0 0 -24864.6 0 0 3896.98 0 0 -3896.98
0 0 32819.1 0 0 -32819.1 0 0 24553.3 0 0 -24553.3 0 0 3453.22 0 0 -3453.22
0 0 31392.4 0 0 -31392.4 0 0 24175.7 0 0 -24175.7 0 0 2978.19 0 0 -2978.19
0 0 29915.1 0 0 -29915.1 0 0 23714.7 0 0 -23714.7 0 0 2478.68 0 0 -2478.68
0 0 28379.7 0 0 -28379.7 0 0 23153.9 0 0 -23153.9 0 0 1961.57 0 0 -1961.57
0 0 26776.9 0 0 -26776.9 0 0 22479 0 0 -22479 0 0 1434.07 0 0 -1434.07
0 0 25099.2 0 0 -25099.2 0 0 21678 0 0 -21678 0 0 903.45 0 0 -903.45
0 0 23343.2 0 0 -23343.2 0 0 20739.7 0 0 -20739.7 0 0 376.42 0 0 -376.42
0 0 21507.2 0 0 -21507.2 0 0 19657.9 0 0 -19657.9 0 0 -49.0154 0 0 49.0154
0 0 19576.3 0 0 -19576.3 0 0 18500.1 0 0 -18500.1 0 0 -301.978 0 0 301.978
0 0 17566.4 0 0 -17566.4 0 0 17223.7 0 0 -17223.7 0 0 -539.865 0 0 539.865
0 0 15467.8 0 0 -15467.8 0 0 15775.1 0 0 -15775.1 0 0 -766.843 0 0 766.843
0 0 13301.4 0 0 -13301.4 0 0 14172.7 0 0 -14172.7 0 0 -981.819 0 0 981.819
0 0 11072.7 0 0 -11072.7 0 0 12416.1 0 0 -12416.1 0 0 -1182.1 0 0 1182.1
0 0 8788.97 0 0 -8788.97 0 0 10534 0 0 -10534 0 0 -1373.33 0 0 1373.33
0 0 6463.79 0 0 -6463.79 0 0 8545.61 0 0 -8545.61 0 0 -1559.34 0 0 1559.34
0 0 4108.3 0 0 -4108.3 0 0 6458.11 0 0 -6458.11 0 0 -1739.77 0 0 1739.77
0 0 1733.06 0 0 -1733.06 0 0 4286.67 0 0 -4286.67 0 0 -1912.44 0 0 1912.44
0 0 -513.071 0 0 513.071 0 0 2061.64 0 0 -2061.64 0 0 -2077.09 0 0 2077.09
0 0 -2687.54 0 0 2687.54 0 0 -122.93 0 0 122.93 0 0 -2237.98 0 0 2237.98
0 0 -4837.74 0 0 4837.74 0 0 -2223.1 0 0 2223.1 0 0 -2394.85 0 0 2394.85
0 0 -7008.73 0 0 7008.73 0 0 -4343.73 0 0 4343.73 0 0 -2550.87 0 0 2550.87
0 0 -9100.31 0 0 9100.31 0 0 -6477.88 0 0 6477.88 0 0 -2706.24 0 0 2706.24
0 0 -11113.7 0 0 11113.7 0 0 -8543.37 0 0 8543.37 0 0 -2863 0 0 2863
0 0 -13769.2 0 0 13769.2 0 0 -10602 0 0 10602 0 0 -3021.85 0 0 3021.85
0 0 -15717.1 0 0 15717.1 0 0 -12866.5 0 0 12866.5 0 0 -3174.62 0 0 3174.62
0 0 -17707.1 0 0 17707.1 0 0 -14861.6 0 0 14861.6 0 0 -3339.89 0 0 3339.89
0 0 -19945.7 0 0 19945.7 0 0 -16645.8 0 0 16645.8 0 0 -3517.51 0 0 3517.51
0 0 -21913.6 0 0 21913.6 0 0 -18249.2 0 0 18249.2 0 0 -3705.01 0 0 3705.01
0 0 -23549.8 0 0 23549.8 0 0 -19713.4 0 0 19713.4 0 0 -3902.69 0 0 3902.69
0 0 -25139.1 0 0 25139.1 0 0 -20957.1 0 0 20957.1 0 0 -4110.95 0 0 4110.95
0 0 -26671.4 0 0 26671.4 0 0 -21965.5 0 0 21965.5 0 0 -4331.23 0 0 4331.23
0 0 -27977.1 0 0 27977.1 0 0 -22784.1 0 0 22784.1 0 0 -4560.65 0 0 4560.65
0 0 -29086.3 0 0 29086.3 0 0 -23407.7 0 0 23407.7 0 0 -4798.27 0 0 4798.27
0 0 -30091.7 0 0 30091.7 0 0 -23826.8 0 0 23826.8 0 0 -5042.3 0 0 5042.3
0 0 -30967.7 0 0 30967.7 0 0 -24064.8 0 0 24064.8 0 0 -5289.75 0 0 5289.75
0 0 -31674.9 0 0 31674.9 0 0 -24150.2 0 0 24150.2 0 0 -5537.44 0 0 5537.44
0 0 -32249.3 0 0 32249.3 0 0 -24087.8 0 0 24087.8 0 0 -5782.55 0 0 5782.55
0 0 -32731.2 0 0 32731.2 0 0 -23891.1 0 0 23891.1 0 0 -6021.8 0 0 6021.8
0 0 -33122.5 0 0 33122.5 0 0 -23591.8 0 0 23591.8 0 0 -6251.41 0 0 6251.41
0 0 -33429.2 0 0 33429.2 0 0 -23219.7 0 0 23219.7 0 0 -6467.57 0 0 6467.57
0 0 -33677.3 0 0 33677.3 0 0 -22796.4 0 0 22796.4 0 0 -6666.91 0 0 6666.91
0 0 -33886.5 0 0 33886.5 0 0 -22345.2 0 0 22345.2 0 0 -6846.22 0 0 6846.22
0 0 -34069.1 0 0 34069.1 0 0 -21893.6 0 0 21893.6 0 0 -7002.33 0 0 7002.33
0 0 -34246.2 0 0 34246.2 0 0 -21464.5 0 0 21464.5 0 0 -7132.35 0 0 7132.35
0 0 -34441.8 0 0 34441.8 0 0 -21076 0 0 21076 0 0 -7233.8 0 0 7233.8
0 0 -34672.1 0 0 34672.1 0 0 -20744.2 0 0 20744.2 0 0 -7304.62 0 0 7304.62
0 0 -34946.1 0 0 34946.1 0 0 -20483.7 0 0 20483.7 0 0 -7343.28 0 0 7343.28
0 0 -35273.9 0 0 35273.9 0 0 -20305.3 0 0 20305.3 0 0 -7343.23 0 0 7343.23
0 0 -35669.2 0 0 35669.2 0 0 -20205.4 0 0 20205.4 0 0 -7275.24 0 0 7275.24
0 0 -36141.9 0 0 36141.9 0 0 -20181.2 0 0 20181.2 0 0 -7136.21 0 0 7136.21
0 0 -36698.1 0 0 36698.1 0 0 -20231.9 0 0 20231.9 0 0 -6929.05 0 0 6929.05
0 0 -37341 0 0 37341 0 0 -20352.6 0 0 20352.6 0 0 -6656.76 0 0 6656.76
0 0 -38067.8 0 0 38067.8 0 0 -20538.6 0 0 20538.6 0 0 -6322.75 0 0 6322.75
0 0 -38872.2 0 0 38872.2 0 0 -20779.9 0 0 20779.9 0 0 -5932.75 0 0 5932.75
0 0 -39744.8 0 0 39744.8 0 0 -21063.3 0 0 21063.3 0 0 -5494.43 0 0 5494.43
0 0 -40672.5 0 0 40672.5 0 0 -21375.2 0 0 21375.2 0 0 -5016.38 0 0 5016.38
0 0 -41634.7 0 0 41634.7 0 0 -21702 0 0 21702 0 0 -4507.11 0 0 4507.11
0 0 -42603.8 0 0 42603.8 0 0 -22031 0 0 22031 0 0 -3975.03 0 0 3975.03
0 0 -43558.2 0 0 43558.2 0 0 -22346.6 0 0 22346.6 0 0 -3429.2 0 0 3429.2
0 0 -44487.2 0 0 44487.2 0 0 -22630.4 0 0 22630.4 0 0 -2879.39 0 0 2879.39
0 0 -45381.2 0 0 45381.2 0 0 -22865.4 0 0 22865.4 0 0 -2335.49 0 0 2335.49
0 0 -46224.4 0 0 46224.4 0 0 -23037.1 0 0 23037.1 0 0 -1806.75 0 0 1806.75
0 0 -47000.8 0 0 47000.8 0 0 -23133.1 0 0 23133.1 0 0 -1301.62 0 0 1301.62
0 0 -47701.6 0 0 47701.6 0 0 -23141.7 0 0 23141.7 0 0 -827.816 0 0 827.816
0 0 -48318.8 0 0 48318.8 0 0 -23053.8 0 0 23053.8 0 0 -392.322 0 0 392.322
0 0 -48837.5 0 0 48837.5 0 0 -22874.1 0 0 22874.1 0 0 -52.7142 0 0 52.7142
0 0 -49239.9 0 0 49239.9 0 0 -22649.1 0 0 22649.1 0 0 99.2881 0 0 -99.2881
0 0 -49536.1 0 0 49536.1 0 0 -22313.1 0 0 22313.1 0 0 217.799 0 0 -217.799
0 0 -49724.8 0 0 49724.8 0 0 -21884 0 0 21884 0 0 319.165 0 0 -319.165
0 0 -49802.6 0 0 49802.6 0 0 -21346.7 0 0 21346.7 0 0 397.433 0 0 -397.433
0 0 -49750 0 0 49750 0 0 -20710 0 0 20710 0 0 451.131 0 0 -451.131
0 0 -49558.9 0 0 49558.9 0 0 -19999.6 0 0 19999.6 0 0 483.416 0 0 -483.416
0 0 -49242.4 0 0 49242.4 0 0 -19234.1 0 0 19234.1 0 0 497.834 0 0 -497.834
0 0 -48811.5 0 0 48811.5 0 0 -18430.8 0 0 18430.8 0 0 487.023 0 0 -487.023
0 0 -48274.6 0 0 48274.6 0 0 -17609.5 0 0 17609.5 0 0 435.068 0 0 -435.068
0 0 -47632.6 0 0 47632.6 0 0 -16790.3 0 0 16790.3 0 0 342.768 0 0 -342.768
0 0 -46887.4 0 0 46887.4 0 0 -15996.9 0 0 15996.9 0 0 216.485 0 0 -216.485
0 0 -46049.4 0 0 46049.4 0 0 -15249.7 0 0 15249.7 0 0 63.6718 0 0 -63.6718
0 0 -45130.9 0 0 45130.9 0 0 -14563.1 0 0 14563.1 0 0 -95.0651 0 0 95.0651
0 0 -44139.8 0 0 44139.8 0 0 -13947.5 0 0 13947.5 0 0 -257.605 0 0 257.605
0 0 -43076.4 0 0 43076.4 0 0 -13423.2 0 0 13423.2 0 0 -432.162 0 0 432.162
0 0 -41951.6 0 0 41951.6 0 0 -13004.3 0 0 13004.3 0 0 -613.985 0 0 613.985
0 0 -40788.5 0 0 40788.5 0 0 -12695.6 0 0 12695.6 0 0 -798.062 0 0 798.062
0 0 -39606.1 0 0 39606.1 0 0 -12501.2 0 0 12501.2 0 0 -980.611 0 0 980.611
0 0 -38415.4 0 0 38415.4 0 0 -12419.8 0 0 12419.8 0 0 -1159.72 0 0 1159.72
0 0 -37221.2 0 0 37221.2 0 0 -12450 0 0 12450 0 0 -1333.96 0 0 1333.96
0 0 -36029.6 0 0 36029.6 0 0 -12586.6 0 0 12586.6 0 0 -1501.77 0 0 1501.77
0 0 -34844.7 0 0 34844.7 0 0 -12821 0 0 12821 0 0 -1661.36 0 0 1661.36
0 0 -33664 0 0 33664 0 0 -13142.5 0 0 13142.5 0 0 -1811.48 0 0 1811.48
0 0 -32480.7 0 0 32480.7 0 0 -13538 0 0 13538 0 0 -1951.91 0 0 1951.91
0 0 -31286.9 0 0 31286.9 0 0 -13992 0 0 13992 0 0 -2083.22 0 0 2083.22
0 0 -30079.7 0 0 30079.7 0 0 -14486.4 0 0 14486.4 0 0 -2206.26 0 0 2206.26
0 0 -28857.4 0 0 28857.4 0 0 -15001.2 0 0 15001.2 0 0 -2321.73 0 0 2321.73
0 0 -27611 0 0 27611 0 0 -15516.9 0 0 15516.9 0 0 -2430.33 0 0 2430.33
0 0 -26331.5 0 0 26331.5 0 0 -16013.3 0 0 16013.3 0 0 -2532.97 0 0 2532.97
0 0 -25010.8 0 0 25010.8 0 0 -16470.1 0 0 16470.1 0 0 -2630.93 0 0 2630.93
0 0 -23641.5 0 0 23641.5 0 0 -16867.5 0 0 16867.5 0 0 -2725.46 0 0 2725.46
0 0 -22216.7 0 0 22216.7 0 0 -17186.9 0 0 17186.9 0 0 -2817.49 0 0 2817.49
0 0 -20727.9 0 0 20727.9 0 0 -17412 0 0 17412 0 0 -2907.5 0 0 2907.5
0 0 -19167.7 0 0 19167.7 0 0 -17528.3 0 0 17528.3 0 0 -2995.69 0 0 2995.69
0 0 -17529.6 0 0 17529.6 0 0 -17523.3 0 0 17523.3 0 0 -3082 0 0 3082
0 0 -15808.3 0 0 15808.3 0 0 -17387.8 0 0 17387.8 0 0 -3166.08 0 0 3166.08
0 0 -14001.9 0 0 14001.9 0 0 -17114.3 0 0 17114.3 0 0 -3247.11 0 0 3247.11
0 0 -12108.8 0 0 12108.8 0 0 -16699.4 0 0 16699.4 0 0 -3323.75 0 0 3323.75
0 0 -10135 0 0 10135 0 0 -16142.3 0 0 16142.3 0 0 -3394.12 0 0 3394.12
0 0 -8120.74 0 0 8120.74 0 0 -15448.6 0 0 15448.6 0 0 -3455.79 0 0 3455.79
0 0 -6074.68 0 0 6074.68 0 0 -14651.7 0 0 14651.7 0 0 -3504.78 0 0 3504.78
0 0 -3903.98 0 0 3903.98 0 0 -13746.4 0 0 13746.4 0 0 -3538.84 0 0 3538.84
0 0 -1706.28 0 0 1706.28 0 0 -12701.2 0 0 12701.2 0 0 -3558.49 0 0 3558.49
0 0 330.807 0 0 -330.807 0 0 -11549 0 0 11549 0 0 -3556.96 0 0 3556.96
0 0 2213.39 0 0 -2213.39 0 0 -10393 0 0 10393 0 0 -3523.02 0 0 3523.02
0 0 4063.94 0 0 -4063.94 0 0 -9264.87 0 0 9264.87 0 0 -3451.97 0 0 3451.97
0 0 5911.72 0 0 -5911.72 0 0 -8138.79 0 0 8138.79 0 0 -3345.11 0 0 3345.11
0 0 7758.19 0 0 -7758.19 0 0 -6950.26 0 0 6950.26 0 0 -3205.83 0 0 3205.83
0 0 9598.24 0 0 -9598.24 0 0 -5670 0 0 5670 0 0 -3035.11 0 0 3035.11
0 0 11462.3 0 0 -11462.3 0 0 -4326.77 0 0 4326.77 0 0 -2830.65 0 0 2830.65
0 0 13398.3 0 0 -13398.3 0 0 -2968.06 0 0 2968.06 0 0 -2589.65 0 0 2589.65
0 0 15394.4 0 0 -15394.4 0 0 -1597.3 0 0 1597.3 0 0 -2312.88 0 0 2312.88
0 0 17407.4 0 0 -17407.4 0 0 -190.355 0 0 190.355 0 0 -2002.88 0 0 2002.88
0 0 19410.6 0 0 -19410.6 0 0 1179.48 0 0 -1179.48 0 0 -1665.42 0 0 1665.42
0 0 21429.1 0 0 -21429.1 0 0 2575.86 0 0 -2575.86 0 0 -1298.95 0 0 1298.95
0 0 23489.2 0 0 -23489.2 0 0 3976.43 0 0 -3976.43 0 0 -903.786 0 0 903.786
0 0 25594.2 0 0 -25594.2 0 0 5366.03 0 0 -5366.03 0 0 -479.392 0 0 479.392
0 0 27730.8 0 0 -27730.8 0 0 6757.31 0 0 -6757.31 0 0 -65.7055 0 0 65.7055
0 0 29901 0 0 -29901 0 0 8092.34 0 0 -8092.34 0 0 135.717 0 0 -135.717
0 0 32105.8 0 0 -32105.8 0 0 9407.73 0 0 -9407.73 0 0 331.995 0 0 -331.995
0 0 34362.2 0 0 -34362.2 0 0 10714.9 0 0 -10714.9 0 0 539.587 0 0 -539.587
0 0 36648.9 0 0 -36648.9 0 0 12019.1 0 0 -12019.1 0 0 752.997 0 0 -752.997
0 0 38965 0 0 -38965 0 0 13350.4 0 0 -13350.4 0 0 966.746 0 0 -966.746
0 0 41308.7 0 0 -41308.7 0 0 14694.2 0 0 -14694.2 0 0 1182.68 0 0 -1182.68
0 0 43690.3 0 0 -43690.3 0 0 16041.3 0 0 -16041.3 0 0 1403.5 0 0 -1403.5
0 0 46112.9 0 0 -46112.9 0 0 17393.8 0 0 -17393.8 0 0 1629.53 0 0 -1629.53
0 0 48561.2 0 0 -48561.2 0 0 18766 0 0 -18766 0 0 1857.49 0 0 -1857.49
0 0 51016.7 0 0 -51016.7 0 0 20174.7 0 0 -20174.7 0 0 2083.44 0 0 -2083.44
0 0 53470.7 0 0 -53470.7 0 0 21623.5 0 0 -21623.5 0 0 2305.77 0 0 -2305.77
0 0 55926 0 0 -55926 0 0 23108.2 0 0 -23108.2 0 0 2525.24 0 0 -2525.24
0 0 58387.2 0 0 -58387.2 0 0 24624.9 0 0 -24624.9 0 0 2742.6 0 0 -2742.6
0 0 60647.3 0 0 -60647.3 0 0 26168.3 0 0 -26168.3 0 0 2957.09 0 0 -2957.09
0 0 60776.8 0 0 -60776.8 0 0 27461 0 0 -27461 0 0 3174.71 0 0 -3174.71
0 0 60929.4 0 0 -60929.4 0 0 28693.5 0 0 -28693.5 0 0 3389.66 0 0 -3389.66
0 0 61084.6 0 0 -61084.6 0 0 29904.8 0 0 -29904.8 0 0 3600 0 0 -3600
0 0 61238.2 0 0 -61238.2 0 0 31230.5 0 0 -31230.5 0 0 3799.83 0 0 -3799.83
0 0 61389.7 0 0 -61389.7 0 0 32649.6 0 0 -32649.6 0 0 3988.7 0 0 -3988.7
0 0 61543 0 0 -61543 0 0 34058.4 0 0 -34058.4 0 0 4169.31 0 0 -4169.31
0 0 61701 0 0 -61701 0 0 35419.3 0 0 -35419.3 0 0 4342.55 0 0 -4342.55
0 0 61860.6 0 0 -61860.6 0 0 36777.8 0 0 -36777.8 0 0 4506.9 0 0 -4506.9
0 0 62017.4 0 0 -62017.4 0 0 38192.2 0 0 -38192.2 0 0 4660.26 0 0 -4660.26
0 0 62166.5 0 0 -62166.5 0 0 39667 0 0 -39667 0 0 4801.35 0 0 -4801.35
0 0 62317.8 0 0 -62317.8 0 0 41112.7 0 0 -41112.7 0 0 4933.16 0 0 -4933.16
0 0 62492.6 0 0 -62492.6 0 0 33202.6 0 0 -33202.6 0 0 4266.53 0 0 -4266.53
0 0 62687.8 0 0 -62687.8 0 0 39219.7 0 0 -39219.7 0 0 2837.88 0 0 -2837.88
0 0 62840.4 0 0 -62840.4 0 0 44445.6 0 0 -44445.6 0 0 2372.17 0 0 -2372.17
0 0 63009.9 0 0 -63009.9 0 0 43889.6 0 0 -43889.6 0 0 2500.55 0 0 -2500.55
0 0 63158.8 0 0 -63158.8 0 0 41316.1 0 0 -41316.1 0 0 3590.12 0 0 -3590.12
0 0 63303.6 0 0 -63303.6 0 0 40266.1 0 0 -40266.1 0 0 4664.49 0 0 -4664.49
0 0 63468.9 0 0 -63468.9 0 0 41642.2 0 0 -41642.2 0 0 4924.63 0 0 -4924.63
0 0 12108.8 0 0 -12108.8 0 0 40398.9 0 0 -40398.9 0 0 4789.07 0 0 -4789.07
0 0 12108.8 0 0 -12108.8 0 0 42537.4 0 0 -42537.4 0 0 4454.48 0 0 -4454.48
0 0 12108.8 0 0 -12108.8 0 0 43326.6 0 0 -43326.6 0 0 4796.58 0 0 -4796.58
0 0 12108.8 0 0 -12108.8 0 0 44480 0 0 -44480 0 0 5090.27 0 0 -5090.27
0 0 12108.8 0 0 -12108.8 0 0 43980.8 0 0 -43980.8 0 0 5347.7 0 0 -5347.7
0 0 12108.8 0 0 -12108.8 0 0 44524.4 0 0 -44524.4 0 0 5551.92 0 0 -5551.92
0 0 12108.8 0 0 -12108.8 0 0 44650.5 0 0 -44650.5 0 0 5433.53 0 0 -5433.53
0 0 12108.8 0 0 -12108.8 0 0 44805.6 0 0 -44805.6 0 0 5152.89 0 0 -5152.89
0 0 12108.8 0 0 -12108.8 0 0 44965.3 0 0 -44965.3 0 0 5005.59 0 0 -5005.59
0 0 12108.8 0 0 -12108.8 0 0 45030.9 0 0 -45030.9 0 0 5343.83 0 0 -5343.83
0 0 12108.8 0 0 -12108.8 0 0 45009.3 0 0 -45009.3 0 0 5691.63 0 0 -5691.63
0 0 12108.8 0 0 -12108.8 0 0 45043.7 0 0 -45043.7 0 0 5984.57 0 0 -5984.57
0 0 12108.8 0 0 -12108.8 0 0 45101.5 0 0 -45101.5 0 0 6172.97 0 0 -6172.97
0 0 12108.8 0 0 -12108.8 0 0 45215.6 0 0 -45215.6 0 0 6239.88 0 0 -6239.88
0 0 12108.8 0 0 -12108.8 0 0 45357.8 0 0 -45357.8 0 0 6262.89 0 0 -6262.89
0 0 12108.8 0 0 -12108.8 0 0 45481.3 0 0 -45481.3 0 0 6343.96 0 0 -6343.96
0 0 12108.8 0 0 -12108.8 0 0 45566.3 0 0 -45566.3 0 0 6528.38 0 0 -6528.38
0 0 12108.8 0 0 -12108.8 0 0 45614.6 0 0 -45614.6 0 0 6802.25 0 0 -6802.25
0 0 12108.8 0 0 -12108.8 0 0 45661.5 0 0 -45661.5 0 0 7091.23 0 0 -7091.23
0 0 12108.8 0 0 -12108.8 0 0 45735 0 0 -45735 0 0 7338.7 0 0 -7338.7
0 0 12108.8 0 0 -12108.8 0 0 45825.8 0 0 -45825.8 0 0 7548.8 0 0 -7548.8
0 0 12108.8 0 0 -12108.8 0 0 45915 0 0 -45915 0 0 7762.33 0 0 -7762.33
0 0 12108.8 0 0 -12108.8 0 0 45994.5 0 0 -45994.5 0 0 7892.83 0 0 -7892.83
0 0 12108.8 0 0 -12108.8 0 0 46055.8 0 0 -46055.8 0 0 7907.71 0 0 -7907.71
0 0 12108.8 0 0 -12108.8 0 0 46100.6 0 0 -46100.6 0 0 7925.11 0 0 -7925.11
0 0 12108.8 0 0 -12108.8 0 0 46137.9 0 0 -46137.9 0 0 7943.44 0 0 -7943.44
0 0 12108.8 0 0 -12108.8 0 0 46180 0 0 -46180 0 0 7960.16 0 0 -7960.16
0 0 12051.7 0 0 -12051.7 0 0 46230.9 0 0 -46230.9 0 0 7974.24 0 0 -7974.24
0 0 11887.7 0 0 -11887.7 0 0 46281.7 0 0 -46281.7 0 0 7987.97 0 0 -7987.97
0 0 11799.8 0 0 -11799.8 0 0 46319.7 0 0 -46319.7 0 0 8002.87 0 0 -8002.87
0 0 11703.8 0 0 -11703.8 0 0 46344.6 0 0 -46344.6 0 0 8019.31 0 0 -8019.31
0 0 11470.3 0 0 -11470.3 0 0 46363.8 0 0 -46363.8 0 0 8036.47 0 0 -8036.47
0 0 11149 0 0 -11149 0 0 46383.5 0 0 -46383.5 0 0 8053.2 0 0 -8053.2
0 0 10818.1 0 0 -10818.1 0 0 46406.4 0 0 -46406.4 0 0 8068.76 0 0 -8068.76
0 0 10468.6 0 0 -10468.6 0 0 46432.1 0 0 -46432.1 0 0 8083.26 0 0 -8083.26
0 0 10092.2 0 0 -10092.2 0 0 46458.2 0 0 -46458.2 0 0 8097.26 0 0 -8097.26
0 0 10225.9 0 0 -10225.9 0 0 45126.9 0 0 -45126.9 0 0 1542.76 0 0 -1542.76
0 0 9789.96 0 0 -9789.96 0 0 45240 0 0 -45240 0 0 1213.72 0 0 -1213.72
0 0 9432.09 0 0 -9432.09 0 0 45362.2 0 0 -45362.2 0 0 1542.76 0 0 -1542.76
0 0 9102.82 0 0 -9102.82 0 0 46116.8 0 0 -46116.8 0 0 1542.76 0 0 -1542.76
0 0 8528.69 0 0 -8528.69 0 0 46482 0 0 -46482 0 0 1542.76 0 0 -1542.76
0 0 218.935 0 0 -218.935 0 0 8854.56 0 0 -8854.56 0 0 -58.6486 0 0 58.6486
0 0 -154.926 0 0 154.926 0 0 8854.56 0 0 -8854.56 0 0 136.882 0 0 -136.882
0 0 -379.173 0 0 379.173 0 0 8854.56 0 0 -8854.56 0 0 185.194 0 0 -185.194
0 0 318.329 0 0 -318.329 0 0 8358.18 0 0 -8358.18 0 0 645.898 0 0 -645.898
0 0 472.004 0 0 -472.004 0 0 7377.56 0 0 -7377.56 0 0 1392.69 0 0 -1392.69
0 0 -42.7956 0 0 42.7956 0 0 7722.02 0 0 -7722.02 0 0 1542.76 0 0 -1542.76
0 0 -204.934 0 0 204.934 0 0 8854.56 0 0 -8854.56 0 0 1542.76 0 0 -1542.76
0 0 -328.376 0 0 328.376 0 0 8854.56 0 0 -8854.56 0 0 1503.55 0 0 -1503.55
0 0 -423.74 0 0 423.74 0 0 8854.56 0 0 -8854.56 0 0 1422.93 0 0 -1422.93
0 0 -559.405 0 0 559.405 0 0 8854.56 0 0 -8854.56 0 0 1542.76 0 0 -1542.76
0 0 -682.931 0 0 682.931 0 0 8854.56 0 0 -8854.56 0 0 1542.76 0 0 -1542.76
0 0 -721.227 0 0 721.227 0 0 8854.56 0 0 -8854.56 0 0 1542.76 0 0 -1542.76
0 0 -727.508 0 0 727.508 0 0 8854.56 0 0 -8854.56 0 0 1542.76 0 0 -1542.76
0 0 -786.174 0 0 786.174 0 0 8854.56 0 0 -8854.56 0 0 1542.76 0 0 -1542.76
0 0 -945.043 0 0 945.043 0 0 8854.56 0 0 -8854.56 0 0 1542.76 0 0 -1542.76
0 0 -1095.91 0 0 1095.91 0 0 8854.56 0 0 -8854.56 0 0 1542.76 0 0 -1542.76
0 0 -1205.34 0 0 1205.34 0 0 8854.56 0 0 -8854.56 0 0 1542.76 0 0 -1542.76
0 0 -1277.48 0 0 1277.48 0 0 8854.56 0 0 -8854.56 0 0 1542.76 0 0 -1542.76
0 0 -1380.75 0 0 1380.75 0 0 8854.56 0 0 -8854.56 0 0 1542.76 0 0 -1542.76
0 0 -1553.74 0 0 1553.74 0 0 8854.56 0 0 -8854.56 0 0 1542.76 0 0 -1542.76
0 0 -1747.8 0 0 1747.8 0 0 8854.56 0 0 -8854.56 0 0 1542.76 0 0 -1542.76
0 0 -1953.15 0 0 1953.15 0 0 8854.56 0 0 -8854.56 0 0 1542.76 0 0 -1542.76
0 0 -2163.18 0 0 2163.18 0 0 8854.56 0 0 -8854.56 0 0 1542.76 0 0 -1542.76
0 0 -2385.13 0 0 2385.13 0 0 8854.56 0 0 -8854.56 0 0 1542.76 0 0 -1542.76
0 0 -2642.14 0 0 2642.14 0 0 8854.56 0 0 -8854.56 0 0 1542.76 0 0 -1542.76
0 0 -2950.65 0 0 2950.65 0 0 8854.56 0 0 -8854.56 0 0 1542.76 0 0 -1542.76
0 0 -3307.32 0 0 3307.32 0 0 8854.56 0 0 -8854.56 0 0 1542.76 0 0 -1542.76
0 0 -3691 0 0 3691 0 0 8854.56 0 0 -8854.56 0 0 1542.76 0 0 -1542.76
0 0 -4090.35 0 0 4090.35 0 0 8808.64 0 0 -8808.64 0 0 1542.76 0 0 -1542.76
0 0 -4513.71 0 0 4513.71 0 0 8676.63 0 0 -8676.63 0 0 1542.76 0 0 -1542.76
0 0 -4972.36 0 0 4972.36 0 0 8709.11 0 0 -8709.11 0 0 1542.76 0 0 -1542.76
0 0 -5457.04 0 0 5457.04 0 0 8727.76 0 0 -8727.76 0 0 1542.76 0 0 -1542.76
0 0 -5956.71 0 0 5956.71 0 0 8499.07 0 0 -8499.07 0 0 1542.76 0 0 -1542.76
0 0 -6472.29 0 0 6472.29 0 0 8182.05 0 0 -8182.05 0 0 1542.76 0 0 -1542.76
0 0 -7005.53 0 0 7005.53 0 0 7941.09 0 0 -7941.09 0 0 1542.76 0 0 -1542.76
0 0 -7551.06 0 0 7551.06 0 0 7693.38 0 0 -7693.38 0 0 1542.76 0 0 -1542.76
0 0 -8108.09 0 0 8108.09 0 0 7411.37 0 0 -7411.37 0 0 1542.76 0 0 -1542.76
0 0 -8678.37 0 0 8678.37 0 0 7144.66 0 0 -7144.66 0 0 1542.76 0 0 -1542.76
0 0 -9256.47 0 0 9256.47 0 0 6915.15 0 0 -6915.15 0 0 1542.76 0 0 -1542.76
0 0 -9837.49 0 0 9837.49 0 0 6705.59 0 0 -6705.59 0 0 1542.76 0 0 -1542.76
0 0 -10418.7 0 0 10418.7 0 0 6482.77 0 0 -6482.77 0 0 1542.76 0 0 -1542.76
0 0 -10998.9 0 0 10998.9 0 0 6240.34 0 0 -6240.34 0 0 1509.18 0 0 -1509.18
0 0 -11575.7 0 0 11575.7 0 0 5970.91 0 0 -5970.91 0 0 1362.2 0 0 -1362.2
0 0 -12152 0 0 12152 0 0 5654.94 0 0 -5654.94 0 0 1123.89 0 0 -1123.89
0 0 -12730.6 0 0 12730.6 0 0 5280.31 0 0 -5280.31 0 0 798.819 0 0 -798.819
0 0 -13318 0 0 13318 0 0 4841.31 0 0 -4841.31 0 0 438.361 0 0 -438.361
0 0 -13913.3 0 0 13913.3 0 0 4331.04 0 0 -4331.04 0 0 34.3552 0 0 -34.3552
0 0 -14517.2 0 0 14517.2 0 0 3821.6 0 0 -3821.6 0 0 -62.8841 0 0 62.8841
0 0 -15125.3 0 0 15125.3 0 0 3213.51 0 0 -3213.51 0 0 -149.435 0 0 149.435
0 0 -15738.2 0 0 15738.2 0 0 2433.63 0 0 -2433.63 0 0 -242.751 0 0 242.751
0 0 -16359.5 0 0 16359.5 0 0 1427.68 0 0 -1427.68 0 0 -340.989 0 0 340.989
0 0 -16987.1 0 0 16987.1 0 0 193.822 0 0 -193.822 0 0 -444.561 0 0 444.561
0 0 -17582.7 0 0 17582.7 0 0 -273.621 0 0 273.621 0 0 -548.595 0 0 548.595
0 0 -18147.3 0 0 18147.3 0 0 -715.402 0 0 715.402 0 0 -650.315 0 0 650.315
0 0 -18706.8 0 0 18706.8 0 0 -1240.44 0 0 1240.44 0 0 -749.809 0 0 749.809
0 0 -19272.3 0 0 19272.3 0 0 -1830.51 0 0 1830.51 0 0 -849.362 0 0 849.362
0 0 -19836.3 0 0 19836.3 0 0 -2473.57 0 0 2473.57 0 0 -952.104 0 0 952.104
0 0 -20384 0 0 20384 0 0 -3167.76 0 0 3167.76 0 0 -1058.68 0 0 1058.68
0 0 -20911.6 0 0 20911.6 0 0 -3907.23 0 0 3907.23 0 0 -1168.43 0 0 1168.43
0 0 -21419 0 0 21419 0 0 -4709.78 0 0 4709.78 0 0 -1278.37 0 0 1278.37
0 0 -21900.5 0 0 21900.5 0 0 -5566.67 0 0 5566.67 0 0 -1389.02 0 0 1389.02
0 0 -22351.9 0 0 22351.9 0 0 -6464.14 0 0 6464.14 0 0 -1502.71 0 0 1502.71
0 0 -22773.5 0 0 22773.5 0 0 -7391.9 0 0 7391.9 0 0 -1621.7 0 0 1621.7
0 0 -23165.9 0 0 23165.9 0 0 -8343.71 0 0 8343.71 0 0 -1747.07 0 0 1747.07
0 0 -23524.1 0 0 23524.1 0 0 -9315.84 0 0 9315.84 0 0 -1878.79 0 0 1878.79
0 0 -23841.3 0 0 23841.3 0 0 -10301.6 0 0 10301.6 0 0 -2016.81 0 0 2016.81
0 0 -24113.7 0 0 24113.7 0 0 -11290.5 0 0 11290.5 0 0 -2161.93 0 0 2161.93
0 0 -24338.6 0 0 24338.6 0 0 -12272.8 0 0 12272.8 0 0 -2315.57 0 0 2315.57
0 0 -24513.4 0 0 24513.4 0 0 -13241 0 0 13241 0 0 -2479.03 0 0 2479.03
0 0 -24638 0 0 24638 0 0 -14186.8 0 0 14186.8 0 0 -2652.94 0 0 2652.94
0 0 -24714.7 0 0 24714.7 0 0 -15093.5 0 0 15093.5 0 0 -2837.81 0 0 2837.81
0 0 -24746.4 0 0 24746.4 0 0 -15951.5 0 0 15951.5 0 0 -3033.32 0 0 3033.32
0 0 -24653.5 0 0 24653.5 0 0 -16753.3 0 0 16753.3 0 0 -3239.23 0 0 3239.23
0 0 -24429.7 0 0 24429.7 0 0 -17487.3 0 0 17487.3 0 0 -3455.71 0 0 3455.71
0 0 -24083.9 0 0 24083.9 0 0 -18151.8 0 0 18151.8 0 0 -3682.27 0 0 3682.27
0 0 -23625.9 0 0 23625.9 0 0 -18750.5 0 0 18750.5 0 0 -3917.3 0 0 3917.3
0 0 -23124 0 0 23124 0 0 -19284.5 0 0 19284.5 0 0 -4158.64 0 0 4158.64
0 0 -22615 0 0 22615 0 0 -19759 0 0 19759 0 0 -4403.58 0 0 4403.58
0 0 -22135.9 0 0 22135.9 0 0 -20182.3 0 0 20182.3 0 0 -4649.36 0 0 4649.36
0 0 -21759.7 0 0 21759.7 0 0 -20561.4 0 0 20561.4 0 0 -4893.64 0 0 4893.64
0 0 -21530.8 0 0 21530.8 0 0 -20906.4 0 0 20906.4 0 0 -5133.81 0 0 5133.81
0 0 -21473.1 0 0 21473.1 0 0 -21229.9 0 0 21229.9 0 0 -5366.73 0 0 5366.73
0 0 -21622.5 0 0 21622.5 0 0 -21538.4 0 0 21538.4 0 0 -5593.85 0 0 5593.85
0 0 -22002.4 0 0 22002.4 0 0 -21841.4 0 0 21841.4 0 0 -5806.55 0 0 5806.55
0 0 -22645.9 0 0 22645.9 0 0 -22143.8 0 0 22143.8 0 0 -6013.71 0 0 6013.71
0 0 -23530.3 0 0 23530.3 0 0 -22466.1 0 0 22466.1 0 0 -6192.49 0 0 6192.49
0 0 -24643.5 0 0 24643.5 0 0 -22820.5 0 0 22820.5 0 0 -6350.63 0 0 6350.63
0 0 -25054.3 0 0 25054.3 0 0 -23178.6 0 0 23178.6 0 0 -6494.8 0 0 6494.8
0 0 -25500.6 0 0 25500.6 0 0 -23549.7 0 0 23549.7 0 0 -6617.12 0 0 6617.12
0 0 -25986.2 0 0 25986.2 0 0 -23954.3 0 0 23954.3 0 0 -6708.71 0 0 6708.71
0 0 -26521.6 0 0 26521.6 0 0 -24398.9 0 0 24398.9 0 0 -6770.83 0 0 6770.83
0 0 -27093.3 0 0 27093.3 0 0 -24893.4 0 0 24893.4 0 0 -6808.44 0 0 6808.44
0 0 -27703.4 0 0 27703.4 0 0 -25428.6 0 0 25428.6 0 0 -6822.57 0 0 6822.57
0 0 -28347.5 0 0 28347.5 0 0 -25989.2 0 0 25989.2 0 0 -6699.91 0 0 6699.91
0 0 -29010.4 0 0 29010.4 0 0 -26563.8 0 0 26563.8 0 0 -6396.35 0 0 6396.35
0 0 -29681.7 0 0 29681.7 0 0 -27141.7 0 0 27141.7 0 0 -5956.82 0 0 5956.82
0 0 -30353.6 0 0 30353.6 0 0 -27715.5 0 0 27715.5 0 0 -5402.07 0 0 5402.07
0 0 -26316.4 0 0 26316.4 0 0 -4999.9 0 0 4999.9 0 0 -3161.15 0 0 3161.15
0 0 -26867.6 0 0 26867.6 0 0 -179.798 0 0 179.798 0 0 -2815.08 0 0 2815.08
0 0 -29903.3 0 0 29903.3 0 0 -181.216 0 0 181.216 0 0 -2152.38 0 0 2152.38
0 0 -30870 0 0 30870 0 0 -1567.07 0 0 1567.07 0 0 -1245.03 0 0 1245.03
0 0 -31276.8 0 0 31276.8 0 0 -2297.51 0 0 2297.51 0 0 -333.421 0 0 333.421
0 0 -31569.2 0 0 31569.2 0 0 -1014.89 0 0 1014.89 0 0 7.42799 0 0 -7.42799
0 0 -31981 0 0 31981 0 0 179.65 0 0 -179.65 0 0 22.5949 0 0 -22.5949
0 0 -32294.7 0 0 32294.7 0 0 722.911 0 0 -722.911 0 0 36.2122 0 0 -36.2122
0 0 -32437.6 0 0 32437.6 0 0 1145.04 0 0 -1145.04 0 0 47.7535 0 0 -47.7535
0 0 -32608.8 0 0 32608.8 0 0 1418.69 0 0 -1418.69 0 0 57.2563 0 0 -57.2563
0 0 -32904.2 0 0 32904.2 0 0 1515.31 0 0 -1515.31 0 0 62.8691 0 0 -62.8691
0 0 -33170.2 0 0 33170.2 0 0 1180.51 0 0 -1180.51 0 0 66.0727 0 0 -66.0727
0 0 -33358.4 0 0 33358.4 0 0 986.276 0 0 -986.276 0 0 27.1324 0 0 -27.1324
0 0 -33525.5 0 0 33525.5 0 0 1441.51 0 0 -1441.51 0 0 -76.1118 0 0 76.1118
0 0 -33721 0 0 33721 0 0 1593.55 0 0 -1593.55 0 0 -248.259 0 0 248.259
0 0 -33891.3 0 0 33891.3 0 0 1705.7 0 0 -1705.7 0 0 -458.34 0 0 458.34
0 0 -34021.9 0 0 34021.9 0 0 1775.07 0 0 -1775.07 0 0 -699.648 0 0 699.648
0 0 -34193.3 0 0 34193.3 0 0 1697.68 0 0 -1697.68 0 0 -968.899 0 0 968.899
0 0 -34382 0 0 34382 0 0 1350.78 0 0 -1350.78 0 0 -1256.31 0 0 1256.31
0 0 -34552.3 0 0 34552.3 0 0 1052.07 0 0 -1052.07 0 0 -1545.44 0 0 1545.44
0 0 -34735.5 0 0 34735.5 0 0 941.403 0 0 -941.403 0 0 -1851.84 0 0 1851.84
0 0 -34944 0 0 34944 0 0 895.93 0 0 -895.93 0 0 -2148.96 0 0 2148.96
0 0 -35174.9 0 0 35174.9 0 0 723.676 0 0 -723.676 0 0 -2412.53 0 0 2412.53
0 0 -35442.6 0 0 35442.6 0 0 442.14 0 0 -442.14 0 0 -2630.7 0 0 2630.7
0 0 -35753.8 0 0 35753.8 0 0 205.688 0 0 -205.688 0 0 -2802.17 0 0 2802.17
0 0 -36098.5 0 0 36098.5 0 0 124.043 0 0 -124.043 0 0 -2926.09 0 0 2926.09
0 0 -36436.5 0 0 36436.5 0 0 135.75 0 0 -135.75 0 0 -2996.38 0 0 2996.38
0 0 -36837.2 0 0 36837.2 0 0 124.027 0 0 -124.027 0 0 -3002.49 0 0 3002.49
0 0 -37288.3 0 0 37288.3 0 0 -13.1462 0 0 13.1462 0 0 -2868.37 0 0 2868.37
0 0 -37768.2 0 0 37768.2 0 0 -209.059 0 0 209.059 0 0 -2594.3 0 0 2594.3
0 0 -38293.7 0 0 38293.7 0 0 -522.979 0 0 522.979 0 0 -2198.62 0 0 2198.62
0 0 -38851.6 0 0 38851.6 0 0 -698.796 0 0 698.796 0 0 -1678.62 0 0 1678.62
0 0 -39395.9 0 0 39395.9 0 0 -589.758 0 0 589.758 0 0 -1068.46 0 0 1068.46
0 0 -39920.7 0 0 39920.7 0 0 -278.373 0 0 278.373 0 0 -476.866 0 0 476.866
0 0 -40452.5 0 0 40452.5 0 0 3.48201 0 0 -3.48201 0 0 0.498077 0 0 -0.498077
0 0 -40979.1 0 0 40979.1 0 0 34.821 0 0 -34.821 0 0 20.6679 0 0 -20.6679
0 0 -41477.9 0 0 41477.9 0 0 14.4659 0 0 -14.4659 0 0 44.0587 0 0 -44.0587
0 0 -41939.3 0 0 41939.3 0 0 37.6051 0 0 -37.6051 0 0 66.8249 0 0 -66.8249
0 0 -42351.5 0 0 42351.5 0 0 111.775 0 0 -111.775 0 0 87.2042 0 0 -87.2042
0 0 -42666 0 0 42666 0 0 378.833 0 0 -378.833 0 0 104.983 0 0 -104.983
0 0 -43003.7 0 0 43003.7 0 0 797.722 0 0 -797.722 0 0 117.41 0 0 -117.41
0 0 -43154.5 0 0 43154.5 0 0 1337.25 0 0 -1337.25 0 0 126.328 0 0 -126.328
0 0 -43327.4 0 0 43327.4 0 0 1836.89 0 0 -1836.89 0 0 130.275 0 0 -130.275
0 0 -43491.2 0 0 43491.2 0 0 2191.21 0 0 -2191.21 0 0 118.42 0 0 -118.42
0 0 -43562.7 0 0 43562.7 0 0 2167.48 0 0 -2167.48 0 0 3.44911 0 0 -3.44911
0 0 -43624.4 0 0 43624.4 0 0 1587.64 0 0 -1587.64 0 0 -112.181 0 0 112.181
0 0 -43540 0 0 43540 0 0 1756.75 0 0 -1756.75 0 0 -333.156 0 0 333.156
0 0 -43173.6 0 0 43173.6 0 0 2039.96 0 0 -2039.96 0 0 -635.131 0 0 635.131
0 0 -42713.2 0 0 42713.2 0 0 1767.17 0 0 -1767.17 0 0 -996.056 0 0 996.056
0 0 -42012.3 0 0 42012.3 0 0 1648.19 0 0 -1648.19 0 0 -1407.75 0 0 1407.75
0 0 -41032 0 0 41032 0 0 2009.96 0 0 -2009.96 0 0 -1882.57 0 0 1882.57
0 0 -40085 0 0 40085 0 0 2005.16 0 0 -2005.16 0 0 -2417.88 0 0 2417.88
0 0 -39180.1 0 0 39180.1 0 0 1515.88 0 0 -1515.88 0 0 -2981.38 0 0 2981.38
0 0 -38224.9 0 0 38224.9 0 0 937.448 0 0 -937.448 0 0 -3559.85 0 0 3559.85
0 0 -37163.2 0 0 37163.2 0 0 631.979 0 0 -631.979 0 0 -4137.2 0 0 4137.2
0 0 -36154.7 0 0 36154.7 0 0 354.484 0 0 -354.484 0 0 -4774.38 0 0 4774.38
0 0 -35156 0 0 35156 0 0 -20.9566 0 0 20.9566 0 0 -5349.98 0 0 5349.98
0 0 -34215.1 0 0 34215.1 0 0 -333.659 0 0 333.659 0 0 -5883.99 0 0 5883.99
0 0 -33414.4 0 0 33414.4 0 0 -723.117 0 0 723.117 0 0 -6390.07 0 0 6390.07
0 0 -32704.6 0 0 32704.6 0 0 -1030.17 0 0 1030.17 0 0 -6837.37 0 0 6837.37
0 0 -32053.4 0 0 32053.4 0 0 -1163.51 0 0 1163.51 0 0 -7200.73 0 0 7200.73
0 0 -31516.2 0 0 31516.2 0 0 -1254.86 0 0 1254.86 0 0 -7486.16 0 0 7486.16
0 0 -31136 0 0 31136 0 0 -1462.87 0 0 1462.87 0 0 -7699.62 0 0 7699.62
0 0 -30902.8 0 0 30902.8 0 0 -1787.95 0 0 1787.95 0 0 -7832.22 0 0 7832.22
0 0 -30776.7 0 0 30776.7 0 0 -2014.24 0 0 2014.24 0 0 -7846.68 0 0 7846.68
0 0 -30685.6 0 0 30685.6 0 0 -1931.35 0 0 1931.35 0 0 -7745.53 0 0 7745.53
0 0 -30675.9 0 0 30675.9 0 0 -1692.05 0 0 1692.05 0 0 -7496.68 0 0 7496.68
0 0 -30789.8 0 0 30789.8 0 0 -1659.4 0 0 1659.4 0 0 -7104.65 0 0 7104.65
0 0 -30939.1 0 0 30939.1 0 0 -1661.35 0 0 1661.35 0 0 -6578.35 0 0 6578.35
0 0 -31018.9 0 0 31018.9 0 0 -1467.84 0 0 1467.84 0 0 -5948.9 0 0 5948.9
0 0 -31017.3 0 0 31017.3 0 0 -1208.23 0 0 1208.23 0 0 -5255.47 0 0 5255.47
0 0 -30888.4 0 0 30888.4 0 0 -830.677 0 0 830.677 0 0 -4517.41 0 0 4517.41
0 0 -30618 0 0 30618 0 0 -435.655 0 0 435.655 0 0 -3773.01 0 0 3773.01
0 0 -30210 0 0 30210 0 0 -20.9578 0 0 20.9578 0 0 -3052.16 0 0 3052.16
0 0 -29620.1 0 0 29620.1 0 0 99.674 0 0 -99.674 0 0 -2397.24 0 0 2397.24
0 0 -28784.9 0 0 28784.9 0 0 312.421 0 0 -312.421 0 0 -1861.67 0 0 1861.67
0 0 -27725.8 0 0 27725.8 0 0 628.268 0 0 -628.268 0 0 -1440.85 0 0 1440.85
0 0 -26510 0 0 26510 0 0 944.708 0 0 -944.708 0 0 -1123.99 0 0 1123.99
0 0 -25170.1 0 0 25170.1 0 0 1128.88 0 0 -1128.88 0 0 -893.91 0 0 893.91
0 0 -23622.6 0 0 23622.6 0 0 1264.65 0 0 -1264.65 0 0 -722.1 0 0 722.1
0 0 -22133.6 0 0 22133.6 0 0 1465.93 0 0 -1465.93 0 0 -677.71 0 0 677.71
0 0 -20507.9 0 0 20507.9 0 0 1724.33 0 0 -1724.33 0 0 -765.821 0 0 765.821
0 0 -18927.7 0 0 18927.7 0 0 1918.01 0 0 -1918.01 0 0 -927.652 0 0 927.652
0 0 -17549.8 0 0 17549.8 0 0 1567.09 0 0 -1567.09 0 0 -1114.25 0 0 1114.25
0 0 -16203.4 0 0 16203.4 0 0 865.242 0 0 -865.242 0 0 -1327.24 0 0 1327.24
0 0 -14761 0 0 14761 0 0 733.453 0 0 -733.453 0 0 -1588.37 0 0 1588.37
0 0 -13291 0 0 13291 0 0 740.112 0 0 -740.112 0 0 -1883.05 0 0 1883.05
0 0 -11935.1 0 0 11935.1 0 0 526.64 0 0 -526.64 0 0 -2171.58 0 0 2171.58
0 0 -10702.7 0 0 10702.7 0 0 -10.5697 0 0 10.5697 0 0 -2403.81 0 0 2403.81
0 0 -9456.12 0 0 9456.12 0 0 -349.99 0 0 349.99 0 0 -2621.72 0 0 2621.72
0 0 -8283.27 0 0 8283.27 0 0 -424.674 0 0 424.674 0 0 -2804.26 0 0 2804.26
0 0 -7236.61 0 0 7236.61 0 0 -263.598 0 0 263.598 0 0 -2898.72 0 0 2898.72
0 0 -6365.98 0 0 6365.98 0 0 -279.089 0 0 279.089 0 0 -2836.49 0 0 2836.49
0 0 -5737.53 0 0 5737.53 0 0 -469.047 0 0 469.047 0 0 -2573.97 0 0 2573.97
0 0 -5307.67 0 0 5307.67 0 0 -634.296 0 0 634.296 0 0 -2143.09 0 0 2143.09
0 0 -5048.38 0 0 5048.38 0 0 -630.869 0 0 630.869 0 0 -1580.03 0 0 1580.03
0 0 -4932.48 0 0 4932.48 0 0 -332.918 0 0 332.918 0 0 -906.807 0 0 906.807
0 0 -5050.73 0 0 5050.73 0 0 9.01014 0 0 -9.01014 0 0 -213.032 0 0 213.032
0 0 -5305.34 0 0 5305.34 0 0 159.317 0 0 -159.317 0 0 16.2516 0 0 -16.2516
0 0 -5654.92 0 0 5654.92 0 0 274.809 0 0 -274.809 0 0 49.9002 0 0 -49.9002
0 0 -6272.26 0 0 6272.26 0 0 347.777 0 0 -347.777 0 0 87.0494 0 0 -87.0494
0 0 -7110.32 0 0 7110.32 0 0 392.493 0 0 -392.493 0 0 126.417 0 0 -126.417
0 0 -8033.82 0 0 8033.82 0 0 383.094 0 0 -383.094 0 0 167.939 0 0 -167.939
0 0 -9080.42 0 0 9080.42 0 0 246.063 0 0 -246.063 0 0 211.238 0 0 -211.238
0 0 -10176.2 0 0 10176.2 0 0 268.24 0 0 -268.24 0 0 255.236 0 0 -255.236
0 0 -11223.9 0 0 11223.9 0 0 353.76 0 0 -353.76 0 0 299.899 0 0 -299.899
0 0 -12244.4 0 0 12244.4 0 0 468.153 0 0 -468.153 0 0 344.201 0 0 -344.201
0 0 -13238.5 0 0 13238.5 0 0 688.396 0 0 -688.396 0 0 386.655 0 0 -386.655
0 0 -14161.4 0 0 14161.4 0 0 1055.22 0 0 -1055.22 0 0 426.117 0 0 -426.117
0 0 -14989.5 0 0 14989.5 0 0 1458.04 0 0 -1458.04 0 0 462.629 0 0 -462.629
0 0 -15779.9 0 0 15779.9 0 0 1803.6 0 0 -1803.6 0 0 496.584 0 0 -496.584
0 0 -16571.3 0 0 16571.3 0 0 2025.95 0 0 -2025.95 0 0 528.082 0 0 -528.082
0 0 -17317.9 0 0 17317.9 0 0 2114.81 0 0 -2114.81 0 0 556.817 0 0 -556.817
0 0 -17934.3 0 0 17934.3 0 0 2194.38 0 0 -2194.38 0 0 582.091 0 0 -582.091
0 0 -18427.1 0 0 18427.1 0 0 2278.73 0 0 -2278.73 0 0 601.843 0 0 -601.843
0 0 -18777.4 0 0 18777.4 0 0 2409.31 0 0 -2409.31 0 0 616.223 0 0 -616.223
0 0 -18984.9 0 0 18984.9 0 0 2548.08 0 0 -2548.08 0 0 625.814 0 0 -625.814
0 0 -19001.7 0 0 19001.7 0 0 2605.83 0 0 -2605.83 0 0 631.552 0 0 -631.552
0 0 -18941.4 0 0 18941.4 0 0 2432.52 0 0 -2432.52 0 0 633.771 0 0 -633.771
0 0 -18780.6 0 0 18780.6 0 0 2181.61 0 0 -2181.61 0 0 552.993 0 0 -552.993
0 0 -18425.7 0 0 18425.7 0 0 2041.41 0 0 -2041.41 0 0 319.737 0 0 -319.737
0 0 -17920.6 0 0 17920.6 0 0 1998.8 0 0 -1998.8 0 0 18.0363 0 0 -18.0363
0 0 -17354 0 0 17354 0 0 1877.02 0 0 -1877.02 0 0 -89.6587 0 0 89.6587
0 0 -16781.6 0 0 16781.6 0 0 1659.86 0 0 -1659.86 0 0 -210.194 0 0 210.194
0 0 -16228.3 0 0 16228.3 0 0 1432.46 0 0 -1432.46 0 0 -341.051 0 0 341.051
0 0 -15682.5 0 0 15682.5 0 0 1266.37 0 0 -1266.37 0 0 -473.706 0 0 473.706
0 0 -15167.1 0 0 15167.1 0 0 1141.01 0 0 -1141.01 0 0 -604.064 0 0 604.064
0 0 -14744.7 0 0 14744.7 0 0 993.637 0 0 -993.637 0 0 -730.517 0 0 730.517
0 0 -14414 0 0 14414 0 0 826.736 0 0 -826.736 0 0 -850.094 0 0 850.094
0 0 -14146.3 0 0 14146.3 0 0 687.698 0 0 -687.698 0 0 -958.089 0 0 958.089
0 0 -13970.6 0 0 13970.6 0 0 604.689 0 0 -604.689 0 0 -1050.48 0 0 1050.48
0 0 -13944 0 0 13944 0 0 554.873 0 0 -554.873 0 0 -1124.82 0 0 1124.82
0 0 -14137.4 0 0 14137.4 0 0 340.142 0 0 -340.142 0 0 -1181.53 0 0 1181.53
0 0 -14496.2 0 0 14496.2 0 0 -15.5621 0 0 15.5621 0 0 -1225.7 0 0 1225.7
0 0 -14994.1 0 0 14994.1 0 0 -225.602 0 0 225.602 0 0 -1249.86 0 0 1249.86
0 0 -15576.3 0 0 15576.3 0 0 -561.887 0 0 561.887 0 0 -1230.55 0 0 1230.55
0 0 -16183.9 0 0 16183.9 0 0 -873.734 0 0 873.734 0 0 -1112.43 0 0 1112.43
0 0 -16748 0 0 16748 0 0 -893.625 0 0 893.625 0 0 -956.632 0 0 956.632
0 0 -17270.3 0 0 17270.3 0 0 -490.357 0 0 490.357 0 0 -828.174 0 0 828.174
0 0 -17816.9 0 0 17816.9 0 0 3.66572 0 0 -3.66572 0 0 -700.835 0 0 700.835
0 0 -18414.8 0 0 18414.8 0 0 149.375 0 0 -149.375 0 0 -563.226 0 0 563.226
0 0 -18992.3 0 0 18992.3 0 0 250.076 0 0 -250.076 0 0 -428.079 0 0 428.079
0 0 -19492.4 0 0 19492.4 0 0 361.032 0 0 -361.032 0 0 -336.311 0 0 336.311
0 0 -19872.5 0 0 19872.5 0 0 558.098 0 0 -558.098 0 0 -309.955 0 0 309.955
0 0 -20080.2 0 0 20080.2 0 0 814.193 0 0 -814.193 0 0 -357.782 0 0 357.782
0 0 -20115.6 0 0 20115.6 0 0 1058.23 0 0 -1058.23 0 0 -470.068 0 0 470.068
0 0 -19988.1 0 0 19988.1 0 0 1205.13 0 0 -1205.13 0 0 -643.889 0 0 643.889
0 0 -19686.8 0 0 19686.8 0 0 1206.98 0 0 -1206.98 0 0 -890.761 0 0 890.761
0 0 -19126.9 0 0 19126.9 0 0 1082.01 0 0 -1082.01 0 0 -1226.12 0 0 1226.12
0 0 -18337.2 0 0 18337.2 0 0 1001.7 0 0 -1001.7 0 0 -1373.55 0 0 1373.55
0 0 -17289.1 0 0 17289.1 0 0 1035.44 0 0 -1035.44 0 0 -1554.77 0 0 1554.77
0 0 -15952.8 0 0 15952.8 0 0 1037.75 0 0 -1037.75 0 0 -1773.61 0 0 1773.61
0 0 -14468.3 0 0 14468.3 0 0 872.526 0 0 -872.526 0 0 -2023.15 0 0 2023.15
0 0 -12958.8 0 0 12958.8 0 0 601.107 0 0 -601.107 0 0 -2298.57 0 0 2298.57
0 0 -11158.7 0 0 11158.7 0 0 327.335 0 0 -327.335 0 0 -2595.18 0 0 2595.18
0 0 -9126.86 0 0 9126.86 0 0 76.1258 0 0 -76.1258 0 0 -2915.32 0 0 2915.32
0 0 -6978.44 0 0 6978.44 0 0 -27.6402 0 0 27.6402 0 0 -3258.99 0 0 3258.99
0 0 -4584.97 0 0 4584.97 0 0 -40.3803 0 0 40.3803 0 0 -3615.81 0 0 3615.81
0 0 -1898.08 0 0 1898.08 0 0 -99.1015 0 0 99.1015 0 0 -3970.54 0 0 3970.54
0 0 53.273 0 0 -53.273 0 0 -244.943 0 0 244.943 0 0 -4327.52 0 0 4327.52
0 0 355.704 0 0 -355.704 0 0 -505.437 0 0 505.437 0 0 -4668.3 0 0 4668.3
0 0 689.096 0 0 -689.096 0 0 -763.489 0 0 763.489 0 0 -5001.49 0 0 5001.49
0 0 1042.19 0 0 -1042.19 0 0 -969.116 0 0 969.116 0 0 -5323.92 0 0 5323.92
0 0 1403.92 0 0 -1403.92 0 0 -1108.02 0 0 1108.02 0 0 -5635.13 0 0 5635.13
0 0 1780.64 0 0 -1780.64 0 0 -1233.84 0 0 1233.84 0 0 -5925.91 0 0 5925.91
0 0 2175.59 0 0 -2175.59 0 0 -1382.5 0 0 1382.5 0 0 -6238.54 0 0 6238.54
0 0 2578.55 0 0 -2578.55 0 0 -1530.6 0 0 1530.6 0 0 -6512.12 0 0 6512.12
0 0 2988.34 0 0 -2988.34 0 0 -1631.83 0 0 1631.83 0 0 -6743.32 0 0 6743.32
0 0 3403.72 0 0 -3403.72 0 0 -1684.34 0 0 1684.34 0 0 -6951.27 0 0 6951.27
0 0 3826.71 0 0 -3826.71 0 0 -1681.82 0 0 1681.82 0 0 -7133.33 0 0 7133.33
0 0 4250.05 0 0 -4250.05 0 0 -1631.68 0 0 1631.68 0 0 -7262.7 0 0 7262.7
0 0 4667.82 0 0 -4667.82 0 0 -1605.26 0 0 1605.26 0 0 -7332.27 0 0 7332.27
0 0 5076.46 0 0 -5076.46 0 0 -1621.33 0 0 1621.33 0 0 -7358.7 0 0 7358.7
0 0 5476.38 0 0 -5476.38 0 0 -1600.95 0 0 1600.95 0 0 -7331.03 0 0 7331.03
0 0 5867.03 0 0 -5867.03 0 0 -1487.07 0 0 1487.07 0 0 -7184.43 0 0 7184.43
0 0 6246.51 0 0 -6246.51 0 0 -1258.14 0 0 1258.14 0 0 -6895.81 0 0 6895.81
0 0 6612.41 0 0 -6612.41 0 0 -1017.51 0 0 1017.51 0 0 -6471.33 0 0 6471.33
0 0 6962.7 0 0 -6962.7 0 0 -845.301 0 0 845.301 0 0 -5924.46 0 0 5924.46
0 0 7295.34 0 0 -7295.34 0 0 -705.679 0 0 705.679 0 0 -5263.09 0 0 5263.09
0 0 7610.21 0 0 -7610.21 0 0 -509.05 0 0 509.05 0 0 -4497.05 0 0 4497.05
0 0 7908.53 0 0 -7908.53 0 0 -232.974 0 0 232.974 0 0 -3648.53 0 0 3648.53
0 0 8190.55 0 0 -8190.55 0 0 16.9286 0 0 -16.9286 0 0 -2727.39 0 0 2727.39
0 0 8455.83 0 0 -8455.83 0 0 168.903 0 0 -168.903 0 0 -1752.09 0 0 1752.09
0 0 8706.01 0 0 -8706.01 0 0 370.326 0 0 -370.326 0 0 -853.82 0 0 853.82
0 0 8941.66 0 0 -8941.66 0 0 633.778 0 0 -633.778 0 0 -42.7545 0 0 42.7545
0 0 9166.71 0 0 -9166.71 0 0 887.007 0 0 -887.007 0 0 27.2923 0 0 -27.2923
0 0 9376.47 0 0 -9376.47 0 0 1012.45 0 0 -1012.45 0 0 63.8106 0 0 -63.8106
0 0 9559.4 0 0 -9559.4 0 0 1004.93 0 0 -1004.93 0 0 102.969 0 0 -102.969
0 0 9716.35 0 0 -9716.35 0 0 966.494 0 0 -966.494 0 0 144.027 0 0 -144.027
0 0 9855.71 0 0 -9855.71 0 0 1066.54 0 0 -1066.54 0 0 187.125 0 0 -187.125
0 0 9979.94 0 0 -9979.94 0 0 1260.41 0 0 -1260.41 0 0 232.656 0 0 -232.656
0 0 10083.8 0 0 -10083.8 0 0 1516.37 0 0 -1516.37 0 0 280.863 0 0 -280.863
0 0 10160.3 0 0 -10160.3 0 0 1735.23 0 0 -1735.23 0 0 332.178 0 0 -332.178
0 0 10207 0 0 -10207 0 0 1873.61 0 0 -1873.61 0 0 387.158 0 0 -387.158
0 0 10227.7 0 0 -10227.7 0 0 1960.09 0 0 -1960.09 0 0 446.111 0 0 -446.111
0 0 10181.9 0 0 -10181.9 0 0 2073.27 0 0 -2073.27 0 0 508.939 0 0 -508.939
0 0 9939.28 0 0 -9939.28 0 0 2281.92 0 0 -2281.92 0 0 575.305 0 0 -575.305
0 0 9482.21 0 0 -9482.21 0 0 2595.77 0 0 -2595.77 0 0 645 0 0 -645
0 0 8866.57 0 0 -8866.57 0 0 2966.89 0 0 -2966.89 0 0 718.226 0 0 -718.226
0 0 8270.05 0 0 -8270.05 0 0 3737.65 0 0 -3737.65 0 0 796.14 0 0 -796.14
0 0 7639.23 0 0 -7639.23 0 0 4762.92 0 0 -4762.92 0 0 876.248 0 0 -876.248
0 0 6859.21 0 0 -6859.21 0 0 5785.82 0 0 -5785.82 0 0 957.351 0 0 -957.351
0 0 5968.04 0 0 -5968.04 0 0 6762.45 0 0 -6762.45 0 0 1041.24 0 0 -1041.24
0 0 4983.29 0 0 -4983.29 0 0 7638.79 0 0 -7638.79 0 0 1129.28 0 0 -1129.28
0 0 4052.16 0 0 -4052.16 0 0 8489.47 0 0 -8489.47 0 0 1219.2 0 0 -1219.2
0 0 3057.84 0 0 -3057.84 0 0 8854.56 0 0 -8854.56 0 0 1308.27 0 0 -1308.27
0 0 1844.08 0 0 -1844.08 0 0 8854.56 0 0 -8854.56 0 0 1393.96 0 0 -1393.96
0 0 611.808 0 0 -611.808 0 0 8854.56 0 0 -8854.56 0 0 1478.49 0 0 -1478.49
0 0 -106.729 0 0 106.729 0 0 8854.56 0 0 -8854.56 0 0 1542.76 0 0 -1542.76
0 0 -413.75 0 0 413.75 0 0 8854.56 0 0 -8854.56 0 0 1542.76 0 0 -1542.76
0 0 -703.315 0 0 703.315 0 0 8854.56 0 0 -8854.56 0 0 1542.76 0 0 -1542.76
0 0 -958.017 0 0 958.017 0 0 8854.56 0 0 -8854.56 0 0 1542.76 0 0 -1542.76
0 0 -1157.65 0 0 1157.65 0 0 8854.56 0 0 -8854.56 0 0 1542.76 0 0 -1542.76
0 0 -1304.34 0 0 1304.34 0 0 8854.56 0 0 -8854.56 0 0 1542.76 0 0 -1542.76
0 0 -1394.79 0 0 1394.79 0 0 8854.56 0 0 -8854.56 0 0 1542.76 0 0 -1542.76
0 0 -1400.97 0 0 1400.97 0 0 8854.56 0 0 -8854.56 0 0 1542.76 0 0 -1542.76
0 0 -1203.87 0 0 1203.87 0 0 8854.56 0 0 -8854.56 0 0 1542.76 0 0 -1542.76
0 0 -786.961 0 0 786.961 0 0 8854.56 0 0 -8854.56 0 0 1542.76 0 0 -1542.76
0 0 -163.23 0 0 163.23 0 0 8854.56 0 0 -8854.56 0 0 1542.76 0 0 -1542.76
0 0 223.66 0 0 -223.66 0 0 8854.56 0 0 -8854.56 0 0 1542.76 0 0 -1542.76
0 0 606.471 0 0 -606.471 0 0 8854.56 0 0 -8854.56 0 0 1542.76 0 0 -1542.76
0 0 1081.62 0 0 -1081.62 0 0 8854.56 0 0 -8854.56 0 0 1542.76 0 0 -1542.76
0 0 1590.53 0 0 -1590.53 0 0 8854.56 0 0 -8854.56 0 0 1542.76 0 0 -1542.76
0 0 2149.88 0 0 -2149.88 0 0 8854.56 0 0 -8854.56 0 0 1542.76 0 0 -1542.76
0 0 2810.12 0 0 -2810.12 0 0 8854.56 0 0 -8854.56 0 0 1542.76 0 0 -1542.76
0 0 3250.9 0 0 -3250.9 0 0 8854.56 0 0 -8854.56 0 0 1542.76 0 0 -1542.76
0 0 3430.69 0 0 -3430.69 0 0 8854.56 0 0 -8854.56 0 0 1530.77 0 0 -1530.77
0 0 3582.76 0 0 -3582.76 0 0 8854.56 0 0 -8854.56 0 0 1418.32 0 0 -1418.32
0 0 3802.91 0 0 -3802.91 0 0 8854.56 0 0 -8854.56 0 0 1206.02 0 0 -1206.02
0 0 4227.06 0 0 -4227.06 0 0 8854.56 0 0 -8854.56 0 0 909.701 0 0 -909.701
0 0 4749.87 0 0 -4749.87 0 0 8854.56 0 0 -8854.56 0 0 517.339 0 0 -517.339
0 0 5234.68 0 0 -5234.68 0 0 8854.56 0 0 -8854.56 0 0 88.8 0 0 -88.8
0 0 5722.86 0 0 -5722.86 0 0 8854.56 0 0 -8854.56 0 0 -38.5777 0 0 38.5777
0 0 6327.39 0 0 -6327.39 0 0 8854.56 0 0 -8854.56 0 0 -101.886 0 0 101.886
0 0 7077.36 0 0 -7077.36 0 0 8854.56 0 0 -8854.56 0 0 -169.013 0 0 169.013
0 0 7898.53 0 0 -7898.53 0 0 8854.56 0 0 -8854.56 0 0 -238.188 0 0 238.188
0 0 8765.45 0 0 -8765.45 0 0 8854.56 0 0 -8854.56 0 0 -309.9 0 0 309.9
0 0 9729.01 0 0 -9729.01 0 0 8854.56 0 0 -8854.56 0 0 -384.721 0 0 384.721
0 0 10825 0 0 -10825 0 0 8854.56 0 0 -8854.56 0 0 -461.927 0 0 461.927
0 0 11997.9 0 0 -11997.9 0 0 8854.56 0 0 -8854.56 0 0 -539.234 0 0 539.234
0 0 12108.8 0 0 -12108.8 0 0 8721.39 0 0 -8721.39 0 0 -612.847 0 0 612.847
0 0 12108.8 0 0 -12108.8 0 0 8201.21 0 0 -8201.21 0 0 -683.34 0 0 683.34
0 0 12108.8 0 0 -12108.8 0 0 7554.14 0 0 -7554.14 0 0 -754.396 0 0 754.396
0 0 12108.8 0 0 -12108.8 0 0 6825.86 0 0 -6825.86 0 0 -826.932 0 0 826.932
0 0 12108.8 0 0 -12108.8 0 0 5921.99 0 0 -5921.99 0 0 -898.091 0 0 898.091
0 0 12108.8 0 0 -12108.8 0 0 4837.12 0 0 -4837.12 0 0 -965.293 0 0 965.293
0 0 12108.8 0 0 -12108.8 0 0 3619.21 0 0 -3619.21 0 0 -1028.3 0 0 1028.3
0 0 12108.8 0 0 -12108.8 0 0 2497.72 0 0 -2497.72 0 0 -1089.25 0 0 1089.25
0 0 12108.8 0 0 -12108.8 0 0 1486.68 0 0 -1486.68 0 0 -1151.01 0 0 1151.01
0 0 12108.8 0 0 -12108.8 0 0 515.795 0 0 -515.795 0 0 -1213.59 0 0 1213.59
0 0 12108.8 0 0 -12108.8 0 0 -53.46 0 0 53.46 0 0 -1274.35 0 0 1274.35
0 0 12108.8 0 0 -12108.8 0 0 -244.054 0 0 244.054 0 0 -1328.75 0 0 1328.75
0 0 12108.8 0 0 -12108.8 0 0 -443.929 0 0 443.929 0 0 -1380.65 0 0 1380.65
0 0 12108.8 0 0 -12108.8 0 0 -615.706 0 0 615.706 0 0 -1433.58 0 0 1433.58
0 0 12108.8 0 0 -12108.8 0 0 -723.82 0 0 723.82 0 0 -1490.02 0 0 1490.02
0 0 12108.8 0 0 -12108.8 0 0 -762.838 0 0 762.838 0 0 -1549.26 0 0 1549.26
0 0 12108.8 0 0 -12108.8 0 0 -769.623 0 0 769.623 0 0 -1608.69 0 0 1608.69
0 0 12108.8 0 0 -12108.8 0 0 -800.909 0 0 800.909 0 0 -1666.94 0 0 1666.94
0 0 12108.8 0 0 -12108.8 0 0 -852.24 0 0 852.24 0 0 -1723.39 0 0 1723.39
0 0 12108.8 0 0 -12108.8 0 0 -905.901 0 0 905.901 0 0 -1776.07 0 0 1776.07
0 0 12108.8 0 0 -12108.8 0 0 -907.567 0 0 907.567 0 0 -1828.95 0 0 1828.95
0 0 12108.8 0 0 -12108.8 0 0 -846.884 0 0 846.884 0 0 -1880.2 0 0 1880.2
0 0 12108.8 0 0 -12108.8 0 0 -672.507 0 0 672.507 0 0 -1928.88 0 0 1928.88
0 0 12108.8 0 0 -12108.8 0 0 -406.535 0 0 406.535 0 0 -1973.88 0 0 1973.88
0 0 12108.8 0 0 -12108.8 0 0 -101.626 0 0 101.626 0 0 -2013.63 0 0 2013.63
0 0 12108.8 0 0 -12108.8 0 0 204.1 0 0 -204.1 0 0 -2048.07 0 0 2048.07
0 0 12108.8 0 0 -12108.8 0 0 593.02 0 0 -593.02 0 0 -2077.52 0 0 2077.52
0 0 12108.8 0 0 -12108.8 0 0 1068.9 0 0 -1068.9 0 0 -2100.87 0 0 2100.87
0 0 12108.8 0 0 -12108.8 0 0 1661.99 0 0 -1661.99 0 0 -2116.31 0 0 2116.31
0 0 12108.8 0 0 -12108.8 0 0 2472.79 0 0 -2472.79 0 0 -2120.34 0 0 2120.34
0 0 12108.8 0 0 -12108.8 0 0 3364.59 0 0 -3364.59 0 0 -2054.95 0 0 2054.95
0 0 12108.8 0 0 -12108.8 0 0 4321.97 0 0 -4321.97 0 0 -1875.93 0 0 1875.93
0 0 12108.8 0 0 -12108.8 0 0 5309.94 0 0 -5309.94 0 0 -1593.3 0 0 1593.3
0 0 12108.8 0 0 -12108.8 0 0 6353.96 0 0 -6353.96 0 0 -1207.02 0 0 1207.02
0 0 12108.8 0 0 -12108.8 0 0 7419.54 0 0 -7419.54 0 0 -782.211 0 0 782.211
0 0 12108.8 0 0 -12108.8 0 0 8484.58 0 0 -8484.58 0 0 -293.972 0 0 293.972
0 0 12108.8 0 0 -12108.8 0 0 8854.56 0 0 -8854.56 0 0 16.4346 0 0 -16.4346
0 0 12108.8 0 0 -12108.8 0 0 8854.56 0 0 -8854.56 0 0 70.1425 0 0 -70.1425
0 0 12108.8 0 0 -12108.8 0 0 8854.56 0 0 -8854.56 0 0 129.271 0 0 -129.271
0 0 12108.8 0 0 -12108.8 0 0 8854.56 0 0 -8854.56 0 0 195.08 0 0 -195.08
0 0 12108.8 0 0 -12108.8 0 0 8854.56 0 0 -8854.56 0 0 268.417 0 0 -268.417
0 0 12108.8 0 0 -12108.8 0 0 8854.56 0 0 -8854.56 0 0 348.901 0 0 -348.901
0 0 12108.8 0 0 -12108.8 0 0 8854.56 0 0 -8854.56 0 0 434.521 0 0 -434.521
0 0 12031 0 0 -12031 0 0 8854.56 0 0 -8854.56 0 0 523.672 0 0 -523.672
0 0 11833 0 0 -11833 0 0 8854.56 0 0 -8854.56 0 0 615.63 0 0 -615.63
0 0 11536 0 0 -11536 0 0 8854.56 0 0 -8854.56 0 0 710.185 0 0 -710.185
0 0 11168.2 0 0 -11168.2 0 0 8854.56 0 0 -8854.56 0 0 806.973 0 0 -806.973
0 0 10762.6 0 0 -10762.6 0 0 8854.56 0 0 -8854.56 0 0 904.866 0 0 -904.866
0 0 10344.9 0 0 -10344.9 0 0 8854.56 0 0 -8854.56 0 0 1002.38 0 0 -1002.38
0 0 9912.74 0 0 -9912.74 0 0 8854.56 0 0 -8854.56 0 0 1098.15 0 0 -1098.15
0 0 9463.87 0 0 -9463.87 0 0 8854.56 0 0 -8854.56 0 0 1189.96 0 0 -1189.96
0 0 8997.44 0 0 -8997.44 0 0 8854.56 0 0 -8854.56 0 0 1279.34 0 0 -1279.34
