-0.0587901 -2.95866e-05 -0.138165 -4.34449e-05 -0.0433439 -7.78116e-06
-0.059381 -2.9884e-05 -0.138048 -4.3408e-05 -0.0433824 -7.78807e-06
-0.0607637 -3.05798e-05 -0.137756 -4.33162e-05 -0.0435298 -7.81452e-06
-0.0635393 -3.19767e-05 -0.13733 -4.31822e-05 -0.0437042 -7.84584e-06
-0.0665945 -3.35143e-05 -0.136936 -4.30584e-05 -0.0438141 -7.86556e-06
-0.0703648 -3.54117e-05 -0.136563 -4.29409e-05 -0.0438104 -7.8649e-06
-0.0747859 -3.76367e-05 -0.136304 -4.28595e-05 -0.0436399 -7.83429e-06
-0.0797899 -4.01549e-05 -0.136267 -4.28479e-05 -0.0432296 -7.76063e-06
-0.0853271 -4.29416e-05 -0.136536 -4.29324e-05 -0.0425168 -7.63267e-06
-0.0913704 -4.59829e-05 -0.137179 -4.31347e-05 -0.0414539 -7.44187e-06
-0.0979522 -4.92953e-05 -0.138256 -4.34733e-05 -0.0400247 -7.18528e-06
-0.105191 -5.29382e-05 -0.13981 -4.39619e-05 -0.038247 -6.86616e-06
-0.113198 -5.69678e-05 -0.141877 -4.46121e-05 -0.0361569 -6.49092e-06
-0.122009 -6.14021e-05 -0.144512 -4.54406e-05 -0.0337888 -6.06581e-06
-0.131643 -6.62505e-05 -0.147755 -4.64603e-05 -0.0311905 -5.59935e-06
-0.142072 -7.1499e-05 -0.151617 -4.76746e-05 -0.0284676 -5.11055e-06
-0.153277 -7.71378e-05 -0.156149 -4.90996e-05 -0.0257189 -4.61709e-06
-0.16518 -8.31283e-05 -0.1614 -5.07507e-05 -0.0230604 -4.13983e-06
-0.177688 -8.94232e-05 -0.167389 -5.26339e-05 -0.0206315 -3.7038e-06
-0.190742 -9.59926e-05 -0.174114 -5.47486e-05 -0.0186074 -3.34042e-06
-0.204279 -0.000102805 -0.18158 -5.70963e-05 -0.0171299 -3.07519e-06
-0.218344 -0.000109883 -0.189761 -5.96687e-05 -0.0164081 -2.9456e-06
-0.233092 -0.000117306 -0.198581 -6.24419e-05 -0.0166764 -2.99377e-06
-0.248614 -0.000125117 -0.207993 -6.54014e-05 -0.0181489 -3.25812e-06
-0.265049 -0.000133388 -0.217946 -6.85312e-05 -0.0210651 -3.78163e-06
-0.282714 -0.000142278 -0.228334 -7.17976e-05 -0.0256153 -4.59849e-06
-0.301795 -0.000151881 -0.239113 -7.51869e-05 -0.0319848 -5.74196e-06
-0.322455 -0.000162278 -0.250318 -7.87101e-05 -0.0403099 -7.23649e-06
-0.345034 -0.000173641 -0.261913 -8.23561e-05 -0.0506873 -9.09946e-06
-0.369926 -0.000186168 -0.273816 -8.6099e-05 -0.063173 -1.13409e-05
-0.397343 -0.000199966 -0.286114 -8.9966e-05 -0.0777573 -1.39591e-05
-0.427204 -0.000214994 -0.299018 -9.40235e-05 -0.0943809 -1.69434e-05
-0.459207 -0.0002311 -0.312783 -9.83518e-05 -0.112835 -2.02563e-05
-0.493163 -0.000248189 -0.327612 -0.000103015 -0.132898 -2.3858e-05
-0.529257 -0.000266353 -0.343639 -0.000108054 -0.154436 -2.77245e-05
-0.567795 -0.000285748 -0.361027 -0.000113522 -0.177364 -3.18406e-05
-0.608904 -0.000306436 -0.380012 -0.000119491 -0.201554 -3.61831e-05
-0.652557 -0.000328405 -0.400818 -0.000126034 -0.226837 -4.0722e-05
-0.698649 -0.000351601 -0.423637 -0.000133209 -0.253061 -4.54299e-05
-0.747198 -0.000376034 -0.448636 -0.00014107 -0.280153 -5.02935e-05
-0.798449 -0.000401826 -0.475933 -0.000149653 -0.308148 -5.53191e-05
-0.852615 -0.000429086 -0.505644 -0.000158995 -0.337128 -6.05217e-05
-0.90946 -0.000457693 -0.537956 -0.000169155 -0.36715 -6.59112e-05
-0.96819 -0.00048725 -0.573106 -0.000180208 -0.398256 -7.14955e-05
-1.02781 -0.000517253 -0.611305 -0.000192219 -0.430565 -7.72956e-05
-1.08772 -0.000547407 -0.652593 -0.000205202 -0.464373 -8.33649e-05
-1.14738 -0.000577431 -0.696957 -0.000219152 -0.500118 -8.97819e-05
-1.20589 -0.000606873 -0.744419 -0.000234076 -0.538244 -9.66262e-05
-1.26229 -0.000635259 -0.794843 -0.000249931 -0.579285 -0.000103994
-1.31565 -0.000662111 -0.847946 -0.000266629 -0.623901 -0.000112004
-1.37628 -0.000692624 -0.917634 -0.000288542 -0.68581 -0.000123118
-1.42801 -0.000718661 -0.990238 -0.000311371 -0.756009 -0.00013572
-1.46881 -0.000739189 -1.06458 -0.000334747 -0.836172 -0.000150111
-1.4971 -0.000753427 -1.13912 -0.000358185 -0.927999 -0.000166596
-1.51162 -0.000760735 -1.21207 -0.000381124 -1.03314 -0.00018547
-1.51048 -0.000760162 -1.2817 -0.00040302 -1.15285 -0.00020696
-1.49302 -0.000751373 -1.34585 -0.000423192 -1.28806 -0.000231234
-1.46012 -0.000734819 -1.40205 -0.000440863 -1.43939 -0.0002584
-1.4124 -0.000710801 -1.44825 -0.000455389 -1.60652 -0.000288404
-1.34989 -0.000679342 -1.48265 -0.000466206 -1.78815 -0.000321012
-1.27285 -0.000640571 -1.5037 -0.000472824 -1.98199 -0.000355809
-1.18281 -0.000595262 -1.51 -0.000474806 -2.18486 -0.000392229
-1.08163 -0.00054434 -1.50072 -0.000471888 -2.39256 -0.000429516
-0.971039 -0.000488684 -1.4755 -0.000463959 -2.59978 -0.000466716
-0.853591 -0.000429577 -1.43423 -0.000450982 -2.80041 -0.000502733
-0.73244 -0.000368607 -1.37729 -0.000433078 -2.98772 -0.000536359
-0.610482 -0.00030723 -1.30577 -0.000410587 -3.15431 -0.000566265
-0.491324 -0.000247263 -1.22091 -0.000383903 -3.29254 -0.000591081
-0.378236 -0.00019035 -1.1245 -0.000353589 -3.39472 -0.000609424
-0.273781 -0.000137783 -1.01892 -0.000320391 -3.45333 -0.000619946
-0.181179 -9.11797e-05 -0.906519 -0.000285047 -3.46157 -0.000621426
-0.103262 -5.19677e-05 -0.789907 -0.000248379 -3.41356 -0.000612807
-0.0415716 -2.09213e-05 -0.672056 -0.000211322 -3.30447 -0.000593222
0.00333459 1.67816e-06 -0.555912 -0.000174802 -3.13097 -0.000562076
0.031799 1.60031e-05 -0.444222 -0.000139682 -2.8916 -0.000519103
0.0439675 2.2127e-05 -0.33936 -0.000106709 -2.58702 -0.000464425
0.0400583 2.01597e-05 -0.244375 -7.68416e-05 -2.22018 -0.00039857
0.0216479 1.08945e-05 -0.159854 -5.02647e-05 -1.79599 -0.000322419
-0.00946897 -4.76534e-06 -0.0860051 -2.70435e-05 -1.32166 -0.000237266
-0.0516525 -2.59945e-05 -0.0229083 -7.20331e-06 -0.806512 -0.000144786
-0.102439 -5.15533e-05 0.029736 9.35021e-06 -0.261513 -4.69471e-05
-0.157913 -7.94709e-05 0.072036 2.26511e-05 0.294471 5.28639e-05
-0.215029 -0.000108215 0.105739 3.32486e-05 0.852071 0.000152965
-0.272 -0.000136886 0.132976 4.18132e-05 1.39768 0.000250913
-0.326609 -0.000164369 0.15554 4.8908e-05 1.92161 0.00034497
-0.374975 -0.00018871 0.174741 5.49458e-05 2.40717 0.000432138
-0.413317 -0.000208005 0.19219 6.04324e-05 2.84215 0.000510227
-0.439342 -0.000221103 0.210341 6.614e-05 3.21514 0.000577186
-0.451157 -0.000227049 0.230603 7.25112e-05 3.51722 0.000631416
-0.447078 -0.000224996 0.254006 7.987e-05 3.74116 0.000671618
-0.431982 -0.000217399 0.275722 8.66984e-05 3.86013 0.000692975
-0.39904 -0.00020082 0.307235 9.66074e-05 3.93108 0.000705712
-0.35094 -0.000176613 0.343212 0.00010792 3.91576 0.000702963
-0.287668 -0.000144771 0.382157 0.000120166 3.81698 0.00068523
-0.210592 -0.000105982 0.423688 0.000133225 3.6396 0.000653385
-0.122127 -6.14613e-05 0.466513 0.000146691 3.39064 0.000608692
-0.0251252 -1.26445e-05 0.508633 0.000159935 3.07949 0.000552833
0.0781535 3.93314e-05 0.547858 0.000172269 2.71745 0.00048784
0.184807 9.30057e-05 0.582359 0.000183118 2.31648 0.000415857
0.291554 0.000146727 0.609812 0.00019175 1.88953 0.00033921
0.395766 0.000199172 0.628155 0.000197518 1.44967 0.000260247
0.494664 0.000248944 0.635507 0.000199829 1.00994 0.000181306
0.586041 0.00029493 0.630317 0.000198198 0.582586 0.000104586
0.668473 0.000336415 0.611466 0.00019227 0.178634 3.20687e-05
0.740927 0.000372878 0.578341 0.000181854 -0.19561 -3.51162e-05
0.803126 0.00040418 0.530817 0.000166911 -0.530731 -9.52775e-05
0.8555 0.000430538 0.469795 0.000147723 -0.820596 -0.000147314
0.899076 0.000452468 0.396926 0.00012481 -1.0591 -0.000190131
0.935285 0.00047069 0.314267 9.88186e-05 -1.24548 -0.00022359
0.965548 0.000485921 0.224678 7.0648e-05 -1.38119 -0.000247953
0.991591 0.000499027 0.131661 4.13997e-05 -1.46952 -0.000263811
1.01542 0.000511018 0.0391871 1.2322e-05 -1.51459 -0.000271902
1.03864 0.000522703 -0.048508 -1.52529e-05 -1.52169 -0.000273175
1.06275 0.000534839 -0.127769 -4.0176e-05 -1.49795 -0.000268913
1.09007 0.000548588 -0.195143 -6.13608e-05 -1.45038 -0.000260375
1.12306 0.00056519 -0.245695 -7.72566e-05 -1.38506 -0.000248648
1.16325 0.000585416 -0.275554 -8.66455e-05 -1.30765 -0.000234752
1.21072 0.000609303 -0.28161 -8.85496e-05 -1.22347 -0.00021964
1.26457 0.000636405 -0.261491 -8.22236e-05 -1.13636 -0.000204001
1.32358 0.000666105 -0.213996 -6.72891e-05 -1.04874 -0.000188272
1.38559 0.000697308 -0.138928 -4.36847e-05 -0.960919 -0.000172505
1.44839 0.000728916 -0.0396122 -1.24557e-05 -0.872147 -0.000156569
1.51137 0.000760608 0.0822806 2.58724e-05 -0.778651 -0.000139784
1.57388 0.000792069 0.223994 7.04329e-05 -0.675717 -0.000121306
1.63549 0.000823074 0.381288 0.000119892 -0.557533 -0.000100089
1.69568 0.000853363 0.549305 0.000172724 -0.417264 -7.49077e-05
1.75289 0.000882157 0.723215 0.000227408 -0.248664 -4.46404e-05
1.80459 0.000908176 0.898081 0.000282394 -0.0464478 -8.33837e-06
1.84768 0.000929861 1.06907 0.000336159 0.19001 3.41109e-05
1.87951 0.000945881 1.232 0.000387392 0.4692 8.42315e-05
1.89821 0.000955292 1.3831 0.000434904 0.791466 0.000142085
1.90194 0.000957166 1.51895 0.000477619 1.15739 0.000207775
1.88842 0.000950365 1.63706 0.000514758 1.56346 0.000280675
1.85716 0.000934631 1.73547 0.000545702 2.00528 0.000359991
1.80968 0.000910737 1.81263 0.000569964 2.47674 0.000444628
1.74866 0.00088003 1.86776 0.000587301 2.9692 0.000533035
1.67802 0.000844479 1.90064 0.000597639 3.4721 0.000623315
1.60098 0.000805708 1.91218 0.000601267 3.9732 0.000713274
1.51952 0.000764709 1.90438 0.000598815 4.45902 0.000800489
1.43548 0.00072242 1.87978 0.000591079 4.91536 0.000882413
1.35061 0.000679708 1.84143 0.00057902 5.32768 0.000956432
1.2661 0.000637177 1.79275 0.000563715 5.68193 0.00102003
1.18281 0.000595262 1.7371 0.000546214 5.9653 0.0010709
1.10196 0.000554571 1.6753 0.000526784 6.03987 0.00108429
1.02577 0.000516228 1.59918 0.000502849 6.0604 0.00108797
0.951571 0.000478887 1.5384 0.000483735 6.07848 0.00109122
0.883896 0.000444828 1.47978 0.000465304 5.98777 0.00107493
0.821256 0.000413304 1.42426 0.000447845 5.78695 0.00103888
0.764084 0.000384532 1.3661 0.000429558 5.52089 0.000991117
0.711309 0.000357972 1.30838 0.000411408 5.18259 0.000930386
0.660675 0.00033249 1.25115 0.000393412 4.74825 0.000852412
0.608915 0.000306442 1.19069 0.000374401 4.23035 0.000759438
0.552894 0.000278248 1.12335 0.000353228 3.6641 0.000657783
0.490085 0.000246639 1.04737 0.000329335 3.06911 0.000550971
0.418412 0.00021057 0.960356 0.000301975 2.444 0.000438749
0.336115 0.000169153 0.858758 0.000270029 1.79682 0.000322567
0.242253 0.000121916 0.739413 0.000232502 1.15132 0.000206686
0.136802 6.8847e-05 0.600328 0.000188768 0.528603 9.48955e-05
0.0181154 9.11672e-06 0.439777 0.000138284 -0.060844 -1.09228e-05
-0.113125 -5.69314e-05 0.258732 8.13559e-05 -0.608778 -0.000109289
-0.255811 -0.000128739 0.0556855 1.75098e-05 -1.12029 -0.000201116
-0.409484 -0.000206077 -0.168353 -5.29369e-05 -1.58384 -0.000284333
-0.573306 -0.000288521 -0.414783 -0.000130425 -1.9938 -0.00035793
-0.744963 -0.000374909 -0.678043 -0.000213205 -2.35831 -0.000423366
-0.920261 -0.000463129 -0.951653 -0.000299239 -2.68458 -0.000481939
-1.09583 -0.000551485 -1.22978 -0.000386693 -2.97285 -0.00053369
-1.26821 -0.000638237 -1.50758 -0.000474044 -3.22562 -0.000579067
-1.43332 -0.000721329 -1.77991 -0.000559675 -3.45267 -0.000619828
-1.58689 -0.000798615 -2.04022 -0.000641528 -3.66509 -0.000657961
-1.72511 -0.000868179 -2.28224 -0.000717631 -3.86962 -0.00069468
-1.8228 -0.000917338 -2.45917 -0.000773263 -4.03072 -0.0007236
-1.90788 -0.000960159 -2.61866 -0.000823413 -4.19259 -0.000752659
-1.97968 -0.000996293 -2.75827 -0.000867314 -4.3585 -0.000782443
-2.03793 -0.00102561 -2.87581 -0.000904272 -4.53091 -0.000813394
-2.08261 -0.00104809 -2.96973 -0.000933805 -4.71054 -0.000845642
-2.11375 -0.00106376 -3.03924 -0.000955662 -4.89652 -0.000879029
-2.13185 -0.00107287 -3.08395 -0.000969721 -5.08715 -0.000913252
-2.13818 -0.00107606 -3.10371 -0.000975935 -5.28045 -0.000947954
-2.13402 -0.00107396 -3.099 -0.000974452 -5.47375 -0.000982655
-2.1201 -0.00106696 -3.07111 -0.000965684 -5.66314 -0.00101665
-2.09726 -0.00105547 -3.02185 -0.000950194 -5.8435 -0.00104903
-2.06665 -0.00104006 -2.9533 -0.000928639 -6.00908 -0.00107876
-2.02964 -0.00102143 -2.86788 -0.00090178 -6.11144 -0.00109713
-1.98881 -0.00100088 -2.76159 -0.000868359 -6.09482 -0.00109415
-1.94562 -0.000979151 -2.6424 -0.00083088 -6.09128 -0.00109351
-1.90106 -0.000956723 -2.52054 -0.000792562 -6.09878 -0.00109486
-1.85938 -0.000935748 -2.39187 -0.000752103 -6.1049 -0.00109596
-1.8214 -0.000916635 -2.26607 -0.000712546 -6.05064 -0.00108622
-1.79044 -0.000901055 -2.13782 -0.000672218 -5.9457 -0.00106738
-1.76735 -0.000889433 -2.01115 -0.000632389 -5.7922 -0.00103982
-1.75306 -0.000882242 -1.88808 -0.000593691 -5.59361 -0.00100417
-1.7483 -0.000879849 -1.77218 -0.000557246 -5.33744 -0.000958183
-1.7535 -0.000882462 -1.66559 -0.000523729 -5.01443 -0.000900196
-1.76871 -0.000890121 -1.56875 -0.000493279 -4.62815 -0.000830851
-1.79368 -0.000902687 -1.4821 -0.000466033 -4.19032 -0.000752252
-1.82806 -0.000919987 -1.40622 -0.000442174 -3.71102 -0.000666207
-1.87138 -0.00094179 -1.3416 -0.000421853 -3.19354 -0.000573309
-1.92317 -0.000967851 -1.28786 -0.000404955 -2.63923 -0.000473798
-1.98257 -0.000997744 -1.24402 -0.00039117 -2.05422 -0.000368777
-2.04791 -0.00103063 -1.20901 -0.000380163 -1.45064 -0.000260421
-2.11708 -0.00106544 -1.18178 -0.000371601 -0.842034 -0.000151163
-2.18795 -0.0011011 -1.16105 -0.000365083 -0.239032 -4.29113e-05
-2.25821 -0.00113646 -1.1463 -0.000360445 0.294676 5.29006e-05
-2.32533 -0.00117024 -1.13918 -0.000358205 0.811549 0.00014569
-2.38817 -0.00120186 -1.13171 -0.000355856 1.29668 0.000232782
-2.44406 -0.00122999 -1.12551 -0.000353907 1.74652 0.000313538
-2.49238 -0.00125431 -1.11648 -0.000351066 2.14507 0.000385086
-2.53261 -0.00127456 -1.10461 -0.000347334 2.48977 0.000446967
-2.56421 -0.00129046 -1.08906 -0.000342446 2.77946 0.000498972
-2.5864 -0.00130163 -1.06901 -0.000336141 3.01147 0.000540623
-2.59883 -0.00130789 -1.04364 -0.000328164 3.18026 0.000570925
-2.60172 -0.00130934 -1.0127 -0.000318433 3.28067 0.000588949
-2.59565 -0.00130628 -0.976754 -0.000307131 3.31183 0.000594544
-2.5817 -0.00129926 -0.936778 -0.000294562 3.27139 0.000587285
-2.56149 -0.00128909 -0.894121 -0.000281148 3.16353 0.00056792
-2.53711 -0.00127682 -0.849759 -0.000267199 2.9915 0.000537039
-2.51023 -0.0012633 -0.805521 -0.000253289 2.75912 0.00049532
-2.48212 -0.00124915 -0.763586 -0.000240103 2.47113 0.00044362
-2.45408 -0.00123504 -0.726338 -0.000228391 2.13518 0.000383311
-2.42741 -0.00122162 -0.696266 -0.000218935 1.76073 0.000316089
-2.40345 -0.00120956 -0.675893 -0.000212528 1.35709 0.000243627
-2.38357 -0.00119955 -0.667654 -0.000209938 0.932464 0.000167397
-2.36909 -0.00119227 -0.673776 -0.000211863 0.494425 8.87598e-05
-2.36112 -0.00118825 -0.696236 -0.000218925 0.0508542 9.12941e-06
-2.36049 -0.00118794 -0.736341 -0.000231536 -0.371139 -6.66274e-05
-2.36792 -0.00119167 -0.79439 -0.000249789 -0.789273 -0.000141691
-2.38313 -0.00119933 -0.873473 -0.000274656 -1.19303 -0.000214175
-2.40616 -0.00121092 -0.97232 -0.000305737 -1.57584 -0.000282897
-2.43602 -0.00122595 -1.09184 -0.000343318 -1.93254 -0.000346933
-2.47216 -0.00124414 -1.23038 -0.000386881 -2.26388 -0.000406415
-2.51351 -0.00126494 -1.38653 -0.000435981 -2.57079 -0.000461512
-2.55846 -0.00128757 -1.55825 -0.000489976 -2.85338 -0.000512243
-2.6049 -0.00131094 -1.74314 -0.000548116 -3.11117 -0.000558521
-2.65054 -0.00133391 -1.93826 -0.000609467 -3.34518 -0.000600531
-2.6931 -0.00135533 -2.14007 -0.000672926 -3.55894 -0.000638906
-2.73022 -0.00137401 -2.34475 -0.000737286 -3.75738 -0.000674529
-2.75945 -0.00138871 -2.54829 -0.000801287 -3.94523 -0.000708254
-2.77841 -0.00139826 -2.74652 -0.00086362 -4.12644 -0.000740784
-2.78477 -0.00140146 -2.93525 -0.000922964 -4.30463 -0.000772773
-2.77632 -0.00139721 -3.11034 -0.000978018 -4.48381 -0.000804939
-2.75111 -0.00138452 -3.2678 -0.00102753 -4.66815 -0.000838032
-2.70758 -0.00136261 -3.40391 -0.00107033 -4.86119 -0.000872687
-2.64468 -0.00133096 -3.5153 -0.00110535 -5.06513 -0.000909298
-2.56177 -0.00128923 -3.59905 -0.00113169 -5.28078 -0.000948012
-2.45831 -0.00123716 -3.65287 -0.00114861 -5.50786 -0.000988778
-2.33397 -0.00117459 -3.67507 -0.00115559 -5.74518 -0.00103138
-2.18903 -0.00110165 -3.66455 -0.00115228 -5.99043 -0.00107541
-2.02489 -0.00101904 -3.61962 -0.00113816 -6.09659 -0.00109447
-1.84525 -0.000928639 -3.52267 -0.00110767 -6.08864 -0.00109304
-1.64922 -0.000829984 -3.39369 -0.00106712 -6.10207 -0.00109545
-1.43774 -0.000723556 -3.24054 -0.00101896 -6.11107 -0.00109707
-1.21557 -0.000611748 -3.05727 -0.00096133 -6.09749 -0.00109463
-0.982724 -0.000494564 -2.85421 -0.000897481 -6.06647 -0.00108906
-0.74343 -0.000374138 -2.62694 -0.000826018 -6.04252 -0.00108476
-0.500065 -0.000251662 -2.38172 -0.00074891 -6.03662 -0.0010837
-0.255113 -0.000128388 -2.12423 -0.000667945 -6.04086 -0.00108446
-0.0111309 -5.6017e-06 -1.85895 -0.000584531 -6.03948 -0.00108422
0.226904 0.000114192 -1.5898 -0.000499898 -5.96093 -0.00107011
0.45886 0.000230925 -1.31318 -0.000412917 -5.80892 -0.00104282
0.682747 0.000343599 -1.03505 -0.000325463 -5.58409 -0.00100246
0.896283 0.000451062 -0.758657 -0.000238553 -5.28401 -0.000948593
1.09801 0.000552585 -0.492393 -0.000154829 -4.89074 -0.000877992
1.28684 0.000647613 -0.234205 -7.36438e-05 -4.39448 -0.000788902
1.46158 0.000735551 0.0104281 3.27903e-06 -3.80213 -0.000682563
1.62236 0.000816467 0.247261 7.7749e-05 -3.1232 -0.00056068
1.76954 0.000890534 0.474137 0.000149088 -2.36859 -0.000425212
1.90364 0.000958021 0.690172 0.000217019 -1.54041 -0.000276537
2.02591 0.00101956 0.894879 0.000281387 -0.641247 -0.000115117
2.13789 0.00107591 1.08924 0.000342502 0.190483 3.41958e-05
2.2426 0.00112861 1.25721 0.000395319 0.907956 0.000162997
2.33826 0.00117675 1.41484 0.000444884 1.64542 0.000295388
2.42313 0.00121946 1.5711 0.000494019 2.4186 0.00043419
2.50062 0.00125846 1.72279 0.000541715 3.18037 0.000570944
2.56901 0.00129287 1.87958 0.000591015 3.91555 0.000702924
2.63096 0.00132405 2.03476 0.000639813 4.64036 0.000833044
2.68654 0.00135203 2.19261 0.000689446 5.35936 0.00096212
2.73664 0.00137724 2.35469 0.00074041 6.06383 0.00108859
2.78425 0.0014012 2.50697 0.000788296 6.01946 0.00108062
2.8332 0.00142583 2.61988 0.000823798 6.07717 0.00109098
2.87202 0.00144537 2.77316 0.000871996 6.15832 0.00110555
2.91334 0.00146616 2.91919 0.000917914 6.22031 0.00111668
2.95271 0.00148598 3.08722 0.000970747 6.2116 0.00111511
2.99172 0.00150561 3.262 0.00102571 6.17372 0.00110831
3.0319 0.00152583 3.43223 0.00107923 6.16632 0.00110699
3.07184 0.00154593 3.60294 0.00113291 6.20284 0.00111354
3.11239 0.00156634 3.77214 0.00118612 6.2525 0.00112246
3.15306 0.00158681 3.94002 0.0012389 6.27515 0.00112652
3.19339 0.0016071 4.10177 0.00128976 6.26523 0.00112474
3.23274 0.0016269 4.25209 0.00133703 6.24969 0.00112195
3.27005 0.00164568 4.38841 0.0013799 6.25397 0.00112272
3.30433 0.00166293 4.50893 0.00141779 6.27738 0.00112692
3.32933 0.00167551 4.56141 0.00143429 6.31439 0.00113357
3.33933 0.00168054 4.64382 0.00146021 6.33078 0.00113651
3.34301 0.0016824 4.68324 0.0014726 6.32078 0.00113471
3.34235 0.00168206 4.70158 0.00147837 6.25343 0.00112262
3.34854 0.00168518 4.67607 0.00147035 6.24543 0.00112119
3.34702 0.00168442 4.63754 0.00145823 6.22555 0.00111762
3.33709 0.00167942 4.61034 0.00144968 6.16338 0.00110646
3.3226 0.00167213 4.57766 0.0014394 6.05104 0.00108629
3.30118 0.00166135 4.51418 0.00141944 5.88523 0.00105652
3.27483 0.00164809 4.40719 0.0013858 5.69471 0.00102232
3.24539 0.00163327 4.27717 0.00134492 5.49094 0.000985741
3.21402 0.00161748 4.14085 0.00130205 5.26276 0.000944778
3.18122 0.00160098 3.9947 0.0012561 4.98925 0.000895677
3.14805 0.00158428 3.82812 0.00120372 4.66426 0.000837334
3.1156 0.00156795 3.64178 0.00114513 4.30029 0.000771994
3.08421 0.00155215 3.44686 0.00108383 3.91 0.000701928
3.054 0.00153695 3.25129 0.00102234 3.49149 0.000626797
3.02555 0.00152263 3.0544 0.000960429 3.03312 0.000544509
2.99979 0.00150967 2.85389 0.000897379 2.52897 0.000454005
2.97748 0.00149844 2.65263 0.000834096 1.98529 0.000356402
2.95915 0.00148922 2.45668 0.000772482 1.41269 0.000253608
2.94508 0.00148214 2.26955 0.00071364 0.816232 0.000146531
2.93528 0.00147721 2.09107 0.000657517 0.193943 3.48168e-05
2.92878 0.00147393 1.9248 0.000605237 -0.181886 -3.26524e-05
2.92242 0.00147073 1.80001 0.000565997 -0.468563 -8.41171e-05
2.92119 0.00147012 1.68348 0.000529356 -0.762147 -0.000136822
2.9242 0.00147163 1.57528 0.000495334 -1.04328 -0.000187291
2.92868 0.00147388 1.47916 0.00046511 -1.28545 -0.000230765
2.9372 0.00147817 1.38965 0.000436962 -1.50596 -0.000270353
2.9473 0.00148325 1.31699 0.000414114 -1.74775 -0.000313759
2.95943 0.00148936 1.25489 0.000394588 -2.01206 -0.000361207
2.97296 0.00149617 1.20099 0.000377641 -2.275 -0.000408411
2.98752 0.0015035 1.15219 0.000362294 -2.50938 -0.000450487
3.00157 0.00151057 1.10836 0.000348515 -2.71206 -0.000486872
3.01291 0.00151627 1.07008 0.000336477 -2.89978 -0.000520572
3.01991 0.0015198 1.03605 0.000325778 -3.08489 -0.000553803
3.02167 0.00152068 1.00425 0.000315778 -3.26205 -0.000585608
3.01755 0.00151861 0.97293 0.000305929 -3.41532 -0.000613122
3.00688 0.00151324 0.941302 0.000295984 -3.53511 -0.000634628
2.98898 0.00150423 0.909027 0.000285835 -3.62514 -0.000650789
2.96333 0.00149132 0.875743 0.000275369 -3.69445 -0.000663232
2.92977 0.00147443 0.841103 0.000264477 -3.74622 -0.000672526
2.88851 0.00145367 0.804938 0.000253105 -3.77532 -0.00067775
2.83997 0.00142924 0.767422 0.000241309 -3.75734 -0.000674523
2.78448 0.00140131 0.731606 0.000230047 -3.66617 -0.000658155
2.72294 0.00137034 0.698546 0.000219651 -3.51092 -0.000630285
2.65664 0.00133698 0.66876 0.000210285 -3.30302 -0.000592962
2.58657 0.00130171 0.64316 0.000202236 -3.04326 -0.000546329
2.51403 0.00126521 0.622114 0.000195618 -2.72966 -0.000490031
2.44033 0.00122812 0.607008 0.000190868 -2.36657 -0.000424851
2.36695 0.00119119 0.599183 0.000188408 -1.96497 -0.000352755
2.29499 0.00115497 0.6 0.000188665 -1.53714 -0.000275949
2.22499 0.00111975 0.610577 0.00019199 -1.09118 -0.00019589
2.15753 0.0010858 0.631832 0.000198674 -0.631489 -0.000113366
2.09364 0.00105364 0.664475 0.000208938 -0.162782 -2.92228e-05
2.03473 0.001024 0.707014 0.000222314 0.113205 2.03227e-05
1.98324 0.000998081 0.744535 0.000234112 0.346429 6.21913e-05
1.93539 0.000974 0.801425 0.000252001 0.579085 0.000103958
1.89335 0.000952843 0.866158 0.000272356 0.823566 0.000147848
1.85617 0.000934136 0.947132 0.000297817 1.03641 0.000186057
1.82337 0.000917627 1.04179 0.000327583 1.22006 0.000219027
1.79501 0.000903354 1.14457 0.0003599 1.39425 0.000250298
1.76976 0.000890645 1.25485 0.000394577 1.57189 0.000282188
1.74686 0.000879125 1.3713 0.000431192 1.75065 0.000314278
1.72518 0.000868213 1.49365 0.000469665 1.91518 0.000343815
1.7037 0.0008574 1.61901 0.000509083 2.05778 0.000369415
1.68122 0.000846087 1.74391 0.000548357 2.18431 0.000392131
1.6565 0.00083365 1.86547 0.00058658 2.30611 0.000413996
1.62832 0.000819465 1.98146 0.000623051 2.42802 0.000435881
1.5954 0.000802898 2.0897 0.000657088 2.54558 0.000456985
1.55654 0.000783343 2.18767 0.000687894 2.65262 0.000476201
1.51074 0.000760295 2.27283 0.000714672 2.74873 0.000493456
1.4573 0.000733397 2.34296 0.000736723 2.83914 0.000509686
1.39575 0.000702425 2.39621 0.000753467 2.92858 0.000525743
1.32588 0.000667262 2.43106 0.000764425 3.01687 0.000541593
1.24769 0.000627912 2.44632 0.000769222 3.10025 0.000556562
1.1613 0.000584433 2.44125 0.000767629 3.17581 0.000570125
1.0668 0.000536877 2.41562 0.000759568 3.24364 0.000582303
0.96445 0.000485368 2.36952 0.000745076 3.30521 0.000593355
0.85474 0.000430155 2.30343 0.000724294 3.36028 0.000603242
0.7385 0.000371656 2.21822 0.000697498 3.40609 0.000611466
0.616989 0.000310505 2.11513 0.000665083 3.43901 0.000617375
0.491794 0.0002475 1.99571 0.000627534 3.45648 0.000620511
0.364619 0.000183498 1.86172 0.000585401 3.45564 0.000620362
0.237324 0.000119435 1.71452 0.000539117 3.41901 0.000613785
0.11179 5.62594e-05 1.55505 0.00048897 3.34361 0.000600249
-0.0104364 -5.2522e-06 1.38609 0.000435843 3.22436 0.000578842
-0.130008 -6.54276e-05 1.20964 0.000380361 3.057 0.000548796
-0.245319 -0.000123459 1.02904 0.000323571 2.83611 0.000509143
-0.356389 -0.000179356 0.846003 0.000266018 2.55994 0.000459564
-0.461893 -0.000232452 0.662658 0.000208367 2.22841 0.000400046
-0.560884 -0.000282269 0.480783 0.000151178 1.84229 0.000330731
-0.653302 -0.00032878 0.299949 9.43163e-05 1.40241 0.000251762
-0.739104 -0.00037196 0.132807 4.176e-05 0.910527 0.000163459
-0.81712 -0.000411223 -0.0378403 -1.18986e-05 0.3726 6.68897e-05
-0.889603 -0.0004477 -0.202188 -6.35762e-05 -0.130469 -2.3422e-05
-0.95783 -0.000482036 -0.341804 -0.000107477 -0.396687 -7.12138e-05
-1.02088 -0.000513769 -0.458548 -0.000144186 -0.729733 -0.000131003
-1.07546 -0.000541236 -0.579458 -0.000182205 -1.06861 -0.000191839
-1.12855 -0.000567951 -0.692185 -0.000217651 -1.399 -0.00025115
-1.17789 -0.000592782 -0.808501 -0.000254226 -1.70772 -0.000306572
-1.22623 -0.000617111 -0.915332 -0.000287818 -2.0285 -0.00036416
-1.27427 -0.000641289 -1.01597 -0.000319464 -2.3732 -0.00042604
-1.32357 -0.000666097 -1.11507 -0.000350625 -2.73034 -0.000490154
-1.37517 -0.000692065 -1.21659 -0.000382546 -3.0762 -0.000552243
-1.4298 -0.000719557 -1.32122 -0.000415445 -3.39715 -0.000609861
-1.48846 -0.000749082 -1.4275 -0.000448864 -3.69986 -0.000664203
-1.55201 -0.000781064 -1.53627 -0.000483065 -3.99594 -0.000717357
-1.62132 -0.000815942 -1.64976 -0.000518751 -4.28666 -0.000769546
-1.6974 -0.000854232 -1.76959 -0.000556433 -4.56089 -0.000818776
-1.78133 -0.000896471 -1.89577 -0.000596106 -4.80701 -0.000862961
-1.87395 -0.000943082 -2.02755 -0.000637544 -5.02322 -0.000901776
-1.9758 -0.000994337 -2.16461 -0.000680641 -5.21574 -0.000936337
-2.08721 -0.0010504 -2.30683 -0.000725361 -5.38962 -0.000967551
-2.20832 -0.00111136 -2.45366 -0.000771531 -5.54313 -0.000995109
-2.339 -0.00117712 -2.60399 -0.000818801 -5.67089 -0.00101805
-2.4786 -0.00124738 -2.75657 -0.000866777 -5.77045 -0.00103592
-2.62578 -0.00132145 -2.91025 -0.000915103 -5.84472 -0.00104925
-2.77891 -0.00139851 -3.06379 -0.000963381 -5.89866 -0.00105894
-2.9362 -0.00147767 -3.21563 -0.00101113 -5.93501 -0.00106546
-3.09578 -0.00155798 -3.36412 -0.00105782 -5.95348 -0.00106878
-3.25552 -0.00163837 -3.50761 -0.00110294 -5.94085 -0.00106651
-3.41298 -0.00171761 -3.6434 -0.00114563 -5.89518 -0.00105831
-3.56522 -0.00179423 -3.77043 -0.00118558 -5.82267 -0.00104529
-3.70252 -0.00186332 -3.88712 -0.00122227 -5.73164 -0.00102895
-3.71035 -0.00186727 -3.96996 -0.00124832 -5.63816 -0.00101217
-3.73057 -0.00187744 -4.01108 -0.00126125 -5.56206 -0.000998509
-3.75877 -0.00189163 -4.09911 -0.00128893 -5.42346 -0.000973627
-3.77114 -0.00189786 -4.13529 -0.00130031 -5.30444 -0.000952259
-3.77233 -0.00189846 -4.16216 -0.00130875 -5.18349 -0.000930547
-3.78155 -0.0019031 -4.18697 -0.00131655 -5.04998 -0.000906578
-3.79443 -0.00190958 -4.1952 -0.00131914 -4.92378 -0.000883924
-3.79773 -0.00191124 -4.19143 -0.00131796 -4.79363 -0.000860558
-3.79513 -0.00190993 -4.16946 -0.00131105 -4.66972 -0.000838315
-3.79403 -0.00190938 -4.13533 -0.00130032 -4.55138 -0.00081707
-3.78406 -0.00190436 -4.09013 -0.0012861 -4.43924 -0.000796937
-3.75793 -0.00189121 -4.02632 -0.00126604 -4.3372 -0.00077862
-3.71692 -0.00187057 -3.94824 -0.00124149 -4.24135 -0.000761413
-3.66344 -0.00184366 -3.8561 -0.00121252 -4.15097 -0.000745188
-3.59632 -0.00180988 -3.75116 -0.00117952 -4.06674 -0.000730066
-3.51681 -0.00176987 -3.63518 -0.00114305 -3.98616 -0.000715601
-3.42729 -0.00172482 -3.50978 -0.00110362 -3.90605 -0.000701219
-3.32837 -0.00167503 -3.37653 -0.00106172 -3.82266 -0.000686248
-3.22048 -0.00162074 -3.23702 -0.00101785 -3.73332 -0.000670211
-3.10554 -0.00156289 -3.09324 -0.000972643 -3.63559 -0.000652666
-2.98564 -0.00150255 -2.947 -0.000926657 -3.52685 -0.000633145
-2.86213 -0.00144039 -2.79974 -0.000880354 -3.40423 -0.000611131
-2.73611 -0.00137697 -2.65289 -0.000834179 -3.26495 -0.000586128
-2.60886 -0.00131293 -2.50793 -0.000788596 -3.10687 -0.000557749
-2.48152 -0.00124885 -2.36618 -0.000744022 -2.92866 -0.000525757
-2.35504 -0.00118519 -2.22863 -0.000700774 -2.7296 -0.000490021
-2.23036 -0.00112245 -2.09603 -0.000659078 -2.50932 -0.000450476
-2.10846 -0.0010611 -1.96889 -0.0006191 -2.26792 -0.00040714
-1.99027 -0.00100162 -1.84752 -0.000580935 -2.00621 -0.000360158
-1.87647 -0.000944349 -1.73204 -0.000544624 -1.72576 -0.00030981
-1.76739 -0.000889453 -1.62241 -0.000510152 -1.42871 -0.000256485
-1.66315 -0.000836995 -1.5184 -0.000477447 -1.11769 -0.00020065
-1.56368 -0.000786937 -1.41964 -0.000446391 -0.795665 -0.000142839
-1.4687 -0.000739137 -1.32567 -0.000416846 -0.465941 -8.36462e-05
-1.37776 -0.000693371 -1.236 -0.00038865 -0.132156 -2.37249e-05
-1.29028 -0.000649346 -1.15054 -0.000361778 0.076961 1.38161e-05
-1.20431 -0.000606079 -1.0829 -0.000340507 0.198684 3.5668e-05
-1.12216 -0.000564736 -1.01485 -0.000319109 0.329745 5.91962e-05
-1.04318 -0.000524991 -0.948798 -0.000298341 0.473321 8.49711e-05
-0.966075 -0.000486186 -0.882924 -0.000277628 0.599806 0.000107678
-0.891942 -0.000448878 -0.812271 -0.000255411 0.699305 0.00012554
-0.819391 -0.000412365 -0.742924 -0.000233606 0.790566 0.000141923
-0.748947 -0.000376914 -0.672901 -0.000211588 0.886652 0.000159173
-0.68013 -0.000342281 -0.602116 -0.00018933 0.988867 0.000177523
-0.612506 -0.000308249 -0.528897 -0.000166307 1.08383 0.00019457
-0.545347 -0.00027445 -0.453478 -0.000142592 1.161 0.000208424
-0.478045 -0.00024058 -0.377139 -0.000118588 1.22256 0.000219475
-0.410403 -0.000206539 -0.300638 -9.45328e-05 1.27798 0.000229425
-0.342151 -0.00017219 -0.224384 -7.05557e-05 1.33313 0.000239325
-0.272453 -0.000137115 -0.148808 -4.67914e-05 1.385 0.000248638
-0.200538 -0.000100922 -0.0767237 -2.41251e-05 1.42769 0.000256301
-0.126941 -6.38839e-05 -0.00511234 -1.60753e-06 1.45757 0.000261664
-0.0514573 -2.58963e-05 0.0620059 1.94972e-05 1.47937 0.000265579
0.020349 1.02408e-05 0.12532 3.94057e-05 1.49608 0.000268579
0.0880946 4.43344e-05 0.178175 5.60256e-05 1.51201 0.000271439
0.155276 7.81439e-05 0.228604 7.18825e-05 1.52548 0.000273857
0.223753 0.000112605 0.275727 8.66998e-05 1.5303 0.000274721
0.292083 0.000146993 0.317519 9.98411e-05 1.5269 0.000274111
0.361766 0.000182062 0.354675 0.000111524 1.51108 0.000271271
0.431485 0.000217149 0.386438 0.000121512 1.48954 0.000267405
0.499586 0.000251421 0.413779 0.000130109 1.46216 0.000262489
0.565807 0.000284747 0.437409 0.000137539 1.42732 0.000256235
0.629704 0.000316904 0.457684 0.000143915 1.38356 0.000248378
0.690304 0.000347401 0.474547 0.000149217 1.33245 0.000239203
0.747257 0.000376064 0.488229 0.000153519 1.27695 0.000229239
0.801383 0.000403303 0.499074 0.000156929 1.21898 0.000218832
0.85375 0.000429657 0.507145 0.000159467 1.15877 0.000208023
0.904459 0.000455177 0.512606 0.000161184 1.09585 0.000196728
0.952905 0.000479558 0.515919 0.000162226 1.03053 0.000185003
0.99944 0.000502977 0.517284 0.000162655 0.964451 0.000173139
1.04547 0.000526143 0.516651 0.000162456 0.899454 0.000161471
1.09178 0.000549446 0.514371 0.000161739 0.836239 0.000150123
1.1382 0.000572809 0.511045 0.000160693 0.774484 0.000139036
1.18499 0.000596356 0.507028 0.000159431 0.714156 0.000128206
1.2329 0.000620466 0.502616 0.000158043 0.655958 0.000117758
1.28261 0.000645486 0.498346 0.0001567 0.600706 0.00010784
1.33449 0.000671596 0.494857 0.000155603 0.548848 9.853e-05
1.38878 0.000698915 0.492789 0.000154953 0.500291 8.98128e-05
1.44597 0.000727696 0.49267 0.000154915 0.454872 8.16592e-05
1.50663 0.000758225 0.495081 0.000155674 0.412712 7.40906e-05
1.57101 0.000790623 0.500355 0.000157332 0.37411 6.71608e-05
1.6389 0.000824788 0.50977 0.000160293 0.339043 6.08654e-05
1.71027 0.000860707 0.523751 0.000164689 0.307903 5.52752e-05
1.78497 0.0008983 0.542902 0.00017071 0.28062 5.03773e-05
1.86279 0.000937465 0.56768 0.000178502 0.257439 4.62159e-05
1.94367 0.000978171 0.598633 0.000188235 0.239031 4.29112e-05
2.02793 0.00102057 0.636104 0.000200017 0.226208 4.06092e-05
2.11594 0.00106487 0.680142 0.000213865 0.219892 3.94753e-05
2.20779 0.00111109 0.730769 0.000229784 0.220941 3.96635e-05
2.30311 0.00115906 0.788087 0.000247807 0.230311 4.13457e-05
2.4012 0.00120843 0.852259 0.000267985 0.249061 4.47118e-05
2.50115 0.00125872 0.923371 0.000290346 0.27833 4.99661e-05
2.60217 0.00130957 1.00128 0.000314844 0.319337 5.73277e-05
42.6493 0.141533 1.0168 0.000319723 0.43295 7.77238e-05
8.93253 0.432754 0.140437 4.4159e-05 1.12516 0.000201991
8.93253 0.552094 0.722437 0.000227164 0.901533 0.000161844
-0.628046 0.544918 0.646916 0.000203417 0.971606 0.000174424
-3.86888 0.489528 0.770231 0.000242192 1.04509 0.000187616
2.40405 0.507114 0.937284 0.00029472 0.980312 0.000175987
8.93253 0.57229 1.02687 0.000322891 1.10234 0.000197894
8.93253 0.608579 1.18015 0.000371086 1.08854 0.000195417
1.76924 0.60531 1.31977 0.00041499 1.10846 0.000198993
8.93253 0.60945 1.45235 0.000456679 1.12695 0.000202312
8.93253 0.64087 1.62172 0.000509935 1.16962 0.000209972
8.93253 0.685062 1.70531 0.000536219 1.28567 0.000230805
8.93253 0.704888 1.87663 0.000590088 1.35757 0.000243713
8.93253 0.711951 2.02275 0.000636036 1.44357 0.000259151
8.93253 0.725626 2.1529 0.00067696 1.58126 0.00028387
8.93253 0.749826 2.27495 0.000715337 1.68951 0.000303304
8.93253 0.77177 2.38335 0.000749423 1.77235 0.000318174
8.93253 0.78142 2.49773 0.000785387 1.85804 0.000333557
8.93253 0.784011 2.60459 0.000818989 1.96057 0.000351965
8.93253 0.789732 2.6889 0.0008455 2.07576 0.000372643
8.93253 0.797831 2.7629 0.000868768 2.19534 0.00039411
8.93253 0.802277 2.82798 0.000889234 2.32293 0.000417015
7.15871 0.801415 2.88403 0.000906856 2.46212 0.000442003
5.28606 0.800472 2.91749 0.000917377 2.61415 0.000469296
3.96314 0.799807 2.94384 0.000925663 2.7744 0.000498064
1.6212 0.798628 2.95573 0.000929404 2.93903 0.000527618
-0.0596002 0.796363 2.95184 0.00092818 3.11041 0.000558385
-0.290118 0.790756 2.94541 0.000926157 3.27849 0.000588559
-0.686599 0.781113 2.93628 0.000923286 3.44295 0.000618083
-1.19312 0.768794 2.91729 0.000917315 3.60767 0.000647654
-1.7452 0.755368 2.89323 0.000909749 3.76786 0.000676411
-2.29225 0.742063 2.86462 0.000900755 3.9197 0.000703669
-2.8417 0.7287 2.83246 0.000890642 4.06108 0.00072905
-3.4252 0.714509 2.79881 0.000880061 4.18969 0.000752139
-4.03541 0.699668 2.76387 0.000869075 4.30492 0.000772826
-4.65496 0.6846 2.7299 0.000858394 4.40495 0.000790782
-5.26345 0.669801 2.69752 0.00084821 4.48752 0.000805605
-5.86145 0.655258 2.66629 0.000838391 4.55155 0.0008171
-6.45309 0.640868 2.63769 0.000829398 4.59514 0.000824926
-7.03619 0.626687 2.61116 0.000821056 4.61831 0.000829085
-7.60371 0.612885 2.58728 0.000813547 4.61641 0.000828743
-8.15097 0.599575 2.56396 0.000806215 4.56224 0.000819019
-8.6792 0.586728 2.53916 0.000798415 4.45676 0.000800084
-9.19215 0.574253 2.51289 0.000790156 4.3025 0.000772391
-9.6932 0.562067 2.48385 0.000781026 4.10195 0.000736388
-10.1852 0.550101 2.45186 0.000770964 3.855 0.000692054
-10.6735 0.538226 2.4158 0.000759628 3.56463 0.000639927
-11.1665 0.526235 2.37444 0.000746622 3.23708 0.000581126
-11.6734 0.513908 2.32671 0.000731614 2.87975 0.000516977
-12.2009 0.501078 2.27141 0.000714224 2.49871 0.000448572
-12.7545 0.487614 2.20776 0.000694212 2.09841 0.000376709
-13.3404 0.473364 2.13479 0.000671265 1.68329 0.000302187
-13.9665 0.458136 2.05155 0.00064509 1.25911 0.000226037
-14.6401 0.441754 1.95746 0.000615506 0.832377 0.000149429
-15.3659 0.424103 1.85184 0.000582295 0.408957 7.34165e-05
-16.1462 0.405126 1.73429 0.000545332 0.0324616 5.82755e-06
-16.9858 0.384706 1.61292 0.000507168 -0.177988 -3.19526e-05
-17.8946 0.362603 1.49361 0.000469651 -0.390704 -7.01397e-05
-18.861 0.339099 1.35203 0.000425133 -0.583644 -0.000104777
-19.8795 0.314328 1.20105 0.000377661 -0.758006 -0.000136078
-20.9501 0.288291 1.03603 0.000325771 -0.902457 -0.00016201
-22.0642 0.261195 0.861617 0.000270928 -1.04154 -0.000186979
-23.2199 0.233089 0.680525 0.000213985 -1.19072 -0.00021376
-24.405 0.204266 0.49142 0.000154523 -1.34514 -0.000241481
-25.6122 0.174907 0.29547 9.29077e-05 -1.4905 -0.000267576
-26.8272 0.145357 0.0946655 2.97667e-05 -1.61956 -0.000290746
-28.035 0.115982 -0.106515 -3.34928e-05 -1.73865 -0.000312124
-29.2676 0.0860052 -0.309952 -9.74616e-05 -1.86126 -0.000334136
-30.4345 0.0576241 -0.516182 -0.000162309 -1.99211 -0.000357626
-31.4972 0.0317782 -0.726235 -0.000228358 -2.12293 -0.000381112
-32.5135 0.0070628 -0.923419 -0.000290361 -2.24913 -0.000403767
-32.7865 0.000422845 -1.13379 -0.000356511 -2.3702 -0.0004255
-32.7953 0.000207139 -1.36915 -0.000430517 -2.47597 -0.000444489
-32.8022 4.02245e-05 -1.54742 -0.000486573 -2.62301 -0.000470886
-32.809 -0.000124913 -1.75401 -0.000551533 -2.74949 -0.000493592
-32.8137 -0.000239069 -1.92576 -0.000605539 -2.89282 -0.000519323
-32.8168 -0.000315152 -2.07332 -0.000651938 -3.0486 -0.000547288
-32.8197 -0.000386051 -2.21039 -0.000695036 -3.20644 -0.000575625
-32.8225 -0.000452589 -2.33219 -0.000733337 -3.37251 -0.000605438
-32.8245 -0.000501977 -2.4326 -0.00076491 -3.54686 -0.000636737
-32.826 -0.000538543 -2.51135 -0.000789673 -3.72952 -0.000669529
-32.8273 -0.000570417 -2.57485 -0.000809638 -3.91495 -0.000702816
-32.8284 -0.000595947 -2.62348 -0.000824929 -4.10179 -0.000736359
-32.829 -0.000612365 -2.65588 -0.000835117 -4.28947 -0.000770051
-32.8294 -0.000622427 -2.6734 -0.000840626 -4.4753 -0.000803412
-32.8297 -0.000628886 -2.67926 -0.000842468 -4.6564 -0.000835923
-32.8298 -0.000631561 -2.67498 -0.000841124 -4.83055 -0.000867187
-32.8278 -0.000630555 -2.66236 -0.000837155 -4.99482 -0.000896676
-32.822 -0.000627654 -2.64346 -0.000831213 -5.14593 -0.000923805
-32.8149 -0.000624074 -2.6202 -0.000823899 -5.28151 -0.000948143
-32.8073 -0.000620223 -2.59456 -0.000815836 -5.39981 -0.000969381
-32.8011 -0.000617115 -2.5683 -0.00080758 -5.49883 -0.000987158
-32.7988 -0.000615973 -2.54324 -0.000799699 -5.57625 -0.00100106
-32.802 -0.000617579 -2.5206 -0.000792579 -5.63021 -0.00101074
-32.8115 -0.000622346 -2.50121 -0.000786482 -5.65968 -0.00101603
-32.828 -0.000630681 -2.48622 -0.000781771 -5.65853 -0.00101583
-32.8303 -0.00064322 -2.47504 -0.000778253 -5.60209 -0.00100569
-32.831 -0.000660325 -2.46629 -0.000775501 -5.49075 -0.000985706
-32.8319 -0.000681894 -2.46078 -0.000773771 -5.32692 -0.000956295
-32.833 -0.000707935 -2.45778 -0.000772828 -5.11268 -0.000917834
-32.8342 -0.000738064 -2.45778 -0.000772828 -4.84833 -0.000870378
-32.8356 -0.000771802 -2.45996 -0.000773512 -4.53789 -0.000814648
-32.8371 -0.000808533 -2.46336 -0.000774581 -4.18856 -0.000751936
-32.8387 -0.00084754 -2.4672 -0.000775789 -3.80849 -0.000683704
-32.8404 -0.00088794 -2.47064 -0.000776871 -3.40459 -0.000611196
-32.842 -0.000928555 -2.47318 -0.000777669 -2.98261 -0.000535442
-32.8437 -0.000968501 -2.4738 -0.000777865 -2.54891 -0.000457583
-32.8453 -0.0010072 -2.47124 -0.000777059 -2.11143 -0.000379047
-32.8468 -0.00104407 -2.4646 -0.000774971 -1.67884 -0.000301387
-32.8482 -0.00107843 -2.45299 -0.00077132 -1.25893 -0.000226005
-32.8495 -0.00110956 -2.43582 -0.000765923 -0.858134 -0.000154053
-32.8506 -0.00113701 -2.41241 -0.000758561 -0.482068 -8.65414e-05
-32.8516 -0.00116043 -2.38221 -0.000749065 -0.13616 -2.44436e-05
-32.8523 -0.00117922 -2.34642 -0.000737809 0.0496386 8.91118e-06
-32.8529 -0.00119233 -2.31595 -0.00072823 0.156288 2.80571e-05
-32.8532 -0.00120098 -2.27335 -0.000714833 0.251609 4.51692e-05
-32.8534 -0.0012047 -2.22681 -0.0007002 0.347284 6.23448e-05
-32.8509 -0.00120353 -2.17192 -0.000682941 0.416624 7.47929e-05
-32.8381 -0.00119711 -2.10817 -0.000662895 0.451183 8.0997e-05
-32.815 -0.00118547 -2.04057 -0.00064164 0.465373 8.35443e-05
-32.7828 -0.00116931 -1.97032 -0.00061955 0.473062 8.49247e-05
-32.7424 -0.00114895 -1.89904 -0.000597135 0.466944 8.38264e-05
-32.6946 -0.00112491 -1.82789 -0.000574764 0.429682 7.71371e-05
-32.64 -0.00109743 -1.75854 -0.000552956 0.355273 6.37791e-05
-32.5792 -0.00106684 -1.6933 -0.000532442 0.2505 4.49702e-05
-32.5134 -0.0010337 -1.63376 -0.000513721 0.125727 2.25707e-05
-32.4435 -0.000998521 -1.58085 -0.000497085 -0.00586811 -1.05345e-06
-32.3706 -0.000961838 -1.53421 -0.000482417 -0.129098 -2.31758e-05
-32.295 -0.000923804 -1.49579 -0.000470338 -0.265692 -4.76973e-05
-32.2174 -0.000884748 -1.46769 -0.000461503 -0.410091 -7.36201e-05
-32.1396 -0.000845562 -1.44929 -0.000455716 -0.555286 -9.96856e-05
-32.0623 -0.000806693 -1.44135 -0.000453219 -0.696469 -0.000125031
-31.9866 -0.000768607 -1.44305 -0.000453754 -0.833991 -0.000149719
-31.9126 -0.00073135 -1.45445 -0.000457339 -0.968666 -0.000173896
-31.8405 -0.00069507 -1.47499 -0.000463797 -1.09979 -0.000197436
-31.7706 -0.000659872 -1.50376 -0.000472843 -1.22462 -0.000219845
-31.7022 -0.000625464 -1.53986 -0.000484195 -1.34088 -0.000240717
-31.6348 -0.000591561 -1.58196 -0.000497433 -1.44852 -0.000260039
-31.5675 -0.000557695 -1.62875 -0.000512146 -1.54904 -0.000278086
-31.4967 -0.000522051 -1.67869 -0.00052785 -1.64383 -0.000295103
-31.4232 -0.000485051 -1.72994 -0.000543964 -1.73314 -0.000311136
-31.3465 -0.000446456 -1.78086 -0.000559976 -1.81685 -0.000326163
-31.2651 -0.000405498 -1.82967 -0.000575322 -1.89535 -0.000340255
-31.1773 -0.0003613 -1.87459 -0.000589449 -1.97 -0.000353657
-31.0809 -0.000312792 -1.91401 -0.000601844 -2.04229 -0.000366634
-30.9736 -0.000258772 -1.94613 -0.000611942 -2.11307 -0.000379341
-30.8517 -0.000197424 -1.96965 -0.00061934 -2.18246 -0.000391797
-30.7107 -0.000126469 -1.98326 -0.000623617 -2.25031 -0.000403978
-30.5436 -4.23758e-05 -1.98578 -0.000624411 -2.31661 -0.00041588
-30.3385 6.08255e-05 -1.97645 -0.000621476 -2.38133 -0.000427499
-30.074 0.000193952 -1.95442 -0.000614549 -2.44401 -0.000438752
-29.699 0.000382659 -1.91941 -0.000603541 -2.50354 -0.000449439
-29.0501 0.000709233 -1.87128 -0.000588408 -2.55828 -0.000459265
-27.0354 0.00172316 -1.81064 -0.000569341 -2.6061 -0.000467851
-19.7864 0.00537125 -1.74303 -0.000548079 -2.64284 -0.000474445
-11.1067 0.00973938 -1.66169 -0.000522504 -2.66816 -0.000478991
-2.32523 0.0141588 -1.56686 -0.000492684 -2.68453 -0.000481931
0.0470684 0.0194758 -1.46467 -0.000460552 -2.68084 -0.000481269
0.159139 0.0293495 -1.3605 -0.000427798 -2.65282 -0.000476238
0.357214 0.0468003 -1.259 -0.000395882 -2.59209 -0.000465335
0.631548 0.0709699 -1.15631 -0.000363592 -2.50215 -0.00044919
0.929814 0.0972479 -1.04592 -0.00032888 -2.38729 -0.000428569
1.22019 0.12283 -0.928509 -0.000291961 -2.24643 -0.000403283
1.5077 0.148161 -0.804928 -0.000253102 -2.07808 -0.000373059
1.80992 0.174788 -0.677012 -0.00021288 -1.88044 -0.000337579
2.12861 0.202865 -0.544234 -0.000171129 -1.65511 -0.000297127
2.44937 0.231124 -0.406755 -0.000127901 -1.40336 -0.000251933
2.7622 0.258686 -0.268122 -8.43086e-05 -1.12726 -0.000202367
3.07136 0.285924 -0.12785 -4.02014e-05 -0.827676 -0.000148585
3.38676 0.313711 0.014116 4.43865e-06 -0.506228 -9.08787e-05
3.71106 0.342283 0.155814 4.89942e-05 -0.161406 -2.89757e-05
4.03848 0.371129 0.298511 9.3864e-05 0.117552 2.11031e-05
4.36612 0.399995 0.432024 0.000135846 0.258814 4.64626e-05
4.69924 0.429343 0.560808 0.000176341 0.425213 7.63347e-05
5.03741 0.459137 0.694715 0.000218447 0.611337 0.000109748
5.382 0.489497 0.824736 0.000259331 0.799985 0.000143614
5.72885 0.520055 0.961677 0.000302391 0.967106 0.000173616
6.07768 0.550788 1.09919 0.000345631 1.1284 0.000202572
6.43203 0.582007 1.23644 0.000388786 1.30126 0.000233603
6.7932 0.613827 1.37418 0.000432099 1.49112 0.000267687
7.16031 0.64617 1.51367 0.000475961 1.68679 0.000302814
7.5299 0.678732 1.657 0.000521027 1.87376 0.000336381
7.90028 0.711364 1.80365 0.000567142 2.04935 0.000367902
8.27243 0.744151 1.95293 0.00061408 2.22179 0.000398859
8.64801 0.77724 2.10456 0.00066176 2.39862 0.000430604
8.93253 0.810552 2.2589 0.00071029 2.57858 0.00046291
8.93253 0.839966 2.424 0.000762205 2.748 0.000493324
8.93253 0.872421 2.59221 0.000815097 2.90895 0.000522219
8.93253 0.907075 2.75241 0.000865471 3.06919 0.000550985
8.93253 0.939194 2.92329 0.000919203 3.22157 0.00057834
8.93253 0.968909 3.09925 0.000974533 3.36633 0.000604328
8.93253 0.999533 3.27293 0.00102914 3.50443 0.00062912
8.93253 1.03242 3.44587 0.00108352 3.63406 0.000652391
8.93253 1.06628 3.61771 0.00113756 3.75786 0.000674616
8.93253 1.09928 3.79082 0.00119199 3.87539 0.000695715
8.93253 1.13164 3.96215 0.00124586 3.98526 0.00071544
8.93253 1.16395 4.13281 0.00129952 4.08537 0.000733411
1.70101 1.17669 8.93253 0.285983 2.85565 0.000512649
-0.56129 1.15585 8.93253 0.509844 1.51769 0.000272458
6.9202 1.17488 8.93253 0.610884 2.32114 0.000416694
8.93253 1.18041 7.29653 0.638048 1.60148 0.0002875
8.93253 1.21562 -2.59728 0.585642 2.00964 0.000360773
8.93253 1.27736 -6.1015 0.518032 3.05242 0.000547974
8.93253 1.31833 1.70935 0.5399 3.28152 0.000589102
-2.79023 1.21046 8.11245 0.62736 3.0716 0.000551418
3.20372 1.24086 8.93253 0.724544 2.45057 0.00043993
7.42836 1.304 8.93253 0.754577 2.62759 0.000471709
3.13319 1.30507 -0.108446 0.7493 2.86107 0.000513623
4.6016 1.30581 0.180618 0.746431 3.01018 0.000540391
8.93253 1.32903 8.93253 0.759303 3.37352 0.000605619
8.93253 1.38075 8.93253 0.799707 3.42471 0.000614808
8.93253 1.41007 8.93253 0.852022 3.166 0.000568364
8.93253 1.41705 8.93253 0.892372 3.0027 0.000539049
8.93253 1.4278 8.93253 0.916979 3.17102 0.000569266
8.93253 1.45666 8.93253 0.932105 3.45483 0.000620215
8.93253 1.49569 8.93253 0.945254 3.82307 0.000686323
8.93253 1.52441 8.93253 0.966503 4.07175 0.000730965
8.93253 1.53645 8.93253 1.00006 4.10859 0.000737579
8.93253 1.54419 8.93253 1.03811 4.1043 0.000736808
8.93253 1.55957 8.93253 1.07133 4.17357 0.000749244
8.93253 1.58117 8.93253 1.0945 4.35593 0.000781982
8.93253 1.60094 8.93253 1.10922 4.60026 0.000825845
8.93253 1.61368 8.93253 1.12189 4.84244 0.000869321
8.93253 1.62215 8.93253 1.13874 5.04808 0.000906237
8.93253 1.63052 8.93253 1.16267 5.21471 0.000936152
8.93253 1.63802 8.93253 1.19048 5.37911 0.000965665
8.93253 1.6427 8.93253 1.21393 5.56855 0.000999674
8.93253 1.64554 8.93253 1.22877 5.79813 0.00104089
8.93253 1.64897 8.93253 1.23747 6.08481 0.00109235
8.93253 1.6532 8.93253 1.24577 6.37742 0.00114488
8.93253 1.65547 8.93253 1.2576 6.51572 0.00116971
7.64919 1.65482 8.93253 1.27268 6.51835 0.00117018
5.85348 1.65392 8.93253 1.28735 6.49421 0.00116585
4.71756 1.65335 8.93253 1.29912 6.48655 0.00116447
3.92785 1.65295 8.93253 1.30634 6.5194 0.00117037
2.47382 1.65222 8.93253 1.31067 6.57771 0.00118084
0.525538 1.65124 8.93253 1.31559 6.62153 0.00118871
-0.0199408 1.64998 8.93253 1.32313 6.63071 0.00119035
-0.0705635 1.64746 8.93253 1.33265 6.61959 0.00118836
-0.166522 1.64268 8.93253 1.34197 6.61659 0.00118782
-0.262425 1.63791 6.57487 1.34598 5.34105 0.000958832
0.0946623 1.63778 -0.0619725 1.34141 33.0495 0.125425
-0.0306756 1.6363 0.0860649 1.3359 27.7194 0.181225
-0.18109 1.62887 5.24892 1.34222 7.12096 0.245727
-0.309689 1.62252 7.58934 1.34508 7.12096 0.268204
-0.769951 1.59978 0.0191477 1.2358 7.12096 0.271576
-2.08231 1.53495 5.7374 1.30696 5.55973 0.275512
-2.72211 1.50335 8.93253 1.3727 6.08723 0.275606
0.873673 1.51946 -0.0442163 1.37604 7.12096 0.30499
2.09788 1.54012 -0.74975 1.34679 7.12096 0.34737
-0.0185465 1.53929 -1.28628 1.32455 7.12096 0.38363
-0.160394 1.53269 1.86173 1.33651 7.12096 0.405647
-0.253236 1.52838 7.81945 1.37372 7.12096 0.412412
-0.294815 1.52645 8.93253 1.4171 6.44869 0.412442
-0.393694 1.52185 8.93253 1.44641 7.12096 0.412805
-0.458345 1.51884 8.93253 1.45519 7.12096 0.419298
0.223502 1.52249 8.77172 1.45517 7.12096 0.437242
0.704872 1.52984 8.93253 1.46343 7.12096 0.457648
0.490945 1.53187 8.93253 1.48855 7.12096 0.47237
-0.074513 1.52818 8.93253 1.52363 7.12096 0.478306
-0.22661 1.52115 8.93253 1.55657 7.04517 0.478518
-0.283007 1.51854 8.93253 1.57973 7.12096 0.480318
0.158658 1.52111 8.93253 1.59385 7.12096 0.496828
0.271611 1.52331 8.93253 1.60443 7.12096 0.525975
-0.0666945 1.52011 8.93253 1.62373 7.12096 0.551846
-0.239657 1.51215 8.93253 1.65055 7.12096 0.56493
-0.420878 1.50382 8.93253 1.67368 7.12096 0.57377
-0.579667 1.49652 8.93253 1.68614 7.12096 0.589983
-0.736879 1.48929 8.93253 1.69093 7.12096 0.616816
-0.937929 1.48005 8.93253 1.69578 7.12096 0.6465
-1.22723 1.46675 8.93253 1.70455 7.12096 0.67025
-1.58432 1.45033 8.93253 1.71389 7.12096 0.68881
-1.95756 1.43317 8.93253 1.71878 7.12096 0.709375
-2.32366 1.41634 7.27837 1.71848 7.12096 0.736193
-2.71581 1.39831 4.62471 1.71764 7.12096 0.765471
-3.15609 1.37807 3.97125 1.71744 7.12096 0.791432
-3.62346 1.35658 3.53052 1.7173 7.12096 0.812395
-4.0952 1.33489 0.692615 1.7164 7.12096 0.832242
-4.57064 1.31304 -0.0325557 1.71451 7.12096 0.854269
-5.04941 1.29102 -0.102541 1.7109 7.12096 0.877423
-5.5229 1.26926 -0.198015 1.70598 7.12096 0.89732
-5.98972 1.24779 -0.313479 1.70003 7.12096 0.911803
-6.45302 1.22649 -0.434322 1.6938 7.12096 0.922884
-6.91448 1.20528 -0.538014 1.68845 7.12096 0.932703
-7.36496 1.18457 -0.629945 1.68371 7.12096 0.940698
-7.79898 1.16461 -0.725815 1.67877 7.12096 0.945113
-8.21823 1.14534 -0.830155 1.67339 6.58018 0.945519
-8.6242 1.12667 -0.93993 1.66773 4.54673 0.945154
-9.01445 1.10873 -1.05952 1.66157 1.75495 0.944653
-9.39481 1.09124 -1.19788 1.65444 -0.0183871 0.943684
-9.77065 1.07396 -1.36255 1.64595 -0.193842 0.937448
-10.1547 1.05631 -1.53387 1.63712 -0.614683 0.92249
-10.5449 1.03837 -1.71457 1.6278 -1.06138 0.906613
-10.9381 1.02029 -1.91075 1.61769 -1.51911 0.890344
-11.3364 1.00198 -2.14383 1.60568 -1.96728 0.874414
-11.735 0.983655 -2.44424 1.59019 -2.41978 0.858331
-12.1402 0.965023 -2.80381 1.57165 -2.91948 0.84057
-12.5583 0.945801 -3.15175 1.55372 -3.439 0.822104
-12.9572 0.92746 -3.53649 1.53389 -3.94555 0.8041
-13.341 0.909816 -4.01134 1.50941 -4.37861 0.788708
-13.7525 0.890898 -4.54077 1.48212 -4.77577 0.774591
-14.182 0.871153 -5.09898 1.45334 -5.2095 0.759175
-14.6086 0.85154 -5.68759 1.423 -5.72197 0.740961
-15.0284 0.83224 -6.3276 1.39001 -6.28316 0.721014
-15.4414 0.813251 -7.0245 1.35408 -6.83004 0.701576
-15.8429 0.794793 -7.76903 1.3157 -7.32864 0.683854
-16.2261 0.777176 -8.54488 1.27571 -7.80782 0.666823
-16.5927 0.760319 -9.33911 1.23477 -8.33212 0.648187
-16.9421 0.744258 -10.1502 1.19296 -8.93494 0.626761
-17.2655 0.729389 -10.9775 1.15031 -9.5932 0.603365
-17.5533 0.716155 -11.8148 1.10715 -10.2592 0.579691
-17.8016 0.704742 -12.6523 1.06398 -10.9141 0.556416
-18.0083 0.695237 -13.4803 1.0213 -11.5871 0.532493
-18.169 0.68785 -14.2922 0.979446 -12.3242 0.506294
-18.2801 0.682739 -15.0829 0.938684 -13.1425 0.477212
-18.3422 0.679888 -15.8483 0.899231 -14.0162 0.446157
-18.3127 0.679216 -16.5807 0.861477 -14.9094 0.414408
-17.4601 0.679645 -17.2731 0.825784 -15.812 0.38233
-16.0131 0.680374 -17.92 0.792437 -16.7447 0.349177
-13.9018 0.681436 -18.5208 0.761468 -17.7315 0.314105
-11.1176 0.682837 -19.0722 0.733045 -18.7737 0.277059
-8.00729 0.684403 -19.5774 0.707001 -19.8425 0.239073
-4.69966 0.686067 -20.0412 0.683095 -20.904 0.201343
-1.32742 0.687764 -20.4666 0.661165 -21.9458 0.164313
0.0103252 0.68955 -20.8585 0.640964 -22.975 0.127734
0.032314 0.691931 -21.2234 0.622152 -23.999 0.0913355
0.0583676 0.694751 -21.5677 0.604402 -25.0079 0.0554773
0.0804461 0.697141 -21.8995 0.587303 -25.8248 0.0264413
0.0890189 0.69807 -22.2273 0.570405 -26.463 0.00375765
-0.0474712 0.697012 -22.5513 0.553699 -26.551 0.000628467
-0.188511 0.694002 -22.8881 0.536341 -26.5557 0.000462961
-0.433567 0.688772 -23.2245 0.518999 -26.559 0.00034701
-0.687939 0.683343 -23.5899 0.500161 -26.5625 0.000222057
-1.1237 0.674043 -23.9674 0.480704 -26.5651 0.00013026
-1.83745 0.658811 -24.3381 0.461593 -26.5662 8.84027e-05
-2.65647 0.641331 -24.7265 0.441573 -26.5667 7.2004e-05
-3.56045 0.622039 -25.145 0.42 -26.5673 5.05308e-05
-4.57281 0.600433 -25.5881 0.39716 -26.5679 2.76246e-05
-5.69324 0.576521 -26.0413 0.373797 -26.4632 4.60211e-05
-6.89606 0.550851 -26.4802 0.351171 -26.1169 0.000108184
-8.15165 0.524055 -26.9036 0.329348 -25.5981 0.000201325
-9.44239 0.496508 -27.3137 0.308208 -24.8781 0.000330566
-3.4644 0.487429 -27.6323 0.291785 -20.3241 0.00114812
-0.492674 0.48312 0.0156101 0.302953 -14.5341 0.00218754
-3.39817 0.439105 -1.29052 0.290871 -4.88555 0.00391966
-6.05535 0.398852 -4.72318 0.258746 0.00644376 0.00564807
-6.65605 0.389752 -9.17689 0.217066 0.068303 0.0138209
-7.54797 0.37624 -10.6366 0.202362 0.175378 0.0279676
-9.4688 0.347142 -10.3252 0.20246 0.277376 0.0414436
-10.8687 0.325934 -12.1401 0.189335 0.381182 0.0551584
-11.3158 0.319161 -13.3973 0.17757 0.452974 0.0646436
-11.9036 0.310258 -14.2838 0.169273 0.4983 0.0706319
-12.8195 0.296383 -15.0496 0.162106 0.541987 0.0764039
-13.4782 0.286404 -15.7259 0.155778 0.559789 0.0787559
-13.6288 0.284123 -16.3377 0.150052 0.0156721 0.0788699
-13.7842 0.281768 -12.525 0.150954 -0.778704 0.0764275
-13.975 0.278878 -7.80775 0.152437 -2.10433 0.0722744
-13.743 0.278524 -2.10952 0.154229 -3.45328 0.0680482
-12.3773 0.279212 0.0140412 0.157351 -4.95952 0.0633292
-11.6542 0.279576 0.0434594 0.162502 -6.72234 0.0578064
-10.6572 0.280077 0.071217 0.167362 -8.63802 0.0518046
-9.56208 0.280628 0.12168 0.176198 -10.7715 0.0451206
-8.99735 0.280913 0.202374 0.190328 -12.9197 0.0383903
-9.05409 0.280884 0.29299 0.206195 -14.9938 0.0318923
-9.33977 0.28074 0.367712 0.219279 -16.8863 0.0259632
-10.1037 0.280356 0.417503 0.227997 -18.4568 0.0210429
-11.7288 0.279538 0.453602 0.234319 -19.6428 0.0173271
-14.0158 0.27826 0.485079 0.23983 -20.4652 0.0147507
-14.4192 0.272148 0.508058 0.243854 -20.9402 0.0132626
-15.1955 0.260389 0.422305 0.2453 -20.9289 0.012883
-16.169 0.245642 -0.255774 0.243215 -19.0819 0.0132146
-17.2364 0.229471 -0.835136 0.238792 -15.6042 0.0138389
-18.482 0.210602 -1.75271 0.231788 -10.6919 0.0147208
-19.9528 0.188321 -3.10651 0.221454 -4.35627 0.0158582
-21.4817 0.16516 -4.64963 0.209674 0.00738246 0.0176033
-23.0344 0.141639 -6.07089 0.198825 0.053917 0.0236741
-24.6544 0.117097 -7.87337 0.185066 0.150447 0.036267
-26.289 0.0923352 -10.3794 0.165936 0.272773 0.0522252
-27.8652 0.0684573 -13.0742 0.145365 0.42151 0.071629
-29.3638 0.0457562 -15.8659 0.124054 0.56736 0.0906561
-30.8126 0.0238077 -18.6538 0.102773 0.677046 0.104965
-32.0959 0.00436689 -21.5872 0.080381 0.748933 0.114343
-32.3377 0.000704312 -24.1095 0.0611269 0.813099 0.122714
-32.3525 0.000480564 -26.4949 0.0429179 0.882225 0.131732
-32.3638 0.00030906 -28.3726 0.0285846 0.934877 0.138601
-32.3708 0.00020223 -30.308 0.0138107 0.956889 0.141473
-32.3735 0.000162128 -31.9868 0.000995645 -0.163644 0.140406
-32.3767 0.000113176 -32.0513 0.000502705 -1.35693 0.133877
-32.3672 0.000108108 -32.0662 0.000388878 -2.91088 0.125376
-32.3053 0.000139257 -32.0669 0.000383514 -4.71136 0.115525
-32.1954 0.00019459 -32.0758 0.000315903 -6.99351 0.10304
-32.0049 0.000290433 -32.0827 0.000263016 -9.61375 0.0887043
-31.6453 0.000471418 -31.9909 0.000291903 -12.4316 0.0732879
-31.0209 0.000785635 -31.7945 0.000353642 -15.5213 0.0563844
-29.378 0.00161247 -31.7277 0.000374638 -18.9369 0.0376977
-23.5327 0.00455415 -31.652 0.000398448 -22.4758 0.0183365
-16.3511 0.00816836 -31.359 0.000490578 -25.6448 0.000998657
-9.39491 0.0116691 -31.0548 0.000586235 -25.767 0.000330521
-2.72245 0.0150271 -30.7539 0.000680848 -25.8025 0.000136201
0.0125501 0.0187001 -30.5157 0.000755752 -25.8275 -5.24916e-07
0.0407268 0.0238703 -30.5602 0.000741771 -25.8526 -0.000137986
0.0774096 0.0306014 -30.7597 0.000679034 -25.8728 -0.000248497
0.118453 0.0381327 -30.9483 0.000619724 -25.8853 -0.000317101
0.153438 0.0445523 -31.1643 0.000551806 -25.8937 -0.00036305
0.174179 0.048358 -31.5453 0.000432001 -25.902 -0.000408118
0.0497227 0.049039 -31.9772 0.000296187 -25.9088 -0.000445386
-0.560342 0.047912 -32.0945 0.000173156 -25.911 -0.000457586
-1.57414 0.0459184 -32.1048 9.48782e-05 -25.8219 -0.000441593
-3.0304 0.0430547 -32.1126 3.53251e-05 -25.627 -0.000406595
-5.0686 0.0390466 -32.1225 -4.02264e-05 -25.3602 -0.000358711
-7.39852 0.0344648 -32.1317 -0.000110976 -24.9672 -0.000288154
-9.66915 0.0299996 -32.1382 -0.000160506 -24.4259 -0.000190972
-11.8117 0.0257863 -32.1433 -0.000199495 -23.7782 -7.46957e-05
-13.7301 0.0220138 -32.1485 -0.000239233 -23.0215 6.11372e-05
-15.1549 0.019212 -32.1525 -0.000269589 -22.0414 0.000237086
-16.086 0.017381 -32.1548 -0.000287258 -20.5458 0.000505587
-16.4331 0.0166983 -32.1581 -0.00031217 -17.5752 0.00103886
-15.4079 0.0172143 -32.1577 -0.000318456 -11.8493 0.00206679
-12.9711 0.0184406 -32.107 -0.000302502 -5.99088 0.0031185
-9.19216 0.0203424 -32.0039 -0.000270088 -1.21919 0.00397512
-4.0679 0.0229212 -31.8871 -0.000233358 0.00472966 0.00481927
0.007619 0.0263592 -31.8246 -0.000213713 0.00980533 0.0054903
0.0734051 0.0383674 -31.6802 -0.000168301 0.0142589 0.00607907
0.205673 0.0625109 -31.3919 -7.76663e-05 -0.0334653 0.00620652
0.362834 0.0911983 -30.9965 4.66618e-05 -0.736381 0.00591659
0.519244 0.119749 -30.6317 0.000161363 -1.89513 0.00543865
0.678892 0.14889 -30.1839 0.000302171 -3.40847 0.00481446
0.85869 0.181709 -28.8134 0.000733129 -4.8694 0.00421188
1.04773 0.216216 -17.4455 0.00430765 -6.64508 0.00347949
1.22297 0.248204 0.00287672 0.0103437 -8.71422 0.00262605
1.38765 0.278263 0.0549455 0.0203068 -10.1386 0.00203857
1.53363 0.304909 0.18608 0.0453988 -11.6456 0.00141696
1.65995 0.327968 0.356816 0.0780684 -12.461 0.00108063
1.77072 0.348188 0.538747 0.11288 -12.6999 0.00098211
1.8641 0.365231 0.707111 0.145096 -12.2167 0.00106744
1.94224 0.379495 0.83982 0.170489 -9.64731 0.0015287
1.99796 0.389665 0.962858 0.194032 -4.47492 0.00245725
2.02911 0.395352 1.08363 0.217141 0.00771156 0.00428111
2.0385 0.397066 1.21007 0.241336 0.0433445 0.0089966
0.841303 0.396463 1.3289 0.264073 0.156066 0.0239137
-0.0386113 0.395564 1.39887 0.27746 0.355717 0.0503346
-0.353201 0.391686 1.44924 0.2871 0.593734 0.0818326
-1.10068 0.382473 1.49174 0.295231 0.854373 0.116324
-2.09529 0.370213 1.52274 0.301163 1.11001 0.150154
-3.19735 0.356628 1.54943 0.30627 1.32689 0.178855
-4.39708 0.34184 1.56372 0.309004 1.54508 0.207729
-5.71545 0.325589 1.56702 0.309635 1.80253 0.241799
-7.00273 0.309722 1.20237 0.30952 2.09304 0.280244
-8.2584 0.294244 0.373906 0.30926 2.38307 0.318626
-9.52638 0.278614 8.5513e-05 0.309119 2.64434 0.3532
-10.7461 0.26358 0.00422096 0.309772 2.87211 0.383343
-11.8513 0.249956 0.0283315 0.313578 3.08239 0.411171
-12.8861 0.237201 0.064381 0.319268 3.28949 0.438577
-13.8097 0.225816 0.0968599 0.324394 3.49749 0.466102
-14.5901 0.216197 0.128547 0.329395 3.68663 0.491133
-15.1805 0.208919 0.159982 0.334357 3.84045 0.511489
-15.5866 0.203913 0.217973 0.34351 3.95883 0.527154
-15.8894 0.200181 0.306349 0.357459 4.04243 0.538218
-16.0004 0.198813 0.407998 0.373503 4.10502 0.5465
-15.1174 0.199258 0.51589 0.390533 4.14764 0.552141
-13.5392 0.200052 0.617694 0.406601 4.16606 0.554578
-11.2083 0.201225 0.715213 0.421993 3.17527 0.554514
-8.00381 0.202838 0.830243 0.440149 0.21966 0.553984
-4.17269 0.204766 0.960744 0.460747 -0.13931 0.551029
-0.0506726 0.20684 1.09145 0.481378 -0.50184 0.543444
0.0208277 0.210243 1.20957 0.500021 -1.02383 0.532522
0.0663491 0.217625 1.31412 0.516523 -1.63334 0.519769
0.138482 0.229323 1.41038 0.531716 -2.1949 0.508019
0.21713 0.242078 1.49662 0.545329 -2.66133 0.498259
0.283875 0.252902 1.56886 0.556731 -3.11607 0.488744
0.338591 0.261775 1.62323 0.565313 -3.60998 0.47841
0.385043 0.269309 1.66069 0.571226 -4.09804 0.468198
0.419038 0.274822 1.68323 0.574784 -4.49729 0.459844
0.434227 0.277285 1.59229 0.575732 -4.77981 0.453933
-0.0202321 0.276986 -0.0133663 0.574997 -4.99005 0.449534
-0.37541 0.273868 -0.154827 0.572524 -5.18275 0.445502
-1.004 0.268351 -0.500775 0.566474 -5.32349 0.442557
-1.76374 0.261682 -1.14124 0.555274 -5.29475 0.441629
-2.59567 0.25438 -2.0765 0.538919 -3.98157 0.441865
-3.52276 0.246242 -3.13172 0.520466 -2.13663 0.442196
-4.57312 0.237023 -3.9942 0.505384 -0.80587 0.442435
-5.75419 0.226656 -4.81976 0.490948 0.00142156 0.44268
-6.94321 0.216219 -6.02564 0.46986 0.00544915 0.442965
-8.07615 0.206275 -7.39332 0.445944 0.0132007 0.443512
-9.19081 0.196491 -8.7527 0.422172 0.0189538 0.443919
-10.1999 0.187634 -10.0988 0.398632 -0.00662761 0.443854
-11.0535 0.180141 -11.3633 0.37652 -0.062049 0.442923
-11.6963 0.174498 -12.6002 0.354891 -0.222526 0.440226
-12.1 0.170955 -13.8564 0.332924 -0.568751 0.434407
-12.2437 0.169694 -15.1367 0.310535 -1.10801 0.425345
-11.2009 0.170219 -16.4406 0.287734 -1.82607 0.413278
-9.11582 0.171268 -17.5834 0.267748 -2.56585 0.400846
-6.03173 0.17282 -18.4698 0.252248 -3.4702 0.385648
-1.43083 0.175136 -19.2011 0.239461 -4.57836 0.367025
0.0192204 0.179039 -19.8951 0.227325 -5.86179 0.345457
0.0942173 0.191462 -20.6044 0.214921 -7.24646 0.322187
0.239653 0.215553 -21.274 0.203211 -8.69666 0.297816
0.418644 0.245201 -21.8057 0.193914 -10.2465 0.271771
0.598132 0.274932 -22.1722 0.187505 -11.9264 0.24354
0.7931 0.307227 -22.4625 0.182428 -13.7109 0.213551
1.02407 0.345485 -22.6872 0.178498 -15.5294 0.182992
1.26216 0.384925 -22.8174 0.176221 -17.3331 0.152679
1.46921 0.419221 -22.862 0.175442 -19.1264 0.122542
1.71304 0.459609 -22.8959 0.174848 -20.8965 0.092796
1.96702 0.501679 -22.4221 0.174754 -22.6044 0.0640935
2.21499 0.542754 -20.5338 0.175347 -24.2528 0.0363924
2.47163 0.585263 -18.5529 0.17597 -25.7765 0.0107867
2.74353 0.630303 -16.8635 0.176501 -26.3882 0.000506316
3.02257 0.676523 -16.5665 0.176595 -26.4016 0.000281882
3.294 0.721485 -13.9162 0.177428 -26.4086 0.000164415
3.56847 0.766948 -11.4101 0.178216 -26.4151 5.49545e-05
3.84551 0.812837 -7.71407 0.179378 -26.4215 -5.37162e-05
4.12097 0.858466 -3.29555 0.180768 -26.4251 -0.000113947
4.38799 0.902696 0.00397038 0.182487 -26.426 -0.000128541
4.64695 0.945591 0.0228484 0.185736 -26.4262 -0.000131604
4.89692 0.986997 0.0646353 0.192927 -26.4254 -0.000135419
5.13466 1.02638 0.143207 0.206448 -26.3365 -0.000119474
5.35891 1.06352 0.255508 0.225774 -26.0543 -6.88053e-05
5.57379 1.09912 0.387123 0.248424 -25.5991 1.29073e-05
5.78233 1.13366 0.528459 0.272746 -24.9856 0.000123046
5.98302 1.1669 0.683383 0.299407 -24.0861 0.000284529
6.17289 1.19835 0.862462 0.330224 -22.4347 0.000580989
6.35276 1.22815 1.06965 0.365879 -17.5206 0.00146318
6.52584 1.25682 1.29792 0.405162 -6.42679 0.00345475
6.69426 1.28471 1.5343 0.445841 0.0143091 0.00649939
6.85688 1.31165 1.7931 0.490377 0.104876 0.0184674
7.01543 1.33791 2.06679 0.537476 0.33328 0.0486502
7.17304 1.36402 2.35045 0.58629 0.585658 0.082001
7.32745 1.3896 2.64328 0.636684 0.851125 0.117081
7.4735 1.41379 2.93519 0.686919 1.10787 0.15101
7.6032 1.43527 3.23872 0.739152 1.35253 0.18334
7.71963 1.45456 3.56818 0.795849 1.61534 0.218069
7.8272 1.47238 3.91343 0.855263 1.91857 0.258141
7.9219 1.48806 4.27235 0.917029 2.25171 0.302163
7.9974 1.50057 4.63649 0.979692 2.59224 0.347163
8.055 1.51011 4.9948 1.04135 2.92039 0.390527
8.09728 1.51712 5.34592 1.10178 3.25617 0.434899
8.12249 1.52129 5.6955 1.16194 3.62792 0.484025
7.94417 1.52199 6.04856 1.2227 4.04383 0.538985
6.74108 1.52138 6.4043 1.28391 4.48771 0.597642
4.79389 1.5204 6.75394 1.34408 4.93824 0.657179
2.11902 1.51906 7.0643 1.39749 5.38611 0.716363
-0.00285254 1.51786 7.37125 1.45032 5.86746 0.779971
-0.114958 1.51272 7.72562 1.5113 6.36971 0.846342
-0.40073 1.49963 8.05774 1.56845 6.89332 0.915534
-0.762385 1.48306 8.34182 1.61734 7.12096 0.986413
-1.0986 1.46765 8.59182 1.66036 7.12096 1.06126
-1.42781 1.45257 8.83652 1.70247 7.12096 1.14064
-1.85977 1.43277 8.93253 1.74693 7.12096 1.22248
-2.35609 1.41003 8.93253 1.79269 7.12096 1.30181
-2.76864 1.39113 8.93253 1.83365 7.12096 1.37646
-3.08841 1.37648 8.93253 1.86826 7.12096 1.44814
-3.42159 1.36121 8.93253 1.90124 7.12096 1.52105
-3.74024 1.34661 8.93253 1.93654 7.12096 1.59531
-4.01059 1.33422 8.93253 1.97407 7.12096 1.66683
-4.23192 1.32408 8.93253 2.01078 7.12096 1.73161
-4.39566 1.31658 8.93253 2.04475 7.12096 1.78897
-4.48423 1.31252 8.93253 2.07767 7.12096 1.84226
-4.34049 1.31192 8.93253 2.11205 7.12096 1.89424
-3.36665 1.31241 8.93253 2.14857 7.12096 1.94316
-1.42392 1.31339 8.93253 2.18607 7.12096 1.98598
0.0265168 1.31512 8.93253 2.22361 7.12096 2.02169
0.254482 1.32383 8.93253 2.26587 7.12096 2.04896
0.645295 1.33876 8.93253 2.31007 7.12096 2.07109
1.0774 1.35528 8.93253 2.34894 7.12096 2.0917
1.53325 1.3727 8.93253 2.38449 7.12096 2.10797
2.08696 1.39386 8.93253 2.41756 7.12096 2.11937
2.7621 1.41966 8.93253 2.45126 7.12096 2.12632
3.26011 1.43869 8.93253 2.48683 7.08748 2.12787
2.6623 1.44101 8.93253 2.51544 6.52607 2.12777
3.45111 1.44599 8.93253 2.53872 4.37997 2.12738
3.81734 1.45999 8.93253 2.55875 1.08238 2.12679
4.29171 1.47811 8.93253 2.57634 -0.0186475 2.12511
4.69692 1.4936 8.93253 2.59465 -0.148051 2.11478
5.05003 1.50709 8.93253 2.61283 -0.346434 2.09895
5.51765 1.52497 8.93253 2.62921 -0.575247 2.08068
6.11984 1.54798 8.93253 2.64366 -0.815251 2.06153
6.77145 1.57288 8.93253 2.65481 -1.03885 2.04368
7.42734 1.59795 8.93253 2.66316 -1.26424 2.02569
8.14457 1.62536 8.93253 2.67019 -1.51994 2.00528
8.93253 1.65702 8.93253 2.6762 -1.80259 1.98272
8.93253 1.6941 8.93253 2.68044 -2.08676 1.96004
8.93253 1.73043 8.69157 2.6814 -2.35102 1.93895
8.93253 1.76614 5.91109 2.68053 -2.59655 1.91935
8.93253 1.79879 2.4045 2.67943 -2.84199 1.89976
8.93253 1.82877 -0.00523964 2.67825 -3.09893 1.87925
8.93253 1.8584 -0.0505261 2.67461 -3.3592 1.85848
8.93253 1.88834 -0.17248 2.66482 -3.59918 1.83932
8.93253 1.91749 -0.355314 2.65014 -3.81024 1.82248
8.93253 1.94544 -0.5459 2.63484 -4.00923 1.80659
8.93253 1.97295 -0.712133 2.6215 -4.2141 1.79024
8.93253 1.99954 -0.859079 2.6097 -4.4344 1.77266
8.93253 2.02511 -1.00338 2.59812 -4.65816 1.7548
8.93253 2.05123 -1.13885 2.58724 -4.87395 1.73758
8.93253 2.07956 -1.29341 2.57483 -5.07115 1.72184
8.93253 2.10773 -1.43135 2.56376 -5.26247 1.70657
8.93253 2.13446 -1.52454 2.55628 -5.46975 1.69002
8.93253 2.16145 -1.58298 2.55159 -5.6922 1.67227
8.93253 2.18984 -1.62131 2.54851 -5.91679 1.65434
8.93253 2.21903 -1.64588 2.54654 -6.129 1.6374
8.93253 2.2481 -1.6621 2.54523 -6.32929 1.62142
8.93253 2.27749 -1.19827 2.54517 -6.52837 1.60553
8.93253 2.30753 0.0281064 2.54597 -6.7263 1.58973
8.93253 2.33778 0.309513 2.55025 -6.92096 1.57419
8.93253 2.36716 0.822277 2.55806 -7.11157 1.55898
8.93253 2.39647 1.42378 2.56721 -7.28274 1.54531
8.93253 2.42562 2.10682 2.5776 -7.43827 1.5329
8.93253 2.45431 2.85846 2.58904 -7.57567 1.52193
8.93253 2.48186 3.73501 2.60238 -7.69238 1.51262
8.93253 2.50786 4.76237 2.61802 -7.78857 1.50494
8.93253 2.53272 5.84712 2.63452 -7.85766 1.49943
8.93253 2.55655 6.93701 2.65111 -7.89485 1.49646
8.93253 2.5794 8.11146 2.66898 -7.33455 1.49632
8.93253 2.59984 8.93253 2.68857 -5.28182 1.49669
8.93253 2.61731 8.93253 2.71097 -2.18218 1.49724
8.93253 2.63252 8.93253 2.73473 0.00861383 1.4984
8.93253 2.64594 8.93253 2.75864 0.0988351 1.50638
8.93253 2.65743 8.93253 2.78103 0.312898 1.52533
8.93253 2.66704 8.93253 2.8003 0.580438 1.54901
8.93253 2.67403 8.93253 2.81801 0.840825 1.57205
8.93253 2.67811 8.93253 2.8372 1.10741 1.59565
8.93253 2.68092 8.93253 2.85656 1.36167 1.61815
8.93253 2.6827 8.93253 2.87465 1.6418 1.64294
8.74821 2.68285 8.93253 2.89192 1.97022 1.67201
8.01921 2.68248 8.93253 2.90938 2.34147 1.70487
6.77664 2.68185 8.93253 2.92804 2.72612 1.73891
5.05135 2.68098 8.93253 2.94772 3.10017 1.77202
3.01876 2.67996 8.93253 2.96762 3.4677 1.80454
0.801114 2.67885 8.93253 2.98786 3.84863 1.83826
-0.0124489 2.67744 8.93253 3.00905 4.25551 1.87427
-0.0475701 2.67462 8.93253 3.03202 4.67618 1.9115
-0.111353 2.66948 8.93253 3.05692 5.08579 1.94775
-0.193422 2.66288 8.93253 3.08296 5.47444 1.98215
-0.276339 2.65621 8.93253 3.11089 5.84458 2.01491
