-0.0495223 -2.49225e-05 -0.118001 -3.71043e-05 -0.0364119 -6.53671e-06
-0.050017 -2.51715e-05 -0.11791 -3.70757e-05 -0.0364415 -6.54202e-06
-0.0511776 -2.57556e-05 -0.117684 -3.70045e-05 -0.0365597 -6.56325e-06
-0.0535101 -2.69294e-05 -0.117366 -3.69047e-05 -0.0366985 -6.58815e-06
-0.0560806 -2.8223e-05 -0.117073 -3.68125e-05 -0.0367855 -6.60378e-06
-0.0592566 -2.98214e-05 -0.116796 -3.67255e-05 -0.0367812 -6.60301e-06
-0.0629866 -3.16985e-05 -0.116611 -3.66672e-05 -0.0366442 -6.57841e-06
-0.0672158 -3.38269e-05 -0.116604 -3.6665e-05 -0.0363161 -6.51952e-06
-0.0719046 -3.61866e-05 -0.11684 -3.67392e-05 -0.0357466 -6.41728e-06
-0.0770323 -3.87671e-05 -0.117371 -3.69063e-05 -0.0348972 -6.2648e-06
-0.0826279 -4.15832e-05 -0.118244 -3.71809e-05 -0.0337553 -6.05979e-06
-0.0887922 -4.46854e-05 -0.119496 -3.75743e-05 -0.032336 -5.805e-06
-0.0956181 -4.81206e-05 -0.121156 -3.80963e-05 -0.0306684 -5.50564e-06
-0.103143 -5.19074e-05 -0.123267 -3.87602e-05 -0.0287807 -5.16674e-06
-0.111379 -5.60527e-05 -0.125864 -3.95769e-05 -0.0267092 -4.79487e-06
-0.120302 -6.05431e-05 -0.128954 -4.05485e-05 -0.0245403 -4.4055e-06
-0.129897 -6.53715e-05 -0.132581 -4.16887e-05 -0.0223533 -4.01289e-06
-0.1401 -7.05064e-05 -0.136784 -4.30107e-05 -0.0203217 -3.64818e-06
-0.150831 -7.5907e-05 -0.141582 -4.45191e-05 -0.0184974 -3.32067e-06
-0.162039 -8.15473e-05 -0.146971 -4.62136e-05 -0.0169866 -3.04945e-06
-0.17367 -8.74009e-05 -0.152958 -4.80963e-05 -0.0158967 -2.8538e-06
-0.18576 -9.34854e-05 -0.159526 -5.01614e-05 -0.0153883 -2.76253e-06
-0.198438 -9.98657e-05 -0.166617 -5.23911e-05 -0.0156414 -2.80796e-06
-0.211777 -0.000106579 -0.174198 -5.4775e-05 -0.0168192 -3.01941e-06
-0.225893 -0.000113682 -0.182233 -5.73015e-05 -0.0191048 -3.42971e-06
-0.241049 -0.00012131 -0.190639 -5.99446e-05 -0.0226418 -4.06468e-06
-0.257402 -0.00012954 -0.199381 -6.26935e-05 -0.0277143 -4.9753e-06
-0.275088 -0.00013844 -0.208499 -6.55607e-05 -0.0344276 -6.18048e-06
-0.294392 -0.000148155 -0.217968 -6.85382e-05 -0.0427891 -7.68156e-06
-0.315646 -0.000158851 -0.227715 -7.1603e-05 -0.0528394 -9.4858e-06
-0.339032 -0.000170621 -0.23781 -7.47774e-05 -0.0645736 -1.15923e-05
-0.364488 -0.000183432 -0.248428 -7.81159e-05 -0.0779503 -1.39937e-05
-0.391762 -0.000197158 -0.259769 -8.16819e-05 -0.0927985 -1.66593e-05
-0.420704 -0.000211723 -0.271985 -8.55233e-05 -0.108937 -1.95565e-05
-0.451474 -0.000227208 -0.285177 -8.96713e-05 -0.126259 -2.26661e-05
-0.484334 -0.000243745 -0.299478 -9.41681e-05 -0.144701 -2.59769e-05
-0.519399 -0.000261392 -0.315081 -9.90744e-05 -0.164164 -2.94709e-05
-0.556651 -0.000280139 -0.332162 -0.000104445 -0.184511 -3.31236e-05
-0.596008 -0.000299946 -0.350867 -0.000110327 -0.205617 -3.69127e-05
-0.63749 -0.000320822 -0.371325 -0.00011676 -0.227424 -4.08275e-05
-0.681305 -0.000342873 -0.393631 -0.000123774 -0.249963 -4.48737e-05
-0.727639 -0.00036619 -0.417886 -0.0001314 -0.273302 -4.90636e-05
-0.776294 -0.000390677 -0.444238 -0.000139687 -0.297486 -5.34051e-05
-0.826606 -0.000415996 -0.472874 -0.000148691 -0.322549 -5.79044e-05
-0.877737 -0.000441729 -0.50395 -0.000158463 -0.348584 -6.25782e-05
-0.929187 -0.000467621 -0.537497 -0.000169011 -0.375829 -6.74694e-05
-0.980488 -0.000493439 -0.573508 -0.000180334 -0.40464 -7.26415e-05
-1.03087 -0.000518797 -0.612009 -0.000192441 -0.43537 -7.81582e-05
-1.07955 -0.000543291 -0.652894 -0.000205297 -0.468446 -8.4096e-05
-1.12569 -0.000566514 -0.695933 -0.00021883 -0.504395 -9.05496e-05
-1.1783 -0.000592988 -0.752401 -0.000236586 -0.554262 -9.95019e-05
-1.22342 -0.000615695 -0.811245 -0.000255089 -0.610785 -0.000109649
-1.25928 -0.000633743 -0.871535 -0.000274046 -0.675301 -0.000121231
-1.28452 -0.000646448 -0.932058 -0.000293077 -0.749166 -0.000134491
-1.29802 -0.000653242 -0.991409 -0.00031174 -0.833695 -0.000149666
-1.29813 -0.000653297 -1.04823 -0.000329606 -0.929894 -0.000166936
-1.28423 -0.000646298 -1.10079 -0.000346135 -1.0385 -0.000186434
-1.257 -0.000632594 -1.14715 -0.000360711 -1.16 -0.000208245
-1.2169 -0.000612414 -1.18568 -0.000372826 -1.29414 -0.000232325
-1.16393 -0.000585758 -1.21495 -0.00038203 -1.43986 -0.000258486
-1.09829 -0.000552722 -1.23367 -0.000387918 -1.59532 -0.000286393
-1.02124 -0.000513949 -1.24072 -0.000390133 -1.75797 -0.000315593
-0.93436 -0.000470225 -1.23539 -0.000388456 -1.92445 -0.00034548
-0.83913 -0.000422299 -1.21734 -0.000382782 -2.09049 -0.000375287
-0.73774 -0.000371274 -1.18641 -0.000373057 -2.25118 -0.000404136
-0.632905 -0.000318515 -1.14284 -0.000359356 -2.40115 -0.000431058
-0.527138 -0.000265287 -1.08742 -0.000341929 -2.53447 -0.000454991
-0.423562 -0.000213161 -1.02106 -0.000321063 -2.64501 -0.000474835
-0.325031 -0.000163575 -0.945102 -0.000297179 -2.7266 -0.000489483
-0.233813 -0.000117668 -0.86136 -0.000270847 -2.77324 -0.000497856
-0.152723 -7.6859e-05 -0.771627 -0.000242631 -2.77949 -0.000498977
-0.0842564 -4.24028e-05 -0.677921 -0.000213166 -2.74062 -0.000492
-0.0298166 -1.50055e-05 -0.582558 -0.00018318 -2.65278 -0.00047623
0.0100235 5.0444e-06 -0.487843 -0.000153398 -2.51332 -0.000451194
0.0354918 1.78616e-05 -0.395933 -0.000124498 -2.32105 -0.000416678
0.0466598 2.3482e-05 -0.308731 -9.70776e-05 -2.07653 -0.000372782
0.0436572 2.19708e-05 -0.230702 -7.25421e-05 -1.78211 -0.000319927
0.0278282 1.40048e-05 -0.159927 -5.02875e-05 -1.44176 -0.000258826
0.000716303 3.60485e-07 -0.0964807 -3.03375e-05 -1.06122 -0.000190512
-0.0362523 -1.82443e-05 -0.0405562 -1.27525e-05 -0.647986 -0.000116327
-0.0809397 -4.07336e-05 0.0078389 2.46487e-06 -0.210858 -3.78535e-05
-0.12992 -6.53832e-05 0.0485507 1.52663e-05 0.222866 4.00093e-05
-0.180526 -9.08514e-05 0.0827758 2.60281e-05 0.649472 0.000116594
-0.231121 -0.000116314 0.111975 3.52095e-05 1.06679 0.000191512
-0.279698 -0.00014076 0.137246 4.31558e-05 1.46776 0.000263494
-0.322858 -0.000162481 0.159125 5.00353e-05 1.83936 0.000330204
-0.357291 -0.00017981 0.178166 5.60227e-05 2.1722 0.000389956
-0.380949 -0.000191716 0.197089 6.19729e-05 2.45756 0.000441184
-0.39214 -0.000197348 0.216872 6.81934e-05 2.68876 0.00048269
-0.389369 -0.000195953 0.238232 7.491e-05 2.86025 0.000513476
-0.376735 -0.000189595 0.257018 8.0817e-05 2.95142 0.000529842
-0.348504 -0.000175388 0.2831 8.90181e-05 3.00586 0.000539616
-0.30686 -0.00015443 0.311443 9.79305e-05 2.99433 0.000537546
-0.251822 -0.000126732 0.339752 0.000106832 2.91901 0.000524024
-0.184602 -9.29027e-05 0.368847 0.000115981 2.78358 0.000499711
-0.107312 -5.40055e-05 0.397881 0.00012511 2.59337 0.000465565
-0.0225021 -1.13244e-05 0.425424 0.000133771 2.35558 0.000422876
0.0668602 3.3648e-05 0.449975 0.000141491 2.07886 0.000373199
0.159148 8.00924e-05 0.470352 0.000147898 1.77234 0.000318173
0.25145 0.000126544 0.484962 0.000152492 1.44592 0.000259573
0.341472 0.000171849 0.492444 0.000154845 1.10956 0.000199189
0.426747 0.000214764 0.49156 0.000154567 0.773243 0.000138814
0.505306 0.0002543 0.481315 0.000151345 0.446338 8.01271e-05
0.575871 0.000289812 0.461033 0.000144968 0.137268 2.46425e-05
0.637497 0.000320826 0.430391 0.000135333 -0.157232 -2.82265e-05
0.689903 0.0003472 0.389398 0.000122443 -0.426099 -7.64939e-05
0.733431 0.000369106 0.338841 0.000106545 -0.658777 -0.000118264
0.768951 0.000386981 0.280074 8.80668e-05 -0.850283 -0.000152644
0.797708 0.000401453 0.214673 6.7502e-05 -0.999952 -0.000179513
0.82098 0.000413165 0.14478 4.55247e-05 -1.10904 -0.000199096
0.840322 0.000422899 0.0730243 2.29618e-05 -1.1802 -0.000211871
0.857549 0.000431569 0.00237129 7.4563e-07 -1.21668 -0.000218419
0.874163 0.00043993 -0.0640557 -2.01417e-05 -1.22265 -0.000219491
0.89159 0.0004487 -0.123636 -3.88762e-05 -1.20386 -0.000216119
0.911913 0.000458928 -0.175359 -5.51402e-05 -1.16595 -0.000209313
0.937336 0.000471722 -0.214567 -6.74685e-05 -1.11375 -0.000199942
0.96928 0.000487799 -0.237154 -7.4571e-05 -1.05178 -0.000188816
1.00793 0.000507248 -0.240704 -7.56871e-05 -0.984286 -0.0001767
1.05263 0.000529748 -0.223362 -7.02342e-05 -0.914355 -0.000164146
1.10244 0.000554812 -0.18422 -5.79264e-05 -0.843937 -0.000151505
1.15554 0.000581537 -0.12315 -3.87233e-05 -0.77326 -0.000138817
1.21009 0.00060899 -0.0448342 -1.40977e-05 -0.701738 -0.000125977
1.26546 0.000636854 0.0495 1.55648e-05 -0.62634 -0.000112441
1.32099 0.000664797 0.159023 5.00034e-05 -0.543315 -9.75366e-05
1.37612 0.000692547 0.28059 8.8229e-05 -0.44802 -8.04292e-05
1.43026 0.000719789 0.410641 0.000129122 -0.33498 -6.0136e-05
1.4819 0.000745779 0.545632 0.000171569 -0.1992 -3.57607e-05
1.52876 0.000769361 0.68188 0.000214411 -0.0364185 -6.5379e-06
1.56809 0.000789156 0.815728 0.000256498 0.146816 2.63567e-05
1.59755 0.00080398 0.944071 0.000296855 0.361171 6.48379e-05
1.61544 0.000812985 1.06408 0.000334591 0.60844 0.000109228
1.62015 0.000815353 1.17312 0.000368878 0.889081 0.000159609
1.60974 0.000810114 1.26925 0.000399105 1.20029 0.000215478
1.58375 0.000797035 1.35089 0.000424774 1.53872 0.000276233
1.54346 0.000776759 1.41676 0.000445487 1.89974 0.000341044
1.49113 0.000750423 1.46617 0.000461025 2.27674 0.000408724
1.43007 0.000719694 1.49879 0.000471282 2.66161 0.000477816
1.36307 0.000685975 1.51515 0.000476426 3.04499 0.000546641
1.29192 0.000650168 1.51657 0.000476871 3.41659 0.00061335
1.21833 0.000613137 1.50473 0.000473147 3.76557 0.000676001
1.14394 0.000575699 1.48172 0.000465913 4.08082 0.000732594
1.06994 0.000538455 1.44994 0.000455922 4.35158 0.000781202
0.997217 0.000501858 1.41173 0.000443907 4.56809 0.000820069
0.926965 0.000466503 1.36746 0.000429987 4.62127 0.000829616
0.861238 0.000433425 1.30936 0.000411715 4.63897 0.000832794
0.797678 0.000401438 1.26266 0.000397032 4.65605 0.000835861
0.740287 0.000372556 1.21679 0.000382609 4.58429 0.000822978
0.687747 0.000346115 1.17185 0.000368476 4.42656 0.000794663
0.640441 0.000322308 1.12267 0.000353013 4.22316 0.000758147
0.597397 0.000300645 1.07245 0.000337221 3.96703 0.000712165
0.556621 0.000280124 1.02175 0.00032128 3.63473 0.000652512
0.515278 0.000259318 0.967511 0.000304225 3.23623 0.000580972
0.470618 0.000236842 0.906866 0.000285156 2.8019 0.000503
0.420354 0.000211547 0.83891 0.000263788 2.34763 0.000421449
0.362571 0.000182467 0.762223 0.000239674 1.86978 0.000335665
0.295613 0.00014877 0.674221 0.000212003 1.37346 0.000246566
0.218519 0.000109971 0.572655 0.000180066 0.878254 0.000157665
0.130113 6.54807e-05 0.456278 0.000143473 0.401512 7.20799e-05
0.0291893 1.46898e-05 0.323997 0.000101878 -0.0536402 -9.62955e-06
-0.0831611 -4.18515e-05 0.176833 5.56035e-05 -0.493226 -8.85446e-05
-0.205973 -0.000103657 0.0136097 4.27944e-06 -0.90477 -0.000162425
-0.338815 -0.000170512 -0.164903 -5.18522e-05 -1.27739 -0.000229319
-0.480969 -0.000242052 -0.365437 -0.000114908 -1.60648 -0.000288398
-0.630424 -0.000317266 -0.580311 -0.000182473 -1.89919 -0.000340944
-0.783433 -0.000394269 -0.802886 -0.00025246 -2.16189 -0.000388106
-0.937034 -0.000471571 -1.02842 -0.000323377 -2.39413 -0.000429798
-1.08814 -0.000547617 -1.25324 -0.000394071 -2.59758 -0.00046632
-1.23309 -0.000620563 -1.47348 -0.000463322 -2.78025 -0.000499114
-1.36809 -0.000688505 -1.68388 -0.00052948 -2.95138 -0.000529836
-1.48975 -0.00074973 -1.87947 -0.000590983 -3.11626 -0.000559435
-1.57577 -0.000793021 -2.02258 -0.000635982 -3.246 -0.000582726
-1.6507 -0.000830729 -2.15183 -0.000676622 -3.3762 -0.000606099
-1.71388 -0.000862523 -2.26528 -0.000712298 -3.50955 -0.000630039
-1.76502 -0.000888261 -2.36118 -0.000742451 -3.64811 -0.000654914
-1.80406 -0.000907909 -2.43831 -0.000766703 -3.79244 -0.000680824
-1.83102 -0.000921476 -2.49606 -0.000784862 -3.94178 -0.000707633
-1.8463 -0.000929166 -2.53412 -0.000796831 -4.09471 -0.000735088
-1.85098 -0.000931524 -2.55234 -0.00080256 -4.24966 -0.000762905
-1.84619 -0.000929111 -2.55105 -0.000802153 -4.40455 -0.000790711
-1.8326 -0.00092227 -2.53124 -0.000795926 -4.55626 -0.000817946
-1.81099 -0.000911394 -2.49429 -0.000784307 -4.70069 -0.000843874
-1.7824 -0.000897008 -2.44179 -0.000767798 -4.83319 -0.000867661
-1.74812 -0.000879755 -2.37558 -0.000746981 -4.91445 -0.000882249
-1.71043 -0.000860787 -2.2921 -0.00072073 -4.89912 -0.000879496
-1.67065 -0.000840771 -2.19767 -0.000691039 -4.89571 -0.000878883
-1.6297 -0.000820159 -2.10091 -0.000660611 -4.90241 -0.000880086
-1.59131 -0.000800841 -1.99825 -0.000628332 -4.90791 -0.000881074
-1.5562 -0.000783172 -1.89787 -0.000596769 -4.86304 -0.00087302
-1.52734 -0.000768647 -1.79481 -0.00056436 -4.77709 -0.00085759
-1.5055 -0.000757657 -1.69216 -0.000532085 -4.65318 -0.000835346
-1.49156 -0.000750638 -1.59155 -0.000500447 -4.49441 -0.000806842
-1.48616 -0.000747924 -1.49603 -0.000470412 -4.28962 -0.000770078
-1.48971 -0.000749712 -1.40738 -0.000442538 -4.0304 -0.000723542
-1.5023 -0.000756047 -1.32586 -0.000416904 -3.71976 -0.000667775
-1.52369 -0.000766812 -1.25175 -0.000393601 -3.36795 -0.000604619
-1.55358 -0.000781854 -1.18561 -0.000372804 -2.9836 -0.000535619
-1.59154 -0.000800959 -1.12797 -0.000354679 -2.56904 -0.000461198
-1.63711 -0.000823891 -1.07864 -0.000339168 -2.12475 -0.000381438
-1.68951 -0.000850259 -1.03691 -0.000326047 -1.65542 -0.000297183
-1.74724 -0.000879313 -1.00202 -0.000315077 -1.17105 -0.000210229
-1.80844 -0.000910114 -0.973236 -0.000306025 -0.68292 -0.000122599
-1.87122 -0.000941707 -0.949666 -0.000298614 -0.199586 -3.58299e-05
-1.93354 -0.000973068 -0.931042 -0.000292758 0.212903 3.82207e-05
-1.99313 -0.00100306 -0.919095 -0.000289001 0.608183 0.000109182
-2.04898 -0.00103117 -0.907173 -0.000285252 0.979705 0.000175878
-2.09873 -0.0010562 -0.89676 -0.000281978 1.32422 0.000237725
-2.14177 -0.00107787 -0.884489 -0.00027812 1.62865 0.000292377
-2.1776 -0.00109589 -0.870606 -0.000273754 1.89152 0.000339567
-2.20567 -0.00111002 -0.854587 -0.000268717 2.11268 0.00037927
-2.22531 -0.0011199 -0.835805 -0.000262811 2.29037 0.000411171
-2.23616 -0.00112537 -0.81358 -0.000255823 2.41998 0.000434438
-2.23841 -0.0011265 -0.787698 -0.000247684 2.49703 0.00044827
-2.23257 -0.00112356 -0.758675 -0.000238558 2.5208 0.000452538
-2.21956 -0.00111702 -0.727303 -0.000228694 2.4897 0.000446955
-2.20079 -0.00110757 -0.694659 -0.000218429 2.40731 0.000432164
-2.17807 -0.00109613 -0.661453 -0.000207988 2.27616 0.000408619
-2.1529 -0.00108346 -0.629079 -0.000197808 2.09885 0.000376789
-2.12644 -0.00107015 -0.599197 -0.000188412 1.87878 0.000337282
-2.09988 -0.00105678 -0.57362 -0.00018037 1.62183 0.000291152
-2.07445 -0.00104398 -0.554229 -0.000174272 1.33541 0.000239735
-2.05137 -0.00103237 -0.542935 -0.000170721 1.02679 0.000184331
-2.03192 -0.00102258 -0.541575 -0.000170293 0.702148 0.00012605
-2.01732 -0.00101523 -0.551818 -0.000173514 0.367118 6.59055e-05
-2.00859 -0.00101084 -0.575138 -0.000180847 0.0276668 4.96679e-06
-2.00654 -0.00100981 -0.612471 -0.000192586 -0.309254 -5.55176e-05
-2.01183 -0.00101247 -0.663883 -0.000208752 -0.644776 -0.000115751
-2.02428 -0.00101874 -0.731915 -0.000230144 -0.968949 -0.000173947
-2.04398 -0.00102865 -0.81542 -0.000256402 -1.27622 -0.000229109
-2.07007 -0.00104178 -0.915149 -0.00028776 -1.56236 -0.000280477
-2.10209 -0.0010579 -1.0297 -0.000323781 -1.8282 -0.0003282
-2.13912 -0.00107653 -1.15793 -0.0003641 -2.07466 -0.000372446
-2.17974 -0.00109697 -1.2982 -0.000408208 -2.30184 -0.000413228
-2.22209 -0.00111829 -1.44864 -0.000455513 -2.50916 -0.000450448
-2.26417 -0.00113946 -1.60692 -0.000505282 -2.69734 -0.000484229
-2.30394 -0.00115948 -1.77026 -0.000556641 -2.86921 -0.000515085
-2.33928 -0.00117726 -1.93563 -0.000608643 -3.02885 -0.000543743
-2.36801 -0.00119172 -2.09991 -0.000660296 -3.18009 -0.000570894
-2.38798 -0.00120177 -2.25982 -0.000710579 -3.32601 -0.00059709
-2.39709 -0.00120636 -2.41208 -0.000758456 -3.46945 -0.00062284
-2.39335 -0.00120448 -2.55344 -0.000802906 -3.61357 -0.000648712
-2.37498 -0.00119523 -2.68078 -0.000842947 -3.76175 -0.000675314
-2.34055 -0.0011779 -2.79117 -0.000877659 -3.91687 -0.000703161
-2.28907 -0.001152 -2.88196 -0.000906207 -4.08067 -0.000732567
-2.21992 -0.00111719 -2.95085 -0.000927867 -4.25377 -0.000763642
-2.13258 -0.00107324 -2.996 -0.000942065 -4.4359 -0.000796338
-2.02674 -0.00101997 -3.01607 -0.000948377 -4.6261 -0.000830484
-1.90261 -0.000957504 -3.01014 -0.000946513 -4.82257 -0.000865754
-1.7614 -0.000886438 -2.97685 -0.000936045 -4.90433 -0.000880431
-1.60636 -0.000808415 -2.90069 -0.000912095 -4.89662 -0.000879047
-1.43664 -0.000723 -2.79863 -0.000880002 -4.90832 -0.000881148
-1.25311 -0.00063064 -2.67769 -0.000841976 -4.91604 -0.000882533
-1.06 -0.000533457 -2.53276 -0.000796402 -4.90328 -0.000880243
-0.857298 -0.000431443 -2.37219 -0.000745915 -4.87479 -0.000875128
-0.648773 -0.000326501 -2.1917 -0.000689161 -4.85274 -0.00087117
-0.436574 -0.000219709 -1.99636 -0.000627738 -4.84714 -0.000870165
-0.222928 -0.000112191 -1.79087 -0.000563122 -4.85081 -0.000870823
-0.0100833 -5.0745e-06 -1.57878 -0.000496433 -4.8495 -0.000870589
0.194973 9.81217e-05 -1.36315 -0.00042863 -4.78424 -0.000858873
0.394648 0.00019861 -1.1404 -0.000358587 -4.65991 -0.000836553
0.587146 0.000295486 -0.915279 -0.000287801 -4.47856 -0.000803996
0.770343 0.000387682 -0.690421 -0.000217097 -4.23821 -0.000760849
0.942953 0.000474549 -0.480425 -0.000151065 -3.92303 -0.000704267
1.10403 0.000555615 -0.275133 -8.65132e-05 -3.52413 -0.000632656
1.25252 0.00063034 -0.0792291 -2.49129e-05 -3.04762 -0.000547113
1.38853 0.000698787 0.112364 3.53317e-05 -2.50203 -0.000449167
1.51237 0.000761114 0.297837 9.3652e-05 -1.89656 -0.000340472
1.62452 0.000817556 0.476223 0.000149744 -1.23244 -0.000221249
1.72609 0.000868672 0.646876 0.000203404 -0.511065 -9.17471e-05
1.81845 0.000915153 0.810471 0.000254845 0.149249 2.67934e-05
1.90432 0.000958366 0.953413 0.000299792 0.694953 0.000124759
1.98228 0.000997597 1.08792 0.000342086 1.26026 0.000226244
2.05096 0.00103216 1.22187 0.000384207 1.85454 0.00033293
2.11346 0.00106362 1.35266 0.000425331 2.43717 0.000437524
2.16836 0.00109124 1.48789 0.000467855 2.99605 0.000537855
2.21811 0.00111628 1.62122 0.000509777 3.54694 0.000636752
2.26285 0.0011388 1.75578 0.000552089 4.09584 0.00073529
2.30346 0.00115924 1.89282 0.000595182 4.63575 0.000832216
2.34256 0.00117891 2.02105 0.000635501 4.58494 0.000823094
2.38362 0.00119958 2.11307 0.000664436 4.63032 0.000831241
2.41647 0.00121611 2.23697 0.000703395 4.69895 0.000843561
2.45216 0.00123407 2.3543 0.000740288 4.74989 0.000852706
2.48661 0.00125141 2.48993 0.000782935 4.73608 0.000850226
2.52116 0.0012688 2.63022 0.000827048 4.69589 0.000843012
2.55714 0.0012869 2.76512 0.000869467 4.68432 0.000840935
2.59325 0.00130507 2.89927 0.000911649 4.71394 0.000846252
2.63008 0.00132361 3.03184 0.000953336 4.75619 0.000853838
2.66711 0.00134225 3.16347 0.000994726 4.77396 0.000857028
2.70389 0.00136075 3.29015 0.00103456 4.76208 0.000854895
2.73977 0.00137881 3.40742 0.00107143 4.74542 0.000851904
2.77379 0.00139594 3.51331 0.00110473 4.7475 0.000852277
2.80505 0.00141167 3.60668 0.00113409 4.76764 0.000855893
2.82805 0.00142324 3.64114 0.00114492 4.80072 0.000861832
2.83692 0.00142771 3.70895 0.00116625 4.81527 0.000864443
2.84032 0.00142942 3.74597 0.00117789 4.80566 0.000862719
2.84051 0.00142951 3.76224 0.001183 4.74921 0.000852585
2.84655 0.00143255 3.7369 0.00117503 4.74349 0.000851557
2.84545 0.001432 3.70016 0.00116348 4.7318 0.000849459
2.83681 0.00142765 3.67793 0.00115649 4.6871 0.000841435
2.82404 0.00142122 3.65541 0.00114941 4.60056 0.000825898
2.80495 0.00141161 3.60709 0.00113422 4.4701 0.000802478
2.78131 0.00139972 3.52087 0.00110711 4.32172 0.00077584
2.75476 0.00138636 3.41615 0.00107418 4.16627 0.000747933
2.72626 0.00137201 3.3088 0.00104042 3.99355 0.000716926
2.69625 0.00135691 3.19498 0.00100463 3.78442 0.000679384
2.66572 0.00134155 3.06387 0.000963407 3.5334 0.00063432
2.63571 0.00132644 2.91559 0.000916782 3.25212 0.000583825
2.60656 0.00131177 2.76032 0.000867959 2.95239 0.000530017
2.57843 0.00129761 2.60512 0.000819158 2.63254 0.000472597
2.5519 0.00128427 2.44875 0.000769987 2.28182 0.000409635
2.52785 0.00127216 2.28842 0.000719573 1.89467 0.000340133
2.50696 0.00126165 2.12643 0.000668636 1.4766 0.000265082
2.48972 0.00125297 1.96816 0.000618869 1.03708 0.000186178
2.47641 0.00124627 1.81659 0.000571211 0.580301 0.000104176
2.46707 0.00124157 1.67125 0.00052551 0.104247 1.87145e-05
2.4609 0.00123847 1.5346 0.000482541 -0.176577 -3.16994e-05
2.45508 0.00123554 1.43249 0.000450435 -0.407652 -7.31823e-05
2.45411 0.00123505 1.33673 0.000420321 -0.646504 -0.000116061
2.4571 0.00123656 1.24646 0.000391939 -0.873273 -0.000156771
2.46162 0.00123883 1.16466 0.000366217 -1.0642 -0.000191047
2.46993 0.00124301 1.08739 0.000341921 -1.23584 -0.00022186
2.4798 0.00124798 1.02391 0.000321959 -1.42688 -0.000256155
2.49156 0.0012539 0.968998 0.000304693 -1.63902 -0.000294239
2.50461 0.00126047 0.920481 0.000289437 -1.85075 -0.000332249
2.51859 0.0012675 0.875775 0.00027538 -2.03768 -0.000365807
2.53215 0.00127433 0.835124 0.000262597 -2.19727 -0.000394457
2.54336 0.00127997 0.79935 0.000251348 -2.34497 -0.000420972
2.55081 0.00128372 0.767551 0.000241349 -2.49223 -0.000447409
2.55368 0.00128516 0.738075 0.000232081 -2.63446 -0.000472941
2.5514 0.00128402 0.709526 0.000223104 -2.75735 -0.000495003
2.54335 0.00127996 0.681393 0.000214258 -2.85241 -0.000512069
2.52892 0.0012727 0.653533 0.000205498 -2.92314 -0.000524766
2.50766 0.001262 0.625733 0.000196756 -2.97787 -0.00053459
2.47941 0.00124779 0.597735 0.000187952 -3.01953 -0.000542069
2.44435 0.00123014 0.569393 0.000179041 -3.04349 -0.000546371
2.40282 0.00120924 0.540811 0.000170053 -3.0292 -0.000543806
2.35512 0.00118524 0.514492 0.000161777 -2.95536 -0.00053055
2.30204 0.00115852 0.491363 0.000154505 -2.83038 -0.000508113
2.24467 0.00112965 0.471768 0.000148343 -2.66401 -0.000478247
2.18392 0.00109908 0.45626 0.000143467 -2.45649 -0.000440993
2.12093 0.00106738 0.444921 0.000139901 -2.20545 -0.000395926
2.05688 0.00103514 0.438736 0.000137957 -1.91415 -0.00034363
1.99307 0.00100303 0.438675 0.000137937 -1.59177 -0.000285756
1.93048 0.000971533 0.445689 0.000140143 -1.24864 -0.000224158
1.86969 0.000940938 0.460482 0.000144794 -0.891309 -0.000160009
1.81124 0.000911523 0.483591 0.000152061 -0.522933 -9.38776e-05
1.75606 0.000883751 0.515429 0.000162072 -0.14702 -2.63932e-05
1.7054 0.000858255 0.55469 0.000174417 0.0646499 1.1606e-05
1.66139 0.000836111 0.588633 0.00018509 0.240255 4.3131e-05
1.62083 0.000815696 0.637012 0.000200303 0.419764 7.53565e-05
1.58561 0.000797971 0.690788 0.000217212 0.60987 0.000109485
1.55487 0.000782499 0.75742 0.000238164 0.772558 0.000138691
1.52819 0.000769072 0.834625 0.00026244 0.909915 0.000163349
1.50565 0.000757729 0.917422 0.000288475 1.04021 0.00018674
1.48607 0.000747879 1.00531 0.000316112 1.17568 0.000211059
1.46879 0.000739183 1.09752 0.000345104 1.314 0.000235891
1.45278 0.000731122 1.19417 0.000375496 1.441 0.00025869
1.43711 0.000723236 1.29299 0.000406569 1.54944 0.000278158
1.42071 0.000714984 1.39116 0.000437436 1.64463 0.000295247
1.40247 0.000705806 1.48642 0.000467392 1.73693 0.000311816
1.38128 0.000695141 1.5772 0.000495937 1.83063 0.000328638
1.35599 0.000682416 1.66194 0.000522583 1.92146 0.000344943
1.32553 0.000667084 1.73874 0.000546731 2.00354 0.000359678
1.28897 0.000648687 1.80563 0.000567765 2.07637 0.000372752
1.24567 0.000626894 1.86093 0.000585153 2.14466 0.000385011
1.19519 0.00060149 1.90325 0.000598459 2.21272 0.000397231
1.13729 0.000572352 1.93143 0.000607322 2.28037 0.000409375
1.07195 0.000539468 1.94458 0.000611455 2.34414 0.000420822
0.999243 0.000502877 1.94213 0.000610684 2.40139 0.000431101
0.919258 0.000462625 1.92388 0.000604945 2.45239 0.000440255
0.832216 0.00041882 1.88988 0.000594255 2.49864 0.000448559
0.738565 0.000371689 1.84042 0.000578705 2.5402 0.000456019
0.639036 0.0003216 1.77613 0.00055849 2.57478 0.000462227
0.534731 0.000269108 1.69794 0.000533901 2.59934 0.000466636
0.427036 0.000214909 1.60697 0.000505298 2.61187 0.000468886
0.31744 0.000159755 1.50452 0.000473084 2.61029 0.000468603
0.207576 0.000104464 1.39154 0.000437558 2.58108 0.000463359
0.0991042 4.9875e-05 1.26853 0.000398877 2.52242 0.000452828
-0.00748656 -3.76768e-06 1.13758 0.000357702 2.43046 0.000436318
-0.112046 -5.63882e-05 1.00017 0.000314493 2.30172 0.000413208
-0.212796 -0.000107091 0.85887 0.000270064 2.13182 0.000382706
-0.30977 -0.000155894 0.71488 0.000224787 1.91943 0.000344578
-0.401706 -0.000202162 0.569786 0.000179164 1.66469 0.000298847
-0.487757 -0.000245468 0.424935 0.000133617 1.36835 0.000245648
-0.567878 -0.00028579 0.276481 8.69371e-05 1.03102 0.00018509
-0.641998 -0.000323091 0.137816 4.3335e-05 0.653858 0.000117381
-0.709003 -0.000356812 -0.00499051 -1.56922e-06 0.241572 4.33673e-05
-0.770926 -0.000387975 -0.143847 -4.52315e-05 -0.140719 -2.5262e-05
-0.829034 -0.000417218 -0.262027 -8.23919e-05 -0.351991 -6.31899e-05
-0.882461 -0.000444106 -0.360368 -0.000113315 -0.621135 -0.000111507
-0.928267 -0.000467158 -0.462966 -0.000145575 -0.894759 -0.000160628
-0.972639 -0.000489489 -0.559879 -0.000176049 -1.15863 -0.000207998
-1.01357 -0.00051009 -0.660719 -0.000207757 -1.40232 -0.000251747
-1.05352 -0.000530192 -0.753494 -0.000236929 -1.65622 -0.000297327
-1.09312 -0.000550121 -0.840764 -0.000264371 -1.93165 -0.000346772
-1.13377 -0.00057058 -0.926759 -0.000291411 -2.21854 -0.000398275
-1.17642 -0.000592041 -1.015 -0.000319159 -2.49566 -0.000448025
-1.22172 -0.000614843 -1.10582 -0.000347714 -2.7511 -0.000493882
-1.27064 -0.000639459 -1.19755 -0.000376557 -2.99123 -0.00053699
-1.32393 -0.00066628 -1.29072 -0.000405854 -3.22696 -0.000579309
-1.38239 -0.0006957 -1.38726 -0.000436211 -3.45971 -0.000621091
-1.44691 -0.000728171 -1.4886 -0.000468075 -3.67963 -0.000660572
-1.51843 -0.000764164 -1.59462 -0.000501413 -3.8764 -0.000695897
-1.59768 -0.000804044 -1.7046 -0.000535997 -4.04856 -0.000726803
-1.68511 -0.000848046 -1.81824 -0.000571728 -4.20187 -0.000754325
-1.78101 -0.000896307 -1.93547 -0.000608592 -4.34099 -0.0007793
-1.88547 -0.000948881 -2.0559 -0.00064646 -4.46438 -0.000801451
-1.99837 -0.0010057 -2.17863 -0.00068505 -4.56714 -0.000819898
-2.1191 -0.00106646 -2.30264 -0.000724046 -4.64697 -0.00083423
-2.24651 -0.00113058 -2.42707 -0.000763171 -4.70642 -0.000844902
-2.37916 -0.00119733 -2.55093 -0.000802118 -4.74986 -0.000852701
-2.51551 -0.00126595 -2.67301 -0.000840505 -4.7796 -0.00085804
-2.6539 -0.0013356 -2.79202 -0.000877925 -4.79519 -0.000860839
-2.79247 -0.00140534 -2.90668 -0.000913979 -4.78556 -0.000859109
-2.92913 -0.00147411 -3.01481 -0.000947979 -4.74915 -0.000852574
-3.0613 -0.00154063 -3.11559 -0.00097967 -4.69135 -0.000842197
-3.18059 -0.00160066 -3.20782 -0.00100867 -4.619 -0.00082921
-3.18764 -0.00160421 -3.27237 -0.00102897 -4.54489 -0.000815905
-3.20655 -0.00161373 -3.30365 -0.0010388 -4.48479 -0.000805116
-3.23345 -0.00162726 -3.3757 -0.00106146 -4.37295 -0.000785038
-3.24497 -0.00163306 -3.40297 -0.00107003 -4.27777 -0.000767951
-3.24573 -0.00163344 -3.42245 -0.00107616 -4.18135 -0.000750642
-3.25436 -0.00163779 -3.4414 -0.00108212 -4.07449 -0.000731457
-3.26658 -0.00164393 -3.4472 -0.00108394 -3.97346 -0.00071332
-3.26958 -0.00164545 -3.44313 -0.00108266 -3.86895 -0.000694559
-3.26694 -0.00164412 -3.42396 -0.00107663 -3.76948 -0.000676702
-3.26583 -0.00164356 -3.39528 -0.00106762 -3.6745 -0.000659651
-3.25699 -0.00163911 -3.35814 -0.00105594 -3.58452 -0.000643498
-3.23375 -0.00162741 -3.30603 -0.00103955 -3.50263 -0.000628797
-3.1976 -0.00160922 -3.24264 -0.00101962 -3.4255 -0.000614951
-3.15074 -0.00158563 -3.16806 -0.000996168 -3.35262 -0.000601867
-3.09191 -0.00155603 -3.08329 -0.000969514 -3.28471 -0.000589675
-3.02224 -0.00152097 -2.98976 -0.000940102 -3.21979 -0.00057802
-2.94395 -0.00148157 -2.88871 -0.00090833 -3.15521 -0.000566427
-2.85757 -0.0014381 -2.78132 -0.000874562 -3.08791 -0.000554346
-2.76347 -0.00139074 -2.66882 -0.000839185 -3.01579 -0.000541398
-2.66334 -0.00134035 -2.55277 -0.000802695 -2.93693 -0.000527241
-2.55905 -0.00128787 -2.43461 -0.000765542 -2.84928 -0.000511507
-2.45178 -0.00123388 -2.31546 -0.000728076 -2.75052 -0.000493777
-2.34249 -0.00117888 -2.19639 -0.000690636 -2.63839 -0.000473648
-2.23231 -0.00112343 -2.07857 -0.000653589 -2.51117 -0.000450809
-2.12227 -0.00106805 -1.96306 -0.000617266 -2.36782 -0.000425074
-2.01317 -0.00101315 -1.85064 -0.000581916 -2.20777 -0.000396342
-1.90583 -0.000959126 -1.74188 -0.000547718 -2.03075 -0.000364562
-1.80111 -0.000906422 -1.63721 -0.000514805 -1.83681 -0.000329747
-1.69978 -0.000855428 -1.53688 -0.000483259 -1.6266 -0.000292009
-1.6024 -0.00080642 -1.44104 -0.000453122 -1.40136 -0.000251574
-1.50924 -0.00075954 -1.34967 -0.000424392 -1.16285 -0.000208756
-1.4204 -0.000714828 -1.26262 -0.000397018 -0.91315 -0.00016393
-1.33577 -0.00067224 -1.17962 -0.00037092 -0.654646 -0.000117523
-1.2551 -0.000631638 -1.10037 -0.000346001 -0.389981 -7.001e-05
-1.17796 -0.000592818 -1.0245 -0.000322146 -0.122068 -2.19139e-05
-1.10383 -0.00055551 -0.952012 -0.000299351 0.0443808 7.9673e-06
-1.03096 -0.000518837 -0.894579 -0.000281292 0.13545 2.43161e-05
-0.961334 -0.0004838 -0.837255 -0.000263267 0.236542 4.24642e-05
-0.894371 -0.0004501 -0.781737 -0.00024581 0.3492 6.26889e-05
-0.828928 -0.000417165 -0.726224 -0.000228355 0.446591 8.01726e-05
-0.765964 -0.000385478 -0.666587 -0.000209602 0.520106 9.33702e-05
-0.704212 -0.000354401 -0.608345 -0.000191289 0.586796 0.000105342
-0.644124 -0.000324161 -0.549952 -0.000172928 0.659183 0.000118337
-0.58528 -0.000294547 -0.491254 -0.00015447 0.73843 0.000132564
-0.527314 -0.000265376 -0.43069 -0.000135427 0.81224 0.000145814
-0.469614 -0.000236337 -0.368444 -0.000115854 0.87092 0.000156349
-0.411675 -0.000207179 -0.305666 -9.6114e-05 0.916486 0.000164529
-0.353338 -0.00017782 -0.243023 -7.64164e-05 0.957732 0.000171933
-0.294392 -0.000148155 -0.180807 -5.6853e-05 1.00005 0.000179531
-0.234155 -0.000117841 -0.119291 -3.751e-05 1.04062 0.000186814
-0.172002 -8.65614e-05 -0.0608664 -1.91389e-05 1.07391 0.00019279
-0.108465 -5.45861e-05 -0.00270098 -8.49299e-07 1.09659 0.000196862
-0.043319 -2.18007e-05 0.0517876 1.62841e-05 1.11282 0.000199775
0.0185519 9.33638e-06 0.10209 3.21012e-05 1.12548 0.000202047
0.0763623 3.843e-05 0.142863 4.49221e-05 1.13816 0.000204323
0.13358 6.72254e-05 0.181843 5.7179e-05 1.14927 0.000206318
0.191629 9.6439e-05 0.218343 6.86561e-05 1.15337 0.000207054
0.249372 0.000125498 0.250642 7.88122e-05 1.15077 0.000206587
0.308295 0.000155152 0.279269 8.78136e-05 1.13841 0.000204369
0.367202 0.000184797 0.303546 9.54472e-05 1.12208 0.000201438
0.424601 0.000213684 0.32432 0.000101979 1.10166 0.000197771
0.480368 0.000241749 0.342218 0.000107607 1.07549 0.000193073
0.534196 0.000268839 0.35749 0.000112409 1.04213 0.000187084
0.585232 0.000294523 0.37001 0.000116346 1.0029 0.000180043
0.633161 0.000318644 0.379961 0.000119475 0.960403 0.000172413
0.67869 0.000341556 0.387679 0.000121902 0.916233 0.000164483
0.72271 0.00036371 0.39326 0.000123657 0.87043 0.000156261
0.765295 0.000385141 0.396827 0.000124779 0.822429 0.000147643
0.805941 0.000405597 0.398725 0.000125375 0.772421 0.000138666
0.84494 0.000425223 0.399109 0.000125496 0.721781 0.000129575
0.883462 0.00044461 0.397966 0.000125137 0.672063 0.00012065
0.922161 0.000464085 0.395603 0.000124394 0.623797 0.000111985
0.960913 0.000483588 0.392493 0.000123416 0.576631 0.000103518
0.999925 0.000503221 0.388898 0.000122286 0.530471 9.52308e-05
1.03983 0.000523306 0.38504 0.000121072 0.485888 8.72272e-05
1.08123 0.000544139 0.381348 0.000119911 0.443586 7.96331e-05
1.12443 0.000565878 0.378325 0.000118961 0.403945 7.25166e-05
1.16963 0.000588627 0.37646 0.000118374 0.366857 6.58587e-05
1.21728 0.000612605 0.376144 0.000118275 0.332153 5.96285e-05
1.26786 0.00063806 0.377826 0.000118804 0.29992 5.3842e-05
1.32159 0.000665102 0.381728 0.000120031 0.27043 4.85479e-05
1.37833 0.000693655 0.388901 0.000122287 0.243694 4.37482e-05
1.43806 0.000723718 0.399643 0.000125664 0.220018 3.94979e-05
1.5007 0.000755239 0.41438 0.000130298 0.199315 3.57813e-05
1.56607 0.000788138 0.433442 0.000136292 0.181765 3.26307e-05
1.63414 0.000822393 0.457282 0.000143788 0.167901 3.01418e-05
1.70515 0.000858133 0.486196 0.00015288 0.158362 2.84294e-05
1.77945 0.000895522 0.520234 0.000163583 0.153853 2.76199e-05
1.85708 0.000934589 0.55941 0.000175901 0.155017 2.78289e-05
1.93774 0.000975185 0.603813 0.000189864 0.162581 2.91868e-05
2.02085 0.00101701 0.653589 0.000205515 0.177358 3.18396e-05
2.10564 0.00105968 0.708818 0.000222882 0.200228 3.59451e-05
2.19145 0.00110287 0.7694 0.000241931 0.232121 4.16707e-05
41.7317 0.129033 0.782065 0.000245913 0.320253 5.74923e-05
8.93253 0.394867 0.0799402 2.51365e-05 0.863572 0.000155029
8.93253 0.503832 0.592657 0.000186356 0.668748 0.000120054
-0.603193 0.497254 0.504318 0.000158578 0.732082 0.000131424
-3.83904 0.446679 0.575282 0.000180892 0.798973 0.000143433
2.38659 0.462733 0.709965 0.000223242 0.745725 0.000133874
8.93253 0.522225 0.792076 0.000249061 0.83898 0.000150615
8.93253 0.555344 0.913244 0.000287161 0.827543 0.000148562
2.37775 0.552348 1.01087 0.000317859 0.846326 0.000151934
8.93253 0.556117 1.10774 0.000348318 0.861675 0.000154689
8.93253 0.584802 1.24327 0.000390937 0.894109 0.000160512
8.93253 0.625138 1.30783 0.000411236 0.98556 0.000176929
8.93253 0.643231 1.44189 0.00045339 1.04136 0.000186946
8.93253 0.649671 1.55216 0.000488063 1.10788 0.000198889
8.93253 0.66215 1.65184 0.000519405 1.21409 0.000217955
8.93253 0.68424 1.74867 0.000549853 1.29649 0.000232747
8.93253 0.704268 1.8349 0.000576968 1.35874 0.000243922
8.93253 0.713074 1.92486 0.000605255 1.4244 0.000255711
8.93253 0.715436 2.00884 0.000631662 1.50393 0.000269988
8.93253 0.720657 2.07641 0.00065291 1.59236 0.000285862
8.93253 0.72805 2.13782 0.000672219 1.68255 0.000302053
8.93253 0.732109 2.19231 0.000689354 1.77846 0.000319272
7.31358 0.731322 2.23916 0.000704082 1.88367 0.000338158
5.60518 0.730462 2.26847 0.0007133 1.99891 0.000358848
4.40159 0.729856 2.29384 0.000721278 2.12017 0.000380616
2.2685 0.728783 2.30815 0.000725777 2.24469 0.00040297
-0.0415634 0.726718 2.30996 0.000726345 2.37437 0.00042625
-0.271649 0.721604 2.31053 0.000726525 2.50093 0.00044897
-0.667514 0.712805 2.30917 0.000726097 2.62457 0.000471165
-1.1733 0.701564 2.29954 0.000723068 2.74886 0.000493479
-1.72455 0.689312 2.28597 0.000718802 2.86984 0.000515198
-2.27076 0.677172 2.26902 0.000713474 2.98433 0.00053575
-2.81937 0.664978 2.24913 0.000707218 3.09072 0.00055485
-3.40198 0.65203 2.22757 0.000700438 3.18739 0.000572204
-4.01125 0.638488 2.20438 0.000693146 3.27406 0.000587764
-4.62989 0.624738 2.18153 0.000685962 3.34935 0.000601279
-5.23746 0.611234 2.15944 0.000679016 3.41146 0.000612429
-5.83455 0.597964 2.13758 0.000672143 3.45955 0.000621062
-6.42528 0.584834 2.11708 0.000665695 3.49211 0.000626908
-7.0075 0.571894 2.09744 0.00065952 3.50926 0.000629987
-7.57415 0.559299 2.0792 0.000653785 3.50737 0.000629648
-8.12056 0.547155 2.06066 0.000647957 3.46503 0.000622047
-8.64796 0.535433 2.04007 0.000641481 3.38359 0.000607427
-9.16009 0.524051 2.01748 0.000634379 3.26533 0.000586196
-9.66035 0.512932 1.99195 0.000626351 3.11199 0.000558668
-10.1515 0.502015 1.96351 0.000617409 2.92294 0.00052473
-10.639 0.49118 1.9314 0.000607312 2.70027 0.000484756
-11.1313 0.48024 1.89467 0.000595762 2.44898 0.000439643
-11.6373 0.468993 1.85256 0.000582522 2.17505 0.000390467
-12.1639 0.457287 1.80427 0.000567336 1.8832 0.000338074
-12.7167 0.445003 1.74934 0.000550065 1.57659 0.000283032
-13.3017 0.432001 1.68713 0.000530504 1.25844 0.000225916
-13.9268 0.418107 1.61699 0.000508448 0.933123 0.000167515
-14.5993 0.403159 1.53855 0.000483784 0.605808 0.000108755
-15.3239 0.387054 1.45137 0.00045637 0.28109 5.04617e-05
-16.103 0.369738 1.35521 0.000426132 -0.00554161 -9.94838e-07
-16.9413 0.351106 1.25698 0.000395246 -0.170473 -3.06036e-05
-17.8488 0.330938 1.16221 0.000365447 -0.343262 -6.16228e-05
-18.8138 0.30949 1.04985 0.000330116 -0.500203 -8.97971e-05
-19.8307 0.286887 0.930361 0.000292543 -0.640384 -0.000114963
-20.8997 0.263127 0.799971 0.000251544 -0.754458 -0.000135441
-22.0122 0.238402 0.662859 0.00020843 -0.86444 -0.000155185
-23.1661 0.212754 0.521282 0.000163912 -0.984339 -0.00017671
-24.3495 0.186453 0.373806 0.00011754 -1.10971 -0.000199217
-25.5549 0.159662 0.221098 6.95224e-05 -1.22745 -0.000220353
-26.7681 0.132697 0.0646292 2.03221e-05 -1.33086 -0.000238918
-27.9742 0.105891 -0.0955897 -3.00573e-05 -1.42555 -0.000255916
-29.205 0.0785361 -0.260231 -8.18273e-05 -1.5238 -0.000273554
-30.3705 0.0526314 -0.427955 -0.000134566 -1.6296 -0.000292548
-31.4319 0.0290404 -0.598874 -0.000188311 -1.73549 -0.000311557
-32.4469 0.00648131 -0.758524 -0.000238511 -1.83702 -0.000329783
-32.7194 0.000424146 -0.929267 -0.0002922 -1.93382 -0.000347161
-32.7279 0.00023522 -1.12022 -0.000352244 -2.0183 -0.000362328
-32.7345 8.95589e-05 -1.26394 -0.000397434 -2.13719 -0.000383671
-32.7411 -5.67198e-05 -1.43387 -0.000450867 -2.23815 -0.000401796
-32.7455 -0.000156018 -1.5744 -0.000495057 -2.35306 -0.000422424
-32.7484 -0.000219798 -1.69476 -0.000532903 -2.478 -0.000444853
-32.7511 -0.000279786 -1.80786 -0.000568464 -2.60411 -0.000467493
-32.7537 -0.000336638 -1.90952 -0.000600432 -2.73662 -0.000491282
-32.7555 -0.000377751 -1.99378 -0.000626927 -2.87586 -0.000516277
-32.7568 -0.000407256 -2.06043 -0.000647885 -3.02182 -0.000542481
-32.758 -0.000433103 -2.11528 -0.00066513 -3.16978 -0.000569043
-32.7589 -0.000453603 -2.15853 -0.000678729 -3.31872 -0.00059578
-32.7595 -0.000465938 -2.18869 -0.000688213 -3.46828 -0.00062263
-32.7598 -0.000472752 -2.20677 -0.000693899 -3.61635 -0.000649211
-32.76 -0.000476661 -2.21549 -0.00069664 -3.76062 -0.000675111
-32.7597 -0.000477356 -2.216 -0.000696801 -3.89936 -0.000700019
-32.7547 -0.000474837 -2.20963 -0.000694799 -4.03021 -0.000723509
-32.7466 -0.00047078 -2.19796 -0.00069113 -4.15051 -0.000745105
-32.7377 -0.000466296 -2.18245 -0.00068625 -4.25839 -0.000764472
-32.7285 -0.000461673 -2.16462 -0.000680644 -4.35254 -0.000781374
-32.7208 -0.000457773 -2.14587 -0.00067475 -4.43139 -0.000795528
-32.7167 -0.000455693 -2.12764 -0.000669018 -4.49303 -0.000806594
-32.7175 -0.000456112 -2.11085 -0.000663739 -4.53596 -0.000814301
-32.724 -0.000459367 -2.09611 -0.000659103 -4.55938 -0.000818506
-32.7367 -0.000465806 -2.08435 -0.000655405 -4.55829 -0.000818311
-32.757 -0.000475987 -2.07504 -0.000652478 -4.51264 -0.000810115
-32.7606 -0.000490204 -2.06695 -0.000649935 -4.42313 -0.000794046
-32.7614 -0.00050834 -2.06077 -0.000647992 -4.29188 -0.000770483
-32.7624 -0.000530385 -2.05595 -0.000646475 -4.1204 -0.000739699
-32.7635 -0.000555994 -2.053 -0.000645549 -3.90861 -0.000701679
-32.7648 -0.000584733 -2.05133 -0.000645021 -3.65965 -0.000656985
-32.7662 -0.000616058 -2.05017 -0.000644659 -3.37945 -0.000606682
-32.7677 -0.000649339 -2.04899 -0.000644287 -3.07473 -0.00055198
-32.7693 -0.000683823 -2.04719 -0.000643719 -2.75106 -0.000493874
-32.7709 -0.000718502 -2.04447 -0.000642865 -2.41288 -0.000433164
-32.7724 -0.000752618 -2.04011 -0.000641493 -2.06519 -0.000370746
-32.7739 -0.000785661 -2.03316 -0.000639308 -1.71437 -0.000307766
-32.7753 -0.000817105 -2.023 -0.000636115 -1.36748 -0.000245491
-32.7766 -0.000846372 -2.00902 -0.000631718 -1.03081 -0.000185053
-32.7778 -0.000872826 -1.99083 -0.000625998 -0.709487 -0.000127368
-32.7788 -0.000896075 -1.96795 -0.000618803 -0.407928 -7.32317e-05
-32.7797 -0.000915815 -1.93999 -0.000610013 -0.130468 -2.34218e-05
-32.7804 -0.000931538 -1.90802 -0.000599958 0.0173438 3.11359e-06
-32.7809 -0.000942356 -1.88137 -0.000591579 0.0957567 1.71904e-05
-32.7812 -0.00094929 -1.84551 -0.000580304 0.16913 3.03625e-05
-32.7814 -0.000951947 -1.80721 -0.000568261 0.245071 4.39955e-05
-32.7783 -0.000950417 -1.76234 -0.000554152 0.299433 5.37547e-05
-32.7664 -0.000944406 -1.71038 -0.000537813 0.324492 5.82532e-05
-32.7454 -0.000933853 -1.65577 -0.000520641 0.333281 5.9831e-05
-32.7166 -0.000919349 -1.59957 -0.000502971 0.338731 6.08094e-05
-32.6805 -0.000901184 -1.54299 -0.00048518 0.335414 6.02139e-05
-32.638 -0.00087981 -1.48679 -0.000467508 0.308307 5.53477e-05
-32.5896 -0.000855466 -1.43226 -0.000450361 0.251707 4.51868e-05
-32.536 -0.000828468 -1.38131 -0.000434341 0.171099 3.07158e-05
-32.4781 -0.000799306 -1.3352 -0.000419842 0.0754064 1.35371e-05
-32.4167 -0.000768442 -1.29457 -0.000407065 -0.0272844 -4.89813e-06
-32.353 -0.00073636 -1.25892 -0.000395856 -0.125419 -2.25154e-05
-32.2871 -0.000703207 -1.22983 -0.000386709 -0.234752 -4.2143e-05
-32.2197 -0.000669274 -1.20906 -0.000380177 -0.350662 -6.29514e-05
-32.1522 -0.000635333 -1.19602 -0.000376079 -0.4671 -8.38544e-05
-32.0855 -0.000601766 -1.19134 -0.000374606 -0.580012 -0.000104125
-32.0204 -0.000568977 -1.19425 -0.000375522 -0.689898 -0.000123851
-31.9568 -0.000537002 -1.20482 -0.000378846 -0.797698 -0.000143204
-31.8952 -0.000505964 -1.22259 -0.000384433 -0.902905 -0.000162091
-31.8355 -0.000475949 -1.24682 -0.000392052 -1.00313 -0.000180083
-31.7774 -0.00044669 -1.2768 -0.000401479 -1.09637 -0.000196822
-31.7202 -0.000417933 -1.31146 -0.000412376 -1.18259 -0.0002123
-31.6633 -0.000389257 -1.34974 -0.000424414 -1.26314 -0.000226761
-31.6056 -0.000360263 -1.39044 -0.000437212 -1.33923 -0.000240419
-31.5467 -0.0003306 -1.43209 -0.000450307 -1.41099 -0.000253303
-31.485 -0.000299566 -1.47341 -0.000463299 -1.47823 -0.000265374
-31.4193 -0.000266469 -1.51297 -0.000475739 -1.54122 -0.000276681
-31.3479 -0.000230526 -1.54939 -0.000487191 -1.60108 -0.000287427
-31.2689 -0.000190771 -1.58138 -0.000497252 -1.65906 -0.000297836
-31.1801 -0.000146112 -1.60751 -0.000505468 -1.71586 -0.000308033
-31.0784 -9.49106e-05 -1.62678 -0.000511525 -1.77153 -0.000318027
-30.9595 -3.50999e-05 -1.63811 -0.000515089 -1.8259 -0.000327788
-30.8172 3.65274e-05 -1.64059 -0.000515868 -1.87896 -0.000337313
-30.6406 0.000125406 -1.63359 -0.000513668 -1.93072 -0.000346605
-30.4101 0.000241401 -1.61643 -0.000508271 -1.98083 -0.000355602
-30.0793 0.000407909 -1.58887 -0.000499606 -2.02839 -0.00036414
-29.4989 0.0007 -1.5508 -0.000487634 -2.07207 -0.00037198
-27.6728 0.00161898 -1.50266 -0.000472499 -2.11014 -0.000378815
-21.0727 0.00494053 -1.44902 -0.000455633 -2.13924 -0.00038404
-13.1671 0.0089191 -1.38401 -0.000435191 -2.15921 -0.000387624
-5.16942 0.012944 -1.30809 -0.000411317 -2.17205 -0.000389929
0.0279482 0.0177876 -1.22637 -0.000385622 -2.16862 -0.000389313
0.140163 0.0267898 -1.14273 -0.000359322 -2.1457 -0.000385199
0.338604 0.0427092 -1.06082 -0.000333565 -2.09648 -0.000376362
0.613508 0.0647628 -0.977468 -0.000307356 -2.02388 -0.00036333
0.912417 0.0887421 -0.887622 -0.000279105 -1.93136 -0.000346719
1.20341 0.112086 -0.792196 -0.000249099 -1.81789 -0.000326351
1.49154 0.135201 -0.691672 -0.00021749 -1.68227 -0.000302004
1.79442 0.159498 -0.587205 -0.000184641 -1.52315 -0.000273438
2.11379 0.18512 -0.478295 -0.000150396 -1.34186 -0.000240892
2.43525 0.210908 -0.365342 -0.000114879 -1.1394 -0.000204547
2.74876 0.236058 -0.251623 -7.91206e-05 -0.9173 -0.000164675
3.05858 0.260913 -0.139735 -4.39384e-05 -0.676338 -0.000121417
3.37466 0.286269 -0.0260476 -8.19045e-06 -0.417875 -7.50175e-05
3.69966 0.312342 0.0875339 2.75243e-05 -0.140654 -2.52505e-05
4.02778 0.338665 0.201989 6.35137e-05 0.0827896 1.48625e-05
4.35613 0.365006 0.309072 9.71848e-05 0.189941 3.40984e-05
4.68996 0.391786 0.411837 0.000129499 0.317831 5.70574e-05
5.02885 0.418973 0.518874 0.000163155 0.463519 8.32114e-05
5.37419 0.446677 0.622926 0.000195873 0.61005 0.000109517
5.72177 0.474561 0.73313 0.000230526 0.736328 0.000132187
6.07135 0.502605 0.843859 0.000265344 0.8565 0.00015376
6.42646 0.531093 0.954182 0.000300034 0.986966 0.000177181
6.78841 0.560129 1.06476 0.000334803 1.1329 0.00020338
7.15631 0.589643 1.17672 0.000370009 1.28407 0.000230518
7.52668 0.619356 1.29179 0.000406192 1.42725 0.000256222
7.89786 0.649133 1.40941 0.000443177 1.56012 0.000280075
8.27081 0.679051 1.52888 0.000480742 1.69043 0.000303468
8.6472 0.709246 1.64998 0.00051882 1.82526 0.000327674
8.93253 0.739644 1.77311 0.000557537 1.96355 0.000352499
8.93253 0.766486 1.90761 0.000599831 2.0925 0.000375648
8.93253 0.796106 2.04507 0.000643055 2.21454 0.000397556
8.93253 0.827733 2.17571 0.000684131 2.33618 0.000419394
8.93253 0.857044 2.31446 0.000727763 2.45206 0.000440196
8.93253 0.88416 2.45673 0.000772495 2.56231 0.000459989
8.93253 0.912106 2.59699 0.000816602 2.66735 0.000478847
8.93253 0.942114 2.73689 0.000860589 2.76571 0.000496504
8.93253 0.973018 2.8757 0.000904239 2.85988 0.000513409
8.93253 1.00313 3.01501 0.000948043 2.94965 0.000529524
8.93253 1.03266 3.15221 0.000991185 3.03374 0.000544621
8.93253 1.06215 3.28898 0.00103419 3.10998 0.000558307
2.34969 1.07379 8.93253 0.256989 2.14428 0.000384943
-0.548038 1.05478 8.93253 0.45841 1.13647 0.000204021
6.9176 1.07213 8.93253 0.549357 1.81143 0.00032519
8.93253 1.07717 7.40807 0.573745 1.18522 0.000212773
8.93253 1.10931 -2.5818 0.526561 1.46403 0.000262824
8.93253 1.16566 -6.08343 0.465727 2.30128 0.000413129
8.93253 1.20305 1.69499 0.485392 2.51077 0.000450736
-2.77715 1.10461 8.10672 0.564088 2.3471 0.000421355
3.20086 1.13238 8.93253 0.651514 1.83299 0.00032906
7.42895 1.19 8.93253 0.678529 1.9462 0.000349384
3.50168 1.19095 -0.0962532 0.673748 2.1236 0.000381232
4.81201 1.19161 0.170228 0.671138 2.24915 0.000403771
8.93253 1.21281 8.93253 0.682704 2.56036 0.00045964
8.93253 1.26002 8.93253 0.719054 2.61207 0.000468923
8.93253 1.28678 8.93253 0.766111 2.39136 0.0004293
8.93253 1.29314 8.93253 0.802397 2.24551 0.000403116
8.93253 1.30295 8.93253 0.824518 2.37206 0.000425835
8.93253 1.32929 8.93253 0.838107 2.60216 0.000467144
8.93253 1.36491 8.93253 0.849922 2.90213 0.000520993
8.93253 1.39113 8.93253 0.869028 3.1014 0.000556767
8.93253 1.40211 8.93253 0.89921 3.12233 0.000560524
8.93253 1.40917 8.93253 0.933428 3.10765 0.000557889
8.93253 1.42321 8.93253 0.963303 3.15582 0.000566536
8.93253 1.44292 8.93253 0.984145 3.30122 0.000592638
8.93253 1.46096 8.93253 0.997375 3.49745 0.000627866
8.93253 1.47259 8.93253 1.00876 3.68936 0.000662319
8.93253 1.48032 8.93253 1.02391 3.84775 0.000690752
8.93253 1.48796 8.93253 1.04543 3.97042 0.000712775
8.93253 1.4948 8.93253 1.07045 4.09063 0.000734355
8.93253 1.49907 8.93253 1.09154 4.23284 0.000759884
8.93253 1.50166 8.93253 1.10488 4.41035 0.000791751
8.93253 1.5048 8.93253 1.1127 4.63813 0.000832642
8.93253 1.50866 8.93253 1.12016 4.87002 0.000874272
8.93253 1.51072 8.93253 1.1308 4.97713 0.000893501
7.76142 1.51013 8.93253 1.14436 4.97364 0.000892875
6.12265 1.50931 8.93253 1.15756 4.94548 0.000887818
5.08762 1.50879 8.93253 1.16815 4.93233 0.000885459
4.36861 1.50843 8.93253 1.17464 4.95642 0.000889782
3.0429 1.50776 8.93253 1.17853 5.0039 0.000898307
1.26668 1.50687 8.93253 1.18295 5.03809 0.000904445
-0.0111826 1.50572 8.93253 1.18974 5.0405 0.000904876
-0.0617301 1.50342 8.93253 1.1983 5.02439 0.000901984
-0.157596 1.49906 8.93253 1.20669 5.01599 0.000900477
-0.253433 1.4947 6.81496 1.2103 4.01381 0.000720564
0.0904423 1.49459 -0.0541764 1.20618 31.9982 0.105441
-0.0305337 1.49324 0.0816825 1.20123 34.4768 0.152557
-0.180793 1.48646 5.24185 1.2069 7.12096 0.206979
-0.309293 1.48066 7.58682 1.20948 7.12096 0.225903
-0.769279 1.45991 0.0172678 1.11123 7.12096 0.228759
-2.08078 1.40073 5.74059 1.17526 5.87224 0.232046
-2.71993 1.37189 8.93253 1.23438 6.36323 0.232134
0.867118 1.3866 -0.0366033 1.23739 7.12096 0.256919
2.09256 1.40546 -0.742596 1.21105 7.12096 0.292668
-0.01639 1.40469 -1.27951 1.19103 7.12096 0.323271
-0.158162 1.39867 1.85402 1.20178 7.12096 0.341842
-0.250825 1.39474 7.81109 1.23526 7.12096 0.347542
-0.292284 1.39298 8.93253 1.27427 6.48849 0.347552
-0.391061 1.38879 8.93253 1.30064 7.12096 0.347836
-0.45566 1.38604 8.93253 1.30851 7.12096 0.353304
0.222285 1.38937 8.75027 1.30848 7.12096 0.368445
0.703973 1.39608 8.93253 1.3159 7.12096 0.385669
0.522779 1.39793 8.93253 1.33849 7.12096 0.398093
-0.073526 1.39457 8.93253 1.37004 7.12096 0.403094
-0.225466 1.38815 8.93253 1.39967 6.98366 0.403255
-0.281774 1.38577 8.93253 1.42049 7.12096 0.404757
0.158038 1.38812 8.93253 1.43318 7.12096 0.418687
0.274532 1.39013 8.93253 1.44269 7.12096 0.443294
-0.0662783 1.38721 8.93253 1.46005 7.12096 0.465126
-0.239042 1.37995 8.93253 1.48417 7.12096 0.476146
-0.420055 1.37235 8.93253 1.50496 7.12096 0.483578
-0.57866 1.36569 8.93253 1.51617 7.12096 0.497238
-0.735689 1.35909 8.93253 1.52047 7.12096 0.51987
-0.936515 1.35066 8.93253 1.52483 7.12096 0.544907
-1.22551 1.33852 8.93253 1.53272 7.12096 0.564926
-1.58223 1.32354 8.93253 1.54112 7.12096 0.580558
-1.95508 1.30788 8.93253 1.54552 7.12096 0.597884
-2.32079 1.29252 7.44884 1.54525 7.12096 0.620496
-2.71252 1.27607 5.06909 1.5445 7.12096 0.645185
-3.15235 1.2576 4.49362 1.54432 7.12096 0.667071
-3.61924 1.23799 4.11172 1.5442 7.12096 0.684734
-4.09048 1.2182 1.57397 1.5434 7.12096 0.701463
-4.56542 1.19825 -0.0259872 1.5417 7.12096 0.720039
-5.04369 1.17816 -0.0958352 1.53847 7.12096 0.73957
-5.51668 1.1583 -0.191194 1.53404 7.12096 0.756352
-5.983 1.13871 -0.306568 1.52869 7.12096 0.768561
-6.4458 1.11927 -0.427332 1.52309 7.12096 0.7779
-6.90675 1.09991 -0.530949 1.51829 7.12096 0.786181
-7.35673 1.08102 -0.622811 1.51403 7.12096 0.792924
-7.79026 1.06281 -0.718625 1.50958 7.12096 0.796647
-8.20905 1.04522 -0.82292 1.50475 6.66734 0.79699
-8.61455 1.02819 -0.932647 1.49966 4.98447 0.796687
-9.00436 1.01182 -1.05219 1.49411 2.70839 0.796279
-9.38428 0.995859 -1.19049 1.4877 -0.0102928 0.795484
-9.75968 0.980093 -1.35512 1.48007 -0.184869 0.79025
-10.1433 0.963983 -1.52639 1.47212 -0.605308 0.777645
-10.533 0.947613 -1.70703 1.46375 -1.05174 0.764261
-10.9258 0.931116 -1.90311 1.45465 -1.50912 0.750548
-11.3236 0.914408 -2.13608 1.44385 -1.95679 0.737127
-11.7217 0.897688 -2.43635 1.42992 -2.40877 0.723577
-12.1266 0.880685 -2.79575 1.41326 -2.90798 0.70861
-12.5442 0.863145 -3.14351 1.39713 -3.42713 0.693046
-12.9427 0.846409 -3.52804 1.37929 -3.93327 0.677871
-13.326 0.830309 -4.00265 1.35728 -4.3659 0.664901
-13.7371 0.813045 -4.53182 1.33274 -4.76262 0.653007
-14.1661 0.795027 -5.08972 1.30687 -5.1959 0.640017
-14.5923 0.777128 -5.67799 1.27959 -5.70795 0.624666
-15.0116 0.759515 -6.31763 1.24993 -6.26873 0.607853
-15.4242 0.742186 -7.01413 1.21763 -6.81518 0.59147
-15.8253 0.725341 -7.75824 1.18312 -7.31332 0.576536
-16.2081 0.709263 -8.53365 1.14716 -7.79201 0.562184
-16.5744 0.693879 -9.32742 1.11035 -8.31581 0.546481
-16.9234 0.679221 -10.138 1.07275 -8.91813 0.528423
-17.2465 0.66565 -10.9648 1.03441 -9.57589 0.508703
-17.5341 0.653572 -11.8017 0.995599 -10.2414 0.488751
-17.7821 0.643155 -12.6387 0.956781 -10.8956 0.469137
-17.9887 0.63448 -13.4662 0.918405 -11.568 0.448978
-18.1493 0.627737 -14.2777 0.880775 -12.3044 0.4269
-18.2603 0.623071 -15.068 0.844124 -13.1219 0.402391
-18.3223 0.620468 -15.8329 0.808649 -13.9949 0.376218
-18.2972 0.619854 -16.5649 0.774702 -14.8874 0.349463
-17.522 0.620244 -17.257 0.742607 -15.789 0.322431
-16.2053 0.620907 -17.9036 0.712621 -16.7208 0.294494
-14.2831 0.621874 -18.5041 0.684774 -17.7067 0.264939
-11.747 0.623151 -19.0552 0.659214 -18.748 0.23372
-8.91363 0.624577 -19.5602 0.635793 -19.8157 0.201708
-5.90001 0.626093 -20.0238 0.614295 -20.8762 0.169914
-2.82687 0.62764 -20.449 0.594573 -21.917 0.13871
0.00207971 0.629268 -20.8408 0.576405 -22.9451 0.107887
0.0240755 0.631439 -21.2056 0.559487 -23.9682 0.0772149
0.0501483 0.634012 -21.5498 0.543523 -24.9761 0.0469974
0.0722511 0.636194 -21.8815 0.528145 -25.7931 0.0225029
0.0808434 0.637042 -22.2091 0.512948 -26.4314 0.00336727
-0.0472684 0.636078 -22.5331 0.497924 -26.519 0.00074039
-0.187844 0.633334 -22.8697 0.482314 -26.523 0.000620075
-0.432148 0.628566 -23.206 0.466719 -26.5257 0.000538256
-0.685732 0.623616 -23.5713 0.449779 -26.529 0.000441725
-1.12037 0.615132 -23.9485 0.432283 -26.5313 0.000370725
-1.83246 0.601232 -24.3191 0.415099 -26.5322 0.00034333
-2.64961 0.585281 -24.7072 0.397098 -26.5325 0.000336552
-3.55151 0.567676 -25.1255 0.377701 -26.533 0.000321028
-4.56157 0.54796 -25.5683 0.357166 -26.5337 0.000301026
-5.67947 0.526138 -26.0212 0.336161 -26.4489 0.000315721
-6.87959 0.502712 -26.4598 0.31582 -26.1626 0.000367121
-8.13238 0.478258 -26.8829 0.296201 -25.7358 0.000443733
-9.42023 0.453119 -27.2926 0.277198 -25.143 0.00055015
-4.00068 0.444836 -27.6116 0.262405 -21.7151 0.00116553
-0.490491 0.440919 0.00961171 0.272459 -16.9548 0.00202011
-3.38754 0.400739 -1.28371 0.261611 -9.09185 0.00343168
-6.03643 0.364001 -4.70452 0.232711 -1.25502 0.00483855
-6.63486 0.355701 -9.14145 0.195227 0.0593312 0.0116628
-7.5237 0.343374 -10.5942 0.182017 0.166325 0.0235629
-9.43859 0.316815 -10.2777 0.182117 0.268489 0.0349257
-10.8342 0.29746 -12.0898 0.170319 0.372407 0.0464837
-11.2795 0.291283 -13.3415 0.159745 0.44426 0.0544754
-11.8653 0.283159 -14.2243 0.152287 0.489625 0.059521
-12.7784 0.270495 -14.9869 0.145843 0.533374 0.0643867
-13.435 0.261389 -15.6609 0.140149 0.551213 0.0663708
-13.5848 0.25931 -16.2707 0.134998 0.103273 0.066469
-13.7397 0.257163 -12.8561 0.135805 -0.761992 0.0644175
-13.9297 0.254527 -8.63131 0.137133 -2.07013 0.0609274
-13.719 0.254205 -3.53288 0.138736 -3.4012 0.0573762
-12.4686 0.254835 0.0107203 0.141535 -4.88686 0.0534125
-11.8055 0.255168 0.0400743 0.146154 -6.62553 0.0487738
-10.893 0.255628 0.0677696 0.150513 -8.5154 0.0437317
-9.88968 0.256133 0.118191 0.158449 -10.6206 0.0381152
-9.36959 0.256394 0.198883 0.171149 -12.74 0.0324607
-9.41612 0.256371 0.289516 0.185414 -14.7862 0.0270015
-9.671 0.256243 0.364249 0.197176 -16.6534 0.0220196
-10.362 0.255895 0.414033 0.205011 -18.203 0.0178854
-11.8384 0.255152 0.450124 0.210691 -19.373 0.0147639
-13.9684 0.25399 0.481603 0.215646 -20.1841 0.0126
-14.3704 0.248415 0.50459 0.219264 -20.6527 0.0113496
-15.144 0.237685 0.428378 0.220564 -20.6655 0.0110298
-16.1143 0.224228 -0.252254 0.21869 -19.1532 0.0113013
-17.1782 0.209473 -0.828655 0.214716 -16.3111 0.0118115
-18.4197 0.192254 -1.74156 0.208421 -12.3032 0.012531
-19.8858 0.17192 -3.08883 0.199132 -7.13594 0.0134587
-21.4097 0.150784 -4.62423 0.188545 0.00137762 0.0148911
-22.9573 0.12932 -6.03797 0.178797 0.0475483 0.0199635
-24.5722 0.106923 -7.83118 0.166433 0.144018 0.030562
-26.2015 0.0843257 -10.325 0.149238 0.266434 0.044011
-27.7727 0.062535 -13.0067 0.130748 0.415333 0.0603695
-29.2664 0.0418179 -15.7848 0.111593 0.561332 0.0764095
-30.7106 0.0217873 -18.5593 0.092463 0.671098 0.0884686
-31.9899 0.00404526 -21.4786 0.0723344 0.742995 0.0963675
-32.2307 0.000705024 -23.9884 0.0550293 0.80718 0.103419
-32.2451 0.000504879 -26.3617 0.0386651 0.876359 0.111019
-32.2563 0.000350308 -28.2298 0.0257848 0.929085 0.116812
-32.2632 0.000253646 -30.1556 0.012506 0.951119 0.119233
-32.2658 0.000218381 -31.8262 0.000987428 -0.15627 0.118337
-32.2689 0.00017498 -31.8903 0.000545654 -1.34078 0.112843
-32.2605 0.000170259 -31.9043 0.00044879 -2.8829 0.105691
-32.2042 0.000198584 -31.9025 0.000447181 -4.66992 0.097402
-32.1058 0.00024812 -31.9136 0.000384822 -6.93512 0.0868956
-31.9352 0.000333978 -31.9212 0.00033238 -9.53566 0.0748339
-31.6107 0.000497257 -31.8504 0.000353855 -12.3319 0.0618644
-31.0458 0.000781572 -31.6896 0.000404419 -15.3979 0.0476438
-29.5526 0.00153305 -31.6539 0.000415644 -18.7878 0.031921
-24.226 0.00421368 -31.612 0.000428813 -22.3001 0.0156305
-17.6806 0.00750769 -31.3709 0.000504628 -25.4446 0.00104538
-11.3419 0.0106977 -31.117 0.000584491 -25.5596 0.000512166
-5.2616 0.0137577 -30.8674 0.000662956 -25.5874 0.000383381
0.00418255 0.0171053 -30.6704 0.000724919 -25.6057 0.000298601
0.0323619 0.0218194 -30.7255 0.000707583 -25.6257 0.00020564
0.0690607 0.0279588 -30.914 0.000648301 -25.6416 0.00013201
0.110131 0.0348294 -31.0854 0.000594409 -25.6498 9.36497e-05
0.145142 0.0406863 -31.2741 0.000535066 -25.6546 7.14929e-05
0.165896 0.0441583 -31.608 0.000430095 -25.6606 4.36046e-05
0.0525176 0.044779 -31.9242 0.000311657 -25.6664 1.69724e-05
-0.544922 0.0437503 -31.9395 0.00020588 -25.6682 8.61586e-06
-1.53389 0.0419313 -31.9487 0.000142935 -25.6057 1.98277e-05
-2.95438 0.0393186 -31.9551 9.86528e-05 -25.4945 3.97988e-05
-4.94254 0.0356619 -31.9636 3.96457e-05 -25.3623 6.35185e-05
-7.21524 0.0314817 -31.9716 -1.48809e-05 -25.1492 0.000101783
-9.43017 0.0274079 -31.9765 -4.91905e-05 -24.8278 0.000159477
-11.5203 0.0235635 -31.9801 -7.39074e-05 -24.4336 0.00023025
-13.392 0.020121 -31.984 -0.000100799 -23.9631 0.000314722
-14.7823 0.0175639 -31.9868 -0.000120034 -23.308 0.000432314
-15.6913 0.015892 -31.9881 -0.000128734 -22.2162 0.00062832
-16.0309 0.0152672 -31.9907 -0.000146643 -19.8792 0.00104786
-15.1005 0.0157355 -31.9876 -0.000148895 -15.2258 0.00188324
-12.8839 0.016851 -31.9358 -0.000132619 -10.441 0.00274221
-9.44442 0.018582 -31.8433 -0.000103521 -6.54013 0.00344251
-4.77899 0.0209299 -31.7487 -7.37993e-05 -2.67098 0.0041371
0.00436126 0.0240612 -31.7206 -6.49601e-05 0.000670757 0.00469124
0.0701396 0.0350142 -31.6201 -3.33467e-05 0.00508266 0.00518222
0.20244 0.0570439 -31.3851 4.05576e-05 -0.0322061 0.0052907
0.359655 0.0832224 -31.0596 0.0001429 -0.661946 0.00505259
0.516119 0.109276 -30.7751 0.000232352 -1.70116 0.00465966
0.675827 0.135869 -30.4271 0.000341788 -3.05466 0.0041479
0.8557 0.165821 -29.2431 0.000714064 -4.35755 0.00365527
1.04482 0.197312 -19.0765 0.00391086 -5.9481 0.00305388
1.22014 0.226505 -1.88581 0.00931633 -7.8061 0.00235136
1.38489 0.253937 0.0485387 0.0182548 -9.07947 0.00186989
1.53093 0.278256 0.179701 0.040806 -10.4233 0.00136178
1.65732 0.299301 0.350544 0.0701798 -11.1429 0.0010897
1.76814 0.317754 0.532607 0.101483 -11.3504 0.00101125
1.86156 0.333309 0.701084 0.13045 -10.9589 0.00108052
1.93973 0.346327 0.833869 0.15328 -8.86631 0.00145618
1.99548 0.355609 0.956976 0.174446 -4.63628 0.00221556
2.02664 0.360799 1.07783 0.195225 0.00601134 0.00371817
2.03604 0.362363 1.20438 0.216983 0.0411931 0.00764111
0.944883 0.361814 1.32331 0.237432 0.153555 0.02017
-0.0304966 0.360994 1.39333 0.249471 0.353238 0.0424357
-0.343828 0.357457 1.44376 0.258141 0.591407 0.0689928
-1.08855 0.349048 1.4863 0.265454 0.852205 0.0980731
-2.07951 0.33786 1.51734 0.270792 1.10791 0.126585
-3.17747 0.325464 1.54407 0.275388 1.32481 0.150771
-4.37275 0.311968 1.5584 0.277851 1.54302 0.175102
-5.68627 0.297138 1.56172 0.278423 1.80055 0.203818
-6.96878 0.282658 1.24704 0.278324 2.09118 0.236225
-8.21976 0.268534 0.513918 0.278093 2.38134 0.268579
-9.48303 0.254271 0.122551 0.27797 2.64269 0.297721
-10.6982 0.240552 1.56252 0.278561 2.87051 0.323124
-11.7993 0.228119 1.58245 0.281987 3.08083 0.346576
-12.8301 0.216481 1.61224 0.287108 3.28799 0.369675
-13.7503 0.206092 1.63906 0.29172 3.49607 0.392877
-14.5277 0.197314 1.66522 0.296218 3.68529 0.413977
-15.1159 0.190674 1.69116 0.300678 3.83917 0.431135
-15.5204 0.186106 1.73904 0.308909 3.95758 0.444338
-15.822 0.182701 1.81199 0.321453 4.04121 0.453663
-15.9325 0.181454 1.89591 0.335881 4.10381 0.460643
-15.1255 0.18186 1.98497 0.351194 4.14646 0.4654
-13.6856 0.182585 2.06899 0.365639 4.1649 0.467455
-11.5603 0.183654 2.14946 0.379476 3.35502 0.467407
-8.63822 0.185125 2.2444 0.395799 0.935889 0.466973
-5.14505 0.186883 2.35211 0.414319 -0.130318 0.464503
-1.38716 0.188774 2.45999 0.432867 -0.491798 0.458119
0.0162599 0.191877 2.55747 0.449627 -1.01292 0.448916
0.061792 0.198612 2.64375 0.464461 -1.62153 0.438168
0.133965 0.209287 2.72319 0.47812 -2.18205 0.428269
0.212662 0.220928 2.79437 0.490358 -2.64738 0.420051
0.279449 0.230807 2.85399 0.500607 -3.10108 0.412038
0.334201 0.238905 2.89885 0.508322 -3.59412 0.403331
0.380684 0.245781 2.92977 0.513637 -4.08143 0.394725
0.414703 0.250813 2.94837 0.516835 -4.47997 0.387686
0.429903 0.253061 2.86601 0.517687 -4.76187 0.382708
-0.0179458 0.252789 0.77026 0.517028 -4.97163 0.379003
-0.371103 0.249945 -0.125697 0.514807 -5.164 0.375606
-0.996243 0.24491 -0.471046 0.50937 -5.30463 0.373122
-1.7518 0.238824 -1.11065 0.499301 -5.29022 0.372338
-2.57916 0.23216 -2.04479 0.484596 -4.21087 0.372532
-3.50116 0.224734 -3.09869 0.468005 -2.70036 0.372803
-4.54574 0.216321 -3.95981 0.454449 -1.62674 0.372996
-5.72029 0.206861 -4.78399 0.441475 -0.526726 0.373193
-6.9028 0.197337 -5.98824 0.422517 0.00233867 0.373427
-8.02955 0.188262 -7.35412 0.401015 0.0099972 0.373883
-9.13813 0.179333 -8.71171 0.379643 0.0156886 0.374222
-10.1417 0.17125 -10.056 0.358481 -0.00667067 0.374165
-10.9908 0.164412 -11.3187 0.338603 -0.061814 0.373382
-11.6301 0.159262 -12.5538 0.31916 -0.221719 0.371113
-12.0317 0.156028 -13.8084 0.299411 -0.567053 0.366211
-12.1748 0.154875 -15.0871 0.279281 -1.105 0.358574
-11.2274 0.155352 -16.3894 0.25878 -1.8213 0.348407
-9.33071 0.156307 -17.5309 0.24081 -2.55912 0.337933
-6.52408 0.157719 -18.4161 0.226874 -3.46106 0.325131
-2.33503 0.159827 -19.1465 0.215377 -4.56638 0.309441
0.0157626 0.163384 -19.8397 0.204464 -5.84655 0.291269
0.0907565 0.174716 -20.5483 0.193308 -7.22763 0.271665
0.236246 0.1967 -21.2173 0.182777 -8.67395 0.251134
0.415312 0.223757 -21.7485 0.174415 -10.2196 0.229194
0.594865 0.250888 -22.1147 0.16865 -11.895 0.205412
0.789907 0.280359 -22.4049 0.164081 -13.6749 0.180146
1.02097 0.315273 -22.6296 0.160544 -15.4886 0.154401
1.25916 0.351264 -22.7598 0.158494 -17.2876 0.128865
1.46629 0.382561 -22.8045 0.15779 -19.0761 0.103477
1.71021 0.419419 -22.8387 0.157253 -20.8415 0.0784176
1.9643 0.457811 -22.42 0.157165 -22.545 0.0542366
2.21236 0.495294 -20.7333 0.157696 -24.1891 0.0308996
2.46909 0.534086 -18.963 0.158252 -25.7087 0.00932805
2.7411 0.575187 -17.4549 0.158726 -26.3179 0.000680908
3.02023 0.617365 -17.1946 0.158808 -26.3293 0.000519548
3.29177 0.658395 -14.8237 0.159554 -26.3343 0.000448493
3.56633 0.699882 -12.5803 0.160259 -26.3395 0.000374874
3.84347 0.741758 -9.26862 0.161301 -26.3452 0.000293459
4.11903 0.783396 -5.30797 0.162546 -26.3481 0.000252334
4.38614 0.823756 -0.406158 0.164087 -26.339 0.000249804
4.64519 0.862899 0.018025 0.167003 -26.3254 0.000252241
4.89525 0.900684 0.0598006 0.173464 -26.3485 0.000247006
5.13308 0.936619 0.138402 0.18562 -26.3086 0.000253889
5.3574 0.970515 0.250772 0.202999 -26.1238 0.000287069
5.57235 1.00299 0.382469 0.223368 -25.8201 0.000341582
5.78097 1.03452 0.523886 0.245239 -25.42 0.000413411
5.98172 1.06485 0.678895 0.269213 -24.8097 0.000522981
6.17166 1.09355 0.858076 0.296925 -23.5882 0.00074227
6.3516 1.12074 1.06538 0.328987 -19.6602 0.00144742
6.52474 1.1469 1.29378 0.364311 -10.5984 0.0030742
6.69323 1.17236 1.53029 0.40089 0.0054225 0.00558001
6.85591 1.19694 1.78923 0.440937 0.095516 0.0156015
7.01452 1.22091 2.06307 0.48329 0.324065 0.0410239
7.17219 1.24473 2.34689 0.527184 0.576861 0.0691435
7.32667 1.26808 2.63987 0.572497 0.842796 0.0987246
7.47278 1.29015 2.93192 0.617666 1.09991 0.127324
7.60254 1.30976 3.23559 0.664631 1.34485 0.15457
7.71902 1.32736 3.56522 0.715611 1.60798 0.18384
7.82665 1.34362 3.91065 0.769035 1.91167 0.21762
7.92139 1.35794 4.26976 0.824576 2.24532 0.254733
7.99694 1.36935 4.63409 0.880922 2.58634 0.292666
8.05456 1.37806 4.99258 0.936366 2.91493 0.329217
8.09688 1.38445 5.34387 0.990697 3.25114 0.366615
8.1221 1.38827 5.69363 1.04479 3.6234 0.408023
7.9611 1.3889 6.04688 1.09942 4.0399 0.454352
6.86756 1.38835 6.40281 1.15447 4.48441 0.503797
5.09692 1.38746 6.75266 1.20858 4.93557 0.553981
2.66277 1.38624 7.06315 1.2566 5.38403 0.603864
0.500065 1.38515 7.37028 1.3041 5.866 0.657477
-0.105876 1.38047 7.72488 1.35894 6.36895 0.713422
-0.391362 1.36852 8.05721 1.41034 6.89328 0.771745
-0.752719 1.3534 8.34144 1.4543 7.12096 0.831489
-1.08865 1.33934 8.59156 1.49298 7.12096 0.894577
-1.41756 1.32558 8.8364 1.53085 7.12096 0.961493
-1.84918 1.30751 8.93253 1.57084 7.12096 1.03049
-2.34513 1.28676 8.93253 1.61199 7.12096 1.09736
-2.75735 1.26951 8.93253 1.64883 7.12096 1.16028
-3.07687 1.25614 8.93253 1.67995 7.12096 1.22071
-3.4098 1.24221 8.93253 1.7096 7.12096 1.28216
-3.72822 1.22888 8.93253 1.74135 7.12096 1.34476
-3.99836 1.21758 8.93253 1.7751 7.12096 1.40506
-4.21953 1.20832 8.93253 1.80812 7.12096 1.45967
-4.38314 1.20148 8.93253 1.83866 7.12096 1.50801
-4.47166 1.19777 8.93253 1.86826 7.12096 1.55293
-4.3419 1.19722 8.93253 1.89918 7.12096 1.59676
-3.45466 1.19767 8.93253 1.93202 7.12096 1.638
-1.68523 1.19856 8.93253 1.96575 7.12096 1.67409
0.0208926 1.20014 8.93253 1.9995 7.12096 1.7042
0.248964 1.20808 8.93253 2.0375 7.12096 1.72718
0.64007 1.22172 8.93253 2.07724 7.12096 1.74583
1.07247 1.23679 8.93253 2.11219 7.12096 1.76321
1.52861 1.25268 8.93253 2.14416 7.12096 1.77693
2.08271 1.27199 8.93253 2.17389 7.12096 1.78654
2.75834 1.29554 8.93253 2.20419 7.12096 1.7924
3.25663 1.31291 8.93253 2.23618 7.09503 1.79371
2.71749 1.31503 8.93253 2.26191 6.63777 1.79363
3.44768 1.31957 8.93253 2.28283 4.8845 1.79331
3.81418 1.33234 8.93253 2.30085 2.20381 1.79283
4.28889 1.34888 8.93253 2.31666 -0.0148042 1.79144
4.69435 1.36301 8.93253 2.33312 -0.143875 1.78275
5.04765 1.37533 8.93253 2.34946 -0.342161 1.76941
5.51555 1.39164 8.93253 2.36419 -0.570946 1.75401
6.11814 1.41264 8.93253 2.37719 -0.810864 1.73786
6.77017 1.43536 8.93253 2.38721 -1.03429 1.72283
7.42644 1.45823 8.93253 2.39472 -1.2595 1.70767
8.1441 1.48325 8.93253 2.40103 -1.51506 1.69047
8.93253 1.51214 8.93253 2.40644 -1.79762 1.67145
8.93253 1.54598 8.93253 2.41025 -2.08169 1.65233
8.93253 1.57913 8.716 2.41111 -2.34581 1.63456
8.93253 1.61172 6.21777 2.41033 -2.59118 1.61804
8.93253 1.64151 3.07362 2.40934 -2.83648 1.60153
8.93253 1.66887 -0.00120261 2.40828 -3.09332 1.58425
8.93253 1.69591 -0.0463956 2.40502 -3.3535 1.56674
8.93253 1.72323 -0.16827 2.39622 -3.59338 1.55059
8.93253 1.74983 -0.351047 2.38302 -3.80433 1.53639
8.93253 1.77533 -0.54157 2.36926 -4.0032 1.52301
8.93253 1.80044 -0.70772 2.35726 -4.20795 1.50923
8.93253 1.82469 -0.854579 2.34666 -4.42818 1.49441
8.93253 1.84803 -0.998802 2.33624 -4.65187 1.47935
8.93253 1.87187 -1.13422 2.32647 -4.86757 1.46483
8.93253 1.89772 -1.28874 2.31531 -5.06466 1.45157
8.93253 1.92343 -1.42664 2.30535 -5.25587 1.4387
8.93253 1.94781 -1.51979 2.29862 -5.46306 1.42476
8.93253 1.97244 -1.5782 2.2944 -5.68543 1.40979
8.93253 1.99836 -1.61651 2.29164 -5.90994 1.39468
8.93253 2.02499 -1.64107 2.28986 -6.12206 1.3804
8.93253 2.05152 -1.65731 2.28869 -6.32223 1.36693
8.93253 2.07834 -1.24428 2.28863 -6.52121 1.35354
8.93253 2.10575 0.0240984 2.28935 -6.71905 1.34023
8.93253 2.13336 0.305548 2.2932 -6.91363 1.32713
8.93253 2.16017 0.818505 2.30021 -7.10415 1.31431
8.93253 2.18692 1.42023 2.30844 -7.27524 1.30279
8.93253 2.21352 2.10348 2.31779 -7.43069 1.29233
8.93253 2.2397 2.85533 2.32807 -7.56802 1.28309
8.93253 2.26484 3.7322 2.34006 -7.68468 1.27524
8.93253 2.28857 4.75998 2.35412 -7.78082 1.26876
8.93253 2.31126 5.84515 2.36896 -7.84987 1.26412
8.93253 2.333 6.93543 2.38387 -7.88705 1.26162
8.93253 2.35386 8.11036 2.39994 -7.42333 1.2615
8.93253 2.37251 8.93253 2.41755 -5.73432 1.2618
8.93253 2.38846 8.93253 2.43769 -3.20249 1.26225
8.93253 2.40234 8.93253 2.45905 0.00502471 1.2632
8.93253 2.41459 8.93253 2.48055 0.0949838 1.26991
8.93253 2.42507 8.93253 2.50068 0.309151 1.28588
8.93253 2.43384 8.93253 2.51802 0.576919 1.30584
8.93253 2.44022 8.93253 2.53394 0.837516 1.32527
8.93253 2.44394 8.93253 2.5512 1.10425 1.34515
8.93253 2.4465 8.93253 2.56861 1.35863 1.36412
8.93253 2.44813 8.93253 2.58488 1.63889 1.38501
8.76367 2.44826 8.93253 2.6004 1.9675 1.40951
8.09792 2.44793 8.93253 2.6161 2.33902 1.43721
6.9648 2.44736 8.93253 2.63289 2.72391 1.4659
5.39219 2.44657 8.93253 2.65058 3.09818 1.49381
3.53971 2.44563 8.93253 2.66849 3.4659 1.52122
1.51895 2.44462 8.93253 2.68669 3.84704 1.54964
-0.00702141 2.44334 8.93253 2.70574 4.25417 1.57999
-0.0421 2.44076 8.93253 2.7264 4.67511 1.61137
-0.105835 2.43608 8.93253 2.74879 5.08499 1.64193
-0.187855 2.43005 8.93253 2.77221 5.47387 1.67092
-0.270724 2.42396 8.93253 2.79732 5.84422 1.69853
