-0.048706 -2.45117e-05 -0.117767 -3.70306e-05 -0.0374819 -6.7288e-06
-0.0479734 -2.4143e-05 -0.117982 -3.70983e-05 -0.0374154 -6.71686e-06
-0.046336 -2.3319e-05 -0.118449 -3.72451e-05 -0.0373047 -6.69698e-06
-0.043083 -2.16819e-05 -0.119311 -3.75164e-05 -0.0371585 -6.67075e-06
-0.0395536 -1.99057e-05 -0.120114 -3.77688e-05 -0.0370833 -6.65723e-06
-0.0352673 -1.77486e-05 -0.120892 -3.80136e-05 -0.0371063 -6.66137e-06
-0.030341 -1.52694e-05 -0.12152 -3.82109e-05 -0.0373033 -6.69674e-06
-0.0248941 -1.25282e-05 -0.121864 -3.8319e-05 -0.0377457 -6.77615e-06
-0.0190244 -9.57419e-06 -0.121788 -3.82951e-05 -0.0384852 -6.90892e-06
-0.0127983 -6.44086e-06 -0.121168 -3.81002e-05 -0.0395568 -7.10128e-06
-0.00620884 -3.12465e-06 -0.119917 -3.77067e-05 -0.0409784 -7.35649e-06
0.000855491 4.30533e-07 -0.117995 -3.71025e-05 -0.0427453 -7.67369e-06
0.00857351 4.31469e-06 -0.115364 -3.62753e-05 -0.0448357 -8.04896e-06
0.0168699 8.48995e-06 -0.111949 -3.52014e-05 -0.0472253 -8.47795e-06
0.0257698 1.29689e-05 -0.107739 -3.38775e-05 -0.0498218 -8.94407e-06
0.0352686 1.77492e-05 -0.102685 -3.22884e-05 -0.0525587 -9.43541e-06
0.0453297 2.28125e-05 -0.0967602 -3.04254e-05 -0.0553455 -9.9357e-06
0.0558395 2.81017e-05 -0.0899329 -2.82786e-05 -0.0580704 -1.04249e-05
0.0667145 3.35747e-05 -0.0821789 -2.58404e-05 -0.0605999 -1.0879e-05
0.077912 3.92099e-05 -0.0735039 -2.31126e-05 -0.0627732 -1.12691e-05
0.0893737 4.49781e-05 -0.0639382 -2.01048e-05 -0.0644259 -1.15658e-05
0.101185 5.09224e-05 -0.0535694 -1.68444e-05 -0.0653665 -1.17347e-05
0.113567 5.71538e-05 -0.0425315 -1.33736e-05 -0.0653849 -1.1738e-05
0.126664 6.37446e-05 -0.0309413 -9.72922e-06 -0.0642783 -1.15393e-05
0.140687 7.08018e-05 -0.0189301 -5.9524e-06 -0.0618347 -1.11006e-05
0.156033 7.8525e-05 -0.0066688 -2.09694e-06 -0.0578502 -1.03853e-05
0.17294 8.70337e-05 0.00564579 1.77527e-06 -0.0521236 -9.35729e-06
0.191609 9.64288e-05 0.0178752 5.62071e-06 -0.0445632 -8.00005e-06
0.212449 0.000106917 0.0300831 9.45937e-06 -0.0351116 -6.30327e-06
0.235904 0.00011872 0.0422662 1.32902e-05 -0.0235828 -4.23362e-06
0.262153 0.000131931 0.054507 1.71392e-05 -0.0105394 -1.89205e-06
0.291021 0.000146459 0.0670258 2.10757e-05 0.00425533 7.63922e-07
0.322071 0.000162085 0.08019 2.5215e-05 0.0206809 3.71266e-06
0.354998 0.000178656 0.0943755 2.96755e-05 0.0386134 6.93193e-06
0.389906 0.000196224 0.109838 3.45375e-05 0.0579261 1.0399e-05
0.427035 0.000214909 0.126771 3.98621e-05 0.078461 1.40854e-05
0.466428 0.000234734 0.145424 4.57273e-05 0.100054 1.79617e-05
0.507948 0.000255629 0.166118 5.22344e-05 0.12258 2.20057e-05
0.551379 0.000277486 0.189201 5.94924e-05 0.145954 2.62018e-05
0.596661 0.000300275 0.214936 6.75847e-05 0.170121 3.05404e-05
0.644012 0.000324105 0.243452 7.65513e-05 0.19507 3.50191e-05
0.693612 0.000349066 0.274844 8.64223e-05 0.220828 3.96433e-05
0.74512 0.000374988 0.309334 9.72672e-05 0.247452 4.44229e-05
0.797568 0.000401383 0.347296 0.000109204 0.275027 4.93732e-05
0.849809 0.000427673 0.389092 0.000122347 0.303701 5.45208e-05
0.901178 0.000453526 0.434828 0.000136728 0.333743 5.99141e-05
0.95108 0.000478639 0.484443 0.000152329 0.365501 6.56153e-05
0.998591 0.000502549 0.537844 0.00016912 0.399394 7.16997e-05
1.04279 0.000524793 0.594832 0.00018704 0.435963 7.82647e-05
1.08278 0.000544921 0.65507 0.000205981 0.475846 8.54244e-05
1.12521 0.000566272 0.734239 0.000230875 0.53138 9.53941e-05
1.15735 0.000582446 0.816523 0.000256748 0.594571 0.000106738
1.17762 0.000592648 0.900207 0.000283062 0.667004 0.000119741
1.18515 0.000596438 0.983064 0.000309116 0.750321 0.000134699
1.17945 0.000593566 1.06251 0.000334097 0.846037 0.000151882
1.15937 0.000583464 1.13603 0.000357213 0.955329 0.000171502
1.1253 0.000566315 1.20066 0.000377536 1.07916 0.000193732
1.07926 0.000543148 1.25304 0.000394007 1.21806 0.000218667
1.02287 0.00051477 1.29019 0.000405689 1.37173 0.000246254
0.956871 0.000481554 1.30991 0.000411889 1.53901 0.000276286
0.882035 0.000443892 1.3106 0.000412105 1.71787 0.000308395
0.800315 0.000402766 1.2909 0.000405911 1.90536 0.000342053
0.713715 0.000359183 1.25011 0.000393086 2.09753 0.000376551
0.623828 0.000313947 1.18848 0.000373708 2.28954 0.00041102
0.532882 0.000268178 1.1069 0.000348056 2.47579 0.000444457
0.443437 0.000223163 1.00686 0.000316598 2.64998 0.000475727
0.357536 0.000179933 0.890683 0.000280067 2.80522 0.000503597
0.277776 0.000139793 0.761225 0.00023936 2.9345 0.000526805
0.206119 0.000103731 0.622048 0.000195597 3.03067 0.000544069
0.143651 7.22937e-05 0.477326 0.000150091 3.08674 0.000554135
0.0921418 4.63712e-05 0.331253 0.00010416 3.0964 0.00055587
0.0528857 2.66152e-05 0.188148 5.91615e-05 3.05416 0.000548286
0.0258491 1.30088e-05 0.0526736 1.65627e-05 2.95552 0.000530579
0.0100133 5.03928e-06 -0.0707464 -2.22456e-05 2.79747 0.000502205
0.00363517 1.82943e-06 -0.178104 -5.60033e-05 2.57863 0.000462919
0.00564674 2.84177e-06 -0.266373 -8.37585e-05 2.29957 0.000412822
0.0149659 7.5317e-06 -0.334151 -0.000105071 1.96359 0.000352507
0.0299934 1.50944e-05 -0.381248 -0.00011988 1.57427 0.000282615
0.0492046 2.47626e-05 -0.405513 -0.00012751 1.13874 0.000204429
0.0717901 3.6129e-05 -0.408134 -0.000128334 0.665669 0.000119502
0.0959668 4.82961e-05 -0.391701 -0.000123167 0.164899 2.96029e-05
0.119213 5.99952e-05 -0.358843 -0.000112835 -0.358927 -6.4435e-05
0.140087 7.04998e-05 -0.313529 -9.85863e-05 -0.891589 -0.000160059
0.158831 7.9933e-05 -0.260497 -8.19111e-05 -1.41437 -0.00025391
0.175365 8.82541e-05 -0.204952 -6.44453e-05 -1.91339 -0.000343494
0.187558 9.43901e-05 -0.151507 -4.76399e-05 -2.37612 -0.000426565
0.193342 9.73009e-05 -0.104298 -3.27956e-05 -2.79108 -0.000501057
0.192149 9.67007e-05 -0.0674943 -2.1223e-05 -3.14728 -0.000565003
0.18351 9.2353e-05 -0.0448769 -1.41111e-05 -3.43506 -0.000616666
0.166876 8.3982e-05 -0.039263 -1.23459e-05 -3.64755 -0.000654813
0.148035 7.44998e-05 -0.0483585 -1.52059e-05 -3.76015 -0.000675027
0.118769 5.97716e-05 -0.077832 -2.44736e-05 -3.82699 -0.000687027
0.0836096 4.20773e-05 -0.127435 -4.00707e-05 -3.81152 -0.000684248
0.0420026 2.11382e-05 -0.195695 -6.15345e-05 -3.71596 -0.000667094
-0.00553329 -2.78468e-06 -0.280237 -8.8118e-05 -3.54515 -0.00063643
-0.0572095 -2.87912e-05 -0.377681 -0.000118758 -3.30631 -0.000593554
-0.112912 -5.68241e-05 -0.484477 -0.00015234 -3.00818 -0.000540032
-0.171053 -8.6084e-05 -0.595732 -0.000187323 -2.66133 -0.000477766
-0.23093 -0.000116218 -0.706645 -0.000222198 -2.27732 -0.000408827
-0.291698 -0.000146799 -0.812146 -0.000255372 -1.86855 -0.000335445
-0.352355 -0.000177325 -0.907093 -0.000285227 -1.44776 -0.000259903
-0.412174 -0.00020743 -0.986844 -0.000310304 -1.02722 -0.000184408
-0.470773 -0.00023692 -1.04726 -0.000329302 -0.618591 -0.00011105
-0.528068 -0.000265755 -1.08492 -0.000341144 -0.232502 -4.17391e-05
-0.584194 -0.000294001 -1.09746 -0.000345087 0.120059 2.15532e-05
-0.639622 -0.000321895 -1.08357 -0.000340719 0.427537 7.67521e-05
-0.695033 -0.000349781 -1.04341 -0.00032809 0.692272 0.000124277
-0.751281 -0.000378088 -0.978235 -0.000307597 0.910475 0.00016345
-0.809048 -0.00040716 -0.890824 -0.000280112 1.0816 0.000194171
-0.868484 -0.000437072 -0.785426 -0.00024697 1.20581 0.000216468
-0.929633 -0.000467846 -0.667306 -0.000209829 1.28568 0.000230807
-0.992464 -0.000499466 -0.54258 -0.000170609 1.3257 0.000237992
-1.05622 -0.000531552 -0.418167 -0.000131489 1.33153 0.000239038
-1.12002 -0.000563661 -0.301176 -9.47022e-05 1.30908 0.000235007
-1.18387 -0.000595793 -0.198222 -6.23291e-05 1.2646 0.000227022
-1.24806 -0.000628096 -0.115627 -3.63578e-05 1.20395 0.000216134
-1.31211 -0.000660328 -0.0597081 -1.87747e-05 1.1328 0.000203362
-1.37428 -0.000691616 -0.0345296 -1.08575e-05 1.056 0.000189575
-1.43228 -0.000720807 -0.0431631 -1.35722e-05 0.977026 0.000175397
-1.484 -0.000746834 -0.0894038 -2.81122e-05 0.897874 0.000161188
-1.52694 -0.000768444 -0.173345 -5.45069e-05 0.819016 0.000147031
-1.55951 -0.000784838 -0.293222 -9.2201e-05 0.739362 0.000132731
-1.58234 -0.000796328 -0.445086 -0.000139953 0.655867 0.000117742
-1.59682 -0.000803615 -0.623318 -0.000195997 0.563816 0.000101217
-1.60501 -0.000807734 -0.820967 -0.000258146 0.457687 8.21646e-05
-1.60913 -0.000809808 -1.02999 -0.000323872 0.331495 5.95104e-05
-1.61037 -0.000810431 -1.2423 -0.00039063 0.179382 3.22028e-05
-1.6087 -0.000809592 -1.45025 -0.000456019 -0.00454385 -8.15718e-07
-1.60328 -0.000806867 -1.64689 -0.000517849 -0.228921 -4.10962e-05
-1.59354 -0.000801963 -1.8257 -0.000574073 -0.493504 -8.85945e-05
-1.57933 -0.000794812 -1.9809 -0.000622877 -0.799363 -0.000143503
-1.56001 -0.000785086 -2.10813 -0.000662882 -1.14646 -0.000205813
-1.53398 -0.000771991 -2.20459 -0.000693212 -1.53278 -0.000275167
-1.50116 -0.00075547 -2.26836 -0.000713264 -1.95387 -0.000350761
-1.46312 -0.000736327 -2.29834 -0.000722692 -2.4033 -0.000431443
-1.42229 -0.000715779 -2.29464 -0.000721528 -2.87276 -0.000515722
-1.38187 -0.000695436 -2.25859 -0.000710193 -3.35251 -0.000601847
-1.34368 -0.000676217 -2.19332 -0.00068967 -3.8309 -0.000687729
-1.30767 -0.000658098 -2.10378 -0.000661513 -4.29487 -0.00077102
-1.27331 -0.000640804 -1.99601 -0.000627626 -4.73068 -0.000849258
-1.23964 -0.00062386 -1.87671 -0.000590115 -5.12459 -0.000919973
-1.2051 -0.000606476 -1.7529 -0.000551184 -5.4633 -0.000980778
-1.16787 -0.000587741 -1.63145 -0.000512993 -5.73456 -0.00102948
-1.12685 -0.000567097 -1.51528 -0.000476466 -5.82502 -0.00104571
-1.08078 -0.000543911 -1.41366 -0.000444513 -5.81623 -0.00104414
-1.03009 -0.000518399 -1.33101 -0.000418523 -5.79701 -0.00104069
-0.97475 -0.000490551 -1.26463 -0.000397652 -5.73011 -0.00102868
-0.915102 -0.000460533 -1.21705 -0.000382691 -5.57915 -0.00100158
-0.851177 -0.000428362 -1.18868 -0.000373768 -5.32238 -0.000955481
-0.783092 -0.000394098 -1.17532 -0.000369568 -4.9714 -0.000892473
-0.709968 -0.000357298 -1.17256 -0.000368701 -4.55507 -0.000817732
-0.630163 -0.000317135 -1.1771 -0.000370128 -4.0829 -0.000732968
-0.542573 -0.000273055 -1.18418 -0.000372354 -3.55271 -0.000637787
-0.447185 -0.00022505 -1.18692 -0.000373216 -2.97403 -0.000533902
-0.344547 -0.000173396 -1.17823 -0.000370484 -2.37122 -0.000425685
-0.235575 -0.000118555 -1.15173 -0.000362151 -1.76326 -0.000316544
-0.121938 -6.13662e-05 -1.10121 -0.000346266 -1.15811 -0.000207906
-0.00530213 -2.66834e-06 -1.02103 -0.000321053 -0.563433 -0.000101148
0.113955 5.73486e-05 -0.906702 -0.000285104 0.00498272 8.94504e-07
0.233058 0.000117288 -0.756078 -0.000237742 0.505356 9.07221e-05
0.350853 0.00017657 -0.568346 -0.000178711 0.959545 0.000172259
0.467157 0.000235101 -0.344716 -0.000108393 1.37547 0.000246926
0.581679 0.000292735 -0.09135 -2.87242e-05 1.75308 0.000314714
0.692863 0.000348689 0.18636 5.85993e-05 2.0878 0.000374805
0.799449 0.00040233 0.485207 0.000152569 2.37826 0.000426948
0.899882 0.000452873 0.798542 0.000251094 2.63393 0.000472846
0.993329 0.000499901 1.11752 0.000351393 2.86249 0.000513877
1.07894 0.000542984 1.43275 0.000450516 3.06948 0.000551038
1.15529 0.000581412 1.73563 0.000545753 3.25973 0.000585192
1.22155 0.000614756 2.01745 0.00063437 3.44132 0.000617791
1.26752 0.000637891 2.22176 0.000698611 3.58579 0.000643725
1.30761 0.000658066 2.4027 0.000755508 3.73283 0.000670123
1.34235 0.000675549 2.55681 0.000803965 3.8842 0.000697296
1.37254 0.000690742 2.68125 0.000843094 4.04096 0.000725439
1.39892 0.000704018 2.77385 0.000872212 4.20388 0.000754686
1.42196 0.000715616 2.83323 0.000890884 4.37313 0.00078507
1.44234 0.000725868 2.85887 0.000898946 4.54787 0.00081644
1.46122 0.000735372 2.85106 0.00089649 4.72602 0.00084842
1.4794 0.000744519 2.81107 0.000883915 4.90433 0.000880432
1.4967 0.000753228 2.74123 0.000861955 5.07884 0.00091176
1.51277 0.000761313 2.64468 0.000831595 5.24513 0.000941612
1.5273 0.000768626 2.52519 0.000794023 5.39838 0.000969123
1.54009 0.000775062 2.38696 0.000750559 5.52379 0.000991638
1.55152 0.000780814 2.2319 0.000701801 5.56641 0.000999289
1.5618 0.000785988 2.0683 0.000650358 5.57559 0.00100094
1.57164 0.00079094 1.90121 0.000597818 5.57218 0.00100032
1.58178 0.000796046 1.73377 0.000545168 5.56631 0.000999271
1.59349 0.000801939 1.56951 0.000493519 5.53474 0.000993604
1.60714 0.000808809 1.41316 0.000444356 5.4602 0.000980222
1.62277 0.000816673 1.26953 0.000399191 5.3278 0.000956454
1.64014 0.000825417 1.14185 0.000359044 5.13388 0.00092164
1.65908 0.000834947 1.03222 0.000324571 4.88463 0.000876895
1.67933 0.000845136 0.942628 0.000296401 4.58709 0.000823481
1.70055 0.000855816 0.874947 0.000275119 4.24248 0.000761615
1.72247 0.000866849 0.830139 0.00026103 3.84838 0.000690866
1.745 0.000878187 0.807878 0.00025403 3.4057 0.000611395
1.76827 0.000889895 0.806859 0.00025371 2.92181 0.000524528
1.7927 0.00090219 0.825194 0.000259475 2.40754 0.000432205
1.81853 0.000915191 0.860608 0.000270611 1.87217 0.000336095
1.84526 0.000928642 0.910491 0.000286296 1.32214 0.000237353
1.87204 0.000942122 0.971812 0.000305577 0.763799 0.000137118
1.89815 0.000955258 1.04118 0.000327391 0.206108 3.70008e-05
1.92278 0.000967654 1.11595 0.000350902 -0.317456 -5.69901e-05
1.94535 0.000979014 1.19172 0.000374724 -0.812967 -0.000145945
1.96502 0.000988911 1.26445 0.000397595 -1.27736 -0.000229313
1.98147 0.000997191 1.33114 0.000418564 -1.70597 -0.000306258
1.99498 0.00100399 1.38862 0.00043664 -2.09444 -0.000375996
2.00655 0.00100981 1.43338 0.000450713 -2.43485 -0.000437107
2.01666 0.0010149 1.4626 0.000459903 -2.71866 -0.000488058
2.02526 0.00101923 1.47469 0.000463703 -2.94043 -0.00052787
2.03249 0.00102287 1.46884 0.000461864 -3.09865 -0.000556274
2.03878 0.00102603 1.44472 0.000454281 -3.19366 -0.00057333
2.04472 0.00102902 1.40251 0.000441005 -3.2254 -0.000579029
2.05109 0.00103223 1.34316 0.000422345 -3.19015 -0.0005727
2.05905 0.00103624 1.2684 0.000398837 -3.08737 -0.000554248
2.06985 0.00104167 1.18057 0.000371219 -2.9204 -0.000524274
2.08402 0.0010488 1.08285 0.000340492 -2.69545 -0.000483891
2.10134 0.00105752 0.979156 0.000307887 -2.41975 -0.000434397
2.12144 0.00106763 0.873857 0.000274776 -2.10021 -0.000377033
2.14384 0.00107891 0.7716 0.000242623 -1.74367 -0.000313025
2.16802 0.00109108 0.677116 0.000212913 -1.35771 -0.000243738
2.19354 0.00110392 0.595023 0.0001871 -0.950929 -0.000170712
2.22001 0.00111724 0.52968 0.000166553 -0.532126 -9.55279e-05
2.24692 0.00113078 0.485079 0.000152529 -0.109386 -1.96371e-05
2.27369 0.00114426 0.464309 0.000145998 0.287148 5.15492e-05
2.29963 0.00115731 0.470658 0.000147994 0.670387 0.000120349
2.324 0.00116957 0.50606 0.000159126 1.03916 0.000186551
2.34571 0.0011805 0.571679 0.000179759 1.39069 0.000249658
2.36378 0.00118959 0.667794 0.000209982 1.72226 0.000309183
2.37757 0.00119653 0.793672 0.000249563 2.0306 0.000364536
2.38647 0.00120101 0.947598 0.000297964 2.31352 0.000415326
2.38957 0.00120257 1.12693 0.000354354 2.57124 0.000461592
2.38576 0.00120066 1.3282 0.00041764 2.80596 0.000503729
2.37406 0.00119476 1.54714 0.000486483 3.02053 0.000542249
2.35376 0.00118455 1.77876 0.000559317 3.21762 0.000577631
2.3243 0.00116972 2.01751 0.000634388 3.4 0.000610372
2.28523 0.00115006 2.25736 0.000709806 3.57129 0.000641122
2.23624 0.00112541 2.49203 0.000783597 3.736 0.000670692
2.17712 0.00109565 2.7152 0.000853771 3.89884 0.000699925
2.10775 0.00106074 2.92069 0.000918385 4.06388 0.000729553
2.02819 0.0010207 3.1026 0.000975583 4.23433 0.000760152
1.93873 0.000975684 3.25544 0.00102364 4.41278 0.000792188
1.84003 0.000926013 3.37432 0.00106102 4.60135 0.00082604
1.73284 0.000872065 3.4551 0.00108642 4.8014 0.000861953
1.61762 0.000814082 3.49465 0.00109886 5.01312 0.000899961
1.49471 0.000752227 3.49095 0.0010977 5.23526 0.00093984
1.36465 0.000686773 3.44297 0.00108261 5.46529 0.000981136
1.22892 0.000618464 3.34758 0.00105262 5.57948 0.00100164
1.08877 0.000547933 3.20601 0.0010081 5.60329 0.00100591
0.945116 0.000475638 3.0254 0.000951309 5.60704 0.00100658
0.798392 0.000401797 2.80594 0.000882302 5.61406 0.00100784
0.649048 0.000326639 2.5505 0.000801983 5.64076 0.00101264
0.498349 0.000250798 2.2658 0.00071246 5.68153 0.00101995
0.34701 0.000174636 1.95812 0.000615712 5.71386 0.00102576
0.19553 9.84021e-05 1.63342 0.000513614 5.72725 0.00102816
0.0442417 2.2265e-05 1.29749 0.000407984 5.72833 0.00102836
-0.104945 -5.28144e-05 0.957442 0.000301059 5.72665 0.00102806
-0.252659 -0.000127153 0.617662 0.000194218 5.68331 0.00102028
-0.398862 -0.000200731 0.285054 8.96328e-05 5.57165 0.00100023
-0.543475 -0.000273508 -0.0343414 -1.07983e-05 5.37349 0.000964655
-0.687076 -0.000345777 -0.336258 -0.000105733 5.08494 0.000912855
-0.829433 -0.000417419 -0.616888 -0.000193975 4.7125 0.000845994
-0.969852 -0.000488086 -0.875953 -0.000275435 4.26398 0.000765476
-1.10842 -0.000557824 -1.11084 -0.000349292 3.73476 0.000670468
-1.24501 -0.000626561 -1.31713 -0.00041416 3.12194 0.000560455
-1.37955 -0.00069427 -1.49451 -0.000469935 2.42756 0.000435799
-1.51225 -0.000761055 -1.64438 -0.000517062 1.66072 0.000298134
-1.64345 -0.000827078 -1.76886 -0.000556202 0.833928 0.000149708
-1.7732 -0.000892377 -1.87007 -0.000588026 0.0148768 2.67071e-06
-1.90165 -0.000957024 -1.943 -0.000610958 -0.703434 -0.000126281
-2.02567 -0.00101944 -2.00662 -0.000630962 -1.4175 -0.000254471
-2.14375 -0.00107886 -2.06032 -0.000647849 -2.14504 -0.00038508
-2.25389 -0.00113429 -2.10787 -0.000662801 -2.89171 -0.000519124
-2.3552 -0.00118528 -2.15538 -0.000677738 -3.64984 -0.000655224
-2.44658 -0.00123126 -2.20881 -0.00069454 -4.3975 -0.000789445
-2.5271 -0.00127179 -2.27298 -0.000714718 -5.11475 -0.000918206
-2.59574 -0.00130633 -2.35081 -0.00073919 -5.79508 -0.00104034
-2.65408 -0.00133569 -2.42722 -0.000763219 -5.90919 -0.00106082
-2.69906 -0.00135832 -2.52751 -0.000794752 -5.91965 -0.0010627
-2.73377 -0.0013758 -2.65 -0.000833269 -5.89828 -0.00105887
-2.7581 -0.00138804 -2.78695 -0.000876332 -5.89322 -0.00105796
-2.77484 -0.00139646 -2.93752 -0.000923675 -5.94746 -0.0010677
-2.78536 -0.00140176 -3.10271 -0.000975619 -6.02343 -0.00108133
-2.79029 -0.00140424 -3.28161 -0.00103187 -6.0681 -0.00108935
-2.79089 -0.00140454 -3.47009 -0.00109114 -6.06845 -0.00108942
-2.78868 -0.00140342 -3.66191 -0.00115145 -6.05299 -0.00108664
-2.78493 -0.00140154 -3.85238 -0.00121135 -6.05814 -0.00108756
-2.78044 -0.00139928 -4.03815 -0.00126976 -6.08908 -0.00109312
-2.77588 -0.00139698 -4.21571 -0.00132559 -6.12168 -0.00109897
-2.77163 -0.00139485 -4.38082 -0.00137751 -6.13304 -0.00110101
-2.76788 -0.00139296 -4.52914 -0.00142415 -6.12404 -0.0010994
-2.75774 -0.00138786 -4.58499 -0.00144171 -6.09927 -0.00109495
-2.75218 -0.00138506 -4.58452 -0.00144156 -6.08877 -0.00109306
-2.74562 -0.00138176 -4.55884 -0.00143349 -6.08598 -0.00109256
-2.7372 -0.00137752 -4.55318 -0.00143171 -6.08279 -0.00109199
-2.73117 -0.00137448 -4.58133 -0.00144056 -6.07191 -0.00109004
-2.72682 -0.00137229 -4.59986 -0.00144639 -6.02398 -0.00108143
-2.72211 -0.00136993 -4.5765 -0.00143904 -5.9368 -0.00106578
-2.71696 -0.00136733 -4.51324 -0.00141915 -5.82698 -0.00104607
-2.71265 -0.00136517 -4.42853 -0.00139251 -5.70036 -0.00102334
-2.70984 -0.00136375 -4.32928 -0.0013613 -5.54453 -0.000995361
-2.70908 -0.00136337 -4.20766 -0.00132306 -5.34487 -0.000959518
-2.71107 -0.00136437 -4.05803 -0.00127601 -5.103 -0.000916097
-2.71601 -0.00136686 -3.88654 -0.00122209 -4.83252 -0.00086754
-2.72356 -0.00137065 -3.70357 -0.00116455 -4.53982 -0.000814995
-2.73325 -0.00137553 -3.51393 -0.00110492 -4.21621 -0.0007569
-2.74441 -0.00138115 -3.31739 -0.00104312 -3.84981 -0.000691122
-2.75607 -0.00138702 -3.11558 -0.000979667 -3.4396 -0.000617482
-2.76749 -0.00139276 -2.91436 -0.000916395 -2.9944 -0.000537558
-2.77839 -0.00139825 -2.72 -0.000855278 -2.52085 -0.000452546
-2.78869 -0.00140343 -2.53563 -0.000797305 -2.01727 -0.000362144
-2.79819 -0.00140821 -2.36227 -0.000742795 -1.47924 -0.000265556
-2.80647 -0.00141238 -2.20175 -0.00069232 -0.907889 -0.000162985
-2.81306 -0.0014157 -2.05699 -0.000646802 -0.303642 -5.45103e-05
-2.81644 -0.0014174 -1.93869 -0.000609602 0.0353426 6.34475e-06
-2.81745 -0.00141791 -1.83937 -0.000578372 0.267501 4.80222e-05
-2.8153 -0.00141683 -1.75648 -0.000552309 0.486681 8.73695e-05
-2.81069 -0.0014145 -1.6935 -0.000532507 0.725869 0.000130309
-2.80397 -0.00141112 -1.65073 -0.000519057 1.00256 0.000179982
-2.79489 -0.00140655 -1.62412 -0.000510689 1.29265 0.000232058
-2.78402 -0.00140108 -1.61029 -0.000506342 1.5621 0.000280431
-2.77207 -0.00139507 -1.60712 -0.000505344 1.80282 0.000323644
-2.75985 -0.00138892 -1.61327 -0.000507278 2.03087 0.000364585
-2.74769 -0.0013828 -1.62634 -0.000511387 2.26361 0.000406366
-2.73509 -0.00137646 -1.64314 -0.00051667 2.49866 0.000448562
-2.72092 -0.00136933 -1.66074 -0.000522206 2.71815 0.000487966
-2.70439 -0.00136101 -1.67683 -0.000527266 2.90782 0.000522015
-2.68545 -0.00135148 -1.68941 -0.00053122 3.06844 0.000550851
-2.66432 -0.00134084 -1.69641 -0.000533422 3.20979 0.000576225
-2.64102 -0.00132912 -1.69586 -0.000533247 3.33676 0.00059902
-2.6154 -0.00131622 -1.68616 -0.000530199 3.44393 0.000618259
-2.58732 -0.00130209 -1.66634 -0.000523965 3.52212 0.000632296
-2.55687 -0.00128677 -1.63586 -0.000514381 3.56776 0.000640488
-2.52432 -0.00127039 -1.59459 -0.000501403 3.58475 0.000643538
-2.48999 -0.00125311 -1.54301 -0.000485185 3.56785 0.000640505
-2.45415 -0.00123507 -1.48303 -0.000466326 3.49605 0.000627615
-2.4173 -0.00121653 -1.41521 -0.000445 3.36237 0.000603617
-2.37992 -0.00119772 -1.34115 -0.000421711 3.16705 0.000568553
-2.34237 -0.00117882 -1.26318 -0.000397197 2.91721 0.000523701
-2.30487 -0.00115995 -1.18393 -0.000372275 2.62312 0.000470905
-2.26776 -0.00114127 -1.10593 -0.000347751 2.29244 0.000411541
-2.23139 -0.00112296 -1.0318 -0.000324441 1.92911 0.000346316
-2.19563 -0.00110497 -0.964385 -0.000303242 1.53694 0.000275914
-2.1598 -0.00108694 -0.90678 -0.000285129 1.12281 0.000201568
-2.12331 -0.00106857 -0.861873 -0.000271008 0.696049 0.000124956
-2.08615 -0.00104988 -0.831982 -0.000261609 0.265346 4.76352e-05
-2.04877 -0.00103106 -0.81716 -0.000256949 -0.0797451 -1.4316e-05
-2.01137 -0.00101224 -0.814792 -0.000256204 -0.321376 -5.76938e-05
-1.97276 -0.000992808 -0.836161 -0.000262923 -0.528865 -9.49425e-05
-1.93268 -0.000972637 -0.876627 -0.000275647 -0.725598 -0.00013026
-1.8912 -0.000951763 -0.934983 -0.000293997 -0.928667 -0.000166715
-1.84811 -0.000930077 -1.01105 -0.000317914 -1.1362 -0.000203972
-1.80309 -0.000907422 -1.10463 -0.000347341 -1.33284 -0.000239274
-1.75596 -0.000883703 -1.21411 -0.000381765 -1.50675 -0.000270494
-1.70649 -0.000858805 -1.33613 -0.000420135 -1.66054 -0.000298103
-1.65453 -0.000832655 -1.46713 -0.000461324 -1.80582 -0.000324182
-1.60003 -0.00080523 -1.6039 -0.000504331 -1.94948 -0.000349973
-1.54299 -0.000776522 -1.7433 -0.000548163 -2.08827 -0.000374889
-1.48335 -0.000746508 -1.88162 -0.000591659 -2.21495 -0.000397631
-1.42105 -0.000715157 -2.01478 -0.000633528 -2.32752 -0.000417839
-1.35604 -0.000682439 -2.13878 -0.000672519 -2.43107 -0.00043643
-1.28826 -0.000648329 -2.25003 -0.000707503 -2.53198 -0.000454544
-1.21778 -0.000612857 -2.34524 -0.000737441 -2.63189 -0.000472481
-1.14484 -0.000576151 -2.4213 -0.000761356 -2.72787 -0.000489711
-1.06984 -0.000538406 -2.47545 -0.000778384 -2.81701 -0.000505714
-0.993221 -0.000499847 -2.50549 -0.000787828 -2.89977 -0.000520571
-0.915468 -0.000460717 -2.50982 -0.000789189 -2.97881 -0.000534761
-0.836938 -0.000421196 -2.4875 -0.00078217 -3.05553 -0.000548533
-0.75773 -0.000381334 -2.43832 -0.000766707 -3.12834 -0.000561604
-0.677853 -0.000341135 -2.3628 -0.00074296 -3.19409 -0.000573408
-0.597367 -0.00030063 -2.26209 -0.000711294 -3.25043 -0.000583522
-0.516499 -0.000259932 -2.13789 -0.00067224 -3.2965 -0.000591792
-0.435775 -0.000219308 -1.99228 -0.000626455 -3.3317 -0.000598112
-0.355916 -0.000179118 -1.82777 -0.000574725 -3.35428 -0.000602166
-0.277635 -0.000139722 -1.64727 -0.000517969 -3.35941 -0.000603086
-0.201679 -0.000101497 -1.45364 -0.000457085 -3.33198 -0.000598162
-0.128581 -6.47095e-05 -1.25053 -0.000393219 -3.26449 -0.000586045
-0.0582325 -2.9306e-05 -1.04176 -0.000327573 -3.15262 -0.000565963
0.0103279 5.19759e-06 -0.831108 -0.000261334 -2.99386 -0.000537461
0.078643 3.95778e-05 -0.622098 -0.000195613 -2.78644 -0.000500226
0.145798 7.3374e-05 -0.419026 -0.000131759 -2.52792 -0.000453815
0.212674 0.00010703 -0.224695 -7.06532e-05 -2.2166 -0.000397927
0.279094 0.000140457 -0.0416423 -1.3094e-05 -1.85172 -0.000332424
0.345098 0.000173674 0.128031 4.02583e-05 -1.43422 -0.000257474
0.411111 0.000206895 0.277658 8.73069e-05 -0.967994 -0.000173776
0.477778 0.000240446 0.407322 0.000128079 -0.455103 -8.17006e-05
0.545229 0.000274391 0.512817 0.000161251 -0.0474241 -8.51364e-06
0.612651 0.000308322 0.598969 0.00018834 0.247355 4.44055e-05
0.678943 0.000341684 0.678092 0.00021322 0.521351 9.35936e-05
0.745281 0.000375069 0.744974 0.00023425 0.808903 0.000145215
0.811948 0.00040862 0.796378 0.000250414 1.13082 0.000203006
0.879858 0.000442796 0.836706 0.000263095 1.48056 0.000265792
0.949115 0.00047765 0.871952 0.000274177 1.83181 0.00032885
1.01984 0.000513241 0.905263 0.000284652 2.16767 0.000389143
1.09216 0.00054964 0.936995 0.00029463 2.49108 0.000447201
1.16613 0.000586864 0.968417 0.00030451 2.81512 0.000505374
1.24148 0.000624787 1.00315 0.000315431 3.14404 0.000564423
1.31788 0.000663232 1.04526 0.000328671 3.46718 0.000622432
1.39515 0.00070212 1.09732 0.000345042 3.76974 0.000676749
1.47343 0.000741516 1.16048 0.000364902 4.04589 0.000726323
1.55316 0.000781643 1.23563 0.000388534 4.30032 0.000771999
1.63498 0.00082282 1.32398 0.000416313 4.53883 0.000814816
1.71948 0.000865345 1.42643 0.000448529 4.76011 0.000854542
1.80718 0.000909477 1.54306 0.000485201 4.95712 0.000889908
1.89853 0.000955451 1.67315 0.000526107 5.12456 0.000919967
1.994 0.0010035 1.81566 0.000570918 5.26343 0.000944897
2.09391 0.00105378 1.96937 0.000619252 5.37839 0.000965535
2.19813 0.00110623 2.13278 0.000670635 5.47238 0.000982409
2.30594 0.00116048 2.30407 0.000724495 5.54464 0.000995381
2.41633 0.00121604 2.48118 0.000780185 5.59333 0.00100412
2.52829 0.00127239 2.66188 0.000837005 5.61905 0.00100874
2.64078 0.00132899 2.84378 0.000894201 5.62527 0.00100986
2.75248 0.00138521 3.02418 0.000950927 5.60943 0.00100701
2.86163 0.00144014 3.20025 0.00100629 5.56619 0.00099925
2.96617 0.00149275 3.36984 0.00105962 5.4968 0.000986792
3.0636 0.00154178 3.53032 0.00111008 5.40524 0.000970356
3.11562 0.00156796 3.66421 0.00115218 5.30528 0.00095241
3.11461 0.00156745 3.75274 0.00118002 5.20884 0.000935098
3.10348 0.00156185 3.82729 0.00120346 5.10259 0.000916023
3.10567 0.00156295 3.90004 0.00122633 4.98663 0.000895206
3.11589 0.0015681 3.96481 0.0012467 4.86329 0.000873064
3.11682 0.00156857 4.00694 0.00125995 4.73971 0.000850879
3.11288 0.00156658 4.02852 0.00126673 4.61955 0.000829308
3.11562 0.00156796 4.03828 0.0012698 4.50184 0.000808176
3.12162 0.00157098 4.03358 0.00126832 4.38812 0.00078776
3.12427 0.00157231 4.0087 0.0012605 4.27956 0.000768272
3.12242 0.00157138 3.9634 0.00124625 4.17648 0.000749767
3.11293 0.00156661 3.89717 0.00122543 4.0812 0.000732662
3.0938 0.00155698 3.81033 0.00119812 3.99457 0.000717111
3.06511 0.00154254 3.70417 0.00116474 3.91513 0.00070285
3.02854 0.00152414 3.58115 0.00112606 3.84007 0.000689374
2.98467 0.00150206 3.4434 0.00108275 3.76708 0.000676271
2.93302 0.00147607 3.29315 0.0010355 3.69457 0.000663254
2.87354 0.00144614 3.1335 0.000985301 3.62036 0.000649932
2.80672 0.0014125 2.96759 0.000933132 3.54147 0.000635769
2.7332 0.00137551 2.79791 0.000879777 3.45472 0.000620196
2.65376 0.00133553 2.62687 0.000825997 3.35726 0.0006027
2.56919 0.00129297 2.45715 0.000772629 3.24671 0.000582854
2.48006 0.00124811 2.29127 0.000720468 3.12109 0.000560302
2.38675 0.00120115 2.13132 0.000670175 2.9786 0.000534722
2.28974 0.00115233 1.97908 0.000622304 2.81766 0.000505829
2.18968 0.00110198 1.83601 0.000577317 2.6372 0.000473433
2.0873 0.00105045 1.70319 0.000535554 2.43688 0.000437472
1.98341 0.000998171 1.58122 0.0004972 2.21709 0.000398016
1.87903 0.00094564 1.47022 0.000462299 1.97874 0.000355227
1.77505 0.000893311 1.37001 0.000430789 1.72318 0.000309347
1.67211 0.000841502 1.28012 0.000402524 1.45222 0.000260704
1.57066 0.000790451 1.19983 0.000377277 1.16821 0.000209719
1.47112 0.000740355 1.12817 0.000354743 0.873974 0.000156897
1.37372 0.000691337 1.06396 0.000334552 0.572665 0.000102805
1.27859 0.00064346 1.00586 0.000316284 0.267668 4.80522e-05
1.18583 0.000596781 0.95307 0.000299684 0.00315843 5.67005e-07
1.09536 0.000551249 0.909289 0.000285918 -0.135152 -2.42627e-05
1.00845 0.000507509 0.862789 0.000271296 -0.251369 -4.51261e-05
0.925055 0.000465542 0.816597 0.000256771 -0.356424 -6.39856e-05
0.845308 0.000425409 0.770405 0.000242247 -0.468306 -8.40709e-05
0.769277 0.000387145 0.72259 0.000227212 -0.590597 -0.000106025
0.697365 0.000350955 0.671016 0.000210995 -0.709851 -0.000127433
0.629673 0.000316888 0.614294 0.000193159 -0.812686 -0.000145894
0.566099 0.000284894 0.552597 0.000173759 -0.897883 -0.000161189
0.506157 0.000254728 0.486495 0.000152974 -0.97516 -0.000175062
0.449021 0.000225973 0.41623 0.00013088 -1.05229 -0.000188908
0.393903 0.000198235 0.341885 0.000107503 -1.12739 -0.00020239
0.340344 0.000171281 0.263891 8.29781e-05 -1.1928 -0.000214132
0.287766 0.000144821 0.183241 5.76186e-05 -1.24414 -0.00022335
0.234826 0.000118178 0.0999621 3.14322e-05 -1.28434 -0.000230567
0.180435 9.08053e-05 0.0188563 5.92921e-06 -1.3183 -0.000236662
0.123747 6.22767e-05 -0.0593673 -1.86675e-05 -1.34878 -0.000242135
0.0653619 3.28939e-05 -0.135044 -4.24633e-05 -1.37418 -0.000246694
0.00792956 3.99062e-06 -0.20815 -6.5451e-05 -1.39198 -0.00024989
-0.0453903 -2.28431e-05 -0.274494 -8.63123e-05 -1.40232 -0.000251746
-0.0997404 -5.01952e-05 -0.336353 -0.000105763 -1.40625 -0.000252451
-0.157243 -7.91338e-05 -0.393789 -0.000123823 -1.4072 -0.000252622
-0.217192 -0.000109304 -0.446211 -0.000140307 -1.40363 -0.000251982
-0.278287 -0.00014005 -0.493305 -0.000155115 -1.39167 -0.000249835
-0.340188 -0.000171203 -0.535579 -0.000168408 -1.36982 -0.000245913
-0.402434 -0.000202529 -0.573415 -0.000180305 -1.33848 -0.000240286
-0.463642 -0.000233332 -0.606918 -0.00019084 -1.30013 -0.000233402
-0.522587 -0.000262996 -0.636581 -0.000200167 -1.25691 -0.000225642
-0.5787 -0.000291236 -0.663185 -0.000208533 -1.20917 -0.000217072
-0.631881 -0.000318 -0.687025 -0.000216029 -1.15643 -0.000207604
-0.682762 -0.000343606 -0.707745 -0.000222544 -1.09905 -0.000197303
-0.732441 -0.000368607 -0.724994 -0.000227968 -1.03858 -0.000186448
-0.781132 -0.000393112 -0.739052 -0.000232388 -0.976714 -0.000175341
-0.828223 -0.00041681 -0.750555 -0.000236005 -0.914313 -0.000164139
-0.874114 -0.000439905 -0.759682 -0.000238875 -0.851651 -0.000152889
-0.920312 -0.000463155 -0.766161 -0.000240913 -0.789052 -0.000141652
-0.967524 -0.000486915 -0.770104 -0.000242152 -0.727137 -0.000130537
-1.01556 -0.000511089 -0.772102 -0.00024278 -0.666726 -0.000119691
-1.06465 -0.000535792 -0.77272 -0.000242975 -0.608537 -0.000109245
-1.1154 -0.000561337 -0.772404 -0.000242875 -0.552886 -9.92548e-05
-1.16836 -0.000587987 -0.771662 -0.000242642 -0.499758 -8.97172e-05
-1.2237 -0.000615837 -0.771236 -0.000242508 -0.449196 -8.06402e-05
-1.2815 -0.000644925 -0.772 -0.000242748 -0.40149 -7.2076e-05
-1.34206 -0.000675401 -0.774754 -0.000243614 -0.357018 -6.40923e-05
-1.40569 -0.000707425 -0.780269 -0.000245349 -0.315947 -5.67192e-05
-1.47232 -0.00074096 -0.789135 -0.000248136 -0.278077 -4.99207e-05
-1.54159 -0.000775821 -0.802288 -0.000252272 -0.243139 -4.36487e-05
-1.61305 -0.00081178 -0.820771 -0.000258084 -0.211393 -3.79495e-05
-1.68621 -0.000848599 -0.845583 -0.000265886 -0.183243 -3.2896e-05
-1.76065 -0.000886061 -0.877515 -0.000275927 -0.159061 -2.85549e-05
-1.83621 -0.000924091 -0.916993 -0.00028834 -0.139231 -2.49949e-05
-1.91321 -0.000962841 -0.964106 -0.000303154 -0.124344 -2.23224e-05
-1.99205 -0.00100252 -1.01883 -0.000320362 -0.115261 -2.06918e-05
-2.07285 -0.00104318 -1.08117 -0.000339963 -0.11297 -2.02806e-05
-2.15526 -0.00108465 -1.15114 -0.000361966 -0.118454 -2.12651e-05
-2.23855 -0.00112657 -1.22875 -0.000386369 -0.132675 -2.3818e-05
-2.3218 -0.00116847 -1.31394 -0.000413156 -0.156658 -2.81234e-05
-2.40435 -0.00121001 -1.40642 -0.000442235 -0.191593 -3.4395e-05
-2.54974 -0.00128318 -1.43889 -0.000452446 -0.284153 -5.10114e-05
-2.19578 -0.00110505 -0.956888 -0.000300885 -0.571301 -0.000102561
-1.8304 -0.000921167 -0.665909 -0.000209389 -0.801295 -0.000143849
-2.21285 -0.00111363 -1.0689 -0.000336107 -0.69958 -0.000125589
-2.61822 -0.00131764 -1.5511 -0.000487731 -0.59633 -0.000107054
-2.60008 -0.00130851 -1.65463 -0.000520284 -0.635258 -0.000114042
-2.42433 -0.00122006 -1.60352 -0.000504214 -0.740252 -0.000132891
-2.48575 -0.00125098 -1.7661 -0.000555334 -0.746051 -0.000133932
-2.7027 -0.00136016 -2.08931 -0.000656965 -0.701025 -0.000125849
-2.79771 -0.00140797 -2.32829 -0.00073211 -0.707323 -0.00012698
-2.78402 -0.00140108 -2.45918 -0.000773269 -0.770218 -0.000138271
-2.7785 -0.0013983 -2.58579 -0.000813077 -0.841318 -0.000151034
-2.83874 -0.00142862 -2.77702 -0.000873208 -0.903894 -0.000162268
-2.93628 -0.00147771 -3.00127 -0.000943724 -0.976663 -0.000175332
-2.98759 -0.00150353 -3.17917 -0.00099966 -1.09527 -0.000196623
-2.98992 -0.0015047 -3.30097 -0.00103796 -1.2393 -0.000222482
-2.99829 -0.00150892 -3.41315 -0.00107323 -1.33954 -0.000240476
-3.02678 -0.00152325 -3.54132 -0.00111354 -1.41897 -0.000254735
-3.05165 -0.00153577 -3.65788 -0.00115019 -1.50498 -0.000270176
-3.04689 -0.00153338 -3.73434 -0.00117423 -1.6107 -0.000289155
-3.02214 -0.00152092 -3.77513 -0.00118706 -1.73876 -0.000312144
-3.01241 -0.00151602 -3.80898 -0.0011977 -1.8775 -0.000337052
-3.02241 -0.00152106 -3.84247 -0.00120823 -2.02114 -0.000362837
-3.02231 -0.001521 -3.85135 -0.00121102 -2.17388 -0.000390258
-3.001 -0.00151028 -3.82677 -0.00120329 -2.33853 -0.000419817
-2.97771 -0.00149856 -3.7839 -0.00118981 -2.50923 -0.000450461
-2.95803 -0.00148866 -3.729 -0.00117255 -2.68346 -0.000481739
-2.93104 -0.00147507 -3.65898 -0.00115053 -2.86219 -0.000513824
-2.9012 -0.00146006 -3.58051 -0.00112586 -3.04067 -0.000545865
-2.87303 -0.00144588 -3.49849 -0.00110007 -3.21353 -0.000576897
-2.84059 -0.00142955 -3.40962 -0.00107212 -3.38055 -0.000606881
-2.80008 -0.00140916 -3.31266 -0.00104164 -3.54122 -0.000635724
-2.7546 -0.00138627 -3.21309 -0.00101033 -3.69304 -0.00066298
-2.708 -0.00136282 -3.11714 -0.000980155 -3.83259 -0.000688032
-2.65983 -0.00133858 -3.02666 -0.000951705 -3.957 -0.000710366
-2.60737 -0.00131218 -2.94123 -0.000924843 -4.06475 -0.000729709
-2.55094 -0.00128378 -2.86252 -0.000900093 -4.15452 -0.000745824
-2.49145 -0.00125385 -2.79277 -0.000878162 -4.22507 -0.00075849
-2.42943 -0.00122263 -2.7335 -0.000859523 -4.27553 -0.000767549
-2.36454 -0.00118998 -2.68483 -0.00084422 -4.30476 -0.000772797
-2.29676 -0.00115586 -2.6464 -0.000832136 -4.31016 -0.000773765
-2.22621 -0.00112036 -2.61679 -0.000822825 -4.27031 -0.000766611
-2.15312 -0.00108358 -2.59536 -0.000816088 -4.17949 -0.000750308
-2.07783 -0.00104569 -2.58107 -0.000811594 -4.03747 -0.000724813
-2.00059 -0.00100681 -2.57208 -0.000808769 -3.84764 -0.000690734
-1.92142 -0.000966969 -2.56607 -0.000806876 -3.61546 -0.000649051
-1.84009 -0.00092604 -2.56083 -0.000805229 -3.3459 -0.00060066
-1.75649 -0.000883967 -2.55438 -0.000803202 -3.04263 -0.000546217
-1.67071 -0.000840797 -2.54449 -0.000800092 -2.70932 -0.00048638
-1.58283 -0.000796575 -2.52853 -0.000795073 -2.35106 -0.000422065
-1.49281 -0.000751267 -2.50373 -0.000787276 -1.97432 -0.000354433
-1.40054 -0.000704832 -2.46767 -0.000775936 -1.58559 -0.000284647
-1.30604 -0.000657273 -2.41835 -0.000760428 -1.19027 -0.000213679
-1.20939 -0.000608636 -2.35395 -0.00074018 -0.792892 -0.000142341
-1.11073 -0.000558986 -2.27279 -0.000714657 -0.39789 -7.14298e-05
-1.0101 -0.000508343 -2.17372 -0.000683505 -0.0673989 -1.20995e-05
-0.906874 -0.000456392 -2.06125 -0.000648141 0.134438 2.41345e-05
-0.802438 -0.000403834 -1.92684 -0.000605877 0.288961 5.18746e-05
-0.696571 -0.000350555 -1.77315 -0.000557551 0.434455 7.79939e-05
-0.588884 -0.000296361 -1.60179 -0.000503668 0.588401 0.00010563
-0.480094 -0.000241612 -1.4127 -0.000444209 0.750549 0.00013474
-0.371233 -0.000186826 -1.20628 -0.000379304 0.904188 0.000162321
-0.262484 -0.000132098 -0.984038 -0.000309422 1.03764 0.000186278
-0.154036 -7.75201e-05 -0.748739 -0.000235434 1.1555 0.000207437
-0.0457439 -2.3021e-05 -0.503484 -0.000158316 1.27105 0.000228181
0.056412 2.83898e-05 -0.252054 -7.9256e-05 1.39206 0.000249904
0.15285 7.6923e-05 -0.00607706 -1.91088e-06 1.51674 0.000272288
0.245366 0.000123483 0.227745 7.16124e-05 1.63196 0.000292972
0.336894 0.000169545 0.457552 0.000143873 1.73809 0.000312023
0.431551 0.000217182 0.688573 0.000216516 1.84286 0.000330832
0.525315 0.000264369 0.917409 0.000288471 1.95435 0.000350848
0.598643 0.000301272 1.14499 0.000360031 2.07273 0.0003721
0.727572 0.000366157 1.39658 0.000439144 2.18629 0.000392485
0.838114 0.000421788 1.62006 0.000509415 2.29903 0.000412726
0.917657 0.000461819 1.80401 0.000567256 2.43204 0.000436602
1.00301 0.000504774 1.97379 0.000620641 2.5689 0.000461172
1.09822 0.000552688 2.1306 0.000669946 2.71304 0.000487048
1.18077 0.000594234 2.25536 0.000709178 2.86913 0.000515069
1.25153 0.000629843 2.34825 0.000738385 3.0357 0.000544974
1.3232 0.000665913 2.42011 0.000760981 3.20826 0.000575951
1.39318 0.000701129 2.4703 0.000776765 3.3864 0.00060793
1.45425 0.000731862 2.49439 0.000784339 3.57107 0.000641084
1.50875 0.000759291 2.49547 0.000784679 3.75976 0.000674957
1.56044 0.000785303 2.4789 0.000779469 3.94905 0.000708939
1.60759 0.000809036 2.44603 0.000769133 4.13664 0.000742616
1.64885 0.000829797 2.39793 0.000754008 4.31994 0.00077552
1.68608 0.000848535 2.33839 0.000735286 4.4958 0.000807093
1.72057 0.00086589 2.27146 0.000714241 4.66164 0.000836863
1.75159 0.000881504 2.2003 0.000691863 4.81521 0.000864433
1.77907 0.00089533 2.12821 0.000669198 4.95377 0.000889308
1.8042 0.000907981 2.05862 0.000647313 5.07428 0.000910941
1.8279 0.000919905 1.99425 0.000627074 5.17438 0.000928912
1.85052 0.000931292 1.93738 0.000609193 5.25253 0.00094294
1.87261 0.00094241 1.89029 0.000594386 5.30737 0.000952786
1.89471 0.00095353 1.85501 0.000583292 5.33758 0.00095821
1.9172 0.000964848 1.83274 0.000576289 5.33897 0.000958458
1.9405 0.000976575 1.82332 0.000573326 5.29291 0.00095019
1.96516 0.000988982 1.82724 0.00057456 5.19338 0.000932322
1.99178 0.00100238 1.84433 0.000579933 5.04085 0.00090494
2.02061 0.00101689 1.87366 0.000589155 4.83892 0.000868689
2.05174 0.00103256 1.91386 0.000601796 4.59302 0.000824544
2.08512 0.00104935 1.96347 0.000617395 4.30814 0.000773403
2.12061 0.00106721 2.02084 0.000635434 3.98841 0.000716004
2.15785 0.00108595 2.08396 0.000655283 3.63835 0.000653162
2.196 0.00110516 2.15072 0.000676274 3.26414 0.000585982
2.23401 0.00112428 2.21893 0.000697722 2.87327 0.000515814
2.27111 0.00114296 2.28625 0.000718891 2.47344 0.000444036
2.30721 0.00116112 2.35011 0.000738971 2.07159 0.000371895
2.34224 0.00117875 2.40789 0.00075714 1.67402 0.000300522
2.37574 0.00119561 2.45734 0.000772688 1.28702 0.000231047
2.40725 0.00121147 2.49646 0.000784989 0.917172 0.000164652
2.43666 0.00122627 2.52345 0.000793475 0.570822 0.000102475
2.46377 0.00123991 2.5369 0.000797706 0.253275 4.54683e-05
2.48795 0.00125208 2.53681 0.000797676 -1.63546e-05 -2.93599e-09
2.50856 0.00126245 2.52568 0.000794179 -0.133911 -2.40398e-05
2.52594 0.0012712 2.49705 0.000785175 -0.221037 -3.96809e-05
2.5402 0.00127838 2.45327 0.00077141 -0.281994 -5.06239e-05
2.55051 0.00128357 2.39642 0.000753533 -0.333714 -5.99087e-05
2.5558 0.00128623 2.32801 0.000732022 -0.382364 -6.86425e-05
2.55545 0.00128605 2.24842 0.000706995 -0.418787 -7.51811e-05
2.5497 0.00128316 2.1588 0.000678816 -0.4321 -7.75712e-05
2.53907 0.00127781 2.06192 0.000648353 -0.415597 -7.46085e-05
2.52362 0.00127004 1.96139 0.00061674 -0.3678 -6.6028e-05
2.50288 0.00125959 1.85966 0.000584752 -0.295709 -5.30861e-05
2.47645 0.00124629 1.7591 0.000553133 -0.202439 -3.63421e-05
2.44454 0.00123024 1.66222 0.00052267 -0.0877904 -1.57602e-05
2.40746 0.00121158 1.57135 0.000494096 0.0373422 6.70373e-06
2.36511 0.00119026 1.48891 0.000468176 0.162238 2.91252e-05
2.31723 0.00116616 1.41732 0.000445663 0.29159 5.23466e-05
2.2642 0.00113948 1.35776 0.000426935 0.423351 7.60006e-05
2.20707 0.00111073 1.31109 0.000412261 0.557739 0.000100126
2.14689 0.00108044 1.27796 0.000401844 0.693763 0.000124545
2.08415 0.00104886 1.25874 0.0003958 0.828059 0.000148654
2.01913 0.00101614 1.25328 0.000394083 0.956985 0.000171799
1.95223 0.000982478 1.26095 0.000396494 1.07889 0.000193683
1.88378 0.000948029 1.28081 0.000402738 1.19416 0.000214378
1.81386 0.00091284 1.3116 0.000412421 1.30353 0.000234011
1.74224 0.000876799 1.35183 0.000425072 1.40673 0.000252537
1.66876 0.000839816 1.39967 0.000440113 1.50293 0.000269807
1.59363 0.000802007 1.45291 0.000456853 1.59194 0.000285786
1.51697 0.00076343 1.50914 0.000474537 1.67471 0.000300647
1.43876 0.000724068 1.56594 0.000492397 1.75273 0.000314652
1.35887 0.000683861 1.62083 0.000509656 1.82714 0.00032801
1.27714 0.000642732 1.67134 0.000525537 1.89851 0.000340823
1.19355 0.000600663 1.71505 0.000539282 1.96722 0.000353158
1.10803 0.000557625 1.74975 0.000550195 2.03387 0.000365122
1.02043 0.000513541 1.77342 0.000557635 2.09923 0.000376857
0.93055 0.000468307 1.78428 0.000561051 2.16387 0.00038846
0.838218 0.000421841 1.78092 0.000559995 2.22776 0.00039993
0.743345 0.000374095 1.76222 0.000554113 2.29038 0.000411172
0.645821 0.000325015 1.72743 0.000543175 2.35095 0.000422045
0.545612 0.000274584 1.67618 0.000527061 2.40854 0.000432384
0.442862 0.000222874 1.60849 0.000505777 2.46202 0.000441985
0.337749 0.000169975 1.52516 0.000479574 2.50969 0.000450543
0.232422 0.000116968 1.42986 0.000449607 2.5487 0.000457545
0.129955 6.5401e-05 1.32395 0.000416304 2.5767 0.000462573
0.0223472 1.12464e-05 1.20239 0.000378081 2.59399 0.000465677
-0.08571 -4.31343e-05 1.06828 0.000335911 2.59719 0.00046625
-0.184324 -9.27626e-05 0.935988 0.000294313 2.57662 0.000462559
-0.273448 -0.000137615 0.810111 0.000254732 2.52937 0.000454077
-0.355484 -0.0001789 0.687961 0.000216323 2.45541 0.000440799
-0.439557 -0.000221211 0.560573 0.000176267 2.35729 0.000423183
-0.531813 -0.000267639 0.422556 0.000132869 2.23701 0.000401591
-0.629873 -0.000316989 0.278331 8.75187e-05 2.09298 0.000375735
-0.727291 -0.000366016 0.135239 4.25246e-05 1.92253 0.000345135
-0.823258 -0.000414312 -0.00596268 -1.87491e-06 1.72554 0.000309771
-0.921893 -0.00046395 -0.149544 -4.70227e-05 1.50408 0.000270014
-1.02485 -0.000515766 -0.293824 -9.23903e-05 1.26353 0.00022683
-1.1309 -0.000569134 -0.439059 -0.000138058 1.00196 0.000179873
-1.23741 -0.000622735 -0.582189 -0.000183064 0.719214 0.000129114
-1.34471 -0.000676738 -0.723605 -0.000227531 0.415216 7.45402e-05
-1.45487 -0.000732177 -0.864811 -0.000271932 0.112362 2.01714e-05
-1.56965 -0.00078994 -1.00015 -0.000314488 -0.0651048 -1.16877e-05
-1.68671 -0.000848852 -1.13644 -0.000357344 -0.211093 -3.78957e-05
-1.80494 -0.00090835 -1.27129 -0.000399744 -0.349651 -6.27698e-05
-1.92544 -0.000968995 -1.40484 -0.000441738 -0.499235 -8.96233e-05
-2.04836 -0.00103086 -1.53781 -0.000483551 -0.670886 -0.000120438
-2.17381 -0.00109399 -1.67163 -0.00052563 -0.85386 -0.000153286
-2.30125 -0.00115813 -1.80688 -0.000568158 -1.03212 -0.000185288
-2.43002 -0.00122293 -1.94355 -0.000611131 -1.20003 -0.000215432
-2.5595 -0.00128809 -2.0823 -0.000654759 -1.36487 -0.000245023
-2.68912 -0.00135332 -2.22452 -0.000699479 -1.53591 -0.000275728
-2.8186 -0.00141848 -2.37152 -0.000745702 -1.7135 -0.00030761
-2.94757 -0.00148339 -2.52359 -0.00079352 -1.88981 -0.000339262
-3.07566 -0.00154785 -2.68041 -0.00084283 -2.05771 -0.000369403
-3.1952 -0.00160801 -2.84075 -0.000893249 -2.21728 -0.00039805
-3.21514 -0.00161805 -2.96153 -0.000931226 -2.38609 -0.000428354
-3.21186 -0.0016164 -3.07395 -0.000966576 -2.55507 -0.000458689
-3.20608 -0.00161349 -3.18632 -0.00100191 -2.71985 -0.000488272
-3.21147 -0.0016162 -3.31283 -0.00104169 -2.87515 -0.00051615
-3.2273 -0.00162417 -3.45196 -0.00108544 -3.02096 -0.000542326
-3.23808 -0.00162959 -3.59088 -0.00112912 -3.16123 -0.000567508
-3.237 -0.00162905 -3.72396 -0.00117097 -3.29699 -0.000591879
-3.23363 -0.00162735 -3.85789 -0.00121308 -3.42438 -0.000614749
-3.23575 -0.00162842 -4.00032 -0.00125786 -3.54119 -0.000635718
-3.24121 -0.00163117 -4.15248 -0.00130571 -3.64772 -0.000654843
-3.24539 -0.00163327 -4.30117 -0.00135247 -3.74944 -0.000673105
-3.19908 -0.00160997 -4.87813 -0.00153388 -3.34089 -0.000599761
-3.1779 -0.0015993 -3.96749 -0.00124754 -2.14224 -0.000384577
-3.2445 -0.00163282 -3.26589 -0.00102693 -1.51122 -0.000271296
-3.22748 -0.00162426 -3.77259 -0.00118626 -2.01201 -0.000361198
-3.23823 -0.00162967 -4.74724 -0.00149273 -3.00848 -0.000540086
-3.19996 -0.00161041 -5.28793 -0.00166274 -3.59212 -0.000644863
-3.12816 -0.00157427 -5.21948 -0.00164122 -3.57741 -0.000642222
-0.769343 -0.000387179 -4.10497 -0.00129077 -3.48526 -0.000625678
-0.293161 -0.000147536 -3.78427 -0.00118993 -3.44543 -0.000618529
-0.203167 -0.000102246 -3.75941 -0.00118211 -3.83558 -0.000688568
-0.474357 -0.000238724 -4.55842 -0.00143335 -4.06583 -0.000729903
-0.624719 -0.000314395 -4.9519 -0.00155708 -4.18457 -0.000751219
-0.510139 -0.000256732 -4.93173 -0.00155074 -4.14864 -0.000744769
-0.367591 -0.000184993 -4.70537 -0.00147956 -3.99269 -0.000716773
-0.331119 -0.000166638 -4.49635 -0.00141384 -3.91933 -0.000703603
-0.41942 -0.000211077 -4.47991 -0.00140867 -3.93454 -0.000706333
-0.47865 -0.000240885 -4.56547 -0.00143557 -4.19636 -0.000753335
-0.430253 -0.000216528 -4.73623 -0.00148927 -4.37954 -0.00078622
-0.34877 -0.000175522 -4.85612 -0.00152696 -4.49902 -0.00080767
-0.320686 -0.000161388 -4.8939 -0.00153884 -4.59375 -0.000824676
-0.354211 -0.00017826 -4.84529 -0.00152356 -4.68844 -0.000841675
-0.386817 -0.000194669 -4.75452 -0.00149502 -4.77518 -0.000857247
-0.372554 -0.000187491 -4.69254 -0.00147553 -4.8672 -0.000873766
-0.331064 -0.000166611 -4.71962 -0.00148404 -4.97323 -0.000892801
-0.310999 -0.000156513 -4.81049 -0.00151261 -5.12496 -0.000920039
-0.321091 -0.000161592 -4.91492 -0.00154545 -5.30359 -0.000952106
-0.335004 -0.000168594 -4.95891 -0.00155928 -5.48529 -0.000984726
-0.330699 -0.000166427 -4.89913 -0.00154049 -5.67456 -0.0010187
-0.318629 -0.000160353 -4.80527 -0.00151098 -5.87076 -0.00105393
-0.320001 -0.000161043 -4.75761 -0.00149599 -5.99389 -0.00107603
-0.333069 -0.00016762 -4.7828 -0.00150391 -6.01177 -0.00107924
-0.338337 -0.000170271 -4.8486 -0.0015246 -5.99507 -0.00107624
-0.331278 -0.000166719 -4.89235 -0.00153836 -5.98217 -0.00107393
-0.326056 -0.00016409 -4.88192 -0.00153508 -5.99715 -0.00107662
-0.337049 -0.000169623 -4.82758 -0.00151799 -6.04148 -0.00108457
-0.348581 -0.000175427 -4.76522 -0.00149838 -6.10952 -0.00109679
-0.347655 -0.000174961 -4.73407 -0.00148859 -6.16472 -0.0011067
-0.342114 -0.000172172 -4.74015 -0.0014905 -6.18539 -0.00111041
-0.339217 -0.000170714 -4.76162 -0.00149725 -6.18418 -0.00111019
-0.33427 -0.000168224 -4.76496 -0.0014983 -6.19527 -0.00111218
-0.322732 -0.000162417 -4.73473 -0.00148879 -6.23563 -0.00111943
-0.308629 -0.00015532 -4.68594 -0.00147345 -6.29223 -0.00112959
-0.296972 -0.000149453 -4.64624 -0.00146097 -6.3398 -0.00113813
-0.315069 -0.000158561 -4.46997 -0.00140554 -1.88719 -0.000338791
-0.283874 -0.000142862 -4.64731 -0.0014613 -1.61428 -0.000289797
-0.264787 -0.000133256 -4.71402 -0.00148228 -0.778733 -0.000139799
-0.252342 -0.000126993 -4.72685 -0.00148632 -0.906254 -0.000162692
-0.2414 -0.000121486 -4.64405 -0.00146028 -1.38869 -0.0002493
0.090706 4.56486e-05 -1.07111 -0.000336802 -0.149829 -2.68975e-05
-0.135122 -6.80011e-05 -0.401332 -0.000126195 -0.833623 -0.000149653
-0.132543 -6.67034e-05 -0.107303 -3.37404e-05 -0.719424 -0.000129152
-0.0116947 -5.88547e-06 -0.212452 -6.68035e-05 -0.989188 -0.00017758
0.066319 3.33756e-05 -0.658084 -0.000206928 -1.35482 -0.000243218
0.0392531 1.97545e-05 -1.08965 -0.000342631 -1.2997 -0.000233323
0.00838265 4.21864e-06 -1.14974 -0.000361526 -1.14631 -0.000205787
0.0537042 2.70271e-05 -0.823354 -0.000258896 -1.14743 -0.000205989
0.094682 4.76495e-05 -0.554434 -0.000174337 -1.36527 -0.000245095
0.101929 5.12964e-05 -0.540038 -0.00016981 -1.69744 -0.000304727
0.101603 5.11328e-05 -0.753819 -0.000237031 -1.75066 -0.000314281
0.132405 6.6634e-05 -0.990908 -0.000311582 -1.55947 -0.000279958
0.182607 9.18987e-05 -1.09685 -0.000344895 -1.2556 -0.000225407
0.215031 0.000108216 -1.05071 -0.000330386 -1.09038 -0.000195747
0.218356 0.000109889 -0.929026 -0.000292124 -1.1831 -0.000212392
0.222846 0.000112149 -0.846501 -0.000266175 -1.44005 -0.00025852
0.241748 0.000121662 -0.871105 -0.000273911 -1.6323 -0.000293032
0.284872 0.000143364 -1.00523 -0.000316085 -1.59694 -0.000286685
0.315948 0.000159003 -1.12065 -0.000352378 -1.31734 -0.00023649
0.330099 0.000166125 -1.12038 -0.000352293 -1.11811 -0.000200724
0.343723 0.000172982 -1.04095 -0.000327316 -1.2353 -0.000221763
0.357811 0.000180072 -0.986859 -0.000310309 -1.51258 -0.000271541
0.37266 0.000187544 -1.00927 -0.000317357 -1.61033 -0.000289088
0.388461 0.000195496 -1.06692 -0.000335485 -1.44974 -0.000260259
0.402985 0.000202806 -1.07928 -0.00033937 -1.27544 -0.000228969
0.413099 0.000207895 -1.03362 -0.000325014 -1.3074 -0.000234706
0.419661 0.000211198 -0.968793 -0.000304628 -1.49793 -0.00026891
0.428642 0.000215718 -0.930201 -0.000292493 -1.62548 -0.000291808
0.44157 0.000222224 -0.928706 -0.000292023 -1.5816 -0.000283931
0.456072 0.000229522 -0.923669 -0.000290439 -1.46671 -0.000263305
0.465864 0.00023445 -0.880913 -0.000276995 -1.45758 -0.000261667
0.475856 0.000239479 -0.823639 -0.000258986 -1.57673 -0.000283057
0.490091 0.000246642 -0.777177 -0.000244376 -1.69528 -0.000304339
0.505773 0.000254534 -0.72979 -0.000229476 -1.69234 -0.000303811
0.521066 0.000262231 -0.671411 -0.000211119 -1.62137 -0.00029107
0.539503 0.00027151 -0.617079 -0.000194035 -1.60233 -0.000287653
0.561806 0.000282734 -0.574837 -0.000180752 -1.66675 -0.000299218
0.58626 0.000295041 -0.538914 -0.000169457 -1.73679 -0.00031179
0.613202 0.000308599 -0.503578 -0.000158346 -1.74041 -0.00031244
0.64327 0.000323731 -0.470097 -0.000147818 -1.69596 -0.000304461
0.676266 0.000340337 -0.444828 -0.000139872 -1.67758 -0.000301162
0.711246 0.000357941 -0.427381 -0.000134386 -1.6903 -0.000303444
0.747675 0.000376274 -0.408437 -0.000128429 -1.63696 -0.000293868
0.786381 0.000395753 -0.386221 -0.000121444 -1.44634 -0.000259649
0.827138 0.000416264 -0.365602 -0.00011496 -1.15305 -0.000206998
0.869502 0.000437584 -0.347066 -0.000109132 -0.824938 -0.000148094
0.912855 0.000459402 -0.325868 -0.000102466 -0.524773 -9.42079e-05
0.95525 0.000480738 -0.296318 -9.31747e-05 -0.499107 -8.96003e-05
0.996078 0.000501285 -0.244482 -7.6875e-05 -0.456577 -8.19653e-05
1.03619 0.000521469 -0.17625 -5.54203e-05 -0.344368 -6.18214e-05
1.07397 0.000540485 -0.0926175 -2.91227e-05 -0.213429 -3.83151e-05
1.10897 0.0005581 0.010972 3.45006e-06 -0.114695 -2.05901e-05
1.13841 0.000572913 0.0622787 1.9583e-05 -0.0705942 -1.26732e-05
1.17296 0.000590303 0.104595 3.28891e-05 -0.0127945 -2.29688e-06
1.20421 0.000606031 0.14555 4.5767e-05 0.0789235 1.41684e-05
1.22787 0.000617935 0.191244 6.01349e-05 0.19431 3.48827e-05
1.24742 0.000627776 0.259824 8.16993e-05 0.296937 5.33065e-05
1.2654 0.000636825 0.34686 0.000109067 0.365071 6.5538e-05
1.28002 0.00064418 0.438411 0.000137854 0.414135 7.4346e-05
1.28973 0.000649066 0.531487 0.000167121 0.475569 8.53747e-05
1.29539 0.000651916 0.629489 0.000197937 0.569317 0.000102205
1.29826 0.000653363 0.737711 0.000231967 0.682773 0.000122572
1.29807 0.000653267 0.854583 0.000268716 0.78684 0.000141254
1.29447 0.000651454 0.974703 0.000306486 0.867423 0.000155721
1.28853 0.000648462 1.09407 0.00034402 0.939585 0.000168675
1.28113 0.000644737 1.21205 0.00038112 1.03088 0.000185065
1.27209 0.00064019 1.32881 0.000417832 1.15346 0.00020707
1.26122 0.000634721 1.4432 0.000453801 1.29424 0.000232344
1.24926 0.000628699 1.55312 0.000488365 1.43146 0.000256977
1.23718 0.000622622 1.6557 0.00052062 1.55842 0.00027977
1.22545 0.000616718 1.74755 0.000549501 1.69044 0.00030347
1.2147 0.000611306 1.82924 0.000575187 1.84624 0.000331439
1.20364 0.000605743 1.89895 0.000597106 2.03029 0.000364479
1.18663 0.000597183 1.95302 0.00061411 2.23064 0.000400447
1.16646 0.000587034 1.99374 0.000626913 2.43069 0.00043636
1.14656 0.000577018 2.02168 0.000635698 2.62644 0.000471502
1.12707 0.000567209 2.03717 0.000640571 2.82731 0.000507562
1.11001 0.000558623 2.04137 0.000641889 3.04313 0.000546307
1.09832 0.000552737 2.036 0.000640202 3.2724 0.000587466
1.0934 0.000550264 2.02349 0.000636268 3.50267 0.000628803
1.09788 0.000552517 2.00772 0.00063131 3.72089 0.000667979
1.11368 0.000560471 1.99082 0.000625995 3.9235 0.000704351
1.14053 0.000573981 1.97386 0.000620663 4.07172 0.000730961
1.17802 0.000592851 1.96125 0.000616697 4.27065 0.000766673
1.22738 0.000617691 1.95251 0.000613949 4.39729 0.000789408
1.28681 0.0006476 1.95642 0.000615178 4.6724 0.000838796
1.35636 0.000682601 1.96409 0.000617591 4.88376 0.000876738
1.39122 0.000700145 1.97763 0.000621848 4.93913 0.000886678
1.41492 0.000712071 2.00248 0.000629663 4.96408 0.000891158
1.43699 0.000723176 2.04131 0.000641872 5.0581 0.000908036
1.45748 0.00073349 2.09774 0.000659617 5.16402 0.000927051
1.47871 0.000744172 2.16404 0.000680461 5.18261 0.00093039
1.49567 0.000752709 2.23886 0.000703989 5.13294 0.000921473
1.50758 0.000758701 2.32697 0.000731694 5.02499 0.000902093
1.51733 0.000763608 2.43042 0.000764224 4.82316 0.00086586
1.52432 0.000767125 2.54852 0.00080136 4.49293 0.000806577
1.52786 0.000768906 2.67143 0.000840008 4.04451 0.000726075
1.41154 0.00071037 8.93253 0.292161 2.12844 0.0003821
1.59103 0.000800702 8.93253 0.343293 1.99835 0.000358747
1.56174 0.000785961 8.93253 0.378563 1.46201 0.000262461
1.52721 0.000768584 8.47492 0.379956 0.648547 0.000116428
1.59027 0.000800315 8.93253 0.393754 -0.0300805 -5.4001e-06
1.6206 0.000815579 8.93253 0.426981 -0.263825 -4.73623e-05
1.57348 0.00079187 8.93253 0.469398 -0.232394 -4.17198e-05
1.54858 0.000779336 8.93253 0.542481 -0.281558 -5.05456e-05
1.59159 0.00080098 8.93253 0.602281 -0.341108 -6.12361e-05
1.60732 0.000808898 8.93253 0.643542 -0.378948 -6.80292e-05
1.58489 0.000797608 8.93253 0.659782 -0.379556 -6.81384e-05
1.59104 0.000800706 8.93253 0.661159 -0.361324 -6.48654e-05
1.62508 0.000817835 7.8779 0.660828 -0.33947 -6.09422e-05
1.6523 0.000831534 4.20676 0.659673 -0.263206 -4.72511e-05
1.67074 0.000840812 2.37549 0.659098 -0.126957 -2.27915e-05
1.70248 0.000856788 -0.0212387 0.657927 0.0342816 6.15428e-06
1.74748 0.000879437 -0.406307 0.650237 0.240279 4.31352e-05
1.78219 0.000896903 -1.28055 0.63278 0.475164 8.5302e-05
1.81787 0.000914859 -2.33106 0.611803 0.711277 0.000127689
1.86112 0.000936627 -3.28209 0.592812 0.936564 0.000168133
1.90346 0.000957933 -4.20761 0.574331 1.18695 0.000213083
1.94313 0.000977896 -5.07114 0.557088 1.43073 0.000256846
1.98465 0.000998794 -5.88502 0.540836 1.6395 0.000294326
2.02421 0.0010187 -6.63357 0.525889 1.8125 0.000325383
2.06003 0.00103673 -7.25869 0.513406 1.95719 0.000351358
2.09517 0.00105441 -7.69519 0.50469 2.06548 0.000370798
2.13473 0.00107432 -7.93439 0.499913 2.12127 0.000380813
2.15765 0.00108586 -8.04451 0.497714 2.12226 0.00038099
2.17673 0.00109546 -6.89274 0.498032 2.03354 0.000365064
2.20011 0.00110723 -4.10845 0.498908 1.83745 0.000329861
2.21758 0.00111601 0.0126464 0.500428 1.53671 0.000275872
2.22323 0.00111886 0.462255 0.508529 1.13708 0.000204131
2.23012 0.00112233 1.39808 0.525392 0.674144 0.000121023
2.24047 0.00112754 2.57626 0.546623 0.187805 3.3715e-05
2.24242 0.00112852 3.77896 0.568295 -0.225278 -4.04421e-05
2.23794 0.00112626 5.1996 0.593894 -0.281112 -5.04656e-05
2.2374 0.00112599 6.57693 0.618713 -0.269213 -4.83295e-05
2.23333 0.00112394 8.0336 0.644961 -0.271091 -4.86666e-05
2.22321 0.00111885 8.93253 0.677434 -0.324319 -5.82221e-05
2.21114 0.00111277 8.93253 0.727719 -0.423389 -7.60073e-05
2.19422 0.00110426 8.93253 0.788756 -0.494151 -8.87106e-05
2.20991 0.00111216 8.93253 0.860701 -0.520325 -9.34094e-05
2.19776 0.00110604 8.93253 0.925574 -0.487872 -8.75834e-05
2.18075 0.00109748 8.93253 0.975456 -0.479054 -8.60004e-05
2.18413 0.00109918 8.93253 1.00342 -0.458041 -8.22281e-05
2.1816 0.00109791 8.93253 1.01695 -0.371269 -6.66507e-05
2.17414 0.00109416 8.93253 1.02807 -0.188221 -3.37896e-05
2.16737 0.00109075 8.93253 1.03515 0.0371516 6.6695e-06
2.15504 0.00108454 7.94925 1.03569 0.300031 5.38619e-05
2.13465 0.00107428 3.71923 1.03436 0.61632 0.000110643
2.11258 0.00106317 -0.0427225 1.03186 1.00302 0.000180063
2.09053 0.00105208 -0.34706 1.02237 1.43768 0.000258094
2.06538 0.00103942 -0.820279 1.00763 1.87033 0.000335764
2.04449 0.00102891 -1.34415 0.991305 2.31277 0.000415191
2.02151 0.00101734 -1.74836 0.97871 2.71502 0.000487405
1.99369 0.00100334 -2.16309 0.965788 3.15966 0.000567227
1.96615 0.000989481 -2.56605 0.953232 3.72491 0.000668701
1.94027 0.000976457 -3.0652 0.937679 4.21211 0.000756164
1.91579 0.000964137 -3.54519 0.922724 4.53313 0.000813793
1.89346 0.000952901 -3.87608 0.912413 4.80583 0.000862748
1.87256 0.000942384 -3.98057 0.909158 5.11308 0.000917907
1.85192 0.000931993 -2.99775 0.909467 5.38654 0.000966999
1.83081 0.000921372 -1.55386 0.909921 5.53339 0.000993361
1.81119 0.000911499 0.0219901 0.910719 5.58149 0.001002
1.79121 0.000901442 0.48873 0.917281 5.58223 0.00100213
1.77273 0.000892142 1.54826 0.932177 5.53309 0.000993307
1.75456 0.000882995 2.85746 0.950584 5.35016 0.000960467
1.73545 0.000873382 4.2518 0.970187 5.01909 0.000901034
1.71485 0.000863011 5.71504 0.990759 4.60177 0.000826116
1.69012 0.000850567 7.26747 1.01259 4.14187 0.000743554
1.6597 0.000835257 8.83085 1.03457 3.63084 0.000651814
1.62157 0.000816071 8.93253 1.05718 3.06089 0.000549496
1.57993 0.000795111 8.93253 1.07827 2.48985 0.00044698
1.53196 0.000770971 8.93253 1.09634 1.95563 0.000351077
1.47583 0.000742725 8.93253 1.11532 1.47516 0.000264822
1.41461 0.000711915 8.93253 1.13559 1.08112 0.000194085
1.34662 0.0006777 8.93253 1.15782 0.773837 0.00013892
1.27409 0.000641195 8.93253 1.17488 0.547917 9.83628e-05
1.20025 0.000604036 8.15132 1.17841 0.384653 6.90534e-05
1.11961 0.000563453 2.82343 1.17674 0.267436 4.80105e-05
1.03854 0.000522654 -0.0499258 1.17408 0.264539 4.74904e-05
0.977704 0.000492038 -0.197233 1.16887 0.360424 6.47038e-05
0.920819 0.00046341 -0.56646 1.15579 0.485895 8.72284e-05
0.86086 0.000433235 -1.41468 1.12575 0.633288 0.000113689
0.805854 0.000405553 -2.43629 1.08956 0.826695 0.000148409
0.757224 0.00038108 -3.46564 1.05311 1.07165 0.000192385
0.713773 0.000359213 -4.50289 1.01637 1.31431 0.000235947
0.67108 0.000337727 -5.60482 0.977342 1.53351 0.000275298
0.629124 0.000316612 -6.73771 0.937218 1.73605 0.000311659
0.595807 0.000299845 -7.97652 0.893342 1.93829 0.000347964
0.562348 0.000283006 -9.00885 0.85678 2.11021 0.000378828
0.531528 0.000267496 -9.90808 0.824931 2.19902 0.000394771
0.509345 0.000256332 -10.7714 0.794354 2.16409 0.0003885
0.492636 0.000247923 -11.6122 0.764575 2.00011 0.000359062
0.481935 0.000242538 -12.4548 0.734732 1.71622 0.000308098
0.474631 0.000238862 -13.1197 0.711184 1.31556 0.000236171
0.470986 0.000237028 -13.6213 0.693419 0.81305 0.00014596
0.471628 0.000237351 -13.9905 0.680343 0.215918 3.87619e-05
0.478504 0.000240811 -13.9827 0.67764 -0.0221906 -3.98368e-06
0.494182 0.000248701 -13.5716 0.677769 0.0313222 5.623e-06
0.509827 0.000256575 -12.4891 0.678109 0.0759687 1.3638e-05
0.528955 0.000266201 -10.2514 0.678813 -0.0148806 -2.67138e-06
0.557389 0.000280511 -6.96881 0.679845 -0.149134 -2.67728e-05
0.588897 0.000296368 -2.42289 0.681274 -0.285767 -5.13012e-05
0.61686 0.00031044 0.00442663 0.682282 -0.36587 -6.56814e-05
0.646614 0.000325414 0.047678 0.684687 -0.398663 -7.15685e-05
0.679486 0.000341957 0.174129 0.691717 -0.428558 -7.69353e-05
0.708598 0.000356608 0.445576 0.706809 -0.497811 -8.93677e-05
0.736009 0.000370403 0.840153 0.728746 -0.602238 -0.000108115
0.764667 0.000384825 1.25471 0.751795 -0.703834 -0.000126353
0.793451 0.000399311 1.58788 0.770318 -0.767479 -0.000137779
0.822059 0.000413708 1.76834 0.780351 -0.796219 -0.000142938
0.852927 0.000429243 1.29913 0.781345 -0.813364 -0.000146016
0.881595 0.00044367 -0.0143538 0.780598 -0.846269 -0.000151923
0.909784 0.000457857 -0.180952 0.776661 -0.884487 -0.000158784
0.932257 0.000469166 -0.358786 0.772459 -0.916123 -0.000164464
0.95021 0.000478201 -0.614998 0.766406 -0.932498 -0.000167403
0.967534 0.00048692 -1.13938 0.754015 -0.924936 -0.000166046
0.979977 0.000493182 -1.92596 0.73543 -0.901459 -0.000161831
0.987323 0.000496879 -2.82788 0.714119 -0.837463 -0.000150343
0.991549 0.000499005 -3.76214 0.692045 -0.674243 -0.000121041
0.990755 0.000498606 -4.70297 0.669815 -0.391913 -7.03567e-05
0.985732 0.000496078 -5.6852 0.646607 -0.224474 -4.02979e-05
0.97625 0.000491306 -6.68293 0.623032 -0.140099 -2.51507e-05
0.968724 0.000487519 -7.63383 0.600564 -0.0791838 -1.42152e-05
0.96665 0.000486475 -8.48385 0.58048 0.0331684 5.95444e-06
0.965295 0.000485793 -9.22892 0.562875 0.198001 3.55454e-05
0.960894 0.000483578 -9.88711 0.547323 0.351194 6.30467e-05
0.956918 0.000481577 -10.4426 0.534199 0.444208 7.97448e-05
0.95678 0.000481508 -10.8575 0.524395 0.500733 8.98923e-05
0.958775 0.000482512 -11.1149 0.518313 0.569509 0.000102239
0.96316 0.000484718 -11.2176 0.515885 0.655936 0.000117754
0.973361 0.000489852 -10.0435 0.516202 0.725866 0.000130308
0.991244 0.000498852 -6.34524 0.517365 0.757591 0.000136004
1.00596 0.000506256 -2.72891 0.518502 0.742162 0.000133234
1.02284 0.000514752 0.0104582 0.520132 0.702952 0.000126195
1.03954 0.000523157 0.0994585 0.526701 0.63606 0.000114186
1.05153 0.000529189 0.338332 0.544332 0.532656 9.56232e-05
1.06152 0.000534219 0.665797 0.568502 0.403915 7.25114e-05
1.07063 0.000538803 1.03574 0.595808 0.260701 4.68015e-05
1.0783 0.000542665 1.47732 0.6284 0.138652 2.4891e-05
1.08552 0.000546297 1.91074 0.66039 0.0347875 6.24509e-06
1.0888 0.00054795 2.35939 0.693504 -0.0510062 -9.15669e-06
1.08475 0.00054591 2.85829 0.730327 -0.100265 -1.79998e-05
1.07472 0.000540862 3.38758 0.769394 -0.092808 -1.6661e-05
1.05724 0.000532064 3.90183 0.80735 -0.0186093 -3.34077e-06
1.03196 0.000519344 4.34642 0.840165 0.102984 1.84879e-05
0.998955 0.000502733 4.69901 0.866189 0.261467 4.69389e-05
0.957508 0.000481874 5.00196 0.888549 0.481069 8.63621e-05
0.905235 0.000455567 5.26404 0.907894 0.603304 0.000108306
0.840867 0.000423173 5.48979 0.924556 0.754181 0.000135392
0.768351 0.000386679 5.67228 0.938025 0.917701 0.000164747
0.686204 0.000345338 5.79986 0.947442 1.09763 0.000197049
0.597169 0.00030053 5.88192 0.953498 1.31214 0.000235557
0.51478 0.000259067 5.94325 0.958025 1.56402 0.000280775
0.427429 0.000215107 5.97642 0.960473 1.84453 0.000331132
0.318578 0.000160327 4.51583 0.96009 2.13166 0.000382678
0.197294 9.92899e-05 1.58549 0.959168 2.41046 0.000432729
0.07478 3.76337e-05 -0.0133488 0.958284 2.683 0.000481655
-0.0168793 -8.49464e-06 -0.172714 0.953673 2.9874 0.000536302
-0.0314068 -1.58058e-05 -0.380803 0.947652 3.27657 0.000588215
-0.0298941 -1.50444e-05 -0.589915 0.941601 3.54986 0.000637275
-0.0339353 -1.70782e-05 -0.765732 0.936514 3.80567 0.000683199
-0.0519971 -2.6168e-05 -0.930504 0.931747 4.05699 0.000728316
-0.0707866 -3.5624e-05 -1.09503 0.926986 4.29352 0.000770778
-0.0827984 -4.1669e-05 -1.27683 0.921726 4.39117 0.000788308
-0.100903 -5.07801e-05 -1.45083 0.916691 4.69759 0.000843318
-0.124555 -6.26832e-05 -1.61377 0.911977 5.03311 0.00090355
-0.151758 -7.63737e-05 -1.74974 0.908043 5.20415 0.000934256
-0.176178 -8.86629e-05 -1.86375 0.904744 5.22257 0.000937562
-0.203524 -0.000102425 -1.98903 0.901119 5.29227 0.000950076
-0.233623 -0.000117573 -2.15518 0.896312 5.42666 0.000974201
-0.264314 -0.000133018 -2.37557 0.889935 5.50016 0.000987395
-0.293897 -0.000147906 -2.6435 0.882183 5.44672 0.000977801
-0.32262 -0.000162361 -2.95792 0.873085 5.30781 0.000952865
-0.351278 -0.000176784 -3.32852 0.862363 5.12411 0.000919887
-0.378931 -0.0001907 -3.78382 0.849189 4.85642 0.000871831
-0.404264 -0.000203449 -4.34639 0.832911 4.46399 0.000801381
-0.427357 -0.000215071 -5.02025 0.813414 3.9734 0.00071331
-0.448639 -0.000225781 -5.80063 0.790834 3.43172 0.000616067
-0.467074 -0.000235059 -6.68466 0.765256 2.84518 0.00051077
-0.481649 -0.000242394 -7.66516 0.736886 2.19881 0.000394734
-0.493172 -0.000248193 -8.62735 0.709046 1.49806 0.000268934
-0.501015 -0.00025214 -9.64075 0.679724 0.776844 0.00013946
-0.506232 -0.000254765 -10.6771 0.649737 0.123489 2.21689e-05
-0.507395 -0.000255351 -11.7812 0.617792 0.161788 2.90444e-05
-0.499133 -0.000251193 -13.1372 0.578558 0.269695 4.8416e-05
-0.491835 -0.00024752 -14.7524 0.531824 0.239736 4.30378e-05
-0.485754 -0.00024446 -16.4997 0.481269 0.107358 1.92731e-05
-0.475456 -0.000239277 -18.2476 0.430695 0.0104872 1.88268e-06
-0.459701 -0.000231348 -19.839 0.384649 0.00877973 1.57615e-06
-0.441311 -0.000222094 -21.3827 0.339982 0.0341115 6.12373e-06
-0.423978 -0.000213371 -23.0145 0.292767 -0.00585214 -1.05058e-06
-0.407789 -0.000205223 -24.779 0.241715 -0.0888712 -1.59543e-05
-0.390014 -0.000196278 -26.6141 0.188617 -0.193941 -3.48165e-05
-0.369642 -0.000186025 -28.3943 0.13711 -0.277772 -4.9866e-05
-0.342339 -0.000172285 -30.0044 0.0905227 -0.327734 -5.88352e-05
-0.307295 -0.000154649 -31.4098 0.0498581 -0.373615 -6.70718e-05
-0.261278 -0.00013149 -32.6521 0.0139128 -0.455793 -8.18245e-05
-0.221199 -0.00011132 -33.1125 0.000592452 -0.590948 -0.000106088
-0.16891 -8.50057e-05 -33.1182 0.000426065 -0.726789 -0.000130474
-0.11469 -5.77187e-05 -33.12 0.000375097 -0.816785 -0.00014663
-0.0679961 -3.42196e-05 -33.1217 0.000326522 -0.914541 -0.00016418
-0.0256233 -1.28952e-05 -33.1246 0.00024276 -1.06193 -0.000190639
0.0257352 1.29515e-05 -33.1274 0.000160065 -1.21538 -0.000218186
0.083644 4.20946e-05 -33.1004 0.000150094 -1.3244 -0.000237759
0.134007 6.74401e-05 -32.9395 0.000200689 -1.39167 -0.000249834
0.174159 8.7647e-05 -32.732 0.000265946 -1.48221 -0.000266089
0.201444 0.000101378 -32.5848 0.000312225 -1.61474 -0.00028988
0.210561 0.000105966 -32.5435 0.000325212 -1.72096 -0.000308948
0.209193 0.000105278 -32.5204 0.000332492 -1.78314 -0.000320111
0.205974 0.000103658 -32.3981 0.000370937 -1.78614 -0.00032065
0.205671 0.000103506 -32.1891 0.000436654 -1.78341 -0.000320159
0.203302 0.000102313 -32.0158 0.000491149 -1.82448 -0.000327533
0.197825 9.95569e-05 -31.9546 0.000510383 -1.90554 -0.000342085
0.193225 9.72423e-05 -31.9428 0.000514099 -1.97782 -0.00035506
0.183973 9.2586e-05 -31.8918 0.000530141 -1.99813 -0.000358707
0.164826 8.29501e-05 -31.8082 0.000556436 -1.9683 -0.000353352
0.134355 6.76151e-05 -31.7704 0.000568325 -1.95614 -0.000351169
0.116518 5.86388e-05 -31.8147 0.000554373 -1.99078 -0.000357387
0.105283 5.29847e-05 -31.9555 0.000510099 -2.01476 -0.000361692
0.106892 5.37945e-05 -31.9743 0.000504199 -2.02125 -0.000362858
0.0988736 4.9759e-05 -31.9371 0.000515883 -2.01203 -0.000361203
0.0792615 3.9889e-05 -32.0986 0.000465114 -1.98008 -0.000355467
0.0671344 3.3786e-05 -32.2986 0.000402217 -1.95175 -0.00035038
0.0837224 4.2134e-05 -32.343 0.00038828 -1.94512 -0.000349191
0.067625 3.40329e-05 -32.3778 0.000377311 -1.91635 -0.000344025
0.0499128 2.51191e-05 -32.3538 0.000384861 -1.83221 -0.00032892
0.0272346 1.37061e-05 -32.4505 0.000354464 -1.67521 -0.000300737
0.0257576 1.29627e-05 -32.5882 0.000311176 -1.41899 -0.00025474
0.0243213 1.22399e-05 -32.6882 0.000279721 -1.0638 -0.000190974
0.00418215 2.1047e-06 -32.7624 0.000256398 -0.651863 -0.000117023
-0.0273554 -1.37668e-05 -32.8255 0.000236552 -0.541468 -9.7205e-05
-0.0544368 -2.73958e-05 -32.8673 0.000223398 -0.546681 -9.81409e-05
-0.0771872 -3.88451e-05 -32.9221 0.000206173 -0.502785 -9.02606e-05
-0.109421 -5.50668e-05 -32.993 0.000183882 -0.373809 -6.71066e-05
-0.154372 -7.76892e-05 -33.0715 0.000159196 -0.230213 -4.13281e-05
-0.204092 -0.000102711 -33.1282 0.000139128 -0.142216 -2.55308e-05
-0.254442 -0.00012805 -33.1286 0.000126153 -0.100935 -1.812e-05
-0.312767 -0.000157403 -33.129 0.000115744 -0.0459648 -8.25165e-06
-0.316229 -0.000159145 -33.1118 0.0001186 0.0418151 7.50669e-06
-0.312024 -0.000157029 -33.0616 0.000134368 0.146488 2.62978e-05
-0.321226 -0.00016166 -32.9351 0.000174151 0.240249 4.31297e-05
-0.339354 -0.000170783 -32.7017 0.00024755 0.304324 5.46325e-05
-0.354023 -0.000178165 -32.32 0.000367579 0.347067 6.23058e-05
-0.369537 -0.000185973 -31.6863 0.000566842 0.397235 7.13121e-05
-0.390534 -0.00019654 -30.2147 0.00102956 0.475118 8.52937e-05
-0.413334 -0.000208014 -23.9582 0.00299688 0.565864 0.000101585
-0.432648 -0.000217734 -14.3648 0.00601341 0.638838 0.000114685
-0.45111 -0.000227025 -4.49609 0.00911655 0.682261 0.00012248
-0.473588 -0.000238337 0.0117905 0.0120722 0.711879 0.000127798
-0.4896 -0.000246395 0.024902 0.0137868 0.750907 0.000134804
-0.497338 -0.00025029 0.0349271 0.0150978 0.815009 0.000146311
-0.506597 -0.000254949 0.046116 0.016561 0.889384 0.000159663
-0.519438 -0.000261412 0.0675126 0.0193591 0.94888 0.000170344
-0.529113 -0.000266281 0.104412 0.0241845 0.984732 0.00017678
-0.531998 -0.000267733 0.145525 0.029561 1.01987 0.000183089
-0.532841 -0.000268157 0.163442 0.0319041 1.07887 0.00019368
-0.535584 -0.000269537 -0.457038 0.0312744 1.1554 0.000207419
-0.53679 -0.000270144 -0.931212 0.0306744 1.21703 0.000218483
-0.534117 -0.000268799 -1.42061 0.0300551 1.2682 0.000227669
-0.528903 -0.000266175 -2.41255 0.0287999 1.31155 0.000235451
-0.522158 -0.00026278 -4.12572 0.0266322 1.36056 0.000244249
-0.514727 -0.000259041 -6.56363 0.0235474 1.41038 0.000253193
-0.503586 -0.000253434 -9.73258 0.0195375 1.45824 0.000261786
-0.490735 -0.000246967 -13.1749 0.0151818 1.49947 0.000269187
-0.478242 -0.000240679 -16.8328 0.0105533 1.53441 0.00027546
-0.46538 -0.000234206 -20.7652 0.00557736 1.56266 0.00028053
-0.452059 -0.000227503 -24.2805 0.00112928 1.57966 0.000283582
-0.437199 -0.000220024 -24.731 0.000559223 1.58193 0.000283991
-0.419619 -0.000211177 -24.8946 0.000352172 1.5561 0.000279354
-0.405107 -0.000203874 -24.998 0.000221401 1.46017 0.000262131
-0.394131 -0.00019835 -25.0755 0.00012338 1.25631 0.000225534
-0.383852 -0.000193177 -25.1335 4.99813e-05 0.955053 0.000171452
-0.373811 -0.000188124 -25.1803 -9.2635e-06 0.579142 0.000103968
-0.367096 -0.000184744 -25.2211 -6.09679e-05 0.205931 3.6969e-05
-0.362035 -0.000182197 -25.2388 -8.3315e-05 0.0393521 7.06455e-06
-0.365975 -0.00018418 -25.2265 -7.94401e-05 0.0347807 6.24387e-06
-0.373302 -0.000187867 -25.1936 -6.91042e-05 -0.0400772 -7.19471e-06
-0.379067 -0.000190769 -25.1488 -5.50115e-05 -0.139631 -2.50668e-05
-0.38461 -0.000193558 -25.1155 -4.45528e-05 -0.245392 -4.40531e-05
-0.393146 -0.000197854 -25.0955 -3.82515e-05 -0.324977 -5.83403e-05
-0.403898 -0.000203265 -25.0655 -2.88173e-05 -0.381912 -6.85613e-05
-0.408902 -0.000205784 -25.0164 -1.33747e-05 -0.448993 -8.06039e-05
-0.407345 -0.000205 -24.9603 4.24455e-06 -0.551038 -9.8923e-05
-0.400782 -0.000201697 -24.9123 1.93541e-05 -0.679139 -0.00012192
-0.389212 -0.000195874 -24.8741 3.13612e-05 -0.799979 -0.000143613
-0.373274 -0.000187854 -24.8362 4.32789e-05 -0.891781 -0.000160094
-0.354788 -0.00017855 -24.7972 5.55461e-05 -0.963685 -0.000173002
-0.335174 -0.000168679 -24.7604 6.71183e-05 -1.04303 -0.000187247
-0.313541 -0.000157792 -24.7391 7.38262e-05 -1.13901 -0.000204477
-0.286268 -0.000144067 -24.7125 8.21834e-05 -1.24611 -0.000223703
