-0.0395733 -1.99156e-05 -0.0976483 -3.07046e-05 -0.0303 -5.43949e-06
-0.0389477 -1.96007e-05 -0.0978297 -3.07617e-05 -0.030247 -5.42998e-06
-0.0375513 -1.8898e-05 -0.0982251 -3.0886e-05 -0.0301607 -5.41448e-06
-0.0347796 -1.75032e-05 -0.0989628 -3.1118e-05 -0.0300453 -5.39377e-06
-0.0317751 -1.59911e-05 -0.0996499 -3.1334e-05 -0.0299851 -5.38297e-06
-0.0281296 -1.41564e-05 -0.100316 -3.15436e-05 -0.0300012 -5.38585e-06
-0.0239448 -1.20504e-05 -0.100857 -3.17136e-05 -0.0301536 -5.41322e-06
-0.0193247 -9.72532e-06 -0.101161 -3.18093e-05 -0.0304984 -5.4751e-06
-0.0143541 -7.22384e-06 -0.101114 -3.17945e-05 -0.0310755 -5.57871e-06
-0.0090916 -4.57543e-06 -0.10061 -3.16359e-05 -0.0319119 -5.72886e-06
-0.00353267 -1.77785e-06 -0.0995748 -3.13104e-05 -0.0330221 -5.92817e-06
0.00241646 1.21611e-06 -0.0979772 -3.0808e-05 -0.0344032 -6.17611e-06
0.00890852 4.48329e-06 -0.0957865 -3.01192e-05 -0.0360386 -6.4697e-06
0.0158731 7.98828e-06 -0.0929396 -2.9224e-05 -0.0379096 -6.80558e-06
0.0232559 1.17038e-05 -0.0894281 -2.81199e-05 -0.0399428 -7.17058e-06
0.0310471 1.56247e-05 -0.0852112 -2.67939e-05 -0.0420879 -7.55567e-06
0.0392888 1.97724e-05 -0.0802677 -2.52394e-05 -0.0442748 -7.94827e-06
0.0478836 2.40978e-05 -0.0745728 -2.34487e-05 -0.0464166 -8.33276e-06
0.0567635 2.85667e-05 -0.0681062 -2.14154e-05 -0.0484094 -8.69052e-06
0.0658948 3.31621e-05 -0.0608731 -1.9141e-05 -0.050128 -8.99904e-06
0.0752291 3.78597e-05 -0.0529007 -1.66342e-05 -0.0514438 -9.23527e-06
0.08484 4.26965e-05 -0.0442646 -1.39186e-05 -0.0522084 -9.37251e-06
0.0949151 4.77668e-05 -0.0350792 -1.10303e-05 -0.0522584 -9.38149e-06
0.105577 5.31325e-05 -0.0254453 -8.00106e-06 -0.0514358 -9.23383e-06
0.117005 5.8884e-05 -0.0154755 -4.86612e-06 -0.0495754 -8.89983e-06
0.129535 6.51897e-05 -0.00531452 -1.6711e-06 -0.046517 -8.35079e-06
0.143366 7.21501e-05 0.00471934 1.48396e-06 -0.0421031 -7.55841e-06
0.158665 7.98495e-05 0.0144949 4.55779e-06 -0.0362645 -6.51025e-06
0.175778 8.84617e-05 0.0242139 7.61383e-06 -0.0289571 -5.19842e-06
0.195074 9.81726e-05 0.0338817 1.06538e-05 -0.0200325 -3.59627e-06
0.2167 0.000109056 0.0435631 1.3698e-05 -0.0105271 -1.88985e-06
0.240505 0.000121036 0.0534322 1.68013e-05 0.000252352 4.53026e-08
0.266116 0.000133925 0.0637906 2.00584e-05 0.0122231 2.1943e-06
0.293273 0.000147592 0.0749544 2.35687e-05 0.0252995 4.5418e-06
0.322058 0.000162078 0.0871378 2.73997e-05 0.0393865 7.07071e-06
0.352663 0.000177481 0.100496 3.16e-05 0.0543606 9.75888e-06
0.385119 0.000193815 0.115225 3.62316e-05 0.0700964 1.25838e-05
0.419305 0.000211019 0.131591 4.13775e-05 0.0865052 1.55295e-05
0.455034 0.000229 0.149882 4.7129e-05 0.103527 1.85853e-05
0.49225 0.000247729 0.17032 5.35555e-05 0.121121 2.17439e-05
0.531134 0.000267298 0.193005 6.06886e-05 0.139275 2.50028e-05
0.57183 0.000287778 0.218009 6.8551e-05 0.158005 2.83652e-05
0.614051 0.000309026 0.24551 7.71985e-05 0.177353 3.18386e-05
0.656983 0.000330632 0.275819 8.67289e-05 0.197384 3.54346e-05
0.699665 0.000352112 0.30924 9.72378e-05 0.218206 3.91726e-05
0.741545 0.000373189 0.345862 0.000108753 0.240016 4.30879e-05
0.782126 0.000393612 0.385632 0.000121259 0.263064 4.72255e-05
0.820643 0.000412996 0.428466 0.000134727 0.287658 5.16407e-05
0.856336 0.000430958 0.474199 0.000149108 0.314202 5.6406e-05
0.888471 0.000447131 0.52256 0.000164314 0.343167 6.16057e-05
0.922276 0.000464143 0.586135 0.000184305 0.383526 6.8851e-05
0.947476 0.000476826 0.6522 0.000205078 0.429489 7.71024e-05
0.962797 0.000484536 0.719347 0.000226192 0.482228 8.65702e-05
0.967565 0.000486935 0.785749 0.000247072 0.542964 9.74736e-05
0.961423 0.000483844 0.849286 0.00026705 0.612817 0.000110014
0.943491 0.00047482 0.907883 0.000285476 0.692661 0.000124347
0.914137 0.000460047 0.959138 0.000301592 0.783221 0.000140605
0.875141 0.000440422 1.0003 0.000314534 0.884892 0.000158857
0.827894 0.000416645 1.02891 0.00032353 0.997474 0.000179068
0.773057 0.000389048 1.04318 0.00032802 1.12013 0.000201088
0.711312 0.000357974 1.04187 0.000327605 1.25137 0.000224648
0.644301 0.00032425 1.02388 0.00032195 1.38904 0.000249363
0.573692 0.000288715 0.98868 0.000310881 1.53024 0.000274711
0.500793 0.000252028 0.936516 0.000294479 1.67142 0.000300055
0.427422 0.000215104 0.868188 0.000272994 1.80847 0.000324659
0.355658 0.000178988 0.784974 0.000246828 1.93675 0.000347689
0.28713 0.000144501 0.688833 0.000216597 2.05121 0.000368236
0.223915 0.000112687 0.582176 0.00018306 2.14668 0.000385374
0.167547 8.43195e-05 0.467983 0.000147153 2.21789 0.000398159
0.118818 5.9796e-05 0.349732 0.00010997 2.25971 0.000405666
0.0790926 3.9804e-05 0.230914 7.2609e-05 2.26748 0.000407061
0.049133 2.47266e-05 0.115108 3.61946e-05 2.23715 0.000401616
0.0283307 1.42577e-05 0.00615902 1.93665e-06 2.16541 0.000388737
0.0166438 8.37612e-06 -0.0922824 -2.90174e-05 2.05002 0.000368022
0.0125405 6.31111e-06 -0.176923 -5.56319e-05 1.88995 0.000339287
0.015067 7.58261e-06 -0.245306 -7.71342e-05 1.68562 0.000302605
0.0232534 1.17025e-05 -0.29779 -9.36373e-05 1.43947 0.000258415
0.0357552 1.79941e-05 -0.333593 -0.000104895 1.15405 0.000207177
0.0513044 2.58194e-05 -0.349845 -0.000110005 0.834662 0.00014984
0.069248 3.48497e-05 -0.347617 -0.000109305 0.487645 8.75426e-05
0.088126 4.43502e-05 -0.329219 -0.00010352 0.12022 2.15821e-05
0.105137 5.2911e-05 -0.296983 -9.33836e-05 -0.280838 -5.04164e-05
0.119901 6.03413e-05 -0.254298 -7.99617e-05 -0.69519 -0.000124801
0.132765 6.68153e-05 -0.205216 -6.45282e-05 -1.10193 -0.000197819
0.143814 7.23757e-05 -0.154239 -4.84989e-05 -1.49003 -0.000267492
0.151404 7.61952e-05 -0.105368 -3.3132e-05 -1.84991 -0.000332098
0.15394 7.74718e-05 -0.0621309 -1.95365e-05 -2.17266 -0.000390039
0.151078 7.60311e-05 -0.0280877 -8.83192e-06 -2.44975 -0.000439783
0.142524 7.17267e-05 -0.00650949 -2.04685e-06 -2.67355 -0.00047996
0.127906 6.437e-05 0.000172747 5.43187e-08 -2.83873 -0.000509613
0.11207 5.64003e-05 -0.00634586 -1.9954e-06 -2.92622 -0.000525318
0.0881292 4.43518e-05 -0.0302761 -9.52005e-06 -2.97809 -0.00053463
0.0599565 3.01736e-05 -0.0717738 -2.25686e-05 -2.96591 -0.000532444
0.0270544 1.36154e-05 -0.129595 -4.075e-05 -2.89139 -0.000519066
-0.0102064 -5.13648e-06 -0.20169 -6.34195e-05 -2.7583 -0.000495174
-0.0509545 -2.56433e-05 -0.285161 -8.96663e-05 -2.57231 -0.000461784
-0.0955931 -4.8108e-05 -0.376985 -0.000118539 -2.34019 -0.000420113
-0.142074 -7.15002e-05 -0.472976 -0.000148723 -2.07018 -0.000371641
-0.189933 -9.55854e-05 -0.569006 -0.000178919 -1.77126 -0.000317978
-0.238597 -0.000120076 -0.660734 -0.000207762 -1.45311 -0.000260865
-0.287303 -0.000144588 -0.743747 -0.000233865 -1.12566 -0.000202079
-0.335559 -0.000168873 -0.814055 -0.000255972 -0.798442 -0.000143337
-0.383147 -0.000192822 -0.868092 -0.000272964 -0.480531 -8.62656e-05
-0.430071 -0.000216437 -0.902898 -0.000283908 -0.180214 -3.23522e-05
-0.47651 -0.000239808 -0.916414 -0.000288158 0.0880829 1.58128e-05
-0.522907 -0.000263158 -0.907489 -0.000285352 0.313546 5.62881e-05
-0.569849 -0.000286781 -0.876201 -0.000275514 0.507455 9.1099e-05
-0.618046 -0.000311037 -0.823545 -0.000258956 0.667166 0.000119771
-0.668032 -0.000336193 -0.751836 -0.000236408 0.79238 0.000142249
-0.719859 -0.000362275 -0.664648 -0.000208993 0.883049 0.000158526
-0.773468 -0.000389254 -0.566405 -0.000178101 0.941078 0.000168943
-0.828718 -0.000417059 -0.46225 -0.00014535 0.969832 0.000174105
-0.884834 -0.0004453 -0.358028 -0.000112579 0.973572 0.000174777
-0.940935 -0.000473534 -0.259762 -8.16798e-05 0.956608 0.000171731
-0.996891 -0.000501694 -0.173017 -5.44035e-05 0.923528 0.000165793
-1.05283 -0.000529845 -0.103137 -3.24305e-05 0.878662 0.000157739
-1.10823 -0.000557725 -0.0559465 -1.75919e-05 0.826238 0.000148327
-1.16152 -0.000584546 -0.0341913 -1.07511e-05 0.769829 0.000138201
-1.21069 -0.000609292 -0.0399548 -1.25634e-05 0.711981 0.000127816
-1.25391 -0.00063104 -0.0776337 -2.44112e-05 0.654157 0.000117435
-1.28904 -0.000648722 -0.146927 -4.61999e-05 0.596723 0.000107124
-1.31479 -0.00066168 -0.246315 -7.74515e-05 0.538867 9.67381e-05
-1.33175 -0.000670215 -0.372431 -0.000117108 0.478355 8.58749e-05
-1.34121 -0.000674975 -0.520536 -0.000163678 0.411676 7.39045e-05
-1.34505 -0.000676906 -0.684779 -0.000215323 0.334739 6.00929e-05
-1.34531 -0.000677037 -0.858355 -0.000269902 0.243143 4.36494e-05
-1.34314 -0.000675946 -1.03442 -0.000325264 0.132555 2.37965e-05
-1.33867 -0.000673697 -1.20655 -0.000379388 -0.00429575 -7.71178e-07
-1.33131 -0.000669994 -1.3689 -0.00043044 -0.178228 -3.19957e-05
-1.3207 -0.000664653 -1.516 -0.000476694 -0.383455 -6.88384e-05
-1.30681 -0.000657664 -1.64299 -0.000516625 -0.620823 -0.000111451
-1.28917 -0.000648786 -1.74622 -0.000549084 -0.890294 -0.000159827
-1.26648 -0.000637368 -1.8234 -0.000573352 -1.1904 -0.000213702
-1.23867 -0.000623373 -1.87296 -0.000588936 -1.51764 -0.000272448
-1.2071 -0.000607482 -1.89404 -0.000595565 -1.867 -0.000335166
-1.17378 -0.000590715 -1.88679 -0.000593283 -2.23201 -0.000400693
-1.14138 -0.000574409 -1.8524 -0.000582469 -2.60511 -0.000467673
-1.11136 -0.000559303 -1.79358 -0.000563976 -2.97726 -0.000534481
-1.08357 -0.000545314 -1.71459 -0.000539139 -3.33824 -0.000599286
-1.05739 -0.000532143 -1.62063 -0.000509592 -3.67738 -0.000660168
-1.0319 -0.000519312 -1.51741 -0.000477137 -3.98397 -0.000715208
-1.00559 -0.000506074 -1.41094 -0.000443657 -4.24765 -0.000762544
-0.976807 -0.000491587 -1.30706 -0.000410992 -4.4589 -0.000800468
-0.944453 -0.000475304 -1.20841 -0.000379974 -4.53219 -0.000813625
-0.907319 -0.000456616 -1.12347 -0.000353266 -4.52406 -0.000812166
-0.865857 -0.00043575 -1.05471 -0.000331643 -4.50688 -0.000809081
-0.819884 -0.000412614 -0.999864 -0.000314398 -4.45654 -0.000800044
-0.769735 -0.000387376 -0.961566 -0.000302356 -4.34196 -0.000779474
-0.715421 -0.000360042 -0.940606 -0.000295765 -4.14213 -0.0007436
-0.657106 -0.000330694 -0.932984 -0.000293368 -3.86724 -0.000694252
-0.594141 -0.000299006 -0.934671 -0.000293899 -3.54338 -0.000636113
-0.525226 -0.000264324 -0.943065 -0.000296538 -3.17768 -0.000570462
-0.449542 -0.000226236 -0.954253 -0.000300056 -2.76603 -0.000496561
-0.367223 -0.000184808 -0.962228 -0.000302564 -2.31524 -0.000415634
-0.278883 -0.00014035 -0.960832 -0.000302125 -1.84605 -0.000331405
-0.185449 -9.33286e-05 -0.944653 -0.000297038 -1.37396 -0.000246656
-0.0884755 -4.45261e-05 -0.908426 -0.000285646 -0.904192 -0.000162322
0.0104985 5.28348e-06 -0.847278 -0.000266419 -0.441855 -7.93223e-05
0.111076 5.58999e-05 -0.757329 -0.000238135 0.00020706 3.71716e-08
0.209911 0.000105639 -0.636638 -0.000200185 0.367196 6.59194e-05
0.305532 0.000153762 -0.484511 -0.00015235 0.698252 0.000125351
0.399077 0.000200839 -0.301964 -9.49499e-05 1.002 0.000179881
0.490308 0.000246752 -0.0981964 -3.0877e-05 1.27851 0.00022952
0.57799 0.000290878 0.123073 3.86993e-05 1.52344 0.000273489
0.661307 0.000332809 0.362088 0.000113855 1.73476 0.000311426
0.739085 0.000371951 0.613532 0.00019292 1.92052 0.000344773
0.810819 0.000408052 0.870005 0.000273565 2.0869 0.000374642
0.876038 0.000440874 1.12364 0.000353319 2.23772 0.000401718
0.933768 0.000469927 1.36746 0.000429987 2.37592 0.000426528
0.983512 0.000494961 1.59438 0.000501337 2.50767 0.000450179
1.0179 0.000512266 1.75873 0.000553017 2.61269 0.000469034
1.04789 0.000527362 1.90403 0.000598705 2.7199 0.000488279
1.07402 0.000540509 2.02742 0.000637503 2.83042 0.00050812
1.09701 0.000552079 2.12661 0.000668695 2.94493 0.000528678
1.11753 0.000562408 2.19983 0.000691717 3.06402 0.000550056
1.13601 0.000571708 2.24592 0.000706209 3.18791 0.000572297
1.153 0.000580258 2.26445 0.000712036 3.31607 0.000595304
1.16948 0.000588551 2.2557 0.000709283 3.44694 0.000618798
1.18606 0.000596894 2.22074 0.000698292 3.57806 0.000642337
1.20254 0.000605187 2.16152 0.000679671 3.70645 0.000665386
1.21853 0.000613234 2.08065 0.000654241 3.82891 0.00068737
1.23368 0.000620862 1.98127 0.000622993 3.94192 0.000707659
1.24773 0.000627929 1.86688 0.000587024 4.03502 0.000724371
1.26084 0.000634528 1.73933 0.000546915 4.06914 0.000730497
1.2731 0.000640699 1.60548 0.000504827 4.07675 0.000731863
1.28501 0.00064669 1.46913 0.000461955 4.07311 0.00073121
1.29702 0.000652738 1.33283 0.000419097 4.06786 0.000730267
1.31017 0.000659357 1.19918 0.000377071 4.04697 0.000726518
1.32459 0.000666613 1.07262 0.000337276 3.99535 0.00071725
1.34023 0.000674482 0.957279 0.000301008 3.8996 0.000700062
1.35682 0.000682829 0.855755 0.000269085 3.75653 0.000674378
1.37415 0.000691551 0.769515 0.000241967 3.57258 0.000641354
1.39196 0.000700517 0.700115 0.000220145 3.35456 0.000602215
1.40995 0.000709571 0.649182 0.000204129 3.10312 0.000557077
1.4279 0.000718603 0.617566 0.000194188 2.81506 0.000505363
1.44573 0.000727577 0.604921 0.000190212 2.49014 0.000447033
1.4636 0.00073657 0.610031 0.000191819 2.13428 0.000383149
1.48193 0.000745793 0.631247 0.00019849 1.75644 0.000315318
1.50099 0.000755385 0.66665 0.000209622 1.36382 0.000244835
1.52043 0.000765172 0.714036 0.000224522 0.960656 0.000172458
1.53966 0.000774849 0.770828 0.00024238 0.550945 9.89063e-05
1.55817 0.00078416 0.834144 0.000262289 0.141204 2.53492e-05
1.57539 0.000792828 0.901682 0.000283526 -0.256885 -4.61164e-05
1.59097 0.000800669 0.96949 0.000304847 -0.642454 -0.000115334
1.60426 0.000807359 1.03447 0.000325278 -1.00339 -0.000180131
1.61514 0.000812835 1.09408 0.000344024 -1.33654 -0.000239937
1.62391 0.000817248 1.14581 0.00036029 -1.63902 -0.00029424
1.63151 0.00082107 1.18655 0.0003731 -1.9044 -0.000341879
1.63839 0.000824533 1.21387 0.00038169 -2.12548 -0.000381568
1.64457 0.000827644 1.22642 0.000385636 -2.29783 -0.00041251
1.6502 0.000830477 1.22359 0.000384748 -2.42056 -0.000434543
1.65565 0.000833221 1.20513 0.000378943 -2.49429 -0.000447778
1.6614 0.000836116 1.17112 0.000368247 -2.51902 -0.000452217
1.66809 0.000839482 1.12231 0.000352901 -2.49169 -0.000447311
1.67664 0.000843782 1.06011 0.000333343 -2.41162 -0.000432937
1.68801 0.000849505 0.986498 0.000310195 -2.2814 -0.000409559
1.70258 0.000856838 0.904118 0.000284292 -2.10605 -0.00037808
1.72006 0.000865634 0.816238 0.000256659 -1.89138 -0.000339542
1.74002 0.000875678 0.7265 0.000228441 -1.64274 -0.000294907
1.76194 0.000886711 0.638786 0.00020086 -1.36532 -0.000245104
1.78527 0.000898451 0.557048 0.000175159 -1.06493 -0.000191178
1.80951 0.000910651 0.485145 0.00015255 -0.748331 -0.000134341
1.83422 0.000923088 0.426732 0.000134182 -0.42247 -7.58423e-05
1.85887 0.000935493 0.385159 0.00012111 -0.0936843 -1.68183e-05
1.88288 0.000947578 0.363046 0.000114157 0.197905 3.55281e-05
1.90559 0.000959004 0.363217 0.00011421 0.478821 8.59585e-05
1.92635 0.00096945 0.387217 0.000121757 0.748798 0.000134425
1.94417 0.00097842 0.436078 0.000137121 1.00627 0.000180647
1.95825 0.000985507 0.510025 0.000160373 1.24941 0.000224295
1.96806 0.000990445 0.608536 0.000191349 1.47542 0.00026487
1.97313 0.000992993 0.730245 0.000229619 1.6824 0.000302027
1.97274 0.000992798 0.872998 0.000274506 1.87052 0.000335797
1.96605 0.000989432 1.03394 0.000325112 2.04168 0.000366525
1.95234 0.000982534 1.20956 0.000380336 2.19819 0.000394622
1.93115 0.000971866 1.3958 0.000438897 2.34196 0.000420431
1.90212 0.000957259 1.58807 0.000499355 2.47485 0.000444287
1.86502 0.00093859 1.78143 0.000560155 2.59945 0.000466656
1.81976 0.000915809 1.9707 0.00061967 2.71919 0.000488152
1.76629 0.0008889 2.15068 0.000676262 2.83769 0.000509425
1.70467 0.000857888 2.31628 0.000728334 2.95798 0.000531021
1.63507 0.000822863 2.46265 0.000774358 3.08239 0.000553354
1.55788 0.000784019 2.58529 0.000812922 3.21274 0.000576755
1.47376 0.000741684 2.68018 0.000842757 3.35062 0.000601508
1.38342 0.000696217 2.74391 0.000862798 3.49712 0.000627808
1.28732 0.000647854 2.77395 0.000872245 3.65242 0.000655688
1.18577 0.000596751 2.76866 0.000870579 3.81561 0.000684983
1.07926 0.000543145 2.72722 0.000857551 3.98478 0.000715353
0.968978 0.000487646 2.64717 0.00083238 4.07487 0.000731526
0.855847 0.000430712 2.53075 0.00079577 4.09436 0.000735024
0.740739 0.000372784 2.38298 0.000749306 4.09546 0.000735221
0.623899 0.000313983 2.20326 0.000692795 4.09966 0.000735976
0.505511 0.000254403 1.99406 0.000627014 4.12215 0.000740014
0.386632 0.000194576 1.76095 0.000553715 4.15786 0.000746424
0.267641 0.000134693 1.50972 0.000474718 4.18611 0.000751496
0.148794 7.4882e-05 1.2452 0.000391542 4.1973 0.000753504
0.0302237 1.52104e-05 0.971904 0.000305606 4.19761 0.00075356
-0.0890684 -4.48245e-05 0.695589 0.000218722 4.19678 0.000753411
-0.208518 -0.000104939 0.419966 0.000132055 4.16885 0.000748398
-0.326942 -0.000164537 0.151275 4.75672e-05 4.09109 0.000734439
-0.44439 -0.000223643 -0.10549 -3.31704e-05 3.94754 0.000708668
-0.561531 -0.000282595 -0.346933 -0.00010909 3.73541 0.000670586
-0.678228 -0.000341324 -0.570078 -0.000179256 3.46186 0.000621478
-0.793913 -0.000399543 -0.780086 -0.000245291 3.13431 0.000562676
-0.90873 -0.000457326 -0.971043 -0.000305336 2.74846 0.000493407
-1.02256 -0.00051461 -1.1372 -0.000357583 2.30066 0.000413017
-1.13532 -0.000571358 -1.27834 -0.000401963 1.79163 0.000321635
-1.24717 -0.000627651 -1.39584 -0.000438909 1.22883 0.0002206
-1.35834 -0.000683597 -1.4916 -0.000469022 0.622544 0.00011176
-1.4688 -0.000739189 -1.56747 -0.000492876 0.013189 2.36771e-06
-1.57852 -0.000794406 -1.61992 -0.00050937 -0.547816 -9.83446e-05
-1.68479 -0.000847886 -1.66495 -0.000523529 -1.10228 -0.000197883
-1.78626 -0.000898951 -1.70151 -0.000535023 -1.66612 -0.000299104
-1.88106 -0.00094666 -1.73262 -0.000544806 -2.24688 -0.000403363
-1.9684 -0.000990612 -1.76341 -0.000554489 -2.8389 -0.000509643
-2.04717 -0.00103026 -1.79953 -0.000565845 -3.42283 -0.000614471
-2.11651 -0.00106515 -1.84511 -0.000580177 -3.98139 -0.000714745
-2.17546 -0.00109482 -1.90252 -0.00059823 -4.50977 -0.000809599
-2.22524 -0.00111987 -1.95961 -0.000616181 -4.61046 -0.000827675
-2.26305 -0.0011389 -2.03974 -0.000641379 -4.61811 -0.000829049
-2.29198 -0.00115346 -2.13853 -0.000672442 -4.5973 -0.000825313
-2.31152 -0.00116329 -2.24955 -0.00070735 -4.59124 -0.000824225
-2.32435 -0.00116975 -2.37108 -0.000745565 -4.63852 -0.000832714
-2.33158 -0.00117339 -2.50511 -0.000787711 -4.70546 -0.00084473
-2.33372 -0.00117446 -2.6517 -0.000833804 -4.74442 -0.000851724
-2.33194 -0.00117357 -2.80704 -0.000882647 -4.74372 -0.000851599
-2.3276 -0.00117138 -2.96537 -0.000932433 -4.72894 -0.000848946
-2.32188 -0.00116851 -3.1225 -0.000981841 -4.73278 -0.000849634
-2.31553 -0.00116531 -3.27583 -0.00103006 -4.75988 -0.000854499
-2.30916 -0.0011621 -3.42271 -0.00107624 -4.78857 -0.00085965
-2.30319 -0.0011591 -3.5596 -0.00111929 -4.7983 -0.000861398
-2.29784 -0.00115641 -3.68274 -0.00115801 -4.78985 -0.00085988
-2.28755 -0.00115123 -3.73506 -0.00117446 -4.76739 -0.000855847
-2.2825 -0.00114869 -3.73385 -0.00117408 -4.75789 -0.000854142
-2.27675 -0.00114579 -3.70863 -0.00116614 -4.75723 -0.000854024
-2.269 -0.00114189 -3.70281 -0.00116431 -4.75805 -0.000854172
-2.26319 -0.00113897 -3.72967 -0.00117276 -4.74931 -0.000852601
-2.25937 -0.00113705 -3.74956 -0.00117902 -4.70949 -0.000845453
-2.25569 -0.00113519 -3.73095 -0.00117316 -4.63966 -0.000832917
-2.2519 -0.00113329 -3.6765 -0.00115604 -4.55474 -0.000817674
-2.24926 -0.00113196 -3.60556 -0.00113374 -4.45881 -0.00080045
-2.24825 -0.00113145 -3.52533 -0.00110851 -4.33943 -0.000779019
-2.24924 -0.00113195 -3.42698 -0.00107758 -4.18381 -0.000751083
-2.25283 -0.00113376 -3.30385 -0.00103887 -3.99442 -0.000717084
-2.25919 -0.00113696 -3.1618 -0.000994199 -3.78402 -0.000679311
-2.26792 -0.00114135 -3.01118 -0.000946838 -3.55807 -0.000638748
-2.27852 -0.00114668 -2.85625 -0.000898121 -3.30835 -0.000593919
-2.29038 -0.00115265 -2.69581 -0.000847672 -3.02416 -0.000542902
-2.30264 -0.00115882 -2.53058 -0.000795719 -2.70492 -0.00048559
-2.31458 -0.00116483 -2.36593 -0.000743945 -2.3587 -0.000423438
-2.32589 -0.00117052 -2.2077 -0.000694193 -1.99142 -0.000357503
-2.33647 -0.00117585 -2.05848 -0.00064727 -1.60123 -0.000287454
-2.34609 -0.00118069 -1.91864 -0.000603298 -1.18376 -0.000212511
-2.35438 -0.00118486 -1.7895 -0.000562693 -0.739696 -0.000132791
-2.36091 -0.00118815 -1.67375 -0.000526297 -0.269737 -4.84235e-05
-2.36438 -0.0011899 -1.58037 -0.000496932 -0.0100687 -1.80755e-06
-2.36567 -0.00119054 -1.50141 -0.000472103 0.158621 2.84759e-05
-2.3638 -0.0011896 -1.43597 -0.000451529 0.313781 5.63303e-05
-2.35952 -0.00118745 -1.38767 -0.000436341 0.487131 8.74503e-05
-2.3532 -0.00118427 -1.35682 -0.000426641 0.6956 0.000124875
-2.34455 -0.00117992 -1.3397 -0.000421257 0.917042 0.000164628
-2.33418 -0.00117469 -1.33275 -0.000419071 1.11953 0.000200979
-2.32274 -0.00116894 -1.33435 -0.000419574 1.29588 0.000232639
-2.31098 -0.00116302 -1.34367 -0.000422505 1.46184 0.000262432
-2.2992 -0.00115709 -1.35884 -0.000427275 1.63435 0.0002934
-2.28705 -0.00115098 -1.377 -0.000432984 1.81171 0.000325241
-2.27364 -0.00114423 -1.39545 -0.000438786 1.97749 0.000355002
-2.25836 -0.00113654 -1.41221 -0.000444056 2.11863 0.00038034
-2.24121 -0.00112791 -1.42567 -0.000448289 2.23629 0.000401462
-2.22241 -0.00111845 -1.43416 -0.00045096 2.34006 0.00042009
-2.20204 -0.00110819 -1.43598 -0.000451531 2.43491 0.000437118
-2.17998 -0.00109709 -1.42973 -0.000449566 2.51597 0.000451671
-2.15615 -0.0010851 -1.41454 -0.000444789 2.57477 0.000462226
-2.13064 -0.00107226 -1.38997 -0.000437063 2.60802 0.000468196
-2.10368 -0.00105869 -1.35591 -0.000426355 2.61946 0.000470248
-2.07553 -0.00104453 -1.3128 -0.000412798 2.60681 0.000467978
-2.0464 -0.00102987 -1.26213 -0.000396867 2.55529 0.000458728
-2.01671 -0.00101493 -1.20429 -0.000378679 2.45796 0.000441255
-1.98682 -0.000999885 -1.14064 -0.000358663 2.31396 0.000415405
-1.95699 -0.000984872 -1.07322 -0.000337465 2.12923 0.000382243
-1.92734 -0.000969949 -1.00433 -0.000315802 1.91261 0.000343354
-1.8981 -0.000955236 -0.936147 -0.000294363 1.6701 0.000299818
-1.86951 -0.000940846 -0.870864 -0.000273835 1.40394 0.000252037
-1.8414 -0.000926699 -0.810917 -0.000254986 1.11612 0.000200367
-1.8131 -0.000912458 -0.758977 -0.000238653 0.811653 0.000145709
-1.78405 -0.000897839 -0.717549 -0.000225627 0.497967 8.93957e-05
-1.75421 -0.000882822 -0.688648 -0.000216539 0.181907 3.26561e-05
-1.72388 -0.000867558 -0.672399 -0.00021143 -0.0767863 -1.37848e-05
-1.69315 -0.000852091 -0.66729 -0.000209823 -0.266833 -4.79022e-05
-1.66106 -0.000835941 -0.682416 -0.00021458 -0.427178 -7.66875e-05
-1.62732 -0.000818962 -0.713758 -0.000224435 -0.578146 -0.00010379
-1.59206 -0.000801219 -0.75976 -0.0002389 -0.736237 -0.00013217
-1.5551 -0.000782617 -0.820466 -0.000257988 -0.89987 -0.000161546
-1.51615 -0.000763017 -0.896149 -0.000281786 -1.05491 -0.000189379
-1.47511 -0.000742363 -0.985506 -0.000309883 -1.1905 -0.000213721
-1.43183 -0.00072058 -1.08557 -0.000341347 -1.30906 -0.000235004
-1.38624 -0.000697635 -1.19314 -0.000375173 -1.42129 -0.000255151
-1.33835 -0.000673537 -1.30561 -0.000410537 -1.5335 -0.000275295
-1.28823 -0.000648313 -1.42044 -0.000446645 -1.64257 -0.000294876
-1.2359 -0.000621976 -1.53459 -0.000482537 -1.74172 -0.000312676
-1.18137 -0.000594535 -1.64455 -0.000517113 -1.82897 -0.000328339
-1.12467 -0.000565998 -1.74693 -0.000549308 -1.90891 -0.000342689
-1.06581 -0.00053638 -1.83873 -0.000578174 -1.98726 -0.000356756
-1.00492 -0.000505735 -1.9172 -0.000602845 -2.06547 -0.000370795
-0.942258 -0.000474199 -1.97973 -0.000622508 -2.14074 -0.000384308
-0.878198 -0.00044196 -2.02402 -0.000636436 -2.21033 -0.000396801
-0.813157 -0.000409228 -2.04822 -0.000644045 -2.27464 -0.000408347
-0.747573 -0.000376222 -2.051 -0.000644917 -2.33616 -0.00041939
-0.68176 -0.000343101 -2.03156 -0.000638804 -2.39623 -0.000430174
-0.615801 -0.000309907 -1.98974 -0.000625655 -2.45351 -0.000440458
-0.54969 -0.000276636 -1.92599 -0.000605609 -2.50527 -0.000449749
-0.483452 -0.000243301 -1.84131 -0.000578983 -2.54952 -0.000457694
-0.417244 -0.000209982 -1.73714 -0.000546228 -2.58572 -0.000464191
-0.351469 -0.00017688 -1.61524 -0.000507899 -2.61356 -0.00046919
-0.286686 -0.000144277 -1.47772 -0.000464657 -2.63174 -0.000472453
-0.223439 -0.000112448 -1.32705 -0.00041728 -2.63642 -0.000473294
-0.162295 -8.16762e-05 -1.16568 -0.000366539 -2.61596 -0.00046962
-0.103629 -5.2152e-05 -0.996759 -0.000313422 -2.5642 -0.000460328
-0.0472823 -2.37952e-05 -0.823509 -0.000258945 -2.47775 -0.000444809
0.00763669 3.84323e-06 -0.649108 -0.000204106 -2.35479 -0.000422736
0.0608319 3.06142e-05 -0.476489 -0.000149828 -2.19415 -0.000393897
0.113275 5.70064e-05 -0.309301 -9.7257e-05 -1.99388 -0.000357944
0.165864 8.34724e-05 -0.149912 -4.71384e-05 -1.75254 -0.000314617
0.218502 0.000109963 -0.000447089 -1.40583e-07 -1.46941 -0.00026379
0.271215 0.000136492 0.13736 4.31917e-05 -1.14525 -0.000205597
0.324396 0.000163255 0.258514 8.12875e-05 -0.783217 -0.000140604
0.378732 0.0001906 0.361134 0.000113555 -0.384829 -6.90849e-05
0.434181 0.000218506 0.439576 0.000138221 -0.0750658 -1.34759e-05
0.48984 0.000246516 0.503201 0.000158227 0.144695 2.59759e-05
0.544921 0.000274236 0.562609 0.000176907 0.342384 6.14652e-05
0.600537 0.000302225 0.61137 0.00019224 0.550263 9.87838e-05
0.656637 0.000330458 0.646401 0.000203255 0.788311 0.000141519
0.714071 0.000359363 0.671435 0.000211127 1.05136 0.000188741
0.772802 0.000388919 0.692794 0.000217843 1.31466 0.000236009
0.832846 0.000419137 0.713208 0.000224262 1.56276 0.000280549
0.894233 0.00045003 0.732388 0.000230293 1.79929 0.000323012
0.956938 0.000481587 0.75096 0.000236133 2.03748 0.000365771
1.02069 0.000513669 0.772122 0.000242787 2.28207 0.00040968
1.08508 0.000546076 0.799694 0.000251456 2.52352 0.000453025
1.14992 0.000578706 0.835934 0.000262852 2.74837 0.000493391
1.21526 0.00061159 0.881601 0.000277212 2.95166 0.000529886
1.28144 0.000644894 0.937306 0.000294727 3.13835 0.000563401
1.34894 0.000678866 1.0041 0.000315731 3.31437 0.000595
1.41825 0.000713744 1.0829 0.000340509 3.47877 0.000624514
1.48977 0.000749741 1.1738 0.00036909 3.6251 0.000650783
1.56392 0.000787054 1.27617 0.000401279 3.74848 0.000672932
1.64108 0.000825886 1.38913 0.000436799 3.8499 0.000691138
1.72155 0.000866386 1.5117 0.000475341 3.93374 0.00070619
1.80528 0.000908524 1.64266 0.00051652 4.00271 0.000718571
1.89169 0.000952011 1.7805 0.000559862 4.05588 0.000728117
1.98001 0.000996458 1.92351 0.00060483 4.09128 0.000734471
2.06945 0.00104147 2.06986 0.00065085 4.10914 0.000737679
2.1592 0.00108663 2.21758 0.000697299 4.11239 0.000738261
2.24824 0.00113144 2.36443 0.000743474 4.09988 0.000736015
2.33514 0.00117518 2.50811 0.000788651 4.06773 0.000730245
2.41828 0.00121702 2.64685 0.000832279 4.01619 0.000720991
2.49572 0.00125599 2.77847 0.000873666 3.94786 0.000708724
2.53772 0.00127713 2.88874 0.000908338 3.87308 0.000695301
2.53467 0.00127559 2.96164 0.000931262 3.80098 0.000682356
2.52174 0.00126909 3.02124 0.000950002 3.72395 0.000668527
2.52223 0.00126933 3.08184 0.000969057 3.63842 0.000653175
2.53095 0.00127372 3.13632 0.000986189 3.54701 0.000636763
2.5307 0.0012736 3.17152 0.000997256 3.45592 0.000620411
2.52582 0.00127114 3.18983 0.00100301 3.36747 0.000604532
2.5278 0.00127214 3.19879 0.00100583 3.28129 0.000589062
2.53328 0.0012749 3.19651 0.00100511 3.19802 0.000574113
2.53569 0.00127611 3.17767 0.000999191 3.11848 0.000559834
2.53459 0.00127555 3.14192 0.000987948 3.04291 0.000546268
2.52801 0.00127224 3.08915 0.000971356 2.97313 0.00053374
2.51375 0.00126507 3.01956 0.000949474 2.91004 0.000522413
2.49173 0.00125398 2.93423 0.000922641 2.85244 0.000512073
2.46363 0.00123984 2.83515 0.000891486 2.798 0.000502301
2.42988 0.00122286 2.72402 0.000856545 2.74501 0.000492787
2.38983 0.0012027 2.60273 0.000818405 2.69241 0.000483345
2.3434 0.00117934 2.47387 0.000777886 2.63872 0.000473706
2.29103 0.00115298 2.34004 0.000735806 2.58169 0.000463469
2.23315 0.00112385 2.20327 0.000692799 2.5189 0.000452197
2.1703 0.00109222 2.06554 0.00064949 2.44819 0.000439502
2.10311 0.00105841 1.92906 0.000606574 2.36783 0.000425076
2.032 0.00102262 1.79593 0.000564715 2.27643 0.000408667
1.95723 0.000984994 1.66789 0.000524455 2.17267 0.00039004
1.87915 0.000945699 1.54637 0.000486244 2.05535 0.000368979
1.79828 0.000905002 1.43258 0.000450462 1.92364 0.000345335
1.7152 0.00086319 1.3274 0.000417389 1.7773 0.000319063
1.63058 0.000820605 1.23131 0.000387173 1.61662 0.000290218
1.54526 0.000777664 1.1444 0.000359846 1.4423 0.000258923
1.45999 0.000734751 1.06648 0.000335346 1.25531 0.000225355
1.37531 0.000692139 0.997155 0.000313546 1.05698 0.000189751
1.29165 0.000650036 0.9358 0.000294254 0.849028 0.000152419
1.20936 0.000608622 0.881593 0.000277209 0.633527 0.000113732
1.12868 0.000568017 0.833533 0.000262097 0.412812 7.41086e-05
1.04974 0.000528293 0.790484 0.000248561 0.189378 3.39974e-05
0.972699 0.000489519 0.751739 0.000236377 -0.00945223 -1.69688e-06
0.897559 0.000451704 0.719625 0.00022628 -0.119662 -2.14818e-05
0.82537 0.000415375 0.684704 0.000215299 -0.209501 -3.76098e-05
0.756151 0.00038054 0.649805 0.000204325 -0.289301 -5.19357e-05
0.690025 0.000347261 0.615132 0.000193423 -0.375931 -6.74876e-05
0.627036 0.000315561 0.579425 0.000182195 -0.472871 -8.48903e-05
0.567618 0.000285659 0.540345 0.000169907 -0.567817 -0.000101935
0.511849 0.000257592 0.496646 0.000156166 -0.648601 -0.000116438
0.459659 0.000231327 0.448596 0.000141057 -0.714167 -0.000128208
0.41064 0.000206658 0.396894 0.0001248 -0.77349 -0.000138858
0.364102 0.000183237 0.341747 0.000107459 -0.833741 -0.000149674
0.319379 0.00016073 0.283087 8.90142e-05 -0.893223 -0.000160352
0.276077 0.000138938 0.221192 6.95519e-05 -0.944901 -0.00016963
0.2337 0.000117611 0.156905 4.93373e-05 -0.984755 -0.000176784
0.191099 9.6172e-05 0.0892527 2.80647e-05 -1.01542 -0.000182289
0.147332 7.4146e-05 0.0220497 6.93333e-06 -1.04139 -0.000186952
0.101605 5.11333e-05 -0.0426777 -1.34196e-05 -1.06522 -0.00019123
0.0544796 2.74173e-05 -0.105271 -3.31016e-05 -1.0853 -0.000194834
0.00711664 3.58151e-06 -0.165865 -5.21548e-05 -1.09923 -0.000197335
-0.0369859 -1.86135e-05 -0.221068 -6.95129e-05 -1.10693 -0.000198718
-0.0818988 -4.12163e-05 -0.27251 -8.56882e-05 -1.10943 -0.000199167
-0.129698 -6.52718e-05 -0.320214 -0.000100689 -1.10987 -0.000199246
-0.179716 -9.04437e-05 -0.36378 -0.000114387 -1.10711 -0.000198749
-0.230654 -0.000116079 -0.402985 -0.000126715 -1.09797 -0.000197109
-0.28231 -0.000142075 -0.438297 -0.000137819 -1.08087 -0.000194039
-0.334389 -0.000168284 -0.469968 -0.000147777 -1.05612 -0.000189596
-0.385646 -0.000194079 -0.498035 -0.000156603 -1.02596 -0.000184181
-0.434989 -0.000218912 -0.522932 -0.000164431 -0.992249 -0.00017813
-0.481975 -0.000242558 -0.545356 -0.000171482 -0.955198 -0.000171478
-0.52654 -0.000264986 -0.565551 -0.000177833 -0.914202 -0.000164119
-0.569197 -0.000286453 -0.583178 -0.000183375 -0.86944 -0.000156083
-0.610872 -0.000307426 -0.597914 -0.000188009 -0.822224 -0.000147607
-0.651756 -0.000328002 -0.609993 -0.000191807 -0.774007 -0.000138951
-0.691332 -0.000347919 -0.619953 -0.000194939 -0.725496 -0.000130242
-0.729936 -0.000367347 -0.627943 -0.000197451 -0.676813 -0.000121502
-0.768847 -0.000386929 -0.633722 -0.000199268 -0.628116 -0.00011276
-0.808657 -0.000406963 -0.637357 -0.000200411 -0.579891 -0.000104103
-0.8492 -0.000427367 -0.639337 -0.000201034 -0.532848 -9.56575e-05
-0.890667 -0.000448236 -0.640141 -0.000201287 -0.487594 -8.75336e-05
-0.933576 -0.00046983 -0.640143 -0.000201287 -0.444351 -7.97705e-05
-0.978355 -0.000492365 -0.639756 -0.000201165 -0.403052 -7.23563e-05
-1.02516 -0.000515918 -0.639589 -0.000201113 -0.363704 -6.52926e-05
-1.07403 -0.000540515 -0.640374 -0.00020136 -0.326558 -5.86242e-05
-1.12522 -0.000566277 -0.642785 -0.000202118 -0.29194 -5.24095e-05
-1.17898 -0.00059333 -0.647464 -0.000203589 -0.259982 -4.66724e-05
-1.23522 -0.000621635 -0.654928 -0.000205936 -0.2305 -4.13797e-05
-1.29363 -0.000651031 -0.665916 -0.000209391 -0.203263 -3.64901e-05
-1.35381 -0.000681314 -0.681307 -0.000214231 -0.17847 -3.20392e-05
-1.41533 -0.000712275 -0.701963 -0.000220726 -0.156458 -2.80875e-05
-1.47781 -0.000743722 -0.728556 -0.000229088 -0.13752 -2.46877e-05
-1.54114 -0.000775592 -0.761421 -0.000239422 -0.121941 -2.1891e-05
-1.60556 -0.000808011 -0.800612 -0.000251745 -0.11017 -1.97779e-05
-1.67142 -0.000841155 -0.846103 -0.00026605 -0.102876 -1.84685e-05
-1.73881 -0.000875073 -0.897897 -0.000282336 -0.100838 -1.81025e-05
-1.80747 -0.000909623 -0.956005 -0.000300607 -0.104822 -1.88178e-05
-1.87675 -0.00094449 -1.02042 -0.000320861 -0.115575 -2.07482e-05
-1.94589 -0.000979284 -1.09108 -0.00034308 -0.133889 -2.40359e-05
-2.01433 -0.00101373 -1.16774 -0.000367186 -0.16069 -2.88473e-05
-2.21054 -0.00111247 -1.19374 -0.000375361 -0.23189 -4.16293e-05
-1.84344 -0.000927725 -0.798394 -0.000251048 -0.448375 -8.04929e-05
-1.45775 -0.000733624 -0.527825 -0.00016597 -0.641513 -0.000115165
-1.84318 -0.000927597 -0.876103 -0.000275483 -0.55641 -9.98873e-05
-2.24541 -0.00113002 -1.28989 -0.000405593 -0.469398 -8.42669e-05
-2.20576 -0.00111007 -1.37382 -0.000431984 -0.501527 -9.00347e-05
-2.00848 -0.00101078 -1.32416 -0.000416372 -0.583419 -0.000104736
-2.05889 -0.00103616 -1.45762 -0.000458337 -0.588429 -0.000105635
-2.26962 -0.0011422 -1.73146 -0.000544443 -0.551255 -9.8962e-05
-2.35056 -0.00118294 -1.93314 -0.000607859 -0.555305 -9.96891e-05
-2.32423 -0.00116969 -2.03998 -0.000641453 -0.60415 -0.000108458
-2.30737 -0.0011612 -2.14461 -0.000674352 -0.657744 -0.000118079
-2.35788 -0.00118662 -2.30268 -0.000724057 -0.705849 -0.000126715
-2.44699 -0.00123147 -2.49033 -0.000783062 -0.761969 -0.00013679
-2.48977 -0.001253 -2.63859 -0.00082968 -0.853673 -0.000153252
-2.48375 -0.00124997 -2.73839 -0.000861063 -0.9656 -0.000173346
-2.48514 -0.00125067 -2.83004 -0.000889882 -1.04425 -0.000187465
-2.51046 -0.00126341 -2.93555 -0.000923058 -1.10597 -0.000198545
-2.53435 -0.00127543 -3.03164 -0.000953272 -1.17214 -0.000210424
-2.52958 -0.00127303 -3.09379 -0.000972815 -1.25418 -0.000225152
-2.50544 -0.00126088 -3.1253 -0.000982721 -1.35469 -0.000243196
-2.49594 -0.0012561 -3.15093 -0.000990782 -1.46381 -0.000262786
-2.50729 -0.00126181 -3.17657 -0.000998844 -1.57647 -0.00028301
-2.50957 -0.00126296 -3.18172 -0.00100046 -1.69607 -0.000304481
-2.49097 -0.0012536 -3.15832 -0.000993107 -1.82511 -0.000327647
-2.47192 -0.00124402 -3.11964 -0.000980942 -1.95891 -0.000351667
-2.458 -0.00123701 -3.07101 -0.000965652 -2.0955 -0.000376186
-2.43691 -0.0012264 -3.00949 -0.000946307 -2.23597 -0.000401405
-2.41338 -0.00121455 -2.94095 -0.000924754 -2.37634 -0.000426604
-2.39241 -0.001204 -2.86981 -0.000902385 -2.51204 -0.000450965
-2.36786 -0.00119165 -2.79299 -0.000878231 -2.64308 -0.000474489
-2.33573 -0.00117548 -2.70941 -0.00085195 -2.76925 -0.00049714
-2.29916 -0.00115707 -2.62378 -0.000825025 -2.88861 -0.000518566
-2.26197 -0.00113836 -2.54149 -0.000799149 -2.99838 -0.000538273
-2.22362 -0.00111905 -2.46412 -0.000774821 -3.0962 -0.000555834
-2.18117 -0.00109769 -2.39122 -0.000751896 -3.18089 -0.000571037
-2.13501 -0.00107446 -2.32418 -0.000730818 -3.25145 -0.000583705
-2.08603 -0.00104981 -2.265 -0.000712209 -3.30696 -0.00059367
-2.03472 -0.00102399 -2.21494 -0.000696467 -3.34675 -0.000600813
-1.98069 -0.000996802 -2.17413 -0.000683637 -3.36988 -0.000604965
-1.92392 -0.000968227 -2.14224 -0.000673608 -3.37435 -0.000605767
-1.86448 -0.000938317 -2.11812 -0.000666023 -3.34394 -0.000600308
-1.80262 -0.000907182 -2.10134 -0.000660748 -3.27379 -0.000587715
-1.73865 -0.000874988 -2.09104 -0.000657508 -3.16345 -0.000567906
-1.67284 -0.00084187 -2.08563 -0.000655809 -3.01569 -0.00054138
-1.60522 -0.000807843 -2.08307 -0.000655003 -2.83511 -0.000508963
-1.53564 -0.000772824 -2.08149 -0.000654504 -2.62576 -0.00047138
-1.46405 -0.000736798 -2.07922 -0.000653792 -2.39031 -0.000429111
-1.39063 -0.000699845 -2.07437 -0.000652268 -2.13138 -0.000382627
-1.31548 -0.000662028 -2.0647 -0.000649226 -1.85289 -0.000332634
-1.2386 -0.000623338 -2.0478 -0.000643913 -1.56005 -0.000280062
-1.15996 -0.000583761 -2.02159 -0.000635672 -1.25803 -0.000225842
-1.07963 -0.000543331 -1.98438 -0.000623972 -0.951034 -0.000170731
-0.997737 -0.00050212 -1.93461 -0.00060832 -0.642474 -0.000115338
-0.914444 -0.000460202 -1.8708 -0.000588256 -0.335725 -6.02698e-05
-0.829798 -0.000417603 -1.79198 -0.000563472 -0.0820494 -1.47296e-05
-0.743297 -0.000374071 -1.70145 -0.000535006 0.0692159 1.24257e-05
-0.656178 -0.000330227 -1.59167 -0.000500486 0.179102 3.21526e-05
-0.56829 -0.000285997 -1.46598 -0.000460963 0.282167 5.06551e-05
-0.479112 -0.000241117 -1.32564 -0.000416835 0.394592 7.08376e-05
-0.389301 -0.000195919 -1.17061 -0.000368087 0.516507 9.27239e-05
-0.299803 -0.000150878 -1.00085 -0.000314707 0.631827 0.000113426
-0.210702 -0.000106038 -0.817505 -0.000257057 0.729329 0.00013093
-0.122104 -6.14501e-05 -0.623129 -0.000195937 0.813283 0.000146002
-0.0337944 -1.70073e-05 -0.420462 -0.00013221 0.896154 0.000160879
0.0494731 2.48978e-05 -0.212676 -6.6874e-05 0.985102 0.000176847
0.125529 6.31734e-05 -0.0107176 -3.37005e-06 1.07793 0.000193511
0.197949 9.96196e-05 0.177283 5.5745e-05 1.16261 0.000208713
0.269225 0.00013549 0.360999 0.000113513 1.23906 0.000222438
0.344238 0.000173241 0.545642 0.000171572 1.31436 0.000235956
0.419036 0.000210884 0.729444 0.000229367 1.39564 0.000250547
0.468392 0.000235722 0.912154 0.000286819 1.48296 0.000266223
0.578184 0.000290976 1.11436 0.0003504 1.56666 0.000281249
0.669612 0.000336988 1.29427 0.000406972 1.64795 0.000295842
0.728579 0.000366664 1.4397 0.000452702 1.74616 0.000313473
0.795527 0.000400356 1.57474 0.000495164 1.84659 0.000331503
0.87493 0.000440316 1.69978 0.00053448 1.95234 0.000350487
0.942337 0.000474239 1.79779 0.0005653 2.06763 0.000371184
0.998675 0.000502592 1.86922 0.000587759 2.19093 0.000393319
1.05782 0.000532359 1.92376 0.000604909 2.31849 0.000416218
1.11697 0.000562126 1.96089 0.000616584 2.45007 0.00043984
1.16828 0.000587945 1.97647 0.000621484 2.58679 0.000464384
1.21424 0.000611078 1.97307 0.000620414 2.72674 0.000489507
1.25888 0.000633543 1.95537 0.000614848 2.8672 0.000514723
1.30021 0.000654341 1.92459 0.000605169 3.00645 0.000539722
1.33653 0.000672622 1.88151 0.000591624 3.14254 0.000564153
1.36969 0.000689308 1.82924 0.000575188 3.27311 0.000587593
1.40087 0.000704999 1.77114 0.00055692 3.39628 0.000609705
1.42915 0.000719234 1.70989 0.000537659 3.51046 0.000630202
1.45429 0.000731884 1.64826 0.000518281 3.61354 0.000648708
1.47736 0.000743497 1.58906 0.000499665 3.70318 0.000664799
1.49907 0.00075442 1.53452 0.000482517 3.77759 0.000678158
1.51958 0.00076474 1.48651 0.000467421 3.83568 0.000688587
1.53926 0.000774647 1.44695 0.000454979 3.87651 0.000695916
1.55859 0.000784371 1.41753 0.000445728 3.89904 0.000699961
1.57784 0.00079406 1.39921 0.00043997 3.90032 0.00070019
1.59732 0.000803863 1.39192 0.000437677 3.86717 0.00069424
1.61746 0.000814002 1.39619 0.000439019 3.7945 0.000681193
1.63883 0.000824755 1.41185 0.000443943 3.68232 0.000661055
1.66163 0.000836229 1.4381 0.000452197 3.53356 0.000634349
1.68597 0.000848479 1.4737 0.00046339 3.35273 0.000601886
1.71186 0.000861506 1.5174 0.000477133 3.14364 0.000564351
1.73923 0.000875282 1.56786 0.000493 2.90905 0.000522237
1.76785 0.000889687 1.62339 0.000510459 2.65197 0.000476085
1.79708 0.000904397 1.68216 0.00052894 2.37691 0.000426706
1.82611 0.000919004 1.7423 0.000547852 2.08963 0.000375133
1.85438 0.000933231 1.80184 0.000566572 1.79596 0.000322414
1.88187 0.000947065 1.8586 0.00058442 1.50098 0.000269458
1.90862 0.000960529 1.91037 0.000600698 1.20913 0.000217064
1.93429 0.000973448 1.95522 0.000614801 0.924942 0.000166047
1.95859 0.000985675 1.99145 0.000626192 0.653334 0.000117287
1.98146 0.000997189 2.01752 0.00063439 0.399082 7.16438e-05
2.00279 0.00100792 2.03224 0.000639019 0.16612 2.98221e-05
2.02208 0.00101763 2.0355 0.000640045 -0.0216006 -3.87776e-06
2.03886 0.00102608 2.0289 0.000637969 -0.127978 -2.29747e-05
2.05338 0.00103338 2.00735 0.000631193 -0.195434 -3.50846e-05
2.06575 0.00103961 1.97282 0.000620337 -0.240969 -4.32591e-05
2.07519 0.00104436 1.92761 0.000606119 -0.2803 -5.03199e-05
2.08081 0.00104719 1.87302 0.000588955 -0.31909 -5.72835e-05
2.08209 0.00104783 1.80894 0.000568806 -0.348843 -6.26247e-05
2.07914 0.00104634 1.73615 0.000545917 -0.359483 -6.45349e-05
2.07237 0.00104294 1.65701 0.000521031 -0.345659 -6.20531e-05
2.06178 0.00103761 1.57465 0.000495133 -0.307477 -5.51987e-05
2.04689 0.00103012 1.49108 0.000468858 -0.251143 -4.50856e-05
2.02731 0.00102026 1.40818 0.00044279 -0.178877 -3.21123e-05
2.00315 0.0010081 1.32799 0.000417573 -0.0898293 -1.61263e-05
1.97461 0.000993738 1.2525 0.000393838 0.00692979 1.24404e-06
1.94151 0.00097708 1.18389 0.000372263 0.0997279 1.79033e-05
1.90361 0.000958008 1.1241 0.000353464 0.195005 3.50075e-05
1.86119 0.000936662 1.07404 0.000337724 0.291519 5.23338e-05
1.81508 0.000913454 1.03446 0.000325275 0.39014 7.00384e-05
1.76615 0.000888828 1.00589 0.000316294 0.490466 8.80491e-05
1.71476 0.00086297 0.988733 0.000310898 0.589668 0.000105858
1.66119 0.000836008 0.98286 0.000309052 0.684596 0.0001229
1.60575 0.000808109 0.98776 0.000310592 0.773943 0.000138939
1.54874 0.000779414 1.00268 0.000315283 0.858313 0.000154085
1.49024 0.000749978 1.0266 0.000322804 0.938526 0.000168485
1.43012 0.000719718 1.05831 0.000332776 1.01438 0.000182104
1.36824 0.00068858 1.09632 0.000344726 1.08504 0.000194789
1.30488 0.00065669 1.13881 0.00035809 1.15021 0.000206488
1.24014 0.000624112 1.18385 0.000372252 1.21068 0.000217343
1.17409 0.000590869 1.22942 0.000386579 1.2677 0.000227579
1.10666 0.000556938 1.27349 0.000400436 1.32221 0.000237365
1.0378 0.00052228 1.31404 0.000413187 1.37456 0.000246763
0.967511 0.000486908 1.34909 0.00042421 1.42493 0.000255805
0.895809 0.000450824 1.37685 0.000432939 1.47374 0.000264567
0.822613 0.000413987 1.39564 0.000438847 1.52164 0.000273167
0.747784 0.000376329 1.40403 0.000441484 1.56912 0.000281691
0.671213 0.000337794 1.40086 0.000440487 1.61617 0.000290137
0.592856 0.00029836 1.38521 0.000435566 1.66235 0.000298428
0.512625 0.000257983 1.35651 0.000426543 1.70706 0.000306453
0.430496 0.000216651 1.31446 0.00041332 1.74963 0.000314095
0.346562 0.00017441 1.25908 0.000395907 1.78926 0.000321209
0.260656 0.000131177 1.19106 0.000374518 1.82473 0.000327577
0.174809 8.79742e-05 1.11333 0.000350076 1.85394 0.000332822
0.0928171 4.6711e-05 1.02731 0.000323029 1.87507 0.000336615
0.00601873 3.02898e-06 0.928704 0.000292022 1.8883 0.00033899
-0.0829503 -4.17454e-05 0.819893 0.000257808 1.89144 0.000339553
-0.16532 -8.31985e-05 0.712924 0.000224172 1.87712 0.000336983
-0.238724 -0.00012014 0.611668 0.000192334 1.84329 0.00033091
-0.305285 -0.000153637 0.513996 0.000161622 1.78976 0.000321299
-0.373828 -0.000188132 0.412402 0.000129676 1.7184 0.000308489
-0.450338 -0.000226636 0.30219 9.50209e-05 1.63093 0.000292787
-0.532299 -0.000267884 0.187123 5.88391e-05 1.5262 0.000273985
-0.613139 -0.000308568 0.0734451 2.30941e-05 1.40212 0.00025171
-0.692156 -0.000348333 -0.0381692 -1.2002e-05 1.25848 0.000225924
-0.773636 -0.000389339 -0.15142 -4.76126e-05 1.09685 0.000196909
-0.859375 -0.000432488 -0.267675 -8.41681e-05 0.921392 0.00016541
-0.947992 -0.000477085 -0.386046 -0.000121389 0.730536 0.000131147
-1.03677 -0.000521762 -0.502338 -0.000157956 0.524094 9.4086e-05
-1.12601 -0.000566672 -0.617151 -0.000194058 0.302074 5.42286e-05
-1.21778 -0.00061286 -0.731738 -0.000230088 0.0772263 1.38638e-05
-1.3138 -0.000661182 -0.841541 -0.000264615 -0.0637723 -1.14485e-05
-1.41179 -0.000710495 -0.952549 -0.00029952 -0.177009 -3.1777e-05
-1.51054 -0.000760192 -1.06229 -0.000334028 -0.282566 -5.07266e-05
-1.61129 -0.000810896 -1.17084 -0.00036816 -0.397485 -7.1357e-05
-1.71418 -0.000862675 -1.27843 -0.000401991 -0.53216 -9.5534e-05
-1.81931 -0.000915584 -1.38665 -0.00043602 -0.676791 -0.000121498
-1.92612 -0.000969337 -1.49619 -0.000470462 -0.816757 -0.000146625
-2.03392 -0.00102359 -1.607 -0.000505307 -0.946974 -0.000170002
-2.14224 -0.0010781 -1.71952 -0.000540686 -1.07426 -0.000192852
-2.25064 -0.00113265 -1.83482 -0.000576942 -1.20729 -0.000216734
-2.35891 -0.00118714 -1.9541 -0.000614449 -1.34652 -0.000241729
-2.46669 -0.00124138 -2.07771 -0.000653317 -1.48486 -0.000266564
-2.57356 -0.00129517 -2.20538 -0.000693463 -1.61584 -0.000290079
-2.67356 -0.00134549 -2.33604 -0.000734548 -1.73962 -0.000312299
-2.69196 -0.00135475 -2.43252 -0.000764886 -1.8714 -0.000335956
-2.68773 -0.00135262 -2.5219 -0.000792988 -2.00357 -0.000359683
-2.68105 -0.00134926 -2.61153 -0.000821173 -2.13239 -0.00038281
-2.6852 -0.00135135 -2.71302 -0.000853084 -2.25365 -0.000404578
-2.69947 -0.00135853 -2.8252 -0.000888359 -2.3674 -0.000424998
-2.70884 -0.00136325 -2.93733 -0.000923619 -2.47692 -0.000444659
-2.7067 -0.00136217 -3.04459 -0.000957344 -2.58306 -0.000463714
-2.70232 -0.00135997 -3.15269 -0.000991335 -2.68249 -0.000481565
-2.70328 -0.00136045 -3.26811 -0.00102763 -2.77343 -0.000497889
-2.70753 -0.00136259 -3.39194 -0.00106657 -2.85625 -0.000512758
-2.71053 -0.0013641 -3.5129 -0.0011046 -2.9356 -0.000527003
-2.66447 -0.00134092 -4.18336 -0.00131542 -2.62926 -0.000472008
-2.6426 -0.00132991 -3.22136 -0.00101293 -1.68306 -0.000302144
-2.70602 -0.00136183 -2.47142 -0.000777115 -1.15917 -0.000208096
-2.68836 -0.00135294 -2.96515 -0.000932366 -1.59664 -0.000286631
-2.69773 -0.00135766 -3.93723 -0.00123803 -2.39207 -0.000429428
-2.65968 -0.00133851 -4.47088 -0.00140583 -2.81872 -0.00050602
-2.58901 -0.00130294 -4.38483 -0.00137877 -2.78212 -0.00049945
-0.662826 -0.000333573 -3.33554 -0.00104883 -2.71169 -0.000486806
-0.201796 -0.000101556 -2.99646 -0.000942209 -2.70609 -0.0004858
-0.114665 -5.77064e-05 -2.96089 -0.000931026 -3.02512 -0.000543074
-0.377227 -0.000189843 -3.70925 -0.00116634 -3.20515 -0.000575392
-0.522804 -0.000263105 -4.09367 -0.00128722 -3.28845 -0.000590346
-0.41187 -0.000207277 -4.06626 -0.0012786 -3.23786 -0.000581264
-0.273858 -0.000137821 -3.84751 -0.00120982 -3.10868 -0.000558074
-0.238546 -0.00012005 -3.64495 -0.00114612 -3.06816 -0.000550799
-0.324037 -0.000163074 -3.62682 -0.00114042 -3.09504 -0.000555626
-0.381383 -0.000191934 -3.70782 -0.00116589 -3.29936 -0.000592306
-0.334525 -0.000168353 -3.87174 -0.00121743 -3.43232 -0.000616174
-0.255636 -0.000128651 -3.98609 -0.00125339 -3.51309 -0.000630674
-0.228445 -0.000114967 -4.02143 -0.0012645 -3.58108 -0.000642879
-0.260903 -0.000131302 -3.97315 -0.00124932 -3.65996 -0.000657041
-0.292472 -0.000147189 -3.88408 -0.00122131 -3.73566 -0.000670631
-0.278663 -0.000140239 -3.82286 -0.00120206 -3.81087 -0.000684133
-0.238493 -0.000120024 -3.84754 -0.00120982 -3.88935 -0.000698222
-0.219066 -0.000110247 -3.93388 -0.00123697 -4.00075 -0.00071822
-0.228837 -0.000115164 -4.03323 -0.00126821 -4.13491 -0.000742305
-0.242308 -0.000121944 -4.07428 -0.00128112 -4.27556 -0.000767555
-0.23814 -0.000119846 -4.01566 -0.00126269 -4.42637 -0.000794628
-0.226454 -0.000113965 -3.92441 -0.001234 -4.58308 -0.00082276
-0.227782 -0.000114633 -3.87756 -0.00121927 -4.68174 -0.000840472
-0.240434 -0.000121001 -3.90079 -0.00122657 -4.69642 -0.000843108
-0.245534 -0.000123567 -3.96316 -0.00124618 -4.67988 -0.000840139
-0.238701 -0.000120128 -4.00453 -0.00125919 -4.66667 -0.000837766
-0.233644 -0.000117583 -3.99391 -0.00125585 -4.6786 -0.000839908
-0.244685 -0.00012314 -3.94109 -0.00123924 -4.71708 -0.000846817
-0.256992 -0.000129334 -3.88058 -0.00122021 -4.77685 -0.000857546
-0.256708 -0.00012919 -3.85018 -0.00121065 -4.82501 -0.000866191
-0.252011 -0.000126827 -3.85563 -0.00121237 -4.84206 -0.000869253
-0.250832 -0.000126233 -3.87591 -0.00121875 -4.83943 -0.00086878
-0.24828 -0.000124949 -3.87881 -0.00121966 -4.84787 -0.000870296
-0.239411 -0.000120486 -3.84951 -0.00121044 -4.88266 -0.000876541
-0.228191 -0.000114839 -3.80239 -0.00119563 -4.9321 -0.000885417
-0.219525 -0.000110478 -3.76397 -0.00118355 -4.9735 -0.000892848
-0.236116 -0.000118827 -3.61489 -0.00113667 -1.59353 -0.000286073
-0.208949 -0.000105155 -3.78311 -0.00118957 -1.4223 -0.000255334
-0.19296 -9.71088e-05 -3.84521 -0.00120909 -0.643522 -0.000115526
-0.183204 -9.2199e-05 -3.84627 -0.00120943 -0.757862 -0.000136052
-0.176607 -8.88788e-05 -3.76151 -0.00118277 -1.19043 -0.000213708
0.087078 4.38227e-05 -0.898186 -0.000282426 -0.22372 -4.01625e-05
-0.135569 -6.82264e-05 -0.256478 -8.06473e-05 -0.819239 -0.000147071
-0.13494 -6.79099e-05 0.0252272 7.93247e-06 -0.716302 -0.000128591
-0.0121467 -6.11291e-06 -0.0829002 -2.60672e-05 -0.916727 -0.000164572
0.0644546 3.24373e-05 -0.524444 -0.000164907 -1.17736 -0.000211362
0.0346658 1.74459e-05 -0.932798 -0.00029331 -1.11444 -0.000200066
0.00364885 1.83631e-06 -0.973519 -0.000306114 -0.976907 -0.000175376
0.0466689 2.34865e-05 -0.660811 -0.000207786 -0.981444 -0.00017619
0.0856788 4.31186e-05 -0.403162 -0.000126771 -1.18402 -0.000212557
0.0917503 4.61741e-05 -0.38937 -0.000122434 -1.47107 -0.000264088
0.0905755 4.55829e-05 -0.59419 -0.000186838 -1.51879 -0.000272655
0.12013 6.04567e-05 -0.821342 -0.000258264 -1.34736 -0.00024188
0.168692 8.48954e-05 -0.922844 -0.00029018 -1.0749 -0.000192968
0.199675 0.000100488 -0.878635 -0.000276279 -0.926765 -0.000166374
0.201788 0.000101551 -0.762053 -0.000239621 -1.0099 -0.000181298
0.205085 0.000103211 -0.682987 -0.000214759 -1.24029 -0.000222658
0.222624 0.000112037 -0.706561 -0.000222172 -1.41266 -0.000253603
0.263873 0.000132796 -0.835061 -0.000262577 -1.38096 -0.000247911
0.293241 0.000147576 -0.945644 -0.000297349 -1.13026 -0.000202905
0.305738 0.000153865 -0.945386 -0.000297268 -0.95162 -0.000170836
0.317577 0.000159824 -0.869282 -0.000273338 -1.0567 -0.0001897
0.329787 0.000165968 -0.817462 -0.000257044 -1.30532 -0.000234333
0.342701 0.000172467 -0.838937 -0.000263796 -1.39296 -0.000250066
0.356455 0.000179389 -0.894172 -0.000281164 -1.24897 -0.000224217
0.368727 0.000185565 -0.906011 -0.000284887 -1.0927 -0.000196162
0.376371 0.000189412 -0.862268 -0.000271132 -1.12135 -0.000201306
0.380241 0.00019136 -0.800153 -0.000251601 -1.29218 -0.000231974
0.386265 0.000194391 -0.763179 -0.000239975 -1.40655 -0.000252505
0.395731 0.000199155 -0.76243 -0.000239739 -1.3672 -0.000245442
0.406353 0.000204501 -0.759568 -0.000238839 -1.26419 -0.000226948
0.412063 0.000207374 -0.718121 -0.000225807 -1.25601 -0.00022548
0.41775 0.000210236 -0.66297 -0.000208465 -1.36284 -0.000244658
0.427465 0.000215125 -0.621858 -0.000195538 -1.46914 -0.000263741
0.438463 0.00022066 -0.581175 -0.000182745 -1.4665 -0.000263267
0.44893 0.000225928 -0.528828 -0.000166285 -1.40286 -0.000251844
0.462373 0.000232693 -0.480459 -0.000151076 -1.38579 -0.00024878
0.479504 0.000241315 -0.444184 -0.00013967 -1.44356 -0.000259149
0.49863 0.00025094 -0.413735 -0.000130095 -1.50635 -0.000270422
0.520126 0.000261758 -0.383295 -0.000120524 -1.50959 -0.000271004
0.544659 0.000274104 -0.354334 -0.000111417 -1.46974 -0.00026385
0.572058 0.000287893 -0.33344 -0.000104847 -1.45326 -0.000260892
0.601409 0.000302664 -0.320332 -0.000100725 -1.46769 -0.000263481
0.632207 0.000318163 -0.306191 -9.62789e-05 -1.43308 -0.000257269
0.665239 0.000334787 -0.289607 -9.10643e-05 -1.28361 -0.000230436
0.700261 0.000352412 -0.275426 -8.66053e-05 -1.0499 -0.000188479
0.736781 0.000370791 -0.264199 -8.3075e-05 -0.788129 -0.000141486
0.774204 0.000389625 -0.251482 -7.90762e-05 -0.555343 -9.96959e-05
0.810616 0.00040795 -0.23075 -7.25574e-05 -0.54108 -9.71354e-05
0.845458 0.000425484 -0.190134 -5.9786e-05 -0.512354 -9.19785e-05
0.879553 0.000442643 -0.136366 -4.28792e-05 -0.421926 -7.57448e-05
0.911303 0.000458621 -0.0712064 -2.23902e-05 -0.314978 -5.65453e-05
0.940274 0.000473201 0.00968279 3.04467e-06 -0.238282 -4.27767e-05
0.964063 0.000485173 0.0518839 1.63144e-05 -0.211759 -3.80152e-05
0.993129 0.000499801 0.0856088 2.69189e-05 -0.17236 -3.09424e-05
1.019 0.000512822 0.1156 3.63493e-05 -0.101554 -1.82311e-05
1.03739 0.000522074 0.14898 4.68454e-05 -0.009047 -1.62413e-06
1.05177 0.00052931 0.203615 6.40248e-05 0.0713305 1.28053e-05
1.06475 0.000535842 0.275231 8.65439e-05 0.119557 2.1463e-05
1.0746 0.000540799 0.35039 0.000110177 0.149868 2.69045e-05
1.07981 0.000543425 0.425851 0.000133905 0.191499 3.43782e-05
1.08129 0.000544167 0.505085 0.000158819 0.262675 4.71558e-05
1.08028 0.000543663 0.593493 0.000186618 0.351519 6.31051e-05
1.07653 0.000541774 0.689742 0.000216883 0.431042 7.73813e-05
1.06969 0.000538329 0.788698 0.000247999 0.488171 8.76372e-05
1.06083 0.000533874 0.886543 0.000278765 0.536727 9.63539e-05
1.0509 0.000528876 0.982789 0.000309029 0.601989 0.00010807
1.03975 0.000523263 1.07778 0.000338899 0.694991 0.000124766
1.02721 0.000516951 1.1706 0.000368084 0.803555 0.000144255
1.01401 0.000510308 1.25934 0.000395987 0.907528 0.000162921
1.00113 0.000503827 1.34136 0.000421777 1.0007 0.000179648
0.988992 0.000497719 1.41368 0.000444518 1.09705 0.000196943
0.978192 0.000492283 1.47703 0.00046444 1.21377 0.000217898
0.968153 0.000487231 1.5298 0.000481031 1.35502 0.000243255
0.953389 0.000479801 1.56863 0.000493243 1.50981 0.000271043
0.936561 0.000471332 1.59579 0.000501781 1.66297 0.000298538
0.920943 0.000463473 1.61175 0.000506801 1.81105 0.000325122
0.906101 0.000456003 1.61683 0.000508397 1.96298 0.000352397
0.893697 0.000449761 1.61203 0.000506889 2.12816 0.000382049
0.886295 0.000446035 1.59891 0.000502761 2.30554 0.000413894
0.884664 0.000445215 1.57966 0.000496709 2.48404 0.000445939
0.890985 0.000448396 1.55788 0.000489863 2.65205 0.0004761
0.90695 0.000456431 1.53541 0.000482795 2.8067 0.000503863
0.931977 0.000469025 1.51316 0.000475799 2.91226 0.000522812
0.965484 0.000485888 1.49524 0.000470164 3.06625 0.000550456
1.00838 0.000507476 1.48109 0.000465715 3.15467 0.000566331
1.05911 0.000533004 1.47886 0.000465015 3.38307 0.000607334
1.1178 0.000562543 1.4797 0.000465277 3.55576 0.000638334
1.14847 0.000577976 1.48616 0.00046731 3.58725 0.000643987
1.1679 0.000587757 1.50338 0.000472723 3.59376 0.000645157
1.1854 0.000596565 1.53355 0.000482212 3.66773 0.000658436
1.20095 0.000604387 1.58009 0.000496845 3.75657 0.000674384
1.2169 0.000612416 1.63528 0.000514198 3.76859 0.000676542
1.22835 0.000618179 1.698 0.00053392 3.72114 0.000668024
1.23457 0.000621306 1.77315 0.000557552 3.63855 0.000653196
1.23851 0.000623291 1.86296 0.000585792 3.49406 0.000627258
1.23968 0.000623878 1.96695 0.000618489 3.25001 0.000583446
1.23746 0.000622763 2.07568 0.000652679 2.91297 0.000522939
1.15769 0.000582618 8.93253 0.259346 1.4555 0.000261293
1.32882 0.000668738 8.93253 0.304803 1.38251 0.00024819
1.27446 0.000641381 8.93253 0.336119 0.979275 0.000175801
1.23247 0.000620249 8.49293 0.33734 0.35462 6.36619e-05
1.29077 0.000649593 8.93253 0.349583 -0.145796 -2.61735e-05
1.318 0.000663297 8.93253 0.379101 -0.32471 -5.82924e-05
1.26838 0.000638326 8.93253 0.416778 -0.295164 -5.29881e-05
1.24134 0.000624716 8.93253 0.481678 -0.33802 -6.06817e-05
1.28225 0.000645304 8.93253 0.534779 -0.390376 -7.00808e-05
1.29621 0.00065233 8.93253 0.57142 -0.423449 -7.60181e-05
1.27174 0.000640016 8.93253 0.585841 -0.423489 -7.60254e-05
1.27552 0.000641918 8.93253 0.587061 -0.406854 -7.3039e-05
1.30726 0.000657891 7.98799 0.586764 -0.390763 -7.01503e-05
1.33251 0.000670596 4.74213 0.585743 -0.331672 -5.95422e-05
1.34891 0.000678851 3.12021 0.585233 -0.224996 -4.03916e-05
1.37856 0.000693772 -0.00325748 0.584194 -0.104083 -1.86851e-05
1.42153 0.000715397 -0.387617 0.577369 0.0525585 9.43536e-06
1.45407 0.000731772 -1.26047 0.56187 0.231955 4.16408e-05
1.48742 0.000748555 -2.30956 0.543242 0.410047 7.36122e-05
1.52834 0.000769148 -3.25934 0.526378 0.577979 0.00010376
1.56825 0.000789233 -4.18358 0.509967 0.766624 0.000137625
1.60533 0.000807897 -5.04588 0.494655 0.950443 0.000170625
1.64405 0.00082738 -5.85868 0.480223 1.10666 0.000198668
1.68052 0.000845735 -6.60631 0.466948 1.23613 0.000221911
1.71297 0.000862065 -7.23067 0.455861 1.34589 0.000241615
1.74447 0.00087792 -7.66658 0.448121 1.42862 0.000256468
1.78035 0.000895978 -7.90542 0.44388 1.47038 0.000263964
1.79941 0.000905568 -8.01539 0.441928 1.47047 0.00026398
1.81428 0.000913053 -6.99649 0.442209 1.40705 0.000252595
1.83312 0.000922535 -4.52919 0.442985 1.26388 0.000226893
1.84578 0.000928904 -0.246321 0.444331 1.04101 0.000186883
1.8466 0.000929316 0.445394 0.451522 0.744072 0.000133577
1.84875 0.000930397 1.38301 0.466495 0.401133 7.2012e-05
1.85445 0.000933266 2.56357 0.485349 0.0342504 6.14867e-06
1.85185 0.000931961 3.76867 0.504594 -0.291692 -5.2365e-05
1.84301 0.000927509 5.19194 0.527324 -0.339941 -6.10266e-05
1.83827 0.000925123 6.57177 0.549359 -0.327167 -5.87334e-05
1.83038 0.000921153 8.03111 0.572665 -0.326802 -5.86679e-05
1.81698 0.000914411 8.93253 0.601499 -0.372694 -6.69065e-05
1.8025 0.000907123 8.93253 0.646152 -0.459924 -8.25661e-05
1.78307 0.000897347 8.93253 0.700352 -0.522253 -9.37555e-05
1.79717 0.00090444 8.93253 0.764239 -0.544919 -9.78246e-05
1.7838 0.000897714 8.93253 0.821847 -0.515466 -9.2537e-05
1.76576 0.000888634 8.93253 0.866143 -0.508626 -9.13092e-05
1.76846 0.000889995 8.93253 0.890977 -0.50013 -8.9784e-05
1.76546 0.000888484 8.93253 0.902982 -0.432732 -7.76846e-05
1.75888 0.000885169 8.93253 0.912856 -0.29238 -5.24884e-05
1.75534 0.000883391 8.93253 0.919151 -0.126088 -2.26355e-05
1.74716 0.000879273 8.05116 0.919619 0.0667133 1.19765e-05
1.73312 0.000872209 4.28724 0.918436 0.301708 5.4163e-05
1.71979 0.000865501 -0.0313671 0.916219 0.592829 0.000106425
1.70621 0.000858665 -0.33536 0.907801 0.919849 0.000165132
1.68923 0.000850122 -0.808295 0.894704 1.24125 0.000222831
1.67685 0.000843889 -1.33191 0.880203 1.56963 0.000281782
1.66332 0.000837081 -1.73587 0.869017 1.8613 0.000334142
1.64461 0.000827664 -2.15031 0.85754 2.18383 0.000392044
1.62608 0.000818341 -2.55305 0.846387 2.62523 0.000471285
1.60869 0.00080959 -3.05186 0.832574 3.00062 0.000538674
1.59149 0.000800932 -3.53155 0.81929 3.22731 0.000579371
1.57563 0.000792949 -3.86226 0.810132 3.41756 0.000613524
1.56067 0.000785421 -3.9667 0.807239 3.65073 0.000655384
1.54499 0.000777532 -3.09661 0.807513 3.86334 0.000693552
1.52754 0.000768748 -1.82105 0.807914 3.96946 0.000712603
1.5103 0.000760071 0.0106038 0.808619 3.99583 0.000717336
1.4918 0.000750759 0.477497 0.814442 3.99458 0.000717112
1.47447 0.000742039 1.53805 0.82767 3.96304 0.00071145
1.45675 0.000733122 2.84863 0.844016 3.82857 0.000687309
1.43708 0.000723223 4.24423 0.861422 3.57739 0.000642217
1.41564 0.000712431 5.70877 0.879688 3.26507 0.000586149
1.39075 0.000699905 7.26276 0.89907 2.9275 0.000525549
1.36097 0.000684918 8.82777 0.91859 2.5516 0.000458067
1.32472 0.000666676 8.93253 0.938678 2.12764 0.000381956
1.28622 0.000647301 8.93253 0.95741 1.70351 0.000305816
1.24269 0.000625396 8.93253 0.973454 1.31001 0.000235175
1.19271 0.000600244 8.93253 0.990305 0.95699 0.0001718
1.13982 0.000573626 8.93253 1.00831 0.667268 0.000119789
1.0822 0.000544625 8.93253 1.02805 0.441753 7.93041e-05
1.02144 0.00051405 8.93253 1.0432 0.276952 4.97187e-05
0.960463 0.000483361 8.24026 1.04634 0.158003 2.83649e-05
0.894575 0.000450203 3.51007 1.04486 0.073489 1.31928e-05
0.827773 0.000416584 -0.0397944 1.0425 0.076774 1.37826e-05
0.781943 0.000393519 -0.186849 1.03787 0.152926 2.74535e-05
0.739597 0.000372209 -0.555687 1.02626 0.246346 4.42243e-05
0.69253 0.000348522 -1.40333 0.999584 0.356559 6.40099e-05
0.650047 0.000327142 -2.42436 0.967448 0.505443 9.07377e-05
0.614621 0.000309313 -3.45289 0.935076 0.695166 0.000124797
0.584499 0.000294154 -4.48928 0.902457 0.87829 0.000157672
0.554156 0.000278884 -5.59038 0.867801 1.04072 0.000186831
0.523489 0.00026345 -6.72252 0.832168 1.19541 0.000214601
0.501403 0.000252335 -7.96043 0.793206 1.35173 0.000242664
0.478553 0.000240836 -8.99192 0.760741 1.48498 0.000266586
0.457222 0.000230101 -9.89035 0.732463 1.55379 0.000278939
0.442861 0.000222873 -10.753 0.705314 1.53008 0.000274683
0.431811 0.000217313 -11.5931 0.67887 1.41482 0.00025399
0.424967 0.000213868 -12.4351 0.65237 1.21211 0.0002176
0.420007 0.000211372 -13.0994 0.631461 0.919996 0.000165159
0.417417 0.000210069 -13.6005 0.615691 0.549206 9.85942e-05
0.417045 0.000209882 -13.9692 0.604085 0.0836722 1.50209e-05
0.421626 0.000212187 -13.9696 0.601686 -0.109193 -1.96024e-05
0.434024 0.000218426 -13.6 0.601802 -0.058184 -1.04453e-05
0.444124 0.000223509 -12.6352 0.602106 -0.0148098 -2.65867e-06
0.45577 0.00022937 -10.6448 0.602732 -0.0927259 -1.66463e-05
0.475807 0.000239454 -7.72763 0.603649 -0.209366 -3.75856e-05
0.497813 0.000250529 -3.69246 0.604918 -0.327979 -5.88792e-05
0.51593 0.000259646 -0.844015 0.605813 -0.395843 -7.10622e-05
0.536209 0.000269852 0.0379241 0.607949 -0.421228 -7.56194e-05
0.559772 0.00028171 0.164508 0.614191 -0.444047 -7.97158e-05
0.579875 0.000291827 0.436291 0.627593 -0.502321 -9.01774e-05
0.598915 0.000301409 0.831383 0.647076 -0.592403 -0.000106349
0.619977 0.000312009 1.24649 0.667546 -0.680212 -0.000122113
0.641482 0.000322831 1.58009 0.683997 -0.734223 -0.000131809
0.662806 0.000333563 1.76081 0.692908 -0.757158 -0.000135926
0.686723 0.000345599 1.34772 0.693792 -0.769945 -0.000138221
0.709585 0.000357105 -0.0113919 0.693129 -0.797175 -0.00014311
0.733024 0.000368901 -0.177661 0.689635 -0.829665 -0.000148943
0.75207 0.000378486 -0.355134 0.685905 -0.856737 -0.000153803
0.767897 0.000386451 -0.610852 0.680532 -0.870556 -0.000156283
0.78472 0.000394917 -1.13436 0.669531 -0.86326 -0.000154973
0.797417 0.000401307 -1.91975 0.653027 -0.842009 -0.000151159
0.805971 0.000405612 -2.82035 0.634102 -0.791897 -0.000142162
0.81311 0.000409205 -3.75317 0.614499 -0.666537 -0.000119658
0.816605 0.000410964 -4.69249 0.594761 -0.440537 -7.90858e-05
0.816478 0.000410899 -5.6732 0.574152 -0.300097 -5.38738e-05
0.812032 0.000408662 -6.66943 0.553217 -0.235289 -4.22393e-05
0.80934 0.000407308 -7.61892 0.533265 -0.194216 -3.4866e-05
0.811926 0.000408609 -8.46765 0.51543 -0.108923 -1.9554e-05
0.814958 0.000410135 -9.21158 0.499797 0.0248135 4.45454e-06
0.814219 0.000409763 -9.86879 0.485987 0.148396 2.66402e-05
0.813123 0.000409211 -10.4234 0.474331 0.217703 3.90823e-05
0.815252 0.000410282 -10.8378 0.465625 0.255092 4.57945e-05
0.81869 0.000412013 -11.0948 0.460224 0.305807 5.48989e-05
0.82321 0.000414288 -11.1974 0.458067 0.375127 6.73434e-05
0.831565 0.000418492 -10.1615 0.458347 0.431676 7.7495e-05
0.846044 0.000425779 -6.8878 0.459376 0.454862 8.16574e-05
0.856241 0.000430911 -3.68153 0.460384 0.437477 7.85363e-05
0.86785 0.000436753 0.00436998 0.461828 0.404097 7.25441e-05
0.879068 0.000442398 0.0933474 0.467655 0.358556 6.43684e-05
0.886037 0.000445906 0.332366 0.483309 0.284568 5.1086e-05
0.891407 0.000448608 0.660117 0.504775 0.18368 3.29745e-05
0.895706 0.000450772 1.03039 0.529026 0.069369 1.24532e-05
0.898165 0.000452009 1.47229 0.557966 -0.0241557 -4.33646e-06
0.900349 0.000453108 1.906 0.586372 -0.10133 -1.8191e-05
0.899336 0.000452598 2.35496 0.615776 -0.167737 -3.01124e-05
0.89215 0.000448982 2.85423 0.648474 -0.20939 -3.759e-05
0.880571 0.000443155 3.38391 0.683165 -0.208952 -3.75114e-05
0.863151 0.000434388 3.89855 0.71687 -0.155927 -2.79922e-05
0.839477 0.000422474 4.34345 0.746008 -0.0676677 -1.21478e-05
0.809699 0.000407488 4.69627 0.769115 0.0446478 8.01524e-06
0.773843 0.000389443 4.99939 0.788968 0.201178 3.61156e-05
0.729328 0.000367041 5.26164 0.806143 0.293558 5.26999e-05
0.675155 0.000339777 5.48754 0.820938 0.407686 7.31884e-05
0.615438 0.000309725 5.67015 0.832898 0.528375 9.48545e-05
0.547544 0.000275556 5.79778 0.841257 0.660006 0.000118485
0.473114 0.000238099 5.87985 0.846631 0.819885 0.000147187
0.407651 0.000205154 5.94116 0.850647 1.01121 0.000181534
0.339288 0.00017075 5.97431 0.852818 1.22564 0.000220028
0.250855 0.000126245 4.67432 0.852476 1.44299 0.000259048
0.152319 7.6656e-05 2.06946 0.851657 1.65095 0.000296381
0.0550601 2.77094e-05 -0.00528252 0.850871 1.85344 0.000332732
-0.0192429 -9.68417e-06 -0.164497 0.846776 2.08486 0.000374276
-0.0312026 -1.5703e-05 -0.372466 0.841427 2.30447 0.000413702
-0.0274169 -1.37978e-05 -0.58146 0.836051 2.51053 0.000450693
-0.0288713 -1.45297e-05 -0.757173 0.831532 2.702 0.000485067
-0.04384 -2.20629e-05 -0.921824 0.827297 2.89086 0.000518971
-0.0594088 -2.9898e-05 -1.08622 0.823069 3.06888 0.000550929
-0.0682887 -3.43669e-05 -1.26789 0.818396 3.1166 0.000559495
-0.0830113 -4.17762e-05 -1.44176 0.813924 3.36103 0.000603377
-0.103058 -5.18648e-05 -1.60456 0.809737 3.63782 0.000653066
-0.126504 -6.36642e-05 -1.7404 0.806243 3.76687 0.000676233
-0.147201 -7.40803e-05 -1.85429 0.803314 3.75939 0.00067489
-0.17073 -8.59216e-05 -1.9794 0.800096 3.80601 0.000683259
-0.196963 -9.91231e-05 -2.14534 0.795828 3.91995 0.000703715
-0.223832 -0.000112645 -2.3655 0.790166 3.98383 0.000715181
-0.24969 -0.000125659 -2.63312 0.783283 3.93851 0.000707047
-0.274779 -0.000138285 -2.94713 0.775207 3.83073 0.000687698
-0.299884 -0.000150919 -3.31721 0.765688 3.70088 0.000664386
-0.324109 -0.000163111 -3.77189 0.753994 3.51217 0.000630509
-0.346197 -0.000174226 -4.33374 0.739543 3.22543 0.000579033
-0.366239 -0.000184313 -5.00678 0.722232 2.86399 0.000514147
-0.384652 -0.000193579 -5.7862 0.702186 2.4697 0.000443363
-0.400423 -0.000201516 -6.6691 0.679478 2.0453 0.000367175
-0.412571 -0.00020763 -7.64839 0.654291 1.57575 0.00028288
-0.42188 -0.000212315 -8.60942 0.629573 1.06357 0.000190933
-0.427732 -0.00021526 -9.6216 0.60354 0.5223 9.3764e-05
-0.431142 -0.000216976 -10.6567 0.576917 0.013811 2.47936e-06
-0.430702 -0.000216754 -11.7594 0.548556 0.0544537 9.7756e-06
-0.421242 -0.000211994 -13.1138 0.513721 0.154493 2.77348e-05
-0.412903 -0.000207797 -14.7272 0.472224 0.131154 2.3545e-05
-0.405923 -0.000204284 -16.4725 0.427335 0.0161541 2.9e-06
-0.394983 -0.000198778 -18.2184 0.382431 -0.0668256 -1.19966e-05
-0.378864 -0.000190666 -19.8079 0.341548 -0.0642598 -1.1536e-05
-0.360336 -0.000181342 -21.3498 0.301891 -0.037209 -6.6798e-06
-0.343022 -0.000172629 -22.9797 0.259971 -0.0684243 -1.22836e-05
-0.327023 -0.000164577 -24.7421 0.214643 -0.137915 -2.47586e-05
-0.309669 -0.000155844 -26.5751 0.167497 -0.226819 -4.07189e-05
-0.290264 -0.000146078 -28.3532 0.121764 -0.296332 -5.31978e-05
-0.265519 -0.000133625 -29.9614 0.0804014 -0.335158 -6.01679e-05
-0.234772 -0.000118151 -31.3651 0.0442984 -0.370025 -6.64273e-05
-0.194506 -9.78867e-05 -32.6059 0.0123863 -0.437119 -7.84722e-05
-0.159855 -8.04485e-05 -33.0657 0.000561066 -0.551294 -9.89689e-05
-0.113622 -5.71814e-05 -33.0711 0.000420498 -0.665885 -0.000119541
-0.0665576 -3.34957e-05 -33.0725 0.000384549 -0.73928 -0.000132716
-0.0275539 -1.38668e-05 -33.0739 0.000349855 -0.819383 -0.000147097
0.00661454 3.32882e-06 -33.0766 0.000280597 -0.943613 -0.000169399
0.0498562 2.50906e-05 -33.0793 0.000211061 -1.07311 -0.000192646
0.0989999 4.98225e-05 -33.0528 0.000205252 -1.16285 -0.000208757
0.13931 7.01089e-05 -32.8997 0.000253367 -1.21545 -0.0002182
0.169605 8.53552e-05 -32.7035 0.000315078 -1.28903 -0.000231409
0.191019 9.61321e-05 -32.5651 0.000358607 -1.40208 -0.000251703
0.197708 9.94984e-05 -32.5263 0.000370787 -1.49731 -0.0002688
0.194368 9.78176e-05 -32.5046 0.000377609 -1.55307 -0.000278809
0.189479 9.53567e-05 -32.3903 0.000413554 -1.55576 -0.000279292
0.187795 9.45095e-05 -32.1959 0.000474699 -1.55331 -0.000278852
0.18448 9.28412e-05 -32.0355 0.000525134 -1.59014 -0.000285463
0.178547 8.98556e-05 -31.979 0.000542878 -1.66282 -0.000298512
0.174052 8.7593e-05 -31.9681 0.000546304 -1.72762 -0.000310145
0.166466 8.37754e-05 -31.9211 0.000561078 -1.74584 -0.000313415
0.150831 7.59069e-05 -31.8443 0.000585254 -1.71909 -0.000308614
0.125671 6.32452e-05 -31.8095 0.000596169 -1.70819 -0.000306656
0.111096 5.59101e-05 -31.8503 0.000583359 -1.73925 -0.000312232
0.102884 5.17772e-05 -31.9799 0.000542616 -1.76075 -0.000316092
0.10775 5.4226e-05 -31.9972 0.000537177 -1.76657 -0.000317137
0.103529 5.2102e-05 -31.9629 0.000547948 -1.7583 -0.000315653
0.0884355 4.45059e-05 -32.112 0.000501068 -1.72966 -0.00031051
0.0812909 4.09103e-05 -32.2976 0.000442704 -1.70425 -0.000305949
0.10042 5.05371e-05 -32.3389 0.000429726 -1.69831 -0.000304883
0.0860864 4.33237e-05 -32.3714 0.0004195 -1.67359 -0.000300445
0.0699965 3.52264e-05 -32.349 0.00042654 -1.60826 -0.000288718
0.0495726 2.49479e-05 -32.4392 0.000398168 -1.4866 -0.000266877
0.0510955 2.57143e-05 -32.5682 0.000357623 -1.28353 -0.000230421
0.0533449 2.68463e-05 -32.6622 0.000328055 -1.00035 -0.000179585
0.0372219 1.87322e-05 -32.7321 0.000306073 -0.669557 -0.0001202
0.0100865 5.07614e-06 -32.7917 0.000287329 -0.582035 -0.000104488
-0.0119243 -6.00101e-06 -32.8313 0.000274886 -0.592406 -0.000106349
-0.0287295 -1.44584e-05 -32.8832 0.000258567 -0.561129 -0.000100735
-0.05422 -2.72867e-05 -32.9505 0.00023741 -0.452091 -8.11599e-05
-0.0917059 -4.61518e-05 -33.0252 0.000213925 -0.329983 -5.9239e-05
-0.133135 -6.70016e-05 -33.0799 0.000194796 -0.259287 -4.65475e-05
-0.174253 -8.76944e-05 -33.0804 0.00018242 -0.231758 -4.16055e-05
-0.222556 -0.000112003 -33.0808 0.000172479 -0.191687 -3.4412e-05
-0.225135 -0.000113301 -33.0684 0.000173887 -0.121029 -2.17272e-05
-0.221065 -0.000111253 -33.0371 0.000183736 -0.0344576 -6.18588e-06
-0.229973 -0.000115736 -32.9376 0.000215021 0.0420285 7.54501e-06
-0.247525 -0.000124569 -32.7411 0.000276818 0.091089 1.63524e-05
-0.261727 -0.000131716 -32.4151 0.000379312 0.120768 2.16804e-05
-0.276747 -0.000139276 -31.8706 0.000550534 0.157787 2.83262e-05
-0.297076 -0.000149506 -30.5886 0.000953637 0.220788 3.96361e-05
-0.31915 -0.000160615 -25.0633 0.00269103 0.295862 5.31136e-05
-0.33785 -0.000170026 -16.5746 0.00536023 0.354527 6.36452e-05
-0.355725 -0.000179022 -7.83967 0.00810685 0.385978 6.92913e-05
-0.377487 -0.000189974 0.00132061 0.0107251 0.405011 7.27082e-05
-0.39299 -0.000197775 0.0144248 0.0122449 0.433527 7.78273e-05
-0.400482 -0.000201546 0.0244378 0.0134062 0.485374 8.7135e-05
-0.409446 -0.000206057 0.0356183 0.0147029 0.546506 9.81094e-05
-0.421879 -0.000212314 0.0570208 0.0171852 0.593521 0.00010655
-0.431246 -0.000217028 0.0939476 0.0214679 0.618476 0.00011103
-0.434039 -0.000218434 0.135099 0.0262406 0.642751 0.000115387
-0.434855 -0.000218845 0.15303 0.0283203 0.689064 0.000123702
-0.43751 -0.000220181 -0.441685 0.0277605 0.751707 0.000134947
-0.438679 -0.000220769 -0.902123 0.0272271 0.801179 0.000143829
-0.43609 -0.000219466 -1.3768 0.0266772 0.841038 0.000150984
-0.431042 -0.000216926 -2.33826 0.0255634 0.873935 0.00015689
-0.424512 -0.000213639 -3.99808 0.0236405 0.912368 0.00016379
-0.417317 -0.000210019 -6.35989 0.0209045 0.952042 0.000170912
-0.406531 -0.00020459 -9.43033 0.0173475 0.990625 0.000177838
-0.394089 -0.000198329 -12.7659 0.0134833 1.02383 0.000183799
-0.381993 -0.000192241 -16.3097 0.00937798 1.05193 0.000188845
-0.36954 -0.000185974 -20.1189 0.00496515 1.07471 0.000192934
-0.356644 -0.000179484 -23.5235 0.00102103 1.08824 0.000195362
-0.342256 -0.000172243 -23.9573 0.000518544 1.08979 0.00019564
-0.325235 -0.000163678 -24.1123 0.000338961 1.07485 0.000192958
-0.311186 -0.000156607 -24.2084 0.000227645 1.01082 0.000181464
-0.300559 -0.000151259 -24.2793 0.000145563 0.861671 0.000154688
-0.290607 -0.00014625 -24.3305 8.62142e-05 0.637066 0.000114367
-0.280885 -0.000141358 -24.3705 3.98339e-05 0.349141 6.26782e-05
-0.274384 -0.000138086 -24.4048 1.43291e-07 0.0644337 1.15672e-05
-0.269484 -0.00013562 -24.4205 -1.80203e-05 -0.0569963 -1.0232e-05
-0.273299 -0.00013754 -24.4085 -1.42513e-05 -0.0562626 -1.01003e-05
-0.280393 -0.00014111 -24.3765 -4.20331e-06 -0.118062 -2.11947e-05
-0.285974 -0.000143919 -24.333 9.48426e-06 -0.201404 -3.61563e-05
-0.29134 -0.00014662 -24.3007 1.96327e-05 -0.289634 -5.19955e-05
-0.299605 -0.000150779 -24.2813 2.5743e-05 -0.353751 -6.35058e-05
-0.310015 -0.000156018 -24.2522 3.48857e-05 -0.397096 -7.12872e-05
-0.315401 -0.000158728 -24.2047 4.98361e-05 -0.449222 -8.06449e-05
-0.315273 -0.000158664 -24.1505 6.68709e-05 -0.532444 -9.5585e-05
-0.310986 -0.000156506 -24.1041 8.14594e-05 -0.638795 -0.000114677
-0.302345 -0.000152158 -24.0673 9.30391e-05 -0.738435 -0.000132565
-0.289739 -0.000145813 -24.0308 0.000104521 -0.81194 -0.000145761
-0.274748 -0.000138269 -23.9932 0.000116327 -0.867637 -0.000155759
-0.258767 -0.000130227 -23.9578 0.000127453 -0.930167 -0.000166985
-0.240947 -0.000121259 -23.9373 0.000133896 -1.00796 -0.000180951
-0.21779 -0.000109605 -23.9118 0.000141919 -1.09595 -0.000196746
