0.005 -1.00164e-05
0.015 -9.99397e-06
0.025 -9.95861e-06
0.035 -9.9835e-06
0.05 -1.0348e-05
0.065 -1.15059e-05
0.075 -1.29806e-05
0.085 -1.52143e-05
0.095 -1.83669e-05
0.105 -2.25696e-05
0.115 -2.7915e-05
0.125 -3.4457e-05
0.135 -4.21903e-05
0.145 -5.10522e-05
0.155 -6.09435e-05
0.165 -7.17247e-05
0.175 -8.31774e-05
0.185 -9.50053e-05
0.195 -0.000106895
0.205 -0.00011852
0.215 -0.000129688
0.225 -0.00014053
0.235 -0.000151359
0.245 -0.0001627
0.255 -0.000175384
0.265 -0.000190391
0.275 -0.000208843
0.285 -0.000232019
0.295 -0.000261239
0.305 -0.000297734
0.315 -0.000342554
0.325 -0.000396583
0.335 -0.000460499
0.345 -0.000534553
0.355 -0.000618574
0.365 -0.000712127
0.375 -0.000814549
0.385 -0.000924988
0.395 -0.00104239
0.405 -0.00116543
0.415 -0.00129253
0.425 -0.00142183
0.435 -0.0015511
0.445 -0.00167774
0.455 -0.00179889
0.465 -0.00191172
0.475 -0.00201343
0.485 -0.00210123
0.495 -0.00217259
0.505 -0.00222526
0.515 -0.00225744
0.525 -0.00226787
0.535 -0.002256
0.545 -0.00222176
0.555 -0.00216546
0.565 -0.00208782
0.575 -0.00198983
0.585 -0.00187263
0.595 -0.00173782
0.605 -0.00158756
0.615 -0.00142422
0.625 -0.00125046
0.635 -0.00106934
0.645 -0.000884167
0.655 -0.000698429
0.665 -0.000515518
0.675 -0.000338639
0.685 -0.00017067
0.695 -1.39159e-05
0.705 0.000129841
0.715 0.000259412
0.725 0.000374203
0.735 0.000474272
0.745 0.000560319
0.755 0.000633731
0.765 0.00069635
0.775 0.000750627
0.785 0.000799542
0.795 0.000846328
0.805 0.000894331
0.815 0.000946897
0.825 0.00100726
0.835 0.00107868
0.845 0.00116422
0.855 0.00126678
0.865 0.00138889
0.875 0.00153248
0.885 0.0016987
0.895 0.00188786
0.905 0.00209958
0.915 0.00233307
0.925 0.00258755
0.935 0.00286267
0.945 0.00315815
0.955 0.00347314
0.965 0.00380604
0.975 0.00415461
0.985 0.00451575
0.995 0.00488543
1.01 0.00544501
1.025 0.00599532
1.04 0.00651881
1.055 0.00699893
1.07 0.00742149
1.085 0.00777485
1.1 0.00805079
1.115 0.00824412
1.13 0.00835213
1.145 0.0083734
1.16 0.0083077
1.175 0.00815866
1.19 0.00793336
1.205 0.00764215
1.22 0.00729806
1.235 0.00691548
1.25 0.00650827
1.265 0.00608835
1.28 0.00566436
1.295 0.00524072
1.31 0.00481778
1.325 0.00439231
1.34 0.00395786
1.355 0.00350665
1.37 0.00303197
1.385 0.00252909
1.4 0.00199357
1.415 0.00142201
1.43 0.000811438
1.445 0.000158998
1.46 -0.000538868
1.475 -0.001287
1.49 -0.00209072
1.505 -0.00295429
1.52 -0.00387876
1.535 -0.00486082
1.55 -0.00589188
1.565 -0.00695624
1.58 -0.00802166
1.595 -0.00903472
1.61 -0.010009
1.625 -0.0109223
1.64 -0.0117617
1.655 -0.0124894
1.67 -0.0131014
1.685 -0.0136069
1.7 -0.0139874
1.715 -0.014232
1.73 -0.0143719
1.745 -0.0143946
1.76 -0.014334
1.775 -0.0142112
1.79 -0.0140423
1.805 -0.0138409
1.82 -0.0136245
1.835 -0.0134048
1.85 -0.0131899
1.865 -0.0129856
1.88 -0.012792
1.895 -0.0126049
1.91 -0.0124174
1.925 -0.0122194
1.94 -0.0119991
1.955 -0.0117434
1.97 -0.0114387
1.985 -0.0110715
2 -0.0106312
2.01 -0.0102937
2.02 -0.00992055
2.03 -0.00951283
2.04 -0.00907228
2.05 -0.00860144
2.06 -0.00810364
2.07 -0.00758283
2.08 -0.00704388
2.09 -0.00649236
2.1 -0.00593245
2.11 -0.00537146
2.12 -0.00481534
2.13 -0.00427137
2.14 -0.00374969
2.15 -0.00325213
2.16 -0.00277727
2.17 -0.00232882
2.18 -0.0019116
2.19 -0.00152898
2.2 -0.00117952
2.21 -0.000864081
2.22 -0.000581701
2.23 -0.000330832
2.24 -0.000108084
2.25 9.07272e-05
2.26 0.000269533
2.27 0.000432042
2.28 0.000581809
2.29 0.000721902
2.3 0.000854705
2.31 0.000981819
2.32 0.00110414
2.33 0.00122224
2.34 0.00133642
2.35 0.00144702
2.36 0.00155479
2.37 0.00166104
2.38 0.0017667
2.39 0.00187188
2.4 0.00197613
2.41 0.00207822
2.42 0.00217606
2.43 0.00226743
2.44 0.00235008
2.45 0.00242146
2.46 0.00247941
2.47 0.00252191
2.48 0.00254715
2.49 0.00255383
2.5 0.002541
2.51 0.00250838
2.52 0.00245657
2.53 0.00238711
2.54 0.00230226
2.55 0.00220447
2.56 0.0020966
2.57 0.00198167
2.58 0.00186256
2.59 0.00174192
2.6 0.00162163
2.61 0.00150349
2.62 0.00138898
2.63 0.00127949
2.64 0.00117695
2.65 0.00108266
2.66 0.000998077
2.67 0.000926569
2.68 0.000869795
2.69 0.000829485
2.7 0.000810446
2.71 0.00081335
2.72 0.000840304
2.73 0.000891792
2.74 0.000967067
2.75 0.00106417
2.76 0.0011805
2.77 0.00131303
2.78 0.00145739
2.79 0.00160829
2.8 0.00176047
2.81 0.00190817
2.82 0.00204563
2.83 0.00216737
2.84 0.00226824
2.85 0.0023435
2.86 0.00238866
2.87 0.00239976
2.88 0.00237358
2.89 0.00230633
2.9 0.00219539
2.91 0.00203856
2.92 0.00183449
2.93 0.00158327
2.94 0.00128641
2.95 0.00094691
2.96 0.000569228
2.97 0.000159341
2.98 -0.000275506
2.99 -0.000727019
3 -0.0011858
3.01 -0.00163775
3.02 -0.00207936
3.03 -0.00250093
3.04 -0.00289097
3.05 -0.00324183
3.06 -0.00354481
3.07 -0.00379289
3.08 -0.00397967
3.09 -0.00410138
3.1 -0.00415622
3.11 -0.0041441
3.12 -0.0040676
3.13 -0.00393087
3.14 -0.00373982
3.15 -0.00350205
3.16 -0.00322656
3.17 -0.00292313
3.18 -0.00260297
3.19 -0.00227597
3.2 -0.0019498
3.21 -0.00163172
3.22 -0.00132852
3.23 -0.00104899
3.24 -0.00080016
3.25 -0.000590718
3.26 -0.000427329
3.27 -0.000316043
3.28 -0.000261356
3.29 -0.000266207
3.3 -0.000331879
3.31 -0.000457586
3.32 -0.0006413
3.33 -0.000879964
3.34 -0.00116836
3.35 -0.00150018
3.36 -0.00186851
3.37 -0.00226475
3.38 -0.00267935
3.39 -0.0030985
3.4 -0.00351967
3.41 -0.00393175
3.42 -0.00432582
3.43 -0.00469469
3.44 -0.00503037
3.45 -0.00532563
3.46 -0.0055745
3.47 -0.00577313
3.48 -0.00591823
3.49 -0.00600719
3.5 -0.00604063
3.51 -0.00601837
3.52 -0.00594241
3.53 -0.00581518
3.54 -0.00564026
3.55 -0.0054225
3.56 -0.00516778
3.57 -0.0048831
3.58 -0.00457665
3.59 -0.00425741
3.6 -0.00393471
3.61 -0.00361777
3.62 -0.00331535
3.63 -0.00303531
3.64 -0.00278465
3.65 -0.00256947
3.66 -0.00239464
3.67 -0.00226379
3.68 -0.00218003
3.69 -0.0021453
3.7 -0.00215898
3.71 -0.00221928
3.72 -0.0023229
3.73 -0.00246531
3.74 -0.00264064
3.75 -0.00284226
3.76 -0.00306259
3.77 -0.00329325
3.78 -0.0035254
3.79 -0.00375026
3.8 -0.0039594
3.81 -0.00414496
3.82 -0.00430002
3.83 -0.00441892
3.84 -0.00449715
3.85 -0.00453135
3.86 -0.00451987
3.87 -0.00446282
3.88 -0.0043621
3.89 -0.00422151
3.9 -0.0040461
3.91 -0.00384164
3.92 -0.00361562
3.93 -0.00337605
3.94 -0.00313061
3.95 -0.00288865
3.96 -0.0026589
3.97 -0.00245038
3.98 -0.00227177
3.99 -0.00213092
4 -0.00203496
4.01 -0.00198986
4.02 -0.00200028
4.03 -0.0020693
4.04 -0.00219803
4.05 -0.00238558
4.06 -0.00262888
4.07 -0.00292277
4.08 -0.00326067
4.09 -0.00363489
4.1 -0.00403665
4.11 -0.00445321
4.12 -0.00488035
4.13 -0.00530925
4.14 -0.00572805
4.15 -0.00612928
4.16 -0.00650211
4.17 -0.00683672
4.18 -0.00712489
4.19 -0.00735982
4.2 -0.00753633
4.21 -0.0076513
4.22 -0.0077035
4.23 -0.00769343
4.24 -0.00762341
4.25 -0.0074972
4.26 -0.00731977
4.27 -0.00709781
4.28 -0.00683857
4.29 -0.00654974
4.3 -0.00623923
4.31 -0.00591612
4.32 -0.00558791
4.33 -0.00526218
4.34 -0.00494652
4.35 -0.00464718
4.36 -0.00437008
4.37 -0.00411985
4.38 -0.00390034
4.39 -0.00371432
4.4 -0.00356316
4.41 -0.00344667
4.42 -0.00336308
4.43 -0.00330918
4.44 -0.00328111
4.45 -0.00327522
4.46 -0.00328761
4.47 -0.00330908
4.48 -0.00333436
4.49 -0.0033565
4.5 -0.00336898
4.51 -0.00336631
4.52 -0.00334303
4.53 -0.00329426
4.54 -0.00321565
4.55 -0.00310368
4.56 -0.00295546
4.57 -0.00276865
4.58 -0.00254199
4.59 -0.00227465
4.6 -0.0019683
4.61 -0.00162487
4.62 -0.00124786
4.63 -0.000840973
4.64 -0.000407327
4.65 4.49667e-05
4.66 0.000511172
4.67 0.000986316
4.68 0.00146397
4.69 0.00193776
4.7 0.00240071
4.71 0.00284677
4.72 0.00327074
4.73 0.00366774
4.74 0.00403415
4.75 0.00436764
4.76 0.00466672
4.77 0.00493092
4.78 0.00516063
4.79 0.00535699
4.8 0.005522
4.81 0.00565835
4.82 0.00576923
4.83 0.00585857
4.84 0.00593102
4.85 0.00599122
4.86 0.00604378
4.87 0.00609313
4.88 0.00614275
4.89 0.00619534
4.9 0.0062528
4.91 0.00631572
4.92 0.00638368
4.93 0.00645513
4.94 0.00652764
4.95 0.00659883
4.96 0.00666662
4.97 0.0067275
4.98 0.00677916
4.99 0.00681985
5 0.0068479
5.01 0.00686247
5.02 0.00686221
5.03 0.00684571
5.04 0.00681159
5.05 0.00675839
5.06 0.00668469
5.07 0.00658895
5.08 0.00646982
5.09 0.00632622
5.1 0.00615742
5.11 0.00596311
5.12 0.00574354
5.13 0.00549972
5.14 0.00523358
5.15 0.00494747
5.16 0.00464401
5.17 0.00432624
5.18 0.00399732
5.19 0.00366056
5.2 0.00331953
5.21 0.00297816
5.22 0.00264018
5.23 0.00230872
5.24 0.00198639
5.25 0.00167518
5.26 0.00137609
5.27 0.00108917
5.28 0.000814164
5.29 0.000549266
5.3 0.000292852
5.31 4.37641e-05
5.32 -0.000200916
5.33 -0.000444136
5.34 -0.000688769
5.35 -0.000931368
5.36 -0.00118009
5.37 -0.00144235
5.38 -0.0017166
5.39 -0.00200771
5.4 -0.00231491
5.41 -0.00263609
5.42 -0.00296975
5.43 -0.00331378
5.44 -0.00366439
5.45 -0.00401741
5.46 -0.00436877
5.47 -0.00471479
5.48 -0.00505193
5.49 -0.00537736
5.5 -0.00568883
5.51 -0.00598429
5.52 -0.0062621
5.53 -0.00652065
5.54 -0.00675856
5.55 -0.00697527
5.56 -0.00717072
5.57 -0.00734515
5.58 -0.0074991
5.59 -0.00763334
5.6 -0.00774863
5.61 -0.00784548
5.62 -0.00792447
5.63 -0.0079865
5.64 -0.00803248
5.65 -0.00806342
5.66 -0.00808064
5.67 -0.00808539
5.68 -0.00807879
5.69 -0.00806197
5.7 -0.00803557
5.71 -0.00800042
5.72 -0.0079576
5.73 -0.00790809
5.74 -0.00785299
5.75 -0.00779372
5.76 -0.0077321
5.77 -0.00767021
5.78 -0.00761013
5.79 -0.00755375
5.8 -0.00750252
5.81 -0.00745726
5.82 -0.00741843
5.83 -0.0073858
5.84 -0.00735859
5.85 -0.00733577
5.86 -0.00731581
5.87 -0.00729692
5.88 -0.00727724
5.89 -0.00725497
5.9 -0.0072286
5.91 -0.00719722
5.92 -0.00716035
5.93 -0.0071176
5.94 -0.00706838
5.95 -0.00701202
5.96 -0.00694815
5.97 -0.0068766
5.98 -0.00679735
5.99 -0.00671045
6 -0.00661599
6.01 -0.00651392
6.02 -0.00640384
6.03 -0.00628563
6.04 -0.0061598
6.05 -0.0060271
6.06 -0.00588893
6.07 -0.00574752
6.08 -0.00560508
6.09 -0.00546375
6.1 -0.00532559
6.11 -0.00519228
6.12 -0.0050651
6.13 -0.00494494
6.14 -0.00483232
6.15 -0.00472738
6.16 -0.00462993
6.17 -0.00453958
6.18 -0.00445579
6.19 -0.00437796
6.2 -0.00430588
6.21 -0.00423972
6.22 -0.00417956
6.23 -0.00412539
6.24 -0.00407713
6.25 -0.00403456
6.26 -0.00399714
6.27 -0.00396402
6.28 -0.00393389
6.29 -0.00390477
6.3 -0.00387433
6.31 -0.00384011
6.32 -0.00379949
6.33 -0.00374962
6.34 -0.00368745
6.35 -0.00361056
6.36 -0.00351797
6.37 -0.00340456
6.38 -0.003265
6.39 -0.00309786
6.4 -0.00290061
6.41 -0.00267381
6.42 -0.00241858
6.43 -0.00213684
6.44 -0.0018313
6.45 -0.00150577
6.46 -0.00116436
6.47 -0.000812059
6.48 -0.000453574
6.49 -9.59753e-05
6.5 0.000253814
6.51 0.000590506
6.52 0.000908187
6.53 0.00120153
6.54 0.00146594
6.55 0.00169769
6.56 0.00189443
6.57 0.00205516
6.58 0.00218
6.59 0.0022704
6.6 0.00232854
6.61 0.00235764
6.62 0.00236138
6.63 0.00234358
6.64 0.00230837
6.65 0.00225989
6.66 0.0022018
6.67 0.00213758
6.68 0.00207093
6.69 0.00200507
6.7 0.00194298
6.71 0.00188746
6.72 0.00184098
6.73 0.00180564
6.74 0.00178336
6.75 0.00177592
6.76 0.00178489
6.77 0.00181128
6.78 0.00185539
6.79 0.00191691
6.8 0.00199467
6.81 0.00208658
6.82 0.0021896
6.83 0.00229985
6.84 0.00241279
6.85 0.00252332
6.86 0.00262603
6.87 0.00271541
6.88 0.00278609
6.89 0.00283307
6.9 0.00285226
6.91 0.00284059
6.92 0.00279619
6.93 0.00271854
6.94 0.00260802
6.95 0.00246561
6.96 0.00229311
6.97 0.00209285
6.98 0.00186751
6.99 0.00162008
7 0.00135371
7.01 0.00107144
7.02 0.000776839
7.03 0.000474117
7.04 0.000167618
7.05 -0.000138041
7.06 -0.000437795
7.07 -0.000726395
7.08 -0.000999199
7.09 -0.00125174
7.1 -0.00147999
7.11 -0.00168206
7.12 -0.00185571
7.13 -0.00200065
7.14 -0.00211697
7.15 -0.00220585
7.16 -0.00226926
7.17 -0.00230942
7.18 -0.00232949
7.19 -0.00233325
7.2 -0.00232424
7.21 -0.00230576
7.22 -0.00228653
7.23 -0.0022695
7.24 -0.00226039
7.25 -0.00226418
7.26 -0.00228518
7.27 -0.00232732
7.28 -0.00239429
7.29 -0.00248908
7.3 -0.00261388
7.31 -0.00276959
7.32 -0.00295643
7.33 -0.00317383
7.34 -0.00342028
7.35 -0.00369361
7.36 -0.00399093
7.37 -0.00430887
7.38 -0.00464352
7.39 -0.00499019
7.4 -0.00534386
7.41 -0.00569932
7.42 -0.00605108
7.43 -0.00639369
7.44 -0.00672205
7.45 -0.00703058
7.46 -0.00726187
7.47 -0.00725777
7.48 -0.0074537
7.49 -0.00768741
7.5 -0.00792347
7.51 -0.00814806
7.52 -0.00835328
7.53 -0.00853436
7.54 -0.00869371
7.55 -0.00882921
7.56 -0.00894469
7.57 -0.0090293
7.58 -0.00907624
7.59 -0.00909723
7.6 -0.00908693
7.61 -0.0090492
7.62 -0.00898072
7.63 -0.00888614
7.64 -0.00877181
7.65 -0.00864083
7.66 -0.00849673
7.67 -0.00834619
7.68 -0.00819318
7.69 -0.0080402
7.7 -0.00789252
7.71 -0.00775386
7.72 -0.00762829
7.73 -0.00752024
7.74 -0.00743316
7.75 -0.00737008
7.76 -0.00733348
7.77 -0.00732507
7.78 -0.00734616
7.79 -0.00739616
7.8 -0.00747354
7.81 -0.00757576
7.82 -0.0076987
7.83 -0.00783721
7.84 -0.00798729
7.85 -0.00814402
7.86 -0.00830258
7.87 -0.00845771
7.88 -0.00860518
7.89 -0.00874124
7.9 -0.00886205
7.91 -0.00896456
7.92 -0.00904623
7.93 -0.00910495
7.94 -0.00913902
7.95 -0.00914705
7.96 -0.00912846
7.97 -0.00908344
7.98 -0.00901256
7.99 -0.00891744
8 -0.00880027
8.01 -0.00866365
8.02 -0.00851054
8.03 -0.00834452
8.04 -0.00816993
8.05 -0.00799182
8.06 -0.00781211
8.07 -0.00763279
8.08 -0.00745743
8.09 -0.0072883
8.1 -0.00712766
8.11 -0.00697775
8.12 -0.00683878
8.13 -0.00671065
8.14 -0.00659327
8.15 -0.00648519
8.16 -0.00638439
8.17 -0.00628802
8.18 -0.00619339
8.19 -0.00609691
8.2 -0.00599485
8.21 -0.00588308
8.22 -0.00575716
8.23 -0.00561259
8.24 -0.00544491
8.25 -0.00524996
8.26 -0.00502377
8.27 -0.00476292
8.28 -0.00446626
8.29 -0.00413208
8.3 -0.00375871
8.31 -0.00334838
8.32 -0.00290425
8.33 -0.0024257
8.34 -0.00189762
8.35 -0.00135765
8.36 -0.000801888
8.37 -0.000232269
8.38 0.000336358
8.39 0.000897271
8.4 0.00144705
8.41 0.00198103
8.42 0.00249163
8.43 0.0029742
8.44 0.00342602
8.45 0.00384364
8.46 0.00422461
8.47 0.00456739
8.48 0.0048723
8.49 0.00514013
8.5 0.00537191
8.51 0.00557035
8.52 0.00573896
8.53 0.00588175
8.54 0.0060034
8.55 0.00610974
8.56 0.00620745
8.57 0.00630355
8.58 0.00640538
8.59 0.00652028
8.6 0.00650034
8.61 0.00657584
8.62 0.00680918
8.63 0.00718837
8.64 0.00756281
8.65 0.00792913
8.66 0.00839003
8.67 0.00892642
8.68 0.00944804
8.69 0.00996619
8.7 0.01054
8.71 0.0111279
8.72 0.0117124
8.73 0.0122941
8.74 0.0128612
8.75 0.0134056
8.76 0.0139217
8.77 0.014527
8.78 0.0150896
8.79 0.0155925
8.8 0.0160978
8.81 0.0165228
8.82 0.016958
8.83 0.0174145
8.84 0.0178155
8.85 0.0181375
8.86 0.0184053
8.87 0.018645
8.88 0.0188537
8.89 0.0190015
8.9 0.0190809
8.91 0.0191108
8.92 0.0190909
8.93 0.0190149
8.94 0.018891
8.95 0.0187203
8.96 0.0185105
8.97 0.0182732
8.98 0.0180146
8.99 0.0177384
9 0.0174523
9.01 0.017165
9.02 0.0168831
9.03 0.0166153
9.04 0.0163642
9.05 0.0161339
9.06 0.0159303
9.07 0.0157583
9.08 0.0156209
9.09 0.0155183
9.1 0.0154498
9.11 0.0154145
9.12 0.0154099
9.13 0.0154322
9.14 0.0154764
9.15 0.0155371
9.16 0.0156091
9.17 0.0156859
9.18 0.0157608
9.19 0.0158264
9.2 0.0158759
9.21 0.0159024
9.22 0.0158992
9.23 0.0158597
9.24 0.0157782
9.25 0.0156499
9.26 0.0154704
9.27 0.0152374
9.28 0.0149491
9.29 0.0146052
9.3 0.0142077
9.31 0.0137593
9.32 0.0132634
9.33 0.0127249
9.34 0.0121496
9.35 0.0115441
9.36 0.0109155
9.37 0.0102714
9.38 0.00961946
9.39 0.00896697
9.4 0.00832089
9.41 0.00768812
9.42 0.00707681
9.43 0.00649341
9.44 0.00593781
9.45 0.00541696
9.46 0.00493616
9.47 0.00449933
9.48 0.00410828
9.49 0.00376163
9.5 0.00345332
9.51 0.0031788
9.52 0.00293616
9.53 0.00272069
9.54 0.00252473
9.55 0.00234611
9.56 0.00217731
9.57 0.00201288
9.58 0.00184929
9.59 0.00168206
9.6 0.00150664
9.61 0.0013186
9.62 0.00111384
9.63 0.000888486
9.64 0.000639166
9.65 0.000362239
9.66 5.40441e-05
9.67 -0.000287294
9.68 -0.000663262
9.69 -0.00107504
9.7 -0.00152142
9.71 -0.0020006
9.72 -0.00250985
9.73 -0.00304164
9.74 -0.00358877
9.75 -0.00415213
9.76 -0.00473618
9.77 -0.00532127
9.78 -0.0059067
9.79 -0.00648935
9.8 -0.0070571
9.81 -0.00760512
9.82 -0.00812873
9.83 -0.00862415
9.84 -0.00909064
9.85 -0.00952375
9.86 -0.00992059
9.87 -0.0102798
9.88 -0.0106016
9.89 -0.010887
9.9 -0.0111385
9.91 -0.0113579
9.92 -0.0115482
9.93 -0.0117141
9.94 -0.0118609
9.95 -0.0119928
9.96 -0.0121148
9.97 -0.0122342
9.98 -0.012357
9.99 -0.0124877
10 -0.0126323
10.01 -0.0127961
10.02 -0.0129829
10.03 -0.0131968
10.04 -0.0134376
10.05 -0.0137038
10.06 -0.0140031
10.07 -0.0143293
10.08 -0.0146802
10.09 -0.0150561
10.1 -0.015453
10.11 -0.0158672
10.12 -0.0162956
10.13 -0.0167345
10.14 -0.0171754
10.15 -0.0176167
10.16 -0.0180546
10.17 -0.0184813
10.18 -0.0188914
10.19 -0.0192799
10.2 -0.0196421
10.21 -0.0199747
10.22 -0.0202722
10.23 -0.0205308
10.24 -0.0207518
10.25 -0.020929
10.26 -0.0210609
10.27 -0.0211472
10.28 -0.021183
10.29 -0.0211675
10.3 -0.0211007
10.31 -0.0209832
10.32 -0.0208212
10.33 -0.0206186
10.34 -0.0203754
10.35 -0.0200951
10.36 -0.0197833
10.37 -0.0194466
10.38 -0.0190931
10.39 -0.0187301
10.4 -0.0183643
10.41 -0.0180027
10.42 -0.0176521
10.43 -0.0173187
10.44 -0.0170076
10.45 -0.0167234
10.46 -0.0164697
10.47 -0.0162495
10.48 -0.0160649
10.49 -0.0159166
10.5 -0.0158039
10.51 -0.0157254
10.52 -0.0156784
10.53 -0.0156594
10.54 -0.0156637
10.55 -0.0156858
10.56 -0.0157193
10.57 -0.0157575
10.58 -0.015793
10.59 -0.015818
10.6 -0.0158256
10.61 -0.0158093
10.62 -0.0157632
10.63 -0.0156821
10.64 -0.0155625
10.65 -0.0154039
10.66 -0.0152035
10.67 -0.0149625
10.68 -0.0146829
10.69 -0.0143659
10.7 -0.0140161
10.71 -0.0136378
10.72 -0.0132354
10.73 -0.012815
10.74 -0.0123827
10.75 -0.0119453
10.76 -0.0115104
10.77 -0.0110855
10.78 -0.0106778
10.79 -0.0102939
10.8 -0.00993991
10.81 -0.00962088
10.82 -0.00934052
10.83 -0.00910159
10.84 -0.00890628
10.85 -0.00875593
10.86 -0.00865079
10.87 -0.00858971
10.88 -0.00857087
10.89 -0.0085916
10.9 -0.00864818
10.91 -0.00873625
10.92 -0.00885055
10.93 -0.00898499
10.94 -0.0091329
10.95 -0.00928679
10.96 -0.00943775
10.97 -0.009578
10.98 -0.00970115
10.99 -0.00979938
11 -0.00986703
11.01 -0.00989851
11.02 -0.00988929
11.03 -0.00983595
11.04 -0.00973582
11.05 -0.00958728
11.06 -0.00938986
11.07 -0.00914438
11.08 -0.00885379
11.09 -0.00852254
11.1 -0.00815501
11.11 -0.00775701
11.12 -0.00733478
11.13 -0.00689479
11.14 -0.00644358
11.15 -0.00598707
11.16 -0.00553252
11.17 -0.00508582
11.18 -0.004652
11.19 -0.004237
11.2 -0.00384405
11.21 -0.00347411
11.22 -0.00312873
11.23 -0.00280823
11.24 -0.00251185
11.25 -0.00223853
11.26 -0.00198594
11.27 -0.00175161
11.28 -0.00153298
11.29 -0.00132659
11.3 -0.00112852
11.31 -0.000934571
11.32 -0.000739521
11.33 -0.000537457
11.34 -0.000326385
11.35 -9.86485e-05
11.36 0.000151442
11.37 0.000427718
11.38 0.000736846
11.39 0.00108221
11.4 0.00146754
11.41 0.00189612
11.42 0.00236917
11.43 0.00288827
11.44 0.00347863
11.45 0.00411302
11.46 0.00478069
11.47 0.00549418
11.48 0.00623861
11.49 0.00700329
11.5 0.00778671
11.51 0.00858253
11.52 0.00938182
11.53 0.0101747
11.54 0.0109522
11.55 0.0117087
11.56 0.0124377
11.57 0.0131311
11.58 0.0137816
11.59 0.0143844
11.6 0.0149362
11.61 0.0154333
11.62 0.0158724
11.63 0.0162519
11.64 0.0165721
11.65 0.0168341
11.66 0.0170394
11.67 0.0171908
11.68 0.0172927
11.69 0.0173512
11.7 0.0173774
11.71 0.0173767
11.72 0.0173451
11.73 0.0172918
11.74 0.0172337
11.75 0.0171735
11.76 0.0171126
11.77 0.0170629
11.78 0.0170313
11.79 0.0170211
11.8 0.0170377
11.81 0.0170864
11.82 0.0171699
11.83 0.0172904
11.84 0.0174503
11.85 0.0176504
11.86 0.0178909
11.87 0.018172
11.88 0.0184879
11.89 0.0188238
11.9 0.0191898
11.91 0.01959
11.92 0.0200112
11.93 0.0204449
11.94 0.0208899
11.95 0.02134
11.96 0.0217837
11.97 0.0222134
11.98 0.0226198
11.99 0.022997
12 0.0233431
12.01 0.0236502
12.02 0.0239112
12.03 0.0241242
12.04 0.0242863
12.05 0.0243935
12.06 0.0244445
12.07 0.0244417
12.08 0.024387
12.09 0.0242825
12.1 0.0241329
12.11 0.0239423
12.12 0.0237165
12.13 0.023464
12.14 0.023193
12.15 0.0229127
12.16 0.0226323
12.17 0.0223605
12.18 0.022106
12.19 0.0218773
12.2 0.0216818
12.21 0.0215261
12.22 0.0214152
12.23 0.0213531
12.24 0.0213425
12.25 0.0213842
12.26 0.0214771
12.27 0.0216196
12.28 0.0218085
12.29 0.0220355
12.3 0.022296
12.31 0.0225887
12.32 0.0229038
12.33 0.0232351
12.34 0.0235761
12.35 0.0239171
12.36 0.0242515
12.37 0.0245811
12.38 0.024884
12.39 0.0251408
12.4 0.0253564
12.41 0.0255258
12.42 0.025636
12.43 0.0256847
12.44 0.0256715
12.45 0.0255933
12.46 0.025452
12.47 0.02525
12.48 0.0249887
12.49 0.0246727
12.5 0.0243054
12.51 0.0238914
12.52 0.0234374
12.53 0.0229503
12.54 0.0224376
12.55 0.0219069
12.56 0.0213651
12.57 0.0208198
12.58 0.0202791
12.59 0.0197502
12.6 0.0192389
12.61 0.0187513
12.62 0.0182921
12.63 0.0178644
12.64 0.0174719
12.65 0.0171155
12.66 0.0167955
12.67 0.0165106
12.68 0.0162586
12.69 0.0160363
12.7 0.0158393
12.71 0.0156627
12.72 0.0155004
12.73 0.0153456
12.74 0.0151909
12.75 0.0150289
12.76 0.0148549
12.77 0.0146598
12.78 0.0144378
12.79 0.0141834
12.8 0.0138925
12.81 0.0135631
12.82 0.0131919
12.83 0.0127841
12.84 0.0123302
12.85 0.0118278
12.86 0.0112808
12.87 0.010686
12.88 0.0100458
12.89 0.00936373
12.9 0.00864399
12.91 0.00789146
12.92 0.00710216
12.93 0.00629174
12.94 0.00547227
12.95 0.00464172
12.96 0.00380917
12.97 0.00298472
12.98 0.0021719
12.99 0.00137772
13 0.000609816
13.01 -0.000126982
13.02 -0.000827234
13.03 -0.00148598
13.04 -0.00210087
13.05 -0.0026699
13.06 -0.00319121
13.07 -0.00366432
13.08 -0.00408934
13.09 -0.0044674
13.1 -0.00480132
13.11 -0.00509309
13.12 -0.00534561
13.13 -0.00556642
13.14 -0.00576248
13.15 -0.00593948
13.16 -0.0061057
13.17 -0.00626849
13.18 -0.00643273
13.19 -0.0066074
13.2 -0.00679998
13.21 -0.00701608
13.22 -0.00726175
13.23 -0.00754225
13.24 -0.00786219
13.25 -0.00822879
13.26 -0.00863606
13.27 -0.00908342
13.28 -0.00957755
13.29 -0.0101167
13.3 -0.0106933
13.31 -0.011302
13.32 -0.0119414
13.33 -0.0126069
13.34 -0.0132912
13.35 -0.0139867
13.36 -0.0149506
13.37 -0.0160554
13.38 -0.0167939
13.39 -0.0175621
13.4 -0.0183732
13.41 -0.0190567
13.42 -0.0197659
13.43 -0.0205573
13.44 -0.021314
13.45 -0.0220038
13.46 -0.0226331
13.47 -0.0232182
13.48 -0.0237763
13.49 -0.0243079
13.5 -0.0248365
13.51 -0.0253311
13.52 -0.0257571
13.53 -0.0261456
13.54 -0.0265323
13.55 -0.0269704
13.56 -0.0273124
13.57 -0.0277007
13.58 -0.0281457
13.59 -0.0285668
13.6 -0.0289492
13.61 -0.0293801
13.62 -0.0298473
13.63 -0.030298
13.64 -0.0307663
13.65 -0.0312536
13.66 -0.0317257
13.67 -0.0321985
13.68 -0.0326822
13.69 -0.0331618
13.7 -0.0336298
13.71 -0.0340942
13.72 -0.034551
13.73 -0.034989
13.74 -0.0354066
13.75 -0.0358052
13.76 -0.0361822
13.77 -0.0365359
13.78 -0.0368628
13.79 -0.0371586
13.8 -0.037421
13.81 -0.0376509
13.82 -0.0378494
13.83 -0.0380153
13.84 -0.0381482
13.85 -0.0382502
13.86 -0.0383211
13.87 -0.0383621
13.88 -0.0383766
13.89 -0.0383684
13.9 -0.0383401
13.91 -0.0382947
13.92 -0.0382365
13.93 -0.0381692
13.94 -0.0380965
13.95 -0.0380221
13.96 -0.0379452
13.97 -0.0378616
13.98 -0.0378008
13.99 -0.0377265
14 -0.0376538
14.01 -0.0376044
14.02 -0.0375563
14.03 -0.0375262
14.04 -0.0375079
14.05 -0.0374965
14.06 -0.037498
14.07 -0.037512
14.08 -0.0375374
14.09 -0.0375711
14.1 -0.0376082
14.11 -0.0376462
14.12 -0.0376836
14.13 -0.0377177
14.14 -0.0377443
14.15 -0.037759
14.16 -0.0377586
14.17 -0.0377406
14.18 -0.037701
14.19 -0.0376372
14.2 -0.0375478
14.21 -0.0374313
14.22 -0.0372868
14.23 -0.037114
14.24 -0.0369125
14.25 -0.0366822
14.26 -0.036424
14.27 -0.0361397
14.28 -0.0358318
14.29 -0.0355031
14.3 -0.0351562
14.31 -0.0347939
14.32 -0.0344194
14.33 -0.0340363
14.34 -0.0336484
14.35 -0.0332598
14.36 -0.0328741
14.37 -0.0324943
14.38 -0.0321232
14.39 -0.0317639
14.4 -0.0314187
14.41 -0.03109
14.42 -0.0307795
14.43 -0.030488
14.44 -0.0302156
14.45 -0.0299623
14.46 -0.0297275
14.47 -0.0295103
14.48 -0.0293094
14.49 -0.0291228
14.5 -0.0289481
14.51 -0.0287825
14.52 -0.0286242
14.53 -0.0284712
14.54 -0.0283178
14.55 -0.0281619
14.56 -0.0280017
14.57 -0.0278328
14.58 -0.0276531
14.59 -0.0274611
14.6 -0.0272544
14.61 -0.0270312
14.62 -0.0267904
14.63 -0.0265311
14.64 -0.0262528
14.65 -0.0259558
14.66 -0.025641
14.67 -0.0253091
14.68 -0.0249615
14.69 -0.0246001
14.7 -0.0242272
14.71 -0.0238451
14.72 -0.0234562
14.73 -0.023063
14.74 -0.0226696
14.75 -0.0222787
14.76 -0.0218927
14.77 -0.0215132
14.78 -0.0211423
14.79 -0.0207822
14.8 -0.020434
14.81 -0.0200988
14.82 -0.0197777
14.83 -0.019471
14.84 -0.0191787
14.85 -0.0189008
14.86 -0.0186368
14.87 -0.0183854
14.88 -0.0181454
14.89 -0.0179155
14.9 -0.0176937
14.91 -0.0174782
14.92 -0.0172671
14.93 -0.0170589
14.94 -0.0168508
14.95 -0.016639
14.96 -0.0164223
14.97 -0.0161992
14.98 -0.0159667
14.99 -0.0157227
15 -0.0154659
15.01 -0.0151947
15.02 -0.0149077
15.03 -0.0146042
15.04 -0.0142835
15.05 -0.013945
15.06 -0.0135887
15.07 -0.0132147
15.08 -0.0128235
15.09 -0.0124161
15.1 -0.0119938
15.11 -0.0115577
15.12 -0.0111095
15.13 -0.0106509
15.14 -0.010184
15.15 -0.0097109
15.16 -0.00923373
15.17 -0.0087547
15.18 -0.00827597
15.19 -0.00779971
15.2 -0.00732807
15.21 -0.006863
15.22 -0.00640629
15.23 -0.00595953
15.24 -0.00552408
15.25 -0.00510105
15.26 -0.00469144
15.27 -0.00429592
15.28 -0.00391469
15.29 -0.00354768
15.3 -0.00319458
15.31 -0.00285472
15.32 -0.00252721
15.33 -0.00221094
15.34 -0.00190459
15.35 -0.00160661
15.36 -0.00131544
15.37 -0.00102919
15.38 -0.000745649
15.39 -0.000463094
15.4 -0.000179917
15.41 0.000105783
15.42 0.000395806
15.43 0.000691749
15.44 0.000995088
15.45 0.00130704
15.46 0.00162854
15.47 0.00196026
15.48 0.0023026
15.49 0.00265585
15.5 0.00301987
15.51 0.00338598
15.52 0.00374451
15.53 0.00412116
15.54 0.00450786
15.55 0.00488744
15.56 0.00526822
15.57 0.00565103
15.58 0.00602931
15.59 0.00640211
15.6 0.00676552
15.61 0.00711588
15.62 0.00745369
15.63 0.00777729
15.64 0.00808324
15.65 0.00836963
15.66 0.00863536
15.67 0.00887976
15.68 0.00910238
15.69 0.0093022
15.7 0.00947874
15.71 0.00963278
15.72 0.0097651
15.73 0.0098766
15.74 0.00996826
15.75 0.0100411
15.76 0.0100968
15.77 0.0101374
15.78 0.0101657
15.79 0.0101838
15.8 0.0101934
15.81 0.0101969
15.82 0.0101968
15.83 0.0101953
15.84 0.0101941
15.85 0.0101946
15.86 0.0101983
15.87 0.0102068
15.88 0.0102214
15.89 0.0102425
15.9 0.0102702
15.91 0.0103063
15.92 0.0103551
15.93 0.010406
15.94 0.0104631
15.95 0.010525
15.96 0.010588
15.97 0.0106509
15.98 0.0107137
15.99 0.0107747
16 0.0108319
16.015 0.0109073
16.03 0.0109682
16.045 0.0110127
16.06 0.0110372
16.075 0.011043
16.09 0.0110299
16.105 0.0110007
16.12 0.0109582
16.135 0.0109067
16.15 0.0108509
16.165 0.010795
16.18 0.0107452
16.195 0.0107059
16.21 0.0106814
16.225 0.0106756
16.24 0.0106911
16.255 0.0107292
16.27 0.0107901
16.285 0.0108729
16.3 0.0109748
16.315 0.0110919
16.33 0.0112182
16.345 0.0113471
16.36 0.0114723
16.375 0.011587
16.39 0.0116875
16.405 0.0117632
16.42 0.0118111
16.435 0.0118253
16.45 0.0118029
16.465 0.0117424
16.48 0.0116429
16.495 0.0115049
16.51 0.0113304
16.525 0.0111234
16.54 0.0108873
16.555 0.0106263
16.57 0.0103462
16.585 0.0100518
16.6 0.00974769
16.615 0.00943836
16.63 0.00912781
16.645 0.00881882
16.66 0.00851324
16.675 0.00821212
16.69 0.00791612
16.705 0.00762316
16.72 0.00733267
16.735 0.00704651
16.75 0.00676048
16.765 0.00647398
16.78 0.00618499
16.795 0.00589676
16.81 0.00560583
16.825 0.00531237
16.84 0.00501406
16.855 0.00471111
16.87 0.00440386
16.885 0.00409368
16.9 0.0037824
16.915 0.00347135
16.93 0.00316004
16.945 0.00284943
16.96 0.00254094
16.975 0.00223625
16.99 0.00193612
17.005 0.00164137
17.02 0.00135421
17.035 0.00107569
17.05 0.000806475
17.065 0.000546962
17.08 0.000297513
17.095 5.89436e-05
17.11 -0.000169038
17.125 -0.000386961
17.14 -0.000595905
17.155 -0.000796826
17.17 -0.000990988
17.185 -0.00118008
17.2 -0.00136616
17.215 -0.00155123
17.23 -0.00173722
17.245 -0.00192621
17.26 -0.00212053
17.275 -0.00232146
17.29 -0.00253064
17.305 -0.00274916
17.32 -0.0029781
17.335 -0.00321825
17.35 -0.00346988
17.365 -0.00373297
17.38 -0.00400727
17.395 -0.00429216
17.41 -0.00458685
17.425 -0.00489022
17.44 -0.00520097
17.455 -0.00551743
17.47 -0.00583717
17.485 -0.00615923
17.5 -0.00648136
17.515 -0.00680077
17.53 -0.00711676
17.545 -0.00742733
17.56 -0.00773156
17.575 -0.00802879
17.59 -0.00831814
17.605 -0.00859973
17.62 -0.00887375
17.635 -0.00914117
17.65 -0.00940296
17.665 -0.00966032
17.68 -0.00991461
17.695 -0.0101675
17.71 -0.0104206
17.725 -0.0106753
17.74 -0.0109329
17.755 -0.0111945
17.77 -0.0114608
17.785 -0.0117322
17.8 -0.0120088
17.815 -0.0122899
17.83 -0.012575
17.845 -0.0128626
17.86 -0.0131512
17.875 -0.0134389
17.89 -0.0137236
17.905 -0.0140031
17.92 -0.0142752
17.935 -0.0145376
17.95 -0.0147881
17.965 -0.0150251
17.98 -0.0152468
17.995 -0.0154521
18.01 -0.0156401
18.025 -0.0158103
18.04 -0.0159629
18.055 -0.0160982
18.07 -0.0162167
18.085 -0.0163197
18.1 -0.0164083
18.115 -0.0164844
18.13 -0.0165497
18.145 -0.016606
18.16 -0.0166553
18.175 -0.0166993
18.19 -0.0167396
18.205 -0.0167782
18.22 -0.0168158
18.235 -0.0168533
18.25 -0.0168908
18.265 -0.0169287
18.28 -0.016966
18.295 -0.017002
18.31 -0.0170365
18.325 -0.0170695
18.34 -0.0171003
18.355 -0.0171283
18.37 -0.0171521
18.385 -0.0171711
18.4 -0.0171847
18.415 -0.0171927
18.43 -0.0171947
18.445 -0.0171906
18.46 -0.017181
18.475 -0.0171666
18.49 -0.017148
18.505 -0.0171264
18.52 -0.017103
18.535 -0.0170794
18.55 -0.0170568
18.565 -0.0170365
18.58 -0.0170198
18.595 -0.0170077
18.61 -0.0170009
18.625 -0.0170005
18.64 -0.0170069
18.655 -0.0170212
18.67 -0.0170437
18.685 -0.0170734
18.7 -0.017109
18.715 -0.0171491
18.73 -0.0171925
18.745 -0.0172377
18.76 -0.0172826
18.775 -0.0173248
18.79 -0.0173621
18.805 -0.0173919
18.82 -0.0174123
18.835 -0.0174218
18.85 -0.0174193
18.865 -0.017404
18.88 -0.0173759
18.895 -0.0173353
18.91 -0.017283
18.925 -0.0172198
18.94 -0.0171478
18.955 -0.0170686
18.97 -0.0169833
18.985 -0.0168934
19 -0.0168005
19.015 -0.0167066
19.03 -0.0166127
19.045 -0.0165194
19.06 -0.0164271
19.075 -0.0163364
19.09 -0.0162478
19.105 -0.0161602
19.12 -0.0160732
19.135 -0.0159857
19.15 -0.015897
19.165 -0.0158057
19.18 -0.015711
19.195 -0.0156115
19.21 -0.0155063
19.225 -0.0153946
19.24 -0.0152754
19.255 -0.0151477
19.27 -0.0150114
19.285 -0.0148661
19.3 -0.0147119
19.315 -0.0145488
19.33 -0.014378
19.345 -0.0142004
19.36 -0.0140175
19.375 -0.0138308
19.39 -0.0136424
19.405 -0.0134543
19.42 -0.0132687
19.435 -0.0130877
19.45 -0.0129133
19.465 -0.0127473
19.48 -0.0125912
19.495 -0.0124461
19.51 -0.0123127
19.525 -0.0121914
19.54 -0.012082
19.555 -0.011984
19.57 -0.0118964
19.585 -0.011818
19.6 -0.011747
19.615 -0.0116819
19.63 -0.0116206
19.645 -0.0115612
19.66 -0.0115018
19.675 -0.0114406
19.69 -0.0113762
19.705 -0.0113071
19.72 -0.0112325
19.735 -0.0111517
19.75 -0.0110647
19.765 -0.0109715
19.78 -0.0108728
19.795 -0.0107697
19.81 -0.0106625
19.825 -0.0105528
19.84 -0.0104414
19.855 -0.0103299
19.87 -0.0102195
19.885 -0.0101111
19.9 -0.0100058
19.915 -0.0099041
19.93 -0.00980651
19.945 -0.00971306
19.96 -0.00962346
19.975 -0.00953718
19.99 -0.00945346
20.005 -0.00937125
20.02 -0.00928925
20.035 -0.00920606
20.05 -0.00912026
20.065 -0.00903045
20.08 -0.00893531
20.095 -0.00883378
20.11 -0.00872558
20.125 -0.00861002
20.14 -0.00848733
20.155 -0.00835856
20.17 -0.00822334
20.185 -0.00808396
20.2 -0.00794103
20.215 -0.00779642
20.23 -0.00765171
20.245 -0.00750869
20.26 -0.00736904
20.275 -0.00723417
20.29 -0.00710553
20.305 -0.00698431
20.32 -0.00687143
20.335 -0.0067674
20.35 -0.00667255
20.365 -0.00658679
20.38 -0.0065098
20.395 -0.00644094
20.41 -0.00637932
20.425 -0.0063239
20.44 -0.00627342
20.455 -0.00622664
20.47 -0.0061823
20.485 -0.00613918
20.5 -0.00609614
20.515 -0.00605229
20.53 -0.00600695
20.545 -0.00595967
20.56 -0.00591029
20.575 -0.00585893
20.59 -0.005806
20.605 -0.00575213
20.62 -0.0056984
20.635 -0.00564598
20.65 -0.00559609
20.665 -0.00555016
20.68 -0.00550963
20.695 -0.00547576
20.71 -0.00544951
20.725 -0.00543184
20.74 -0.00542325
20.755 -0.00542393
20.77 -0.00543364
20.785 -0.00545172
20.8 -0.00547726
20.815 -0.00550924
20.83 -0.00554619
20.845 -0.00558643
20.86 -0.00562848
20.875 -0.00567068
20.89 -0.00571144
20.905 -0.00574913
20.92 -0.00578242
20.935 -0.00581021
20.95 -0.00583161
20.965 -0.00584606
20.98 -0.00585355
20.995 -0.00585413
21.01 -0.00584844
21.025 -0.0058374
21.04 -0.00582222
21.055 -0.00580438
21.07 -0.00578543
21.085 -0.00576684
21.1 -0.00575013
21.115 -0.00573654
21.13 -0.0057273
21.145 -0.00572299
21.16 -0.00572426
21.175 -0.00573139
21.19 -0.00574456
21.205 -0.00576352
21.22 -0.00578783
21.235 -0.00581676
21.25 -0.00584937
21.265 -0.00588467
21.28 -0.00592152
21.295 -0.00595873
21.31 -0.00599551
21.325 -0.00603091
21.34 -0.00606432
21.355 -0.0060952
21.37 -0.00612332
21.385 -0.00614868
21.4 -0.00617152
21.415 -0.00619244
21.43 -0.0062121
21.445 -0.00623155
21.46 -0.00625168
21.475 -0.00627384
21.49 -0.00629895
21.505 -0.00632825
21.52 -0.00636224
21.535 -0.00640204
21.55 -0.00644778
21.565 -0.0064997
21.58 -0.0065582
21.595 -0.006623
21.61 -0.00669352
21.625 -0.0067691
21.64 -0.0068488
21.655 -0.00693133
21.67 -0.00701581
21.685 -0.00710073
21.7 -0.00718509
21.715 -0.00726761
21.73 -0.00734727
21.745 -0.00742316
21.76 -0.00749436
21.775 -0.00756027
21.79 -0.0076205
21.805 -0.00767503
21.82 -0.00772383
21.835 -0.00776723
21.85 -0.00780576
21.865 -0.00784008
21.88 -0.00787096
21.895 -0.00789928
21.91 -0.00792599
21.925 -0.007952
21.94 -0.00797814
21.955 -0.00800517
21.97 -0.00803372
21.985 -0.00806426
22 -0.00809703
22.015 -0.00813204
22.03 -0.00816915
22.045 -0.00820805
22.06 -0.00824824
22.075 -0.00828904
22.09 -0.00832963
22.105 -0.00836915
22.12 -0.00840704
22.135 -0.00844241
22.15 -0.00847472
22.165 -0.00850336
22.18 -0.00852806
22.195 -0.00854857
22.21 -0.00856494
22.225 -0.00857744
22.24 -0.00858646
22.255 -0.00859264
22.27 -0.00859676
22.285 -0.00859969
22.3 -0.00860243
22.315 -0.00860595
22.33 -0.00861119
22.345 -0.00861894
22.36 -0.00863007
22.375 -0.00864538
22.39 -0.00866485
22.405 -0.00868872
22.42 -0.00871697
22.435 -0.00874934
22.45 -0.00878562
22.465 -0.00882517
22.48 -0.00886729
22.495 -0.00891109
22.51 -0.00895578
22.525 -0.00900046
22.54 -0.00904414
22.555 -0.00908586
22.57 -0.00912493
22.585 -0.0091607
22.6 -0.00919261
22.615 -0.00922025
22.63 -0.0092434
22.645 -0.00926171
22.66 -0.0092757
22.675 -0.0092853
22.69 -0.00929119
22.705 -0.00929377
22.72 -0.00929375
22.735 -0.0092918
22.75 -0.00928871
22.765 -0.0092852
22.78 -0.00928186
22.795 -0.00927908
22.81 -0.00927715
22.825 -0.00927627
22.84 -0.00927647
22.855 -0.00927763
22.87 -0.00927959
22.885 -0.00928195
22.9 -0.00928423
22.915 -0.00928576
22.93 -0.00928599
22.945 -0.00928399
22.96 -0.00927925
22.975 -0.00927139
22.99 -0.00926011
23.005 -0.00924512
23.02 -0.00922623
23.035 -0.00920354
23.05 -0.00917738
23.065 -0.00914817
23.08 -0.00911642
23.095 -0.00908286
23.11 -0.0090483
23.125 -0.00901358
23.14 -0.00897948
23.155 -0.00894677
23.17 -0.00891614
23.185 -0.00888812
23.2 -0.00886307
23.215 -0.00884117
23.23 -0.0088226
23.245 -0.00880716
23.26 -0.00879459
23.275 -0.00878466
23.29 -0.00877686
23.305 -0.00877064
23.32 -0.00876548
23.335 -0.00876081
23.35 -0.00875601
23.365 -0.0087506
23.38 -0.00874411
23.395 -0.00873617
23.41 -0.00872654
23.425 -0.00871499
23.44 -0.00870151
23.455 -0.00868611
23.47 -0.00866898
23.485 -0.00865035
23.5 -0.00863054
23.515 -0.00860986
23.53 -0.0085887
23.545 -0.00856742
23.56 -0.00854636
23.575 -0.00852578
23.59 -0.00850589
23.605 -0.00848684
23.62 -0.00846867
23.635 -0.0084511
23.65 -0.00843377
23.665 -0.00841686
23.68 -0.00839989
23.695 -0.00838258
23.71 -0.00836429
23.725 -0.00834466
23.74 -0.00832331
23.755 -0.00829987
23.77 -0.00827394
23.785 -0.00824528
23.8 -0.00821381
23.815 -0.0081795
23.83 -0.00814242
23.845 -0.00810277
23.86 -0.0080609
23.875 -0.00801724
23.89 -0.00797227
23.905 -0.00792656
23.92 -0.00788072
23.935 -0.00783538
23.95 -0.00779114
23.965 -0.00774857
23.98 -0.00770838
23.995 -0.00767089
24.01 -0.00763645
24.025 -0.00760535
24.04 -0.0075777
24.055 -0.0075536
24.07 -0.00753286
24.085 -0.00751525
24.1 -0.00750045
24.115 -0.00748804
24.13 -0.00747753
24.145 -0.00746839
24.16 -0.00746009
24.175 -0.00745211
24.19 -0.00744398
24.205 -0.00743529
24.22 -0.0074257
24.235 -0.00741501
24.25 -0.00740314
24.265 -0.00739009
24.28 -0.00737599
24.295 -0.00736104
24.31 -0.00734558
24.325 -0.00732998
24.34 -0.00731465
24.355 -0.00730004
24.37 -0.00728642
24.385 -0.00727437
24.4 -0.00726401
24.415 -0.00725565
24.43 -0.0072493
24.445 -0.00724503
24.46 -0.00724269
24.475 -0.00724208
24.49 -0.00724292
24.505 -0.00724489
24.52 -0.00724755
24.535 -0.00725047
24.55 -0.00725321
24.565 -0.00725534
24.58 -0.00725645
24.595 -0.00725619
24.61 -0.0072543
24.625 -0.0072506
24.64 -0.00724491
24.655 -0.00723721
24.67 -0.00722762
24.685 -0.00721631
24.7 -0.00720349
24.715 -0.00718911
24.73 -0.0071736
24.745 -0.00715775
24.76 -0.00714192
