0 0 0
0 0 0
0 0 0
0 0 0
0 0 0
0 0 0
0 0 0
0 0 0
0 0 0
0 0 0
0 0 0
0 0 0
0 0 0
0 0 0
0 0 0
0 0 0
0 0 0
0 0 0
0 0 0
0 0 0
0 0 0
0 0 0
0 0 0
0 0 0
0 0 0
0 0 0
0 0 0
0 0 0
0 0 0
0 0 0
0 0 0
0 0 0
0 0 0
0 0 0
0 0 0
0 0 0
0 0 0
0 0 0
0 0 0
0 0 0
0 0 0
0 0 0
0 0 0
0 0 0
0 0 0
0 0 0
0 0 0
0 0 0
0 0 0
0 0 0
0 0 0
0 0 0
0 0 0
0 0 0
0 0 0
0 0 0
0 0 0
0 0 0
0 0 0
0 0 0
0 0 0
0 0 0
0 0 0
0 0 0
0 0 0
0 0 0
0 0 0
0 0 0
0 0 0
0 0 0
0 0 0
0 0 0
0 0 0
0 0 0
0 0 0
0 0 0
0 0 0
0 0 0
0 0 0
0 0 0
0 0 0
0 0 0
0 0 0
0 0 0
0 0 0
0 0 0
0 0 0
0 0 0
0 0 0
0 0 0
0 0 0
0 0 0
0 0 0
0 0 0
0 0 0
0 0 0
0 0 0
0 0 0
0 0 0
0.00428815 0 0
0.00842874 0 0
0.0124362 0 0
0.0162678 0 0
0.0198238 0 0
0.0230297 0 0
0.0257251 0.00168085 0
0.0277439 0.00380478 0
0.0289015 0.0054423 0
0.0292429 0.00654766 0
0.0290591 0.00704364 0
0.028478 0.00694757 0
0.0275597 0.00636479 0
0.0263303 0.00534124 0
0.0247638 0.00394464 0
0.0227871 0.00226742 0
0.020364 0.00226742 0
0.0174438 0.00226742 0
0.0140227 0.00226742 0
0.0101574 0.00226742 0
0.00736614 0.00226742 0
0.00736614 0.00226742 0
0.00736614 0.00226742 0
0.00736614 0.00226742 0
0.00736614 0.00226742 0
0.00736614 0.00226742 0
0.00736614 0.00226742 0
0.00736614 0.00226742 0
0.00736614 0.00226742 0
0.00736614 0.00226742 0
0.00736614 0.00226742 0
0.00736614 0.00226742 0
0.00736614 0.00226742 0
0.00736614 0.00226742 0
0.00736614 0.00226742 0
0.00736614 0.00226742 0
0.00736614 0.00226742 0
0.00736614 0.00226742 0
0.00736614 0.00226742 0
0.00736614 0.00226742 0
0.00736614 0.00226742 0
0.00736614 0.00226742 0
0.00736614 0.00226742 0
0.00736614 0.00226742 0
0.00606544 0.00226742 0
0.00599136 0.00141975 0
0.00599136 0.00141975 0
0.005862 0.00141975 0
0.00585123 0.00141975 0
0.00585123 0.00141975 0
0.00585123 0.00141931 0
0.00585123 0.00141931 0
0.00585123 0.00141931 0
0.00585123 0.00141931 0
0.00585123 0.00141931 0
0.00585123 0.00141931 0
0.00585123 0.00141931 0
0.00585123 0.00141931 0
0.00585123 0.00141931 0
0.00585123 0.00141931 0
0.00585123 0.00141931 0
0.00585123 0.00141931 0
0.00585123 0.00141931 0
0.00585123 0.00141931 0
0.00585123 0.00141931 0
0.00585123 0.00141931 0
0.00585123 0.00141931 0
0.00585123 0.00141931 0
0.00585123 0.00141931 0
0.00585123 0.00141931 0
0.00585123 0.00141931 0
0.00585123 0.00141931 0
0.00585123 0.00141931 0
0.00585123 0.00141931 0
0.00585123 0.00141931 0
0.00585123 0.00141931 0
0.00585123 0.00141931 0
0.00585123 0.00141931 0
0.00585123 0.00141931 0
0.00585123 0.00141931 0
0.00585123 0.00141931 0
0.00585123 0.00141931 0
0.00585123 0.00141931 0
0.00585123 0.00141931 0
0.00585123 0.00141931 0
0.00585123 0.00141931 0
0.00585123 0.00141931 0
0.00585123 0.00141931 0
0.00585123 0.00141931 0
0.00585123 0.00141931 0
0.00585123 0.00141931 0
0.00585123 0.00141931 0
0.00585123 0.00141931 0
0.00585123 0.00141931 0
0.00585123 0.00141931 0
0.00585123 0.00141931 0
0.00585123 0.00141931 0
0.00585123 0.00141931 0
0.00585123 0.00141931 0
0.00585123 0.00141931 0
0.00585123 0.00141931 0
0.00585123 0.00141931 0
0.00585123 0.00141931 0
0.00585123 0.00141931 0
0.00585123 0.00141931 0
0.00585123 0.00141931 0
0.00585123 0.00141931 0
0.00585123 0.00141931 0
0.00585123 0.00141931 0
0.00585123 0.00141931 0
0.00585123 0.00141931 0
0.00585123 0.00141931 0
0.00585123 0.00141931 0
0.00585123 0.00141931 0
0.00585123 0.00141931 0
0.00585123 0.00141931 0
0.00585123 0.00141931 0
0.00585123 0.00141931 0
0.00585123 0.00141931 0
0.00585123 0.00141931 0
0.00585123 0.00141931 0
0.00585123 0.00141931 0
0.00585123 0.00141931 0
0.00585123 0.00141931 0
0.00585123 0.00141931 0
0.00585123 0.00141931 0
0.00585123 0.00141931 0
0.00585123 0.00141931 0
0.00585123 0.00141931 0
0.00585123 0.00141931 0
0.00585123 0.00141931 0
0.00585123 0.00141931 0
0.00585123 0.00141931 0
0.00585123 0.00141931 0
0.00585123 0.00141931 0
0.00585123 0.00141931 0
0.00585123 0.00141931 0
0.00585123 0.00141931 0
0.00585123 0.00141931 0
0.00585123 0.00141931 0
0.00585123 0.00141931 0
0.00585123 0.00141931 0
0.00585123 0.00141931 0
0.00585123 0.00141931 0
0.00585123 0.00141931 0
0.00585123 0.00141931 0
0.00585123 0.00141931 0
0.00585123 0.00141931 0
0.00585123 0.00141931 0
0.00585123 0.00141931 0
0.00585123 0.00141931 0
0.00585123 0.00141931 0
0.00585123 0.00141931 0
0.00585123 0.00141931 0
0.00585123 0.00141931 0
0.00585123 0.00141931 0
0.00585123 0.00141931 0
0.00585123 0.00141931 0
0.00585123 0.00141931 0
0.00585123 0.00141931 0
0.00585123 0.00141931 0
0.00585123 0.00141931 0
0.00585123 0.00141931 0
0.00585123 0.00141931 0
0.00585123 0.00141931 0
0.00585123 0.00141931 0
0.00585123 0.00141931 0
0.00585123 0.00141931 0
0.00585123 0.00141931 0
0.00585123 0.00141931 0
0.00585123 0.00141931 0
0.00585123 0.00141931 0
0.00585123 0.00141931 0
0.00585123 0.00141931 0
0.00585123 0.00141931 0
0.00585123 0.00141931 0
0.00585123 0.00141931 0
0.00585123 0.00141931 0
0.00585123 0.00141931 0
0.00585123 0.00141931 0
0.00585123 0.00141931 0
0.00585123 0.00141931 0
0.00585123 0.00141931 0
0.00585123 0.00141931 0
0.00585123 0.00141931 0
0.00585123 0.00141931 0
0.00585123 0.00141931 0
0.00585123 0.00141931 0
0.00585123 0.00141931 0
0.00585123 0.00141931 0
0.00585123 0.00141931 0
0.00585123 0.00141931 0
0.00585123 0.00141931 0
0.00585123 0.00141931 0
0.00585123 0.00141931 0
0.00585123 0.00141931 0
0.00585123 0.00141931 0
0.00585123 0.00141931 0
0.00585123 0.00141931 0
0.00585123 0.00141931 0
0.00585123 0.00141931 0
0.00585123 0.00141931 0
0.00585123 0.00141931 0
0.00585123 0.00141931 0
0.00585123 0.00141931 0
0.00585123 0.00141931 0
0.00585123 0.00141931 0
0.00585123 0.00141931 0
0.00585123 0.00141931 0
0.00585123 0.00141931 0
0.00585123 0.00141931 0
0.00585123 0.00141931 0
0.00585123 0.00141931 0
0.00585123 0.00141931 0
0.00585123 0.00141931 0
0.00585123 0.00141931 0
0.00585123 0.00141931 0
0.00585123 0.00141931 0
0.00585123 0.00141931 0
0.00585123 0.00141931 0
0.00585123 0.00141931 0
0.00585123 0.00141931 0
0.00585123 0.00141931 0
0.00585123 0.00141931 0
0.00585123 0.00141931 0
0.00585123 0.00141931 0
0.00585123 0.00141931 0
0.00585123 0.00141931 0
0.00585123 0.00141931 0
0.00585123 0.00141931 0
0.00585123 0.00141931 0
0.00585123 0.00141931 0
0.00585123 0.00141931 0
0.00585123 0.00141931 0
0.00585123 0.00141931 0
0.00585123 0.00141931 0
0.00585123 0.00141931 0
0.00585123 0.00141931 0
0.00585123 0.00141931 0
0.00585123 0.00141931 0
0.00585123 0.00141931 0
0.00585123 0.00141931 0
0.00585123 0.00141931 0
0.00585123 0.00141931 0
0.00585123 0.00141931 0
0.00585123 0.00141931 0
0.00585123 0.00141931 0
0.00585123 0.00141931 0
0.00585123 0.00141931 0
0.00585123 0.00141931 0
0.00585123 0.00141931 0
0.00585123 0.00141931 0
0.00585123 0.00141931 0
0.00585123 0.00141931 0
0.00585123 0.00141931 0
0.00585123 0.00141931 0
0.00585123 0.00141931 0
0.00585123 0.00141931 0
0.00585123 0.00141931 0
0.00585123 0.00141931 0
0.00585123 0.00141931 0
0.00585123 0.00141931 0
0.00585123 0.00141931 0
0.00585123 0.00141931 0
0.00585123 0.00141931 0
0.00585123 0.00141931 0
0.00585123 0.00141931 0
0.00585123 0.00141931 0
0.00585123 0.00141931 0
0.00585123 0.00141931 0
0.00585123 0.00141931 0
0.00585123 0.00141931 0
0.00585123 0.00141931 0
0.00585123 0.00141931 0
0.00585123 0.00141931 0
0.00585123 0.00141931 0
0.00585123 0.00141931 0
0.00585123 0.00141931 0
0.00585123 0.00141931 0
0.00585123 0.00141931 0
0.00585123 0.00141931 0
0.00585123 0.00141931 0
0.00585123 0.00141931 0
0.00585123 0.00141931 0
0.00585123 0.00141931 0
0.00585123 0.00141931 0
0.00585123 0.00141931 0
0.00585123 0.00141931 0
0.00585123 0.00141931 0
0.00585123 0.00141931 0
0.00585123 0.00141931 0
0.00585123 0.00141931 0
0.00585123 0.00141931 0
0.00585123 0.00141931 0
0.00585123 0.00141931 0
0.00585123 0.00141931 0
0.00585123 0.00141931 0
0.00585123 0.00141931 0
0.00585123 0.00141931 0
0.00585123 0.00141931 0
0.00585123 0.00141931 0
0.00585123 0.00141931 0
0.00585123 0.00141931 0
0.00585123 0.00141931 0
0.00585123 0.00141931 0
0.00585123 0.00141931 0
0.00585123 0.00141931 0
0.00585123 0.00141931 0
0.00585123 0.00141931 0
0.00585123 0.00141931 0
0.00585123 0.00141931 0
0.00585123 0.00141931 0
0.00585123 0.00141931 0
0.00585123 0.00141931 0
0.00585123 0.00141931 0
0.00585123 0.00141931 0
0.00585123 0.00141931 0
0.00585123 0.00141931 0
0.00585123 0.00141931 0
0.00585123 0.00141931 0
0.00585123 0.00141931 0
0.00585123 0.00141931 0
0.00585123 0.00141931 0
0.00585123 0.00141931 0
0.00585123 0.00141931 0
0.00585123 0.00141931 0
0.00585123 0.00141931 0
0.00585123 0.00141931 0
0.00585123 0.00141931 0
0.00585123 0.00141931 0
0.00585123 0.00141931 0
0.00585123 0.00141931 0
0.00585123 0.00141931 0
0.00585123 0.00141931 0
0.00585123 0.00141931 0
0.00585123 0.00141931 0
0.00585123 0.00141931 0
0.00585123 0.00141931 0
0.00585123 0.00141931 0
0.00585123 0.00141931 0
0.00585123 0.00141931 0
0.00585123 0.00141931 0
0.00585123 0.00141931 0
0.00585123 0.00141931 0
0.00747696 0.00141931 0
0.0106877 0.00141931 0
0.0138236 0.00141931 0
0.0168785 0.00141931 0
0.0198592 0.00141931 0
0.0227436 0.00141931 0
0.0254784 0.00141931 0
0.0280324 0.00141931 0
0.0303631 0.00366296 0
0.0324187 0.00566667 0
0.034187 0.00742595 0
0.0356484 0.0089392 0
0.0367885 0.0102089 0
0.0376293 0.0112311 0
0.0381967 0.0120036 0
0.038536 0.0125218 0
0.0386988 0.0127819 0
0.0387317 0.0127907 0
0.0387019 0.012589 0
0.0386621 0.0121947 0
0.0386491 0.0115979 0
0.0386739 0.0107907 0
0.0386528 0.0099618 0
0.0382645 0.00910263 0
0.0376711 0.00823421 0
0.0370362 0.00733365 0
0.0364788 0.00642421 0
0.0359361 0.00551793 0
0.0353901 0.00460729 0
0.0347596 0.00417309 0
0.0340934 0.00417309 0
0.0333691 0.00417309 0
0.0325945 0.00417309 0
0.0318287 0.00417309 0
0.0311101 0.00417309 0
0.0304213 0.00417309 0
0.0297081 0.00417309 0
0.0289632 0.00417309 0
0.0281834 0.00417309 0
0.0273448 0.00417309 0
0.0264604 0.00417309 0
0.0255522 0.00417309 0
0.0246152 0.00417309 0
0.0235717 0.00417309 0
0.0223722 0.00417309 0
0.0210056 0.00417309 0
0.0194285 0.00417309 0
0.0176015 0.00417309 0
0.0155154 0.00417309 0
0.0143873 0.00417309 0
0.0143873 0.00417309 0
0.0143873 0.00417309 0
0.0143873 0.00417309 0
0.0143873 0.00417309 0
0.0143873 0.00417309 0
0.0143873 0.00417309 0
0.0143873 0.00417309 0
0.0143873 0.00417309 0
0.0143873 0.00417309 0
0.0143873 0.00417309 0
0.0143873 0.00417309 0
0.0143873 0.00417309 0
0.0143873 0.00417309 0
0.0143873 0.00417309 0
0.0143873 0.00417309 0
0.0143873 0.00417309 0
0.0143873 0.00417309 0
0.0143873 0.00417309 0
0.0143873 0.00417309 0
0.0143873 0.00417309 0
0.0143873 0.00417309 0
0.0143873 0.00417309 0
0.0143873 0.00417309 0
0.0143873 0.00417309 0
0.0143873 0.00417309 0
0.0143873 0.00417309 0
0.0143873 0.00417309 0
0.0143873 0.00417309 0
0.0143873 0.00417309 0
0.0143873 0.00417309 0
0.0143873 0.00417309 0
0.0143873 0.00417309 0
0.0143873 0.00417309 0
0.0143873 0.00417309 0
0.0143873 0.00417309 0
0.0143873 0.00417309 0
0.0143873 0.00417309 0
0.0143873 0.00417309 0
0.0143873 0.00417309 0
0.0143873 0.00417309 0
0.0143873 0.00417309 0
0.0143873 0.00417309 0
0.0143873 0.00417309 0
0.0143873 0.00417309 0
0.0143873 0.00417309 0
0.0143873 0.00417309 0
0.0143873 0.00417309 0
0.0143873 0.00417309 0
0.0143873 0.00417309 0
0.0131044 0.00417309 0
0.0124713 0.00417309 0
0.0124713 0.00417309 0
0.0124713 0.00417309 0
0.0124713 0.00417309 0
0.0124713 0.00417309 0
0.0124713 0.00417309 0
0.0124713 0.00417309 0
0.0124713 0.00417309 0
0.0124713 0.00417309 0
0.0124713 0.00417309 0
0.0124713 0.00417309 0
0.0124713 0.00417309 0
0.0124713 0.00417309 0
0.0124713 0.00417309 0
0.0124377 0.00417309 0
0.0124377 0.00417309 0
0.0124377 0.00417309 0
0.0124377 0.00417309 0
0.0124377 0.00417309 0
0.0124377 0.00417309 0
0.0124377 0.00417309 0
0.0124377 0.00417309 0
0.0124377 0.00417309 0
0.0124377 0.00417309 0
0.0124377 0.00417309 0
0.0124377 0.00417309 0
0.0124377 0.00417309 0
0.0124377 0.00417309 0
0.0124377 0.00417309 0
0.0124377 0.00417309 0
0.0124377 0.00417309 0
0.0124377 0.00417309 0
0.0124377 0.00417309 0
0.0124377 0.00417309 0
0.0124377 0.00417309 0
0.0124377 0.00417309 0
0.0124377 0.00417309 0
0.0124353 0.00417309 0
0.0124353 0.00417309 0
0.0124353 0.00417309 0
0.0124353 0.00417309 0
0.0124327 0.00417309 0
0.0124327 0.00417309 0
0.0124327 0.00417309 0
0.0124327 0.00417309 0
0.0124327 0.00417309 0
0.0124327 0.00417309 0
0.0124327 0.00417309 0
0.0124327 0.00417309 0
0.0124327 0.00417309 0
0.0124327 0.00417309 0
0.0124327 0.00417309 0
0.0124327 0.00417309 0
0.0124327 0.00417309 0
0.0124327 0.00417309 0
0.0124327 0.00417309 0
0.0124327 0.00417309 0
0.0124327 0.00417309 0
0.0124327 0.00417309 0
0.0124327 0.00417309 0
0.0124327 0.00417309 0
0.0124327 0.00417309 0
0.0124327 0.00417309 0
0.0124327 0.00417309 0
0.0124327 0.00417309 0
0.0124327 0.00417309 0
0.0124327 0.00417309 0
0.0124327 0.00417309 0
0.0124327 0.00417309 0
0.0124327 0.00417309 0
0.0124327 0.00417309 0
0.0124327 0.00417309 0
0.0124327 0.00417309 0
0.0124327 0.00417309 0
0.0124327 0.00417309 0
0.0124327 0.00417309 0
0.0124327 0.00417309 0
0.0124327 0.00417309 0
0.0124327 0.00417309 0
0.0124327 0.00417309 0
0.0124327 0.00417309 0
0.0124327 0.00417309 0
0.0124327 0.00417309 0
0.0124327 0.00417309 0
0.0124327 0.00417309 0
0.0124327 0.00417309 0
0.0124327 0.00417309 0
0.0124327 0.00417309 0
0.0124327 0.00417309 0
0.0124327 0.00417309 0
0.0124327 0.00417309 0
0.0124327 0.00417309 0
0.0124327 0.00417309 0
0.0124327 0.00417309 0
0.0124327 0.00417309 0
0.0124327 0.00417309 0
0.0124327 0.00417309 0
0.0124327 0.00417309 0
0.0124327 0.00417309 0
0.0124327 0.00417309 0
0.0124327 0.00417309 0
0.0124327 0.00417309 0
0.0124327 0.00417309 0
0.0124327 0.00417309 0
0.0124327 0.00417309 0
0.0124327 0.00417309 0
0.0124327 0.00417309 0
0.0124327 0.00417309 0
0.0124327 0.00417309 0
0.0124327 0.00417309 0
0.0124327 0.00417309 0
0.0124327 0.00417309 0
0.0124327 0.00417309 0
0.0124327 0.00417309 0
0.0124327 0.00417309 0
0.0124327 0.00417309 0
0.0124327 0.00417309 0
0.0124327 0.00417309 0
0.0124327 0.00417309 0
0.0124327 0.00417309 0
0.0124327 0.00417309 0
0.0124327 0.00417309 0
0.0124327 0.00417309 0
0.0124327 0.00417309 0
0.0124327 0.00417309 0
0.0124327 0.00417309 0
0.0124327 0.00417309 0
0.0124327 0.00417309 0
0.0124327 0.00417309 0
0.0124327 0.00417309 0
0.0124327 0.00417309 0
0.0124327 0.00417309 0
0.0124327 0.00417309 0
0.0124327 0.00417309 0
0.0124327 0.00417309 0
0.0124327 0.00417309 0
0.0124327 0.00417309 0
0.0124327 0.00417309 0
0.0124327 0.00417309 0
0.0124327 0.00417309 0
0.0124327 0.00417309 0
0.0124327 0.00417309 0
0.0124327 0.00417309 0
0.0124327 0.00417309 0
0.0124327 0.00417309 0
0.0124327 0.00417309 0
0.0124327 0.00417309 0
0.0124327 0.00417309 0
0.0124327 0.00417309 0
0.0124327 0.00417309 0
0.0124327 0.00417309 0
0.0124327 0.00417309 0
0.0124327 0.00417309 0
0.0124327 0.00417309 0
0.0124327 0.00417309 0
0.0124327 0.00417309 0
0.0124327 0.00417309 0
0.0124327 0.00417309 0
0.0124327 0.00417309 0
0.0124327 0.00417309 0
0.0124327 0.00417309 0
0.0124327 0.00417309 0
0.0124327 0.00417309 0
0.0124327 0.00417309 0
0.0124327 0.00417309 0
0.0124327 0.00417309 0
0.0124327 0.00417309 0
0.0124327 0.00417309 0
0.0124327 0.00417309 0
0.0124327 0.00417309 0
0.0124327 0.00417309 0
0.0124327 0.00417309 0
0.0124327 0.00417309 0
0.0124327 0.00417309 0
0.0124327 0.00417309 0
0.0124327 0.00417309 0
0.0124327 0.00417309 0
0.0124327 0.00417309 0
0.0124327 0.00417309 0
0.0124327 0.00417309 0
0.0124327 0.00417309 0
0.0124327 0.00417309 0
0.0124327 0.00417309 0
0.0124327 0.00417309 0
0.0124327 0.00417309 0
0.0124327 0.00417309 0
0.0124327 0.00417309 0
0.0124327 0.00417309 0
0.0124327 0.00417309 0
0.0124327 0.00417309 0
0.0124327 0.00417309 0
0.0124327 0.00417309 0
0.0124327 0.00417309 0
0.0124327 0.00417309 0
0.0124327 0.00417309 0
0.0124327 0.00417309 0
0.0124327 0.00417309 0
0.0124327 0.00417309 0
0.0124327 0.00417309 0
0.0124327 0.00417309 0
0.0124327 0.00417309 0
0.0124327 0.00417309 0
0.0124327 0.00417309 0
0.0124327 0.00417309 0
0.0124327 0.00417309 0
0.0124327 0.00417309 0
0.0124327 0.00417309 0
0.0124327 0.00417309 0
0.0124327 0.00417309 0
0.0124327 0.00417309 0
0.0124327 0.00417309 0
0.0124327 0.00417309 0
0.0124327 0.00417309 0
0.0124327 0.00417309 0
0.0124327 0.00417309 0
0.0124327 0.00417309 0
0.0124327 0.00417309 0
0.0124327 0.00417309 0
0.0124327 0.00417309 0
0.0124327 0.00417309 0
0.0124327 0.00417309 0
0.0124327 0.00417309 0
0.0124327 0.00417309 0
0.0124327 0.00417309 0
0.0124327 0.00417309 0
0.0124327 0.00417309 0
0.0124327 0.00417309 0
0.0124327 0.00417309 0
0.0124327 0.00417309 0
0.0124327 0.00417309 0
0.0124327 0.00417309 0
0.0124327 0.00417309 0
0.0124327 0.00417309 0
0.0124327 0.00417309 0
0.0124327 0.00417309 0
0.0124327 0.00417309 0
0.0124327 0.00417309 0
0.0124327 0.00417309 0
0.0124327 0.00417309 0
0.0124327 0.00417309 0
0.0124327 0.00417309 0
0.0124327 0.00417309 0
0.0124327 0.00417309 0
0.0124327 0.00417309 0
0.0124327 0.00417309 0
0.0124327 0.00417309 0
0.0124327 0.00417309 0
0.0124327 0.00417309 0
0.0124327 0.00417309 0
0.0124327 0.00417309 0
0.0124327 0.00417309 0
0.0124327 0.00417309 0
0.0124327 0.00417309 0
0.0124327 0.00417309 0
0.0124327 0.00417309 0
0.0124327 0.00417309 0
0.0124327 0.00417309 0
0.0124327 0.00417309 0
0.0124327 0.00417309 0
0.0124327 0.00417309 0
0.0124327 0.00417309 0
0.0124327 0.00417309 0
0.0124327 0.00417309 0
0.0124327 0.00417309 0
0.0124327 0.00417309 0
0.0124327 0.00417309 0
0.0124327 0.00417309 0
0.0124327 0.00417309 0
0.0124327 0.00417309 0
0.0124327 0.00417309 0
0.0124327 0.00417309 0
0.0124327 0.00417309 0
0.0136842 0.00417309 0
0.0161351 0.00417309 0
0.0185481 0.00417309 0
0.0209607 0.00417309 0
0.0234198 0.00417309 0
0.0259534 0.00417309 0
0.0285732 0.00417309 0
0.0312832 0.00417309 0
0.0340775 0.00417309 0
0.0369509 0.00417309 0
0.0379477 0.00417309 0
0.0390691 0.00417309 0
0.0401283 0.00417309 0
0.041142 0.00417309 0
0.0423239 0.00417309 0
0.0435312 0.00662275 0
0.0447184 0.00908052 0
0.0458952 0.0114847 0
0.0470852 0.0138155 0
0.0482699 0.0160544 0
0.0494081 0.0181874 0
0.0504929 0.0201489 0
0.0515306 0.0219303 0
0.0524886 0.0236292 0
0.0533397 0.0251076 0
0.0540985 0.0263516 0
0.054727 0.0274247 0
0.0553306 0.0281968 0
0.0556186 0.028703 0
0.0557381 0.0290355 0
0.0559059 0.0291914 0
0.0559851 0.0291508 0
0.0558678 0.0289066 0
0.0555931 0.0284783 0
0.0552784 0.0278837 0
0.0548993 0.0271133 0
0.0544002 0.0261765 0
0.0538133 0.0250892 0
0.053186 0.0238719 0
0.0525122 0.0225404 0
0.0517815 0.0211076 0
0.0510169 0.0195904 0
0.0502437 0.0180082 0
0.0494668 0.0163806 0
0.0486901 0.0147263 0
0.0479289 0.0130633 0
0.0471979 0.0114088 0
0.0465035 0.00977885 0
0.0457699 0.00977885 0
0.0449705 0.00977885 0
0.0441037 0.00977885 0
0.0431938 0.00977885 0
0.0422719 0.00977885 0
0.0413361 0.00977885 0
0.0403801 0.00977885 0
0.0393664 0.00977885 0
0.0382621 0.00977885 0
0.0370461 0.00977885 0
0.0356834 0.00977885 0
0.034152 0.00977885 0
0.0324655 0.00977885 0
0.030636 0.00977885 0
0.0286906 0.00977885 0
0.0266445 0.00977885 0
0.0244959 0.00977885 0
0.0222509 0.00977885 0
0.0222509 0.00977885 0
0.0222509 0.00977885 0
0.0222509 0.00977885 0
0.0222509 0.00977885 0
0.0222509 0.00977885 0
0.0222509 0.00977885 0
0.0222509 0.00977885 0
0.0222509 0.00977885 0
0.0222509 0.00977885 0
0.0222509 0.00977885 0
0.0222509 0.00977885 0
0.0222509 0.00977885 0
0.0222509 0.00977885 0
0.0222509 0.00977885 0
0.0222509 0.00977885 0
0.0222509 0.00977885 0
0.0222509 0.00977885 0
0.0222509 0.00977885 0
0.0222509 0.00977885 0
0.0222509 0.00977885 0
0.0222509 0.00977885 0
0.0222509 0.00977885 0
0.0222509 0.00977885 0
0.0222509 0.00977885 0
0.0222509 0.00977885 0
0.0222509 0.00977885 0
0.0222509 0.00977885 0
0.0222509 0.00977885 0
0.0222509 0.00977885 0
0.0222509 0.00977885 0
0.0222509 0.00977885 0
0.0222509 0.00977885 0
0.0222509 0.00977885 0
0.0222509 0.00977885 0
0.0222509 0.00977885 0
0.0222509 0.00977885 0
0.0222509 0.00977885 0
0.0222509 0.00977885 0
0.0222509 0.00977885 0
0.021457 0.00977885 0
0.021457 0.00977885 0
0.021457 0.00977885 0
0.021457 0.00977885 0
0.021457 0.00977885 0
0.021457 0.00977885 0
0.021457 0.00977885 0
0.021457 0.00977885 0
0.021457 0.00977885 0
0.021457 0.00977885 0
0.021457 0.00977885 0
0.021457 0.00977885 0
0.021457 0.00977885 0
0.021457 0.00977885 0
0.021457 0.00977885 0
0.021457 0.00977885 0
0.021457 0.00977885 0
0.021457 0.00977885 0
0.021457 0.00977885 0
0.021457 0.00977885 0
0.021457 0.00977885 0
0.021457 0.00873443 0
0.021457 0.00873443 0
0.021457 0.00873443 0
0.021457 0.00873443 0
0.021457 0.00873443 0
0.021457 0.00873443 0
0.021457 0.00873443 0
0.0213115 0.00873443 0
0.0211605 0.00873443 0
0.0211605 0.00872088 0
0.0211605 0.00872088 0
0.0211605 0.00872088 0
0.0211605 0.00872088 0
0.0211605 0.00872088 0
0.0211605 0.00872088 0
0.0211605 0.00872088 0
0.0211605 0.00872088 0
0.0211605 0.00872088 0
0.0211605 0.00872088 0
0.0211605 0.00872088 0
0.0211605 0.00872088 0
0.0211605 0.00872088 0
0.0211605 0.00872088 0
0.0211605 0.00872088 0
0.0211605 0.00872088 0
0.0211605 0.00872088 0
0.0211605 0.00872088 0
0.0211529 0.00872088 0
0.0211529 0.00872088 0
0.0211529 0.00872088 0
0.0211529 0.00872088 0
0.0211529 0.00872088 0
0.0211529 0.00871624 0
0.0211529 0.00870121 0
0.0211529 0.00870121 0
0.0211529 0.00870121 0
0.0211529 0.00870121 0
0.0211529 0.00870121 0
0.0211529 0.00870121 0
0.0211529 0.00870121 0
0.0211529 0.00870121 0
0.0211529 0.00870121 0
0.0211529 0.00869972 0
0.0211529 0.00869972 0
0.0211529 0.00869972 0
0.0211529 0.00869972 0
0.0211529 0.00869972 0
0.0211529 0.00869972 0
0.0211529 0.00869972 0
0.0211529 0.00869972 0
0.0211529 0.00869972 0
0.0211529 0.00869972 0
0.0211529 0.00869972 0
0.0211529 0.00869972 0
0.0211529 0.00869972 0
0.0211529 0.00869972 0
0.0211529 0.00869972 0
0.0211529 0.00869972 0
0.0211529 0.00869972 0
0.0211529 0.00869972 0
0.0211529 0.00869972 0
0.0211529 0.00869972 0
0.0211529 0.00869972 0
0.0211529 0.00869972 0
0.0211529 0.00869972 0
0.0211529 0.00869972 0
0.0211529 0.00869972 0
0.0211529 0.00869972 0
0.0211529 0.00869972 0
0.0211529 0.00869972 0
0.0211529 0.00869972 0
0.0211529 0.00869972 0
0.0211529 0.00869972 0
0.0211529 0.00869972 0
0.0211529 0.00869972 0
0.0211529 0.00869972 0
0.0211529 0.00869972 0
0.0211529 0.00869972 0
0.0211529 0.00869972 0
0.0211529 0.00869972 0
0.0211529 0.00869972 0
0.0211529 0.00869972 0
0.0211529 0.00869972 0
0.0211529 0.00869972 0
0.0211529 0.00869972 0
0.0211529 0.00869972 0
0.0211529 0.00869972 0
0.0211529 0.00869972 0
0.0211529 0.00869972 0
0.0211529 0.00869972 0
0.0211529 0.00869972 0
0.0211529 0.00869972 0
0.0211529 0.00869972 0
0.0211529 0.00869972 0
0.0211529 0.00869972 0
0.0211529 0.00869972 0
0.0211529 0.00869972 0
0.0211529 0.00869972 0
0.0211529 0.00869972 0
0.0211529 0.00869972 0
0.0211529 0.00869972 0
0.0211529 0.00869972 0
0.0211529 0.00869972 0
0.0211529 0.00869972 0
0.0211529 0.00869972 0
0.0211529 0.00869972 0
0.0211529 0.00869972 0
0.0211529 0.00869972 0
0.0211529 0.00869972 0
0.0211529 0.00869972 0
0.0211529 0.00869972 0
0.0211529 0.00869972 0
0.0211529 0.00869972 0
0.0211529 0.00869972 0
0.0211529 0.00869972 0
0.0211529 0.00869972 0
0.0211529 0.00869972 0
0.0211529 0.00869972 0
0.0211529 0.00869972 0
0.0211529 0.00869972 0
0.0211529 0.00869972 0
0.0211529 0.00869972 0
0.0211529 0.00869972 0
0.0211529 0.00869972 0
0.0211529 0.00869972 0
0.0211529 0.00869972 0
0.0211529 0.00869972 0
0.0211529 0.00869972 0
0.0211529 0.00869972 0
0.0211529 0.00869972 0
0.0211529 0.00869972 0
0.0211529 0.00869972 0
0.0211529 0.00869972 0
0.0211529 0.00869972 0
0.0211529 0.00869972 0
0.0211529 0.00869972 0
0.0211529 0.00869972 0
0.0211529 0.00869972 0
0.0211529 0.00869972 0
0.0211529 0.00869972 0
0.0211529 0.00869972 0
0.0211529 0.00869972 0
0.0211529 0.00869972 0
0.0211529 0.00869972 0
0.0211529 0.00869972 0
0.0211529 0.00869972 0
0.0211529 0.00869972 0
0.0211529 0.00869972 0
0.0211529 0.00869972 0
0.0211529 0.00869972 0
0.0211529 0.00869972 0
0.0211529 0.00869972 0
0.0211529 0.00869972 0
0.0211529 0.00869972 0
0.0211529 0.00869972 0
0.0211529 0.00869972 0
0.0211529 0.00869972 0
0.0211529 0.00869972 0
0.0211529 0.00869972 0
0.0211529 0.00869972 0
0.0211529 0.00869972 0
0.0211529 0.00869972 0
0.0211529 0.00869972 0
0.0211529 0.00869972 0
0.0211529 0.00869972 0
0.0211529 0.00869972 0
0.0211529 0.00869972 0
0.0211529 0.00869972 0
0.0211529 0.00869972 0
0.0211529 0.00869972 0
0.0211529 0.00869972 0
0.0211529 0.00869972 0
0.0211529 0.00869972 0
0.0211529 0.00869972 0
0.0211529 0.00869972 0
0.0211529 0.00869972 0
0.0211529 0.00869972 0
0.0211529 0.00869972 0
0.0211529 0.00869972 0
0.0211529 0.00869972 0
0.0211529 0.00869972 0
0.0211529 0.00869972 0
0.0211529 0.00869972 0
0.0211529 0.00869972 0
0.0211529 0.00869972 0
0.0211529 0.00869972 0
0.0211529 0.00869972 0
0.0211529 0.00869972 0
0.0211529 0.00869972 0
0.0211529 0.00869972 0
0.0211529 0.00869972 0
0.0211529 0.00869972 0
0.0211529 0.00869972 0
0.0211529 0.00869972 0
0.0211529 0.00869972 0
0.0211529 0.00869972 0
0.0211529 0.00869972 0
0.0211529 0.00869972 0
0.0211529 0.00869972 0
0.0211529 0.00869972 0
0.0211529 0.00869972 0
0.0211529 0.00869972 0
0.0211529 0.00869972 0
0.0211529 0.00869972 0
0.0211529 0.00869972 0
0.0211529 0.00869972 0
0.0211529 0.00869972 0
0.0211529 0.00869972 0
0.0211529 0.00869972 0
0.0211529 0.00869972 0
0.0211529 0.00869972 0
0.0211529 0.00869972 0
0.0211529 0.00869972 0
0.0211529 0.00869972 0
0.0211529 0.00869972 0
0.0211529 0.00869972 0
0.0211529 0.00869972 0
0.0211529 0.00869972 0
0.0211529 0.00869972 0
0.0211529 0.00869972 0
0.0211529 0.00869972 0
0.0211529 0.00869972 0
0.0211529 0.00869972 0
0.0211529 0.00869972 0
0.0211529 0.00869972 0
0.0211529 0.00869972 0
0.0211529 0.00869972 0
0.0211529 0.00869972 0
0.0211529 0.00869972 0
0.0211529 0.00869972 0
0.0211529 0.00869972 0
0.0211529 0.00869972 0
0.0211529 0.00869972 0
0.0211529 0.00869972 0
0.0211529 0.00869972 0
0.0211529 0.00869972 0
0.0211529 0.00869972 0
0.0211529 0.00869972 0
0.0211529 0.00869972 0
0.0211529 0.00869972 0
0.0211529 0.00869972 0
0.0211529 0.00869972 0
0.0211529 0.00869972 0
0.0211529 0.00869972 0
0.0211529 0.00869972 0
0.0211529 0.00869972 0
0.0211529 0.00869972 0
0.0211529 0.00869972 0
0.0211529 0.00869972 0
0.0211529 0.00869972 0
0.0211529 0.00869972 0
0.0211529 0.00869972 0
0.0211529 0.00869972 0
0.0211529 0.00869972 0
0.0211529 0.00869972 0
0.0211529 0.00869972 0
0.0211529 0.00869972 0
0.0211529 0.00869972 0
0.0211529 0.00869972 0
0.0211529 0.00869972 0
0.0211529 0.00869972 0
0.0211529 0.00869972 0
0.0211529 0.00869972 0
0.0211529 0.00869972 0
0.0211529 0.00869972 0
0.0211529 0.00869972 0
0.0211529 0.00869972 0
0.0211529 0.00869972 0
0.0211529 0.00869972 0
0.0211529 0.00869972 0
0.0211529 0.00869972 0
0.0211529 0.00869972 0
0.0211529 0.00869972 0
0.0211529 0.00869972 0
0.0211529 0.00869972 0
0.0211529 0.00869972 0
0.0211529 0.00869972 0
0.0211529 0.00869972 0
0.0211529 0.00869972 0
0.0211529 0.00869972 0
0.0211529 0.00869972 0
0.0211529 0.00869972 0
0.0211529 0.00869972 0
0.0211529 0.00869972 0
0.0211529 0.00869972 0
0.0211529 0.00869972 0
0.0211529 0.00869972 0
0.0211529 0.00869972 0
0.0211529 0.00869972 0
0.0211529 0.00869972 0
0.0211529 0.00869972 0
0.0211529 0.00869972 0
0.0211529 0.00869972 0
0.0211529 0.00869972 0
0.0211529 0.00869972 0
0.0211529 0.00869972 0
0.0211529 0.00869972 0
0.0211529 0.00869972 0
0.0211529 0.00869972 0
0.0211529 0.00869972 0
0.0211529 0.00869972 0
0.0211529 0.00869972 0
0.0211529 0.00869972 0
0.0211529 0.00869972 0
0.0211529 0.00869972 0
0.0211529 0.00869972 0
0.0211529 0.00869972 0
0.0211529 0.00869972 0
0.0211529 0.00869972 0
0.0211529 0.00869972 0
0.0211529 0.00869972 0
0.0211529 0.00869972 0
0.0211529 0.00869972 0
0.0211529 0.00869972 0
0.0211529 0.00869972 0
0.0211529 0.00869972 0
0.0211529 0.00869972 0
0.0211529 0.00869972 0
0.0211529 0.00869972 0
0.0211529 0.00869972 0
0.0211529 0.00869972 0
0.0211529 0.00869972 0
0.0211529 0.00869972 0
0.0211529 0.00869972 0
0.0211529 0.00869972 0
0.0211529 0.00869972 0
0.0211529 0.00869972 0
0.0211529 0.00869972 0
0.0211529 0.00869972 0
0.0211529 0.00869972 0
0.0211529 0.00869972 0
0.0211529 0.00869972 0
0.0211529 0.00869972 0
0.0211529 0.00869972 0
0.0211529 0.00869972 0
0.0211529 0.00869972 0
0.0211529 0.00869972 0
0.0211529 0.00869972 0
0.0211529 0.00869972 0
0.0211529 0.00869972 0
0.0211529 0.00869972 0
0.0211529 0.00869972 0
0.0211529 0.00869972 0
0.0211529 0.00869972 0
0.0211529 0.00869972 0
0.0211529 0.00869972 0
0.0211529 0.00869972 0
0.0211529 0.00869972 0
0.0211529 0.00869972 0
0.0211529 0.00869972 0
0.0211529 0.00869972 0
0.0211529 0.00869972 0
0.0211529 0.00869972 0
0.0211529 0.00869972 0
0.0211529 0.00869972 0
0.0211529 0.00869972 0
0.0211529 0.00869972 0
0.0211529 0.00869972 0
0.0211529 0.00869972 0
0.0211529 0.00869972 0
0.0211529 0.00869972 0
0.0211529 0.00869972 0
0.0211529 0.00869972 0
0.0211529 0.00869972 0
0.0211529 0.00869972 0
0.0211529 0.00869972 0
0.0211529 0.00869972 0
0.0211529 0.00869972 0
0.0211529 0.00869972 0
0.0211529 0.00869972 0
0.0211529 0.00869972 0
0.0211529 0.00869972 0
0.0211529 0.00869972 0
0.0211529 0.00869972 0
0.0211529 0.00869972 0
0.0211529 0.00869972 0
0.0211529 0.00869972 0
0.0211529 0.00869972 0
0.0211529 0.00869972 0
0.0211529 0.00869972 0
0.0211529 0.00869972 0
0.0211529 0.00869972 0
0.0211529 0.00869972 0
0.0211529 0.00869972 0
0.0211529 0.00869972 0
0.0211529 0.00869972 0
0.0211529 0.00869972 0
0.0211529 0.00869972 0
0.0211529 0.00869972 0
0.0211529 0.00869972 0
0.0211529 0.00869972 0
0.0211529 0.00869972 0
0.0211529 0.00869972 0
0.0211529 0.00869972 0
0.0211529 0.00869972 0
0.0211529 0.00869972 0
0.0211529 0.00869972 0
0.0211529 0.00869972 0
0.0211529 0.00869972 0
0.0211529 0.00869972 0
0.0211529 0.00869972 0
0.0211529 0.00869972 0
0.0211529 0.00869972 0
0.0211529 0.00869972 0
0.0211529 0.00869972 0
0.0211529 0.00869972 0
0.0211529 0.00869972 0
0.0211529 0.00869972 0
0.0211529 0.00869972 0
0.0211529 0.00869972 0
0.0211529 0.00869972 0
0.0211529 0.00869972 0
0.0211529 0.00869972 0
0.0211529 0.00869972 0
0.0211529 0.00869972 0
0.0211529 0.00869972 0
0.0211529 0.00869972 0
0.0211529 0.00869972 0
0.0211529 0.00869972 0
0.0211529 0.00869972 0
0.0211529 0.00869972 0
0.0211529 0.00869972 0
0.0211529 0.00869972 0
0.0211529 0.00869972 0
0.0211529 0.00869972 0
0.0211529 0.00869972 0
0.0211529 0.00869972 0
0.0211529 0.00869972 0
0.0211529 0.00869972 0
0.0211529 0.00869972 0
0.0211529 0.00869972 0
0.0211529 0.00869972 0
0.0211529 0.00869972 0
0.0211529 0.00869972 0
0.0211529 0.00869972 0
0.0211529 0.00869972 0
0.0211529 0.00869972 0
0.0211529 0.00869972 0
0.0211529 0.00869972 0
0.0211529 0.00869972 0
0.0211529 0.00869972 0
0.0211529 0.00869972 0
0.0211529 0.00869972 0
0.0211529 0.00869972 0
0.0211529 0.00869972 0
0.0211529 0.00869972 0
0.0211529 0.00869972 0
0.0211529 0.00869972 0
0.0211529 0.00869972 0
0.0211529 0.00869972 0
0.0211529 0.00869972 0
0.0211529 0.00869972 0
0.0211529 0.00869972 0
0.0211529 0.00869972 0
0.0211529 0.00869972 0
0.0211529 0.00869972 0
0.0211529 0.00869972 0
0.0211529 0.00869972 0
0.0211529 0.00869972 0
0.0211529 0.00869972 0
0.0211529 0.00869972 0
0.0211529 0.00869972 0
0.0211529 0.00869972 0
0.0211529 0.00869972 0
0.0211529 0.00869972 0
0.0211529 0.00869972 0
0.0211529 0.00869972 0
0.0211529 0.00869972 0
0.0211529 0.00869972 0
0.0211529 0.00869972 0
0.0211529 0.00869972 0
0.0211529 0.00869972 0
0.0211529 0.00869972 0
0.0211529 0.00869972 0
0.0211529 0.00869972 0
0.0211529 0.00869972 0
0.0211529 0.00869972 0
0.0211529 0.00869972 0
0.0211529 0.00869972 0
0.0211529 0.00869972 0
0.0211529 0.00869972 0
0.0211529 0.00869972 0
0.0211529 0.00869972 0
0.0211529 0.00869972 0
0.0211529 0.00869972 0
0.0211529 0.00869972 0
0.0211529 0.00869972 0
0.0211529 0.00869972 0
0.0211529 0.00869972 0
0.0211529 0.00869972 0
0.0211529 0.00869972 0
0.0211529 0.00869972 0
0.0211529 0.00869972 0
0.0211529 0.00869972 0
0.0211529 0.00869972 0
0.0211529 0.00869972 0
0.0211529 0.00869972 0
0.0211529 0.00869972 0
0.0211529 0.00869972 0
0.0211529 0.00869972 0
0.0211529 0.00869972 0
0.0211529 0.00869972 0
0.0211529 0.00869972 0
0.0211529 0.00869972 0
0.0211529 0.00869972 0
0.0211529 0.00869972 0
0.0211529 0.00869972 0
0.0211529 0.00869972 0
0.0211529 0.00869972 0
0.0211529 0.00869972 0
0.0211529 0.00869972 0
0.0211529 0.00869972 0
0.0211529 0.00869972 0
0.0211529 0.00869972 0
0.0211529 0.00869972 0
0.0211529 0.00869972 0
0.0211529 0.00869972 0
0.0211529 0.00869972 0
0.0211529 0.00869972 0
0.0211529 0.00869972 0
0.0211529 0.00869972 0
0.0211529 0.00869972 0
0.0211529 0.00869972 0
0.0211529 0.00869972 0
0.0211529 0.00869972 0
0.0211529 0.00869972 0
0.0211529 0.00869972 0
0.0211529 0.00869972 0
0.0211529 0.00869972 0
0.0211529 0.00869972 0
0.0211529 0.00869972 0
0.0211529 0.00869972 0
0.0211529 0.00869972 0
0.0211529 0.00869972 0
0.0211529 0.00869972 0
0.0211529 0.00869972 0
0.0211529 0.00869972 0
0.0211529 0.00869972 0
0.0211529 0.00869972 0
0.0211529 0.00869972 0
0.0211529 0.00869972 0
0.0211529 0.00869972 0
0.0211529 0.00869972 0
0.0211529 0.00869972 0
0.0211529 0.00869972 0
0.0211529 0.00869972 0
0.0211529 0.00869972 0
0.0211529 0.00869972 0
0.0211529 0.00869972 0
0.0211529 0.00869972 0
0.0211529 0.00869972 0
0.0211529 0.00869972 0
0.0211529 0.00869972 0
0.0211529 0.00869972 0
0.0211529 0.00869972 0
0.0211529 0.00869972 0
0.0211529 0.00869972 0
0.0211529 0.00869972 0
0.0211529 0.00869972 0
0.0211529 0.00869972 0
0.0211529 0.00869972 0
0.0211529 0.00869972 0
0.0211529 0.00869972 0
0.0211529 0.00869972 0
0.0211529 0.00869972 0
0.0211529 0.00869972 0
0.0211529 0.00869972 0
0.0211529 0.00869972 0
0.0211529 0.00869972 0
0.0211529 0.00869972 0
0.0211529 0.00869972 0
0.0211529 0.00869972 0
0.0211529 0.00869972 0
0.0211529 0.00869972 0
0.0211529 0.00869972 0
0.0211529 0.00869972 0
0.0211529 0.00869972 0
0.0211529 0.00869972 0
0.0211529 0.00869972 0
0.0211529 0.00869972 0
0.0211529 0.00869972 0
0.0211529 0.00869972 0
0.0211529 0.00869972 0
0.0211529 0.00869972 0
0.0211529 0.00869972 0
0.0211529 0.00869972 0
0.0211529 0.00869972 0
0.0211529 0.00869972 0
0.0211529 0.00869972 0
0.0211529 0.00869972 0
0.0211529 0.00869972 0
0.0211529 0.00869972 0
0.0211529 0.00869972 0
0.0211529 0.00869972 0
0.0211529 0.00869972 0
0.0211529 0.00869972 0
0.0211529 0.00869972 0
0.0211529 0.00869972 0
0.0211529 0.00869972 0
0.0211529 0.00869972 0
0.0211529 0.00869972 0
0.0211529 0.00869972 0
0.0211529 0.00869972 0
0.0211529 0.00869972 0
0.0211529 0.00869972 0
0.0211529 0.00869972 0
0.0211529 0.00869972 0
0.0211529 0.00869972 0
0.0211529 0.00869972 0
0.0211529 0.00869972 0
0.0211529 0.00869972 0
0.0211529 0.00869972 0
0.0211529 0.00869972 0
0.0211529 0.00869972 0
0.0211529 0.00869972 0
0.0211529 0.00869972 0
0.0211529 0.00869972 0
0.0211529 0.00869972 0
0.0211529 0.00869972 0
0.0211529 0.00869972 0
0.0211529 0.00869972 0
0.0211529 0.00869972 0
0.0211529 0.00869972 0
0.0211529 0.00869972 0
0.0211529 0.00869972 0
0.0211529 0.00869972 0
0.0211529 0.00869972 0
0.0211529 0.00869972 0
0.0211529 0.00869972 0
0.0211529 0.00869972 0
0.0211529 0.00869972 0
0.0211529 0.00869972 0
0.0211529 0.00869972 0
0.0211529 0.00869972 0
0.0211529 0.00869972 0
0.0211529 0.00869972 0
0.0211529 0.00869972 0
0.0211529 0.00869972 0
0.0211529 0.00869972 0
0.0211529 0.00869972 0
0.0211529 0.00869972 0
0.0211529 0.00869972 0
0.0211529 0.00869972 0
0.0211529 0.00869972 0
0.0211529 0.00869972 0
0.0211529 0.00869972 0
0.0211529 0.00869972 0
0.0211529 0.00869972 0
0.0211529 0.00869972 0
0.0211529 0.00869972 0
0.0211529 0.00869972 0
0.0211529 0.00869972 0
0.0211529 0.00869972 0
0.0211529 0.00869972 0
0.0211529 0.00869972 0
0.0211529 0.00869972 0
0.0211529 0.00869972 0
0.0211529 0.00869972 0
0.0211529 0.00869972 0
0.0211529 0.00869972 0
0.0211529 0.00869972 0
0.0211529 0.00869972 0
0.0211529 0.00869972 0
0.0211529 0.00869972 0
0.0211529 0.00869972 0
0.0211529 0.00869972 0
0.0211529 0.00869972 0
0.0211529 0.00869972 0
0.0211529 0.00869972 0
0.0211529 0.00869972 0
0.0211529 0.00869972 0
0.0211529 0.00869972 0
0.0211529 0.00869972 0
0.0211529 0.00869972 0
0.0211529 0.00869972 0
0.0211529 0.00869972 0
0.0211529 0.00869972 0
0.0211529 0.00869972 0
0.0211529 0.00869972 0
0.0211529 0.00869972 0
0.0211529 0.00869972 0
0.0211529 0.00869972 0
0.0211529 0.00869972 0
0.0211529 0.00869972 0
0.0211529 0.00869972 0
0.0211529 0.00869972 0
0.0211529 0.00869972 0
0.0211529 0.00869972 0
0.0211529 0.00869972 0
0.0211529 0.00869972 0
0.0211529 0.00869972 0
0.0211529 0.00869972 0
0.0211529 0.00869972 0
0.0211529 0.00869972 0
0.0211529 0.00869972 0
0.0211529 0.00869972 0
0.0211529 0.00869972 0
0.0211529 0.00869972 0
0.0211529 0.00869972 0
0.0211529 0.00869972 0
0.0211529 0.00869972 0
0.0211529 0.00869972 0
0.0211529 0.00869972 0
0.0211529 0.00869972 0
0.0211529 0.00869972 0
0.0211529 0.00869972 0
0.0211529 0.00869972 0
0.0211529 0.00869972 0
0.0211529 0.00869972 0
0.0211529 0.00869972 0
0.0211529 0.00869972 0
0.0211529 0.00869972 0
0.0211529 0.00869972 0
0.0211529 0.00869972 0
0.0211529 0.00869972 0
0.0211529 0.00869972 0
0.0211529 0.00869972 0
0.0211529 0.00869972 0
0.0211529 0.00869972 0
0.0211529 0.00869972 0
0.0211529 0.00869972 0
0.0211529 0.00869972 0
0.0211529 0.00869972 0
0.0211529 0.00869972 0
0.0211529 0.00869972 0
0.0211529 0.00869972 0
0.0211529 0.00869972 0
0.0211529 0.00869972 0
0.0211529 0.00869972 0
0.0211529 0.00869972 0
0.0211529 0.00869972 0
0.0211529 0.00869972 0
0.0211529 0.00869972 0
0.0211529 0.00869972 0
0.0211529 0.00869972 0
0.0211529 0.00869972 0
0.0211529 0.00869972 0
0.0211529 0.00869972 0
0.0211529 0.00869972 0
0.0211529 0.00869972 0
0.0211529 0.00869972 0
0.0211529 0.00869972 0
0.0211529 0.00869972 0
0.0211529 0.00869972 0
0.0211529 0.00869972 0
0.0211529 0.00869972 0
0.0211529 0.00869972 0
0.0211529 0.00869972 0
0.0211529 0.00869972 0
0.0211529 0.00869972 0
0.0211529 0.00869972 0
0.0211529 0.00869972 0
0.0211529 0.00869972 0
0.0211529 0.00869972 0
0.0211529 0.00869972 0
0.0211529 0.00869972 0
0.0211529 0.00869972 0
0.0211529 0.00869972 0
0.0211529 0.00869972 0
0.0211529 0.00869972 0
0.0211529 0.00869972 0
0.0211529 0.00869972 0
0.0211529 0.00869972 0
0.0211529 0.00869972 0
0.0211529 0.00869972 0
0.0211529 0.00869972 0
0.0211529 0.00869972 0
0.0211529 0.00869972 0
0.0211529 0.00869972 0
0.0211529 0.00869972 0
0.0211529 0.00869972 0
0.0211529 0.00869972 0
0.0211529 0.00869972 0
0.0211529 0.00869972 0
0.0211529 0.00869972 0
0.0211529 0.00869972 0
0.0211529 0.00869972 0
0.0211529 0.00869972 0
0.0211529 0.00869972 0
0.0211529 0.00869972 0
0.0211529 0.00869972 0
0.0211529 0.00869972 0
0.0211529 0.00869972 0
0.0211529 0.00869972 0
0.0211529 0.00869972 0
0.0211529 0.00869972 0
0.0211529 0.00869972 0
0.0211529 0.00869972 0
0.0211529 0.00869972 0
0.0211529 0.00869972 0
0.0211529 0.00869972 0
0.0211529 0.00869972 0
0.0211529 0.00869972 0
0.0211529 0.00869972 0
0.0211529 0.00869972 0
0.0211529 0.00869972 0
0.0211529 0.00869972 0
0.0211529 0.00869972 0
0.0211529 0.00869972 0
0.0211529 0.00869972 0
0.0211529 0.00869972 0
0.0211529 0.00869972 0
0.0211529 0.00869972 0
0.0211529 0.00869972 0
0.0211529 0.00869972 0
0.0211529 0.00869972 0
0.0211529 0.00869972 0
0.0211529 0.00869972 0
0.0211529 0.00869972 0
0.0211529 0.00869972 0
0.0211529 0.00869972 0
0.0211529 0.00869972 0
0.0211529 0.00869972 0
0.0211529 0.00869972 0
0.0211529 0.00869972 0
0.0211529 0.00869972 0
0.0211529 0.00869972 0
0.0211529 0.00869972 0
0.0211529 0.00869972 0
0.0211529 0.00869972 0
0.0211529 0.00869972 0
0.0211529 0.00869972 0
0.0211529 0.00869972 0
0.0211529 0.00869972 0
0.0211529 0.00869972 0
0.0211529 0.00869972 0
0.0211529 0.00869972 0
0.0211529 0.00869972 0
0.0211529 0.00869972 0
0.0211529 0.00869972 0
0.0211529 0.00869972 0
0.0211529 0.00869972 0
0.0211529 0.00869972 0
0.0211529 0.00869972 0
0.0211529 0.00869972 0
0.0211529 0.00869972 0
0.0211529 0.00869972 0
0.0211529 0.00869972 0
0.0211529 0.00869972 0
0.0211529 0.00869972 0
0.0211529 0.00869972 0
0.0211529 0.00869972 0
0.0211529 0.00869972 0
0.0211529 0.00869972 0
0.0211529 0.00869972 0
0.0211529 0.00869972 0
0.0211529 0.00869972 0
0.0211529 0.00869972 0
0.0211529 0.00869972 0
0.0211529 0.00869972 0
0.0211529 0.00869972 0
0.0211529 0.00869972 0
0.0211529 0.00869972 0
0.0211529 0.00869972 0
0.0211529 0.00869972 0
0.0211529 0.00869972 0
0.0211529 0.00869972 0
0.0211529 0.00869972 0
0.0211529 0.00869972 0
0.0211529 0.00869972 0
0.0211529 0.00869972 0
0.0211529 0.00869972 0
0.0211529 0.00869972 0
0.0211529 0.00869972 0
0.0211529 0.00869972 0
0.0211529 0.00869972 0
0.0211529 0.00869972 0
0.0211529 0.00869972 0
0.0211529 0.00869972 0
0.0211529 0.00869972 0
0.0211529 0.00869972 0
0.0211529 0.00869972 0
0.0211529 0.00869972 0
0.0211529 0.00869972 0
0.0211529 0.00869972 0
0.0211529 0.00869972 0
0.0211529 0.00869972 0
0.0211529 0.00869972 0
0.0211529 0.00869972 0
0.0211529 0.00869972 0
0.0211529 0.00869972 0
0.0211529 0.00869972 0
0.0211529 0.00869972 0
0.0211529 0.00869972 0
0.0211529 0.00869972 0
0.0211529 0.00869972 0
0.0211529 0.00869972 0
0.0211529 0.00869972 0
0.0211529 0.00869972 0
0.0211529 0.00869972 0
0.0211529 0.00869972 0
0.0211529 0.00869972 0
0.0211529 0.00869972 0
0.0211529 0.00869972 0
0.0211529 0.00869972 0
0.0211529 0.00869972 0
0.0211529 0.00869972 0
0.0211529 0.00869972 0
0.0211529 0.00869972 0
0.0211529 0.00869972 0
0.0211529 0.00869972 0
0.0211529 0.00869972 0
0.0211529 0.00869972 0
0.0211529 0.00869972 0
0.0211529 0.00869972 0
0.0211529 0.00869972 0
0.0211529 0.00869972 0
0.0211529 0.00869972 0
0.0211529 0.00869972 0
0.0211529 0.00869972 0
0.0211529 0.00869972 0
0.0211529 0.00869972 0
0.0211529 0.00869972 0
0.0211529 0.00869972 0
0.0211529 0.00869972 0
0.0211529 0.00869972 0
0.0211529 0.00869972 0
0.0211529 0.00869972 0
0.0211529 0.00869972 0
0.0211529 0.00869972 0
0.0211529 0.00869972 0
0.0211529 0.00869972 0
0.0211529 0.00869972 0
0.0211529 0.00869972 0
0.0211529 0.00869972 0
0.0211529 0.00869972 0
0.0211529 0.00869972 0
0.0211529 0.00869972 0
0.0211529 0.00869972 0
0.0211529 0.00869972 0
0.0211529 0.00869972 0
0.0211529 0.00869972 0
0.0211529 0.00869972 0
0.0211529 0.00869972 0
0.0211529 0.00869972 0
0.0211529 0.00869972 0
0.0211529 0.00869972 0
0.0211529 0.00869972 0
0.0211529 0.00869972 0
0.0211529 0.00869972 0
0.0211529 0.00869972 0
0.0211529 0.00869972 0
0.0211529 0.00869972 0
0.0211529 0.00869972 0
0.0211529 0.00869972 0
0.0211529 0.00869972 0
0.0211529 0.00869972 0
0.0211529 0.00869972 0
0.0211529 0.00869972 0
0.0211529 0.00869972 0
0.0211529 0.00869972 0
0.0211529 0.00869972 0
0.0211529 0.00869972 0
0.0211529 0.00869972 0
0.0211529 0.00869972 0
0.0211529 0.00869972 0
0.0211529 0.00869972 0
0.0211529 0.00869972 0
0.0211529 0.00869972 0
0.0211529 0.00869972 0
0.0211529 0.00869972 0
0.0211529 0.00869972 0
0.0211529 0.00869972 0
0.0211529 0.00869972 0
0.0211529 0.00869972 0
0.0211529 0.00869972 0
0.0211529 0.00869972 0
0.0211529 0.00869972 0
0.0211529 0.00869972 0
0.0211529 0.00869972 0
0.0211529 0.00869972 0
0.0211529 0.00869972 0
0.0211529 0.00869972 0
0.0211529 0.00869972 0
0.0211529 0.00869972 0
0.0211529 0.00869972 0
0.0211529 0.00869972 0
0.0211529 0.00869972 0
0.0211529 0.00869972 0
0.0211529 0.00869972 0
0.0211529 0.00869972 0
0.0211529 0.00869972 0
0.0211529 0.00869972 0
0.0211529 0.00869972 0
0.0211529 0.00869972 0
0.0211529 0.00869972 0
0.0211529 0.00869972 0
0.0211529 0.00869972 0
0.0211529 0.00869972 0
0.0211529 0.00869972 0
0.0211529 0.00869972 0
0.0211529 0.00869972 0
0.0211529 0.00869972 0
0.0211529 0.00869972 0
0.0211529 0.00869972 0
0.0211529 0.00869972 0
0.0211529 0.00869972 0
0.0211529 0.00869972 0
0.0211529 0.00869972 0
0.0211529 0.00869972 0
0.0211529 0.00869972 0
0.0211529 0.00869972 0
0.0211529 0.00869972 0
0.0211529 0.00869972 0
0.0211529 0.00869972 0
0.0211529 0.00869972 0
0.0211529 0.00869972 0
0.0211529 0.00869972 0
0.0211529 0.00869972 0
0.0211529 0.00869972 0
0.0211529 0.00869972 0
0.0211529 0.00869972 0
0.0211529 0.00869972 0
0.0211529 0.00869972 0
0.0211529 0.00869972 0
0.0211529 0.00869972 0
0.0211529 0.00869972 0
0.0211529 0.00869972 0
0.0211529 0.00869972 0
0.0211529 0.00869972 0
0.0211529 0.00869972 0
0.0211529 0.00869972 0
0.0211529 0.00869972 0
0.0211529 0.00869972 0
0.0211529 0.00869972 0
0.0211529 0.00869972 0
0.0211529 0.00869972 0
0.0211529 0.00869972 0
0.0211529 0.00869972 0
0.0211529 0.00869972 0
0.0211529 0.00869972 0
0.0211529 0.00869972 0
0.0211529 0.00869972 0
0.0211529 0.00869972 0
0.0211529 0.00869972 0
0.0211529 0.00869972 0
0.0211529 0.00869972 0
0.0211529 0.00869972 0
0.0211529 0.00869972 0
0.0211529 0.00869972 0
0.0211529 0.00869972 0
0.0211529 0.00869972 0
0.0211529 0.00869972 0
0.0211529 0.00869972 0
0.0211529 0.00869972 0
0.0211529 0.00869972 0
0.0211529 0.00869972 0
0.0211529 0.00869972 0
0.0211529 0.00869972 0
0.0211529 0.00869972 0
0.0211529 0.00869972 0
0.0211529 0.00869972 0
0.0211529 0.00869972 0
0.0211529 0.00869972 0
0.0211529 0.00869972 0
0.0211529 0.00869972 0
0.0211529 0.00869972 0
0.0211529 0.00869972 0
0.0211529 0.00869972 0
0.0211529 0.00869972 0
0.0211529 0.00869972 0
0.0211529 0.00869972 0
0.0211529 0.00869972 0
0.0211529 0.00869972 0
0.0211529 0.00869972 0
0.0211529 0.00869972 0
0.0211529 0.00869972 0
0.0211529 0.00869972 0
0.0211529 0.00869972 0
0.0211529 0.00869972 0
0.0211529 0.00869972 0
0.0211529 0.00869972 0
0.0211529 0.00869972 0
0.0211529 0.00869972 0
0.0211529 0.00869972 0
0.0211529 0.00869972 0
0.0211529 0.00869972 0
0.0211529 0.00869972 0
0.0211529 0.00869972 0
0.0211529 0.00869972 0
0.0211529 0.00869972 0
0.0211529 0.00869972 0
0.0211529 0.00869972 0
0.0211529 0.00869972 0
0.0211529 0.00869972 0
0.0211529 0.00869972 0
0.0211529 0.00869972 0
0.0211529 0.00869972 0
0.0211529 0.00869972 0
0.0211529 0.00869972 0
0.0211529 0.00869972 0
0.0211529 0.00869972 0
0.0211529 0.00869972 0
0.0211529 0.00869972 0
0.0211529 0.00869972 0
0.0211529 0.00869972 0
0.0211529 0.00869972 0
0.0211529 0.00869972 0
0.0211529 0.00869972 0
0.0211529 0.00869972 0
0.0211529 0.00869972 0
0.0211529 0.00869972 0
0.0211529 0.00869972 0
0.0211529 0.00869972 0
0.0211529 0.00869972 0
0.0211529 0.00869972 0
0.0211529 0.00869972 0
0.0211529 0.00869972 0
0.0211529 0.00869972 0
0.0211529 0.00869972 0
0.0211529 0.00869972 0
0.0211529 0.00869972 0
0.0211529 0.00869972 0
0.0211529 0.00869972 0
0.0211529 0.00869972 0
0.0211529 0.00869972 0
0.0211529 0.00869972 0
0.0211529 0.00869972 0
0.0211529 0.00869972 0
0.0211529 0.00869972 0
0.0211529 0.00869972 0
0.0211529 0.00869972 0
0.0211529 0.00869972 0
0.0211529 0.00869972 0
0.0211529 0.00869972 0
0.0211529 0.00869972 0
0.0211529 0.00869972 0
0.0211529 0.00869972 0
0.0211529 0.00869972 0
0.0211529 0.00869972 0
0.0211529 0.00869972 0
0.0211529 0.00869972 0
0.0211529 0.00869972 0
0.0211529 0.00869972 0
0.0211529 0.00869972 0
0.0211529 0.00869972 0
0.0211529 0.00869972 0
0.0211529 0.00869972 0
0.0211529 0.00869972 0
0.0211529 0.00869972 0
0.0211529 0.00869972 0
0.0211529 0.00869972 0
0.0211529 0.00869972 0
0.0211529 0.00869972 0
0.0211529 0.00869972 0
0.0211529 0.00869972 0
0.0211529 0.00869972 0
0.0211529 0.00869972 0
0.0211529 0.00869972 0
0.0211529 0.00869972 0
0.0211529 0.00869972 0
0.0211529 0.00869972 0
0.0211529 0.00869972 0
0.0211529 0.00869972 0
0.0211529 0.00869972 0
0.0211529 0.00869972 0
0.0211529 0.00869972 0
0.0211529 0.00869972 0
0.0211529 0.00869972 0
0.0211529 0.00869972 0
0.0211529 0.00869972 0
0.0211529 0.00869972 0
0.0211529 0.00869972 0
0.0211529 0.00869972 0
0.0211529 0.00869972 0
0.0211529 0.00869972 0
0.0211529 0.00869972 0
0.0211529 0.00869972 0
0.0211529 0.00869972 0
0.0211529 0.00869972 0
0.0211529 0.00869972 0
0.0211529 0.00869972 0
0.0211529 0.00869972 0
0.0211529 0.00869972 0
0.0211529 0.00869972 0
0.0211529 0.00869972 0
0.0211529 0.00869972 0
0.0211529 0.00869972 0
0.0211529 0.00869972 0
0.0211529 0.00869972 0
0.0211529 0.00869972 0
0.0211529 0.00869972 0
0.0211529 0.00869972 0
0.0211529 0.00869972 0
0.0211529 0.00869972 0
0.0211529 0.00869972 0
0.0211529 0.00869972 0
0.0211529 0.00869972 0
0.0211529 0.00869972 0
0.0211529 0.00869972 0
0.0211529 0.00869972 0
0.0211529 0.00869972 0
0.0211529 0.00869972 0
0.0211529 0.00869972 0
0.0211529 0.00869972 0
0.0211529 0.00869972 0
0.0211529 0.00869972 0
0.0211529 0.00869972 0
0.0211529 0.00869972 0
0.0211529 0.00869972 0
0.0211529 0.00869972 0
0.0211529 0.00869972 0
0.0211529 0.00869972 0
0.0211529 0.00869972 0
0.0211529 0.00869972 0
0.0211529 0.00869972 0
0.0211529 0.00869972 0
0.0211529 0.00869972 0
0.0211529 0.00869972 0
