0.0025 -1.00042e-05
0.0125 -1.00026e-05
0.0225 -9.99932e-06
0.035 -1.00019e-05
0.045 -1.0019e-05
0.055 -1.00612e-05
0.065 -1.01412e-05
0.075 -1.02735e-05
0.085 -1.04734e-05
0.095 -1.07574e-05
0.105 -1.11418e-05
0.115 -1.16427e-05
0.125 -1.22754e-05
0.135 -1.3054e-05
0.145 -1.39908e-05
0.155 -1.50962e-05
0.165 -1.63781e-05
0.175 -1.78419e-05
0.185 -1.94902e-05
0.195 -2.13228e-05
0.205 -2.33365e-05
0.215 -2.55257e-05
0.225 -2.78824e-05
0.235 -3.03961e-05
0.245 -3.30547e-05
0.255 -3.58446e-05
0.265 -3.87509e-05
0.275 -4.17583e-05
0.285 -4.48513e-05
0.295 -4.80147e-05
0.305 -5.12341e-05
0.315 -5.44965e-05
0.325 -5.77903e-05
0.335 -6.11061e-05
0.345 -6.44363e-05
0.355 -6.77745e-05
0.365 -7.11151e-05
0.375 -7.44538e-05
0.385 -7.77877e-05
0.395 -8.11154e-05
0.405 -8.44354e-05
0.415 -8.77441e-05
0.425 -9.1035e-05
0.435 -9.42989e-05
0.445 -9.75264e-05
0.455 -0.000100709
0.465 -0.000103839
0.475 -0.000106913
0.485 -0.000109926
0.495 -0.000112875
0.5075 -0.000116471
0.52 -0.000119963
0.5325 -0.000123361
0.545 -0.000126693
0.5575 -0.000130014
0.57 -0.000133406
0.5825 -0.000136942
0.595 -0.000140679
0.6075 -0.000144646
0.62 -0.000148852
0.6325 -0.000153311
0.645 -0.000158056
0.6575 -0.000163143
0.67 -0.00016864
0.6825 -0.000174617
0.695 -0.000181164
0.7075 -0.000188394
0.72 -0.000196459
0.7325 -0.000205543
0.745 -0.000215829
0.7575 -0.000227456
0.77 -0.000240444
0.7825 -0.000254629
0.795 -0.000269659
0.8075 -0.000285005
0.82 -0.000299968
0.8325 -0.000313665
0.845 -0.00032504
0.8575 -0.000332935
0.87 -0.000336179
0.8825 -0.000333732
0.895 -0.000324808
0.9075 -0.000308964
0.92 -0.000286128
0.9325 -0.000256669
0.945 -0.000221395
0.9575 -0.000181639
0.97 -0.000139205
0.9825 -9.62283e-05
0.995 -5.49327e-05
1.005 -2.45469e-05
1.0175 8.50294e-06
1.03 3.46103e-05
1.0425 5.26914e-05
1.055 6.22396e-05
1.0675 6.33465e-05
1.08 5.67048e-05
1.0925 4.35908e-05
1.105 2.57391e-05
1.1175 5.04316e-06
1.13 -1.67784e-05
1.1425 -3.83027e-05
1.155 -5.83342e-05
1.1675 -7.575e-05
1.18 -8.94186e-05
1.1925 -9.82517e-05
1.205 -0.000101299
1.2175 -9.78187e-05
1.23 -8.73744e-05
1.2425 -7.00029e-05
1.255 -4.63225e-05
1.2675 -1.75309e-05
1.28 1.46758e-05
1.2925 4.82568e-05
1.305 8.1019e-05
1.3175 0.000110824
1.33 0.000135734
1.3425 0.000154143
1.355 0.000164859
1.3675 0.000167029
1.38 0.00015998
1.3925 0.000143209
1.405 0.000116646
1.4175 8.0903e-05
1.43 3.72765e-05
1.4425 -1.2429e-05
1.455 -6.60916e-05
1.4675 -0.00012137
1.48 -0.00017577
1.4925 -0.000226706
1.505 -0.000271579
1.5175 -0.000307858
1.53 -0.000333167
1.5425 -0.000345505
1.555 -0.000343366
1.5675 -0.000325851
1.58 -0.00029269
1.5925 -0.000244149
1.605 -0.000180842
1.6175 -0.000103643
1.63 -1.37468e-05
1.6425 8.69833e-05
1.655 0.000195826
1.6675 0.000309345
1.68 0.000423807
1.6925 0.000535588
1.705 0.000641434
1.7175 0.000738555
1.73 0.000824676
1.7425 0.000897926
1.755 0.000956793
1.7675 0.00100026
1.78 0.00102809
1.7925 0.001041
1.805 0.00104072
1.8175 0.00102995
1.83 0.00101238
1.8425 0.000992732
1.855 0.000976691
1.8675 0.000970334
1.88 0.000979465
1.8925 0.00100908
1.905 0.00106274
1.9175 0.00114224
1.93 0.00124755
1.9425 0.00137705
1.955 0.00152755
1.9675 0.0016945
1.98 0.00187209
1.9925 0.00205342
2.0025 0.00219592
2.0125 0.00233146
2.0225 0.00245558
2.0325 0.00256389
2.0425 0.00265236
2.0525 0.00271763
2.0625 0.0027571
2.0725 0.00276899
2.0825 0.00275234
2.0925 0.00270695
2.1025 0.00263346
2.1125 0.00253338
2.1225 0.00240912
2.1325 0.00226402
2.1425 0.00210221
2.1525 0.00192863
2.1625 0.00174877
2.1725 0.00156825
2.1825 0.00139227
2.1925 0.0012253
2.2025 0.00107094
2.2125 0.000931844
2.2225 0.00080976
2.2325 0.000705792
2.2425 0.00062059
2.2525 0.000554416
2.2625 0.000507101
2.2725 0.000477991
2.2825 0.000465923
2.2925 0.000469237
2.3025 0.000485774
2.3125 0.000512766
2.3225 0.000546779
2.3325 0.000583806
2.3425 0.000619445
2.3525 0.000649103
2.3625 0.000668133
2.3725 0.000672058
2.3825 0.000656675
2.3925 0.000618301
2.4025 0.0005539
2.4125 0.000461316
2.4225 0.00033975
2.4325 0.000189456
2.4425 1.17649e-05
2.4525 -0.000191058
2.4625 -0.00041609
2.4725 -0.000659647
2.4825 -0.000917528
2.4925 -0.00118499
2.5025 -0.00145683
2.5125 -0.00172751
2.5225 -0.00199142
2.5325 -0.00224305
2.5425 -0.00247721
2.5525 -0.0026892
2.5625 -0.00287493
2.5725 -0.0030311
2.5825 -0.00315527
2.5925 -0.00324608
2.6025 -0.00330326
2.6125 -0.00332772
2.6225 -0.0033214
2.6325 -0.00328713
2.6425 -0.00322852
2.6525 -0.00314983
2.6625 -0.00305584
2.6725 -0.0029516
2.6825 -0.00284211
2.6925 -0.00273212
2.7025 -0.00262591
2.7125 -0.002527
2.7225 -0.00243799
2.7325 -0.00236034
2.7425 -0.00229428
2.7525 -0.00223892
2.7625 -0.00219234
2.7725 -0.00215188
2.7825 -0.00211443
2.7925 -0.00207663
2.8025 -0.00203508
2.8125 -0.00198636
2.8225 -0.00192717
2.8325 -0.00185449
2.8425 -0.00176582
2.8525 -0.00165956
2.8625 -0.00153524
2.8725 -0.00139379
2.8825 -0.00123749
2.8925 -0.00106986
2.9025 -0.000895318
2.9125 -0.000718998
2.9225 -0.000546526
2.9325 -0.000383813
2.9425 -0.000236819
2.9525 -0.000111308
2.9625 -1.25324e-05
2.9725 5.47047e-05
2.9825 8.67203e-05
2.9925 8.10082e-05
3.0025 3.63889e-05
3.0125 -4.70629e-05
3.0225 -0.000168094
3.0325 -0.000324444
3.0425 -0.000512977
3.0525 -0.000729736
3.0625 -0.00096992
3.0725 -0.00122786
3.0825 -0.00149712
3.0925 -0.00177053
3.1025 -0.0020404
3.1125 -0.0022989
3.1225 -0.00253799
3.1325 -0.0027497
3.1425 -0.00292633
3.1525 -0.00306075
3.1625 -0.00314686
3.1725 -0.00317994
3.1825 -0.00315702
3.1925 -0.00307699
3.2025 -0.00294066
3.2125 -0.00275068
3.2225 -0.00251147
3.2325 -0.00222906
3.2425 -0.00191089
3.2525 -0.00156563
3.2625 -0.00120283
3.2725 -0.000832714
3.2825 -0.000465943
3.2925 -0.000113389
3.3025 0.000214181
3.3125 0.000506517
3.3225 0.000754333
3.3325 0.000949774
3.3425 0.00108682
3.3525 0.00116149
3.3625 0.00117198
3.3725 0.00111859
3.3825 0.00100358
3.3925 0.000831056
3.4025 0.000606806
3.4125 0.000338297
3.4225 3.44705e-05
3.4325 -0.000294362
3.4425 -0.000636966
3.4525 -0.000981485
3.4625 -0.00131578
3.4725 -0.00162768
3.4825 -0.00190533
3.4925 -0.00213742
3.5025 -0.00231343
3.5125 -0.00242401
3.5225 -0.0024615
3.5325 -0.00242046
3.5425 -0.00229767
3.5525 -0.00209281
3.5625 -0.00180864
3.5725 -0.00145073
3.5825 -0.00102686
3.5925 -0.00054648
3.6025 -2.07052e-05
3.6125 0.0005382
3.6225 0.0011178
3.6325 0.00170545
3.6425 0.00228872
3.6525 0.0028554
3.6625 0.00339376
3.6725 0.00389287
3.6825 0.00434294
3.6925 0.00473558
3.7025 0.00506412
3.7125 0.00532384
3.7225 0.00551209
3.7325 0.00562846
3.7425 0.00567474
3.7525 0.0056548
3.7625 0.00557429
3.7725 0.00544047
3.7825 0.00526198
3.7925 0.00504863
3.8025 0.00481105
3.8125 0.00456005
3.8225 0.00430616
3.8325 0.0040592
3.8425 0.00382818
3.8525 0.00362117
3.8625 0.00344524
3.8725 0.00330636
3.8825 0.00320932
3.8925 0.00315751
3.9025 0.00315272
3.9125 0.00319484
3.9225 0.00328172
3.9325 0.00340913
3.9425 0.00357105
3.9525 0.0037601
3.9625 0.00396792
3.9725 0.00418545
3.9825 0.00440331
3.9925 0.00461215
4.0025 0.00480302
4.0125 0.00496768
4.0225 0.00509887
4.0325 0.00519058
4.0425 0.00523826
4.0525 0.00523904
4.0625 0.00519171
4.0725 0.00509668
4.0825 0.00495594
4.0925 0.00477281
4.1025 0.00455194
4.1125 0.00429916
4.1225 0.00402149
4.1325 0.00372696
4.1425 0.00342429
4.1525 0.00312255
4.1625 0.00283066
4.1725 0.0025571
4.1825 0.00230955
4.1925 0.00209463
4.2025 0.00191776
4.2125 0.00178316
4.2225 0.00169384
4.2325 0.00165157
4.2425 0.00165678
4.2525 0.00170847
4.2625 0.00180418
4.2725 0.0019401
4.2825 0.00211108
4.2925 0.00231089
4.3025 0.0025323
4.3125 0.00276727
4.3225 0.00300709
4.3325 0.00324251
4.3425 0.00346407
4.3525 0.00366244
4.3625 0.00382889
4.3725 0.00395551
4.3825 0.00403549
4.3925 0.00406318
4.4025 0.00403434
4.4125 0.00394624
4.4225 0.00379777
4.4325 0.00358955
4.4425 0.00332386
4.4525 0.00300452
4.4625 0.0026367
4.4725 0.00222657
4.4825 0.001781
4.4925 0.00130745
4.5025 0.000814061
4.5125 0.00030945
4.5225 -0.000197116
4.5325 -0.000696252
4.5425 -0.0011786
4.5525 -0.00163533
4.5625 -0.00205849
4.5725 -0.00244116
4.5825 -0.00277822
4.5925 -0.0030665
4.6025 -0.00330472
4.6125 -0.00349382
4.6225 -0.00363684
4.6325 -0.0037388
4.6425 -0.00380647
4.6525 -0.003848
4.6625 -0.00387239
4.6725 -0.00388919
4.6825 -0.0039081
4.6925 -0.00393869
4.7025 -0.00398971
4.7125 -0.00406879
4.7225 -0.00418192
4.7325 -0.00433324
4.7425 -0.0045249
4.7525 -0.0047573
4.7625 -0.00502929
4.7725 -0.00533819
4.7825 -0.00567969
4.7925 -0.00604788
4.8025 -0.00643549
4.8125 -0.00683399
4.8225 -0.0072345
4.8325 -0.00763097
4.8425 -0.0080136
4.8525 -0.00837705
4.8625 -0.00871577
4.8725 -0.00902313
4.8825 -0.0093013
4.8925 -0.00954315
4.9025 -0.0097521
4.9125 -0.00990471
4.9225 -0.00995308
4.9325 -0.0102905
4.9425 -0.0104168
4.9525 -0.0106066
4.9625 -0.0108994
4.9725 -0.0111933
4.9825 -0.0114488
4.9925 -0.0117209
5.0025 -0.0120343
5.0125 -0.0123457
5.0225 -0.0126371
5.0325 -0.0129263
5.0425 -0.0132201
5.0525 -0.0134981
5.0625 -0.0137471
5.0725 -0.0139706
5.0825 -0.0141682
5.0925 -0.0143295
5.1025 -0.0144462
5.1125 -0.0145171
5.1225 -0.0145393
5.1325 -0.0145076
5.1425 -0.0144228
5.1525 -0.0142823
5.1625 -0.0140888
5.1725 -0.0138434
5.1825 -0.0135494
5.1925 -0.0132127
5.2025 -0.0128401
5.2125 -0.0124385
5.2225 -0.0120154
5.2325 -0.0115787
5.2425 -0.0111364
5.2525 -0.0106959
5.2625 -0.0102644
5.2725 -0.0098485
5.2825 -0.00945421
5.2925 -0.00908663
5.3025 -0.00874965
5.3125 -0.00844586
5.3225 -0.00817645
5.3325 -0.00794119
5.3425 -0.00773882
5.3525 -0.00756735
5.3625 -0.00742431
5.3725 -0.00730677
5.3825 -0.00721162
5.3925 -0.00713581
5.4025 -0.00707637
5.4125 -0.00703026
5.4225 -0.00699424
5.4325 -0.0069649
5.4425 -0.00693864
5.4525 -0.00691174
5.4625 -0.00688027
5.4725 -0.00684011
5.4825 -0.0067868
5.4925 -0.00671547
5.5025 -0.00662092
5.5125 -0.00649779
5.5225 -0.00634086
5.5325 -0.00614537
5.5425 -0.0059072
5.5525 -0.00562294
5.5625 -0.0052899
5.5725 -0.00490632
5.5825 -0.004472
5.5925 -0.00398847
5.6025 -0.00345861
5.6125 -0.00288168
5.6225 -0.0022782
5.6325 -0.00164959
5.6425 -0.00100495
5.6525 -0.000358194
5.6625 0.000281323
5.6725 0.000906919
5.6825 0.00150897
5.6925 0.00207877
5.7025 0.00261082
5.7125 0.00310108
5.7225 0.00354575
5.7325 0.0039422
5.7425 0.00428937
5.7525 0.00458842
5.7625 0.00484078
5.7725 0.00504994
5.7825 0.00522081
5.7925 0.00535965
5.8025 0.00547381
5.8125 0.00557154
5.8225 0.00566152
5.8325 0.00575234
5.8425 0.00585207
5.8525 0.00596778
5.8625 0.0061051
5.8725 0.00626809
5.8825 0.00645938
5.8925 0.00668483
5.9025 0.00693096
5.9125 0.00719143
5.9225 0.00748322
5.9325 0.00779174
5.9425 0.0081206
5.9525 0.00846291
5.9625 0.00849108
5.9725 0.00797442
5.9825 0.00904108
5.9925 0.00936738
6.0025 0.0098774
6.0125 0.0106879
6.0225 0.0112654
6.0325 0.0119083
6.0425 0.0125664
6.0525 0.0131979
6.0625 0.0137889
6.0725 0.0142942
6.0825 0.0147453
6.0925 0.0151327
6.1025 0.0154233
6.1125 0.0156131
6.1225 0.0157071
6.1325 0.0157045
6.1425 0.0155988
6.1525 0.0153914
6.1625 0.0150926
6.1725 0.0147123
6.1825 0.0142593
6.1925 0.0137457
6.2025 0.0131871
6.2125 0.0125991
6.2225 0.0119974
6.2325 0.0113994
6.2425 0.0108232
6.2525 0.0102865
6.2625 0.00980605
6.2725 0.00939689
6.2825 0.00907171
6.2925 0.00883945
6.3025 0.00870537
6.3125 0.00867211
6.3225 0.00874022
6.3325 0.00890846
6.3425 0.00917089
6.3525 0.00952108
6.3625 0.00994959
6.3725 0.0104447
6.3825 0.0109928
6.3925 0.0115781
6.4025 0.0121841
6.4125 0.0127934
6.4225 0.0133886
6.4325 0.0139518
6.4425 0.0144659
6.4525 0.0149134
6.4625 0.0152787
6.4725 0.0155472
6.4825 0.0157137
6.4925 0.0157733
6.5025 0.0157223
6.5125 0.0155571
6.5225 0.0152793
6.5325 0.0148941
6.5425 0.0144111
6.5525 0.013841
6.5625 0.0131958
6.5725 0.0124913
6.5825 0.0117425
6.5925 0.0109669
6.6025 0.0101809
6.6125 0.0093996
6.6225 0.00863713
6.6325 0.00790654
6.6425 0.00721975
6.6525 0.00658703
6.6625 0.00601694
6.6725 0.00551626
6.6825 0.00508969
6.6925 0.00473981
6.7025 0.00446696
6.7125 0.00426938
6.7225 0.00414318
6.7325 0.0040831
6.7425 0.00408211
6.7525 0.00413187
6.7625 0.00422285
6.7725 0.00434429
6.7825 0.00448431
6.7925 0.00463007
6.8025 0.00476782
6.8125 0.00488578
6.8225 0.0049724
6.8325 0.00501691
6.8425 0.00501082
6.8525 0.00494828
6.8625 0.00482142
6.8725 0.00462702
6.8825 0.00436573
6.8925 0.00403726
6.9025 0.00363241
6.9125 0.00317045
6.9225 0.00265881
6.9325 0.00210633
6.9425 0.00152387
6.9525 0.000921942
6.9625 0.000312389
6.9725 -0.000291593
6.9825 -0.000879602
6.9925 -0.00144017
7.0025 -0.00196312
7.0125 -0.00243974
7.0225 -0.00286262
7.0325 -0.00322666
7.0425 -0.00352861
7.0525 -0.00376704
7.0625 -0.0039422
7.0725 -0.00405615
7.0825 -0.00411213
7.0925 -0.00411512
7.1025 -0.00407147
7.1125 -0.00398856
7.1225 -0.00387466
7.1325 -0.00373873
7.1425 -0.00359018
7.1525 -0.00343885
7.1625 -0.00329459
7.1725 -0.00316703
7.1825 -0.00306515
7.1925 -0.00299707
7.2025 -0.0029701
7.2125 -0.00299067
7.2225 -0.00306425
7.2325 -0.00319489
7.2425 -0.00338472
7.2525 -0.00363353
7.2625 -0.00393849
7.2725 -0.00429422
7.2825 -0.00469316
7.2925 -0.00512557
7.3025 -0.00558091
7.3125 -0.00605007
7.3225 -0.00651923
7.3325 -0.00697875
7.3425 -0.00741601
7.3525 -0.00781997
7.3625 -0.00818019
7.3725 -0.00848743
7.3825 -0.00873402
7.3925 -0.00891374
7.4025 -0.00902226
7.4125 -0.00905714
7.4225 -0.00901765
7.4325 -0.00890532
7.4425 -0.00872412
7.4525 -0.00847979
7.4625 -0.00817994
7.4725 -0.00783371
7.4825 -0.00745153
7.4925 -0.00704431
7.5025 -0.00662473
7.5125 -0.00620542
7.5225 -0.0057978
7.5325 -0.00541425
7.5425 -0.00506552
7.5525 -0.00476183
7.5625 -0.00451142
7.5725 -0.00432116
7.5825 -0.00419627
7.5925 -0.00414024
7.6025 -0.00415477
7.6125 -0.00423951
7.6225 -0.00439201
7.6325 -0.00460777
7.6425 -0.00488045
7.6525 -0.00520203
7.6625 -0.00556297
7.6725 -0.00595251
7.6825 -0.00635867
7.6925 -0.00676852
7.7025 -0.00716849
7.7125 -0.00754476
7.7225 -0.00788391
7.7325 -0.00817343
7.7425 -0.00840211
7.7525 -0.00856045
7.7625 -0.00864065
7.7725 -0.00863674
7.7825 -0.00854473
7.7925 -0.00836286
7.8025 -0.00809189
7.8125 -0.0077352
7.8225 -0.00729875
7.8325 -0.00679078
7.8425 -0.00622143
7.8525 -0.00560233
7.8625 -0.00494627
7.8725 -0.00426692
7.8825 -0.00357872
7.8925 -0.00289672
7.9025 -0.00223622
7.9125 -0.00161237
7.9225 -0.00104024
7.9325 -0.000532496
7.9425 -9.97791e-05
7.9525 0.000248298
7.9625 0.000505205
7.9725 0.000666244
7.9825 0.000729879
7.9925 0.000697542
8.0025 0.000573983
8.015 0.000302442
8.0275 -7.92052e-05
8.04 -0.000545332
8.0525 -0.00106599
8.065 -0.00161106
8.0775 -0.00214859
8.09 -0.00264796
8.1025 -0.00307936
8.115 -0.00341561
8.1275 -0.00363334
8.14 -0.00371541
8.1525 -0.0036502
8.165 -0.00343279
8.1775 -0.00306495
8.19 -0.00255519
8.2025 -0.00191831
8.215 -0.00117458
8.2275 -0.000350208
8.24 0.000485575
8.2525 0.00134942
8.265 0.00221409
8.2775 0.00305176
8.29 0.00383887
8.3025 0.00455243
8.315 0.00517509
8.3275 0.00569137
8.34 0.00609255
8.3525 0.00637426
8.365 0.00653722
8.3775 0.00658631
8.39 0.00653119
8.4025 0.0063864
8.415 0.00617105
8.4275 0.00590913
8.44 0.00562447
8.4525 0.00534351
8.465 0.00509155
8.4775 0.00489194
8.49 0.00476507
8.5025 0.00472732
8.515 0.0047903
8.5275 0.00496184
8.54 0.00524316
8.5525 0.00563145
8.565 0.00611772
8.5775 0.00668892
8.59 0.00732832
8.6025 0.00801669
8.615 0.00873267
8.6275 0.00945335
8.64 0.0101548
8.6525 0.0108144
8.665 0.0114105
8.6775 0.0119247
8.69 0.0123414
8.7025 0.0126491
8.715 0.0128408
8.7275 0.0129136
8.74 0.0128698
8.7525 0.0127171
8.765 0.012468
8.7775 0.0121392
8.79 0.0117508
8.8025 0.0113241
8.815 0.0108805
8.8275 0.0104422
8.84 0.0100297
8.8525 0.00966138
8.865 0.00935285
8.8775 0.00911717
8.89 0.00896401
8.9025 0.00889951
8.915 0.00892547
8.9275 0.00903977
8.94 0.00923644
8.9525 0.00950611
8.965 0.00983637
8.9775 0.0102124
8.99 0.0106178
9.0025 0.0110351
9.015 0.011448
9.0275 0.0118398
9.04 0.0121934
9.0525 0.012496
9.065 0.0127338
9.0775 0.0128958
9.09 0.0129738
9.1025 0.0129642
9.115 0.0128673
9.1275 0.0126881
9.14 0.0124357
9.1525 0.0121221
9.165 0.0117612
9.1775 0.0113685
9.19 0.0109606
9.2025 0.0105554
9.215 0.0101713
9.2275 0.00982593
9.24 0.00953543
9.2525 0.00931463
9.265 0.00917344
9.2775 0.00912019
9.29 0.00915853
9.3025 0.00928886
9.315 0.00950797
9.3275 0.00981028
9.34 0.0101882
9.3525 0.0106323
9.365 0.0111302
9.3775 0.0116662
9.39 0.0122204
9.4025 0.0127703
9.415 0.013292
9.4275 0.0137617
9.44 0.0141565
9.4525 0.0144577
9.465 0.0146506
9.4775 0.0147242
9.49 0.0146723
9.5025 0.0144925
9.515 0.0141868
9.5275 0.0137605
9.54 0.0132226
9.5525 0.0125847
9.565 0.0118615
9.5775 0.0110698
9.59 0.010228
9.6025 0.0093558
9.615 0.00847252
9.6275 0.00759865
9.64 0.00675379
9.6525 0.00595704
9.665 0.00522626
9.6775 0.00457755
9.69 0.00402393
9.7025 0.0035747
9.715 0.0032348
9.7275 0.0030042
9.74 0.00287817
9.7525 0.00284748
9.765 0.00289875
9.7775 0.00301667
9.79 0.00318022
9.8025 0.00336774
9.815 0.00355868
9.8275 0.00373025
9.84 0.00386156
9.8525 0.00393542
9.865 0.00393716
9.8775 0.00385624
9.89 0.00368665
9.9025 0.00342673
9.915 0.00307809
9.9275 0.00262376
9.94 0.00209396
9.9525 0.00149713
9.965 0.000850457
9.9775 0.000168989
9.99 -0.000528243
10.0025 -0.00122312
10.015 -0.00189863
10.0275 -0.00253812
10.04 -0.00312668
10.0525 -0.00365219
10.065 -0.00410529
10.0775 -0.00447968
10.09 -0.0047727
10.1025 -0.00498392
10.115 -0.00511802
10.1275 -0.00518194
10.14 -0.00518594
10.1525 -0.00514274
10.165 -0.00506727
10.1775 -0.0049753
10.19 -0.00488262
10.2025 -0.00480408
10.215 -0.00475296
10.2275 -0.00474044
10.24 -0.00477555
10.2525 -0.00486526
10.265 -0.00501436
10.2775 -0.00522513
10.29 -0.005497
10.3025 -0.00582635
10.315 -0.00620638
10.3275 -0.0066272
10.34 -0.00707572
10.3525 -0.00753778
10.365 -0.00799662
10.3775 -0.00843587
10.39 -0.00884022
10.4025 -0.00919648
10.415 -0.00949385
10.4275 -0.00972442
10.44 -0.00988347
10.4525 -0.00996948
10.465 -0.00998372
10.4775 -0.00992988
10.49 -0.00981428
10.5025 -0.00964586
10.515 -0.0094358
10.5275 -0.00919729
10.54 -0.00894488
10.5525 -0.00869368
10.565 -0.00845851
10.5775 -0.0082533
10.59 -0.00809052
10.6025 -0.0079805
10.615 -0.00793067
10.6275 -0.00794535
10.64 -0.00802549
10.6525 -0.00816792
10.665 -0.0083667
10.6775 -0.00861545
10.69 -0.00890388
10.7025 -0.00922015
10.715 -0.00955098
10.7275 -0.00988208
10.74 -0.0101983
10.7525 -0.0104838
10.765 -0.0107226
10.7775 -0.010901
10.79 -0.011005
10.8025 -0.0110247
10.815 -0.0109515
10.8275 -0.0107821
10.84 -0.010516
10.8525 -0.010157
10.865 -0.0097122
10.8775 -0.00919236
10.89 -0.008611
10.9025 -0.00798411
10.915 -0.00732952
10.9275 -0.00666604
10.94 -0.00601285
10.9525 -0.00538817
10.965 -0.00480905
10.9775 -0.00429051
10.99 -0.00384482
11.0025 -0.00348056
11.015 -0.00320208
11.0275 -0.00300934
11.04 -0.00289801
11.0525 -0.00285975
11.065 -0.00288269
11.0775 -0.00295185
11.09 -0.00304965
11.1025 -0.00315653
11.115 -0.00325174
11.1275 -0.00331433
11.14 -0.00332401
11.1525 -0.00326171
11.165 -0.00311211
11.1775 -0.00286263
11.19 -0.00250439
11.2025 -0.00205498
11.215 -0.00152774
11.2275 -0.000872425
11.24 -0.000123222
11.2525 0.000721133
11.265 0.0016379
11.2775 0.00261596
11.29 0.00363636
11.3025 0.0046817
11.315 0.00573303
11.3275 0.00677294
11.34 0.00778439
11.3525 0.00875115
11.365 0.00965808
11.3775 0.0104917
11.39 0.0112414
11.4025 0.0118987
11.415 0.0124582
11.4275 0.012919
11.44 0.0132838
11.4525 0.0135593
11.465 0.0137558
11.4775 0.0138855
11.49 0.0139633
11.5025 0.0140053
11.515 0.0140287
11.5275 0.0140508
11.54 0.0140888
11.5525 0.0141582
11.565 0.0142722
11.5775 0.014442
11.59 0.0146763
11.6025 0.0149808
11.615 0.0153583
11.6275 0.0158084
11.64 0.0163276
11.6525 0.0169094
11.665 0.0175434
11.6775 0.0182163
11.69 0.0189122
11.7025 0.0196134
11.715 0.0203147
11.7275 0.0209933
11.74 0.0216182
11.7525 0.0222223
11.765 0.0227861
11.7775 0.0233158
11.79 0.0238077
11.8025 0.024263
11.815 0.0246784
11.8275 0.0250527
11.84 0.0253839
11.8525 0.0256682
11.865 0.0259021
11.8775 0.0260827
11.89 0.0262083
11.9025 0.0262781
11.915 0.0262926
11.9275 0.0262533
11.94 0.0261632
11.9525 0.0260275
11.965 0.0258529
11.9775 0.0256467
11.99 0.0254172
12.0025 0.0251732
12.015 0.0249239
12.0275 0.0246784
12.04 0.0244456
12.0525 0.0242332
12.065 0.0240473
12.0775 0.0238927
12.09 0.0237718
12.1025 0.0236854
12.115 0.0236324
12.1275 0.0236098
12.14 0.0236129
12.1525 0.0236357
12.165 0.023671
12.1775 0.0237108
12.19 0.0237469
12.2025 0.0237715
12.215 0.0237781
12.2275 0.0237615
12.24 0.0237181
12.2525 0.0236454
12.265 0.0235419
12.2775 0.0234073
12.29 0.0232423
12.3025 0.023049
12.315 0.0228308
12.3275 0.0225913
12.34 0.0223346
12.3525 0.0220636
12.365 0.0217809
12.3775 0.0214888
12.39 0.0211889
12.4025 0.0208827
12.415 0.0205708
12.4275 0.0202533
12.44 0.0199294
12.4525 0.0195975
12.465 0.0192547
12.4775 0.0188976
12.49 0.0185219
12.5025 0.0181221
12.515 0.017693
12.5275 0.0172299
12.54 0.01673
12.5525 0.0161913
12.565 0.0156137
12.5775 0.0149988
12.59 0.0143499
12.6025 0.0136717
12.615 0.0129707
12.6275 0.0122543
12.64 0.0115307
12.6525 0.0108089
12.665 0.0100982
12.6775 0.00940819
12.69 0.00874837
12.7025 0.00812844
12.715 0.0075522
12.7275 0.00702377
12.74 0.00654362
12.7525 0.0061127
12.765 0.00572903
12.7775 0.00538759
12.79 0.00508344
12.8025 0.00481086
12.815 0.00456327
12.8275 0.0043272
12.84 0.00407939
12.8525 0.0038406
12.865 0.00359552
12.8775 0.00333599
12.89 0.00305162
12.9025 0.00273299
12.915 0.00237049
12.9275 0.00195632
12.94 0.00148492
12.9525 0.000953297
12.965 0.000360908
12.9775 -0.000290238
12.99 -0.000995963
13.0025 -0.00174989
13.015 -0.00254394
13.0275 -0.00336882
13.04 -0.00421425
13.0525 -0.00506866
13.065 -0.00591908
13.0775 -0.00675143
13.09 -0.00755115
13.1025 -0.00830356
13.115 -0.00899447
13.1275 -0.00961092
13.14 -0.0101419
13.1525 -0.0105788
13.165 -0.010916
13.1775 -0.0111512
13.19 -0.0112848
13.2025 -0.0113202
13.215 -0.0112635
13.2275 -0.0111258
13.24 -0.0109186
13.2525 -0.0106562
13.265 -0.0103538
13.2775 -0.0100269
13.29 -0.0096906
13.3025 -0.00935985
13.315 -0.00904861
13.3275 -0.0087697
13.34 -0.00853433
13.3525 -0.00835183
13.365 -0.00822923
13.3775 -0.00817105
13.39 -0.00817909
13.4025 -0.00825227
13.415 -0.00838674
13.4275 -0.00857577
13.44 -0.00881005
13.4525 -0.00907797
13.465 -0.00936587
13.4775 -0.00965851
13.49 -0.00993963
13.5025 -0.0101928
13.515 -0.0104023
13.5275 -0.0105537
13.54 -0.0106348
13.5525 -0.0106362
13.565 -0.0105514
13.5775 -0.0103779
13.59 -0.0101168
13.6025 -0.00977341
13.615 -0.00935632
13.6275 -0.00887701
13.64 -0.00834903
13.6525 -0.00778746
13.665 -0.00720828
13.6775 -0.00662758
13.69 -0.00606073
13.7025 -0.00552165
13.715 -0.0050223
13.7275 -0.00457232
13.74 -0.0041789
13.7525 -0.00384651
13.765 -0.00357671
13.7775 -0.0033681
13.79 -0.00321642
13.8025 -0.00311484
13.815 -0.00305427
13.8275 -0.00302384
13.84 -0.00301141
13.8525 -0.0030043
13.865 -0.00298991
13.8775 -0.00295641
13.89 -0.00289334
13.9025 -0.00279218
13.915 -0.00264669
13.9275 -0.00245315
13.94 -0.00221032
13.9525 -0.00191892
13.965 -0.00158157
13.9775 -0.00120257
13.99 -0.000787586
14.0025 -0.000343366
14.015 0.000111795
14.0275 0.000552909
14.04 0.00101351
14.0525 0.0014704
14.065 0.00192762
14.0775 0.00237565
14.09 0.00280986
14.1025 0.00322496
14.115 0.00361644
14.1275 0.00398023
14.14 0.00431389
14.1525 0.00461522
14.165 0.0048828
14.1775 0.00511591
14.19 0.00531412
14.2025 0.00547773
14.215 0.00560796
14.2275 0.00570707
14.24 0.00577825
14.2525 0.00582573
14.265 0.00585479
14.2775 0.00587153
14.29 0.0058827
14.3025 0.00589464
14.315 0.00591438
14.3275 0.00594834
14.34 0.0060026
14.3525 0.00608219
14.365 0.0061905
14.3775 0.00632877
14.39 0.00649612
14.4025 0.0066895
14.415 0.00690411
14.4275 0.0071334
14.44 0.00737003
14.4525 0.00760588
14.465 0.00783063
14.4775 0.00803378
14.49 0.00820515
14.5025 0.0083354
14.515 0.00841685
14.5275 0.0084439
14.54 0.00841298
14.5525 0.00832234
14.565 0.00817227
14.5775 0.00796501
14.59 0.00770466
14.6025 0.00739668
14.615 0.00704772
14.6275 0.00666569
14.64 0.00625991
14.6525 0.00584123
14.665 0.00542136
14.6775 0.00501147
14.69 0.00462386
14.7025 0.00426988
14.715 0.00396049
14.7275 0.00370612
14.74 0.00351335
14.7525 0.00338837
14.765 0.00333442
14.7775 0.00335224
14.79 0.00343972
14.8025 0.0035915
14.815 0.00379851
14.8275 0.004051
14.84 0.00433841
14.8525 0.0046478
14.865 0.00496745
14.8775 0.00528522
14.89 0.00559072
14.9025 0.00587447
14.915 0.00612846
14.9275 0.00634682
14.94 0.00652643
14.9525 0.00666644
14.965 0.00676835
14.9775 0.00683595
14.99 0.0068751
15.0025 0.00689374
15.015 0.00690083
15.0275 0.00690635
15.04 0.00692088
15.0525 0.0069543
15.065 0.00701512
15.0775 0.00711093
15.09 0.00724623
15.1025 0.00742349
15.115 0.00764274
15.1275 0.00790255
15.14 0.00819982
15.1525 0.00852992
15.165 0.00888678
15.1775 0.00926334
15.19 0.0096521
15.2025 0.0100433
15.215 0.010426
15.2275 0.0107892
15.24 0.0111222
15.2525 0.0114159
15.265 0.0116628
15.2775 0.0118575
15.29 0.0119973
15.3025 0.0120821
15.315 0.0121145
15.3275 0.0120985
15.34 0.0120396
15.3525 0.0119442
15.365 0.0118193
15.3775 0.0116718
15.39 0.0115086
15.4025 0.0113364
15.415 0.0111614
15.4275 0.0109894
15.44 0.0108253
15.4525 0.0106736
15.465 0.0105377
15.4775 0.0104202
15.49 0.0103222
15.5025 0.010244
15.515 0.0101846
15.5275 0.0101424
15.54 0.0101156
15.5525 0.0101025
15.565 0.0101015
15.5775 0.0101111
15.59 0.0101307
15.6025 0.0101591
15.615 0.0101939
15.6275 0.0102328
15.64 0.0102725
15.6525 0.0103087
15.665 0.0103359
15.6775 0.010348
15.69 0.0103388
15.7025 0.0103027
15.715 0.0102352
15.7275 0.0101335
15.74 0.00999657
15.7525 0.0098251
15.765 0.00962172
15.7775 0.00939074
15.79 0.00913765
15.8025 0.00886874
15.815 0.00859069
15.8275 0.00831016
15.84 0.00803345
15.8525 0.00776692
15.865 0.00751528
15.8775 0.00728251
15.89 0.00707072
15.9025 0.0068806
15.915 0.00671112
15.9275 0.00655968
15.94 0.00642226
15.9525 0.00629368
15.965 0.00616841
15.9775 0.0060403
15.99 0.00590303
16.0025 0.00575043
16.0125 0.00561345
16.0225 0.00546045
16.0325 0.00528924
16.0425 0.00509751
16.0525 0.00486639
16.0625 0.00461581
16.0725 0.00434491
16.0825 0.00405317
16.0925 0.00374176
16.1025 0.00341127
16.1125 0.00306343
16.1225 0.00270063
16.1325 0.0023246
16.1425 0.00193811
16.1525 0.00154375
16.1625 0.00114425
16.1725 0.000742347
16.1825 0.000340649
16.1925 -5.7981e-05
16.2025 -0.000451809
16.2125 -0.000838362
16.2225 -0.00121576
16.2325 -0.00158251
16.2425 -0.00193742
16.2525 -0.00227968
16.2625 -0.0026086
16.2725 -0.00292378
16.2825 -0.0032251
16.2925 -0.00351278
16.3025 -0.00378738
16.3125 -0.00404976
16.3225 -0.0043012
16.3325 -0.00454334
16.3425 -0.00477816
16.3525 -0.00500792
16.3625 -0.00523502
16.3725 -0.00546188
16.3825 -0.00569088
16.3925 -0.0059242
16.4025 -0.00616376
16.4125 -0.00641107
16.4225 -0.00666716
16.4325 -0.00693248
16.4425 -0.00720678
16.4525 -0.00748914
16.4625 -0.00777793
16.4725 -0.00807079
16.4825 -0.00836476
16.4925 -0.00865636
16.5025 -0.00894178
16.5125 -0.00921695
16.5225 -0.00947766
16.5325 -0.00971963
16.5425 -0.00993864
16.5525 -0.0101307
16.5625 -0.010292
16.5725 -0.0104192
16.5825 -0.0105094
16.5925 -0.0105604
16.6025 -0.0105703
16.6125 -0.010538
16.6225 -0.0104634
16.6325 -0.0103473
16.6425 -0.0101918
16.6525 -0.00999994
16.6625 -0.00977601
16.6725 -0.00952514
16.6825 -0.00925331
16.6925 -0.00896711
16.7025 -0.00867365
16.7125 -0.0083801
16.7225 -0.00809376
16.7325 -0.00782175
16.7425 -0.00757064
16.7525 -0.00734625
16.7625 -0.00715342
16.7725 -0.00699582
16.7825 -0.00687578
16.7925 -0.00679424
16.8025 -0.00675055
16.8125 -0.00674253
16.8225 -0.00676642
16.8325 -0.00681701
16.8425 -0.00688775
16.8525 -0.00697096
16.8625 -0.00705802
16.8725 -0.00713966
16.8825 -0.00720636
16.8925 -0.00724878
16.9025 -0.00725836
16.9125 -0.00722677
16.9225 -0.00714758
16.9325 -0.0070152
16.9425 -0.00682549
16.9525 -0.00657592
16.9625 -0.00626535
16.9725 -0.00589412
16.9825 -0.005464
16.9925 -0.00497803
17.0025 -0.00444084
17.0125 -0.0038579
17.0225 -0.00323581
17.0325 -0.00258194
17.0425 -0.0019044
17.0525 -0.0012118
17.0625 -0.000513061
17.0725 0.000182462
17.0825 0.000844403
17.0925 0.00145336
17.1025 0.00206296
17.1125 0.00264505
17.1225 0.00319842
17.1325 0.0037272
17.1425 0.00422275
17.1525 0.00468884
17.1625 0.00512562
17.1725 0.00553259
17.1825 0.005912
17.1925 0.00626583
17.2025 0.00659682
17.2125 0.00690771
17.2225 0.00720144
17.2325 0.00748086
17.2425 0.00774931
17.2525 0.00801061
17.2625 0.00826815
17.2725 0.00852694
17.2825 0.00879014
17.2925 0.00906219
17.3025 0.00934704
17.3125 0.00964803
17.3225 0.00996835
17.3325 0.0103102
17.3425 0.010675
17.3525 0.0110636
17.3625 0.0114759
17.3725 0.0119113
17.3825 0.0123685
17.3925 0.0128456
17.4025 0.0133401
17.4125 0.013849
17.4225 0.0143689
17.4325 0.0148956
17.4425 0.0154246
17.4525 0.0159509
17.4625 0.0164696
17.4725 0.0169753
17.4825 0.0174628
17.4925 0.0179273
17.5025 0.018364
17.5125 0.0187685
17.5225 0.0191372
17.5325 0.019467
17.5425 0.0197554
17.5525 0.0200008
17.5625 0.0202017
17.5725 0.0203579
17.5825 0.020469
17.5925 0.0205356
17.6025 0.0205583
17.6125 0.0205389
17.6225 0.0204793
17.6325 0.0203827
17.6425 0.0202533
17.6525 0.0200957
17.6625 0.0199156
17.6725 0.0197192
17.6825 0.019513
17.6925 0.0193045
17.7025 0.019101
17.7125 0.01891
17.7225 0.0187385
17.7325 0.0185931
17.7425 0.0184794
17.7525 0.0184024
17.7625 0.018366
17.7725 0.0183725
17.7825 0.0184234
17.7925 0.0185186
17.8025 0.0186567
17.8125 0.0188348
17.8225 0.0190489
17.8325 0.019294
17.8425 0.0195642
17.8525 0.0198534
17.8625 0.0201553
17.8725 0.0204622
17.8825 0.0207679
17.8925 0.021066
17.9025 0.0213516
17.9125 0.02162
17.9225 0.0218675
17.9325 0.0220895
17.9425 0.0222831
17.9525 0.0224454
17.9625 0.0225743
17.9725 0.0226678
17.9825 0.0227248
17.9925 0.0227449
18.0025 0.0227282
18.0125 0.0226751
18.0225 0.0225864
18.0325 0.0224637
18.0425 0.022309
18.0525 0.0221245
18.0625 0.0219135
18.0725 0.0216795
18.0825 0.0214264
18.0925 0.0211583
18.1025 0.0208792
18.1125 0.0205931
18.1225 0.0203041
18.1325 0.0200159
18.1425 0.0197317
18.1525 0.0194547
18.1625 0.0191874
18.1725 0.0189321
18.1825 0.0186905
18.1925 0.018464
18.2025 0.0182539
18.2125 0.0180607
18.2225 0.017885
18.2325 0.0177265
18.2425 0.0175848
18.2525 0.0174588
18.2625 0.0173473
18.2725 0.0172482
18.2825 0.0171594
18.2925 0.017078
18.3025 0.0170007
18.3125 0.0169238
18.3225 0.0168433
18.3325 0.0167548
18.3425 0.0166543
18.3525 0.0165374
18.3625 0.0164005
18.3725 0.0162403
18.3825 0.0160543
18.3925 0.0158407
18.4025 0.0155984
18.4125 0.0153268
18.4225 0.015027
18.4325 0.014699
18.4425 0.0143439
18.4525 0.013965
18.4625 0.0135646
18.4725 0.0131461
18.4825 0.0127126
18.4925 0.0122678
18.5025 0.0118155
18.5125 0.0113598
18.5225 0.0109045
18.5325 0.0104532
18.5425 0.0100093
18.5525 0.00957605
18.5625 0.0091563
18.5725 0.00875245
18.5825 0.00836623
18.5925 0.00799929
18.6025 0.00765288
18.6125 0.00732743
18.6225 0.00702352
18.6325 0.00674176
18.6425 0.00648123
18.6525 0.00624035
18.6625 0.00601872
18.6725 0.00581448
18.6825 0.00562609
18.6925 0.00545189
18.7025 0.00528943
18.7125 0.00513638
18.7225 0.00499018
18.7325 0.00484823
18.7425 0.00470737
18.7525 0.00456099
18.7625 0.00438874
18.7725 0.00421497
18.7825 0.00402916
18.7925 0.00383195
18.8025 0.00362118
18.8125 0.00339516
18.8225 0.00315324
18.8325 0.00289486
18.8425 0.00261973
18.8525 0.00232797
18.8625 0.00202
18.8725 0.00169692
18.8825 0.00135966
18.8925 0.00101008
18.9025 0.000649764
18.9125 0.000280698
18.9225 -9.5084e-05
18.9325 -0.000475526
18.9425 -0.000858598
18.9525 -0.00124239
18.9625 -0.00162506
18.9725 -0.00200474
18.9825 -0.0023795
18.9925 -0.00274737
19.0025 -0.0031064
19.0125 -0.00345463
19.0225 -0.00379007
19.0325 -0.00411072
19.0425 -0.0044145
19.0525 -0.00469885
19.0625 -0.00496204
19.0725 -0.00520221
19.0825 -0.00541673
19.0925 -0.00560439
19.1025 -0.00576359
19.1125 -0.00589349
19.1225 -0.0059934
19.1325 -0.00606303
19.1425 -0.0061024
19.1525 -0.00611234
19.1625 -0.0060944
19.1725 -0.00605055
19.1825 -0.00598317
19.1925 -0.00589503
19.2025 -0.00578921
19.2125 -0.005669
19.2225 -0.00553782
19.2325 -0.00539909
19.2425 -0.0052562
19.2525 -0.00511238
19.2625 -0.00497068
19.2725 -0.00483387
19.2825 -0.0047044
19.2925 -0.00458438
19.3025 -0.00447551
19.3125 -0.0043791
19.3225 -0.00429591
19.3325 -0.00422613
19.3425 -0.00416941
19.3525 -0.00412463
19.3625 -0.00409006
19.3725 -0.00406327
19.3825 -0.00404123
19.3925 -0.00402034
19.4025 -0.00399656
19.4125 -0.00396556
19.4225 -0.00392282
19.4325 -0.00386383
19.4425 -0.00378413
19.4525 -0.00367951
19.4625 -0.00354615
19.4725 -0.0033807
19.4825 -0.00318046
19.4925 -0.00294349
19.5025 -0.00266917
19.5125 -0.0023573
19.5225 -0.00200845
19.5325 -0.00162538
19.5425 -0.00121034
19.5525 -0.000767275
19.5625 -0.000300652
19.5725 0.000184184
19.5825 0.000681388
19.5925 0.00118476
19.6025 0.0016883
19.6125 0.00218517
19.6225 0.00266743
19.6325 0.00311436
19.6425 0.00352172
19.6525 0.00391468
19.6625 0.00427344
19.6725 0.00459919
19.6825 0.004891
19.6925 0.00514362
19.7025 0.00535848
19.7125 0.00553443
19.7225 0.00567084
19.7325 0.00576886
19.7425 0.00582988
19.7525 0.00585629
19.7625 0.0058511
19.7725 0.00581783
19.7825 0.00576075
19.7925 0.00568451
19.8025 0.00559433
19.8125 0.00549585
19.8225 0.00539509
19.8325 0.00529822
19.8425 0.00521156
19.8525 0.00514041
19.8625 0.00509066
19.8725 0.00506738
19.8825 0.00507549
19.8925 0.00511899
19.9025 0.00520072
19.9125 0.00532269
19.9225 0.00548579
19.9325 0.00568918
19.9425 0.00593136
19.9525 0.00621005
19.9625 0.0065207
19.9725 0.00685816
19.9825 0.00721677
19.9925 0.00759192
20.0025 0.00797785
20.0125 0.0083683
20.0225 0.00875682
20.0325 0.00913707
20.0425 0.00950301
20.0525 0.00984932
20.0625 0.010171
20.0725 0.0104634
20.0825 0.0107231
20.0925 0.0109472
20.1025 0.0111336
20.1125 0.0112812
20.1225 0.0113897
20.1325 0.0114599
20.1425 0.0114936
20.1525 0.0114939
20.1625 0.0114653
20.1725 0.011413
20.1825 0.011343
20.1925 0.0112624
20.2025 0.0111781
20.2125 0.0110977
20.2225 0.0110296
20.2325 0.0109803
20.2425 0.010957
20.2525 0.0109655
20.2625 0.0110107
20.2725 0.0110964
20.2825 0.0112253
20.2925 0.0113986
20.3025 0.0116165
20.3125 0.0118776
20.3225 0.0121794
20.3325 0.0125182
20.3425 0.0128893
20.3525 0.013287
20.3625 0.0137049
20.3725 0.0141362
20.3825 0.0145736
20.3925 0.0150103
20.4025 0.0154401
20.4125 0.0158567
20.4225 0.0162531
20.4325 0.016623
20.4425 0.0169606
20.4525 0.0172608
20.4625 0.0175189
20.4725 0.0177311
20.4825 0.0178943
20.4925 0.0180065
20.5025 0.0180667
20.5125 0.0180748
20.5225 0.0180317
20.5325 0.0179397
20.5425 0.0178019
20.5525 0.0176226
20.5625 0.0174069
20.5725 0.0171608
20.5825 0.0168906
20.5925 0.0166031
20.6025 0.0163059
20.6125 0.0160065
20.6225 0.0157129
20.6325 0.0154326
20.6425 0.015173
20.6525 0.0149409
20.6625 0.0147424
20.6725 0.0145827
20.6825 0.0144661
20.6925 0.0143956
20.7025 0.0143732
20.7125 0.0143995
20.7225 0.0144738
20.7325 0.0145943
20.7425 0.0147581
20.7525 0.0149611
20.7625 0.0151988
20.7725 0.0154645
20.7825 0.015752
20.7925 0.0160544
20.8025 0.0163647
20.8125 0.0166754
20.8225 0.0169792
20.8325 0.0172691
20.8425 0.0175388
20.8525 0.0177824
20.8625 0.0179948
20.8725 0.0181725
20.8825 0.0183128
20.8925 0.0184141
20.9025 0.018475
20.9125 0.0184957
20.9225 0.0184772
20.9325 0.0184218
20.9425 0.0183323
20.9525 0.0182128
20.9625 0.0180676
20.9725 0.0179018
20.9825 0.0177214
20.9925 0.0175318
21.0025 0.0173393
21.0125 0.0171499
21.0225 0.0169693
21.0325 0.0168032
21.0425 0.0166566
21.0525 0.016534
21.0625 0.016439
21.0725 0.0163745
21.0825 0.0163423
21.0925 0.0163432
21.1025 0.0163769
21.1125 0.016442
21.1225 0.0165361
21.1325 0.0166558
21.1425 0.0167967
21.1525 0.0169536
21.1625 0.0171204
21.1725 0.0172905
21.1825 0.0174568
21.1925 0.0176121
21.2025 0.0177488
21.2125 0.0178596
21.2225 0.0179376
21.2325 0.0179768
21.2425 0.017971
21.2525 0.0179157
21.2625 0.0178067
21.2725 0.0176414
21.2825 0.0174178
21.2925 0.0171355
21.3025 0.0167952
21.3125 0.0163984
21.3225 0.0159483
21.3325 0.0154487
21.3425 0.0149046
21.3525 0.0143214
21.3625 0.0137056
21.3725 0.0130636
21.3825 0.0124024
21.3925 0.0117291
21.4025 0.0110511
21.4125 0.0103749
21.4225 0.00970713
21.4325 0.00905391
21.4425 0.00842065
21.4525 0.00781211
21.4625 0.00723224
21.4725 0.00668386
21.4825 0.00616823
21.4925 0.00568524
21.5025 0.00523318
21.5125 0.00481263
21.5225 0.00442145
21.5325 0.00405732
21.5425 0.00371727
21.5525 0.00338733
21.5625 0.00305341
21.5725 0.00274355
21.5825 0.00244315
21.5925 0.00215215
21.6025 0.00186648
21.6125 0.00158179
21.6225 0.00129529
21.6325 0.00100343
21.6425 0.000702968
21.6525 0.000390938
21.6625 6.46485e-05
21.6725 -0.000278057
21.6825 -0.00063893
21.6925 -0.00101918
21.7025 -0.00141947
21.7125 -0.00183989
21.7225 -0.00227989
21.7325 -0.0027383
21.7425 -0.00321337
21.7525 -0.00370282
21.7625 -0.00420376
21.7725 -0.00471286
21.7825 -0.00522637
21.7925 -0.00574026
21.8025 -0.00625028
21.8125 -0.006752
21.8225 -0.0072409
21.8325 -0.00771251
21.8425 -0.00816248
21.8525 -0.00858666
21.8625 -0.00898127
21.8725 -0.00934291
21.8825 -0.00966875
21.8925 -0.00995662
21.9025 -0.0102051
21.9125 -0.0104136
21.9225 -0.0105824
21.9325 -0.0107126
21.9425 -0.010806
21.9525 -0.0108655
21.9625 -0.0108943
21.9725 -0.0108967
21.9825 -0.0108779
21.9925 -0.0108432
22.0025 -0.0107987
22.0125 -0.0107503
22.0225 -0.0107044
22.0325 -0.0106669
22.0425 -0.0106486
22.0525 -0.0106575
22.0625 -0.010683
22.0725 -0.0107328
22.0825 -0.010806
22.0925 -0.0109056
22.1025 -0.0110323
22.1125 -0.0111858
22.1225 -0.0113657
22.1325 -0.0115706
22.1425 -0.0117989
22.1525 -0.012048
22.1625 -0.0123138
22.1725 -0.0125946
22.1825 -0.0128874
22.1925 -0.0131887
22.2025 -0.0134958
22.2125 -0.0138031
22.2225 -0.0141069
22.2325 -0.0144031
22.2425 -0.0146872
22.2525 -0.0149556
22.2625 -0.0152045
22.2725 -0.0154279
22.2825 -0.0156249
22.2925 -0.0157973
22.3025 -0.0159406
22.3125 -0.0160546
22.3225 -0.016137
22.3325 -0.0161858
22.3425 -0.0162007
22.3525 -0.0161804
22.3625 -0.0161238
22.3725 -0.0160314
22.3825 -0.0159038
22.3925 -0.0157434
22.4025 -0.015552
22.4125 -0.0153325
22.4225 -0.0150882
22.4325 -0.0148229
22.4425 -0.0145405
22.4525 -0.0142451
22.4625 -0.0139408
22.4725 -0.0136315
22.4825 -0.013321
22.4925 -0.013013
22.5025 -0.0127104
22.5125 -0.0124162
22.5225 -0.0121326
22.5325 -0.0118613
22.5425 -0.0116036
22.5525 -0.0113598
22.5625 -0.0111295
22.5725 -0.0109119
22.5825 -0.0107051
22.5925 -0.0105068
22.6025 -0.0103142
22.6125 -0.0101239
22.6225 -0.00993214
22.6325 -0.00973492
22.6425 -0.00952817
22.6525 -0.00930785
22.6625 -0.00907012
22.6725 -0.00881146
22.6825 -0.00852879
22.6925 -0.00821961
22.7025 -0.00788203
22.7125 -0.00751485
22.7225 -0.00711763
22.7325 -0.00669069
22.7425 -0.00623509
22.7525 -0.00575265
22.7625 -0.0052459
22.7725 -0.00471809
22.7825 -0.00417288
22.7925 -0.00361478
22.8025 -0.00304867
22.8125 -0.00247921
22.8225 -0.00191143
22.8325 -0.00135168
22.8425 -0.000830798
22.8525 -0.000341382
22.8625 0.000151038
22.8725 0.00062078
22.8825 0.00107585
22.8925 0.00151521
22.9025 0.00193457
22.9125 0.0023383
22.9225 0.00272595
22.9325 0.00309762
22.9425 0.00345411
22.9525 0.00379679
22.9625 0.0041267
22.9725 0.00444527
22.9825 0.00475417
22.9925 0.0050549
23.0025 0.00534901
23.0125 0.00563795
23.0225 0.00592315
23.0325 0.00620578
23.0425 0.00648669
23.0525 0.00676656
23.0625 0.00704591
23.0725 0.00732501
23.0825 0.00760395
23.0925 0.00788276
23.1025 0.00816141
23.1125 0.00843981
23.1225 0.00871767
23.1325 0.00899455
23.1425 0.00926993
23.1525 0.00954328
23.1625 0.00981411
23.1725 0.010082
23.1825 0.0103464
23.1925 0.0106071
23.2025 0.0108638
23.2125 0.0111161
23.2225 0.0113638
23.2325 0.0116066
23.2425 0.0118445
23.2525 0.0120773
23.2625 0.012305
23.2725 0.0125275
23.2825 0.0127448
23.2925 0.0129569
23.3025 0.013164
23.3125 0.013366
23.3225 0.0135631
23.3325 0.0137553
23.3425 0.0139426
23.3525 0.0141252
23.3625 0.0143031
23.3725 0.0144764
23.3825 0.0146453
23.3925 0.0148097
23.4025 0.0149699
23.4125 0.0151259
23.4225 0.0152778
23.4325 0.0154257
23.4425 0.0155698
23.4525 0.0157102
23.4625 0.0158469
23.4725 0.0159801
23.4825 0.0161099
23.4925 0.0162364
23.5025 0.0163595
23.5125 0.0164792
23.5225 0.0165952
23.5325 0.0167069
23.5425 0.0168135
23.5525 0.0169149
23.5625 0.0170096
23.5725 0.0170964
23.5825 0.0171744
23.5925 0.0172421
23.6025 0.017298
23.6125 0.0173406
23.6225 0.0173684
23.6325 0.0173799
23.6425 0.0173734
23.6525 0.0173476
23.6625 0.0173012
23.6725 0.0172334
23.6825 0.0171437
23.6925 0.0170317
23.7025 0.0168977
23.7125 0.0167422
23.7225 0.016566
23.7325 0.0163707
23.7425 0.016158
23.7525 0.0159303
23.7625 0.0156901
23.7725 0.0154402
23.7825 0.0151837
23.7925 0.0149236
23.8025 0.0146629
23.8125 0.0144047
23.8225 0.0141517
23.8325 0.0139064
23.8425 0.0136708
23.8525 0.0134462
23.8625 0.0132336
23.8725 0.013033
23.8825 0.0128442
23.8925 0.0126663
23.9025 0.0124979
23.9125 0.0123375
23.9225 0.0121831
23.9325 0.0120327
23.9425 0.0118842
23.9525 0.0117356
23.9625 0.0115849
23.9725 0.0114305
23.9825 0.0112711
23.9925 0.0111048
24.0025 0.010931
24.0125 0.0107489
24.0225 0.0105581
24.0325 0.0103585
24.0425 0.0101498
24.0525 0.00993225
24.0625 0.00970628
24.0725 0.00947255
24.0825 0.009232
24.0925 0.00898575
24.1025 0.0087352
24.1125 0.00848199
24.1225 0.00822803
24.1325 0.00797543
24.1425 0.00772643
24.1525 0.00748344
24.1625 0.00724889
24.1725 0.00702523
24.1825 0.00681484
24.1925 0.00661994
24.2025 0.00644254
24.2125 0.00628437
24.2225 0.00614679
24.2325 0.00603076
24.2425 0.00593675
24.2525 0.00586474
24.2625 0.00581415
24.2725 0.00578397
24.2825 0.00577254
24.2925 0.00577784
24.3025 0.00579738
24.3125 0.00582853
24.3225 0.00586807
24.3325 0.00591262
24.3425 0.00595868
24.3525 0.00600265
24.3625 0.00604105
24.3725 0.0060705
24.3825 0.00608756
24.3925 0.00609007
24.4025 0.00607592
24.4125 0.00604319
24.4225 0.00599086
24.4325 0.00591817
24.4425 0.00582494
24.4525 0.00571149
24.4625 0.00557853
24.4725 0.00542725
24.4825 0.00525924
24.4925 0.00507637
24.5025 0.00488076
24.5125 0.00467464
24.5225 0.00446039
24.5325 0.00423937
24.5425 0.00401375
24.5525 0.00378495
24.5625 0.00354913
24.5725 0.00330781
24.5825 0.00307273
24.5925 0.00284187
24.6025 0.00261848
24.6125 0.00240377
24.6225 0.00219866
24.6325 0.00200431
24.6425 0.00182107
24.6525 0.00164896
24.6625 0.00148791
24.6725 0.00133727
24.6825 0.00119639
24.6925 0.00106364
24.7025 0.000937488
24.7125 0.000816209
24.7225 0.000697737
24.7325 0.000579809
24.7425 0.000459888
24.7525 0.000335446
24.7625 0.00020396
24.7725 6.29935e-05
24.7825 -8.97694e-05
24.7925 -0.000256381
24.8025 -0.00043866
24.8125 -0.00063803
24.8225 -0.00085554
24.8325 -0.00109183
24.8425 -0.00134709
24.8525 -0.001621
24.8625 -0.00191275
24.8725 -0.002221
24.8825 -0.00254394
24.8925 -0.00287925
24.9025 -0.00322412
24.9125 -0.00357538
24.9225 -0.00392944
24.9325 -0.00428245
24.9425 -0.00463032
24.9525 -0.00496882
24.9625 -0.00529368
24.9725 -0.00560067
24.9825 -0.00588577
24.9925 -0.00614517
25.0025 -0.00637545
25.0125 -0.00657364
25.0225 -0.00673727
25.0325 -0.00686445
25.0425 -0.00695389
25.0525 -0.00700498
25.0625 -0.00701771
25.0725 -0.00699265
25.0825 -0.00693116
25.0925 -0.00683558
25.1025 -0.00670904
25.1125 -0.00655511
25.1225 -0.00637804
25.1325 -0.00618251
25.1425 -0.00597359
25.1525 -0.00575657
25.1625 -0.00553687
25.1725 -0.00531985
25.1825 -0.00511073
25.1925 -0.0049144
25.2025 -0.0047353
25.2125 -0.00457729
25.2225 -0.00444347
25.2325 -0.00433617
25.2425 -0.00425675
25.2525 -0.00420564
25.2625 -0.00418228
25.2725 -0.00418516
25.2825 -0.00421187
25.2925 -0.00425916
25.3025 -0.00432308
25.3125 -0.00439909
25.3225 -0.00448219
25.3325 -0.00456712
25.3425 -0.0046485
25.3525 -0.00472099
25.3625 -0.00477943
25.3725 -0.00481907
25.3825 -0.00483561
25.3925 -0.00482542
25.4025 -0.00478564
25.4125 -0.00471424
25.4225 -0.00460975
25.4325 -0.00447191
25.4425 -0.00430079
25.4525 -0.00409746
25.4625 -0.00386371
25.4725 -0.003602
25.4825 -0.00331544
25.4925 -0.00300763
25.5025 -0.00268256
25.5125 -0.0023447
25.5225 -0.00199841
25.5325 -0.00164831
25.5425 -0.00129867
25.5525 -0.000953687
25.5625 -0.000617201
25.5725 -0.000292609
25.5825 1.72232e-05
25.5925 0.000310028
25.6025 0.000584057
25.6125 0.000836775
25.6225 0.00107106
25.6325 0.00127268
25.6425 0.00144266
25.6525 0.00161355
25.6625 0.00177071
25.6725 0.00191991
25.6825 0.00207011
25.6925 0.00222051
25.7025 0.00237897
25.7125 0.00255038
25.7225 0.00273882
25.7325 0.00295034
25.7425 0.00318958
25.7525 0.00346116
25.7625 0.00376974
25.7725 0.00411892
25.7825 0.00451176
25.7925 0.00495066
25.8025 0.00543743
25.8125 0.00597325
25.8225 0.00655796
25.8325 0.00719081
25.8425 0.00787028
25.8525 0.0085941
25.8625 0.0093586
25.8725 0.0101594
25.8825 0.0109912
25.8925 0.011848
25.9025 0.0127234
25.9125 0.01361
25.9225 0.0145006
25.9325 0.0153872
25.9425 0.016262
25.9525 0.0171175
25.9625 0.0179463
25.9725 0.0187413
25.9825 0.0194963
25.9925 0.0202057
26.0025 0.0208651
26.0125 0.0214707
26.0225 0.02202
26.0325 0.0225117
26.0425 0.0229455
26.0525 0.0233222
26.0625 0.0236437
26.0725 0.0239129
26.0825 0.0241335
26.0925 0.02431
26.1025 0.0244477
26.1125 0.0245523
26.1225 0.0246302
26.1325 0.024688
26.1425 0.024732
26.1525 0.0247686
26.1625 0.0248039
26.1725 0.0248432
26.1825 0.0248915
26.1925 0.0249527
26.2025 0.0250309
26.2125 0.0251278
26.2225 0.0252429
26.2325 0.0253778
26.2425 0.0255319
26.2525 0.0257035
26.2625 0.02589
26.2725 0.0260946
26.2825 0.0263102
26.2925 0.0265254
26.3025 0.0267399
26.3125 0.0269469
26.3225 0.0271445
26.3325 0.0273294
26.3425 0.0274942
26.3525 0.027639
26.3625 0.027759
26.3725 0.0278497
26.3825 0.0279098
26.3925 0.0279373
26.4025 0.0279321
26.4125 0.027894
26.4225 0.0278219
26.4325 0.0277155
26.4425 0.0275755
26.4525 0.0274036
26.4625 0.0272024
26.4725 0.0269741
26.4825 0.026722
26.4925 0.0264501
26.5025 0.0261627
26.5125 0.0258645
26.5225 0.0255601
26.5325 0.0252543
26.5425 0.0249522
26.5525 0.02466
26.5625 0.0243816
26.5725 0.0241185
26.5825 0.0238763
26.5925 0.0236576
26.6025 0.0234651
26.6125 0.0233014
26.6225 0.023168
26.6325 0.0230661
26.6425 0.0229964
26.6525 0.0229588
26.6625 0.0229526
26.6725 0.0229764
26.6825 0.0230286
26.6925 0.0231069
26.7025 0.0232087
26.7125 0.023331
26.7225 0.0234705
26.7325 0.0236235
26.7425 0.0237862
26.7525 0.0239548
26.7625 0.0241253
26.7725 0.0242936
26.7825 0.0244557
26.7925 0.0246077
26.8025 0.0247459
26.8125 0.0248672
26.8225 0.0249686
26.8325 0.0250479
26.8425 0.0251032
26.8525 0.0251335
26.8625 0.0251381
26.8725 0.0251171
26.8825 0.0250714
26.8925 0.0250022
26.9025 0.0249115
26.9125 0.0248015
26.9225 0.0246751
26.9325 0.0245353
26.9425 0.0243852
26.9525 0.0242282
26.9625 0.0240675
26.9725 0.023906
26.9825 0.0237468
26.9925 0.0235923
27.0025 0.0234447
27.0125 0.0233055
27.0225 0.0231759
27.0325 0.0230567
27.0425 0.022948
27.0525 0.0228493
27.0625 0.0227599
27.0725 0.0226784
27.0825 0.0226032
27.0925 0.0225321
27.1025 0.0224628
27.1125 0.0223928
27.1225 0.0223193
27.1325 0.0222398
27.1425 0.0221514
27.1525 0.0220517
27.1625 0.0219382
27.1725 0.021809
27.1825 0.0216623
27.1925 0.021497
27.2025 0.0213122
27.2125 0.0211079
27.2225 0.0208845
27.2325 0.0206432
27.2425 0.0203862
27.2525 0.0201152
27.2625 0.0198331
27.2725 0.0195435
27.2825 0.0192499
27.2925 0.0189563
27.3025 0.0186662
27.3125 0.0183835
27.3225 0.0181118
27.3325 0.0178544
27.3425 0.0176142
27.3525 0.0173937
27.3625 0.0171945
27.3725 0.0170178
27.3825 0.016864
27.3925 0.016733
27.4025 0.0166237
27.4125 0.0165346
27.4225 0.0164634
27.4325 0.0164076
27.4425 0.0163638
27.4525 0.0163284
27.4625 0.0162976
27.4725 0.0162673
27.4825 0.0162334
27.4925 0.0161918
27.5025 0.0161384
27.5125 0.0160692
27.5225 0.0159809
27.5325 0.01587
27.5425 0.0157337
27.5525 0.0155683
27.5625 0.0153735
27.5725 0.0151478
27.5825 0.0148896
27.5925 0.0145989
27.6025 0.0142754
27.6125 0.0139195
27.6225 0.0135322
27.6325 0.0131149
27.6425 0.0126693
27.6525 0.0121977
27.6625 0.0117025
27.6725 0.0111865
27.6825 0.0106524
27.6925 0.0101033
27.7025 0.00954206
27.7125 0.00897216
27.7225 0.0083957
27.7325 0.00781095
27.7425 0.00722077
27.7525 0.00662439
27.7625 0.00602286
27.7725 0.00540256
27.7825 0.00474592
27.7925 0.00409949
27.8025 0.00344683
27.8125 0.00279375
27.8225 0.00214184
27.8325 0.00148985
27.8425 0.000839192
27.8525 0.000190108
27.8625 -0.000457542
27.8725 -0.00110361
27.8825 -0.00174745
27.8925 -0.00239172
27.9025 -0.00303471
27.9125 -0.0036772
27.9225 -0.00431997
27.9325 -0.00496326
27.9425 -0.00560791
27.9525 -0.00625405
27.9625 -0.00690204
27.9725 -0.00755226
27.9825 -0.008205
27.9925 -0.00886045
28.0025 -0.00951858
28.0125 -0.0101792
28.0225 -0.0108421
28.0325 -0.0115068
28.0425 -0.0121725
28.0525 -0.0128382
28.0625 -0.0135028
28.0725 -0.0141646
28.0825 -0.0148223
28.0925 -0.0154801
28.1025 -0.0160307
28.1125 -0.0150635
28.1225 -0.0162034
28.1325 -0.0170126
28.1425 -0.0174881
28.1525 -0.0184
28.1625 -0.01905
28.1725 -0.0197803
28.1825 -0.0205434
28.1925 -0.0212302
28.2025 -0.022019
28.2125 -0.0228879
28.2225 -0.0233783
28.2325 -0.0241869
28.2425 -0.0250604
28.2525 -0.0257994
28.2625 -0.0265114
28.2725 -0.0271692
28.2825 -0.0278339
28.2925 -0.0285278
28.3025 -0.0291795
28.3125 -0.0297569
28.3225 -0.0302626
28.3325 -0.030722
28.3425 -0.0311569
28.3525 -0.0315502
28.3625 -0.0318775
28.3725 -0.0321329
28.3825 -0.0323259
28.3925 -0.032477
28.4025 -0.0325864
28.4125 -0.0326443
28.4225 -0.0326507
28.4325 -0.0326096
28.4425 -0.0325411
28.4525 -0.0324562
28.4625 -0.0323506
28.4725 -0.0322321
28.4825 -0.0321063
28.4925 -0.0319821
28.5025 -0.0318694
28.5125 -0.031771
28.5225 -0.0316895
28.5325 -0.0316287
28.5425 -0.031593
28.5525 -0.0315862
28.5625 -0.0316099
28.5725 -0.0316631
28.5825 -0.0317443
28.5925 -0.0318521
28.6025 -0.0319844
28.6125 -0.0321378
28.6225 -0.0323075
28.6325 -0.032488
28.6425 -0.0326728
28.6525 -0.0328559
28.6625 -0.0330309
28.6725 -0.0331909
28.685 -0.0336771
28.695 -0.0354813
28.705 -0.0357036
28.715 -0.0349729
28.725 -0.0353951
28.735 -0.0360064
28.745 -0.0359308
28.755 -0.0360138
28.765 -0.0364121
28.775 -0.0365617
28.785 -0.0365785
28.795 -0.0367195
28.805 -0.0368354
28.815 -0.0368294
28.825 -0.0368049
28.835 -0.0367688
28.845 -0.0366636
28.855 -0.0365152
28.865 -0.0363513
28.875 -0.0361473
28.885 -0.0358983
28.895 -0.0356249
28.905 -0.035341
28.915 -0.0350331
28.925 -0.0346612
28.935 -0.0343584
28.945 -0.0340361
28.955 -0.0336367
28.965 -0.0332415
28.975 -0.0329136
28.985 -0.0326113
28.995 -0.0322895
29.005 -0.031979
29.015 -0.031722
29.025 -0.0315095
29.035 -0.0313234
29.045 -0.0311835
29.055 -0.0311025
29.065 -0.0310668
29.075 -0.0310697
29.085 -0.0311254
29.095 -0.0312448
29.105 -0.0314177
29.115 -0.0316313
29.125 -0.0318892
29.135 -0.0321944
29.145 -0.0325388
29.155 -0.0329169
29.165 -0.0333243
29.175 -0.0337521
29.185 -0.0341927
29.195 -0.0346413
29.205 -0.0350916
29.215 -0.0355347
29.225 -0.0359616
29.235 -0.0363626
29.245 -0.0367355
29.255 -0.037076
29.265 -0.037377
29.275 -0.0376336
29.285 -0.0378428
29.295 -0.0380015
29.305 -0.0381076
29.315 -0.0381613
29.325 -0.0381624
29.335 -0.0381118
29.345 -0.038012
29.355 -0.0378665
29.365 -0.0376795
29.375 -0.0374562
29.385 -0.0372023
29.395 -0.036924
29.405 -0.0366279
29.415 -0.0363212
29.425 -0.0360109
29.435 -0.0357043
29.445 -0.0354082
29.455 -0.0351294
29.465 -0.0348736
29.475 -0.0346461
29.485 -0.0344513
29.495 -0.0342933
29.505 -0.0341778
29.515 -0.0341057
29.525 -0.0340769
29.535 -0.0340929
29.545 -0.0341536
29.555 -0.0342571
29.565 -0.0344008
29.575 -0.0345818
29.585 -0.0347959
29.595 -0.0350383
29.605 -0.035304
29.615 -0.035587
29.625 -0.0358809
29.635 -0.0361792
29.645 -0.0364754
29.655 -0.0367627
29.665 -0.0370346
29.675 -0.0372847
29.685 -0.0375049
29.695 -0.0376876
29.705 -0.037836
29.715 -0.0379468
29.725 -0.0380108
29.735 -0.0380274
29.745 -0.037998
29.755 -0.0379204
29.765 -0.0377928
29.775 -0.0376183
29.785 -0.0374002
29.795 -0.0371404
29.805 -0.0368434
29.815 -0.0365178
29.825 -0.0361734
29.835 -0.0358061
29.845 -0.0354184
29.855 -0.035025
29.865 -0.0346324
29.875 -0.0342418
29.885 -0.0338591
29.895 -0.0334933
29.905 -0.033149
29.915 -0.0328281
29.925 -0.0325339
29.935 -0.0322713
29.945 -0.032043
29.955 -0.0318488
29.965 -0.0316887
29.975 -0.031563
29.985 -0.0314708
29.995 -0.0314103
30.005 -0.03138
30.015 -0.0313767
30.025 -0.0313957
30.035 -0.0314329
30.045 -0.0314843
30.055 -0.0315448
30.065 -0.0316093
30.075 -0.0316727
30.085 -0.0317299
30.095 -0.031776
30.105 -0.0318066
30.115 -0.0318174
30.125 -0.0318046
30.135 -0.0317649
30.145 -0.0316956
30.155 -0.0315948
30.165 -0.0314614
30.175 -0.031295
30.185 -0.0310961
30.195 -0.030866
30.205 -0.0306069
30.215 -0.0303219
30.225 -0.0300146
30.235 -0.0296892
30.245 -0.0293506
30.255 -0.029004
30.265 -0.028655
30.275 -0.0283089
30.285 -0.0279717
30.295 -0.0276493
30.305 -0.0273474
30.315 -0.0270709
30.325 -0.0268248
30.335 -0.0266135
30.345 -0.0264416
30.355 -0.0263141
30.365 -0.0262311
30.375 -0.0261934
30.385 -0.0262034
30.395 -0.0262623
30.405 -0.0263685
30.415 -0.0265206
30.425 -0.0267182
30.435 -0.0269586
30.445 -0.0272377
30.455 -0.0275492
30.465 -0.0278827
30.475 -0.0282449
30.485 -0.0286358
30.495 -0.0290396
30.505 -0.029452
30.515 -0.0298741
30.525 -0.0303005
30.535 -0.030722
30.545 -0.031137
30.555 -0.0315428
30.565 -0.0319296
30.575 -0.0322942
30.585 -0.0326359
30.595 -0.0329511
30.605 -0.0332353
30.615 -0.0334867
30.625 -0.0337054
30.635 -0.0338893
30.645 -0.0340357
30.655 -0.0341459
30.665 -0.0342218
30.675 -0.0342639
30.685 -0.0342743
30.695 -0.0342565
30.705 -0.034214
30.715 -0.0341505
30.725 -0.0340705
30.735 -0.0339788
30.745 -0.03388
30.755 -0.0337791
30.765 -0.0336819
30.775 -0.033603
30.785 -0.0335438
30.795 -0.0334879
30.805 -0.0334462
30.815 -0.0334333
30.825 -0.033445
30.835 -0.0334766
30.845 -0.0335334
30.855 -0.0336196
30.865 -0.0337319
30.875 -0.0338674
30.885 -0.0340224
30.895 -0.0341973
30.905 -0.0343964
30.915 -0.0346106
30.925 -0.0348329
30.935 -0.0350647
30.945 -0.0353046
30.955 -0.035526
30.965 -0.0355531
30.975 -0.0357966
30.985 -0.0361132
30.995 -0.0361889
31.005 -0.0362969
31.015 -0.0364581
31.025 -0.0365454
31.035 -0.0365677
31.045 -0.0365988
31.055 -0.0366186
31.065 -0.0365881
31.075 -0.0365328
31.085 -0.0364709
31.095 -0.0363866
31.105 -0.0362721
31.115 -0.0361418
31.125 -0.0360045
31.135 -0.0358522
31.145 -0.0356811
31.155 -0.035501
31.165 -0.0353189
31.175 -0.0351311
31.185 -0.0349344
31.195 -0.034732
31.205 -0.0345279
31.215 -0.034321
31.225 -0.0341098
31.235 -0.0338951
31.245 -0.033677
31.255 -0.0334541
31.265 -0.0332251
31.275 -0.03299
31.285 -0.032748
31.295 -0.032498
31.305 -0.0322379
31.315 -0.0319669
31.325 -0.031684
31.335 -0.0313881
31.345 -0.0310778
31.355 -0.0307521
31.365 -0.0304103
31.375 -0.0300515
31.385 -0.0296755
31.395 -0.0292817
31.405 -0.02887
31.415 -0.0284406
31.425 -0.027994
31.435 -0.0275307
31.445 -0.0270517
31.455 -0.0265582
31.465 -0.0260515
31.475 -0.0255331
31.485 -0.0250048
31.495 -0.0244684
31.505 -0.0239259
31.515 -0.0233793
31.525 -0.0228306
31.535 -0.0222817
31.545 -0.0217346
31.555 -0.021191
31.565 -0.0206527
31.575 -0.020121
31.585 -0.0195974
31.595 -0.0190828
31.605 -0.0185783
31.615 -0.0180844
31.625 -0.0176017
31.635 -0.0171303
31.645 -0.0166704
31.655 -0.0162216
31.665 -0.0157817
31.675 -0.0153481
31.685 -0.0149264
31.695 -0.0145136
31.705 -0.0141057
31.715 -0.0137038
31.725 -0.0133076
31.735 -0.0129142
31.745 -0.0125142
31.755 -0.0121099
31.765 -0.0117183
31.775 -0.011336
31.785 -0.0109489
31.795 -0.0105625
31.805 -0.0101856
31.815 -0.0098162
31.825 -0.00944845
31.835 -0.00908728
31.845 -0.00877557
31.855 -0.00847839
31.865 -0.0081705
31.875 -0.00788849
31.885 -0.00762466
31.895 -0.00737512
31.905 -0.00715067
31.915 -0.0069475
31.925 -0.00677718
31.935 -0.00664322
31.945 -0.0065395
31.955 -0.00647015
31.965 -0.00643962
31.975 -0.00644793
31.985 -0.006495
31.995 -0.00657926
32.0075 -0.00673281
32.02 -0.0069385
32.0325 -0.00719226
32.045 -0.00748793
32.0575 -0.00781978
32.07 -0.00818191
32.0825 -0.00856743
32.095 -0.00897615
32.1075 -0.00939629
32.12 -0.00982269
32.1325 -0.0102738
32.145 -0.0107883
32.1575 -0.0112948
32.17 -0.0117923
32.1825 -0.0123078
32.195 -0.012841
32.2075 -0.0133705
32.22 -0.0139041
32.2325 -0.014438
32.245 -0.0149668
32.2575 -0.0154935
32.27 -0.0160109
32.2825 -0.0165148
32.295 -0.0170059
32.3075 -0.0174845
32.32 -0.0179545
32.3325 -0.0183925
32.345 -0.0187994
32.3575 -0.019183
32.37 -0.0195301
32.3825 -0.019837
32.395 -0.020109
32.4075 -0.0203397
32.42 -0.0205251
32.4325 -0.020669
32.445 -0.0207715
32.4575 -0.0208311
32.47 -0.0208507
32.4825 -0.0208333
32.495 -0.0207809
32.5075 -0.0206975
32.52 -0.0205875
32.5325 -0.0204547
32.545 -0.0203036
32.5575 -0.0201391
32.57 -0.0199651
32.5825 -0.0197855
32.595 -0.0196037
32.6075 -0.0194228
32.62 -0.0192448
32.6325 -0.019071
32.645 -0.0189019
32.6575 -0.0187371
32.67 -0.0185753
32.6825 -0.0184146
32.695 -0.0182524
32.7075 -0.0180861
32.72 -0.0179128
32.7325 -0.0177272
32.745 -0.017525
32.7575 -0.0173018
32.77 -0.0170525
32.7825 -0.0167725
32.795 -0.0164573
32.8075 -0.0161026
32.82 -0.0157043
32.8325 -0.0152591
32.845 -0.0147644
32.8575 -0.0142183
32.87 -0.0136201
32.8825 -0.0129696
32.895 -0.0122681
32.9075 -0.0115175
32.92 -0.0107211
32.9325 -0.00988293
32.945 -0.00900775
32.9575 -0.00810111
32.97 -0.00716907
32.9825 -0.00621625
32.995 -0.00524431
33.0075 -0.0042701
33.02 -0.00329312
33.0325 -0.00231914
33.045 -0.00135568
33.0575 -0.000404178
33.07 0.000508693
33.0825 0.00132337
33.095 0.0021439
33.1075 0.00291305
33.12 0.00364066
33.1325 0.00429241
33.145 0.00487764
33.1575 0.0053984
33.17 0.00583706
33.1825 0.00619766
33.195 0.00647904
33.2075 0.00669372
33.22 0.00684061
33.2325 0.00692735
33.245 0.0069084
33.2575 0.00689919
33.27 0.00685573
33.2825 0.00676981
33.295 0.00670457
33.3075 0.0066322
33.32 0.00659398
33.3325 0.00657902
33.345 0.00661418
33.3575 0.00670334
33.37 0.00685407
33.3825 0.00706958
33.395 0.00735341
33.4075 0.00770407
33.42 0.00811863
33.4325 0.00859273
33.445 0.00911795
33.4575 0.00968503
33.47 0.0102823
33.4825 0.010897
33.495 0.0115153
33.5075 0.0121214
33.52 0.0127049
33.5325 0.0132576
33.545 0.0137678
33.5575 0.0142249
33.57 0.014622
33.5825 0.0149556
33.595 0.0152237
33.6075 0.015426
33.62 0.0155652
33.6325 0.0156477
33.645 0.015682
33.6575 0.0156743
33.67 0.0156367
33.6825 0.01558
33.695 0.0155175
33.7075 0.015462
33.72 0.0154257
33.7325 0.0154152
33.745 0.015448
33.7575 0.0155263
33.77 0.0156489
33.7825 0.0158331
33.795 0.0160781
33.8075 0.0163811
33.82 0.0167396
33.8325 0.0171499
33.845 0.0176085
33.8575 0.0181057
33.87 0.0186322
33.8825 0.0191775
33.895 0.019731
33.9075 0.0202805
33.92 0.0208141
33.9325 0.0213203
33.945 0.0217896
33.9575 0.0222141
33.97 0.0225867
33.9825 0.0229021
33.995 0.0231575
34.0075 0.0233522
34.02 0.023488
34.0325 0.0235689
34.045 0.0236007
34.0575 0.0235911
34.07 0.0235492
34.0825 0.0234852
34.095 0.0234095
34.1075 0.0233327
34.12 0.0232648
34.1325 0.0232151
34.145 0.0231926
34.1575 0.0232215
34.17 0.0232864
34.1825 0.0243172
34.195 0.0256761
34.2075 0.0252719
34.22 0.0258147
34.2325 0.0268555
34.245 0.0273019
34.2575 0.0280006
34.27 0.0289128
34.2825 0.0295878
34.295 0.0302748
34.3075 0.0310056
34.32 0.0315407
34.3325 0.0322462
34.345 0.0331344
34.3575 0.0337714
34.37 0.0342156
34.3825 0.0346769
34.395 0.0350877
34.4075 0.0353315
34.42 0.0353849
34.4325 0.0352821
34.445 0.035073
34.4575 0.0347364
34.47 0.0342241
34.4825 0.0335656
34.495 0.032828
34.5075 0.03203
34.52 0.0311344
34.5325 0.0301722
34.545 0.0291935
34.5575 0.0282152
34.57 0.0272535
34.5825 0.0263337
34.595 0.0254734
34.6075 0.0246927
34.62 0.0240106
34.6325 0.0234447
34.645 0.0229399
34.6575 0.022543
34.67 0.0223168
34.6825 0.0222162
34.695 0.0222182
34.7075 0.0223391
34.72 0.0225749
34.7325 0.0229137
34.745 0.0233293
34.7575 0.0237962
34.77 0.0243016
34.7825 0.0248318
34.795 0.0253608
34.8075 0.0258604
34.82 0.0263053
34.8325 0.0266644
34.845 0.0269549
34.8575 0.0271647
34.87 0.027256
34.8825 0.0272356
34.895 0.0271112
34.9075 0.0268695
34.92 0.0265141
34.9325 0.0260599
34.945 0.0255107
34.9575 0.0248808
34.97 0.0241908
34.9825 0.0234555
34.995 0.0226953
35.0075 0.0219324
35.02 0.0211911
35.0325 0.0204901
35.045 0.0198376
35.0575 0.0192534
35.07 0.0187519
35.0825 0.0183411
35.095 0.0180314
35.1075 0.0178234
35.12 0.0177192
35.1325 0.0177171
35.145 0.0178155
35.1575 0.018006
35.17 0.0182775
35.1825 0.0186188
35.195 0.0190166
35.2075 0.0194558
35.22 0.0199199
35.2325 0.0203921
35.245 0.0208537
35.2575 0.0212931
35.27 0.0216968
35.2825 0.0220503
35.295 0.0223418
35.3075 0.022564
35.32 0.0227095
35.3325 0.0227732
35.345 0.0227528
35.3575 0.0226479
35.37 0.0224628
35.3825 0.0222035
35.395 0.0218779
35.4075 0.0214967
35.42 0.0210717
35.4325 0.0206159
35.445 0.020143
35.4575 0.0196666
35.47 0.0192001
35.4825 0.0187592
35.495 0.0183685
35.5075 0.0180149
35.52 0.0176955
35.5325 0.0174375
35.545 0.017237
35.5575 0.0170872
35.57 0.0169959
35.5825 0.0169603
35.595 0.0169663
35.6075 0.0170118
35.62 0.0170912
35.6325 0.0171902
35.645 0.0172961
35.6575 0.0173997
35.67 0.0174868
35.6825 0.0175428
35.695 0.0175561
35.7075 0.0175144
35.72 0.0174054
35.7325 0.0172193
35.745 0.0169484
35.7575 0.0165855
35.77 0.016126
35.7825 0.015568
35.795 0.0149112
35.8075 0.0141576
35.82 0.013312
35.8325 0.012382
35.845 0.0113768
35.8575 0.0103073
35.87 0.00918647
35.8825 0.00802798
35.895 0.0068464
35.9075 0.00565674
35.92 0.0044739
35.9325 0.00331231
35.945 0.00218537
35.9575 0.00110511
35.97 8.19972e-05
35.9825 -0.000875473
35.995 -0.00176058
36.0075 -0.00256705
36.02 -0.00329512
36.0325 -0.00394766
36.045 -0.00452848
36.0575 -0.00504572
36.07 -0.0055095
36.0825 -0.00593144
36.095 -0.00632539
36.1075 -0.00670616
36.12 -0.00708916
36.1325 -0.00749011
36.145 -0.00792443
36.1575 -0.00840667
36.17 -0.0089503
36.1825 -0.00958123
36.195 -0.0103069
36.2075 -0.0110958
36.22 -0.0119747
36.2325 -0.0129529
36.245 -0.0140082
36.2575 -0.015141
36.27 -0.0163563
36.2825 -0.0176309
36.295 -0.018951
36.3075 -0.0203198
36.32 -0.021723
36.3325 -0.0231405
36.345 -0.024563
36.3575 -0.0259795
36.37 -0.0273731
36.3825 -0.0287324
36.395 -0.0300483
36.4075 -0.0313083
36.42 -0.0325037
36.4325 -0.0336293
36.445 -0.0346796
36.4575 -0.0356506
36.47 -0.0365422
36.4825 -0.0373556
36.495 -0.0380933
36.5075 -0.0387599
36.52 -0.0393619
36.5325 -0.0399073
36.545 -0.040406
36.5575 -0.0408685
36.57 -0.0413059
36.5825 -0.04173
36.595 -0.0421522
36.6075 -0.0425841
36.62 -0.0430362
36.6325 -0.0435182
36.645 -0.0440385
36.6575 -0.044604
36.67 -0.04522
36.6825 -0.0458899
36.695 -0.0466156
36.7075 -0.0473986
36.72 -0.0482357
36.7325 -0.0491214
36.745 -0.05005
36.7575 -0.0510127
36.77 -0.0519996
36.7825 -0.0530002
36.795 -0.0540029
36.8075 -0.0549955
36.82 -0.0559661
36.8325 -0.0568996
36.845 -0.0577889
36.8575 -0.0586264
36.87 -0.0594014
36.8825 -0.060108
36.895 -0.0607422
36.9075 -0.0612996
36.92 -0.0617794
36.9325 -0.0621833
36.945 -0.0625147
36.9575 -0.062779
36.97 -0.0629838
36.9825 -0.0631377
36.995 -0.0632512
37.0075 -0.0633354
37.02 -0.0634021
37.0325 -0.0634633
37.045 -0.0635308
37.0575 -0.0636163
37.07 -0.0637307
37.0825 -0.0638841
37.095 -0.0640851
37.1075 -0.064341
37.12 -0.0646578
37.1325 -0.0650395
37.145 -0.0654886
37.1575 -0.0660058
37.17 -0.0665901
37.1825 -0.0672388
37.195 -0.0679478
37.2075 -0.0687117
37.22 -0.0695239
37.2325 -0.070377
37.245 -0.071263
37.2575 -0.072167
37.27 -0.0730769
37.2825 -0.0740076
37.295 -0.0749411
37.3075 -0.0758634
37.32 -0.0767789
37.3325 -0.0776794
37.345 -0.078553
37.3575 -0.0794006
37.37 -0.0802202
37.3825 -0.0810048
37.395 -0.0817541
37.4075 -0.0824686
37.42 -0.0831468
37.4325 -0.0837933
37.445 -0.0844117
37.4575 -0.0850067
37.47 -0.0855853
37.4825 -0.0861545
37.495 -0.086722
37.5075 -0.087296
37.52 -0.0878909
37.5325 -0.0885103
37.545 -0.0891513
37.5575 -0.0898288
37.57 -0.090546
37.5825 -0.0913035
37.595 -0.0921062
