0.0025 1.37812e-05
0.0125 1.3781e-05
0.0225 1.37804e-05
0.035 1.37805e-05
0.045 1.37821e-05
0.055 1.37865e-05
0.065 1.37948e-05
0.075 1.38081e-05
0.085 1.38274e-05
0.095 1.38532e-05
0.105 1.38858e-05
0.115 1.39246e-05
0.125 1.39684e-05
0.135 1.40151e-05
0.145 1.40616e-05
0.155 1.41038e-05
0.165 1.41365e-05
0.175 1.41534e-05
0.185 1.41469e-05
0.195 1.41086e-05
0.205 1.40289e-05
0.215 1.38974e-05
0.225 1.3703e-05
0.235 1.3434e-05
0.245 1.30783e-05
0.255 1.26235e-05
0.265 1.20576e-05
0.275 1.13687e-05
0.285 1.05453e-05
0.295 9.57688e-06
0.305 8.45386e-06
0.315 7.16787e-06
0.325 5.712e-06
0.335 4.08089e-06
0.345 2.27089e-06
0.355 2.80029e-07
0.365 -1.89196e-06
0.375 -4.24357e-06
0.385 -6.77142e-06
0.395 -9.47029e-06
0.405 -1.23332e-05
0.415 -1.5352e-05
0.425 -1.85167e-05
0.435 -2.18164e-05
0.445 -2.52401e-05
0.455 -2.87743e-05
0.465 -3.2404e-05
0.475 -3.61129e-05
0.485 -3.98831e-05
0.495 -4.3696e-05
0.5075 -4.84927e-05
0.52 -5.32866e-05
0.5325 -5.80366e-05
0.545 -6.26993e-05
0.5575 -6.72293e-05
0.57 -7.15801e-05
0.5825 -7.57091e-05
0.595 -7.95819e-05
0.6075 -8.31716e-05
0.62 -8.64612e-05
0.6325 -8.94395e-05
0.645 -9.21e-05
0.6575 -9.44405e-05
0.67 -9.64662e-05
0.6825 -9.81902e-05
0.695 -9.96333e-05
0.7075 -0.000100822
0.72 -0.000101788
0.7325 -0.00010257
0.745 -0.000103218
0.7575 -0.000103796
0.77 -0.000104399
0.7825 -0.000105151
0.795 -0.000106207
0.8075 -0.000107744
0.82 -0.000109954
0.8325 -0.000113036
0.845 -0.000117187
0.8575 -0.000122586
0.87 -0.000129368
0.8825 -0.000137592
0.895 -0.00014722
0.9075 -0.000158104
0.92 -0.000169983
0.9325 -0.000182476
0.945 -0.00019509
0.9575 -0.000207216
0.97 -0.000218163
0.9825 -0.000227194
0.995 -0.000233585
1.005 -0.000236347
1.0175 -0.000236377
1.03 -0.000232186
1.0425 -0.000223492
1.055 -0.000210201
1.0675 -0.000192418
1.08 -0.000170445
1.0925 -0.000144774
1.105 -0.000116058
1.1175 -8.50511e-05
1.13 -5.25483e-05
1.1425 -1.93433e-05
1.155 1.37907e-05
1.1675 4.6057e-05
1.18 7.66816e-05
1.1925 0.000104944
1.205 0.000130201
1.2175 0.000151914
1.23 0.000169667
1.2425 0.000183211
1.255 0.000192484
1.2675 0.00019761
1.28 0.00019887
1.2925 0.000196682
1.305 0.000191554
1.3175 0.000184045
1.33 0.000174715
1.3425 0.000164098
1.355 0.000152668
1.3675 0.000140831
1.38 0.000128936
1.3925 0.000117261
1.405 0.00010597
1.4175 9.5069e-05
1.43 8.44063e-05
1.4425 7.37051e-05
1.455 6.26e-05
1.4675 5.06676e-05
1.48 3.74474e-05
1.4925 2.24706e-05
1.505 5.29233e-06
1.5175 -1.44745e-05
1.53 -3.71141e-05
1.5425 -6.27659e-05
1.555 -9.14044e-05
1.5675 -0.00012279
1.58 -0.000156462
1.5925 -0.000191749
1.605 -0.0002278
1.6175 -0.000263618
1.63 -0.000298047
1.6425 -0.000329744
1.655 -0.000357199
1.6675 -0.000378783
1.68 -0.000392846
1.6925 -0.000397823
1.705 -0.000392311
1.7175 -0.000375128
1.73 -0.000345344
1.7425 -0.000302325
1.755 -0.000245751
1.7675 -0.000175653
1.78 -9.24541e-05
1.7925 2.99168e-06
1.805 0.000109405
1.8175 0.00022514
1.83 0.000348093
1.8425 0.000475913
1.855 0.000605989
1.8675 0.000735614
1.88 0.000862135
1.8925 0.000983122
1.905 0.00109651
1.9175 0.00120072
1.93 0.00129465
1.9425 0.00137774
1.955 0.00144994
1.9675 0.00151167
1.98 0.00156383
1.9925 0.00160766
2.0025 0.00163779
2.0125 0.0016645
2.0225 0.00168875
2.0325 0.00171146
2.0425 0.00173351
2.0525 0.00175561
2.0625 0.00177831
2.0725 0.00180195
2.0825 0.00182668
2.0925 0.00185241
2.1025 0.00187883
2.1125 0.00190542
2.1225 0.00193139
2.1325 0.00195576
2.1425 0.00197734
2.1525 0.00199479
2.1625 0.00200666
2.1725 0.00201148
2.1825 0.00200784
2.1925 0.00199452
2.2025 0.00197047
2.2125 0.00193488
2.2225 0.0018872
2.2325 0.00182708
2.2425 0.00175439
2.2525 0.00166922
2.2625 0.00157189
2.2725 0.00146294
2.2825 0.00134317
2.2925 0.0012136
2.3025 0.0010755
2.3125 0.000930329
2.3225 0.000779775
2.3325 0.000625704
2.3425 0.000470105
2.3525 0.000315031
2.3625 0.000162544
2.3725 1.46872e-05
2.3825 -0.000126668
2.3925 -0.000259797
2.4025 -0.000383177
2.4125 -0.000495587
2.4225 -0.000596139
2.4325 -0.000684298
2.4425 -0.000759895
2.4525 -0.000823092
2.4625 -0.000874336
2.4725 -0.000914452
2.4825 -0.000944426
2.4925 -0.000965541
2.5025 -0.000979308
2.5125 -0.000987399
2.5225 -0.000991602
2.5325 -0.000993751
2.5425 -0.000995664
2.5525 -0.000999085
2.5625 -0.00100563
2.5725 -0.00101674
2.5825 -0.00103362
2.5925 -0.00105722
2.6025 -0.00108816
2.6125 -0.00112677
2.6225 -0.00117303
2.6325 -0.00122662
2.6425 -0.00128695
2.6525 -0.00135315
2.6625 -0.00142415
2.6725 -0.00149866
2.6825 -0.0015753
2.6925 -0.0016526
2.7025 -0.00172909
2.7125 -0.00180334
2.7225 -0.001874
2.7325 -0.00193986
2.7425 -0.00199989
2.7525 -0.00205322
2.7625 -0.00209912
2.7725 -0.00213703
2.7825 -0.00216645
2.7925 -0.00218697
2.8025 -0.00219824
2.8125 -0.00219994
2.8225 -0.00219181
2.8325 -0.00217362
2.8425 -0.0021451
2.8525 -0.00210597
2.8625 -0.00205585
2.8725 -0.00199431
2.8825 -0.00192082
2.8925 -0.00183483
2.9025 -0.00173584
2.9125 -0.00162345
2.9225 -0.00149741
2.9325 -0.00135763
2.9425 -0.00120432
2.9525 -0.00103793
2.9625 -0.000859273
2.9725 -0.000669563
2.9825 -0.000470351
2.9925 -0.000263635
3.0025 -5.1827e-05
3.0125 0.000162329
3.0225 0.000375598
3.0325 0.000584583
3.0425 0.000785705
3.0525 0.000975257
3.0625 0.0011494
3.0725 0.00130437
3.0825 0.00143641
3.0925 0.00154195
3.1025 0.00161764
3.1125 0.00166045
3.1225 0.00166776
3.1325 0.00163745
3.1425 0.00156795
3.1525 0.00145837
3.1625 0.00130854
3.1725 0.00111908
3.1825 0.000891486
3.1925 0.000628123
3.2025 0.00033219
3.2125 7.68388e-06
3.2225 -0.000340659
3.2325 -0.000707393
3.2425 -0.0010868
3.2525 -0.00147258
3.2625 -0.00185817
3.2725 -0.00223688
3.2825 -0.00260202
3.2925 -0.00294707
3.3025 -0.00326575
3.3125 -0.00355223
3.3225 -0.00380129
3.3325 -0.00400845
3.3425 -0.00417012
3.3525 -0.00428365
3.3625 -0.00434744
3.3725 -0.00436087
3.3825 -0.00432439
3.3925 -0.0042394
3.4025 -0.00410826
3.4125 -0.00393422
3.4225 -0.00372134
3.4325 -0.00347439
3.4425 -0.00319869
3.4525 -0.00290003
3.4625 -0.00258445
3.4725 -0.00225814
3.4825 -0.00192726
3.4925 -0.00159783
3.5025 -0.00127553
3.5125 -0.0009656
3.5225 -0.000672673
3.5325 -0.000400557
3.5425 -0.000152255
3.5525 7.01067e-05
3.5625 0.000265542
3.5725 0.000434058
3.5825 0.000576577
3.5925 0.000694832
3.6025 0.000791251
3.6125 0.000868896
3.6225 0.000931298
3.6325 0.000982546
3.6425 0.00102674
3.6525 0.0010681
3.6625 0.00111082
3.6725 0.00115898
3.6825 0.00121643
3.6925 0.00128655
3.7025 0.00137218
3.7125 0.00147551
3.7225 0.00159805
3.7325 0.00174052
3.7425 0.00190287
3.7525 0.00208421
3.7625 0.00228292
3.7725 0.00249667
3.7825 0.0027225
3.7925 0.00295687
3.8025 0.00319579
3.8125 0.00343495
3.8225 0.0036699
3.8325 0.00389616
3.8425 0.00410933
3.8525 0.00430519
3.8625 0.00447981
3.8725 0.00462959
3.8825 0.00475144
3.8925 0.00484278
3.9025 0.0049017
3.9125 0.00492701
3.9225 0.00491832
3.9325 0.00487604
3.9425 0.00480136
3.9525 0.00469616
3.9625 0.00456297
3.9725 0.00440487
3.9825 0.00422538
3.9925 0.00402838
4.0025 0.00381799
4.0125 0.00359845
4.0225 0.00337399
4.0325 0.00314876
4.0425 0.0029267
4.0525 0.00271143
4.0625 0.0025062
4.0725 0.00231384
4.0825 0.00213671
4.0925 0.00197667
4.1025 0.00183506
4.1125 0.00171273
4.1225 0.00160994
4.1325 0.00152647
4.1425 0.00146163
4.1525 0.0014143
4.1625 0.00138308
4.1725 0.00136634
4.1825 0.0013623
4.1925 0.00136909
4.2025 0.00138488
4.2125 0.00140785
4.2225 0.0014363
4.2325 0.00146867
4.2425 0.0015036
4.2525 0.00154001
4.2625 0.00157711
4.2725 0.00161443
4.2825 0.00165183
4.2925 0.00168949
4.3025 0.00172791
4.3125 0.00176785
4.3225 0.00181033
4.3325 0.00185658
4.3425 0.00190797
4.3525 0.0019659
4.3625 0.00203176
4.3725 0.00210676
4.3825 0.00219196
4.3925 0.0022881
4.4025 0.00239562
4.4125 0.00251453
4.4225 0.0026444
4.4325 0.00278432
4.4425 0.00293284
4.4525 0.00308803
4.4625 0.00324746
4.4725 0.00340827
4.4825 0.00356723
4.4925 0.00372076
4.5025 0.00386497
4.5125 0.00399572
4.5225 0.00410868
4.5325 0.00419941
4.5425 0.00426353
4.5525 0.00429677
4.5625 0.00429517
4.5725 0.00425516
4.5825 0.00417373
4.5925 0.00404844
4.6025 0.00387774
4.6125 0.00366076
4.6225 0.00339748
4.6325 0.00308877
4.6425 0.00273621
4.6525 0.00234209
4.6625 0.00190955
4.6725 0.00144225
4.6825 0.000944418
4.6925 0.000420655
4.7025 -0.000124141
4.7125 -0.000684789
4.7225 -0.0012563
4.7325 -0.00183369
4.7425 -0.00241202
4.7525 -0.00298657
4.7625 -0.00355286
4.7725 -0.00410666
4.7825 -0.00464407
4.7925 -0.00516155
4.8025 -0.00565599
4.8125 -0.00612465
4.8225 -0.00656513
4.8325 -0.00697527
4.8425 -0.00735323
4.8525 -0.0076988
4.8625 -0.00801438
4.8725 -0.00829308
4.8825 -0.00853843
4.8925 -0.00875301
4.9025 -0.00893548
4.9125 -0.00908598
4.9225 -0.00920744
4.9325 -0.00930084
4.9425 -0.0093689
4.9525 -0.00941338
4.9625 -0.00943514
4.9725 -0.0094346
4.9825 -0.00941231
4.9925 -0.0093704
5.0025 -0.00930975
5.0125 -0.009231
5.0225 -0.0091348
5.0325 -0.00902205
5.0425 -0.00889375
5.0525 -0.00875068
5.0625 -0.00859363
5.0725 -0.00842336
5.0825 -0.00824025
5.0925 -0.00804471
5.1025 -0.0078374
5.1125 -0.00761892
5.1225 -0.00738975
5.1325 -0.00715034
5.1425 -0.00690127
5.1525 -0.00664322
5.1625 -0.00637702
5.1725 -0.00610356
5.1825 -0.00582387
5.1925 -0.00553907
5.2025 -0.00525044
5.2125 -0.00495951
5.2225 -0.00466805
5.2325 -0.00437802
5.2425 -0.00409159
5.2525 -0.00381106
5.2625 -0.00353885
5.2725 -0.00327747
5.2825 -0.00302938
5.2925 -0.00279702
5.3025 -0.00258271
5.3125 -0.00238864
5.3225 -0.00221673
5.3325 -0.00206818
5.3425 -0.00194513
5.3525 -0.00184811
5.3625 -0.00177731
5.3725 -0.00173263
5.3825 -0.00171348
5.3925 -0.00171874
5.4025 -0.00174675
5.4125 -0.00179528
5.4225 -0.00186178
5.4325 -0.00194344
5.4425 -0.00203733
5.4525 -0.0021403
5.4625 -0.0022491
5.4725 -0.0023605
5.4825 -0.00247142
5.4925 -0.00257901
5.5025 -0.00268067
5.5125 -0.0027741
5.5225 -0.00285727
5.5325 -0.00292844
5.5425 -0.00298618
5.5525 -0.00302937
5.5625 -0.00305766
5.5725 -0.00307013
5.5825 -0.00306476
5.5925 -0.00304173
5.6025 -0.00299992
5.6125 -0.00293931
5.6225 -0.00285973
5.6325 -0.00276116
5.6425 -0.00264373
5.6525 -0.00250772
5.6625 -0.00235363
5.6725 -0.00218207
5.6825 -0.00199377
5.6925 -0.0017897
5.7025 -0.00157074
5.7125 -0.00133793
5.7225 -0.00109231
5.7325 -0.000834388
5.7425 -0.00056595
5.7525 -0.000287778
5.7625 -4.6124e-07
5.7725 0.000294988
5.7825 0.000597592
5.7925 0.000906346
5.8025 0.00122042
5.8125 0.00153905
5.8225 0.00186144
5.8325 0.00218675
5.8425 0.00251417
5.8525 0.00284297
5.8625 0.00317256
5.8725 0.00350235
5.8825 0.00383174
5.8925 0.00416007
5.9025 0.00448663
5.9125 0.00481065
5.9225 0.00513127
5.9325 0.00544752
5.9425 0.00575828
5.9525 0.00606216
5.9625 0.00635716
5.9725 0.00664314
5.9825 0.00691838
5.9925 0.00718093
6.0025 0.0074293
6.0125 0.00766149
6.0225 0.00787672
6.0325 0.00807568
6.0425 0.00825199
6.0525 0.00840629
6.0625 0.00853855
6.0725 0.00864663
6.0825 0.00872921
6.0925 0.00878438
6.1025 0.00881089
6.1125 0.0088079
6.1225 0.00877454
6.1325 0.00871029
6.1425 0.00861405
6.1525 0.0084854
6.1625 0.00832467
6.1725 0.00813259
6.1825 0.0079101
6.1925 0.00765835
6.2025 0.00737891
6.2125 0.00707392
6.2225 0.00674598
6.2325 0.006398
6.2425 0.0060331
6.2525 0.00565462
6.2625 0.00526622
6.2725 0.0048717
6.2825 0.00447516
6.2925 0.00408082
6.3025 0.0036929
6.3125 0.00331564
6.3225 0.00295312
6.3325 0.00260924
6.3425 0.0022876
6.3525 0.00199121
6.3625 0.00172157
6.3725 0.00148321
6.3825 0.00127689
6.3925 0.00110354
6.4025 0.000963981
6.4125 0.000858672
6.4225 0.00078774
6.4325 0.000750529
6.4425 0.000745696
6.4525 0.000771632
6.4625 0.000826529
6.4725 0.000908097
6.4825 0.00101355
6.4925 0.00113961
6.5025 0.00128265
6.5125 0.00143901
6.5225 0.00160438
6.5325 0.00177457
6.5425 0.00194534
6.5525 0.00211239
6.5625 0.00227151
6.5725 0.00241868
6.5825 0.00255022
6.5925 0.00266274
6.6025 0.00275377
6.6125 0.00282084
6.6225 0.00285972
6.6325 0.00286949
6.6425 0.00284802
6.6525 0.00279458
6.6625 0.00270854
6.6725 0.00258983
6.6825 0.00243881
6.6925 0.00225639
6.7025 0.00204398
6.7125 0.00180331
6.7225 0.00153644
6.7325 0.00124569
6.7425 0.000933638
6.7525 0.000603106
6.7625 0.000255556
6.7725 -0.000105429
6.7825 -0.000476474
6.7925 -0.000856301
6.8025 -0.00124223
6.8125 -0.00163189
6.8225 -0.00202281
6.8325 -0.00241293
6.8425 -0.0028006
6.8525 -0.00318429
6.8625 -0.00356252
6.8725 -0.00393389
6.8825 -0.00429722
6.8925 -0.00465161
6.9025 -0.00499637
6.9125 -0.00533091
6.9225 -0.0056546
6.9325 -0.0059669
6.9425 -0.00626729
6.9525 -0.00655533
6.9625 -0.00683056
6.9725 -0.00709243
6.9825 -0.00734028
6.9925 -0.00757337
7.0025 -0.00779089
7.0125 -0.00799188
7.0225 -0.00817526
7.0325 -0.00833982
7.0425 -0.00848421
7.0525 -0.00860706
7.0625 -0.00870694
7.0725 -0.00878246
7.0825 -0.00883223
7.0925 -0.00885496
7.1025 -0.00884946
7.1125 -0.00881479
7.1225 -0.00875024
7.1325 -0.00865526
7.1425 -0.00852967
7.1525 -0.00837364
7.1625 -0.00818768
7.1725 -0.00797267
7.1825 -0.00772986
7.1925 -0.0074609
7.2025 -0.00716785
7.2125 -0.00685311
7.2225 -0.00651943
7.2325 -0.00616986
7.2425 -0.00580776
7.2525 -0.00543678
7.2625 -0.00506073
7.2725 -0.00468379
7.2825 -0.00431032
7.2925 -0.0039447
7.3025 -0.00359127
7.3125 -0.00325421
7.3225 -0.00293746
7.3325 -0.00264463
7.3425 -0.00237892
7.3525 -0.0021422
7.3625 -0.0019369
7.3725 -0.00176546
7.3825 -0.0016275
7.3925 -0.00152324
7.4025 -0.00145218
7.4125 -0.00141339
7.4225 -0.00140502
7.4325 -0.00142464
7.4425 -0.00146926
7.4525 -0.00153546
7.4625 -0.00161954
7.4725 -0.00171757
7.4825 -0.0018252
7.4925 -0.00193797
7.5025 -0.00205146
7.5125 -0.00216131
7.5225 -0.0022634
7.5325 -0.00235382
7.5425 -0.00242901
7.5525 -0.00248583
7.5625 -0.00252164
7.5725 -0.00253434
7.5825 -0.00252249
7.5925 -0.00248538
7.6025 -0.00242233
7.6125 -0.00233239
7.6225 -0.00221658
7.6325 -0.00207554
7.6425 -0.001911
7.6525 -0.00172497
7.6625 -0.00151993
7.6725 -0.0012987
7.6825 -0.00106443
7.6925 -0.000819427
7.7025 -0.000568028
7.7125 -0.000313988
7.7225 -5.9698e-05
7.7325 0.000191446
7.7425 0.000436396
7.7525 0.000672225
7.7625 0.000896578
7.7725 0.00110762
7.7825 0.00130388
7.7925 0.00148417
7.8025 0.00164776
7.8125 0.00179445
7.8225 0.00192468
7.8325 0.00203936
7.8425 0.00213981
7.8525 0.00222766
7.8625 0.00230488
7.8725 0.00237377
7.8825 0.00243686
7.8925 0.00249687
7.9025 0.00255652
7.9125 0.00261849
7.9225 0.0026854
7.9325 0.0027597
7.9425 0.00284365
7.9525 0.00293903
7.9625 0.00304726
7.9725 0.00316923
7.9825 0.00330527
7.9925 0.00345516
8.0025 0.00361787
8.015 0.00383724
8.0275 0.00407072
8.04 0.00431321
8.0525 0.0045586
8.065 0.00480007
8.0775 0.00503029
8.09 0.00524173
8.1025 0.00542688
8.115 0.00557861
8.1275 0.00569045
8.14 0.00575685
8.1525 0.00577351
8.165 0.00573754
8.1775 0.00564786
8.19 0.00550476
8.2025 0.00531052
8.215 0.00506915
8.2275 0.00478624
8.24 0.00446877
8.2525 0.00412507
8.265 0.00376445
8.2775 0.00339687
8.29 0.00303256
8.3025 0.00268168
8.315 0.00235393
8.3275 0.00205818
8.34 0.00180218
8.3525 0.00159223
8.365 0.00143289
8.3775 0.00132708
8.39 0.00127658
8.4025 0.00128022
8.415 0.00133528
8.4275 0.00143789
8.44 0.00158235
8.4525 0.00176175
8.465 0.00196837
8.4775 0.00219399
8.49 0.00243019
8.5025 0.00266861
8.515 0.00290127
8.5275 0.00312083
8.54 0.00332085
8.5525 0.00349596
8.565 0.00364193
8.5775 0.00375572
8.59 0.00383555
8.6025 0.00388076
8.615 0.00389179
8.6275 0.00387008
8.64 0.00381783
8.6525 0.00373788
8.665 0.00363349
8.6775 0.003508
8.69 0.00336467
8.7025 0.00320688
8.715 0.00303682
8.7275 0.0028548
8.74 0.00266198
8.7525 0.00245845
8.765 0.00224383
8.7775 0.00201724
8.79 0.00177754
8.8025 0.00152334
8.815 0.00125332
8.8275 0.000966128
8.84 0.000660476
8.8525 0.000335266
8.865 -1.03991e-05
8.8775 -0.000375597
8.89 -0.000760834
8.9025 -0.00116486
8.915 -0.00158551
8.9275 -0.00201994
8.94 -0.00246483
8.9525 -0.002916
8.965 -0.00336839
8.9775 -0.00381635
8.99 -0.00425394
9.0025 -0.00467496
9.015 -0.00507299
9.0275 -0.00544155
9.04 -0.00577446
9.0525 -0.00606593
9.065 -0.00631067
9.0775 -0.0065041
9.09 -0.0066425
9.1025 -0.00672324
9.115 -0.00674482
9.1275 -0.00670719
9.14 -0.0066114
9.1525 -0.00645973
9.165 -0.00625586
9.1775 -0.00600453
9.19 -0.00571145
9.2025 -0.00538313
9.215 -0.00502687
9.2275 -0.00465048
9.24 -0.004262
9.2525 -0.00386938
9.265 -0.00348035
9.2775 -0.0031021
9.29 -0.00274113
9.3025 -0.00240302
9.315 -0.00209234
9.3275 -0.00181259
9.34 -0.00156596
9.3525 -0.00135286
9.365 -0.00117435
9.3775 -0.00102783
9.39 -0.000910568
9.4025 -0.00081888
9.415 -0.000748283
9.4275 -0.000693465
9.44 -0.000649112
9.4525 -0.000610179
9.465 -0.000572051
9.4775 -0.000530715
9.49 -0.000482887
9.5025 -0.00042632
9.515 -0.000359866
9.5275 -0.000283272
9.54 -0.000197539
9.5525 -0.00010462
9.565 -7.37553e-06
9.5775 9.03294e-05
9.59 0.000183922
9.6025 0.000268352
9.615 0.00033813
9.6275 0.000387735
9.64 0.00041165
9.6525 0.000404742
9.665 0.000362488
9.6775 0.00028139
9.69 0.000158971
9.7025 -5.75511e-06
9.715 -0.000212076
9.7275 -0.00045786
9.74 -0.00073839
9.7525 -0.00104776
9.765 -0.00137902
9.7775 -0.00172277
9.79 -0.0020702
9.8025 -0.00241116
9.815 -0.00273508
9.8275 -0.00303151
9.84 -0.00329054
9.8525 -0.00350296
9.865 -0.00366063
9.8775 -0.0037567
9.89 -0.00378602
9.9025 -0.0037453
9.915 -0.0036332
9.9275 -0.00345001
9.94 -0.00319812
9.9525 -0.00288184
9.965 -0.00250718
9.9775 -0.00208164
9.99 -0.00161409
10.0025 -0.00111449
10.015 -0.000592775
10.0275 -5.79653e-05
10.04 0.000476414
10.0525 0.00100289
10.065 0.0015119
10.0775 0.00199452
10.09 0.00244295
10.1025 0.00285133
10.115 0.00321485
10.1275 0.00352966
10.14 0.00379333
10.1525 0.00400517
10.165 0.0041659
10.1775 0.00427719
10.19 0.00434153
10.2025 0.0043624
10.215 0.00434386
10.2275 0.00429026
10.24 0.0042062
10.2525 0.00409633
10.265 0.00396523
10.2775 0.00381718
10.29 0.00365599
10.3025 0.00348483
10.315 0.00330621
10.3275 0.00312188
10.34 0.00293286
10.3525 0.00273929
10.365 0.00254129
10.3775 0.00233896
10.39 0.00213196
10.4025 0.00191992
10.415 0.00170261
10.4275 0.00148007
10.44 0.00125273
10.4525 0.00102143
10.465 0.000787533
10.4775 0.000552923
10.49 0.000319716
10.5025 9.03872e-05
10.515 -0.00013102
10.5275 -0.000341501
10.54 -0.000536942
10.5525 -0.000712902
10.565 -0.00086495
10.5775 -0.000989034
10.59 -0.00108138
10.6025 -0.00113861
10.615 -0.00115804
10.6275 -0.0011381
10.64 -0.0010784
10.6525 -0.000979513
10.665 -0.000843313
10.6775 -0.000672957
10.69 -0.000472814
10.7025 -0.000247914
10.715 -5.57139e-06
10.7275 0.000247672
10.74 0.000502691
10.7525 0.000751776
10.765 0.000986871
10.7775 0.00119981
10.79 0.00138272
10.8025 0.00152887
10.815 0.00163263
10.8275 0.00168932
10.84 0.00169556
10.8525 0.00164968
10.865 0.00155167
10.8775 0.00140302
10.89 0.00120684
10.9025 0.000967723
10.915 0.00069162
10.9275 0.000385593
10.94 5.75908e-05
10.9525 -0.000285481
10.965 -0.000633582
10.9775 -0.000979263
10.99 -0.00131501
11.0025 -0.00163349
11.015 -0.00192803
11.0275 -0.00219346
11.04 -0.00242584
11.0525 -0.00262235
11.065 -0.00278128
11.0775 -0.00290236
11.09 -0.00298688
11.1025 -0.00303729
11.115 -0.00305711
11.1275 -0.00305056
11.14 -0.00302259
11.1525 -0.00297853
11.165 -0.00292366
11.1775 -0.00286289
11.19 -0.00280059
11.2025 -0.00274035
11.215 -0.00268489
11.2275 -0.00263483
11.24 -0.00258997
11.2525 -0.00254878
11.265 -0.00250885
11.2775 -0.00246666
11.29 -0.00241799
11.3025 -0.002358
11.315 -0.00228158
11.3275 -0.00218353
11.34 -0.00205878
11.3525 -0.00190257
11.365 -0.00171116
11.3775 -0.0014812
11.39 -0.00121076
11.4025 -0.000899183
11.415 -0.000547273
11.4275 -0.000157323
11.44 0.00026744
11.4525 0.000722425
11.465 0.0011999
11.4775 0.0016937
11.49 0.00219527
11.5025 0.00269518
11.515 0.00318372
11.5275 0.00365133
11.54 0.00408837
11.5525 0.0044854
11.565 0.00483369
11.5775 0.00512571
11.59 0.00535517
11.6025 0.0055171
11.615 0.0056081
11.6275 0.00562658
11.64 0.00557301
11.6525 0.00544949
11.665 0.00525992
11.6775 0.00501006
11.69 0.00470726
11.7025 0.00436004
11.715 0.00397788
11.7275 0.00357094
11.74 0.00314967
11.7525 0.0027245
11.765 0.00230546
11.7775 0.00190197
11.79 0.00152262
11.8025 0.00117402
11.815 0.000862472
11.8275 0.000593399
11.84 0.00036873
11.8525 0.00019023
11.865 5.85687e-05
11.8775 -2.7197e-05
11.89 -6.96884e-05
11.9025 -7.26579e-05
11.915 -4.02938e-05
11.9275 2.22886e-05
11.94 0.00010921
11.9525 0.000214279
11.965 0.000331514
11.9775 0.000455217
11.99 0.000580223
12.0025 0.000701859
12.015 0.000816063
12.0275 0.000920168
12.04 0.00101214
12.0525 0.00109079
12.065 0.00115593
12.0775 0.00120827
12.09 0.00124915
12.1025 0.00128036
12.115 0.00130402
12.1275 0.00132243
12.14 0.00133784
12.1525 0.00135242
12.165 0.00136754
12.1775 0.00138317
12.19 0.0013996
12.2025 0.00141615
12.215 0.00143158
12.2275 0.00144402
12.24 0.00145102
12.2525 0.00144982
12.265 0.00143746
12.2775 0.00141069
12.29 0.00136639
12.3025 0.00130165
12.315 0.00121391
12.3275 0.0011012
12.34 0.000962375
12.3525 0.000797271
12.365 0.000606656
12.3775 0.000392265
12.39 0.000156498
12.4025 -9.758e-05
12.415 -0.00036533
12.4275 -0.000643208
12.44 -0.00092639
12.4525 -0.00120948
12.465 -0.00148701
12.4775 -0.00175382
12.49 -0.00200484
12.5025 -0.00223518
12.515 -0.00244052
12.5275 -0.00261742
12.54 -0.00276337
12.5525 -0.00287679
12.565 -0.00295714
12.5775 -0.00300499
12.59 -0.00302215
12.6025 -0.00301141
12.615 -0.00297638
12.6275 -0.00292159
12.64 -0.0028522
12.6525 -0.00277376
12.665 -0.00269197
12.6775 -0.00261252
12.69 -0.00254089
12.7025 -0.00248205
12.715 -0.00244023
12.7275 -0.0024187
12.74 -0.0024196
12.7525 -0.00244384
12.765 -0.00249105
12.7775 -0.00255956
12.79 -0.00264653
12.8025 -0.00274812
12.815 -0.0028596
12.8275 -0.00297557
12.84 -0.00309011
12.8525 -0.00319686
12.865 -0.00329026
12.8775 -0.00336439
12.89 -0.00341376
12.9025 -0.00343427
12.915 -0.00342227
12.9275 -0.00337533
12.94 -0.00329242
12.9525 -0.00317397
12.965 -0.00302186
12.9775 -0.00283924
12.99 -0.00263071
13.0025 -0.00240204
13.015 -0.00215995
13.0275 -0.00191175
13.04 -0.00166508
13.0525 -0.00142771
13.065 -0.00120727
13.0775 -0.00101095
13.09 -0.000844915
13.1025 -0.000714161
13.115 -0.000623389
13.1275 -0.000574408
13.14 -0.000567937
13.1525 -0.000602921
13.165 -0.000676638
13.1775 -0.000784462
13.19 -0.000920579
13.2025 -0.00107713
13.215 -0.00124628
13.2275 -0.00141924
13.24 -0.00158557
13.2525 -0.00173597
13.265 -0.0018611
13.2775 -0.0019526
13.29 -0.00200279
13.3025 -0.00200532
13.315 -0.00195547
13.3275 -0.00185035
13.34 -0.00168859
13.3525 -0.00147066
13.365 -0.00119897
13.3775 -0.000877665
13.39 -0.000512436
13.4025 -0.000110246
13.415 0.000322546
13.4275 0.000774945
13.44 0.00123915
13.4525 0.00170598
13.465 0.00216601
13.4775 0.00260998
13.49 0.00302979
13.5025 0.00341823
13.515 0.0037689
13.5275 0.00407648
13.54 0.00433729
13.5525 0.00454928
13.565 0.00471181
13.5775 0.00482562
13.59 0.0048929
13.6025 0.00491735
13.615 0.00490366
13.6275 0.00485735
13.64 0.00478462
13.6525 0.00469203
13.665 0.00458612
13.6775 0.00447318
13.69 0.00435896
13.7025 0.00424845
13.715 0.00414557
13.7275 0.00405368
13.74 0.00397466
13.7525 0.00390946
13.765 0.0038578
13.7775 0.00381838
13.79 0.00378894
13.8025 0.00376646
13.815 0.0037473
13.8275 0.00372744
13.84 0.00370273
13.8525 0.00366909
13.865 0.00362277
13.8775 0.00356055
13.89 0.00347991
13.9025 0.00337923
13.915 0.00325802
13.9275 0.0031168
13.94 0.00295715
13.9525 0.00278154
13.965 0.00259327
13.9775 0.00239624
13.99 0.00219481
14.0025 0.00199363
14.015 0.00179736
14.0275 0.00161052
14.04 0.00143729
14.0525 0.00128131
14.065 0.00114556
14.0775 0.00103219
14.09 0.000942482
14.1025 0.000876558
14.115 0.000833891
14.1275 0.000812567
14.14 0.000809895
14.1525 0.00082228
14.165 0.000845382
14.1775 0.000874372
14.19 0.000904673
14.2025 0.000929214
14.215 0.000943082
14.2275 0.000940437
14.24 0.000916423
14.2525 0.000866793
14.265 0.000788052
14.2775 0.000677695
14.29 0.000534287
14.3025 0.000357523
14.315 0.000148288
14.3275 -9.20598e-05
14.34 -0.00036059
14.3525 -0.000653158
14.365 -0.00096592
14.3775 -0.00129374
14.39 -0.0016308
14.4025 -0.00197114
14.415 -0.00230891
14.4275 -0.00263827
14.44 -0.00295357
14.4525 -0.00324965
14.465 -0.0035222
14.4775 -0.00376779
14.49 -0.00398395
14.5025 -0.00416928
14.515 -0.00432362
14.5275 -0.00444801
14.54 -0.00454456
14.5525 -0.00461641
14.565 -0.0046676
14.5775 -0.00470285
14.59 -0.00472734
14.6025 -0.00474659
14.615 -0.00476615
14.6275 -0.00479137
14.64 -0.00482725
14.6525 -0.0048782
14.665 -0.00494789
14.6775 -0.00503904
14.69 -0.00515336
14.7025 -0.00529145
14.715 -0.00545321
14.7275 -0.00563689
14.74 -0.00583992
14.7525 -0.00605891
14.765 -0.0062893
14.7775 -0.0065257
14.79 -0.00676227
14.8025 -0.00699278
14.815 -0.00721067
14.8275 -0.00740941
14.84 -0.00758262
14.8525 -0.00772471
14.865 -0.00783057
14.8775 -0.00789618
14.89 -0.00791854
14.9025 -0.00789589
14.915 -0.00782781
14.9275 -0.00771486
14.94 -0.00755887
14.9525 -0.00736276
14.965 -0.00713024
14.9775 -0.00686561
14.99 -0.00657356
15.0025 -0.00625892
15.015 -0.00592642
15.0275 -0.00558038
15.04 -0.00522457
15.0525 -0.00486197
15.065 -0.00449469
15.0775 -0.00412387
15.09 -0.00374959
15.1025 -0.00337151
15.115 -0.00298754
15.1275 -0.00259412
15.14 -0.00218854
15.1525 -0.001768
15.165 -0.00132984
15.1775 -0.000871518
15.19 -0.000389724
15.2025 0.000114057
15.215 0.000641518
15.2275 0.00119148
15.24 0.0017614
15.2525 0.00234717
15.265 0.00294393
15.2775 0.00354552
15.29 0.00414432
15.3025 0.00473163
15.315 0.00529833
15.3275 0.00583506
15.34 0.00633229
15.3525 0.0067807
15.365 0.00717165
15.3775 0.00749756
15.39 0.00775203
15.4025 0.00793008
15.415 0.00802835
15.4275 0.00804538
15.44 0.00798195
15.4525 0.00784037
15.465 0.00762509
15.4775 0.00734253
15.49 0.0070008
15.5025 0.00660934
15.515 0.00617877
15.5275 0.00572059
15.54 0.00524676
15.5525 0.00476928
15.565 0.00429986
15.5775 0.0038496
15.59 0.00342875
15.6025 0.00304633
15.615 0.00271
15.6275 0.00242587
15.64 0.00219816
15.6525 0.00202915
15.665 0.00192105
15.6775 0.00187243
15.69 0.00188057
15.7025 0.00194273
15.715 0.00205433
15.7275 0.00220949
15.74 0.00240123
15.7525 0.00262242
15.765 0.00286561
15.7775 0.00312312
15.79 0.0033874
15.8025 0.00365135
15.815 0.00390896
15.8275 0.00415508
15.84 0.00438563
15.8525 0.00459764
15.865 0.00478936
15.8775 0.00496007
15.89 0.00511002
15.9025 0.00524018
15.915 0.00535209
15.9275 0.00544764
15.94 0.00552873
15.9525 0.00559707
15.965 0.00565387
15.9775 0.00569975
15.99 0.00573445
16.0025 0.0057568
16.0125 0.00576435
16.0225 0.00576107
16.0325 0.00574498
16.0425 0.00571382
16.0525 0.00566498
16.0625 0.00559566
16.0725 0.00550293
16.0825 0.00538446
16.0925 0.00523608
16.1025 0.0050549
16.1125 0.00483851
16.1225 0.00458438
16.1325 0.00429098
16.1425 0.00395698
16.1525 0.00358189
16.1625 0.00316597
16.1725 0.00270993
16.1825 0.00221559
16.1925 0.00168547
16.2025 0.00112284
16.2125 0.000531705
16.2225 -8.67043e-05
16.2325 -0.00072376
16.2425 -0.00137502
16.2525 -0.00203645
16.2625 -0.00270182
16.2725 -0.00336495
16.2825 -0.00401905
16.2925 -0.00465794
16.3025 -0.00527574
16.3125 -0.00586663
16.3225 -0.00642477
16.3325 -0.00694454
16.3425 -0.00742093
16.3525 -0.00784973
16.3625 -0.00822744
16.3725 -0.00855119
16.3825 -0.0088213
16.3925 -0.0090353
16.4025 -0.0091894
16.4125 -0.00928821
16.4225 -0.00933285
16.4325 -0.0093261
16.4425 -0.00927001
16.4525 -0.0091673
16.4625 -0.00902281
16.4725 -0.0088419
16.4825 -0.00862999
16.4925 -0.0083922
16.5025 -0.00814971
16.5125 -0.0079712
16.5225 -0.00760554
16.5325 -0.00723837
16.5425 -0.00682935
16.5525 -0.0064015
16.5625 -0.00598957
16.5725 -0.00555567
16.5825 -0.00512001
16.5925 -0.00469722
16.6025 -0.00428936
16.6125 -0.00391133
16.6225 -0.00356361
16.6325 -0.00324547
16.6425 -0.00296967
16.6525 -0.0027373
16.6625 -0.00255042
16.6725 -0.00240655
16.6825 -0.00231
16.6925 -0.00225824
16.7025 -0.00224978
16.7125 -0.0022831
16.7225 -0.0023534
16.7325 -0.00245661
16.7425 -0.00258794
16.7525 -0.00274259
16.7625 -0.00291596
16.7725 -0.00310342
16.7825 -0.00329991
16.7925 -0.00350048
16.8025 -0.00370058
16.8125 -0.00389622
16.8225 -0.00408392
16.8325 -0.00426071
16.8425 -0.00442426
16.8525 -0.00457288
16.8625 -0.00470574
16.8725 -0.00482265
16.8825 -0.00492405
16.8925 -0.00501087
16.9025 -0.00508459
16.9125 -0.00514702
16.9225 -0.00520021
16.9325 -0.00524635
16.9425 -0.0052877
16.9525 -0.00532654
16.9625 -0.00536501
16.9725 -0.00540671
16.9825 -0.00545296
16.9925 -0.00550007
17.0025 -0.00555115
17.0125 -0.00560494
17.0225 -0.00566151
17.0325 -0.00572067
17.0425 -0.00578016
17.0525 -0.00583811
17.0625 -0.00589235
17.0725 -0.00593977
17.0825 -0.00597804
17.0925 -0.00600401
17.1025 -0.00601332
17.1125 -0.00600253
17.1225 -0.00596758
17.1325 -0.00590454
17.1425 -0.00580971
17.1525 -0.00567963
17.1625 -0.00551124
17.1725 -0.00530207
17.1825 -0.00504978
17.1925 -0.00475311
17.2025 -0.00441124
17.2125 -0.00402411
17.2225 -0.00359286
17.2325 -0.0031248
17.2425 -0.00260883
17.2525 -0.00205358
17.2625 -0.00146091
17.2725 -0.000830446
17.2825 -0.000168113
17.2925 0.000517379
17.3025 0.00122363
17.3125 0.00194453
17.3225 0.0026727
17.3325 0.00340015
17.3425 0.00411922
17.3525 0.00482259
17.3625 0.00550272
17.3725 0.00615198
17.3825 0.00676277
17.3925 0.00732789
17.4025 0.00784096
17.4125 0.00829868
17.4225 0.00870023
17.4325 0.00903268
17.4425 0.00929871
17.4525 0.00949861
17.4625 0.00963077
17.4725 0.00969566
17.4825 0.00969381
17.4925 0.00962843
17.5025 0.00950258
17.5125 0.00932075
17.5225 0.00908788
17.5325 0.00880936
17.5425 0.00849128
17.5525 0.0081404
17.5625 0.00770868
17.5725 0.00730334
17.5825 0.00689174
17.5925 0.00649409
17.6025 0.00610925
17.6125 0.00572319
17.6225 0.00535441
17.6325 0.00502107
17.6425 0.0047317
17.6525 0.00448096
17.6625 0.00427016
17.6725 0.00410528
17.6825 0.00399392
17.6925 0.00392274
17.7025 0.00386465
17.7125 0.00383575
17.7225 0.00384637
17.7325 0.00388836
17.7425 0.00395608
17.7525 0.00404807
17.7625 0.00416068
17.7725 0.00428947
17.7825 0.00443183
17.7925 0.00458462
17.8025 0.00474206
17.8125 0.00489893
17.8225 0.00505245
17.8325 0.00519983
17.8425 0.00533721
17.8525 0.00546148
17.8625 0.00557023
17.8725 0.00566238
17.8825 0.00573664
17.8925 0.00579221
17.9025 0.00582893
17.9125 0.00584748
17.9225 0.00584902
17.9325 0.00583471
17.9425 0.00580608
17.9525 0.00576615
17.9625 0.00571822
17.9725 0.00566584
17.9825 0.00561236
17.9925 0.00556097
18.0025 0.00551507
18.0125 0.00547818
18.0225 0.00545359
18.0325 0.00544403
18.0425 0.0054517
18.0525 0.00547854
18.0625 0.00552608
18.0725 0.00559505
18.0825 0.00568512
18.0925 0.00579562
18.1025 0.00592459
18.1125 0.00606986
18.1225 0.00622866
18.1325 0.00639803
18.1425 0.00657403
18.1525 0.00675213
18.1625 0.00692737
18.1725 0.0070955
18.1825 0.0072513
18.1925 0.0073892
18.2025 0.00750358
18.2125 0.00758899
18.2225 0.00764074
18.2325 0.00765449
18.2425 0.0076263
18.2525 0.0075525
18.2625 0.00743022
18.2725 0.00725832
18.2825 0.0070357
18.2925 0.00676237
18.3025 0.00643925
18.3125 0.00606806
18.3225 0.00565157
18.3325 0.00519343
18.3425 0.00469813
18.3525 0.0041709
18.3625 0.00361737
18.3725 0.00304371
18.3825 0.00245445
18.3925 0.00185388
18.4025 0.00125521
18.4125 0.000658197
18.4225 6.95354e-05
18.4325 -0.000506259
18.4425 -0.00106333
18.4525 -0.00159594
18.4625 -0.00209995
18.4725 -0.00257168
18.4825 -0.00300794
18.4925 -0.00340547
18.5025 -0.00376116
18.5125 -0.00407312
18.5225 -0.00434005
18.5325 -0.00456191
18.5425 -0.00473959
18.5525 -0.00487139
18.5625 -0.0049571
18.5725 -0.00499768
18.5825 -0.00499535
18.5925 -0.00495294
18.6025 -0.00487322
18.6125 -0.00475949
18.6225 -0.00461574
18.6325 -0.00444644
18.6425 -0.00425587
18.6525 -0.00404958
18.6625 -0.00383215
18.6725 -0.00360705
18.6825 -0.00337915
18.6925 -0.00315217
18.7025 -0.00293012
18.7125 -0.00271655
18.7225 -0.00251419
18.7325 -0.0023257
18.7425 -0.00215258
18.7525 -0.00199603
18.7625 -0.00185683
18.7725 -0.00173409
18.7825 -0.00162786
18.7925 -0.00153908
18.8025 -0.00146467
18.8125 -0.00140368
18.8225 -0.00135378
18.8325 -0.00131398
18.8425 -0.0012823
18.8525 -0.00125644
18.8625 -0.0012341
18.8725 -0.00121303
18.8825 -0.00119143
18.8925 -0.00116773
18.9025 -0.00114027
18.9125 -0.00110771
18.9225 -0.00106921
18.9325 -0.0010243
18.9425 -0.000972686
18.9525 -0.000914462
18.9625 -0.000850834
18.9725 -0.000782895
18.9825 -0.000712666
18.9925 -0.000643067
19.0025 -0.000575015
19.0125 -0.000510507
19.0225 -0.000452529
19.0325 -0.000403804
19.0425 -0.000367944
19.0525 -0.00034792
19.0625 -0.000346461
19.0725 -0.000366412
19.0825 -0.000410542
19.0925 -0.000481159
19.1025 -0.000580089
19.1125 -0.000709742
19.1225 -0.000869426
19.1325 -0.00105725
19.1425 -0.00127506
19.1525 -0.00151881
19.1625 -0.00178574
19.1725 -0.0020746
19.1825 -0.00238154
19.1925 -0.00270262
19.2025 -0.00303358
19.2125 -0.00336913
19.2225 -0.00370408
19.2325 -0.00403295
19.2425 -0.00434985
19.2525 -0.00464882
19.2625 -0.00492396
19.2725 -0.00516964
19.2825 -0.00538034
19.2925 -0.0055504
19.3025 -0.00567678
19.3125 -0.0057553
19.3225 -0.00578266
19.3325 -0.00575667
19.3425 -0.00567557
19.3525 -0.00553891
19.3625 -0.00534679
19.3725 -0.00510032
19.3825 -0.00480184
19.3925 -0.00445441
19.4025 -0.00406192
19.4125 -0.00363009
19.4225 -0.00316221
19.4325 -0.0026645
19.4425 -0.00214314
19.4525 -0.00160422
19.4625 -0.0010537
19.4725 -0.000494855
19.4825 6.03053e-05
19.4925 0.000609045
19.5025 0.00114644
19.5125 0.0016667
19.5225 0.00216438
19.5325 0.0026347
19.5425 0.00307385
19.5525 0.00347884
19.5625 0.00384521
19.5725 0.00417148
19.5825 0.00446006
19.5925 0.00470791
19.6025 0.0049186
19.6125 0.00509319
19.6225 0.0052339
19.6325 0.00534368
19.6425 0.00542645
19.6525 0.00548648
19.6625 0.0055284
19.6725 0.00555718
19.6825 0.00557795
19.6925 0.0055958
19.7025 0.00561563
19.7125 0.00564214
19.7225 0.00567968
19.7325 0.00573201
19.7425 0.00580216
19.7525 0.00589183
19.7625 0.00600285
19.7725 0.00613616
19.7825 0.00629165
19.7925 0.00646834
19.8025 0.0066639
19.8125 0.00687502
19.8225 0.00709981
19.8325 0.00733242
19.8425 0.00756897
19.8525 0.00780526
19.8625 0.00803519
19.8725 0.00825484
19.8825 0.00845831
19.8925 0.00864071
19.9025 0.00879717
19.9125 0.00892297
19.9225 0.00901399
19.9325 0.00906682
19.9425 0.00907864
19.9525 0.00904739
19.9625 0.00897203
19.9725 0.00885231
19.9825 0.00868863
19.9925 0.00848258
20.0025 0.0082366
20.0125 0.00795412
20.0225 0.00763936
20.0325 0.00729693
20.0425 0.00693214
20.0525 0.00655091
20.0625 0.00615941
20.0725 0.00576373
20.0825 0.00537081
20.0925 0.00498762
20.1025 0.00462081
20.1125 0.00427663
20.1225 0.00396051
20.1325 0.00367501
20.1425 0.00342761
20.1525 0.00322134
20.1625 0.00305716
20.1725 0.00293659
20.1825 0.0028603
20.1925 0.00282887
20.2025 0.00284067
20.2125 0.00289383
20.2225 0.00298504
20.2325 0.00311042
20.2425 0.00326596
20.2525 0.00344758
20.2625 0.00364953
20.2725 0.00386651
20.2825 0.00409337
20.2925 0.00432475
20.3025 0.00455557
20.3125 0.00478093
20.3225 0.00499624
20.3325 0.00519742
20.3425 0.0053809
20.3525 0.00554373
20.3625 0.00568356
20.3725 0.00579893
20.3825 0.0058891
20.3925 0.0059539
20.4025 0.0059938
20.4125 0.00600988
20.4225 0.00600334
20.4325 0.00597621
20.4425 0.00593201
20.4525 0.0058744
20.4625 0.00580724
20.4725 0.00573418
20.4825 0.00565882
20.4925 0.00558491
20.5025 0.00551624
20.5125 0.00545622
20.5225 0.00540769
20.5325 0.005373
20.5425 0.00535389
20.5525 0.00535148
20.5625 0.00536627
20.5725 0.0053974
20.5825 0.00544393
20.5925 0.00550453
20.6025 0.0055772
20.6125 0.00565891
20.6225 0.0057458
20.6325 0.00583393
20.6425 0.00591867
20.6525 0.00599518
20.6625 0.00605854
20.6725 0.00610431
20.6825 0.00612703
20.6925 0.00612256
20.7025 0.00608651
20.7125 0.00601544
20.7225 0.00590674
20.7325 0.00575758
20.7425 0.00556646
20.7525 0.00533229
20.7625 0.00505484
20.7725 0.0047348
20.7825 0.0043739
20.7925 0.00397454
20.8025 0.00353998
20.8125 0.00307431
20.8225 0.00258222
20.8325 0.00206875
20.8425 0.00153544
20.8525 0.00099331
20.8625 0.000447478
20.8725 -9.78856e-05
20.8825 -0.000636485
20.8925 -0.00116238
20.9025 -0.00166835
20.9125 -0.00214947
20.9225 -0.00260135
20.9325 -0.00301864
20.9425 -0.00339779
20.9525 -0.00373409
20.9625 -0.00402429
20.9725 -0.00426574
20.9825 -0.00445666
20.9925 -0.00459552
21.0025 -0.00468159
21.0125 -0.00471533
21.0225 -0.00469811
21.0325 -0.00463278
21.0425 -0.00452099
21.0525 -0.00436546
21.0625 -0.00417016
21.0725 -0.00393841
21.0825 -0.00367531
21.0925 -0.00338572
21.1025 -0.00307447
21.1125 -0.00274585
21.1225 -0.00240445
21.1325 -0.00205499
21.1425 -0.001702
21.1525 -0.00134999
21.1625 -0.00100305
21.1725 -0.000664187
21.1825 -0.000335472
21.1925 -2.21338e-05
21.2025 0.000275391
21.2125 0.000555673
21.2225 0.000817587
21.2325 0.00106087
21.2425 0.001282
21.2525 0.00148244
21.2625 0.00166189
21.2725 0.00182062
21.2825 0.00195942
21.2925 0.00207856
21.3025 0.00217874
21.3125 0.00226085
21.3225 0.00232607
21.3325 0.00237589
21.3425 0.00241191
21.3525 0.00243522
21.3625 0.00244682
21.3725 0.00244701
21.3825 0.00243611
21.3925 0.00241542
21.4025 0.00238479
21.4125 0.00234445
21.4225 0.00229454
21.4325 0.00223371
21.4425 0.0021612
21.4525 0.00207612
21.4625 0.00197763
21.4725 0.00186447
21.4825 0.00173426
21.4925 0.00158304
21.5025 0.00141063
21.5125 0.00121592
21.5225 0.000998017
21.5325 0.000754892
21.5425 0.000484457
21.5525 0.000185503
21.5625 -0.000142305
21.5725 -0.000499107
21.5825 -0.000886681
21.5925 -0.00130329
21.6025 -0.00174795
21.6125 -0.00221983
21.6225 -0.00271706
21.6325 -0.00323721
21.6425 -0.00377698
21.6525 -0.00433261
21.6625 -0.00489986
21.6725 -0.00547405
21.6825 -0.00605026
21.6925 -0.00662284
21.7025 -0.0071859
21.7125 -0.00773356
21.7225 -0.00826
21.7325 -0.00875896
21.7425 -0.00922457
21.7525 -0.00965111
21.7625 -0.0100387
21.7725 -0.0103786
21.7825 -0.0106628
21.7925 -0.0108933
21.8025 -0.0110675
21.8125 -0.0111845
21.8225 -0.0112427
21.8325 -0.0112403
21.8425 -0.0111786
21.8525 -0.0110591
21.8625 -0.0108839
21.8725 -0.0106559
21.8825 -0.0103785
21.8925 -0.0100556
21.9025 -0.00969261
21.9125 -0.00929476
21.9225 -0.00886702
21.9325 -0.00841548
21.9425 -0.00794574
21.9525 -0.00746401
21.9625 -0.00697629
21.9725 -0.00648826
21.9825 -0.00600541
21.9925 -0.00553292
22.0025 -0.00507557
22.0125 -0.00463667
22.0225 -0.00421615
22.0325 -0.00382178
22.0425 -0.00345317
22.0525 -0.0031092
22.0625 -0.00279099
22.0725 -0.00249946
22.0825 -0.00223503
22.0925 -0.00199689
22.1025 -0.00178344
22.1125 -0.00159323
22.1225 -0.00142526
22.1325 -0.00127854
22.1425 -0.0011512
22.1525 -0.0010411
22.1625 -0.000949362
22.1725 -0.00087438
22.1825 -0.00081559
22.1925 -0.000772526
22.2025 -0.000744196
22.2125 -0.00073054
22.2225 -0.000731337
22.2325 -0.000746742
22.2425 -0.000777197
22.2525 -0.000823206
22.2625 -0.000885453
22.2725 -0.000964685
22.2825 -0.00106197
22.2925 -0.00117832
22.3025 -0.00131477
22.3125 -0.00147219
22.3225 -0.00165129
22.3325 -0.00185251
22.3425 -0.00207601
22.3525 -0.00232158
22.3625 -0.00258836
22.3725 -0.00287481
22.3825 -0.00318149
22.3925 -0.00350603
22.4025 -0.00384553
22.4125 -0.0041962
22.4225 -0.00455567
22.4325 -0.00491955
22.4425 -0.00528435
22.4525 -0.00564566
22.4625 -0.00599856
22.4725 -0.00633843
22.4825 -0.00666049
22.4925 -0.00695962
22.5025 -0.00723067
22.5125 -0.00746853
22.5225 -0.00766886
22.5325 -0.00782704
22.5425 -0.00793907
22.5525 -0.00800116
22.5625 -0.00801
22.5725 -0.00796418
22.5825 -0.00786211
22.5925 -0.00770294
22.6025 -0.00748667
22.6125 -0.00721395
22.6225 -0.00688676
22.6325 -0.00650799
22.6425 -0.00608109
22.6525 -0.00560918
22.6625 -0.0050972
22.6725 -0.00455003
22.6825 -0.00397326
22.6925 -0.00337296
22.7025 -0.00275332
22.7125 -0.00211641
22.7225 -0.00147629
22.7325 -0.000833641
22.7425 -0.000192629
22.7525 0.00044149
22.7625 0.00106307
22.7725 0.00166654
22.7825 0.00224755
22.7925 0.00280336
22.8025 0.00333146
22.8125 0.00382835
22.8225 0.00428851
22.8325 0.00471584
22.8425 0.00510602
22.8525 0.00546037
22.8625 0.00578852
22.8725 0.00609764
22.8825 0.00637003
22.8925 0.00661144
22.9025 0.00681801
22.9125 0.00700533
22.9225 0.00718188
22.9325 0.00734711
22.9425 0.00749626
22.9525 0.00762719
22.9625 0.0077449
22.9725 0.00785699
22.9825 0.00796742
22.9925 0.00807532
23.0025 0.00817866
23.0125 0.00827761
23.0225 0.00837516
23.0325 0.00847389
23.0425 0.00857418
23.0525 0.0086742
23.0625 0.00877195
23.0725 0.00886648
23.0825 0.00895761
23.0925 0.00904464
23.1025 0.00912561
23.1125 0.00919831
23.1225 0.00926004
23.1325 0.00930847
23.1425 0.00934158
23.1525 0.00935744
23.1625 0.00935385
23.1725 0.00932827
23.1825 0.00927845
23.1925 0.00920263
23.2025 0.0090998
23.2125 0.0089692
23.2225 0.00881034
23.2325 0.00862293
23.2425 0.00840724
23.2525 0.00816433
23.2625 0.00789591
23.2725 0.00760408
23.2825 0.00729126
23.2925 0.00696028
23.3025 0.00661446
23.3125 0.00625739
23.3225 0.00589265
23.3325 0.00552367
23.3425 0.00515442
23.3525 0.00478973
23.3625 0.0044331
23.3725 0.00408808
23.3825 0.00375798
23.3925 0.00344611
23.4025 0.0031552
23.4125 0.00288706
23.4225 0.00264635
23.4325 0.00243375
23.4425 0.00225078
23.4525 0.00209849
23.4625 0.00197751
23.4725 0.00188821
23.4825 0.00183024
23.4925 0.00180262
23.5025 0.00180367
23.5125 0.00183171
23.5225 0.00188473
23.5325 0.00196033
23.5425 0.00205568
23.5525 0.00216764
23.5625 0.00229349
23.5725 0.0024294
23.5825 0.00257207
23.5925 0.0027186
23.6025 0.0028657
23.6125 0.00301016
23.6225 0.00314934
23.6325 0.00328072
23.6425 0.00340184
23.6525 0.00351068
23.6625 0.00360617
23.6725 0.00368659
23.6825 0.0037514
23.6925 0.00380036
23.7025 0.00383058
23.7125 0.00384266
23.7225 0.00383569
23.7325 0.00380975
23.7425 0.00376538
23.7525 0.00370279
23.7625 0.00362284
23.7725 0.00352649
23.7825 0.00341487
23.7925 0.00328921
23.8025 0.00315079
23.8125 0.00300071
23.8225 0.00284011
23.8325 0.00266996
23.8425 0.00249158
23.8525 0.00230578
23.8625 0.00211356
23.8725 0.00191579
23.8825 0.00171321
23.8925 0.00150588
23.9025 0.00129375
23.9125 0.00107701
23.9225 0.000852858
23.9325 0.000621949
23.9425 0.000384851
23.9525 0.000141979
23.9625 -0.000107281
23.9725 -0.000364438
23.9825 -0.000630417
23.9925 -0.000905266
24.0025 -0.00118911
24.0125 -0.0014825
24.0225 -0.00178599
24.0325 -0.00209954
24.0425 -0.0024225
24.0525 -0.00275399
24.0625 -0.0030932
24.0725 -0.00343914
24.0825 -0.0037904
24.0925 -0.00414509
24.1025 -0.00450106
24.1125 -0.00485605
24.1225 -0.00520765
24.1325 -0.00555329
24.1425 -0.00589015
24.1525 -0.00621535
24.1625 -0.00652594
24.1725 -0.00681882
24.1825 -0.00709064
24.1925 -0.00733868
24.2025 -0.00756055
24.2125 -0.0077536
24.2225 -0.00791507
24.2325 -0.0080423
24.2425 -0.00813327
24.2525 -0.00818682
24.2625 -0.00820224
24.2725 -0.00817917
24.2825 -0.0081175
24.2925 -0.00801727
24.3025 -0.00787938
24.3125 -0.00770537
24.3225 -0.0074971
24.3325 -0.00725668
24.3425 -0.00698654
24.3525 -0.00668954
24.3625 -0.00636893
24.3725 -0.00602817
24.3825 -0.00567086
24.3925 -0.00530068
24.4025 -0.00492141
24.4125 -0.00453684
24.4225 -0.00415067
24.4325 -0.00376638
24.4425 -0.00338722
24.4525 -0.00301628
24.4625 -0.00265395
24.4725 -0.00230403
24.4825 -0.00196935
24.4925 -0.00164929
24.5025 -0.00134562
24.5125 -0.00105909
24.5225 -0.00079024
24.5325 -0.000538981
24.5425 -0.000304914
24.5525 -8.77605e-05
24.5625 0.000112594
24.5725 0.000296356
24.5825 0.000463995
24.5925 0.000616185
24.6025 0.000753586
24.6125 0.00087669
24.6225 0.00098585
24.6325 0.0010813
24.6425 0.00116338
24.6525 0.00123258
24.6625 0.00128922
24.6725 0.00133339
24.6825 0.00136503
24.6925 0.00138395
24.7025 0.00138999
24.7125 0.00138305
24.7225 0.00136305
24.7325 0.00132973
24.7425 0.00128288
24.7525 0.00122235
24.7625 0.00114813
24.7725 0.00106025
24.7825 0.000958811
24.7925 0.000844071
24.8025 0.000716628
24.8125 0.000576784
24.8225 0.000425522
24.8325 0.000263662
24.8425 9.20108e-05
24.8525 -8.88376e-05
24.8625 -0.000277122
24.8725 -0.000471246
24.8825 -0.000670066
24.8925 -0.000872076
24.9025 -0.00107673
24.9125 -0.00128153
24.9225 -0.00148492
24.9325 -0.0016854
24.9425 -0.00188142
24.9525 -0.00207153
24.9625 -0.00225417
24.9725 -0.00242766
24.9825 -0.00259039
24.9925 -0.00274089
25.0025 -0.00287787
25.0125 -0.00300013
25.0225 -0.00310644
25.0325 -0.00319571
25.0425 -0.00326689
25.0525 -0.00331919
25.0625 -0.00335191
25.0725 -0.00336452
25.0825 -0.00335651
25.0925 -0.00332762
25.1025 -0.00327776
25.1125 -0.00320694
25.1225 -0.00311535
25.1325 -0.00300333
25.1425 -0.00287135
25.1525 -0.00272004
25.1625 -0.00255021
25.1725 -0.00236287
25.1825 -0.00215908
25.1925 -0.00193976
25.2025 -0.00170605
25.2125 -0.0014592
25.2225 -0.00120043
25.2325 -0.000930647
25.2425 -0.000652614
25.2525 -0.000364696
25.2625 -6.89501e-05
25.2725 0.000235509
25.2825 0.000547523
25.2925 0.000865812
25.3025 0.00118948
25.3125 0.0015178
25.3225 0.00184989
25.3325 0.00218439
25.3425 0.00251984
25.3525 0.00285493
25.3625 0.00318841
25.3725 0.00351899
25.3825 0.00384526
25.3925 0.00416576
25.4025 0.00447909
25.4125 0.00478385
25.4225 0.0050787
25.4325 0.00536236
25.4425 0.00563354
25.4525 0.00589095
25.4625 0.00613341
25.4725 0.00635982
25.4825 0.0065692
25.4925 0.00676066
25.5025 0.00693343
25.5125 0.00708683
25.5225 0.00722033
25.5325 0.00733354
25.5425 0.00742623
25.5525 0.0074983
25.5625 0.0075498
25.5725 0.00758092
25.5825 0.0075921
25.5925 0.00758403
25.6025 0.00755743
25.6125 0.00751323
25.6225 0.00745253
25.6325 0.00737657
25.6425 0.00728674
25.6525 0.00718458
25.6625 0.00707169
25.6725 0.00694973
25.6825 0.00682038
25.6925 0.00668534
25.7025 0.0065463
25.7125 0.00640488
25.7225 0.00626271
25.7325 0.0061213
25.7425 0.00598221
25.7525 0.00584659
25.7625 0.00571573
25.7725 0.00559093
25.7825 0.00547328
25.7925 0.005364
25.8025 0.00526406
25.8125 0.00517444
25.8225 0.00509596
25.8325 0.0050296
25.8425 0.00497623
25.8525 0.00493664
25.8625 0.00491159
25.8725 0.0049015
25.8825 0.00490728
25.8925 0.00492984
25.9025 0.00497015
25.9125 0.00502905
25.9225 0.00510723
25.9325 0.00520576
25.9425 0.00532877
25.9525 0.0054728
25.9625 0.00563557
25.9725 0.00582137
25.9825 0.00602743
25.9925 0.00625501
26.0025 0.00650467
26.0125 0.00677571
26.0225 0.00706833
26.0325 0.00738188
26.0425 0.00771655
26.0525 0.0080718
26.0625 0.00844757
26.0725 0.00884735
26.0825 0.00926708
26.0925 0.00968925
26.1025 0.0101141
26.1125 0.0105634
26.1225 0.0110288
26.1325 0.0115022
26.1425 0.0119905
26.1525 0.012493
26.1625 0.0130045
26.1725 0.0135306
26.1825 0.0140709
26.1925 0.0146149
26.2025 0.0151624
26.2125 0.015711
26.2225 0.0162618
26.2325 0.0168226
26.2425 0.0173883
26.2525 0.017947
26.2625 0.0184952
26.2725 0.0190317
26.2825 0.0195535
26.2925 0.0200599
26.3025 0.0205466
26.3125 0.0210074
26.3225 0.0214382
26.3325 0.0218364
26.3425 0.0221996
26.3525 0.0225246
26.3625 0.0228068
26.3725 0.0230421
26.3825 0.0232276
26.3925 0.0233611
26.4025 0.0234406
26.4125 0.0234635
26.4225 0.0234274
26.4325 0.0233315
26.4425 0.0231758
26.4525 0.0229595
26.4625 0.0226837
26.4725 0.0223485
26.4825 0.0219536
26.4925 0.0215013
26.5025 0.0209938
26.5125 0.0204337
26.5225 0.019824
26.5325 0.0191679
26.5425 0.0184687
26.5525 0.0177304
26.5625 0.0169571
26.5725 0.0161533
26.5825 0.0153232
26.5925 0.0144713
26.6025 0.013602
26.6125 0.0127177
26.6225 0.0118174
26.6325 0.0109147
26.6425 0.010009
26.6525 0.00910261
26.6625 0.00819922
26.6725 0.00730091
26.6825 0.0064111
26.6925 0.00553226
26.7025 0.00466606
26.7125 0.00381602
26.7225 0.00298701
26.7325 0.00217247
26.7425 0.00137664
26.7525 0.000601182
26.7625 -0.000154844
26.7725 -0.000890611
26.7825 -0.00160363
26.7925 -0.00229463
26.8025 -0.00296065
26.8125 -0.00359521
26.8225 -0.00419926
26.8325 -0.00477257
26.8425 -0.005313
26.8525 -0.00581714
26.8625 -0.00628096
26.8725 -0.0067022
26.8825 -0.00708043
26.8925 -0.00741457
26.9025 -0.00770215
26.9125 -0.00793931
26.9225 -0.00812329
26.9325 -0.00825233
26.9425 -0.00832512
26.9525 -0.00834028
26.9625 -0.00829546
26.9725 -0.00818967
26.9825 -0.00802213
26.9925 -0.00779296
27.0025 -0.00750286
27.0125 -0.00715283
27.0225 -0.006744
27.0325 -0.00627757
27.0425 -0.00575794
27.0525 -0.00519013
27.0625 -0.00457761
27.0725 -0.00392595
27.0825 -0.00323945
27.0925 -0.00252387
27.1025 -0.00178453
27.1125 -0.00102072
27.1225 -0.000238201
27.1325 0.000552247
27.1425 0.00134885
27.1525 0.00214531
27.1625 0.00293855
27.1725 0.00372492
27.1825 0.00450121
27.1925 0.00526396
27.2025 0.00600859
27.2125 0.00673086
27.2225 0.00742697
27.2325 0.00809409
27.2425 0.00872938
27.2525 0.00932971
27.2625 0.00989179
27.2725 0.0104124
27.2825 0.0108891
27.2925 0.0113207
27.3025 0.0117054
27.3125 0.0120425
27.3225 0.0123308
27.3325 0.0125696
27.3425 0.0127589
27.3525 0.0128996
27.3625 0.0129924
27.3725 0.0130385
27.3825 0.0130403
27.3925 0.0129998
27.4025 0.0129193
27.4125 0.0128016
27.4225 0.0126484
27.4325 0.0124632
27.4425 0.0122496
27.4525 0.0120112
27.4625 0.0117515
27.4725 0.0114732
27.4825 0.0111795
27.4925 0.0108734
27.5025 0.0105579
27.5125 0.0102359
27.5225 0.00990981
27.5325 0.00958165
27.5425 0.00925379
27.5525 0.00892882
27.5625 0.00860837
27.5725 0.00829365
27.5825 0.00798568
27.5925 0.00768516
27.6025 0.00739134
27.6125 0.00710746
27.6225 0.0068322
27.6325 0.00656508
27.6425 0.00630598
27.6525 0.00605434
27.6625 0.00580989
27.6725 0.00557181
27.6825 0.00533933
27.6925 0.00511161
27.7025 0.00488788
27.7125 0.00466724
27.7225 0.00444902
27.7325 0.00423266
27.7425 0.00401788
27.7525 0.00380571
27.7625 0.0035971
27.7725 0.00339041
27.7825 0.00318698
27.7925 0.00298678
27.8025 0.00279008
27.8125 0.00259767
27.8225 0.00241014
27.8325 0.00222815
27.8425 0.00205235
27.8525 0.00188333
27.8625 0.00172178
27.8725 0.0015685
27.8825 0.00142417
27.8925 0.0012894
27.9025 0.00116469
27.9125 0.00105051
27.9225 0.000947512
27.9325 0.000856813
27.9425 0.00077657
27.9525 0.000706697
27.9625 0.000647342
27.9725 0.000597221
27.9825 0.000555915
27.9925 0.000521787
28.0025 0.000494083
28.0125 0.000471577
28.0225 0.000453867
28.0325 0.000439992
28.0425 0.000427037
28.0525 0.00041324
28.0625 0.000397209
28.0725 0.000377708
28.0825 0.000353196
28.0925 0.000321822
28.1025 0.000281988
28.1125 0.000232456
28.1225 0.000172226
28.1325 0.000100287
28.1425 1.57541e-05
28.1525 -8.20142e-05
28.1625 -0.000193558
28.1725 -0.000319848
28.1825 -0.000460015
28.1925 -0.000614744
28.2025 -0.00078391
28.2125 -0.000966563
28.2225 -0.00116186
28.2325 -0.00136903
28.2425 -0.00158716
28.2525 -0.00181547
28.2625 -0.00205283
28.2725 -0.00229742
28.2825 -0.002547
28.2925 -0.00279974
28.3025 -0.00305337
28.3125 -0.00330556
28.3225 -0.00355384
28.3325 -0.00379536
28.3425 -0.00402742
28.3525 -0.00424784
28.3625 -0.00445489
28.3725 -0.00464696
28.3825 -0.00482208
28.3925 -0.0049781
28.4025 -0.00511256
28.4125 -0.00522425
28.4225 -0.00531269
28.4325 -0.00537726
28.4425 -0.00541699
28.4525 -0.00543093
28.4625 -0.00541889
28.4725 -0.00538174
28.4825 -0.00532046
28.4925 -0.00523621
28.5025 -0.0051301
28.5125 -0.00500351
28.5225 -0.00485832
28.5325 -0.00469676
28.5425 -0.00452113
28.5525 -0.00433367
28.5625 -0.00413659
28.5725 -0.00393219
28.5825 -0.00372278
28.5925 -0.00351059
28.6025 -0.00329763
28.6125 -0.00308555
28.6225 -0.00287578
28.6325 -0.00266977
28.6425 -0.00246818
28.6525 -0.00227091
28.6625 -0.00207855
28.6725 -0.00189072
28.6825 -0.00170737
28.6925 -0.00152778
28.7025 -0.00135122
28.7125 -0.00117615
28.7225 -0.00100128
28.7325 -0.00082518
28.7425 -0.000646936
28.7525 -0.000466037
28.7625 -0.000281397
28.7725 -9.17674e-05
28.7825 0.000104068
28.7925 0.000306612
28.8025 0.000514205
28.8125 0.000728382
28.8225 0.00095057
28.8325 0.00118171
28.8425 0.00142288
28.8525 0.00167374
28.8625 0.00193333
28.8725 0.0022012
28.8825 0.00247708
28.8925 0.00276071
28.9025 0.00305147
28.9125 0.00334832
28.9225 0.00364997
28.9325 0.00395531
28.9425 0.00426397
28.9525 0.00457456
28.9625 0.00488604
28.9725 0.00519726
28.9825 0.00550678
28.9925 0.00581347
29.0025 0.00611606
29.0125 0.00641333
29.0225 0.0067041
29.0325 0.00698725
29.0425 0.00726173
29.0525 0.00752655
29.0625 0.00778074
29.0725 0.00802343
29.0825 0.00825404
29.0925 0.00847208
29.1025 0.00867718
29.1125 0.00886909
29.1225 0.00904762
29.1325 0.00921272
29.1425 0.0093644
29.1525 0.00950322
29.1625 0.00962897
29.1725 0.00974078
29.1825 0.00983923
29.1925 0.00992412
29.2025 0.00999562
29.2125 0.0100537
29.2225 0.0100983
29.2325 0.0101293
29.2425 0.0101464
29.2525 0.0101492
29.2625 0.0101375
29.2725 0.0101114
29.2825 0.0100707
29.2925 0.0100155
29.3025 0.00994565
29.3125 0.00986069
29.3225 0.00976048
29.3325 0.00964496
29.3425 0.00951408
29.3525 0.00936772
29.3625 0.009206
29.3725 0.00902919
29.3825 0.00883768
29.3925 0.00863162
29.4025 0.00841121
29.4125 0.00817682
29.4225 0.00792952
29.4325 0.00767028
29.4425 0.00740013
29.4525 0.00712002
29.4625 0.00683102
29.4725 0.00653448
29.4825 0.00623204
29.4925 0.00592545
29.5025 0.00561471
29.5125 0.00530196
29.5225 0.00499035
29.5325 0.00468005
29.5425 0.00437326
29.5525 0.00407145
29.5625 0.00377635
29.5725 0.00348968
29.5825 0.00321296
29.5925 0.00294734
29.6025 0.0026943
29.6125 0.00245509
29.6225 0.00223091
29.6325 0.00202281
29.6425 0.00183164
29.6525 0.00165805
29.6625 0.00150256
29.6725 0.0013657
29.6825 0.00124764
29.6925 0.0011485
29.7025 0.00106851
29.7125 0.00100759
29.7225 0.000964597
29.7325 0.000939289
29.7425 0.000931053
29.7525 0.000938664
29.7625 0.000961499
29.7725 0.000998382
29.7825 0.00104875
29.7925 0.00111145
29.8025 0.00118519
29.8125 0.00126909
29.8225 0.00136186
29.8325 0.0014625
29.8425 0.00156995
29.8525 0.00168313
29.8625 0.00180096
29.8725 0.00192241
29.8825 0.00204656
29.8925 0.00217262
29.9025 0.00229993
29.9125 0.00242748
29.9225 0.00255456
29.9325 0.00268113
29.9425 0.00280659
29.9525 0.00293066
29.9625 0.00305365
29.9725 0.00317548
29.9825 0.00329524
29.9925 0.00341342
30.0025 0.00353004
30.0125 0.0036453
30.0225 0.00375948
30.0325 0.00387268
30.0425 0.00398506
30.0525 0.00409669
30.0625 0.00420772
30.0725 0.00431821
30.0825 0.00442821
30.0925 0.00453766
30.1025 0.00464649
30.1125 0.00475459
30.1225 0.00486172
30.1325 0.0049677
30.1425 0.00507225
30.1525 0.00517496
30.1625 0.00527538
30.1725 0.00537302
30.1825 0.00546731
30.1925 0.00555763
30.2025 0.00564324
30.2125 0.00572345
30.2225 0.0057977
30.2325 0.00586537
30.2425 0.00592578
30.2525 0.00597797
30.2625 0.00602116
30.2725 0.00605515
30.2825 0.00608008
30.2925 0.00609562
30.3025 0.00610132
30.3125 0.00609658
30.3225 0.00608091
30.3325 0.00605418
30.3425 0.0060163
30.3525 0.00596709
30.3625 0.00590632
30.3725 0.00583369
30.3825 0.0057491
30.3925 0.00565238
30.4025 0.00554339
30.4125 0.00542204
30.4225 0.00528828
30.4325 0.00514198
30.4425 0.00498432
30.4525 0.00481469
30.4625 0.00463163
30.4725 0.00443583
30.4825 0.004227
30.4925 0.00400498
30.5025 0.00376812
30.5125 0.00351629
30.5225 0.00324993
30.5325 0.00296497
30.5425 0.00266233
30.5525 0.002343
30.5625 0.00200753
30.5725 0.00165577
30.5825 0.00128653
30.5925 0.000899472
30.6025 0.000495445
30.6125 7.53788e-05
30.6225 -0.000360155
30.6325 -0.000810623
30.6425 -0.00127501
30.6525 -0.00175174
30.6625 -0.00223899
30.6725 -0.00273493
30.6825 -0.00323748
30.6925 -0.00374426
30.7025 -0.00425254
30.7125 -0.00475943
30.7225 -0.00526194
30.7325 -0.00575547
30.7425 -0.00623467
30.7525 -0.00669677
30.7625 -0.00713902
30.7725 -0.00755821
30.7825 -0.00794928
30.7925 -0.00830668
30.8025 -0.00862628
30.8125 -0.00893109
30.8225 -0.00919127
30.8325 -0.0093523
30.8425 -0.00952729
30.8525 -0.00967147
30.8625 -0.0097818
30.8725 -0.00983495
30.8825 -0.00982861
30.8925 -0.00978254
30.9025 -0.00970833
30.9125 -0.0096023
30.9225 -0.00945345
30.9325 -0.00925728
30.9425 -0.00902149
30.9525 -0.00875737
30.9625 -0.00847023
30.9725 -0.00815837
30.9825 -0.00781977
30.9925 -0.00745761
31.0025 -0.0070795
31.0125 -0.00669175
31.0225 -0.00629709
31.0325 -0.00589526
31.0425 -0.00548818
31.0525 -0.00507831
31.0625 -0.00467017
31.0725 -0.00426812
31.0825 -0.00387426
31.0925 -0.0034887
31.1025 -0.00311124
31.1125 -0.0027426
31.1225 -0.00238453
31.1325 -0.00203945
31.1425 -0.00170909
31.1525 -0.00139379
31.1625 -0.00109286
31.1725 -0.000805617
31.1825 -0.000532354
31.1925 -0.000273988
31.2025 -3.16243e-05
31.2125 0.000194117
31.2225 0.00040343
31.2325 0.000596941
31.2425 0.000775156
31.2525 0.00093822
31.2625 0.00108587
31.2725 0.00121779
31.2825 0.00133429
31.2925 0.00143591
31.3025 0.00152347
31.3125 0.00159692
31.3225 0.00165698
31.3325 0.00170575
31.3425 0.00174257
31.3525 0.00176735
31.3625 0.0017831
31.3725 0.00179002
31.3825 0.00178918
31.3925 0.00178191
31.4025 0.00176885
31.4125 0.00175157
31.4225 0.00173171
31.4325 0.00171087
31.4425 0.00169039
31.4525 0.00167157
31.4625 0.00165577
31.4725 0.00164461
31.4825 0.00163973
31.4925 0.00164266
31.5025 0.00165456
31.5125 0.00167095
31.5225 0.00170362
31.5325 0.00175187
31.5425 0.00181581
31.5525 0.00190168
31.5625 0.00200778
31.5725 0.00213589
31.5825 0.00228687
31.5925 0.00246186
31.6025 0.00266157
31.6125 0.00288563
31.6225 0.0031345
31.6325 0.0034098
31.6425 0.00370968
31.6525 0.0040326
31.6625 0.00437911
31.6725 0.00474716
31.6825 0.00513673
31.6925 0.00554671
31.7025 0.00597505
31.7125 0.00641997
31.7225 0.0068794
31.7325 0.00735163
31.7425 0.00783512
31.7525 0.00832808
31.7625 0.00882848
31.7725 0.009334
31.7825 0.0098421
31.7925 0.0103515
31.8025 0.0108607
31.8125 0.0113668
31.8225 0.0118674
31.8325 0.0123605
31.8425 0.0128448
31.8525 0.0133193
31.8625 0.0137828
31.8725 0.0142336
31.8825 0.0146703
31.8925 0.0150915
31.9025 0.0154966
31.9125 0.0158852
31.9225 0.0162565
31.9325 0.0166096
31.9425 0.0169439
31.9525 0.017259
31.9625 0.0175546
31.9725 0.0178306
31.9825 0.0180865
31.9925 0.018322
32.0025 0.0185365
32.015 0.018774
32.0275 0.0189766
32.04 0.0191427
32.0525 0.0192701
32.065 0.0193565
32.0775 0.0193995
32.09 0.0193981
32.1025 0.0193505
32.115 0.0192525
32.1275 0.0191017
32.14 0.0188965
32.1525 0.0186357
32.165 0.018318
32.1775 0.0179412
32.19 0.0175041
32.2025 0.0170075
32.215 0.0164521
32.2275 0.0158384
32.24 0.0151679
32.2525 0.0144427
32.265 0.0136663
32.2775 0.0128417
32.29 0.011972
32.3025 0.0110626
32.315 0.0101178
32.3275 0.00914141
32.34 0.00814039
32.3525 0.007123
32.365 0.00609114
32.3775 0.00505088
32.39 0.00401336
32.4025 0.00297956
32.415 0.00195611
32.4275 0.000947951
32.44 -4.06135e-05
32.4525 -0.00100269
32.465 -0.00193127
32.4775 -0.00282101
32.49 -0.00366868
32.5025 -0.00447107
32.515 -0.00521559
32.5275 -0.00589427
32.54 -0.00650384
32.5525 -0.00705738
32.565 -0.00752522
32.5775 -0.00792463
32.59 -0.00825412
32.6025 -0.00851221
32.615 -0.00869028
32.6275 -0.00878263
32.64 -0.00879572
32.6525 -0.00873408
32.665 -0.0085987
32.6775 -0.00838225
32.69 -0.00808819
32.7025 -0.00772618
32.715 -0.00730178
32.7275 -0.00681443
32.74 -0.00626671
32.7525 -0.00566791
32.765 -0.00502287
32.7775 -0.00433596
32.79 -0.00361135
32.8025 -0.0028558
32.815 -0.00207466
32.8275 -0.00127194
32.84 -0.000451558
32.8525 0.000381201
32.865 0.00121833
32.8775 0.00205751
32.89 0.00289454
32.9025 0.0037269
32.915 0.00455159
32.9275 0.00536381
32.94 0.00615797
32.9525 0.00692958
32.965 0.00767588
32.9775 0.00839503
32.99 0.00908458
33.0025 0.00974135
33.015 0.010362
33.0275 0.0109428
33.04 0.0114884
33.0525 0.0119936
33.065 0.0124539
33.0775 0.0128689
33.09 0.0132403
33.1025 0.0135676
33.115 0.0138532
33.1275 0.0140945
33.14 0.0142948
33.1525 0.0144555
33.165 0.0145787
33.1775 0.0146649
33.19 0.0147148
33.2025 0.0147302
33.215 0.0147131
33.2275 0.0146645
33.24 0.0145855
33.2525 0.0144767
33.265 0.0143397
33.2775 0.0141756
33.29 0.0139854
33.3025 0.0137704
33.315 0.013532
33.3275 0.0132714
33.34 0.012989
33.3525 0.0126861
33.365 0.0123649
33.3775 0.0120271
33.39 0.0116746
33.4025 0.0113091
33.415 0.0109331
33.4275 0.0105499
33.44 0.0101627
33.4525 0.00977479
33.465 0.00938975
33.4775 0.00901152
33.49 0.00864348
33.5025 0.00829091
33.515 0.00795683
33.5275 0.00764596
33.54 0.00736229
33.5525 0.00710987
33.565 0.00689243
33.5775 0.00671313
33.59 0.00657556
33.6025 0.00648344
33.615 0.00643963
33.6275 0.00644618
33.64 0.00650423
33.6525 0.0066142
33.665 0.00677671
33.6775 0.00699022
33.69 0.00725357
33.7025 0.0075644
33.715 0.00791951
33.7275 0.00831598
33.74 0.00875054
33.7525 0.009221
33.765 0.00972278
33.7775 0.0102508
33.79 0.0108001
33.8025 0.0113677
33.815 0.0119504
33.8275 0.0125438
33.84 0.0131429
33.8525 0.0137429
33.865 0.0143391
33.8775 0.0149319
33.89 0.0155158
33.9025 0.0160846
33.915 0.0166349
33.9275 0.0171659
33.94 0.0176765
33.9525 0.0181635
33.965 0.0186233
33.9775 0.019054
33.99 0.0194551
34.0025 0.0198256
34.015 0.0201632
34.0275 0.0204657
34.04 0.0207316
34.0525 0.0209599
34.065 0.0211495
34.0775 0.0212985
34.09 0.0214044
34.1025 0.0214654
34.115 0.0214805
34.1275 0.0214484
34.14 0.0213686
34.1525 0.0212409
34.165 0.0210644
34.1775 0.0208392
34.19 0.0205656
34.2025 0.020244
34.215 0.0198754
34.2275 0.0194617
34.24 0.0190056
34.2525 0.0185084
34.265 0.0179718
34.2775 0.0173986
34.29 0.0167929
34.3025 0.0161576
34.315 0.0154955
34.3275 0.01481
34.34 0.0141055
34.3525 0.0133847
34.365 0.0126501
34.3775 0.0119038
34.39 0.0111475
34.4025 0.0103871
34.415 0.00962193
34.4275 0.00885271
34.44 0.00807971
34.4525 0.00730585
34.465 0.00653331
34.4775 0.00576356
34.49 0.00499776
34.5025 0.00423961
34.515 0.00349644
34.5275 0.00276364
34.54 0.00204652
34.5525 0.00134662
34.565 0.000665378
34.5775 3.9376e-06
34.59 -0.000637382
34.6025 -0.00125755
34.615 -0.00185915
34.6275 -0.00243616
34.64 -0.00298643
34.6525 -0.00351001
34.665 -0.00400783
34.6775 -0.00447822
34.69 -0.00491771
34.7025 -0.00532503
34.715 -0.00569769
34.7275 -0.00603384
34.74 -0.00633279
34.7525 -0.00659168
34.765 -0.00680708
34.7775 -0.00697988
34.79 -0.00710708
34.8025 -0.00718754
34.815 -0.0072202
34.8275 -0.00720362
34.84 -0.00713739
34.8525 -0.00702189
34.865 -0.00685844
34.8775 -0.00664862
34.89 -0.00639366
34.9025 -0.00609631
34.915 -0.00576155
34.9275 -0.00539095
34.94 -0.00498746
34.9525 -0.00455669
34.965 -0.00410339
34.9775 -0.0036315
34.99 -0.00314507
35.0025 -0.00264888
35.015 -0.00214736
35.0275 -0.00164456
35.04 -0.00114412
35.0525 -0.000650458
35.065 -0.0001682
35.0775 0.000298737
35.09 0.000747535
35.1025 0.00117563
35.115 0.00157992
35.1275 0.00195692
35.14 0.00230333
35.1525 0.00261657
35.165 0.00289471
35.1775 0.00313609
35.19 0.00333894
35.2025 0.00350145
35.215 0.00362222
35.2275 0.00370033
35.24 0.00373566
35.2525 0.00372838
35.265 0.0036794
35.2775 0.00358931
35.29 0.00345957
35.3025 0.00329219
35.315 0.00308979
35.3275 0.00285482
35.34 0.00259002
35.3525 0.00229838
35.365 0.00198308
35.3775 0.00164762
35.39 0.00129558
35.4025 0.000931457
35.415 0.00055783
35.4275 0.000177591
35.44 -0.00020527
35.4525 -0.00058628
35.465 -0.00096128
35.4775 -0.00132699
35.49 -0.00168051
35.5025 -0.00201874
35.515 -0.00233816
35.5275 -0.00263535
35.54 -0.00290749
35.5525 -0.00315256
35.565 -0.00336892
35.5775 -0.00355485
35.59 -0.00370869
35.6025 -0.0038294
35.615 -0.00391653
35.6275 -0.0039704
35.64 -0.00399169
35.6525 -0.00398186
35.665 -0.00394228
35.6775 -0.00387394
35.69 -0.00377843
35.7025 -0.00365809
35.715 -0.0035151
35.7275 -0.00335335
35.74 -0.00317496
35.7525 -0.00298234
35.765 -0.00277946
35.7775 -0.00256982
35.79 -0.00235656
35.8025 -0.00214253
35.815 -0.00193109
35.8275 -0.00172516
35.84 -0.00152785
35.8525 -0.00134181
35.865 -0.00116921
35.8775 -0.00101341
35.89 -0.000876372
35.9025 -0.000760343
35.915 -0.000666851
35.9275 -0.000597404
35.94 -0.000553291
35.9525 -0.00053548
35.965 -0.000544636
35.9775 -0.000580759
35.99 -0.000643721
36.0025 -0.000733018
36.015 -0.000847698
36.0275 -0.000986345
36.04 -0.00114714
36.0525 -0.0013284
36.065 -0.00152857
36.0775 -0.00174412
36.09 -0.00197307
36.1025 -0.00221374
36.115 -0.00246379
36.1275 -0.00272019
36.14 -0.00297986
36.1525 -0.00324024
36.165 -0.00349928
36.1775 -0.00375501
36.19 -0.00400517
36.2025 -0.00424742
36.215 -0.00447978
36.2275 -0.00469959
36.24 -0.00490731
36.2525 -0.00510159
36.265 -0.00528122
36.2775 -0.00544528
36.29 -0.00559294
36.3025 -0.00558444
36.315 -0.00560162
36.3275 -0.0057383
36.34 -0.00583277
36.3525 -0.00595871
36.365 -0.00605669
36.3775 -0.00617579
36.39 -0.00629439
36.4025 -0.00640306
36.415 -0.00651223
36.4275 -0.00662522
36.44 -0.00673845
36.4525 -0.00685731
36.465 -0.0069726
36.4775 -0.0070874
36.49 -0.0071953
36.5025 -0.00730886
36.515 -0.00741702
36.5275 -0.00751794
36.54 -0.00760893
36.5525 -0.00768774
36.565 -0.00775438
36.5775 -0.00780533
36.59 -0.00783699
36.6025 -0.007846
36.615 -0.00783119
36.6275 -0.00779137
36.64 -0.0077255
36.6525 -0.00763071
36.665 -0.00750634
36.6775 -0.00735289
36.69 -0.00717149
36.7025 -0.00696405
36.715 -0.00672972
36.7275 -0.00647013
36.74 -0.00618794
36.7525 -0.00588508
36.765 -0.00556333
36.7775 -0.00522485
36.79 -0.00487362
36.8025 -0.00451271
36.815 -0.00414525
36.8275 -0.00377405
36.84 -0.00340146
36.8525 -0.00302783
36.865 -0.00265634
36.8775 -0.00228822
36.89 -0.00192553
36.9025 -0.00156961
36.915 -0.00122122
36.9275 -0.000881136
36.94 -0.00054976
36.9525 -0.000227628
36.965 8.46965e-05
36.9775 0.000387351
36.99 0.000680288
37.0025 0.000963824
37.015 0.00123829
37.0275 0.00150505
37.04 0.00176379
37.0525 0.00201491
37.065 0.00225971
37.0775 0.00249908
37.09 0.00273466
37.1025 0.00296792
37.115 0.00319981
37.1275 0.00343451
37.14 0.00367669
37.1525 0.0039161
37.165 0.00416273
37.1775 0.00441436
37.19 0.00467118
37.2025 0.00493402
37.215 0.00520478
37.2275 0.00548404
37.24 0.00577141
37.2525 0.00606395
37.265 0.00636587
37.2775 0.00667441
37.29 0.00698937
37.3025 0.00730918
37.315 0.00763178
37.3275 0.007955
37.34 0.00827595
37.3525 0.00859121
37.365 0.00889704
37.3775 0.00918979
37.39 0.00946563
37.4025 0.00972094
37.415 0.00995238
37.4275 0.0101563
37.44 0.0103294
37.4525 0.0104691
37.465 0.0105733
37.4775 0.0106402
37.49 0.0106686
37.5025 0.0106579
37.515 0.010609
37.5275 0.0105227
37.54 0.0104007
37.5525 0.0102455
37.565 0.0100591
37.5775 0.009845
37.59 0.00960664
37.6025 0.00934798
37.615 0.00907213
37.6275 0.00878269
37.64 0.00848367
37.6525 0.00817872
37.665 0.00787113
37.6775 0.0075636
37.69 0.00725882
37.7025 0.00695879
37.715 0.00666576
37.7275 0.00638006
37.74 0.00610295
37.7525 0.00583498
37.765 0.00557621
37.7775 0.00532638
37.79 0.00508476
37.8025 0.00485132
37.815 0.0046254
37.8275 0.00440663
37.84 0.00419436
37.8525 0.00398811
37.865 0.00378776
37.8775 0.00359226
37.89 0.0034013
37.9025 0.00321527
37.915 0.00303419
37.9275 0.00285855
37.94 0.00268907
37.9525 0.00252673
37.965 0.00237297
37.9775 0.00222915
37.99 0.00209549
38.0025 0.00197386
38.015 0.00186499
38.0275 0.00177046
38.04 0.00169095
38.0525 0.00162719
38.065 0.00158033
38.0775 0.00155085
38.09 0.00153892
38.1025 0.00154429
38.115 0.00156645
38.1275 0.00160509
38.14 0.00165908
38.1525 0.00172713
38.165 0.00180783
38.1775 0.00189876
38.19 0.00199785
38.2025 0.00210364
38.215 0.002214
38.2275 0.00232566
38.24 0.00243673
38.2525 0.0025453
38.265 0.00264967
38.2775 0.00274819
38.29 0.00283928
38.3025 0.00292206
38.315 0.00299592
38.3275 0.00306096
38.34 0.0031171
38.3525 0.00316482
38.365 0.00320475
38.3775 0.00323807
38.39 0.00326613
38.4025 0.00329044
38.415 0.00331235
38.4275 0.00333314
38.44 0.00335462
38.4525 0.00337854
38.465 0.00340648
38.4775 0.00343998
38.49 0.00347957
38.5025 0.00352599
38.515 0.00358022
38.5275 0.00364197
38.54 0.00371164
38.5525 0.00378943
38.565 0.00387527
38.5775 0.0039687
38.59 0.00406899
38.6025 0.00417565
38.615 0.00428801
38.6275 0.00440515
38.64 0.00452581
38.6525 0.00464877
38.665 0.00477295
38.6775 0.00489727
38.69 0.00502059
38.7025 0.00514167
38.715 0.00525933
38.7275 0.00537254
38.74 0.00548048
38.7525 0.00558245
38.765 0.00567784
38.7775 0.0057661
38.79 0.00584689
38.8025 0.00592007
38.815 0.00598572
38.8275 0.00604401
38.84 0.00609518
38.8525 0.00613956
38.865 0.00617758
38.8775 0.00620949
38.89 0.00623628
38.9025 0.00625889
38.915 0.00627807
38.9275 0.0062947
38.94 0.00630945
38.9525 0.00632308
38.965 0.00633627
38.9775 0.00634956
38.99 0.00636336
39.0025 0.00637808
39.015 0.00639403
39.0275 0.00641145
39.04 0.00643059
39.0525 0.0064517
39.065 0.00647508
39.0775 0.00650109
39.09 0.00653015
39.1025 0.00656272
39.115 0.00659942
39.1275 0.00664101
39.14 0.00668833
39.1525 0.00674225
39.165 0.00680396
39.1775 0.00687467
39.19 0.00695572
39.2025 0.00704846
39.215 0.00715446
39.2275 0.00727535
39.24 0.00741288
39.2525 0.00756872
39.265 0.00774453
39.2775 0.00794192
39.29 0.00816249
39.3025 0.00840769
39.315 0.00867883
39.3275 0.00897697
39.34 0.00930297
39.3525 0.00965742
39.365 0.0100407
39.3775 0.0104527
39.39 0.0108932
39.4025 0.0113614
39.415 0.0118562
39.4275 0.0123762
39.44 0.0129194
39.4525 0.0134835
39.465 0.0140661
39.4775 0.014662
39.49 0.0152726
39.5025 0.0158915
39.515 0.0165109
39.5275 0.0171256
39.54 0.0177327
39.5525 0.018328
39.565 0.018905
39.5775 0.0194571
39.59 0.0199794
39.6025 0.0204681
39.615 0.0209191
39.6275 0.0213272
39.64 0.0216873
39.6525 0.0219961
39.665 0.022251
39.6775 0.0224491
39.69 0.0225873
39.7025 0.0226635
39.715 0.022677
39.7275 0.0226278
39.74 0.0225163
39.7525 0.0223437
39.765 0.0221123
39.7775 0.0218242
39.79 0.0214804
39.8025 0.0210847
39.815 0.0206415
39.8275 0.0201548
39.84 0.0196275
39.8525 0.0190635
39.865 0.0184678
39.8775 0.017845
39.89 0.0171989
39.9025 0.0165331
39.915 0.0158519
39.9275 0.0151598
39.94 0.0144607
39.9525 0.0137572
39.965 0.0130522
39.9775 0.0123479
39.99 0.011648
40.0025 0.0109556
40.015 0.0102702
40.0275 0.00959186
40.04 0.00892199
40.0525 0.00826367
40.065 0.00762001
40.0775 0.00699311
40.09 0.00638416
40.1025 0.00579467
40.115 0.00522736
40.1275 0.00468612
40.14 0.00417502
40.1525 0.00369755
40.165 0.00325651
40.1775 0.00285474
40.19 0.0024957
40.2025 0.00218337
40.215 0.00192157
40.2275 0.00171338
40.24 0.00156095
40.2525 0.0014658
40.265 0.00142934
40.2775 0.00145248
40.29 0.0015352
40.3025 0.00167625
40.315 0.00187286
40.3275 0.00212277
40.34 0.00242013
40.3525 0.0027624
40.365 0.00314397
40.3775 0.00355827
40.39 0.00400045
40.4025 0.0044656
40.415 0.00494839
40.4275 0.00544195
40.44 0.00593995
40.4525 0.00643517
40.465 0.00692381
40.4775 0.00740137
40.49 0.00786302
40.5025 0.00830284
40.515 0.00871607
40.5275 0.00909917
40.54 0.00944983
40.5525 0.00976612
40.565 0.010046
40.5775 0.0102875
40.59 0.0104893
40.6025 0.0106511
40.615 0.0107728
40.6275 0.0108548
40.64 0.0108973
40.6525 0.0109011
40.665 0.0108678
40.6775 0.0107994
40.69 0.010698
40.7025 0.010565
40.715 0.0104023
40.7275 0.0102126
40.74 0.00999868
40.7525 0.0097624
40.765 0.00950577
40.7775 0.00923111
40.79 0.00894095
40.8025 0.00863726
40.815 0.00832156
40.8275 0.00799505
40.84 0.00765922
40.8525 0.00731491
40.865 0.00696258
40.8775 0.00660258
40.89 0.00623651
40.9025 0.00586412
40.915 0.00548598
40.9275 0.00510676
40.94 0.00472277
40.9525 0.00433251
40.965 0.00393848
40.9775 0.00353866
40.99 0.00313471
41.0025 0.00272681
41.015 0.00231432
41.0275 0.00189841
41.04 0.00148
41.0525 0.00106039
41.065 0.000640605
41.0775 0.000220943
41.09 -0.000199842
41.1025 -0.000617329
41.115 -0.00103061
41.1275 -0.00143984
41.14 -0.00184338
41.1525 -0.00224031
41.165 -0.0026294
41.1775 -0.00301124
41.19 -0.00338639
41.2025 -0.00375221
41.215 -0.0041098
41.2275 -0.00445964
41.24 -0.00480117
41.2525 -0.0051349
41.265 -0.00546097
41.2775 -0.00577909
41.29 -0.00608557
41.3025 -0.00638113
41.315 -0.00667092
41.3275 -0.00695412
41.34 -0.00723175
41.3525 -0.00750129
41.365 -0.0077601
41.3775 -0.00801021
41.39 -0.00825026
41.4025 -0.00847991
41.415 -0.00870023
41.4275 -0.00890881
41.44 -0.00910467
41.4525 -0.00928703
41.465 -0.00945508
41.4775 -0.00960899
41.49 -0.00974787
41.5025 -0.0098713
41.515 -0.009979
41.5275 -0.0100705
41.54 -0.0101455
41.5525 -0.0102042
41.565 -0.0102466
41.5775 -0.0102726
41.59 -0.0102828
41.6025 -0.0102779
41.615 -0.0102587
41.6275 -0.0102261
41.64 -0.0101811
41.6525 -0.0101251
41.665 -0.0100592
41.6775 -0.00998518
41.69 -0.00990455
41.7025 -0.00981895
41.715 -0.00973037
41.7275 -0.00964032
41.74 -0.00955058
41.7525 -0.00946285
41.765 -0.00937819
41.7775 -0.00929793
41.79 -0.00922326
41.8025 -0.00915514
41.815 -0.00909417
41.8275 -0.00904044
41.84 -0.00899409
41.8525 -0.00895541
41.865 -0.00892401
41.8775 -0.00889927
41.89 -0.00887976
41.9025 -0.00886468
41.915 -0.0088531
41.9275 -0.00884362
41.94 -0.00883532
41.9525 -0.00882709
41.965 -0.00881827
41.9775 -0.00880829
41.99 -0.00879672
42.0025 -0.00878337
42.015 -0.00876832
42.0275 -0.00875213
42.04 -0.00873524
42.0525 -0.00871857
42.065 -0.00870249
42.0775 -0.00868818
42.09 -0.00867719
42.1025 -0.00867062
42.115 -0.00866994
42.1275 -0.00867591
42.14 -0.00868995
42.1525 -0.00871354
42.165 -0.00874639
42.1775 -0.00878813
42.19 -0.00883887
42.2025 -0.00889878
42.215 -0.00896723
42.2275 -0.00904309
42.24 -0.00912536
42.2525 -0.00921406
42.265 -0.00930793
42.2775 -0.00940564
42.29 -0.00950593
42.3025 -0.00960708
42.315 -0.00970753
42.3275 -0.00980767
42.34 -0.00990691
42.3525 -0.0100044
42.365 -0.0100991
42.3775 -0.0101897
42.39 -0.0102759
42.4025 -0.0103576
42.415 -0.0104352
42.4275 -0.0105085
42.44 -0.0105777
42.4525 -0.0106434
42.465 -0.0107067
42.4775 -0.0107684
42.49 -0.0108294
42.5025 -0.0108902
42.515 -0.0109513
42.5275 -0.0110133
42.54 -0.0110764
42.5525 -0.0111398
42.565 -0.0112012
42.5775 -0.0112603
42.59 -0.0113174
42.6025 -0.0113714
42.615 -0.0114203
42.6275 -0.011462
42.64 -0.0114949
42.6525 -0.0115175
42.665 -0.0115291
42.6775 -0.0115245
42.69 -0.0114989
42.7025 -0.0114496
42.715 -0.0113739
42.7275 -0.0112697
42.74 -0.0111335
42.7525 -0.0109613
42.765 -0.0107509
42.7775 -0.0105011
42.79 -0.0102107
42.8025 -0.00987749
42.815 -0.00950108
42.8275 -0.00908404
42.84 -0.00862563
42.8525 -0.0081269
42.865 -0.00759046
42.8775 -0.00701659
42.89 -0.00640853
42.9025 -0.00576832
42.915 -0.00510059
42.9275 -0.00440977
42.94 -0.00369958
42.9525 -0.00297381
42.965 -0.00223515
42.9775 -0.00148616
42.99 -0.00072983
43.0025 2.83323e-05
43.015 0.000783011
43.0275 0.00153339
43.04 0.00228136
43.0525 0.0030263
43.065 0.00376575
43.0775 0.00450424
43.09 0.00525055
43.1025 0.00598029
43.115 0.0067159
43.1275 0.00745671
43.14 0.00819924
43.1525 0.0089443
43.165 0.00970004
43.1775 0.0104683
43.19 0.0112482
43.2025 0.0120427
43.215 0.0128548
43.2275 0.013684
43.24 0.0145286
43.2525 0.0153847
43.265 0.0162601
43.2775 0.0171503
43.29 0.0180424
43.3025 0.0189308
43.315 0.0197959
43.3275 0.0206561
43.34 0.0215124
43.3525 0.0223407
43.365 0.023147
43.3775 0.0239228
43.39 0.0246638
43.4025 0.0253651
43.415 0.0260227
43.4275 0.026634
43.44 0.0271905
43.4525 0.0276956
43.465 0.028152
43.4775 0.0285499
43.49 0.0288873
43.5025 0.0291714
43.515 0.0293995
43.5275 0.0295739
43.54 0.0296979
43.5525 0.0297743
43.565 0.0298121
43.5775 0.029814
43.59 0.0297785
43.6025 0.0297145
43.615 0.0296245
43.6275 0.0295126
43.64 0.0293841
43.6525 0.0292433
43.665 0.0290948
43.6775 0.0289423
43.69 0.028788
43.7025 0.028634
43.715 0.0284822
43.7275 0.0283347
43.74 0.0281927
43.7525 0.028056
43.765 0.0279248
43.7775 0.0277991
43.79 0.0276765
43.8025 0.0275536
43.815 0.0274276
43.8275 0.0272961
43.84 0.0271562
43.8525 0.0270052
43.865 0.02684
43.8775 0.0266583
43.89 0.0264582
43.9025 0.0262379
43.915 0.0259965
43.9275 0.0257332
43.94 0.0254484
43.9525 0.0251427
43.965 0.0248178
43.9775 0.0244755
43.99 0.0241187
44.0025 0.0237503
44.015 0.023374
44.0275 0.0229937
44.04 0.0226134
44.0525 0.0222373
44.065 0.0218694
44.0775 0.0215137
44.09 0.0211736
44.1025 0.0208524
44.115 0.0205526
44.1275 0.0202762
44.14 0.0200247
44.1525 0.0197984
44.165 0.0195973
44.1775 0.0194199
44.19 0.0192652
44.2025 0.0191305
44.215 0.0190131
44.2275 0.0189096
44.24 0.0188162
44.2525 0.0187293
44.265 0.0186445
44.2775 0.0185582
44.29 0.0184666
44.3025 0.0183662
44.315 0.018254
44.3275 0.0181276
44.34 0.017985
44.3525 0.0178242
44.365 0.0176449
44.3775 0.0174475
44.39 0.0172325
44.4025 0.0170011
44.415 0.0167557
44.4275 0.0164983
44.44 0.0162319
44.4525 0.0159602
44.465 0.0156873
44.4775 0.015415
44.49 0.0151485
44.5025 0.0148905
44.515 0.014645
44.5275 0.0144152
44.54 0.0142042
44.5525 0.0140147
44.565 0.0138492
44.5775 0.0137091
44.59 0.0135956
44.6025 0.0135092
44.615 0.0134498
44.6275 0.0134167
44.64 0.0134083
44.6525 0.0134236
44.665 0.013459
44.6775 0.0135115
44.69 0.0135764
44.7025 0.0136506
44.715 0.0137298
44.7275 0.0138103
44.74 0.0138879
44.7525 0.0139581
44.765 0.0140187
44.7775 0.0140669
44.79 0.0141002
44.8025 0.0141168
44.815 0.0141152
44.8275 0.014095
44.84 0.014056
44.8525 0.0139986
44.865 0.0139233
44.8775 0.0138316
44.89 0.0137271
44.9025 0.0136092
44.915 0.0134785
44.9275 0.0133368
44.94 0.0131855
44.9525 0.013028
44.965 0.0128653
44.9775 0.012697
44.99 0.0125239
45.0025 0.0123477
45.015 0.0121698
45.0275 0.0119912
45.04 0.0118119
45.0525 0.0116311
45.065 0.0114482
45.0775 0.0112628
45.09 0.0110748
45.1025 0.0108833
45.115 0.0106866
45.1275 0.0104833
45.14 0.0102722
45.1525 0.0100524
45.165 0.00982317
45.1775 0.00958409
45.19 0.00933482
45.2025 0.00907543
45.215 0.0088068
45.2275 0.00852914
45.24 0.00824349
45.2525 0.00795237
45.265 0.00765822
45.2775 0.00736299
45.29 0.00706985
45.3025 0.00678173
45.315 0.0065021
45.3275 0.00623444
45.34 0.00598294
45.3525 0.00575062
45.365 0.0055408
45.3775 0.00535672
45.39 0.00520121
45.4025 0.00507643
45.415 0.00498432
45.4275 0.00492688
45.44 0.00490521
45.4525 0.00491987
45.465 0.00497096
45.4775 0.00505753
45.49 0.00517863
45.5025 0.00533252
45.515 0.0055175
45.5275 0.00572954
45.54 0.00596706
45.5525 0.00622746
45.565 0.00650687
45.5775 0.006803
45.59 0.00711333
45.6025 0.0074353
45.615 0.00776674
45.6275 0.00810541
45.64 0.00844958
45.6525 0.00879812
45.665 0.00915038
45.6775 0.00950613
45.69 0.00986495
45.7025 0.0102269
45.715 0.0105923
45.7275 0.010962
45.74 0.0113374
45.7525 0.0117174
45.765 0.012107
45.7775 0.0125073
45.79 0.0129195
45.8025 0.0133472
45.815 0.0138036
45.8275 0.0142728
45.84 0.014759
45.8525 0.0152652
45.865 0.015787
45.8775 0.0163225
45.89 0.0168717
45.9025 0.0174337
45.915 0.0180043
45.9275 0.0185797
45.94 0.0191574
45.9525 0.0197337
45.965 0.0203037
45.9775 0.0208601
45.99 0.0214027
46.0025 0.0219274
46.015 0.0224234
46.0275 0.0228853
46.04 0.0233118
46.0525 0.0237005
46.065 0.024047
46.0775 0.0243463
46.09 0.0245966
46.1025 0.024798
46.115 0.0249503
46.1275 0.0250528
46.14 0.0251055
46.1525 0.0251104
46.165 0.0250707
46.1775 0.0249894
46.19 0.0248688
46.2025 0.0247123
46.215 0.0245229
46.2275 0.0243045
46.24 0.024061
46.2525 0.0237956
46.265 0.0235103
46.2775 0.0232078
46.29 0.0228915
46.3025 0.0225635
46.315 0.0222249
46.3275 0.0218761
46.34 0.0215183
46.3525 0.0211525
46.365 0.0207785
46.3775 0.0203961
46.39 0.0200045
46.4025 0.0196034
46.415 0.0191924
46.4275 0.018771
46.44 0.0183386
46.4525 0.0178948
46.465 0.0174397
46.4775 0.0169734
46.49 0.0164977
46.5025 0.0160138
46.515 0.0155195
46.5275 0.0150173
46.54 0.0145095
46.5525 0.0140001
46.565 0.0134919
46.5775 0.0129838
46.59 0.0124787
46.6025 0.0119786
46.615 0.0114853
46.6275 0.0110025
46.64 0.0105335
46.6525 0.010081
46.665 0.00964743
46.6775 0.00923507
46.69 0.00884566
46.7025 0.00848156
46.715 0.00814436
46.7275 0.00783486
46.74 0.007553
46.7525 0.00729845
46.765 0.00707055
46.7775 0.00686829
46.79 0.00668958
46.8025 0.00653191
46.815 0.00639191
46.8275 0.00626514
46.84 0.00614782
46.8525 0.00603579
46.865 0.00592428
46.8775 0.00580826
46.89 0.00568284
46.9025 0.00554355
46.915 0.00538615
46.9275 0.00520662
46.94 0.0050014
46.9525 0.0047686
46.965 0.00450464
46.9775 0.00421028
46.99 0.00388389
47.0025 0.00352347
47.015 0.00312796
47.0275 0.00270056
47.04 0.00224574
47.0525 0.00176452
47.065 0.00125747
47.0775 0.000726925
47.09 0.000176359
47.1025 -0.000386845
47.115 -0.000959119
47.1275 -0.00153931
47.14 -0.00212262
47.1525 -0.00270348
47.165 -0.00327773
47.1775 -0.00384052
47.19 -0.0043882
47.2025 -0.00491688
47.215 -0.00542218
47.2275 -0.00590207
47.24 -0.00635435
47.2525 -0.00677514
47.265 -0.0071615
47.2775 -0.007513
47.29 -0.00783231
47.3025 -0.00811826
47.315 -0.00837032
47.3275 -0.00858841
47.34 -0.00877358
47.3525 -0.00893014
47.365 -0.00906127
47.3775 -0.00916924
47.39 -0.00925638
47.4025 -0.00932553
47.415 -0.00938031
47.4275 -0.00942479
47.44 -0.00946158
47.4525 -0.0094925
47.465 -0.00951936
47.4775 -0.00954412
47.49 -0.0095683
47.5025 -0.00959243
47.515 -0.00961639
47.5275 -0.00963954
47.54 -0.0096606
47.5525 -0.00967865
47.565 -0.00969152
47.5775 -0.00969745
47.59 -0.00969788
47.6025 -0.0096901
47.615 -0.00967372
47.6275 -0.00964735
47.64 -0.00961098
47.6525 -0.00956409
47.665 -0.0095064
47.6775 -0.00943787
47.69 -0.00935868
47.7025 -0.00926948
47.715 -0.0091715
47.7275 -0.00906648
47.74 -0.00895619
47.7525 -0.00884255
47.765 -0.00872882
47.7775 -0.00861762
47.79 -0.00851136
47.8025 -0.00841308
47.815 -0.00832593
47.8275 -0.00825296
47.84 -0.00819653
47.8525 -0.00815867
47.865 -0.00814153
47.8775 -0.00814648
47.89 -0.00817404
47.9025 -0.0082259
47.915 -0.00830096
47.9275 -0.00839868
47.94 -0.00851583
47.9525 -0.00865021
47.965 -0.00879847
47.9775 -0.00895646
47.99 -0.0091207
48.0025 -0.00928801
48.015 -0.00945465
48.0275 -0.0096165
48.04 -0.00977043
48.0525 -0.00991313
48.065 -0.0100393
48.0775 -0.0101491
48.09 -0.0102401
48.1025 -0.0103093
48.115 -0.0103535
48.1275 -0.0103709
48.14 -0.0103611
48.1525 -0.010324
48.165 -0.0102594
48.1775 -0.010166
48.19 -0.0100445
48.2025 -0.00989668
48.215 -0.00972372
48.2275 -0.00952722
48.24 -0.00930801
48.2525 -0.00906511
48.265 -0.0088026
48.2775 -0.00851895
48.29 -0.0082164
48.3025 -0.00789589
48.315 -0.00755615
48.3275 -0.00719994
48.34 -0.00682745
48.3525 -0.00643841
48.365 -0.00603349
48.3775 -0.00561269
48.39 -0.00517699
48.4025 -0.00472706
48.415 -0.00426333
48.4275 -0.00378658
48.44 -0.00329747
48.4525 -0.00279635
48.465 -0.00228394
48.4775 -0.00176064
48.49 -0.00122712
48.5025 -0.000685695
48.515 -0.000137464
48.5275 0.000417908
48.54 0.000981127
48.5525 0.00155178
48.565 0.00212879
48.5775 0.00271155
48.59 0.00329991
48.6025 0.00389392
48.615 0.00449317
48.6275 0.00509722
48.64 0.00570612
48.6525 0.00632028
48.665 0.00693977
48.6775 0.00756474
48.69 0.00819563
48.7025 0.00883326
48.715 0.0094786
48.7275 0.0101313
48.74 0.0107839
48.7525 0.0114563
48.765 0.0121514
48.7775 0.01288
48.79 0.0136101
48.8025 0.0143713
48.815 0.0151499
48.8275 0.015945
48.84 0.0167558
48.8525 0.0175863
48.865 0.0184319
48.8775 0.0192879
48.89 0.0201494
48.9025 0.0210193
48.915 0.0218954
48.9275 0.0227601
48.94 0.0236075
48.9525 0.024437
48.965 0.0252452
48.9775 0.0260229
48.99 0.0267612
49.0025 0.0274557
49.015 0.0281039
49.0275 0.0287017
49.04 0.029244
49.0525 0.0297274
49.065 0.0301532
49.0775 0.0305149
49.09 0.0308157
49.1025 0.0310544
49.115 0.0312318
49.1275 0.0313491
49.14 0.0314092
49.1525 0.0315233
49.165 0.0315309
49.1775 0.0313415
49.19 0.0311693
49.2025 0.0309135
49.215 0.0306528
49.2275 0.0303405
49.24 0.0299944
49.2525 0.0296306
49.265 0.0292485
49.2775 0.0288563
49.29 0.0284542
49.3025 0.0280618
49.315 0.027674
49.3275 0.0272997
49.34 0.0269437
49.3525 0.0266112
49.365 0.0263027
49.3775 0.026021
49.39 0.0257694
49.4025 0.0255496
49.415 0.02536
49.4275 0.0251982
49.44 0.0250657
49.4525 0.0249606
49.465 0.0248807
49.4775 0.0248229
49.49 0.0247861
49.5025 0.0247676
49.515 0.0247652
49.5275 0.024776
49.54 0.0247981
49.5525 0.0248291
49.565 0.0248673
49.5775 0.024911
49.59 0.0249593
49.6025 0.0250117
49.615 0.0250676
49.6275 0.0251267
49.64 0.0251899
49.6525 0.0252589
49.665 0.0253355
49.6775 0.0254213
49.69 0.0255183
49.7025 0.0256286
49.715 0.025754
49.7275 0.0258962
49.74 0.0260565
49.7525 0.0262358
49.765 0.0264361
49.7775 0.0266554
49.79 0.0268918
49.8025 0.0271446
49.815 0.0274114
49.8275 0.027691
49.84 0.0279802
49.8525 0.0282742
49.865 0.0285699
49.8775 0.0288637
49.89 0.0291516
49.9025 0.0294287
49.915 0.0296902
49.9275 0.0299322
49.94 0.0301507
49.9525 0.0303412
49.965 0.0304989
49.9775 0.0306207
49.99 0.0307035
50.0025 0.030745
50.015 0.0307431
50.0275 0.0306967
50.04 0.0306057
50.0525 0.0304709
50.065 0.0302934
50.0775 0.0300749
50.09 0.0298165
50.1025 0.0295216
50.115 0.0291937
50.1275 0.0288353
50.14 0.0284499
50.1525 0.0280402
50.165 0.0276105
50.1775 0.0271647
50.19 0.0267062
50.2025 0.0262384
50.215 0.0257648
50.2275 0.025289
50.24 0.0248141
50.2525 0.0243428
50.265 0.0238776
50.2775 0.0234207
50.29 0.0229736
50.3025 0.0225377
50.315 0.0221136
50.3275 0.021702
50.34 0.0213031
50.3525 0.0209153
50.365 0.0205385
50.3775 0.0201724
50.39 0.0198157
50.4025 0.0194674
50.415 0.0191274
50.4275 0.0187941
50.44 0.0184668
50.4525 0.0181442
50.465 0.0178262
50.4775 0.0175132
50.49 0.0172056
50.5025 0.0169042
50.515 0.0166077
50.5275 0.0163167
50.54 0.0160323
50.5525 0.0157553
50.565 0.0154876
50.5775 0.0152306
50.59 0.0149859
50.6025 0.0147559
50.615 0.0145387
50.6275 0.0143365
50.64 0.0141509
50.6525 0.0139809
50.665 0.0138279
50.6775 0.0136916
50.69 0.0135714
50.7025 0.0134673
50.715 0.0133789
50.7275 0.0133054
50.74 0.0132454
50.7525 0.0131971
50.765 0.0131586
50.7775 0.0131279
50.79 0.0131028
50.8025 0.0130803
50.815 0.013058
50.8275 0.0130327
50.84 0.0130008
50.8525 0.0129599
50.865 0.0129067
50.8775 0.012838
50.89 0.0127513
50.9025 0.0126441
50.915 0.0125142
50.9275 0.0123595
50.94 0.0121777
50.9525 0.0119694
50.965 0.0117333
50.9775 0.0114687
50.99 0.0111759
51.0025 0.0108552
51.015 0.0105063
51.0275 0.0101293
51.04 0.00972514
51.0525 0.0092958
51.065 0.00884354
51.0775 0.00836983
51.09 0.00787542
51.1025 0.00736119
51.115 0.00682906
51.1275 0.00628161
51.14 0.00572038
51.1525 0.00514777
51.165 0.00456511
51.1775 0.00397326
51.19 0.0033737
51.2025 0.00276804
51.215 0.00215783
51.2275 0.00154436
51.24 0.000928157
51.2525 0.000309614
51.265 -0.000311302
51.2775 -0.00093542
51.29 -0.00156358
51.3025 -0.00218921
51.315 -0.00281568
51.3275 -0.00344419
51.34 -0.00407397
51.3525 -0.00470333
51.365 -0.00532917
51.3775 -0.00595248
51.39 -0.0065692
51.4025 -0.00717659
51.415 -0.00777007
51.4275 -0.00834603
51.44 -0.00890576
51.4525 -0.00944376
51.465 -0.00995255
51.4775 -0.0104309
51.49 -0.0108741
51.5025 -0.011279
51.515 -0.0116422
51.5275 -0.0119594
51.54 -0.0122276
51.5525 -0.0124456
51.565 -0.0126118
51.5775 -0.0127258
51.59 -0.0127862
51.6025 -0.0127917
51.615 -0.0127435
51.6275 -0.0126424
51.64 -0.0124904
51.6525 -0.0122907
51.665 -0.0120455
51.6775 -0.0117576
51.69 -0.0114343
51.7025 -0.0110793
51.715 -0.0106958
51.7275 -0.0102885
51.74 -0.0098624
51.7525 -0.00942044
51.765 -0.00896631
51.7775 -0.00850417
51.79 -0.00803824
51.8025 -0.00757335
51.815 -0.00711255
51.8275 -0.00665881
51.84 -0.00621594
51.8525 -0.00578545
51.865 -0.0053699
51.8775 -0.00497096
51.89 -0.0045896
51.9025 -0.00422662
51.915 -0.00388242
51.9275 -0.00355671
51.94 -0.00325003
51.9525 -0.00296236
51.965 -0.00269354
51.9775 -0.00244322
51.99 -0.00221096
52.0025 -0.00199681
52.015 -0.00180064
52.0275 -0.00162268
52.04 -0.00146294
52.0525 -0.00132196
52.065 -0.00120025
52.0775 -0.0010986
52.09 -0.00101794
52.1025 -0.000959288
52.115 -0.000924222
52.1275 -0.000913162
52.14 -0.000926775
52.1525 -0.00096475
52.165 -0.00102793
52.1775 -0.00111654
52.19 -0.00122894
52.2025 -0.00136219
52.215 -0.00151676
52.2275 -0.00169
52.24 -0.00187998
52.2525 -0.00208412
52.265 -0.00229956
52.2775 -0.00252486
52.29 -0.00275489
52.3025 -0.00298706
52.315 -0.00321828
52.3275 -0.00344531
52.34 -0.00366574
52.3525 -0.00387667
52.365 -0.00407447
52.3775 -0.00425628
52.39 -0.00441926
52.4025 -0.00456136
52.415 -0.00468054
52.4275 -0.00477498
52.44 -0.00484309
52.4525 -0.0048834
52.465 -0.004895
52.4775 -0.00487774
52.49 -0.00483126
52.5025 -0.00475595
52.515 -0.00465183
52.5275 -0.00451898
52.54 -0.00435962
52.5525 -0.004175
52.565 -0.00396574
52.5775 -0.00373372
52.59 -0.00348084
52.6025 -0.00320899
52.615 -0.00291994
52.6275 -0.00261551
52.64 -0.00229735
52.6525 -0.00196716
52.665 -0.00162626
52.6775 -0.0012754
52.69 -0.000915197
52.7025 -0.000546046
52.715 -0.000168542
52.7275 0.000216636
52.74 0.000609683
52.7525 0.00101141
52.765 0.00142276
52.7775 0.00184448
52.79 0.00227683
52.8025 0.00272015
52.815 0.0031751
52.8275 0.00364245
52.84 0.00412297
52.8525 0.00461717
52.865 0.00512489
52.8775 0.00564588
52.89 0.00617998
52.9025 0.00672702
52.915 0.00728651
52.9275 0.00785735
52.94 0.00843821
52.9525 0.00902744
52.965 0.00962349
52.9775 0.0102246
52.99 0.0108287
53.0025 0.0114336
53.015 0.0120368
53.0275 0.0126359
53.04 0.0132282
53.0525 0.0138115
53.065 0.0143833
53.0775 0.0149414
53.09 0.0154834
53.1025 0.0160071
53.115 0.0165107
53.1275 0.0169928
53.14 0.0174516
53.1525 0.017886
53.165 0.018295
53.1775 0.0186778
53.19 0.0190436
53.2025 0.0193806
53.215 0.0196877
53.2275 0.019971
53.24 0.0202258
53.2525 0.0204508
53.265 0.0206502
53.2775 0.0208247
53.29 0.0209726
53.3025 0.0210934
53.315 0.0211899
53.3275 0.021264
53.34 0.0213159
53.3525 0.0213456
53.365 0.0213548
53.3775 0.0213455
53.39 0.0213187
53.4025 0.0212751
53.415 0.0212157
53.4275 0.021142
53.44 0.0210545
53.4525 0.0209536
53.465 0.0208399
53.4775 0.0207143
53.49 0.0205777
53.5025 0.0204309
53.515 0.0202739
53.5275 0.020106
53.54 0.0199294
53.5525 0.0197449
53.565 0.0195537
53.5775 0.0193565
53.59 0.0191543
53.6025 0.0189492
53.615 0.0187426
53.6275 0.0185363
53.64 0.0183319
53.6525 0.0181316
53.665 0.0179375
53.6775 0.0177517
53.69 0.0175763
53.7025 0.0174136
53.715 0.0172646
53.7275 0.0171319
53.74 0.0170171
53.7525 0.0169216
53.765 0.0168471
53.7775 0.0167953
53.79 0.0167673
53.8025 0.0167638
53.815 0.0167853
53.8275 0.0168319
53.84 0.0169038
53.8525 0.0170007
53.865 0.0171221
53.8775 0.0172664
53.89 0.0174325
53.9025 0.0176185
53.915 0.0178229
53.9275 0.0180449
53.94 0.0182828
53.9525 0.0185333
53.965 0.0187935
53.9775 0.0190615
53.99 0.019336
54.0025 0.019615
54.015 0.0198953
54.0275 0.0201739
54.04 0.0204491
54.0525 0.0207192
54.065 0.0209828
54.0775 0.021237
54.09 0.02148
54.1025 0.0217105
54.115 0.0219278
54.1275 0.0221311
54.14 0.0223184
54.1525 0.0224888
54.165 0.0226416
54.1775 0.0227768
54.19 0.022894
54.2025 0.0229927
54.215 0.0230725
54.2275 0.0231336
54.24 0.0231762
54.2525 0.0232005
54.265 0.0232064
54.2775 0.0231941
54.29 0.023164
54.3025 0.0231166
54.315 0.0230523
54.3275 0.0229719
54.34 0.0228759
54.3525 0.0227642
54.365 0.0226372
54.3775 0.0224957
54.39 0.02234
54.4025 0.0221702
54.415 0.0219864
54.4275 0.0217891
54.44 0.0215791
54.4525 0.0213568
54.465 0.0211224
54.4775 0.0208767
54.49 0.0206208
54.5025 0.0203557
54.515 0.0200821
54.5275 0.0198015
54.54 0.0195155
54.5525 0.0192258
54.565 0.0189339
54.5775 0.0186415
54.59 0.0183499
54.6025 0.0180602
54.615 0.0177759
54.6275 0.017497
54.64 0.0172246
54.6525 0.01696
54.665 0.0167057
54.6775 0.0164634
54.69 0.0162335
54.7025 0.0160164
54.715 0.0158125
54.7275 0.0156232
54.74 0.0154496
54.7525 0.0152928
54.765 0.0151531
54.7775 0.0150301
54.79 0.0149237
54.8025 0.0148338
54.815 0.0147607
54.8275 0.0147042
54.84 0.0146637
54.8525 0.0146381
54.865 0.0146261
54.8775 0.0146267
54.89 0.0146393
54.9025 0.0146623
54.915 0.014694
54.9275 0.0147324
54.94 0.0147766
54.9525 0.0148256
54.965 0.0148774
54.9775 0.0149301
54.99 0.0149827
55.0025 0.0150339
55.015 0.0150828
55.0275 0.0151286
55.04 0.01517
55.0525 0.0152064
55.065 0.0152373
55.0775 0.0152623
55.09 0.0152812
55.1025 0.0152936
55.115 0.0152991
55.1275 0.0152978
55.14 0.01529
55.1525 0.0152755
55.165 0.0152544
55.1775 0.0152268
55.19 0.0151926
55.2025 0.0151521
55.215 0.0151053
55.2275 0.0150521
55.24 0.0149927
55.2525 0.0149271
55.265 0.014855
55.2775 0.0147761
55.29 0.0146904
55.3025 0.0145973
55.315 0.0144968
55.3275 0.014388
55.34 0.0142705
55.3525 0.0141438
55.365 0.0140071
55.3775 0.0138601
55.39 0.0137019
55.4025 0.0135315
55.415 0.0133482
55.4275 0.013152
55.44 0.0129426
55.4525 0.0127198
55.465 0.0124835
55.4775 0.0122334
55.49 0.0119698
55.5025 0.0116932
55.515 0.0114043
55.5275 0.0111039
55.54 0.0107928
55.5525 0.0104719
55.565 0.0101424
55.5775 0.00980553
55.59 0.00946289
55.6025 0.00911594
55.615 0.00876616
55.6275 0.00841504
55.64 0.00806411
55.6525 0.00771492
55.665 0.00736896
55.6775 0.00702771
55.69 0.00669255
55.7025 0.0063647
55.715 0.00604528
55.7275 0.00573524
55.74 0.00543545
55.7525 0.00514627
55.765 0.00486889
55.7775 0.00460397
55.79 0.00435147
55.8025 0.00411194
55.815 0.00388523
55.8275 0.00367149
55.84 0.00347079
55.8525 0.00328287
55.865 0.00310756
55.8775 0.00294453
55.89 0.00279339
55.9025 0.00265391
55.915 0.00252584
55.9275 0.00240886
55.94 0.00230265
55.9525 0.0022069
55.965 0.00212144
55.9775 0.00204622
55.99 0.00198114
56.0025 0.00192623
56.015 0.00188151
56.0275 0.00184704
56.04 0.00182311
56.0525 0.00181013
56.065 0.00180888
56.0775 0.00181945
56.09 0.00184209
56.1025 0.00187711
56.115 0.00192453
56.1275 0.00198405
56.14 0.00205488
56.1525 0.00213688
56.165 0.00223019
56.1775 0.00233469
56.19 0.00244936
56.2025 0.00257338
56.215 0.00270604
56.2275 0.00284611
56.24 0.00299253
56.2525 0.00314367
56.265 0.00329806
56.2775 0.00345436
56.29 0.00361076
56.3025 0.00376593
56.315 0.00391824
56.3275 0.0040664
56.34 0.00420923
56.3525 0.00434535
56.365 0.00447379
56.3775 0.00459346
56.39 0.00470337
56.4025 0.00480273
56.415 0.00489097
56.4275 0.00496763
56.44 0.00503237
56.4525 0.00508488
56.465 0.00512497
56.4775 0.00515267
56.49 0.00516838
56.5025 0.00517243
56.515 0.00516548
56.5275 0.00514804
56.54 0.00512065
56.5525 0.00508431
56.565 0.00504022
56.5775 0.00498867
56.59 0.00493052
56.6025 0.00486653
56.615 0.00479775
56.6275 0.00472512
56.64 0.00464939
56.6525 0.00457083
56.665 0.00449027
56.6775 0.0044086
56.69 0.00432654
56.7025 0.00424468
56.715 0.00416368
56.7275 0.00408371
56.74 0.0040047
56.7525 0.00392643
56.765 0.00384918
56.7775 0.00377341
56.79 0.00369942
56.8025 0.00362734
56.815 0.00355714
56.8275 0.0034888
56.84 0.00342281
56.8525 0.00335962
56.865 0.0032996
56.8775 0.00324305
56.89 0.00319029
56.9025 0.00314163
56.915 0.00309777
56.9275 0.00305935
56.94 0.00302718
56.9525 0.00300158
56.965 0.00298268
56.9775 0.00297109
56.99 0.0029677
57.0025 0.00297319
57.015 0.00298795
57.0275 0.00301224
57.04 0.00304632
57.0525 0.00309048
57.065 0.0031451
57.0775 0.00320999
57.09 0.00328478
57.1025 0.0033696
57.115 0.00346415
57.1275 0.00356791
57.14 0.00368034
57.1525 0.00380098
57.165 0.00392905
57.1775 0.00406404
57.19 0.00420545
57.2025 0.00435272
57.215 0.00450533
57.2275 0.00466235
57.24 0.00482293
57.2525 0.00498645
57.265 0.00515247
57.2775 0.00532068
57.29 0.00549053
57.3025 0.00566131
57.315 0.00583238
57.3275 0.00600325
57.34 0.00617361
57.3525 0.00634317
57.365 0.00651153
57.3775 0.00667825
57.39 0.00684292
57.4025 0.00700533
57.415 0.00716528
57.4275 0.0073226
57.44 0.00747705
57.4525 0.00762833
57.465 0.00777623
57.4775 0.00792059
57.49 0.00806134
57.5025 0.00819857
57.515 0.00833165
57.5275 0.00846016
57.54 0.00858424
57.5525 0.00870339
57.565 0.00881755
57.5775 0.00892653
57.59 0.00902996
57.6025 0.00912762
57.615 0.00921932
57.6275 0.00930483
57.64 0.00938396
57.6525 0.00945654
57.665 0.00952233
57.6775 0.00958114
57.69 0.00963285
57.7025 0.00967732
57.715 0.00971444
57.7275 0.00974415
57.74 0.00976636
57.7525 0.00978108
57.765 0.00978837
57.7775 0.00978841
57.79 0.00978145
57.8025 0.00976771
57.815 0.0097475
57.8275 0.0097212
57.84 0.00968931
57.8525 0.00965227
57.865 0.00961052
57.8775 0.00956485
57.89 0.00951596
57.9025 0.00946437
57.915 0.00941056
57.9275 0.00935516
57.94 0.00929897
57.9525 0.00924263
57.965 0.00918662
57.9775 0.00913147
57.99 0.0090778
58.0025 0.00902621
58.015 0.00897721
58.0275 0.00893118
58.04 0.00888854
58.0525 0.00884973
58.065 0.00881506
58.0775 0.00878478
58.09 0.00875918
58.1025 0.00873844
58.115 0.00872273
58.1275 0.00871218
58.14 0.00870691
58.1525 0.00870697
58.165 0.00871229
58.1775 0.00872288
58.19 0.00873866
58.2025 0.00875954
58.215 0.00878538
58.2275 0.00881599
58.24 0.00885114
58.2525 0.00889059
58.265 0.00893408
58.2775 0.00898141
58.29 0.00903217
58.3025 0.00908557
58.315 0.00914156
58.3275 0.00920096
58.34 0.00926344
58.3525 0.00932898
58.365 0.00939737
58.3775 0.00946784
58.39 0.00954085
58.4025 0.00961679
58.415 0.00969545
58.4275 0.00977642
58.44 0.00985931
58.4525 0.00994401
58.465 0.0100306
58.4775 0.0101189
58.49 0.0102085
58.5025 0.0102988
58.515 0.0103896
58.5275 0.0104805
58.54 0.0105712
58.5525 0.0106614
58.565 0.0107502
58.5775 0.0108372
58.59 0.010922
58.6025 0.0110041
58.615 0.0110832
58.6275 0.0111588
58.64 0.0112303
58.6525 0.0112973
58.665 0.0113596
58.6775 0.0114169
58.69 0.0114689
58.7025 0.0115153
58.715 0.0115559
58.7275 0.0115906
58.74 0.0116194
58.7525 0.0116422
58.765 0.0116589
58.7775 0.0116698
58.79 0.0116747
58.8025 0.011674
58.815 0.0116678
58.8275 0.0116564
58.84 0.0116399
58.8525 0.0116186
58.865 0.0115927
58.8775 0.0115626
58.89 0.0115285
58.9025 0.0114911
58.915 0.0114506
58.9275 0.0114072
58.94 0.0113611
58.9525 0.0113128
58.965 0.0112624
58.9775 0.0112103
58.99 0.0111566
59.0025 0.0111015
59.015 0.0110452
59.0275 0.0109881
59.04 0.0109302
59.0525 0.0108718
59.065 0.0108129
59.0775 0.0107539
59.09 0.0106952
59.1025 0.0106369
59.115 0.0105792
59.1275 0.0105224
59.14 0.0104669
59.1525 0.0104129
59.165 0.0103608
59.1775 0.0103108
59.19 0.0102631
59.2025 0.0102178
59.215 0.0101756
59.2275 0.0101365
59.24 0.0101008
59.2525 0.0100688
59.265 0.0100406
59.2775 0.0100165
59.29 0.00999664
59.3025 0.00998122
59.315 0.00997028
59.3275 0.00996389
59.34 0.00996213
59.3525 0.00996498
59.365 0.00997238
59.3775 0.00998422
59.39 0.0100002
59.4025 0.0100201
59.415 0.0100438
59.4275 0.0100708
59.44 0.0101008
59.4525 0.0101332
59.465 0.0101676
59.4775 0.0102036
59.49 0.0102407
59.5025 0.0102783
59.515 0.0103161
59.5275 0.0103538
59.54 0.0103909
59.5525 0.0104272
59.565 0.0104623
59.5775 0.0104957
59.59 0.0105273
59.6025 0.0105569
59.615 0.0105843
59.6275 0.0106094
59.64 0.0106319
59.6525 0.0106517
59.665 0.0106688
59.6775 0.010683
59.69 0.0106944
59.7025 0.0107028
59.715 0.0107082
59.7275 0.0107105
59.74 0.0107097
59.7525 0.010706
59.765 0.0106992
59.7775 0.0106894
59.79 0.0106768
59.8025 0.0106613
59.815 0.010643
59.8275 0.010622
59.84 0.0105983
59.8525 0.0105721
59.865 0.0105433
59.8775 0.0105122
59.89 0.0104787
59.9025 0.010443
59.915 0.0104052
59.9275 0.0103654
59.94 0.0103236
59.9525 0.0102803
59.965 0.0102351
59.9775 0.0101879
59.99 0.0101393
60.0025 0.010089
