0 0 0
0 0 0
0 0 0
0 0 0
0 0 0
0 0 0
0 0 0
0 0 0
0 0 0
0 0 0
0 0 0
0 0 0
0 0 0
0 0 0
0 0 0
0 0 0
0 0 0
0 0 0
0 0 0
0 0 0
0 0 0
0 0 0
0 0 0
0 0 0
0 0 0
0 0 0
0 0 0
0 0 0
0 0 0
0 0 0
0 0 0
0 0 0
0 0 0
0 0 0
0 0 0
0 0 0
0 0 0
0 0 0
0 0 0
0 0 0
0 0 0
0 0 0
0 0 0
0 0 0
0 0 0
0 0 0
0 0 0
0 0 0
0 0 0
0 0 0
0 0 0
0 0 0
0 0 0
0 0 0
0 0 0
0 0 0
0 0 0
0 0 0
0 0 0
0 0 0
0 0 0
0 0 0
0 0 0
0 0 0
0 0 0
0 0 0
0 0 0
0 0 0
0 0 0
0 0 0
0 0 0
0 0 0
0 0 0
0 0 0
0 0 0
0 0 0
0 0 0
0 0 0
0 0 0
0 0 0
0 0 0
0 0 0
0 0 0
0 0 0
0 0 0
0 0 0
0 0 0
0 0 0
0 0 0
0 0 0
0 0 0
0 0 0
0 0 0
0 0 0
0 0 0
0 0 0
0 0 0
0 0 0
0 0 0
0 0 0
0 0 0
0 0 0
0 0 0
0 0 0
0 0 0
0 0 0
0 0 0
0 0 0
0 0 0
0 0 0
0 0 0
0 0 0
0 0 0
0 0 0
0 0 0
0 0 0
0 0 0
0 0 0
0 0 0
0 0 0
0.00237185 0 0
0.00490309 0 0
0.00709404 0 0
0.00904443 0 0
0.0107733 0 0
0.0122246 0 0
0.0133163 0 0
0.0140029 0 0
0.0142917 0 0
0.0142604 0 0
0.0140543 0 0
0.0136848 0 0
0.0131512 0 0
0.0124521 0 0
0.0115875 0 0
0.0105591 0 0
0.00936999 0 0
0.0080222 0 0
0.00743872 0 0
0.00743872 0 0
0.00743872 0 0
0.00743872 0 0
0.00743872 0 0
0.00743872 0 0
0.00743872 0 0
0.00743872 0 0
0.00743872 0 0
0.00743872 0 0
0.00743872 0 0
0.00743872 0 0
0.00743872 0 0
0.00743872 0 0
0.00743872 0 0
0.00743872 0 0
0.00743872 0 0
0.00743872 0 0
0.00743872 0 0
0.00743872 0 0
0.00743872 0 0
0.00743872 0 0
0.00743872 0 0
0.00743872 0 0
0.00743872 0 0
0.00743872 0 0
0.00743872 0 0
0.00743872 0 0
0.00743872 0 0
0.00743872 0 0
0.00743872 0 0
0.00743872 0 0
0.00743872 0 0
0.00743872 0 0
0.00743872 0 0
0.00743872 0 0
0.00743872 0 0
0.00743872 0 0
0.00743872 0 0
0.00743872 0 0
0.00743872 0 0
0.00743872 0 0
0.00743872 0 0
0.00743872 0 0
0.00743872 0 0
0.00743872 0 0
0.00743872 0 0
0.00743872 0 0
0.00743872 0 0
0.00743872 0 0
0.00743872 0 0
0.00743872 0 0
0.00743872 0 0
0.00743872 0 0
0.00743872 0 0
0.00743872 0 0
0.00743872 0 0
0.00715451 0 0
0.00715451 0 0
0.00715451 0 0
0.00715451 0 0
0.00715451 0 0
0.00715451 0 0
0.00715451 0 0
0.00715451 0 0
0.00715451 0 0
0.00715451 0 0
0.00715451 0 0
0.00715451 0 0
0.00715451 0 0
0.00715451 0 0
0.00715451 0 0
0.00715451 0 0
0.00715451 0 0
0.00715451 0 0
0.00715451 0 0
0.00715451 0 0
0.00715451 0 0
0.00715451 0 0
0.00715451 0 0
0.00715451 0 0
0.00715451 0 0
0.00715451 0 0
0.00715451 0 0
0.00715451 0 0
0.00715451 0 0
0.00715451 0 0
0.00715451 0 0
0.00715451 0 0
0.00715451 0 0
0.00715451 0 0
0.00715451 0 0
0.00715451 0 0
0.00715451 0 0
0.00715451 0 0
0.00715451 0 0
0.00715451 0 0
0.00715451 0 0
0.00715451 0 0
0.00715451 0 0
0.00715451 0 0
0.00715451 0 0
0.00715451 0 0
0.00715451 0 0
0.00715451 0 0
0.00715451 0 0
0.00715451 0 0
0.00715451 0 0
0.00715451 0 0
0.00715451 0 0
0.00989485 0 0.00754495
0.0207492 0 0.0144155
0.0313957 0 0.0205735
0.0418123 0 0.0259871
0.0520185 0 0.0306354
0.062069 0.0049795 0.0345119
0.0720318 0.0113224 0.0376238
0.0819666 0.0172997 0.039987
0.0919149 0.0228834 0.0416228
0.101895 0.0280511 0.0425569
0.111896 0.0327904 0.0428207
0.121876 0.0370987 0.0426361
0.131765 0.0409825 0.0421557
0.141464 0.0444547 0.0414017
0.150866 0.047532 0.0403978
0.15987 0.0502312 0.0391697
0.168385 0.0525669 0.0377455
0.176337 0.0545501 0.0361553
0.183667 0.0561871 0.0344306
0.190339 0.057478 0.0326039
0.196339 0.0584184 0.0307082
0.201676 0.0590009 0.0287765
0.206377 0.0592161 0.0268407
0.210479 0.0591358 0.0249311
0.214025 0.0588655 0.0230753
0.21705 0.0584072 0.0221752
0.219575 0.057768 0.0221752
0.221611 0.0569594 0.0221752
0.223169 0.0559967 0.0221752
0.224263 0.0548986 0.0221752
0.224917 0.0536858 0.0221752
0.225162 0.0523813 0.0221752
0.225102 0.051009 0.0221752
0.224884 0.0495937 0.0221752
0.224538 0.0481604 0.0221752
0.224091 0.0467355 0.0221752
0.223563 0.0453462 0.0221752
0.222968 0.0440203 0.0221752
0.222311 0.0427848 0.0221752
0.221589 0.0416653 0.0221752
0.2208 0.040684 0.0221752
0.219938 0.0398581 0.0221752
0.219004 0.0391985 0.0221752
0.218007 0.0387089 0.0221752
0.216962 0.0383855 0.0221752
0.215896 0.0382175 0.0221752
0.214832 0.0381948 0.0221752
0.21379 0.0383833 0.0221752
0.21278 0.038777 0.0221752
0.211805 0.0393352 0.0221752
0.210866 0.0400155 0.0221752
0.209961 0.0407752 0.0221752
0.209085 0.041574 0.0221752
0.208217 0.0423792 0.0221752
0.207307 0.0431709 0.0221752
0.206278 0.0439415 0.0221752
0.205033 0.0446864 0.0221752
0.203487 0.0453948 0.0221752
0.201581 0.0460414 0.0221752
0.19929 0.0465832 0.0221752
0.196628 0.0469592 0.0221752
0.193631 0.0470981 0.0221752
0.190338 0.0470132 0.0221752
0.186782 0.0467419 0.0221752
0.182979 0.0462583 0.0221752
0.178931 0.0455429 0.0221752
0.174635 0.0445822 0.0221752
0.170083 0.0433678 0.0221752
0.16527 0.0418957 0.0221752
0.16019 0.0401654 0.0241992
0.154843 0.0381798 0.0260402
0.149227 0.0359443 0.0276355
0.143352 0.0347349 0.0289214
0.137236 0.0347349 0.0298353
0.130914 0.0347349 0.0303164
0.124436 0.0347349 0.0303417
0.117858 0.0347349 0.0300647
0.117858 0.0347349 0.0294903
0.117858 0.0347349 0.0285954
0.117858 0.0347349 0.0273587
0.117858 0.0347349 0.0266063
0.117858 0.0347349 0.0266063
0.117858 0.0347349 0.0266063
0.117858 0.0347349 0.0266063
0.117858 0.0347349 0.0266063
0.117858 0.0347349 0.0266063
0.117858 0.0347349 0.0266063
0.117858 0.0347349 0.0266063
0.117858 0.0347349 0.0266063
0.117858 0.0347349 0.0266063
0.117858 0.0347349 0.0266063
0.117858 0.0347349 0.0266063
0.117858 0.0347349 0.0266063
0.117858 0.0347349 0.0266063
0.117858 0.0347349 0.0266063
0.117858 0.0347349 0.0266063
0.117858 0.0347349 0.0266063
0.117858 0.0347349 0.0266063
0.117858 0.0347349 0.0266063
0.117858 0.0347349 0.0266063
0.117858 0.0347349 0.0266063
0.117858 0.0347349 0.0266063
0.117858 0.0347349 0.0266063
0.117858 0.0347349 0.0266063
0.117858 0.0347349 0.0266063
0.117858 0.0347349 0.0266063
0.117858 0.0347349 0.0266063
0.117858 0.0347349 0.0257951
0.116248 0.0347349 0.0257951
0.116248 0.0347349 0.0257951
0.116248 0.0347349 0.0257951
0.116248 0.0347349 0.0257951
0.116248 0.0347349 0.0255232
0.116248 0.0347349 0.0255232
0.116248 0.0347349 0.0255232
0.116248 0.0347349 0.025519
0.116248 0.0347349 0.025519
0.116248 0.0347349 0.025519
0.116248 0.0347349 0.025519
0.116248 0.0347349 0.025519
0.116248 0.034067 0.025519
0.116248 0.034067 0.025519
0.116248 0.034067 0.025519
0.116248 0.034067 0.025519
0.116248 0.034067 0.025519
0.116248 0.034067 0.025519
0.116248 0.034067 0.025519
0.116248 0.034067 0.025519
0.116248 0.034067 0.025519
0.116248 0.034067 0.025519
0.116183 0.034067 0.025519
0.116183 0.034067 0.025519
0.116183 0.034067 0.0255176
0.116161 0.034067 0.0255158
0.116161 0.034067 0.0255135
0.116161 0.034067 0.0255135
0.116161 0.034067 0.0255135
0.116161 0.034067 0.0255135
0.116161 0.034067 0.0255135
0.116161 0.034067 0.0255135
0.116161 0.034067 0.0255135
0.116161 0.034067 0.0255135
0.116161 0.034067 0.0255135
0.116161 0.034067 0.0255135
0.116161 0.034067 0.0255135
0.116161 0.034067 0.0255135
0.116161 0.034067 0.0255135
0.116161 0.034067 0.0255135
0.116161 0.034067 0.0255135
0.116161 0.034067 0.0255135
0.116161 0.034067 0.0255135
0.116161 0.034067 0.0255135
0.116161 0.034067 0.0255135
0.116161 0.0340665 0.0255119
0.116161 0.0340665 0.0255119
0.116161 0.0340665 0.0255119
0.116161 0.0340665 0.0255119
0.116161 0.0340665 0.0255119
0.116161 0.0340665 0.0255119
0.116161 0.0340665 0.0255119
0.116161 0.0340665 0.0255119
0.116161 0.0340665 0.0255119
0.116161 0.0340665 0.0255119
0.116161 0.0340665 0.0255119
0.116161 0.0340665 0.0255119
0.116161 0.0340665 0.0255119
0.116161 0.0340665 0.0255119
0.116161 0.0340665 0.0255119
0.116161 0.0340665 0.0255119
0.11616 0.0340665 0.0255119
0.11616 0.0340665 0.0255119
0.11616 0.0340665 0.0255119
0.11616 0.0340665 0.0255112
0.11616 0.0340665 0.0255112
0.11616 0.0340665 0.0255112
0.11616 0.0340665 0.0255112
0.11616 0.0340665 0.0255112
0.11616 0.0340665 0.0255112
0.11616 0.0340665 0.0255112
0.11616 0.0340665 0.0255112
0.11616 0.0340665 0.0255112
0.11616 0.0340665 0.0255112
0.11616 0.0340665 0.0255112
0.11616 0.0340665 0.0255112
0.11616 0.0340665 0.0255112
0.11616 0.0340665 0.0255112
0.11616 0.0340665 0.0255112
0.11616 0.0340665 0.0255112
0.11616 0.0340665 0.0255112
0.11616 0.0340665 0.0255112
0.11616 0.0340665 0.0255112
0.11616 0.0340665 0.0255112
0.11616 0.0340665 0.0255112
0.11616 0.0340665 0.0255112
0.11616 0.0340665 0.0255112
0.11616 0.0340665 0.0255112
0.11616 0.0340665 0.0255112
0.11616 0.0340665 0.0255112
0.11616 0.0340665 0.0255112
0.11616 0.0340665 0.0255112
0.11616 0.0340665 0.0255112
0.11616 0.0340665 0.0255112
0.11616 0.0340665 0.0255112
0.11616 0.0340665 0.0255112
0.11616 0.0340665 0.0255112
0.11616 0.0340665 0.0255112
0.11616 0.0340665 0.0255112
0.11616 0.0340665 0.0255112
0.11616 0.0340665 0.0255112
0.11616 0.0340665 0.0255112
0.11616 0.0340665 0.0255112
0.11616 0.0340665 0.0255112
0.11616 0.0340665 0.0255112
0.11616 0.0340665 0.0255112
0.11616 0.0340665 0.0255112
0.11616 0.0340665 0.0255112
0.11616 0.0340665 0.0255112
0.11616 0.0340665 0.0255112
0.11616 0.0340665 0.0255112
0.11616 0.0340665 0.0255112
0.11616 0.0340665 0.0255112
0.11616 0.0340665 0.0255112
0.11616 0.0340665 0.0255112
0.11616 0.0340665 0.0255112
0.11616 0.0340665 0.0255112
0.11616 0.0340665 0.0255112
0.123285 0.0340665 0.0255112
0.136892 0.0340665 0.0255112
0.149594 0.0340665 0.0255112
0.161362 0.0340665 0.0255112
0.172186 0.0340665 0.0255112
0.182077 0.0340665 0.0255112
0.191055 0.0340665 0.0255112
0.199158 0.0375046 0.0255112
0.206434 0.0438588 0.0255112
0.212945 0.0495524 0.0325143
0.218763 0.0546288 0.0416864
0.223973 0.0591387 0.050564
0.228667 0.0631412 0.0590332
0.232945 0.0666968 0.066982
0.236915 0.0698611 0.0743014
0.240693 0.0726841 0.0808891
0.244406 0.0752124 0.0866537
0.248178 0.0774901 0.0915163
0.252123 0.0795576 0.0954113
0.256331 0.0814527 0.0982865
0.260855 0.0832108 0.100104
0.265721 0.0848659 0.100842
0.27093 0.0864472 0.100677
0.276466 0.0879765 0.0999703
0.282298 0.089468 0.0987459
0.288378 0.0909271 0.097029
0.294655 0.0923492 0.0948533
0.301075 0.0937193 0.092261
0.307589 0.0950127 0.0893017
0.314145 0.0961978 0.086031
0.320678 0.0972404 0.0825089
0.327102 0.0981057 0.0787989
0.333314 0.0987608 0.0749658
0.33919 0.0991759 0.0710751
0.344603 0.0993239 0.0671919
0.349433 0.099251 0.0643224
0.353581 0.0990176 0.0643224
0.356976 0.0986106 0.0643224
0.359568 0.0980183 0.0643224
0.361329 0.0972314 0.0643224
0.362243 0.0962442 0.0643224
0.362348 0.0950553 0.0643224
0.361967 0.0936684 0.0643224
0.361183 0.0920927 0.0643224
0.360006 0.0903446 0.0643224
0.358441 0.0884471 0.0643224
0.356488 0.086429 0.0643224
0.354132 0.0843254 0.0643224
0.351319 0.0821834 0.0643224
0.348066 0.0800332 0.0643224
0.344403 0.077902 0.0643224
0.340378 0.0758132 0.0643224
0.336051 0.0737846 0.0643224
0.331471 0.0718315 0.0643224
0.32668 0.0699666 0.0643224
0.321703 0.0682013 0.0643224
0.31656 0.0669479 0.0643224
0.311263 0.0669479 0.0643224
0.305828 0.0669479 0.0643224
0.300272 0.0669479 0.0643224
0.294612 0.0669479 0.0643224
0.288859 0.0669479 0.0643224
0.283015 0.0669479 0.0643224
0.277069 0.0669479 0.0643224
0.270995 0.0669479 0.0643224
0.264757 0.0669479 0.0643224
0.258314 0.0669479 0.0643224
0.251617 0.0669479 0.0643224
0.244614 0.0669479 0.0643224
0.240984 0.0669479 0.0643224
0.240984 0.0669479 0.0643224
0.240984 0.0669479 0.0643224
0.240984 0.0669479 0.0643224
0.240984 0.0669479 0.0643224
0.240984 0.0669479 0.0643224
0.240984 0.0669479 0.0643224
0.240984 0.0669479 0.0643224
0.240984 0.0669479 0.0643224
0.240984 0.0669479 0.0643224
0.240984 0.0669479 0.0643224
0.240984 0.0669479 0.0643224
0.240984 0.0669479 0.0643224
0.240984 0.0669479 0.0643224
0.240984 0.0669479 0.0643224
0.240984 0.0669479 0.0643224
0.240984 0.0669479 0.0643224
0.240984 0.0669479 0.0643224
0.240984 0.0669479 0.0643224
0.240984 0.0669479 0.0643224
0.240984 0.0669479 0.0643224
0.240984 0.0669479 0.0643224
0.240984 0.0669479 0.0643224
0.240984 0.0669479 0.0643224
0.240984 0.0669479 0.0643224
0.240984 0.0669479 0.0643224
0.240984 0.0669479 0.0643224
0.240984 0.0669479 0.0643224
0.239272 0.0669479 0.0643224
0.239272 0.0669479 0.0643224
0.239272 0.0669479 0.0643224
0.239272 0.0669479 0.0643224
0.239272 0.0669479 0.0643224
0.239272 0.0669479 0.0643224
0.239272 0.0669479 0.0643224
0.239272 0.0669479 0.0643224
0.239272 0.0669479 0.0643224
0.239272 0.0669479 0.0643224
0.239272 0.0669479 0.0637526
0.239272 0.0669479 0.0633015
0.239272 0.0669479 0.0632287
0.239272 0.0669479 0.0632287
0.239272 0.0669479 0.0632195
0.239272 0.0669479 0.0632195
0.239272 0.0669479 0.0632195
0.239272 0.0669479 0.0631841
0.239272 0.0669479 0.0631841
0.239272 0.0669479 0.0631841
0.239272 0.0669479 0.0631841
0.239272 0.0669479 0.0631841
0.239272 0.0667111 0.0631841
0.239272 0.0667111 0.0631841
0.239272 0.0667016 0.0631841
0.239272 0.0667016 0.0631841
0.239272 0.0667016 0.0631841
0.239272 0.0667016 0.0631841
0.239272 0.0667016 0.0631841
0.239272 0.0667016 0.0631841
0.239272 0.0667016 0.0631841
0.239272 0.0667016 0.0631841
0.239272 0.0667016 0.0631841
0.239272 0.0667016 0.0631841
0.239272 0.0667016 0.0631841
0.239272 0.0667016 0.0631841
0.239272 0.0667016 0.0631841
0.239272 0.0667016 0.0631841
0.239272 0.0667016 0.0631841
0.239272 0.0667016 0.0631841
0.239272 0.0667016 0.0631841
0.239272 0.0667016 0.0631841
0.239272 0.0667016 0.0631841
0.239272 0.0667016 0.0631841
0.239272 0.0667016 0.0631841
0.239272 0.0667016 0.0631841
0.239272 0.0667016 0.0631841
0.239272 0.0667016 0.0631841
0.239272 0.0667016 0.0631841
0.239272 0.0667016 0.0631841
0.239272 0.0667016 0.0631841
0.239272 0.0667016 0.0631841
0.239272 0.0667016 0.0631841
0.239272 0.0667016 0.0631841
0.239272 0.0667016 0.0631841
0.239272 0.0667016 0.0631841
0.239272 0.0667016 0.0631841
0.239272 0.0667016 0.0631841
0.239272 0.0667016 0.0631841
0.239272 0.0667016 0.0631841
0.239272 0.0667016 0.0631841
0.239272 0.0667016 0.0631841
0.239272 0.0667016 0.0631841
0.239272 0.0667016 0.0631841
0.239272 0.0667016 0.0631841
0.239272 0.0667016 0.0631841
0.239272 0.0667016 0.0631841
0.239272 0.0667016 0.0631841
0.239272 0.0667016 0.0631841
0.239272 0.0667016 0.0631841
0.239272 0.0667016 0.0631841
0.239272 0.0667016 0.0631841
0.239272 0.0667016 0.0631841
0.239272 0.0667016 0.0631841
0.239272 0.0667016 0.0631841
0.239272 0.0667016 0.0631841
0.239272 0.0667016 0.0631841
0.239272 0.0667016 0.0631841
0.239272 0.0667016 0.0631841
0.239272 0.0667016 0.0631841
0.239272 0.0667016 0.0631841
0.239272 0.0667016 0.0631841
0.239272 0.0667016 0.0631841
0.239272 0.0667016 0.0631841
0.239272 0.0667016 0.0631841
0.247233 0.0667016 0.0631841
0.254637 0.0667016 0.0631841
0.261534 0.0667016 0.0631841
0.267965 0.0667016 0.0631841
0.273958 0.0667016 0.0631841
0.279537 0.0667016 0.0631841
0.284724 0.0667016 0.0631841
0.289541 0.0667016 0.0631841
0.294009 0.0667016 0.0631841
0.298147 0.0667016 0.0631841
0.301981 0.0667016 0.0631841
0.305542 0.0667016 0.0631841
0.308867 0.0667016 0.0631841
0.311995 0.0667016 0.0631841
0.314967 0.0667016 0.0631841
0.317816 0.0667016 0.0643095
0.32057 0.0667016 0.0686488
0.323238 0.0667016 0.0727125
0.325813 0.0667016 0.0764827
0.328201 0.0667016 0.0799458
0.330318 0.0667016 0.0830889
0.332196 0.0667016 0.085917
0.333846 0.0667016 0.0884325
0.335275 0.0667016 0.0906412
0.336467 0.0701487 0.0925503
0.337384 0.0732053 0.0941671
0.337977 0.0758244 0.0955012
0.338196 0.0779661 0.0965616
0.338101 0.0795926 0.0973571
0.337792 0.080668 0.097895
0.337272 0.081159 0.0981817
0.33655 0.0811128 0.0982221
0.335643 0.0807344 0.0980799
0.334567 0.0800302 0.0977807
0.333329 0.0790054 0.0973228
0.331936 0.0776677 0.0967009
0.33039 0.0760329 0.0959057
0.328698 0.0746229 0.0949296
0.326867 0.0746229 0.0937666
0.324912 0.0746229 0.0924111
0.322854 0.0746229 0.0908558
0.320715 0.0746229 0.0890932
0.318508 0.0746229 0.0871172
0.31624 0.0746229 0.0849245
0.313928 0.0746229 0.0825153
0.311602 0.0746229 0.0812305
0.309307 0.0746229 0.0812305
0.307087 0.0746229 0.0812305
0.304966 0.0746229 0.0812305
0.302943 0.0746229 0.0812305
0.300993 0.0746229 0.0812305
0.299078 0.0746229 0.0812305
0.297155 0.0746229 0.0812305
0.295189 0.0746229 0.0812305
0.293152 0.0746229 0.0812305
0.29103 0.0746229 0.0812305
0.289373 0.0746229 0.0812305
0.289373 0.0746229 0.0812305
0.289373 0.0746229 0.0812305
0.289373 0.0746229 0.0812305
0.289373 0.0746229 0.0812305
0.289373 0.0746229 0.0812305
0.289373 0.0746229 0.0812305
0.289373 0.0746229 0.0812305
0.289373 0.0746229 0.0812305
0.289373 0.0746229 0.0812305
0.289373 0.0746229 0.0812305
0.289373 0.0746229 0.0812305
0.289373 0.0746229 0.0812305
0.289373 0.0746229 0.0812305
0.289373 0.0746229 0.0812305
0.289373 0.0746229 0.0812305
0.289373 0.0746229 0.0812305
0.289373 0.0746229 0.0812305
0.289373 0.0746229 0.0812305
0.289373 0.0746229 0.0812305
0.289373 0.0746229 0.0812305
0.289373 0.0746229 0.0812305
0.289373 0.0746229 0.0812305
0.289373 0.0746229 0.0812305
0.289373 0.0746229 0.0812305
0.289373 0.0746229 0.0812305
0.289373 0.0746229 0.0812305
0.289373 0.0746229 0.0812305
0.289373 0.0746229 0.0812305
0.289373 0.0746229 0.0812305
0.289373 0.0746229 0.0812305
0.289373 0.0746229 0.0812305
0.289373 0.0746229 0.0812305
0.289373 0.0746229 0.0812305
0.289373 0.0746229 0.0812305
0.289373 0.0746229 0.0812305
0.289373 0.0746229 0.0812305
0.289373 0.0746229 0.0812305
0.289373 0.0746229 0.0812305
0.289373 0.0746229 0.0812305
0.289373 0.0746229 0.0812305
0.289373 0.0746229 0.0812305
0.289373 0.0746229 0.0812305
0.289373 0.0746229 0.0812305
0.289373 0.0746229 0.0812305
0.289373 0.0746229 0.0812305
0.289373 0.0746229 0.0812305
0.289373 0.0746229 0.0812305
0.289373 0.0746229 0.0812305
0.289373 0.0746229 0.0812305
0.289373 0.0746229 0.0812305
0.289373 0.0746229 0.0812305
0.289373 0.0746229 0.0812305
0.289373 0.0746229 0.0812305
0.289373 0.0746229 0.0812305
0.289373 0.0746229 0.0812305
0.289373 0.0746229 0.0812305
0.289373 0.0746229 0.0812305
0.289373 0.0746229 0.0812305
0.289373 0.0746229 0.0812305
0.289373 0.0746229 0.0812305
0.289373 0.0746229 0.0812305
0.289373 0.0746229 0.0812305
0.289373 0.0746229 0.0812305
0.289373 0.0746229 0.0812305
0.289373 0.0746229 0.0812305
0.289373 0.0746229 0.0812305
0.289373 0.0746229 0.0812305
0.289373 0.0746229 0.0812305
0.289373 0.0746229 0.0812305
0.289373 0.0746229 0.0812305
0.289373 0.0746229 0.0812305
0.289373 0.0746229 0.0812305
0.289373 0.0746229 0.0812305
0.289373 0.0746229 0.0812305
0.289373 0.0746229 0.0812305
0.289373 0.0746229 0.0812305
0.289373 0.0746229 0.0812305
0.289373 0.0746229 0.0812305
0.289373 0.0746229 0.0812305
0.289373 0.0746229 0.0812305
0.289373 0.0746229 0.0812305
0.289373 0.0746229 0.0812305
0.289373 0.0746229 0.0812305
0.289373 0.0746229 0.0812305
0.289373 0.0746229 0.0812305
0.289373 0.0746229 0.0812305
0.289373 0.0746229 0.0812305
0.289373 0.0746229 0.0812305
0.289373 0.0746229 0.0812305
0.289373 0.0746229 0.0812305
0.289373 0.0746229 0.0812305
0.289373 0.0746229 0.0812305
0.289373 0.0746229 0.0812305
0.289373 0.0746229 0.0812305
0.289373 0.0746229 0.0812305
0.289373 0.0746229 0.0812305
0.289373 0.0746229 0.0812305
0.289373 0.0746229 0.0812305
0.289373 0.0746229 0.0812305
0.289373 0.0746229 0.0812305
0.289373 0.0746229 0.0812305
0.289373 0.0746229 0.0812305
0.289373 0.0746229 0.0812305
0.289373 0.0746229 0.0812305
0.289373 0.0746229 0.0812305
0.289373 0.0746229 0.0812305
0.289373 0.0746229 0.0812305
0.289373 0.0746229 0.0812305
0.289373 0.0746229 0.0812305
0.289373 0.0746229 0.0812305
0.289373 0.0746229 0.0812305
0.289373 0.0746229 0.0812305
0.289373 0.0746229 0.0812305
0.289373 0.0746229 0.0812305
0.289373 0.0746229 0.0812305
0.289373 0.0746229 0.0812305
0.289373 0.0746229 0.0812305
0.289373 0.0746229 0.0812305
0.289373 0.0746229 0.0812305
0.289373 0.0746229 0.0812305
0.291585 0.0746229 0.0812305
0.294297 0.0746229 0.0812305
0.296926 0.0746229 0.0812305
0.299491 0.0746229 0.0812305
0.301981 0.0746229 0.0812305
0.3044 0.0746229 0.0812305
0.30672 0.0746229 0.0812305
0.308876 0.0746229 0.0812305
0.310781 0.0746229 0.0812305
0.312367 0.0746229 0.0812305
0.31359 0.0746229 0.0812305
0.314327 0.0746229 0.0812305
0.314668 0.0746229 0.0812305
0.314772 0.0746229 0.0812305
0.314818 0.0746229 0.0812305
0.314942 0.0746229 0.0812305
0.315268 0.0746229 0.0812305
0.315939 0.0746229 0.0812305
0.317098 0.0746229 0.0812305
0.318831 0.0746229 0.0812305
0.321155 0.0746229 0.0812305
0.324024 0.0746229 0.0812305
0.327176 0.0746229 0.0812305
0.33019 0.0746229 0.0812305
0.333656 0.0746229 0.0812305
0.33742 0.0746229 0.0812305
0.34146 0.0746229 0.0820263
0.34571 0.0746229 0.0855332
0.350133 0.0746229 0.0882287
0.354684 0.0746229 0.0901072
0.359316 0.0746229 0.0911822
0.363964 0.0746229 0.091487
0.368548 0.0746229 0.0912558
0.372975 0.0746229 0.0906759
0.37714 0.0746229 0.0897909
0.380935 0.0746229 0.0886481
0.384232 0.0752766 0.0872975
0.386969 0.0765084 0.0867119
0.389083 0.0771192 0.0867119
0.390519 0.0771193 0.0867119
0.391233 0.0767377 0.0867119
0.391266 0.0759928 0.0867119
0.390908 0.0759928 0.0867119
0.390218 0.0759928 0.0867119
0.389205 0.0759928 0.0867119
0.387864 0.0759928 0.0867119
0.386178 0.0759928 0.0867119
0.384116 0.0759928 0.0867119
0.381651 0.0759928 0.0867119
0.378766 0.0759928 0.0867119
0.375473 0.0759928 0.0867119
0.371822 0.0759928 0.0867119
0.367874 0.0759928 0.0867119
0.363688 0.0759928 0.0867119
0.359308 0.0759928 0.0867119
0.354772 0.0759928 0.0867119
0.350122 0.0759928 0.0867119
0.345414 0.0759928 0.0867119
0.340721 0.0759928 0.0867119
0.340721 0.0759928 0.0867119
0.340721 0.0759928 0.0867119
0.340721 0.0759928 0.0867119
0.340721 0.0759928 0.0867119
0.340721 0.0759928 0.0867119
0.340721 0.0759928 0.0867119
0.340721 0.0759928 0.0867119
0.340721 0.0759928 0.0867119
0.340721 0.0759928 0.0867119
0.340721 0.0759928 0.0867119
0.340721 0.0759928 0.0867119
0.340721 0.0759928 0.0867119
0.340721 0.0759928 0.0867119
0.340721 0.0759928 0.0867119
0.340721 0.0759928 0.0867119
0.340721 0.0759928 0.0867119
0.340721 0.0759928 0.0867119
0.340721 0.0759928 0.0867119
0.340721 0.0759928 0.0867119
0.340721 0.0759928 0.0867119
0.340721 0.0759928 0.0867119
0.340721 0.0759928 0.0867119
0.340721 0.0759928 0.0867119
0.340721 0.0759928 0.0867119
0.340721 0.0759928 0.0867119
0.340721 0.0759928 0.0867119
0.340721 0.0759928 0.0867119
0.340721 0.0759928 0.0867119
0.340721 0.0759928 0.0867119
0.340721 0.0759928 0.0867119
0.340721 0.0759928 0.0867119
0.340721 0.0759928 0.0867119
0.340721 0.0759928 0.0867119
0.340721 0.0759928 0.0867119
0.340721 0.0759928 0.0867119
0.340721 0.0759928 0.0867119
0.340721 0.0759928 0.0867119
0.340721 0.0759928 0.0867119
0.340721 0.0759928 0.0867119
0.340721 0.0759928 0.0867119
0.340721 0.0759928 0.0867119
0.340721 0.0759928 0.0867119
0.340721 0.0759928 0.0867119
0.340721 0.0759928 0.0867119
0.339703 0.0759928 0.0867119
0.339703 0.0759928 0.0867119
0.339703 0.0759928 0.0867119
0.339703 0.0759928 0.0867119
0.339703 0.0759928 0.0867119
0.339703 0.0752165 0.0867119
0.339703 0.0752165 0.0867119
0.339703 0.0752165 0.0867119
0.339703 0.0752165 0.0867119
0.339703 0.0752165 0.0862424
0.339703 0.0752165 0.0862424
0.339703 0.0752165 0.0862424
0.339703 0.0752165 0.0862424
0.339703 0.0752165 0.0862424
0.339703 0.0752165 0.085842
0.339703 0.0752165 0.085842
0.339703 0.0752165 0.085842
0.339703 0.0752165 0.085842
0.339703 0.0752165 0.085842
0.339703 0.0752165 0.085842
0.339703 0.0752165 0.085842
0.339703 0.0752165 0.085842
0.339703 0.0752165 0.085842
0.339703 0.0752154 0.085839
0.339703 0.0752154 0.085839
0.339703 0.0752154 0.085839
0.339703 0.0752154 0.085839
0.339703 0.0752154 0.085839
0.339703 0.0752154 0.085839
0.339703 0.0752154 0.085839
0.339703 0.0752154 0.085839
0.339703 0.0752154 0.085839
0.339703 0.0752154 0.085839
0.339703 0.0752154 0.085839
0.339703 0.0752154 0.085839
0.339703 0.0752154 0.085839
0.339703 0.0752154 0.085839
0.339703 0.0752154 0.085839
0.339703 0.0752154 0.085839
0.339703 0.0752154 0.085839
0.339703 0.0752154 0.085839
0.339703 0.0752154 0.085839
0.339703 0.0752154 0.085839
0.339703 0.0752154 0.085839
0.339703 0.0752154 0.085839
0.339703 0.0752154 0.085839
0.339703 0.0752154 0.085839
0.339703 0.0752154 0.085839
0.339703 0.0752154 0.085839
0.339703 0.0752154 0.085839
0.339703 0.0752154 0.085839
0.339703 0.0752154 0.085839
0.339703 0.0752154 0.085839
0.339703 0.0752154 0.085839
0.339703 0.0752154 0.085839
0.339703 0.0752154 0.085839
0.339703 0.0752154 0.085839
0.339703 0.0752154 0.085839
0.339703 0.0752154 0.085839
0.339703 0.0752154 0.085839
0.339703 0.0752154 0.085839
0.339703 0.0752154 0.085839
0.339703 0.0752154 0.085839
0.339703 0.0752154 0.085839
0.347532 0.0752154 0.085839
0.366603 0.0752154 0.085839
0.385005 0.0752154 0.085839
0.402799 0.0752154 0.085839
0.419995 0.0752154 0.085839
0.436627 0.0752154 0.085839
0.452768 0.0752154 0.085839
0.468533 0.0752154 0.085839
0.484081 0.0775696 0.0881263
0.499584 0.0893213 0.0994221
0.515182 0.101082 0.110386
0.530973 0.112915 0.120873
0.547025 0.124884 0.130757
0.563377 0.137034 0.139948
0.579664 0.149435 0.14839
0.589035 0.163444 0.155821
0.600109 0.17676 0.162509
0.611102 0.190197 0.168496
0.621971 0.203153 0.173896
0.632592 0.215476 0.178635
0.642662 0.226922 0.182904
0.65195 0.237491 0.186746
0.660274 0.247003 0.190226
0.667451 0.255252 0.193377
0.673317 0.262149 0.196265
0.677695 0.267665 0.198936
0.679852 0.271658 0.201404
0.681664 0.274451 0.203582
0.681677 0.275493 0.205551
0.680765 0.275286 0.207188
0.679672 0.274515 0.208368
0.677836 0.27303 0.209178
0.675394 0.270916 0.20953
0.672706 0.268324 0.209343
0.669664 0.265228 0.208744
0.666382 0.261703 0.207706
0.66306 0.25786 0.206176
0.659738 0.253757 0.204107
0.656511 0.249463 0.20147
0.653503 0.245061 0.198258
0.65077 0.240617 0.194478
0.648374 0.236196 0.190136
0.646141 0.231898 0.185252
0.643839 0.227821 0.17986
0.641388 0.223986 0.174042
0.638665 0.220427 0.167879
0.635566 0.21713 0.161473
0.632027 0.214045 0.154949
0.62801 0.211102 0.148447
0.623463 0.208219 0.148447
0.618303 0.205307 0.148447
0.612428 0.202276 0.148447
0.605745 0.199039 0.148447
0.598191 0.195508 0.148447
0.589748 0.191603 0.148447
0.580436 0.18725 0.148447
0.570292 0.182401 0.148447
0.55935 0.177033 0.148447
0.547647 0.175897 0.148447
0.53522 0.175897 0.148447
0.52212 0.175897 0.148447
0.513963 0.175897 0.148447
0.513963 0.175897 0.148447
0.513963 0.175897 0.148447
0.513963 0.175897 0.148447
0.513963 0.175897 0.148447
0.513963 0.175897 0.148447
0.513963 0.175897 0.148447
0.513963 0.175897 0.148447
0.513963 0.175897 0.148447
0.513963 0.175897 0.148447
0.513963 0.175897 0.148447
0.513963 0.175897 0.148447
0.513963 0.175897 0.148447
0.513963 0.175897 0.148447
0.513963 0.175897 0.148447
0.513963 0.175897 0.148447
0.513963 0.175897 0.148447
0.513963 0.175897 0.148447
0.513963 0.175897 0.148447
0.513963 0.175897 0.148447
0.513963 0.175897 0.148447
0.513963 0.175897 0.148447
0.513963 0.175897 0.148447
0.513963 0.175897 0.148447
0.511593 0.175897 0.148447
0.511033 0.175897 0.148447
0.511033 0.175897 0.148447
0.511033 0.175897 0.147784
0.511033 0.175897 0.147784
0.511033 0.175897 0.147784
0.511033 0.175897 0.147703
0.511033 0.175897 0.147688
0.511033 0.175897 0.147688
0.511033 0.175897 0.147688
0.511033 0.175897 0.147688
0.511033 0.175897 0.147688
0.511033 0.175897 0.147688
0.511033 0.175897 0.147688
0.511033 0.175897 0.147688
0.511033 0.175897 0.147688
0.511033 0.175897 0.147688
0.511033 0.175897 0.147688
0.511033 0.175387 0.147688
0.511033 0.175387 0.147688
0.51083 0.175387 0.147688
0.510823 0.175374 0.147688
0.510823 0.175374 0.147688
0.510823 0.175374 0.147688
0.510823 0.175374 0.147688
0.510823 0.175374 0.147688
0.510823 0.175374 0.147688
0.510823 0.175374 0.147688
0.510823 0.175374 0.147688
0.510823 0.175374 0.147688
0.510823 0.175374 0.147688
0.510823 0.175374 0.147688
0.510823 0.175374 0.147688
0.510823 0.175374 0.147688
0.510823 0.175374 0.147688
0.510823 0.175374 0.147688
0.510823 0.175374 0.147688
0.510823 0.175374 0.147688
0.510823 0.175374 0.147688
0.510823 0.175374 0.147688
0.510823 0.175374 0.147688
0.510823 0.175374 0.147688
0.510823 0.175374 0.147688
0.510823 0.175374 0.147688
0.510823 0.175374 0.147688
0.510823 0.175374 0.147688
0.510823 0.175374 0.147688
0.510823 0.175374 0.147688
0.510823 0.175374 0.147688
0.510823 0.175374 0.147688
0.510823 0.175374 0.147688
0.510823 0.175374 0.147688
0.510823 0.175374 0.147688
0.510823 0.175374 0.147688
0.510823 0.175374 0.147688
0.510823 0.175374 0.147688
0.510823 0.175374 0.147688
0.510823 0.175374 0.147688
0.510823 0.175374 0.147688
0.510823 0.175374 0.147688
0.510823 0.175374 0.147688
0.510823 0.175374 0.147688
0.510823 0.175374 0.147688
0.510823 0.175374 0.147688
0.510823 0.175374 0.147688
0.510823 0.175374 0.147688
0.510823 0.175374 0.147688
0.510823 0.175374 0.147688
0.510823 0.175374 0.147688
0.510823 0.175374 0.147688
0.510823 0.175374 0.147688
0.510823 0.175374 0.147688
0.510823 0.175374 0.147688
0.510823 0.175374 0.147688
0.510823 0.175374 0.147688
0.510823 0.175374 0.147688
0.510823 0.175374 0.147688
0.510823 0.175374 0.147688
0.510823 0.175374 0.147688
0.510823 0.175374 0.153741
0.510823 0.175374 0.158359
0.510823 0.175374 0.161413
0.510823 0.175374 0.162824
0.510823 0.175374 0.162682
0.510823 0.175374 0.161525
0.510823 0.175374 0.159452
0.510823 0.175374 0.156549
0.515913 0.175374 0.155877
0.529251 0.175374 0.155877
0.543212 0.175374 0.155877
0.557444 0.175374 0.155877
0.571564 0.175374 0.155877
0.585172 0.175374 0.155877
0.59789 0.175374 0.155877
0.609404 0.175374 0.155877
0.619468 0.175374 0.155877
0.627891 0.175374 0.155877
0.634521 0.175374 0.155877
0.639246 0.175374 0.155877
0.642001 0.175374 0.155877
0.642772 0.175374 0.155877
0.642173 0.175374 0.155877
0.640622 0.175374 0.155877
0.63818 0.175374 0.155877
0.634949 0.175374 0.155877
0.631086 0.175374 0.155877
0.626787 0.175374 0.155877
0.622262 0.175374 0.155877
0.617718 0.175374 0.155877
0.613339 0.175374 0.155877
0.609272 0.175374 0.157677
0.605519 0.175374 0.166054
0.60215 0.175374 0.172868
0.599236 0.175374 0.177807
0.596768 0.175374 0.181396
0.594752 0.175374 0.183657
0.593134 0.175374 0.184412
0.591849 0.175374 0.184058
0.590792 0.175374 0.182996
0.589848 0.175374 0.181273
0.588933 0.175374 0.17895
0.587983 0.175374 0.176154
0.586944 0.175374 0.173039
0.585751 0.175374 0.171072
0.584314 0.175374 0.171072
0.582518 0.175374 0.171072
0.580239 0.175374 0.171072
0.577998 0.175374 0.171072
0.577998 0.175374 0.171072
0.577998 0.175374 0.171072
0.577998 0.175374 0.171072
0.577998 0.175374 0.171072
0.577998 0.175374 0.171072
0.577998 0.175374 0.171072
0.577998 0.175374 0.171072
0.577998 0.175374 0.171072
0.577998 0.175374 0.171072
0.577998 0.175374 0.171072
0.577998 0.175374 0.171072
0.577998 0.175374 0.171072
0.577998 0.175374 0.171072
0.577998 0.175374 0.171072
0.577998 0.175374 0.171072
0.577998 0.175374 0.171072
0.577998 0.175374 0.171072
0.577998 0.175374 0.171072
0.577998 0.175374 0.171072
0.577998 0.175374 0.171072
0.577998 0.175374 0.171072
0.577998 0.175374 0.171072
0.577998 0.175374 0.171072
0.577998 0.175374 0.171072
0.577998 0.175374 0.171072
0.577998 0.175374 0.171072
0.577998 0.175374 0.171072
0.577998 0.175374 0.171072
0.577998 0.175374 0.171072
0.577998 0.175374 0.171072
0.577998 0.175374 0.171072
0.577998 0.175374 0.171072
0.577998 0.175374 0.171072
0.577998 0.175374 0.171072
0.577998 0.175374 0.171072
0.577998 0.175374 0.171072
0.577998 0.175374 0.171072
0.577998 0.175374 0.171072
0.577998 0.175374 0.171072
0.577998 0.175374 0.171072
0.577998 0.175374 0.171072
0.577998 0.175374 0.171072
0.577998 0.175374 0.171072
0.577998 0.175374 0.171072
0.577998 0.175374 0.171072
0.577998 0.175374 0.171072
0.577998 0.175374 0.171072
0.577998 0.175374 0.171072
0.577998 0.175374 0.171072
0.577998 0.175374 0.171072
0.577998 0.175374 0.171072
0.577998 0.175374 0.171072
0.577998 0.175374 0.171072
0.577998 0.175374 0.171072
0.577998 0.175374 0.171072
0.577998 0.175374 0.171072
0.577998 0.175374 0.171072
0.577998 0.175374 0.171072
0.577998 0.175374 0.171072
0.577998 0.175374 0.171072
0.577998 0.175374 0.171072
0.577998 0.175374 0.171072
0.577998 0.175374 0.171072
0.577998 0.175374 0.171072
0.577998 0.175374 0.171072
0.577998 0.175374 0.171072
0.577998 0.175374 0.171072
0.577998 0.175374 0.171072
0.577998 0.175374 0.171072
0.577998 0.175374 0.171072
0.577998 0.175374 0.171072
0.577998 0.175374 0.171072
0.577998 0.175374 0.171072
0.577998 0.175374 0.171072
0.577998 0.175374 0.171072
0.577998 0.175374 0.171072
0.577998 0.175374 0.171072
0.577998 0.175374 0.171072
0.577998 0.175374 0.171072
0.577998 0.175374 0.171072
0.577998 0.175374 0.171072
0.577998 0.175374 0.171072
0.577998 0.175374 0.171072
0.577998 0.175374 0.171072
0.577998 0.175374 0.171072
0.577998 0.175374 0.171072
0.577998 0.175374 0.171072
0.577998 0.175374 0.171072
0.577998 0.175374 0.171072
0.577998 0.175374 0.171072
0.577998 0.175374 0.171072
0.577998 0.175374 0.171072
0.577998 0.175374 0.171072
0.577998 0.175374 0.171072
0.577998 0.175374 0.171072
0.577998 0.175374 0.171072
0.577998 0.175374 0.171072
0.577998 0.175374 0.171072
0.577998 0.175374 0.171072
0.577998 0.175374 0.171072
0.577998 0.175374 0.171072
0.577998 0.175374 0.171072
0.577998 0.175374 0.171072
0.577998 0.175374 0.171072
0.577998 0.175374 0.171072
0.577998 0.175374 0.171072
0.577998 0.175374 0.171072
0.577998 0.175374 0.171072
0.577998 0.175374 0.171072
0.577998 0.175374 0.171072
0.577998 0.175374 0.171072
0.577998 0.175374 0.171072
0.577998 0.175374 0.171072
0.577998 0.175374 0.171072
0.577998 0.175374 0.171072
0.577998 0.175374 0.171072
0.577998 0.175374 0.171072
0.577998 0.175374 0.171072
0.577998 0.175374 0.171072
0.577998 0.175374 0.171072
0.577998 0.175374 0.171072
0.577998 0.175374 0.171072
0.577998 0.175374 0.171072
0.577998 0.175374 0.171072
0.577998 0.175374 0.171072
0.577998 0.175374 0.171072
0.577998 0.175374 0.171072
0.577998 0.175374 0.171072
0.577998 0.175374 0.171072
0.577998 0.175374 0.171072
0.577998 0.175374 0.171072
0.577998 0.175374 0.171072
0.577998 0.175374 0.171072
0.577998 0.175374 0.171072
0.577998 0.175374 0.171072
0.577998 0.175374 0.171072
0.577998 0.175374 0.171072
0.577998 0.175374 0.171072
0.577998 0.175374 0.171072
0.577998 0.175374 0.171072
0.577998 0.175374 0.171072
0.577998 0.175374 0.171072
0.577998 0.175374 0.171072
0.577998 0.175374 0.171072
0.577998 0.175374 0.171072
0.577998 0.175374 0.171072
0.577998 0.175374 0.171072
0.577998 0.175374 0.171072
0.577998 0.175374 0.171072
0.577998 0.175374 0.171072
0.577998 0.175374 0.171072
0.577998 0.175374 0.171072
0.577998 0.175374 0.171072
0.577998 0.175374 0.171072
0.577998 0.175374 0.171072
0.577998 0.175374 0.171072
0.577998 0.175374 0.171072
0.577998 0.175374 0.171072
0.577998 0.175374 0.171072
0.577998 0.175374 0.171072
0.577998 0.175374 0.171072
0.577998 0.175374 0.171072
0.577998 0.175374 0.171072
0.577998 0.175374 0.171072
0.577998 0.175374 0.171072
0.577998 0.175374 0.171072
0.577998 0.175374 0.171072
0.577998 0.175374 0.171072
0.577998 0.175374 0.171072
0.577998 0.175374 0.171072
0.577998 0.175374 0.171072
0.577998 0.175374 0.171072
0.577998 0.175374 0.171072
0.577998 0.175374 0.171072
0.577998 0.175374 0.171072
0.577998 0.175374 0.171072
0.577998 0.175374 0.171072
0.577998 0.175374 0.171072
0.577998 0.175374 0.171072
0.577998 0.175374 0.171072
0.577998 0.175374 0.171072
0.577998 0.175374 0.171072
0.577998 0.175374 0.171072
0.577998 0.175374 0.171072
0.577998 0.175374 0.171072
0.577998 0.175374 0.171072
0.577998 0.175374 0.171072
0.577998 0.175374 0.171072
0.577998 0.175374 0.171072
0.577998 0.175374 0.171072
0.577998 0.175374 0.171072
0.577998 0.175374 0.171072
0.580209 0.175374 0.171072
0.583261 0.175374 0.171072
0.58735 0.175374 0.171072
0.592704 0.175374 0.171072
0.599523 0.175374 0.171072
0.607912 0.175374 0.171072
0.615739 0.175374 0.171072
0.624478 0.175374 0.171072
0.634007 0.175374 0.171072
0.644172 0.175374 0.171072
0.654814 0.175374 0.171072
0.665766 0.175374 0.171072
0.676859 0.175374 0.171072
0.687917 0.175374 0.171072
0.698761 0.175374 0.171072
0.709214 0.179093 0.171072
0.719112 0.186422 0.171072
0.728302 0.19354 0.171072
0.73665 0.20037 0.171072
0.744028 0.206843 0.171072
0.75032 0.212892 0.171072
0.755417 0.21846 0.171072
0.759235 0.223494 0.171072
0.761623 0.22795 0.171072
0.762552 0.2317 0.171072
0.76234 0.234794 0.171072
0.761511 0.237162 0.171072
0.760147 0.238788 0.172531
0.758317 0.239655 0.178643
0.756096 0.239773 0.185138
0.75356 0.239453 0.191925
0.750786 0.238791 0.198872
0.747842 0.237822 0.205828
0.744797 0.236584 0.212657
0.741718 0.235124 0.219237
0.738659 0.233494 0.225444
0.735314 0.231856 0.231107
0.732272 0.230084 0.236118
0.729337 0.228308 0.240376
0.726677 0.226572 0.243723
0.724314 0.22491 0.246122
0.722246 0.223354 0.247476
0.720397 0.221943 0.247754
0.718719 0.220725 0.247217
0.71722 0.219677 0.246024
0.715876 0.218805 0.244189
0.714674 0.218087 0.24174
0.713591 0.217501 0.238712
0.712598 0.217005 0.235156
0.711658 0.216551 0.231139
0.710731 0.216087 0.226742
0.709768 0.215555 0.222047
0.708705 0.214901 0.217137
0.707458 0.214071 0.212093
0.705934 0.213015 0.210822
0.704036 0.211685 0.210822
0.701674 0.21004 0.210822
0.698775 0.208038 0.210822
0.695277 0.208038 0.210822
0.691126 0.208038 0.210822
0.686279 0.208038 0.210822
0.680725 0.208038 0.210822
0.674476 0.208038 0.210822
0.671099 0.208038 0.210822
0.671099 0.208038 0.210822
0.671099 0.208038 0.210822
0.671099 0.208038 0.210822
0.671099 0.208038 0.210822
0.671099 0.208038 0.210822
0.671099 0.208038 0.210822
0.671099 0.208038 0.210822
0.671099 0.208038 0.210822
0.671099 0.208038 0.210822
0.671099 0.208038 0.210822
0.671099 0.208038 0.210822
0.671099 0.208038 0.210822
0.671099 0.208038 0.210822
0.671099 0.208038 0.210822
0.671099 0.208038 0.210822
0.671099 0.208038 0.210822
0.671099 0.208038 0.210822
0.671099 0.208038 0.210822
0.671099 0.208038 0.210822
0.671099 0.208038 0.210822
0.671099 0.208038 0.210822
0.671099 0.208038 0.210822
0.671099 0.208038 0.210822
0.671099 0.208038 0.210822
0.671099 0.208038 0.210822
0.671099 0.208038 0.210822
0.671099 0.208038 0.210822
0.671099 0.208038 0.210822
0.671099 0.208038 0.210822
0.671099 0.208038 0.210822
0.671099 0.208038 0.210822
0.671099 0.208038 0.210822
0.671099 0.208038 0.210822
0.671099 0.208038 0.209197
0.671099 0.208038 0.207949
0.671099 0.208038 0.207949
0.671099 0.208038 0.207949
0.671099 0.208038 0.207949
0.671099 0.208038 0.207949
0.671099 0.208038 0.207949
0.671099 0.208038 0.207949
0.671099 0.208038 0.207949
0.669171 0.208038 0.207949
0.669171 0.208038 0.207949
0.669171 0.208038 0.207949
0.669171 0.208038 0.207949
0.669171 0.208038 0.207949
0.669171 0.208038 0.207949
0.669171 0.208038 0.207949
0.669171 0.207575 0.207949
0.669171 0.207575 0.207949
0.669171 0.207575 0.207949
0.669066 0.207575 0.207949
0.669066 0.207575 0.207949
0.669066 0.207575 0.207949
0.669066 0.207575 0.207949
0.669066 0.207575 0.207949
0.669066 0.207575 0.207949
0.669066 0.207575 0.207949
0.669066 0.207575 0.207949
0.669066 0.207575 0.207949
0.669066 0.207575 0.207949
0.669066 0.207575 0.207949
0.669066 0.207575 0.207949
0.669066 0.207575 0.207949
0.669066 0.207575 0.207949
0.669066 0.207575 0.207949
0.669066 0.207575 0.207949
0.669066 0.207575 0.207949
0.669066 0.207575 0.207949
0.669066 0.207575 0.207949
0.669066 0.207575 0.207949
0.669066 0.207575 0.207949
0.669066 0.207575 0.207949
0.669066 0.207575 0.207949
0.669066 0.207575 0.207949
0.669066 0.207575 0.207949
0.669066 0.207575 0.207949
0.669066 0.207575 0.207949
0.669066 0.207575 0.207949
0.669066 0.207575 0.207949
0.669066 0.207575 0.207949
0.669066 0.207575 0.207949
0.669066 0.207575 0.207949
0.669066 0.207575 0.207949
0.669066 0.207575 0.207949
0.669066 0.207575 0.207949
0.669066 0.207575 0.207949
0.669066 0.207575 0.207949
0.669066 0.207575 0.207949
0.669066 0.207575 0.207949
0.669066 0.207575 0.207949
0.669066 0.207575 0.207949
0.669066 0.207575 0.207949
0.669066 0.207575 0.207949
0.669066 0.207575 0.207949
0.669066 0.207575 0.207949
0.669066 0.207575 0.207949
0.669066 0.207575 0.207949
0.669066 0.207575 0.207949
0.669066 0.207575 0.207949
0.669066 0.207575 0.207949
0.669066 0.207575 0.207949
0.669066 0.207575 0.207949
0.669066 0.207575 0.207949
0.669066 0.207575 0.207949
0.669066 0.207575 0.207949
0.669066 0.207575 0.207949
0.669066 0.207575 0.207949
0.669066 0.207575 0.207949
0.669066 0.207575 0.207949
0.669066 0.207575 0.207949
0.669066 0.207575 0.207949
0.669066 0.207575 0.207949
0.669066 0.207575 0.207949
0.669066 0.207575 0.207949
0.669066 0.207575 0.207949
0.669066 0.207575 0.207949
0.669066 0.207575 0.207949
0.669066 0.207575 0.207949
0.669066 0.207575 0.207949
0.669066 0.207575 0.207949
0.669066 0.207575 0.207949
0.669066 0.207575 0.207949
0.669066 0.207575 0.207949
0.669066 0.207575 0.207949
0.669066 0.207575 0.207949
0.669066 0.207575 0.207949
0.669066 0.207575 0.207949
0.669066 0.207575 0.207949
0.669066 0.207575 0.207949
0.669066 0.207575 0.207949
0.669066 0.207575 0.207949
0.669066 0.207575 0.207949
0.669066 0.207575 0.207949
0.669066 0.207575 0.207949
0.669066 0.207575 0.207949
0.669066 0.207575 0.207949
0.669066 0.207575 0.207949
0.669066 0.207575 0.207949
0.669066 0.207575 0.207949
0.669066 0.207575 0.207949
0.669066 0.207575 0.207949
0.669066 0.207575 0.207949
0.669066 0.207575 0.207949
0.669066 0.207575 0.207949
0.669066 0.207575 0.207949
0.669066 0.207575 0.207949
0.669066 0.207575 0.207949
0.669066 0.207575 0.207949
0.669066 0.207575 0.207949
0.669066 0.207575 0.207949
0.669066 0.207575 0.207949
0.669066 0.207575 0.207949
0.669066 0.207575 0.207949
0.669066 0.207575 0.207949
0.669066 0.207575 0.207949
0.669066 0.207575 0.207949
0.669066 0.207575 0.207949
0.669066 0.207575 0.207949
0.669066 0.207575 0.207949
0.669066 0.207575 0.207949
0.669066 0.207575 0.207949
0.669066 0.207575 0.207949
0.669066 0.207575 0.207949
0.669066 0.207575 0.207949
0.669066 0.207575 0.207949
0.669066 0.207575 0.207949
0.669066 0.207575 0.207949
0.669066 0.207575 0.207949
0.669066 0.207575 0.207949
0.669066 0.207575 0.207949
0.669066 0.207575 0.207949
0.669066 0.207575 0.207949
0.669066 0.207575 0.207949
0.669066 0.207575 0.207949
0.669066 0.207575 0.207949
0.669066 0.207575 0.207949
0.669066 0.207575 0.207949
0.669066 0.207575 0.207949
0.669066 0.207575 0.207949
0.669066 0.207575 0.207949
0.669066 0.207575 0.207949
0.669066 0.207575 0.207949
0.669066 0.207575 0.207949
0.669066 0.207575 0.207949
0.669066 0.207575 0.207949
0.669066 0.207575 0.207949
0.669066 0.207575 0.207949
0.669066 0.207575 0.207949
0.669066 0.207575 0.207949
0.669066 0.207575 0.207949
0.669066 0.207575 0.207949
0.669066 0.207575 0.207949
0.669066 0.207575 0.207949
0.669066 0.207575 0.207949
0.669066 0.207575 0.207949
0.669066 0.207575 0.207949
0.669066 0.207575 0.207949
0.669066 0.207575 0.207949
0.669066 0.207575 0.207949
0.669066 0.207575 0.207949
0.669066 0.207575 0.207949
0.669066 0.207575 0.207949
0.669066 0.207575 0.207949
0.669066 0.207575 0.207949
0.669066 0.207575 0.207949
0.669066 0.207575 0.207949
0.669066 0.207575 0.207949
0.669066 0.207575 0.207949
0.669066 0.207575 0.207949
0.669066 0.207575 0.207949
0.669066 0.207575 0.207949
0.669066 0.207575 0.207949
0.669066 0.207575 0.207949
0.669066 0.207575 0.207949
0.669066 0.207575 0.207949
0.669066 0.207575 0.207949
0.669066 0.207575 0.207949
0.669066 0.207575 0.207949
0.669066 0.207575 0.207949
0.669066 0.207575 0.207949
0.669066 0.207575 0.207949
0.669066 0.207575 0.207949
0.669066 0.207575 0.207949
0.669066 0.207575 0.207949
0.669066 0.207575 0.207949
0.669066 0.207575 0.207949
0.669066 0.207575 0.207931
0.669066 0.207575 0.207931
0.669066 0.207575 0.207931
0.669066 0.207575 0.207931
0.669066 0.207575 0.207931
0.669066 0.207575 0.207931
0.669066 0.207575 0.207931
0.669066 0.207575 0.207931
0.669066 0.207575 0.207931
0.669066 0.207575 0.207931
0.669066 0.207575 0.207931
0.669066 0.207575 0.207931
0.669066 0.207575 0.207931
0.669066 0.207575 0.207931
0.669066 0.207575 0.207931
0.669066 0.207575 0.207931
0.669066 0.207575 0.207931
0.669066 0.207575 0.207931
0.669066 0.207575 0.207931
0.669066 0.207575 0.207931
0.669066 0.207575 0.207931
0.669066 0.207575 0.207931
0.669066 0.207575 0.207931
0.669066 0.207575 0.213876
0.669066 0.207575 0.220936
0.669066 0.207575 0.227098
0.669066 0.207575 0.232369
0.669066 0.207575 0.2367
0.669066 0.207575 0.240072
0.669066 0.207575 0.242548
0.669066 0.207575 0.244229
0.669066 0.207575 0.245243
0.669066 0.207575 0.24555
0.669066 0.207575 0.245289
0.669066 0.207575 0.24466
0.669066 0.207575 0.243684
0.669066 0.207575 0.242412
0.669066 0.207575 0.240851
0.669066 0.207575 0.239015
0.669066 0.207575 0.236915
0.669066 0.207575 0.234574
0.669066 0.207575 0.232008
0.669066 0.207575 0.229221
0.669066 0.207575 0.227742
0.669066 0.207575 0.227742
0.669066 0.207575 0.227742
0.669066 0.207575 0.227742
0.669066 0.207575 0.227742
0.669066 0.207575 0.227742
0.669066 0.207575 0.227742
0.669066 0.207575 0.227742
0.669066 0.207575 0.227742
0.669066 0.207575 0.227742
0.669066 0.207575 0.227742
0.669066 0.207575 0.227742
0.669066 0.207575 0.227742
0.669066 0.207575 0.227742
0.669066 0.207575 0.227742
0.669066 0.207575 0.227742
0.669066 0.207575 0.227742
0.669066 0.207575 0.227742
0.669066 0.207575 0.227742
0.669066 0.207575 0.227742
0.669066 0.207575 0.227742
0.669066 0.207575 0.227742
0.669066 0.207575 0.227742
0.669066 0.207575 0.227742
0.669066 0.207575 0.227742
0.669066 0.207575 0.227742
0.669066 0.207575 0.227087
0.669066 0.207575 0.227087
0.669066 0.207575 0.227087
0.669066 0.207575 0.226741
0.669066 0.207575 0.226741
0.669066 0.207575 0.226735
0.669066 0.207575 0.226735
0.669066 0.207575 0.226735
0.669066 0.207575 0.226735
0.669066 0.207575 0.226735
0.669066 0.207575 0.226735
0.669066 0.207575 0.226735
0.669066 0.207575 0.226735
0.669066 0.207575 0.226735
0.669066 0.207575 0.226735
0.669066 0.207575 0.226735
0.669066 0.207575 0.226735
0.669066 0.207575 0.226735
0.669066 0.207575 0.226735
0.669066 0.207575 0.226735
0.669066 0.207575 0.226735
0.669066 0.207575 0.226735
0.669066 0.207575 0.226735
0.669066 0.207575 0.226735
0.669066 0.207575 0.226735
0.669066 0.207575 0.226735
0.669066 0.207575 0.226735
0.669066 0.207575 0.226735
0.669066 0.207575 0.226735
0.670902 0.207575 0.226735
0.677371 0.207575 0.238918
0.682511 0.207575 0.250697
0.686241 0.21087 0.262141
0.688539 0.223641 0.273246
0.689415 0.235609 0.283951
0.68916 0.246587 0.294177
0.688237 0.256381 0.303898
0.686665 0.264821 0.313126
0.684455 0.27176 0.321859
0.681615 0.277076 0.330048
0.680806 0.280669 0.337612
0.680806 0.28247 0.344472
0.680806 0.282561 0.350566
0.680806 0.281623 0.355833
0.680806 0.279767 0.360195
0.680806 0.277005 0.36355
0.680806 0.273353 0.365792
0.680806 0.268512 0.36692
0.680806 0.263128 0.366803
0.680806 0.256918 0.365775
0.680806 0.24999 0.363873
0.680806 0.246289 0.361011
0.680806 0.246289 0.357163
0.680806 0.246289 0.352271
0.680806 0.246289 0.346337
0.680806 0.246289 0.339343
0.680806 0.246289 0.331316
0.680806 0.246289 0.322266
0.680806 0.246289 0.312226
0.680806 0.246289 0.301249
0.680806 0.246289 0.298366
0.680806 0.246289 0.298366
0.680806 0.246289 0.298366
0.680806 0.246289 0.298366
0.680806 0.246289 0.298366
0.680806 0.246289 0.298366
0.680806 0.246289 0.298366
0.680806 0.246289 0.298366
0.680806 0.246289 0.298366
0.680806 0.246289 0.298366
0.680806 0.246289 0.298366
0.680806 0.246289 0.298366
0.680806 0.246289 0.298366
0.680806 0.246289 0.298366
0.680806 0.246289 0.298366
0.680806 0.246289 0.298366
0.680806 0.246289 0.298366
0.680806 0.24514 0.296876
0.680806 0.24514 0.296876
0.680806 0.24514 0.296876
0.680806 0.24514 0.296876
0.680806 0.24514 0.296876
0.680806 0.24514 0.296876
0.68001 0.24514 0.296876
0.68001 0.24514 0.296876
0.68001 0.24514 0.296876
0.68001 0.24514 0.296876
0.68001 0.24514 0.296876
0.68001 0.245131 0.296876
0.68001 0.245131 0.296876
0.68001 0.245131 0.296876
0.68001 0.245131 0.296876
0.68001 0.245131 0.296876
0.68001 0.245131 0.296876
0.68001 0.245131 0.296876
0.68001 0.245131 0.296876
0.68001 0.245131 0.296876
0.68001 0.245131 0.296876
0.68001 0.245131 0.296876
0.679245 0.245131 0.296876
0.679245 0.245131 0.296876
0.679245 0.245131 0.296876
0.679245 0.245131 0.296876
0.679245 0.245131 0.296876
0.679245 0.245131 0.296876
0.679245 0.245131 0.296876
0.679245 0.245131 0.296876
0.679245 0.245131 0.296876
0.679245 0.245131 0.296876
0.679245 0.245131 0.296876
0.679245 0.245131 0.296876
0.679245 0.245131 0.296876
0.679245 0.245131 0.296876
0.679245 0.245131 0.296876
0.679245 0.245131 0.296876
0.679245 0.245131 0.296876
0.679245 0.245131 0.296876
0.679245 0.245131 0.296876
0.679245 0.245131 0.296876
0.679245 0.245131 0.296876
0.679245 0.245131 0.296876
0.679245 0.245131 0.296876
0.679245 0.245131 0.296876
0.679245 0.245131 0.296876
0.679245 0.245131 0.296876
0.679245 0.245131 0.296876
0.679245 0.245131 0.296876
0.679245 0.245131 0.296876
0.679245 0.245131 0.296876
0.679245 0.245131 0.296876
0.679245 0.245131 0.296876
0.679245 0.245131 0.296876
0.679245 0.245131 0.296876
0.679245 0.245131 0.296876
0.679245 0.245131 0.296876
0.679245 0.245131 0.296876
0.679245 0.245131 0.296876
0.679245 0.245131 0.296876
0.679245 0.245131 0.296876
0.679245 0.245131 0.296876
0.679245 0.245131 0.296876
0.679245 0.245131 0.296876
0.679245 0.245131 0.296876
0.679245 0.245131 0.296876
0.679245 0.245131 0.296876
0.679245 0.245131 0.296876
0.679245 0.245131 0.296876
0.679245 0.245131 0.296876
0.679245 0.245131 0.296876
0.679245 0.245131 0.296876
0.679245 0.245131 0.296876
0.679245 0.245131 0.296876
0.679245 0.245131 0.296876
0.679245 0.245131 0.296876
0.679245 0.245131 0.296876
0.679245 0.245131 0.296876
0.679245 0.245131 0.296876
0.679245 0.245131 0.296876
0.679245 0.245131 0.296876
0.679245 0.245131 0.296876
0.679245 0.245131 0.296876
0.679245 0.245131 0.296876
0.679245 0.245131 0.296876
0.679245 0.245131 0.296876
0.679245 0.245131 0.296876
0.679245 0.245131 0.296876
0.679245 0.245131 0.296876
0.679245 0.245131 0.296876
0.679245 0.245131 0.296876
0.679245 0.245131 0.300111
0.679245 0.245131 0.312462
0.679245 0.245131 0.323524
0.679245 0.245131 0.333229
0.679245 0.245131 0.341695
0.679245 0.245131 0.349016
0.679245 0.245131 0.355112
0.679245 0.245131 0.359834
0.679245 0.245131 0.36313
0.679245 0.245131 0.3651
0.679245 0.245131 0.365895
0.679245 0.245131 0.365623
0.679245 0.245131 0.364628
0.679245 0.245131 0.362955
0.679245 0.245131 0.360702
0.679245 0.245131 0.357961
0.679245 0.245131 0.354831
0.692218 0.245131 0.351406
0.704438 0.247944 0.347776
0.715752 0.252794 0.344035
0.726031 0.256548 0.340273
0.735165 0.259143 0.336571
0.743062 0.260536 0.333002
0.749641 0.260744 0.333002
0.754831 0.260226 0.333002
0.758579 0.259121 0.333002
0.760858 0.257456 0.333002
0.761678 0.255268 0.333002
0.761384 0.25331 0.333002
0.760429 0.25331 0.333002
0.758879 0.25331 0.333002
0.75681 0.25331 0.333002
0.754307 0.25331 0.333002
0.751461 0.25331 0.333002
0.74837 0.25331 0.333002
0.745133 0.25331 0.333002
0.741852 0.25331 0.333002
0.738627 0.25331 0.333002
0.735554 0.25331 0.333002
0.732719 0.25331 0.333002
0.730195 0.25331 0.333002
0.728048 0.25331 0.333002
0.726328 0.25331 0.333002
0.725078 0.25331 0.333002
0.724326 0.25331 0.333002
0.724093 0.25331 0.333002
0.724575 0.25331 0.333002
0.725873 0.25331 0.333002
0.728035 0.25331 0.333002
0.73104 0.25331 0.333002
0.734854 0.25331 0.333002
0.739401 0.25331 0.333002
0.744554 0.25331 0.333002
0.750132 0.25331 0.333002
0.755907 0.25331 0.333002
0.761634 0.25331 0.333002
0.767076 0.25331 0.333002
0.772015 0.25331 0.333002
0.776261 0.25331 0.333002
0.779654 0.25331 0.333002
0.782057 0.25331 0.333002
0.783365 0.25331 0.333002
0.78354 0.25331 0.333002
0.782994 0.25331 0.333002
0.781819 0.25331 0.333002
0.780008 0.25331 0.333002
0.777563 0.25331 0.333002
0.774495 0.25331 0.333002
0.770839 0.25331 0.333002
0.766651 0.25331 0.333002
0.762009 0.25331 0.333002
0.757004 0.25331 0.333002
0.751728 0.25331 0.333002
0.750377 0.25331 0.333002
0.750377 0.25331 0.335896
0.750377 0.25331 0.347179
0.750377 0.25331 0.357833
0.750377 0.25331 0.367646
0.750377 0.25331 0.376417
0.750377 0.25331 0.383965
0.750377 0.25331 0.390131
0.750377 0.25331 0.394782
0.750377 0.25331 0.397813
0.750377 0.25331 0.399155
0.750377 0.25331 0.398994
0.750377 0.25331 0.397935
0.750377 0.25331 0.396025
0.750377 0.25331 0.393295
0.750377 0.25331 0.3898
0.750377 0.25331 0.385722
0.750377 0.25331 0.380855
0.750377 0.25331 0.375421
0.750377 0.25331 0.369426
0.750377 0.25331 0.367846
0.750377 0.25331 0.367846
0.750377 0.25331 0.367846
0.750377 0.25331 0.367846
0.750377 0.25331 0.367846
0.750377 0.25331 0.367846
0.750377 0.25331 0.367846
0.750377 0.25331 0.367846
0.750377 0.25331 0.367846
0.750377 0.25331 0.367846
0.750377 0.25331 0.367846
0.750377 0.25331 0.367846
0.750377 0.25331 0.367846
0.750377 0.25331 0.367846
0.750377 0.25331 0.367846
0.750377 0.25331 0.367846
0.750377 0.25331 0.367846
0.750377 0.25331 0.367846
0.750377 0.25331 0.367846
0.750377 0.25331 0.367846
0.750377 0.25331 0.367846
0.750377 0.25331 0.367846
0.750377 0.25331 0.367846
0.750377 0.25331 0.366578
0.750377 0.25331 0.364781
0.750377 0.25331 0.364781
0.750377 0.25331 0.364781
0.750377 0.25331 0.364781
0.750377 0.25331 0.364781
0.750377 0.25331 0.364781
0.750377 0.25331 0.364781
0.750377 0.25331 0.364511
0.750377 0.25296 0.364511
0.750377 0.25296 0.364511
0.750377 0.25296 0.364511
0.750202 0.252953 0.364511
0.750202 0.252953 0.364511
0.750202 0.252953 0.364511
0.750202 0.252953 0.364511
0.750202 0.252953 0.364511
0.750202 0.252953 0.364511
0.750202 0.252953 0.364511
0.750202 0.252953 0.364511
0.750202 0.252953 0.364511
0.750202 0.252953 0.364511
0.750202 0.252953 0.364511
0.750202 0.252953 0.364511
0.750202 0.252953 0.364511
0.750202 0.252953 0.364511
0.750202 0.252953 0.364511
0.750202 0.252953 0.364511
0.750202 0.252953 0.364511
0.750202 0.252953 0.364511
0.750202 0.252953 0.364511
0.750202 0.252953 0.364511
0.750202 0.252953 0.364511
0.750202 0.252953 0.364511
0.750202 0.252953 0.364511
0.750202 0.252953 0.364511
0.750202 0.252953 0.364511
0.750202 0.252953 0.364511
0.750202 0.252953 0.364511
0.750202 0.252953 0.364511
0.750202 0.252953 0.364511
0.750202 0.252953 0.364511
0.750202 0.252953 0.364511
0.750202 0.252953 0.364511
0.750202 0.252953 0.364511
0.750202 0.252953 0.364511
0.750202 0.252953 0.364511
0.750202 0.252953 0.364511
0.750202 0.252953 0.364511
0.750202 0.252953 0.364511
0.750202 0.252953 0.364511
0.750202 0.252953 0.364511
0.750202 0.252953 0.364511
0.750202 0.252953 0.364511
0.750202 0.252953 0.364511
0.750202 0.252953 0.364511
0.750202 0.252953 0.364511
0.750202 0.252953 0.364511
0.750202 0.252953 0.364511
0.750202 0.252953 0.364511
0.750202 0.252953 0.364511
0.750202 0.252953 0.364511
0.750202 0.252953 0.364511
0.750202 0.252953 0.364511
0.750202 0.252953 0.364511
0.750202 0.252953 0.364511
0.750202 0.252953 0.364511
0.750202 0.252953 0.364511
0.750202 0.252953 0.364511
0.750202 0.252953 0.364511
0.750202 0.252953 0.364511
0.750202 0.252953 0.364511
0.750202 0.252953 0.364511
0.750202 0.252953 0.364511
0.750202 0.252953 0.364511
0.750202 0.252953 0.364511
0.750202 0.252953 0.364511
0.750202 0.252953 0.364511
0.750202 0.252953 0.364511
0.750202 0.252953 0.364511
0.750202 0.252953 0.364511
0.750202 0.252953 0.364511
0.750202 0.252953 0.364511
0.750202 0.252953 0.364511
0.750202 0.252953 0.364511
0.750202 0.252953 0.364511
0.750202 0.252953 0.364511
0.750202 0.252953 0.364511
0.750202 0.252953 0.364511
0.750202 0.252953 0.364511
0.750202 0.252953 0.364511
0.750202 0.252953 0.364511
0.750202 0.252953 0.364511
0.750202 0.252953 0.364511
0.750202 0.252953 0.364511
0.750202 0.252953 0.364511
0.750202 0.252953 0.364511
0.750202 0.252953 0.364511
0.750202 0.252953 0.364511
0.750202 0.252953 0.364511
0.750202 0.252953 0.364511
0.750202 0.252953 0.364511
0.750202 0.252953 0.364511
0.750202 0.252953 0.364511
0.750202 0.252953 0.364511
0.750202 0.252953 0.364511
0.750202 0.252953 0.364511
0.750202 0.252953 0.364511
0.750202 0.252953 0.364511
0.750202 0.252953 0.364511
0.750202 0.252953 0.364511
0.750202 0.252953 0.371364
0.750202 0.252953 0.379558
0.750202 0.252953 0.386726
0.750202 0.252953 0.392848
0.750202 0.252953 0.397824
0.750202 0.252953 0.401572
0.750202 0.252953 0.404098
0.750202 0.252953 0.405482
0.750202 0.252953 0.405792
0.750202 0.252953 0.405275
0.750202 0.252953 0.404117
0.750202 0.252953 0.402352
0.750202 0.252953 0.400039
0.750202 0.252953 0.397222
0.750202 0.252953 0.39394
0.750202 0.252953 0.390247
0.750202 0.252953 0.386204
0.750202 0.252953 0.386204
0.750202 0.252953 0.386204
0.750202 0.252953 0.386204
0.750202 0.252953 0.386204
0.750202 0.252953 0.386204
0.750202 0.252953 0.386204
0.750202 0.252953 0.386204
0.750202 0.252953 0.386204
0.750202 0.252953 0.386204
0.750202 0.252953 0.386204
0.750202 0.252953 0.386204
0.750202 0.252953 0.386204
0.750202 0.252953 0.386204
0.750202 0.252953 0.386204
0.750202 0.252953 0.386204
0.750202 0.252953 0.386204
0.750202 0.252953 0.386204
0.750202 0.252953 0.386204
0.750202 0.252953 0.386204
0.750202 0.252953 0.386204
0.750202 0.252953 0.386204
0.750202 0.252953 0.386204
0.750202 0.252953 0.386204
0.750202 0.252953 0.386204
0.750202 0.252953 0.386204
0.750202 0.252953 0.386204
0.750202 0.252953 0.386204
0.750202 0.252953 0.386204
0.750202 0.252953 0.386204
0.750202 0.252953 0.386204
0.750202 0.252953 0.386204
0.750202 0.252953 0.386204
0.750202 0.252953 0.386204
0.750202 0.252953 0.386204
0.750202 0.252953 0.386204
0.750202 0.252953 0.386204
0.750202 0.252953 0.386204
0.750202 0.252953 0.386204
0.750202 0.252953 0.386204
0.750202 0.252953 0.386204
0.750202 0.252953 0.386204
0.750202 0.252953 0.386204
0.750202 0.252953 0.386204
0.750202 0.252953 0.386204
0.750202 0.252953 0.386204
0.750202 0.252953 0.386204
0.750202 0.252953 0.386204
0.750202 0.252953 0.386204
0.750202 0.252953 0.386204
0.750202 0.252953 0.386204
0.750202 0.252953 0.386204
0.750202 0.252953 0.386204
0.750202 0.252953 0.386204
0.750202 0.252953 0.386204
0.750202 0.252953 0.386204
0.750202 0.252953 0.389611
0.750202 0.252953 0.395892
0.750202 0.252953 0.401389
0.750202 0.252953 0.405989
0.750202 0.252953 0.40957
0.750202 0.252953 0.412031
0.750202 0.252953 0.413292
0.750202 0.252953 0.413341
0.750202 0.252953 0.412544
0.750202 0.252953 0.41096
0.750202 0.252953 0.408586
0.750202 0.252953 0.405425
0.750202 0.252953 0.401485
0.750202 0.252953 0.401485
0.750202 0.252953 0.401485
0.750202 0.252953 0.401485
0.750202 0.252953 0.401485
0.750202 0.252953 0.401485
0.750202 0.252953 0.401485
0.750202 0.252953 0.401485
0.750202 0.252953 0.401485
0.750202 0.252953 0.401485
0.750202 0.252953 0.401485
0.750202 0.252953 0.401485
0.750202 0.252953 0.401485
0.750202 0.252953 0.401485
0.750202 0.252953 0.401485
0.750202 0.252953 0.401485
0.750202 0.252953 0.401485
0.750202 0.252953 0.401485
0.750202 0.252953 0.401485
0.750202 0.252953 0.401485
0.750202 0.252953 0.401485
0.750202 0.252953 0.400551
0.750202 0.252953 0.399631
0.750202 0.252953 0.398792
0.750202 0.252953 0.398792
0.750202 0.252953 0.398792
0.750202 0.252953 0.398792
0.750202 0.252953 0.398792
0.750202 0.252953 0.398792
0.750202 0.252953 0.398792
0.750202 0.252953 0.398792
0.750202 0.252953 0.398792
0.750202 0.252953 0.398792
0.750202 0.252953 0.398792
0.750202 0.252953 0.398792
0.750202 0.252953 0.398792
0.750202 0.252953 0.398792
0.750202 0.252953 0.398792
0.750202 0.252953 0.398792
0.750202 0.252953 0.398787
0.750202 0.252953 0.398787
0.750202 0.252953 0.398787
0.750202 0.252953 0.398787
0.750202 0.252953 0.398787
0.750202 0.252953 0.398787
0.750202 0.252953 0.398787
0.750199 0.252953 0.398787
0.750199 0.252953 0.398787
0.750199 0.252953 0.398787
0.750199 0.252953 0.398787
0.750199 0.252953 0.398787
0.750199 0.252953 0.398787
0.750199 0.252953 0.398787
0.750199 0.252953 0.398787
0.750199 0.252953 0.398787
0.750199 0.252953 0.398787
0.750199 0.252953 0.398787
0.750199 0.252953 0.398787
0.750199 0.252953 0.398787
0.750199 0.252953 0.398787
0.750199 0.252953 0.398787
0.750199 0.252953 0.398787
0.750199 0.252953 0.398787
0.750199 0.252953 0.398787
0.750199 0.252953 0.398787
0.750199 0.252953 0.398787
0.750199 0.252953 0.398787
0.750199 0.252953 0.398787
0.750199 0.252953 0.398787
0.750199 0.252953 0.398787
0.750199 0.252953 0.398787
0.750199 0.252953 0.398787
0.750199 0.252953 0.398787
0.750199 0.252953 0.398787
0.750199 0.252953 0.398787
0.750199 0.252953 0.398787
0.750199 0.252953 0.398787
0.750199 0.252953 0.398787
0.750199 0.252953 0.398787
0.750199 0.252953 0.398787
0.750199 0.252953 0.398787
0.750199 0.252953 0.398787
0.750199 0.252953 0.398787
0.750199 0.252953 0.398787
0.750199 0.252953 0.398787
0.750199 0.252953 0.398787
0.750199 0.252953 0.398787
0.750199 0.252953 0.398787
0.750199 0.252953 0.398787
0.750199 0.252953 0.398787
0.750199 0.252953 0.398787
0.750199 0.252953 0.398787
0.750199 0.252953 0.398787
0.750199 0.252953 0.398787
0.750199 0.252953 0.398787
0.750199 0.252953 0.398787
0.750199 0.252953 0.398787
0.750199 0.252953 0.398787
0.750199 0.252953 0.398787
0.750199 0.252953 0.398787
0.750199 0.252953 0.398787
0.750199 0.252953 0.398787
0.750199 0.252953 0.398787
0.750199 0.252953 0.398787
0.750199 0.252953 0.398787
0.750199 0.252953 0.398787
0.750199 0.252953 0.398787
0.753139 0.252953 0.398787
0.764464 0.252953 0.398787
0.774937 0.252953 0.398787
0.784394 0.252953 0.398787
0.793269 0.252953 0.398787
0.801391 0.252953 0.398787
0.809061 0.252953 0.398787
0.816358 0.252953 0.412924
0.823468 0.252953 0.4318
0.830536 0.263834 0.450324
0.837711 0.277989 0.46814
0.84513 0.291695 0.485159
0.852903 0.304952 0.501426
0.861132 0.317796 0.516904
0.869901 0.330272 0.531387
0.879284 0.342397 0.544627
0.889392 0.354016 0.549269
0.900568 0.363208 0.550029
0.912233 0.372907 0.551531
0.924407 0.382786 0.552791
0.93744 0.392454 0.552983
0.950787 0.402519 0.552662
0.964687 0.412121 0.552501
0.978926 0.421581 0.552925
0.993434 0.430934 0.553689
1.00812 0.44017 0.553828
1.02288 0.449062 0.552785
1.03765 0.457352 0.550986
1.05223 0.465037 0.548791
1.06653 0.472054 0.546269
1.08039 0.478426 0.543249
1.09023 0.484086 0.539682
1.09923 0.489309 0.535673
1.10879 0.494306 0.531405
1.11622 0.49769 0.527206
1.11885 0.49988 0.522981
1.12063 0.499396 0.518851
1.12315 0.498772 0.514682
1.12436 0.499192 0.510087
1.12516 0.497864 0.506026
1.12574 0.496233 0.502179
1.12614 0.495033 0.498268
1.12655 0.493333 0.494561
1.12616 0.491173 0.491114
1.12514 0.488665 0.487975
1.1238 0.485868 0.48523
1.12198 0.482889 0.482778
1.1196 0.479592 0.480638
1.11681 0.476073 0.478773
1.11376 0.47242 0.477951
1.11044 0.468689 0.477951
1.1069 0.464919 0.477951
1.10326 0.461159 0.477951
1.09963 0.457468 0.477951
1.09605 0.453907 0.477951
1.09262 0.450535 0.477951
1.0894 0.447403 0.477951
1.08649 0.444551 0.477951
1.08393 0.442017 0.477951
1.08178 0.439844 0.477951
1.08009 0.438064 0.477951
1.07882 0.436704 0.477951
1.07744 0.435893 0.477951
1.07603 0.435599 0.477951
1.07464 0.435947 0.477951
1.07331 0.437195 0.477951
1.07206 0.439219 0.477951
1.07092 0.441877 0.477951
1.06989 0.445011 0.477951
1.06896 0.448479 0.477951
1.06811 0.452141 0.477951
1.06733 0.455855 0.477951
1.06658 0.459479 0.477951
1.06583 0.462891 0.477951
1.06502 0.465997 0.477951
1.06408 0.468727 0.477951
1.06293 0.471036 0.477951
1.06144 0.472895 0.477951
1.05953 0.474288 0.477951
1.05711 0.475211 0.477951
1.05412 0.475659 0.477951
1.05055 0.475664 0.477951
1.04637 0.475399 0.482271
1.0416 0.47488 0.488274
1.03627 0.474103 0.494467
1.03039 0.473066 0.500744
1.02397 0.471768 0.506995
1.01703 0.470209 0.513104
1.00961 0.468386 0.518955
1.00174 0.466295 0.524434
0.993466 0.46393 0.529428
0.98483 0.461288 0.533826
0.975858 0.458364 0.537524
0.966563 0.455157 0.54042
0.95695 0.451665 0.542423
0.947021 0.447884 0.543453
0.93937 0.443808 0.543509
0.93937 0.439428 0.542951
0.93937 0.434729 0.541821
0.93937 0.429695 0.540104
0.93937 0.424308 0.537792
0.93937 0.418137 0.53492
0.93937 0.410734 0.531703
0.93937 0.403795 0.527636
0.93937 0.398125 0.52302
0.93937 0.398125 0.517722
0.93937 0.398125 0.511754
0.93937 0.398125 0.511754
0.93937 0.398125 0.511754
0.93937 0.398125 0.511754
0.93937 0.398125 0.511754
0.93937 0.398125 0.511754
0.93937 0.398125 0.511754
0.93937 0.398125 0.511754
0.93937 0.398125 0.511754
0.93937 0.398125 0.511754
0.93937 0.398125 0.511754
0.93937 0.398125 0.511754
0.93937 0.398125 0.511754
0.93937 0.398125 0.511754
0.93937 0.398125 0.511754
0.93937 0.398125 0.511754
0.93937 0.398125 0.511754
0.938487 0.398125 0.511754
0.938487 0.398125 0.511754
0.938487 0.398125 0.510523
0.938487 0.398125 0.510523
0.938487 0.398125 0.510523
0.938487 0.398125 0.510523
0.938487 0.396818 0.510523
0.938487 0.396818 0.50963
0.938487 0.396818 0.50963
0.938487 0.396818 0.50963
0.938487 0.396818 0.50963
0.938487 0.396818 0.50963
0.938487 0.396818 0.50963
0.938487 0.396818 0.50963
0.938487 0.396818 0.50963
0.938487 0.396818 0.50963
0.938487 0.396818 0.50963
0.938487 0.396818 0.50963
0.938487 0.396818 0.50963
0.938487 0.396818 0.50963
0.938487 0.396818 0.50963
0.938487 0.396818 0.50963
0.938487 0.396818 0.50963
0.938487 0.396818 0.50963
0.938487 0.396818 0.50963
0.938487 0.396818 0.50963
0.938487 0.396818 0.50963
0.938487 0.396818 0.50963
0.938487 0.396818 0.50963
0.938487 0.396818 0.50963
0.938487 0.396818 0.50963
0.938487 0.396818 0.50963
0.938487 0.396818 0.50963
0.938487 0.396818 0.50963
0.938487 0.396818 0.50963
0.938487 0.396818 0.50963
0.938487 0.396818 0.50963
0.938487 0.396818 0.50963
0.93844 0.396818 0.50963
0.93844 0.396818 0.50963
0.93844 0.396818 0.50963
0.93844 0.396818 0.50963
0.93844 0.396818 0.50963
0.938439 0.396818 0.50963
0.938439 0.396818 0.50963
0.938439 0.396818 0.50963
0.938439 0.396818 0.50963
0.938439 0.396818 0.50963
0.938439 0.396818 0.50963
0.938439 0.396818 0.50963
0.938439 0.396818 0.50963
0.938439 0.396818 0.50963
0.938439 0.396818 0.50963
0.938439 0.396818 0.50963
0.938439 0.396818 0.50963
0.938439 0.396818 0.50963
0.938439 0.396818 0.50963
0.938439 0.396818 0.50963
0.938439 0.396818 0.50963
0.938439 0.396818 0.50963
0.938439 0.396818 0.50963
0.938439 0.396818 0.50963
0.938439 0.396818 0.50963
0.938439 0.396818 0.50963
0.938439 0.396818 0.50963
0.938439 0.396818 0.50963
0.938439 0.396818 0.50963
0.938439 0.396818 0.50963
0.938439 0.396818 0.50963
0.938439 0.396818 0.50963
0.938439 0.396818 0.50963
0.938439 0.396818 0.50963
0.938439 0.396818 0.50963
0.938439 0.396818 0.50963
0.938439 0.396818 0.50963
0.938439 0.396818 0.50963
0.938439 0.396818 0.50963
0.938439 0.396816 0.50963
0.938439 0.396816 0.50963
0.938439 0.396816 0.50963
0.938439 0.396816 0.50963
0.938439 0.396816 0.50963
0.938439 0.396816 0.50963
0.938439 0.396816 0.50963
0.938439 0.396816 0.50963
0.938439 0.396813 0.50963
0.938439 0.396813 0.50963
0.938439 0.396813 0.50963
0.938439 0.396813 0.50963
0.938439 0.396808 0.50963
0.938439 0.396808 0.50963
0.938439 0.396808 0.50963
0.938439 0.396808 0.50963
0.938439 0.396808 0.50963
0.938439 0.396808 0.50963
0.938439 0.396808 0.50963
0.938439 0.396808 0.50963
0.938439 0.396808 0.50963
0.938439 0.396808 0.50963
0.938439 0.396808 0.50963
0.938439 0.396808 0.50963
0.938439 0.396808 0.50963
0.938439 0.396808 0.50963
0.938439 0.396808 0.50963
0.938439 0.396808 0.50963
0.938439 0.396808 0.50963
0.938439 0.396808 0.50963
0.938439 0.396808 0.50963
0.938439 0.396808 0.50963
0.938439 0.396808 0.50963
0.938439 0.396808 0.509629
0.938439 0.396808 0.509629
0.938439 0.396808 0.509629
0.938439 0.396808 0.509629
0.938439 0.396808 0.509629
0.938439 0.396808 0.509629
0.938439 0.396808 0.509629
0.938439 0.396808 0.509629
0.938439 0.396808 0.509629
0.938439 0.396808 0.509629
0.938439 0.396808 0.509629
0.938439 0.396808 0.509629
0.938439 0.396808 0.509629
0.938439 0.396808 0.509629
0.938439 0.396808 0.509629
0.938439 0.396808 0.509629
0.938439 0.396808 0.509629
0.938439 0.396808 0.509629
0.938439 0.396808 0.509629
0.938439 0.396808 0.509629
0.938439 0.396808 0.509629
0.938439 0.396808 0.509629
0.938439 0.396808 0.509629
0.938439 0.396808 0.509629
0.938439 0.396808 0.509629
0.938439 0.396808 0.509629
0.938439 0.396808 0.509629
0.938439 0.396808 0.509629
0.938439 0.396808 0.509629
0.938439 0.396808 0.509629
0.938439 0.396808 0.509629
0.938439 0.396808 0.509629
0.938439 0.396808 0.509629
0.938439 0.396808 0.509629
0.938439 0.396808 0.509629
0.938439 0.396808 0.509629
0.938439 0.396808 0.509629
0.938439 0.396808 0.509629
0.938439 0.396808 0.509629
0.938439 0.396808 0.509629
0.938439 0.396808 0.509629
0.938439 0.396808 0.509629
0.938439 0.396808 0.509629
0.938439 0.396808 0.509629
0.938439 0.396808 0.509629
0.938439 0.396808 0.509629
0.938439 0.396808 0.509629
0.938439 0.396808 0.509629
0.938439 0.396808 0.513862
0.938439 0.396808 0.518153
0.938439 0.396808 0.522143
0.938439 0.396808 0.525853
0.938439 0.396808 0.529273
0.938439 0.396808 0.53233
0.938439 0.396808 0.535068
0.938439 0.396808 0.537428
0.938439 0.396808 0.53935
0.938439 0.396808 0.54083
0.938439 0.396808 0.541849
0.938439 0.396808 0.542396
0.938439 0.396808 0.542389
0.938439 0.396808 0.541498
0.938439 0.396808 0.53979
0.938439 0.396808 0.53735
0.938439 0.396808 0.534251
0.938439 0.396808 0.530284
0.938439 0.396808 0.526845
0.938439 0.396808 0.526845
0.938439 0.396808 0.526845
0.938439 0.396808 0.526845
0.938439 0.396808 0.526845
0.938439 0.396808 0.526845
0.938439 0.396808 0.526845
0.938439 0.396808 0.526845
0.938439 0.396808 0.526845
0.938439 0.396808 0.526845
0.938439 0.396808 0.526845
0.938439 0.396808 0.526845
0.941453 0.396808 0.526845
0.947192 0.396808 0.526845
0.952509 0.396808 0.526845
0.957847 0.396808 0.526845
0.962765 0.396808 0.526845
0.967454 0.396808 0.526845
0.97187 0.396808 0.526845
0.975981 0.396808 0.526845
0.979838 0.396808 0.526845
0.983426 0.396808 0.526845
0.986737 0.396808 0.526845
0.98979 0.396808 0.526845
0.992592 0.396808 0.526845
0.99506 0.396808 0.526845
0.997268 0.396808 0.526845
0.999318 0.396808 0.526845
1.00192 0.396808 0.526845
1.0046 0.396808 0.526845
1.00648 0.396808 0.526845
1.00831 0.396808 0.526845
1.01058 0.396808 0.526845
1.01295 0.396808 0.526845
1.01541 0.396808 0.526845
1.01824 0.396808 0.526845
1.02113 0.396808 0.526845
1.02413 0.396808 0.526845
1.02743 0.396808 0.526845
1.03084 0.396808 0.526845
1.03476 0.396808 0.526845
1.03887 0.396808 0.526845
1.04328 0.400516 0.526845
1.04788 0.40786 0.526845
1.05286 0.415774 0.526845
1.05795 0.423973 0.526845
1.06338 0.432263 0.526845
1.06901 0.440872 0.526845
1.07446 0.449902 0.526845
1.07965 0.459215 0.526845
1.08458 0.467418 0.526845
1.09096 0.47691 0.526845
1.09895 0.489263 0.526845
1.10527 0.502002 0.530085
1.111 0.511845 0.536497
1.11727 0.520949 0.542723
1.12346 0.531205 0.5492
1.12888 0.541939 0.556176
1.13375 0.552148 0.563127
1.13844 0.56115 0.569908
1.14272 0.569403 0.576781
1.14634 0.577679 0.583866
1.14951 0.585768 0.591098
1.15236 0.593063 0.598289
1.15479 0.599283 0.605384
1.15677 0.604625 0.61249
1.15824 0.609361 0.619604
1.15939 0.613402 0.626623
1.16021 0.616506 0.633419
1.16075 0.618712 0.639909
1.16054 0.62034 0.646047
1.15823 0.622746 0.651497
1.15683 0.623405 0.656533
1.15482 0.623239 0.661196
1.15281 0.622958 0.664903
1.15108 0.622345 0.668007
1.14934 0.621517 0.670319
1.14765 0.620416 0.671917
1.14622 0.619169 0.67269
1.14509 0.617815 0.672433
1.14423 0.616241 0.671134
1.14368 0.614453 0.668846
1.14349 0.612496 0.665633
1.14382 0.610385 0.661484
1.14478 0.608138 0.656389
1.14626 0.605752 0.650403
1.14791 0.603261 0.643624
1.14953 0.60066 0.636168
1.15082 0.597958 0.628128
1.15157 0.595152 0.619578
1.15163 0.592222 0.610617
1.1512 0.589131 0.601376
1.15026 0.585841 0.601376
1.14877 0.58232 0.601376
1.14672 0.578508 0.601376
1.14408 0.574368 0.601376
1.14088 0.569857 0.601376
1.13716 0.564942 0.601376
1.13295 0.559594 0.601376
1.12827 0.554062 0.601376
1.12309 0.548883 0.601376
1.11782 0.542636 0.601376
1.11222 0.536284 0.601376
1.10654 0.52928 0.601376
1.10079 0.521989 0.601376
1.09505 0.514594 0.601376
1.08941 0.510859 0.601376
1.08394 0.510859 0.601376
1.07879 0.510859 0.601376
1.07419 0.510859 0.601376
1.07007 0.510859 0.601376
1.06636 0.510859 0.601376
1.06343 0.510859 0.601376
1.0615 0.510859 0.601376
1.06034 0.510859 0.601376
1.05972 0.510859 0.601376
1.05977 0.510859 0.601376
1.061 0.510859 0.601376
1.06342 0.510859 0.601376
1.06695 0.510859 0.601376
1.0717 0.510859 0.601376
1.07752 0.510859 0.601376
1.08431 0.510859 0.601376
1.09201 0.510859 0.601376
1.1006 0.510859 0.601376
1.11 0.510859 0.601376
1.1201 0.510859 0.601376
1.13082 0.510859 0.601376
1.14205 0.510859 0.601376
1.1545 0.510859 0.601376
1.16817 0.510859 0.601376
1.18117 0.510859 0.601376
2.54119 0.514891 0.601376
2.54119 0.514891 0.601376
2.54119 0.514891 0.601376
2.54119 0.514891 0.601376
2.54119 0.514891 0.601376
2.54119 0.520794 0.601376
2.54119 0.530865 0.601376
2.54119 0.547593 0.601376
2.54119 0.561862 0.601376
2.54119 0.574352 0.601376
2.54119 0.590787 0.601376
2.54119 0.599215 0.601376
2.54119 0.613643 0.601376
2.54119 0.626838 0.601376
2.54119 0.636586 0.601376
2.54119 0.646275 0.601376
2.54119 0.655868 0.601376
2.54119 0.66559 0.604207
2.54119 0.674775 0.615442
2.54119 0.68252 0.626853
2.54119 0.689979 0.638243
2.54119 0.696426 0.649614
2.54119 0.701767 0.660685
2.54119 0.705927 0.671338
2.54119 0.709268 0.68145
2.54119 0.711614 0.691091
2.54119 0.713164 0.70006
2.54119 0.714301 0.708095
2.54119 0.715231 0.715041
2.54119 0.715087 0.721036
2.54119 0.714487 0.726043
2.54119 0.713494 0.729857
2.54119 0.711987 0.732536
2.54119 0.710207 0.733861
2.54119 0.707981 0.73388
2.54119 0.705232 0.732917
2.54119 0.70206 0.73098
2.54119 0.698478 0.728086
2.54119 0.694661 0.724187
2.54119 0.690389 0.719333
2.54119 0.685919 0.713514
2.54119 0.681185 0.706787
2.54119 0.676302 0.69921
2.54119 0.671396 0.690805
2.54119 0.666475 0.681652
2.54119 0.661593 0.671833
2.54119 0.656813 0.669283
2.54119 0.65209 0.669283
2.54119 0.647375 0.669283
2.54119 0.64237 0.669283
2.54119 0.637518 0.669283
2.54119 0.633183 0.669283
2.54119 0.630159 0.669283
2.54119 0.627839 0.669283
2.54119 0.625114 0.669283
2.54119 0.622949 0.669283
2.54119 0.620832 0.669283
2.54119 0.619009 0.669283
2.54119 0.617546 0.669283
2.54119 0.616591 0.669283
2.54119 0.616591 0.669283
2.54119 0.616591 0.669283
2.54119 0.616591 0.669283
2.54119 0.616591 0.669283
2.54119 0.616591 0.669283
2.54119 0.616591 0.669283
2.54119 0.616591 0.669283
2.54119 0.616591 0.669283
2.54119 0.616591 0.669283
2.54119 0.616591 0.669283
2.54119 0.616591 0.669283
2.54119 0.616591 0.669283
2.54119 0.616591 0.669283
2.54119 0.61762 0.669283
2.54119 0.622254 0.669283
2.54119 0.627759 0.669283
2.54119 0.63396 0.669283
2.54119 0.63994 0.669283
2.54119 0.646598 0.669283
2.54119 0.653833 0.669283
2.54119 0.661762 0.669283
2.54119 0.670563 0.669283
2.54119 0.680045 0.669283
2.54119 0.690162 0.669283
2.54119 0.70095 0.669283
2.54119 0.712379 0.669283
2.54119 0.724433 0.669283
2.54119 0.736933 0.680466
2.54119 0.749728 0.691389
2.54119 0.762727 0.702192
2.54119 0.775818 0.712813
2.54119 0.788722 0.723061
2.54119 0.801031 0.73289
2.54119 0.813033 0.742162
2.54119 0.823841 0.751157
2.54119 0.830723 0.759831
2.54119 0.838476 0.767001
2.54119 0.843842 0.774239
2.54119 0.848444 0.781228
2.54119 0.853168 0.787042
2.54119 0.856257 0.792821
2.54119 0.858329 0.798097
2.54119 0.860322 0.802526
2.54119 0.860904 0.806405
2.54119 0.860822 0.809499
2.54119 0.860073 0.811702
2.54119 0.858738 0.813157
2.54119 0.857073 0.813614
2.54119 0.855062 0.813091
2.54119 0.85235 0.811857
2.54119 0.849199 0.809828
2.54119 0.845524 0.807042
2.54119 0.841405 0.80346
2.54119 0.836917 0.799051
2.54119 0.832069 0.793859
2.54119 0.827027 0.787891
2.54119 0.821568 0.781266
2.54119 0.816046 0.773917
2.54119 0.810315 0.765942
2.54119 0.804517 0.757371
2.54119 0.798659 0.748284
2.54119 0.792905 0.74357
2.54119 0.787267 0.74357
2.54119 0.781733 0.74357
2.54119 0.776481 0.74357
2.54119 0.771306 0.74357
2.54119 0.766309 0.74357
2.54119 0.761792 0.74357
2.54119 0.758918 0.74357
2.54119 0.756173 0.74357
2.54119 0.753521 0.74357
2.54119 0.751429 0.74357
2.54119 0.749394 0.74357
2.54119 0.747916 0.74357
2.54119 0.746835 0.74357
2.54119 0.745997 0.74357
2.54119 0.745412 0.74357
2.54119 0.745021 0.74357
2.54119 0.744863 0.74357
2.54119 0.744719 0.74357
2.54119 0.744721 0.74357
2.54119 0.745019 0.74357
2.54119 0.745776 0.74357
2.54119 0.747083 0.74357
2.54119 0.74924 0.74357
2.54119 0.752146 0.74357
2.54119 0.755449 0.74357
2.54119 0.759251 0.74357
2.54119 0.763449 0.74357
2.54119 0.768036 0.74357
2.54119 0.773032 0.74357
2.54119 0.777895 0.74357
2.54119 0.782644 0.74357
2.54119 0.787947 0.74357
2.54119 0.793577 0.74357
2.54119 0.799993 0.74357
2.54119 0.806848 0.74357
2.54119 0.813904 0.74357
2.54119 0.821066 0.74357
2.54119 0.828367 0.74357
2.54119 0.835893 0.746695
2.54119 0.843607 0.758886
2.54119 0.851473 0.770637
2.54119 0.859485 0.78203
2.54119 0.867668 0.79301
2.54119 0.876001 0.803375
2.54119 0.884396 0.812943
2.54119 0.892738 0.821672
2.54119 0.900955 0.829596
2.54119 0.908926 0.836745
2.54119 0.91643 0.843115
2.54119 0.923595 0.848541
2.54119 0.930331 0.853032
2.54119 0.936511 0.856576
2.54119 0.942043 0.859264
2.54119 0.946723 0.861115
2.54119 0.950653 0.86211
2.54119 0.953794 0.862188
2.54119 0.955985 0.861574
2.54119 0.957234 0.860357
2.54119 0.957531 0.85859
2.54119 0.957105 0.856304
2.54119 0.956112 0.853527
2.54119 0.954844 0.850189
2.54119 0.953011 0.846431
2.54119 0.950694 0.842299
2.54119 0.947889 0.837825
2.54119 0.944683 0.833034
2.54119 0.940965 0.827973
2.54119 0.936849 0.822679
2.54119 0.932657 0.817118
2.54119 0.928314 0.811351
2.54119 0.923448 0.805542
2.54119 0.918309 0.80408
2.54119 0.912877 0.80408
2.54119 0.907241 0.80408
2.54119 0.901477 0.80408
2.54119 0.895634 0.80408
2.54119 0.889685 0.80408
2.54119 0.883657 0.80408
2.54119 0.877718 0.80408
2.54119 0.87175 0.80408
2.54119 0.865847 0.80408
2.54119 0.860057 0.80408
2.54119 0.85457 0.80408
2.54119 0.849637 0.80408
2.54119 0.846958 0.80408
2.54119 0.846958 0.80408
2.54119 0.846958 0.80408
2.54119 0.846958 0.80408
2.54119 0.846958 0.80408
2.54119 0.846958 0.80408
2.54119 0.846958 0.80408
2.54119 0.846958 0.80408
2.54119 0.846958 0.80408
2.54119 0.846958 0.80408
2.54119 0.846958 0.80408
2.54119 0.846958 0.80408
2.54119 0.846958 0.80408
2.54119 0.846958 0.80408
2.54119 0.846958 0.80408
2.54119 0.846958 0.80408
2.54119 0.846958 0.80408
2.54119 0.846958 0.80408
2.54119 0.846958 0.80408
2.54119 0.846958 0.80408
2.54119 0.846958 0.80408
2.54119 0.846958 0.80408
2.54119 0.846958 0.80408
2.54119 0.846958 0.80408
2.54119 0.846958 0.80408
2.54119 0.846958 0.80408
2.54119 0.846958 0.80408
2.54119 0.846958 0.80408
2.54119 0.846958 0.80408
2.54119 0.846958 0.80408
2.54119 0.846958 0.80408
2.54119 0.846958 0.80408
2.54119 0.846958 0.80408
2.54119 0.846958 0.80408
2.54119 0.846958 0.80408
2.54119 0.846958 0.80408
2.54119 0.846958 0.80408
2.54119 0.846958 0.80408
2.54119 0.846958 0.80408
2.54119 0.846958 0.80408
2.54119 0.846958 0.80408
2.54119 0.846958 0.80408
2.54119 0.846958 0.80408
2.54119 0.846958 0.80408
2.54119 0.846958 0.80408
2.54119 0.846958 0.80408
2.54119 0.846958 0.80408
2.54119 0.846958 0.80408
2.54119 0.846958 0.80408
2.54119 0.846958 0.80408
2.54119 0.846958 0.80408
2.54119 0.846958 0.80408
2.54119 0.846958 0.80408
2.54119 0.846958 0.80408
2.54119 0.842874 0.80408
2.54119 0.841528 0.80408
2.54119 0.841528 0.80408
2.54119 0.841528 0.80408
2.54119 0.841528 0.80408
2.54119 0.841528 0.80408
2.54119 0.841528 0.80408
2.54119 0.841528 0.80408
2.54119 0.841528 0.80408
2.54119 0.841528 0.80408
2.54119 0.841528 0.80408
2.54119 0.841528 0.80408
2.54119 0.841528 0.80408
2.54119 0.841528 0.800119
2.54119 0.841528 0.797162
2.54119 0.841528 0.797162
2.54119 0.841528 0.797162
2.54119 0.841528 0.797162
2.54119 0.841528 0.797162
2.54119 0.841528 0.797162
2.54119 0.841528 0.797162
2.54119 0.841528 0.797162
2.54119 0.841528 0.797162
2.54119 0.841528 0.797162
2.54119 0.841528 0.797162
2.54119 0.841273 0.797162
2.54119 0.841114 0.797162
2.54119 0.841114 0.797162
2.54119 0.840999 0.797162
2.54119 0.840986 0.797162
2.54119 0.840986 0.796848
2.54119 0.840986 0.796848
2.54119 0.840986 0.796848
2.54119 0.840986 0.796848
2.54119 0.840986 0.796848
2.54119 0.840986 0.796848
2.54119 0.840986 0.796848
2.54119 0.840986 0.796848
2.54119 0.840986 0.796848
2.54119 0.840986 0.796848
2.54119 0.840986 0.796848
2.54119 0.840986 0.796848
2.54119 0.840986 0.796848
2.54119 0.840986 0.796848
2.54119 0.840986 0.796848
2.54119 0.840986 0.796848
2.54119 0.840986 0.796848
2.54119 0.840986 0.796848
2.54119 0.840986 0.796848
2.54119 0.840986 0.796848
2.54119 0.840986 0.796848
2.54119 0.840986 0.796848
2.54119 0.840986 0.796848
2.54119 0.840986 0.796848
2.54119 0.840986 0.796848
2.54119 0.840986 0.796848
2.54119 0.840986 0.796848
2.54119 0.840986 0.796848
2.54119 0.840986 0.796848
2.54119 0.840986 0.796848
2.54119 0.840986 0.796848
2.54119 0.840986 0.796848
2.54119 0.840986 0.796848
2.54119 0.840986 0.796848
2.54119 0.840986 0.796848
2.54119 0.840986 0.796848
2.54119 0.840986 0.796848
2.54119 0.840986 0.796848
2.54119 0.840986 0.796848
2.54119 0.840986 0.796848
2.54119 0.840986 0.796848
2.54119 0.840986 0.796848
2.54119 0.840986 0.796848
2.54119 0.840986 0.796848
2.54119 0.840986 0.796848
2.54119 0.840986 0.796848
2.54119 0.840986 0.796848
2.54119 0.840986 0.796848
2.54119 0.840986 0.796848
2.54119 0.840986 0.796848
2.54119 0.840986 0.796848
2.54119 0.840986 0.796848
2.54119 0.840986 0.796848
2.54119 0.840986 0.796848
2.54119 0.840986 0.796848
2.54119 0.840986 0.796848
2.54119 0.840986 0.796848
2.54119 0.840986 0.796848
2.54119 0.840986 0.796848
2.54119 0.840986 0.796848
2.54119 0.840986 0.796848
2.54119 0.840986 0.796848
