0 0 0
0 0 0
0 0 0
0 0 0
0 0 0
0 0 0
0 0 0
0 0 0
0 0 0
0 0 0
0 0 0
0 0 0
0 0 0
0 0 0
0 0 0
0 0 0
0 0 0
0 0 0
0 0 0
0 0 0
0 0 0
0 0 0
0 0 0
0 0 0
0 0 0
0 0 0
0 0 0
0 0 0
0 0 0
0 0 0
0 0 0
0 0 0
0 0 0
0 0 0
0 0 0
0 0 0
0 0 0
0 0 0
0 0 0
0 0 0
0 0 0
0 0 0
0 0 0
0 0 0
0 0 0
0 0 0
0 0 0
0 0 0
0 0 0
0 0 0
0 0 0
0 0 0
0 0 0
0 0 0
0 0 0
0 0 0
0 0 0
0 0 0
0 0 0
0 0 0
0 0 0
0 0 0
0 0 0
0 0 0
0 0 0
0 0 0
0 0 0
0 0 0
0 0 0
0 0 0
0 0 0
0 0 0
0 0 0
0 0 0
0 0 0
0 0 0
0 0 0
0 0 0
0 0 0
0 0 0
0 0 0
0 0 0
0 0 0
0 0 0
0 0 0
0 0 0
0 0 0
0 0 0
0 0 0
0 0 0
0 0 0
0.0150902 0 0
0.0471685 0 0
0.0807143 0 0
0.114913 0 0
0.149064 0 0
0.182465 0 0.00452531
0.214508 0 0.0125273
0.245279 0.0324074 0.0192654
0.2905 0.0821993 0.0275076
0.33415 0.132236 0.034167
0.376384 0.180993 0.0401304
0.416774 0.227116 0.0462314
0.454288 0.269468 0.0532109
0.488132 0.307044 0.0616957
0.516615 0.339246 0.0721481
0.537972 0.365689 0.08484
0.550238 0.38621 0.0998585
0.553911 0.400208 0.117176
0.552728 0.406808 0.136608
0.548947 0.406581 0.157676
0.54296 0.402413 0.179714
0.534935 0.394866 0.201816
0.524691 0.384452 0.222917
0.511733 0.371849 0.241861
0.495804 0.357691 0.257505
0.476559 0.342582 0.268756
0.453966 0.326958 0.274706
0.428395 0.311027 0.275019
0.400266 0.294838 0.271752
0.370079 0.278285 0.265126
0.338991 0.261002 0.255157
0.308232 0.242541 0.241948
0.288002 0.222741 0.225644
0.288002 0.215863 0.206443
0.288002 0.215863 0.184619
0.288002 0.215863 0.160479
0.288002 0.215863 0.143282
0.288002 0.215863 0.143282
0.288002 0.215863 0.143282
0.288002 0.215863 0.143282
0.288002 0.215863 0.143282
0.288002 0.215863 0.143282
0.288002 0.215863 0.143282
0.288002 0.215863 0.143282
0.288002 0.215863 0.143282
0.288002 0.215863 0.143282
0.288002 0.215863 0.143282
0.277132 0.215863 0.143282
0.277132 0.215863 0.143282
0.277132 0.215863 0.143282
0.277132 0.215863 0.143282
0.277132 0.203677 0.143282
0.277119 0.203677 0.143282
0.277119 0.203677 0.141814
0.277119 0.203677 0.139811
0.27696 0.203677 0.139244
0.27696 0.203677 0.137993
0.27696 0.203677 0.137993
0.27696 0.203677 0.137922
0.27696 0.203677 0.137722
0.27696 0.203677 0.137722
0.27696 0.203677 0.137722
0.27696 0.203677 0.137722
0.27696 0.203677 0.137706
0.27696 0.203677 0.137706
0.27696 0.203677 0.137694
0.27696 0.203677 0.137694
0.27696 0.203677 0.137694
0.27696 0.203677 0.137694
0.27696 0.203677 0.137694
0.27696 0.203677 0.137694
0.27696 0.203677 0.137694
0.27696 0.203677 0.137694
0.27696 0.203677 0.137694
0.27696 0.203677 0.137694
0.27696 0.203677 0.137694
0.27696 0.203677 0.137694
0.27696 0.203677 0.137694
0.27696 0.203677 0.137694
0.27696 0.203677 0.137694
0.27696 0.203677 0.137694
0.27696 0.203677 0.137694
0.27696 0.203677 0.137694
0.27696 0.203677 0.137694
0.27696 0.203677 0.137694
0.27696 0.203677 0.137694
0.27696 0.203677 0.137694
0.27696 0.203677 0.137694
0.27696 0.203677 0.137694
0.27696 0.203677 0.153162
0.27696 0.203677 0.167026
0.27696 0.203677 0.17948
0.27696 0.203677 0.191097
0.27696 0.203677 0.202402
0.27696 0.203677 0.2131
0.27696 0.203677 0.223205
0.27696 0.203677 0.232545
0.27696 0.203677 0.241377
0.27696 0.203677 0.24976
0.27696 0.203677 0.25791
0.27696 0.203677 0.265752
0.27696 0.203677 0.273172
0.27696 0.203677 0.280116
0.27696 0.207941 0.286583
0.27696 0.213863 0.292639
0.27696 0.216352 0.298255
0.27696 0.215923 0.303309
0.27696 0.213871 0.307678
0.27696 0.212243 0.311288
0.27696 0.212243 0.314076
0.27696 0.212243 0.315944
0.27696 0.212243 0.316742
0.279278 0.212243 0.316274
0.28303 0.212243 0.314711
0.285542 0.212243 0.311908
0.287001 0.212243 0.307825
0.287977 0.212243 0.302451
0.288718 0.212243 0.295777
0.289505 0.212243 0.287806
0.290671 0.212243 0.278554
0.292356 0.212243 0.268064
0.294698 0.212243 0.256419
0.297558 0.212243 0.243735
0.301154 0.212243 0.237048
0.30575 0.212243 0.237048
0.311534 0.212243 0.237048
0.318545 0.212243 0.237048
0.326403 0.212243 0.237048
0.334737 0.212243 0.237048
0.343324 0.212243 0.237048
0.351799 0.212243 0.237048
0.359792 0.212243 0.237048
0.366965 0.212243 0.237048
0.373008 0.212243 0.237048
0.377807 0.212243 0.237048
0.381653 0.212243 0.237048
0.385214 0.212243 0.237048
0.388822 0.212243 0.237048
0.392997 0.212243 0.237048
0.398468 0.212243 0.237048
0.404893 0.212243 0.237048
0.412002 0.212243 0.237048
0.419378 0.212243 0.237048
0.426815 0.212243 0.237048
0.434093 0.212243 0.237048
0.440722 0.212243 0.237048
0.446411 0.212243 0.237048
0.450951 0.212243 0.237048
0.454266 0.212243 0.237048
0.456622 0.212243 0.237048
0.458041 0.212243 0.237048
0.458315 0.212243 0.237048
0.457743 0.212243 0.237048
0.456338 0.212243 0.237048
0.4542 0.212243 0.237048
0.451509 0.212243 0.237048
0.448307 0.212243 0.237048
0.444569 0.212243 0.237048
0.440159 0.212243 0.237048
0.434862 0.212243 0.237048
0.428436 0.212243 0.237048
0.420545 0.212243 0.237048
0.411066 0.212243 0.259507
0.400069 0.212243 0.281396
0.387723 0.212243 0.302715
0.37445 0.212243 0.323495
0.37445 0.218432 0.343699
0.37445 0.22844 0.363207
0.37445 0.2349 0.381876
0.37445 0.237382 0.399593
0.37445 0.2365 0.41625
0.37445 0.233434 0.431697
0.37445 0.228193 0.445721
0.37445 0.228193 0.458063
0.37445 0.228193 0.468458
0.37445 0.228193 0.476651
0.37445 0.228193 0.482389
0.37445 0.228193 0.485399
0.37445 0.228193 0.485457
0.37445 0.228193 0.483222
0.37445 0.228193 0.478674
0.37445 0.228193 0.471695
0.37445 0.228193 0.46221
0.37445 0.228193 0.450193
0.37445 0.228193 0.435654
0.37445 0.228193 0.418642
0.37445 0.228193 0.399251
0.37445 0.228193 0.377627
0.37445 0.228193 0.366058
0.37445 0.228193 0.366058
0.37445 0.228193 0.366058
0.37445 0.228193 0.366058
0.37445 0.228193 0.366058
0.37445 0.228193 0.366058
0.37445 0.228193 0.366058
0.37445 0.228193 0.366058
0.37445 0.228193 0.366058
0.37445 0.228193 0.366058
0.37445 0.228193 0.366058
0.37445 0.228193 0.366058
0.37445 0.228193 0.366058
0.37445 0.228193 0.354297
0.37445 0.228193 0.354297
0.37445 0.228193 0.354297
0.37445 0.228193 0.354297
0.37445 0.228193 0.352041
0.37445 0.228193 0.352041
0.37445 0.228193 0.351947
0.37445 0.228193 0.351947
0.37445 0.228193 0.351947
0.37445 0.228193 0.351947
0.37445 0.228193 0.351947
0.37445 0.228193 0.351947
0.37445 0.228193 0.351947
0.37445 0.228193 0.351947
0.37445 0.228193 0.351947
0.37445 0.228193 0.351947
0.37445 0.228193 0.351947
0.37445 0.228193 0.351947
0.37445 0.228193 0.351947
0.37445 0.228193 0.351947
0.37445 0.228193 0.351947
0.37445 0.228193 0.351947
0.37445 0.228193 0.351947
0.37445 0.228193 0.351947
0.37445 0.228193 0.351947
0.37445 0.228193 0.351947
0.37445 0.228193 0.373307
0.37445 0.228193 0.391614
0.37445 0.228193 0.406655
0.37445 0.228193 0.417972
0.37445 0.228193 0.42533
0.37445 0.228193 0.428897
0.37445 0.228193 0.429223
0.37445 0.228193 0.427214
0.37445 0.228193 0.423213
0.37445 0.228193 0.417361
0.37445 0.228193 0.409847
0.37445 0.228193 0.40105
0.37445 0.228193 0.391246
0.37445 0.228193 0.391246
0.37445 0.228193 0.391246
0.37445 0.228193 0.391246
0.37445 0.228193 0.391246
0.37445 0.228193 0.391246
0.37445 0.228193 0.391246
0.37445 0.228193 0.391246
0.37445 0.228193 0.391246
0.37445 0.228193 0.391246
0.37445 0.228193 0.391246
0.37445 0.228193 0.391246
0.37445 0.228193 0.391246
0.37445 0.228193 0.391246
0.37445 0.228193 0.391246
0.37445 0.228193 0.391246
0.37445 0.228193 0.391246
0.37445 0.228193 0.391246
0.37445 0.228193 0.391246
0.37445 0.228193 0.391246
0.37445 0.228193 0.391246
0.37445 0.228193 0.391246
0.37445 0.228193 0.391246
0.37445 0.228193 0.391246
0.37445 0.228193 0.391246
0.37445 0.225318 0.391246
0.37445 0.222975 0.391246
0.37445 0.222975 0.391246
0.37445 0.222744 0.391246
0.37445 0.222744 0.391246
0.37445 0.222744 0.391246
0.37445 0.222744 0.391246
0.37445 0.222744 0.391246
0.37445 0.222744 0.391246
0.37445 0.222744 0.391246
0.37445 0.222744 0.391246
0.37445 0.222744 0.391246
0.37445 0.222744 0.391246
0.37445 0.222744 0.391246
0.37445 0.222744 0.391246
0.37445 0.222744 0.391246
0.37445 0.222744 0.391246
0.37445 0.222744 0.391246
0.37445 0.222744 0.391246
0.37445 0.222744 0.391246
0.369673 0.222744 0.391246
0.369673 0.222744 0.391246
0.369673 0.222744 0.391246
0.369673 0.222744 0.391246
0.369673 0.222744 0.391246
0.369673 0.222744 0.391246
0.369673 0.222744 0.391246
0.369673 0.222744 0.391246
0.369673 0.222744 0.391246
0.369673 0.222744 0.391246
0.369673 0.222744 0.391246
0.369673 0.222744 0.391246
0.369673 0.222744 0.391246
0.369673 0.222744 0.391246
0.369673 0.222744 0.391246
0.367791 0.222744 0.391246
0.367791 0.222744 0.391246
0.367656 0.222744 0.391246
0.367656 0.222666 0.391246
0.367656 0.222666 0.391246
0.367656 0.222666 0.391246
0.367656 0.222666 0.391246
0.367656 0.222666 0.391246
0.367656 0.222666 0.391246
0.367656 0.222666 0.391246
0.367656 0.222666 0.391246
0.367656 0.222666 0.391246
0.367656 0.222666 0.391246
0.367656 0.222666 0.391246
0.367656 0.222666 0.391246
0.367656 0.222666 0.391246
0.367656 0.222666 0.391246
0.367656 0.222666 0.391246
0.367656 0.222666 0.391246
0.367656 0.222666 0.391246
0.367656 0.222666 0.391246
0.367656 0.222666 0.391246
0.367656 0.222666 0.391246
0.367656 0.222666 0.390581
0.367656 0.222666 0.390454
0.367656 0.222666 0.390454
0.367656 0.222666 0.390454
0.367656 0.222666 0.390454
0.367656 0.222666 0.390454
0.367656 0.222666 0.390454
0.367656 0.222666 0.390454
0.367656 0.222666 0.390454
0.367656 0.222666 0.390454
0.367656 0.222666 0.390454
0.367656 0.222666 0.390454
0.367656 0.222666 0.390454
0.367656 0.222666 0.390454
0.367656 0.222666 0.390454
0.367656 0.222666 0.390454
0.367656 0.222666 0.390454
0.367656 0.222666 0.390454
0.367656 0.222666 0.390454
0.367656 0.222666 0.390454
0.367656 0.222666 0.390454
0.367656 0.222666 0.390454
0.395954 0.222666 0.390454
0.425225 0.222666 0.390454
0.455589 0.222666 0.390454
0.48721 0.222666 0.390454
0.519785 0.222666 0.390454
0.552832 0.222666 0.406827
0.586121 0.222666 0.422857
0.619337 0.2459 0.43882
0.652237 0.291835 0.454819
0.684647 0.336697 0.470821
0.71634 0.380061 0.48682
0.747264 0.421486 0.502935
0.777502 0.460548 0.519334
0.806837 0.496971 0.536111
0.83473 0.530629 0.553239
0.860839 0.56139 0.570646
0.884721 0.589209 0.588273
0.905847 0.614115 0.606093
0.924065 0.636057 0.624081
0.939169 0.655039 0.642155
0.951013 0.671075 0.660176
0.959814 0.684107 0.678005
0.965844 0.694094 0.695511
0.969578 0.700967 0.712576
0.971551 0.704682 0.729059
0.972226 0.70529 0.74479
0.972239 0.703982 0.75958
0.97221 0.701167 0.773222
0.978743 0.677634 3.00078
0.97615 0.691888 3.00078
0.980233 0.678688 3.00078
0.978256 0.672682 3.00078
0.976566 0.662583 3.00078
0.97258 0.656371 3.00078
0.967794 0.651172 3.00078
0.963742 0.641814 3.00078
0.959465 0.632625 3.00078
0.95451 0.625833 3.00078
0.94923 0.620348 3.00078
0.943506 0.615166 3.00078
0.937435 0.610173 3.00078
0.931493 0.605528 3.00078
0.925909 0.601542 3.00078
0.920534 0.598178 3.00078
0.915076 0.595287 3.00078
0.90954 0.592632 3.00078
0.903882 0.590149 3.00078
0.897945 0.587835 3.00078
0.891833 0.585607 3.00078
0.885692 0.583338 3.00078
0.879484 0.58075 3.00078
0.872677 0.577895 3.00078
0.864956 0.574746 3.00078
0.856239 0.571172 3.00078
0.84624 0.56699 3.00078
0.83467 0.56221 3.00078
0.82149 0.556561 3.00078
0.806967 0.549831 3.00078
0.791363 0.541866 3.00078
0.77471 0.532593 3.00078
0.757086 0.521911 3.00078
0.738384 0.509792 3.00078
0.718572 0.496233 3.00078
0.697838 0.481223 3.00078
0.687251 0.481223 3.00078
0.687251 0.481223 3.00078
0.687251 0.481223 3.00078
0.687251 0.481223 3.00078
0.687251 0.481223 3.00078
0.687251 0.481223 3.00078
0.687251 0.481223 3.00078
0.687251 0.481223 3.00078
0.687251 0.481223 3.00078
0.687251 0.481223 3.00078
0.687251 0.481223 3.00078
0.687251 0.481223 3.00078
0.687251 0.481223 3.00078
0.687251 0.481223 3.00078
0.687251 0.481223 3.00078
0.687251 0.481223 3.00078
0.687251 0.481223 3.00078
0.687251 0.481223 3.00078
0.687251 0.481223 3.00078
0.687251 0.481223 3.00078
0.687251 0.481223 3.00078
0.687251 0.481223 3.00078
0.687251 0.481223 3.00078
0.687251 0.481223 3.00078
0.687251 0.481223 3.00078
0.687251 0.481223 3.00078
0.687251 0.481223 3.00078
0.687251 0.481223 3.00078
0.687251 0.481223 3.00078
0.687251 0.481223 3.00078
0.687251 0.481223 3.00078
0.687251 0.481223 3.00078
0.68337 0.481223 3.00078
0.679535 0.481223 3.00078
0.675731 0.481223 3.00078
0.675731 0.478819 3.00078
0.675731 0.473283 3.00078
0.675731 0.473283 3.00078
0.675731 0.473283 3.00078
0.675731 0.473283 3.00078
0.675731 0.473283 3.00078
0.675731 0.473283 3.00078
0.675731 0.473283 3.00078
0.675731 0.473283 3.00078
0.675731 0.473283 3.00078
0.675731 0.473283 3.00078
0.675731 0.473283 3.00078
0.675731 0.473283 3.00078
0.675731 0.473283 3.00078
0.675731 0.473283 3.00078
0.675731 0.473283 3.00078
0.675731 0.471857 3.00078
0.675731 0.471857 3.00078
0.675731 0.471804 3.00078
0.675731 0.471804 3.00078
0.675731 0.471804 3.00078
0.675731 0.471804 3.00078
0.675731 0.471804 3.00078
0.675731 0.471804 3.00078
0.675356 0.471804 3.00078
0.675268 0.471804 3.00078
0.675268 0.471804 3.00078
0.675268 0.471804 3.00078
0.675268 0.471804 3.00078
0.675268 0.471804 3.00078
0.675268 0.471804 3.00078
0.675268 0.471804 3.00078
0.675268 0.471804 3.00078
0.675268 0.471804 3.00078
0.675268 0.471804 3.00078
0.675268 0.471804 3.00078
0.675268 0.471804 3.00078
0.675268 0.471804 3.00078
0.675268 0.471804 3.00078
0.675268 0.471804 3.00078
0.675268 0.471804 3.00078
0.675268 0.471804 3.00078
0.675268 0.471804 3.00078
0.675268 0.471804 3.00078
0.675268 0.471804 3.00078
0.675268 0.471804 3.00078
0.675268 0.471804 3.00078
0.675268 0.471804 3.00078
0.675268 0.471804 3.00078
0.675268 0.471804 3.00078
0.675268 0.471804 3.00078
0.675268 0.471804 3.00078
0.675268 0.471804 3.00078
0.675268 0.471804 3.00078
0.675268 0.471804 3.00078
0.675268 0.471804 3.00078
0.675268 0.471804 3.00078
0.675268 0.471804 3.00078
0.675268 0.471804 3.00078
0.675268 0.471677 3.00078
0.675268 0.471677 3.00078
0.675268 0.471677 3.00078
0.675268 0.471677 3.00078
0.675268 0.471677 3.00078
0.675268 0.471677 3.00078
0.675268 0.471677 3.00078
0.675268 0.471677 3.00078
0.675268 0.471677 3.00078
0.675268 0.471677 3.00078
0.675268 0.471677 3.00078
0.675268 0.471677 3.00078
0.675268 0.471677 3.00078
0.675268 0.471677 3.00078
0.675268 0.471677 3.00078
0.675268 0.471677 3.00078
0.675268 0.471677 3.00078
0.675268 0.471677 3.00078
0.675268 0.471677 3.00078
0.675268 0.471677 3.00078
0.675268 0.471677 3.00078
0.675268 0.471677 3.00078
0.675268 0.471677 3.00078
0.675268 0.471677 3.00078
0.675268 0.471677 3.00078
0.675268 0.471677 3.00078
0.675268 0.471677 3.00078
0.675268 0.471677 3.00078
0.675268 0.471677 3.00078
0.675268 0.471677 3.00078
0.675268 0.471677 3.00078
0.675268 0.471677 3.00078
0.675268 0.471677 3.00078
0.675268 0.471677 3.00078
0.675268 0.471677 3.00078
0.675268 0.471677 3.00078
0.675268 0.471677 3.00078
0.675268 0.471677 3.00078
0.675268 0.471677 3.00078
0.675268 0.471677 3.00078
0.675268 0.471677 3.00078
0.675268 0.471677 3.00078
0.675268 0.471677 3.00078
0.675268 0.471677 3.00078
0.675268 0.471677 3.00078
0.675268 0.471677 3.00078
0.675268 0.471677 3.00078
0.675268 0.471677 3.00078
0.675268 0.471677 3.00078
0.675268 0.471677 3.00078
0.675268 0.471677 3.00078
0.675268 0.471677 3.00078
0.681126 0.48044 3.00078
0.691934 0.497206 3.00078
0.701433 0.512832 3.00078
0.70964 0.527117 3.00078
0.71664 0.539846 3.00078
0.722473 0.550837 3.00078
0.727344 0.559874 3.00078
0.731487 0.566756 3.00078
0.735218 0.571282 3.00078
0.739137 0.57314 3.00078
0.743575 0.572699 3.00078
0.748628 0.570911 3.00078
0.754136 0.567862 3.00078
0.759419 0.563735 3.00078
0.764131 0.558691 3.00078
0.76807 0.552892 3.00078
0.770922 0.546508 3.00078
0.772478 0.539666 3.00078
0.772666 0.532482 3.00078
0.771964 0.525076 3.00078
0.77068 0.525076 3.00078
0.769308 0.525076 3.00078
0.768037 0.525076 3.00078
0.766919 0.525076 3.00078
0.766163 0.525076 3.00078
0.765971 0.525076 3.00078
0.76652 0.525076 3.00078
0.767327 0.525076 3.00078
0.767999 0.525076 3.00078
0.768281 0.525076 3.00078
0.767981 0.525076 3.00078
0.767236 0.525076 3.00078
0.766217 0.525076 3.00078
0.764962 0.525076 3.00078
0.763458 0.525076 3.00078
0.761802 0.525076 3.00078
0.75996 0.525076 3.00078
0.757757 0.525076 3.00078
0.75511 0.525076 3.00078
0.751989 0.525076 3.00078
0.748416 0.525076 3.00078
0.74444 0.525076 3.00078
0.740021 0.525076 3.00078
0.735038 0.525076 3.00078
0.729376 0.525076 3.00078
0.729376 0.525076 3.00078
0.729376 0.525076 3.00078
0.729376 0.525076 3.00078
0.729376 0.525076 3.00078
0.729376 0.525076 3.00078
0.729376 0.525076 3.00078
0.729376 0.525076 3.00078
0.729376 0.525076 3.00078
0.729376 0.525076 3.00078
0.729376 0.525076 3.00078
0.729376 0.525076 3.00078
0.729376 0.525076 3.00078
0.729376 0.525076 3.00078
0.729376 0.525076 3.00078
0.729376 0.525076 3.00078
0.729376 0.525076 3.00078
0.729376 0.525076 3.00078
0.729376 0.525076 3.00078
0.729376 0.525076 3.00078
0.729376 0.525076 3.00078
0.729376 0.525076 3.00078
0.729376 0.525076 3.00078
0.729376 0.525076 3.00078
0.729376 0.525076 3.00078
0.729376 0.525076 3.00078
0.729376 0.525076 3.00078
0.729376 0.525076 3.00078
0.729376 0.525076 3.00078
0.729376 0.525076 3.00078
0.729376 0.525076 3.00078
0.729376 0.525076 3.00078
0.729376 0.525076 3.00078
0.729376 0.525076 3.00078
0.729376 0.525076 3.00078
0.729376 0.525076 3.00078
0.729376 0.525076 3.00078
0.729376 0.525076 3.00078
0.729376 0.525076 3.00078
0.729376 0.525076 3.00078
0.729376 0.525076 3.00078
0.729376 0.525076 3.00078
0.729376 0.525076 3.00078
0.729376 0.525076 3.00078
0.729376 0.525076 3.00078
0.729376 0.525076 3.00078
0.729376 0.525076 3.00078
0.729376 0.525076 3.00078
0.729376 0.525076 3.00078
0.729376 0.525076 3.00078
0.729376 0.525076 3.00078
0.729376 0.525076 3.00078
0.729376 0.525076 3.00078
0.729376 0.525076 3.00078
0.729376 0.525076 3.00078
0.729376 0.525076 3.00078
0.729376 0.525076 3.00078
0.729376 0.525076 3.00078
0.727473 0.525076 3.00078
0.725537 0.525076 3.00078
0.725537 0.525076 3.00078
0.725537 0.525076 3.00078
0.725537 0.525076 3.00078
0.725537 0.525076 3.00078
0.725537 0.525076 3.00078
0.725537 0.522513 3.00078
0.725537 0.522513 3.00078
0.725537 0.522513 3.00078
0.725537 0.522513 3.00078
0.725537 0.522513 3.00078
0.725537 0.522513 3.00078
0.725537 0.522513 3.00078
0.725537 0.522441 3.00078
0.725537 0.522441 3.00078
0.725537 0.522441 3.00078
0.725537 0.522441 3.00078
0.725537 0.522441 3.00078
0.725537 0.522441 3.00078
0.725537 0.522441 3.00078
0.725167 0.522441 3.00078
0.725167 0.522441 3.00078
0.725154 0.522441 3.00078
0.725154 0.522441 3.00078
0.725154 0.522441 3.00078
0.725154 0.522441 3.00078
0.725154 0.522441 3.00078
0.725154 0.522441 3.00078
0.725154 0.522441 3.00078
0.725154 0.522441 3.00078
0.725154 0.522441 3.00078
0.725154 0.522441 3.00078
0.725154 0.522441 3.00078
0.725154 0.522441 3.00078
0.725154 0.522441 3.00078
0.725154 0.522441 3.00078
0.725154 0.522441 3.00078
0.725154 0.522441 3.00078
0.725154 0.522441 3.00078
0.725154 0.522441 3.00078
0.725154 0.522441 3.00078
0.725154 0.522441 3.00078
0.725154 0.522441 3.00078
0.725154 0.522441 3.00078
0.725154 0.522441 3.00078
0.725154 0.522441 3.00078
0.725154 0.522441 3.00078
0.725154 0.522441 3.00078
0.725154 0.522441 3.00078
0.725154 0.522441 3.00078
0.725154 0.522441 3.00078
0.725154 0.522441 3.00078
0.725154 0.522441 3.00078
0.725154 0.522441 3.00078
0.725154 0.522441 3.00078
0.725154 0.522441 3.00078
0.725154 0.522441 3.00078
0.725154 0.522441 3.00078
0.74203 0.522441 3.00078
0.775258 0.522441 3.00078
0.807479 0.522441 3.00078
0.838567 0.522441 3.00078
0.868677 0.522441 3.00078
0.897842 0.522441 3.00078
0.925958 0.522441 3.00078
0.952952 0.522441 3.00078
0.978898 0.532429 3.00078
1.00399 0.551253 3.00078
1.02844 0.568641 3.00078
1.05247 0.584759 3.00078
1.07653 0.599748 3.00078
1.10112 0.613773 3.00078
5.2788 0.582029 3.00078
5.2788 0.582029 3.00078
5.2788 0.582029 3.00078
5.2788 0.582029 3.00078
5.2788 0.582029 3.00078
5.2788 0.582029 3.00078
5.2788 0.59186 3.00078
5.2788 0.604938 3.00078
5.2788 0.627913 3.00078
5.2788 0.665647 3.00078
5.2788 0.703782 3.00078
5.2788 0.738477 3.00078
5.2788 0.776517 3.00078
5.2788 0.820483 3.00078
5.2788 0.865086 3.00078
5.2788 0.908221 3.00078
5.2788 0.951103 3.00078
5.2788 0.994525 3.00078
5.2788 1.03596 3.00078
5.2788 1.07272 3.00078
5.2788 5.00474 3.00078
5.2788 5.00474 3.00078
5.2788 5.00474 3.00078
5.2788 5.00474 3.00078
5.2788 5.00474 3.00078
5.2788 5.00474 3.00078
5.2788 5.00474 3.00078
5.2788 5.00474 3.00078
5.2788 5.00474 3.00078
5.2788 5.00474 3.00078
5.2788 5.00474 3.00078
5.2788 5.00474 3.00078
5.2788 5.00474 3.00078
5.2788 5.00474 3.00078
5.2788 5.00474 3.00078
5.2788 5.00474 3.00078
5.2788 5.00474 3.00078
5.2788 5.00474 3.00078
5.2788 5.00474 3.00078
5.2788 5.00474 3.00078
5.2788 5.00474 3.00078
5.2788 5.00474 3.00078
5.2788 5.00474 3.00078
5.2788 5.00474 3.00078
5.2788 5.00474 3.00078
5.2788 5.00474 3.00078
5.2788 5.00474 3.00078
5.2788 5.00474 3.00078
5.2788 5.00474 3.00078
5.2788 5.00474 3.00078
5.2788 5.00474 3.00078
5.2788 5.00474 3.00078
5.2788 5.00474 3.00078
5.2788 5.00474 3.00078
5.2788 5.00474 3.00078
5.2788 5.00474 3.00078
5.2788 5.00474 3.00078
5.2788 5.00474 3.00078
5.2788 5.00474 3.00078
5.2788 5.00474 3.00078
5.2788 5.00474 3.00078
5.2788 5.00474 3.00078
5.2788 5.00474 3.00078
5.2788 5.00474 3.00078
5.2788 5.00474 3.00078
5.2788 5.00474 3.00078
5.2788 5.00474 3.00078
5.2788 5.00474 3.00078
5.2788 5.00474 3.00078
5.2788 5.00474 3.00078
5.2788 5.00474 3.00078
5.2788 5.00474 3.00078
5.2788 5.00474 3.00078
5.2788 5.00474 3.00078
5.2788 5.00474 3.00078
5.2788 5.00474 3.00078
5.2788 5.00474 3.00078
5.2788 5.00474 3.00078
5.2788 5.00474 3.00078
5.2788 5.00474 3.00078
5.2788 5.00474 3.00078
5.2788 5.00474 3.00078
5.2788 5.00474 3.00078
5.2788 5.00474 3.00078
5.2788 5.00474 3.00078
5.2788 5.00474 3.00078
5.2788 5.00474 3.00078
5.2788 5.00474 3.00078
5.2788 5.00474 3.00078
5.2788 5.00474 3.00078
5.2788 5.00474 3.00078
5.2788 5.00474 3.00078
5.2788 5.00474 3.00078
5.2788 5.00474 3.00078
5.2788 5.00474 3.00078
5.2788 5.00474 3.00078
5.2788 5.00474 3.00078
5.2788 5.00474 3.00078
5.2788 5.00474 3.00078
5.2788 5.00474 3.00078
5.2788 5.00474 3.00078
5.2788 5.00474 3.00078
5.2788 5.00474 3.00078
5.2788 5.00474 3.00078
5.2788 5.00474 3.00078
5.2788 5.00474 3.00078
5.2788 5.00474 3.00078
5.2788 5.00474 3.00078
5.2788 5.00474 3.00078
5.2788 5.00474 3.00078
5.2788 5.00474 3.00078
5.2788 5.00474 3.00078
5.2788 5.00474 3.00078
5.2788 5.00474 3.00078
5.2788 5.00474 3.00078
5.2788 5.00474 3.00078
5.2788 5.00474 3.00078
5.2788 5.00474 3.00078
5.2788 5.00474 3.00078
5.2788 5.00474 3.00078
5.2788 5.00474 3.00078
5.2788 5.00474 3.00078
5.2788 5.00474 3.00078
5.2788 5.00474 3.00078
5.2788 5.00474 3.00078
5.2788 5.00474 3.00078
5.2788 5.00474 3.00078
5.2788 5.00474 3.00078
5.2788 5.00474 3.00078
5.2788 5.00474 3.00078
5.2788 5.00474 3.00078
5.2788 5.00474 3.00078
5.2788 5.00474 3.00078
5.2788 5.00474 3.00078
5.2788 5.00474 3.00078
5.2788 5.00474 3.00078
5.2788 5.00474 3.00078
5.2788 5.00474 3.00078
5.2788 5.00474 3.00078
5.2788 5.00474 3.00078
5.2788 5.00474 3.00078
5.2788 5.00474 3.00078
5.2788 5.00474 3.00078
5.2788 5.00474 3.00078
5.2788 5.00474 3.00078
5.2788 5.00474 3.00078
5.2788 5.00474 3.00078
5.2788 5.00474 3.00078
5.2788 5.00474 3.00078
5.2788 5.00474 3.00078
5.2788 5.00474 3.00078
5.2788 5.00474 3.00078
5.2788 5.00474 3.00078
5.2788 5.00474 3.00078
5.2788 5.00474 3.00078
5.2788 5.00474 3.00078
5.2788 5.00474 3.00078
5.2788 5.00474 3.00078
5.2788 5.00474 3.00078
5.2788 5.00474 3.00078
5.2788 5.00474 3.00078
5.2788 5.00474 3.00078
5.2788 5.00474 3.00078
5.2788 5.00474 3.00078
5.2788 5.00474 3.00078
5.2788 5.00474 3.00078
5.2788 5.00474 3.00078
5.2788 5.00474 3.00078
5.2788 5.00474 3.00078
5.2788 5.00474 3.00078
5.2788 5.00474 3.00078
5.2788 5.00474 3.00078
5.2788 5.00474 3.00078
5.2788 5.00474 3.00078
5.2788 5.00474 3.00078
5.2788 5.00474 3.00078
5.2788 5.00474 3.00078
5.2788 5.00474 3.00078
5.2788 5.00474 3.00078
5.2788 5.00474 3.00078
5.2788 5.00474 3.00078
5.2788 5.00474 3.00078
5.2788 5.00474 3.00078
5.2788 5.00474 3.00078
5.2788 5.00474 3.00078
5.2788 5.00474 3.00078
5.2788 5.00474 3.00078
5.2788 5.00474 3.00078
5.2788 5.00474 3.00078
5.2788 5.00474 3.00078
5.2788 5.00474 3.00078
5.2788 5.00474 3.00078
5.2788 5.00474 3.00078
5.2788 5.00474 3.00078
5.2788 5.00474 3.00078
5.2788 5.00474 3.00078
5.2788 5.00474 3.00078
5.2788 5.00474 3.00078
5.2788 5.00474 3.00078
5.2788 5.00474 3.00078
5.2788 5.00474 3.00078
5.2788 5.00474 3.00078
5.2788 5.00474 3.00078
5.2788 5.00474 3.00078
5.2788 5.00474 3.00078
5.2788 5.00474 3.00078
5.2788 5.00474 3.00078
5.2788 5.00474 3.00078
5.2788 5.00474 3.00078
5.2788 5.00474 3.00078
5.2788 5.00474 3.00078
5.2788 5.00474 3.00078
5.2788 5.00474 3.00078
5.2788 5.00474 3.00078
5.2788 5.00474 3.00078
5.2788 5.00474 3.00078
5.2788 5.00474 3.00078
5.2788 5.00474 3.00078
5.2788 5.00474 3.00078
5.2788 5.00474 3.00078
5.2788 5.00474 3.00078
5.2788 5.00474 3.00078
5.2788 5.00474 3.00078
5.2788 5.00474 3.00078
5.2788 5.00474 3.00078
5.2788 5.00474 3.00078
5.2788 5.00474 3.00078
5.2788 5.00474 3.00078
5.2788 5.00474 3.00078
5.2788 5.00474 3.00078
5.2788 5.00474 3.00078
5.2788 5.00474 3.00078
5.2788 5.00474 3.00078
5.2788 5.00474 3.00078
5.2788 5.00474 3.00078
5.2788 5.00474 3.00078
5.2788 5.00474 3.00078
5.2788 5.00474 3.00078
5.2788 5.00474 3.00078
5.2788 5.00474 3.00078
5.2788 5.00474 3.00078
5.2788 5.00474 3.00078
5.2788 5.00474 3.00078
5.2788 5.00474 3.00078
5.2788 5.00474 3.00078
5.2788 5.00474 3.00078
5.2788 5.00474 3.00078
5.2788 5.00474 3.00078
5.2788 5.00474 3.00078
5.2788 5.00474 3.00078
5.2788 5.00474 3.00078
5.2788 5.00474 3.00078
5.2788 5.00474 3.00078
5.2788 5.00474 3.00078
5.2788 5.00474 3.00078
5.2788 5.00474 3.00078
5.2788 5.00474 3.00078
5.2788 5.00474 3.00078
5.2788 5.00474 3.00078
5.2788 5.00474 3.00078
5.2788 5.00474 3.00078
5.2788 5.00474 3.00078
5.2788 5.00474 3.00078
5.2788 5.00474 3.00078
5.2788 5.00474 3.00078
5.2788 5.00474 3.00078
5.2788 5.00474 3.00078
5.2788 5.00474 3.00078
5.2788 5.00474 3.00078
5.2788 5.00474 3.00078
5.2788 5.00474 3.00078
5.2788 5.00474 3.00078
5.2788 5.00474 3.00078
5.2788 5.00474 3.00078
5.2788 5.00474 3.00078
5.2788 5.00474 3.00078
5.2788 5.00474 3.00078
5.2788 5.00474 3.00078
5.2788 5.00474 3.00078
5.2788 5.00474 3.00078
5.2788 5.00474 3.00078
5.2788 5.00474 3.00078
5.2788 5.00474 3.00078
5.2788 5.00474 3.00078
5.2788 5.00474 3.00078
5.2788 5.00474 3.00078
5.2788 5.00474 3.00078
5.2788 5.00474 3.00078
5.2788 5.00474 3.00078
5.2788 5.00474 3.00078
5.2788 5.00474 3.00078
5.2788 5.00474 3.00078
5.2788 5.00474 3.00078
5.2788 5.00474 3.00078
5.2788 5.00474 3.00078
5.2788 5.00474 3.00078
5.2788 5.00474 3.00078
5.2788 5.00474 3.00078
5.2788 5.00474 3.00078
5.2788 5.00474 3.00078
5.2788 5.00474 3.00078
5.2788 5.00474 3.00078
5.2788 5.00474 3.00078
5.2788 5.00474 3.00078
5.2788 5.00474 3.00078
5.2788 5.00474 3.00078
5.2788 5.00474 3.00078
5.2788 5.00474 3.00078
5.2788 5.00474 3.00078
5.2788 5.00474 3.00078
5.2788 5.00474 3.00078
5.2788 5.00474 3.00078
5.2788 5.00474 3.00078
5.2788 5.00474 3.00078
5.2788 5.00474 3.00078
5.2788 5.00474 3.00078
5.2788 5.00474 3.00078
5.2788 5.00474 3.00078
5.2788 5.00474 3.00078
5.2788 5.00474 3.00078
5.2788 5.00474 3.00078
5.2788 5.00474 3.00078
5.2788 5.00474 3.00078
5.2788 5.00474 3.00078
5.2788 5.00474 3.00078
5.2788 5.00474 3.00078
5.2788 5.00474 3.00078
5.2788 5.00474 3.00078
5.2788 5.00474 3.00078
5.2788 5.00474 3.00078
5.2788 5.00474 3.00078
5.2788 5.00474 3.00078
5.2788 5.00474 3.00078
5.2788 5.00474 3.00078
5.2788 5.00474 3.00078
5.2788 5.00474 3.00078
5.2788 5.00474 3.00078
5.2788 5.00474 3.00078
5.2788 5.00474 3.00078
5.2788 5.00474 3.00078
5.2788 5.00474 3.00078
5.2788 5.00474 3.00078
5.2788 5.00474 3.00078
5.2788 5.00474 3.00078
5.2788 5.00474 3.00078
5.2788 5.00474 3.00078
5.2788 5.00474 3.00078
5.2788 5.00474 3.00078
5.2788 5.00474 3.00078
5.2788 5.00474 3.00078
5.2788 5.00474 3.00078
5.2788 5.00474 3.00078
5.2788 5.00474 3.00078
5.2788 5.00474 3.00078
5.2788 5.00474 3.00078
5.2788 5.00474 3.00078
5.2788 5.00474 3.00078
5.2788 5.00474 3.00078
5.2788 5.00474 3.00078
5.2788 5.00474 3.00078
5.2788 5.00474 3.00078
5.2788 5.00474 3.00078
5.2788 5.00474 3.00078
5.2788 5.00474 3.00078
5.2788 5.00474 3.00078
5.2788 5.00474 3.00078
5.2788 5.00474 3.00078
5.2788 5.00474 3.00078
5.2788 5.00474 3.00078
5.2788 5.00474 3.00078
5.2788 5.00474 3.00078
5.2788 5.00474 3.00078
5.2788 5.00474 3.00078
5.2788 5.00474 3.00078
5.2788 5.00474 3.00078
5.2788 5.00474 3.00078
5.2788 5.00474 3.00078
5.2788 5.00474 3.00078
5.2788 5.00474 3.00078
5.2788 5.00474 3.00078
5.2788 5.00474 3.00078
5.2788 5.00474 3.00078
5.2788 5.00474 3.00078
5.2788 5.00474 3.00078
5.2788 5.00474 3.00078
5.2788 5.00474 3.00078
5.2788 5.00474 3.00078
5.2788 5.00474 3.00078
5.2788 5.00474 3.00078
5.2788 5.00474 3.00078
5.2788 5.00474 3.00078
5.2788 5.00474 3.00078
5.2788 5.00474 3.00078
5.2788 5.00474 3.00078
5.2788 5.00474 3.00078
5.2788 5.00474 3.00078
5.2788 5.00474 3.00078
5.2788 5.00474 3.00078
5.2788 5.00474 3.00078
5.2788 5.00474 3.00078
5.2788 5.00474 3.00078
5.2788 5.00474 3.00078
5.2788 5.00474 3.00078
5.2788 5.00474 3.00078
5.2788 5.00474 3.00078
5.2788 5.00474 3.00078
5.2788 5.00474 3.00078
5.2788 5.00474 3.00078
5.2788 5.00474 3.00078
5.2788 5.00474 3.00078
5.2788 5.00474 3.00078
5.2788 5.00474 3.00078
5.2788 5.00474 3.00078
5.2788 5.00474 3.00078
5.2788 5.00474 3.00078
5.2788 5.00474 3.00078
5.2788 5.00474 3.00078
5.2788 5.00474 3.00078
5.2788 5.00474 3.00078
5.2788 5.00474 3.00078
5.2788 5.00474 3.00078
5.2788 5.00474 3.00078
5.2788 5.00474 3.00078
5.2788 5.00474 3.00078
5.2788 5.00474 3.00078
5.2788 5.00474 3.00078
5.2788 5.00474 3.00078
5.2788 5.00474 3.00078
5.2788 5.00474 3.00078
5.2788 5.00474 3.00078
5.2788 5.00474 3.00078
5.2788 5.00474 3.00078
5.2788 5.00474 3.00078
5.2788 5.00474 3.00078
5.2788 5.00474 3.00078
5.2788 5.00474 3.00078
5.2788 5.00474 3.00078
5.2788 5.00474 3.00078
5.2788 5.00474 3.00078
5.2788 5.00474 3.00078
5.2788 5.00474 3.00078
5.2788 5.00474 3.00078
5.2788 5.00474 3.00078
5.2788 5.00474 3.00078
5.2788 5.00474 3.00078
5.2788 5.00474 3.00078
5.2788 5.00474 3.00078
5.2788 5.00474 3.00078
5.2788 5.00474 3.00078
5.2788 5.00474 3.00078
5.2788 5.00474 3.00078
5.2788 5.00474 3.00078
5.2788 5.00474 3.00078
5.2788 5.00474 3.00078
5.2788 5.00474 3.00078
5.2788 5.00474 3.00078
5.2788 5.00474 3.00078
5.2788 5.00474 3.00078
5.2788 5.00474 3.00078
5.2788 5.00474 3.00078
5.2788 5.00474 3.00078
5.2788 5.00474 3.00078
5.2788 5.00474 3.00078
5.2788 5.00474 3.00078
5.2788 5.00474 3.00078
5.2788 5.00474 3.00078
5.2788 5.00474 3.00078
5.2788 5.00474 3.00078
5.2788 5.00474 3.00078
5.2788 5.00474 3.00078
5.2788 5.00474 3.00078
5.2788 5.00474 3.00078
5.2788 5.00474 3.00078
5.2788 5.00474 3.00078
5.2788 5.00474 3.00078
5.2788 5.00474 3.00078
5.2788 5.00474 3.00078
5.2788 5.00474 3.00078
5.2788 5.00474 3.00078
5.2788 5.00474 3.00078
5.2788 5.00474 3.00078
5.2788 5.00474 3.00078
5.2788 5.00474 3.00078
5.2788 5.00474 3.00078
5.2788 5.00474 3.00078
5.2788 5.00474 3.00078
5.2788 5.00474 3.00078
5.2788 5.00474 3.00078
5.2788 5.00474 3.00078
5.2788 5.00474 3.00078
5.2788 5.00474 3.00078
5.2788 5.00474 3.00078
5.2788 5.00474 3.00078
5.2788 5.00474 3.00078
5.2788 5.00474 3.00078
5.2788 5.00474 3.00078
5.2788 5.00474 3.00078
5.2788 5.00474 3.00078
5.2788 5.00474 3.00078
5.2788 5.00474 3.00078
5.2788 5.00474 3.00078
5.2788 5.00474 3.00078
5.2788 5.00474 3.00078
5.2788 5.00474 3.00078
5.2788 5.00474 3.00078
5.2788 5.00474 3.00078
5.2788 5.00474 3.00078
5.2788 5.00474 3.00078
5.2788 5.00474 3.00078
5.2788 5.00474 3.00078
5.2788 5.00474 3.00078
5.2788 5.00474 3.00078
5.2788 5.00474 3.00078
5.2788 5.00474 3.00078
5.2788 5.00474 3.00078
5.2788 5.00474 3.00078
5.2788 5.00474 3.00078
5.2788 5.00474 3.00078
5.2788 5.00474 3.00078
5.2788 5.00474 3.00078
5.2788 5.00474 3.00078
5.2788 5.00474 3.00078
5.2788 5.00474 3.00078
5.2788 5.00474 3.00078
5.2788 5.00474 3.00078
5.2788 5.00474 3.00078
5.2788 5.00474 3.00078
5.2788 5.00474 3.00078
5.2788 5.00474 3.00078
5.2788 5.00474 3.00078
5.2788 5.00474 3.00078
5.2788 5.00474 3.00078
5.2788 5.00474 3.00078
5.2788 5.00474 3.00078
5.2788 5.00474 3.00078
5.2788 5.00474 3.00078
5.2788 5.00474 3.00078
5.2788 5.00474 3.00078
5.2788 5.00474 3.00078
5.2788 5.00474 3.00078
5.2788 5.00474 3.00078
5.2788 5.00474 3.00078
5.2788 5.00474 3.00078
5.2788 5.00474 3.00078
5.2788 5.00474 3.00078
5.2788 5.00474 3.00078
5.2788 5.00474 3.00078
5.2788 5.00474 3.00078
5.2788 5.00474 3.00078
5.2788 5.00474 3.00078
5.2788 5.00474 3.00078
5.2788 5.00474 3.00078
5.2788 5.00474 3.00078
5.2788 5.00474 3.00078
5.2788 5.00474 3.00078
5.2788 5.00474 3.00078
5.2788 5.00474 3.00078
5.2788 5.00474 3.00078
5.2788 5.00474 3.00078
5.2788 5.00474 3.00078
5.2788 5.00474 3.00078
5.2788 5.00474 3.00078
5.2788 5.00474 3.00078
5.2788 5.00474 3.00078
5.2788 5.00474 3.00078
5.2788 5.00474 3.00078
5.2788 5.00474 3.00078
5.2788 5.00474 3.00078
5.2788 5.00474 3.00078
5.2788 5.00474 3.00078
5.2788 5.00474 3.00078
5.2788 5.00474 3.00078
5.2788 5.00474 3.00078
5.2788 5.00474 3.00078
5.2788 5.00474 3.00078
5.2788 5.00474 3.00078
5.2788 5.00474 3.00078
5.2788 5.00474 3.00078
5.2788 5.00474 3.00078
5.2788 5.00474 3.00078
5.2788 5.00474 3.00078
5.2788 5.00474 3.00078
5.2788 5.00474 3.00078
5.2788 5.00474 3.00078
5.2788 5.00474 3.00078
5.2788 5.00474 3.00078
5.2788 5.00474 3.00078
5.2788 5.00474 3.00078
5.2788 5.00474 3.00078
5.2788 5.00474 3.00078
5.2788 5.00474 3.00078
5.2788 5.00474 3.00078
5.2788 5.00474 3.00078
5.2788 5.00474 3.00078
5.2788 5.00474 3.00078
5.2788 5.00474 3.00078
5.2788 5.00474 3.00078
5.2788 5.00474 3.00078
5.2788 5.00474 3.00078
5.2788 5.00474 3.00078
5.2788 5.00474 3.00078
5.2788 5.00474 3.00078
5.2788 5.00474 3.00078
5.2788 5.00474 3.00078
5.2788 5.00474 3.00078
5.2788 5.00474 3.00078
5.2788 5.00474 3.00078
5.2788 5.00474 3.00078
5.2788 5.00474 3.00078
5.2788 5.00474 3.00078
5.2788 5.00474 3.00078
5.2788 5.00474 3.00078
5.2788 5.00474 3.00078
5.2788 5.00474 3.00078
5.2788 5.00474 3.00078
5.2788 5.00474 3.00078
5.2788 5.00474 3.00078
5.2788 5.00474 3.00078
5.2788 5.00474 3.00078
5.2788 5.00474 3.00078
5.2788 5.00474 3.00078
5.2788 5.00474 3.00078
5.2788 5.00474 3.00078
5.2788 5.00474 3.00078
5.2788 5.00474 3.00078
5.2788 5.00474 3.00078
5.2788 5.00474 3.00078
5.2788 5.00474 3.00078
5.2788 5.00474 3.00078
5.2788 5.00474 3.00078
5.2788 5.00474 3.00078
5.2788 5.00474 3.00078
5.2788 5.00474 3.00078
5.2788 5.00474 3.00078
5.2788 5.00474 3.00078
5.2788 5.00474 3.00078
5.2788 5.00474 3.00078
5.2788 5.00474 3.00078
5.2788 5.00474 3.00078
5.2788 5.00474 3.00078
5.2788 5.00474 3.00078
5.2788 5.00474 3.00078
5.2788 5.00474 3.00078
5.2788 5.00474 3.00078
5.2788 5.00474 3.00078
5.2788 5.00474 3.00078
5.2788 5.00474 3.00078
5.2788 5.00474 3.00078
5.2788 5.00474 3.00078
5.2788 5.00474 3.00078
5.2788 5.00474 3.00078
5.2788 5.00474 3.00078
5.2788 5.00474 3.00078
5.2788 5.00474 3.00078
5.2788 5.00474 3.00078
5.2788 5.00474 3.00078
5.2788 5.00474 3.00078
5.2788 5.00474 3.00078
5.2788 5.00474 3.00078
5.2788 5.00474 3.00078
5.2788 5.00474 3.00078
5.2788 5.00474 3.00078
5.2788 5.00474 3.00078
5.2788 5.00474 3.00078
5.2788 5.00474 3.00078
5.2788 5.00474 3.00078
5.2788 5.00474 3.00078
5.2788 5.00474 3.00078
5.2788 5.00474 3.00078
5.2788 5.00474 3.00078
5.2788 5.00474 3.00078
5.2788 5.00474 3.00078
5.2788 5.00474 3.00078
5.2788 5.00474 3.00078
5.2788 5.00474 3.00078
5.2788 5.00474 3.00078
5.2788 5.00474 3.00078
5.2788 5.00474 3.00078
5.2788 5.00474 3.00078
5.2788 5.00474 3.00078
5.2788 5.00474 3.00078
5.2788 5.00474 3.00078
5.2788 5.00474 3.00078
5.2788 5.00474 3.00078
5.2788 5.00474 3.00078
5.2788 5.00474 3.00078
5.2788 5.00474 3.00078
5.2788 5.00474 3.00078
5.2788 5.00474 3.00078
5.2788 5.00474 3.00078
5.2788 5.00474 3.00078
5.2788 5.00474 3.00078
5.2788 5.00474 3.00078
5.2788 5.00474 3.00078
5.2788 5.00474 3.00078
5.2788 5.00474 3.00078
5.2788 5.00474 3.00078
5.2788 5.00474 3.00078
5.2788 5.00474 3.00078
5.2788 5.00474 3.00078
5.2788 5.00474 3.00078
5.2788 5.00474 3.00078
5.2788 5.00474 3.00078
5.2788 5.00474 3.00078
5.2788 5.00474 3.00078
5.2788 5.00474 3.00078
5.2788 5.00474 3.00078
5.2788 5.00474 3.00078
5.2788 5.00474 3.00078
5.2788 5.00474 3.00078
5.2788 5.00474 3.00078
5.2788 5.00474 3.00078
5.2788 5.00474 3.00078
5.2788 5.00474 3.00078
5.2788 5.00474 3.00078
5.2788 5.00474 3.00078
5.2788 5.00474 3.00078
5.2788 5.00474 3.00078
5.2788 5.00474 3.00078
5.2788 5.00474 3.00078
5.2788 5.00474 3.00078
5.2788 5.00474 3.00078
5.2788 5.00474 3.00078
5.2788 5.00474 3.00078
5.2788 5.00474 3.00078
5.2788 5.00474 3.00078
5.2788 5.00474 3.00078
5.2788 5.00474 3.00078
5.2788 5.00474 3.00078
5.2788 5.00474 3.00078
5.2788 5.00474 3.00078
5.2788 5.00474 3.00078
5.2788 5.00474 3.00078
5.2788 5.00474 3.00078
5.2788 5.00474 3.00078
5.2788 5.00474 3.00078
5.2788 5.00474 3.00078
5.2788 5.00474 3.00078
5.2788 5.00474 3.00078
5.2788 5.00474 3.00078
5.2788 5.00474 3.00078
5.2788 5.00474 3.00078
5.2788 5.00474 3.00078
5.2788 5.00474 3.00078
5.2788 5.00474 3.00078
5.2788 5.00474 3.00078
5.2788 5.00474 3.00078
5.2788 5.00474 3.00078
5.2788 5.00474 3.00078
5.2788 5.00474 3.00078
5.2788 5.00474 3.00078
5.2788 5.00474 3.00078
5.2788 5.00474 3.00078
5.2788 5.00474 3.00078
5.2788 5.00474 3.00078
5.2788 5.00474 3.00078
5.2788 5.00474 3.00078
5.2788 5.00474 3.00078
5.2788 5.00474 3.00078
5.2788 5.00474 3.00078
5.2788 5.00474 3.00078
5.2788 5.00474 3.00078
5.2788 5.00474 3.00078
5.2788 5.00474 3.00078
5.2788 5.00474 3.00078
5.2788 5.00474 3.00078
5.2788 5.00474 3.00078
5.2788 5.00474 3.00078
5.2788 5.00474 3.00078
5.2788 5.00474 3.00078
5.2788 5.00474 3.00078
5.2788 5.00474 3.00078
5.2788 5.00474 3.00078
5.2788 5.00474 3.00078
5.2788 5.00474 3.00078
5.2788 5.00474 3.00078
5.2788 5.00474 3.00078
5.2788 5.00474 3.00078
5.2788 5.00474 3.00078
5.2788 5.00474 3.00078
5.2788 5.00474 3.00078
5.2788 5.00474 3.00078
5.2788 5.00474 3.00078
5.2788 5.00474 3.00078
5.2788 5.00474 3.00078
5.2788 5.00474 3.00078
5.2788 5.00474 3.00078
5.2788 5.00474 3.00078
5.2788 5.00474 3.00078
5.2788 5.00474 3.00078
5.2788 5.00474 3.00078
5.2788 5.00474 3.00078
5.2788 5.00474 3.00078
5.2788 5.00474 3.00078
5.2788 5.00474 3.00078
5.2788 5.00474 3.00078
5.2788 5.00474 3.00078
5.2788 5.00474 3.00078
5.2788 5.00474 3.00078
5.2788 5.00474 3.00078
5.2788 5.00474 3.00078
5.2788 5.00474 3.00078
5.2788 5.00474 3.00078
5.2788 5.00474 3.00078
5.2788 5.00474 3.00078
5.2788 5.00474 3.00078
5.2788 5.00474 3.00078
5.2788 5.00474 3.00078
5.2788 5.00474 3.00078
5.2788 5.00474 3.00078
5.2788 5.00474 3.00078
5.2788 5.00474 3.00078
5.2788 5.00474 3.00078
5.2788 5.00474 3.00078
5.2788 5.00474 3.00078
5.2788 5.00474 3.00078
5.2788 5.00474 3.00078
5.2788 5.00474 3.00078
5.2788 5.00474 3.00078
5.2788 5.00474 3.00078
5.2788 5.00474 3.00078
5.2788 5.00474 3.00078
5.2788 5.00474 3.00078
5.2788 5.00474 3.00078
5.2788 5.00474 3.00078
5.2788 5.00474 3.00078
5.2788 5.00474 3.00078
5.2788 5.00474 3.00078
5.2788 5.00474 3.00078
5.2788 5.00474 3.00078
5.2788 5.00474 3.00078
5.2788 5.00474 3.00078
5.2788 5.00474 3.00078
5.2788 5.00474 3.00078
5.2788 5.00474 3.00078
5.2788 5.00474 3.00078
5.2788 5.00474 3.00078
5.2788 5.00474 3.00078
5.2788 5.00474 3.00078
5.2788 5.00474 3.00078
5.2788 5.00474 3.00078
5.2788 5.00474 3.00078
5.2788 5.00474 3.00078
5.2788 5.00474 3.00078
5.2788 5.00474 3.00078
5.2788 5.00474 3.00078
5.2788 5.00474 3.00078
5.2788 5.00474 3.00078
5.2788 5.00474 3.00078
5.2788 5.00474 3.00078
5.2788 5.00474 3.00078
5.2788 5.00474 3.00078
5.2788 5.00474 3.00078
5.2788 5.00474 3.00078
5.2788 5.00474 3.00078
5.2788 5.00474 3.00078
5.2788 5.00474 3.00078
5.2788 5.00474 3.00078
5.2788 5.00474 3.00078
5.2788 5.00474 3.00078
5.2788 5.00474 3.00078
5.2788 5.00474 3.00078
5.2788 5.00474 3.00078
5.2788 5.00474 3.00078
5.2788 5.00474 3.00078
5.2788 5.00474 3.00078
5.2788 5.00474 3.00078
5.2788 5.00474 3.00078
5.2788 5.00474 3.00078
5.2788 5.00474 3.00078
5.2788 5.00474 3.00078
5.2788 5.00474 3.00078
5.2788 5.00474 3.00078
5.2788 5.00474 3.00078
5.2788 5.00474 3.00078
5.2788 5.00474 3.00078
5.2788 5.00474 3.00078
5.2788 5.00474 3.00078
5.2788 5.00474 3.00078
5.2788 5.00474 3.00078
5.2788 5.00474 3.00078
5.2788 5.00474 3.00078
5.2788 5.00474 3.00078
5.2788 5.00474 3.00078
5.2788 5.00474 3.00078
5.2788 5.00474 3.00078
5.2788 5.00474 3.00078
5.2788 5.00474 3.00078
5.2788 5.00474 3.00078
5.2788 5.00474 3.00078
5.2788 5.00474 3.00078
5.2788 5.00474 3.00078
5.2788 5.00474 3.00078
5.2788 5.00474 3.00078
5.2788 5.00474 3.00078
5.2788 5.00474 3.00078
5.2788 5.00474 3.00078
5.2788 5.00474 3.00078
5.2788 5.00474 3.00078
5.2788 5.00474 3.00078
5.2788 5.00474 3.00078
5.2788 5.00474 3.00078
5.2788 5.00474 3.00078
5.2788 5.00474 3.00078
5.2788 5.00474 3.00078
5.2788 5.00474 3.00078
5.2788 5.00474 3.00078
5.2788 5.00474 3.00078
5.2788 5.00474 3.00078
5.2788 5.00474 3.00078
5.2788 5.00474 3.00078
5.2788 5.00474 3.00078
5.2788 5.00474 3.00078
5.2788 5.00474 3.00078
5.2788 5.00474 3.00078
5.2788 5.00474 3.00078
5.2788 5.00474 3.00078
5.2788 5.00474 3.00078
5.2788 5.00474 3.00078
5.2788 5.00474 3.00078
5.2788 5.00474 3.00078
5.2788 5.00474 3.00078
5.2788 5.00474 3.00078
5.2788 5.00474 3.00078
5.2788 5.00474 3.00078
5.2788 5.00474 3.00078
5.2788 5.00474 3.00078
5.2788 5.00474 3.00078
5.2788 5.00474 3.00078
5.2788 5.00474 3.00078
5.2788 5.00474 3.00078
5.2788 5.00474 3.00078
5.2788 5.00474 3.00078
5.2788 5.00474 3.00078
5.2788 5.00474 3.00078
5.2788 5.00474 3.00078
5.2788 5.00474 3.00078
5.2788 5.00474 3.00078
5.2788 5.00474 3.00078
5.2788 5.00474 3.00078
5.2788 5.00474 3.00078
5.2788 5.00474 3.00078
5.2788 5.00474 3.00078
5.2788 5.00474 3.00078
5.2788 5.00474 3.00078
5.2788 5.00474 3.00078
5.2788 5.00474 3.00078
5.2788 5.00474 3.00078
5.2788 5.00474 3.00078
5.2788 5.00474 3.00078
5.2788 5.00474 3.00078
5.2788 5.00474 3.00078
5.2788 5.00474 3.00078
5.2788 5.00474 3.00078
5.2788 5.00474 3.00078
5.2788 5.00474 3.00078
5.2788 5.00474 3.00078
5.2788 5.00474 3.00078
5.2788 5.00474 3.00078
5.2788 5.00474 3.00078
5.2788 5.00474 3.00078
5.2788 5.00474 3.00078
5.2788 5.00474 3.00078
5.2788 5.00474 3.00078
5.2788 5.00474 3.00078
5.2788 5.00474 3.00078
5.2788 5.00474 3.00078
5.2788 5.00474 3.00078
5.2788 5.00474 3.00078
5.2788 5.00474 3.00078
5.2788 5.00474 3.00078
5.2788 5.00474 3.00078
5.2788 5.00474 3.00078
5.2788 5.00474 3.00078
5.2788 5.00474 3.00078
5.2788 5.00474 3.00078
5.2788 5.00474 3.00078
5.2788 5.00474 3.00078
5.2788 5.00474 3.00078
5.2788 5.00474 3.00078
5.2788 5.00474 3.00078
5.2788 5.00474 3.00078
5.2788 5.00474 3.00078
5.2788 5.00474 3.00078
5.2788 5.00474 3.00078
5.2788 5.00474 3.00078
5.2788 5.00474 3.00078
5.2788 5.00474 3.00078
5.2788 5.00474 3.00078
5.2788 5.00474 3.00078
5.2788 5.00474 3.00078
5.2788 5.00474 3.00078
5.2788 5.00474 3.00078
5.2788 5.00474 3.00078
5.2788 5.00474 3.00078
5.2788 5.00474 3.00078
5.2788 5.00474 3.00078
5.2788 5.00474 3.00078
5.2788 5.00474 3.00078
5.2788 5.00474 3.00078
5.2788 5.00474 3.00078
5.2788 5.00474 3.00078
5.2788 5.00474 3.00078
5.2788 5.00474 3.00078
5.2788 5.00474 3.00078
5.2788 5.00474 3.00078
5.2788 5.00474 3.00078
5.2788 5.00474 3.00078
5.2788 5.00474 3.00078
5.2788 5.00474 3.00078
5.2788 5.00474 3.00078
5.2788 5.00474 3.00078
5.2788 5.00474 3.00078
5.2788 5.00474 3.00078
5.2788 5.00474 3.00078
5.2788 5.00474 3.00078
5.2788 5.00474 3.00078
5.2788 5.00474 3.00078
5.2788 5.00474 3.00078
5.2788 5.00474 3.00078
5.2788 5.00474 3.00078
5.2788 5.00474 3.00078
5.2788 5.00474 3.00078
5.2788 5.00474 3.00078
5.2788 5.00474 3.00078
5.2788 5.00474 3.00078
5.2788 5.00474 3.00078
5.2788 5.00474 3.00078
5.2788 5.00474 3.00078
5.2788 5.00474 3.00078
5.2788 5.00474 3.00078
5.2788 5.00474 3.00078
5.2788 5.00474 3.00078
5.2788 5.00474 3.00078
5.2788 5.00474 3.00078
5.2788 5.00474 3.00078
5.2788 5.00474 3.00078
5.2788 5.00474 3.00078
5.2788 5.00474 3.00078
5.2788 5.00474 3.00078
5.2788 5.00474 3.00078
5.2788 5.00474 3.00078
5.2788 5.00474 3.00078
5.2788 5.00474 3.00078
5.2788 5.00474 3.00078
5.2788 5.00474 3.00078
5.2788 5.00474 3.00078
5.2788 5.00474 3.00078
5.2788 5.00474 3.00078
5.2788 5.00474 3.00078
5.2788 5.00474 3.00078
5.2788 5.00474 3.00078
5.2788 5.00474 3.00078
5.2788 5.00474 3.00078
5.2788 5.00474 3.00078
5.2788 5.00474 3.00078
5.2788 5.00474 3.00078
5.2788 5.00474 3.00078
5.2788 5.00474 3.00078
5.2788 5.00474 3.00078
5.2788 5.00474 3.00078
5.2788 5.00474 3.00078
5.2788 5.00474 3.00078
5.2788 5.00474 3.00078
5.2788 5.00474 3.00078
5.2788 5.00474 3.00078
5.2788 5.00474 3.00078
5.2788 5.00474 3.00078
5.2788 5.00474 3.00078
5.2788 5.00474 3.00078
5.2788 5.00474 3.00078
5.2788 5.00474 3.00078
5.2788 5.00474 3.00078
5.2788 5.00474 3.00078
5.2788 5.00474 3.00078
5.2788 5.00474 3.00078
5.2788 5.00474 3.00078
5.2788 5.00474 3.00078
5.2788 5.00474 3.00078
5.2788 5.00474 3.00078
5.2788 5.00474 3.00078
5.2788 5.00474 3.00078
5.2788 5.00474 3.00078
5.2788 5.00474 3.00078
5.2788 5.00474 3.00078
5.2788 5.00474 3.00078
5.2788 5.00474 3.00078
5.2788 5.00474 3.00078
5.2788 5.00474 3.00078
5.2788 5.00474 3.00078
5.2788 5.00474 3.00078
5.2788 5.00474 3.00078
5.2788 5.00474 3.00078
5.2788 5.00474 3.00078
5.2788 5.00474 3.00078
5.2788 5.00474 3.00078
5.2788 5.00474 3.00078
5.2788 5.00474 3.00078
5.2788 5.00474 3.00078
5.2788 5.00474 3.00078
5.2788 5.00474 3.00078
5.2788 5.00474 3.00078
5.2788 5.00474 3.00078
5.2788 5.00474 3.00078
5.2788 5.00474 3.00078
5.2788 5.00474 3.00078
5.2788 5.00474 3.00078
5.2788 5.00474 3.00078
5.2788 5.00474 3.00078
5.2788 5.00474 3.00078
5.2788 5.00474 3.00078
5.2788 5.00474 3.00078
5.2788 5.00474 3.00078
5.2788 5.00474 3.00078
5.2788 5.00474 3.00078
5.2788 5.00474 3.00078
5.2788 5.00474 3.00078
5.2788 5.00474 3.00078
5.2788 5.00474 3.00078
5.2788 5.00474 3.00078
5.2788 5.00474 3.00078
5.2788 5.00474 3.00078
5.2788 5.00474 3.00078
5.2788 5.00474 3.00078
5.2788 5.00474 3.00078
5.2788 5.00474 3.00078
5.2788 5.00474 3.00078
5.2788 5.00474 3.00078
5.2788 5.00474 3.00078
5.2788 5.00474 3.00078
5.2788 5.00474 3.00078
5.2788 5.00474 3.00078
5.2788 5.00474 3.00078
5.2788 5.00474 3.00078
5.2788 5.00474 3.00078
5.2788 5.00474 3.00078
5.2788 5.00474 3.00078
5.2788 5.00474 3.00078
5.2788 5.00474 3.00078
5.2788 5.00474 3.00078
5.2788 5.00474 3.00078
5.2788 5.00474 3.00078
5.2788 5.00474 3.00078
5.2788 5.00474 3.00078
5.2788 5.00474 3.00078
5.2788 5.00474 3.00078
5.2788 5.00474 3.00078
5.2788 5.00474 3.00078
5.2788 5.00474 3.00078
5.2788 5.00474 3.00078
5.2788 5.00474 3.00078
5.2788 5.00474 3.00078
5.2788 5.00474 3.00078
5.2788 5.00474 3.00078
5.2788 5.00474 3.00078
5.2788 5.00474 3.00078
5.2788 5.00474 3.00078
5.2788 5.00474 3.00078
5.2788 5.00474 3.00078
5.2788 5.00474 3.00078
5.2788 5.00474 3.00078
5.2788 5.00474 3.00078
5.2788 5.00474 3.00078
5.2788 5.00474 3.00078
5.2788 5.00474 3.00078
5.2788 5.00474 3.00078
5.2788 5.00474 3.00078
5.2788 5.00474 3.00078
5.2788 5.00474 3.00078
5.2788 5.00474 3.00078
5.2788 5.00474 3.00078
5.2788 5.00474 3.00078
5.2788 5.00474 3.00078
5.2788 5.00474 3.00078
5.2788 5.00474 3.00078
5.2788 5.00474 3.00078
5.2788 5.00474 3.00078
5.2788 5.00474 3.00078
5.2788 5.00474 3.00078
5.2788 5.00474 3.00078
5.2788 5.00474 3.00078
5.2788 5.00474 3.00078
5.2788 5.00474 3.00078
5.2788 5.00474 3.00078
5.2788 5.00474 3.00078
5.2788 5.00474 3.00078
5.2788 5.00474 3.00078
5.2788 5.00474 3.00078
5.2788 5.00474 3.00078
5.2788 5.00474 3.00078
5.2788 5.00474 3.00078
5.2788 5.00474 3.00078
5.2788 5.00474 3.00078
5.2788 5.00474 3.00078
5.2788 5.00474 3.00078
5.2788 5.00474 3.00078
5.2788 5.00474 3.00078
5.2788 5.00474 3.00078
5.2788 5.00474 3.00078
5.2788 5.00474 3.00078
5.2788 5.00474 3.00078
5.2788 5.00474 3.00078
5.2788 5.00474 3.00078
5.2788 5.00474 3.00078
5.2788 5.00474 3.00078
5.2788 5.00474 3.00078
5.2788 5.00474 3.00078
5.2788 5.00474 3.00078
5.2788 5.00474 3.00078
5.2788 5.00474 3.00078
5.2788 5.00474 3.00078
5.2788 5.00474 3.00078
5.2788 5.00474 3.00078
5.2788 5.00474 3.00078
5.2788 5.00474 3.00078
5.2788 5.00474 3.00078
5.2788 5.00474 3.00078
5.2788 5.00474 3.00078
5.2788 5.00474 3.00078
5.2788 5.00474 3.00078
5.2788 5.00474 3.00078
5.2788 5.00474 3.00078
5.2788 5.00474 3.00078
5.2788 5.00474 3.00078
5.2788 5.00474 3.00078
5.2788 5.00474 3.00078
5.2788 5.00474 3.00078
5.2788 5.00474 3.00078
5.2788 5.00474 3.00078
5.2788 5.00474 3.00078
5.2788 5.00474 3.00078
5.2788 5.00474 3.00078
5.2788 5.00474 3.00078
5.2788 5.00474 3.00078
5.2788 5.00474 3.00078
5.2788 5.00474 3.00078
5.2788 5.00474 3.00078
5.2788 5.00474 3.00078
5.2788 5.00474 3.00078
5.2788 5.00474 3.00078
5.2788 5.00474 3.00078
5.2788 5.00474 3.00078
5.2788 5.00474 3.00078
5.2788 5.00474 3.00078
5.2788 5.00474 3.00078
5.2788 5.00474 3.00078
5.2788 5.00474 3.00078
5.2788 5.00474 3.00078
5.2788 5.00474 3.00078
5.2788 5.00474 3.00078
5.2788 5.00474 3.00078
5.2788 5.00474 3.00078
5.2788 5.00474 3.00078
5.2788 5.00474 3.00078
5.2788 5.00474 3.00078
5.2788 5.00474 3.00078
5.2788 5.00474 3.00078
5.2788 5.00474 3.00078
5.2788 5.00474 3.00078
5.2788 5.00474 3.00078
5.2788 5.00474 3.00078
5.2788 5.00474 3.00078
5.2788 5.00474 3.00078
5.2788 5.00474 3.00078
5.2788 5.00474 3.00078
5.2788 5.00474 3.00078
5.2788 5.00474 3.00078
5.2788 5.00474 3.00078
5.2788 5.00474 3.00078
5.2788 5.00474 3.00078
5.2788 5.00474 3.00078
5.2788 5.00474 3.00078
5.2788 5.00474 3.00078
5.2788 5.00474 3.00078
5.2788 5.00474 3.00078
5.2788 5.00474 3.00078
5.2788 5.00474 3.00078
5.2788 5.00474 3.00078
5.2788 5.00474 3.00078
5.2788 5.00474 3.00078
5.2788 5.00474 3.00078
5.2788 5.00474 3.00078
5.2788 5.00474 3.00078
5.2788 5.00474 3.00078
5.2788 5.00474 3.00078
5.2788 5.00474 3.00078
5.2788 5.00474 3.00078
5.2788 5.00474 3.00078
5.2788 5.00474 3.00078
5.2788 5.00474 3.00078
5.2788 5.00474 3.00078
5.2788 5.00474 3.00078
5.2788 5.00474 3.00078
5.2788 5.00474 3.00078
5.2788 5.00474 3.00078
5.2788 5.00474 3.00078
5.2788 5.00474 3.00078
5.2788 5.00474 3.00078
5.2788 5.00474 3.00078
5.2788 5.00474 3.00078
5.2788 5.00474 3.00078
5.2788 5.00474 3.00078
5.2788 5.00474 3.00078
5.2788 5.00474 3.00078
5.2788 5.00474 3.00078
5.2788 5.00474 3.00078
5.2788 5.00474 3.00078
5.2788 5.00474 3.00078
5.2788 5.00474 3.00078
5.2788 5.00474 3.00078
5.2788 5.00474 3.00078
5.2788 5.00474 3.00078
5.2788 5.00474 3.00078
5.2788 5.00474 3.00078
5.2788 5.00474 3.00078
5.2788 5.00474 3.00078
5.2788 5.00474 3.00078
5.2788 5.00474 3.00078
5.2788 5.00474 3.00078
5.2788 5.00474 3.00078
5.2788 5.00474 3.00078
5.2788 5.00474 3.00078
5.2788 5.00474 3.00078
5.2788 5.00474 3.00078
5.2788 5.00474 3.00078
5.2788 5.00474 3.00078
5.2788 5.00474 3.00078
5.2788 5.00474 3.00078
5.2788 5.00474 3.00078
5.2788 5.00474 3.00078
