-7.58647e-06 -1.02263e-05 -2.37505e-06
-7.54259e-06 -1.02351e-05 -2.37247e-06
-7.44929e-06 -1.02542e-05 -2.36646e-06
-7.30768e-06 -1.02795e-05 -2.36023e-06
-7.00404e-06 -1.03244e-05 -2.35429e-06
-6.59645e-06 -1.03641e-05 -2.3614e-06
-6.27625e-06 -1.03784e-05 -2.37877e-06
-5.92929e-06 -1.03747e-05 -2.41049e-06
-5.56773e-06 -1.03459e-05 -2.45934e-06
-5.19817e-06 -1.02869e-05 -2.52672e-06
-4.82828e-06 -1.01934e-05 -2.61258e-06
-4.46813e-06 -1.00615e-05 -2.71604e-06
-4.11804e-06 -9.89063e-06 -2.83373e-06
-3.77588e-06 -9.68277e-06 -2.96001e-06
-3.45525e-06 -9.43723e-06 -3.08947e-06
-3.17737e-06 -9.15283e-06 -3.21615e-06
-2.93319e-06 -8.83691e-06 -3.33011e-06
-2.68591e-06 -8.50481e-06 -3.41753e-06
-2.38408e-06 -8.17371e-06 -3.46498e-06
-1.89036e-06 -7.87748e-06 -3.45507e-06
-1.11151e-06 -7.6406e-06 -3.37264e-06
-7.34391e-08 -7.45525e-06 -3.22144e-06
1.29831e-06 -7.31866e-06 -3.00598e-06
3.02656e-06 -7.2251e-06 -2.73095e-06
5.08736e-06 -7.13945e-06 -2.41858e-06
7.49257e-06 -7.03692e-06 -2.08803e-06
1.02421e-05 -6.88549e-06 -1.75838e-06
1.32888e-05 -6.63701e-06 -1.45855e-06
1.65645e-05 -6.23908e-06 -1.21447e-06
2.00336e-05 -5.6486e-06 -1.04597e-06
2.36883e-05 -4.83373e-06 -9.62443e-07
2.74732e-05 -3.75574e-06 -9.70386e-07
3.129e-05 -2.371e-06 -1.07189e-06
3.51374e-05 -6.80492e-07 -1.25416e-06
3.90912e-05 1.29177e-06 -1.48503e-06
4.31817e-05 3.55171e-06 -1.70729e-06
4.73982e-05 6.08749e-06 -1.88705e-06
5.16745e-05 8.89653e-06 -1.9711e-06
5.59201e-05 1.1972e-05 -1.91014e-06
6.00343e-05 1.53019e-05 -1.63946e-06
6.389e-05 1.88756e-05 -1.09926e-06
6.73526e-05 2.26714e-05 -2.22336e-07
7.03141e-05 2.66514e-05 1.06884e-06
7.2801e-05 3.074e-05 2.86165e-06
7.48474e-05 3.48494e-05 5.24486e-06
7.63851e-05 3.89186e-05 8.28768e-06
7.7391e-05 4.28717e-05 1.20569e-05
7.78905e-05 4.66188e-05 1.66155e-05
7.78974e-05 5.00818e-05 2.20005e-05
7.74498e-05 5.31825e-05 2.82344e-05
7.66065e-05 5.58458e-05 3.53221e-05
7.53565e-05 5.80257e-05 4.32345e-05
7.35763e-05 5.97155e-05 5.19053e-05
7.11803e-05 6.09114e-05 6.12474e-05
6.81484e-05 6.15989e-05 7.11637e-05
6.44224e-05 6.17863e-05 8.15283e-05
6.0054e-05 6.14674e-05 9.2201e-05
5.52748e-05 6.05971e-05 0.000103048
5.01808e-05 5.91735e-05 0.000113908
4.47805e-05 5.72376e-05 0.000124584
3.92274e-05 5.47953e-05 0.00013489
3.36585e-05 5.18677e-05 0.000144633
2.81502e-05 4.85076e-05 0.000153601
2.27108e-05 4.47849e-05 0.000161581
1.73048e-05 4.0789e-05 0.00016836
1.19321e-05 3.65989e-05 0.00017374
6.58846e-06 3.22923e-05 0.000177544
1.26374e-06 2.79453e-05 0.000179612
-4.08508e-06 2.36147e-05 0.00017982
-9.4174e-06 1.93374e-05 0.000178082
-1.46783e-05 1.51737e-05 0.000174319
-1.9855e-05 1.11258e-05 0.000168523
-2.4945e-05 7.21924e-06 0.000160696
-2.99769e-05 3.45744e-06 0.000150892
-3.49903e-05 -1.62578e-07 0.00013918
-4.00234e-05 -3.69423e-06 0.000125687
-4.50842e-05 -7.17971e-06 0.000110551
-5.01297e-05 -1.06465e-05 9.39897e-05
-5.51498e-05 -1.41688e-05 7.61936e-05
-6.01738e-05 -1.77988e-05 5.73878e-05
-6.53227e-05 -2.15993e-05 3.77986e-05
-7.07405e-05 -2.5593e-05 1.76542e-05
-7.64854e-05 -2.98499e-05 -2.95373e-06
-8.26118e-05 -3.44308e-05 -2.37578e-05
-8.91005e-05 -3.93873e-05 -4.44291e-05
-9.58601e-05 -4.48074e-05 -6.46795e-05
-0.000102843 -5.07404e-05 -8.42479e-05
-0.000110122 -5.71999e-05 -0.000102993
-0.000117926 -6.41459e-05 -0.000120816
-0.000126569 -7.1515e-05 -0.000137604
-0.000136428 -7.9224e-05 -0.000153241
-0.000147669 -8.72296e-05 -0.000167662
-0.000159998 -9.55975e-05 -0.00018081
-0.000172977 -0.000104424 -0.00019261
-0.000186334 -0.000113745 -0.000203022
-0.000199835 -0.00012357 -0.00021206
-0.000213229 -0.000133899 -0.00021979
-0.000226296 -0.000144695 -0.000226317
-0.00023903 -0.000155859 -0.000231774
-0.000257949 -0.000172907 -0.000238381
-0.000276374 -0.000189974 -0.000243688
-0.000294237 -0.000206582 -0.00024842
-0.00031127 -0.000222305 -0.000253277
-0.000327012 -0.000236799 -0.000258882
-0.000341105 -0.000249743 -0.000265766
-0.000352907 -0.000260951 -0.000274308
-0.000361774 -0.000270297 -0.000284733
-0.00036701 -0.000277719 -0.000297117
-0.00036874 -0.000283028 -0.000311428
-0.000367821 -0.000285921 -0.00032754
-0.000364531 -0.00028635 -0.000345053
-0.000359175 -0.000284348 -0.000363405
-0.000351938 -0.000280085 -0.000381846
-0.000342795 -0.000273864 -0.000399487
-0.000331526 -0.000266083 -0.000415352
-0.000318077 -0.000257114 -0.000428481
-0.00030232 -0.000247318 -0.000437965
-0.000284313 -0.000236949 -0.000443037
-0.000264362 -0.000226118 -0.000443112
-0.000242777 -0.000214848 -0.000437797
-0.000219884 -0.000203069 -0.000426893
-0.000196439 -0.000190544 -0.000410433
-0.000173229 -0.000177 -0.0003886
-0.000150258 -0.000162337 -0.00036165
-0.000126904 -0.000146619 -0.000329881
-0.000102938 -0.000129792 -0.00029376
-7.78663e-05 -0.000111885 -0.000253798
-5.11931e-05 -9.28992e-05 -0.000210608
-2.20542e-05 -7.29027e-05 -0.000164834
9.44881e-06 -5.19318e-05 -0.000117166
4.35779e-05 -2.96561e-05 -6.84694e-05
7.98783e-05 -5.78177e-06 -1.96657e-05
0.000117625 1.95761e-05 2.76853e-05
0.00015621 4.71338e-05 7.38423e-05
0.00019479 7.69345e-05 0.00011839
0.000231952 0.000109065 0.00016102
0.000266586 0.000143307 0.000201868
0.000298508 0.000178995 0.000241287
0.000327854 0.000215211 0.000279937
0.000355044 0.000250863 0.000318527
0.000380128 0.000284915 0.000357766
0.000403067 0.000316417 0.000398195
0.000421745 0.000343833 0.000440592
0.000464904 0.000365918 0.000485122
0.00097009 0.00038119 0.000525882
0.00137385 0.000391986 0.00122486
0.00163136 0.000400062 0.00198023
0.00164762 0.000407519 0.00272995
0.00165047 0.000410704 0.0034699
0.00164635 0.000410824 0.00416276
0.00163963 0.0004075 0.00480825
0.0016311 0.000401122 0.00539516
0.00162091 0.000392323 0.00590561
0.00160979 0.000381481 0.00631466
0.00159815 0.000369195 0.00660487
0.00158661 0.000356008 0.00676299
0.00157508 0.000342505 0.00678384
0.00156281 0.000329067 0.00677401
0.00155022 0.000315974 0.00675375
0.00153755 0.000303337 0.00672414
0.00152481 0.000291239 0.00668506
0.0015118 0.000279611 0.00663775
0.00149817 0.000268283 0.00658309
0.00148388 0.000256897 0.00652274
0.00146909 0.000244957 0.00645827
0.0014542 0.000231912 0.0063916
0.00144437 0.00022235 0.00634679
0.00143434 0.000212038 0.00630227
0.00142383 0.000200959 0.00625834
0.00141268 0.000189275 0.0061145
0.00140076 0.00017773 0.00575976
0.00138822 0.000164737 0.00545852
0.00137504 0.000150925 0.00515982
0.00136109 0.000136573 0.00487945
0.00134668 0.000121122 0.00461932
0.0013318 0.000105164 0.00437444
0.0013167 8.84761e-05 0.00414833
0.00130154 7.12571e-05 0.00394021
0.00128632 5.3681e-05 0.00374909
0.00127097 3.59365e-05 0.0035739
0.00125555 1.82395e-05 0.0034129
0.00124014 7.55792e-07 0.00326548
0.00122472 -1.66207e-05 0.00312934
0.00120978 -3.32055e-05 0.00300294
0.00115484 -4.85524e-05 0.00288359
0.00110302 -6.30512e-05 0.0027715
0.00105095 -7.65838e-05 0.00266728
0.00099988 -8.86853e-05 0.0025671
0.000953329 -9.98476e-05 0.00247251
0.000910935 -0.00010994 0.00238384
0.000870957 -0.000118506 0.00229719
0.000835048 -0.000125929 0.00221524
0.000803396 -0.00013205 0.00213728
0.000776519 -0.000136955 0.00206282
0.000754291 -0.000140645 0.00199333
0.000736531 -0.000143127 0.00192829
0.000722758 -0.000144434 0.00186871
0.000712291 -0.000144573 0.00181508
0.000704359 -0.000143571 0.00176822
0.000698088 -0.000141472 0.00172913
0.000692679 -0.000138342 0.00169876
0.000687936 -0.000134318 0.00167843
0.000684456 -0.000129606 0.00166974
0.000682568 -0.000124391 0.00167052
0.000682204 -0.00011879 0.00167308
0.000682513 -0.000112964 0.00167767
0.000683107 -0.000107027 0.00168434
0.000683758 -0.000101053 0.00169318
0.000684365 -9.51474e-05 0.0017042
0.000684822 -8.9391e-05 0.00171741
0.000684998 -8.38466e-05 0.00173273
0.000684836 -7.85806e-05 0.0017501
0.000684286 -7.36433e-05 0.00176939
0.000683342 -6.9062e-05 0.00179043
0.000681228 -6.48457e-05 0.00181301
0.00067411 -6.09828e-05 0.0018369
0.000665009 -5.74843e-05 0.00186181
0.000653745 -5.43697e-05 0.00188751
0.000640891 -5.16464e-05 0.00191367
0.000626992 -4.9361e-05 0.00194001
0.000612415 -4.74977e-05 0.00196619
0.000597685 -4.60651e-05 0.0019919
0.000583364 -4.5061e-05 0.00201679
0.000569997 -4.45413e-05 0.00209845
0.000558253 -4.48393e-05 0.00224374
0.000548191 -4.51626e-05 0.00236478
0.000539494 -4.57423e-05 0.00247885
0.00053167 -4.64806e-05 0.00257756
0.000523995 -4.70665e-05 0.00266077
0.00051618 -4.76206e-05 0.00272853
0.000507117 -4.79047e-05 0.00277838
0.000497222 -4.79697e-05 0.00280989
0.000487841 -4.79586e-05 0.00282368
0.00047807 -4.78035e-05 0.00282299
0.000469043 -4.77081e-05 0.0028193
0.000460591 -4.77121e-05 0.00281275
0.000453319 -4.79041e-05 0.00280352
0.000447503 -4.84241e-05 0.00279188
0.000443267 -4.93262e-05 0.00277797
0.000440629 -5.06976e-05 0.00276199
0.000439167 -5.25686e-05 0.00274398
0.000438747 -5.4938e-05 0.00270288
0.000438951 -5.76305e-05 0.00259786
0.000439523 -6.10181e-05 0.00249249
0.000440619 -6.50633e-05 0.00238112
0.000442088 -6.9634e-05 0.0022665
0.000443879 -7.48067e-05 0.00214933
0.000445925 -8.04185e-05 0.00202991
0.000448266 -8.6469e-05 0.00190959
0.000450999 -9.2882e-05 0.00178911
0.000454282 -9.95888e-05 0.00166902
0.000458292 -0.000106514 0.00154994
0.000463277 -0.000113575 0.00143252
0.000469349 -0.000120649 0.0013174
0.000476491 -0.000127555 0.00120481
0.000484626 -0.000134095 0.00109493
0.000493508 -0.000140031 0.000988042
0.000502822 -0.000145113 0.000884419
0.000512394 -0.000149144 0.000784398
0.00052212 -0.000151966 0.00068839
0.000531818 -0.000153433 0.000596958
0.000541369 -0.000153447 0.000510893
0.000550706 -0.000151966 0.000431144
0.000559769 -0.000148985 0.000358724
0.000568475 -0.000144539 0.000294804
0.000576693 -0.000138687 0.000240711
0.000584273 -0.000131524 0.000197836
0.00059102 -0.00012317 0.000167574
0.000596802 -0.000113788 0.000151344
0.00060171 -0.00010362 0.000149451
0.000605795 -9.28867e-05 0.000153041
0.000608994 -8.17976e-05 0.00016043
0.000611344 -7.0621e-05 0.000171834
0.0006129 -5.95911e-05 0.000187388
0.00061373 -4.89387e-05 0.000207183
0.000613864 -3.88606e-05 0.00023122
0.000613099 -2.9467e-05 0.000259392
0.000611332 -2.08576e-05 0.000291514
0.000608703 -1.31642e-05 0.000327346
0.000605256 -6.46718e-06 0.000366531
0.000600947 -7.80796e-07 0.000408679
0.00059566 3.96356e-06 0.000453266
0.000589295 7.73717e-06 0.000499711
0.000581763 1.07324e-05 0.000547454
0.000573131 1.27453e-05 0.000717208
0.000563977 1.29862e-05 0.00109389
0.000554676 1.30274e-05 0.00142879
0.000545827 1.22769e-05 0.00176876
0.000538002 1.0537e-05 0.00209528
0.000531154 8.54423e-06 0.00240549
0.000525465 5.94441e-06 0.00269891
0.000520575 3.33366e-06 0.00296649
0.000516468 8.25657e-07 0.0032056
0.000513244 -1.44694e-06 0.00341429
0.000510987 -3.29683e-06 0.00358873
0.000510016 -4.66641e-06 0.00372571
0.000510438 -5.44696e-06 0.00382326
0.000512309 -5.55898e-06 0.00388067
0.000515707 -4.96639e-06 0.00389721
0.00052051 -3.63752e-06 0.00389326
0.000526669 -1.65274e-06 0.00388382
0.000534169 1.0056e-06 0.00386887
0.000542918 4.28126e-06 0.00384889
0.000552789 8.10819e-06 0.00382413
0.000563639 1.24048e-05 0.00379502
0.000575316 1.70379e-05 0.00376216
0.000587639 2.18936e-05 0.00372618
0.00060039 2.68462e-05 0.00368769
0.000613296 3.17654e-05 0.00364737
0.000626071 3.65159e-05 0.00360611
0.000638515 4.13366e-05 0.00338401
0.000659029 4.58382e-05 0.00314336
0.000684423 4.90946e-05 0.0029132
0.000707523 5.20741e-05 0.00268567
0.000728385 5.40431e-05 0.00247173
0.000746694 5.51224e-05 0.00227179
0.000762017 5.5284e-05 0.00208881
0.000774274 5.43686e-05 0.00192559
0.000782957 5.24504e-05 0.0017829
0.000788852 4.94727e-05 0.00166252
0.000792061 4.53387e-05 0.00156622
0.000793273 4.01483e-05 0.0014941
0.000793014 3.39143e-05 0.0014461
0.000791985 2.6809e-05 0.00142163
0.00079016 1.90077e-05 0.00141846
0.00078753 1.0764e-05 0.00142206
0.000784078 2.29269e-06 0.001429
0.000779904 -6.22659e-06 0.00143889
0.000775308 -1.45112e-05 0.00145139
0.000770494 -2.2401e-05 0.00146606
0.000765692 -2.96712e-05 0.00148246
0.000761234 -3.61447e-05 0.00150012
0.00075729 -4.16443e-05 0.0015186
0.00075378 -4.59347e-05 0.00153744
0.000750696 -4.88337e-05 0.00155622
0.000748137 -5.02295e-05 0.00157456
0.000746183 -5.00363e-05 0.00159215
0.00074495 -4.82207e-05 0.00160875
0.000744383 -4.47566e-05 0.00162417
0.000744445 -3.96666e-05 0.00163825
0.000744998 -3.30065e-05 0.00165095
0.000745964 -2.48784e-05 0.00166227
0.000747341 -1.5475e-05 0.00167228
0.000749211 -5.02706e-06 0.00168115
0.00075152 6.08588e-06 0.00168898
0.000754262 1.78331e-05 0.00169611
0.000757389 2.98289e-05 0.00172642
0.000760829 4.17713e-05 0.00176822
0.000764317 5.36384e-05 0.0018076
0.000767789 6.5055e-05 0.00185027
0.000771358 7.57729e-05 0.001896
0.000775002 8.55765e-05 0.00194676
0.000778838 9.4229e-05 0.00200376
0.000782671 0.000101613 0.00206768
0.000786104 0.000107768 0.00213846
0.000789224 0.000112546 0.00221631
0.000791929 0.00011595 0.00230117
0.000794888 0.000118054 0.00239179
0.000799027 0.000118793 0.00248761
0.000802674 0.000118305 0.00258726
0.000806126 0.000116676 0.00268888
0.000809669 0.000114041 0.00279095
0.000813547 0.000110579 0.00289106
0.000817887 0.000106495 0.0029871
0.000822935 0.000102004 0.00307672
0.000828852 9.73394e-05 0.00315758
0.000835324 9.27884e-05 0.0032274
0.000842972 8.84368e-05 0.00328452
0.000851161 8.47329e-05 0.00332634
0.000860122 8.17364e-05 0.00335155
0.000869788 7.96596e-05 0.00335914
0.000880435 7.85754e-05 0.0033572
0.000892706 7.84506e-05 0.00335249
0.000906831 7.93449e-05 0.0033449
0.000923044 8.12452e-05 0.00333463
0.00094146 8.41114e-05 0.00332184
0.00096126 8.80001e-05 0.00330674
0.000981572 9.29287e-05 0.00328962
0.00100231 9.87772e-05 0.00327087
0.00102298 0.00010544 0.0032509
0.00104289 0.000112823 0.00323016
0.00106205 0.000120707 0.00320917
0.00108093 0.000128799 0.0031885
0.00109923 0.000136959 0.00312604
0.00111693 0.00014519 0.00302053
0.00113423 0.000152732 0.00293287
0.00115046 0.000159721 0.00285375
0.00116498 0.000166042 0.0027891
0.00117772 0.000171424 0.00274004
0.00118815 0.000175924 0.00270718
0.00119591 0.000179411 0.00269174
0.00120069 0.000181883 0.00269168
0.00120213 0.00018338 0.00269575
0.00120118 0.000183898 0.00270327
0.0011987 0.000183411 0.00271407
0.00119471 0.00018198 0.00272797
0.00118926 0.000179652 0.00274472
0.00118247 0.000176471 0.00277287
0.00117452 0.000172267 0.00288889
0.00116553 0.000167347 0.00301265
0.00115563 0.000162002 0.00314414
0.00114509 0.000156046 0.00328235
0.00113401 0.000149839 0.00342229
0.00112247 0.000143426 0.00356234
0.0011104 0.000137016 0.00369952
0.00109784 0.000130766 0.00383143
0.00108489 0.000124766 0.00395566
0.00107184 0.000119086 0.00406976
0.00105909 0.000113719 0.00417201
0.00104675 0.000108725 0.00426075
0.00103496 0.000104137 0.00433424
0.00102377 9.99765e-05 0.00439118
0.0010131 9.62858e-05 0.00443056
0.00100298 9.30462e-05 0.00445174
0.00099341 9.02297e-05 0.00445509
0.00098437 8.77632e-05 0.00445194
0.000975891 8.55352e-05 0.00444545
0.000967804 8.35177e-05 0.00443569
0.000959878 8.16382e-05 0.00442284
0.000945932 7.96258e-05 0.00440712
0.000925996 7.74227e-05 0.00438887
0.000905829 7.51943e-05 0.00436813
0.000885239 7.25013e-05 0.0043455
0.000864286 6.93893e-05 0.00432115
0.000842779 6.56133e-05 0.00429554
0.00082077 6.10882e-05 0.00426901
0.000797868 5.5715e-05 0.00424178
0.000773257 4.95111e-05 0.00417709
0.000746354 4.28505e-05 0.00399436
0.00071736 3.49852e-05 0.003826
0.000686531 2.59921e-05 0.00365638
0.000653544 1.60894e-05 0.00349068
0.000619023 4.93469e-06 0.00333094
0.000583026 -7.41782e-06 0.00317531
0.000545757 -2.08085e-05 0.00302558
0.000506608 -3.50623e-05 0.00288107
0.000465675 -5.00943e-05 0.00274214
0.00042297 -6.5775e-05 0.00260824
0.000378427 -8.18966e-05 0.0024785
0.000332473 -9.83463e-05 0.00235256
0.000285792 -0.000115022 0.00222991
0.000238772 -0.000131771 0.00210962
0.000191872 -0.00014844 0.00199072
0.000145485 -0.000164888 0.00187248
9.994e-05 -0.000180973 0.00175424
5.56236e-05 -0.000196559 0.00163524
1.27132e-05 -0.000211504 0.00151469
-2.879e-05 -0.000225666 0.00139203
-6.8576e-05 -0.000238953 0.00126702
-0.000105976 -0.000251322 0.00113961
-0.00014058 -0.000262722 0.00100978
-0.000171907 -0.000273124 0.000877698
-0.000199362 -0.000282534 0.000743914
-0.000222781 -0.000290928 0.000608986
-0.000241963 -0.000298294 0.000473494
-0.000256749 -0.000304638 0.000338273
-0.000267398 -0.000309935 0.000204225
-0.000274219 -0.000314168 7.23428e-05
-0.000277748 -0.000317319 -5.62966e-05
-0.000278602 -0.000319371 -0.000180584
-0.000278196 -0.000320325 -0.000299221
-0.000277363 -0.000320186 -0.000410826
-0.000276333 -0.000319004 -0.000513893
-0.000276342 -0.000309894 -0.000431645
-0.000274679 -0.000307297 -0.000414479
-0.000273325 -0.000302785 -0.000426003
-0.000269151 -0.000299181 -0.000436667
-0.000264572 -0.000296601 -0.000451728
-0.000259634 -0.000292189 -0.000463461
-0.000255112 -0.000287483 -0.000466082
-0.000250665 -0.000282027 -0.000452683
-0.000246863 -0.000276542 -0.000450689
-0.000242538 -0.000272475 -0.000452018
-0.000237854 -0.000268574 -0.000452023
-0.00023316 -0.000264753 -0.00044879
-0.000228538 -0.000261184 -0.000443527
-0.000224183 -0.000257735 -0.000436458
-0.000220072 -0.000254663 -0.000426804
-0.000216234 -0.000251816 -0.000414997
-0.000212514 -0.000249141 -0.000401654
-0.000208861 -0.000246575 -0.000386866
-0.000205212 -0.000244101 -0.000370059
-0.000201433 -0.000241691 -0.000351401
-0.000197573 -0.000239228 -0.000331842
-0.000193693 -0.000236639 -0.000312478
-0.000189743 -0.000233856 -0.000293039
-0.000185352 -0.000230875 -0.000273883
-0.000180276 -0.000227682 -0.000255924
-0.000174431 -0.000224182 -0.000238948
-0.000167601 -0.000220252 -0.000222615
-0.000159553 -0.000215938 -0.000207007
-0.000150239 -0.00021108 -0.000191832
-0.000139823 -0.000205533 -0.000177301
-0.000128462 -0.000199195 -0.000163514
-0.000116141 -0.000192026 -0.00015057
-0.000102903 -0.000183975 -0.000138561
-8.86708e-05 -0.000175027 -0.000127618
-7.34216e-05 -0.000165182 -0.000117704
-5.72803e-05 -0.000154424 -0.000108671
-4.05251e-05 -0.000142724 -0.000100429
-2.34091e-05 -0.000130095 -9.30096e-05
-6.17842e-06 -0.000116588 -8.64097e-05
1.09387e-05 -0.000102279 -8.04736e-05
2.77917e-05 -8.72855e-05 -7.49453e-05
4.41768e-05 -7.17348e-05 -6.96061e-05
6.00039e-05 -5.58075e-05 -6.42876e-05
7.53075e-05 -3.97457e-05 -5.87881e-05
8.99999e-05 -2.37598e-05 -5.28829e-05
0.000103972 -8.10527e-06 -4.63655e-05
0.000137942 6.52208e-06 -3.89278e-05
0.000179479 2.02255e-05 -3.04288e-05
0.000220159 3.31808e-05 -2.07936e-05
0.000260015 4.48893e-05 -9.77907e-06
0.000296688 5.56584e-05 2.52191e-06
0.000328645 6.55693e-05 3.29229e-05
0.000359929 7.37869e-05 0.000162589
0.00038784 8.09558e-05 0.000303135
0.000412992 8.70919e-05 0.000452044
0.000435472 9.19901e-05 0.000613597
0.000455733 9.59108e-05 0.000781715
0.000473903 9.88524e-05 0.000957301
0.000489977 0.000101014 0.00114425
0.000503929 0.00010262 0.00134095
0.000516015 0.000103708 0.0015407
0.000526292 0.000104468 0.00173766
0.000534993 0.000105066 0.00192955
0.000542701 0.000105591 0.00211422
0.000549974 0.000106184 0.00228991
0.000557123 0.000106974 0.0024546
0.000564559 0.00010806 0.00260613
0.000572561 0.000109524 0.00274269
0.000581184 0.000111447 0.00286263
0.000590552 0.000113892 0.0029646
0.000600757 0.000116893 0.0030479
0.000611808 0.000120466 0.00311239
0.000623934 0.000124573 0.00315834
0.000637398 0.000129151 0.0031856
0.000652175 0.000134137 0.00319386
0.000668434 0.000139417 0.00319229
0.000686543 0.000144814 0.00318857
0.000706476 0.000150259 0.00318271
0.000727821 0.000155671 0.00317499
0.000749903 0.000160981 0.00316564
0.000772081 0.000166129 0.0031549
0.000793605 0.000171045 0.00314304
0.000814009 0.00017565 0.00313036
0.00083297 0.000179842 0.00311716
0.000849976 0.000183547 0.00310372
0.00086499 0.000186656 0.00309034
0.000878024 0.000189058 0.0030773
0.000888878 0.000190691 0.00306483
0.000897735 0.00019147 0.00305318
0.000904801 0.000191329 0.00304254
0.000909761 0.000190277 0.00303303
0.000913566 0.00018825 0.00302478
0.000916326 0.000185262 0.00301785
0.000917829 0.000181421 0.00301222
0.000917791 0.000176852 0.00300783
0.000917072 0.000171678 0.0030046
0.000915821 0.000166004 0.00300242
0.000914214 0.00015994 0.00300116
0.000912307 0.000153627 0.00300064
0.000910156 0.000147217 0.00300069
0.000907806 0.000140864 0.00300111
0.000905281 0.000134723 0.00300171
0.000902576 0.000128945 0.0030023
0.000899788 0.000123648 0.00300271
0.000897277 0.00011887 0.00300282
0.000895233 0.000114674 0.0030025
0.000893754 0.000111142 0.00300165
0.000893051 0.000108299 0.0030002
0.000893123 0.00010621 0.0029981
0.000893744 0.000104979 0.00299528
0.000894831 0.00010465 0.00299176
0.000896296 0.000105237 0.00298759
0.00089793 0.000106764 0.00298284
0.000899554 0.000109223 0.0029776
0.000901166 0.000112519 0.00297204
0.000902745 0.000116549 0.00296634
0.000904246 0.000121192 0.00296075
0.000905683 0.000126294 0.00295546
0.000907077 0.000131687 0.00295073
0.00090844 0.000137201 0.00294679
0.000909857 0.000142653 0.00294386
0.000911479 0.000147857 0.00294222
0.000913229 0.000152684 0.00294195
0.000914772 0.0001571 0.00294318
0.000915972 0.000161031 0.00294598
0.000916774 0.000164397 0.00295045
0.000916971 0.000167212 0.00295656
0.00091644 0.000169448 0.0029643
0.000915035 0.000171102 0.00297361
0.000912586 0.00017221 0.00298438
0.000909017 0.00017278 0.00299647
0.000904428 0.000172791 0.00300975
0.000898901 0.000172239 0.00302403
0.000892403 0.000171157 0.00303911
0.000884874 0.000169589 0.00305477
0.000876299 0.000167571 0.00307084
0.000866677 0.000165143 0.00308714
0.000856041 0.000162326 0.00310335
0.000844591 0.000159097 0.00311915
0.000832589 0.000155419 0.00313427
0.000820371 0.000151247 0.00314842
0.000808244 0.000146544 0.00316136
0.00079628 0.000141343 0.00317281
0.000784597 0.000135674 0.00318252
0.000773183 0.000129593 0.00319025
0.000761974 0.000123179 0.00320583
0.000751045 0.000116414 0.00323487
0.000740528 0.00010946 0.00324001
0.000730601 0.000102313 0.00323772
0.000721333 9.49264e-05 0.00323266
0.000712631 8.74745e-05 0.00322462
0.000704464 7.99603e-05 0.00321369
0.00069682 7.24505e-05 0.00319982
0.000689623 6.49965e-05 0.00318306
0.000678478 5.76506e-05 0.00316349
0.000661808 5.05485e-05 0.00314124
0.000648327 4.32843e-05 0.00311681
0.000634077 3.62695e-05 0.00309031
0.000620256 2.94444e-05 0.00306204
0.000606251 2.26666e-05 0.00303237
0.000592346 1.60353e-05 0.00300251
0.000578575 9.37838e-06 0.00294683
0.000564873 3.07982e-06 0.00279461
0.000551605 -3.33853e-06 0.00265084
0.000539021 -1.01976e-05 0.00251002
0.000526885 -1.71771e-05 0.0023683
0.000515409 -2.46217e-05 0.00222825
0.000504582 -3.24171e-05 0.0020894
0.000494182 -4.05321e-05 0.00195346
0.000483993 -4.89468e-05 0.00182168
0.000473859 -5.75923e-05 0.00169463
0.000463605 -6.64347e-05 0.00157256
0.000453015 -7.53919e-05 0.00145546
0.000441958 -8.43892e-05 0.00134367
0.000430253 -9.33362e-05 0.00123779
0.000417684 -0.000102136 0.00113828
0.000404124 -0.000110712 0.00104535
0.000389735 -0.000119019 0.000959016
0.000374986 -0.000127046 0.000879319
0.000360122 -0.000134759 0.00080641
0.000345419 -0.000142123 0.000740481
0.000331277 -0.000149124 0.000681751
0.000318017 -0.000155732 0.000630253
0.000305876 -0.000161911 0.000585836
0.000294999 -0.000167616 0.000548314
0.00028541 -0.000172786 0.000517515
0.000277074 -0.000177354 0.000493318
0.000270004 -0.000181261 0.000475601
0.000264066 -0.000184439 0.00046415
0.000259091 -0.000186828 0.000458664
0.000254854 -0.000188374 0.000458297
0.000250861 -0.000188989 0.000459709
0.000246822 -0.000188638 0.000462398
0.000242661 -0.000187348 0.000466365
0.000238467 -0.000185167 0.000471597
0.000234789 -0.000182216 0.000478109
0.00023188 -0.000178597 0.000485915
0.000229839 -0.000174396 0.000494883
0.000228881 -0.000169731 0.00050515
0.000228972 -0.00016469 0.000516651
0.000229558 -0.000159345 0.000529388
0.000230645 -0.000153781 0.000543313
0.000232109 -0.000148043 0.000558362
0.000233623 -0.000142122 0.000574309
0.000235049 -0.000136077 0.000590926
0.000236358 -0.000129955 0.000607723
0.000237393 -0.000123848 0.000624485
0.000238028 -0.000117802 0.000640406
0.000238302 -0.000111867 0.000656383
0.000238421 -0.00010608 0.00067248
0.000238503 -0.000100594 0.000688769
0.000238625 -9.54195e-05 0.000705237
0.000238933 -9.06418e-05 0.000721911
0.000239447 -8.62866e-05 0.000738663
0.000240078 -8.23278e-05 0.000755375
0.000240793 -7.87557e-05 0.00077192
0.000241627 -7.55606e-05 0.000788157
0.000242519 -7.26995e-05 0.000803933
0.000243507 -7.01384e-05 0.000819102
0.000244727 -6.78664e-05 0.000833552
0.000246261 -6.58979e-05 0.000903644
0.000248169 -6.4312e-05 0.00100828
0.000250392 -6.27025e-05 0.00109825
0.000252946 -6.12169e-05 0.0011809
0.000255886 -5.97712e-05 0.00125232
0.00025927 -5.82647e-05 0.00131227
0.000263229 -5.67434e-05 0.00136097
0.000267757 -5.51073e-05 0.00139755
0.000272871 -5.33375e-05 0.00142178
0.0002786 -5.14006e-05 0.00143338
0.000284912 -4.92589e-05 0.00143402
0.000291759 -4.69225e-05 0.00143177
0.000299114 -4.43812e-05 0.00142758
0.000306969 -4.16189e-05 0.00142154
0.000315379 -3.86671e-05 0.00141379
0.000324355 -3.55397e-05 0.0014045
0.00033385 -3.22478e-05 0.00139385
0.000343819 -2.88117e-05 0.00138193
0.000354204 -2.52282e-05 0.00134592
0.000364854 -2.14774e-05 0.00130105
0.000375638 -1.7662e-05 0.00125565
0.00038649 -1.3707e-05 0.00121084
0.000397327 -9.66889e-06 0.0011687
0.000408964 -5.52574e-06 0.00113007
0.000434546 -1.3775e-06 0.00109374
0.000459271 2.57842e-06 0.00106039
0.000483116 6.54228e-06 0.00102909
0.000505916 1.0303e-05 0.00100098
0.00052746 1.39531e-05 0.000976183
0.000547595 1.74262e-05 0.000955224
0.000566258 2.06782e-05 0.000938623
0.000583389 2.37002e-05 0.000926508
0.000599043 2.64655e-05 0.000919177
0.000613206 2.89606e-05 0.000916846
0.000625801 3.12036e-05 0.000918023
0.000636768 3.32378e-05 0.000921103
0.000646007 3.50824e-05 0.000926077
0.000653406 3.67657e-05 0.000932892
0.000659049 3.83174e-05 0.000941427
0.000663287 3.97217e-05 0.000951237
0.000666376 4.09407e-05 0.000961184
0.000668602 4.20138e-05 0.000972058
0.000670428 4.30153e-05 0.000983853
0.000672214 4.39426e-05 0.000996624
0.00067399 4.48891e-05 0.00101015
0.00067557 4.59407e-05 0.00102427
0.000677075 4.71483e-05 0.0010388
0.000678707 4.85294e-05 0.00109933
0.000680582 4.99718e-05 0.00121972
0.000682577 5.18782e-05 0.00133212
0.000684838 5.41435e-05 0.00144491
0.000687851 5.67204e-05 0.00155463
0.000691886 5.97236e-05 0.00166075
0.000697379 6.30296e-05 0.00176342
0.000704102 6.67385e-05 0.00186093
0.000711935 7.08508e-05 0.00195288
0.00072096 7.53401e-05 0.00203922
0.000731043 8.02099e-05 0.00211943
0.000742008 8.54475e-05 0.00219303
0.00075357 9.10382e-05 0.00225993
0.000765336 9.69619e-05 0.00232035
0.000777091 0.000103168 0.00237448
0.000788634 0.000109592 0.00242252
0.000799781 0.000116158 0.00246488
0.000810998 0.000122716 0.00250237
0.000822493 0.000129132 0.00253573
0.000834426 0.000135301 0.00256548
0.000846816 0.000141115 0.00259234
0.000859596 0.0001465 0.00261698
0.000872177 0.000151431 0.00263979
0.000884658 0.000155858 0.00266102
0.000896774 0.000159725 0.00268123
0.000908365 0.000163044 0.00270061
0.000919185 0.000165799 0.00271928
0.000928988 0.000168016 0.0027373
0.000937625 0.000169708 0.00275458
0.000945139 0.000170881 0.00277118
0.000951714 0.00017154 0.00278695
0.000957385 0.000171715 0.00280167
0.000962174 0.000171447 0.00281506
0.000966076 0.000170781 0.00282684
0.000969119 0.000169768 0.0028366
0.000971359 0.000168462 0.00284393
0.000972838 0.000166918 0.00284845
0.000973605 0.00016519 0.00284979
0.000973725 0.000163329 0.00284938
0.000973524 0.000161373 0.00284837
0.00097308 0.000159376 0.00284669
0.000972379 0.000157384 0.00284431
0.000971417 0.00015543 0.00284123
0.000970114 0.000153557 0.00283742
0.000968428 0.000151793 0.00283291
0.000966332 0.000150137 0.00282772
0.000963793 0.000148589 0.0028219
0.000960785 0.000147128 0.00281552
0.000957274 0.000145725 0.00280866
0.000953215 0.00014434 0.00280141
0.000948562 0.000142926 0.00279388
0.000943259 0.000141428 0.00278618
0.000937249 0.000139782 0.00277842
0.000930474 0.000137922 0.00277072
0.00092287 0.000135778 0.00276319
0.000914369 0.000133279 0.00275595
0.000904917 0.000130352 0.00274908
0.000894517 0.000126912 0.00274268
0.000883212 0.00012287 0.00273683
0.000871042 0.00011815 0.00273163
0.000858121 0.000112674 0.00272705
0.000844564 0.000106367 0.00272313
0.000830461 9.91917e-05 0.0027198
0.000815901 9.11314e-05 0.00271706
0.000802566 8.1854e-05 0.00271484
0.000788459 7.17487e-05 0.00271299
0.000774198 6.10275e-05 0.0027111
0.000738036 4.97938e-05 0.00270912
0.000698785 3.81825e-05 0.00270675
0.000658277 2.59836e-05 0.00270412
0.000617348 1.36573e-05 0.00270077
0.000576158 1.04495e-06 0.00269656
0.000534788 -1.17919e-05 0.00269153
0.000493489 -2.45675e-05 0.0026855
0.000452592 -3.71792e-05 0.00267832
0.00041251 -4.95823e-05 0.00264047
0.000373408 -6.16467e-05 0.00259205
0.000335618 -7.34163e-05 0.00253754
0.000299326 -8.47346e-05 0.00247582
0.000264649 -9.56204e-05 0.00240674
0.000231509 -0.00010602 0.00232985
0.000199866 -0.000115891 0.00224522
0.00016983 -0.000125257 0.00215315
0.000141426 -0.000134122 0.00205406
0.000114567 -0.000142507 0.00194852
8.90349e-05 -0.000150436 0.00183714
6.45652e-05 -0.000157942 0.00172053
4.0901e-05 -0.000165079 0.00159949
1.75564e-05 -0.000171886 0.00147495
-6.02142e-06 -0.000178409 0.00134788
2.31194e-05 -0.000175596 0.00120943
5.98609e-06 -0.000161201 0.00105298
1.14427e-05 -0.000166492 0.000922917
-3.37288e-06 -0.000179206 0.000811952
-1.2414e-05 -0.000187594 0.000744345
-3.16131e-05 -0.00019431 0.00062557
-6.00832e-05 -0.000203138 0.000542934
-9.47433e-05 -0.0002155 0.000475427
-0.000128008 -0.000228636 0.000422077
-0.000151368 -0.000242758 0.000375409
-0.000182925 -0.000257205 0.000336567
-0.000214591 -0.000273685 0.000309889
-0.000248652 -0.00029097 0.000295324
-0.000284348 -0.000307472 0.000288416
-0.000320179 -0.000324177 0.000289624
-0.000356505 -0.000341259 0.000291753
-0.000392865 -0.000358253 0.000293595
-0.000428509 -0.000374658 0.000294983
-0.000732441 -0.000389233 0.000295709
-0.00141774 -0.000399081 0.000294255
-0.00163999 -0.000364182 0.000344989
-0.0017071 -0.000354757 0.000353781
-0.0021936 -0.000360985 0.000351844
-0.00275931 -0.000380375 0.000351303
-0.00323317 -0.000391888 0.000351411
-0.00369357 -0.000400546 0.000348084
-0.00396034 -0.000410063 0.000349432
-0.00427903 -0.000420322 0.000344685
-0.00464811 -0.000430971 0.00033692
-0.0048973 -0.00043666 0.000324134
-0.00503426 -0.00043822 0.000307072
-0.00522581 -0.000597877 0.00029496
-0.0053481 -0.00101054 0.000277057
-0.0054122 -0.00138255 0.000203324
-0.0055606 -0.00165376 0.000100726
-0.00565436 -0.00192449 -2.9677e-06
-0.0056689 -0.00220084 -9.42995e-05
-0.00569804 -0.00240682 -0.000158938
-0.00573446 -0.00255812 -0.000254734
-0.0057407 -0.00273741 -0.000322294
-0.00574023 -0.00289013 -0.000412298
-0.00573947 -0.00298438 -0.000525528
-0.00573816 -0.00307171 -0.00102642
-0.00573685 -0.00311391 -0.00168649
-0.0057351 -0.00312986 -0.00228682
-0.00573251 -0.00316124 -0.0028876
-0.00572987 -0.00316728 -0.00354812
-0.00572717 -0.0031671 -0.00423524
-0.00572433 -0.00316714 -0.00492357
-0.00572158 -0.00316705 -0.00560299
-0.00571876 -0.00316709 -0.00624825
-0.0057158 -0.00316742 -0.00684361
-0.0057127 -0.00318171 -0.00739673
-0.00570923 -0.00322527 -0.00788952
-0.00570551 -0.00329293 -0.00834233
-0.00570176 -0.00337826 -0.00875349
-0.00569802 -0.0034849 -0.00910945
-0.00569428 -0.00361237 -0.00941032
-0.00569058 -0.00374244 -0.00966724
-0.00568695 -0.00386974 -0.00988535
-0.00568335 -0.00400174 -0.010067
-0.0056797 -0.0041398 -0.0102084
-0.00567598 -0.00428305 -0.0103048
-0.00567212 -0.00442677 -0.0103583
-0.00566802 -0.00456595 -0.0103731
-0.00566361 -0.0046977 -0.0103717
-0.00565887 -0.00481669 -0.0103688
-0.00565383 -0.00491806 -0.0103646
-0.0056485 -0.00499848 -0.0103593
-0.00564287 -0.0050521 -0.0103533
-0.00563697 -0.00507436 -0.0103468
-0.00563081 -0.00507369 -0.0103401
-0.00562424 -0.00507226 -0.0103331
-0.00561729 -0.00506949 -0.0103263
-0.00560992 -0.0050654 -0.0103199
-0.00560204 -0.00505991 -0.0103137
-0.00559361 -0.00505325 -0.0103075
-0.00558477 -0.00504583 -0.0103013
-0.00557558 -0.0050374 -0.0102952
-0.00556585 -0.00502807 -0.0102887
-0.00555562 -0.00501758 -0.010282
-0.00554485 -0.00500618 -0.010275
-0.00553356 -0.00499401 -0.0102675
-0.00552178 -0.0049812 -0.0102594
-0.00550962 -0.0049677 -0.0102509
-0.00549721 -0.00495355 -0.0102415
-0.00548466 -0.00493878 -0.0102311
-0.00547206 -0.00492353 -0.0102197
-0.00545958 -0.00490787 -0.010207
-0.0054473 -0.0048919 -0.0101928
-0.00543517 -0.00487572 -0.0101772
-0.00542309 -0.00485949 -0.0101599
-0.00541108 -0.00484331 -0.0101408
-0.00539912 -0.00482729 -0.01012
-0.00538723 -0.00481151 -0.0100973
-0.00537548 -0.00479601 -0.0100727
-0.00536399 -0.0047808 -0.0100463
-0.00535281 -0.00476592 -0.0100181
-0.005342 -0.00475138 -0.00998826
-0.00533163 -0.00473718 -0.00995686
-0.00532221 -0.00472322 -0.00992405
-0.00531414 -0.00470924 -0.00989015
-0.00530607 -0.00469581 -0.00985505
-0.00529853 -0.00468272 -0.00967909
-0.00523133 -0.00467117 -0.0090984
-0.00513661 -0.00466037 -0.00854496
-0.00505832 -0.00464871 -0.00799211
-0.00497019 -0.00463834 -0.00742615
-0.00488669 -0.00462237 -0.00686563
-0.00480401 -0.00452949 -0.00631772
-0.00472314 -0.00443457 -0.00578685
-0.00463577 -0.00434532 -0.0052496
-0.00455049 -0.00425137 -0.00473236
-0.00446243 -0.00415768 -0.00423378
-0.00437066 -0.00406422 -0.00375071
-0.00427551 -0.00396777 -0.00329445
-0.00417478 -0.00387113 -0.00285931
-0.00406887 -0.00377263 -0.00244885
-0.00395769 -0.00366897 -0.00206844
-0.00384037 -0.00356424 -0.00171511
-0.00371892 -0.00345569 -0.00139384
-0.00359324 -0.00334475 -0.00110472
-0.00346332 -0.00323158 -0.00084651
-0.00332803 -0.00311109 -0.000620077
-0.0031822 -0.00297561 -0.000395497
-0.0030286 -0.00283632 -0.00016102
-0.00285404 -0.00269294 2.83654e-05
-0.00267985 -0.00254745 0.000182239
-0.00249104 -0.00240379 0.000310693
-0.00230383 -0.00226564 0.000405918
-0.00211578 -0.00213287 0.00048691
-0.00193249 -0.0020052 0.000542548
-0.00175277 -0.00188426 0.000580019
-0.00157744 -0.00177335 0.000606484
-0.00140764 -0.00167127 0.000622388
-0.001244 -0.00157906 0.000629678
-0.00108711 -0.00149769 0.000632092
-0.00093748 -0.00142764 0.000632003
-0.00101604 -0.0013988 0.000665539
-0.00109341 -0.00147519 0.00110623
-0.00146229 -0.00149255 0.00152148
-0.00153285 -0.00146496 0.00148294
-0.00133539 -0.00146718 0.00149115
-0.00127954 -0.001448 0.00146821
-0.00129467 -0.00145574 0.00145885
-0.00130945 -0.00146194 0.00145353
-0.00129635 -0.00145294 0.00143107
-0.00128422 -0.00144337 0.00141156
-0.00126798 -0.00143988 0.0013927
-0.00127922 -0.00143872 0.00137447
-0.00128456 -0.00144031 0.00135706
-0.00128072 -0.00143315 0.00133492
-0.00127435 -0.00142656 0.00131269
-0.0012754 -0.00142321 0.00129416
-0.00128222 -0.00142092 0.00127588
-0.00128675 -0.00141835 0.00125997
-0.00128593 -0.00141313 0.0012455
-0.00128385 -0.00140681 0.00123323
-0.00128456 -0.00140192 0.00122303
-0.00128785 -0.00139794 0.00121527
-0.00129037 -0.00137043 0.00120867
-0.00129056 -0.00132211 0.00120295
-0.00128989 -0.00127452 0.00119883
-0.00129018 -0.00123276 0.00119679
-0.00129093 -0.00120126 0.00119711
-0.00129253 -0.00116786 0.00119976
-0.00129289 -0.00113741 0.0012045
-0.00129234 -0.00110247 0.00121148
-0.00129177 -0.00106547 0.00122049
-0.00129193 -0.00103577 0.00123234
-0.00129252 -0.00100909 0.00124635
-0.00129277 -0.000982398 0.0012623
-0.00129352 -0.000957007 0.00128028
-0.0012948 -0.000937945 0.00130027
-0.00129706 -0.000923128 0.00132193
-0.00130416 -0.000911043 0.00134487
-0.00133229 -0.000902823 0.00136912
-0.00136181 -0.000896766 0.00139408
-0.00138616 -0.000893991 0.0014203
-0.00139924 -0.000887955 0.00144918
-0.00140066 -0.000879615 0.0014784
-0.00140027 -0.000870586 0.00150668
-0.00140016 -0.00086392 0.00162062
-0.00140044 -0.000864409 0.00200111
-0.00140099 -0.000864644 0.00213825
-0.00140082 -0.000870833 0.00203509
-0.00140058 -0.000874475 0.00199983
-0.00140668 -0.000868705 0.00198275
-0.00140952 -0.000871993 0.00199687
-0.0014097 -0.00086902 0.0020063
-0.00141814 -0.000867474 0.00202126
-0.00142014 -0.000866251 0.00202811
-0.001428 -0.000864286 0.00202046
-0.00143461 -0.000862532 0.00201354
-0.00144067 -0.000848692 0.00201601
-0.00144906 -0.000824803 0.00201666
-0.00145528 -0.000813245 0.00201749
-0.0014633 -0.000798641 0.00201581
-0.00147352 -0.000782733 0.00201168
-0.0014827 -0.000772642 0.00200568
-0.00149216 -0.000764586 0.00199876
-0.00150196 -0.000759501 0.00199069
-0.00151207 -0.000758675 0.00198082
-0.00152245 -0.000759151 0.00196925
-0.00153236 -0.000760356 0.00195709
-0.0015417 -0.000762377 0.0019446
-0.00155034 -0.000765181 0.00193131
-0.00155786 -0.000768889 0.00191736
-0.00156402 -0.000773575 0.00190325
-0.00156905 -0.000779179 0.00188906
-0.00157323 -0.000785608 0.00187466
-0.00157612 -0.000792865 0.0018602
-0.00157803 -0.000800921 0.00184623
-0.00157959 -0.000809634 0.00183263
-0.00158087 -0.000818902 0.00181994
-0.00158157 -0.00082864 0.00180814
-0.00158161 -0.000838762 0.00179688
-0.00158156 -0.000849206 0.00178805
-0.00158148 -0.000859811 0.00177962
-0.00158138 -0.000870585 0.00174222
-0.00158123 -0.000881248 0.00162464
-0.0015811 -0.000891874 0.00150168
-0.00158102 -0.000902234 0.00137473
-0.00158099 -0.000912092 0.00125477
-0.00158102 -0.000921415 0.00114578
-0.00158116 -0.000930044 0.00104159
-0.0015814 -0.00093791 0.000939253
-0.00158213 -0.000945011 0.000839183
-0.00158534 -0.000951376 0.000737711
-0.00158961 -0.000956978 0.000634308
-0.00159465 -0.000961838 0.000529065
-0.00160004 -0.00096592 0.000426782
-0.00160571 -0.000969256 0.000327718
-0.00161214 -0.000971868 0.000230123
-0.00161941 -0.000973784 0.000130591
-0.00162739 -0.000975039 2.79169e-05
-0.00163622 -0.000975637 -7.61075e-05
-0.00164592 -0.0009756 -0.000177606
-0.00165657 -0.000975004 -0.00027309
-0.00166841 -0.000973923 -0.000361284
-0.00168104 -0.000972477 -0.000442969
-0.00169393 -0.000970849 -0.000519218
-0.00170717 -0.000969196 -0.000589967
-0.00172052 -0.000967655 -0.000653518
-0.00173349 -0.000966391 -0.000706756
-0.00174626 -0.000965486 -0.000747233
-0.00175886 -0.000964982 -0.000774683
-0.00177092 -0.000964969 -0.000789617
-0.00178146 -0.000965642 -0.000792676
-0.00179107 -0.000967277 -0.000790671
-0.00180225 -0.000969307 -0.000786666
-0.00181118 -0.000971893 -0.000781001
-0.00181741 -0.000975282 -0.000774178
-0.00182311 -0.00097914 -0.000765986
-0.00183032 -0.000983659 -0.000756556
-0.00183763 -0.000988773 -0.00074586
-0.0018437 -0.000994231 -0.000734217
-0.00184735 -0.000999994 -0.000721773
-0.00185134 -0.00100592 -0.000708834
-0.00185576 -0.00101208 -0.000696196
-0.00186074 -0.0010183 -0.000684444
-0.00186595 -0.00102448 -0.000632374
-0.00187322 -0.0010307 -0.000530635
-0.00188273 -0.00103665 -0.000443976
-0.0018927 -0.00104231 -0.00036213
-0.00190213 -0.00104763 -0.000285833
-0.00191099 -0.00105255 -0.000218259
-0.00192124 -0.00105722 -0.000157646
-0.00193348 -0.00106139 -0.000106461
-0.0019466 -0.00106551 -6.39444e-05
-0.00195823 -0.00106976 -2.86094e-05
-0.00197092 -0.00107383 -2.15591e-06
-0.00198372 -0.00107775 1.45765e-05
-0.00199649 -0.00108177 2.21956e-05
-0.00201 -0.00108566 2.13763e-05
-0.0020239 -0.00108959 1.88556e-05
-0.00204095 -0.00109364 1.45757e-05
-0.00206035 -0.00111955 8.77892e-06
-0.00208159 -0.00115359 1.79595e-06
-0.00210413 -0.00118584 -7.11741e-06
-0.00212614 -0.00122008 -1.68339e-05
-0.00223317 -0.00125901 -2.49192e-05
-0.00229585 -0.00132387 -5.19638e-05
-0.00241616 -0.00137317 -0.000138116
-0.00251358 -0.00142527 -0.000247136
-0.00262293 -0.00149521 -0.000339944
-0.00273026 -0.00155662 -0.000441766
-0.00284061 -0.00162534 -0.000540169
-0.00295011 -0.00170061 -0.000627725
-0.00306316 -0.00178007 -0.000723851
-0.00317681 -0.00186468 -0.000822368
-0.00329111 -0.00195488 -0.000924344
-0.00340601 -0.00204997 -0.00102966
-0.00352082 -0.00215129 -0.00113716
-0.00363516 -0.00225745 -0.00126014
-0.00374874 -0.00236855 -0.0013939
-0.00386167 -0.00248444 -0.00153624
-0.00397398 -0.00260414 -0.00168625
-0.00408503 -0.00272744 -0.00184355
-0.00419485 -0.00285343 -0.0020091
-0.00430324 -0.00298173 -0.00218437
-0.00440981 -0.00311188 -0.00237103
-0.00451416 -0.00324306 -0.00257051
-0.00461551 -0.00337478 -0.00278314
-0.00471339 -0.00350659 -0.00300868
-0.00480739 -0.00363794 -0.00324729
-0.00489713 -0.00376828 -0.00349945
-0.00498237 -0.00389702 -0.00376593
-0.00506279 -0.00402359 -0.00405992
-0.00513829 -0.00414851 -0.00444402
-0.0052087 -0.00427213 -0.00484303
-0.00527517 -0.00439058 -0.00526426
-0.00533715 -0.00450621 -0.00569912
-0.00539454 -0.00461858 -0.00615298
-0.00544822 -0.00472656 -0.00662403
-0.00549718 -0.00483126 -0.00710611
-0.00554156 -0.00493212 -0.00759501
-0.00558161 -0.00502921 -0.0080889
-0.00561691 -0.00520349 -0.00858489
-0.00563368 -0.00571461 -0.0090421
-0.00564148 -0.00627533 -0.00946656
-0.00566512 -0.00669196 -0.00994434
-0.00568219 -0.00710013 -0.0104164
-0.00569462 -0.0075558 -0.0112699
-0.00571573 -0.00793078 -0.0123215
-0.00573934 -0.00828058 -0.0133219
-0.00580243 -0.00868752 -0.0142724
-0.0059388 -0.00905471 -0.015188
-0.00610125 -0.00937879 -0.0160955
-0.00626214 -0.00973716 -0.0169269
-0.00643215 -0.0101152 -0.0176868
-0.00663621 -0.0104747 -0.0184244
-0.00685862 -0.0108346 -0.019111
-0.00707605 -0.0112255 -0.019717
-0.00730163 -0.0116329 -0.0202498
-0.00754297 -0.0120409 -0.0207258
-0.00779407 -0.0124608 -0.0211394
-0.00805054 -0.0128978 -0.0214803
-0.00831252 -0.0133438 -0.0217602
-0.00857796 -0.0137967 -0.0219819
-0.00884243 -0.0142595 -0.0221431
-0.00910467 -0.0147289 -0.0222506
-0.00936832 -0.0151977 -0.0223138
-0.00963529 -0.0156609 -0.0223392
-0.00989994 -0.016114 -0.0223384
-0.0100448 -0.0165088 -0.0223375
-0.0100427 -0.0168166 -0.0223372
-0.0100441 -0.0171473 -0.0223342
-0.0100435 -0.0186572 -0.0223258
-0.00999505 -0.0320461 -0.0221857
-0.00995474 -0.0368086 -0.0220324
-0.0100154 -0.0362646 -0.0221966
-0.0099967 -0.0365663 -0.0221223
-0.0100053 -0.0366077 -0.0221063
-0.0100208 -0.0365984 -0.0221416
-0.010021 -0.036647 -0.0221081
-0.0100287 -0.0366463 -0.0221199
-0.0100286 -0.0366421 -0.0221246
-0.0100283 -0.0366417 -0.0221203
-0.0100296 -0.036639 -0.0221258
-0.0100306 -0.0366392 -0.0221356
-0.0100321 -0.0366423 -0.0221453
-0.0100334 -0.0366438 -0.0221586
-0.0100349 -0.0366436 -0.0221729
-0.0100362 -0.0366428 -0.0221872
-0.0100376 -0.0366423 -0.0222041
-0.010039 -0.0366434 -0.0222236
-0.0100403 -0.0366455 -0.0222428
-0.0100414 -0.0366478 -0.022263
-0.0100421 -0.0366454 -0.0222821
-0.0100425 -0.0366383 -0.0222992
-0.0100422 -0.0366308 -0.0223161
-0.0100421 -0.0366235 -0.0223363
-0.0100426 -0.0366197 -0.0227265
-0.0100439 -0.0366199 -0.0234683
-0.0100492 -0.0366218 -0.024222
-0.0100787 -0.036623 -0.0249904
-0.010124 -0.0366218 -0.0257347
-0.0101305 -0.0366198 -0.0264451
-0.01013 -0.0366175 -0.0271649
-0.0101287 -0.0366167 -0.0279108
-0.0101268 -0.0366172 -0.0286826
-0.0101246 -0.0366178 -0.0294915
-0.0101222 -0.0366172 -0.0337872
-0.0101205 -0.0366059 -0.0435462
-0.0101182 -0.0366095 -0.0444775
-0.0101138 -0.0366262 -0.0447888
-0.0101117 -0.0366196 -0.0461051
-0.0101082 -0.0366179 -0.0469039
-0.010104 -0.0366184 -0.047527
-0.0101005 -0.0366155 -0.0483501
-0.0100965 -0.036616 -0.0492543
-0.010092 -0.0366177 -0.0500365
-0.0100872 -0.0366178 -0.0508392
-0.0100819 -0.036617 -0.0516279
-0.0100761 -0.0366167 -0.0523481
-0.0100703 -0.0366162 -0.0530993
-0.0100643 -0.036616 -0.0538686
-0.0100581 -0.0366161 -0.0545967
-0.0100519 -0.0366157 -0.0552965
-0.0100457 -0.0366146 -0.0559751
-0.0100395 -0.0366135 -0.0566256
-0.0100333 -0.0366125 -0.0572617
-0.0100272 -0.0366122 -0.0578913
-0.0100212 -0.0366124 -0.058511
-0.0100151 -0.0366126 -0.059111
-0.010009 -0.0366126 -0.0596777
-0.0100027 -0.0366123 -0.0602154
-0.00999643 -0.0366118 -0.0607312
-0.00999005 -0.0366115 -0.0612278
-0.00998363 -0.0366114 -0.0617044
-0.00997721 -0.0366114 -0.0621571
-0.0099708 -0.0366114 -0.0625844
-0.00996442 -0.0366112 -0.062986
-0.00995809 -0.0366109 -0.0633615
-0.00995181 -0.0366107 -0.063712
-0.00994689 -0.0366106 -0.0640395
-0.00994263 -0.0366106 -0.0643453
-0.00993788 -0.0366106 -0.0646266
-0.00993318 -0.0366105 -0.0648802
-0.00992809 -0.0366097 -0.0651098
-0.00992268 -0.0366082 -0.0653062
-0.00991694 -0.0366058 -0.0654652
-0.00991084 -0.0366026 -0.0655895
-0.00990443 -0.0365993 -0.0656738
-0.00989799 -0.0365972 -0.0657321
-0.00989181 -0.0365959 -0.0657817
-0.00988557 -0.0365955 -0.0657944
-0.00987923 -0.0365948 -0.0657921
-0.00987276 -0.0365933 -0.065788
-0.0098661 -0.0365912 -0.0657816
-0.00985953 -0.0365894 -0.0657734
-0.0098533 -0.0365882 -0.0657641
-0.00984733 -0.0365877 -0.0657544
-0.00984153 -0.0365873 -0.0657455
-0.00983582 -0.0365865 -0.0657359
-0.00983028 -0.0365571 -0.0657255
-0.00982501 -0.0364669 -0.0657157
-0.00981986 -0.0363615 -0.0657064
-0.00981477 -0.0362605 -0.065697
-0.00981002 -0.0361651 -0.0656537
-0.00980558 -0.0360797 -0.0652523
-0.00980132 -0.0360034 -0.0647339
-0.00979738 -0.0359086 -0.0641553
-0.00979371 -0.0357896 -0.0635329
-0.00979009 -0.0356609 -0.0628914
-0.00978666 -0.0355238 -0.062235
-0.00978337 -0.0353861 -0.0615491
-0.00978013 -0.0352545 -0.0608061
-0.00977702 -0.0351223 -0.0599967
-0.00977408 -0.0349801 -0.0591354
-0.00977125 -0.0348251 -0.0582419
-0.00976847 -0.0346588 -0.0573334
-0.00976563 -0.0344859 -0.0564137
-0.00976271 -0.0343127 -0.0554718
-0.00975968 -0.0341412 -0.0544954
-0.00975646 -0.0339693 -0.0534835
-0.00975299 -0.0337934 -0.0524472
-0.00974924 -0.03361 -0.0514037
-0.00974523 -0.0334187 -0.0503662
-0.00974099 -0.0332228 -0.049338
-0.00973658 -0.033028 -0.0483142
-0.00973211 -0.0328387 -0.04729
-0.00972764 -0.032656 -0.0462667
-0.00972302 -0.032477 -0.0452537
-0.00971822 -0.0322959 -0.0442645
-0.00971314 -0.0321125 -0.0433078
-0.00970778 -0.0319305 -0.0423829
-0.00970216 -0.0317526 -0.0414868
-0.00969627 -0.0315813 -0.0406167
-0.00969014 -0.0314179 -0.0397727
-0.0096841 -0.0312545 -0.0389599
-0.00965565 -0.0306175 -0.0381746
-0.00954048 -0.0300103 -0.0373735
-0.00944828 -0.029373 -0.0365906
-0.00939122 -0.0287165 -0.0358807
-0.00935535 -0.0281022 -0.0351839
-0.00934108 -0.0275108 -0.0344874
-0.00933838 -0.0268941 -0.0339465
-0.00933866 -0.0262851 -0.0335167
-0.00933913 -0.0257352 -0.0331925
-0.0093389 -0.0251881 -0.0332316
-0.0093385 -0.0247061 -0.0332745
-0.0093386 -0.0242534 -0.0333128
-0.00933921 -0.0237203 -0.0333361
-0.00933964 -0.0232228 -0.0333431
-0.0093394 -0.0227188 -0.0333401
-0.00933911 -0.0222213 -0.0333305
-0.00933895 -0.0217389 -0.0333273
-0.00933892 -0.0212869 -0.0333362
-0.00933888 -0.0208806 -0.0333471
-0.00933863 -0.0204692 -0.0333569
-0.00933879 -0.0204003 -0.0333595
-0.00935057 -0.0204088 -0.0334065
-0.00932137 -0.0204556 -0.0334081
-0.00911034 -0.020456 -0.0333558
-0.00911705 -0.0204565 -0.0333459
-0.00912883 -0.0204567 -0.0333505
-0.00912645 -0.0204569 -0.0333543
-0.0090274 -0.0204555 -0.0333598
-0.00899688 -0.0204576 -0.0333652
-0.00899836 -0.0204572 -0.0333656
-0.00899838 -0.020457 -0.0333628
-0.00899743 -0.0204568 -0.0333621
-0.00898701 -0.0204562 -0.0333657
-0.00895593 -0.0204551 -0.033369
-0.0089382 -0.0204559 -0.0333714
-0.00893907 -0.0204562 -0.0333724
-0.0089397 -0.0204553 -0.0333709
-0.00893888 -0.0204549 -0.0333679
-0.00893083 -0.020455 -0.0333658
-0.00892029 -0.0204551 -0.0333657
-0.00891875 -0.020455 -0.0333667
-0.00891881 -0.0204547 -0.0333678
-0.00891883 -0.0204543 -0.0333685
-0.00891638 -0.020454 -0.033368
-0.00890951 -0.0204537 -0.0333667
-0.00890989 -0.0204534 -0.0333653
-0.00891077 -0.0204532 -0.0333644
-0.00891167 -0.0204531 -0.0333641
-0.00891236 -0.0204533 -0.0333639
-0.00891251 -0.0204532 -0.0333636
-0.00891261 -0.0204529 -0.0333629
-0.00891303 -0.0204457 -0.0333614
-0.0089137 -0.0204436 -0.0333598
-0.00891478 -0.0204435 -0.0333599
-0.00891553 -0.0204435 -0.0333606
-0.00891506 -0.0204427 -0.0333603
-0.00891465 -0.0204404 -0.0333593
-0.00891511 -0.0204379 -0.0333582
-0.0089157 -0.0204369 -0.0333536
-0.00891568 -0.0204376 -0.0333521
-0.00891441 -0.020439 -0.0333535
-0.00891366 -0.0204396 -0.0333556
-0.00891374 -0.0204394 -0.0333561
-0.00891394 -0.0204385 -0.0333545
-0.00891338 -0.0204375 -0.0333527
-0.00891216 -0.0204374 -0.0333525
-0.00891112 -0.0204384 -0.0333536
-0.00891063 -0.0204397 -0.0333549
-0.00891033 -0.0204402 -0.0333551
-0.00890987 -0.0204396 -0.0333545
-0.00889834 -0.0204387 -0.0333538
-0.00887725 -0.0204384 -0.0333537
-0.0088666 -0.0204388 -0.0333542
-0.00886248 -0.0204392 -0.0333549
-0.00885673 -0.0204391 -0.0333551
-0.0088467 -0.0204383 -0.0333548
-0.00883767 -0.0204372 -0.0333564
-0.00883409 -0.0204363 -0.0333598
-0.00883414 -0.0204357 -0.0333655
-0.00883423 -0.0204351 -0.033373
-0.00883423 -0.0204343 -0.0333821
-0.00883427 -0.0204331 -0.0333924
-0.00883447 -0.0204317 -0.0334024
-0.0088348 -0.0204303 -0.0334099
-0.00883513 -0.0204289 -0.0334147
-0.00883542 -0.0204278 -0.0334186
-0.00883568 -0.0204267 -0.0334202
-0.008836 -0.0204256 -0.0334219
-0.00883636 -0.0204244 -0.0334241
-0.00883666 -0.0204232 -0.0334268
-0.0088369 -0.0204221 -0.0334297
-0.00883709 -0.0204211 -0.0334321
-0.00883733 -0.0204204 -0.0334339
-0.00883758 -0.0204202 -0.0334353
-0.00883779 -0.0204203 -0.0334367
-0.00883784 -0.0204209 -0.0334661
-0.00883774 -0.0204219 -0.0336147
-0.00883754 -0.0204233 -0.0338084
-0.00883729 -0.0204251 -0.0339804
-0.00883697 -0.0204273 -0.0341239
-0.008837 -0.0204297 -0.0342367
-0.00883723 -0.0204317 -0.0343156
-0.00883767 -0.0204329 -0.0343385
-0.00883827 -0.0204337 -0.0343379
-0.00883955 -0.0204341 -0.0343367
-0.00884105 -0.0204348 -0.0343249
-0.00884282 -0.0204362 -0.0342749
-0.00884465 -0.0204378 -0.0342209
-0.00884693 -0.0204391 -0.0341655
-0.00885131 -0.0204402 -0.034099
-0.00885407 -0.0204409 -0.0340302
-0.00885554 -0.0204415 -0.0339681
-0.00885591 -0.0204423 -0.0339164
-0.008856 -0.0204432 -0.0338768
-0.00885621 -0.0204441 -0.0338447
-0.00885677 -0.0204446 -0.0338182
-0.00885753 -0.0204448 -0.033798
-0.0088584 -0.0204449 -0.0337874
-0.00885944 -0.0204449 -0.0337875
-0.00886079 -0.020445 -0.0337884
-0.0088624 -0.0204448 -0.0337898
-0.00886414 -0.0204444 -0.0337914
-0.00886606 -0.0204438 -0.0337934
-0.00886814 -0.0204429 -0.0338085
-0.00887033 -0.0204418 -0.0338684
-0.00887315 -0.020441 -0.0339287
-0.00887604 -0.0204403 -0.0339822
-0.00887817 -0.0204395 -0.0340437
-0.00888097 -0.020439 -0.0341006
-0.00888405 -0.0204386 -0.0341463
-0.00888669 -0.0204383 -0.0341875
-0.00888958 -0.0204381 -0.0342136
-0.00889217 -0.0204379 -0.0342289
-0.00889447 -0.020438 -0.0342363
-0.00889696 -0.0204384 -0.034236
-0.00889943 -0.0204387 -0.0342351
-0.00890169 -0.0204392 -0.0342143
-0.00890377 -0.0204396 -0.0341691
-0.00890566 -0.02044 -0.0341148
-0.00890747 -0.0204406 -0.03405
-0.00890917 -0.0204415 -0.033978
-0.00891055 -0.0204426 -0.0339007
-0.00891171 -0.0204437 -0.0338185
-0.0089127 -0.0204449 -0.0337315
-0.00891368 -0.0204461 -0.0336418
-0.00891466 -0.0204474 -0.0335533
-0.00891555 -0.0204488 -0.0334707
-0.00891635 -0.0204503 -0.0333967
-0.00891707 -0.0204519 -0.0333325
-0.00891781 -0.0204534 -0.0332813
-0.00891859 -0.0204549 -0.0332454
-0.00891931 -0.0204563 -0.0332273
-0.00892001 -0.0204575 -0.0332265
-0.00892097 -0.0204943 -0.0332278
-0.00892209 -0.0205829 -0.0332301
-0.00892336 -0.0206373 -0.0332332
-0.00892468 -0.020639 -0.0332347
-0.00892599 -0.0206392 -0.0332358
-0.00892745 -0.0206391 -0.0332366
-0.00892912 -0.020639 -0.0332376
-0.00893083 -0.020639 -0.0332392
-0.00893242 -0.020639 -0.0333462
-0.008934 -0.020639 -0.0336015
-0.0089357 -0.0206391 -0.0339606
-0.00893742 -0.0206391 -0.034364
-0.00893913 -0.0206392 -0.0347922
-0.00894069 -0.0206393 -0.0352393
-0.00894216 -0.0206393 -0.0356587
-0.00894354 -0.0206393 -0.036022
-0.00894504 -0.0206394 -0.036347
-0.0089464 -0.0206441 -0.0366484
-0.00894803 -0.0206533 -0.0369658
-0.00894937 -0.0206669 -0.0372568
-0.00895048 -0.0206835 -0.0375961
-0.00895192 -0.0206974 -0.0379656
-0.00895337 -0.0207088 -0.0383366
-0.00895476 -0.0207219 -0.0386822
-0.00895602 -0.0207333 -0.0389842
-0.00895704 -0.0207443 -0.0392443
-0.00895805 -0.0207549 -0.0394801
-0.00895913 -0.0207661 -0.0397157
-0.00896038 -0.0207773 -0.0399719
-0.00896174 -0.0207886 -0.0402545
-0.00896321 -0.0208 -0.0405524
-0.00896477 -0.0208116 -0.0408429
-0.00896636 -0.0208235 -0.0411024
-0.00896788 -0.0208357 -0.0413166
-0.00896929 -0.0208482 -0.0414868
-0.00897064 -0.0208609 -0.0416292
-0.00897196 -0.0208737 -0.0417672
-0.00897326 -0.020884 -0.0419228
-0.0089745 -0.0208904 -0.0421075
-0.00897568 -0.0209012 -0.0423178
-0.00897682 -0.0209135 -0.0425388
-0.00897794 -0.0209236 -0.0427503
-0.00897879 -0.0209256 -0.0429366
-0.0089799 -0.0209256 -0.0430934
-0.00898113 -0.0209274 -0.0432292
-0.00898208 -0.0209389 -0.0433618
-0.00898297 -0.0209515 -0.0435096
-0.00898381 -0.0209641 -0.0436844
-0.00898476 -0.0209769 -0.0438916
-0.00898586 -0.0209894 -0.0441252
-0.00898695 -0.0210015 -0.0443733
-0.00898798 -0.0210136 -0.044621
-0.008989 -0.0210256 -0.0448595
-0.0089901 -0.0210379 -0.0450883
-0.0089913 -0.0210503 -0.0453148
-0.00899255 -0.0210633 -0.0455521
-0.00899377 -0.0210811 -0.045813
-0.00899498 -0.0211018 -0.0461053
-0.00899621 -0.0211163 -0.0464285
-0.0089975 -0.0211316 -0.0467734
-0.00899889 -0.021147 -0.0471285
-0.00900033 -0.0211621 -0.0474828
-0.00900177 -0.0211766 -0.0478295
-0.00900324 -0.0211907 -0.0481707
-0.00900477 -0.0212044 -0.0485159
-0.00900634 -0.0212182 -0.0488732
-0.00900792 -0.0212311 -0.0492484
-0.00900946 -0.0212387 -0.0496425
-0.00901097 -0.0212424 -0.0500496
-0.00901248 -0.0212461 -0.0504586
-0.00901402 -0.0212534 -0.0508587
-0.00901561 -0.0212657 -0.0512433
-0.0090172 -0.0212798 -0.0516115
-0.00901873 -0.0212932 -0.0519685
-0.00902021 -0.0213076 -0.052322
-0.00902162 -0.0213193 -0.0526761
-0.00902295 -0.0213213 -0.0530307
-0.00902424 -0.0213219 -0.0533811
-0.00902549 -0.0213306 -0.0537209
-0.00902675 -0.0213522 -0.0540439
-0.00902798 -0.0213845 -0.0543463
-0.00902917 -0.0214172 -0.0546289
-0.00903029 -0.021432 -0.0548943
-0.00903133 -0.0214471 -0.0551462
-0.00903234 -0.0214637 -0.0553893
-0.00903332 -0.0214804 -0.0556261
-0.00903427 -0.0214979 -0.0558554
-0.00903519 -0.0215156 -0.0560752
-0.0090361 -0.0215322 -0.0562828
-0.00903698 -0.0215499 -0.0564757
-0.00903781 -0.0215676 -0.0566529
-0.00903864 -0.0215851 -0.0568154
-0.00903972 -0.0216024 -0.0569671
-0.00904057 -0.0216137 -0.0571147
-0.00904122 -0.0216195 -0.0572596
-0.00905469 -0.0216195 -0.0574008
-0.00906051 -0.0216195 -0.0575316
-0.00907624 -0.0216195 -0.0576447
-0.00908809 -0.0216194 -0.0577812
-0.00910249 -0.0216193 -0.0579206
-0.00911473 -0.0216193 -0.0580336
-0.00912793 -0.0216193 -0.0581603
-0.00914088 -0.0216193 -0.0582977
-0.0091534 -0.0216194 -0.0584299
-0.00916544 -0.0216194 -0.058568
-0.00917719 -0.0216193 -0.0587247
-0.00918865 -0.0216193 -0.0588954
-0.00919959 -0.0216193 -0.0590757
-0.00921034 -0.0216194 -0.0592681
-0.00922083 -0.0216195 -0.0594696
-0.00923097 -0.0216327 -0.0596738
-0.00924076 -0.0216545 -0.0598787
-0.00925026 -0.0216706 -0.0600869
-0.00925944 -0.0216759 -0.0603008
-0.00926834 -0.0216847 -0.0605223
-0.00927704 -0.0216922 -0.0607535
-0.00928552 -0.0216988 -0.0609918
-0.0092938 -0.0217039 -0.061232
-0.00930192 -0.0217054 -0.0614696
-0.0093099 -0.0217081 -0.0617007
-0.00931782 -0.0217107 -0.061924
-0.00932959 -0.0217117 -0.0622452
-0.00934132 -0.0217117 -0.0625522
-0.0093531 -0.0217117 -0.0628446
-0.00936505 -0.0217117 -0.0631171
-0.00937718 -0.0217126 -0.0633594
-0.00938957 -0.0217239 -0.0635645
-0.00940225 -0.0217416 -0.0637332
-0.00941518 -0.0217638 -0.0638707
-0.00942838 -0.0217897 -0.0639826
-0.00944176 -0.0218046 -0.0640698
-0.00945523 -0.0218169 -0.0641316
-0.00946878 -0.0218278 -0.0641684
-0.00948225 -0.021836 -0.0641843
-0.00949558 -0.0218493 -0.0641876
-0.00950867 -0.0218594 -0.0641876
-0.00952129 -0.0218594 -0.0641876
-0.00953336 -0.0218591 -0.0641876
-0.00954467 -0.0218588 -0.0641921
-0.00955546 -0.0218588 -0.0642146
-0.00956545 -0.0218589 -0.0642521
-0.00957452 -0.0218589 -0.0643055
-0.00958257 -0.0218588 -0.0643831
-0.00958961 -0.0218587 -0.0644906
-0.00959574 -0.0218588 -0.0646316
-0.00960078 -0.0218588 -0.0647962
-0.00960489 -0.0218588 -0.0649774
-0.00960801 -0.0218589 -0.0651706
-0.00961011 -0.0218589 -0.0653818
-0.00961131 -0.0218589 -0.0656171
-0.00961168 -0.0218588 -0.0658895
-0.00961156 -0.0218587 -0.0662543
-0.00961127 -0.0218586 -0.0666153
-0.00961084 -0.0218586 -0.0669712
-0.00961031 -0.0218585 -0.067315
-0.0096097 -0.0218583 -0.0676368
-0.00960907 -0.0218582 -0.0679313
-0.00960846 -0.0218582 -0.068197
-0.00960787 -0.0218582 -0.0684292
-0.0096073 -0.0218581 -0.0686227
-0.00960677 -0.0218582 -0.068777
-0.00960628 -0.0218582 -0.0688922
-0.00960581 -0.0218584 -0.0689696
-0.00960535 -0.0218585 -0.0690102
-0.00960487 -0.0218586 -0.0690178
-0.00960435 -0.0218587 -0.0690165
-0.00960379 -0.0218588 -0.0690142
-0.00960288 -0.0218589 -0.069011
-0.00960186 -0.021859 -0.0690073
-0.0096006 -0.0218591 -0.0690031
-0.00959915 -0.021859 -0.0689988
-0.00959745 -0.0218588 -0.0689946
-0.00959553 -0.0218584 -0.0689906
-0.00959333 -0.0218578 -0.0689869
-0.00959081 -0.0218568 -0.0689837
-0.00958791 -0.0218555 -0.068981
-0.00958467 -0.021854 -0.0689789
-0.00958125 -0.0218532 -0.0689774
-0.00957775 -0.0218531 -0.0689766
-0.00957407 -0.0218535 -0.0689761
-0.00957017 -0.0218535 -0.0689754
-0.00956601 -0.0218532 -0.0689743
-0.00956175 -0.0218531 -0.0689728
-0.00955749 -0.0218532 -0.0689709
-0.00955319 -0.0218533 -0.0689682
-0.00954882 -0.0218531 -0.0689644
-0.0095445 -0.021853 -0.0689597
-0.00954023 -0.0218528 -0.068954
-0.00953607 -0.0218528 -0.0689474
-0.00953199 -0.0218527 -0.0689403
-0.00952797 -0.0218525 -0.0689338
-0.00952398 -0.0218522 -0.0689294
-0.00952006 -0.0218519 -0.0689272
-0.00951622 -0.021846 -0.0689263
-0.00951244 -0.0218335 -0.0689252
-0.00950871 -0.021815 -0.0689235
-0.009505 -0.0217948 -0.0689215
-0.00950134 -0.0217898 -0.0689199
-0.00949768 -0.0217835 -0.0689185
-0.00949394 -0.0217806 -0.0689168
-0.00949017 -0.0217807 -0.0689149
-0.00948628 -0.0217805 -0.068913
-0.00948225 -0.0217785 -0.0688591
-0.00947808 -0.0217782 -0.068714
-0.00947376 -0.0217782 -0.0685055
-0.00946927 -0.021776 -0.0682701
-0.0094646 -0.0217704 -0.0680722
-0.00945975 -0.0217651 -0.0679413
-0.00945474 -0.0217619 -0.0678467
-0.00944959 -0.0217585 -0.0677304
-0.00944433 -0.0217533 -0.0675629
-0.00943906 -0.0217492 -0.0673682
-0.00943368 -0.0217452 -0.0671951
-0.00942824 -0.0217411 -0.0670696
-0.00942278 -0.0217368 -0.0669723
-0.00941735 -0.0217324 -0.0668584
-0.00941204 -0.0217281 -0.0667005
-0.00940698 -0.0217239 -0.0665104
-0.00940229 -0.0217196 -0.066324
-0.00939783 -0.0217154 -0.0661665
-0.0093935 -0.0217115 -0.0660295
-0.00938928 -0.0217081 -0.065879
-0.00938518 -0.021706 -0.0656934
-0.00938119 -0.021703 -0.0654797
-0.00937731 -0.0217006 -0.0652668
-0.00937353 -0.0216996 -0.0650765
-0.00936982 -0.0216986 -0.0649035
-0.00936617 -0.0216974 -0.064724
-0.00936257 -0.0216964 -0.0645204
-0.00935909 -0.0216962 -0.0642995
-0.00935579 -0.0216963 -0.0640843
-0.00935259 -0.0216963 -0.0638944
-0.00934954 -0.021696 -0.0637283
-0.00934675 -0.0216948 -0.0635674
-0.00934433 -0.0216925 -0.0633972
-0.00933235 -0.0216904 -0.0632207
-0.00929463 -0.0216883 -0.0630566
-0.00926388 -0.0216862 -0.0629227
-0.00924305 -0.0216834 -0.0628169
-0.00922725 -0.0216802 -0.0627188
-0.0092157 -0.0216751 -0.0626177
-0.00920637 -0.0216718 -0.0625126
-0.00920242 -0.0216688 -0.0624229
-0.0092011 -0.0216658 -0.0623592
-0.0091996 -0.021663 -0.0623203
-0.0091969 -0.0216602 -0.062289
-0.00919599 -0.0216573 -0.0622512
-0.00919608 -0.0216545 -0.0622073
-0.00919615 -0.0216518 -0.0621691
-0.00919613 -0.0216491 -0.0621456
-0.00919613 -0.0216476 -0.0621314
-0.00919613 -0.0216473 -0.0621141
-0.00919607 -0.021646 -0.0620831
-0.00919597 -0.0216433 -0.0620396
-0.00919402 -0.0216401 -0.061995
-0.00919046 -0.021638 -0.0619564
-0.00918535 -0.0216363 -0.0619202
-0.00917981 -0.0216337 -0.0618758
-0.00917412 -0.0216299 -0.0618168
-0.00916755 -0.0216259 -0.0617478
-0.00915997 -0.0216235 -0.0616784
-0.00915214 -0.021622 -0.0616148
-0.00914447 -0.0216214 -0.0615553
-0.00913706 -0.0216214 -0.0614952
-0.00912951 -0.0216212 -0.0614306
-0.00912201 -0.0216196 -0.0613635
-0.00911507 -0.0216185 -0.0613005
-0.00910877 -0.0216173 -0.0612471
-0.0091031 -0.0216161 -0.0612038
-0.00909816 -0.0216148 -0.0611782
-0.00909395 -0.0216132 -0.0611784
-0.00909052 -0.0216117 -0.061179
-0.00908796 -0.0216102 -0.0611794
-0.00908627 -0.0216087 -0.0611796
-0.00908561 -0.021607 -0.0611797
-0.00908557 -0.0216054 -0.06118
-0.0090856 -0.0216037 -0.0611804
-0.00908564 -0.021602 -0.0611808
-0.00908569 -0.0216012 -0.061181
-0.00908576 -0.0216013 -0.0611811
-0.00908592 -0.0216013 -0.0611814
-0.00908591 -0.0216011 -0.0611818
-0.00908599 -0.0215995 -0.0611822
-0.00908611 -0.0215987 -0.0611825
-0.00908617 -0.0215974 -0.0611827
-0.00908614 -0.0215954 -0.0611828
-0.00908615 -0.0215938 -0.0611828
-0.00908615 -0.0215912 -0.0611827
-0.00908608 -0.0215892 -0.0611825
-0.009086 -0.0215874 -0.0611823
-0.00908593 -0.0215863 -0.0611822
-0.00908584 -0.0215859 -0.061182
-0.00908571 -0.0215849 -0.0611817
-0.00908535 -0.0215835 -0.0611814
-0.00908205 -0.0215825 -0.0611811
-0.0090784 -0.0215825 -0.0611808
-0.00907482 -0.0215825 -0.0611805
-0.00907143 -0.0215825 -0.0611801
-0.00906834 -0.0215825 -0.0611798
-0.00906545 -0.0215825 -0.0611795
-0.00906337 -0.0215825 -0.0611792
-0.00906214 -0.0215825 -0.0611789
-0.00906138 -0.0215814 -0.0611786
-0.00906113 -0.0215783 -0.0611784
-0.00906117 -0.0215757 -0.0611759
-0.00906124 -0.0215735 -0.0611608
-0.00906134 -0.0215703 -0.0611394
-0.00906147 -0.0215655 -0.0611133
-0.00906161 -0.0215625 -0.0610918
-0.00906177 -0.0215608 -0.0610818
-0.00906198 -0.0215595 -0.0610811
-0.00906215 -0.0215582 -0.0610812
-0.00906233 -0.021557 -0.0610811
-0.00906255 -0.0215557 -0.0610766
-0.00906277 -0.0215545 -0.0610722
-0.00906294 -0.0215534 -0.0610718
-0.00906311 -0.0215525 -0.0610718
-0.00906327 -0.0215516 -0.0610718
-0.00906342 -0.0215507 -0.0610697
-0.00906353 -0.0215499 -0.0610633
-0.00906368 -0.0215494 -0.0610546
-0.00906389 -0.0215489 -0.0610429
-0.00906415 -0.0215485 -0.0610282
-0.00906451 -0.0215485 -0.0610111
-0.009065 -0.0215486 -0.0609921
-0.00906562 -0.0215487 -0.0609729
-0.00906636 -0.0215491 -0.0609553
-0.0090672 -0.0215496 -0.0609398
-0.00906813 -0.0215503 -0.0609274
-0.00906907 -0.0215511 -0.0609178
-0.00906987 -0.021552 -0.0609132
-0.00907038 -0.0215528 -0.0609141
-0.00907063 -0.0215534 -0.0609161
-0.00907077 -0.0215541 -0.0609194
-0.00907089 -0.0215545 -0.0609239
-0.00907097 -0.0215639 -0.0609294
-0.00907107 -0.0215678 -0.060936
-0.00907118 -0.0215711 -0.0609438
-0.00907129 -0.0215748 -0.0609523
-0.00907143 -0.0215787 -0.0609606
-0.00907156 -0.0215796 -0.0609668
-0.00907172 -0.0215826 -0.0609696
-0.00907188 -0.0215853 -0.0609705
-0.00907205 -0.0215879 -0.0609888
-0.00907223 -0.0215911 -0.0610803
-0.00907244 -0.0215952 -0.0612053
-0.00907295 -0.0216081 -0.0613107
-0.00907356 -0.0216201 -0.0613655
-0.00907417 -0.0216255 -0.061399
-0.00907484 -0.0216298 -0.0614495
-0.00907553 -0.0216369 -0.0615295
-0.00907631 -0.0216451 -0.0615937
-0.00907713 -0.021652 -0.0616233
-0.00907801 -0.0216552 -0.0616297
-0.00907897 -0.0216565 -0.0616336
-0.00907993 -0.0216565 -0.0616561
-0.00908093 -0.0216565 -0.0616875
-0.00908201 -0.0216565 -0.0617015
-0.0090831 -0.0216565 -0.0617012
-0.00908421 -0.0216565 -0.061701
-0.00908538 -0.0216565 -0.0617011
-0.00908657 -0.0216564 -0.0617013
-0.00908775 -0.0216564 -0.0617013
-0.0090889 -0.0216564 -0.0617011
-0.00909011 -0.0216564 -0.061701
-0.00909132 -0.0216564 -0.0617012
-0.00909253 -0.0216564 -0.0617013
-0.00909379 -0.0216564 -0.0617013
-0.00909501 -0.0216565 -0.0617014
-0.00909624 -0.0216633 -0.0617073
-0.00909749 -0.0216673 -0.061722
-0.00909871 -0.0216709 -0.0617402
-0.00909997 -0.021676 -0.0617576
-0.00910114 -0.0216824 -0.0617735
-0.00910229 -0.0216852 -0.0617899
-0.00910354 -0.0216878 -0.0618097
-0.00910465 -0.0216907 -0.0618327
-0.00910578 -0.0216938 -0.0618552
-0.00910697 -0.0216969 -0.061874
-0.00910811 -0.0216998 -0.0618907
-0.00910921 -0.0217027 -0.0619075
-0.00911031 -0.0217061 -0.0619253
-0.00911145 -0.0217095 -0.0619427
-0.00911252 -0.021713 -0.0619573
-0.00911358 -0.0217163 -0.0619689
-0.00911465 -0.0217199 -0.0619789
-0.00911571 -0.0217237 -0.0619894
-0.00911672 -0.0217276 -0.0620008
-0.0091177 -0.0217316 -0.0620121
-0.00911868 -0.0217357 -0.0620225
-0.00911963 -0.0217384 -0.0620326
-0.00912056 -0.0217417 -0.0620448
-0.0091215 -0.0217422 -0.0620606
-0.00912243 -0.0217448 -0.0620798
-0.00912333 -0.0217522 -0.0621012
-0.00912421 -0.0217571 -0.0621238
-0.0091251 -0.0217615 -0.0621487
-0.00912599 -0.0217657 -0.0621788
-0.00912687 -0.0217698 -0.0622146
-0.00912774 -0.0217741 -0.0622551
-0.00912861 -0.0217802 -0.0622982
-0.00912945 -0.0217873 -0.0623433
-0.00913028 -0.0217932 -0.0623911
-0.00913111 -0.0217992 -0.0624432
-0.00913194 -0.0218048 -0.0624999
-0.00913275 -0.0218103 -0.0625597
-0.00913356 -0.0218161 -0.0626207
-0.00913436 -0.0218223 -0.0626817
-0.00913514 -0.0218285 -0.0627431
-0.00913591 -0.0218344 -0.0628057
-0.00913667 -0.0218402 -0.0628693
-0.00913741 -0.0218463 -0.0629325
-0.00913813 -0.0218526 -0.0629934
-0.00913884 -0.0218588 -0.0630514
-0.00913954 -0.0218648 -0.0631072
-0.00914022 -0.0218707 -0.0631619
-0.00914088 -0.0218768 -0.0632151
-0.00914153 -0.021883 -0.0632656
-0.00914217 -0.0218891 -0.0633123
-0.00914281 -0.0218949 -0.0633558
-0.00914344 -0.0219007 -0.0633974
-0.00914405 -0.0219066 -0.0634382
-0.00914467 -0.0219124 -0.0634774
-0.00914529 -0.0219181 -0.0635144
-0.00914591 -0.0219236 -0.0635494
-0.00914654 -0.021929 -0.0635835
-0.00914717 -0.0219345 -0.0636178
-0.00914781 -0.0219398 -0.0636525
-0.00914847 -0.021945 -0.0636871
-0.00914914 -0.0219499 -0.0637213
-0.00914983 -0.0219547 -0.0637555
-0.00915053 -0.0219595 -0.0637905
-0.00915124 -0.0219642 -0.0638264
-0.00915197 -0.0219687 -0.0638628
-0.00915272 -0.0219729 -0.0638992
-0.00915348 -0.021977 -0.0639352
-0.00915426 -0.021981 -0.0639708
-0.00915504 -0.0219849 -0.064006
-0.00915584 -0.0219885 -0.0640403
-0.00915664 -0.021992 -0.0640733
-0.00915745 -0.0219953 -0.0641042
-0.00915826 -0.0219985 -0.0641326
-0.00915908 -0.0220015 -0.0641583
-0.00915989 -0.0220043 -0.0641811
-0.0091607 -0.022007 -0.0642008
-0.00916151 -0.0220095 -0.064217
-0.00916232 -0.0220119 -0.0642292
-0.00916313 -0.0220141 -0.0642375
-0.00916392 -0.0220162 -0.0642421
-0.0091647 -0.0220182 -0.0642433
-0.00916548 -0.02202 -0.0642432
-0.00916625 -0.0220217 -0.064243
-0.00916701 -0.0220233 -0.0642423
-0.00916776 -0.0220245 -0.0642412
-0.0091685 -0.0220252 -0.0642398
-0.00916924 -0.0220257 -0.0642381
-0.00916996 -0.0220263 -0.0642363
-0.00917069 -0.0220266 -0.0642346
-0.00917141 -0.0220269 -0.0642329
-0.00917213 -0.0220274 -0.0642314
-0.00917284 -0.0220284 -0.0642302
-0.00917355 -0.0220296 -0.0642294
-0.00917425 -0.0220308 -0.0642288
-0.00917494 -0.0220322 -0.0642285
-0.00917562 -0.0220335 -0.0642286
-0.00917629 -0.0220349 -0.064229
-0.00917695 -0.0220369 -0.0642296
-0.00917757 -0.0220387 -0.0642304
-0.00917818 -0.0220395 -0.0642315
-0.00917878 -0.02204 -0.0642327
-0.00917934 -0.0220407 -0.0642342
-0.00917988 -0.0220415 -0.0642357
-0.0091804 -0.0220423 -0.0642373
-0.00918089 -0.0220432 -0.064239
-0.00918135 -0.0220444 -0.0642407
-0.00918179 -0.0220461 -0.064242
-0.00918221 -0.022048 -0.0642423
-0.0091826 -0.0220501 -0.0642422
-0.00918295 -0.0220527 -0.0642422
-0.00918328 -0.0220546 -0.0642424
-0.00918357 -0.0220561 -0.0642427
-0.00918384 -0.0220576 -0.0642428
-0.00918408 -0.0220593 -0.0642428
-0.00918429 -0.0220611 -0.0642428
-0.00918446 -0.022063 -0.064243
-0.00918459 -0.0220647 -0.0642432
-0.00918472 -0.0220664 -0.0642433
-0.0091848 -0.0220683 -0.0642436
-0.00918486 -0.0220704 -0.0642507
-0.00918491 -0.0220711 -0.0642652
-0.00918495 -0.0220711 -0.0642829
-0.00918496 -0.0220711 -0.064299
-0.00918496 -0.0220723 -0.0643132
-0.00918495 -0.0220761 -0.0643295
-0.00918494 -0.0220788 -0.0643517
-0.00918486 -0.0220806 -0.0643794
-0.00918472 -0.0220834 -0.0644087
-0.00918452 -0.0220861 -0.0644364
-0.00918425 -0.0220871 -0.0644634
-0.00918393 -0.0220881 -0.064493
-0.00918356 -0.0220891 -0.0645264
-0.00918315 -0.0220897 -0.0645612
-0.00918271 -0.0220898 -0.0645939
-0.00918225 -0.0220898 -0.0646232
-0.00918179 -0.0220898 -0.0646507
-0.00918133 -0.0220901 -0.0646783
-0.00918088 -0.0220901 -0.0647057
-0.00918044 -0.0220907 -0.0647297
-0.00918004 -0.022092 -0.0647487
-0.00917967 -0.0220929 -0.0647631
-0.00917933 -0.0220939 -0.064775
-0.00917903 -0.022095 -0.0647851
-0.00917877 -0.0220964 -0.0647923
-0.00917853 -0.0220979 -0.064795
-0.00917831 -0.0220994 -0.0647949
-0.00917812 -0.0221007 -0.0647945
-0.00917805 -0.0221011 -0.0647936
-0.00917794 -0.0221011 -0.0647923
-0.00917782 -0.0221011 -0.0647909
-0.0091777 -0.022101 -0.0647895
-0.00917753 -0.0221009 -0.0647879
-0.00917733 -0.0221007 -0.0647861
-0.00917709 -0.0221004 -0.0647842
-0.00917678 -0.0221 -0.0647822
-0.00917642 -0.0220995 -0.0647801
-0.009176 -0.022099 -0.0647779
-0.00917557 -0.0220986 -0.0647758
-0.00917511 -0.0220983 -0.0647737
-0.00917464 -0.022098 -0.0647716
-0.00917416 -0.0220954 -0.0647695
-0.00917369 -0.0220945 -0.0647675
-0.00917318 -0.0220935 -0.0647653
-0.00917266 -0.0220924 -0.0647632
-0.00917213 -0.0220914 -0.064761
-0.0091716 -0.0220904 -0.0647588
-0.00917107 -0.0220893 -0.0647565
-0.00917054 -0.0220882 -0.0647545
-0.00917001 -0.0220871 -0.0647527
-0.00916948 -0.022086 -0.0647511
-0.00916897 -0.0220849 -0.0647502
-0.00916845 -0.0220838 -0.0647493
-0.00916796 -0.0220828 -0.0647488
-0.00916747 -0.0220818 -0.0647483
-0.00916701 -0.0220808 -0.0647479
-0.00916655 -0.0220799 -0.0647474
-0.00916613 -0.022079 -0.0647468
-0.00916572 -0.0220781 -0.0647463
-0.00916532 -0.0220773 -0.0647457
-0.00916492 -0.0220766 -0.0647452
-0.00916452 -0.0220757 -0.0647409
-0.0091641 -0.0220748 -0.0647027
-0.00916367 -0.022074 -0.0646495
-0.00916321 -0.0220733 -0.0645912
-0.00916273 -0.0220724 -0.0645435
-0.00916221 -0.0220714 -0.0645123
-0.00916165 -0.0220705 -0.0644888
-0.00916105 -0.0220697 -0.0644603
-0.00916042 -0.0220689 -0.0644236
-0.00915974 -0.022068 -0.064388
-0.00915902 -0.0220672 -0.0643641
-0.00915827 -0.0220664 -0.0643535
-0.00915748 -0.0220656 -0.064347
-0.00915666 -0.0220648 -0.0643355
-0.00915583 -0.022064 -0.0643186
-0.00915497 -0.0220633 -0.0643041
-0.00915411 -0.0220625 -0.0642988
-0.00915323 -0.0220618 -0.0642988
-0.00915237 -0.0220611 -0.0642988
-0.00915151 -0.0220604 -0.0642965
-0.00915068 -0.0220597 -0.0642882
-0.00914986 -0.0220591 -0.0642819
-0.00914906 -0.0220585 -0.0642794
-0.00914832 -0.022058 -0.0642779
-0.00914761 -0.0220575 -0.0642726
-0.00914694 -0.022057 -0.0642622
-0.00914629 -0.0220566 -0.0642493
-0.00914568 -0.0220561 -0.0642378
-0.00914512 -0.0220557 -0.0642287
-0.00914458 -0.0220554 -0.0642193
-0.00914405 -0.0220551 -0.0642071
-0.00914354 -0.0220548 -0.0641916
-0.00914304 -0.0220545 -0.0641762
-0.00914257 -0.0220542 -0.0641635
-0.00914211 -0.022054 -0.0641537
-0.00914164 -0.0220537 -0.064145
-0.00914116 -0.0220533 -0.0641351
-0.00914067 -0.0220528 -0.0641249
-0.00914022 -0.0220524 -0.0641165
-0.00913977 -0.022052 -0.0641117
-0.0091393 -0.0220516 -0.0641102
-0.00913883 -0.0220512 -0.0641092
-0.0091384 -0.0220508 -0.0641076
-0.009138 -0.0220504 -0.0641057
-0.00913759 -0.0220499 -0.0641054
-0.00913717 -0.0220495 -0.0641054
-0.00913363 -0.022049 -0.0641054
-0.0091276 -0.0220486 -0.0641054
-0.00912169 -0.0220481 -0.0641054
-0.00911602 -0.0220476 -0.0641054
-0.00911073 -0.0220471 -0.0641054
-0.00910658 -0.0220466 -0.0641041
-0.00910336 -0.0220461 -0.064098
-0.00910044 -0.0220456 -0.0640882
-0.00909732 -0.0220451 -0.0640755
-0.00909459 -0.0220447 -0.0640609
-0.00909228 -0.0220442 -0.0640447
-0.00908995 -0.0220438 -0.064026
-0.00908783 -0.0220433 -0.064004
-0.00908607 -0.0220429 -0.0639786
-0.00908447 -0.0220424 -0.063951
-0.00908297 -0.022042 -0.0639224
-0.00908174 -0.0220416 -0.0638931
-0.00908071 -0.0220413 -0.0638628
-0.00907979 -0.0220409 -0.0638313
-0.00907902 -0.0220405 -0.0637989
-0.00907847 -0.0220401 -0.0637668
-0.00907811 -0.0220398 -0.0637362
-0.00907784 -0.0220393 -0.0637072
-0.00907764 -0.0220388 -0.0636794
-0.00907745 -0.0220384 -0.0636527
-0.00907734 -0.0220379 -0.0636274
-0.00907735 -0.0220374 -0.0636045
-0.00907736 -0.022037 -0.0635842
-0.00907738 -0.0220366 -0.0635664
-0.0090774 -0.0220362 -0.0635502
-0.00907743 -0.0220358 -0.0635355
-0.00907746 -0.0220354 -0.0635225
-0.0090775 -0.022035 -0.0635116
-0.00907753 -0.0220346 -0.0635027
-0.00907757 -0.0220343 -0.0634949
-0.00907761 -0.022034 -0.0634877
-0.00907766 -0.0220337 -0.0634809
-0.00907773 -0.0220335 -0.0634747
-0.00907782 -0.0220333 -0.0634691
-0.00907793 -0.0220332 -0.063464
-0.00907804 -0.0220331 -0.0634589
-0.00907813 -0.0220331 -0.0634538
-0.00907823 -0.0220331 -0.0634488
-0.00907834 -0.0220332 -0.0634445
-0.00907846 -0.0220333 -0.0634416
-0.00907859 -0.0220335 -0.0634399
-0.00907873 -0.0220337 -0.0634398
-0.00907887 -0.0220339 -0.06344
-0.009079 -0.0220341 -0.0634404
-0.00907914 -0.0220343 -0.063441
-0.00907927 -0.0220343 -0.0634418
-0.00907939 -0.0220343 -0.0634428
-0.00907951 -0.0220343 -0.0634441
-0.00907962 -0.0220355 -0.0634456
-0.00907973 -0.0220384 -0.0634474
-0.0090799 -0.0220398 -0.0634493
-0.00908015 -0.0220412 -0.0634787
-0.00908043 -0.0220425 -0.0635209
-0.00908067 -0.0220441 -0.0635623
-0.00908096 -0.0220457 -0.0636004
-0.00908122 -0.0220472 -0.0636303
-0.00908152 -0.0220485 -0.063649
-0.00908183 -0.02205 -0.0636631
-0.00908214 -0.0220513 -0.0636788
-0.00908248 -0.0220528 -0.0636979
-0.00908284 -0.0220544 -0.063716
-0.00908322 -0.0220557 -0.0637297
-0.00908362 -0.0220571 -0.0637389
-0.00908405 -0.0220585 -0.0637484
-0.00908449 -0.0220598 -0.063758
-0.00908497 -0.022061 -0.0637684
-0.00908547 -0.0220623 -0.0637754
-0.00908599 -0.0220636 -0.0637773
-0.00908654 -0.0220649 -0.0637787
-0.0090871 -0.0220661 -0.0637827
-0.00908768 -0.0220673 -0.0637875
-0.00908827 -0.0220686 -0.0637898
-0.00908886 -0.0220698 -0.0637897
-0.00908947 -0.0220711 -0.0637897
-0.00909007 -0.0220722 -0.0637898
-0.00909067 -0.0220734 -0.0637918
-0.00909127 -0.0220745 -0.0637932
-0.00909185 -0.0220756 -0.0637934
-0.00909244 -0.0220767 -0.0637938
-0.00909301 -0.0220777 -0.0637959
-0.00909356 -0.0220787 -0.0637993
-0.00909412 -0.0220797 -0.0638027
-0.00909466 -0.0220807 -0.0638054
-0.00909519 -0.0220816 -0.0638084
-0.00909571 -0.0220824 -0.0638125
-0.00909623 -0.0220833 -0.0638177
-0.00909674 -0.0220842 -0.063823
-0.00909724 -0.022085 -0.0638278
-0.00909775 -0.0220858 -0.0638323
-0.00909825 -0.0220867 -0.0638371
-0.00909875 -0.0220875 -0.0638425
-0.00909926 -0.0220884 -0.0638477
-0.00909976 -0.0220893 -0.0638521
-0.00910028 -0.0220901 -0.0638558
-0.0091008 -0.022091 -0.0638592
-0.00910132 -0.022092 -0.0638627
-0.00910185 -0.022093 -0.0638658
-0.00910239 -0.022094 -0.0638682
-0.00910294 -0.022095 -0.0638699
-0.00910348 -0.0220961 -0.0638713
-0.00910403 -0.0220972 -0.0638727
-0.00910458 -0.0220984 -0.0638741
-0.00910512 -0.0220996 -0.0638753
-0.00910566 -0.0221008 -0.0638763
-0.00910618 -0.022102 -0.0638775
