-0.845397 -2.91516e-05 -1.62526 -5.60435e-05 -0.279783 -9.6477e-06
-0.852302 -2.93897e-05 -1.62361 -5.59866e-05 -0.280057 -9.65715e-06
-0.866617 -2.98833e-05 -1.62038 -5.5875e-05 -0.280487 -9.67195e-06
-0.88839 -3.06341e-05 -1.61581 -5.57174e-05 -0.280941 -9.68761e-06
-0.93468 -3.22303e-05 -1.60768 -5.54373e-05 -0.281273 -9.69906e-06
-0.996093 -3.4348e-05 -1.60024 -5.51808e-05 -0.280502 -9.67249e-06
-1.04372 -3.59904e-05 -1.59722 -5.50766e-05 -0.278872 -9.61629e-06
-1.09464 -3.77463e-05 -1.5971 -5.50725e-05 -0.276013 -9.51767e-06
-1.14685 -3.95464e-05 -1.6011 -5.52102e-05 -0.271716 -9.36952e-06
-1.1992 -4.13517e-05 -1.61007 -5.55195e-05 -0.265892 -9.16869e-06
-1.25034 -4.31153e-05 -1.62476 -5.60263e-05 -0.258517 -8.91439e-06
-1.29878 -4.47854e-05 -1.64578 -5.67509e-05 -0.249671 -8.60933e-06
-1.34444 -4.63598e-05 -1.67314 -5.76946e-05 -0.239665 -8.2643e-06
-1.38764 -4.78497e-05 -1.7066 -5.88483e-05 -0.228965 -7.89535e-06
-1.42638 -4.91857e-05 -1.74624 -6.02152e-05 -0.218025 -7.5181e-06
-1.4577 -5.02655e-05 -1.79215 -6.17984e-05 -0.207388 -7.15133e-06
-1.4833 -5.11481e-05 -1.84304 -6.3553e-05 -0.19796 -6.8262e-06
-1.50895 -5.20327e-05 -1.89641 -6.53935e-05 -0.190852 -6.58109e-06
-1.5431 -5.32105e-05 -1.94911 -6.72108e-05 -0.187171 -6.45416e-06
-1.60742 -5.54283e-05 -1.99497 -6.87922e-05 -0.188468 -6.49888e-06
-1.71509 -5.91412e-05 -2.03064 -7.0022e-05 -0.195567 -6.74369e-06
-1.86598 -6.4344e-05 -2.05666 -7.09192e-05 -0.208248 -7.18097e-06
-2.06835 -7.13225e-05 -2.07304 -7.14841e-05 -0.226449 -7.80857e-06
-2.32506 -8.01745e-05 -2.08198 -7.17925e-05 -0.249437 -8.60127e-06
-2.63258 -9.07787e-05 -2.0882 -7.20069e-05 -0.275488 -9.49957e-06
-2.99126 -0.000103147 -2.096 -7.22759e-05 -0.303041 -1.04497e-05
-3.39951 -0.000117224 -2.111 -7.2793e-05 -0.330301 -1.13897e-05
-3.84878 -0.000132717 -2.14109 -7.38307e-05 -0.354999 -1.22413e-05
-4.32726 -0.000149216 -2.19501 -7.56898e-05 -0.375002 -1.29311e-05
-4.82831 -0.000166494 -2.27982 -7.86146e-05 -0.388795 -1.34067e-05
-5.34925 -0.000184457 -2.40108 -8.27959e-05 -0.395499 -1.36379e-05
-5.88034 -0.00020277 -2.56522 -8.84558e-05 -0.39447 -1.36024e-05
-6.40602 -0.000220897 -2.77902 -9.58283e-05 -0.385708 -1.33003e-05
-6.92657 -0.000238847 -3.04368 -0.000104954 -0.370907 -1.27899e-05
-7.45304 -0.000257001 -3.35633 -0.000115736 -0.352813 -1.2166e-05
-7.99057 -0.000275537 -3.71494 -0.000128101 -0.335169 -1.15576e-05
-8.53821 -0.000294421 -4.11748 -0.000141982 -0.321583 -1.10891e-05
-9.08643 -0.000313325 -4.56336 -0.000157357 -0.3165 -1.09138e-05
-9.62275 -0.000331819 -5.05142 -0.000174187 -0.324712 -1.1197e-05
-10.1323 -0.000349389 -5.57991 -0.000192411 -0.351362 -1.21159e-05
-10.5973 -0.000365425 -6.1463 -0.000211941 -0.401739 -1.38531e-05
-10.9988 -0.00037927 -6.74692 -0.000232652 -0.481807 -1.6614e-05
-11.3228 -0.000390443 -7.37534 -0.000254322 -0.598261 -2.06297e-05
-11.5764 -0.000399186 -8.01853 -0.000276501 -0.758786 -2.6165e-05
-11.7664 -0.000405739 -8.66237 -0.000298702 -0.970527 -3.34664e-05
-11.8864 -0.000409875 -9.29548 -0.000320534 -1.23935 -4.27362e-05
-11.9359 -0.000411583 -9.90499 -0.000341551 -1.57112 -5.41767e-05
-11.9212 -0.000411077 -10.4768 -0.000361267 -1.97105 -6.79674e-05
-11.8476 -0.000408537 -10.9974 -0.000379222 -2.44244 -8.4222e-05
-11.7234 -0.000404255 -11.4538 -0.000394959 -2.987 -0.000103
-11.5593 -0.000398598 -11.8338 -0.000408061 -3.60476 -0.000124302
-11.3547 -0.000391543 -12.1303 -0.000418286 -4.29307 -0.000148037
-11.0914 -0.000382462 -12.3429 -0.000425616 -5.04639 -0.000174014
-10.757 -0.000370931 -12.4713 -0.000430044 -5.8576 -0.000201986
-10.3471 -0.000356797 -12.515 -0.000431552 -6.71797 -0.000231654
-9.85252 -0.000339742 -12.476 -0.000430209 -7.61647 -0.000262637
-9.28123 -0.000320043 -12.3534 -0.00042598 -8.54135 -0.000294529
-8.66699 -0.000298862 -12.1413 -0.000418667 -9.48081 -0.000326925
-8.02176 -0.000276612 -11.8413 -0.000408321 -10.4202 -0.000359317
-7.34717 -0.000253351 -11.4592 -0.000395144 -11.343 -0.000391139
-6.66327 -0.000229768 -10.9981 -0.000379245 -12.2333 -0.000421839
-5.98801 -0.000206483 -10.4634 -0.000360808 -13.0741 -0.00045083
-5.33059 -0.000183813 -9.86415 -0.000340143 -13.847 -0.000477484
-4.68783 -0.000161649 -9.21353 -0.000317708 -14.5337 -0.000501162
-4.05129 -0.0001397 -8.52721 -0.000294042 -15.116 -0.000521241
-3.41675 -0.000117819 -7.82005 -0.000269657 -15.5772 -0.000537143
-2.77979 -9.58549e-05 -7.1062 -0.000245041 -15.9018 -0.000548338
-2.1357 -7.36448e-05 -6.39876 -0.000220647 -16.0762 -0.000554352
-1.48105 -5.10705e-05 -5.70852 -0.000196845 -16.0895 -0.000554809
-0.81718 -2.81786e-05 -5.04307 -0.000173899 -15.9339 -0.000549444
-0.147182 -5.07526e-06 -4.40995 -0.000152067 -15.6039 -0.000538066
0.546028 1.88286e-05 -3.80886 -0.00013134 -15.0986 -0.000520642
1.24497 4.29299e-05 -3.2482 -0.000112007 -14.417 -0.000497139
1.95331 6.73555e-05 -2.72484 -9.39601e-05 -13.5647 -0.000467749
2.67527 9.22507e-05 -2.23793 -7.71701e-05 -12.5481 -0.000432693
3.41466 0.000117747 -1.78346 -6.14985e-05 -11.3778 -0.000392339
4.17043 0.000143808 -1.35251 -4.66383e-05 -10.0662 -0.000347112
4.93453 0.000170156 -0.934012 -3.22073e-05 -8.63051 -0.000297604
5.70215 0.000196626 -0.516396 -1.78068e-05 -7.08815 -0.000244419
6.47307 0.000223209 -0.0886719 -3.05765e-06 -5.45842 -0.000188221
7.26374 0.000250474 0.363591 1.25376e-05 -3.76014 -0.00012966
8.09243 0.000279049 0.856483 2.95339e-05 -2.01204 -6.93808e-05
8.96509 0.000309141 1.38876 4.78883e-05 -0.233084 -8.03739e-06
9.88654 0.000340915 1.97304 6.80358e-05 1.62642 5.60835e-05
10.8495 0.000374119 2.61994 9.03429e-05 3.47365 0.000119781
11.8371 0.000408178 3.34552 0.000115363 5.27963 0.000182056
12.8391 0.000442728 4.15925 0.000143422 7.02955 0.000242398
13.8654 0.000478117 5.0644 0.000174635 8.70942 0.000300325
14.9502 0.000515523 6.05569 0.000208817 10.307 0.000355415
16.1429 0.000556652 7.12225 0.000245595 11.811 0.000407274
17.5029 0.000603548 8.24998 0.000284482 13.2125 0.000455605
19.0541 0.000657038 9.43309 0.000325279 14.5062 0.000500214
20.751 0.00071555 10.6829 0.000368374 15.686 0.000540895
22.5255 0.00077674 12.0155 0.000414328 16.7461 0.000577451
24.3345 0.00083912 13.439 0.000463413 17.6841 0.000609798
26.141 0.000901414 14.956 0.000515724 18.501 0.000637967
27.9078 0.000962339 16.5654 0.000571221 19.2018 0.00066213
29.6028 0.00102079 18.2614 0.000629702 19.7954 0.000682599
31.2305 0.00107691 20.0257 0.00069054 20.2952 0.000699835
33.6226 0.0011594 22.7364 0.000784015 20.9066 0.000720919
35.9316 0.00123902 25.4605 0.000877949 21.4006 0.000737953
38.1657 0.00131606 28.1149 0.00096948 21.843 0.000753208
40.3022 0.00138973 30.6259 0.00105607 22.2956 0.000768814
42.2866 0.00145816 32.9317 0.00113557 22.8134 0.000786668
44.0769 0.00151989 34.9773 0.00120611 23.4428 0.000808372
45.5836 0.00157185 36.7305 0.00126657 24.2182 0.000835109
46.7133 0.0016108 38.1701 0.00131621 25.1597 0.000867575
47.3621 0.00163318 39.2872 0.00135473 26.2738 0.000905993
47.5564 0.00163988 40.0494 0.00138101 27.5584 0.000950291
47.4313 0.00163556 40.4087 0.0013934 29 0.000999998
47.0313 0.00162177 40.3559 0.00139158 30.5628 0.00105389
46.3979 0.00159993 39.9021 0.00137594 32.1976 0.00111026
45.5489 0.00157065 39.0804 0.0013476 33.8372 0.0011668
44.465 0.00153328 37.9465 0.0013085 35.4025 0.00122078
43.0942 0.00148601 36.5742 0.00126118 36.8078 0.00126924
41.4089 0.00142789 35.0327 0.00120802 37.9683 0.00130925
39.373 0.00135769 33.3876 0.0011513 38.803 0.00133803
36.9827 0.00127527 31.6864 0.00109263 39.2444 0.00135325
34.2775 0.00118198 29.9518 0.00103282 39.2406 0.00135312
31.3015 0.00107936 28.189 0.000972034 38.7558 0.00133641
28.1078 0.000969236 26.3867 0.000909886 37.7727 0.00130251
24.8189 0.000855824 24.5048 0.000844993 36.2937 0.00125151
21.5648 0.000743614 22.4947 0.000775679 34.3339 0.00118393
18.3492 0.000632732 20.3388 0.000701339 31.915 0.00110052
15.0824 0.000520084 18.0443 0.000622219 29.0663 0.00100229
11.7308 0.000404511 15.6033 0.000538046 25.8284 0.000890633
8.22432 0.000283597 13.0145 0.000448776 22.2468 0.000767132
4.49034 0.000154839 10.2766 0.000354364 18.3769 0.000633685
0.402484 1.3879e-05 7.39733 0.00025508 14.2767 0.000492301
-3.95747 -0.000136464 4.38179 0.000151096 10.007 0.000345068
-8.66803 -0.000298897 1.16261 4.00899e-05 5.64846 0.000194774
-13.641 -0.000470377 -2.24401 -7.73796e-05 1.28521 4.43178e-05
-18.7718 -0.000647305 -5.91397 -0.00020393 -2.86244 -9.87047e-05
-23.9384 -0.000825461 -9.9388 -0.000342717 -6.88686 -0.000237478
-29.0142 -0.00100049 -14.3402 -0.000494491 -10.7621 -0.000371108
-33.7867 -0.00116506 -19.1395 -0.000659983 -14.4823 -0.000499389
-38.1035 -0.00131392 -24.2965 -0.000837812 -18.0524 -0.000622496
-41.9613 -0.00144695 -29.7027 -0.00102423 -21.5052 -0.000741557
-45.415 -0.00156604 -35.2041 -0.00121394 -24.8894 -0.000858254
-48.5644 -0.00167465 -40.6184 -0.00140064 -28.2693 -0.000974803
-51.4549 -0.00177433 -45.772 -0.00157835 -31.7021 -0.00109318
-54.1146 -0.00186605 -50.5069 -0.00174163 -35.2358 -0.00121503
-55.5292 -0.00191483 -54.3821 -0.00187526 -38.9719 -0.00134386
-55.2589 -0.00190551 -56.8687 -0.00196101 -43.0178 -0.00148337
-55.3263 -0.00190784 -58.864 -0.00202982 -45.9213 -0.0015835
-55.6801 -0.00192004 -60.2886 -0.00207896 -46.0601 -0.00158828
-55.6722 -0.00191976 -61.0256 -0.00210437 -45.984 -0.00158566
-55.726 -0.00192162 -61.6323 -0.0021253 -46.1528 -0.00159148
-55.6924 -0.00192046 -62.0791 -0.00214071 -46.5316 -0.00160454
-55.2717 -0.00190595 -61.8523 -0.00213289 -46.6827 -0.00160975
-54.6141 -0.00188328 -61.125 -0.00210781 -46.7009 -0.00161038
-53.768 -0.0018541 -59.967 -0.00206788 -46.8482 -0.00161546
-52.7121 -0.00181769 -58.3861 -0.00201336 -47.0941 -0.00162394
-51.5625 -0.00177805 -56.5455 -0.0019499 -47.18 -0.0016269
-50.3444 -0.00173605 -54.5011 -0.0018794 -47.1982 -0.00162753
-49.1167 -0.00169371 -52.3414 -0.00180492 -47.2687 -0.00162996
-47.8361 -0.00164955 -50.1946 -0.0017309 -47.1728 -0.00162665
-46.3843 -0.00159949 -48.1249 -0.00165953 -46.2944 -0.00159636
-44.8158 -0.00154541 -46.1876 -0.00159273 -44.5218 -0.00153524
-43.1547 -0.00148813 -44.3994 -0.00153106 -41.9303 -0.00144588
-41.4101 -0.00142797 -42.7635 -0.00147465 -38.5731 -0.00133011
-39.5544 -0.00136398 -41.2708 -0.00142318 -34.4635 -0.0011884
-37.5545 -0.00129502 -39.8817 -0.00137528 -29.72 -0.00102483
-35.4188 -0.00122137 -38.5271 -0.00132857 -24.4905 -0.000844506
-33.2002 -0.00114487 -37.1157 -0.0012799 -18.9183 -0.00065236
-30.9859 -0.00106851 -35.5416 -0.00122562 -13.1352 -0.000452943
-29.5445 -0.00101881 -34.3555 -0.00118472 -9.24607 -0.000318834
-28.0993 -0.000968976 -33.0458 -0.00113956 -5.38461 -0.00018568
-26.6112 -0.000917663 -31.6067 -0.00108993 -1.54414 -5.32506e-05
-25.0593 -0.000864149 -30.0771 -0.00103719 1.05902 3.65135e-05
-23.4461 -0.00080852 -28.4478 -0.000981008 3.3247 0.00011464
-21.7675 -0.000750638 -26.6325 -0.000918413 5.34816 0.000184415
-20.0214 -0.000690426 -24.6794 -0.000851061 7.31931 0.000252386
-18.2182 -0.000628247 -22.5948 -0.000779181 9.27016 0.000319656
-16.3658 -0.000564372 -20.3647 -0.000702279 11.145 0.000384305
-14.4878 -0.000499612 -18.0032 -0.000620849 12.8659 0.000443648
-12.6065 -0.00043474 -15.5185 -0.00053517 14.3998 0.000496539
-10.7441 -0.000370519 -12.9339 -0.000446045 15.7893 0.000544456
-8.89714 -0.000306832 -10.2785 -0.000354479 17.0948 0.000589473
-7.04612 -0.000243004 -7.58493 -0.000261598 18.335 0.000632238
-5.19562 -0.000179193 -4.88266 -0.000168417 19.4825 0.000671806
-3.34741 -0.000115462 -2.20442 -7.60634e-05 20.5109 0.000707269
-1.49502 -5.15862e-05 0.472432 1.62418e-05 21.4348 0.000739126
0.267235 9.18109e-06 3.04392 0.000104914 22.2966 0.000768843
1.92705 6.64159e-05 5.37902 0.000185434 23.1352 0.000797763
3.5386 0.000121987 7.58263 0.000261421 23.9288 0.000825128
5.17784 0.000178512 9.64138 0.000332412 24.6784 0.000850975
6.82925 0.000235458 11.4982 0.000396441 25.3713 0.000874869
8.37979 0.000288925 13.156 0.000453606 26.0264 0.000897459
9.77902 0.000337174 14.6433 0.000504892 26.6483 0.000918903
11.1195 0.000383398 15.9332 0.000549373 27.2529 0.000939751
12.3602 0.00042618 17.0185 0.000586798 27.8347 0.000959812
13.4563 0.000463976 17.9017 0.000617252 28.3851 0.000978793
14.4067 0.000496748 18.5942 0.000641132 28.9002 0.000996556
15.2206 0.000524816 19.1026 0.000658663 29.3799 0.0010131
15.8959 0.000548102 19.425 0.00066978 29.8292 0.00102859
16.4467 0.000567095 19.5605 0.000674452 30.2458 0.00104296
16.9032 0.000582837 19.5139 0.000672843 30.6207 0.00105588
17.2971 0.000596417 19.2903 0.000665136 30.9448 0.00106706
17.6582 0.00060887 18.8938 0.000651461 31.2126 0.00107629
18.0123 0.000621079 18.3343 0.000632169 31.4194 0.00108343
18.3616 0.000633126 17.6365 0.000608105 31.558 0.0010882
18.6766 0.000643986 16.8372 0.000580544 31.6172 0.00109024
18.9366 0.000652951 15.9681 0.000550576 31.5478 0.00108785
19.135 0.000659794 15.0545 0.000519071 31.3159 0.00107986
19.2679 0.000664376 14.1233 0.000486962 30.9 0.00106551
19.3451 0.000667038 13.191 0.000454814 30.2943 0.00104463
19.3967 0.000668819 12.2697 0.000423043 29.4969 0.00101713
19.4359 0.00067017 11.3758 0.000392221 28.5068 0.000982988
19.4775 0.000671605 10.5233 0.000362824 27.3242 0.00094221
19.5392 0.000673733 9.72195 0.000335191 25.9515 0.000894876
19.6284 0.000676806 8.98106 0.000309643 24.3952 0.000841209
19.7523 0.000681078 8.3075 0.000286417 22.6675 0.000781634
19.9035 0.000686294 7.70267 0.000265561 20.7856 0.000716743
20.0937 0.000692854 7.16334 0.000246963 18.7698 0.00064723
20.3369 0.000701237 6.68995 0.00023064 16.6384 0.000573735
20.6428 0.000711788 6.28404 0.000216643 14.4136 0.000497017
21.0137 0.000724576 5.94133 0.000204825 12.1211 0.000417966
21.4294 0.00073891 5.66469 0.000195286 9.787 0.000337479
21.8702 0.00075411 5.45864 0.00018818 7.43915 0.000256519
22.3244 0.000769775 5.3219 0.000183465 5.10601 0.000176066
22.7727 0.000785234 5.25287 0.000181085 2.81616 9.71056e-05
23.1955 0.000799812 5.24868 0.000180941 0.599006 2.0652e-05
23.575 0.000812897 5.31817 0.000183337 -1.0662 -3.6769e-05
23.8946 0.000823919 5.47796 0.000188847 -2.46709 -8.50755e-05
24.1485 0.000832674 5.65284 0.000194877 -3.6377 -0.000125441
24.3519 0.000839689 5.85943 0.000202001 -4.70922 -0.00016239
24.5403 0.000846185 6.06852 0.000209211 -5.67862 -0.000195818
24.7311 0.000852765 6.25383 0.000215601 -6.52609 -0.000225041
24.952 0.00086038 6.40025 0.00022065 -7.20766 -0.000248544
25.2414 0.000870361 6.48569 0.000223596 -7.68945 -0.000265157
25.5813 0.00088208 6.51604 0.000224643 -7.97904 -0.000275143
25.9573 0.000895046 6.50145 0.00022414 -8.10024 -0.000279322
26.3475 0.000908502 6.45389 0.0002225 -8.02735 -0.000276809
26.7409 0.000922066 6.38705 0.000220195 -7.72157 -0.000266264
27.1259 0.000935342 6.31587 0.00021774 -7.15951 -0.000246883
27.4765 0.000947434 6.26092 0.000215845 -6.35182 -0.000219032
27.7775 0.000957811 6.24122 0.000215166 -5.32764 -0.000183715
28.0176 0.000966092 6.27338 0.000216275 -4.11651 -0.000141952
28.193 0.00097214 6.37052 0.000219625 -2.7375 -9.44001e-05
28.3176 0.000976436 6.53824 0.000225408 -1.17921 -4.0666e-05
28.3927 0.000979026 6.77526 0.000233581 0.270372 9.31977e-06
28.4055 0.000979467 7.08348 0.000244209 1.76027 6.06955e-05
28.3449 0.000977377 7.49497 0.000258399 3.26911 0.000112725
28.1963 0.000972254 8.00242 0.000275897 4.84673 0.000167125
27.9701 0.000964454 8.5999 0.0002965 6.4949 0.000223959
27.6854 0.000954637 9.28432 0.000320101 8.19728 0.000282661
27.3466 0.000942954 10.0464 0.00034638 9.92688 0.000342303
26.9512 0.000929319 10.8781 0.000375058 11.658 0.000401998
26.4846 0.00091323 11.7695 0.000405796 13.3845 0.000461531
25.9243 0.000893907 12.711 0.000438263 15.1089 0.000520994
25.2444 0.000870463 13.6917 0.000472079 16.8283 0.000580283
24.4095 0.000841675 14.7001 0.00050685 18.5287 0.000638918
23.4068 0.000807097 15.7156 0.000541868 20.1948 0.000696369
22.2433 0.000766978 16.7097 0.000576149 21.8186 0.000752361
20.9372 0.00072194 17.6497 0.000608564 23.4001 0.000806897
19.533 0.000673518 18.4961 0.000637749 24.9416 0.000860051
18.0853 0.000623599 19.2081 0.000662301 26.4404 0.000911733
16.627 0.000573312 19.753 0.000681091 27.8875 0.000961635
15.1792 0.000523388 20.1047 0.000693217 29.2724 0.00100939
13.7728 0.00047489 20.2398 0.000697877 30.5867 0.00105471
12.428 0.000428519 20.1438 0.000694564 31.8223 0.00109732
11.1558 0.000384652 19.81 0.000683054 32.9682 0.00113683
9.96381 0.000343547 19.2393 0.000663375 34.0085 0.0011727
8.86212 0.000305558 18.4386 0.000635766 34.9241 0.00120428
7.86705 0.000271245 17.4198 0.000600633 35.6952 0.00123087
6.9965 0.000241226 16.1999 0.000558569 36.303 0.00125182
6.27444 0.000216327 14.8001 0.000510301 36.7287 0.0012665
5.71233 0.000196944 13.2497 0.000456839 36.9519 0.0012742
5.28804 0.000182314 11.5901 0.000399611 36.932 0.00127351
4.98459 0.00017185 9.86036 0.000339964 36.6005 0.00126208
4.80071 0.000165509 8.10126 0.000279306 35.9257 0.00123881
4.72294 0.000162827 6.35487 0.000219085 34.8903 0.00120311
4.73357 0.000163194 4.66199 0.00016071 33.483 0.00115458
4.81484 0.000165996 3.06053 0.000105487 31.7002 0.00109311
4.95709 0.000170902 1.58272 5.45281e-05 29.543 0.00101872
5.18731 0.00017884 0.246253 8.44308e-06 27.019 0.000931688
5.51766 0.000190232 -0.933229 -3.22287e-05 24.1421 0.000832483
5.92645 0.000204328 -1.93763 -6.68633e-05 20.934 0.000721857
6.40732 0.00022091 -2.73529 -9.43688e-05 17.4328 0.000601128
6.96791 0.00024024 -3.34013 -0.000115225 13.6673 0.000471282
7.63166 0.000263128 -3.77875 -0.00013035 9.68844 0.000334081
8.41754 0.000290227 -4.05956 -0.000140033 5.54322 0.000191142
9.3477 0.000322302 -4.20302 -0.00014498 1.28506 4.43089e-05
10.4147 0.000359093 -4.17972 -0.000144177 -1.72857 -5.96091e-05
11.5549 0.000398414 -3.97612 -0.000137156 -4.43162 -0.000152818
12.6882 0.000437492 -3.69628 -0.000127507 -6.89527 -0.000237771
13.7228 0.000473166 -3.28015 -0.000113157 -9.34529 -0.000322255
14.6112 0.000503803 -2.7434 -9.46484e-05 -11.8043 -0.000407048
15.3282 0.000528524 -2.13181 -7.35591e-05 -14.209 -0.000489968
15.8853 0.000547737 -1.4756 -5.09313e-05 -16.4456 -0.000567093
16.3315 0.000563123 -0.826762 -2.85574e-05 -18.4334 -0.000635639
16.6826 0.00057523 -0.215099 -7.46561e-06 -20.1783 -0.000695807
16.9355 0.000583949 0.330877 1.13612e-05 -21.7127 -0.000748719
17.0806 0.000588953 0.781986 2.69166e-05 -23.0347 -0.000794302
17.0772 0.000588837 1.12184 3.86357e-05 -24.0965 -0.000830916
16.9121 0.000583143 1.33364 4.59391e-05 -24.8433 -0.00085667
16.5797 0.00057168 1.40551 4.84174e-05 -25.2552 -0.000870872
16.0728 0.000554201 1.32932 4.57902e-05 -25.3503 -0.000874153
15.4103 0.000531359 1.1 3.78826e-05 -25.0158 -0.000862616
14.6015 0.000503466 0.719951 2.47775e-05 -24.2208 -0.000835205
13.6456 0.000470505 0.192996 6.60662e-06 -22.9485 -0.000791331
12.5534 0.000432842 -0.470712 -1.62799e-05 -21.2121 -0.000731456
11.34 0.000391003 -1.25632 -4.33698e-05 -19.054 -0.000657038
10.0205 0.000345503 -2.14632 -7.40593e-05 -16.5324 -0.000570085
8.61147 0.000296915 -3.11909 -0.000107603 -13.7013 -0.000472461
7.13249 0.000245915 -4.15104 -0.000143188 -10.6023 -0.0003656
5.60818 0.000193353 -5.21628 -0.00017992 -7.27772 -0.000250959
4.07101 0.000140347 -6.28861 -0.000216897 -3.78582 -0.000130549
2.55537 8.80835e-05 -7.34378 -0.000253282 -0.214803 -7.41045e-06
1.09473 3.77169e-05 -8.40458 -0.000289861 2.49274 8.5953e-05
-0.21513 -7.45089e-06 -9.32256 -0.000321516 5.11385 0.000176336
-1.44461 -4.98466e-05 -10.125 -0.000349188 7.69637 0.000265389
-2.59813 -8.96233e-05 -10.7985 -0.000372412 10.2152 0.000352245
-3.64638 -0.00012577 -11.3488 -0.000391385 12.677 0.000437135
-4.574 -0.000157757 -11.735 -0.000404705 14.9798 0.000516542
-5.35892 -0.000184823 -11.9408 -0.000411801 17.0536 0.000588052
-5.97821 -0.000206178 -11.9687 -0.000412762 18.8748 0.00065085
-6.46239 -0.000222874 -11.8094 -0.000407268 20.4593 0.000705491
-6.81661 -0.000235088 -11.4512 -0.000394917 21.8173 0.000752319
-7.06359 -0.000243605 -10.8863 -0.00037544 22.9331 0.000790794
-7.24705 -0.000249931 -10.1183 -0.000348956 23.7726 0.000819742
-7.3755 -0.00025436 -9.15913 -0.00031588 24.3185 0.000838565
-7.44111 -0.000256623 -8.02957 -0.00027693 24.5831 0.00084769
-7.4354 -0.000256426 -6.7618 -0.000233214 24.592 0.000847996
-7.34856 -0.000253431 -5.39887 -0.000186216 24.2939 0.000837716
-7.16924 -0.000247248 -3.97932 -0.000137266 23.7002 0.000817244
-6.89993 -0.000237961 -2.53978 -8.76271e-05 22.832 0.000787307
-6.57664 -0.000226813 -1.09813 -3.7915e-05 21.7172 0.000748865
-6.2199 -0.000214512 0.300387 1.03098e-05 20.412 0.000703859
-5.85816 -0.000202038 1.61124 5.55115e-05 18.9574 0.000653702
-5.52956 -0.000190707 2.80036 9.65157e-05 17.3987 0.000599951
-5.24913 -0.000181037 3.83587 0.000132223 15.7648 0.000543609
-4.99532 -0.000172285 4.67641 0.000161207 14.0915 0.000485909
-4.75861 -0.000164123 5.28792 0.000182294 12.4174 0.000428184
-4.54618 -0.000156797 5.64792 0.000194707 10.7812 0.000371761
-4.36503 -0.000150551 5.74124 0.000197925 9.21419 0.000317727
-4.22929 -0.00014587 5.56167 0.000191733 7.73624 0.000266764
-4.13459 -0.000142605 5.10447 0.000175968 6.36052 0.000219325
-4.0722 -0.000140453 4.37172 0.0001507 5.09647 0.000175737
-4.02457 -0.000138811 3.37119 0.0001162 3.9524 0.000136286
-3.98351 -0.000137395 2.12078 7.30819e-05 2.9305 0.000101048
-3.95478 -0.000136404 0.688994 2.371e-05 2.0306 7.00172e-05
-3.9593 -0.00013656 -0.91866 -3.17263e-05 1.22699 4.23065e-05
-3.9984 -0.000137909 -2.66488 -9.19408e-05 0.511069 1.76196e-05
-4.07739 -0.000140632 -4.50894 -0.000155529 -0.133064 -4.59187e-06
-4.20324 -0.000144972 -6.39564 -0.000220588 -0.544334 -1.87736e-05
-4.36834 -0.000150665 -8.29146 -0.000285961 -0.919509 -3.17107e-05
-4.54999 -0.000156929 -10.1618 -0.000350457 -1.28625 -4.4357e-05
-4.74478 -0.000163646 -11.9617 -0.000412521 -1.67535 -5.7774e-05
-4.97875 -0.000171714 -13.6417 -0.00047045 -2.11041 -7.27763e-05
-5.25916 -0.000181383 -15.1665 -0.00052303 -2.59429 -8.94617e-05
-5.59256 -0.00019288 -16.5047 -0.000569176 -3.12717 -0.000107837
-5.97201 -0.000205964 -17.6344 -0.000608133 -3.71248 -0.00012802
-6.35807 -0.000219276 -18.5457 -0.000639555 -4.3605 -0.000150366
-6.74294 -0.000232548 -19.2293 -0.000663129 -5.07792 -0.000175104
-7.12727 -0.0002458 -19.6829 -0.00067877 -5.86264 -0.000202164
-7.48315 -0.000258072 -19.9014 -0.000686305 -6.70479 -0.000231203
-7.84644 -0.0002706 -19.897 -0.000686153 -7.58893 -0.000261691
-8.24139 -0.000284219 -19.6831 -0.000678777 -8.504 -0.000293245
-8.67351 -0.000299119 -19.2812 -0.000664916 -9.43779 -0.000325444
-9.15355 -0.000315672 -18.7106 -0.00064524 -10.378 -0.000357866
-9.68666 -0.000334055 -18.0023 -0.000620816 -11.3036 -0.000389781
-10.2732 -0.00035428 -17.1947 -0.000592968 -12.1901 -0.000420351
-10.9183 -0.000376526 -16.325 -0.00056298 -13.0152 -0.000448804
-11.6194 -0.0004007 -15.433 -0.000532222 -13.759 -0.000474452
-12.2371 -0.000422002 -14.6026 -0.000503585 -14.3964 -0.000496431
-12.9107 -0.000445228 -13.8347 -0.000477106 -14.9137 -0.000514267
-13.5881 -0.000468589 -13.1769 -0.000454424 -15.2948 -0.000527412
-14.2664 -0.000491978 -12.649 -0.00043622 -15.5254 -0.000535361
-14.9488 -0.000515508 -12.2866 -0.000423726 -15.591 -0.000537625
-15.6494 -0.000539667 -12.1063 -0.000417507 -15.4268 -0.000531962
-16.4006 -0.000565572 -12.1034 -0.000417408 -15.0199 -0.000517932
-17.2172 -0.000593728 -12.2809 -0.000423527 -14.3663 -0.000495395
-18.1181 -0.000624795 -12.6382 -0.00043585 -13.4767 -0.000464718
-19.1107 -0.000659023 -13.1705 -0.000454204 -12.3704 -0.000426569
-20.1432 -0.000694627 -13.883 -0.000478772 -11.0684 -0.000381671
-21.1643 -0.000729837 -14.7761 -0.00050957 -9.59529 -0.000330875
-22.1731 -0.000764621 -15.8312 -0.000545951 -7.98216 -0.00027525
-23.1441 -0.000798104 -17.0296 -0.000587276 -6.26287 -0.000215965
-24.0411 -0.000829035 -18.3493 -0.000632785 -4.4772 -0.00015439
-24.876 -0.000857827 -19.7519 -0.000681147 -2.67156 -9.21261e-05
-25.6858 -0.000885749 -21.1886 -0.000730689 -0.894961 -3.08642e-05
-26.4645 -0.000912603 -22.632 -0.000780464 0.536346 1.84912e-05
-27.226 -0.000938861 -24.046 -0.00082922 1.81979 6.27478e-05
-27.9832 -0.000964971 -25.3572 -0.000874433 2.90552 0.000100187
-28.7024 -0.000989772 -26.5619 -0.000915977 3.86068 0.000133124
-29.3576 -0.00101236 -27.638 -0.000953083 4.67108 0.000161068
-29.939 -0.00103241 -28.5566 -0.000984759 5.3039 0.00018289
-30.424 -0.00104914 -29.3062 -0.00101061 5.72386 0.000197371
-30.79 -0.00106176 -29.8758 -0.00103025 5.90707 0.000203689
-31.019 -0.00106965 -30.2628 -0.00104359 5.83048 0.000201048
-31.0895 -0.00107208 -30.4729 -0.00105084 5.4641 0.000188414
-30.9818 -0.00106837 -30.502 -0.00105184 4.80126 0.000165557
-30.6985 -0.0010586 -30.3484 -0.00104654 3.84605 0.000132619
-30.2399 -0.00104279 -30.0198 -0.00103521 2.6076 8.99138e-05
-29.6102 -0.00102107 -29.5291 -0.00101829 1.1104 3.82862e-05
-28.8262 -0.00099404 -28.8845 -0.000996064 -0.392925 -1.35526e-05
-27.9043 -0.000962251 -28.0745 -0.000968136 -1.75776 -6.06158e-05
-26.8543 -0.000926043 -27.1593 -0.000936575 -3.17379 -0.000109444
-25.7058 -0.000886441 -26.1382 -0.000901366 -4.68863 -0.00016168
-24.4747 -0.000843988 -25.036 -0.000863358 -6.27955 -0.00021654
-23.1796 -0.000799329 -23.877 -0.000823394 -7.92509 -0.000273282
-21.8187 -0.0007524 -22.6916 -0.000782517 -9.57043 -0.000330018
-20.3765 -0.000702672 -21.5128 -0.000741871 -11.1656 -0.000385024
-18.8517 -0.00065009 -20.3661 -0.000702327 -12.6838 -0.000437375
-17.2512 -0.000594901 -19.2717 -0.00066459 -14.1133 -0.000486668
-15.6173 -0.000538559 -18.2397 -0.000629005 -15.4414 -0.000532465
-14.0018 -0.000482854 -17.2743 -0.000595715 -16.6414 -0.000573845
-12.419 -0.000428275 -16.3862 -0.000565089 -17.6788 -0.000609618
-10.8893 -0.000375526 -15.5805 -0.000537305 -18.5294 -0.000638949
-9.41549 -0.000324705 -14.864 -0.0005126 -19.1834 -0.000661498
-7.98588 -0.000275408 -14.2437 -0.000491211 -19.6378 -0.000677168
-6.60422 -0.000227764 -13.7182 -0.000473091 -19.8874 -0.000685776
-5.26806 -0.00018169 -13.2839 -0.000458115 -19.9134 -0.000686673
-3.97904 -0.000137241 -12.9284 -0.000445856 -19.648 -0.000677521
-2.74198 -9.45835e-05 -12.6389 -0.000435872 -19.086 -0.000658143
-1.53539 -5.29769e-05 -12.406 -0.000427841 -18.2384 -0.000628913
-0.328869 -1.13729e-05 -12.2188 -0.000421388 -17.1224 -0.00059043
0.751486 2.58807e-05 -12.0677 -0.000416177 -15.7564 -0.000543327
1.71508 5.91081e-05 -11.915 -0.000410909 -14.1647 -0.000488441
2.73679 9.43394e-05 -11.7551 -0.000405398 -12.368 -0.000426488
3.78573 0.00013051 -11.5398 -0.000397972 -10.4006 -0.000358645
4.83775 0.000166786 -11.2657 -0.000388522 -8.28446 -0.000285675
5.89691 0.000203309 -10.9069 -0.00037615 -6.05536 -0.000208809
6.96627 0.000240184 -10.4271 -0.000359603 -3.74857 -0.000129264
8.05698 0.000277794 -9.80992 -0.000338322 -1.36306 -4.70054e-05
9.19616 0.000317076 -9.07225 -0.000312885 0.554807 1.91278e-05
10.3976 0.000358505 -8.21986 -0.000283492 2.31506 7.98263e-05
11.6618 0.000402099 -7.18131 -0.00024768 3.9548 0.000136369
12.9841 0.000447695 -5.97389 -0.000206045 5.59005 0.000192757
14.3526 0.000494885 -4.59588 -0.000158527 7.22931 0.000249283
15.757 0.000543311 -3.03429 -0.000104679 8.84708 0.000305068
17.1805 0.000592399 -1.28536 -4.4371e-05 10.4038 0.000358749
18.6282 0.00064232 0.677411 2.33106e-05 11.8785 0.0004096
20.1251 0.000693937 2.79855 9.64534e-05 13.2901 0.000458276
21.6735 0.000747328 5.04693 0.000173984 14.6572 0.000505417
23.2797 0.000802714 7.40487 0.000255292 15.999 0.000551686
24.9523 0.000860392 9.84243 0.000339346 17.3074 0.000596803
26.6755 0.000919811 12.3369 0.000425361 18.5675 0.000640256
28.4236 0.000980091 14.8681 0.000512645 19.7821 0.000682137
30.1845 0.00104081 17.4122 0.000600371 20.9712 0.000723142
31.9415 0.0011014 19.9465 0.000687764 22.1554 0.000763977
33.6819 0.00116141 22.4473 0.000773998 23.3423 0.000804903
35.3963 0.00122053 24.8897 0.000858217 24.5293 0.000845834
37.0727 0.00127834 27.2505 0.000939624 25.7162 0.000886761
38.7086 0.00133475 29.5057 0.00101739 26.9116 0.000927981
40.3081 0.0013899 31.6324 0.00109072 28.1281 0.000969931
41.8599 0.00144341 33.6153 0.0011591 29.3727 0.00101285
43.3353 0.00149429 35.4477 0.00122229 30.6432 0.00105666
44.7164 0.00154191 37.1224 0.00128003 31.9345 0.00110119
45.9797 0.00158548 38.6369 0.00133226 33.2422 0.00114628
47.0972 0.00162401 39.9928 0.00137901 34.5641 0.00119186
48.0609 0.00165724 41.1874 0.00142021 35.8985 0.00123788
48.8599 0.00168479 42.2208 0.00145584 37.2392 0.00128411
49.4864 0.0017064 43.0938 0.00148595 38.5761 0.00133021
49.9519 0.00172245 43.8033 0.00151041 39.8987 0.00137581
50.2709 0.00173345 44.347 0.00152916 41.1973 0.00142059
50.4684 0.00174026 44.7212 0.00154206 42.4632 0.00146425
50.5728 0.00174386 44.9234 0.00154904 43.686 0.00150641
50.6085 0.00174509 44.953 0.00155006 44.8529 0.00154665
50.6076 0.00174506 44.8107 0.00154515 45.95 0.00158448
50.6045 0.00174495 44.5042 0.00153458 46.962 0.00161938
50.9501 0.00175687 41.9418 0.00144622 0 0.177311
50.6757 0.00174741 42.655 0.00147082 0 0.190617
50.8917 0.00175486 41.2177 0.00142125 0 0.207479
50.6825 0.00174764 40.5639 0.00139871 0 0.209524
50.5037 0.00174148 39.4642 0.00136079 0 0.209554
50.082 0.00172694 38.7878 0.00133746 0 0.209763
49.5758 0.00170948 38.2217 0.00131794 0 0.213447
49.147 0.0016947 37.2029 0.00128281 0 0.239129
48.6946 0.00167909 36.2022 0.00124831 0 0.256894
48.1704 0.00166102 35.4627 0.00122281 0 0.258883
47.6117 0.00164176 34.8655 0.00120221 0 0.258548
47.0062 0.00162087 34.3013 0.00118276 0 0.25827
46.3639 0.00159872 33.7576 0.00116401 0 0.258142
45.7352 0.00157705 33.2518 0.00114657 0 0.258002
45.1445 0.00155668 32.8179 0.00113161 0 0.257631
44.5759 0.00153707 32.4516 0.00111897 0 0.256866
43.9984 0.00151716 32.1368 0.00110812 0 0.255736
43.4127 0.00149696 31.8478 0.00109815 0 0.254642
42.8141 0.00147632 31.5773 0.00108883 0 0.253583
42.1861 0.00145466 31.3254 0.00108014 0 0.252432
41.5394 0.00143236 31.0828 0.00107177 0 0.251095
40.8897 0.00140996 30.8358 0.00106325 0 0.248937
40.2329 0.00138731 30.554 0.00105354 0 0.246194
39.5127 0.00136248 30.2431 0.00104282 0 0.241846
38.6959 0.00133431 29.9003 0.001031 0 0.237039
37.7738 0.00130252 29.5111 0.00101758 0 0.230884
36.7159 0.00126604 29.0557 0.00100188 0 0.224272
35.4918 0.00122383 28.5353 0.000983928 0 0.21655
34.0975 0.00117575 27.9202 0.000962717 0 0.208829
32.561 0.00112276 27.1874 0.000937449 0 0.201792
30.9102 0.00106584 26.3201 0.000907544 0 0.195452
29.1484 0.00100509 25.3105 0.000872728 0 0.189538
27.2838 0.000940791 24.1473 0.00083262 0 0.183797
25.3052 0.000872565 22.8278 0.00078712 0 0.178253
23.2092 0.000800288 21.3515 0.000736211 0 0.173147
21.0156 0.000724649 19.7172 0.000679857 0 0.168686
18.7668 0.000647102 17.9216 0.00061794 0 0.164852
16.5 0.000568937 15.9663 0.000550514 0 0.161433
14.2506 0.000491372 13.8581 0.000477818 0 0.158219
12.0496 0.000415476 11.6107 0.000400323 0 0.155146
9.91549 0.000341885 9.24579 0.000318773 0 0.152274
7.87226 0.000271429 6.78696 0.000233986 0 0.149635
5.92509 0.000204285 4.26644 0.000147072 0 0.14713
4.06117 0.000140012 1.72421 5.94084e-05 0 0.144554
2.2849 7.87612e-05 -0.783965 -2.70803e-05 0 0.141711
0.651049 2.24213e-05 -3.18975 -0.000110038 0 0.138528
-0.7167 -2.47424e-05 -5.39434 -0.000186059 0 0.134859
-2.00637 -6.92139e-05 -7.47285 -0.000257731 0 0.130749
-3.3391 -0.00011517 -9.3853 -0.000323678 0 0.126152
-4.69634 -0.000161971 -11.1228 -0.000383592 0 0.120993
-6.03657 -0.000208186 -12.6533 -0.000436367 0 0.115127
-7.20237 -0.000248386 -14.0112 -0.000483192 0 0.108686
-8.35538 -0.000288145 -15.1598 -0.000522797 0 0.102069
-9.44763 -0.000325809 -16.1197 -0.000555899 0 0.0949461
-10.4584 -0.000360661 -16.8778 -0.000582041 0 0.0873764
-11.4036 -0.000393255 -17.4423 -0.000601505 0 0.0792881
-12.3078 -0.000424435 -17.8394 -0.000615197 0 0.0707228
-13.1642 -0.000453966 -18.0804 -0.000623508 0 0.0617769
-13.959 -0.000481372 -18.1916 -0.000627345 0 0.054205
-14.688 -0.000506512 -18.22 -0.000628324 0 0.0491325
-15.3612 -0.000529726 -18.1525 -0.000625994 0 0.0441547
-15.9641 -0.000550516 -18.0488 -0.000622421 0 0.0393036
-16.5001 -0.000568996 -17.9276 -0.00061824 0 0.0343438
-16.9884 -0.000585836 -17.8078 -0.000614109 0 0.0293775
-17.4467 -0.000601638 -17.7069 -0.00061063 0 0.0246403
-17.8813 -0.000616626 -17.647 -0.000608566 0 0.02034
-18.3038 -0.000631196 -17.6497 -0.000608656 0 0.0165091
-18.7215 -0.000645598 -17.732 -0.000611496 0 0.0130603
-19.1322 -0.000659758 -17.9072 -0.000617535 0 0.0099331
-19.5379 -0.000673749 -18.1829 -0.000627044 0 0.00717475
-19.9403 -0.000687624 -18.5665 -0.00064027 -0.000945401 0.00490358
-20.3396 -0.000701395 -19.0622 -0.000657366 -0.0120967 0.00322597
-20.7473 -0.000715453 -19.6649 -0.000678148 -0.0706659 0.00222963
-21.1762 -0.000730242 -20.3619 -0.000702181 -0.156818 0.00181779
-21.6285 -0.000745838 -21.1395 -0.000728994 -0.193342 0.00171313
-22.1166 -0.000762671 -21.9787 -0.000757932 -0.181085 0.00174572
-22.6606 -0.000781429 -22.8551 -0.000788154 -0.152371 0.00183228
-23.2647 -0.000802261 -23.7524 -0.000819094 -0.11475 0.00197657
-23.9164 -0.000824731 -24.6551 -0.000850224 -0.078276 0.00217555
-24.5907 -0.000847983 -25.5525 -0.000881168 -0.0494111 0.00242181
-25.265 -0.000871237 -26.4336 -0.000911549 -0.0295755 0.00270594
-25.9115 -0.000893528 -27.2883 -0.000941024 -0.0171116 0.00302032
-26.5163 -0.000914384 -28.1011 -0.000969052 -0.00971042 0.00335889
-27.0705 -0.000933494 -28.8543 -0.000995023 -0.00548043 0.00371482
-27.5587 -0.00095033 -29.5329 -0.00101842 -0.00312217 0.00407935
-27.9867 -0.000965089 -30.1163 -0.00103854 -0.00182153 0.00444243
-28.3572 -0.000977864 -30.5871 -0.00105478 -0.00109942 0.00479553
-28.6678 -0.000988574 -30.9313 -0.00106664 -0.000690238 0.00513255
-28.9297 -0.000997605 -31.1334 -0.00107361 0 0.00544838
-29.151 -0.00100524 -31.1824 -0.0010753 0 0.00573845
-29.3381 -0.00101169 -31.0725 -0.00107151 0 0.00599816
-29.5137 -0.00101774 -30.7962 -0.00106198 0 0.00622323
-29.6928 -0.00102392 -30.3534 -0.00104672 0 0.00641227
-29.859 -0.00102965 -29.7617 -0.00102631 0 0.00656626
-29.9846 -0.00103398 -29.0444 -0.00100158 0 0.00668707
-30.0481 -0.00103617 -28.2228 -0.000973247 0 0.00677698
-30.0557 -0.00103643 -27.3136 -0.000941896 0 0.00683833
-30.029 -0.00103551 -26.334 -0.000908117 0 0.00687452
-29.9709 -0.00103351 -25.3092 -0.00087278 0 0.00689036
-29.8833 -0.00103049 -24.265 -0.000836773 0 0.00689094
-29.7647 -0.0010264 -23.2284 -0.000801028 0 0.00688151
-29.6114 -0.00102111 -22.2264 -0.000766474 0 0.00686716
-29.4158 -0.00101437 -21.2855 -0.000734028 0 0.00685296
-29.1885 -0.00100653 -20.425 -0.000704359 0 0.00684339
-28.9824 -0.000999421 -19.6511 -0.000677671 0 0.0068418
-28.8221 -0.000993896 -18.9749 -0.000654356 0 0.00685169
-28.7215 -0.000990426 -18.4081 -0.00063481 0 0.00687594
-28.711 -0.000990065 -17.9557 -0.000619209 0 0.00691628
-28.786 -0.000992649 -17.6297 -0.000607968 0 0.00697429
-28.9083 -0.000996866 -17.4473 -0.00060168 0 0.00705126
-29.0634 -0.00100221 -17.4162 -0.000600604 0 0.00714704
-29.2362 -0.00100817 -17.5403 -0.000604883 0 0.00726064
-29.3974 -0.00101373 -17.8223 -0.000614611 0 0.00743249
-29.5276 -0.00101822 -18.257 -0.0006296 0 0.00762615
-29.6261 -0.00102162 -18.8309 -0.000649388 0 0.00783185
-29.6958 -0.00102402 -19.5248 -0.000673314 0 0.00804187
-29.7354 -0.00102539 -20.3175 -0.000700651 0 0.00828076
-29.7531 -0.001026 -21.1823 -0.000730471 0 0.00854622
-29.7589 -0.0010262 -22.0894 -0.000761749 0 0.0087839
-29.7616 -0.00102629 -23.01 -0.000793497 0 0.00898168
-29.7815 -0.00102698 -23.9126 -0.000824618 0 0.009127
-29.8471 -0.00102924 -24.7652 -0.00085402 0 0.00929185
-29.9513 -0.00103283 -25.5451 -0.000880911 0 0.00931938
-30.0482 -0.00103618 -26.2466 -0.000905103 0 0.00925026
-30.1179 -0.00103858 -26.8561 -0.000926118 0 0.00907063
-30.1497 -0.00103967 -27.3614 -0.000943545 0 0.00878802
-30.1282 -0.00103893 -27.7667 -0.000957519 0 0.00840298
-30.0306 -0.00103557 -28.0687 -0.000967933 0 0.00791711
-29.8316 -0.00102871 -28.2669 -0.000974769 0 0.0073342
-29.5034 -0.00101739 -28.3658 -0.000978178 0 0.00666022
-29.0359 -0.00100127 -28.3698 -0.000978317 0 0.00590339
-28.4433 -0.000980833 -28.2775 -0.000975135 -0.000748212 0.00507336
-27.7352 -0.000956415 -28.0886 -0.000968618 -0.00267709 0.00418156
-26.904 -0.000927755 -27.8091 -0.000958983 -0.0117348 0.00324422
-25.9391 -0.000894482 -27.449 -0.000946563 -0.0626096 0.00229412
-24.8356 -0.000856429 -27.017 -0.000931669 -0.33629 0.00144281
-23.5898 -0.000813472 -26.5217 -0.000914587 -1.13393 0.000875184
-22.2049 -0.000765717 -25.9662 -0.000895435 -2.41397 0.000530318
-20.7091 -0.000714135 -25.3493 -0.000874159 -3.83294 0.00031528
-19.1406 -0.00066005 -24.667 -0.000850634 -5.25966 0.000162653
-17.549 -0.000605168 -23.9133 -0.000824643 -6.63288 4.59294e-05
-15.9779 -0.000550991 -23.0833 -0.000796023 -7.91352 -4.68013e-05
-14.4368 -0.00049785 -22.183 -0.000764978 -9.05812 -0.000120703
-12.9405 -0.000446255 -21.2186 -0.000731722 -10.0294 -0.000178468
-11.4832 -0.000396003 -20.203 -0.000696701 -10.8003 -0.000221734
-10.0525 -0.000346669 -19.1498 -0.000660386 -11.3184 -0.000249722
-8.65543 -0.000298493 -18.0648 -0.00062297 -11.5622 -0.000262623
-7.31191 -0.000252164 -16.9607 -0.0005849 -11.5968 -0.000264441
-6.04692 -0.000208544 -15.8398 -0.000546246 -11.4016 -0.000254145
-4.86407 -0.000167756 -14.7077 -0.00050721 -10.9787 -0.000231463
-3.75177 -0.000129401 -13.579 -0.000468289 -10.3246 -0.000195284
-2.70059 -9.31533e-05 -12.4645 -0.000429857 -9.43865 -0.000143811
-1.70794 -5.89242e-05 -11.3714 -0.000392165 -8.3296 -7.45013e-05
-0.761763 -2.62973e-05 -10.3078 -0.000355489 -7.01686 1.67859e-05
0.146101 5.00835e-06 -9.28214 -0.000320121 -5.5374 0.000137182
0.986631 3.39921e-05 -8.32413 -0.000287086 -3.95139 0.000300851
1.72441 5.94327e-05 -7.38239 -0.000254612 -2.10762 0.000592478
2.49852 8.61262e-05 -6.48539 -0.000223681 -0.585238 0.00118042
3.29424 0.000113565 -5.62354 -0.000193962 -0.068709 0.00224454
4.10342 0.000141468 -4.79683 -0.000165455 -0.00630322 0.00362644
4.91856 0.000169576 -4.01065 -0.000138345 0 0.00682257
5.73429 0.000197705 -3.22233 -0.000111162 0 0.0111173
6.54889 0.000225794 -2.48877 -8.58666e-05 0 0.019378
7.32664 0.000252613 -1.72788 -5.96292e-05 0 0.0309816
8.0652 0.000278081 -0.927695 -3.20365e-05 0 0.0439422
8.75768 0.000301959 -0.0762108 -2.67499e-06 0 0.0569304
9.4024 0.000324191 0.838031 2.88506e-05 0 0.0696236
9.98928 0.000344428 1.83972 6.33916e-05 0 0.0818496
10.5334 0.00036319 2.90594 0.000100158 0 0.0937674
11.0503 0.000381016 4.0331 0.000139025 0 0.105514
11.5461 0.000398112 5.20824 0.000179547 0 0.117062
12.0339 0.000414932 6.41918 0.000221304 0 0.128217
12.5288 0.000431997 7.65759 0.000264008 0 0.138797
13.0419 0.000449692 8.91444 0.000307347 0 0.148759
13.5864 0.000468465 10.1739 0.000350778 0 0.158175
14.1769 0.00048883 11.4178 0.00039367 0 0.167121
14.8238 0.000511135 12.6324 0.000435551 0 0.17559
15.5186 0.000535095 13.8123 0.00047624 0 0.183491
16.235 0.000559799 14.9583 0.000515755 0 0.190735
16.9593 0.000584775 16.0652 0.000553927 0 0.1973
17.6749 0.00060945 17.1282 0.000590582 0 0.203228
18.3589 0.000633035 18.1447 0.000625633 0 0.208564
18.993 0.000654901 19.1117 0.000658979 0 0.213308
19.5647 0.000674615 20.0245 0.000690454 0 0.217428
20.0672 0.000691942 20.8752 0.000719789 0 0.220891
20.5013 0.000706912 21.6529 0.000746606 0 0.223707
20.8716 0.000719681 22.3459 0.000770502 0 0.225924
21.1801 0.00073032 22.9443 0.000791135 0 0.227585
21.4378 0.000739205 23.4363 0.000808101 0 0.228712
21.657 0.000746762 23.811 0.00082102 0 0.229303
21.8543 0.000753568 24.0573 0.000829517 0 0.229388
22.0616 0.000760717 24.1585 0.000833004 0 0.229322
22.2964 0.000768811 24.1105 0.000831351 0 0.229199
22.5637 0.000778028 23.9158 0.000824637 0 0.229022
22.855 0.000788075 23.5838 0.000813188 0 0.228788
23.1345 0.000797711 23.1345 0.000797693 0 0.228494
23.3838 0.000806308 22.5852 0.000778754 0 0.22814
23.5921 0.000813493 21.9539 0.000756983 0 0.227603
23.743 0.000818694 21.2588 0.000733014 0 0.226885
23.8253 0.000821532 20.5138 0.000707326 0 0.226083
23.8322 0.000821771 19.7316 0.000680353 0 0.225195
23.7579 0.000819208 18.9252 0.000652546 0 0.224224
23.6221 0.000814525 18.1001 0.000624096 0 0.223175
23.4769 0.000809517 17.2545 0.000594937 0 0.221952
23.3424 0.000804881 16.3984 0.000565417 0 0.220102
23.2242 0.000800805 15.5329 0.000535571 0 0.217707
23.1442 0.000798045 14.6821 0.000506233 0 0.213636
23.1239 0.000797346 13.8435 0.000477316 0 0.208662
23.1529 0.000798347 13.0252 0.000449098 0 0.202259
23.1956 0.00079982 12.2356 0.000421869 0 0.195501
23.2312 0.000801045 11.5047 0.000396666 0 0.187851
23.2461 0.000801559 10.8284 0.000373344 0 0.180061
23.2144 0.000800466 10.2212 0.000352409 0 0.17214
23.1355 0.000797748 9.68248 0.000333831 0 0.164207
23.0277 0.00079403 9.20967 0.000317528 0 0.156328
22.8949 0.000789451 8.80018 0.000303408 0 0.148549
22.7359 0.000783966 8.4493 0.000291308 0 0.140894
22.5606 0.000777923 8.14787 0.000280914 0 0.133417
22.3657 0.000771202 7.88976 0.000272014 0 0.126201
22.1327 0.000763166 7.67184 0.000264499 0 0.119334
21.8527 0.00075351 7.48898 0.000258194 0 0.113179
21.5224 0.000742123 7.33602 0.000252919 0 0.107619
21.1445 0.000729089 7.1911 0.000247922 0 0.102598
20.7238 0.000714586 7.04861 0.000243008 0 0.0980718
20.2563 0.000698465 6.89728 0.00023779 0 0.0940845
19.7292 0.000680287 6.73043 0.000232037 0 0.0906879
19.1301 0.00065963 6.54414 0.000225613 0 0.0879414
18.4584 0.000636467 6.32924 0.000218203 0 0.0858833
17.7141 0.000610802 6.07823 0.000209547 0 0.0845181
16.8941 0.000582524 5.78583 0.000199464 0 0.0838327
16.004 0.000551834 5.44708 0.000187783 0 0.0837591
15.0524 0.00051902 5.0637 0.000174563 0 0.0838604
14.0438 0.00048424 4.63081 0.000159636 0 0.084049
12.978 0.000447487 4.14883 0.000143016 0 0.0843179
11.8457 0.000408443 3.6228 0.000124877 0 0.084663
10.644 0.000367005 3.05822 0.000105409 0 0.0850784
9.37808 0.000323352 2.45818 8.47178e-05 0 0.0855563
8.05284 0.000277654 1.83294 6.31577e-05 0 0.086088
6.67475 0.000230134 1.17865 4.0596e-05 0 0.0866443
5.26394 0.000181486 0.504368 1.7345e-05 0 0.0872335
3.84093 0.000132416 -0.191414 -6.64751e-06 0 0.088053
2.41182 8.31366e-05 -0.90953 -3.14101e-05 0 0.0896111
1.00015 3.44583e-05 -1.64356 -5.67216e-05 0 0.0922759
-0.246666 -8.53533e-06 -2.37929 -8.20917e-05 0 0.0957907
-1.36748 -4.7184e-05 -3.08341 -0.000106371 0 0.0998593
-2.45221 -8.45885e-05 -3.77326 -0.000130159 0 0.103959
-3.50316 -0.000120828 -4.46268 -0.000153933 0 0.107916
-4.51072 -0.000155572 -5.121 -0.000176633 0 0.111476
-5.46043 -0.00018832 -5.74005 -0.00019798 0 0.114618
-6.35206 -0.000219066 -6.32141 -0.000218027 0 0.117291
-7.18625 -0.000247831 -6.86329 -0.000236712 0 0.119445
-7.95921 -0.000274485 -7.3564 -0.000253716 0 0.12102
-8.67324 -0.000299107 -7.79279 -0.000268764 0 0.121974
-9.33128 -0.000321798 -8.17267 -0.000281863 0 0.122291
-9.93001 -0.000342444 -8.50176 -0.000293211 0 0.122233
-10.4637 -0.000360847 -8.78463 -0.000302965 0 0.122091
-10.9257 -0.000376779 -9.02248 -0.000311167 0 0.121817
-11.3098 -0.000390023 -9.22233 -0.000318058 0 0.121351
-11.6197 -0.000400711 -9.3916 -0.000323895 0 0.12077
-11.8719 -0.000409406 -9.52521 -0.000328502 0 0.119663
-12.0784 -0.000416526 -9.6128 -0.000331523 0 0.117208
-12.2525 -0.000422531 -9.67144 -0.000333545 0 0.11342
-12.4188 -0.000428263 -9.70938 -0.000334853 0 0.109186
-12.592 -0.000434237 -9.72618 -0.000335433 0 0.104609
-12.7698 -0.000440368 -9.73313 -0.000335672 0 0.0998236
-12.939 -0.000446201 -9.75116 -0.000336294 0 0.0948791
-13.1025 -0.000451838 -9.79416 -0.000337777 0 0.0897805
-13.2661 -0.00045748 -9.86936 -0.00034037 0 0.084765
-13.4271 -0.000463033 -9.97942 -0.000344165 0 0.0798391
-13.5846 -0.000468462 -10.1468 -0.000349937 0 0.0749964
-13.744 -0.000473959 -10.374 -0.000357773 0 0.0702239
-13.9225 -0.000480116 -10.665 -0.000367806 0 0.0655547
-14.1436 -0.000487739 -11.0177 -0.000379969 0 0.0610008
-14.421 -0.000497305 -11.4279 -0.000394113 0 0.0565974
-14.7451 -0.000508483 -11.9027 -0.000410486 0 0.052394
-15.109 -0.000521028 -12.4471 -0.000429258 0 0.0484293
-15.5155 -0.000535047 -13.0599 -0.00045039 0 0.0447218
-15.9578 -0.0005503 -13.7401 -0.000473844 0 0.041278
-16.4265 -0.000566462 -14.4854 -0.000499542 0 0.038099
-16.907 -0.00058303 -15.2944 -0.00052744 0 0.0351892
-17.3798 -0.000599331 -16.1656 -0.000557483 0 0.0325565
-17.8352 -0.000615037 -17.0914 -0.000589405 0 0.0302015
-18.2653 -0.000629867 -18.0607 -0.000622831 0 0.0281107
-18.6675 -0.000643737 -19.0589 -0.000657252 0 0.0262589
-19.0685 -0.000657563 -20.0609 -0.000691803 0 0.024612
-19.4836 -0.000671879 -21.0452 -0.000725744 0 0.0231422
-19.9255 -0.000687116 -21.9916 -0.000758378 0 0.0218249
-20.3988 -0.000703435 -22.8835 -0.000789132 0 0.0206374
-20.9035 -0.00072084 -23.7073 -0.000817539 0 0.0195545
-21.414 -0.000738445 -24.4592 -0.000843466 0 0.0185541
-21.9397 -0.000756571 -25.1265 -0.000866477 0 0.0176136
-22.4636 -0.000774638 -25.708 -0.000886529 0 0.0167209
-22.9788 -0.000792402 -26.1997 -0.000903484 0 0.0158667
-23.4717 -0.000809397 -26.6026 -0.000917377 0 0.01505
-23.9297 -0.000825192 -26.9201 -0.000928325 0 0.0142654
-24.3447 -0.000839503 -27.1552 -0.000936434 0 0.0135119
-24.7186 -0.000852395 -27.3091 -0.000941739 0 0.0127906
-25.0598 -0.000864161 -27.3822 -0.000944261 0 0.0121069
-25.369 -0.000874822 -27.3794 -0.000944166 0 0.0114703
-25.6461 -0.000884377 -27.3074 -0.00094168 0 0.0108926
-25.8888 -0.000892748 -27.1745 -0.000937099 0 0.010387
-26.0965 -0.00089991 -26.9896 -0.000930721 0 0.00996809
-26.2696 -0.000905877 -26.7614 -0.000922852 0 0.00965198
-26.4079 -0.000910646 -26.4993 -0.000913816 0 0.00945598
-26.5118 -0.000914229 -26.2128 -0.000903936 0 0.00939752
-26.5814 -0.00091663 -25.9101 -0.000893499 0 0.00941759
-26.6144 -0.000917768 -25.5991 -0.000882776 0 0.00946517
-26.606 -0.000917479 -25.2881 -0.000872051 0 0.00954221
-26.5526 -0.000915637 -24.9845 -0.000861582 0 0.00965011
-26.4521 -0.00091217 -24.6942 -0.000851573 0 0.00979007
-26.2923 -0.000906659 -24.4242 -0.000842262 0 0.00996273
-26.0685 -0.000898945 -24.1774 -0.000833752 0 0.0101672
-25.7758 -0.000888849 -23.9552 -0.000826089 0 0.0104019
-25.4099 -0.000876234 -23.7562 -0.000819227 0 0.0106643
-24.9679 -0.000860993 -23.5768 -0.000813041 0 0.0109519
-24.4462 -0.000843001 -23.4116 -0.000807343 0 0.011261
-23.8399 -0.000822096 -23.2538 -0.000801901 0 0.0115876
-23.1443 -0.00079811 -23.0949 -0.000796422 0 0.0119268
-22.3537 -0.000770846 -22.9252 -0.000790571 0 0.0122739
-21.4621 -0.000740101 -22.7338 -0.00078397 0 0.0126235
-20.4637 -0.000705676 -22.509 -0.000776218 0 0.0129705
-19.352 -0.000667341 -22.2388 -0.000766901 0 0.0133099
-18.1196 -0.000624843 -21.9111 -0.000755602 0 0.013637
-16.7617 -0.000578018 -21.5132 -0.000741882 0 0.0139473
-15.2817 -0.000526985 -21.0308 -0.000725246 0 0.0142369
-13.6889 -0.000472062 -20.4489 -0.000705181 0 0.0145023
-11.9924 -0.00041356 -19.7546 -0.000681241 0 0.014785
-10.2113 -0.000352145 -18.9347 -0.000652968 0 0.0151112
-8.36528 -0.000288487 -17.9763 -0.000619919 0 0.0153934
-6.46822 -0.000223072 -16.874 -0.000581908 0 0.0156355
-4.53379 -0.000156367 -15.6254 -0.000538855 0 0.015908
-2.74935 -9.48347e-05 -14.1925 -0.000489442 0 0.0161803
-0.926085 -3.19636e-05 -12.6289 -0.000435527 0 0.016423
0.932871 3.21384e-05 -10.9368 -0.000377179 0 0.0166549
2.67677 9.22729e-05 -9.22196 -0.000318046 0 0.0169173
4.40372 0.000151823 -7.42998 -0.000256253 0 0.0172126
6.20552 0.000213954 -5.57746 -0.000192373 0 0.0177236
8.04967 0.000277545 -3.66772 -0.00012652 0 0.0184026
9.89385 0.000341137 -1.73855 -5.99969e-05 0 0.01926
11.7427 0.00040489 0.184438 6.3129e-06 0 0.0205181
13.6076 0.000469199 2.11031 7.27222e-05 0 0.0223368
15.4695 0.000533402 4.0361 0.000139129 0 0.0244542
17.3046 0.000596682 5.90746 0.000203658 0 0.0275903
19.1032 0.000658703 7.7217 0.000266218 0 0.0313939
20.8609 0.000719313 9.46908 0.000326473 0 0.0359817
22.5653 0.000778085 11.1344 0.000383898 0 0.0417667
24.2098 0.000834791 12.7151 0.000438404 0 0.0482838
25.8026 0.000889714 14.2001 0.000489612 0 0.0555185
27.3453 0.000942912 15.5882 0.000537476 0 0.0634204
28.8326 0.000994196 16.8798 0.000582016 0 0.0719865
30.2605 0.00104344 18.0781 0.000623335 0 0.0812131
31.633 0.00109076 19.1873 0.000661583 0 0.0910751
32.9603 0.00113653 20.2121 0.000696921 0 0.101506
34.2537 0.00118113 21.1587 0.000729563 0 0.112419
35.5247 0.00122496 22.0362 0.000759821 0 0.123725
36.7973 0.00126884 22.8522 0.000787961 0 0.135353
38.0983 0.00131371 23.6158 0.00081429 0 0.147231
0 0.172978 19.7931 0.000682474 0 0.161385
0 0.508015 13.0035 0.000448349 0 0.185115
0 0.519538 17.075 0.000588747 0 0.187942
0 0.53668 15.9786 0.00055094 0 0.204916
0 0.544072 16.0089 0.000551983 0 0.213
0 0.579125 17.8396 0.000615112 0 0.222734
0 0.621363 19.0931 0.000658335 0 0.229787
0 0.646812 19.8051 0.000682886 0 0.237125
0 0.671337 21.0559 0.000726017 0 0.243808
0 0.703826 23.1102 0.000796855 0 0.249225
0 0.736633 25.1863 0.000868445 0 0.253184
0 0.763636 27.0751 0.000933578 0 0.25605
0 0.789997 29.1461 0.00100499 0 0.258196
0 0.819821 31.5397 0.00108753 0 0.261062
0 0.850637 33.9679 0.00117126 0 0.265899
0 0.879062 36.3163 0.00125224 0 0.269848
0 0.90591 38.6508 0.00133274 0 0.271801
0 0.932997 41.0148 0.00141426 0 0.271978
0 0.957187 43.2708 0.00149205 0 0.271947
0 0.97671 45.2717 0.00156105 0 0.271948
0 0.95587 0 0.364265 0 0.263469
0 0.970505 0 0.428858 0 0.265222
0 0.971137 0 0.460587 0 0.264314
0 0.974093 0 0.466667 0 0.264722
0 0.978658 0 0.477958 0 0.262779
0 0.992574 0 0.502068 0 0.263203
0 0.99922 0 0.536579 0 0.263646
0 1.00201 0 0.563766 0 0.26408
0 1.00887 0 0.580017 0 0.264044
0 1.0177 0 0.593493 0 0.264189
0 1.02305 0 0.608994 0 0.265129
0 1.02525 0 0.628197 0 0.266344
0 1.02814 0 0.645405 0 0.267352
0 1.03238 0 0.65773 0 0.268239
0 1.03589 0 0.666805 0 0.269374
0 1.03806 0 0.676147 0 0.270906
0 1.03961 0 0.686463 0 0.275361
0 1.04162 0 0.694084 0 0.297471
0 1.04338 0 0.69899 0 0.315733
0 1.04481 0 0.701241 0 0.34278
0 1.04629 0 0.702318 0 0.369852
0 1.04643 0 0.704863 0 0.388728
0 1.0464 0 0.706053 0 0.406029
0 1.04626 0 0.705944 0 0.425694
0 1.046 0 0.705646 0 0.447179
0 1.0456 0 0.70534 0 0.469252
0 1.0451 0 0.705122 0 0.487203
0 1.04459 0 0.70478 0 0.50389
0 1.04405 0 0.704407 0 0.518793
0 1.04351 0 0.704031 0 0.533074
0 1.04296 0 0.703761 0 0.547714
0 1.04237 0 0.703633 0 0.562641
0 1.04168 0 0.703591 0 0.577397
0 1.04051 0 0.703644 0 0.592318
0 1.03819 0 0.703914 0 0.605507
0 1.03405 0 0.704405 0 0.617525
0 1.02811 0 0.705101 0 0.628592
0 1.02124 0 0.705938 0 0.638636
0 1.01367 0 0.70897 0 0.647084
0 1.00565 0 0.714533 0 0.65344
0 0.997714 0 0.720529 0 0.658154
0 0.98927 0 0.727023 0 0.661262
0 0.980457 0 0.733578 0 0.663442
0 0.971249 0 0.74028 0 0.664695
0 0.961498 0 0.747149 0 0.665084
0 0.951014 0 0.754037 0 0.665013
0 0.939764 0 0.760642 0 0.664869
0 0.927874 0 0.766748 0 0.664662
0 0.91552 0 0.772126 0 0.664412
0 0.902725 0 0.776622 0 0.664127
0 0.889582 0 0.780024 0 0.663816
0 0.876247 0 0.78198 0 0.663486
0 0.862712 0 0.782257 0 0.662874
0 0.848805 0 0.781811 0 0.661594
0 0.834665 0 0.780958 0 0.659021
0 0.820746 0 0.779651 0 0.655493
0 0.806191 0 0.777495 0 0.651824
0 0.791723 0 0.770993 0 0.648447
0 0.777191 0 0.760628 0 0.645474
0 0.762018 0 0.748729 0 0.642308
0 0.746571 0 0.735329 0 0.639139
0 0.730604 0 0.720569 0 0.636029
0 0.714098 0 0.703639 0 0.632832
0 0.696936 0 0.684911 0 0.629393
0 0.679359 0 0.664829 0 0.625057
0 0.661583 0 0.643828 0 0.619982
0 0.643764 0 0.62199 0 0.614286
0 0.625974 0 0.599438 0 0.60783
0 0.608429 0 0.576201 0 0.600607
0 0.591332 0 0.552435 0 0.592555
0 0.574536 0 0.528433 0 0.583568
0 0.557705 0 0.504539 0 0.573463
0 0.540725 0 0.480944 0 0.562116
0 0.523535 0 0.457808 0 0.549463
0 0.506092 0 0.435302 0 0.535509
0 0.488455 0 0.413519 0 0.520287
0 0.470851 0 0.39248 0 0.503817
0 0.453436 0 0.3722 0 0.486094
0 0.436322 0 0.352668 0 0.467138
0 0.419648 0 0.333835 0 0.447047
0 0.403736 0 0.315617 0 0.425958
0 0.389088 0 0.297834 0 0.404046
0 0.374886 0 0.280822 0 0.381298
0 0.36117 0 0.264375 0 0.358828
0 0.347986 0 0.248849 0 0.338027
0 0.334985 0 0.234268 0 0.317028
0 0.322184 0 0.220063 0 0.295952
0 0.309105 0 0.206552 0 0.274448
0 0.295557 0 0.193576 0 0.252639
0 0.281478 0 0.181623 0 0.230836
0 0.267164 0 0.169918 0 0.209467
0 0.252722 0 0.158431 0 0.188671
0 0.238085 0 0.146705 0 0.168453
0 0.223362 0 0.134691 0 0.148806
0 0.208506 0 0.122394 0 0.129799
0 0.193214 0 0.109789 0 0.11164
0 0.177368 0 0.0968009 0 0.0945452
0 0.161036 0 0.0833068 0 0.0786269
0 0.144016 0 0.0705353 0 0.0637564
0 0.126535 0 0.0576058 0 0.0499403
0 0.108883 0 0.0439854 0 0.0374358
0 0.090997 0 0.0297143 0 0.0261543
0 0.0730084 0 0.0147335 0 0.0162383
0 0.0543594 -0.481702 0.00127175 0 0.00750988
0 0.0326612 -2.51925 0.000510661 -0.796648 0.00103725
0 0.0112644 -4.80295 0.000207076 -1.9184 0.000635437
-1.57859 0.000724273 -7.15779 6.35518e-06 -2.88533 0.000448111
-3.11548 0.000412467 -9.75607 -0.000162651 -3.55951 0.000350192
-4.74773 0.000212713 -12.2895 -0.000300203 -4.36317 0.00025352
-6.66542 4.33833e-05 -14.7835 -0.000420208 -4.99656 0.000187849
-8.57357 -9.03071e-05 -17.2129 -0.000527615 -5.44586 0.000145457
-10.3777 -0.000198299 -19.4614 -0.000621271 -5.75165 0.000118247
-12.1554 -0.000293367 -21.5913 -0.000706304 -5.95548 0.000100764
-13.9452 -0.000381157 -23.6316 -0.000785232 -6.11372 8.75241e-05
-15.7074 -0.000461947 -25.4976 -0.000855746 -6.2399 7.71623e-05
-17.4093 -0.00053597 -27.1296 -0.000916383 -6.32769 7.00521e-05
-19.0694 -0.000605246 -28.557 -0.000968769 -6.37276 6.64324e-05
-20.7016 -0.000671137 -29.8055 -0.00101417 -6.38425 6.55131e-05
-21.5922 -0.000706321 -30.2827 -0.00103144 -6.54208 5.30136e-05
-19.427 -0.000619855 -24.5237 -0.000819119 -7.44017 -1.39521e-05
-14.8376 -0.000422674 -18.1942 -0.000569062 -8.78131 -0.000103468
-17.4248 -0.000536632 -20.5676 -0.000665818 -7.22353 1.60786e-06
-23.1282 -0.000765933 -25.8854 -0.000870235 -5.60302 0.000131319
-25.6677 -0.00086209 -27.7576 -0.000939501 -4.35168 0.000254786
-24.8063 -0.000829768 -25.7758 -0.000866146 -3.81428 0.00031759
-25.0188 -0.000837769 -24.8166 -0.000830175 -2.99316 0.000431103
-27.7971 -0.000940932 -26.8093 -0.00090455 -1.44333 0.000765113
-30.8666 -0.00105248 -29.3462 -0.000997512 -0.42041 0.00133618
-32.286 -0.00110342 -30.2017 -0.00102851 -0.101814 0.00203824
-32.995 -0.00112874 -30.1576 -0.00102692 -0.02491 0.00280327
-34.1124 -0.0011685 -30.5469 -0.00104098 -0.00566145 0.00369421
-36.0488 -0.00123704 -31.9676 -0.00109204 -0.00125708 0.00470057
-38.1985 -0.00131268 -33.7265 -0.00115481 0 0.00571966
-39.7346 -0.00136651 -34.8562 -0.0011949 0 0.00703966
-40.7724 -0.00140278 -35.4621 -0.00121633 0 0.00905198
-41.9411 -0.00144356 -36.2446 -0.00124396 0 0.0123948
-43.4986 -0.0014978 -37.5656 -0.00129047 0 0.0178771
-44.8454 -0.00154462 -39.1687 -0.00134671 0 0.0254696
-45.7279 -0.00157527 -40.5591 -0.00139535 0 0.0330831
-46.3815 -0.00159795 -41.6241 -0.00143253 0 0.040338
-47.0528 -0.00162123 -42.6464 -0.00146816 0 0.0466686
-47.8256 -0.00164802 -43.8575 -0.0015103 0 0.0518512
-48.5964 -0.00167473 -45.0835 -0.00155291 0 0.0557072
-49.1144 -0.00169267 -46.0847 -0.00158767 0 0.0579837
-49.0738 -0.00169126 -46.5626 -0.00160425 0 0.0583972
-48.9224 -0.00168602 -46.9626 -0.00161812 0 0.0582095
-48.9235 -0.00168605 -47.4491 -0.00163499 0 0.0570713
-49.0306 -0.00168976 -48.0564 -0.00165603 0 0.0552774
-49.1321 -0.00169328 -48.6216 -0.00167562 0 0.0528739
-49.1292 -0.00169318 -49.0499 -0.00169045 0 0.0498281
-49.0623 -0.00169086 -49.3751 -0.00170171 0 0.0461542
-49.0309 -0.00168977 -49.7085 -0.00171325 0 0.0419517
-48.974 -0.0016878 -50.0259 -0.00172424 0 0.0372515
-48.8065 -0.001682 -50.2197 -0.00173094 0 0.0320411
-48.4924 -0.00167112 -50.264 -0.00173248 0 0.0263684
-48.1067 -0.00165776 -50.244 -0.00173178 0 0.0203364
-47.6814 -0.00164302 -50.1847 -0.00172973 0 0.0140124
-47.2068 -0.00162657 -50.0511 -0.00172511 0 0.00745846
-46.7058 -0.0016092 -49.8501 -0.00171815 -0.404086 0.001355
-46.2336 -0.00159282 -49.7068 -0.00171319 -3.2822 0.000388194
-45.8176 -0.00157838 -49.5773 -0.00170871 -6.34994 6.82625e-05
-45.4204 -0.00156459 -49.4783 -0.00170528 -9.27124 -0.000133725
-45.0045 -0.00155015 -49.3347 -0.00170031 -11.5793 -0.00026352
-44.5551 -0.00153454 -49.1045 -0.00169234 -13.5351 -0.000361592
-44.0883 -0.00151831 -48.947 -0.00168689 -15.5382 -0.000454364
-43.6647 -0.00150358 -48.5836 -0.0016743 -14.812 -0.000421474
-43.1878 -0.00148698 -48.3759 -0.00166711 -12.8259 -0.000327025
-42.704 -0.00147014 -48.3327 -0.00166561 -12.6829 -0.000319925
-42.1987 -0.00145254 -48.4032 -0.00166805 -14.6682 -0.000414867
-41.7283 -0.00143614 -48.5617 -0.00167354 -17.5481 -0.000541836
-41.2275 -0.00141867 -48.6457 -0.00167645 -19.7784 -0.000634085
-40.7843 -0.0014032 -48.7596 -0.0016804 -20.0368 -0.000644507
-40.3252 -0.00138716 -48.9414 -0.00168669 -19.5037 -0.000622948
-39.8773 -0.0013715 -49.1549 -0.00169408 -19.2494 -0.000612588
-39.4359 -0.00135605 -49.3849 -0.00170205 -19.6863 -0.000630358
-38.9865 -0.00134032 -49.6271 -0.00171043 -20.4335 -0.000660419
-38.547 -0.00132491 -49.8649 -0.00171866 -20.8892 -0.000678564
-38.0896 -0.00130886 -50.1133 -0.00172726 -20.61 -0.000667462
-37.6041 -0.00129181 -50.3577 -0.00173572 -19.8251 -0.000635973
-37.1022 -0.00127416 -50.5653 -0.0017429 -19.019 -0.000603154
-36.5689 -0.00125538 -50.7212 -0.00174829 -18.4175 -0.000578319
-35.9965 -0.00123519 -50.8252 -0.0017519 -17.8097 -0.000552889
-35.3846 -0.00121358 -50.8715 -0.0017535 -16.8797 -0.000513272
-34.7478 -0.00119104 -50.8389 -0.00175237 -15.5776 -0.000456128
-34.096 -0.00116792 -50.6965 -0.00174744 -14.1307 -0.000389873
-33.4261 -0.0011441 -50.425 -0.00173805 -12.7555 -0.000323537
-32.7445 -0.0011198 -50.0168 -0.00172392 -11.4719 -0.000257866
-32.0643 -0.00109549 -49.4654 -0.00170484 -10.1653 -0.000186245
-31.395 -0.00107148 -48.7621 -0.00168048 -8.74526 -0.000101195
-30.7232 -0.00104731 -47.9068 -0.00165085 -7.23796 5.59942e-07
-30.0377 -0.00102256 -46.907 -0.00161619 -5.75771 0.00011772
-29.3444 -0.000997429 -45.769 -0.00157671 -4.4022 0.000249241
-28.6384 -0.000971723 -44.5015 -0.00153269 -3.18594 0.000402079
-27.9105 -0.000945094 -43.1185 -0.00148459 -2.08098 0.000598293
-27.1598 -0.000917482 -41.6358 -0.00143293 -1.14102 0.000872335
-26.3933 -0.000889116 -40.0697 -0.00137825 -0.491844 0.00126198
-25.6229 -0.000860417 -38.4342 -0.00132097 -0.175134 0.0017624
-24.8543 -0.000831575 -36.7406 -0.00126145 -0.0620267 0.00229912
-24.0943 -0.000802834 -35.0067 -0.00120023 -0.0230655 0.00284727
-23.3555 -0.000774653 -33.2498 -0.00113784 -0.00950684 0.00337182
-22.6433 -0.000747251 -31.497 -0.00107516 -0.00408188 0.00390388
-21.9466 -0.000720186 -29.7617 -0.00101259 -0.00177821 0.00445898
-21.2526 -0.00069296 -28.0772 -0.00095122 -0.000717082 0.00510451
-20.5632 -0.000665623 -26.4698 -0.000891972 0 0.00600259
-19.8734 -0.000637947 -24.9608 -0.000835604 0 0.007397
-19.1737 -0.000609518 -23.5238 -0.000781111 0 0.0095857
-18.4722 -0.000580617 -22.1898 -0.000729683 0 0.0132055
-17.7939 -0.000552252 -21.0052 -0.000683204 0 0.018647
-17.1465 -0.000524757 -19.9594 -0.000641437 0 0.0261625
-16.5274 -0.000498042 -19.0549 -0.000604671 0 0.0352918
-15.9411 -0.000472323 -18.2829 -0.000572762 0 0.0446144
-15.3924 -0.00044785 -17.6549 -0.000546404 0 0.0539282
-14.8816 -0.000424684 -17.1612 -0.000525403 0 0.0629717
-14.3967 -0.000402327 -16.7951 -0.000509662 0 0.0718561
-13.9308 -0.000380479 -16.5496 -0.000499025 0 0.0808212
-13.4739 -0.000358675 -16.4217 -0.000493451 0 0.0899805
-13.0061 -0.000335931 -16.4076 -0.000492836 0 0.0992201
-12.5128 -0.000311451 -16.4976 -0.00049676 0 0.108271
-11.9796 -0.000284357 -16.6767 -0.00050454 0 0.116874
-11.3911 -0.000253614 -16.9279 -0.00051539 0 0.124838
-10.7506 -0.000219031 -17.229 -0.000528305 0 0.132178
-10.0691 -0.000180773 -17.5519 -0.000542044 0 0.138957
-9.34454 -0.000138183 -17.8674 -0.000555365 0 0.145183
-8.5841 -9.0981e-05 -18.1462 -0.000567055 0 0.150732
-7.79423 -3.86898e-05 -18.3628 -0.00057609 0 0.155384
-6.9621 2.08393e-05 -18.5001 -0.000581791 0 0.158975
-6.07695 9.0549e-05 -18.5452 -0.000583661 0 0.161373
-5.13994 0.000173957 -18.4851 -0.000581171 0 0.162617
-4.15841 0.000276509 -18.3042 -0.00057365 0 0.162825
-3.13725 0.000409226 -17.9822 -0.000560189 0 0.162723
-2.08777 0.000596777 -17.5158 -0.000540512 0 0.162523
-1.07713 0.000898658 -16.9225 -0.000515157 0 0.161835
-0.256344 0.00157424 -16.1876 -0.000483203 0 0.159277
-0.00850806 0.00343984 -15.3535 -0.000446114 0 0.155886
0 0.00594867 -14.3826 -0.000401687 0 0.151563
0 0.00859107 -13.296 -0.000350096 0 0.146494
0 0.0113265 -12.1318 -0.000292178 0 0.141047
0 0.0139678 -10.8808 -0.000226182 0 0.135246
0 0.0169437 -9.58939 -0.000152833 0 0.129138
0 0.0215649 -8.29217 -7.20951e-05 0 0.122875
0 0.0291366 -7.03435 1.54447e-05 0 0.116632
0 0.0412205 -5.8665 0.000108291 0 0.110854
0 0.0578551 -4.78506 0.000208891 0 0.105573
0 0.0774584 -3.77851 0.000322002 0 0.100607
0 0.0986289 -2.85002 0.000453765 0 0.0959284
0 0.120363 -2.01376 0.000613249 0 0.0915474
0 0.142319 -1.27286 0.000822369 0 0.0875003
0 0.164591 -0.643924 0.00113582 0 0.0838893
0 0.186926 -0.20105 0.00169369 0 0.0807589
0 0.209007 -0.0307971 0.00268311 0 0.0781271
0 0.230621 -0.00408783 0.00390289 0 0.0760023
0 0.251991 -0.000694268 0.00512823 0 0.0744073
0 0.273086 0 0.00630987 0 0.0733384
0 0.294025 0 0.00744314 0 0.0728335
0 0.314948 0 0.00853435 0 0.0728412
0 0.335882 0 0.00960914 0 0.0729572
0 0.356953 0 0.0106674 0 0.0731607
0 0.378348 0 0.0118824 0 0.0734351
0 0.400298 0 0.0133958 0 0.0737759
0 0.422778 0 0.0152574 0 0.0741913
0 0.445576 0 0.0176097 0 0.0746695
0 0.467596 0 0.0208488 0 0.0751704
0 0.49309 0 0.0266027 0 0.0756159
0 0.521143 0 0.034514 0 0.0760771
0 0.546901 0 0.0432008 0 0.0769293
0 0.571523 0 0.0530202 0 0.078542
0 0.597165 0 0.0640498 0 0.0813071
0 0.6237 0 0.0767299 0 0.0861835
0 0.6496 0 0.0904432 0 0.0927435
0 0.674962 0 0.105037 0 0.100464
0 0.700558 0 0.120996 0 0.10842
0 0.726321 0 0.138389 0 0.116524
0 0.751564 0 0.157042 0 0.124764
0 0.77613 0 0.176963 0 0.133182
0 0.800226 0 0.198244 0 0.141815
0 0.82376 0 0.220808 0 0.150964
0 0.846445 0 0.244489 0 0.160792
0 0.868272 0 0.26916 0 0.171244
0 0.889465 0 0.294772 0 0.182156
0 0.910134 0 0.321168 0 0.193483
0 0.930203 0 0.34811 0 0.205385
0 0.949637 0 0.375406 0 0.218117
0 0.968489 0 0.402926 0 0.231879
0 0.986688 0 0.430576 0 0.246717
0 1.0041 0 0.458213 0 0.262567
0 1.02065 0 0.485677 0 0.279359
0 1.03633 0 0.512834 0 0.297101
0 1.05135 0 0.539528 0 0.315905
0 1.06614 0 0.565541 0 0.335824
0 1.08022 0 0.590856 0 0.356822
0 1.09354 0 0.615362 0 0.379959
0 1.10619 0 0.638882 0 0.405034
0 1.11827 0 0.661401 0 0.431071
0 1.12985 0 0.682902 0 0.457374
0 1.14093 0 0.703322 0 0.483985
0 1.15135 0 0.722745 0 0.511392
0 1.16098 0 0.741243 0 0.539946
0 1.16983 0 0.758847 0 0.569471
0 1.17805 0 0.774807 0 0.59937
0 1.18546 0 0.788058 0 0.62884
0 1.19192 0 0.800702 0 0.657343
0 1.19851 0 0.812774 0 0.686761
0 1.20527 0 0.824888 0 0.717355
0 1.21175 0 0.837026 0 0.744564
0 1.21831 0 0.848697 0 0.770131
0 1.22526 0 0.860125 0 0.794224
0 1.23212 0 0.871559 0 0.817108
0 1.2389 0 0.883092 0 0.839356
0 1.24594 0 0.894801 0 0.861072
0 1.25363 0 0.906733 0 0.88189
0 1.26203 0 0.918878 0 0.901292
0 1.27073 0 0.931455 0 0.91898
0 1.27924 0 0.944672 0 0.935036
0 1.28772 0 0.958391 0 0.949778
0 1.29607 0 0.972872 0 0.963206
0 1.30436 0 0.98809 0 0.975155
0 1.3127 0 1.00403 0 0.98545
0 1.32105 0 1.02067 0 0.994398
0 1.32917 0 1.03799 0 1.00187
0 1.33696 0 1.05596 0 1.0079
0 1.34441 0 1.07446 0 1.01261
0 1.35152 0 1.09337 0 1.01597
0 1.35844 0 1.11248 0 1.01806
0 1.36532 0 1.13156 0 1.019
0 1.37219 0 1.15044 0 1.01909
0 1.37893 0 1.16885 0 1.01903
0 1.38459 0 1.18658 0 1.01893
0 1.3905 0 1.20358 0 1.01878
0 1.39608 0 1.21079 0 1.01849
0 1.39484 0 1.14925 0 1.01137
0 1.39385 0 1.14253 0 0.984862
0 1.39582 0 1.14494 0 0.987259
0 1.40151 0 1.16842 0 0.981266
0 1.41013 0 1.19047 0 0.978149
0 1.41672 0 1.20483 0 0.983693
0 1.42509 0 1.22088 0 0.981803
0 1.43542 0 1.24074 0 0.978805
0 1.44338 0 1.25976 0 0.978552
0 1.44814 0 1.27652 0 0.980318
0 1.45427 0 1.29362 0 0.984194
0 1.4625 0 1.31068 0 0.987882
0 1.47078 0 1.32647 0 0.990592
0 1.47775 0 1.34134 0 0.993933
0 1.4841 0 1.35593 0 0.998823
0 1.4906 0 1.37033 0 1.00522
0 1.49671 0 1.38426 0 1.01255
0 1.50219 0 1.39735 0 1.02057
0 1.50737 0 1.40939 0 1.03508
0 1.51214 0 1.42083 0 1.05297
0 1.51579 0 1.43082 0 1.07317
0 1.51843 0 1.43843 0 1.09524
0 1.52007 0 1.44548 0 1.11806
0 1.52137 0 1.45305 0 1.14117
0 1.52302 0 1.46129 0 1.16092
0 1.5254 0 1.46981 0 1.17878
0 1.5281 0 1.47849 0 1.19676
0 1.53011 0 1.48706 0 1.21538
0 1.53131 0 1.49557 0 1.23492
0 1.53163 0 1.50454 0 1.25503
0 1.5315 0 1.5137 0 1.27511
0 1.53119 0 1.52304 0 1.2948
0 1.53077 0 1.5327 0 1.31409
0 1.53028 0 1.5426 0 1.33302
0 1.52976 0 1.55289 0 1.33476
0 1.52942 0 1.56204 0 1.31462
0 1.52869 0 1.57291 0 1.31902
0 1.52806 0 1.58602 0 1.32522
0 1.52717 0 1.59892 0 1.3334
0 1.52617 0 1.61073 0 1.34931
0 1.52433 0 1.62091 0 1.37123
0 1.52103 0 1.63261 0 1.39105
0 1.51622 0 1.64472 0 1.40961
0 1.51014 0 1.65695 0 1.42816
0 1.50298 0 1.66998 0 1.44783
0 1.49475 0 1.68346 0 1.46799
0 1.48592 0 1.69708 0 1.48748
0 1.47683 0 1.71083 0 1.50572
0 1.4676 0 1.72443 0 1.52306
0 1.4582 0 1.73794 0 1.54025
0 1.44869 0 1.75137 0 1.55767
0 1.43909 0 1.76469 0 1.57503
0 1.42935 0 1.77783 0 1.59175
0 1.41963 0 1.79074 0 1.60756
0 1.41005 0 1.80345 0 1.6226
0 1.40051 0 1.81597 0 1.63716
0 1.3909 0 1.8281 0 1.65139
0 1.38113 0 1.83981 0 1.66522
0 1.37114 0 1.85108 0 1.67847
0 1.36089 0 1.86188 0 1.69097
0 1.35039 0 1.87213 0 1.70277
0 1.33968 0 1.88175 0 1.71397
0 1.32883 0 1.89065 0 1.72466
0 1.31785 0 1.8988 0 1.73479
0 1.30672 0 1.90615 0 1.74428
0 1.29544 0 1.91262 0 1.7531
0 1.28404 0 1.91815 0 1.76125
0 1.27268 0 1.92274 0 1.76875
0 1.26143 0 1.92645 0 1.77557
0 1.24998 0 1.92909 0 1.78172
0 1.23846 0 1.93048 0 1.78724
0 1.22679 0 1.93056 0 1.79204
0 1.21492 0 1.9302 0 1.79603
0 1.2028 0 1.92954 0 1.79922
0 1.19028 0 1.9286 0 1.8016
0 1.1774 0 1.92744 0 1.80309
0 1.16448 0 1.92555 0 1.80365
0 1.15202 0 1.92099 0 1.80361
0 1.13997 0 1.91341 0 1.8035
0 1.12806 0 1.90408 0 1.8033
0 1.11627 0 1.8936 0 1.80302
0 1.10467 0 1.88213 0 1.80267
0 1.09349 0 1.86976 0 1.80226
0 1.08298 0 1.85627 0 1.80154
0 1.0732 0 1.84186 0 1.79877
0 1.06403 0 1.82673 0 1.79092
0 1.05539 0 1.81088 0 1.77966
0 1.04726 0 1.79411 0 1.76666
0 1.03949 0 1.77661 0 1.75245
0 1.03212 0 1.75845 0 1.73757
0 1.02508 0 1.73972 0 1.72208
0 1.01851 0 1.72046 0 1.70573
0 1.01256 0 1.70074 0 1.68945
0 1.0072 0 1.68065 0 1.67092
0 1.00232 0 1.66026 0 1.6503
0 0.997772 0 1.63964 0 1.62827
0 0.993483 0 1.61885 0 1.60543
0 0.989356 0 1.59794 0 1.58216
0 0.985284 0 1.57704 0 1.55792
0 0.981195 0 1.5562 0 1.53209
0 0.977165 0 1.53541 0 1.50437
0 0.97328 0 1.51463 0 1.47501
0 0.969525 0 1.49386 0 1.4446
0 0.965786 0 1.47309 0 1.41368
0 0.961826 0 1.45237 0 1.38236
0 0.95755 0 1.4317 0 1.3504
0 0.952926 0 1.41106 0 1.31747
0 0.947818 0 1.39047 0 1.28347
0 0.942124 0 1.36987 0 1.24869
0 0.935798 0 1.34918 0 1.21359
0 0.928904 0 1.3283 0 1.1786
0 0.921541 0 1.30716 0 1.14385
0 0.913757 0 1.28567 0 1.10922
0 0.905608 0 1.26377 0 1.07456
0 0.897173 0 1.24142 0 1.03986
0 0.888505 0 1.21854 0 1.00538
0 0.879538 0 1.19503 0 0.971468
0 0.870158 0 1.17082 0 0.938419
0 0.860389 0 1.14591 0 0.906286
0 0.850296 0 1.1203 0 0.874962
0 0.839875 0 1.094 0 0.84433
0 0.82915 0 1.06697 0 0.81439
0 0.818198 0 1.03914 0 0.785276
0 0.806817 0 1.00523 0 0.7575
0 0.794812 0 0.974022 0 0.732504
0 0.782558 0 0.944038 0 0.709512
0 0.770899 0 0.912176 0 0.686594
0 0.759546 0 0.878115 0 0.663273
0 0.748061 0 0.84433 0 0.640469
0 0.73617 0 0.812449 0 0.618546
0 0.723787 0 0.781785 0 0.59814
0 0.71132 0 0.750789 0 0.578811
0 0.698164 0 0.718724 0 0.561427
0 0.684503 0 0.686777 0 0.549648
0 0.670916 0 0.656502 0 0.543477
0 0.657573 0 0.627495 0 0.538251
0 0.644086 0 0.599056 0 0.526107
0 0.629768 0 0.57083 0 0.506437
0 0.614935 0 0.543397 0 0.483469
0 0.599859 0 0.517423 0 0.463056
0 0.584595 0 0.492867 0 0.448267
0 0.569075 0 0.469466 0 0.438052
0 0.553117 0 0.446911 0 0.42843
0 0.536238 0 0.428018 0 0.416374
0 0.518898 0 0.409809 0 0.414035
0 0.494044 0 0.409967 0 0.414585
0 0.460385 0 0.381365 0 0.414021
0 0.440308 0 0.352208 0 0.413927
0 0.425939 0 0.328175 0 0.413681
0 0.407097 0 0.304697 0 0.411241
0 0.386853 0 0.282918 0 0.399343
0 0.371666 0 0.260912 0 0.383497
0 0.360676 0 0.246311 0 0.364624
0 0.348877 0 0.232601 0 0.343111
0 0.335427 0 0.217757 0 0.323368
0 0.32103 0 0.201295 0 0.308601
0 0.30554 0 0.184946 0 0.297561
0 0.29009 0 0.169682 0 0.287729
0 0.276561 0 0.154123 0 0.276891
0 0.264237 0 0.137317 0 0.264139
0 0.251711 0 0.119982 0 0.249811
0 0.239607 0 0.10238 0 0.235365
0 0.228493 0 0.0850986 0 0.221922
0 0.218014 0 0.0681119 0 0.209657
0 0.207668 0 0.0512592 0 0.198288
0 0.197166 0 0.034347 0 0.187388
0 0.186376 0 0.0174021 0 0.1765
0 0.175407 -0.225365 0.00163734 0 0.165296
0 0.162703 -1.96713 0.000623946 0 0.152093
0 0.15096 -3.81655 0.000317265 0 0.138634
0 0.13965 -5.47048 0.000143176 0 0.12555
0 0.128733 -7.11931 9.1759e-06 0 0.112475
0 0.117507 -8.73133 -0.000100359 0 0.0994504
0 0.106404 -10.3067 -0.000194313 0 0.0864455
0 0.0946748 -12.278 -0.000299621 0 0.0728401
0 0.0834548 -13.8622 -0.000377245 0 0.0606212
0 0.0726115 -15.1857 -0.000438541 0 0.050547
0 0.0618594 -16.4957 -0.000496681 0 0.0412277
0 0.0503392 -17.8164 -0.000553217 0 0.0308342
0 0.038991 -19.146 -0.000608405 0 0.0191761
0 0.0287177 -20.3532 -0.000657249 0 0.00697869
0 0.0190177 -21.3707 -0.000697634 -1.52204 0.000740919
0 0.00905474 -22.259 -0.000732373 -2.97989 0.000433165
-0.484959 0.00126859 -23.054 -0.000763099 -4.22943 0.000268442
-1.28985 0.000816336 -23.9626 -0.000797845 -5.36425 0.000152932
-2.1012 0.000593847 -24.6863 -0.000825262 -6.8147 3.19704e-05
-2.91134 0.000443928 -25.3565 -0.000850463 -8.47413 -8.38886e-05
-3.76895 0.000323217 -26.04 -0.000875999 -10.073 -0.000180971
-4.68761 0.000218894 -26.6466 -0.000898527 -11.3853 -0.000253281
-5.60164 0.000131416 -27.1023 -0.000915379 -12.4152 -0.000306517
-6.46907 5.8739e-05 -27.454 -0.00092834 -13.3322 -0.000351806
-7.31179 -4.79998e-06 -27.8144 -0.000941587 -14.2749 -0.000396623
-8.16487 -6.36836e-05 -28.2599 -0.000957909 -15.236 -0.000440773
-9.0516 -0.000120327 -28.7644 -0.000976337 -16.0811 -0.000478474
-9.94787 -0.000173793 -29.224 -0.000993069 -16.6963 -0.000505348
-10.8119 -0.000222396 -29.6113 -0.00100713 -17.0742 -0.000521632
-11.6534 -0.000267434 -29.9865 -0.00102073 -17.2895 -0.00053084
-12.4991 -0.00031076 -30.4164 -0.00103626 -17.4282 -0.000536747
-13.3607 -0.000353213 -30.9296 -0.00105477 -17.5005 -0.000539816
-14.2239 -0.000394266 -31.4871 -0.00107481 -17.394 -0.000535295
-15.0726 -0.000433393 -32.0321 -0.00109435 -17.0389 -0.00052012
-15.9061 -0.000470772 -32.5574 -0.00111314 -16.4122 -0.000492994
-16.73 -0.000506834 -33.0999 -0.0011325 -15.57 -0.00045579
-17.5468 -0.000541811 -33.6878 -0.00115343 -14.5838 -0.000410971
-18.3412 -0.000575173 -34.3161 -0.00117575 -13.492 -0.00035952
-19.0979 -0.000606414 -34.9586 -0.00119852 -12.3135 -0.000301376
-19.821 -0.000635834 -35.5947 -0.00122102 -11.0888 -0.000237422
-20.5231 -0.000664023 -36.225 -0.00124327 -9.8787 -0.000169759
-21.2039 -0.000691039 -36.8359 -0.0012648 -8.71178 -9.90789e-05
-21.8575 -0.00071671 -37.4146 -0.00128516 -7.59304 -2.47274e-05
-22.473 -0.000740659 -37.9601 -0.00130433 -6.48158 5.77764e-05
-23.0459 -0.000762773 -38.4628 -0.00132197 -5.37081 0.000152328
-23.5817 -0.000783306 -38.9133 -0.00133777 -4.27332 0.000263499
-24.0774 -0.000802189 -39.3023 -0.00135139 -3.24545 0.00039345
-24.5303 -0.00081935 -39.6142 -0.00136231 -2.34468 0.000543679
-24.9399 -0.0008348 -39.8372 -0.00137011 -1.60718 0.000716125
-25.3019 -0.000848401 -39.9636 -0.00137453 -1.03975 0.00091485
-25.6179 -0.00086023 -39.9961 -0.00137567 -0.629784 0.0011462
-25.897 -0.000870651 -39.9345 -0.00137352 -0.371125 0.00139558
-26.1391 -0.000879668 -39.7835 -0.00136823 -0.224892 0.00163841
-26.3379 -0.00088706 -39.5328 -0.00135946 -0.138486 0.0018806
-26.4898 -0.000892698 -39.1877 -0.00134738 -0.0875505 0.00211677
-26.5974 -0.000896685 -38.7611 -0.00133243 -0.0608559 0.00230933
-26.6601 -0.000899009 -38.2575 -0.00131477 -0.0474846 0.00244347
-26.6677 -0.000899293 -37.671 -0.00129418 -0.0404731 0.00253107
-26.6173 -0.000897425 -37.0245 -0.00127144 -0.0366933 0.00258531
-26.5217 -0.000893881 -36.3734 -0.0012485 -0.0365948 0.00258681
-26.3768 -0.000888505 -35.7151 -0.00122527 -0.0395411 0.00254393
-26.192 -0.000881638 -35.0078 -0.00120026 -0.0444347 0.00247975
-25.9657 -0.000873213 -34.2373 -0.00117295 -0.0502381 0.00241279
-25.7149 -0.000863855 -33.4561 -0.00114518 -0.0579541 0.00233557
-25.443 -0.000853688 -32.7021 -0.00111831 -0.0683981 0.00224695
-25.1391 -0.000842288 -31.9972 -0.0010931 -0.0821872 0.0021499
-24.831 -0.000830697 -31.3657 -0.00107045 -0.0996148 0.00204955
-24.5258 -0.00081918 -30.7983 -0.00105004 -0.119596 0.00195535
-24.2302 -0.00080799 -30.2838 -0.00103148 -0.139546 0.00187674
-23.9324 -0.000796678 -29.8161 -0.00101456 -0.157019 0.00181715
-23.6171 -0.000784661 -29.4033 -0.000999585 -0.171795 0.00177202
-23.2848 -0.000771944 -29.0654 -0.000987301 -0.184752 0.00173573
-22.941 -0.000758734 -28.8135 -0.000978126 -0.19558 0.00170741
-22.5917 -0.000745252 -28.6424 -0.000971886 -0.201847 0.00169178
-22.2355 -0.000731441 -28.5337 -0.000967918 -0.199157 0.00169842
-21.8683 -0.000717131 -28.4735 -0.000965719 -0.186162 0.00173194
-21.4892 -0.000702277 -28.4677 -0.000965509 -0.166318 0.00178825
-21.0989 -0.000686893 -28.5263 -0.000967647 -0.14562 0.00185516
-20.696 -0.000670913 -28.6501 -0.000972169 -0.125853 0.00192928
-20.2789 -0.000654258 -28.817 -0.000978254 -0.109508 0.00200062
-19.8468 -0.000636875 -29.01 -0.000985287 -0.0962437 0.00206742
-19.3842 -0.000618112 -29.2021 -0.000992276 -0.0840647 0.00213805
-18.9078 -0.000598612 -29.4119 -0.000999898 -0.0732212 0.0022108
-18.4357 -0.0005791 -29.6476 -0.00100845 -0.0642303 0.00228046
-17.9251 -0.000557772 -29.8444 -0.00101558 -0.056779 0.00234659
-17.3831 -0.000534857 -30 -0.00102122 -0.0509825 0.00240481
-16.8253 -0.000510949 -30.1206 -0.00102558 -0.0467272 0.00245224
-16.2348 -0.000485259 -30.1949 -0.00102826 -0.0440363 0.00248468
-15.6263 -0.000458332 -30.2346 -0.0010297 -0.0428266 0.00249997
-14.9976 -0.000429981 -30.2176 -0.00102908 -0.0427364 0.00250113
-14.3348 -0.000399444 -30.1186 -0.00102551 -0.0441052 0.00248383
-13.6412 -0.000366705 -29.9406 -0.00101906 -0.0473858 0.0024446
-12.9209 -0.000331739 -29.6921 -0.00101006 -0.0524274 0.00238966
-12.175 -0.000294366 -29.377 -0.00099863 -0.0606514 0.00231114
-11.4036 -0.000254278 -28.989 -0.000984522 -0.0728574 0.00221344
-10.6049 -0.000210989 -28.5138 -0.000967193 -0.0899509 0.00210264
-9.77995 -0.00016403 -27.9471 -0.000946453 -0.113104 0.00198399
-8.93386 -0.000113038 -27.2994 -0.000922645 -0.14439 0.00185945
-8.07049 -5.73995e-05 -26.5816 -0.00089612 -0.186749 0.00173038
-7.18956 4.05311e-06 -25.7982 -0.000866983 -0.243261 0.00159988
-6.28983 7.30827e-05 -24.95 -0.000835197 -0.315821 0.00147304
-5.37493 0.000151923 -24.0402 -0.000800795 -0.403084 0.00135619
-4.45334 0.000243658 -23.0772 -0.000763991 -0.499838 0.00125438
-3.53042 0.000354022 -22.0647 -0.000724812 -0.597784 0.00117052
-2.6139 0.000493703 -21.0143 -0.000683563 -0.688734 0.00110461
-1.71578 0.000686306 -19.9371 -0.000640537 -0.764404 0.00105633
-0.872024 0.000995565 -18.8444 -0.000596022 -0.814839 0.00102684
-0.214658 0.00166133 -17.7511 -0.000550466 -0.82929 0.00101873
-0.012297 0.00321609 -16.6833 -0.000504827 -0.794489 0.0010385
-0.000667018 0.00515775 -15.6723 -0.0004604 -0.707683 0.00109202
0 0.0070928 -14.6607 -0.000414563 -0.566981 0.00119524
0 0.00899999 -13.6594 -0.00036759 -0.391842 0.00136965
0 0.0108631 -12.7057 -0.000321102 -0.241596 0.00160324
0 0.0126878 -11.7853 -0.000274329 -0.135432 0.00189192
0 0.0144917 -10.8896 -0.000226663 -0.0706135 0.00223002
0 0.0162847 -10.0041 -0.000177055 -0.033872 0.00262985
0 0.0184751 -9.14243 -0.000125923 -0.0149278 0.00310067
0 0.0213509 -8.30811 -7.31394e-05 -0.00669009 0.00358907
0 0.0251031 -7.50003 -1.82349e-05 -0.00291606 0.0041246
0 0.0300914 -6.71582 3.94811e-05 -0.00123852 0.00471106
0 0.036449 -5.94598 0.000101524 0 0.00535338
0 0.0440652 -5.18956 0.000169216 0 0.00627822
0 0.0523186 -4.43727 0.00024538 0 0.00751278
0 0.0613096 -3.70095 0.000331797 0 0.00942465
0 0.0709109 -2.97219 0.000434322 0 0.0125219
0 0.080641 -2.25079 0.000562364 0 0.0176282
0 0.0908243 -1.56422 0.000728423 0 0.0245532
0 0.101259 -0.911815 0.00097503 0 0.0328966
0 0.111599 -0.355507 0.0014161 0 0.0436968
0 0.121824 -0.056821 0.00234615 0 0.0552417
0 0.132053 -0.0047442 0.00380685 0 0.0668388
0 0.142568 0 0.00540501 0 0.0785805
0 0.153199 0 0.00708488 0 0.0903409
0 0.163866 0 0.00881987 0 0.102047
0 0.17452 0 0.0106236 0 0.11367
0 0.185138 0 0.0127696 0 0.125212
0 0.195607 0 0.0160568 0 0.136551
0 0.205981 0 0.0208809 0 0.147692
0 0.216106 0 0.0279965 0 0.158572
0 0.226021 0 0.0371488 0 0.169161
0 0.235782 0 0.0479887 0 0.17944
0 0.245485 0 0.0599721 0 0.189405
0 0.255158 0 0.0725925 0 0.199065
0 0.264715 0 0.0860721 0 0.208383
0 0.274267 0 0.0999598 0 0.217467
0 0.283795 0 0.114266 0 0.226401
0 0.293299 0 0.128973 0 0.235281
0 0.302763 0 0.144071 0 0.244179
0 0.312179 0 0.159439 0 0.253102
0 0.321542 0 0.175026 0 0.26205
0 0.330967 0 0.190807 0 0.27104
0 0.34026 0 0.206839 0 0.280059
0 0.349589 0 0.223131 0 0.28905
0 0.358977 0 0.239588 0 0.297913
0 0.368229 0 0.256072 0 0.306788
0 0.377392 0 0.27256 0 0.315825
0 0.386478 0 0.289036 0 0.325131
0 0.395536 0 0.305477 0 0.334777
0 0.404574 0 0.321841 0 0.344783
0 0.413514 0 0.338066 0 0.355132
0 0.422311 0 0.354101 0 0.365808
0 0.430984 0 0.369936 0 0.376749
0 0.439586 0 0.385574 0 0.387919
0 0.448155 0 0.401016 0 0.39933
0 0.456685 0 0.416243 0 0.411019
0 0.465155 0 0.431184 0 0.423031
0 0.473548 0 0.445785 0 0.435422
0 0.481872 0 0.460191 0 0.448225
0 0.490135 0 0.474268 0 0.461376
0 0.498338 0 0.488024 0 0.474854
0 0.506455 0 0.501486 0 0.488648
0 0.514448 0 0.514679 0 0.502737
0 0.522337 0 0.527623 0 0.517083
0 0.530165 0 0.540325 0 0.531603
0 0.537959 0 0.552841 0 0.546297
0 0.545741 0 0.565278 0 0.561136
0 0.553522 0 0.577484 0 0.57602
0 0.561295 0 0.589483 0 0.590914
0 0.569033 0 0.601369 0 0.605835
0 0.576711 0 0.613257 0 0.620792
0 0.584331 0 0.625222 0 0.635754
0 0.591921 0 0.637264 0 0.650617
0 0.59951 0 0.649361 0 0.665271
0 0.607146 0 0.661585 0 0.679633
0 0.61486 0 0.67396 0 0.69364
0 0.622641 0 0.686397 0 0.707262
0 0.630441 0 0.698959 0 0.720542
0 0.638231 0 0.711736 0 0.733543
0 0.646038 0 0.724777 0 0.746289
0 0.653838 0 0.738111 0 0.758729
0 0.661672 0 0.751676 0 0.770737
0 0.669559 0 0.765256 0 0.782241
0 0.677486 0 0.779 0 0.79329
0 0.685449 0 0.792933 0 0.803951
0 0.693433 0 0.807024 0 0.81427
0 0.701417 0 0.821237 0 0.824276
0 0.709404 0 0.835624 0 0.833978
0 0.717415 0 0.850161 0 0.843337
0 0.725468 0 0.864706 0 0.852292
0 0.733562 0 0.879271 0 0.860842
0 0.741698 0 0.893839 0 0.86903
0 0.749949 0 0.908361 0 0.876916
0 0.758118 0 0.922647 0 0.884592
0 0.766121 0 0.936726 0 0.892159
0 0.773817 0 0.950822 0 0.899648
0 0.782583 0 0.965468 0 0.906853
0 0.793021 0 0.98037 0 0.913726
0 0.802433 0 0.994674 0 0.920818
0 0.811015 0 1.00822 0 0.92807
0 0.819809 0 1.02157 0 0.93512
0 0.829252 0 1.03476 0 0.942069
0 0.838484 0 1.04742 0 0.949092
0 0.847103 0 1.05941 0 0.95627
0 0.855639 0 1.0709 0 0.963635
0 0.864345 0 1.08202 0 0.971227
0 0.872943 0 1.09264 0 0.979053
0 0.881208 0 1.10264 0 0.987082
0 0.889328 0 1.11205 0 0.995264
0 0.897503 0 1.12096 0 1.00356
0 0.905627 0 1.12936 0 1.01199
0 0.913561 0 1.13725 0 1.0206
0 0.92132 0 1.14466 0 1.02937
0 0.928996 0 1.15173 0 1.03826
0 0.936611 0 1.1584 0 1.04719
0 0.944157 0 1.16471 0 1.05609
0 0.951636 0 1.17057 0 1.06492
0 0.959038 0 1.17612 0 1.07371
0 0.966341 0 1.1816 0 1.0825
0 0.973536 0 1.18693 0 1.09124
0 0.980648 0 1.19214 0 1.09984
0 0.991241 0 1.19979 0 1.1123
0 1.00176 0 1.20738 0 1.12413
0 1.0122 0 1.21524 0 1.13529
0 1.02258 0 1.2234 0 1.14568
0 1.03291 0 1.23198 0 1.15521
0 1.04316 0 1.24108 0 1.16383
0 1.05337 0 1.25078 0 1.1715
0 1.06352 0 1.26109 0 1.17821
0 1.0736 0 1.27198 0 1.18398
0 1.08358 0 1.28327 0 1.1889
0 1.09336 0 1.29497 0 1.19313
0 1.10279 0 1.30708 0 1.19682
0 1.11193 0 1.31946 0 1.19999
0 1.12091 0 1.33192 0 1.20261
0 1.12963 0 1.34424 0 1.20486
0 1.13796 0 1.35625 0 1.2071
0 1.14579 0 1.36799 0 1.20971
0 1.15318 0 1.37936 0 1.21259
0 1.16024 0 1.39004 0 1.21553
0 1.16695 0 1.39998 0 1.21869
0 1.17323 0 1.40908 0 1.22244
0 1.17888 0 1.41739 0 1.22696
0 1.18398 0 1.42471 0 1.23218
0 1.18856 0 1.43111 0 1.238
0 1.19268 0 1.43664 0 1.24431
0 1.19633 0 1.4412 0 1.25106
0 1.19942 0 1.44484 0 1.25836
0 1.20192 0 1.4478 0 1.26626
0 1.20389 0 1.45009 0 1.2746
0 1.20544 0 1.4517 0 1.283
0 1.20658 0 1.45271 0 1.29119
0 1.20728 0 1.45354 0 1.29966
0 1.2076 0 1.45433 0 1.3079
0 1.20764 0 1.45503 0 1.3156
0 1.2076 0 1.45575 0 1.32285
0 1.20753 0 1.45674 0 1.32964
0 1.20741 0 1.45811 0 1.33572
0 1.20728 0 1.45986 0 1.34094
0 1.20711 0 1.462 0 1.34533
0 1.20693 0 1.46461 0 1.3489
0 1.20672 0 1.46764 0 1.35157
0 1.20648 0 1.47104 0 1.35335
0 1.20622 0 1.47471 0 1.35434
0 1.20593 0 1.47844 0 1.35458
0 1.20563 0 1.48214 0 1.35453
0 1.20531 0 1.48566 0 1.35443
0 1.20495 0 1.48879 0 1.35428
0 1.20455 0 1.49135 0 1.35411
0 1.20409 0 1.49329 0 1.35391
0 1.20347 0 1.49443 0 1.35371
0 1.20241 0 1.4947 0 1.35352
0 1.20053 0 1.49452 0 1.3533
0 1.19745 0 1.49416 0 1.35296
0 1.19318 0 1.49359 0 1.35239
0 1.18806 0 1.49279 0 1.35146
0 1.18228 0 1.4917 0 1.35012
0 1.17638 0 1.48897 0 1.34869
0 1.17062 0 1.48371 0 1.34733
0 1.1648 0 1.47685 0 1.34569
0 1.15872 0 1.46918 0 1.34403
0 1.1523 0 1.46098 0 1.34229
0 1.14574 0 1.45225 0 1.34012
0 1.13917 0 1.44301 0 1.33728
0 1.13246 0 1.43345 0 1.33379
0 1.12552 0 1.42375 0 1.32965
0 1.11848 0 1.41395 0 1.32474
0 1.11146 0 1.40413 0 1.31886
0 1.1045 0 1.39433 0 1.31187
0 1.09757 0 1.38462 0 1.30386
0 1.09059 0 1.37506 0 1.29514
0 1.08361 0 1.36566 0 1.28596
0 1.07666 0 1.35636 0 1.27644
0 1.06976 0 1.34713 0 1.26646
0 1.06287 0 1.33798 0 1.25569
0 1.05595 0 1.32889 0 1.24398
0 1.049 0 1.31979 0 1.23157
0 1.04203 0 1.31037 0 1.21881
0 1.03496 0 1.30072 0 1.20593
0 1.02769 0 1.29077 0 1.19283
0 1.02027 0 1.28035 0 1.17952
0 1.01274 0 1.26937 0 1.16607
0 1.00505 0 1.25771 0 1.15296
0 0.997172 0 1.24552 0 1.1401
0 0.989114 0 1.23275 0 1.1271
0 0.980912 0 1.21929 0 1.11402
0 0.972569 0 1.20508 0 1.10116
0 0.964062 0 1.19021 0 1.08877
0 0.955393 0 1.17483 0 1.07677
0 0.946603 0 1.15895 0 1.06482
0 0.937738 0 1.14259 0 1.05264
0 0.928849 0 1.126 0 1.0403
0 0.919915 0 1.10907 0 1.02796
0 0.910894 0 1.09188 0 1.01584
0 0.901783 0 1.07464 0 1.00392
0 0.892623 0 1.05744 0 0.991895
0 0.883494 0 1.04034 0 0.97947
0 0.874445 0 1.02344 0 0.966607
0 0.865518 0 1.00693 0 0.953483
0 0.856705 0 0.990763 0 0.940238
0 0.847861 0 0.974893 0 0.926932
0 0.839001 0 0.959373 0 0.913456
0 0.830168 0 0.944351 0 0.899703
0 0.821328 0 0.929657 0 0.885636
0 0.812527 0 0.915404 0 0.8714
0 0.803775 0 0.901613 0 0.857136
0 0.795055 0 0.88822 0 0.842859
0 0.78637 0 0.875179 0 0.828522
0 0.77769 0 0.862458 0 0.814131
0 0.768991 0 0.850016 0 0.799799
0 0.760319 0 0.837815 0 0.785681
0 0.751633 0 0.825745 0 0.771927
0 0.742943 0 0.813737 0 0.758607
0 0.734262 0 0.801773 0 0.745728
0 0.725564 0 0.789769 0 0.733307
0 0.716926 0 0.777728 0 0.721423
0 0.708251 0 0.765561 0 0.710205
0 0.699556 0 0.75329 0 0.699715
0 0.690943 0 0.74098 0 0.689897
0 0.682382 0 0.728603 0 0.680653
0 0.673758 0 0.715957 0 0.671984
0 0.665098 0 0.703301 0 0.66398
0 0.656353 0 0.690581 0 0.656694
0 0.647648 0 0.677805 0 0.65004
0 0.638916 0 0.664919 0 0.643989
0 0.630061 0 0.652012 0 0.63852
0 0.621154 0 0.639272 0 0.633529
0 0.612302 0 0.626801 0 0.628868
0 0.603461 0 0.614559 0 0.624455
0 0.594601 0 0.602668 0 0.62027
0 0.585829 0 0.59129 0 0.616199
0 0.577162 0 0.580379 0 0.612118
0 0.568501 0 0.570001 0 0.608025
0 0.559857 0 0.560241 0 0.603906
0 0.551326 0 0.551126 0 0.599695
0 0.542897 0 0.542592 0 0.59534
0 0.534554 0 0.534625 0 0.590838
0 0.5263 0 0.527269 0 0.5862
0 0.518141 0 0.52052 0 0.581419
0 0.510078 0 0.514285 0 0.576483
0 0.502121 0 0.508428 0 0.571418
0 0.494256 0 0.502876 0 0.566341
0 0.486451 0 0.497624 0 0.561377
0 0.478713 0 0.492629 0 0.556531
0 0.471067 0 0.48766 0 0.551732
0 0.46352 0 0.482672 0 0.547016
0 0.456063 0 0.47764 0 0.542492
0 0.448683 0 0.472472 0 0.538242
0 0.441378 0 0.467097 0 0.5343
0 0.434163 0 0.461467 0 0.530594
0 0.427053 0 0.45552 0 0.52718
0 0.420054 0 0.449257 0 0.524218
0 0.413159 0 0.442619 0 0.521509
0 0.40635 0 0.435639 0 0.518935
0 0.399639 0 0.428346 0 0.516572
0 0.393052 0 0.420747 0 0.514489
0 0.386608 0 0.412859 0 0.512599
0 0.380314 0 0.4048 0 0.510724
0 0.374201 0 0.396662 0 0.508712
0 0.368289 0 0.388412 0 0.506542
0 0.362638 0 0.380127 0 0.504275
0 0.357047 0 0.371833 0 0.501929
0 0.351683 0 0.363688 0 0.499336
0 0.34663 0 0.355752 0 0.496272
0 0.341791 0 0.348013 0 0.492778
0 0.337132 0 0.340539 0 0.488866
0 0.332771 0 0.333364 0 0.484442
0 0.328669 0 0.326506 0 0.479505
0 0.324739 0 0.319889 0 0.47414
0 0.320993 0 0.313518 0 0.468446
0 0.317461 0 0.307466 0 0.462423
0 0.31415 0 0.301711 0 0.456013
0 0.311062 0 0.296151 0 0.449164
0 0.308202 0 0.290759 0 0.44195
0 0.305551 0 0.285528 0 0.43453
0 0.30305 0 0.280469 0 0.427021
0 0.300727 0 0.275504 0 0.419404
0 0.298612 0 0.270518 0 0.41165
0 0.296679 0 0.265457 0 0.403868
0 0.294871 0 0.260335 0 0.396229
0 0.293179 0 0.255144 0 0.388819
0 0.291627 0 0.249811 0 0.381622
0 0.290211 0 0.244255 0 0.374637
0 0.288904 0 0.238476 0 0.367946
0 0.287689 0 0.232525 0 0.361659
0 0.28656 0 0.226423 0 0.355825
0 0.285524 0 0.220148 0 0.350334
0 0.284587 0 0.213706 0 0.345164
0 0.283742 0 0.207231 0 0.340357
0 0.282995 0 0.200803 0 0.335911
0 0.282398 0 0.194396 0 0.331776
0 0.281866 0 0.188018 0 0.327954
0 0.281396 0 0.181805 0 0.324406
0 0.281016 0 0.17586 0 0.32115
0 0.28074 0 0.170201 0 0.318111
0 0.280561 0 0.164843 0 0.315233
0 0.280483 0 0.159882 0 0.31251
0 0.280482 0 0.155431 0 0.309925
0 0.280501 0 0.151546 0 0.307457
0 0.280535 0 0.14823 0 0.305064
0 0.280591 0 0.145515 0 0.3027
0 0.28067 0 0.14347 0 0.300386
0 0.280765 0 0.14212 0 0.298172
0 0.28088 0 0.14148 0 0.296059
0 0.281022 0 0.141443 0 0.294021
0 0.281199 0 0.141593 0 0.292156
0 0.281406 0 0.141878 0 0.290554
0 0.281641 0 0.142285 0 0.289272
0 0.281897 0 0.142787 0 0.288344
0 0.282169 0 0.143367 0 0.287829
0 0.282444 0 0.144 0 0.287762
0 0.282705 0 0.144654 0 0.287816
0 0.282951 0 0.145314 0 0.287928
0 0.28319 0 0.145977 0 0.288099
0 0.283425 0 0.146643 0 0.288329
0 0.28365 0 0.147268 0 0.288611
0 0.28387 0 0.147877 0 0.288952
0 0.284081 0 0.148487 0 0.28935
0 0.284294 0 0.149089 0 0.289787
0 0.28452 0 0.149692 0 0.290243
0 0.284763 0 0.150308 0 0.29069
0 0.28503 0 0.150941 0 0.291093
0 0.28532 0 0.15159 0 0.291458
0 0.28563 0 0.152254 0 0.291817
0 0.285954 0 0.152971 0 0.292193
0 0.286285 0 0.153848 0 0.292661
0 0.286627 0 0.154946 0 0.293251
0 0.286989 0 0.156255 0 0.293991
0 0.287371 0 0.157861 0 0.294763
0 0.287774 0 0.15993 0 0.29586
0 0.288196 0 0.162441 0 0.297065
0 0.288641 0 0.165343 0 0.298665
0 0.289094 0 0.168856 0 0.300217
0 0.289566 0 0.172706 0 0.30152
0 0.290055 0 0.176941 0 0.30294
0 0.290566 0 0.181294 0 0.304564
0 0.291086 0 0.186001 0 0.306011
0 0.291628 0 0.190794 0 0.307193
0 0.292185 0 0.19561 0 0.308013
0 0.292758 0 0.200351 0 0.30866
0 0.293339 0 0.205175 0 0.309374
0 0.293975 0 0.209916 0 0.310134
0 0.294726 0 0.214494 0 0.31078
0 0.295602 0 0.218858 0 0.311315
0 0.29657 0 0.222998 0 0.311922
0 0.297788 0 0.226878 0 0.31273
0 0.299133 0 0.23053 0 0.313732
0 0.300701 0 0.233892 0 0.314957
0 0.302603 0 0.23697 0 0.316308
0 0.304658 0 0.239829 0 0.31783
0 0.307116 0 0.242434 0 0.319569
0 0.309757 0 0.244896 0 0.321457
0 0.312729 0 0.247164 0 0.32346
0 0.315697 0 0.249321 0 0.32552
0 0.319035 0 0.251414 0 0.327709
0 0.322418 0 0.253584 0 0.329975
0 0.325903 0 0.255765 0 0.332306
0 0.329645 0 0.257996 0 0.334665
0 0.333426 0 0.260431 0 0.336982
0 0.337179 0 0.263068 0 0.339257
0 0.340903 0 0.265922 0 0.341501
0 0.344851 0 0.269015 0 0.343698
0 0.348871 0 0.272401 0 0.345827
0 0.35285 0 0.276075 0 0.347892
0 0.356799 0 0.280054 0 0.349889
0 0.360763 0 0.284351 0 0.351825
0 0.364717 0 0.288932 0 0.35374
0 0.36863 0 0.29377 0 0.355676
0 0.372506 0 0.298862 0 0.35766
0 0.376349 0 0.304154 0 0.359707
0 0.380182 0 0.309593 0 0.361881
0 0.383957 0 0.315135 0 0.364264
0 0.387669 0 0.320794 0 0.366893
0 0.391325 0 0.326525 0 0.369751
0 0.394924 0 0.332268 0 0.372825
0 0.398452 0 0.33801 0 0.376146
0 0.401906 0 0.343726 0 0.379773
0 0.405275 0 0.349383 0 0.38377
0 0.408546 0 0.354962 0 0.388151
0 0.411744 0 0.360472 0 0.39288
0 0.41489 0 0.365914 0 0.397891
0 0.417976 0 0.371276 0 0.403158
0 0.420999 0 0.376565 0 0.408691
0 0.423956 0 0.381769 0 0.41452
0 0.426833 0 0.386928 0 0.420659
0 0.429635 0 0.392062 0 0.42705
0 0.432391 0 0.397176 0 0.433598
0 0.435106 0 0.402286 0 0.440241
0 0.437775 0 0.407435 0 0.446968
0 0.4404 0 0.412671 0 0.453772
0 0.442994 0 0.418017 0 0.460603
0 0.445572 0 0.423476 0 0.467379
0 0.44814 0 0.429064 0 0.474041
0 0.450698 0 0.434811 0 0.480568
0 0.453247 0 0.440736 0 0.486959
0 0.455794 0 0.446834 0 0.493195
0 0.458352 0 0.453086 0 0.499238
0 0.460923 0 0.459479 0 0.505063
0 0.463503 0 0.466007 0 0.510671
0 0.466089 0 0.472652 0 0.516076
0 0.468687 0 0.479375 0 0.521292
0 0.471303 0 0.48613 0 0.526324
0 0.473932 0 0.492878 0 0.531188
0 0.476571 0 0.499588 0 0.535901
0 0.479215 0 0.506221 0 0.540487
0 0.481867 0 0.512728 0 0.544968
0 0.484528 0 0.51906 0 0.549366
0 0.487195 0 0.52518 0 0.553707
0 0.489865 0 0.531062 0 0.558007
0 0.492536 0 0.536679 0 0.562275
0 0.49521 0 0.542004 0 0.566514
0 0.497888 0 0.547015 0 0.570728
0 0.500569 0 0.551705 0 0.574925
0 0.503251 0 0.55608 0 0.5791
0 0.505938 0 0.560144 0 0.583236
0 0.508632 0 0.563907 0 0.587303
0 0.511338 0 0.567383 0 0.59128
0 0.514057 0 0.570599 0 0.595149
0 0.516787 0 0.573588 0 0.598887
0 0.519533 0 0.576381 0 0.60246
0 0.522302 0 0.579009 0 0.605826
0 0.525098 0 0.581506 0 0.608953
0 0.527922 0 0.583907 0 0.611819
0 0.530778 0 0.586248 0 0.614404
0 0.533667 0 0.588558 0 0.616686
0 0.536592 0 0.590859 0 0.618642
0 0.539554 0 0.593171 0 0.620259
0 0.54254 0 0.595511 0 0.621536
0 0.545546 0 0.597888 0 0.622482
0 0.54857 0 0.600305 0 0.623106
0 0.551624 0 0.602761 0 0.62341
0 0.554687 0 0.605242 0 0.623445
0 0.557763 0 0.607718 0 0.623422
0 0.560844 0 0.610176 0 0.623378
0 0.56392 0 0.612596 0 0.623318
0 0.566987 0 0.614951 0 0.623248
0 0.570026 0 0.617217 0 0.623171
0 0.573029 0 0.619382 0 0.623094
0 0.575984 0 0.621426 0 0.622961
0 0.578879 0 0.62333 0 0.622714
0 0.581706 0 0.625082 0 0.622314
0 0.584457 0 0.626668 0 0.621866
0 0.587131 0 0.628073 0 0.621567
0 0.589716 0 0.629299 0 0.621429
0 0.592211 0 0.630344 0 0.621437
0 0.594614 0 0.631247 0 0.621586
0 0.596932 0 0.631993 0 0.622134
0 0.599151 0 0.632624 0 0.62293
0 0.601279 0 0.633174 0 0.623919
0 0.603319 0 0.633668 0 0.625056
0 0.605264 0 0.634152 0 0.626351
0 0.60712 0 0.634663 0 0.627782
0 0.608896 0 0.635233 0 0.629285
0 0.610594 0 0.635895 0 0.630813
0 0.612214 0 0.636687 0 0.632358
0 0.613762 0 0.637641 0 0.633886
0 0.615243 0 0.638779 0 0.635231
0 0.616653 0 0.64011 0 0.636305
0 0.617991 0 0.641645 0 0.637313
0 0.619267 0 0.643368 0 0.638443
0 0.620459 0 0.645281 0 0.639622
0 0.621575 0 0.647387 0 0.640687
0 0.622613 0 0.649658 0 0.641628
0 0.623553 0 0.652058 0 0.642592
0 0.624406 0 0.654562 0 0.643677
0 0.625163 0 0.657154 0 0.644832
0 0.625839 0 0.659808 0 0.645998
0 0.626418 0 0.662469 0 0.647212
0 0.626897 0 0.665071 0 0.648554
0 0.627273 0 0.667611 0 0.650105
0 0.627545 0 0.670089 0 0.651857
0 0.62772 0 0.672457 0 0.653745
0 0.627807 0 0.674679 0 0.655737
0 0.627815 0 0.676742 0 0.657884
0 0.627798 0 0.678636 0 0.660252
0 0.627763 0 0.680354 0 0.66284
0 0.62771 0 0.681868 0 0.665579
0 0.627644 0 0.683187 0 0.668396
0 0.627565 0 0.684314 0 0.67128
0 0.627469 0 0.685278 0 0.67426
0 0.627361 0 0.686117 0 0.677321
0 0.627243 0 0.686828 0 0.680386
0 0.627118 0 0.687424 0 0.68338
0 0.626986 0 0.687959 0 0.686267
0 0.626849 0 0.688475 0 0.68903
0 0.626709 0 0.688973 0 0.691633
0 0.62657 0 0.689463 0 0.694036
0 0.626396 0 0.689986 0 0.696199
0 0.626163 0 0.690568 0 0.698086
0 0.625854 0 0.691202 0 0.69967
0 0.62546 0 0.691884 0 0.700952
0 0.624991 0 0.692607 0 0.701938
0 0.624474 0 0.69336 0 0.702626
0 0.623924 0 0.694119 0 0.703007
0 0.62337 0 0.694845 0 0.70309
0 0.622823 0 0.695495 0 0.703069
0 0.622318 0 0.696042 0 0.703028
0 0.621804 0 0.696453 0 0.702961
0 0.621288 0 0.696703 0 0.702551
0 0.620761 0 0.696786 0 0.701503
0 0.620207 0 0.696748 0 0.700226
0 0.619606 0 0.69666 0 0.69885
0 0.618954 0 0.696516 0 0.697401
0 0.618243 0 0.696313 0 0.695833
0 0.617471 0 0.696052 0 0.694162
0 0.616643 0 0.695741 0 0.69245
0 0.61581 0 0.695129 0 0.690736
0 0.615031 0 0.693807 0 0.689029
0 0.614283 0 0.691936 0 0.687311
0 0.613534 0 0.689839 0 0.685585
0 0.612761 0 0.687575 0 0.683871
0 0.611949 0 0.685204 0 0.682138
0 0.611126 0 0.682731 0 0.680339
0 0.610305 0 0.680154 0 0.678448
0 0.60948 0 0.677519 0 0.676481
0 0.608648 0 0.674897 0 0.674446
0 0.607814 0 0.672269 0 0.672332
0 0.606976 0 0.669656 0 0.670157
0 0.606134 0 0.667089 0 0.667941
0 0.60529 0 0.66457 0 0.665712
0 0.604435 0 0.66211 0 0.663471
0 0.603571 0 0.659723 0 0.66118
0 0.602696 0 0.657432 0 0.658847
0 0.601824 0 0.655236 0 0.656448
0 0.600957 0 0.65313 0 0.653944
0 0.600094 0 0.651108 0 0.651354
0 0.599221 0 0.64917 0 0.648737
0 0.598326 0 0.647319 0 0.646138
0 0.597415 0 0.645531 0 0.643551
0 0.596487 0 0.643772 0 0.640979
0 0.595531 0 0.642041 0 0.638541
0 0.594534 0 0.640341 0 0.636112
0 0.593496 0 0.638652 0 0.633734
0 0.592418 0 0.636936 0 0.631484
0 0.591298 0 0.635176 0 0.629418
0 0.590126 0 0.633386 0 0.627526
0 0.5889 0 0.631565 0 0.625753
0 0.587628 0 0.629705 0 0.624068
0 0.586311 0 0.627796 0 0.622505
0 0.584945 0 0.625839 0 0.621129
0 0.583528 0 0.623848 0 0.619962
0 0.582063 0 0.621838 0 0.618958
0 0.580559 0 0.619817 0 0.618046
0 0.579023 0 0.617797 0 0.6172
0 0.577458 0 0.615795 0 0.61645
0 0.575867 0 0.613833 0 0.615826
0 0.57426 0 0.611929 0 0.615318
0 0.572643 0 0.610096 0 0.614841
0 0.571025 0 0.608351 0 0.614342
0 0.569406 0 0.606709 0 0.613854
0 0.567791 0 0.605186 0 0.613379
0 0.566186 0 0.603788 0 0.612916
0 0.564599 0 0.602516 0 0.612437
0 0.56304 0 0.601379 0 0.611912
0 0.561501 0 0.600372 0 0.611335
0 0.559975 0 0.599485 0 0.61072
0 0.558477 0 0.598714 0 0.61008
0 0.557007 0 0.598041 0 0.609425
0 0.555563 0 0.59745 0 0.60875
0 0.55413 0 0.596922 0 0.608056
0 0.552719 0 0.596444 0 0.607344
0 0.551326 0 0.595986 0 0.606635
0 0.549949 0 0.59553 0 0.605953
0 0.548597 0 0.595062 0 0.605312
0 0.547245 0 0.594551 0 0.604717
0 0.545904 0 0.593984 0 0.604159
0 0.544578 0 0.593347 0 0.603642
0 0.543259 0 0.59263 0 0.603185
0 0.54197 0 0.591841 0 0.602792
0 0.540685 0 0.590947 0 0.602464
0 0.53941 0 0.589952 0 0.602183
0 0.538164 0 0.588871 0 0.601937
0 0.536955 0 0.58772 0 0.601718
0 0.535765 0 0.586483 0 0.601533
0 0.534592 0 0.585166 0 0.601371
0 0.533486 0 0.583801 0 0.601195
0 0.532434 0 0.582403 0 0.600984
0 0.531412 0 0.580971 0 0.600748
0 0.530431 0 0.579526 0 0.600463
0 0.52951 0 0.578089 0 0.600107
0 0.528636 0 0.57667 0 0.59967
0 0.527831 0 0.575302 0 0.599142
0 0.527087 0 0.573986 0 0.598509
0 0.526379 0 0.57271 0 0.597768
0 0.525735 0 0.571497 0 0.596912
0 0.525162 0 0.570356 0 0.595945
0 0.524635 0 0.569279 0 0.594874
0 0.524159 0 0.568268 0 0.593697
0 0.523748 0 0.567324 0 0.592412
0 0.52339 0 0.566433 0 0.591035
0 0.523077 0 0.565585 0 0.589589
0 0.522814 0 0.564779 0 0.588089
0 0.522598 0 0.564001 0 0.586545
0 0.52242 0 0.56323 0 0.584972
0 0.52228 0 0.562459 0 0.583387
0 0.522175 0 0.56168 0 0.581813
0 0.522099 0 0.560881 0 0.580272
0 0.52205 0 0.560048 0 0.578776
0 0.522024 0 0.559175 0 0.577337
0 0.522017 0 0.558258 0 0.575967
0 0.522019 0 0.5573 0 0.574679
0 0.522024 0 0.556304 0 0.573478
0 0.522032 0 0.55528 0 0.572367
0 0.522044 0 0.554226 0 0.571345
0 0.522059 0 0.553154 0 0.570411
0 0.522075 0 0.552081 0 0.569571
0 0.522094 0 0.551021 0 0.568821
0 0.522116 0 0.549988 0 0.568151
0 0.522142 0 0.548995 0 0.567553
0 0.52217 0 0.548062 0 0.567021
0 0.522201 0 0.547212 0 0.56655
0 0.522235 0 0.54646 0 0.56613
0 0.522274 0 0.545821 0 0.565751
0 0.522318 0 0.545312 0 0.565407
0 0.522366 0 0.544944 0 0.565098
0 0.522418 0 0.544726 0 0.564823
0 0.522471 0 0.544655 0 0.564583
0 0.52253 0 0.544676 0 0.564378
0 0.522598 0 0.544734 0 0.564218
0 0.522671 0 0.544826 0 0.56412
0 0.52275 0 0.54495 0 0.564091
0 0.522834 0 0.545104 0 0.564096
0 0.522922 0 0.545282 0 0.56411
0 0.523011 0 0.54548 0 0.564133
0 0.523103 0 0.545692 0 0.564166
0 0.523192 0 0.545898 0 0.56421
0 0.523279 0 0.546115 0 0.564268
0 0.523366 0 0.546341 0 0.56434
0 0.523451 0 0.546562 0 0.564422
0 0.523537 0 0.546781 0 0.564514
0 0.52362 0 0.547002 0 0.564619
0 0.523703 0 0.547219 0 0.564716
0 0.523787 0 0.54745 0 0.564815
0 0.52387 0 0.547723 0 0.564919
0 0.523953 0 0.548054 0 0.565026
0 0.524033 0 0.548462 0 0.565133
0 0.524113 0 0.548959 0 0.56524
0 0.524197 0 0.549535 0 0.565387
0 0.524282 0 0.55018 0 0.565561
0 0.524368 0 0.550942 0 0.565816
0 0.524458 0 0.55176 0 0.566185
0 0.524551 0 0.552681 0 0.566615
0 0.524651 0 0.553617 0 0.567223
0 0.524741 0 0.554652 0 0.567855
0 0.524837 0 0.555715 0 0.568699
0 0.524956 0 0.556833 0 0.569478
0 0.525087 0 0.558004 0 0.57016
0 0.525247 0 0.559248 0 0.570799
0 0.525425 0 0.560528 0 0.571406
0 0.52565 0 0.561835 0 0.571976
0 0.5259 0 0.563166 0 0.572498
0 0.526214 0 0.564496 0 0.57294
0 0.526583 0 0.565821 0 0.573291
0 0.527004 0 0.567126 0 0.573608
0 0.527529 0 0.568391 0 0.573945
0 0.528098 0 0.56962 0 0.574282
0 0.528765 0 0.570777 0 0.574616
0 0.529478 0 0.571876 0 0.574944
0 0.530264 0 0.5729 0 0.5753
0 0.531058 0 0.573857 0 0.575699
0 0.531926 0 0.574727 0 0.576149
0 0.532805 0 0.57553 0 0.576628
0 0.533678 0 0.576261 0 0.577135
0 0.534564 0 0.576924 0 0.577679
0 0.535486 0 0.57753 0 0.57827
0 0.536406 0 0.578089 0 0.578899
0 0.537315 0 0.578605 0 0.579551
0 0.538224 0 0.579097 0 0.58021
0 0.539141 0 0.579582 0 0.580874
0 0.540064 0 0.580066 0 0.581542
0 0.540987 0 0.580564 0 0.582206
0 0.541913 0 0.581088 0 0.582853
0 0.54284 0 0.581654 0 0.58347
0 0.543767 0 0.58227 0 0.584054
0 0.544697 0 0.582944 0 0.584604
0 0.545626 0 0.583681 0 0.585119
0 0.546553 0 0.584484 0 0.585599
0 0.54748 0 0.585357 0 0.586041
0 0.548404 0 0.5863 0 0.586447
0 0.549324 0 0.587308 0 0.586826
0 0.550239 0 0.588373 0 0.587188
0 0.551147 0 0.58949 0 0.587542
0 0.552045 0 0.59065 0 0.587896
0 0.552929 0 0.591844 0 0.58826
0 0.553799 0 0.593058 0 0.588645
