0.0025 1.3785e-05
0.0125 1.37884e-05
0.0225 1.37989e-05
0.035 1.37975e-05
0.045 1.37643e-05
0.055 1.36785e-05
0.065 1.35186e-05
0.075 1.32661e-05
0.085 1.29082e-05
0.095 1.24412e-05
0.105 1.18734e-05
0.115 1.12275e-05
0.125 1.05403e-05
0.135 9.86049e-06
0.145 9.25016e-06
0.155 8.7862e-06
0.165 8.5588e-06
0.175 8.67329e-06
0.185 9.24588e-06
0.195 1.04066e-05
0.205 1.22968e-05
0.215 1.50675e-05
0.225 1.88764e-05
0.235 2.38824e-05
0.245 3.02395e-05
0.255 3.80957e-05
0.265 4.75845e-05
0.275 5.88187e-05
0.285 7.18948e-05
0.295 8.68849e-05
0.305 0.000103828
0.315 0.000122737
0.325 0.000143597
0.335 0.000166386
0.345 0.000191081
0.355 0.000217658
0.365 0.000246098
0.375 0.000276386
0.385 0.000308524
0.395 0.000342536
0.405 0.000378478
0.415 0.000416436
0.425 0.000456523
0.435 0.000498876
0.445 0.000543672
0.455 0.00059114
0.465 0.000641564
0.475 0.000695268
0.485 0.00075262
0.495 0.000814021
0.5075 0.000897119
0.52 0.000988071
0.5325 0.00108773
0.545 0.00119686
0.5575 0.00131608
0.57 0.00144576
0.5825 0.00158593
0.595 0.00173623
0.6075 0.00189573
0.62 0.00206294
0.6325 0.00223565
0.645 0.00241103
0.6575 0.00258558
0.67 0.00275516
0.6825 0.00291508
0.695 0.00306021
0.7075 0.00318509
0.72 0.00328413
0.7325 0.00335176
0.745 0.00338264
0.7575 0.0033719
0.77 0.00331537
0.7825 0.00320975
0.795 0.00305285
0.8075 0.00284376
0.82 0.00258302
0.8325 0.00227275
0.845 0.00191661
0.8575 0.00151985
0.87 0.00108918
0.8825 0.000632622
0.895 0.000159336
0.9075 -0.000320546
0.92 -0.000796517
0.9325 -0.00125782
0.945 -0.00169382
0.9575 -0.00209434
0.97 -0.00245005
0.9825 -0.00275265
0.995 -0.00299528
1.005 -0.00314263
1.0175 -0.00326534
1.03 -0.00331808
1.0425 -0.00330096
1.055 -0.00321606
1.0675 -0.00306732
1.08 -0.00286041
1.0925 -0.00260252
1.105 -0.00230205
1.1175 -0.00196841
1.13 -0.00161154
1.1425 -0.00124164
1.155 -0.000868841
1.1675 -0.000502837
1.18 -0.000152502
1.1925 0.000174136
1.205 0.000470321
1.2175 0.000730731
1.23 0.000951606
1.2425 0.00113069
1.255 0.00126723
1.2675 0.00136188
1.28 0.0014165
1.2925 0.0014339
1.305 0.00141753
1.3175 0.0013714
1.33 0.0012996
1.3425 0.00120611
1.355 0.00109453
1.3675 0.000967849
1.38 0.000828249
1.3925 0.000677013
1.405 0.000514387
1.4175 0.00033976
1.43 0.000151822
1.4425 -5.1327e-05
1.455 -0.000271889
1.4675 -0.000512072
1.48 -0.000773914
1.4925 -0.001059
1.505 -0.00136825
1.5175 -0.00170166
1.53 -0.00205817
1.5425 -0.00243555
1.555 -0.00283035
1.5675 -0.00323791
1.58 -0.0036523
1.5925 -0.00406643
1.605 -0.00447218
1.6175 -0.00486068
1.63 -0.00522263
1.6425 -0.0055486
1.655 -0.00582942
1.6675 -0.00605659
1.68 -0.00622257
1.6925 -0.00632116
1.705 -0.00634769
1.7175 -0.0062992
1.73 -0.00617458
1.7425 -0.00597462
1.755 -0.00570196
1.7675 -0.00536101
1.78 -0.00495782
1.7925 -0.00449985
1.805 -0.00399573
1.8175 -0.00345487
1.83 -0.00288715
1.8425 -0.00230251
1.855 -0.00171062
1.8675 -0.00112048
1.88 -0.000540233
1.8925 2.32772e-05
1.905 0.000564232
1.9175 0.00107825
1.93 0.00156227
1.9425 0.00201499
1.955 0.00243595
1.9675 0.00282587
1.98 0.00318628
1.9925 0.00351938
2.0025 0.00376783
2.0125 0.00400162
2.0225 0.00422192
2.0325 0.00442973
2.0425 0.00462579
2.0525 0.00481048
2.0625 0.00498377
2.0725 0.00514524
2.0825 0.00529403
2.0925 0.00542883
2.1025 0.0055479
2.1125 0.00564915
2.1225 0.00573023
2.1325 0.00578857
2.1425 0.00582149
2.1525 0.00582631
2.1625 0.00580044
2.1725 0.00574148
2.1825 0.00564732
2.1925 0.00551623
2.2025 0.00534699
2.2125 0.00513896
2.2225 0.00489215
2.2325 0.0046073
2.2425 0.00428591
2.2525 0.00393026
2.2625 0.00354343
2.2725 0.00312922
2.2825 0.00269217
2.2925 0.00223742
2.3025 0.00177066
2.3125 0.00129804
2.3225 0.000826058
2.3325 0.000361454
2.3425 -8.88538e-05
2.3525 -0.000518311
2.3625 -0.000920345
2.3725 -0.0012887
2.3825 -0.00161759
2.3925 -0.00190183
2.4025 -0.00213697
2.4125 -0.00231928
2.4225 -0.00244594
2.4325 -0.002515
2.4425 -0.00252551
2.4525 -0.00247746
2.4625 -0.00237183
2.4725 -0.00221051
2.4825 -0.00199624
2.4925 -0.00173254
2.5025 -0.00142357
2.5125 -0.00107406
2.5225 -0.000689108
2.5325 -0.00027412
2.5425 0.000164855
2.5525 0.00062138
2.5625 0.00109392
2.5725 0.00157539
2.5825 0.00206149
2.5925 0.00254766
2.6025 0.00302966
2.6125 0.00350393
2.6225 0.00396689
2.6325 0.00441584
2.6425 0.00484848
2.6525 0.00526299
2.6625 0.00565805
2.6725 0.00603278
2.6825 0.0063866
2.6925 0.00671917
2.7025 0.00703031
2.7125 0.00731996
2.7225 0.0075882
2.7325 0.00783887
2.7425 0.00806825
2.7525 0.00827515
2.7625 0.00846307
2.7725 0.0086304
2.7825 0.00877617
2.7925 0.00889834
2.8025 0.00899461
2.8125 0.00906303
2.8225 0.00910095
2.8325 0.00910499
2.8425 0.00907118
2.8525 0.00899532
2.8625 0.00887372
2.8725 0.00870318
2.8825 0.00847998
2.8925 0.00820104
2.9025 0.00786389
2.9125 0.00746679
2.9225 0.00700889
2.9325 0.00649021
2.9425 0.00591169
2.9525 0.00527561
2.9625 0.00458478
2.9725 0.00384332
2.9825 0.00305605
2.9925 0.00222903
3.0025 0.00136915
3.0125 0.000480117
3.0225 -0.000427289
3.0325 -0.00134484
3.0425 -0.00226685
3.0525 -0.00318498
3.0625 -0.00409133
3.0725 -0.00497753
3.0825 -0.00583608
3.0925 -0.00666019
3.1025 -0.00744487
3.1125 -0.00819357
3.1225 -0.0088883
3.1325 -0.0095296
3.1425 -0.0101218
3.1525 -0.0106605
3.1625 -0.0111442
3.1725 -0.0115699
3.1825 -0.011937
3.1925 -0.0122468
3.2025 -0.0124999
3.2125 -0.0126962
3.2225 -0.012835
3.2325 -0.0129161
3.2425 -0.0129404
3.2525 -0.0129101
3.2625 -0.0128266
3.2725 -0.0126906
3.2825 -0.0125038
3.2925 -0.0122683
3.3025 -0.011987
3.3125 -0.0116628
3.3225 -0.0112985
3.3325 -0.0108969
3.3425 -0.0104615
3.3525 -0.00999588
3.3625 -0.00950393
3.3725 -0.00898957
3.3825 -0.00845674
3.3925 -0.00790961
3.4025 -0.00735256
3.4125 -0.00679017
3.4225 -0.00622709
3.4325 -0.00566659
3.4425 -0.00510959
3.4525 -0.00456593
3.4625 -0.00403723
3.4725 -0.00352543
3.4825 -0.00303554
3.4925 -0.00257103
3.5025 -0.00213555
3.5125 -0.00173143
3.5225 -0.00136085
3.5325 -0.00102631
3.5425 -0.000730466
3.5525 -0.000475598
3.5625 -0.000263301
3.5725 -9.46458e-05
3.5825 2.94873e-05
3.5925 0.000108286
3.6025 0.000141169
3.6125 0.000128159
3.6225 7.00463e-05
3.6325 -3.24451e-05
3.6425 -0.000178047
3.6525 -0.000365102
3.6625 -0.000591584
3.6725 -0.000855084
3.6825 -0.00115287
3.6925 -0.00148193
3.7025 -0.00183903
3.7125 -0.00222072
3.7225 -0.00262344
3.7325 -0.00304495
3.7425 -0.00348183
3.7525 -0.0039283
3.7625 -0.00438332
3.7725 -0.00484398
3.7825 -0.00530757
3.7925 -0.00577095
3.8025 -0.00623125
3.8125 -0.00668617
3.8225 -0.00713367
3.8325 -0.00757164
3.8425 -0.00799782
3.8525 -0.00840998
3.8625 -0.00880612
3.8725 -0.00918444
3.8825 -0.00954318
3.8925 -0.00988047
3.9025 -0.0101943
3.9125 -0.0104829
3.9225 -0.0107442
3.9325 -0.0109764
3.9425 -0.0111776
3.9525 -0.0113459
3.9625 -0.0114792
3.9725 -0.0115754
3.9825 -0.0116328
3.9925 -0.0116495
4.0025 -0.0116236
4.0125 -0.0115537
4.0225 -0.0114386
4.0325 -0.0112769
4.0425 -0.0110681
4.0525 -0.0108119
4.0625 -0.0105084
4.0725 -0.0101582
4.0825 -0.00976212
4.0925 -0.00932183
4.1025 -0.00883944
4.1125 -0.00831759
4.1225 -0.00775948
4.1325 -0.0071688
4.1425 -0.00654975
4.1525 -0.00590698
4.1625 -0.00524556
4.1725 -0.00456872
4.1825 -0.00387865
4.1925 -0.00318623
4.2025 -0.00249197
4.2125 -0.00179932
4.2225 -0.00111367
4.2325 -0.000439699
4.2425 0.000217835
4.2525 0.000855786
4.2625 0.00147235
4.2725 0.0020638
4.2825 0.00262714
4.2925 0.00315946
4.3025 0.00365874
4.3125 0.00412365
4.3225 0.00455302
4.3325 0.00494578
4.3425 0.00530108
4.3525 0.0056186
4.3625 0.00589852
4.3725 0.00614143
4.3825 0.00634802
4.3925 0.00651917
4.4025 0.00665598
4.4125 0.00675989
4.4225 0.0068326
4.4325 0.006876
4.4425 0.00689225
4.4525 0.0068833
4.4625 0.0068514
4.4725 0.00679904
4.4825 0.00672877
4.4925 0.00664312
4.5025 0.00654456
4.5125 0.00643552
4.5225 0.00631839
4.5325 0.00619548
4.5425 0.00606896
4.5525 0.00594046
4.5625 0.0058123
4.5725 0.0056868
4.5825 0.00556512
4.5925 0.00544878
4.6025 0.00533844
4.6125 0.00523472
4.6225 0.00513786
4.6325 0.0050478
4.6425 0.00496419
4.6525 0.00488644
4.6625 0.00481371
4.6725 0.00474499
4.6825 0.00467916
4.6925 0.00461499
4.7025 0.00455125
4.7125 0.00448668
4.7225 0.0044201
4.7325 0.00435041
4.7425 0.00427678
4.7525 0.00419858
4.7625 0.00411544
4.7725 0.0040272
4.7825 0.00393398
4.7925 0.00383614
4.8025 0.0037343
4.8125 0.00362933
4.8225 0.00352227
4.8325 0.00341437
4.8425 0.00330701
4.8525 0.00320165
4.8625 0.00309985
4.8725 0.00300313
4.8825 0.00291302
4.8925 0.00283095
4.9025 0.00275823
4.9125 0.00269603
4.9225 0.00264533
4.9325 0.00260693
4.9425 0.00258141
4.9525 0.00256913
4.9625 0.00257018
4.9725 0.00258448
4.9825 0.0026117
4.9925 0.0026513
5.0025 0.00270249
5.0125 0.00276429
5.0225 0.0028355
5.0325 0.00291475
5.0425 0.00300054
5.0525 0.00309119
5.0625 0.00318494
5.0725 0.0032799
5.0825 0.00337411
5.0925 0.00346553
5.1025 0.00355212
5.1125 0.00363178
5.1225 0.0037025
5.1325 0.00376233
5.1425 0.00380949
5.1525 0.00384237
5.1625 0.00385949
5.1725 0.00385963
5.1825 0.00384184
5.1925 0.00380543
5.2025 0.00374997
5.2125 0.00367533
5.2225 0.00358163
5.2325 0.00346928
5.2425 0.00333891
5.2525 0.00319137
5.2625 0.00302771
5.2725 0.00284914
5.2825 0.00265768
5.2925 0.00245312
5.3025 0.00223709
5.3125 0.00201059
5.3225 0.00177466
5.3325 0.00153058
5.3425 0.00127933
5.3525 0.00102196
5.3625 0.000759441
5.3725 0.000492073
5.3825 0.000219027
5.3925 -5.65089e-05
5.4025 -0.00033547
5.4125 -0.000618379
5.4225 -0.000905402
5.4325 -0.00119657
5.4425 -0.00149166
5.4525 -0.00179083
5.4625 -0.00209447
5.4725 -0.00240291
5.4825 -0.00271624
5.4925 -0.00303431
5.5025 -0.00335693
5.5125 -0.00368395
5.5225 -0.00401519
5.5325 -0.00435026
5.5425 -0.00468855
5.5525 -0.00502925
5.5625 -0.00537145
5.5725 -0.00571418
5.5825 -0.00605633
5.5925 -0.00639658
5.6025 -0.00673347
5.6125 -0.00706539
5.6225 -0.00739072
5.6325 -0.00770772
5.6425 -0.00801459
5.6525 -0.00830945
5.6625 -0.00859036
5.6725 -0.0088554
5.6825 -0.00910269
5.6925 -0.00933043
5.7025 -0.00953688
5.7125 -0.00972034
5.7225 -0.00987934
5.7325 -0.0100128
5.7425 -0.0101195
5.7525 -0.0101985
5.7625 -0.0102488
5.7725 -0.01027
5.7825 -0.0102617
5.7925 -0.0102241
5.8025 -0.0101573
5.8125 -0.010062
5.8225 -0.00993895
5.8325 -0.00978925
5.8425 -0.00961425
5.8525 -0.0094154
5.8625 -0.00919436
5.8725 -0.00895291
5.8825 -0.00869297
5.8925 -0.00841651
5.9025 -0.00812548
5.9125 -0.00782183
5.9225 -0.00750746
5.9325 -0.00718422
5.9425 -0.00685387
5.9525 -0.00651802
5.9625 -0.00617817
5.9725 -0.00583563
5.9825 -0.00549163
5.9925 -0.0051472
6.0025 -0.00480325
6.0125 -0.00446055
6.0225 -0.00411896
6.0325 -0.00377835
6.0425 -0.0034392
6.0525 -0.00310141
6.0625 -0.00276381
6.0725 -0.002427
6.0825 -0.00209093
6.0925 -0.00175552
6.1025 -0.0014204
6.1125 -0.00108551
6.1225 -0.000751007
6.1325 -0.000417464
6.1425 -8.54674e-05
6.1525 0.000243899
6.1625 0.000570733
6.1725 0.000894298
6.1825 0.00121329
6.1925 0.00152662
6.2025 0.00183279
6.2125 0.00213036
6.2225 0.00241774
6.2325 0.00269316
6.2425 0.00295475
6.2525 0.00320057
6.2625 0.00342873
6.2725 0.00363738
6.2825 0.00382473
6.2925 0.00398904
6.3025 0.00412873
6.3125 0.00424239
6.3225 0.00432884
6.3325 0.00438715
6.3425 0.00441663
6.3525 0.00441691
6.3625 0.00438815
6.3725 0.00433062
6.3825 0.00424501
6.3925 0.0041325
6.4025 0.00399465
6.4125 0.00383336
6.4225 0.00365084
6.4325 0.00344962
6.4425 0.00323255
6.4525 0.00300274
6.4625 0.00276352
6.4725 0.00251834
6.4825 0.00227073
6.4925 0.00202429
6.5025 0.00178261
6.5125 0.00154919
6.5225 0.00132743
6.5325 0.00112052
6.5425 0.000931413
6.5525 0.00076282
6.5625 0.000617128
6.5725 0.000495687
6.5825 0.000400505
6.5925 0.000333458
6.6025 0.000294843
6.6125 0.000285443
6.6225 0.000304834
6.6325 0.000352654
6.6425 0.000428597
6.6525 0.00053169
6.6625 0.00066121
6.6725 0.000815188
6.6825 0.000992044
6.6925 0.00118999
6.7025 0.00140702
6.7125 0.00164101
6.7225 0.00188967
6.7325 0.00215064
6.7425 0.00242156
6.7525 0.00270007
6.7625 0.00298382
6.7725 0.00327048
6.7825 0.00355777
6.7925 0.00384349
6.8025 0.00412554
6.8125 0.00440192
6.8225 0.0046707
6.8325 0.00493006
6.8425 0.0051783
6.8525 0.0054138
6.8625 0.00563504
6.8725 0.00584061
6.8825 0.00602916
6.8925 0.00619944
6.9025 0.00635027
6.9125 0.00648054
6.9225 0.0065892
6.9325 0.00667525
6.9425 0.00673776
6.9525 0.00677583
6.9625 0.00678862
6.9725 0.00677536
6.9825 0.00673541
6.9925 0.00666819
7.0025 0.00657315
7.0125 0.00644993
7.0225 0.0062983
7.0325 0.00611817
7.0425 0.00590961
7.0525 0.00567287
7.0625 0.00540832
7.0725 0.00511654
7.0825 0.00479827
7.0925 0.00445443
7.1025 0.00408665
7.1125 0.00369521
7.1225 0.00328151
7.1325 0.00284704
7.1425 0.00239344
7.1525 0.00192272
7.1625 0.00143697
7.1725 0.000937811
7.1825 0.000423351
7.1925 -9.84752e-05
7.2025 -0.000627721
7.2125 -0.00116432
7.2225 -0.00170614
7.2325 -0.00225122
7.2425 -0.00279672
7.2525 -0.00334068
7.2625 -0.00388149
7.2725 -0.00441739
7.2825 -0.00494617
7.2925 -0.00546532
7.3025 -0.00597255
7.3125 -0.00646589
7.3225 -0.00694358
7.3325 -0.00740383
7.3425 -0.00784478
7.3525 -0.00826468
7.3625 -0.00866207
7.3725 -0.00903578
7.3825 -0.0093841
7.3925 -0.00970795
7.4025 -0.0100075
7.4125 -0.0102822
7.4225 -0.0105328
7.4325 -0.0107592
7.4425 -0.0109616
7.4525 -0.0111395
7.4625 -0.0112938
7.4725 -0.0114245
7.4825 -0.0115314
7.4925 -0.0116147
7.5025 -0.0116748
7.5125 -0.0117115
7.5225 -0.0117251
7.5325 -0.0116933
7.5425 -0.0115591
7.5525 -0.0114427
7.5625 -0.0112506
7.5725 -0.0109932
7.5825 -0.0106903
7.5925 -0.0103559
7.6025 -0.0099878
7.6125 -0.00958647
7.6225 -0.00916494
7.6325 -0.00873166
7.6425 -0.00828908
7.6525 -0.00784481
7.6625 -0.00741041
7.6725 -0.00700522
7.6825 -0.00662691
7.6925 -0.00626668
7.7025 -0.00593426
7.7125 -0.00563442
7.7225 -0.00537384
7.7325 -0.00515246
7.7425 -0.00497104
7.7525 -0.00483179
7.7625 -0.00473676
7.7725 -0.004689
7.7825 -0.00468742
7.7925 -0.00472986
7.8025 -0.00481381
7.8125 -0.0049362
7.8225 -0.00509363
7.8325 -0.00528183
7.8425 -0.0054963
7.8525 -0.00573016
7.8625 -0.00597838
7.8725 -0.00623548
7.8825 -0.00649578
7.8925 -0.00675346
7.9025 -0.00700285
7.9125 -0.00723887
7.9225 -0.007457
7.9325 -0.00765322
7.9425 -0.00782396
7.9525 -0.00796624
7.9625 -0.00807782
7.9725 -0.0081572
7.9825 -0.00820366
7.9925 -0.00821716
8.0025 -0.00819834
8.015 -0.0081313
8.0275 -0.0080194
8.04 -0.00786764
8.0525 -0.00768191
8.065 -0.00746861
8.0775 -0.00723441
8.09 -0.00698541
8.1025 -0.00672704
8.115 -0.00646533
8.1275 -0.00620493
8.14 -0.00594909
8.1525 -0.00570168
8.165 -0.00546437
8.1775 -0.00523557
8.19 -0.00501463
8.2025 -0.00480056
8.215 -0.00458986
8.2275 -0.00437901
8.24 -0.00416373
8.2525 -0.00393399
8.265 -0.00368831
8.2775 -0.00342312
8.29 -0.0031317
8.3025 -0.00280909
8.315 -0.00244974
8.3275 -0.00204959
8.34 -0.00160728
8.3525 -0.00112019
8.365 -0.000588444
8.3775 -1.38137e-05
8.39 0.000600264
8.4025 0.00124877
8.415 0.00192552
8.4275 0.00262345
8.44 0.0033337
8.4525 0.0040466
8.465 0.00475207
8.4775 0.00543993
8.49 0.00610011
8.5025 0.00672298
8.515 0.00729976
8.5275 0.0078223
8.54 0.00828616
8.5525 0.00868738
8.565 0.00902359
8.5775 0.0092937
8.59 0.00949835
8.6025 0.00964015
8.615 0.00972358
8.6275 0.0097519
8.64 0.00972902
8.6525 0.00966013
8.665 0.00955241
8.6775 0.00941349
8.69 0.00925139
8.7025 0.00906603
8.715 0.00886824
8.7275 0.00866113
8.74 0.00845858
8.7525 0.00840554
8.765 0.00783684
8.7775 0.00754472
8.79 0.00696754
8.8025 0.00643937
8.815 0.00584863
8.8275 0.00522955
8.84 0.00460345
8.8525 0.00399055
8.865 0.0034068
8.8775 0.00284549
8.89 0.00234132
8.9025 0.00189553
8.915 0.00152419
8.9275 0.00122357
8.94 0.000998928
8.9525 0.000849958
8.965 0.00077717
8.9775 0.000785572
8.99 0.000872485
9.0025 0.00103671
9.015 0.00127424
9.0275 0.00158124
9.04 0.0019521
9.0525 0.00238084
9.065 0.0028599
9.0775 0.00337957
9.09 0.00393259
9.1025 0.00451019
9.115 0.00510299
9.1275 0.00570196
9.14 0.00629865
9.1525 0.00688476
9.165 0.00745185
9.1775 0.00799185
9.19 0.00849742
9.2025 0.008962
9.215 0.00937959
9.2275 0.00974497
9.24 0.010054
9.2525 0.0103074
9.265 0.0104996
9.2775 0.0106282
9.29 0.0106911
9.3025 0.0106966
9.315 0.0106458
9.3275 0.0105391
9.34 0.0103791
9.3525 0.0101687
9.365 0.00991231
9.3775 0.00961379
9.39 0.00927738
9.4025 0.00890799
9.415 0.00851081
9.4275 0.00809088
9.44 0.00765318
9.4525 0.00720288
9.465 0.0067452
9.4775 0.0062852
9.49 0.00582776
9.5025 0.00537782
9.515 0.00494033
9.5275 0.00452007
9.54 0.00412151
9.5525 0.00374837
9.565 0.00340102
9.5775 0.00308638
9.59 0.00280444
9.6025 0.00255526
9.615 0.00233937
9.6275 0.00215768
9.64 0.00201012
9.6525 0.00189553
9.665 0.00181273
9.6775 0.00176079
9.69 0.00173831
9.7025 0.00174339
9.715 0.00177389
9.7275 0.00182762
9.74 0.00190234
9.7525 0.00199555
9.765 0.00210454
9.7775 0.0022266
9.79 0.00235925
9.8025 0.00249951
9.815 0.00264399
9.8275 0.00278986
9.84 0.00293531
9.8525 0.00307661
9.865 0.00320675
9.8775 0.00332522
9.89 0.00342755
9.9025 0.00351149
9.915 0.00357983
9.9275 0.00362003
9.94 0.00363325
9.9525 0.00361342
9.965 0.00356413
9.9775 0.00348304
9.99 0.00337039
10.0025 0.00322586
10.015 0.00305064
10.0275 0.002846
10.04 0.00261434
10.0525 0.00235672
10.065 0.00207745
10.0775 0.00177489
10.09 0.00145247
10.1025 0.00110889
10.115 0.000749546
10.1275 0.000371811
10.14 -2.14972e-05
10.1525 -0.00042844
10.165 -0.000847505
10.1775 -0.00127777
10.19 -0.00171802
10.2025 -0.0021665
10.215 -0.0026214
10.2275 -0.00308119
10.24 -0.0035443
10.2525 -0.00400885
10.265 -0.00447273
10.2775 -0.00493384
10.29 -0.00539009
10.3025 -0.00583919
10.315 -0.00627858
10.3275 -0.00670561
10.34 -0.00711758
10.3525 -0.00751167
10.365 -0.00788496
10.3775 -0.00823445
10.39 -0.00855713
10.4025 -0.00885008
10.415 -0.0091104
10.4275 -0.00933539
10.44 -0.00952253
10.4525 -0.00966933
10.465 -0.00977356
10.4775 -0.00983324
10.49 -0.00984677
10.5025 -0.00981318
10.515 -0.0097321
10.5275 -0.00960349
10.54 -0.00942832
10.5525 -0.00920831
10.565 -0.00894582
10.5775 -0.00864393
10.59 -0.00830652
10.6025 -0.00793818
10.615 -0.00754411
10.6275 -0.00712997
10.64 -0.00670185
10.6525 -0.0062663
10.665 -0.00583032
10.6775 -0.00540109
10.69 -0.00498584
10.7025 -0.00459149
10.715 -0.00422116
10.7275 -0.0038837
10.74 -0.00358243
10.7525 -0.00331913
10.765 -0.00309614
10.7775 -0.00291567
10.79 -0.00277814
10.8025 -0.00268233
10.815 -0.00262645
10.8275 -0.00260804
10.84 -0.00262387
10.8525 -0.00266941
10.865 -0.00273922
10.8775 -0.00282764
10.89 -0.00292886
10.9025 -0.00303682
10.915 -0.00314613
10.9275 -0.00325071
10.94 -0.00334566
10.9525 -0.00342723
10.965 -0.00349228
10.9775 -0.00353822
10.99 -0.00356343
11.0025 -0.00356747
11.015 -0.00355096
11.0275 -0.00351508
11.04 -0.00346189
11.0525 -0.00339435
11.065 -0.00331612
11.0775 -0.00323108
11.09 -0.00314329
11.1025 -0.0030571
11.115 -0.00297729
11.1275 -0.00290808
11.14 -0.00285402
11.1525 -0.00281904
11.165 -0.00280666
11.1775 -0.00282016
11.19 -0.00286247
11.2025 -0.00293571
11.215 -0.00304134
11.2275 -0.00318001
11.24 -0.00335159
11.2525 -0.00355545
11.265 -0.00379081
11.2775 -0.00405479
11.29 -0.0043455
11.3025 -0.00465958
11.315 -0.00499322
11.3275 -0.00534226
11.34 -0.00570229
11.3525 -0.00606857
11.365 -0.00643608
11.3775 -0.00679978
11.39 -0.00715475
11.4025 -0.00749618
11.415 -0.00781941
11.4275 -0.00812004
11.44 -0.00839408
11.4525 -0.00863791
11.465 -0.00884829
11.4775 -0.00902232
11.49 -0.00915745
11.5025 -0.00925151
11.515 -0.00930261
11.5275 -0.00930911
11.54 -0.00926967
11.5525 -0.00918336
11.565 -0.0090494
11.5775 -0.00886745
11.59 -0.00863753
11.6025 -0.00836
11.615 -0.00803552
11.6275 -0.00766516
11.64 -0.00725044
11.6525 -0.00679336
11.665 -0.00629638
11.6775 -0.00576306
11.69 -0.00519578
11.7025 -0.00459897
11.715 -0.00397563
11.7275 -0.00332748
11.74 -0.0026627
11.7525 -0.00198004
11.765 -0.00128891
11.7775 -0.000591458
11.79 9.84511e-05
11.8025 0.000777515
11.815 0.00143993
11.8275 0.002076
11.84 0.00268051
11.8525 0.00324577
11.865 0.0037662
11.8775 0.00423633
11.89 0.00465033
11.9025 0.00500331
11.915 0.00529154
11.9275 0.00551195
11.94 0.00566216
11.9525 0.00574075
11.965 0.00574756
11.9775 0.00568398
11.99 0.00555173
12.0025 0.00535399
12.015 0.00509524
12.0275 0.00478121
12.04 0.00441826
12.0525 0.0040136
12.065 0.00357509
12.0775 0.00311091
12.09 0.00262932
12.1025 0.00213857
12.115 0.00164675
12.1275 0.00116134
12.14 0.000684813
12.1525 0.000228331
12.165 -0.000203892
12.1775 -0.000609402
12.19 -0.000984196
12.2025 -0.00132372
12.215 -0.00162579
12.2275 -0.00188862
12.24 -0.0021105
12.2525 -0.00228979
12.265 -0.00242562
12.2775 -0.00251769
12.29 -0.002566
12.3025 -0.00257113
12.315 -0.00253408
12.3275 -0.00245611
12.34 -0.00233933
12.3525 -0.00218614
12.365 -0.00199916
12.3775 -0.00178131
12.39 -0.0015359
12.4025 -0.00126639
12.415 -0.000976323
12.4275 -0.000669335
12.44 -0.000347832
12.4525 -1.4124e-05
12.465 0.000329462
12.4775 0.00068034
12.49 0.00103613
12.5025 0.00139437
12.515 0.00175356
12.5275 0.00211223
12.54 0.00246803
12.5525 0.00281871
12.565 0.00316219
12.5775 0.00349616
12.59 0.00381807
12.6025 0.0041254
12.615 0.00441561
12.6275 0.00468621
12.64 0.00493477
12.6525 0.00515874
12.665 0.00535553
12.6775 0.00552273
12.69 0.00565814
12.7025 0.0057595
12.715 0.00582481
12.7275 0.00585271
12.74 0.00584207
12.7525 0.00579228
12.765 0.00570325
12.7775 0.00557567
12.79 0.00541076
12.8025 0.00521049
12.815 0.00497755
12.8275 0.00471524
12.84 0.00442759
12.8525 0.0041196
12.865 0.0037961
12.8775 0.0034632
12.89 0.00312606
12.9025 0.00279092
12.915 0.00246401
12.9275 0.00215153
12.94 0.00185778
12.9525 0.00158907
12.965 0.00135189
12.9775 0.00114836
12.99 0.00098173
13.0025 0.000855305
13.015 0.000771355
13.0275 0.000730792
13.04 0.000733502
13.0525 0.000778483
13.065 0.000864164
13.0775 0.000987401
13.09 0.00114388
13.1025 0.00132878
13.115 0.00153627
13.1275 0.00176083
13.14 0.00200043
13.1525 0.00224717
13.165 0.00249721
13.1775 0.00274457
13.19 0.00298466
13.2025 0.00321339
13.215 0.00342632
13.2275 0.00362019
13.24 0.00379218
13.2525 0.00394025
13.265 0.00406304
13.2775 0.00415985
13.29 0.00423068
13.3025 0.00427643
13.315 0.00429925
13.3275 0.00430177
13.34 0.00428757
13.3525 0.00426082
13.365 0.00422814
13.3775 0.00419281
13.39 0.00415884
13.4025 0.00413007
13.415 0.00411122
13.4275 0.00410603
13.44 0.00411748
13.4525 0.00414785
13.465 0.00419919
13.4775 0.00427261
13.49 0.00436806
13.5025 0.00448489
13.515 0.00462163
13.5275 0.00477618
13.54 0.00494572
13.5525 0.00512759
13.565 0.00531634
13.5775 0.00550836
13.59 0.00569933
13.6025 0.00588445
13.615 0.00605881
13.6275 0.00621788
13.64 0.00635745
13.6525 0.00647355
13.665 0.00656263
13.6775 0.00662087
13.69 0.00664782
13.7025 0.00664315
13.715 0.00660536
13.7275 0.00653558
13.74 0.00643427
13.7525 0.00630392
13.765 0.00614721
13.7775 0.00596745
13.79 0.00576861
13.8025 0.00555505
13.815 0.00533139
13.8275 0.00510227
13.84 0.00487232
13.8525 0.00464601
13.865 0.00442755
13.8775 0.00422074
13.89 0.00402895
13.9025 0.0038551
13.915 0.00370159
13.9275 0.00357026
13.94 0.00346243
13.9525 0.0033789
13.965 0.00331946
13.9775 0.00328459
13.99 0.00327608
14.0025 0.00329207
14.015 0.00333293
14.0275 0.00339727
14.04 0.00348387
14.0525 0.00359158
14.065 0.00371852
14.0775 0.00386301
14.09 0.00402323
14.1025 0.00419734
14.115 0.00438359
14.1275 0.00458019
14.14 0.00478595
14.1525 0.00499989
14.165 0.00521994
14.1775 0.00544545
14.19 0.00567585
14.2025 0.00591086
14.215 0.00614937
14.2275 0.00638834
14.24 0.00662967
14.2525 0.00687172
14.265 0.00711477
14.2775 0.00735874
14.29 0.00759544
14.3025 0.00782506
14.315 0.00804497
14.3275 0.0082496
14.34 0.00844119
14.3525 0.00862291
14.365 0.0087876
14.3775 0.00893321
14.39 0.00905628
14.4025 0.00915325
14.415 0.00922079
14.4275 0.00925513
14.44 0.00925237
14.4525 0.00920851
14.465 0.00911999
14.4775 0.00898371
14.49 0.00879691
14.5025 0.00855758
14.515 0.00826487
14.5275 0.0079186
14.54 0.00751956
14.5525 0.00706979
14.565 0.00657232
14.5775 0.00603114
14.59 0.00545125
14.6025 0.0048386
14.615 0.00419992
14.6275 0.00354267
14.64 0.00287454
14.6525 0.00219972
14.665 0.00152684
14.6775 0.000865982
14.69 0.000218487
14.7025 -0.000409844
14.715 -0.00101226
14.7275 -0.00158184
14.74 -0.00211468
14.7525 -0.00260828
14.765 -0.00305776
14.7775 -0.00347156
14.79 -0.00383922
14.8025 -0.00416918
14.815 -0.00445367
14.8275 -0.00469654
14.84 -0.00489668
14.8525 -0.00505615
14.865 -0.00517391
14.8775 -0.00525799
14.89 -0.00530861
14.9025 -0.00533099
14.915 -0.00532768
14.9275 -0.00530283
14.94 -0.00526027
14.9525 -0.00520394
14.965 -0.00513755
14.9775 -0.00506472
14.99 -0.00498888
15.0025 -0.00491322
15.015 -0.00484056
15.0275 -0.0047734
15.04 -0.00471383
15.0525 -0.00466361
15.065 -0.00462411
15.0775 -0.00459633
15.09 -0.00458091
15.1025 -0.00457817
15.115 -0.00458816
15.1275 -0.00461068
15.14 -0.00464531
15.1525 -0.00469151
15.165 -0.00474859
15.1775 -0.00481584
15.19 -0.00489252
15.2025 -0.00497788
15.215 -0.00507127
15.2275 -0.0051721
15.24 -0.00527987
15.2525 -0.0053942
15.265 -0.005514
15.2775 -0.0056414
15.29 -0.00577452
15.3025 -0.00591425
15.315 -0.00606154
15.3275 -0.0062138
15.34 -0.00637268
15.3525 -0.00653758
15.365 -0.00670949
15.3775 -0.00688718
15.39 -0.00707417
15.4025 -0.00726395
15.415 -0.00745489
15.4275 -0.00764861
15.44 -0.00784108
15.4525 -0.0080334
15.465 -0.0082225
15.4775 -0.0084072
15.49 -0.00858611
15.5025 -0.00875745
15.515 -0.00892001
15.5275 -0.00907203
15.54 -0.00921227
15.5525 -0.00933944
15.565 -0.00945241
15.5775 -0.00955022
15.59 -0.00963199
15.6025 -0.0096971
15.615 -0.00974516
15.6275 -0.009776
15.64 -0.0097897
15.6525 -0.00978626
15.665 -0.00976609
15.6775 -0.00972969
15.69 -0.00967778
15.7025 -0.00961126
15.715 -0.00953105
15.7275 -0.00943808
15.74 -0.00933325
15.7525 -0.00921731
15.765 -0.0090909
15.7775 -0.00895446
15.79 -0.00880824
15.8025 -0.00865229
15.815 -0.00848647
15.8275 -0.00831044
15.84 -0.00812368
15.8525 -0.00792549
15.865 -0.0077151
15.8775 -0.00749162
15.89 -0.00725412
15.9025 -0.00700171
15.915 -0.00673356
15.9275 -0.00644893
15.94 -0.00614722
15.9525 -0.00582796
15.965 -0.00549092
15.9775 -0.00513623
15.99 -0.00476438
16.0025 -0.00437637
16.0125 -0.00405533
16.0225 -0.00372598
16.0325 -0.0033889
16.0425 -0.00304629
16.0525 -0.00269718
16.0625 -0.00234466
16.0725 -0.00198972
16.0825 -0.00163447
16.0925 -0.00128164
16.1025 -0.000933297
16.1125 -0.000592033
16.1225 -0.000260696
16.1325 5.96913e-05
16.1425 0.000364897
16.1525 0.000652566
16.1625 0.000921469
16.1725 0.00116817
16.1825 0.00139068
16.1925 0.00158653
16.2025 0.00175339
16.2125 0.00188942
16.2225 0.00199289
16.2325 0.00206249
16.2425 0.00209712
16.2525 0.00209606
16.2625 0.0020595
16.2725 0.00198937
16.2825 0.00188418
16.2925 0.00174346
16.3025 0.00157091
16.3125 0.00136777
16.3225 0.00113568
16.3325 0.000878012
16.3425 0.000599939
16.3525 0.000302985
16.3625 -9.76197e-06
16.3725 -0.000333789
16.3825 -0.000666961
16.3925 -0.00100624
16.4025 -0.00134499
16.4125 -0.0016801
16.4225 -0.00200834
16.4325 -0.00232699
16.4425 -0.00263272
16.4525 -0.00292199
16.4625 -0.00319071
16.4725 -0.0034365
16.4825 -0.00365696
16.4925 -0.0038486
16.5025 -0.00400926
16.5125 -0.00413635
16.5225 -0.00422776
16.5325 -0.00428171
16.5425 -0.00429688
16.5525 -0.00427221
16.5625 -0.00420692
16.5725 -0.0041006
16.5825 -0.00395305
16.5925 -0.00376474
16.6025 -0.00353661
16.6125 -0.0032698
16.6225 -0.00296336
16.6325 -0.00262197
16.6425 -0.00224837
16.6525 -0.00184501
16.6625 -0.001415
16.6725 -0.000959856
16.6825 -0.000482808
16.6925 1.10313e-05
16.7025 0.000520682
16.7125 0.00104246
16.7225 0.0015727
16.7325 0.00210788
16.7425 0.00264482
16.7525 0.0031808
16.7625 0.00371265
16.7725 0.00423708
16.7825 0.00475085
16.7925 0.00525098
16.8025 0.00573488
16.8125 0.00620009
16.8225 0.00664423
16.8325 0.007065
16.8425 0.00746041
16.8525 0.00782878
16.8625 0.00816877
16.8725 0.00847925
16.8825 0.00875934
16.8925 0.0090084
16.9025 0.00922608
16.9125 0.00941234
16.9225 0.00956764
16.9325 0.00968873
16.9425 0.00976681
16.9525 0.00982082
16.9625 0.00985784
16.9725 0.00987805
16.9825 0.00986978
16.9925 0.00983532
17.0025 0.00977685
17.0125 0.00969276
17.0225 0.00958423
17.0325 0.00945454
17.0425 0.0093048
17.0525 0.0091361
17.0625 0.00895006
17.0725 0.00874904
17.0825 0.0085358
17.0925 0.00831284
17.1025 0.00808243
17.1125 0.007847
17.1225 0.0076092
17.1325 0.00737183
17.1425 0.00713758
17.1525 0.00690899
17.1625 0.00668848
17.1725 0.00647841
17.1825 0.00628102
17.1925 0.00609839
17.2025 0.00593236
17.2125 0.00578461
17.2225 0.00565652
17.2325 0.00554926
17.2425 0.00546377
17.2525 0.00540079
17.2625 0.00536081
17.2725 0.00534404
17.2825 0.00535037
17.2925 0.00537986
17.3025 0.00543225
17.3125 0.00550631
17.3225 0.00560078
17.3325 0.00571383
17.3425 0.00584349
17.3525 0.00598761
17.3625 0.00614375
17.3725 0.00630928
17.3825 0.00648147
17.3925 0.00665759
17.4025 0.00683487
17.4125 0.00700961
17.4225 0.00717986
17.4325 0.0073456
17.4425 0.00750325
17.4525 0.00765068
17.4625 0.00778691
17.4725 0.00791001
17.4825 0.00801854
17.4925 0.00811178
17.5025 0.00818876
17.5125 0.00824914
17.5225 0.00829298
17.5325 0.00832047
17.5425 0.00833227
17.5525 0.0083292
17.5625 0.00831231
17.5725 0.00828292
17.5825 0.00824254
17.5925 0.0081928
17.6025 0.00813543
17.6125 0.00807184
17.6225 0.00800389
17.6325 0.00793325
17.6425 0.00786152
17.6525 0.00778996
17.6625 0.0077198
17.6725 0.00765217
17.6825 0.00758801
17.6925 0.00752793
17.7025 0.0074723
17.7125 0.00742125
17.7225 0.00737465
17.7325 0.00733206
17.7425 0.00729279
17.7525 0.00725598
17.7625 0.00722051
17.7725 0.00718508
17.7825 0.00714818
17.7925 0.00710824
17.8025 0.0070636
17.8125 0.00701272
17.8225 0.00695427
17.8325 0.0068866
17.8425 0.00680835
17.8525 0.0067184
17.8625 0.00661595
17.8725 0.00650036
17.8825 0.00637116
17.8925 0.00622824
17.9025 0.00607179
17.9125 0.00590234
17.9225 0.00572075
17.9325 0.00552817
17.9425 0.00532606
17.9525 0.00511614
17.9625 0.00490043
17.9725 0.00468108
17.9825 0.00446015
17.9925 0.00424023
18.0025 0.00402391
18.0125 0.00381376
18.0225 0.00361214
18.0325 0.00342143
18.0425 0.00324395
18.0525 0.00308061
18.0625 0.00293398
18.0725 0.00280604
18.0825 0.00269744
18.0925 0.00260908
18.1025 0.00254126
18.1125 0.00249413
18.1225 0.00246557
18.1325 0.00245584
18.1425 0.00246411
18.1525 0.00248833
18.1625 0.00252712
18.1725 0.00257857
18.1825 0.0026405
18.1925 0.00271049
18.2025 0.00278582
18.2125 0.00286361
18.2225 0.00294066
18.2325 0.00301393
18.2425 0.00308203
18.2525 0.00314198
18.2625 0.003191
18.2725 0.00322726
18.2825 0.00324837
18.2925 0.00324785
18.3025 0.00323197
18.3125 0.00320011
18.3225 0.00315019
18.3325 0.00308462
18.3425 0.00300218
18.3525 0.00290391
18.3625 0.00279107
18.3725 0.00266506
18.3825 0.00252671
18.3925 0.00237713
18.4025 0.00221959
18.4125 0.00205576
18.4225 0.00188331
18.4325 0.00170536
18.4425 0.00152502
18.4525 0.00134252
18.4625 0.00115916
18.4725 0.000976347
18.4825 0.000795222
18.4925 0.000617431
18.5025 0.000444383
18.5125 0.00027707
18.5225 0.000116344
18.5325 -3.68435e-05
18.5425 -0.000181487
18.5525 -0.000316826
18.5625 -0.000442341
18.5725 -0.000557693
18.5825 -0.000662711
18.5925 -0.000757309
18.6025 -0.00084155
18.6125 -0.000915715
18.6225 -0.000980315
18.6325 -0.00103611
18.6425 -0.00108385
18.6525 -0.00112394
18.6625 -0.00115827
18.6725 -0.00119229
18.6825 -0.00122438
18.6925 -0.00125697
18.7025 -0.00129457
18.7125 -0.00133628
18.7225 -0.00138673
18.7325 -0.00144631
18.7425 -0.00151683
18.7525 -0.00160413
18.7625 -0.0017078
18.7725 -0.00183109
18.7825 -0.00197522
18.7925 -0.00214239
18.8025 -0.0023339
18.8125 -0.00255011
18.8225 -0.00279201
18.8325 -0.00305963
18.8425 -0.00335293
18.8525 -0.00367162
18.8625 -0.00401487
18.8725 -0.00438152
18.8825 -0.00477004
18.8925 -0.00517857
18.9025 -0.00560505
18.9125 -0.00604707
18.9225 -0.00650198
18.9325 -0.00696687
18.9425 -0.00743892
18.9525 -0.00791513
18.9625 -0.00839202
18.9725 -0.00886622
18.9825 -0.00933435
18.9925 -0.00979331
19.0025 -0.0102398
19.0125 -0.0106703
19.0225 -0.0110814
19.0325 -0.0114696
19.0425 -0.0118305
19.0525 -0.0121628
19.0625 -0.0124623
19.0725 -0.0127293
19.0825 -0.0129616
19.0925 -0.0131581
19.1025 -0.0133182
19.1125 -0.0134426
19.1225 -0.0135284
19.1325 -0.0135762
19.1425 -0.0135875
19.1525 -0.013562
19.1625 -0.0135018
19.1725 -0.0134068
19.1825 -0.0132789
19.1925 -0.0131209
19.2025 -0.0129338
19.2125 -0.0127229
19.2225 -0.0124876
19.2325 -0.0122309
19.2425 -0.0119561
19.2525 -0.011665
19.2625 -0.0113614
19.2725 -0.0110487
19.2825 -0.0107307
19.2925 -0.0104103
19.3025 -0.0100905
19.3125 -0.00977489
19.3225 -0.00946648
19.3325 -0.00914705
19.3425 -0.00903009
19.3525 -0.00875455
19.3625 -0.00834861
19.3725 -0.00817336
19.3825 -0.00778908
19.3925 -0.00756112
19.4025 -0.00743119
19.4125 -0.00730089
19.4225 -0.00722346
19.4325 -0.00718899
19.4425 -0.007218
19.4525 -0.00736301
19.4625 -0.0075967
19.4725 -0.0078957
19.4825 -0.00825217
19.4925 -0.00867239
19.5025 -0.00918072
19.5125 -0.00978168
19.5225 -0.0104607
19.5325 -0.0112032
19.5425 -0.0120039
19.5525 -0.0128695
19.5625 -0.0138028
19.5725 -0.0147976
19.5825 -0.0158416
19.5925 -0.0169175
19.6025 -0.0180289
19.6125 -0.0191911
19.6225 -0.020181
19.6325 -0.0203114
19.6425 -0.0214494
19.6525 -0.0232031
19.6625 -0.0245479
19.6725 -0.0256404
19.6825 -0.0269896
19.6925 -0.028484
19.7025 -0.0298214
19.7125 -0.03113
19.7225 -0.032502
19.7325 -0.0339288
19.7425 -0.0353669
19.7525 -0.0368004
19.7625 -0.0382439
19.7725 -0.0397028
19.7825 -0.0411658
19.7925 -0.0426412
19.8025 -0.0443232
19.8125 -0.0459521
19.8225 -0.0474615
19.8325 -0.0489543
19.8425 -0.0505437
19.8525 -0.0522265
19.8625 -0.053897
19.8725 -0.0555391
19.8825 -0.0572012
19.8925 -0.0589233
19.9025 -0.0606781
19.9125 -0.0624239
19.9225 -0.0641721
19.9325 -0.065954
19.9425 -0.0677683
19.9525 -0.0695923
19.9625 -0.0714166
19.9725 -0.0732521
19.9825 -0.0751098
19.9925 -0.0769839
20.0025 -0.0788618
20.0125 -0.0807429
20.0225 -0.0826347
20.0325 -0.0845375
20.0425 -0.086444
20.0525 -0.0883495
20.0625 -0.0902567
20.0725 -0.0921682
20.0825 -0.0940806
20.0925 -0.0959874
20.1025 -0.0978859
20.1125 -0.0997773
20.1225 -0.101662
