0 0 0
0 0 0
0 0 0
0 0 0
0 0 0
0 0 0
0 0 0
0 0 0
0 0 0
0 0 0
0 0 0
0 0 0
0 0 0
0 0 0
0 0 0
0 0 0
0 0 0
0 0 0
0 0 0
0 0 0
0 0 0
0 0 0
0 0 0
0 0 0
0 0 0
0 0 0
0 0 0
0 0 0
0 0 0
0 0 0
0 0 0
0 0 0
0 0 0
0 0 0
0 0 0
0 0 0
0 0 0
0 0 0
0 0 0
0 0 0
0 0 0
0 0 0
0 0 0
0 0 0
0 0 0
0 0 0
0 0 0
0 0 0
0 0 0
0 0 0
0 0 0
0 0 0
0 0 0
0 0 0
0 0 0
0 0 0
0 0 0
0 0 0
0 0 0
0 0 0
0 0 0
0 0 0
0 0 0
0 0 0
0 0 0
0 0 0
0 0 0
0 0 0
0 0 0
0 0 0
0 0 0
0 0 0
0 0 0
0 0 0
0 0 0
0 0 0
0 0 0
0 0 0
0 0 0
0 0 0
0 0 0
0 0 0
0 0 0
0 0 0
0 0 0
0 0 0
0 0 0
0 0 0
0 0 0
0 0 0
0 0 0
0 0 0
0 0 0
0 0 0
0 0 0
0 0 0
0 0 0
0 0 0
0 0 0
0 0 0
0 0 0
0 0 0
0 0 0
0 0 0
0 0 0
0 0 0
0 0 0
0 0 0
0 0 0
0 0 0
0 0 0
0 0 0
0 0 0
0 0 0
0 0 0
0 0 0
0 0 0
0 0 0
0 0 0
0 0 0
0 0 0
0 0 0
0 0 0
0 0 0
0 0 0
0 0 0
0 0 0
0 0 0
0 0 0
0 0 0
0 0 0
0 0 0
0 0 0
0 0 0
0 0 0
0 0 0
0 0 0
0 0 0
0 0 0
0 0 0
0 0 0
0 0 0
0 0 0
0 0 0
0 0 0
0 0 0
0 0 0
0 0 0
0 0 0
0 0 0
0 0 0
0 0 0
0 0 0
0 0 0
0 0 0
0 0 0
0 0 0
0 0 0
0 0 0
0 0 0
0 0 0
0 0 0
0 0 0
0 0 0
0 0 0
0 0 0
0 0 0
0 0 0
0 0 0
0 0 0
0 0 0
0 0 0
0 0 0
0 0 0
0 0 0
0 0 0
0 0 0
0 0 0
0 0 0
0 0 0
0 0 0
0 0 0
0 0 0
0 0 0
0 0 0
0 0 0
0 0 0
0 0 0
0 0 0
0 0 0
0 0 0
0 0 0
0 0 0
0 0 0
0 0 0
0 0 0
0 0 0
0 0 0
0 0 0
0 0 0
0 0 0
0 0 0
0 0 0
0 0 0
0 0 0
0 0 0
0 0 0
0 0 0
0 0 0
0.0030296 0 0
0.00595845 0 0
0.00878872 0 0
0.0115328 0 0
0.0142193 0 0
0.0169027 0 0
0.0196476 0 0
0.0224798 0 0
0.0253826 0 0
0.0283364 0 0
0.0313202 0 0
0.0343139 0 0
0.037306 0 0
0.0402906 0 0
0.043257 0 0
0.0439172 0 0
0.043093 0 0
0.0430527 0 0
0.0434492 0 0
0.0439509 0 0
0.0447563 0 0
0.0462902 0 0
0.048145 0 0
0.0494485 0 0
0.0503849 0 0
0.0509711 0 0
0.0510831 0 0
0.050736 0 0
0.0499784 0 0
0.0487923 0.00216271 0
0.047128 0.0106541 0
0.0449688 0.0187365 0
0.0423221 0.0262061 0
0.0391937 0.0328726 0
0.0356348 0.0382485 0
0.0316287 0.0424232 0
0.0270556 0.0457178 0
0.0220161 0.0473492 0
0.0165058 0.0475104 0
0.0120927 0.0463855 0
0.0120927 0.0440383 0
0.0120927 0.0404974 0
0.0120927 0.0357346 0
0.0120927 0.0298047 0
0.0120927 0.0228086 0
0.0120927 0.0148733 0
0.0120927 0.012759 0
0.0120927 0.012759 0
0.0120927 0.012759 0
0.0120927 0.012759 0
0.0120927 0.012759 0
0.0120927 0.012759 0
0.0120927 0.012759 0
0.0120927 0.012759 0
0.0120927 0.012759 0
0.0120927 0.012759 0
0.0120927 0.012759 0
0.0120927 0.012759 0
0.0120927 0.012759 0
0.0120927 0.012759 0
0.0120927 0.012759 0
0.0120927 0.012759 0
0.0120927 0.012759 0
0.0120927 0.012759 0
0.0120927 0.012759 0
0.0120927 0.012759 0
0.0120927 0.012759 0
0.0120927 0.012759 0
0.0120927 0.012759 0
0.0120927 0.012759 0
0.0105701 0.012759 0
0.0105701 0.012759 0
0.0105701 0.0098105 0
0.0105701 0.0098105 0
0.0105701 0.0098105 0
0.0105701 0.0098105 0
0.0105701 0.0098105 0
0.0105701 0.0098105 0
0.0105701 0.0098105 0
0.0105701 0.0098105 0
0.0105701 0.0098105 0
0.0105701 0.0098105 0
0.0105701 0.0098105 0
0.0105701 0.0098105 0
0.0105701 0.0098105 0
0.0105701 0.0098105 0
0.0105701 0.0098105 0
0.0105701 0.00955439 0
0.0105701 0.0095463 0
0.0105701 0.0095463 0
0.0105701 0.0095463 0
0.0105701 0.0095463 0
0.0105701 0.0095463 0
0.0105701 0.0095463 0
0.0105701 0.0095463 0
0.0105701 0.0095463 0
0.0105701 0.0095463 0
0.0105701 0.0095463 0
0.0105701 0.0095463 0
0.0105701 0.0095463 0
0.0105701 0.0095463 0
0.0105701 0.0095463 0
0.0105701 0.0095463 0
0.0105701 0.0095463 0
0.0105701 0.0095463 0
0.0105608 0.0095463 0
0.0105226 0.0095463 0
0.0104883 0.0095463 0
0.0104668 0.0095463 0
0.0104631 0.0095463 0
0.0104631 0.0095463 0
0.0104631 0.0095463 0
0.0104618 0.0095463 0
0.0104618 0.0095463 0
0.0104618 0.0095463 0
0.0104618 0.0095463 0
0.0104618 0.0095463 0
0.0104618 0.0095463 0
0.0104618 0.0095463 0
0.0104618 0.0095463 0
0.0104618 0.0095463 0
0.0104618 0.0095463 0
0.0104618 0.0095463 0
0.0104618 0.0095463 0
0.0104618 0.0095463 0
0.0104618 0.0095463 0
0.0104618 0.0095463 0
0.0104618 0.0095463 0
0.0104618 0.0095463 0
0.0104618 0.0095463 0
0.0104618 0.0095463 0
0.0104618 0.0095463 0
0.0104618 0.0095463 0
0.0104618 0.0095463 0
0.0104618 0.0095463 0
0.0104618 0.0095463 0
0.0104618 0.0095463 0
0.0104618 0.0095463 0
0.0104618 0.0095463 0
0.0104618 0.0095463 0
0.0104618 0.0095463 0
0.0104618 0.0095463 0
0.0104618 0.0095463 0
0.0104618 0.0095463 0
0.0104618 0.0095463 0
0.0104618 0.0095463 0
0.0104618 0.0095463 0
0.0104618 0.0095463 0
0.0104618 0.0095463 0
0.0104618 0.0095463 0
0.0104618 0.0095463 0
0.0104618 0.0095463 0
0.0104618 0.0095463 0
0.0104618 0.0095463 0
0.0104618 0.0095463 0
0.0104618 0.0095463 0
0.0104618 0.00952502 0
0.0104618 0.00952502 0
0.0104618 0.00952502 0
0.0104618 0.00952502 0
0.0104618 0.00952502 0
0.0104618 0.00952502 0
0.0104618 0.00952502 0
0.0104618 0.00952502 0
0.0104618 0.00952502 0
0.0104618 0.00952502 0
0.0104618 0.00952502 0
0.0104618 0.00952502 0
0.0104618 0.00952502 0
0.0104618 0.00952502 0
0.0104618 0.00952502 0
0.0104618 0.00952502 0
0.0104618 0.00952502 0
0.0104618 0.00952502 0
0.0104618 0.00952502 0
0.0104618 0.00952502 0
0.0104618 0.00952502 0
0.0104618 0.00952502 0
0.0104618 0.00952502 0
0.0104618 0.00952502 0
0.0104618 0.00952502 0
0.0104618 0.00952502 0
0.0104618 0.00952502 0
0.0104618 0.00952502 0
0.0104618 0.00952502 0
0.0104618 0.00952502 0
0.0104618 0.00952502 0
0.0104618 0.00952502 0
0.0104618 0.00952502 0
0.0104618 0.00952502 0
0.0104618 0.00952502 0
0.0104618 0.00952502 0
0.0104618 0.00952502 0
0.0104618 0.00952502 0
0.0104618 0.00952502 0
0.0104618 0.00952502 0
0.0104618 0.00952502 0
0.0104618 0.00952502 0
0.0104618 0.00952502 0
0.0104618 0.00952502 0
0.0104618 0.00952502 0
0.0104618 0.00952502 0
0.0104618 0.00952502 0
0.0128578 0.00952502 0
0.0223524 0.00952502 0
0.0316339 0.00952502 0
0.0406299 0.0108517 0
0.0492927 0.0159058 0
0.0575684 0.0205545 0
0.0654081 0.0247674 0
0.0727858 0.0285151 0
0.0796983 0.0317704 0
0.0861322 0.034519 0
0.0920578 0.0367572 0
0.0974549 0.0384816 0
0.102315 0.0396905 0
0.106427 0.0404235 0
0.107595 0.041091 0
0.108318 0.0413847 0
0.108604 0.0410458 0
0.108511 0.0403013 0
0.108144 0.0390683 0
0.10744 0.0374309 0
0.106419 0.0354129 0
0.105133 0.0330285 0
0.103602 0.0303035 0
0.101844 0.0272843 0
0.0999003 0.0240324 0
0.097816 0.0205999 0
0.0956285 0.0170322 0
0.0933775 0.0170322 0
0.0911094 0.0170322 0
0.0888679 0.0170322 0
0.0866228 0.0170322 0
0.0842363 0.0170322 0
0.0817877 0.0170322 0
0.0793211 0.0170322 0
0.0768786 0.0170322 0
0.074492 0.0170322 0
0.0721852 0.0170322 0
0.0699744 0.0170322 0
0.0678698 0.0170322 0
0.0658834 0.0170322 0
0.064034 0.0170322 0
0.0623367 0.0170322 0
0.0607955 0.0170322 0
0.0594086 0.0170322 0
0.0581748 0.0170322 0
0.0570941 0.0170322 0
0.056163 0.0170322 0
0.0553658 0.0170322 0
0.0546669 0.0170322 0
0.054013 0.0170322 0
0.0533533 0.0170322 0
0.0526541 0.0170322 0
0.0518762 0.0170322 0
0.0509436 0.0170322 0
0.0497751 0.0170322 0
0.0483462 0.0170322 0
0.046667 0.0170322 0
0.04474 0.0170322 0
0.0425462 0.0170322 0
0.040063 0.0170322 0
0.0372765 0.0170322 0
0.0341908 0.0170322 0
0.0308342 0.0170322 0
0.0308342 0.0170322 0
0.0308342 0.0170322 0
0.0308342 0.0170322 0
0.0308342 0.0170322 0
0.0308342 0.0170322 0
0.0308342 0.0170322 0
0.0308342 0.0170322 0
0.0308342 0.0170322 0
0.0308342 0.0170322 0
0.0308342 0.0170322 0
0.0308342 0.0170322 0
0.0308342 0.0170322 0
0.0308342 0.0170322 0
0.0308342 0.0170322 0
0.0308342 0.0170322 0
0.0308342 0.0170322 0
0.0308342 0.0170322 0
0.0308342 0.0170322 0
0.0308342 0.0170322 0
0.0308342 0.0170322 0
0.0308342 0.0170322 0
0.0308342 0.0170322 0
0.0308342 0.0170322 0
0.0308342 0.0170322 0
0.0308342 0.0170322 0
0.0308342 0.0170322 0
0.0308342 0.0170322 0
0.0308342 0.0170322 0
0.0308342 0.0170322 0
0.0308342 0.0170322 0
0.0308342 0.0170322 0
0.0308342 0.0170322 0
0.0308342 0.0170322 0
0.0308342 0.0170322 0
0.0308342 0.0170322 0
0.0308342 0.0170322 0
0.0308342 0.0170322 0
0.0308342 0.0170322 0
0.0308342 0.0170322 0
0.0308342 0.0170322 0
0.0308342 0.0170322 0
0.0308342 0.0170322 0
0.0308342 0.0170322 0
0.0308342 0.0170322 0
0.0308342 0.0170322 0
0.0308342 0.0170322 0
0.0308342 0.0170322 0
0.0308342 0.0170322 0
0.0308342 0.0170322 0
0.0308342 0.0170322 0
0.0308342 0.0170322 0
0.0308342 0.0170322 0
0.0308342 0.0170322 0
0.0308342 0.0170322 0
0.0308342 0.0170322 0
0.0308342 0.0170322 0
0.0308342 0.0159077 0
0.0308342 0.0159077 0
0.0301065 0.0159077 0
0.0301065 0.0159077 0
0.0301065 0.0159077 0
0.0301065 0.0159077 0
0.0301065 0.0159077 0
0.0301065 0.0159077 0
0.0301065 0.0159077 0
0.0301065 0.0159077 0
0.0301065 0.0159077 0
0.0301 0.0159077 0
0.0301 0.0159077 0
0.0301 0.0159033 0
0.0301 0.0159033 0
0.0301 0.0159033 0
0.0301 0.0159033 0
0.0301 0.0159033 0
0.0301 0.0159033 0
0.0301 0.0159033 0
0.0301 0.0159033 0
0.0301 0.0159033 0
0.0301 0.0159033 0
0.0301 0.0159033 0
0.0301 0.0159033 0
0.0301 0.0159033 0
0.0301 0.0159033 0
0.0301 0.0159033 0
0.0301 0.0159033 0
0.0301 0.0159033 0
0.0301 0.0159033 0
0.0301 0.0159033 0
0.0301 0.0159033 0
0.0301 0.0159033 0
0.0301 0.0159033 0
0.0301 0.0159033 0
0.0301 0.0159033 0
0.0301 0.0159033 0
0.0301 0.0159033 0
0.0301 0.0159033 0
0.0301 0.0159033 0
0.0301 0.0159033 0
0.0301 0.0159033 0
0.0301 0.0159033 0
0.0301 0.0159033 0
0.0301 0.0159033 0
0.0301 0.0159033 0
0.0301 0.0159033 0
0.0301 0.0159033 0
0.0301 0.0159033 0
0.0301 0.0159033 0
0.0301 0.0159033 0
0.0301 0.0159033 0
0.0301 0.0159033 0
0.0301 0.0159033 0
0.0301 0.0159033 0
0.0301 0.0159033 0
0.0301 0.0159033 0
0.0301 0.0159033 0
0.0301 0.0159033 0
0.0301 0.0159033 0
0.0301 0.0159033 0
0.0301 0.0159033 0
0.0301 0.0159033 0
0.0301 0.0159033 0
0.0301 0.0159033 0
0.0301 0.0159033 0
0.0301 0.0159033 0
0.0301 0.0159033 0
0.0301 0.0159033 0
0.0301 0.0159033 0
0.0301 0.0159033 0
0.0301 0.0159033 0
0.0301 0.0159033 0
0.0301 0.0159033 0
0.0301 0.0159033 0
0.0301 0.0159033 0
0.0301 0.0159033 0
0.0301 0.0159033 0
0.0301 0.0159033 0
0.0301 0.0159033 0
0.0301 0.0159033 0
0.0301 0.0159033 0
0.0301 0.0159033 0
0.0301 0.0159033 0
0.0301 0.0159033 0
0.0301 0.0159033 0
0.0301 0.0159033 0
0.0301 0.0159033 0
0.0301 0.0159033 0
0.0301 0.0159033 0
0.0341884 0.0159033 0
0.0381387 0.0159033 0
0.0419334 0.0159033 0
0.0455572 0.0159033 0
0.0489726 0.0159033 0
0.0521371 0.0159033 0
0.0550169 0.0159033 0
0.0576343 0.0159033 0
0.0600108 0.0159033 0
0.0621286 0.0159033 0
0.063972 0.0159033 0
0.0655171 0.0159033 0
0.0667822 0.0159033 0
0.0677826 0.0159033 0
0.0685163 0.0159033 0
0.0689728 0.0159033 0
0.0691761 0.0159033 0
0.0691735 0.0159033 0
0.0690371 0.0159033 0
0.0687911 0.0159033 0
0.0683953 0.0159033 0
0.0678446 0.0159033 0
0.067163 0.0159033 0
0.066358 0.0159033 0
0.0654247 0.0159033 0
0.0643602 0.0159033 0
0.0631779 0.0159033 0
0.0618914 0.0159033 0
0.0605017 0.0159033 0
0.0590041 0.0159033 0
0.0573948 0.0159033 0
0.0556717 0.0159033 0
0.0538307 0.0159033 0
0.0518611 0.0159033 0
0.0497484 0.0159033 0
0.0474789 0.0159033 0
0.0450394 0.0159033 0
0.0424158 0.0159033 0
0.0395952 0.0159033 0
0.0381086 0.0159033 0
0.0381086 0.0159033 0
0.0381086 0.0159033 0
0.0381086 0.0159033 0
0.0381086 0.0159033 0
0.0381086 0.0159033 0
0.0381086 0.0159033 0
0.0381086 0.0159033 0
0.0381086 0.0159033 0
0.0381086 0.0159033 0
0.0381086 0.0159033 0
0.0381086 0.0159033 0
0.0381086 0.0159033 0
0.0381086 0.0159033 0
0.0381086 0.0159033 0
0.0381086 0.0159033 0
0.0381086 0.0159033 0
0.0381086 0.0159033 0
0.0381086 0.0159033 0
0.0381086 0.0159033 0
0.0381086 0.0159033 0
0.0381086 0.0159033 0
0.0381086 0.0159033 0
0.0381086 0.0159033 0
0.0381086 0.0159033 0
0.0381086 0.0159033 0
0.0381086 0.0159033 0
0.0381086 0.0159033 0
0.0381086 0.0159033 0
0.0381086 0.0159033 0
0.0381086 0.0159033 0
0.0381086 0.0159033 0
0.0381086 0.0159033 0
0.0381086 0.0159033 0
0.0381086 0.0159033 0
0.0381086 0.0159033 0
0.0381086 0.0159033 0
0.0381086 0.0159033 0
0.0381086 0.0159033 0
0.0381086 0.0159033 0
0.0381086 0.0159033 0
0.0381086 0.0159033 0
0.0381086 0.0159033 0
0.0381086 0.0159033 0
0.0381086 0.0159033 0
0.0381086 0.0159033 0
0.0381086 0.0159033 0
0.0381086 0.0159033 0
0.0381086 0.0159033 0
0.0381086 0.0159033 0
0.0381086 0.0159033 0
0.0381086 0.0159033 0
0.0381086 0.0159033 0
0.0381086 0.0159033 0
0.0381086 0.0159033 0
0.0381086 0.0159033 0
0.0381086 0.0159033 0
0.0381086 0.0159033 0
0.0379277 0.0159033 0
0.0379091 0.0159033 0
0.0379091 0.0159033 0
0.0379091 0.0159033 0
0.0379091 0.0159033 0
0.0379091 0.0159033 0
0.0379091 0.0159033 0
0.0379091 0.0159033 0
0.0379091 0.0159033 0
0.0379091 0.0159033 0
0.0379091 0.0159033 0
0.0379091 0.0159033 0
0.0379091 0.0159033 0
0.0379091 0.0159033 0
0.0379091 0.0159033 0
0.0379091 0.0159033 0
0.0379091 0.0159033 0
0.0379091 0.0159033 0
0.0379091 0.0159033 0
0.0379091 0.0159033 0
0.0379091 0.0159033 0
0.0379091 0.0159033 0
0.0379091 0.0159033 0
0.0379091 0.0159033 0
0.0379091 0.0159033 0
0.0379091 0.0159033 0
0.0379091 0.0159033 0
0.0379091 0.0159033 0
0.0379091 0.0159033 0
0.0379091 0.0159033 0
0.0379091 0.0159033 0
0.0379091 0.0159033 0
0.0379091 0.0159033 0
0.0379091 0.0159033 0
0.0379091 0.0159033 0
0.0379091 0.0159033 0
0.0379091 0.0159033 0
0.0379091 0.0159033 0
0.0379091 0.0159033 0
0.0379091 0.0159033 0
0.0379091 0.0159033 0
0.0379091 0.0159033 0
0.0379091 0.0159033 0
0.0379091 0.0159033 0
0.0379091 0.0159033 0
0.0379091 0.0159033 0
0.0379091 0.0159033 0
0.0379091 0.0159033 0
0.0379091 0.0159033 0
0.0379091 0.0159033 0
0.0379091 0.0159033 0
0.0379091 0.0159033 0
0.0379091 0.0159033 0
0.0379091 0.0159033 0
0.0379091 0.0159033 0
0.0379091 0.0159033 0
0.0379091 0.0159033 0
0.0379091 0.0159033 0
0.0379091 0.0159033 0
0.0379091 0.0159033 0
0.0379091 0.0159033 0
0.0379091 0.0159033 0
0.0379091 0.0159033 0
0.0379091 0.0159033 0
0.0379091 0.0159033 0
0.0379091 0.0159033 0
0.0379091 0.0159033 0
0.0379091 0.0159033 0
0.0379091 0.0159033 0
0.0379091 0.0159033 0
0.0379091 0.0159033 0
0.0379091 0.0159033 0
0.0379091 0.0159033 0
0.0379091 0.0159033 0
0.0379091 0.0159033 0
0.0379091 0.0159033 0
0.0379091 0.0159033 0
0.0379091 0.0159033 0
0.0379091 0.0159033 0
0.0379091 0.0159033 0
0.047628 0.0159033 0
0.0578051 0.0159033 0
0.0683406 0.0159033 0
0.0791477 0.0159033 0
0.090145 0.0159033 0
0.101229 0.0159033 0
0.112285 0.0159033 0
0.121845 0.0159033 0
0.129161 0.0276828 0
0.136301 0.038808 0
0.142788 0.0493163 0
0.149752 0.0583173 0
0.149162 0.0644271 0
0.149035 0.0683923 0
0.15032 0.0737297 0
0.150359 0.0776644 0
0.150196 0.0811298 0
0.150763 0.0842881 0
0.151106 0.0865969 0
0.151066 0.0886312 0
0.151026 0.0900834 0
0.145801 0.0906911 0
0.169658 0.124333 0
0.160959 0.140767 0
0.150108 0.121659 0
0.167907 0.118054 0
0.168645 0.14034 0
0.167905 0.149849 0
0.177901 0.145952 0
0.177499 0.148993 0
0.176002 0.161464 0
0.177531 0.169353 0
0.177223 0.171717 0
0.176334 0.177831 0
0.176711 0.187633 0
0.176517 0.192057 0
0.175923 0.191333 0
0.175652 0.191938 0
0.175721 0.194315 0
0.175616 0.195416 0
0.17559 0.195228 0
0.175844 0.195457 0
0.176115 0.196286 0
0.176508 0.196529 0
0.176431 0.196088 0
0.176841 0.195776 0
0.177366 0.195747 0
0.177565 0.195556 0
0.177346 0.195158 0
0.176595 0.194788 0
0.175054 0.194447 0
0.17285 0.193992 0
0.16999 0.19346 0
0.166427 0.192973 0
0.162231 0.192518 0
0.157428 0.192006 0
0.152012 0.191463 0
0.146026 0.190973 0
0.139506 0.190459 0
0.132448 0.189777 0
0.124899 0.188881 0
0.116994 0.187759 0
0.108925 0.18633 0
0.100818 0.184593 0
0.0926863 0.182703 0
0.0844848 0.180506 0
0.0779588 0.177973 0
0.0779588 0.175128 0
0.0779588 0.171942 0
0.0779588 0.168312 0
0.0779588 0.16421 0
0.0779588 0.15978 0
0.0779588 0.154924 0
0.0779588 0.149141 0
0.0779588 0.143086 0
0.0779588 0.136679 0
0.0779588 0.130027 0
0.0779588 0.124457 0
0.0779588 0.124457 0
0.0779588 0.124457 0
0.0779588 0.124457 0
0.0779588 0.124457 0
0.0779588 0.124457 0
0.0779588 0.124457 0
0.0779588 0.124457 0
0.0779588 0.124457 0
0.0779588 0.124457 0
0.0779588 0.124457 0
0.0779588 0.124457 0
0.0779588 0.124457 0
0.0779588 0.124457 0
0.0779588 0.124457 0
0.0779588 0.124457 0
0.0779588 0.124457 0
0.0779588 0.124457 0
0.0779588 0.124457 0
0.0779588 0.124457 0
0.0779588 0.124457 0
0.0779588 0.124457 0
0.0779588 0.124457 0
0.0779588 0.124457 0
0.0779588 0.124457 0
0.0779588 0.124457 0
0.0779588 0.124457 0
0.0779588 0.124457 0
0.0779588 0.124457 0
0.0779588 0.124457 0
0.0779588 0.124457 0
0.0779588 0.124457 0
0.0779588 0.124457 0
0.0779588 0.124457 0
0.0771663 0.124457 0
0.0763912 0.124457 0
0.0763912 0.124457 0
0.0763912 0.122024 0
0.0763912 0.12012 0
0.0763912 0.11877 0
0.0763912 0.118157 0
0.0763912 0.117925 0
0.0763912 0.117094 0
0.0763912 0.115606 0
0.0760589 0.113457 0
0.0760589 0.112433 0
0.0760589 0.112433 0
0.0760589 0.112433 0
0.0760589 0.112433 0
0.0760589 0.112433 0
0.0760589 0.112433 0
0.0760589 0.112433 0
0.0760589 0.112433 0
0.0760589 0.112433 0
0.0760589 0.112433 0
0.0760589 0.112433 0
0.0760589 0.112433 0
0.0760589 0.112433 0
0.0760589 0.112433 0
0.0760589 0.112433 0
0.0760589 0.112433 0
0.0760589 0.112433 0
0.0760589 0.112433 0
0.0760589 0.112433 0
0.0760589 0.112433 0
0.0760589 0.112433 0
0.0760589 0.112433 0
0.0760589 0.108698 0
0.0760589 0.102289 0
0.0760589 0.0966452 0
0.0760589 0.0911576 0
0.0760589 0.0860499 0
0.0760589 0.0808561 0
0.0760589 0.0759532 0
0.0760573 0.0712267 0
0.0760573 0.06684 0
0.0760573 0.0629483 0
0.0760573 0.0596264 0
0.0760573 0.0590358 0
0.0760573 0.0586186 0
0.0760573 0.0586186 0
0.0760573 0.0586186 0
0.0760573 0.0586124 0
0.0760573 0.058597 0
0.0760573 0.058597 0
0.0760573 0.058597 0
0.0760573 0.058597 0
0.0760573 0.058597 0
0.0760573 0.058597 0
0.0760573 0.058597 0
0.0760573 0.058597 0
0.0760573 0.058597 0
0.0760573 0.058597 0
0.0760573 0.058597 0
0.0760573 0.058597 0
0.0760573 0.058597 0
0.0760573 0.058597 0
0.0760573 0.058597 0
0.0760573 0.058597 0
0.0760573 0.058597 0
0.0760573 0.058597 0
0.0760573 0.058597 0
0.0760573 0.058597 0
0.0760573 0.058597 0
0.0760573 0.058597 0
0.0760573 0.058597 0
0.0760573 0.058597 0
0.0760573 0.058597 0
0.0760573 0.058597 0
0.0760573 0.058597 0
0.0760573 0.058597 0
0.0760573 0.058597 0
0.0760573 0.058597 0
0.0760573 0.058597 0
0.0760573 0.058597 0
0.0760573 0.058597 0
0.0760573 0.058597 0
0.0760573 0.058597 0
0.0760573 0.058597 0
0.0760573 0.058597 0
0.0760573 0.058597 0
0.0760573 0.058597 0
0.0760573 0.058597 0
0.0760573 0.058597 0
0.0760573 0.058597 0
0.0760573 0.058597 0
0.0760573 0.058597 0
0.0760573 0.058597 0
0.0760573 0.058597 0
0.0760573 0.058597 0
0.0760573 0.058597 0
0.0760573 0.058597 0
0.0760573 0.058597 0
0.0760573 0.058597 0
0.0760573 0.0602526 0
0.0760573 0.0639668 0
0.0760573 0.067027 0
0.0760573 0.0693193 0
0.0760573 0.0707743 0
0.0760573 0.0713572 0
0.0760573 0.0709756 0
0.0760573 0.0695049 0
0.0760573 0.0670402 0
0.0760573 0.0641867 0
0.0760573 0.0612207 0
0.0760573 0.0612207 0
0.0760573 0.0612207 0
0.0760573 0.0612207 0
0.0760573 0.0612207 0
0.0760573 0.0612207 0
0.0760573 0.0612207 0
0.0760573 0.0612207 0
0.0760573 0.0612207 0
0.0760573 0.0612207 0
0.0760573 0.0612207 0
0.0760573 0.0612207 0
0.0760573 0.0612207 0
0.0760573 0.0612207 0
0.0760573 0.0612207 0
0.0760573 0.0612207 0
0.0760573 0.0612207 0
0.0760573 0.0612207 0
0.0760573 0.0612207 0
0.0760573 0.0612207 0
0.0760573 0.0612207 0
0.0760573 0.0612207 0
0.0760573 0.0612207 0
0.0760573 0.0612207 0
0.0760573 0.0612207 0
0.0760573 0.0612207 0
0.0760573 0.0612207 0
0.0760573 0.0612207 0
0.0760573 0.0612207 0
0.0760573 0.0612207 0
0.0760573 0.0612207 0
0.0760573 0.0612207 0
0.0760573 0.0612207 0
0.0760573 0.0612207 0
0.0760573 0.0612207 0
0.0760573 0.0612207 0
0.0760573 0.0612207 0
0.0760573 0.0611615 0
0.0760573 0.0611615 0
0.0760573 0.0611615 0
0.0760573 0.0611615 0
0.0760573 0.0611615 0
0.0760573 0.0611615 0
0.0760573 0.0611615 0
0.0760573 0.0611615 0
0.0760573 0.0611615 0
0.0760573 0.0611615 0
0.0760573 0.0611615 0
0.0760573 0.0611615 0
0.0760573 0.0611615 0
0.0760573 0.0611615 0
0.0760573 0.0611615 0
0.0760573 0.0611615 0
0.0760573 0.0611615 0
0.0760573 0.0611615 0
0.0760573 0.0611615 0
0.0760573 0.0611615 0
0.0760573 0.0611615 0
0.0760573 0.0611615 0
0.0760573 0.0611615 0
0.0760573 0.0611615 0
0.0760573 0.0611615 0
0.0760573 0.0611615 0
0.0760573 0.0611615 0
0.0760573 0.0611615 0
0.0760573 0.0611615 0
0.0760573 0.0611615 0
0.0760573 0.0611615 0
0.0760573 0.0611615 0
0.0760573 0.0611615 0
0.0760573 0.0611615 0
0.0760573 0.0611615 0
0.0760573 0.0611615 0
0.0760573 0.0611615 0
0.0760573 0.0611615 0
0.0760573 0.0611615 0
0.0760573 0.0611615 0
0.0760573 0.0611615 0
0.0760573 0.0611615 0
0.0760573 0.0611615 0
0.0760573 0.0611615 0
0.0760573 0.0611615 0
0.0760573 0.0611615 0
0.0760573 0.0611615 0
0.0760573 0.0611615 0
0.0760573 0.0611615 0
0.0760573 0.0611615 0
0.0760573 0.0611615 0
0.0760573 0.0611615 0
0.0760573 0.0611615 0
0.0760573 0.0611615 0
0.0760573 0.0611615 0
0.0760573 0.0611615 0
0.0760573 0.0611615 0
0.0760573 0.0611615 0
0.0760573 0.0611615 0
0.0760573 0.0611615 0
0.0760573 0.0611615 0
0.0760573 0.0611615 0
0.0760573 0.0611615 0
0.0760573 0.0611615 0
0.0760573 0.0611615 0
0.0760573 0.0611615 0
0.0760573 0.0611615 0
0.0760573 0.0611615 0
0.0760573 0.0611615 0
0.0760573 0.0611615 0
0.0760573 0.0611615 0
0.0760573 0.0611615 0
0.0760573 0.0611615 0
0.0760573 0.0611615 0
0.0760573 0.0611615 0
0.0760573 0.0611615 0
0.0760573 0.0611615 0
0.0760573 0.0611615 0
0.0760573 0.0611615 0
0.0760573 0.0611615 0
0.0760573 0.0611615 0
0.0760573 0.0611615 0
0.0760573 0.0611615 0
0.0760573 0.0611615 0
0.0760573 0.0611615 0
0.0760573 0.0611615 0
0.0760573 0.0611615 0
0.0760573 0.0611615 0
0.0760573 0.0611615 0
0.0760573 0.0611615 0
0.0760573 0.0611615 0
0.0760573 0.0611615 0
0.0760573 0.0611615 0
0.0760573 0.0611615 0
0.0760573 0.0611615 0
0.0760573 0.0611615 0
0.0760573 0.0611615 0
0.0760573 0.0611615 0
0.0760573 0.0611615 0
0.0760573 0.0611615 0
0.0760573 0.0611615 0
0.0760573 0.0611615 0
0.0760573 0.0611615 0
0.0760573 0.0611615 0
0.0760573 0.0611615 0
0.0760573 0.0611615 0
0.0760573 0.0611615 0
0.0760573 0.0611615 0
0.0760573 0.0611615 0
0.0760573 0.0611615 0
0.0760573 0.0611615 0
0.0760573 0.0611615 0
0.0760573 0.0611615 0
0.0760573 0.0611615 0
0.0760573 0.0611615 0
0.0760573 0.0611615 0
0.0760573 0.0611615 0
0.0760573 0.0611615 0
0.0760573 0.0611615 0
0.0760573 0.0611615 0
0.0760573 0.0611615 0
0.0760573 0.0611615 0
0.0760573 0.0611615 0
0.0760573 0.0611615 0
0.0760573 0.0611615 0
0.0760573 0.0611615 0
0.0760573 0.0611615 0
0.0760573 0.0611615 0
0.0760573 0.0611615 0
0.0760573 0.0611615 0
0.0760573 0.0611615 0
0.0760573 0.0611615 0
0.0760573 0.0611615 0
0.0760573 0.0611615 0
0.0760573 0.0611615 0
0.0760573 0.0611615 0
0.0760573 0.0611615 0
0.0760573 0.0611615 0
0.0760573 0.0611615 0
0.0760573 0.0611615 0
0.0760573 0.0611615 0
0.0760573 0.0611615 0
0.0760573 0.0611615 0
0.0760573 0.0611615 0
0.079373 0.0611615 0
0.079373 0.0611615 0
0.0880821 0.0611615 0
0.0922107 0.0611615 0
0.0915409 0.0611615 0
0.102072 0.0611615 0
0.10856 0.0611615 0
0.110828 0.0611615 0
0.11699 0.0611615 0
0.12263 0.0611615 0
0.12605 0.0611615 0
0.130674 0.0611615 0
0.135201 0.0611615 0
0.138676 0.0611615 0
0.142163 0.0655953 0
0.145662 0.0707795 0
0.148612 0.0761649 0
0.151386 0.0816966 0
0.154069 0.0870354 0
0.156409 0.0922156 0
0.158517 0.0974566 0
0.160474 0.102746 0
0.162209 0.107946 0
0.163765 0.113073 0
0.165195 0.11822 0
0.1665 0.123361 0
0.167706 0.12842 0
0.168808 0.130866 0
0.168423 0.133424 0
0.168837 0.135363 0
0.169441 0.133918 0
0.169264 0.13384 0
0.169818 0.135518 0
0.170829 0.13604 0
0.17149 0.135412 0
0.172553 0.135151 0
0.173954 0.135763 0
0.17546 0.136158 0
0.177315 0.135934 0
0.179448 0.1357 0
0.181742 0.135889 0
0.184394 0.136089 0
0.18721 0.136041 0
0.190228 0.136059 0
0.192707 0.136285 0
0.195239 0.136569 0
0.198116 0.136785 0
0.201154 0.137016 0
0.204255 0.13737 0
0.205712 0.137792 0
0.205868 0.138248 0
0.206246 0.138564 0
0.206512 0.138969 0
0.206683 0.139565 0
0.207087 0.140018 0
0.207378 0.140354 0
0.207558 0.140823 0
0.207875 0.141352 0
0.208125 0.141811 0
0.208305 0.142191 0
0.208522 0.142595 0
0.208687 0.143041 0
0.208765 0.143478 0
0.208798 0.143898 0
0.155823 0.141546 0
0.155823 0.0834975 0
0.155823 0.124343 0
0.155823 0.119766 0
0.155823 0.136496 0
0.155823 0.134183 0
0.155823 0.136909 0
0.155823 0.144806 0
0.155823 0.150842 0
0.155823 0.152283 0
0.155823 0.154777 0
0.155823 0.159548 0
0.155823 0.162811 0
0.155823 0.163626 0
0.155823 0.164309 0
0.155823 0.165407 0
0.155823 0.165491 0
0.155823 0.164064 0
0.155823 0.16201 0
0.155823 0.159637 0
0.155823 0.156532 0
0.155823 0.152946 0
0.155823 0.149288 0
0.155823 0.146776 0
0.155823 0.143046 0
0.155823 0.139447 0
0.155823 0.134981 0
0.155823 0.130734 0
0.155823 0.126246 0
0.155823 0.121515 0
0.155823 0.116575 0
0.155823 0.11136 0
0.155823 0.106301 0
0.155823 0.104258 0
0.155823 0.104258 0
0.155823 0.104258 0
0.155823 0.104258 0
0.155823 0.104258 0
0.155823 0.104258 0
0.155823 0.104258 0
0.155823 0.104258 0
0.155823 0.104258 0
0.155823 0.104258 0
0.155823 0.104258 0
0.155823 0.104258 0
0.155823 0.104258 0
0.155823 0.104258 0
0.155823 0.104258 0
0.155823 0.104258 0
0.155823 0.104258 0
0.155823 0.104258 0
0.155823 0.104258 0
0.155823 0.104258 0
0.15366 0.104258 0
0.150037 0.104258 0
0.14692 0.104258 0
0.143129 0.104258 0
0.139277 0.104258 0
0.135466 0.104258 0
0.131402 0.104258 0
0.127213 0.104258 0
0.122948 0.104258 0
0.118662 0.104258 0
0.114365 0.104258 0
0.11012 0.104258 0
0.104751 0.104258 0
0.103799 0.104258 0
0.103799 0.104258 0
0.103799 0.104258 0
0.103799 0.102538 0
0.103799 0.0974322 0
0.103799 0.0974322 0
0.103799 0.0970634 0
0.103799 0.0970634 0
0.103799 0.0970634 0
0.103799 0.0970634 0
0.103799 0.0970634 0
0.103799 0.0970275 0
0.103799 0.0970275 0
0.103799 0.0970275 0
0.103799 0.0970275 0
0.103799 0.0970275 0
0.103799 0.0970275 0
0.103799 0.0970275 0
0.103799 0.0970275 0
0.103799 0.0970275 0
0.103799 0.0970275 0
0.103799 0.0970275 0
0.103799 0.0970275 0
0.103799 0.0970275 0
0.103799 0.0970275 0
0.103799 0.0970275 0
0.103799 0.0970275 0
0.103799 0.0970275 0
0.103799 0.0970275 0
0.103799 0.0970275 0
0.103799 0.0970275 0
0.103799 0.0970275 0
0.103799 0.0970275 0
0.103799 0.0970275 0
0.103799 0.0970275 0
0.103799 0.0970275 0
0.103799 0.0970275 0
0.103799 0.0970275 0
0.103799 0.0970275 0
0.103799 0.0970275 0
0.103799 0.0970275 0
0.103799 0.0970275 0
0.103799 0.0970275 0
0.103799 0.0970275 0
0.103799 0.0970275 0
0.103799 0.0970275 0
0.103799 0.0970275 0
0.103799 0.0970275 0
0.103799 0.0970275 0
0.103799 0.0970275 0
0.103799 0.0970275 0
0.103799 0.0970275 0
0.103799 0.0970275 0
0.103799 0.0970275 0
0.103799 0.0970275 0
0.103799 0.0970275 0
0.103799 0.0970275 0
0.103799 0.0970275 0
0.103799 0.0970275 0
0.103799 0.0970171 0
0.103799 0.0970171 0
0.103799 0.0970171 0
0.103799 0.0970171 0
0.103799 0.0970171 0
0.103799 0.0970171 0
0.103799 0.0970171 0
0.103799 0.0970171 0
0.103799 0.0970171 0
0.103799 0.0970171 0
0.103799 0.0970171 0
0.103799 0.0970171 0
0.103799 0.0970171 0
0.103799 0.0970171 0
0.103799 0.0970171 0
0.103799 0.0970171 0
0.103799 0.0970171 0
0.103799 0.0970171 0
0.103799 0.0970171 0
0.103799 0.0970171 0
0.103799 0.0970171 0
0.103799 0.0970171 0
0.103799 0.0970171 0
0.103799 0.0970171 0
0.103799 0.0970171 0
0.103799 0.0970171 0
0.103799 0.0970171 0
0.103799 0.0970171 0
0.103799 0.0970171 0
0.103799 0.0970171 0
0.103799 0.0970171 0
0.103799 0.0970171 0
0.103799 0.0970171 0
0.103799 0.0970171 0
0.103799 0.0970171 0
0.103799 0.0970171 0
0.103799 0.0970171 0
0.103799 0.0970171 0
0.103799 0.0970171 0
0.103799 0.0970171 0
0.103799 0.0970171 0
0.103799 0.0970171 0
0.103799 0.0970171 0
0.103799 0.0970171 0
0.103799 0.0970171 0
0.103799 0.0970171 0
0.103799 0.0970171 0
0.103799 0.0970171 0
0.103799 0.0970171 0
0.103799 0.0970171 0
0.103799 0.0970171 0
0.103799 0.0970171 0
0.103799 0.0970171 0
0.103799 0.0970171 0
0.103799 0.0970171 0
0.103799 0.0970171 0
0.103799 0.0970171 0
0.103799 0.0970171 0
0.103799 0.0970171 0
0.103799 0.0970171 0
0.103799 0.0970171 0
0.103799 0.0970171 0
0.103799 0.0970171 0
0.103799 0.0970171 0
0.103799 0.0970171 0
0.103799 0.0970171 0
0.103799 0.0970171 0
0.103799 0.0970171 0
0.103799 0.0970171 0
0.103799 0.0970171 0
0.103799 0.0970171 0
0.103799 0.0970171 0
0.103799 0.0970171 0
0.103799 0.0970171 0
0.103799 0.0970171 0
0.103799 0.0970171 0
0.103799 0.0970171 0
0.103799 0.0970171 0
0.103799 0.0970171 0
0.103799 0.0970171 0
0.103799 0.0970171 0
0.103799 0.0970171 0
0.103799 0.0970171 0
0.103799 0.0970171 0
0.103799 0.0970171 0
0.103799 0.0970171 0
0.103799 0.0970171 0
0.103799 0.0970171 0
0.103799 0.0970171 0
0.103799 0.0970171 0
0.103799 0.0970171 0
0.103799 0.0970171 0
0.103799 0.0970171 0
0.103799 0.0970171 0
0.103799 0.0970171 0
0.103799 0.0970171 0
0.103799 0.0970171 0
0.103799 0.0970171 0
0.103799 0.0970171 0
0.103799 0.0970171 0
0.103799 0.0970171 0
0.103799 0.0970171 0
0.103799 0.0970171 0
0.103799 0.0970171 0
0.103799 0.0970171 0
0.103799 0.0970171 0
0.103799 0.0970171 0
0.103799 0.0970171 0
0.103799 0.0970171 0
0.103799 0.0970171 0
0.103799 0.0970171 0
0.103799 0.0970171 0
0.103799 0.0970171 0
0.103799 0.110812 0
0.103799 0.131299 0
0.103799 0.14645 0
0.103799 0.157987 0
0.103799 0.172731 0
0.103799 0.190857 0
0.103799 0.209128 0
0.103799 0.225631 0
0.103799 0.240823 0
0.103799 0.256805 0
0.103799 0.274279 0
0.103799 0.291739 0
0.103799 0.308016 0
0.103799 0.32352 0
0.103799 0.339141 0
0.103799 0.355064 0
0.103799 0.370705 0
0.103799 0.385547 0
0.103799 0.399452 0
0.103799 0.412589 0
0.104883 0.426058 0
0.106435 0.439283 0
0.10826 0.451823 0
0.109109 0.464269 0
0.11251 0.476794 0
0.115472 0.488534 0
0.116788 0.499574 0
0.118328 0.51043 0
0.120909 0.520925 0
0.123295 0.525866 0
0.124871 0.525625 0
0.125846 0.524903 0
0.12729 0.513028 0
0.123851 0.211232 0
0.123851 0.189867 0
0.123851 0.189867 0
0.123851 0.189867 0
0.123851 0.189867 0
0.123851 0.189867 0
0.123851 0.192189 0
0.123851 0.192189 0
0.123851 0.195906 0
0.123851 0.200149 0
0.123851 0.199922 0
0.13189 0.199367 0
0.130285 0.197976 0
0.129149 0.199794 0
0.12817 0.203037 0
0.128103 0.203744 0
0.12815 0.202541 0
0.127257 0.202408 0
0.127257 0.204783 0
0.127257 0.206996 0
0.127257 0.207224 0
0.127257 0.20683 0
0.127257 0.207388 0
0.127257 0.208769 0
0.127257 0.209709 0
0.127257 0.209859 0
0.127257 0.209852 0
0.127257 0.210147 0
0.127257 0.210598 0
0.127257 0.210852 0
0.127257 0.21082 0
0.127257 0.210666 0
0.127257 0.210535 0
0.127257 0.210444 0
0.127257 0.210292 0
0.127257 0.210002 0
0.127257 0.209613 0
0.127257 0.209215 0
0.127257 0.208832 0
0.127257 0.208408 0
0.127257 0.207908 0
0.127257 0.207358 0
0.127257 0.206802 0
0.127257 0.20625 0
0.127257 0.205679 0
0.127257 0.205083 0
0.127257 0.204481 0
0.127257 0.203895 0
0.127257 0.203334 0
0.127257 0.202789 0
0.127257 0.202259 0
0.127257 0.201755 0
0.127257 0.201286 0
0.127257 0.200858 0
0.127257 0.200474 0
0.127257 0.200135 0
0.127257 0.199846 0
0.127257 0.199613 0
0.127257 0.199441 0
0.127257 0.199334 0
0.127257 0.199293 0
0.127257 0.199329 0
0.127257 0.19945 0
0.127257 0.199653 0
0.127257 0.199937 0
0.127257 0.200298 0
0.127257 0.200734 0
0.127257 0.201238 0
0.127257 0.201805 0
0.127257 0.20243 0
0.127257 0.203109 0
0.127257 0.203874 0
0.127257 0.20469 0
0.127257 0.205454 0
0.127257 0.206282 0
0.127257 0.207234 0
0.127257 0.208158 0
0.127257 0.208999 0
0.127257 0.209864 0
0.127257 0.210786 0
0.127257 0.211685 0
0.127257 0.21253 0
0.127257 0.213324 0
0.127257 0.214054 0
0.127257 0.214723 0
0.127257 0.215329 0
0.127257 0.215852 0
0.127257 0.216276 0
0.127257 0.216604 0
0.127257 0.216842 0
0.127257 0.216941 0
0.127257 0.216893 0
0.127257 0.216742 0
0.127257 0.216511 0
0.127257 0.216212 0
0.127257 0.215838 0
0.127257 0.21496 0
0.127257 0.213772 0
0.127257 0.21225 0
0.127257 0.210474 0
0.127257 0.208566 0
0.127257 0.206648 0
0.127257 0.204874 0
0.127257 0.20337 0
0.127257 0.2022 0
0.127257 0.201443 0
0.127257 0.201186 0
0.127257 0.201606 0
0.127257 0.20284 0
0.127257 0.204901 0
0.127257 0.207787 0
0.127257 0.21154 0
0.127257 0.214734 0
0.127257 0.216357 0
0.127257 0.217403 0
0.127257 0.218183 0
0.127257 0.218789 0
0.127257 0.219544 0
0.127257 0.220626 0
0.127257 0.221861 0
0.127257 0.22296 0
0.127257 0.223884 0
0.127257 0.224875 0
0.127257 0.225995 0
0.127257 0.227062 0
0.127257 0.227965 0
0.127257 0.228749 0
0.127257 0.229456 0
0.127257 0.230004 0
0.127257 0.230364 0
0.127257 0.230563 0
0.127257 0.230481 0
0.127257 0.230182 0
0.127257 0.229766 0
0.127257 0.229302 0
0.127257 0.228734 0
0.127257 0.228126 0
0.127257 0.227572 0
0.127257 0.226376 0
0.127257 0.223924 0
0.127257 0.221381 0
0.127257 0.21815 0
0.127257 0.214672 0
0.127257 0.211066 0
0.127257 0.207051 0
0.127257 0.207051 0
0.127257 0.207051 0
