-7.59162e-06 -1.02254e-05 -2.37518e-06
-7.65439e-06 -1.02129e-05 -2.37874e-06
-7.7984e-06 -1.01828e-05 -2.38856e-06
-8.08563e-06 -1.01316e-05 -2.40073e-06
-8.40035e-06 -1.00838e-05 -2.40802e-06
-8.78699e-06 -1.00378e-05 -2.40728e-06
-9.23787e-06 -1.00017e-05 -2.39375e-06
-9.74519e-06 -9.98467e-06 -2.3621e-06
-1.03031e-05 -9.99534e-06 -2.30804e-06
-1.09083e-05 -1.00414e-05 -2.22826e-06
-1.15636e-05 -1.01288e-05 -2.12117e-06
-1.22809e-05 -1.02608e-05 -1.98733e-06
-1.30716e-05 -1.044e-05 -1.82874e-06
-1.39373e-05 -1.0671e-05 -1.64775e-06
-1.48808e-05 -1.09589e-05 -1.44755e-06
-1.59047e-05 -1.13052e-05 -1.23489e-06
-1.70031e-05 -1.17137e-05 -1.01569e-06
-1.81679e-05 -1.21877e-05 -7.98797e-07
-1.93911e-05 -1.27301e-05 -5.93221e-07
-2.06684e-05 -1.33412e-05 -4.10653e-07
-2.19939e-05 -1.40206e-05 -2.64414e-07
-2.33733e-05 -1.47647e-05 -1.67961e-07
-2.48246e-05 -1.55659e-05 -1.37382e-07
-2.63582e-05 -1.64183e-05 -1.89541e-07
-2.79902e-05 -1.73155e-05 -3.39968e-07
-2.97542e-05 -1.8247e-05 -6.04558e-07
-3.16697e-05 -1.92076e-05 -9.9709e-07
-3.37532e-05 -2.01952e-05 -1.5264e-06
-3.6042e-05 -2.12063e-05 -2.20468e-06
-3.85762e-05 -2.22389e-05 -3.03471e-06
-4.13754e-05 -2.32968e-05 -4.02149e-06
-4.44289e-05 -2.43964e-05 -5.15501e-06
-4.77036e-05 -2.5562e-05 -6.42468e-06
-5.11789e-05 -2.68166e-05 -7.81974e-06
-5.48717e-05 -2.81753e-05 -9.33165e-06
-5.88108e-05 -2.96512e-05 -1.09527e-05
-6.30072e-05 -3.12625e-05 -1.26733e-05
-6.74559e-05 -3.30309e-05 -1.44835e-05
-7.21448e-05 -3.49784e-05 -1.63752e-05
-7.70749e-05 -3.71229e-05 -1.83435e-05
-8.22712e-05 -3.94745e-05 -2.0389e-05
-8.77552e-05 -4.2042e-05 -2.25159e-05
-9.35019e-05 -4.48429e-05 -2.47278e-05
-9.94296e-05 -4.79037e-05 -2.70284e-05
-0.000105438 -5.12499e-05 -2.9426e-05
-0.00011147 -5.48899e-05 -3.19399e-05
-0.000117471 -5.88229e-05 -3.45985e-05
-0.000123353 -6.30489e-05 -3.74328e-05
-0.000129025 -6.7558e-05 -4.04821e-05
-0.000134397 -7.23294e-05 -4.3794e-05
-0.000140517 -7.86223e-05 -4.83821e-05
-0.000145774 -8.5209e-05 -5.35742e-05
-0.000149976 -9.19806e-05 -5.94953e-05
-0.000152986 -9.87929e-05 -6.62757e-05
-0.000154695 -0.000105475 -7.40421e-05
-0.00015493 -0.000111861 -8.28966e-05
-0.000153645 -0.000117746 -9.29235e-05
-0.00015095 -0.000122894 -0.000104183
-0.000146915 -0.000127095 -0.000116672
-0.00014155 -0.000130181 -0.000130321
-0.000134879 -0.000132012 -0.000144989
-0.000127049 -0.00013246 -0.000160468
-0.000118228 -0.00013144 -0.000176478
-0.000108568 -0.000128924 -0.000192655
-9.82968e-05 -0.000124918 -0.000208575
-8.76966e-05 -0.000119471 -0.000223759
-7.7018e-05 -0.000112691 -0.000237674
-6.65823e-05 -0.000104719 -0.000249762
-5.66719e-05 -9.57466e-05 -0.000259449
-4.74996e-05 -8.60196e-05 -0.000266163
-3.93497e-05 -7.57875e-05 -0.000269374
-3.24719e-05 -6.53217e-05 -0.000268602
-2.69809e-05 -5.49258e-05 -0.00026344
-2.29031e-05 -4.49071e-05 -0.000253578
-2.02094e-05 -3.5555e-05 -0.000238829
-1.88866e-05 -2.71095e-05 -0.000219155
-1.89022e-05 -1.97583e-05 -0.000194677
-2.01408e-05 -1.36559e-05 -0.000165674
-2.24678e-05 -8.85852e-06 -0.000132604
-2.57503e-05 -5.3793e-06 -9.60469e-05
-2.97889e-05 -3.15316e-06 -5.67464e-05
-3.42784e-05 -2.08624e-06 -1.55545e-05
-3.89572e-05 -2.03983e-06 2.60102e-05
-4.37196e-05 -2.73421e-06 6.73563e-05
-4.8401e-05 -3.92269e-06 0.000107635
-5.26589e-05 -5.36277e-06 0.000145742
-5.61533e-05 -6.81656e-06 0.000180716
-5.86854e-05 -8.03314e-06 0.000211668
-6.00782e-05 -8.77676e-06 0.000237766
-6.01625e-05 -8.85919e-06 0.00025837
-5.92429e-05 -8.34679e-06 0.000270545
-5.69103e-05 -6.87523e-06 0.000280076
-5.32683e-05 -4.42338e-06 0.000283144
-4.82595e-05 -1.0263e-06 0.000279791
-4.19602e-05 3.24665e-06 0.000270234
-3.45326e-05 8.27151e-06 0.000254883
-2.61571e-05 1.3877e-05 0.000234308
-1.704e-05 1.98366e-05 0.00020924
-7.43396e-06 2.58923e-05 0.000180523
2.37489e-06 3.17642e-05 0.000149089
1.21836e-05 3.71639e-05 0.000115928
2.17815e-05 4.18441e-05 8.20144e-05
3.10109e-05 4.55413e-05 4.83345e-05
3.97139e-05 4.80323e-05 1.58137e-05
4.77863e-05 4.91373e-05 -1.50032e-05
5.51739e-05 4.87272e-05 -4.31608e-05
6.1874e-05 4.67664e-05 -6.80712e-05
6.79332e-05 4.32814e-05 -8.91438e-05
7.34238e-05 3.83768e-05 -0.000106186
7.84061e-05 3.22534e-05 -0.000119064
8.29696e-05 2.51802e-05 -0.000127862
8.7229e-05 1.74919e-05 -0.000132785
9.12625e-05 9.58202e-06 -0.000134172
9.51539e-05 1.86283e-06 -0.000132464
9.90709e-05 -5.31588e-06 -0.000128178
0.000103219 -1.14376e-05 -0.000121804
0.000107737 -1.61336e-05 -0.000113839
0.000112625 -1.90166e-05 -0.000104812
0.000117819 -1.97668e-05 -9.51425e-05
0.00012324 -1.81484e-05 -8.51846e-05
0.000128737 -1.40116e-05 -7.51721e-05
0.000134194 -7.33065e-06 -6.52117e-05
0.000139635 1.70433e-06 -5.52817e-05
0.000145108 1.28358e-05 -4.5252e-05
0.000150698 2.57911e-05 -3.48111e-05
0.000156462 4.01541e-05 -2.36092e-05
0.000162344 5.54989e-05 -1.12793e-05
0.000168175 7.13774e-05 2.39225e-06
0.000173699 8.73671e-05 1.79006e-05
0.00017869 0.000103038 3.55718e-05
0.000182969 0.000117972 5.57184e-05
0.000186326 0.000131804 7.84559e-05
0.000188487 0.000144237 0.000103845
0.00018933 0.000155002 0.000131802
0.000188915 0.000163861 0.000162128
0.000187399 0.00017064 0.000194487
0.000185048 0.000175231 0.000228404
0.000182048 0.000177641 0.000263257
0.000178453 0.000178 0.000298288
0.000174314 0.000176518 0.000332643
0.000169673 0.00017347 0.000365403
0.000164541 0.000169185 0.000395619
0.000158916 0.000164012 0.000422358
0.000152826 0.000158293 0.000444744
0.000146368 0.000152326 0.000462006
0.000139705 0.000146354 0.000473505
0.000132963 0.00014057 0.000478756
0.00012623 0.000135112 0.000477445
0.000119579 0.000130046 0.000469446
0.000113041 0.000125374 0.000454824
0.000106523 0.000121052 0.000433823
9.98415e-05 0.000116984 0.000406862
9.28292e-05 0.000113005 0.000374527
8.53788e-05 0.00010888 0.000337557
7.74111e-05 0.000104328 0.000296803
6.88608e-05 9.90411e-05 0.000253193
5.97217e-05 9.27009e-05 0.000207697
4.99914e-05 8.50092e-05 0.000161284
3.96552e-05 7.57158e-05 0.000114872
2.87274e-05 6.46265e-05 6.93061e-05
1.72181e-05 5.1627e-05 2.53178e-05
5.08423e-06 3.66997e-05 -1.6894e-05
-7.88853e-06 1.9864e-05 -5.65832e-05
-2.13912e-05 1.28286e-06 -9.3446e-05
-3.52774e-05 -1.90956e-05 -0.000127233
-4.93434e-05 -4.05698e-05 -0.000158023
-6.3372e-05 -6.28872e-05 -0.000185755
-7.71529e-05 -8.55453e-05 -0.000210797
-9.03918e-05 -0.000108076 -0.000233412
-0.000102838 -0.000129976 -0.000254015
-0.000112112 -0.000146688 -0.000269327
-0.000120702 -0.000162394 -0.000283826
-0.000128558 -0.000176845 -0.00029771
-0.00013566 -0.00018981 -0.000311152
-0.000141992 -0.000201088 -0.000324288
-0.000147527 -0.000210521 -0.000337204
-0.000152266 -0.000217987 -0.000349939
-0.000156276 -0.000223396 -0.000362479
-0.000159608 -0.000226712 -0.000374755
-0.000162247 -0.000227965 -0.000386629
-0.000164177 -0.000227234 -0.00039791
-0.000165412 -0.000224635 -0.000408362
-0.000165981 -0.00022032 -0.000417711
-0.000165962 -0.000214469 -0.000425652
-0.000165482 -0.000207274 -0.000431868
-0.000164697 -0.000198949 -0.000436032
-0.000163773 -0.000189719 -0.000437819
-0.000162887 -0.00017982 -0.00043692
-0.000162192 -0.000169495 -0.000433048
-0.000161788 -0.000158998 -0.000425948
-0.000161751 -0.000148577 -0.000415413
-0.000162153 -0.000138461 -0.000401292
-0.000163059 -0.00012886 -0.000383505
-0.000164511 -0.000119957 -0.000362043
-0.000166544 -0.000111902 -0.00033698
-0.000169194 -0.000104808 -0.00030847
-0.000172498 -9.87485e-05 -0.000276755
-0.000176505 -9.37546e-05 -0.000242157
-0.000181232 -8.98261e-05 -0.000205073
-0.000186616 -8.69467e-05 -0.000165962
-0.000192547 -8.50766e-05 -0.000125343
-0.000198913 -8.41451e-05 -8.37863e-05
-0.000205594 -8.40574e-05 -4.19022e-05
-0.000212456 -8.47004e-05 -3.2453e-07
-0.000219345 -8.59785e-05 3.9615e-05
-0.000226141 -8.77032e-05 7.80244e-05
-0.000232778 -8.97357e-05 0.000114205
-0.000239251 -9.18942e-05 0.000147576
-0.000245508 -9.40345e-05 0.000177573
-0.000251459 -9.60342e-05 0.000203695
-0.000257038 -9.77884e-05 0.000225502
-0.000262218 -9.92094e-05 0.000242633
-0.000266994 -0.000100237 0.000254819
-0.000271396 -0.000100839 0.000261877
-0.000275501 -0.000101011 0.000263723
-0.00027941 -0.000100779 0.000260363
-0.000283182 -0.000100219 0.000251907
-0.000286824 -9.94526e-05 0.000238562
-0.000290349 -9.86329e-05 0.000220618
-0.000293773 -9.79346e-05 0.000198439
-0.000297122 -9.75496e-05 0.000172454
-0.000300435 -9.76757e-05 0.000143137
-0.000303763 -9.85105e-05 0.000111001
-0.000307149 -0.000100247 7.65771e-05
-0.000306317 -0.000103919 4.0651e-05
-0.00030444 -0.000109801 4.02927e-06
-0.000304176 -0.000115428 -3.50099e-05
-0.000304042 -0.000123002 -7.38042e-05
-0.000304981 -0.000131396 -0.000112843
-0.000306786 -0.000141009 -0.000151459
-0.000309561 -0.000151629 -0.000189412
-0.000313026 -0.00016325 -0.000226448
-0.000316138 -0.000176096 -0.000262096
-0.000318972 -0.000189935 -0.000296238
-0.000321396 -0.000204609 -0.000328752
-0.000323321 -0.00021992 -0.000359544
-0.000324653 -0.00023563 -0.000388603
-0.000325297 -0.000251468 -0.000415947
-0.000325147 -0.000267139 -0.000441639
-0.000324097 -0.000282346 -0.000465755
-0.00032205 -0.000296778 -0.000488398
-0.000318926 -0.000310122 -0.000509678
-0.000314674 -0.000322072 -0.000539777
-0.000309369 -0.000331694 -0.00084076
-0.000302957 -0.00033879 -0.00120953
-0.000295012 -0.000344557 -0.00150182
-0.00028583 -0.000347514 -0.00180866
-0.000275261 -0.000348207 -0.00209939
-0.000263409 -0.000346328 -0.00237488
-0.000250347 -0.000341781 -0.00263736
-0.000236076 -0.000334689 -0.00287537
-0.000220686 -0.000325049 -0.0030899
-0.000204281 -0.000313004 -0.00327675
-0.000186988 -0.000298713 -0.00342953
-0.00016892 -0.000282383 -0.00354016
-0.000150181 -0.000264278 -0.00359872
-0.000130906 -0.000244661 -0.00360327
-0.000111277 -0.000223653 -0.0035985
-9.14367e-05 -0.000201557 -0.00358945
-7.14721e-05 -0.000178712 -0.00357581
-5.14977e-05 -0.000155388 -0.00355724
-3.1627e-05 -0.000131885 -0.00353343
-1.20009e-05 -0.000108443 -0.00350422
7.16915e-06 -8.53207e-05 -0.00346947
2.55583e-05 -6.27451e-05 -0.00342918
4.2714e-05 -4.05694e-05 -0.00338359
5.94291e-05 -1.92774e-05 -0.00333277
7.54404e-05 1.13491e-06 -0.00327709
9.07568e-05 2.03842e-05 -0.00321709
0.000105385 3.87155e-05 -0.00315308
0.000119186 5.61933e-05 -0.00308614
0.000132156 7.24274e-05 -0.00279595
0.000144257 8.72844e-05 -0.00241971
0.000155128 0.00010225 -0.00204333
0.000165079 0.000116291 -0.00165877
0.000173917 0.000130194 -0.00127615
0.000181714 0.000143756 -0.000896633
0.000188444 0.000157183 -0.000524745
0.000194201 0.000170512 -0.000163809
0.000199156 0.000183749 0.000183167
0.000203485 0.000196889 0.000510812
0.000207601 0.000208719 0.00131467
0.000211787 0.000218528 0.00238471
0.000215228 0.000230244 0.00322748
0.000218763 0.00024062 0.00406243
0.000222162 0.000251045 0.00482319
0.000225534 0.000261142 0.00550298
0.000229022 0.000270564 0.0061124
0.000232581 0.000279517 0.00662936
0.000236299 0.000287714 0.00706744
0.000240165 0.000295126 0.00743171
0.000244194 0.000301663 0.00772305
0.000248375 0.00030724 0.00793996
0.000252557 0.000311852 0.00807787
0.000256546 0.000315492 0.00813722
0.000260497 0.000318067 0.00813861
0.000264405 0.000319347 0.00813321
0.00026826 0.000319363 0.00812363
0.000272052 0.000318148 0.00811017
0.000275846 0.00031568 0.00809299
0.00027969 0.000311997 0.00807223
0.000283637 0.000307126 0.0080481
0.000287707 0.000301136 0.0080208
0.000291897 0.000294118 0.00799055
0.000296196 0.000286178 0.00795761
0.000300584 0.000277436 0.00792221
0.000305002 0.000268029 0.00788463
0.000309372 0.000258107 0.00784511
0.000313648 0.000247818 0.00780396
0.000317825 0.000237301 0.0077615
0.000321908 0.000226689 0.00771804
0.000325884 0.000216115 0.00767392
0.000329734 0.000205705 0.0076295
0.000333348 0.000195609 0.00758595
0.000333455 0.000187548 0.0071558
0.000332627 0.000180582 0.00670519
0.000332646 0.000172862 0.0062742
0.000332366 0.000166275 0.00584546
0.000332343 0.000159658 0.0054377
0.000332314 0.000153575 0.00504739
0.000332341 0.000147851 0.00467901
0.000332389 0.000142498 0.00433561
0.000332407 0.000137562 0.00401802
0.000332382 0.000133024 0.00372924
0.000332294 0.000128906 0.0034712
0.000332134 0.000125203 0.00324614
0.00033189 0.000121926 0.0030555
0.00033155 0.000119089 0.00290026
0.000331113 0.000116705 0.00278121
0.000330582 0.000114789 0.00269907
0.000329967 0.000113354 0.00265435
0.000329282 0.000112416 0.00264581
0.000328533 0.000112056 0.00264913
0.000327729 0.000112346 0.00265602
0.000326917 0.000113251 0.00266644
0.000326119 0.000114818 0.00268021
0.000325381 0.000117045 0.00269716
0.000324741 0.00011995 0.00271709
0.000324243 0.000123541 0.00273975
0.000323931 0.000127824 0.0027649
0.000323846 0.000132801 0.00279226
0.00032403 0.000138466 0.00282154
0.000324518 0.000144811 0.00285243
0.000325348 0.000151818 0.00290074
0.000326644 0.000158936 0.00311598
0.000328181 0.000166633 0.00333333
0.000329601 0.000175208 0.00355452
0.000331071 0.000184164 0.00377911
0.0003324 0.000193785 0.00400333
0.000333592 0.000203797 0.00422761
0.00033456 0.000214201 0.00444998
0.000335268 0.000224854 0.00466982
0.000335662 0.00023564 0.0048863
0.000335678 0.000246429 0.0050986
0.000335255 0.000257077 0.00530604
0.000334337 0.000267442 0.0055079
0.000332883 0.000277373 0.00570362
0.000330857 0.000286719 0.00589264
0.000328225 0.000295331 0.00607441
0.000324954 0.000303069 0.00624833
0.000321015 0.000309805 0.00641375
0.000316386 0.000315423 0.00656995
0.000311061 0.000319822 0.00671617
0.000305058 0.000322912 0.00685159
0.00029841 0.00032462 0.00697529
0.000291165 0.000324897 0.00708624
0.000283377 0.000323714 0.00718333
0.000275098 0.000321069 0.00726535
0.000266359 0.000316988 0.00733104
0.000257192 0.000311521 0.00737907
0.000247633 0.000304735 0.00740809
0.00023774 0.000296714 0.00741669
0.000227597 0.000287526 0.00741441
0.000217315 0.000277225 0.00740873
0.000206985 0.000265954 0.00739939
0.000196705 0.000253812 0.0073863
0.000186556 0.00024093 0.00736936
0.000176563 0.000227446 0.00734852
0.000166678 0.000213513 0.00732377
0.000156851 0.000199276 0.00729515
0.000147051 0.000184862 0.00726276
0.000137272 0.000170377 0.00722675
0.000127524 0.000155905 0.00718733
0.000117784 0.000141519 0.00714478
0.000107971 0.000127285 0.00709939
9.80272e-05 0.000113243 0.00705156
8.79801e-05 9.93895e-05 0.00700169
7.78728e-05 8.56905e-05 0.00695124
6.75639e-05 7.29153e-05 0.00658503
5.68786e-05 6.13586e-05 0.00603372
4.6239e-05 4.87378e-05 0.00551277
3.50721e-05 3.69548e-05 0.00497084
2.36182e-05 2.48268e-05 0.00443928
1.17395e-05 1.27676e-05 0.0039126
9.2321e-07 2.84989e-07 0.00339753
-9.53823e-06 -1.30236e-05 0.00290025
-2.05642e-05 -2.61839e-05 0.00241603
-3.20498e-05 -3.9716e-05 0.00195269
-4.39133e-05 -5.33622e-05 0.00151086
-5.61721e-05 -6.71913e-05 0.00109342
-6.88385e-05 -8.11691e-05 0.000702668
-8.19406e-05 -9.52483e-05 0.000339451
-9.54919e-05 -0.000109387 4.95649e-06
-0.0001095 -0.000123513 -0.000300319
-0.000123959 -0.000137565 -0.000575684
-0.00013886 -0.000151474 -0.000820881
-0.000154191 -0.000165168 -0.00103612
-0.000169911 -0.000178574 -0.00122194
-0.000185941 -0.000191631 -0.00137905
-0.000202186 -0.00020428 -0.00150828
-0.000218549 -0.000216464 -0.00161062
-0.000234936 -0.00022813 -0.00168729
-0.000251235 -0.00023923 -0.00173971
-0.00026731 -0.000249725 -0.00176943
-0.000283007 -0.000259581 -0.00177805
-0.000298209 -0.000268751 -0.00177677
-0.000312835 -0.000277145 -0.00177381
-0.000326789 -0.000284767 -0.00176924
-0.000339988 -0.000291575 -0.0017633
-0.000352379 -0.000297545 -0.00175619
-0.000363942 -0.000302647 -0.00174812
-0.000374648 -0.000306863 -0.00173928
-0.000384445 -0.000310193 -0.00172987
-0.000393298 -0.000312639 -0.00172007
-0.00040119 -0.000314211 -0.00171003
-0.000407932 -0.000314963 -0.0016999
-0.00041017 -0.000315498 -0.00168965
-0.000411484 -0.000315496 -0.00167938
-0.000412123 -0.000314191 -0.0016698
-0.000411861 -0.000312198 -0.00166049
-0.000410856 -0.000309227 -0.00165181
-0.000409078 -0.000305443 -0.00164369
-0.000406557 -0.000300864 -0.00163617
-0.000403352 -0.000295547 -0.00162926
-0.000399534 -0.00028958 -0.00162289
-0.000395182 -0.000283044 -0.00161701
-0.000390383 -0.000276032 -0.00161152
-0.000385231 -0.000268643 -0.00160634
-0.00037983 -0.000260983 -0.00160134
-0.000374286 -0.000253162 -0.0015964
-0.000368707 -0.000245287 -0.0015914
-0.000363197 -0.000237466 -0.00158621
-0.000357757 -0.000229823 -0.00158071
-0.000352123 -0.000222538 -0.00157477
-0.000346481 -0.000215675 -0.0015683
-0.000340928 -0.000209292 -0.00156125
-0.000335549 -0.000203445 -0.00155358
-0.000330409 -0.00019817 -0.00154529
-0.000325559 -0.000193493 -0.00153638
-0.00032103 -0.000189425 -0.00152689
-0.000316838 -0.000185964 -0.0015169
-0.000312996 -0.000183093 -0.0015065
-0.000309528 -0.000180778 -0.0014958
-0.00030645 -0.000178972 -0.00148495
-0.000303753 -0.000177626 -0.00147408
-0.000301415 -0.000176686 -0.00146336
-0.000299416 -0.000176088 -0.00145295
-0.000297738 -0.00017577 -0.00144303
-0.000296353 -0.000175665 -0.00143375
-0.000295216 -0.000175717 -0.00142529
-0.000294246 -0.000175879 -0.00141777
-0.000293331 -0.000176114 -0.00141134
-0.000292366 -0.000176391 -0.00140609
-0.000291277 -0.000176673 -0.00140214
-0.000289984 -0.000176933 -0.00139955
-0.000288342 -0.000177162 -0.00139836
-0.000286196 -0.000177359 -0.00139861
-0.000283496 -0.000177498 -0.00140031
-0.000280255 -0.000177544 -0.00140345
-0.000276473 -0.000177469 -0.00140801
-0.000272114 -0.000177256 -0.00141393
-0.000267135 -0.000176894 -0.00142112
-0.000261513 -0.00017637 -0.0014295
-0.000255255 -0.000175666 -0.00143895
-0.000248415 -0.000174757 -0.00144933
-0.000241072 -0.000173616 -0.00146051
-0.000233328 -0.000172218 -0.00147232
-0.000225306 -0.000170536 -0.00148458
-0.000217123 -0.000168552 -0.00149711
-0.000208881 -0.000166263 -0.00150971
-0.000200627 -0.000163682 -0.00152215
-0.000192318 -0.00016085 -0.0015342
-0.000183873 -0.000157822 -0.00154563
-0.000175314 -0.000154628 -0.00155623
-0.000166744 -0.000151278 -0.00156578
-0.000158151 -0.000147806 -0.0015741
-0.00014941 -0.00014427 -0.00158099
-0.000140475 -0.0001407 -0.0015863
-0.000131389 -0.000137092 -0.00158989
-0.000122144 -0.000133445 -0.00159167
-0.00011268 -0.000129762 -0.00159157
-0.00010294 -0.000126028 -0.00158954
-9.28974e-05 -0.000122208 -0.00158558
-8.25309e-05 -0.000118256 -0.00157971
-7.17848e-05 -0.000114122 -0.00157199
-6.05956e-05 -0.000109747 -0.0015625
-4.89315e-05 -0.000105058 -0.00155135
-3.67923e-05 -9.99654e-05 -0.00153866
-2.81296e-05 -9.35064e-05 -0.00152484
-1.82714e-05 -8.66343e-05 -0.00150987
-8.57157e-06 -7.92504e-05 -0.00149342
1.57025e-06 -7.12052e-05 -0.00147616
1.19966e-05 -6.26775e-05 -0.00145778
2.28872e-05 -5.35163e-05 -0.00143866
3.42601e-05 -4.38008e-05 -0.00141878
4.61101e-05 -3.34991e-05 -0.00139829
5.84031e-05 -2.26174e-05 -0.00137731
7.10832e-05 -1.11992e-05 -0.00135597
8.41188e-05 7.26339e-07 -0.00131434
9.75537e-05 1.25048e-05 -0.0011092
0.000111311 2.47587e-05 -0.000910287
0.000125199 3.7654e-05 -0.000711284
0.000139339 5.0717e-05 -0.000506873
0.000153541 6.42401e-05 -0.000302245
0.000167828 7.79425e-05 -9.38615e-05
0.000182098 9.18543e-05 0.000116825
0.000196311 0.000105868 0.00033059
0.000210417 0.000119906 0.000547954
0.000224342 0.000133899 0.000769077
0.000237981 0.000147774 0.000994198
0.000251242 0.000161468 0.00122321
0.000264085 0.000174904 0.00145619
0.000276472 0.000188006 0.00169316
0.000288339 0.000200713 0.00193403
0.000299609 0.000212971 0.00217853
0.000310213 0.000224734 0.00242618
0.000320106 0.000235954 0.00267637
0.000329277 0.000246587 0.00292841
0.00033772 0.000256592 0.00318156
0.000345397 0.000265945 0.00343483
0.000352276 0.000274632 0.0036871
0.000358381 0.000282631 0.00393713
0.000363766 0.000289921 0.00418362
0.000368489 0.000296493 0.00442516
0.000372587 0.000302348 0.00466026
0.000376078 0.000307502 0.00488729
0.00037898 0.000311977 0.00510457
0.00038132 0.000315801 0.0053104
0.000383129 0.000319003 0.00550308
0.000384433 0.000321619 0.00568095
0.000385259 0.000323684 0.00584241
0.000385639 0.000325233 0.00598596
0.00038531 0.000326338 0.0061102
0.000384278 0.000327098 0.00621361
0.000383332 0.00032728 0.00629533
0.00038222 0.000327013 0.00635548
0.0003806 0.000326388 0.00639183
0.000378482 0.000325419 0.00640466
0.00037587 0.000324086 0.00640313
0.000372782 0.000322323 0.0063991
0.000369215 0.000320149 0.00639247
0.000365172 0.000317527 0.00638336
0.000360652 0.000314428 0.00637186
0.000355656 0.000310817 0.0063581
0.000350175 0.000306653 0.00634224
0.000344172 0.000301905 0.00632444
0.000337604 0.00029654 0.0063049
0.000330443 0.000290522 0.00628381
0.000322678 0.000283813 0.00626139
0.000314295 0.000276383 0.00623785
0.000305275 0.000268209 0.0062134
0.000295599 0.000259277 0.00618825
0.000285256 0.000249579 0.0061626
0.000274254 0.000239115 0.00613664
0.000262614 0.000227893 0.00611054
0.000250348 0.000215937 0.00608445
0.000237465 0.000203284 0.00605853
0.000223986 0.000189982 0.00603287
0.000209958 0.000176083 0.00600758
0.000195458 0.000161649 0.00598272
0.000180559 0.000146746 0.00595984
0.00016528 0.000131848 0.00580314
0.000149666 0.000117019 0.00557466
0.000133975 0.000101554 0.00536151
0.000118022 8.63061e-05 0.00514426
0.000101928 7.09701e-05 0.00493194
8.5741e-05 5.58317e-05 0.00472048
6.96537e-05 4.09085e-05 0.00451038
5.38287e-05 2.62702e-05 0.00430109
3.83494e-05 1.20209e-05 0.00409133
2.32642e-05 -1.77236e-06 0.00388084
8.5589e-06 -1.51898e-05 0.0036683
-5.70207e-06 -2.79701e-05 0.00345495
-1.97457e-05 -4.01336e-05 0.00324017
-3.3203e-05 -5.15635e-05 0.0030247
-4.54011e-05 -6.23447e-05 0.00280828
-5.46504e-05 -7.3046e-05 0.00259479
-6.37993e-05 -8.2512e-05 0.00237926
-7.22542e-05 -9.12738e-05 0.00216462
-8.00681e-05 -9.911e-05 0.00195218
-8.71989e-05 -0.000106066 0.00174145
-9.3659e-05 -0.000112166 0.0015348
-9.94888e-05 -0.000117421 0.00133284
-0.00010472 -0.000121884 0.00113753
-0.000109411 -0.00012559 0.000950248
-0.00011363 -0.000128592 0.000772669
-0.000117443 -0.000130954 0.000606502
-0.000120909 -0.000132746 0.00045345
-0.000124091 -0.000134043 0.000315222
-0.00012707 -0.000134918 0.000193439
-0.00012994 -0.00013544 8.96051e-05
-0.000132793 -0.00013568 5.07074e-06
-0.000135706 -0.000135707 -5.8972e-05
-0.000138743 -0.00013559 -0.00010151
-0.000141966 -0.000135392 -0.000121752
-0.000145439 -0.000135166 -0.000122701
-0.000149236 -0.000134897 -0.000119773
-0.000153413 -0.00013463 -0.000114377
-0.000158001 -0.000134413 -0.0001066
-0.000163025 -0.000134263 -9.6529e-05
-0.000168485 -0.000134211 -8.42806e-05
-0.000174375 -0.00013427 -7.00178e-05
-0.000180667 -0.000134456 -5.39326e-05
-0.000187307 -0.00013478 -3.62485e-05
-0.000194211 -0.000135249 -1.72123e-05
-0.000201308 -0.000135863 2.90452e-06
-0.000208561 -0.000136602 2.38069e-05
-0.000215932 -0.000137444 4.51837e-05
-0.000223357 -0.00013837 6.67171e-05
-0.000230766 -0.000139357 8.80857e-05
-0.000238106 -0.000140378 0.000108969
-0.000245325 -0.000141408 0.000129052
-0.000252351 -0.000142428 0.000148039
-0.00025911 -0.000143424 0.000165647
-0.000265564 -0.00014438 0.000181615
-0.000271677 -0.000145282 0.000195709
-0.000277388 -0.000146134 0.000207728
-0.000282626 -0.000146951 0.000235491
-0.000287332 -0.000147915 0.000311362
-0.000291559 -0.000148717 0.000355818
-0.000295317 -0.000149515 0.000378277
-0.000298589 -0.00015029 0.000380889
-0.000301377 -0.000151091 0.000378406
-0.000303639 -0.000151989 0.000373676
-0.000305418 -0.00015298 0.000354833
-0.000306749 -0.000154029 0.000299739
-0.000307635 -0.000155287 0.000234374
-0.000308081 -0.000156752 0.000157228
-0.000308134 -0.000158456 6.97986e-05
-0.000307862 -0.000160431 -2.7028e-05
-0.000307351 -0.000162678 -0.000132267
-0.000306648 -0.000165223 -0.000244731
-0.000305698 -0.000168094 -0.000363279
-0.000304491 -0.000171315 -0.000486674
-0.000303083 -0.000174869 -0.000613808
-0.000301494 -0.000178751 -0.000743529
-0.000299719 -0.000182945 -0.000874703
-0.000297753 -0.000187427 -0.00100625
-0.00029562 -0.000192153 -0.00113717
-0.000293342 -0.00019707 -0.0012665
-0.000290916 -0.000202125 -0.00139337
-0.000288326 -0.000207254 -0.00151693
-0.000285555 -0.000212389 -0.00163644
-0.000282591 -0.000217452 -0.00175119
-0.000279413 -0.000222364 -0.00186058
-0.00027599 -0.000227045 -0.00196402
-0.000272282 -0.000231414 -0.00206101
-0.00026825 -0.000235388 -0.00215106
-0.000263856 -0.000238887 -0.00223377
-0.000259061 -0.000241831 -0.00230873
-0.000253829 -0.000244146 -0.0023756
-0.000248134 -0.000245759 -0.00243405
-0.000241961 -0.000246602 -0.00248376
-0.000235293 -0.000246615 -0.00252443
-0.000228098 -0.000245753 -0.00255576
-0.000220338 -0.000243978 -0.00257744
-0.000211984 -0.000241265 -0.00258917
-0.000203014 -0.000237594 -0.00259105
-0.000193427 -0.000232934 -0.00258932
-0.000183228 -0.000227271 -0.00258565
-0.000172392 -0.000220627 -0.00257997
-0.000160864 -0.000213023 -0.00257227
-0.000148594 -0.000204497 -0.00256251
-0.000135611 -0.000195067 -0.00255067
-0.000121999 -0.000184749 -0.00253676
-0.000107826 -0.000173567 -0.00252078
-9.31209e-05 -0.000161561 -0.00250275
-7.78853e-05 -0.000148782 -0.0024827
-6.21033e-05 -0.000135288 -0.00246067
-4.57708e-05 -0.000121137 -0.00243671
-3.11708e-05 -0.000105965 -0.00241099
-1.67281e-05 -8.98792e-05 -0.00238378
-1.99937e-06 -7.3666e-05 -0.00235448
1.28094e-05 -5.69851e-05 -0.00232374
2.78245e-05 -4.01332e-05 -0.00229128
4.29876e-05 -2.30618e-05 -0.00225749
5.82971e-05 -5.93572e-06 -0.00222243
7.37102e-05 1.09465e-05 -0.00214988
8.94114e-05 2.67805e-05 -0.00178172
0.000105136 4.25937e-05 -0.00142769
0.000120617 5.85787e-05 -0.00106453
0.00013612 7.40201e-05 -0.000690033
0.000151369 8.95035e-05 -0.000313753
0.000166513 0.0001046 6.90304e-05
0.000181476 0.000119484 0.000453427
0.000196303 0.000134065 0.000839124
0.000211013 0.000148341 0.00122486
0.000225628 0.00016231 0.00160881
0.000240168 0.000175963 0.00198935
0.000254654 0.000189316 0.00236426
0.000269101 0.000202382 0.00273175
0.000283522 0.000215179 0.00309014
0.000297924 0.000227729 0.00343783
0.000312318 0.000240053 0.00377315
0.00032671 0.000252174 0.00409439
0.000341105 0.000264117 0.00439997
0.000355502 0.0002759 0.00468858
0.000369277 0.000287639 0.00495909
0.000375605 0.000300947 0.00520514
0.000383198 0.000313674 0.00543124
0.000390443 0.00032584 0.00564393
0.000397569 0.000337677 0.00583447
0.000404496 0.000348801 0.00601025
0.000410334 0.0003591 0.0061685
0.000416361 0.000367578 0.00631476
0.000421022 0.000375614 0.00644111
0.000425672 0.000382906 0.00654992
0.000430016 0.000389418 0.00664418
0.0004339 0.000395167 0.00671963
0.000482449 0.000399943 0.00677811
0.000655618 0.000402459 0.00682559
0.000797237 0.000404701 0.00685824
0.000879247 0.00040718 0.00686265
0.000973937 0.000408145 0.00686173
0.00105192 0.000408559 0.00685882
0.00109727 0.000408662 0.0068538
0.00113901 0.000407843 0.00684718
0.00116715 0.000406408 0.00683881
0.00117166 0.000404545 0.00682864
0.0011715 0.000401974 0.00681697
0.001171 0.000398722 0.00680391
0.00117017 0.000394848 0.00678951
0.00116901 0.000390374 0.00677392
0.00116755 0.000385334 0.00675724
0.00116582 0.000379771 0.0067396
0.00116382 0.000373756 0.00672109
0.0011616 0.000367339 0.00670186
0.00115917 0.000360569 0.00668202
0.00115657 0.000353506 0.00666169
0.00115382 0.000346215 0.006641
0.00115095 0.000338753 0.00662007
0.00114793 0.000331192 0.00659903
0.00114429 0.000323699 0.00657796
0.00114009 0.000316325 0.006557
0.00113533 0.000309088 0.0065363
0.00113005 0.000302028 0.00651599
0.00112423 0.000295158 0.00649624
0.00111791 0.000288488 0.00647718
0.00111106 0.000282019 0.00645897
0.0011037 0.000275745 0.00644175
0.00109585 0.000269647 0.00642566
0.00108752 0.000263699 0.00641083
0.00107873 0.00025788 0.00639733
0.00106941 0.000252168 0.00638523
0.00105952 0.00024664 0.00635196
0.00104903 0.000241397 0.00625894
0.00103803 0.000235981 0.00619004
0.00102647 0.000230601 0.00613371
0.00101433 0.000225164 0.00609332
0.00100162 0.000219635 0.00606835
0.000988326 0.000214019 0.00605793
0.000974491 0.000208263 0.00605818
0.000960152 0.000202393 0.00606003
0.000945391 0.000196359 0.00606319
0.000930279 0.00019014 0.00606749
0.000914842 0.000183731 0.00607278
0.000899093 0.000177121 0.00608814
0.000883049 0.000170285 0.00611015
0.000866729 0.000163295 0.00613323
0.000850196 0.000156125 0.00615691
0.000833501 0.000148798 0.00618055
0.000812453 0.000139441 0.00620902
0.000791248 0.000129902 0.00623497
0.000769984 0.000120208 0.0062571
0.000749342 0.000110288 0.0062742
0.000736695 9.83654e-05 0.00628741
0.000708832 8.75106e-05 0.00629111
0.000675624 7.66348e-05 0.00628961
0.00064327 6.6264e-05 0.00628486
0.000612523 5.62984e-05 0.00627694
0.000583584 4.6871e-05 0.00626556
0.000556331 3.80011e-05 0.00625071
0.000530756 2.97502e-05 0.00623441
0.000506583 2.24173e-05 0.00605413
0.000483755 1.5542e-05 0.00582718
0.000462043 9.06228e-06 0.00557329
0.000441066 2.79344e-06 0.00529812
0.000420436 -3.36398e-06 0.00500516
0.000399684 -9.7109e-06 0.00469818
0.000378346 -1.629e-05 0.00438217
0.000355904 -2.33124e-05 0.00406096
0.000331919 -3.0932e-05 0.00373965
0.000306013 -3.9307e-05 0.00342241
0.000277869 -4.85858e-05 0.00311313
0.000247232 -5.88881e-05 0.00281518
0.000213922 -7.03026e-05 0.00253139
0.000177809 -8.28819e-05 0.002264
0.000138822 -9.66372e-05 0.00201436
9.69771e-05 -0.000111542 0.00178307
5.23727e-05 -0.000127532 0.00156996
5.28786e-06 -0.000144517 0.00137422
-4.3807e-05 -0.000162384 0.00119434
-9.44603e-05 -0.00018098 0.00102816
-0.000146228 -0.000200116 0.000872927
-0.000198567 -0.000219592 0.000725553
-0.000250872 -0.00023919 0.00058267
-0.00029864 -0.000259035 0.000441071
-0.000335236 -0.000279566 0.000301287
-0.000372024 -0.000298829 0.000151357
-0.000405499 -0.000317301 -8.11782e-06
-0.000433846 -0.000333698 -0.000185656
-0.000799351 -0.000345682 -0.000389252
-0.00137855 -0.000353438 -0.000632845
-0.00168837 -0.000364212 -0.000858234
-0.00200514 -0.00037184 -0.00110691
-0.00225032 -0.000379048 -0.00135886
-0.00238758 -0.000385896 -0.00161049
-0.00250419 -0.000391038 -0.00186932
-0.00253485 -0.00039584 -0.00212184
-0.00253436 -0.000399477 -0.00237043
-0.00252715 -0.000305861 -0.00259628
-0.00250696 -0.000322983 -0.00255535
-0.00250693 -0.000323533 -0.00258561
-0.00250651 -0.000335762 -0.00259301
-0.00251489 -0.000341218 -0.00278057
-0.00251864 -0.000348378 -0.00288797
-0.00252498 -0.000357656 -0.00296075
-0.00254102 -0.000368913 -0.00303511
-0.00292398 -0.000379142 -0.00307717
-0.00335135 -0.000388097 -0.00310356
-0.00373219 -0.00039912 -0.00310247
-0.00419436 -0.000410817 -0.00310288
-0.00462442 -0.000423206 -0.0031014
-0.00504189 -0.000434695 -0.00310035
-0.00545646 -0.000589699 -0.00309985
-0.00577208 -0.00117737 -0.00309322
-0.00608702 -0.00167198 -0.00309255
-0.0064442 -0.00206092 -0.00309562
-0.00673057 -0.00250639 -0.00309959
-0.00703358 -0.00289162 -0.00314848
-0.007315 -0.00323003 -0.0032867
-0.00754664 -0.00355406 -0.00343178
-0.00773335 -0.00383342 -0.0036245
-0.00788417 -0.00408589 -0.0040963
-0.00800027 -0.00429705 -0.00467261
-0.00806922 -0.00448861 -0.00530209
-0.00809115 -0.00466072 -0.00589495
-0.00809028 -0.00481376 -0.00651531
-0.00808816 -0.00494106 -0.00717352
-0.00808468 -0.00504555 -0.00786898
-0.00807981 -0.00513543 -0.00858684
-0.00807363 -0.00520972 -0.00931893
-0.00806618 -0.00527158 -0.0100548
-0.00805749 -0.0053215 -0.0107895
-0.00804764 -0.0053595 -0.0115171
-0.00803666 -0.00538609 -0.0122271
-0.0080246 -0.00539969 -0.0129115
-0.00801154 -0.00540097 -0.0135654
-0.00799746 -0.00540047 -0.0141802
-0.00798244 -0.00539947 -0.0147493
-0.00796672 -0.00539784 -0.015267
-0.00795064 -0.00539543 -0.0157283
-0.0079344 -0.00539223 -0.0161297
-0.00791815 -0.00538844 -0.0164694
-0.00790194 -0.00538399 -0.0167451
-0.00788577 -0.00537876 -0.0169482
-0.00786962 -0.00537253 -0.0170754
-0.00785342 -0.00536532 -0.0171208
-0.00783715 -0.00535709 -0.0171182
-0.00782088 -0.00534761 -0.0171111
-0.00780466 -0.00533701 -0.0170992
-0.00778871 -0.00532519 -0.0170825
-0.00777783 -0.0053108 -0.0170615
-0.00776582 -0.00529584 -0.0170354
-0.00775404 -0.00527963 -0.0170046
-0.00774222 -0.00526262 -0.016969
-0.00773048 -0.0052447 -0.0169289
-0.00771933 -0.00522606 -0.0168846
-0.00770819 -0.00520718 -0.0168363
-0.00769743 -0.0051875 -0.0167846
-0.00768678 -0.00516742 -0.0167295
-0.00767625 -0.00514698 -0.0166718
-0.00766587 -0.00512633 -0.0166118
-0.00765558 -0.00510566 -0.0162875
-0.00764478 -0.00508732 -0.0152397
-0.00751249 -0.00506853 -0.0143991
-0.00735634 -0.00505115 -0.0135068
-0.00720342 -0.00503322 -0.012635
-0.0070527 -0.00501596 -0.0117411
-0.00690638 -0.00499884 -0.0108601
-0.00675834 -0.00498229 -0.00998192
-0.00661403 -0.00496594 -0.00912043
-0.00646897 -0.00491996 -0.0082737
-0.00634086 -0.00475856 -0.00748489
-0.00620133 -0.00461693 -0.00670646
-0.0060677 -0.00447278 -0.00596943
-0.00592937 -0.00433411 -0.00526698
-0.00579019 -0.00419812 -0.00460386
-0.00564836 -0.00406515 -0.00398737
-0.00550321 -0.00393372 -0.00341701
-0.00535396 -0.0038042 -0.00289463
-0.00520212 -0.00367714 -0.00242445
-0.00504763 -0.00355417 -0.002007
-0.00489116 -0.00343499 -0.00164358
-0.00472434 -0.00330111 -0.0013219
-0.00455369 -0.00316857 -0.00103868
-0.00438645 -0.0030421 -0.000815047
-0.00422012 -0.00292693 -0.0006333
-0.00406063 -0.00281859 -0.000503727
-0.00390472 -0.00272194 -0.000413416
-0.00375688 -0.00263592 -0.000365003
-0.00361779 -0.00256221 -0.000353843
-0.00348781 -0.00250123 -0.000355792
-0.00336725 -0.00245416 -0.000360043
-0.00325808 -0.00242034 -0.000366497
-0.00316018 -0.00240018 -0.000374901
-0.00307339 -0.00239312 -0.000385079
-0.00299748 -0.00239377 -0.00039688
-0.00293308 -0.0023956 -0.000410262
-0.00287836 -0.00239859 -0.000424973
-0.00283191 -0.00240261 -0.000440897
-0.00279186 -0.00240751 -0.00045787
-0.00275699 -0.00241314 -0.000475774
-0.00272556 -0.00241931 -0.00049448
-0.00269556 -0.00242583 -0.000513873
-0.00266493 -0.0024325 -0.000533829
-0.00263186 -0.00243912 -0.000554222
-0.00259486 -0.00244548 -0.000574917
-0.00255241 -0.00245138 -0.000595759
-0.00250291 -0.00245664 -0.000616569
-0.00244495 -0.00246109 -0.000637143
-0.00237749 -0.00246459 -0.000657251
-0.0023002 -0.00246701 -0.000676642
-0.0022132 -0.00246822 -0.000694684
-0.00211714 -0.00246796 -0.000709128
-0.00201165 -0.00246642 -0.000787931
-0.00189871 -0.00246317 -0.000964549
-0.00177662 -0.00245898 -0.00110414
-0.00164914 -0.00245342 -0.00121901
-0.00151581 -0.00244682 -0.00129893
-0.00138019 -0.00243917 -0.0013428
-0.00124344 -0.00243063 -0.00134947
-0.00110876 -0.0024212 -0.00134574
-0.000978237 -0.00241105 -0.00133812
-0.000854172 -0.00240034 -0.00131505
-0.000738157 -0.00236751 -0.00115157
-0.000644324 -0.00225236 -0.000990186
-0.000563809 -0.0021476 -0.000777965
-0.000507059 -0.00203727 -0.000533617
-0.000469725 -0.00193095 -0.000247078
-0.000457133 -0.00182568 7.43333e-05
-0.000458026 -0.00172585 0.000431825
-0.000460569 -0.00163355 0.000823076
-0.000464674 -0.00154988 0.00124463
-0.000470199 -0.00147633 0.00169265
-0.000477042 -0.00141351 0.00216172
-0.000485157 -0.00136175 0.00264612
-0.000494518 -0.00132093 0.0031393
-0.000504995 -0.00129095 0.00363425
-0.000516409 -0.00127152 0.00412347
-0.000528601 -0.00126213 0.00459928
-0.000541471 -0.00126113 0.00505386
-0.000554984 -0.001262 0.00547865
-0.000569002 -0.00126366 0.0058663
-0.000583293 -0.00126604 0.00620998
-0.000597642 -0.00126911 0.00650356
-0.000611904 -0.00127282 0.00674146
-0.000625946 -0.00127713 0.00691901
-0.000639707 -0.00128201 0.00703236
-0.000653252 -0.00128744 0.0070786
-0.000666601 -0.00129345 0.00707647
-0.000679629 -0.00130028 0.00706602
-0.000692344 -0.00130791 0.0070481
-0.00070475 -0.00131646 0.00702305
-0.000716903 -0.00132601 0.00699122
-0.000729031 -0.00133659 0.0069531
-0.000741339 -0.00134829 0.0069093
-0.000753964 -0.00136118 0.00686052
-0.000762004 -0.00137641 0.00680785
-0.000769881 -0.00139309 0.00675186
-0.000777829 -0.00141086 0.00669284
-0.000786503 -0.00142961 0.00663184
-0.000795681 -0.00144899 0.00647592
-0.000806049 -0.00146625 0.00556122
-0.000823013 -0.00148565 0.00472802
-0.000973376 -0.0015029 0.0038449
-0.00111163 -0.00152155 0.0029823
-0.00126513 -0.00153938 0.00212461
-0.00141152 -0.00155666 0.00129651
-0.0015568 -0.00163762 0.00050318
-0.00169661 -0.00175899 -0.000241621
-0.00185011 -0.0018773 -0.000982494
-0.00200551 -0.00200021 -0.0016802
-0.00216756 -0.00212211 -0.00235135
-0.00233284 -0.00224648 -0.00298329
-0.00250332 -0.00237133 -0.00358204
-0.00267675 -0.00249755 -0.00414228
-0.00285233 -0.0026239 -0.00466478
-0.00302889 -0.00275011 -0.00515028
-0.00320568 -0.00287568 -0.00560131
-0.0033812 -0.00300001 -0.00601926
-0.00355396 -0.00312214 -0.00640626
-0.00372247 -0.00324131 -0.00676546
-0.00388527 -0.00335682 -0.00710055
-0.00404059 -0.00346779 -0.00741487
-0.00418649 -0.00357337 -0.00771149
-0.00432122 -0.00367277 -0.00799375
-0.00444164 -0.00376544 -0.00826487
-0.00454187 -0.00385175 -0.00852625
-0.00462011 -0.00393044 -0.00878077
-0.00467468 -0.00400075 -0.00903043
-0.00470421 -0.00406191 -0.0092774
-0.00470874 -0.00411327 -0.00952295
-0.00470666 -0.00415297 -0.00976947
-0.00470234 -0.00418024 -0.0100178
-0.00469584 -0.0041945 -0.0102665
-0.00468725 -0.0041961 -0.0105141
-0.00467647 -0.00419375 -0.0107521
-0.00466356 -0.00418906 -0.0109759
-0.00464885 -0.00418287 -0.0111848
-0.00463265 -0.00417509 -0.0113809
-0.00461502 -0.00416556 -0.0115475
-0.00459804 -0.00415379 -0.0116813
-0.00458138 -0.00413971 -0.011781
-0.00456456 -0.00412459 -0.0118237
-0.00454721 -0.00410832 -0.0118249
-0.0045298 -0.00409061 -0.0118185
-0.00451246 -0.00407183 -0.0118063
-0.00449547 -0.00405224 -0.0117878
-0.00447908 -0.00403196 -0.0117626
-0.00442236 -0.00401127 -0.0117304
-0.00425828 -0.00399178 -0.0116901
-0.00412071 -0.00397083 -0.0116438
-0.00399035 -0.00395051 -0.0115903
-0.00387242 -0.00392988 -0.0115312
-0.00376578 -0.00390942 -0.0114662
-0.00367031 -0.003884 -0.0113568
-0.00358992 -0.00373347 -0.0103314
-0.00351399 -0.0035931 -0.00940107
-0.00345423 -0.00345098 -0.00842148
-0.00340072 -0.00331452 -0.00741086
-0.00335715 -0.00318045 -0.00637781
-0.00332377 -0.0030498 -0.00532962
-0.00330124 -0.0029216 -0.00428198
-0.00328695 -0.00277882 -0.0032381
-0.00327383 -0.00263967 -0.00217427
-0.00327189 -0.00249543 -0.00114769
-0.0032725 -0.00236278 -0.000142992
-0.00327398 -0.00223707 0.000816589
-0.00327604 -0.00212171 0.00173398
-0.00327863 -0.00201722 0.0025992
-0.00328166 -0.00192521 0.00340406
-0.00328374 -0.00184799 0.00414207
-0.00328573 -0.00178724 0.00481244
-0.00328804 -0.00173743 0.00539668
-0.00329047 -0.00170244 0.00589768
-0.00329304 -0.00167932 0.00630171
-0.0032957 -0.00166989 0.00661101
-0.00329834 -0.00166988 0.00681665
-0.00330094 -0.00167174 0.00691584
-0.00330335 -0.00167507 0.00692258
-0.0033052 -0.0016801 0.00691227
-0.00330639 -0.00168668 0.0068932
-0.00330697 -0.00169473 0.00686567
-0.00330692 -0.00170418 0.00683002
-0.00330739 -0.00171454 0.00678654
-0.00330733 -0.00172602 0.00673596
-0.00330691 -0.00173846 0.00667905
-0.00330615 -0.00175181 0.00661664
-0.00330517 -0.00176589 0.00654961
-0.00330403 -0.00178062 0.006479
-0.00330283 -0.00179584 0.00641085
-0.00330204 -0.00180896 0.0055093
-0.00330119 -0.00182223 0.00449926
-0.00330013 -0.00183546 0.00347108
-0.00329911 -0.00184887 0.00244723
-0.00329807 -0.00186197 0.00143425
-0.00329675 -0.00187439 0.000450937
-0.00329516 -0.00188589 -0.000496043
-0.00329351 -0.00190415 -0.00140492
-0.00329155 -0.00198069 -0.00225718
-0.00329007 -0.00204949 -0.0030634
-0.00328866 -0.00211782 -0.0038085
-0.00328755 -0.00218265 -0.00449354
-0.00328667 -0.00224486 -0.00511148
-0.00328602 -0.00230373 -0.00565873
-0.00328551 -0.00235861 -0.00613103
-0.00328507 -0.00240906 -0.00652749
-0.00328468 -0.00245449 -0.00684744
-0.00328428 -0.00249419 -0.00709068
-0.00328379 -0.00252753 -0.00725695
-0.00328317 -0.00255375 -0.00734771
-0.0032824 -0.00257217 -0.00736697
-0.00328147 -0.00258142 -0.00736249
-0.00328034 -0.0025819 -0.00735296
-0.00327887 -0.00257996 -0.0073385
-0.003277 -0.00257628 -0.00731933
-0.00327482 -0.00257099 -0.00729628
-0.00327219 -0.00256412 -0.00726931
-0.00324371 -0.00255569 -0.00723884
-0.00321058 -0.00254552 -0.00720522
-0.00317628 -0.00253367 -0.00716899
-0.00314218 -0.00252025 -0.00713038
-0.0031073 -0.00250544 -0.00708969
-0.00307167 -0.00246786 -0.00703861
-0.00303937 -0.00236969 -0.00650325
-0.0030017 -0.00227372 -0.00599571
-0.00296807 -0.0021721 -0.00547598
-0.0029344 -0.00206975 -0.00493403
-0.00290298 -0.00196652 -0.00437627
-0.00286631 -0.00184808 -0.00377991
-0.00283237 -0.00172915 -0.00315772
-0.00280562 -0.00161686 -0.00252438
-0.00278804 -0.00151267 -0.00187277
-0.00278032 -0.00141711 -0.00121107
-0.00278023 -0.00133229 -0.000538773
-0.00278163 -0.00125964 0.00013761
-0.00278425 -0.00119975 0.000812721
-0.00278797 -0.001153 0.00148091
-0.0027927 -0.00111927 0.00213434
-0.00279837 -0.00109828 0.0027638
-0.00280486 -0.00108941 0.00336053
-0.00281201 -0.00108949 0.00391526
-0.00281965 -0.00109156 0.00441675
-0.00282759 -0.00109511 0.00485599
-0.00283571 -0.00109986 0.00522354
-0.00284381 -0.00110555 0.00551143
-0.00285167 -0.00111197 0.0057123
-0.00285904 -0.00111891 0.00582004
-0.00286575 -0.00112618 0.0058367
-0.00287172 -0.00113383 0.00582805
-0.00287698 -0.0011417 0.00581042
-0.00288162 -0.00114969 0.00578412
-0.00288428 -0.0011581 0.00574955
-0.00288603 -0.00116671 0.00570729
-0.00288667 -0.00117547 0.00565786
-0.00288662 -0.00118445 0.00560219
-0.00288611 -0.00119369 0.00554134
-0.00288529 -0.00120326 0.00547638
-0.00288439 -0.00121322 0.0054084
-0.00288373 -0.00122323 0.00513158
-0.002884 -0.00123096 0.00412335
-0.00288424 -0.00124099 0.00321494
-0.00288549 -0.0012505 0.0022745
-0.00288728 -0.00126129 0.00136885
-0.00289007 -0.0012726 0.00048719
-0.00289368 -0.00128456 -0.000350115
-0.00289808 -0.00129662 -0.00113806
-0.002903 -0.00136699 -0.00186195
-0.0029086 -0.00146328 -0.00250702
-0.00294643 -0.00156154 -0.00310259
-0.00302587 -0.00166072 -0.0036311
-0.003113 -0.0017662 -0.00409228
-0.00320941 -0.00187325 -0.00448938
-0.00331427 -0.00198343 -0.00481875
-0.0034265 -0.00209512 -0.00508688
-0.00354441 -0.00220762 -0.00529575
-0.00366644 -0.00231964 -0.0054514
-0.00379093 -0.00243027 -0.00555904
-0.00391604 -0.00253833 -0.00562509
-0.00403962 -0.00264255 -0.00565648
-0.00415966 -0.00274171 -0.00565984
-0.00427436 -0.00283434 -0.00565831
-0.00438165 -0.00291956 -0.00565591
-0.00447971 -0.00299634 -0.00565317
-0.00456714 -0.0030638 -0.00565057
-0.00464278 -0.00312119 -0.00564855
-0.00470562 -0.00316792 -0.00564747
-0.00475501 -0.00320351 -0.00564759
-0.00479075 -0.00322765 -0.00564908
-0.00481293 -0.00324024 -0.005652
-0.00482195 -0.00324206 -0.00565629
-0.00482159 -0.00324036 -0.00567048
-0.00481989 -0.00323664 -0.00576536
-0.00481729 -0.00323198 -0.00585159
-0.00481403 -0.00322626 -0.00594575
-0.00481017 -0.0032196 -0.00603342
-0.00480593 -0.00321201 -0.00611276
-0.00480151 -0.00320388 -0.00617485
-0.00479719 -0.00319539 -0.00621416
-0.00479317 -0.00318677 -0.00622379
-0.00478967 -0.00317816 -0.00622154
-0.00478694 -0.00316976 -0.00621606
-0.00478518 -0.0031618 -0.006207
-0.00478454 -0.00315444 -0.00619414
-0.00478515 -0.00314785 -0.00617739
-0.00478711 -0.00314215 -0.00615677
-0.0047905 -0.00313747 -0.00613248
-0.00479525 -0.00313383 -0.00610494
-0.00480141 -0.00313139 -0.00607448
-0.00480899 -0.00313008 -0.00604169
-0.00481787 -0.00313013 -0.00600733
-0.00487374 -0.00313141 -0.00597236
-0.00498556 -0.00313324 -0.00590821
-0.00510026 -0.00313776 -0.00546682
-0.00522108 -0.00314273 -0.00512227
-0.00534369 -0.00314833 -0.00478378
-0.00546701 -0.0031541 -0.00447589
-0.00558984 -0.00316055 -0.00420455
-0.00562951 -0.00316503 -0.0040325
-0.00564166 -0.00316092 -0.00400896
-0.00565938 -0.00317042 -0.00392897
-0.0057088 -0.00318433 -0.00375286
-0.00583698 -0.00318887 -0.00370652
-0.00594756 -0.00320079 -0.00368963
-0.00606324 -0.00321352 -0.00369163
-0.00617027 -0.00322392 -0.00369904
-0.00627387 -0.00323587 -0.0037114
-0.00637625 -0.00329425 -0.00372811
-0.00646872 -0.00340115 -0.00374848
-0.00655955 -0.00350261 -0.00377153
-0.00664354 -0.0036118 -0.00400852
-0.006727 -0.0037163 -0.00440672
-0.00680173 -0.00382538 -0.00484508
-0.00687197 -0.00393367 -0.00533368
-0.00693582 -0.00404405 -0.00586516
-0.0069954 -0.00415415 -0.00644126
-0.00704939 -0.00426526 -0.00705329
-0.00709877 -0.00437569 -0.00769846
-0.00714372 -0.00448603 -0.00837118
-0.00718391 -0.00459669 -0.00906553
-0.00721963 -0.00470696 -0.00977548
-0.00725134 -0.00481663 -0.0104947
-0.00727976 -0.00492586 -0.0112169
-0.0073053 -0.00503447 -0.0119358
-0.00732841 -0.00514199 -0.0126449
-0.00734976 -0.00524812 -0.0133386
-0.0073699 -0.0053526 -0.014011
-0.0073884 -0.00556469 -0.0146543
-0.00739814 -0.00600345 -0.0146219
-0.00740522 -0.00649861 -0.0146292
-0.00740774 -0.00702396 -0.0146486
-0.00741997 -0.00747425 -0.014884
-0.00742505 -0.0079435 -0.0152116
-0.007441 -0.00833539 -0.0154688
-0.00745783 -0.00874227 -0.0157918
-0.00747518 -0.00916109 -0.0161338
-0.00749922 -0.0095246 -0.0164463
-0.00752709 -0.00987892 -0.0166787
-0.0075611 -0.0102143 -0.0169151
-0.00759851 -0.0105458 -0.017169
-0.00764054 -0.0108628 -0.0176425
-0.00768947 -0.011149 -0.0180586
-0.00774123 -0.0114468 -0.0183488
-0.00779862 -0.0117302 -0.0185732
-0.00784317 -0.0120253 -0.0187622
-0.00789329 -0.0123386 -0.0188805
-0.00794828 -0.0126258 -0.018938
-0.00800551 -0.0129159 -0.018937
-0.00806659 -0.0131971 -0.0189332
-0.00821649 -0.0134624 -0.0189271
-0.00865697 -0.0136227 -0.018921
-0.00907148 -0.0137482 -0.0189128
-0.0094372 -0.0139518 -0.0189
-0.0098604 -0.014082 -0.0188885
-0.0102974 -0.0142011 -0.0188765
-0.010697 -0.0143479 -0.0188629
-0.0111187 -0.0144657 -0.0188491
-0.0115394 -0.0145679 -0.018835
-0.0119345 -0.0146812 -0.0188216
-0.0123219 -0.0147878 -0.0188088
-0.012696 -0.0148833 -0.0187966
-0.0130439 -0.0149794 -0.0187849
-0.0133614 -0.0150736 -0.018774
-0.0136341 -0.0151703 -0.0187638
-0.0195047 -0.0152331 -0.0187598
-0.0359886 -0.0150566 -0.0188548
-0.0347367 -0.015177 -0.018762
-0.0350856 -0.0151319 -0.0188015
-0.0350874 -0.0151585 -0.018755
-0.0351273 -0.0151612 -0.0187552
-0.0352232 -0.0151699 -0.018735
-0.035309 -0.0151754 -0.0187203
-0.0353847 -0.0151821 -0.0187056
-0.0354604 -0.0151887 -0.0186948
-0.0355203 -0.0151946 -0.0186852
-0.0355614 -0.0151993 -0.018677
-0.0355859 -0.0152032 -0.0186716
-0.0355936 -0.0152065 -0.0186699
-0.0355923 -0.0152085 -0.0186718
-0.0355894 -0.0152091 -0.0186776
-0.0355847 -0.0152085 -0.0186877
-0.0355784 -0.0152065 -0.0187016
-0.0355702 -0.0152027 -0.0187184
-0.0355603 -0.0151972 -0.0187358
-0.0355489 -0.0151902 -0.0187542
-0.0355363 -0.0151824 -0.0187745
-0.0352241 -0.0151754 -0.018796
-0.0346424 -0.015171 -0.0188159
-0.0341586 -0.0151621 -0.0188388
-0.0335623 -0.0151551 -0.018859
-0.0330029 -0.0151459 -0.0188799
-0.0323983 -0.015137 -0.0188988
-0.0317961 -0.015127 -0.0189163
-0.0311885 -0.0151167 -0.0189314
-0.0305822 -0.015106 -0.0190163
-0.0299902 -0.0150941 -0.0192973
-0.0294047 -0.0150826 -0.0194551
-0.0288333 -0.0150707 -0.019527
-0.0282815 -0.0150587 -0.0195251
-0.027749 -0.0150463 -0.0195172
-0.0272419 -0.0150338 -0.0195034
-0.026757 -0.0150209 -0.0194838
-0.0262975 -0.0150079 -0.0194608
-0.025859 -0.0149948 -0.019434
-0.0254438 -0.0149814 -0.019404
-0.0250457 -0.0149681 -0.0193725
-0.0246635 -0.0149545 -0.0193385
-0.0242962 -0.0149406 -0.0193016
-0.0239367 -0.0149265 -0.0192623
-0.0235838 -0.014912 -0.0192206
-0.0232321 -0.0148971 -0.0191767
-0.0228785 -0.0148817 -0.0191312
-0.0225174 -0.0148659 -0.0190845
-0.0221446 -0.0148496 -0.0190374
-0.021756 -0.0148327 -0.0189902
-0.021346 -0.0148159 -0.0183795
-0.0208965 -0.0147995 -0.017515
-0.0204416 -0.0147815 -0.0166901
-0.0199727 -0.014482 -0.0159079
-0.0195655 -0.0140761 -0.0152269
-0.0190363 -0.0137145 -0.0144963
-0.0185392 -0.0133039 -0.0138311
-0.0179967 -0.0128878 -0.0131896
-0.0174175 -0.0124675 -0.012565
-0.0168319 -0.0120188 -0.0119907
-0.0162061 -0.0115718 -0.0114311
-0.015569 -0.0111068 -0.0109047
-0.0149223 -0.0106322 -0.0104021
-0.0142763 -0.0101464 -0.0099227
-0.0135688 -0.00965065 -0.00946866
-0.0128699 -0.00914339 -0.00903271
-0.0121829 -0.00864287 -0.00859762
-0.0115104 -0.0081452 -0.00815708
-0.0108582 -0.00764869 -0.00771414
-0.0102273 -0.00715704 -0.00725289
-0.00957846 -0.00657752 -0.00674839
-0.00950412 -0.006201 -0.00604822
-0.0103708 -0.00627105 -0.00426371
-0.0158143 -0.00621455 -0.00411267
-0.0151269 -0.00619429 -0.00330793
-0.0146976 -0.00564862 -0.00291147
-0.0147114 -0.005264 -0.0024262
-0.0147144 -0.00510508 -0.00167183
-0.0147074 -0.00445346 -0.00138068
-0.0147053 -0.00438804 -0.00110621
-0.0156168 -0.00449516 -0.00121984
-0.0153517 -0.00499612 -0.00120234
-0.0152356 -0.00487396 -0.0011639
-0.015186 -0.00431289 -0.00110438
-0.0151937 -0.00420743 -0.000720725
-0.015196 -0.00423221 -0.00054621
-0.0151712 -0.00424373 -0.000324968
-0.0149949 -0.0042355 0.000327622
-0.0149975 -0.00421764 0.000988701
-0.014999 -0.00421649 0.00158151
-0.0149983 -0.00422342 0.00202686
-0.0149975 -0.00422568 0.00246084
-0.0149967 -0.00422254 0.00304009
-0.0149979 -0.00421908 0.00360629
-0.0149981 -0.00421875 0.00410673
-0.0149972 -0.00422271 0.00454906
-0.0149962 -0.00422477 0.00494058
-0.0149955 -0.00422467 0.00536356
-0.014995 -0.00422421 0.00572335
-0.0149786 -0.00422424 0.00602926
-0.0149489 -0.00422604 0.00627806
-0.0149321 -0.0042267 0.00644402
-0.014917 -0.0042277 0.00656389
-0.0149137 -0.0042283 0.00660426
-0.014907 -0.00422901 0.00660123
-0.0149005 -0.00422972 0.00659329
-0.0149007 -0.00423014 0.00658038
-0.0149011 -0.00423061 0.0065628
-0.0149016 -0.00423086 0.00654049
-0.0149021 -0.00423088 0.00651414
-0.0149029 -0.00423059 0.00648439
-0.0149038 -0.00422989 0.0064519
-0.0149048 -0.00422875 0.0064172
-0.0149058 -0.00422714 0.00638092
-0.0149068 -0.00422522 0.00634403
-0.0149079 -0.00422316 0.0063073
-0.0149161 -0.00422112 0.0062716
-0.0150725 -0.00421916 0.00623772
-0.0153754 -0.00421752 0.00620665
-0.0157577 -0.00421631 0.00617931
-0.0160498 -0.00421531 0.00615563
-0.016205 -0.00421446 0.0061364
-0.0162227 -0.00421381 0.00612196
-0.0162225 -0.00421343 0.00611253
-0.0162261 -0.00421355 0.00610854
-0.0162995 -0.004214 0.00610992
-0.0164401 -0.00421489 0.00611645
-0.0166427 -0.00421637 0.00612816
-0.016907 -0.00421821 0.00614441
-0.0172256 -0.00422038 0.00616499
-0.0175933 -0.00422276 0.00618918
-0.0180037 -0.00422536 0.00621659
-0.018444 -0.00422814 0.00624665
-0.0188728 -0.00423097 0.00627817
-0.0191906 -0.00423364 0.00631018
-0.0192917 -0.00423594 0.00634168
-0.019291 -0.0042379 0.00637186
-0.0192914 -0.00423975 0.00640031
-0.0193634 -0.00424182 0.00642697
-0.0194994 -0.0042432 0.00645035
-0.0195664 -0.00424453 0.00647062
-0.019576 -0.00424529 0.00648679
-0.0195954 -0.00424583 0.0064989
-0.0196815 -0.00424616 0.00650666
-0.0198109 -0.00424625 0.00650989
-0.0198974 -0.00424611 0.00650916
-0.0199469 -0.00424575 0.00650549
-0.01997 -0.00424522 0.00649899
-0.0199716 -0.00424459 0.0064898
-0.0199709 -0.00424371 0.00647796
-0.0199697 -0.00424264 0.00646368
-0.0199682 -0.00424151 0.00644732
-0.0199673 -0.00424043 0.00642915
-0.0199673 -0.00423978 0.00640982
-0.0199675 -0.00423929 0.00638936
-0.0199676 -0.00423838 0.006368
-0.0199673 -0.00423746 0.00634645
-0.019967 -0.0042365 0.00632466
-0.0199669 -0.00423575 0.00630314
-0.0199668 -0.00423526 0.00628216
-0.0199665 -0.00423491 0.00626183
-0.0199662 -0.00423472 0.00624247
-0.019966 -0.00423472 0.00622445
-0.0199658 -0.00423493 0.00620797
-0.0199657 -0.00423519 0.00619318
-0.0199656 -0.00423557 0.00618027
-0.0199661 -0.00423612 0.00616918
-0.0199672 -0.00423694 0.00616014
-0.019969 -0.0042379 0.00615303
-0.0199706 -0.00423896 0.00614792
-0.0199712 -0.00423995 0.00614443
-0.0199709 -0.00424088 0.00614195
-0.0199704 -0.00424217 0.00614103
-0.0199704 -0.00424376 0.0061417
-0.0199708 -0.00424533 0.00614379
-0.0199709 -0.00424673 0.00614721
-0.0199708 -0.00424802 0.00615163
-0.0199708 -0.00424944 0.00615678
-0.0199711 -0.00425109 0.00616258
-0.0199716 -0.00425279 0.00616894
-0.0199861 -0.00425432 0.00617572
-0.0200386 -0.00425567 0.00618275
-0.0201256 -0.004257 0.00618987
-0.0202506 -0.0042584 0.00619698
-0.0203969 -0.0042598 0.00620374
-0.0205419 -0.00426112 0.0062101
-0.0206771 -0.00426231 0.00621603
-0.0208144 -0.00426337 0.00622139
-0.0209741 -0.00426437 0.00622612
-0.0211667 -0.00426536 0.00623012
-0.0213836 -0.00426636 0.00623334
-0.0216048 -0.00426733 0.00623575
-0.0218104 -0.00426825 0.00623738
-0.0219327 -0.00427024 0.00623913
-0.0220716 -0.00429597 0.00624167
-0.0222825 -0.00430762 0.00624197
-0.0224542 -0.00432928 0.00624115
-0.0225494 -0.00436297 0.0062397
-0.0225811 -0.00439861 0.00623658
-0.0225831 -0.00443099 0.00623219
-0.0225948 -0.00446039 0.00622714
-0.0226599 -0.00448724 0.00622137
-0.0227745 -0.00451281 0.00621449
-0.0228919 -0.00454019 0.00620641
-0.0229712 -0.00456922 0.00619711
-0.0230097 -0.00459572 0.00618661
-0.0230472 -0.00461735 0.00617519
-0.0231336 -0.00463482 0.00616315
-0.0232887 -0.00465042 0.00615092
-0.0234785 -0.00466587 0.00613821
-0.0236524 -0.00468488 0.00612498
-0.0237652 -0.00470625 0.00611106
-0.023825 -0.00472923 0.00609721
-0.0238761 -0.00475282 0.00608164
-0.0239666 -0.00477648 0.00589852
-0.0241179 -0.00480172 0.00568522
-0.0242974 -0.00483502 0.00548505
-0.0244511 -0.00487072 0.00528214
-0.0245656 -0.00490175 0.00508623
-0.0246463 -0.00493306 0.00489196
-0.0247277 -0.00496931 0.00469947
-0.0248506 -0.00500981 0.00450503
-0.0250158 -0.00504724 0.00430791
-0.0251956 -0.00507841 0.00411499
-0.0253772 -0.00510772 0.00392687
-0.0255682 -0.00514317 0.00373737
-0.0257763 -0.00518588 0.00354197
-0.0259955 -0.00523166 0.00334356
-0.0262148 -0.00527479 0.00314497
-0.0264279 -0.00531257 0.00294468
-0.0266338 -0.00534824 0.00274035
-0.026836 -0.00538799 0.00252989
-0.0270417 -0.00543538 0.00231113
-0.0272563 -0.00548926 0.00208243
-0.0274732 -0.005546 0.00184421
-0.0276781 -0.00565669 0.00159871
-0.0278971 -0.00597146 0.00129876
-0.0281753 -0.00621986 0.000887081
-0.0283648 -0.00654797 0.000586863
-0.0285778 -0.00687049 0.000220318
-0.0288332 -0.00718286 -0.000202684
-0.0290409 -0.00752657 -0.000616364
-0.0292295 -0.00786535 -0.00104844
-0.0294198 -0.00819853 -0.00151842
-0.0296063 -0.00854756 -0.0020089
-0.0298028 -0.0089001 -0.00253338
-0.0300034 -0.00925017 -0.00309183
-0.0301916 -0.00960199 -0.00367422
-0.0303711 -0.00995219 -0.00428924
-0.0305486 -0.0103006 -0.00494232
-0.0307255 -0.0106487 -0.00562976
-0.0309051 -0.0109928 -0.00635013
-0.0310893 -0.0113314 -0.0071028
-0.0312773 -0.0116651 -0.00788749
-0.0314678 -0.0119937 -0.00870528
-0.0316867 -0.0123093 -0.00955809
-0.0318962 -0.0126074 -0.0104505
-0.0320621 -0.0129139 -0.0113564
-0.0322353 -0.0132142 -0.0122709
-0.0324416 -0.0135001 -0.0131657
-0.0328058 -0.013785 -0.0140399
-0.0331563 -0.0140713 -0.0149505
-0.0335125 -0.0143432 -0.0159007
-0.0338587 -0.0146081 -0.0168797
-0.0341883 -0.0148734 -0.0178555
-0.0345103 -0.0151263 -0.0188276
-0.0348243 -0.0154566 -0.019829
-0.0350638 -0.0161118 -0.0211628
-0.03518 -0.016817 -0.022432
-0.0353948 -0.0175652 -0.0237579
-0.0354715 -0.0284426 -0.0245431
-0.0353224 -0.0387933 -0.0243398
-0.0354967 -0.0389996 -0.0245328
-0.0356175 -0.0389358 -0.0247307
-0.0356036 -0.0390659 -0.0247357
-0.0356257 -0.0390598 -0.0261677
-0.0356428 -0.0393451 -0.0272475
-0.0356827 -0.0404981 -0.0280183
-0.0357158 -0.0414687 -0.0289643
-0.035811 -0.0423405 -0.0304408
-0.0358914 -0.0433242 -0.0389038
-0.0361701 -0.0435142 -0.0440967
-0.0370633 -0.0445703 -0.0441029
-0.0373202 -0.0460442 -0.0449382
-0.0379063 -0.046929 -0.045833
-0.0390068 -0.0476973 -0.0469245
-0.0396541 -0.0486382 -0.0478307
-0.0401989 -0.0498625 -0.0485059
-0.0408941 -0.050888 -0.0493008
-0.0416978 -0.0517568 -0.0502706
-0.0424149 -0.0527433 -0.0511455
-0.0430215 -0.0538278 -0.051968
-0.0436829 -0.0548479 -0.0528514
-0.0443919 -0.0557866 -0.053813
-0.0450446 -0.0567489 -0.054781
-0.045642 -0.0577525 -0.055735
-0.0462428 -0.0587282 -0.0567296
-0.0468501 -0.05966 -0.0577756
-0.0474227 -0.0605866 -0.0588427
-0.0479542 -0.0615189 -0.0599245
-0.0484694 -0.062434 -0.0610399
-0.0489706 -0.0633238 -0.0621931
-0.0494413 -0.0642013 -0.0633701
-0.0498782 -0.0650714 -0.0645648
-0.050292 -0.0659259 -0.0657839
-0.0506858 -0.0667616 -0.0670296
-0.0510541 -0.0675837 -0.0682951
-0.0513963 -0.0683941 -0.0695749
-0.0517175 -0.0691899 -0.0708679
-0.0520202 -0.0699699 -0.072173
-0.052304 -0.0707367 -0.0734861
-0.0525704 -0.0714913 -0.0748031
-0.0528233 -0.0722327 -0.0761214
-0.0530658 -0.0729602 -0.0774374
-0.0532989 -0.0736751 -0.078747
-0.0535244 -0.0743789 -0.0800458
-0.0537448 -0.075072 -0.0813303
-0.0539624 -0.0757543 -0.082597
-0.0541794 -0.0764267 -0.0838418
-0.0543981 -0.0770898 -0.0850608
-0.0546212 -0.0777441 -0.0862503
-0.0548514 -0.0783896 -0.0874074
-0.0550907 -0.0790267 -0.0885288
-0.0553409 -0.0796561 -0.0896114
-0.0556036 -0.0802783 -0.090652
-0.0558804 -0.0808937 -0.091648
-0.0561728 -0.0815024 -0.0925972
-0.0564817 -0.0821049 -0.0934974
-0.0568077 -0.0827015 -0.0943469
-0.0571507 -0.0832927 -0.0951439
-0.0575108 -0.0838789 -0.0958872
-0.057888 -0.0844599 -0.0965763
-0.0582826 -0.0850354 -0.0972107
-0.0586942 -0.0856051 -0.0977909
-0.0591223 -0.0861688 -0.0983172
-0.059566 -0.0867258 -0.0987903
-0.0600244 -0.0872756 -0.0992117
-0.0604961 -0.0878173 -0.099583
-0.0609799 -0.0883503 -0.0999059
-0.0614736 -0.0888742 -0.100182
-0.0619742 -0.0893883 -0.100415
-0.0624372 -0.0898788 -0.10061
-0.0626916 -0.0903287 -0.100789
-0.0627762 -0.0907965 -0.100917
-0.0629365 -0.0912734 -0.100984
-0.0631838 -0.0917046 -0.101048
-0.0634316 -0.0921079 -0.1011
-0.06367 -0.0925166 -0.101109
-0.0638945 -0.0929127 -0.101108
-0.0641166 -0.0932783 -0.101107
-0.0643593 -0.0936259 -0.101104
-0.0646309 -0.0939569 -0.101102
-0.0649152 -0.0942637 -0.101099
-0.0651935 -0.0945506 -0.101095
-0.0654662 -0.0948213 -0.101092
-0.0657511 -0.0950711 -0.101089
-0.0660618 -0.0952976 -0.101086
-0.0663929 -0.0955031 -0.101084
-0.0667307 -0.0956886 -0.101082
-0.0670609 -0.095846 -0.101081
-0.0673825 -0.0959739 -0.101081
-0.0676992 -0.0960753 -0.101081
-0.0680087 -0.0961501 -0.101082
-0.0683133 -0.0962003 -0.101084
-0.0686121 -0.0962278 -0.101087
-0.0689053 -0.0962356 -0.10109
-0.0691934 -0.0962351 -0.101093
-0.0694742 -0.0962344 -0.101097
-0.0697518 -0.0962333 -0.1011
-0.0700307 -0.096232 -0.101102
-0.0703103 -0.0962305 -0.101105
-0.0705927 -0.096229 -0.101106
-0.0708791 -0.0962276 -0.101107
-0.0711705 -0.0962264 -0.101107
-0.0714695 -0.0962255 -0.101107
-0.0717779 -0.0962249 -0.101105
-0.0720958 -0.0962248 -0.101102
-0.0724231 -0.0962251 -0.101098
-0.0727597 -0.096226 -0.101093
-0.0731059 -0.0962275 -0.101087
-0.0734614 -0.0962296 -0.10108
-0.0738248 -0.0962322 -0.101073
-0.0741912 -0.0962349 -0.101066
-0.0745471 -0.0962947 -0.101058
-0.0748727 -0.096467 -0.101049
-0.0751816 -0.0966633 -0.10104
-0.0755084 -0.0968511 -0.101032
-0.0758173 -0.0970625 -0.101023
-0.0760973 -0.0973064 -0.101014
-0.0763654 -0.097558 -0.101006
-0.0766182 -0.0978167 -0.100909
-0.0768398 -0.0981071 -0.100712
-0.0770282 -0.0984134 -0.100549
-0.0772006 -0.0987053 -0.100415
-0.0773448 -0.0989977 -0.100313
-0.0774495 -0.0992978 -0.10024
-0.07752 -0.0995931 -0.100209
-0.077554 -0.0998744 -0.100211
-0.0775552 -0.100149 -0.100221
-0.0775539 -0.100409 -0.100258
-0.0775519 -0.100633 -0.100312
-0.077549 -0.100837 -0.100381
-0.0775452 -0.101023 -0.100466
-0.0775416 -0.101171 -0.100569
-0.0775385 -0.101263 -0.100691
-0.0775342 -0.10133 -0.100827
-0.0775293 -0.101388 -0.100972
-0.0775239 -0.101418 -0.101148
-0.0775182 -0.10142 -0.101757
-0.0775119 -0.101418 -0.102511
-0.0775047 -0.101417 -0.103196
-0.0774973 -0.101414 -0.103906
-0.07749 -0.101411 -0.104609
-0.0774825 -0.101408 -0.105308
-0.077475 -0.101404 -0.106023
-0.0774421 -0.101401 -0.106744
-0.0770965 -0.101399 -0.107441
