0.0025 -8.28136e-06
0.0125 -4.01154e-06
0.0225 6.91455e-06
0.035 2.94171e-05
0.045 5.40855e-05
0.055 8.40827e-05
0.065 0.000118455
0.075 0.000156145
0.085 0.000196226
0.095 0.000238
0.105 0.000281275
0.115 0.000326625
0.125 0.000374789
0.135 0.000425846
0.145 0.000479745
0.155 0.000536519
0.165 0.000595918
0.175 0.000657245
0.185 0.000719846
0.195 0.000783411
0.205 0.000847638
0.215 0.000913067
0.225 0.00098134
0.235 0.00105379
0.245 0.00113197
0.255 0.00121875
0.265 0.00131622
0.275 0.00142586
0.285 0.00155041
0.295 0.00169304
0.305 0.00185531
0.315 0.00203614
0.325 0.00223222
0.335 0.0024406
0.345 0.0026611
0.355 0.002895
0.365 0.00314244
0.375 0.00340222
0.385 0.00367237
0.395 0.00395182
0.405 0.00424152
0.415 0.00454274
0.425 0.00485357
0.435 0.0051676
0.445 0.00547643
0.455 0.00577474
0.465 0.00605868
0.475 0.00632248
0.485 0.00656015
0.495 0.00676625
0.5075 0.00696976
0.52 0.00710209
0.5325 0.00715484
0.545 0.00712504
0.5575 0.00701355
0.57 0.0068174
0.5825 0.00654162
0.595 0.00620466
0.6075 0.00582286
0.62 0.00540554
0.6325 0.00495988
0.645 0.00449979
0.6575 0.00403974
0.67 0.00358975
0.6825 0.00316185
0.695 0.00277022
0.7075 0.00242419
0.72 0.00213504
0.7325 0.00191034
0.745 0.00174982
0.7575 0.00165665
0.77 0.00163266
0.7825 0.00166967
0.795 0.00175277
0.8075 0.00186436
0.82 0.00199068
0.8325 0.00212114
0.845 0.00224331
0.8575 0.00234665
0.87 0.00242638
0.8825 0.00247747
0.895 0.00249038
0.9075 0.00246119
0.92 0.00240048
0.9325 0.00231958
0.945 0.00221598
0.9575 0.00208438
0.97 0.00192933
0.9825 0.00175651
0.995 0.00156913
1.005 0.00141319
1.0175 0.00122175
1.03 0.0010402
1.0425 0.000863809
1.055 0.000691493
1.0675 0.000525582
1.08 0.000365937
1.0925 0.000210696
1.105 5.68793e-05
1.1175 -9.98242e-05
1.13 -0.000264353
1.1425 -0.000442126
1.155 -0.00064011
1.1675 -0.000866875
1.18 -0.00113057
1.1925 -0.00143958
1.205 -0.00180196
1.2175 -0.00222431
1.23 -0.0027098
1.2425 -0.00325541
1.255 -0.00385427
1.2675 -0.00449739
1.28 -0.00516943
1.2925 -0.00585218
1.305 -0.00653288
1.3175 -0.00720196
1.33 -0.00784615
1.3425 -0.00844434
1.355 -0.00897204
1.3675 -0.00940818
1.38 -0.00973205
1.3925 -0.00993089
1.405 -0.0100105
1.4175 -0.00998692
1.43 -0.00988337
1.4425 -0.00972698
1.455 -0.00953942
1.4675 -0.00933379
1.48 -0.00911634
1.4925 -0.00889359
1.505 -0.00867437
1.5175 -0.00846331
1.53 -0.00825596
1.5425 -0.00805363
1.555 -0.00786913
1.5675 -0.00771913
1.58 -0.00762407
1.5925 -0.00759405
1.605 -0.00762237
1.6175 -0.00769522
1.63 -0.00779477
1.6425 -0.00789777
1.655 -0.0079787
1.6675 -0.00801433
1.68 -0.00798904
1.6925 -0.00789601
1.705 -0.00773075
1.7175 -0.00748996
1.73 -0.00717405
1.7425 -0.00678564
1.755 -0.00632305
1.7675 -0.00578121
1.78 -0.00515991
1.7925 -0.00446789
1.805 -0.00372007
1.8175 -0.00293453
1.83 -0.00213449
1.8425 -0.00134351
1.855 -0.000581746
1.8675 0.000132285
1.88 0.0007845
1.8925 0.00137024
1.905 0.00188984
1.9175 0.00234009
1.93 0.00271621
1.9425 0.00301795
1.955 0.00325104
1.9675 0.00342234
1.98 0.00353678
1.9925 0.00360228
2.0025 0.00362998
2.0125 0.00364597
2.0225 0.00366027
2.0325 0.00368394
2.0425 0.00372701
2.0525 0.00379657
2.0625 0.00389903
2.0725 0.00404306
2.0825 0.00423449
2.0925 0.00447108
2.1025 0.00474671
2.1125 0.00505449
2.1225 0.00538701
2.1325 0.0057381
2.1425 0.00610442
2.1525 0.00648404
2.1625 0.00687538
2.1725 0.00727731
2.1825 0.00768718
2.1925 0.00809864
2.2025 0.00850361
2.2125 0.00889484
2.2225 0.00926604
2.2325 0.00961144
2.2425 0.00992667
2.2525 0.0102099
2.2625 0.010462
2.2725 0.0106875
2.2825 0.0108913
2.2925 0.0110746
2.3025 0.0112363
2.3125 0.0113764
2.3225 0.0114958
2.3325 0.0115961
2.3425 0.0116782
2.3525 0.0117449
2.3625 0.0118042
2.3725 0.0118688
2.3825 0.0119481
2.3925 0.012047
2.4025 0.0121694
2.4125 0.0123208
2.4225 0.0125061
2.4325 0.0127309
2.4425 0.0130016
2.4525 0.0133247
2.4625 0.0137012
2.4725 0.014125
2.4825 0.0145874
2.4925 0.0150781
2.5025 0.0155857
2.5125 0.0160994
2.5225 0.0166083
2.5325 0.0171016
2.5425 0.0175645
2.5525 0.0179878
2.5625 0.0183695
2.5725 0.0186962
2.5825 0.0189589
2.5925 0.0191522
2.6025 0.0192731
2.6125 0.0193169
2.6225 0.0192776
2.6325 0.019152
2.6425 0.0189403
2.6525 0.0186446
2.6625 0.0182685
2.6725 0.0178177
2.6825 0.0172989
2.6925 0.0167194
2.7025 0.0160876
2.7125 0.0154135
2.7225 0.0147085
2.7325 0.0139846
2.7425 0.0132511
2.7525 0.0125142
2.7625 0.0117806
2.7725 0.0110585
2.7825 0.0103579
2.7925 0.0096855
2.8025 0.00904266
2.8125 0.00842931
2.8225 0.00784601
2.8325 0.00729232
2.8425 0.00676447
2.8525 0.00625568
2.8625 0.00575901
2.8725 0.00526814
2.8825 0.00477543
2.8925 0.00427076
2.9025 0.00374381
2.9125 0.00318701
2.9225 0.00259607
2.9325 0.0019678
2.9425 0.00129978
2.9525 0.00059041
2.9625 -0.000162635
2.9725 -0.000960333
2.9825 -0.00180092
2.9925 -0.00267558
3.0025 -0.00356799
3.0125 -0.00445699
3.0225 -0.00532259
3.0325 -0.00614859
3.0425 -0.00692139
3.0525 -0.00762719
3.0625 -0.00825207
3.0725 -0.00878467
3.0825 -0.00922144
3.0925 -0.00956747
3.1025 -0.00983224
3.1125 -0.0100285
3.1225 -0.010169
3.1325 -0.0102622
3.1425 -0.0103181
3.1525 -0.0103499
3.1625 -0.0103702
3.1725 -0.0103894
3.1825 -0.0104161
3.1925 -0.010457
3.2025 -0.0105171
3.2125 -0.0106017
3.2225 -0.0107142
3.2325 -0.0108497
3.2425 -0.0110035
3.2525 -0.0111768
3.2625 -0.0113716
3.2725 -0.0115882
3.2825 -0.0118284
3.2925 -0.0120973
3.3025 -0.0124002
3.3125 -0.0127408
3.3225 -0.0131203
3.3325 -0.0135364
3.3425 -0.0139853
3.3525 -0.0144616
3.3625 -0.0149558
3.3725 -0.0154561
3.3825 -0.0159532
3.3925 -0.0164415
3.4025 -0.0169173
3.4125 -0.017376
3.4225 -0.0178124
3.4325 -0.0182216
3.4425 -0.0185983
3.4525 -0.0189385
3.4625 -0.0192448
3.4725 -0.0195178
3.4825 -0.0197608
3.4925 -0.0199766
3.5025 -0.0201693
3.5125 -0.020346
3.5225 -0.0205148
3.5325 -0.020682
3.5425 -0.0208475
3.5525 -0.0210053
3.5625 -0.0211509
3.5725 -0.0212851
3.5825 -0.0214111
3.5925 -0.0215303
3.6025 -0.0216429
3.6125 -0.0217481
3.6225 -0.0218464
3.6325 -0.0219389
3.6425 -0.0220274
3.6525 -0.0221134
3.6625 -0.0221983
3.6725 -0.0222835
3.6825 -0.0223691
3.6925 -0.0224541
3.7025 -0.0225374
3.7125 -0.0226185
3.7225 -0.0226939
3.7325 -0.0227556
3.7425 -0.022796
3.7525 -0.0228115
3.7625 -0.0228007
3.7725 -0.0227616
3.7825 -0.0226907
3.7925 -0.0225852
3.8025 -0.0224443
3.8125 -0.0222682
3.8225 -0.0220574
3.8325 -0.0218126
3.8425 -0.0215349
3.8525 -0.0212263
3.8625 -0.0208902
3.8725 -0.0205304
3.8825 -0.0201507
3.8925 -0.0197546
3.9025 -0.0193455
3.9125 -0.0189265
3.9225 -0.018501
3.9325 -0.0180734
3.9425 -0.0176485
3.9525 -0.017231
3.9625 -0.0168249
3.9725 -0.0164332
3.9825 -0.0160559
3.9925 -0.0156914
4.0025 -0.0153375
4.0125 -0.0149926
4.0225 -0.0146565
4.0325 -0.0143302
4.0425 -0.0140145
4.0525 -0.0137098
4.0625 -0.0134156
4.0725 -0.0131272
4.0825 -0.0128348
4.0925 -0.0125277
4.1025 -0.0121977
4.1125 -0.01184
4.1225 -0.0114526
4.1325 -0.0110329
4.1425 -0.0105754
4.1525 -0.0100763
4.1625 -0.00954012
4.1725 -0.00897505
4.1825 -0.00838683
4.1925 -0.00777486
4.2025 -0.00713611
4.2125 -0.00646913
4.2225 -0.00577613
4.2325 -0.00506015
4.2425 -0.00432498
4.2525 -0.00357467
4.2625 -0.00281265
4.2725 -0.00204461
4.2825 -0.00127441
4.2925 -0.000503837
4.3025 0.000268084
4.3125 0.00104469
4.3225 0.00182992
4.3325 0.00262764
4.3425 0.00344179
4.3525 0.00427672
4.3625 0.00513654
4.3725 0.00602297
4.3825 0.00693361
4.3925 0.00786401
4.4025 0.00880961
4.4125 0.00976578
4.4225 0.0107265
4.4325 0.0116823
4.4425 0.0126217
4.4525 0.0135361
4.4625 0.0144207
4.4725 0.0152712
4.4825 0.0160832
4.4925 0.0168555
4.5025 0.0175906
4.5125 0.0182896
4.5225 0.0189505
4.5325 0.0195716
4.5425 0.0201523
4.5525 0.0206927
4.5625 0.0211916
4.5725 0.0216506
4.5825 0.0220728
4.5925 0.022459
4.6025 0.0228116
4.6125 0.0231321
4.6225 0.0234196
4.6325 0.0236702
4.6425 0.0238804
4.6525 0.0240512
4.6625 0.0241852
4.6725 0.0242837
4.6825 0.0243461
4.6925 0.0243716
4.7025 0.0243597
4.7125 0.0243112
4.7225 0.0242274
4.7325 0.0241112
4.7425 0.0239673
4.7525 0.0238006
4.7625 0.0236146
4.7725 0.0234124
4.7825 0.0231968
4.7925 0.0229701
4.8025 0.0227341
4.8125 0.0224914
4.8225 0.0222462
4.8325 0.0220031
4.8425 0.0217654
4.8525 0.0215358
4.8625 0.0213173
4.8725 0.021113
4.8825 0.0209258
4.8925 0.0207567
4.9025 0.0206041
4.9125 0.0204631
4.9225 0.0203283
4.9325 0.0201964
4.9425 0.0200637
4.9525 0.0199214
4.9625 0.0197587
4.9725 0.0195711
4.9825 0.0193605
4.9925 0.0191283
5.0025 0.0188728
5.0125 0.0185908
5.0225 0.0182801
5.0325 0.0179404
5.0425 0.0175751
5.0525 0.0171898
5.0625 0.0167916
5.0725 0.0163888
5.0825 0.0159896
5.0925 0.0156003
5.1025 0.0152227
5.1125 0.014851
5.1225 0.0144751
5.1325 0.0140913
5.1425 0.0137036
5.1525 0.0133096
5.1625 0.0128973
5.1725 0.0124586
5.1825 0.0119945
5.1925 0.0115039
5.2025 0.0109825
5.2125 0.0104261
5.2225 0.00983368
5.2325 0.00920583
5.2425 0.0085418
5.2525 0.00784041
5.2625 0.0071032
5.2725 0.006335
5.2825 0.005544
5.2925 0.00473197
5.3025 0.00390342
5.3125 0.00306059
5.3225 0.00220212
5.3325 0.00132449
5.3425 0.000426219
5.3525 -0.000490546
5.3625 -0.0014204
5.3725 -0.00235631
5.3825 -0.00329298
5.3925 -0.00422836
5.4025 -0.00516079
5.4125 -0.00608652
5.4225 -0.00700277
5.4325 -0.00790817
5.4425 -0.00880199
5.4525 -0.00968348
5.4625 -0.0105531
5.4725 -0.0114119
5.4825 -0.0122582
5.4925 -0.0130852
5.5025 -0.0138882
5.5125 -0.0146682
5.5225 -0.015427
5.5325 -0.0161621
5.5425 -0.0168684
5.5525 -0.017541
5.5625 -0.0181772
5.5725 -0.0187782
5.5825 -0.0193457
5.5925 -0.0198756
5.6025 -0.020364
5.6125 -0.020813
5.6225 -0.0212286
5.6325 -0.0216169
5.6425 -0.0219801
5.6525 -0.022317
5.6625 -0.0226254
5.6725 -0.0229036
5.6825 -0.0231501
5.6925 -0.0233625
5.7025 -0.0235384
5.7125 -0.0236775
5.7225 -0.0237806
5.7325 -0.0238466
5.7425 -0.0238744
5.7525 -0.023862
5.7625 -0.0238088
5.7725 -0.0237143
5.7825 -0.0235788
5.7925 -0.0234027
5.8025 -0.0231874
5.8125 -0.0229346
5.8225 -0.0226467
5.8325 -0.0223266
5.8425 -0.021977
5.8525 -0.0215987
5.8625 -0.0211917
5.8725 -0.0207575
5.8825 -0.0202985
5.8925 -0.0198173
5.9025 -0.0193156
5.9125 -0.0187948
5.9225 -0.0182562
5.9325 -0.0177019
5.9425 -0.0171346
5.9525 -0.0165558
5.9625 -0.0159659
5.9725 -0.0153651
5.9825 -0.014755
5.9925 -0.0141389
6.0025 -0.0135198
6.0125 -0.0128996
6.0225 -0.012279
6.0325 -0.0116568
6.0425 -0.0110283
6.0525 -0.0103874
6.0625 -0.00973404
6.0725 -0.00907591
6.0825 -0.00842144
6.0925 -0.00777412
6.1025 -0.00713324
6.1125 -0.00649594
6.1225 -0.00585988
6.1325 -0.00522528
6.1425 -0.00459423
6.1525 -0.00396787
6.1625 -0.00334776
6.1725 -0.00273104
6.1825 -0.00211914
6.1925 -0.00151366
6.2025 -0.00091731
6.2125 -0.000332296
6.2225 0.000239878
6.2325 0.000798499
6.2425 0.00134427
6.2525 0.00187847
6.2625 0.00240124
6.2725 0.00291101
6.2825 0.00340632
6.2925 0.00388821
6.3025 0.00435973
6.3125 0.00482379
6.3225 0.00528212
6.3325 0.00573539
6.3425 0.00618444
6.3525 0.00663127
6.3625 0.00707918
6.3725 0.00753176
6.3825 0.00799168
6.3925 0.00846025
6.4025 0.00893805
6.4125 0.0094252
6.4225 0.00992081
6.4325 0.010421
6.4425 0.0109191
6.4525 0.0114108
6.4625 0.0118974
6.4725 0.0123814
6.4825 0.0128622
6.4925 0.0133386
6.5025 0.0138115
6.5125 0.0142821
6.5225 0.0147484
6.5325 0.0152074
6.5425 0.0156597
6.5525 0.0161058
6.5625 0.0165418
6.5725 0.0169616
6.5825 0.0173623
6.5925 0.0177443
6.6025 0.0181089
6.6125 0.018455
6.6225 0.0187774
6.6325 0.01907
6.6425 0.0193304
6.6525 0.0195573
6.6625 0.0197477
6.6725 0.0198969
6.6825 0.0200037
6.6925 0.0200725
6.7025 0.020109
6.7125 0.0201155
6.7225 0.0200927
6.7325 0.020042
6.7425 0.0199653
6.7525 0.0198632
6.7625 0.0197346
6.7725 0.0195786
6.7825 0.0193968
6.7925 0.019192
6.8025 0.0189655
6.8125 0.018718
6.8225 0.0184503
6.8325 0.018164
6.8425 0.0178605
6.8525 0.0175406
6.8625 0.0172047
6.8725 0.0168529
6.8825 0.0164857
6.8925 0.0161036
6.9025 0.0157067
6.9125 0.015296
6.9225 0.0148733
6.9325 0.0144397
6.9425 0.0139949
6.9525 0.0135376
6.9625 0.0130664
6.9725 0.0125802
6.9825 0.0120784
6.9925 0.0115612
7.0025 0.0110264
7.0125 0.0104688
7.0225 0.00988271
7.0325 0.00926776
7.0425 0.00862882
7.0525 0.00797018
7.0625 0.00729286
7.0725 0.0065953
7.0825 0.00587416
7.0925 0.00512664
7.1025 0.00435331
7.1125 0.00355326
7.1225 0.00272367
7.1325 0.00186418
7.1425 0.000975121
7.1525 5.77586e-05
7.1625 -0.000887933
7.1725 -0.00186386
7.1825 -0.00286968
7.1925 -0.00389869
7.2025 -0.00494101
7.2125 -0.00599137
7.2225 -0.00704842
7.2325 -0.00811255
7.2425 -0.00918436
7.2525 -0.0102651
7.2625 -0.0113561
7.2725 -0.0124579
7.2825 -0.0135707
7.2925 -0.0146941
7.3025 -0.0158267
7.3125 -0.0169655
7.3225 -0.0181072
7.3325 -0.0192486
7.3425 -0.0203865
7.3525 -0.0215175
7.3625 -0.0226383
7.3725 -0.0237457
7.3825 -0.0248342
7.3925 -0.0259095
7.4025 -0.0269708
7.4125 -0.0280159
7.4225 -0.0290438
7.4325 -0.0300566
7.4425 -0.031058
7.4525 -0.0320443
7.4625 -0.0330173
7.4725 -0.0339751
7.4825 -0.034914
7.4925 -0.0358317
7.5025 -0.0367322
7.5125 -0.0376043
7.5225 -0.0384432
7.5325 -0.0392517
7.5425 -0.0400264
7.5525 -0.0407652
7.5625 -0.0414696
7.5725 -0.0421379
7.5825 -0.0427687
7.5925 -0.0433615
7.6025 -0.0439125
7.6125 -0.0444163
7.6225 -0.0448686
7.6325 -0.0452665
7.6425 -0.0456082
7.6525 -0.0458941
7.6625 -0.0461267
7.6725 -0.046306
7.6825 -0.0464292
7.6925 -0.0464943
7.7025 -0.0465028
7.7125 -0.0464588
7.7225 -0.0463656
7.7325 -0.0462253
7.7425 -0.0460391
7.7525 -0.045808
7.7625 -0.0455332
7.7725 -0.0452162
7.7825 -0.0448582
7.7925 -0.0444609
7.8025 -0.0440277
7.8125 -0.0435627
7.8225 -0.0430685
7.8325 -0.0425438
7.8425 -0.041987
7.8525 -0.0413992
7.8625 -0.0407833
7.8725 -0.0401403
7.8825 -0.0394694
7.8925 -0.0387706
7.9025 -0.0380457
7.9125 -0.0372969
7.9225 -0.0365285
7.9325 -0.0357468
7.9425 -0.0349569
7.9525 -0.0341609
7.9625 -0.033358
7.9725 -0.0325468
7.9825 -0.0317275
7.9925 -0.0309017
8.0025 -0.0300709
8.015 -0.0290255
8.0275 -0.0279705
8.04 -0.0269075
8.0525 -0.0258398
8.065 -0.0247701
8.0775 -0.023679
8.09 -0.0225539
8.1025 -0.0213825
8.115 -0.0201585
8.1275 -0.0188778
8.14 -0.0175381
8.1525 -0.0161409
8.165 -0.0146907
8.1775 -0.0131913
8.19 -0.0116468
8.2025 -0.0100606
8.215 -0.00843551
8.2275 -0.00677412
8.24 -0.00507737
8.2525 -0.0033446
8.265 -0.0015784
8.2775 0.000213922
8.29 0.00202368
8.3025 0.00384156
8.315 0.00565956
8.3275 0.00747427
8.34 0.00928565
8.3525 0.0110954
8.365 0.0129064
8.3775 0.014713
8.39 0.0164987
8.4025 0.0182562
8.415 0.0199866
8.4275 0.0216869
8.44 0.0233515
8.4525 0.0249772
8.465 0.0265638
8.4775 0.0281212
8.49 0.0296533
8.5025 0.031162
8.515 0.0326534
8.5275 0.0341188
8.54 0.0355233
8.5525 0.0368786
8.565 0.0381768
8.5775 0.0394173
8.59 0.0406058
8.6025 0.041734
8.615 0.0427993
8.6275 0.0437982
8.64 0.0447504
8.6525 0.0455267
8.665 0.0461438
8.6775 0.0466922
8.69 0.0471129
8.7025 0.047422
8.715 0.0476522
8.7275 0.0478091
8.74 0.0478945
8.7525 0.0479251
8.765 0.0479187
8.7775 0.0478852
8.79 0.0478475
8.8025 0.047818
8.815 0.0477999
8.8275 0.0478109
8.84 0.0478632
8.8525 0.0479536
8.865 0.0480831
8.8775 0.0482377
8.89 0.0484044
8.9025 0.0485755
8.915 0.0487401
8.9275 0.0488882
8.94 0.0490079
8.9525 0.049088
8.965 0.0491191
8.9775 0.0490904
8.99 0.0489899
9.0025 0.0488118
9.015 0.0485539
9.0275 0.0482152
9.04 0.0477953
9.0525 0.0472944
9.065 0.0467129
9.0775 0.0460532
9.09 0.0453199
9.1025 0.0445174
9.115 0.0436518
9.1275 0.0427427
9.14 0.0418205
9.1525 0.0409057
9.165 0.0400034
9.1775 0.0391175
9.19 0.0382551
9.2025 0.0374186
9.215 0.0366031
9.2275 0.0358037
9.24 0.0350216
9.2525 0.0342605
9.265 0.0335236
9.2775 0.0328182
9.29 0.0321387
9.3025 0.0314851
9.315 0.0308575
9.3275 0.0302554
9.34 0.0296778
9.3525 0.0291219
9.365 0.0285874
9.3775 0.0280682
9.39 0.0275573
9.4025 0.0270491
9.415 0.0265378
9.4275 0.0260165
9.44 0.0254749
9.4525 0.0249119
9.465 0.0243217
9.4775 0.0236859
9.49 0.022989
9.5025 0.0222289
9.515 0.0214106
9.5275 0.020542
9.54 0.0196389
9.5525 0.0187088
9.565 0.0177595
9.5775 0.0167962
9.59 0.0158238
9.6025 0.0148456
9.615 0.0138646
9.6275 0.0128848
9.64 0.01191
9.6525 0.010941
9.665 0.00997603
9.6775 0.00901271
9.69 0.00804772
9.7025 0.00707575
9.715 0.00609409
9.7275 0.00510279
9.74 0.00409906
9.7525 0.00308107
9.765 0.00204664
9.7775 0.000994687
9.79 -7.13115e-05
9.8025 -0.00114502
9.815 -0.00222429
9.8275 -0.00331452
9.84 -0.00442136
9.8525 -0.0055464
9.865 -0.00669625
9.8775 -0.00788581
9.89 -0.00911972
9.9025 -0.0103906
9.915 -0.011692
9.9275 -0.0130215
9.94 -0.0143763
9.9525 -0.0157469
9.965 -0.0171167
9.9775 -0.0184728
9.99 -0.0198095
10.0025 -0.0211232
10.015 -0.0224075
10.0275 -0.0236468
10.04 -0.0248249
10.0525 -0.0259329
10.065 -0.0269683
10.0775 -0.0279325
10.09 -0.0288238
10.1025 -0.0296368
10.115 -0.0303692
10.1275 -0.0310207
10.14 -0.0315904
10.1525 -0.0320765
10.165 -0.0324781
10.1775 -0.0327963
10.19 -0.0330333
10.2025 -0.0331903
10.215 -0.0332737
10.2275 -0.0332875
10.24 -0.0332285
10.2525 -0.0330917
10.265 -0.032882
10.2775 -0.0326086
10.29 -0.0322834
10.3025 -0.0319188
10.315 -0.0315233
10.3275 -0.0310971
10.34 -0.0306366
10.3525 -0.0301435
10.365 -0.0296234
10.3775 -0.0290795
10.39 -0.0285099
10.4025 -0.0279091
10.415 -0.0272757
10.4275 -0.0266176
10.44 -0.0259438
10.4525 -0.0252585
10.465 -0.0245661
10.4775 -0.0238674
10.49 -0.0231546
10.5025 -0.0224231
10.515 -0.0216808
10.5275 -0.0209338
10.54 -0.0201868
10.5525 -0.0194439
10.565 -0.0186972
10.5775 -0.0179389
10.59 -0.0171683
10.6025 -0.0163855
10.615 -0.0155821
10.6275 -0.014753
10.64 -0.0138952
10.6525 -0.0129943
10.665 -0.0120367
10.6775 -0.0110355
10.69 -0.0100062
10.7025 -0.00896777
10.715 -0.00791905
10.7275 -0.00686548
10.74 -0.00580585
10.7525 -0.00473788
10.765 -0.00366216
10.7775 -0.00259086
10.79 -0.00153925
10.8025 -0.00051922
10.815 0.000459539
10.8275 0.00138587
10.84 0.00225279
10.8525 0.00305655
10.865 0.00379525
10.8775 0.00446874
10.89 0.00507935
10.9025 0.00562856
10.915 0.00611794
10.9275 0.00654624
10.94 0.00690993
10.9525 0.00720665
10.965 0.00743234
10.9775 0.00757857
10.99 0.00763951
11.0025 0.00761528
11.015 0.00750467
11.0275 0.00730516
11.04 0.00702107
11.0525 0.00665934
11.065 0.00622558
11.0775 0.00573061
11.09 0.00518312
11.1025 0.00458436
11.115 0.00393775
11.1275 0.0032523
11.14 0.00254279
11.1525 0.00183017
11.165 0.00113186
11.1775 0.000448916
11.19 -0.000217321
11.2025 -0.000862798
11.215 -0.00148714
11.2275 -0.0020881
11.24 -0.00265754
11.2525 -0.00319305
11.265 -0.00370198
11.2775 -0.0041755
11.29 -0.00461971
11.3025 -0.00503229
11.315 -0.0054143
11.3275 -0.00576501
11.34 -0.00607552
11.3525 -0.00633946
11.365 -0.00655551
11.3775 -0.00672568
11.39 -0.00684708
11.4025 -0.00691383
11.415 -0.00691999
11.4275 -0.00686388
11.44 -0.00674821
11.4525 -0.00658182
11.465 -0.00637485
11.4775 -0.00613512
11.49 -0.00587373
11.5025 -0.00560122
11.515 -0.00532904
11.5275 -0.00506697
11.54 -0.00481753
11.5525 -0.0045823
11.565 -0.00436491
11.5775 -0.00416871
11.59 -0.00400281
11.6025 -0.00387909
11.615 -0.00380031
11.6275 -0.00376205
11.64 -0.00376455
11.6525 -0.00381291
11.665 -0.00390771
11.6775 -0.00404663
11.69 -0.00422708
11.7025 -0.00445134
11.715 -0.00471819
11.7275 -0.00501884
11.74 -0.00534429
11.7525 -0.00568896
11.765 -0.00605072
11.7775 -0.00642781
11.79 -0.00682212
11.8025 -0.00723659
11.815 -0.00766821
11.8275 -0.00811511
11.84 -0.00857753
11.8525 -0.00905589
11.865 -0.00954606
11.8775 -0.010041
11.89 -0.0105336
11.9025 -0.0110226
11.915 -0.0115074
11.9275 -0.0119887
11.94 -0.0124718
11.9525 -0.0129605
11.965 -0.0134541
11.9775 -0.0139501
11.99 -0.0144465
12.0025 -0.0149402
12.015 -0.0154229
12.0275 -0.0158837
12.04 -0.0163132
12.0525 -0.0167011
12.065 -0.0170366
12.0775 -0.0173146
12.09 -0.0175333
12.1025 -0.0176913
12.115 -0.0177881
12.1275 -0.0178224
12.14 -0.0177947
12.1525 -0.0177089
12.165 -0.0175726
12.1775 -0.0173937
12.19 -0.0171777
12.2025 -0.0169337
12.215 -0.0166691
12.2275 -0.0163911
12.24 -0.0161054
12.2525 -0.015818
12.265 -0.0155332
12.2775 -0.0152548
12.29 -0.0149831
12.3025 -0.01472
12.315 -0.0144705
12.3275 -0.0142356
12.34 -0.0140129
12.3525 -0.0138039
12.365 -0.0136118
12.3775 -0.0134354
12.39 -0.0132719
12.4025 -0.0131189
12.415 -0.0129758
12.4275 -0.0128396
12.44 -0.0127026
12.4525 -0.0125597
12.465 -0.0124117
12.4775 -0.0122631
12.49 -0.0121144
12.5025 -0.0119597
12.515 -0.0117886
12.5275 -0.0115902
12.54 -0.0113601
12.5525 -0.0111
12.565 -0.0108145
12.5775 -0.0105082
12.59 -0.0101859
12.6025 -0.0098537
12.615 -0.00951559
12.6275 -0.00917162
12.64 -0.00881877
12.6525 -0.00845657
12.665 -0.00808655
12.6775 -0.00771215
12.69 -0.0073358
12.7025 -0.00695929
12.715 -0.00658154
12.7275 -0.00620058
12.74 -0.00581672
12.7525 -0.00542815
12.765 -0.00503457
12.7775 -0.004644
12.79 -0.00426093
12.8025 -0.00388416
12.815 -0.00351303
12.8275 -0.00315069
12.84 -0.00279846
12.8525 -0.00245397
12.865 -0.00211714
12.8775 -0.00179164
12.89 -0.00147953
12.9025 -0.00118069
12.915 -0.000897729
12.9275 -0.000629211
12.94 -0.000367435
12.9525 -0.000104904
12.965 0.000164452
12.9775 0.000447542
12.99 0.000753556
13.0025 0.0010905
13.015 0.00146582
13.0275 0.00189224
13.04 0.00238156
13.0525 0.00293706
13.065 0.00355941
13.0775 0.00424982
13.09 0.0050021
13.1025 0.0058054
13.115 0.00665243
13.1275 0.00753699
13.14 0.00845182
13.1525 0.00939022
13.165 0.010346
13.1775 0.0113131
13.19 0.0122868
13.2025 0.013264
13.215 0.0142439
13.2275 0.0152294
13.24 0.0162247
13.2525 0.0172325
13.265 0.0182488
13.2775 0.0192704
13.29 0.0202953
13.3025 0.0213133
13.315 0.0223165
13.3275 0.0232975
13.34 0.0242526
13.3525 0.0251776
13.365 0.0261042
13.3775 0.0270689
13.39 0.0278989
13.4025 0.0286639
13.415 0.0294524
13.4275 0.0301801
13.44 0.0308483
13.4525 0.0314896
13.465 0.0320853
13.4775 0.0326305
13.49 0.0331394
13.5025 0.0336109
13.515 0.0340411
13.5275 0.0344369
13.54 0.0347932
13.5525 0.0351029
13.565 0.0353683
13.5775 0.0355972
13.59 0.0357927
13.6025 0.0359573
13.615 0.0360945
13.6275 0.0362054
13.64 0.0362899
13.6525 0.0363484
13.665 0.0363818
13.6775 0.0363905
13.69 0.0363765
13.7025 0.0363435
13.715 0.0362943
13.7275 0.0362346
13.74 0.0361701
13.7525 0.0361155
13.765 0.0360728
13.7775 0.036045
13.79 0.0360375
13.8025 0.0360607
13.815 0.0361155
13.8275 0.036203
13.84 0.036327
13.8525 0.0364885
13.865 0.0366855
13.8775 0.0369129
13.89 0.0371679
13.9025 0.0374504
13.915 0.0377579
13.9275 0.0380861
13.94 0.0384294
13.9525 0.0387897
13.965 0.0391678
13.9775 0.0395635
13.99 0.0399764
14.0025 0.0404093
14.015 0.0408746
14.0275 0.0413542
14.04 0.0418454
14.0525 0.0423543
14.065 0.0428728
14.0775 0.0433871
14.09 0.0438928
14.1025 0.0443837
14.115 0.0448536
14.1275 0.0452982
14.14 0.0457069
14.1525 0.0460663
14.165 0.0463659
14.1775 0.0465976
14.19 0.0469023
14.2025 0.0478437
14.215 0.0476169
14.2275 0.0475752
14.24 0.0473921
14.2525 0.0471425
14.265 0.0468294
14.2775 0.0464467
14.29 0.0459943
14.3025 0.0454809
14.315 0.0449103
14.3275 0.0442877
14.34 0.0436223
14.3525 0.04292
14.365 0.0421865
14.3775 0.0414296
14.39 0.0406548
14.4025 0.0398697
14.415 0.0390822
14.4275 0.0382932
14.44 0.0374993
14.4525 0.0366971
14.465 0.0358711
14.4775 0.0350148
14.49 0.0341531
14.5025 0.0332673
14.515 0.0323676
14.5275 0.0314476
14.54 0.0305108
14.5525 0.0295572
14.565 0.0285873
14.5775 0.0276013
14.59 0.0265975
14.6025 0.0255749
14.615 0.0245308
14.6275 0.0234636
14.64 0.0223748
14.6525 0.0212661
14.665 0.0201415
14.6775 0.0190057
14.69 0.0178617
14.7025 0.0167084
14.715 0.0155451
14.7275 0.0143741
14.74 0.0131978
14.7525 0.0120189
14.765 0.0108403
14.7775 0.00966508
14.79 0.00849607
14.8025 0.00733592
14.815 0.00618774
14.8275 0.00505633
14.84 0.00394535
14.8525 0.0028603
14.865 0.00180238
14.8775 0.000779893
14.89 -0.000220944
14.9025 -0.00118705
14.915 -0.00211983
14.9275 -0.00301678
14.94 -0.00387567
14.9525 -0.00469936
14.965 -0.00548465
14.9775 -0.00622945
14.99 -0.00693357
15.0025 -0.00759931
15.015 -0.00823126
15.0275 -0.00883698
15.04 -0.009415
15.0525 -0.00996787
15.065 -0.0105028
15.0775 -0.0110231
15.09 -0.011781
15.1025 -0.012614
15.115 -0.0130067
15.1275 -0.0134786
15.14 -0.0138794
15.1525 -0.0143164
15.165 -0.0147809
15.1775 -0.0151619
15.19 -0.0155472
15.2025 -0.0157869
15.215 -0.016159
15.2275 -0.0165
15.24 -0.0168838
15.2525 -0.0172639
15.265 -0.0176004
15.2775 -0.0179309
15.29 -0.0182998
15.3025 -0.0186953
15.315 -0.0191098
15.3275 -0.0195344
15.34 -0.0199881
15.3525 -0.0204957
15.365 -0.0210555
15.3775 -0.0216463
15.39 -0.0222735
15.4025 -0.0229346
15.415 -0.0236304
15.4275 -0.0243544
15.44 -0.0250985
15.4525 -0.0258601
15.465 -0.0266259
15.4775 -0.0273905
15.49 -0.0281466
15.5025 -0.0288914
15.515 -0.0296192
15.5275 -0.0303212
15.54 -0.0309935
15.5525 -0.0316338
15.565 -0.0322385
15.5775 -0.0328035
15.59 -0.033329
15.6025 -0.0338146
15.615 -0.0342562
15.6275 -0.0346495
15.64 -0.0349951
15.6525 -0.0352921
15.665 -0.035537
15.6775 -0.0357294
15.69 -0.0358708
15.7025 -0.0359644
15.715 -0.0360159
15.7275 -0.0360335
15.74 -0.0360208
15.7525 -0.0359771
15.765 -0.0359004
15.7775 -0.0357904
15.79 -0.0356459
15.8025 -0.0354651
15.815 -0.035248
15.8275 -0.0349955
15.84 -0.0347078
15.8525 -0.0343859
15.865 -0.0340322
15.8775 -0.033649
15.89 -0.0332386
15.9025 -0.0328082
15.915 -0.0323728
15.9275 -0.0319501
15.94 -0.0315513
15.9525 -0.0311839
15.965 -0.0308471
15.9775 -0.0305443
15.99 -0.0302775
16.0025 -0.0300439
16.0125 -0.0298796
16.0225 -0.0297357
16.0325 -0.0296131
16.0425 -0.0295105
16.0525 -0.0294244
16.0625 -0.0293528
16.0725 -0.0292931
16.0825 -0.0292441
16.0925 -0.0292054
16.1025 -0.0291757
16.1125 -0.0291552
16.1225 -0.0291453
16.1325 -0.029147
16.1425 -0.0291605
16.1525 -0.0291837
16.1625 -0.0292121
16.1725 -0.0292419
16.1825 -0.0292715
16.1925 -0.0293007
16.2025 -0.0293265
16.2125 -0.029342
16.2225 -0.0293415
16.2325 -0.0293218
16.2425 -0.0292809
16.2525 -0.029216
16.2625 -0.0291237
16.2725 -0.0290055
16.2825 -0.0288656
16.2925 -0.0287044
16.3025 -0.0285183
16.3125 -0.0283019
16.3225 -0.0280505
16.3325 -0.0277634
16.3425 -0.0274433
16.3525 -0.027092
16.3625 -0.0267092
16.3725 -0.0262938
16.3825 -0.0258465
16.3925 -0.0253671
16.4025 -0.0248549
16.4125 -0.0243108
16.4225 -0.0237367
16.4325 -0.0231349
16.4425 -0.0225064
16.4525 -0.0218526
16.4625 -0.0211767
16.4725 -0.0204814
16.4825 -0.0197689
16.4925 -0.0190486
16.5025 -0.0183179
16.5125 -0.0175742
16.5225 -0.0168233
16.5325 -0.0160678
16.5425 -0.0153074
16.5525 -0.0145423
16.5625 -0.013773
16.5725 -0.0129964
16.5825 -0.0122083
16.5925 -0.0114069
16.6025 -0.010592
16.6125 -0.00976395
16.6225 -0.00892357
16.6325 -0.00807115
16.6425 -0.00720657
16.6525 -0.00633117
16.6625 -0.00544763
16.6725 -0.00455798
16.6825 -0.00366232
16.6925 -0.00275986
16.7025 -0.0018503
16.7125 -0.000934019
16.7225 -1.28203e-05
16.7325 0.000911169
16.7425 0.00183858
16.7525 0.00276835
16.7625 0.00369939
16.7725 0.00463182
16.7825 0.00556463
16.7925 0.00649546
16.8025 0.00742203
16.8125 0.00834345
16.8225 0.00925939
16.8325 0.0101689
16.8425 0.0110709
16.8525 0.0119644
16.8625 0.0128478
16.8725 0.0137184
16.8825 0.0145737
16.8925 0.0154112
16.9025 0.0162284
16.9125 0.0170236
16.9225 0.0177997
16.9325 0.0185605
16.9425 0.0192876
16.9525 0.0199894
16.9625 0.0206713
16.9725 0.0213272
16.9825 0.0219603
16.9925 0.0225712
17.0025 0.0231574
17.0125 0.0237205
17.0225 0.0242619
17.0325 0.0247825
17.0425 0.0252844
17.0525 0.0257697
17.0625 0.0262397
17.0725 0.0266957
17.0825 0.027139
17.0925 0.0275708
17.1025 0.0279922
17.1125 0.0284065
17.1225 0.0288124
17.1325 0.0292077
17.1425 0.0296006
17.1525 0.0299956
17.1625 0.0303891
17.1725 0.030783
17.1825 0.0311846
17.1925 0.0315914
17.2025 0.0320011
17.2125 0.0324136
17.2225 0.0328269
17.2325 0.0332331
17.2425 0.0336254
17.2525 0.0340184
17.2625 0.0343719
17.2725 0.0345063
17.2825 0.0348478
17.2925 0.0351815
17.3025 0.0353592
17.3125 0.0356018
17.3225 0.0357754
17.3325 0.0359263
17.3425 0.0360519
17.3525 0.0361543
17.3625 0.0362368
17.3725 0.0363218
17.3825 0.0364167
17.3925 0.0364549
17.4025 0.0365065
17.4125 0.0365863
17.4225 0.0366288
17.4325 0.036658
17.4425 0.0366949
17.4525 0.0367424
17.4625 0.0367893
17.4725 0.0368342
17.4825 0.0368899
17.4925 0.0369592
17.5025 0.0370365
17.5125 0.0371219
17.5225 0.03722
17.5325 0.0373324
17.5425 0.037456
17.5525 0.0375871
17.5625 0.0377233
17.5725 0.0378618
17.5825 0.0379997
17.5925 0.0381355
17.6025 0.0382696
17.6125 0.0384019
17.6225 0.0385316
17.6325 0.0386582
17.6425 0.0387814
17.6525 0.0389011
17.6625 0.0390178
17.6725 0.0391339
17.6825 0.0392519
17.6925 0.0393727
17.7025 0.0394959
17.7125 0.0396206
17.7225 0.0397463
17.7325 0.0398725
17.7425 0.0399997
17.7525 0.0401296
17.7625 0.0402641
17.7725 0.0404049
17.7825 0.0405527
17.7925 0.0407076
17.8025 0.0408694
17.8125 0.0410383
17.8225 0.0412144
17.8325 0.0413965
17.8425 0.0415824
17.8525 0.0417694
17.8625 0.0419559
17.8725 0.0421416
17.8825 0.0423269
17.8925 0.0425118
17.9025 0.0426965
17.9125 0.0428816
17.9225 0.0430677
17.9325 0.0432549
17.9425 0.0434423
17.9525 0.0436282
17.9625 0.0438116
17.9725 0.0439873
17.9825 0.0441408
17.9925 0.0442741
18.0025 0.0444074
18.0125 0.0445457
18.0225 0.0446847
18.0325 0.0448254
18.0425 0.0449713
18.0525 0.0451266
18.0625 0.0452941
18.0725 0.0454767
18.0825 0.0456775
18.0925 0.0458991
18.1025 0.0461423
18.1125 0.0464074
18.1225 0.0466939
18.1325 0.0470022
18.1425 0.0473331
18.1525 0.0476876
18.1625 0.048067
18.1725 0.048472
18.1825 0.0489018
18.1925 0.049355
18.2025 0.049828
18.2125 0.0503176
18.2225 0.0508219
18.2325 0.0513401
18.2425 0.0518718
18.2525 0.0524145
18.2625 0.0529632
18.2725 0.0535123
18.2825 0.0540562
18.2925 0.0545906
18.3025 0.0551134
18.3125 0.0556217
18.3225 0.0561114
18.3325 0.0565784
18.3425 0.0570197
18.3525 0.0574345
18.3625 0.0578224
18.3725 0.0581812
18.3825 0.0585076
18.3925 0.0587993
18.4025 0.0590551
18.4125 0.0592749
18.4225 0.0594589
18.4325 0.0596022
18.4425 0.0597028
18.4525 0.059763
18.4625 0.059785
18.4725 0.0597697
18.4825 0.0597182
18.4925 0.0596322
18.5025 0.0595118
18.5125 0.0593584
18.5225 0.0591748
18.5325 0.0589634
18.5425 0.0587261
18.5525 0.0584661
18.5625 0.0581851
18.5725 0.057884
18.5825 0.0575657
18.5925 0.0572334
18.6025 0.0568898
18.6125 0.0565321
18.6225 0.0561608
18.6325 0.0557775
18.6425 0.0553836
18.6525 0.0549791
18.6625 0.0545623
18.6725 0.0541324
18.6825 0.0536876
18.6925 0.0532259
18.7025 0.0527489
18.7125 0.052257
18.7225 0.0517402
