0.0025 -9.14665e-06
0.0125 -9.16849e-06
0.0225 -9.20931e-06
0.035 -9.14171e-06
0.045 -8.84018e-06
0.055 -8.13999e-06
0.065 -6.84857e-06
0.075 -4.75909e-06
0.085 -1.664e-06
0.095 2.6341e-06
0.105 8.31138e-06
0.115 1.55159e-05
0.125 2.43727e-05
0.135 3.49955e-05
0.145 4.74822e-05
0.155 6.19037e-05
0.165 7.83037e-05
0.175 9.67042e-05
0.185 0.000117102
0.195 0.000139454
0.205 0.000163684
0.215 0.000189674
0.225 0.000217276
0.235 0.000246333
0.245 0.000276692
0.255 0.000308208
0.265 0.000340784
0.275 0.000374389
0.285 0.000409044
0.295 0.000444858
0.305 0.000482056
0.315 0.000520993
0.325 0.00056213
0.335 0.00060598
0.345 0.00065306
0.355 0.000703888
0.365 0.000759008
0.375 0.000818973
0.385 0.000884324
0.395 0.000955545
0.405 0.00103305
0.415 0.00111716
0.425 0.0012082
0.435 0.0013064
0.445 0.00141191
0.455 0.00152464
0.465 0.00164425
0.475 0.00177021
0.485 0.00190172
0.495 0.00203768
0.5075 0.00221179
0.52 0.00238738
0.5325 0.00256038
0.545 0.00272603
0.5575 0.00287907
0.57 0.00301397
0.5825 0.00312502
0.595 0.00320654
0.6075 0.00325343
0.62 0.00326148
0.6325 0.00322758
0.645 0.00314983
0.6575 0.00302772
0.67 0.00286233
0.6825 0.00265632
0.695 0.00241386
0.7075 0.0021407
0.72 0.00184391
0.7325 0.00153175
0.745 0.00121344
0.7575 0.00089872
0.77 0.000597496
0.7825 0.000319575
0.795 7.41664e-05
0.8075 -0.00013064
0.82 -0.000288384
0.8325 -0.00039458
0.845 -0.000446901
0.8575 -0.000445407
0.87 -0.000392555
0.8825 -0.000293094
0.895 -0.000153827
0.9075 1.65332e-05
0.92 0.000207631
0.9325 0.000408237
0.945 0.000606858
0.9575 0.000792117
0.97 0.000953093
0.9825 0.00107989
0.995 0.0011641
1.005 0.00119635
1.0175 0.00118884
1.03 0.00112608
1.0425 0.00100834
1.055 0.000838368
1.0675 0.00062125
1.08 0.000364256
1.0925 7.65482e-05
1.105 -0.000231218
1.1175 -0.000547516
1.13 -0.000860435
1.1425 -0.00115793
1.155 -0.00142867
1.1675 -0.0016626
1.18 -0.00185126
1.1925 -0.00198834
1.205 -0.00207005
1.2175 -0.00209529
1.23 -0.00206588
1.2425 -0.00198652
1.255 -0.00186457
1.2675 -0.00170971
1.28 -0.00153352
1.2925 -0.00134885
1.305 -0.00116903
1.3175 -0.0010076
1.33 -0.000877335
1.3425 -0.000789899
1.355 -0.000755068
1.3675 -0.000780104
1.38 -0.000869309
1.3925 -0.00102361
1.405 -0.00124029
1.4175 -0.00151325
1.43 -0.00183375
1.4425 -0.00219057
1.455 -0.00257103
1.4675 -0.00296156
1.48 -0.00334835
1.4925 -0.00371789
1.505 -0.00405742
1.5175 -0.00435556
1.53 -0.00460277
1.5425 -0.00479152
1.555 -0.00491643
1.5675 -0.0049747
1.58 -0.00496631
1.5925 -0.00489422
1.605 -0.00476442
1.6175 -0.00458537
1.63 -0.00436755
1.6425 -0.00412277
1.655 -0.00386343
1.6675 -0.00360174
1.68 -0.00334894
1.6925 -0.00311472
1.705 -0.0029068
1.7175 -0.00273065
1.73 -0.0025892
1.7425 -0.00248278
1.755 -0.00240919
1.7675 -0.00236381
1.78 -0.00233966
1.7925 -0.0023277
1.805 -0.00231733
1.8175 -0.00229699
1.83 -0.00225488
1.8425 -0.00217966
1.855 -0.00206119
1.8675 -0.00189119
1.88 -0.00166373
1.8925 -0.00137568
1.905 -0.00102707
1.9175 -0.000620447
1.93 -0.000161148
1.9425 0.000341682
1.955 0.00087707
1.9675 0.00143195
1.98 0.00199178
1.9925 0.002541
2.0025 0.00296212
2.0125 0.00335847
2.0225 0.00372259
2.0325 0.0040477
2.0425 0.00432792
2.0525 0.00455853
2.0625 0.00473605
2.0725 0.00485833
2.0825 0.00492471
2.0925 0.00493608
2.1025 0.00489479
2.1125 0.00480455
2.1225 0.00467021
2.1325 0.00449766
2.1425 0.00429355
2.1525 0.00406519
2.1625 0.00382031
2.1725 0.0035669
2.1825 0.00331301
2.1925 0.00306655
2.2025 0.00283506
2.2125 0.00262546
2.2225 0.00244385
2.2325 0.00229533
2.2425 0.00218386
2.2525 0.00211216
2.2625 0.00208163
2.2725 0.00209238
2.2825 0.00214326
2.2925 0.00223204
2.3025 0.00235542
2.3125 0.00250915
2.3225 0.00268812
2.3325 0.00288657
2.3425 0.00309826
2.3525 0.00331658
2.3625 0.00353482
2.3725 0.00374635
2.3825 0.00394495
2.3925 0.00412508
2.4025 0.00428198
2.4125 0.00441184
2.4225 0.00451193
2.4325 0.00458069
2.4425 0.00461781
2.4525 0.00462432
2.4625 0.00460258
2.4725 0.00455628
2.4825 0.00449024
2.4925 0.00441022
2.5025 0.00432269
2.5125 0.00423461
2.5225 0.00415312
2.5325 0.00408534
2.5425 0.0040426
2.5525 0.00403038
2.5625 0.00404049
2.5725 0.00408207
2.5825 0.0041562
2.5925 0.00426447
2.6025 0.00440644
2.6125 0.00458169
2.6225 0.00479022
2.6325 0.00502907
2.6425 0.00529407
2.6525 0.00558008
2.6625 0.00588078
2.6725 0.00618878
2.6825 0.00649607
2.6925 0.0067942
2.7025 0.00707443
2.7125 0.00732792
2.7225 0.00754615
2.7325 0.0077207
2.7425 0.00784335
2.7525 0.00790978
2.7625 0.00791273
2.7725 0.0078485
2.7825 0.0077148
2.7925 0.0075106
2.8025 0.00723691
2.8125 0.00689598
2.8225 0.00649179
2.8325 0.00602983
2.8425 0.005517
2.8525 0.00496133
2.8625 0.0043717
2.8725 0.00375747
2.8825 0.00312834
2.8925 0.00249422
2.9025 0.0018645
2.9125 0.00124807
2.9225 0.000652916
2.9325 8.59975e-05
2.9425 -0.000447246
2.9525 -0.000943159
2.9625 -0.00139752
2.9725 -0.00180893
2.9825 -0.00217701
2.9925 -0.00250315
3.0025 -0.00279024
3.0125 -0.00304174
3.0225 -0.00326129
3.0325 -0.00345589
3.0425 -0.003629
3.0525 -0.0037865
3.0625 -0.00393349
3.0725 -0.00407497
3.0825 -0.00421522
3.0925 -0.00435759
3.1025 -0.00450478
3.1125 -0.0046582
3.1225 -0.00481611
3.1325 -0.00498326
3.1425 -0.00515474
3.1525 -0.00532916
3.1625 -0.00550558
3.1725 -0.0056813
3.1825 -0.00585455
3.1925 -0.0060224
3.2025 -0.00618236
3.2125 -0.00633229
3.2225 -0.00647029
3.2325 -0.0065948
3.2425 -0.00670461
3.2525 -0.00679828
3.2625 -0.00687466
3.2725 -0.00693307
3.2825 -0.00697325
3.2925 -0.00699496
3.3025 -0.00699835
3.3125 -0.00698391
3.3225 -0.00695262
3.3325 -0.00690585
3.3425 -0.00684535
3.3525 -0.00677314
3.3625 -0.00669152
3.3725 -0.00660295
3.3825 -0.00650994
3.3925 -0.00641493
3.4025 -0.00632022
3.4125 -0.00622797
3.4225 -0.00614012
3.4325 -0.00605835
3.4425 -0.00598536
3.4525 -0.0059236
3.4625 -0.00586581
3.4725 -0.00581539
3.4825 -0.00576971
3.4925 -0.00572855
3.5025 -0.00569108
3.5125 -0.00565638
3.5225 -0.00562397
3.5325 -0.00559321
3.5425 -0.00556353
3.5525 -0.00553441
3.5625 -0.00550554
3.5725 -0.00547682
3.5825 -0.00544828
3.5925 -0.00542009
3.6025 -0.00539253
3.6125 -0.00536606
3.6225 -0.00534134
3.6325 -0.00531925
3.6425 -0.00530065
3.6525 -0.00528667
3.6625 -0.00527849
3.6725 -0.00527738
3.6825 -0.00528463
3.6925 -0.00530154
3.7025 -0.00532936
3.7125 -0.00536929
3.7225 -0.00542236
3.7325 -0.00548945
3.7425 -0.00557081
3.7525 -0.00566671
3.7625 -0.00577824
3.7725 -0.00590359
3.7825 -0.00604219
3.7925 -0.00619226
3.8025 -0.00635189
3.8125 -0.00651854
3.8225 -0.0066892
3.8325 -0.00686059
3.8425 -0.00702921
3.8525 -0.0071914
3.8625 -0.00734332
3.8725 -0.00748115
3.8825 -0.00760118
3.8925 -0.00769989
3.9025 -0.00777409
3.9125 -0.00782096
3.9225 -0.00783814
3.9325 -0.00782374
3.9425 -0.00777648
3.9525 -0.0076957
3.9625 -0.00758141
3.9725 -0.00743428
3.9825 -0.0072557
3.9925 -0.00704766
4.0025 -0.00681271
4.0125 -0.00655388
4.0225 -0.00627455
4.0325 -0.00597831
4.0425 -0.00566906
4.0525 -0.00535073
4.0625 -0.00502729
4.0725 -0.00470263
4.0825 -0.00438052
4.0925 -0.00406437
4.1025 -0.00375707
4.1125 -0.00346088
4.1225 -0.00317739
4.1325 -0.0029075
4.1425 -0.00265145
4.1525 -0.00240872
4.1625 -0.00217803
4.1725 -0.00195745
4.1825 -0.00174487
4.1925 -0.00153955
4.2025 -0.00133584
4.2125 -0.00113379
4.2225 -0.000929661
4.2325 -0.000720435
4.2425 -0.000502025
4.2525 -0.000271268
4.2625 -3.00107e-05
4.2725 0.000224202
4.2825 0.000491979
4.2925 0.000773822
4.3025 0.00106976
4.3125 0.00137934
4.3225 0.00170169
4.3325 0.00203555
4.3425 0.00237949
4.3525 0.00273179
4.3625 0.00309046
4.3725 0.00345333
4.3825 0.00381821
4.3925 0.00418289
4.4025 0.00454511
4.4125 0.0049026
4.4225 0.00525313
4.4325 0.00559452
4.4425 0.00592469
4.4525 0.00624155
4.4625 0.00654302
4.4725 0.00682718
4.4825 0.00709216
4.4925 0.00733617
4.5025 0.00755762
4.5125 0.00775514
4.5225 0.00792767
4.5325 0.00807443
4.5425 0.00819494
4.5525 0.00828903
4.5625 0.00835813
4.5725 0.0084016
4.5825 0.00841551
4.5925 0.00840079
4.6025 0.00835715
4.6125 0.00828574
4.6225 0.00818799
4.6325 0.00806562
4.6425 0.00792096
4.6525 0.00775677
4.6625 0.00757615
4.6725 0.00738247
4.6825 0.0071793
4.6925 0.00697035
4.7025 0.0067594
4.7125 0.0065502
4.7225 0.00634642
4.7325 0.00615179
4.7425 0.00596928
4.7525 0.0058013
4.7625 0.00564984
4.7725 0.0055163
4.7825 0.00540161
4.7925 0.00530614
4.8025 0.00522978
4.8125 0.00517189
4.8225 0.00513136
4.8325 0.00510669
4.8425 0.00509606
4.8525 0.00509741
4.8625 0.0051085
4.8725 0.00512696
4.8825 0.00515042
4.8925 0.00517658
4.9025 0.00520327
4.9125 0.00522851
4.9225 0.00525051
4.9325 0.00526764
4.9425 0.00527847
4.9525 0.00528181
4.9625 0.00527671
4.9725 0.00526226
4.9825 0.00523765
4.9925 0.00520221
5.0025 0.00515551
5.0125 0.00509727
5.0225 0.00502738
5.0325 0.00494584
5.0425 0.00485274
5.0525 0.00474831
5.0625 0.00463292
5.0725 0.00450715
5.0825 0.00437178
5.0925 0.00422788
5.1025 0.00407679
5.1125 0.00392013
5.1225 0.00375965
5.1325 0.00359709
5.1425 0.00343403
5.1525 0.00327199
5.1625 0.00311247
5.1725 0.00295664
5.1825 0.00280522
5.1925 0.00265858
5.2025 0.00251674
5.2125 0.00237928
5.2225 0.00224533
5.2325 0.00211356
5.2425 0.00198227
5.2525 0.00184941
5.2625 0.00171259
5.2725 0.00156917
5.2825 0.00141304
5.2925 0.00124619
5.3025 0.00106803
5.3125 0.000877022
5.3225 0.000672459
5.3325 0.000453664
5.3425 0.00022022
5.3525 -2.82796e-05
5.3625 -0.000292014
5.3725 -0.000570948
5.3825 -0.000864774
5.3925 -0.00117237
5.4025 -0.00149283
5.4125 -0.00182573
5.4225 -0.00216835
5.4325 -0.00251941
5.4425 -0.00287663
5.4525 -0.00323796
5.4625 -0.00360105
5.4725 -0.00396345
5.4825 -0.00432276
5.4925 -0.00467663
5.5025 -0.0050228
5.5125 -0.00535905
5.5225 -0.00568326
5.5325 -0.00599352
5.5425 -0.00628811
5.5525 -0.00656557
5.5625 -0.00682462
5.5725 -0.00706423
5.5825 -0.0072836
5.5925 -0.0074822
5.6025 -0.00765978
5.6125 -0.00781633
5.6225 -0.00795205
5.6325 -0.00806738
5.6425 -0.00816306
5.6525 -0.00824008
5.6625 -0.00829966
5.6725 -0.00834319
5.6825 -0.00837217
5.6925 -0.00838818
5.7025 -0.00839283
5.7125 -0.0083877
5.7225 -0.00837409
5.7325 -0.00835409
5.7425 -0.00832766
5.7525 -0.00829589
5.7625 -0.00825989
5.7725 -0.00822038
5.7825 -0.00817762
5.7925 -0.00813138
5.8025 -0.00808119
5.8125 -0.00802627
5.8225 -0.00796548
5.8325 -0.00789743
5.8425 -0.00782058
5.8525 -0.00773323
5.8625 -0.00763366
5.8725 -0.00752005
5.8825 -0.00739064
5.8925 -0.00724375
5.9025 -0.00707788
5.9125 -0.00689176
5.9225 -0.00668436
5.9325 -0.00645499
5.9425 -0.00620327
5.9525 -0.00592923
5.9625 -0.0056333
5.9725 -0.00531634
5.9825 -0.00497955
5.9925 -0.00462452
6.0025 -0.0042532
6.0125 -0.00386808
6.0225 -0.00347254
6.0325 -0.00306853
6.0425 -0.00266048
6.0525 -0.0022514
6.0625 -0.00184461
6.0725 -0.0014432
6.0825 -0.00105011
6.0925 -0.000668335
6.1025 -0.00030054
6.1125 5.10359e-05
6.1225 0.000384146
6.1325 0.000696808
6.1425 0.000988016
6.1525 0.00125728
6.1625 0.00150607
6.1725 0.00172931
6.1825 0.00192763
6.1925 0.00210063
6.2025 0.00224859
6.2125 0.00237229
6.2225 0.00247291
6.2325 0.00255201
6.2425 0.00261148
6.2525 0.0026535
6.2625 0.00268055
6.2725 0.00269527
6.2825 0.00270038
6.2925 0.00269869
6.3025 0.00269299
6.3125 0.00268597
6.3225 0.00268022
6.3325 0.00267818
6.3425 0.00268205
6.3525 0.00269377
6.3625 0.00271495
6.3725 0.00274685
6.3825 0.00279045
6.3925 0.00284631
6.4025 0.00291468
6.4125 0.00299542
6.4225 0.00308812
6.4325 0.00319201
6.4425 0.00330604
6.4525 0.00342885
6.4625 0.00355882
6.4725 0.00369407
6.4825 0.00383262
6.4925 0.00397242
6.5025 0.00411135
6.5125 0.00424735
6.5225 0.00437848
6.5325 0.00450296
6.5425 0.00461918
6.5525 0.00472578
6.5625 0.00482171
6.5725 0.00490623
6.5825 0.00497909
6.5925 0.00503995
6.6025 0.00508888
6.6125 0.00512657
6.6225 0.0051537
6.6325 0.00517151
6.6425 0.00518108
6.6525 0.00518374
6.6625 0.00518102
6.6725 0.00517453
6.6825 0.00516576
6.6925 0.00515625
6.7025 0.00514737
6.7125 0.00514048
6.7225 0.00513688
6.7325 0.00513774
6.7425 0.00514385
6.7525 0.0051558
6.7625 0.0051739
6.7725 0.00519818
6.7825 0.00522836
6.7925 0.00526383
6.8025 0.00530372
6.8125 0.0053469
6.8225 0.00539203
6.8325 0.00543754
6.8425 0.00548169
6.8525 0.00552261
6.8625 0.00555837
6.8725 0.00558695
6.8825 0.00560636
6.8925 0.00561461
6.9025 0.00560979
6.9125 0.00559011
6.9225 0.00555391
6.9325 0.00549973
6.9425 0.00542637
6.9525 0.00533285
6.9625 0.00521848
6.9725 0.0050828
6.9825 0.00492562
6.9925 0.00474693
7.0025 0.00454706
7.0125 0.00432651
7.0225 0.00408597
7.0325 0.0038262
7.0425 0.00354799
7.0525 0.00325227
7.0625 0.0029401
7.0725 0.00261266
7.0825 0.0022712
7.0925 0.00191701
7.1025 0.00154971
7.1125 0.00117123
7.1225 0.00078677
7.1325 0.000397319
7.1425 5.42236e-06
7.1525 -0.00038709
7.1625 -0.000778359
7.1725 -0.00116674
7.1825 -0.00155031
7.1925 -0.00192798
7.2025 -0.00230022
7.2125 -0.00266419
7.2225 -0.00302039
7.2325 -0.00336792
7.2425 -0.00370691
7.2525 -0.00403732
7.2625 -0.0043593
7.2725 -0.00467328
7.2825 -0.00497996
7.2925 -0.00528022
7.3025 -0.00557508
7.3125 -0.00586562
7.3225 -0.00615301
7.3325 -0.00643841
7.3425 -0.006723
7.3525 -0.00700788
7.3625 -0.007294
7.3725 -0.00758225
7.3825 -0.00787804
7.3925 -0.00817251
7.4025 -0.00846184
7.4125 -0.00874373
7.4225 -0.00901444
7.4325 -0.00927087
7.4425 -0.00950953
7.4525 -0.00973465
7.4625 -0.00994124
7.4725 -0.0101277
7.4825 -0.0102956
7.4925 -0.0104439
7.5025 -0.0105635
7.5125 -0.010665
7.5225 -0.0107542
7.5325 -0.0108241
7.5425 -0.0108777
7.5525 -0.0109169
7.5625 -0.0109394
7.5725 -0.0109468
7.5825 -0.0109409
7.5925 -0.0109203
7.6025 -0.0108849
7.6125 -0.0108358
7.6225 -0.0107737
7.6325 -0.0106994
7.6425 -0.0106135
7.6525 -0.0105172
7.6625 -0.0104118
7.6725 -0.0102982
7.6825 -0.0101777
7.6925 -0.0100515
7.7025 -0.00992081
7.7125 -0.00978695
7.7225 -0.00965144
7.7325 -0.00951529
7.7425 -0.00937904
7.7525 -0.009243
7.7625 -0.00910716
7.7725 -0.00897132
7.7825 -0.00883501
7.7925 -0.00869755
7.8025 -0.0085581
7.8125 -0.0084157
7.8225 -0.00826931
7.8325 -0.00811795
7.8425 -0.00796062
7.8525 -0.00779662
7.8625 -0.00762471
7.8725 -0.00744423
7.8825 -0.00725466
7.8925 -0.0070552
7.9025 -0.00684542
7.9125 -0.0066249
7.9225 -0.0063935
7.9325 -0.00615117
7.9425 -0.00589806
7.9525 -0.00563464
7.9625 -0.00536161
7.9725 -0.00507986
7.9825 -0.00479054
7.9925 -0.00449479
8.0025 -0.00419387
8.015 -0.00381253
8.0275 -0.00342799
8.04 -0.00304288
8.0525 -0.00265949
8.065 -0.00227454
8.0775 -0.00190446
8.09 -0.00155221
8.1025 -0.00122437
8.115 -0.000923641
8.1275 -0.000652063
8.14 -0.000411164
8.1525 -0.000200164
8.165 -1.71802e-05
8.1775 0.000140698
8.19 0.000277852
8.2025 0.000399362
8.215 0.000511364
8.2275 0.000620537
8.24 0.000733626
8.2525 0.000857528
8.265 0.000999125
8.2775 0.00116486
8.29 0.00136049
8.3025 0.00159082
8.315 0.00185962
8.3275 0.00216936
8.34 0.00252112
8.3525 0.00291459
8.365 0.00334802
8.3775 0.00381838
8.39 0.0043214
8.4025 0.00485161
8.415 0.00540252
8.4275 0.00596682
8.44 0.00653665
8.4525 0.00710418
8.465 0.00766373
8.4775 0.0081974
8.49 0.00869596
8.5025 0.00914718
8.515 0.00952938
8.5275 0.00983824
8.54 0.0101161
8.5525 0.0103406
8.565 0.0105198
8.5775 0.0106575
8.59 0.0107487
8.6025 0.0108038
8.615 0.0108209
8.6275 0.0108113
8.64 0.0109024
8.6525 0.010969
8.665 0.0111073
8.6775 0.0112505
8.69 0.0115281
8.7025 0.011872
8.715 0.0122223
8.7275 0.0126171
8.74 0.0130721
8.7525 0.013558
8.765 0.0140525
8.7775 0.0145703
8.79 0.0150963
8.8025 0.0156166
8.815 0.0161455
8.8275 0.0166428
8.84 0.0170992
8.8525 0.017526
8.865 0.017902
8.8775 0.0182305
8.89 0.0185158
8.9025 0.018752
8.915 0.0189417
8.9275 0.0190863
8.94 0.0191916
8.9525 0.0192603
8.965 0.0192939
8.9775 0.0192944
8.99 0.0192662
9.0025 0.0192129
9.015 0.0191377
9.0275 0.0190442
9.04 0.0189351
9.0525 0.0188121
9.065 0.018677
9.0775 0.0185308
9.09 0.0183737
9.1025 0.0182057
9.115 0.0180262
9.1275 0.0178339
9.14 0.0176271
9.1525 0.0174043
9.165 0.0171641
9.1775 0.0169054
9.19 0.0166272
9.2025 0.0163292
9.215 0.016011
9.2275 0.0156723
9.24 0.0153131
9.2525 0.0149337
9.265 0.014534
9.2775 0.014107
9.29 0.013663
9.3025 0.0132045
9.315 0.0127335
9.3275 0.0122516
9.34 0.0117611
9.3525 0.0112667
9.365 0.0107673
9.3775 0.0102656
9.39 0.00976401
9.4025 0.00926397
9.415 0.00876668
9.4275 0.00827739
9.44 0.00779973
9.4525 0.00733382
9.465 0.00687543
9.4775 0.00642852
9.49 0.005992
9.5025 0.00556665
9.515 0.00515076
9.5275 0.00474438
9.54 0.00433707
9.5525 0.00393896
9.565 0.00354403
9.5775 0.00315168
9.59 0.00276018
9.6025 0.0023682
9.615 0.00197486
9.6275 0.00157957
9.64 0.00118237
9.6525 0.000783824
9.665 0.000384414
9.6775 -1.20392e-05
9.69 -0.000402222
9.7025 -0.000783464
9.715 -0.00115141
9.7275 -0.00150318
9.74 -0.00183176
9.7525 -0.00213514
9.765 -0.00241085
9.7775 -0.00265527
9.79 -0.00286597
9.8025 -0.00304255
9.815 -0.00318419
9.8275 -0.00329061
9.84 -0.00336285
9.8525 -0.00340315
9.865 -0.00341362
9.8775 -0.00339729
9.89 -0.00335795
9.9025 -0.00330022
9.915 -0.00322914
9.9275 -0.00315008
9.94 -0.00306874
9.9525 -0.00299091
9.965 -0.00292228
9.9775 -0.00286824
9.99 -0.0028337
10.0025 -0.00282297
10.015 -0.00283964
10.0275 -0.00288649
10.04 -0.00296542
10.0525 -0.00307735
10.065 -0.00322207
10.0775 -0.00339942
10.09 -0.00360657
10.1025 -0.00384119
10.115 -0.00409907
10.1275 -0.00437616
10.14 -0.0046673
10.1525 -0.00496717
10.165 -0.00527
10.1775 -0.00557002
10.19 -0.00586174
10.2025 -0.00614583
10.215 -0.00641003
10.2275 -0.0066524
10.24 -0.00686681
10.2525 -0.00705003
10.265 -0.00719732
10.2775 -0.00730471
10.29 -0.00737005
10.3025 -0.00739198
10.315 -0.0073707
10.3275 -0.00730752
10.34 -0.00720491
10.3525 -0.00706624
10.365 -0.00689568
10.3775 -0.00669799
10.39 -0.00647847
10.4025 -0.00624291
10.415 -0.00599665
10.4275 -0.00574463
10.44 -0.00549128
10.4525 -0.00524054
10.465 -0.00499563
10.4775 -0.00475899
10.49 -0.00453223
10.5025 -0.00431582
10.515 -0.00410881
10.5275 -0.00390939
10.54 -0.00371459
10.5525 -0.00352065
10.565 -0.00332328
10.5775 -0.00311769
10.59 -0.00289861
10.6025 -0.0026574
10.615 -0.00239336
10.6275 -0.00210873
10.64 -0.00180289
10.6525 -0.00147599
10.665 -0.00113178
10.6775 -0.000767273
10.69 -0.000396469
10.7025 -8.42831e-06
10.715 0.000392681
10.7275 0.00080969
10.74 0.00124382
10.7525 0.00169778
10.765 0.00216473
10.7775 0.00264872
10.79 0.00314948
10.8025 0.00366812
10.815 0.00420208
10.8275 0.0047504
10.84 0.00531123
10.8525 0.0058814
10.865 0.00645688
10.8775 0.00703351
10.89 0.00760667
10.9025 0.00817112
10.915 0.00872129
10.9275 0.00925161
10.94 0.00975656
10.9525 0.0102306
10.965 0.0106687
10.9775 0.0110665
10.99 0.011419
11.0025 0.0117212
11.015 0.0119685
11.0275 0.0121565
11.04 0.01228
11.0525 0.0123353
11.065 0.0123198
11.0775 0.0122318
11.09 0.0120715
11.1025 0.0118403
11.115 0.01154
11.1275 0.0111727
11.14 0.0107428
11.1525 0.0102538
11.165 0.00970993
11.1775 0.00912497
11.19 0.00850855
11.2025 0.00786851
11.215 0.00721531
11.2275 0.00655891
11.24 0.00590801
11.2525 0.00527224
11.265 0.00466713
11.2775 0.00408276
11.29 0.00352918
11.3025 0.00300581
11.315 0.00251506
11.3275 0.00205697
11.34 0.00162593
11.3525 0.00122806
11.365 0.000857327
11.3775 0.000515713
11.39 0.00019972
11.4025 -9.32618e-05
11.415 -0.000366844
11.4275 -0.000622702
11.44 -0.000857209
11.4525 -0.00107351
11.465 -0.00126843
11.4775 -0.00144255
11.49 -0.00159117
11.5025 -0.00171287
11.515 -0.00180831
11.5275 -0.00187494
11.54 -0.00191161
11.5525 -0.0019234
11.565 -0.0019119
11.5775 -0.0018794
11.59 -0.00182724
11.6025 -0.00175873
11.615 -0.00167715
11.6275 -0.00158498
11.64 -0.00148425
11.6525 -0.00137755
11.665 -0.00126706
11.6775 -0.00115387
11.69 -0.00104131
11.7025 -0.000929211
11.715 -0.000816763
11.7275 -0.000703477
11.74 -0.000588792
11.7525 -0.000471567
11.765 -0.000350604
11.7775 -0.000226417
11.79 -9.88774e-05
11.8025 3.35974e-05
11.815 0.000167935
11.8275 0.000304834
11.84 0.000444376
11.8525 0.000586806
11.865 0.000732141
11.8775 0.00088351
11.89 0.0010368
11.9025 0.0011938
11.915 0.0013538
11.9275 0.0015158
11.94 0.00167855
11.9525 0.00184018
11.965 0.00199842
11.9775 0.00214998
11.99 0.00229133
12.0025 0.00241894
12.015 0.00252871
12.0275 0.00261632
12.04 0.0026775
12.0525 0.0027081
12.065 0.00270495
12.0775 0.00266495
12.09 0.00258505
12.1025 0.00246361
12.115 0.00230061
12.1275 0.00209474
12.14 0.00184615
12.1525 0.00155677
12.165 0.00123033
12.1775 0.00087109
12.19 0.000481624
12.2025 7.44482e-05
12.215 -0.000347491
12.2275 -0.000773483
12.24 -0.00119615
12.2525 -0.00160342
12.265 -0.00198679
12.2775 -0.00233688
12.29 -0.00264603
12.3025 -0.00290636
12.315 -0.0031095
12.3275 -0.00325257
12.34 -0.00333448
12.3525 -0.00335412
12.365 -0.00331361
12.3775 -0.00321787
12.39 -0.00307276
12.4025 -0.0028854
12.415 -0.00266471
12.4275 -0.00242007
12.44 -0.00216123
12.4525 -0.00189768
12.465 -0.0016385
12.4775 -0.00139204
12.49 -0.00116549
12.5025 -0.000964492
12.515 -0.000793145
12.5275 -0.000653597
12.54 -0.000543813
12.5525 -0.000462293
12.565 -0.000407857
12.5775 -0.000375518
12.59 -0.000358671
12.6025 -0.000350691
12.615 -0.000344499
12.6275 -0.000332132
12.64 -0.000309576
12.6525 -0.000266068
12.665 -0.000200211
12.6775 -0.000105151
12.69 2.2189e-05
12.7025 0.000185479
12.715 0.000386914
12.7275 0.000630949
12.74 0.000918493
12.7525 0.00124506
12.765 0.00160884
12.7775 0.00201267
12.79 0.00245269
12.8025 0.0029253
12.815 0.00342534
12.8275 0.00394718
12.84 0.00448401
12.8525 0.00502833
12.865 0.00557221
12.8775 0.00610747
12.89 0.00662578
12.9025 0.00711875
12.915 0.00757837
12.9275 0.00799714
12.94 0.00836815
12.9525 0.00868539
12.965 0.00894395
12.9775 0.0091402
12.99 0.00927182
13.0025 0.00933796
13.015 0.00933937
13.0275 0.00927899
13.04 0.00916041
13.0525 0.00898948
13.065 0.00877288
13.0775 0.00851899
13.09 0.00823724
13.1025 0.00793777
13.115 0.00763023
13.1275 0.00732515
13.14 0.00703315
13.1525 0.00676368
13.165 0.00652548
13.1775 0.00632645
13.19 0.00617316
13.2025 0.00607054
13.215 0.00602195
13.2275 0.00602894
13.24 0.00609241
13.2525 0.0062106
13.265 0.00638097
13.2775 0.00659752
13.29 0.00685171
13.3025 0.00714526
13.315 0.0074689
13.3275 0.00781723
13.34 0.00818413
13.3525 0.00856358
13.365 0.00890982
13.3775 0.00916252
13.39 0.00957753
13.4025 0.0100635
13.415 0.0104776
13.4275 0.0109212
13.44 0.0113926
13.4525 0.0118476
13.465 0.0123015
13.4775 0.0127599
13.49 0.0132098
13.5025 0.0136498
13.515 0.014084
13.5275 0.0145002
13.54 0.0149031
13.5525 0.0152937
13.565 0.0156693
13.5775 0.0160282
13.59 0.0163736
13.6025 0.0167054
13.615 0.017024
13.6275 0.0173313
13.64 0.0176291
13.6525 0.0179188
13.665 0.0182019
13.6775 0.0184799
13.69 0.0187541
13.7025 0.0190254
13.715 0.0192946
13.7275 0.0195648
13.74 0.019848
13.7525 0.0201238
13.765 0.0203903
13.7775 0.0206451
13.79 0.0208989
13.8025 0.0211379
13.815 0.0213714
13.8275 0.0216027
13.84 0.0218296
13.8525 0.0220563
13.865 0.0222818
13.8775 0.0225104
13.89 0.0227447
13.9025 0.0229839
13.915 0.0232324
13.9275 0.0234898
13.94 0.0237618
13.9525 0.0240463
13.965 0.0243382
13.9775 0.0246389
13.99 0.0249468
14.0025 0.0252561
14.015 0.0255445
14.0275 0.0258357
14.04 0.0261394
14.0525 0.0264349
14.065 0.0267274
14.0775 0.0270228
14.09 0.0273109
14.1025 0.0275923
14.115 0.0278689
14.1275 0.0281361
14.14 0.0283921
14.1525 0.0286366
14.165 0.0288678
14.1775 0.0290844
14.19 0.029122
14.2025 0.0281556
14.215 0.0287752
14.2275 0.0289902
14.24 0.0293914
14.2525 0.0297514
14.265 0.0301205
14.2775 0.0304926
14.29 0.0308522
14.3025 0.0311743
14.315 0.0314602
14.3275 0.0317067
14.34 0.0318984
14.3525 0.0320252
14.365 0.0320857
14.3775 0.0320778
14.39 0.0319976
14.4025 0.0318421
14.415 0.0316136
14.4275 0.031317
14.44 0.0309556
14.4525 0.0305337
14.465 0.0300728
14.4775 0.0295903
14.49 0.0290524
14.5025 0.0284914
14.515 0.0278968
14.5275 0.027285
14.54 0.0266583
14.5525 0.0260241
14.565 0.0253886
14.5775 0.0247558
14.59 0.0241334
14.6025 0.0235252
14.615 0.0229347
14.6275 0.0223652
14.64 0.0218183
14.6525 0.0212953
14.665 0.0207959
14.6775 0.0203192
14.69 0.0198633
14.7025 0.0194262
14.715 0.0190044
14.7275 0.018594
14.74 0.0181916
14.7525 0.0177921
14.765 0.0173907
14.7775 0.0169821
14.79 0.0165612
14.8025 0.0161232
14.815 0.0156629
14.8275 0.0151768
14.84 0.0146644
14.8525 0.014116
14.865 0.0135211
14.8775 0.0128722
14.89 0.0121979
14.9025 0.0114745
14.915 0.010711
14.9275 0.00990963
14.94 0.00906637
14.9525 0.0081896
14.965 0.00727868
14.9775 0.00633887
14.99 0.0053748
15.0025 0.00439038
15.015 0.00339204
15.0275 0.00239787
15.04 0.00141425
15.0525 0.000447869
15.065 -0.000487927
15.0775 -0.00137844
15.09 -0.00192271
15.1025 -0.00222371
15.115 -0.00315234
15.1275 -0.00391409
15.14 -0.00475898
15.1525 -0.00551459
15.165 -0.00616947
15.1775 -0.00692312
15.19 -0.00778598
15.2025 -0.00886822
15.215 -0.0094952
15.2275 -0.0101018
15.24 -0.010563
15.2525 -0.0109873
15.265 -0.0114709
15.2775 -0.0119262
15.29 -0.01226
15.3025 -0.012535
15.315 -0.0127636
15.3275 -0.0129738
15.34 -0.0131592
15.3525 -0.0132662
15.365 -0.0133254
15.3775 -0.0133639
15.39 -0.0133876
15.4025 -0.0133921
15.415 -0.0133691
15.4275 -0.0133385
15.44 -0.0133099
15.4525 -0.0132861
15.465 -0.0132789
15.4775 -0.0132851
15.49 -0.0133159
15.5025 -0.0133739
15.515 -0.0134612
15.5275 -0.0135816
15.54 -0.013734
15.5525 -0.013919
15.565 -0.0141349
15.5775 -0.0143785
15.59 -0.0146457
15.6025 -0.0149327
15.615 -0.0152344
15.6275 -0.0155434
15.64 -0.0158524
15.6525 -0.0161536
15.665 -0.0164408
15.6775 -0.0167052
15.69 -0.0169379
15.7025 -0.0171346
15.715 -0.0172885
15.7275 -0.0173945
15.74 -0.0174503
15.7525 -0.0174509
15.765 -0.0173971
15.7775 -0.0172903
15.79 -0.017132
15.8025 -0.0169273
15.815 -0.0166809
15.8275 -0.0163999
15.84 -0.016092
15.8525 -0.0157656
15.865 -0.0154296
15.8775 -0.0150927
15.89 -0.014763
15.9025 -0.0144479
15.915 -0.0141517
15.9275 -0.0138773
15.94 -0.0136346
15.9525 -0.013423
15.965 -0.0132479
15.9775 -0.0131109
15.99 -0.0130135
16.0025 -0.012956
16.0125 -0.0129381
16.0225 -0.0129443
16.0325 -0.0129732
16.0425 -0.0130232
16.0525 -0.0130934
16.0625 -0.0131808
16.0725 -0.013282
16.0825 -0.0133924
16.0925 -0.0135065
16.1025 -0.0136228
16.1125 -0.0137388
16.1225 -0.0138499
16.1325 -0.0139535
16.1425 -0.0140456
16.1525 -0.0141233
16.1625 -0.0141849
16.1725 -0.0142282
16.1825 -0.0142506
16.1925 -0.0142507
16.2025 -0.0142274
16.2125 -0.0141804
16.2225 -0.0141089
16.2325 -0.0140125
16.2425 -0.0138924
16.2525 -0.01375
16.2625 -0.0135905
16.2725 -0.0134162
16.2825 -0.0132253
16.2925 -0.0130179
16.3025 -0.0127968
16.3125 -0.0125647
16.3225 -0.0123245
16.3325 -0.012078
16.3425 -0.0118267
16.3525 -0.0115722
16.3625 -0.0113167
16.3725 -0.0110625
16.3825 -0.0108101
16.3925 -0.0105606
16.4025 -0.0103156
16.4125 -0.0100751
16.4225 -0.00983932
16.4325 -0.00960811
16.4425 -0.00938125
16.4525 -0.00915814
16.4625 -0.0089378
16.4725 -0.00871886
16.4825 -0.00849926
16.4925 -0.00826683
16.5025 -0.00802526
16.5125 -0.00778781
16.5225 -0.00754874
16.5325 -0.00730455
16.5425 -0.00705883
16.5525 -0.00681144
16.5625 -0.00655939
16.5725 -0.00630266
16.5825 -0.0060429
16.5925 -0.0057801
16.6025 -0.0055138
16.6125 -0.00524385
16.6225 -0.0049691
16.6325 -0.00468747
16.6425 -0.0043974
16.6525 -0.00409805
16.6625 -0.00378849
16.6725 -0.00346743
16.6825 -0.00313342
16.6925 -0.00278482
16.7025 -0.0024204
16.7125 -0.00204088
16.7225 -0.0016429
16.7325 -0.00122498
16.7425 -0.000788643
16.7525 -0.000332615
16.7625 0.000144244
16.7725 0.000641468
16.7825 0.0011597
16.7925 0.00170077
16.8025 0.00226515
16.8125 0.00285163
16.8225 0.00345952
16.8325 0.00409015
16.8425 0.00474492
16.8525 0.00542387
16.8625 0.00612655
16.8725 0.00685255
16.8825 0.0076013
16.8925 0.00837229
16.9025 0.00916577
16.9125 0.0099823
16.9225 0.0108026
16.9325 0.0116298
16.9425 0.012493
16.9525 0.013363
16.9625 0.014231
16.9725 0.0151133
16.9825 0.0160019
16.9925 0.016889
17.0025 0.0177729
17.0125 0.0186483
17.0225 0.0195131
17.0325 0.0203667
17.0425 0.0212043
17.0525 0.0220212
17.0625 0.0228156
17.0725 0.0235859
17.0825 0.0243303
17.0925 0.025047
17.1025 0.0257342
17.1125 0.0263867
17.1225 0.027006
17.1325 0.0276012
17.1425 0.0281688
17.1525 0.0287068
17.1625 0.0292206
17.1725 0.0297118
17.1825 0.0301762
17.1925 0.0306195
17.2025 0.0310449
17.2125 0.0314516
17.2225 0.031846
17.2325 0.0322517
17.2425 0.0326639
17.2525 0.0330605
17.2625 0.0338058
17.2725 0.0351149
17.2825 0.0354019
17.2925 0.0358402
17.3025 0.0365597
17.3125 0.0371019
17.3225 0.0377784
17.3325 0.0385303
17.3425 0.0393124
17.3525 0.0401239
17.3625 0.0409693
17.3725 0.0417542
17.3825 0.0425943
17.3925 0.0435316
17.4025 0.0444118
17.4125 0.0452493
17.4225 0.0461369
17.4325 0.0470586
17.4425 0.0479572
17.4525 0.048832
17.4625 0.0497139
17.4725 0.0506033
17.4825 0.0514747
17.4925 0.0523234
17.5025 0.0531619
17.5125 0.0539901
17.5225 0.0547974
17.5325 0.0555806
17.5425 0.0563441
17.5525 0.0570885
17.5625 0.0578099
17.5725 0.0585067
17.5825 0.0591808
17.5925 0.0598332
17.6025 0.060463
17.6125 0.0610698
17.6225 0.0616549
17.6325 0.0622196
17.6425 0.0627645
17.6525 0.0632905
17.6625 0.0637988
17.6725 0.064291
17.6825 0.0647684
17.6925 0.0652322
17.7025 0.0656843
17.7125 0.0661264
17.7225 0.0665602
17.7325 0.0669874
17.7425 0.0674096
17.7525 0.0678286
17.7625 0.0682459
17.7725 0.0686631
17.7825 0.0690814
17.7925 0.0695025
17.8025 0.0699276
17.8125 0.0703577
17.8225 0.0707941
17.8325 0.0712375
17.8425 0.0716886
17.8525 0.0721482
17.8625 0.0726166
17.8725 0.0730938
17.8825 0.0735798
17.8925 0.0740742
17.9025 0.0745764
17.9125 0.0750857
17.9225 0.0756012
17.9325 0.0761216
17.9425 0.0766457
17.9525 0.0771721
17.9625 0.0776991
17.9725 0.0782272
17.9825 0.0787665
17.9925 0.0793171
18.0025 0.0798584
18.0125 0.0803828
18.0225 0.0808962
18.0325 0.0814007
18.0425 0.0818933
18.0525 0.0823697
18.0625 0.082827
18.0725 0.083263
18.0825 0.0836769
18.0925 0.0840685
18.1025 0.0844367
18.1125 0.0847786
18.1225 0.0850919
18.1325 0.0853762
18.1425 0.0856321
18.1525 0.0858597
18.1625 0.0860591
18.1725 0.086231
18.1825 0.0863765
18.1925 0.0864974
18.2025 0.0865959
18.2125 0.0866747
18.2225 0.086737
18.2325 0.0867869
18.2425 0.0868273
18.2525 0.0868618
18.2625 0.0868943
18.2725 0.0869287
18.2825 0.0869687
18.2925 0.087018
18.3025 0.0870797
18.3125 0.0871566
18.3225 0.0872513
18.3325 0.0873656
18.3425 0.0875008
18.3525 0.0876577
18.3625 0.0878362
18.3725 0.0880356
18.3825 0.0882557
18.3925 0.0884981
18.4025 0.0887661
18.4125 0.089052
18.4225 0.0893483
18.4325 0.0896575
18.4425 0.0899784
18.4525 0.0903047
18.4625 0.0906325
18.4725 0.0909609
18.4825 0.0912854
18.4925 0.0915988
18.5025 0.0918989
18.5125 0.0921832
18.5225 0.0924464
18.5325 0.0926843
18.5425 0.0928942
18.5525 0.0930711
18.5625 0.093211
18.5725 0.093314
18.5825 0.0933785
18.5925 0.0934017
18.6025 0.0933811
18.6125 0.0933236
18.6225 0.0932325
18.6325 0.093108
18.6425 0.0929508
18.6525 0.0927631
18.6625 0.092551
18.6725 0.0923163
18.6825 0.0920629
18.6925 0.0917956
18.7025 0.0915148
18.7125 0.0912247
18.7225 0.0909429
