0 0 0
0 0 0
0 0 0
0 0 0
0 0 0
0 0 0
0 0 0
0 0 0
0 0 0
0 0 0
0 0 0
0 0 0
0 0 0
0 0 0
0 0 0
0 0 0
0 0 0
0 0 0
0 0 0
0 0 0
0 0 0
0 0 0
0 0 0
0 0 0
0 0 0
0 0 0
0 0 0
0 0 0
0 0 0
0 0 0
0 0 0
0 0 0
0 0 0
0 0 0
0 0 0
0 0 0
0 0 0
0 0 0
0 0 0
0 0 0
0 0 0
0 0 0
0 0 0
0 0 0
0 0 0
0 0 0
0 0 0
0 0 0
0 0 0
0 0 0
0 0 0
0 0 0
0 0 0
0 0 0
0 0 0
0 0 0
0 0 0
0 0 0
0 0 0
0 0 0
0 0 0
0 0 0
0 0 0
0 0 0
0 0 0
0 0 0
0 0 0
0 0 0
0 0 0
0 0 0
0 0 0
0 0 0
0 0 0
0 0 0
0 0 0
0 0 0
0 0 0
0 0 0
0 0 0
0 0 0
0 0 0
0 0 0
0 0 0
0 0 0
0 0 0
0 0 0
0 0 0
0 0 0
0 0 0
0 0 0
0 0 0
0 0 0
0 0 0
0 0 0
0 0 0
0 0 0
0 0 0
0 0 0
0 0 0
0 0 0
0 0 0
0 0 0
0 0 0
0 0 0
0 0 0
0 0 0
0 0 0
0 0 0
0 0 0
0 0 0
0 0 0
0 0 0
0 0 0
0 0 0
0 0 0
0 0 0
0 0 0
0 0 0
0 0 0
0 0 0
0 0 0
0 0 0
0 0 0
0 0 0
0 0 0
0 0 0
0 0 0
0 0 0
0 0 0
0 0 0
0 0 0
0 0 0
0 0 0
0 0 0
0 0 0
0 0 0
0 0 0
0 0 0
0 0 0
0 0 0
0 0 0
0 0 0
0 0 0
0 0 0
0 0 0
0 0 0
0 0 0
0 0 0
0 0 0
0 0 0
0 0 0
0 0 0
0 0 0
0 0 0
0 0 0
0 0 0
0 0 0
0 0 0
0 0 0
0 0 0
0 0 0
0 0 0
0 0 0
0 0 0
0 0 0
0 0 0
0 0 0
0 0 0
0 0 0
0 0 0
0 0 0
0 0 0
0 0 0
0 0 0
0 0 0
0 0 0
0 0 0
0 0 0
0 0 0
0 0 0
0 0 0
0 0 0
0 0 0
0 0 0
0 0 0
0 0 0
0 0 0
0 0 0
0 0 0
0 0 0
0 0 0
0 0 0
0 0 0
0 0 0
0 0 0
0 0 0
0 0 0
0 0 0
0 0 0
0 0 0
0 0 0
0 0 0
0 0 0
0 0 0
0 0 0
0.0138198 0 0
0.0282765 0 0
0.0430905 0 0
0.0579215 0 0
0.0724843 0 0
0.086712 0 0
0.10072 0 0
0.114603 0 0
0.12831 0 0
0.141686 0 0
0.154501 0 0
0.16639 0 0
0.176829 0 0
0.185252 0 0
0.19121 0.00755337 0
0.194487 0.0234118 0
0.195126 0.0399553 0
0.194225 0.0567324 0
0.192192 0.0732617 0
0.189093 0.0890559 0
0.185019 0.103615 0
0.180119 0.116428 0
0.17457 0.127004 0
0.168526 0.134917 0.0063319
0.162106 0.139822 0.0135047
0.155428 0.141462 0.0215055
0.148591 0.140568 0.030269
0.141607 0.137944 0.0396717
0.134353 0.13365 0.0495344
0.126648 0.127803 0.0596329
0.118361 0.120544 0.0697098
0.109442 0.112025 0.0794812
0.0999008 0.102404 0.0886426
0.0999008 0.0918466 0.0968804
0.0999008 0.0805172 0.103882
0.0999008 0.0746151 0.109338
0.0999008 0.0746151 0.112946
0.0999008 0.0746151 0.114415
0.0999008 0.0746151 0.113949
0.0999008 0.0746151 0.112172
0.0999008 0.0746151 0.109003
0.0999008 0.0746151 0.104385
0.0999008 0.0746151 0.0982951
0.0999008 0.0746151 0.0907233
0.0999008 0.0746151 0.0817239
0.0999008 0.0746151 0.0713542
0.0999008 0.0746151 0.059725
0.0999008 0.0746151 0.059725
0.0999008 0.0746151 0.059725
0.0999008 0.0746151 0.059725
0.0999008 0.0746151 0.059725
0.0999008 0.0746151 0.059725
0.0999008 0.0746151 0.059725
0.0999008 0.0746151 0.059725
0.0999008 0.0746151 0.059725
0.0999008 0.0746151 0.059725
0.0999008 0.0746151 0.059725
0.0999008 0.0746151 0.059725
0.0999008 0.0746151 0.059725
0.0999008 0.0746151 0.059725
0.0999008 0.0746151 0.059725
0.0999008 0.0746151 0.059725
0.0999008 0.0746151 0.059725
0.0999008 0.0746151 0.059725
0.0999008 0.0746151 0.059725
0.0999008 0.0746151 0.059725
0.0999008 0.0746151 0.059725
0.0999008 0.0746151 0.059725
0.0999008 0.0746151 0.059725
0.0999008 0.0746151 0.0574783
0.0999008 0.0746151 0.0572343
0.0991764 0.0708595 0.0572343
0.0983668 0.0708595 0.0572343
0.0977487 0.0708595 0.0572343
0.0977487 0.0708595 0.0572343
0.0976249 0.0708595 0.0572343
0.0976249 0.0708595 0.0572343
0.0976249 0.0708595 0.0572343
0.0976249 0.0708595 0.0572343
0.0976249 0.0708595 0.0572343
0.0976197 0.0708595 0.0572343
0.097598 0.0708159 0.0572343
0.097598 0.0708159 0.0572343
0.097598 0.0708159 0.0572343
0.0975831 0.0708159 0.0572343
0.0975831 0.0708159 0.0572343
0.0975831 0.0708159 0.0572343
0.0975831 0.0708159 0.0572343
0.0975831 0.0708159 0.0572343
0.0975831 0.0708159 0.0572343
0.0975831 0.0708159 0.0572343
0.0975831 0.0708159 0.0572343
0.0975831 0.0708159 0.0572343
0.0975831 0.0708159 0.0572343
0.0975831 0.0708159 0.0572343
0.0975831 0.0708159 0.0572343
0.0975831 0.0708159 0.0572343
0.0975831 0.0708159 0.0572343
0.0975831 0.0708159 0.0572343
0.0975831 0.0708159 0.0572343
0.0975831 0.0708159 0.0572343
0.0975831 0.0708159 0.0572343
0.0975831 0.0708159 0.0572343
0.0975831 0.0708159 0.0572343
0.0975831 0.0708159 0.0572343
0.0975831 0.0708159 0.0572343
0.0975831 0.0708159 0.0572343
0.0975831 0.0708159 0.0572343
0.0975831 0.0708159 0.0572343
0.0975831 0.0708159 0.0572343
0.0975831 0.0708159 0.0572343
0.0975831 0.0708159 0.0572343
0.0975831 0.0708159 0.0572343
0.0975831 0.0708159 0.0572343
0.0975831 0.0708159 0.0572343
0.0975831 0.0708159 0.0572343
0.0975831 0.0708159 0.0572343
0.0975831 0.0708159 0.0572343
0.0975831 0.0708159 0.0572343
0.0975831 0.0708159 0.0572343
0.0975831 0.0708159 0.0572343
0.0975831 0.0708159 0.0572343
0.0975831 0.0708159 0.0572343
0.0975831 0.0708159 0.0572343
0.0975831 0.0708159 0.0572343
0.0975831 0.0708159 0.0572343
0.0975831 0.0708159 0.0572343
0.0975831 0.0708159 0.0572343
0.0975831 0.0708159 0.0572343
0.0975831 0.0708159 0.0572343
0.111125 0.0708159 0.0572343
0.137942 0.0708159 0.0572343
0.164742 0.0708159 0.0572343
0.191522 0.0708159 0.0572343
0.218018 0.0708159 0.0572343
0.244004 0.0857582 0.0572343
0.269351 0.0995176 0.0572343
0.293895 0.112195 0.0572343
0.317443 0.123866 0.0572343
0.339945 0.134617 0.0572343
0.36152 0.144529 0.0572343
0.382238 0.153692 0.0572343
0.402019 0.162239 0.0626082
0.420739 0.170337 0.0684166
0.438338 0.178146 0.0745982
0.454839 0.185783 0.0810988
0.470382 0.193316 0.0878726
0.485195 0.200786 0.0948738
0.499443 0.20825 0.102048
0.513132 0.215805 0.109331
0.526209 0.223561 0.11666
0.538732 0.231577 0.123979
0.550884 0.239856 0.131246
0.562834 0.248389 0.138419
0.574559 0.257218 0.145452
0.5858 0.266452 0.152296
0.596052 0.276177 0.158916
0.603732 0.285752 0.165372
0.606892 0.294808 0.171631
0.607179 0.30389 0.177754
0.606824 0.313732 0.183433
0.606815 0.324774 0.188729
0.606841 0.336312 0.193606
0.606435 0.347189 0.198289
0.605909 0.357387 0.202827
0.605586 0.367091 0.20715
0.605331 0.376116 0.211276
0.604917 0.384299 0.21522
0.60425 0.39168 0.219008
0.602864 0.397932 0.222715
0.600609 0.402764 0.226364
0.597613 0.405927 0.229949
0.594069 0.40731 0.233434
0.590078 0.40707 0.236832
0.585589 0.405857 0.240126
0.580493 0.403689 0.243264
0.574686 0.40062 0.24616
0.568123 0.396683 0.248733
0.56085 0.391896 0.250916
0.552978 0.386286 0.252633
0.544593 0.379897 0.253793
0.535689 0.372799 0.254293
0.526198 0.365075 0.254085
0.516127 0.356799 0.253327
0.50562 0.348027 0.251945
0.494891 0.33879 0.249894
0.4841 0.329133 0.247131
0.473297 0.319132 0.243614
0.462409 0.308893 0.239306
0.451286 0.298532 0.234172
0.439782 0.288153 0.228191
0.427861 0.277823 0.221361
0.415662 0.267555 0.213702
0.403428 0.257326 0.205245
0.391388 0.247108 0.196034
0.379643 0.242 0.186116
0.368086 0.242 0.175546
0.356449 0.242 0.164387
0.356449 0.242 0.158608
0.356449 0.242 0.158608
0.356449 0.242 0.158608
0.356449 0.242 0.158608
0.356449 0.242 0.158608
0.356449 0.242 0.158608
0.356449 0.242 0.158608
0.356449 0.242 0.158608
0.356449 0.242 0.158608
0.356449 0.242 0.158608
0.356449 0.242 0.158608
0.356449 0.242 0.158608
0.356449 0.242 0.158608
0.356449 0.242 0.158608
0.356449 0.242 0.158608
0.356449 0.242 0.158608
0.356449 0.242 0.158608
0.356449 0.242 0.158608
0.356449 0.242 0.158608
0.356449 0.242 0.156484
0.356449 0.242 0.156484
0.356449 0.242 0.156484
0.356449 0.242 0.156484
0.356449 0.242 0.156484
0.356449 0.242 0.156484
0.356449 0.242 0.156484
0.356449 0.242 0.155746
0.356449 0.242 0.155746
0.356449 0.242 0.155746
0.356449 0.242 0.155746
0.356449 0.242 0.155746
0.356449 0.242 0.155746
0.356449 0.239143 0.155746
0.352587 0.239143 0.155746
0.352587 0.239143 0.155746
0.352587 0.239143 0.155746
0.352587 0.239143 0.155746
0.352587 0.239143 0.155746
0.352587 0.239143 0.155746
0.352587 0.239143 0.155738
0.352587 0.239143 0.155738
0.352587 0.239143 0.155738
0.352587 0.239143 0.155738
0.352587 0.239143 0.155738
0.352587 0.239143 0.155738
0.352587 0.239143 0.155738
0.352587 0.239143 0.155738
0.352587 0.239143 0.155738
0.352587 0.239143 0.155738
0.352587 0.239079 0.155738
0.352587 0.239079 0.155738
0.352587 0.239079 0.155738
0.352587 0.239079 0.155738
0.352587 0.239079 0.155738
0.352587 0.239079 0.155738
0.352587 0.239079 0.155738
0.352587 0.239079 0.155738
0.352587 0.239079 0.155738
0.352587 0.239079 0.155738
0.352587 0.239079 0.155738
0.352587 0.239079 0.155738
0.352587 0.239079 0.155738
0.352587 0.239079 0.155738
0.352542 0.239079 0.155738
0.352478 0.239079 0.155738
0.352478 0.239079 0.155738
0.352478 0.239079 0.155738
0.352478 0.239079 0.155738
0.352478 0.239079 0.155738
0.352478 0.239079 0.155738
0.352478 0.239079 0.155738
0.352478 0.23903 0.155738
0.352478 0.23903 0.155738
0.352478 0.23903 0.155738
0.352478 0.23903 0.155738
0.352478 0.23903 0.155738
0.352478 0.23903 0.155738
0.352478 0.23903 0.155738
0.352478 0.23903 0.155738
0.352478 0.23903 0.155738
0.352478 0.23903 0.155738
0.352478 0.23903 0.155738
0.352478 0.23903 0.155738
0.352478 0.23903 0.155738
0.352478 0.23903 0.155738
0.352478 0.23903 0.155738
0.352478 0.23903 0.155738
0.352478 0.23903 0.155738
0.352478 0.23903 0.155738
0.352478 0.23903 0.155738
0.352478 0.23903 0.155738
0.352478 0.23903 0.155738
0.352478 0.23903 0.155738
0.352478 0.23903 0.155738
0.352478 0.23903 0.155738
0.352478 0.23903 0.155738
0.352478 0.23903 0.155738
0.352478 0.23903 0.155738
0.352478 0.23903 0.155738
0.352478 0.23903 0.155738
0.352478 0.23903 0.155738
0.352478 0.23903 0.155738
0.352478 0.23903 0.155738
0.352478 0.23903 0.155738
0.352478 0.23903 0.155738
0.352478 0.23903 0.155738
0.352478 0.23903 0.155738
0.352478 0.23903 0.155738
0.352478 0.23903 0.155738
0.352478 0.23903 0.155738
0.352478 0.23903 0.155738
0.352478 0.23903 0.155738
0.352478 0.23903 0.155738
0.352478 0.23903 0.155738
0.352478 0.23903 0.155738
0.352478 0.23903 0.155738
0.352478 0.23903 0.155738
0.352478 0.23903 0.155738
0.352478 0.23903 0.155738
0.352478 0.23903 0.155738
0.352478 0.23903 0.155738
0.352478 0.23903 0.155738
0.352478 0.23903 0.155738
0.352478 0.23903 0.155738
0.352478 0.23903 0.155738
0.352478 0.23903 0.155738
0.352478 0.23903 0.155738
0.352478 0.23903 0.155738
0.352478 0.23903 0.155738
0.352478 0.23903 0.155738
0.352478 0.23903 0.155738
0.352478 0.23903 0.155738
0.352478 0.23903 0.155738
0.352478 0.23903 0.155738
0.352478 0.23903 0.155738
0.352478 0.23903 0.155738
0.352478 0.23903 0.155738
0.352478 0.23903 0.155738
0.352478 0.23903 0.155738
0.352478 0.23903 0.155738
0.352478 0.23903 0.155738
0.352478 0.239003 0.155738
0.352478 0.239003 0.155738
0.352478 0.239003 0.155738
0.352478 0.239003 0.155738
0.352478 0.239003 0.155738
0.352478 0.239003 0.155738
0.352478 0.239003 0.155738
0.352478 0.239003 0.155738
0.352478 0.239003 0.155738
0.352478 0.239003 0.155738
0.352478 0.239003 0.155738
0.352478 0.239003 0.155738
0.352478 0.239003 0.155738
0.352478 0.239003 0.155738
0.352478 0.239003 0.155738
0.352478 0.239003 0.155738
0.352478 0.239003 0.155738
0.352478 0.239003 0.155738
0.352478 0.239003 0.155738
0.352478 0.239003 0.155738
0.352478 0.239003 0.155738
0.352478 0.239003 0.155738
0.352478 0.239003 0.155738
0.352478 0.239003 0.155738
0.352478 0.239003 0.155738
0.352478 0.239003 0.155738
0.352478 0.239003 0.155738
0.352478 0.239003 0.155738
0.352478 0.239003 0.155738
0.352478 0.239003 0.155738
0.352478 0.239003 0.155738
0.352478 0.239003 0.155738
0.352478 0.239003 0.155738
0.365972 0.239003 0.155738
0.389717 0.239003 0.155738
0.41675 0.239003 0.155738
0.445248 0.271948 0.155738
0.470611 0.300156 0.155738
0.493859 0.324252 0.155738
0.517485 0.3458 0.155738
0.540954 0.364151 0.155738
0.563119 0.378328 0.155738
0.584731 0.388879 0.155738
0.606755 0.39669 0.155738
0.628875 0.401907 0.168521
0.65057 0.404677 0.194758
0.672013 0.405778 0.221506
0.693454 0.406046 0.248316
0.714826 0.405999 0.274814
0.736128 0.406021 0.300624
0.757392 0.406819 0.325331
0.778225 0.409228 0.34852
0.797926 0.413905 0.369838
0.816019 0.42134 0.389007
0.832387 0.431882 0.405802
0.846589 0.445725 0.419962
0.858724 0.462194 0.425517
0.868339 0.481448 0.42645
0.879355 0.503562 0.426281
0.88304 0.525678 0.426106
0.882124 0.546644 0.426392
0.880948 0.56848 0.426908
0.880876 0.592585 0.426463
0.880725 0.616536 0.425013
0.879834 0.638775 0.422723
0.878977 0.659723 0.419796
0.878608 0.679464 0.416422
0.878348 0.697595 0.412749
0.877831 0.713626 0.408831
0.877282 0.72731 0.40474
0.877013 0.738391 0.400602
0.876916 0.746369 0.39662
0.876796 0.751001 0.392929
0.876737 0.752468 0.389547
0.8771 0.751616 0.386467
0.877996 0.748956 0.383734
0.879328 0.744279 0.381416
0.881202 0.737593 0.379532
0.883761 0.729115 0.378021
0.886871 0.719134 0.376764
0.889938 0.707967 0.375626
0.892318 0.695968 0.37448
0.893657 0.683503 0.373205
0.894097 0.670894 0.371682
0.894129 0.658407 0.369788
0.890573 0.647096 0.367288
0.885622 0.636709 0.364142
0.880911 0.62705 0.360411
0.876868 0.618074 0.356005
0.872837 0.610298 0.350816
0.867159 0.604024 0.34488
0.860322 0.599184 0.338259
0.852697 0.59568 0.330994
0.844362 0.593418 0.323163
0.83514 0.592244 0.314879
0.824895 0.592009 0.306301
0.813721 0.593001 0.297596
0.801974 0.594799 0.297596
0.790177 0.596585 0.297596
0.778814 0.597599 0.297596
0.768138 0.597451 0.297596
0.758103 0.596431 0.297596
0.748401 0.59445 0.297596
0.738646 0.591451 0.297596
0.728583 0.587391 0.297596
0.718132 0.582227 0.297596
0.707274 0.575935 0.297596
0.695965 0.568529 0.297596
0.684134 0.560062 0.297596
0.671731 0.550615 0.297596
0.658746 0.540289 0.297596
0.645188 0.529201 0.297596
0.631064 0.517489 0.297596
0.631064 0.511442 0.297596
0.631064 0.511442 0.297596
0.631064 0.511442 0.297596
0.631064 0.511442 0.297596
0.631064 0.511442 0.297596
0.631064 0.511442 0.297596
0.631064 0.511442 0.297596
0.631064 0.511442 0.297596
0.631064 0.511442 0.297596
0.631064 0.511442 0.297596
0.631064 0.511442 0.297596
0.631064 0.511442 0.297596
0.631064 0.511442 0.297596
0.631064 0.511442 0.297596
0.631064 0.511442 0.297596
0.631064 0.511442 0.297596
0.631064 0.511442 0.297596
0.631064 0.511442 0.297596
0.631064 0.511442 0.297596
0.631064 0.511442 0.297596
0.631064 0.511442 0.297596
0.631064 0.511442 0.297596
0.626528 0.511442 0.297596
0.626528 0.511442 0.297596
0.626528 0.511442 0.297596
0.626528 0.511442 0.297596
0.626528 0.511442 0.297596
0.626528 0.511442 0.297596
0.626528 0.511442 0.297596
0.626528 0.511442 0.297596
0.626528 0.50046 0.297596
0.626528 0.50046 0.297596
0.626528 0.50046 0.297596
0.626528 0.50046 0.297596
0.626528 0.50046 0.297596
0.626528 0.50046 0.297596
0.626528 0.50046 0.297596
0.626528 0.50046 0.297596
0.626528 0.50046 0.297596
0.626528 0.50046 0.297596
0.626528 0.50046 0.297596
0.626528 0.50046 0.297596
0.626528 0.50046 0.297596
0.626528 0.50046 0.293572
0.626528 0.50046 0.293572
0.626528 0.50046 0.293572
0.626528 0.50046 0.293572
0.626528 0.50046 0.293572
0.626528 0.50046 0.293572
0.626528 0.50046 0.293572
0.626511 0.50046 0.293572
0.626511 0.498558 0.293572
0.626511 0.498558 0.293572
0.626511 0.498558 0.293572
0.626511 0.498558 0.293572
0.626511 0.498558 0.293572
0.626511 0.498558 0.293572
0.626511 0.498558 0.293572
0.626511 0.498558 0.293572
0.626511 0.498558 0.293572
0.626511 0.498558 0.291533
0.626511 0.498558 0.291533
0.626511 0.498558 0.291533
0.626511 0.498558 0.291533
0.626511 0.498558 0.291533
0.626511 0.498558 0.291533
0.626511 0.498558 0.291533
0.626511 0.498558 0.291533
0.626511 0.498558 0.291533
0.626511 0.498558 0.291533
0.626511 0.498558 0.291533
0.626511 0.498558 0.291533
0.626511 0.498558 0.291533
0.626511 0.498558 0.291533
0.626511 0.498558 0.291533
0.626511 0.498558 0.291533
0.626511 0.498558 0.291533
0.626511 0.498558 0.291533
0.626511 0.498558 0.291533
0.626511 0.498558 0.291533
0.626511 0.498558 0.291533
0.626511 0.498558 0.291533
0.626511 0.498558 0.291533
0.626511 0.498558 0.291533
0.626511 0.498558 0.291533
0.626511 0.498558 0.291533
0.626511 0.498558 0.291533
0.626511 0.498558 0.291533
0.626511 0.498558 0.291533
0.626511 0.498558 0.291533
0.626511 0.498558 0.291533
0.626511 0.498558 0.291533
0.626511 0.498558 0.291533
0.626511 0.498558 0.291533
0.626511 0.498558 0.291533
0.626511 0.498558 0.291533
0.626511 0.498558 0.291533
0.626511 0.498558 0.291533
0.626511 0.498558 0.291533
0.626511 0.498558 0.291533
0.626511 0.498558 0.291533
0.626511 0.498558 0.291533
0.626511 0.498558 0.291533
0.626511 0.498558 0.291533
0.626511 0.498558 0.291533
0.626511 0.498558 0.291533
0.626511 0.498558 0.291533
0.626511 0.498558 0.291533
0.626511 0.498558 0.291533
0.626511 0.498558 0.291533
0.626511 0.498558 0.291533
0.626511 0.498558 0.291533
0.626511 0.498558 0.291533
0.626511 0.498558 0.291533
0.626511 0.498558 0.291533
0.626511 0.498558 0.291533
0.626511 0.498558 0.291533
0.626511 0.498558 0.291533
0.626511 0.498558 0.291533
0.626511 0.498558 0.291533
0.626511 0.498558 0.291533
0.626511 0.498558 0.291533
0.626511 0.498558 0.291533
0.626511 0.498558 0.291533
0.626511 0.498558 0.291533
0.626511 0.498558 0.291533
0.626511 0.498558 0.291533
0.636381 0.498558 0.291533
0.656329 0.498558 0.291533
0.676206 0.498558 0.291533
0.695662 0.498558 0.291533
0.714614 0.498558 0.291533
0.729917 0.498558 0.291533
0.754334 0.498558 0.291533
0.779576 0.498558 0.291533
0.797594 0.498558 0.291533
0.814729 0.498558 0.291533
0.835346 0.511553 0.291533
0.85573 0.536635 0.291533
0.873252 0.559337 0.291533
0.890312 0.581108 0.291533
0.908283 0.603052 0.291533
0.925379 0.624166 0.291533
0.940632 0.643684 0.291533
0.955237 0.66206 0.291533
0.970019 0.679595 0.291533
0.984448 0.69585 0.300167
0.998174 0.710602 0.317973
1.01162 0.724192 0.336372
1.02506 0.73688 0.355191
1.03824 0.74862 0.37429
1.05101 0.759481 0.393501
1.06344 0.769791 0.412617
1.07551 0.779848 0.431436
1.08707 0.789788 0.449783
1.0981 0.799703 0.467494
1.10882 0.80971 0.484403
1.11941 0.8199 0.500358
1.12981 0.830361 0.515217
4.6667 0.791537 0.53871
4.6667 0.790481 0.562316
4.6667 0.851183 0.552944
4.6667 0.867404 0.568537
4.6667 0.867831 0.573861
4.6667 0.907951 0.570451
4.6667 0.931216 0.570216
4.6667 0.938603 0.568284
4.6667 0.954741 0.565737
4.6667 0.980849 0.561589
4.6667 1.00147 0.556068
4.6667 1.01449 0.549656
4.6667 1.02864 0.542753
4.6667 1.04557 0.535685
4.6667 1.05965 0.528482
4.6667 1.06872 0.520951
4.6667 1.07538 0.513163
4.6667 3.87651 0.484204
4.6667 3.87651 0.484204
4.6667 3.87651 0.545127
4.6667 3.87651 0.545127
4.6667 3.87651 0.545127
4.6667 3.87651 0.545127
4.6667 3.87651 0.545127
4.6667 3.87651 0.545127
4.6667 3.87651 0.545127
4.6667 3.87651 0.545127
4.6667 3.87651 0.545127
4.6667 3.87651 0.545127
4.6667 3.87651 0.545127
4.6667 3.87651 0.545127
4.6667 3.87651 0.545127
4.6667 3.87651 0.545127
4.6667 3.87651 0.545127
4.6667 3.87651 0.545127
4.6667 3.87651 0.559181
4.6667 3.87651 0.573573
4.6667 3.87651 0.591399
4.6667 3.87651 0.611392
4.6667 3.87651 0.630934
4.6667 3.87651 0.648299
4.6667 3.87651 0.664285
4.6667 3.87651 0.679865
4.6667 3.87651 0.69444
4.6667 3.87651 0.706709
4.6667 3.87651 0.715704
4.6667 3.87651 0.721503
4.6667 3.87651 0.724513
4.6667 3.87651 0.72488
4.6667 3.87651 0.723463
4.6667 3.87651 0.720348
4.6667 3.87651 0.715609
4.6667 3.87651 0.709465
4.6667 3.87651 0.702094
4.6667 3.87651 0.693567
4.6667 3.87651 0.683949
4.6667 3.87651 0.673414
4.6667 3.87651 0.662133
4.6667 3.87651 0.650361
4.6667 3.87651 0.638235
4.6667 3.87651 0.638235
4.6667 3.87651 0.638235
4.6667 3.87651 0.638235
4.6667 3.87651 0.638235
4.6667 3.87651 0.638235
4.6667 3.87651 0.638235
4.6667 3.87651 0.638235
4.6667 3.87651 0.638235
4.6667 3.87651 0.638235
4.6667 3.87651 0.638235
4.6667 3.87651 0.638235
4.6667 3.87651 0.638235
4.6667 3.87651 0.638235
4.6667 3.87651 0.638235
4.6667 3.87651 0.638235
4.6667 3.87651 0.638235
4.6667 3.87651 0.638235
4.6667 3.87651 0.638235
4.6667 3.87651 0.638235
4.6667 3.87651 0.638235
4.6667 3.87651 0.638235
4.6667 3.87651 0.638235
4.6667 3.87651 0.638235
4.6667 3.87651 0.638235
4.6667 3.87651 0.638235
4.6667 3.87651 0.638235
4.6667 3.87651 0.638235
4.6667 3.87651 0.638235
4.6667 3.87651 0.638235
4.6667 3.87651 0.638235
4.6667 3.87651 0.638235
4.6667 3.87651 0.638235
4.6667 3.87651 0.638235
4.6667 3.87651 0.638235
4.6667 3.87651 0.634514
4.6667 3.87651 0.630859
4.6667 3.87651 0.627474
4.6667 3.87651 0.624489
4.6667 3.87651 0.62188
4.6667 3.87651 0.619637
4.6667 3.87651 0.617831
4.6667 3.87651 0.616588
4.6667 3.87651 0.61598
4.6667 3.87651 0.615783
4.6667 3.87651 0.614887
4.6667 3.87651 0.613116
4.6667 3.87651 0.610446
4.6667 3.87651 0.606889
4.6667 3.87651 0.602524
4.6667 3.87651 0.597443
4.6667 3.87651 0.59466
4.6667 3.87651 0.59466
4.6667 3.87651 0.59466
4.6667 3.87651 0.59466
4.6667 3.87651 0.59466
4.6667 3.87651 0.59466
4.6667 3.87651 0.59466
4.6667 3.87651 0.59466
4.6667 3.87651 0.59466
4.6667 3.87651 0.59466
4.6667 3.87651 0.59466
4.6667 3.87651 0.59466
4.6667 3.87651 0.59466
4.6667 3.87651 0.59466
4.6667 3.87651 0.59466
4.6667 3.87651 0.59466
4.6667 3.87651 0.59466
4.6667 3.87651 0.59466
4.6667 3.87651 0.59466
4.6667 3.87651 0.59466
4.6667 3.87651 0.59466
4.6667 3.87651 0.59466
4.6667 3.87651 0.59466
4.6667 3.87651 0.59466
4.6667 3.87651 0.59466
4.6667 3.87651 0.59466
4.6667 3.87651 0.59466
4.6667 3.87651 0.59466
4.6667 3.87651 0.59466
4.6667 3.87651 0.583893
4.6667 3.87651 0.572914
4.6667 3.87651 0.565275
4.6667 3.87651 0.561361
4.6667 3.87651 0.561361
4.6667 3.87651 0.561361
4.6667 3.87651 0.561361
4.6667 3.87651 0.561361
4.6667 3.87651 0.561361
4.6667 3.87651 0.561361
4.6667 3.87651 0.560772
4.6667 3.87651 0.560772
4.6667 3.87651 0.559881
4.6667 3.87651 0.559881
4.6667 3.87651 0.559881
4.6667 3.87651 0.559881
4.6667 3.87651 0.559881
4.6667 3.87651 0.559786
4.6667 3.87651 0.559786
4.6667 3.87651 0.559786
4.6667 3.87651 0.559786
4.6667 3.87651 0.559786
4.6667 3.87651 0.559786
4.6667 3.87651 0.559786
4.6667 3.87651 0.559786
4.6667 3.87651 0.559786
4.6667 3.87651 0.559786
4.6667 3.87651 0.559786
4.6667 3.87651 0.559786
4.6667 3.87651 0.559786
4.6667 3.87651 0.559786
4.6667 3.87651 0.559786
4.6667 3.87651 0.559786
4.6667 3.87651 0.559786
4.6667 3.87651 0.559786
4.6667 3.87651 0.559785
4.6667 3.87651 0.559785
4.6667 3.87651 0.559785
4.6667 3.87651 0.559785
4.6667 3.87651 0.559785
4.6667 3.87651 0.559785
4.6667 3.87651 0.559785
4.6667 3.87651 0.559785
4.6667 3.87651 0.559785
4.6667 3.87651 0.559785
4.6667 3.87651 0.559785
4.6667 3.87651 0.559784
4.6667 3.87651 0.559784
4.6667 3.87651 0.559784
4.6667 3.87651 0.559784
4.6667 3.87651 0.559784
4.6667 3.87651 0.559784
4.6667 3.87651 0.559784
4.6667 3.87651 0.559784
4.6667 3.87651 0.559784
4.6667 3.87651 0.559784
4.6667 3.87651 0.559784
4.6667 3.87651 0.559784
4.6667 3.87651 0.559784
4.6667 3.87651 0.559784
4.6667 3.87651 0.559784
4.6667 3.87651 0.559784
4.6667 3.87651 0.559784
4.6667 3.87651 0.559784
4.6667 3.87651 0.559784
4.6667 3.87651 0.559784
4.6667 3.87651 0.559784
4.6667 3.87651 0.559784
4.6667 3.87651 0.559784
4.6667 3.87651 0.559784
4.6667 3.87651 0.559784
4.6667 3.87651 0.559784
4.6667 3.87651 0.559784
4.6667 3.87651 0.559784
4.6667 3.87651 0.559784
4.6667 3.87651 0.559784
4.6667 3.87651 0.559784
4.6667 3.87651 0.559784
4.6667 3.87651 0.559784
4.6667 3.87651 0.559784
4.6667 3.87651 0.559784
4.6667 3.87651 0.567344
4.6667 3.87651 0.574469
4.6667 3.87651 0.581401
4.6667 3.87651 0.588575
4.6667 3.87651 0.596251
4.6667 3.87651 0.604273
4.6667 3.87651 0.612405
4.6667 3.87651 0.620464
4.6667 3.87651 0.62836
4.6667 3.87651 0.63624
4.6667 3.87651 0.644723
4.6667 3.87651 0.654473
4.6667 3.87651 0.663702
4.6667 3.87651 0.671085
4.6667 3.87651 0.677987
4.6667 3.87651 0.68542
4.6667 3.87651 0.693236
4.6667 3.87651 0.700058
4.6667 3.87651 0.704626
4.6667 3.87651 0.707878
4.6667 3.87651 0.711978
4.6667 3.87651 0.716299
4.6667 3.87651 0.71956
4.6667 3.87651 0.721322
4.6667 3.87651 0.722477
4.6667 3.87651 0.723967
4.6667 3.87651 0.725228
4.6667 3.87651 0.726111
4.6667 3.87651 0.726423
4.6667 3.87651 0.726445
4.6667 3.87651 0.726319
4.6667 3.87651 0.726146
4.6667 3.87651 0.726063
4.6667 3.87651 0.726041
4.6667 3.87651 0.725932
4.6667 3.87651 0.725832
4.6667 3.87651 0.725811
4.6667 3.87651 0.726126
4.6667 3.87651 0.726766
4.6667 3.87651 0.727625
4.6667 3.87651 0.728773
4.6667 3.87651 0.730108
4.6667 3.87651 0.731808
4.6667 3.87651 0.73365
4.6667 3.87651 0.73583
4.6667 3.87651 0.738543
4.6667 3.87651 0.741543
4.6667 3.87651 0.744603
4.6667 3.87651 0.747378
4.6667 3.87651 0.750245
4.6667 3.87651 0.753668
4.6667 3.87651 0.75763
4.6667 3.87651 0.761625
4.6667 3.87651 0.765234
4.6667 3.87651 0.768595
4.6667 3.87651 0.772211
4.6667 3.87651 0.775745
4.6667 3.87651 0.779389
4.6667 3.87651 0.782838
4.6667 3.87651 0.785904
4.6667 3.87651 0.790551
4.6667 3.87651 0.791369
4.6667 3.87651 0.791329
4.6667 3.87651 0.79392
4.6667 3.87651 0.799561
4.6667 3.87651 0.801289
4.6667 3.87651 0.801917
4.6667 3.87651 0.801566
4.6667 3.87651 0.80307
4.6667 3.87651 0.806372
4.6667 3.87651 0.805882
4.6667 3.87651 0.804486
4.6667 3.87651 0.803788
4.6667 3.87651 0.805205
4.6667 3.87651 0.806851
4.6667 3.87651 0.806586
4.6667 3.87651 0.805729
4.6667 3.87651 0.805598
4.6667 3.87651 0.807467
4.6667 3.87651 0.809649
4.6667 3.87651 0.810636
4.6667 3.87651 0.811003
4.6667 3.87651 0.812117
4.6667 3.87651 0.814369
4.6667 3.87651 0.817095
4.6667 3.87651 0.819636
4.6667 3.87651 0.821862
4.6667 3.87651 0.824086
4.6667 3.87651 0.826669
4.6667 3.87651 0.829754
4.6667 3.87651 0.83301
4.6667 3.87651 0.836019
4.6667 3.87651 0.838646
4.6667 3.87651 0.841253
4.6667 3.87651 0.844212
4.6667 3.87651 0.847358
4.6667 3.87651 0.850207
4.6667 3.87651 0.85267
4.6667 3.87651 0.854947
4.6667 3.87651 0.85718
4.6667 3.87651 0.859295
4.6667 3.87651 0.861076
4.6667 3.87651 0.862439
4.6667 3.87651 0.863462
4.6667 3.87651 0.864238
4.6667 3.87651 0.864751
4.6667 3.87651 0.864909
4.6667 3.87651 0.863626
4.6667 3.87651 0.860728
4.6667 3.87651 0.856031
4.6667 3.87651 0.849548
4.6667 3.87651 0.841556
4.6667 3.87651 0.832235
4.6667 3.87651 0.82178
4.6667 3.87651 0.810345
4.6667 3.87651 0.798107
4.6667 3.87651 0.785324
4.6667 3.87651 0.772305
4.6667 3.87651 0.759273
4.6667 3.87651 0.74639
4.6667 3.87651 0.733762
4.6667 3.87651 0.72762
4.6667 3.87651 0.72762
4.6667 3.87651 0.72762
4.6667 3.87651 0.72762
4.6667 3.87651 0.72762
4.6667 3.87651 0.72762
4.6667 3.87651 0.72762
4.6667 3.87651 0.72762
4.6667 3.87651 0.72762
4.6667 3.87651 0.72762
4.6667 3.87651 0.72762
4.6667 3.87651 0.72762
4.6667 3.87651 0.72762
4.6667 3.87651 0.72762
4.6667 3.87651 0.72762
4.6667 3.87651 0.72762
4.6667 3.87651 0.72762
4.6667 3.87651 0.72762
4.6667 3.87651 0.72762
4.6667 3.87651 0.72762
4.6667 3.87651 0.72762
4.6667 3.87651 0.72762
4.6667 3.87651 0.72762
4.6667 3.87651 0.72762
4.6667 3.87651 0.72762
4.6667 3.87651 0.72762
4.6667 3.87651 0.72762
4.6667 3.87651 0.72762
4.6667 3.87651 0.72762
4.6667 3.87651 0.72762
4.6667 3.87651 0.72762
4.6667 3.87651 0.72762
4.6667 3.87651 0.72762
4.6667 3.87651 0.72762
4.6667 3.87651 0.72762
4.6667 3.87651 0.72762
4.6667 3.87651 0.72762
4.6667 3.87651 0.72762
4.6667 3.87651 0.72762
4.6667 3.87651 0.72762
4.6667 3.87651 0.72762
4.6667 3.87651 0.72762
4.6667 3.87651 0.72762
4.6667 3.87651 0.72762
4.6667 3.87651 0.72762
4.6667 3.87651 0.72762
4.6667 3.87651 0.72762
4.6667 3.87651 0.72762
4.6667 3.87651 0.72762
4.6667 3.87651 0.72762
4.6667 3.87651 0.72762
4.6667 3.87651 0.72762
4.6667 3.87651 0.72762
4.6667 3.87651 0.72762
4.6667 3.87651 0.72762
4.6667 3.87651 0.72762
4.6667 3.87651 0.72762
4.6667 3.87651 0.72762
4.6667 3.87651 0.72762
4.6667 3.87651 0.72762
4.6667 3.87651 0.72762
4.6667 3.87651 0.72762
4.6667 3.87651 0.72762
4.6667 3.87651 0.734989
4.6667 3.87651 0.748576
4.6667 3.87651 0.760005
4.6667 3.87651 0.768733
4.6667 3.87651 0.774644
4.6667 3.87651 0.77791
4.6667 3.87651 0.77847
4.6667 3.87651 0.776922
4.6667 3.87651 0.773275
4.6667 3.87651 0.767645
4.6667 3.87651 0.760171
4.6667 3.87651 0.755729
4.6667 3.87651 0.755729
4.6667 3.87651 0.755729
4.6667 3.87651 0.755729
4.6667 3.87651 0.755729
4.6667 3.87651 0.755729
4.6667 3.87651 0.755729
4.6667 3.87651 0.755729
4.6667 3.87651 0.755729
4.6667 3.87651 0.755729
4.6667 3.87651 0.755729
4.6667 3.87651 0.755729
4.6667 3.87651 0.755729
4.6667 3.87651 0.755729
4.6667 3.87651 0.755729
4.6667 3.87651 0.755729
4.6667 3.87651 0.755729
4.6667 3.87651 0.755729
4.6667 3.87651 0.755729
4.6667 3.87651 0.755729
4.6667 3.87651 0.755729
4.6667 3.87651 0.755729
4.6667 3.87651 0.755729
4.6667 3.87651 0.755729
4.6667 3.87651 0.755729
4.6667 3.87651 0.755729
4.6667 3.87651 0.755729
4.6667 3.87651 0.755729
4.6667 3.87651 0.752634
4.6667 3.87651 0.749224
4.6667 3.87651 0.749224
4.6667 3.87651 0.749224
4.6667 3.87651 0.749224
4.6667 3.87651 0.749224
4.6667 3.87651 0.749224
4.6667 3.87651 0.749224
4.6667 3.87651 0.749224
4.6667 3.87651 0.749224
4.6667 3.87651 0.749224
4.6667 3.87651 0.749224
4.6667 3.87651 0.749224
4.6667 3.87651 0.749224
4.6667 3.87651 0.749224
4.6667 3.87651 0.749224
4.6667 3.87651 0.748097
4.6667 3.87651 0.747471
4.6667 3.87651 0.747471
4.6667 3.87651 0.747471
4.6667 3.87651 0.747471
4.6667 3.87651 0.747471
4.6667 3.87651 0.747471
4.6667 3.87651 0.747471
4.6667 3.87651 0.747471
4.6667 3.87651 0.747471
4.6667 3.87651 0.747471
4.6667 3.87651 0.747471
4.6667 3.87651 0.747471
4.6667 3.87651 0.747471
4.6667 3.87651 0.747471
4.6667 3.87651 0.747471
4.6667 3.87651 0.747471
4.6667 3.87651 0.747471
4.6667 3.87651 0.747471
4.6667 3.87651 0.747471
4.6667 3.87651 0.747471
4.6667 3.87651 0.747471
4.6667 3.87651 0.747471
4.6667 3.87651 0.747471
4.6667 3.87651 0.747471
4.6667 3.87651 0.747471
4.6667 3.87651 0.747471
4.6667 3.87651 0.747471
4.6667 3.87651 0.747471
4.6667 3.87651 0.747471
4.6667 3.87651 0.747471
4.6667 3.87651 0.747471
4.6667 3.87651 0.747471
4.6667 3.87651 0.747471
4.6667 3.87651 0.747471
4.6667 3.87651 0.747471
4.6667 3.87651 0.747471
4.6667 3.87651 0.747471
4.6667 3.87651 0.747471
4.6667 3.87651 0.747471
4.6667 3.87651 0.747471
4.6667 3.87651 0.747471
4.6667 3.87651 0.747471
4.6667 3.87651 0.747471
4.6667 3.87651 0.747471
4.6667 3.87651 0.747471
4.6667 3.87651 0.747471
4.6667 3.87651 0.747471
4.6667 3.87651 0.747471
4.6667 3.87651 0.747471
4.6667 3.87651 0.747471
4.6667 3.87651 0.747471
4.6667 3.87651 0.747471
4.6667 3.87651 0.747471
4.6667 3.87651 0.747471
4.6667 3.87651 0.747471
4.6667 3.87651 0.747471
4.6667 3.87651 0.747471
4.6667 3.87651 0.747471
4.6667 3.87651 0.747471
4.6667 3.87651 0.747471
4.6667 3.87651 0.747471
4.6667 3.87651 0.747471
4.6667 3.87651 0.747471
4.6667 3.87651 0.747471
4.6667 3.87651 0.747471
4.6667 3.87651 0.747471
4.6667 3.87651 0.747471
4.6667 3.87651 0.747471
4.6667 3.87651 0.747471
4.6667 3.87651 0.747471
4.6667 3.87651 0.747471
4.6667 3.87651 0.747471
4.6667 3.87651 0.747471
4.6667 3.87651 0.747471
4.6667 3.87651 0.747471
4.6667 3.87651 0.747471
4.6667 3.87651 0.747471
4.6667 3.87651 0.747471
4.6667 3.87651 0.747471
4.6667 3.87651 0.747471
4.6667 3.87651 0.747471
4.6667 3.87651 0.747471
4.6667 3.87651 0.747471
4.6667 3.87651 0.747471
4.6667 3.87651 0.747471
4.6667 3.87651 0.747471
4.6667 3.87651 0.747471
4.6667 3.87651 0.747471
4.6667 3.87651 0.747471
4.6667 3.87651 0.747471
4.6667 3.87651 0.747471
4.6667 3.87651 0.747471
4.6667 3.87651 0.747471
4.6667 3.87651 0.747471
4.6667 3.87651 0.747471
4.6667 3.87651 0.747471
4.6667 3.87651 0.747471
4.6667 3.87651 0.747471
4.6667 3.87651 0.747471
4.6667 3.87651 0.747471
4.6667 3.87651 0.747471
4.6667 3.87651 0.747471
4.6667 3.87651 0.747471
4.6667 3.87651 0.747471
4.6667 3.87651 0.747471
4.6667 3.87651 0.747471
4.6667 3.87651 0.747471
4.6667 3.87651 0.747471
4.6667 3.87651 0.747471
4.6667 3.87651 0.747471
4.6667 3.87651 0.747471
4.6667 3.87651 0.747471
4.6667 3.87651 0.747471
4.6667 3.87651 0.747471
4.6667 3.87651 0.747471
4.6667 3.87651 0.747471
4.6667 3.87651 0.747471
4.6667 3.87651 0.747471
4.6667 3.87651 0.747471
4.6667 3.87651 0.747471
4.6667 3.87651 0.747471
4.6667 3.87651 0.747471
4.6667 3.87651 0.747471
4.6667 3.87651 0.747471
4.6667 3.87651 0.747471
4.6667 3.87651 0.747471
4.6667 3.87651 0.747471
4.6667 3.87651 0.747471
4.6667 3.87651 0.747471
4.6667 3.87651 0.747471
4.6667 3.87651 0.747471
4.6667 3.87651 0.747471
4.6667 3.87651 0.747471
4.6667 3.87651 0.747471
4.6667 3.87651 0.747471
4.6667 3.87651 0.747471
4.6667 3.87651 0.747471
4.6667 3.87651 0.747471
4.6667 3.87651 0.747471
4.6667 3.87651 0.747471
4.6667 3.87651 0.747471
4.6667 3.87651 0.747471
4.6667 3.87651 0.747471
4.6667 3.87651 0.747471
4.6667 3.87651 0.747471
4.6667 3.87651 0.747471
4.6667 3.87651 0.747471
4.6667 3.87651 0.747471
4.6667 3.87651 0.747471
4.6667 3.87651 0.747471
4.6667 3.87651 0.747471
4.6667 3.87651 0.747471
4.6667 3.87651 0.747471
4.6667 3.87651 0.747471
4.6667 3.87651 0.747471
4.6667 3.87651 0.747471
4.6667 3.87651 0.747471
4.6667 3.87651 0.747471
4.6667 3.87651 0.747471
4.6667 3.87651 0.747471
4.6667 3.87651 0.747471
4.6667 3.87651 0.747471
4.6667 3.87651 0.747471
4.6667 3.87651 0.747471
4.6667 3.87651 0.747471
4.6667 3.87651 0.747471
4.6667 3.87651 0.747471
4.6667 3.87651 0.747471
4.6667 3.87651 0.747471
4.6667 3.87651 0.747471
4.6667 3.87651 0.747471
4.6667 3.87651 0.747471
4.6667 3.87651 0.747471
4.6667 3.87651 0.747471
4.6667 3.87651 0.747471
4.6667 3.87651 0.747471
4.6667 3.87651 0.747471
4.6667 3.87651 0.747471
4.6667 3.87651 0.747471
4.6667 3.87651 0.747471
4.6667 3.87651 0.747471
4.6667 3.87651 0.747471
4.6667 3.87651 0.747471
4.6667 3.87651 0.747471
4.6667 3.87651 0.747471
4.6667 3.87651 0.747471
4.6667 3.87651 0.747471
4.6667 3.87651 0.747471
4.6667 3.87651 0.747471
4.6667 3.87651 0.747471
4.6667 3.87651 0.747471
4.6667 3.87651 0.747471
4.6667 3.87651 0.747471
4.6667 3.87651 0.747471
4.6667 3.87651 0.747471
4.6667 3.87651 0.747471
4.6667 3.87651 0.747471
4.6667 3.87651 0.747471
4.6667 3.87651 0.747471
4.6667 3.87651 0.747471
4.6667 3.87651 0.747471
4.6667 3.87651 0.747471
4.6667 3.87651 0.747471
4.6667 3.87651 0.747471
4.6667 3.87651 0.747471
4.6667 3.87651 0.747471
4.6667 3.87651 0.747471
4.6667 3.87651 0.747471
4.6667 3.87651 0.747471
4.6667 3.87651 0.747471
4.6667 3.87651 0.747471
4.6667 3.87651 0.747471
4.6667 3.87651 0.747471
4.6667 3.87651 0.747471
4.6667 3.87651 0.747471
4.6667 3.87651 0.747471
4.6667 3.87651 0.747471
4.6667 3.87651 0.747471
4.6667 3.87651 0.747471
4.6667 3.87651 0.747471
4.6667 3.87651 0.747471
4.6667 3.87651 0.747471
4.6667 3.87651 0.747471
4.6667 3.87651 0.747471
4.6667 3.87651 0.747471
4.6667 3.87651 0.747471
4.6667 3.87651 0.747471
4.6667 3.87651 0.747471
4.6667 3.87651 0.747471
4.6667 3.87651 0.747471
4.6667 3.87651 0.747471
4.6667 3.87651 0.747471
4.6667 3.87651 0.747471
4.6667 3.87651 0.747471
4.6667 3.87651 0.747471
4.6667 3.87651 0.747471
4.6667 3.87651 0.747471
4.6667 3.87651 0.747471
4.6667 3.87651 0.747471
4.6667 3.87651 0.74991
4.6667 3.87651 0.751857
4.6667 3.87651 0.753365
4.6667 3.87651 0.75461
4.6667 3.87651 0.755796
4.6667 3.87651 0.75702
4.6667 3.87651 0.758203
4.6667 3.87651 0.759176
4.6667 3.87651 0.759801
4.6667 3.87651 0.7601
4.6667 3.87651 0.760236
4.6667 3.87651 0.760424
4.6667 3.87651 0.760783
4.6667 3.87651 0.761278
4.6667 3.87651 0.761798
4.6667 3.87651 0.7622
4.6667 3.87651 0.762458
4.6667 3.87651 0.762634
4.6667 3.87651 0.762847
4.6667 3.87651 0.763202
4.6667 3.87651 0.763723
4.6667 3.87651 0.764346
4.6667 3.87651 0.764974
4.6667 3.87651 0.765541
4.6667 3.87651 0.766022
4.6667 3.87651 0.766375
4.6667 3.87651 0.766672
4.6667 3.87651 0.766921
4.6667 3.87651 0.767133
4.6667 3.87651 0.767305
4.6667 3.87651 0.767087
4.6667 3.87651 0.766523
4.6667 3.87651 0.765399
4.6667 3.87651 0.763617
4.6667 3.87651 0.761211
4.6667 3.87651 0.758144
4.6667 3.87651 0.758144
4.6667 3.87651 0.758144
4.6667 3.87651 0.758144
4.6667 3.87651 0.758144
4.6667 3.87651 0.758144
4.6667 3.87651 0.758144
4.6667 3.87651 0.758144
4.6667 3.87651 0.758144
4.6667 3.87651 0.758144
4.6667 3.87651 0.758144
4.6667 3.87651 0.758144
4.6667 3.87651 0.758144
4.6667 3.87651 0.758144
4.6667 3.87651 0.758144
4.6667 3.87651 0.758144
4.6667 3.87651 0.758144
4.6667 3.87651 0.758144
4.6667 3.87651 0.758144
4.6667 3.87651 0.758144
4.6667 3.87651 0.758144
4.6667 3.87651 0.758144
4.6667 3.87651 0.758144
4.6667 3.87651 0.758144
4.6667 3.87651 0.758144
4.6667 3.87651 0.758144
4.6667 3.87651 0.758144
4.6667 3.87651 0.758144
4.6667 3.87651 0.758144
4.6667 3.87651 0.758144
4.6667 3.87651 0.758144
4.6667 3.87651 0.758144
4.6667 3.87651 0.758144
4.6667 3.87651 0.758144
4.6667 3.87651 0.758144
4.6667 3.87651 0.758144
4.6667 3.87651 0.758144
4.6667 3.87651 0.758144
4.6667 3.87651 0.758144
4.6667 3.87651 0.758144
4.6667 3.87651 0.758144
4.6667 3.87651 0.758144
4.6667 3.87651 0.758144
4.6667 3.87651 0.770663
4.6667 3.87651 0.789479
4.6667 3.87651 0.808209
4.6667 3.87651 0.827685
4.6667 3.87651 0.84861
4.6667 3.87651 0.864248
4.6667 3.87651 0.895587
4.6667 3.87651 0.930422
4.6667 3.87651 0.944698
4.6667 3.87651 0.968315
4.6667 3.87651 0.999116
4.6667 3.87651 1.02758
4.6667 3.87651 1.04611
4.6667 3.87651 1.06197
4.6667 3.87651 1.07427
4.6667 3.87651 1.08237
4.6667 3.87651 1.10114
4.6667 3.87651 1.14124
4.6667 3.87651 1.14675
4.6667 3.87651 1.14575
4.6667 3.87651 1.14492
4.6667 3.87651 1.18458
4.6667 3.87651 1.19523
4.6667 3.87651 1.1897
4.6667 3.87651 1.18319
4.6667 3.87651 1.20564
4.6667 3.87651 1.21935
4.6667 3.87651 1.21377
4.6667 3.87651 1.20967
4.6667 3.87651 1.22341
4.6667 3.87651 1.22926
4.6667 3.87651 1.22526
4.6667 3.87651 1.22427
4.6667 3.87651 1.23152
4.6667 3.87651 1.23394
4.6667 3.87651 1.23193
4.6667 3.87651 1.23251
4.6667 3.87651 1.23713
4.6667 3.87651 1.23839
4.6667 3.87651 1.23759
4.6667 3.87651 1.23873
4.6667 3.87651 1.2419
4.6667 3.87651 1.24238
4.6667 3.87651 1.2409
4.6667 3.87651 1.23753
4.6667 3.87651 1.231
4.6667 3.87651 1.22098
4.6667 3.87651 1.20935
4.6667 3.87651 1.19717
4.6667 3.87651 1.18372
4.6667 3.87651 1.16575
4.6667 3.87651 1.1442
4.6667 3.87651 1.12088
4.6667 3.87651 1.09613
4.6667 3.87651 1.06915
4.6667 3.87651 1.05
4.6667 3.87651 1.05
4.6667 3.87651 1.05
4.6667 3.87651 1.05
4.6667 3.87651 1.05
4.6667 3.87651 1.05
4.6667 3.87651 1.05
4.6667 3.87651 1.05
4.6667 3.87651 1.05
4.6667 3.87651 1.05
4.6667 3.87651 1.05
4.6667 3.87651 1.05
4.6667 3.87651 1.05
4.6667 3.87651 1.05
4.6667 3.87651 1.05
4.6667 3.87651 1.05
4.6667 3.87651 1.05
4.6667 3.87651 1.05
4.6667 3.87651 1.05
4.6667 3.87651 1.05
4.6667 3.87651 1.05
4.6667 3.87651 1.05
4.6667 3.87651 1.05
4.6667 3.87651 1.05
4.6667 3.87651 1.05
4.6667 3.87651 1.05
4.6667 3.87651 1.05
4.6667 3.87651 1.05
4.6667 3.87651 1.05
4.6667 3.87651 1.05
4.6667 3.87651 1.05
4.6667 3.87651 1.05
4.6667 3.87651 1.05
4.6667 3.87651 1.05
4.6667 3.87651 1.05
4.6667 3.87651 1.05
4.6667 3.87651 1.05
4.6667 3.87651 1.05
4.6667 3.87651 1.05
4.6667 3.87651 1.05
4.6667 3.87651 1.05
4.6667 3.87651 1.05
4.6667 3.87651 1.05
4.6667 3.87651 1.05
4.6667 3.87651 1.05
4.6667 3.87651 1.05
4.6667 3.87651 1.05
4.6667 3.87651 1.05
4.6667 3.87651 1.05
4.6667 3.87651 1.05
4.6667 3.87651 1.05
4.6667 3.87651 1.05
4.6667 3.87651 1.05
4.6667 3.87651 1.05
4.6667 3.87651 1.05
4.6667 3.87651 1.05
4.6667 3.87651 1.05
4.6667 3.87651 1.05
4.6667 3.87651 1.05
4.6667 3.87651 1.05
4.6667 3.87651 1.05
4.6667 3.87651 1.05
4.6667 3.87651 1.05
4.6667 3.87651 1.05
4.6667 3.87651 1.05
4.6667 3.87651 1.05
4.6667 3.87651 1.05
4.6667 3.87651 1.05
4.6667 3.87651 1.05
4.6667 3.87651 1.05
4.6667 3.87651 1.05
4.6667 3.87651 1.05
4.6667 3.87651 1.05
4.6667 3.87651 1.05
4.6667 3.87651 1.05
4.6667 3.87651 1.05
4.6667 3.87651 1.05
4.6667 3.87651 1.05
4.6667 3.87651 1.05
4.6667 3.87651 1.05
4.6667 3.87651 1.05
4.6667 3.87651 1.05
4.6667 3.87651 1.05
4.6667 3.87651 1.05
4.6667 3.87651 1.05
4.6667 3.87651 1.05
4.6667 3.87651 1.05
4.6667 3.87651 1.05
4.6667 3.87651 1.05
4.6667 3.87651 1.05
4.6667 3.87651 1.05
4.6667 3.87651 1.05
4.6667 3.87651 1.05
4.6667 3.87651 1.05
4.6667 3.87651 1.05
4.6667 3.87651 1.05
4.6667 3.87651 1.05
4.6667 3.87651 1.05
4.6667 3.87651 1.05
4.6667 3.87651 1.05
4.6667 3.87651 1.05
4.6667 3.87651 1.05
4.6667 3.87651 1.05
4.6667 3.87651 1.05
4.6667 3.87651 1.05
4.6667 3.87651 1.05
4.6667 3.87651 1.05
4.6667 3.87651 1.05
4.6667 3.87651 1.05
4.6667 3.87651 1.05
4.6667 3.87651 1.05
4.6667 3.87651 1.05
4.6667 3.87651 1.05
4.6667 3.87651 1.05
4.6667 3.87651 1.05
4.6667 3.87651 1.05
4.6667 3.87651 1.05
4.6667 3.87651 1.05
4.6667 3.87651 1.05
4.6667 3.87651 1.05
4.6667 3.87651 1.05
4.6667 3.87651 1.05
4.6667 3.87651 1.05
4.6667 3.87651 1.05
4.6667 3.87651 1.05
4.6667 3.87651 1.05
4.6667 3.87651 1.05
4.6667 3.87651 1.05
4.6667 3.87651 1.05
4.6667 3.87651 1.05
4.6667 3.87651 1.05
4.6667 3.87651 1.05
4.6667 3.87651 1.05
4.6667 3.87651 1.05
4.6667 3.87651 1.05
4.6667 3.87651 1.05
4.6667 3.87651 1.05
4.6667 3.87651 1.05
4.6667 3.87651 1.05
4.6667 3.87651 1.05
4.6667 3.87651 1.05
4.6667 3.87651 1.05
4.6667 3.87651 1.05
4.6667 3.87651 1.05
4.6667 3.87651 1.05
4.6667 3.87651 1.05
4.6667 3.87651 1.05
4.6667 3.87651 1.05
4.6667 3.87651 1.05
4.6667 3.87651 1.05
4.6667 3.87651 1.05
4.6667 3.87651 1.05
4.6667 3.87651 1.05
4.6667 3.87651 1.05
4.6667 3.87651 1.05
4.6667 3.87651 1.05
4.6667 3.87651 1.05
4.6667 3.87651 1.05
4.6667 3.87651 1.05
4.6667 3.87651 1.05
4.6667 3.87651 1.05
4.6667 3.87651 1.05
4.6667 3.87651 1.05
4.6667 3.87651 1.05
4.6667 3.87651 1.05
4.6667 3.87651 1.05
4.6667 3.87651 1.05
4.6667 3.87651 1.05
4.6667 3.87651 1.05
4.6667 3.87651 1.05
4.6667 3.87651 1.05
4.6667 3.87651 1.05
4.6667 3.87651 1.05
4.6667 3.87651 1.05
4.6667 3.87651 1.05
4.6667 3.87651 1.05
4.6667 3.87651 1.05
4.6667 3.87651 1.05
4.6667 3.87651 1.05
4.6667 3.87651 1.05
4.6667 3.87651 1.05
4.6667 3.87651 1.05
4.6667 3.87651 1.05
4.6667 3.87651 1.05
4.6667 3.87651 1.05336
4.6667 3.87651 1.06277
4.6667 3.87651 1.07127
4.6667 3.87651 1.07939
4.6667 3.87651 1.08787
4.6667 3.87651 1.09695
4.6667 3.87651 1.1059
4.6667 3.87651 1.11356
4.6667 3.87651 1.11949
4.6667 3.87651 1.12415
4.6667 3.87651 1.12816
4.6667 3.87651 1.13168
4.6667 3.87651 1.1351
4.6667 3.87651 1.13236
4.6667 3.87651 1.12397
4.6667 3.87651 1.1112
4.6667 3.87651 1.09501
4.6667 3.87651 1.09501
4.6667 3.87651 1.09501
4.6667 3.87651 1.09501
4.6667 3.87651 1.09501
4.6667 3.87651 1.09501
4.6667 3.87651 1.09501
4.6667 3.87651 1.09501
4.6667 3.87651 1.09501
4.6667 3.87651 1.09501
4.6667 3.87651 1.09501
4.6667 3.87651 1.09501
4.6667 3.87651 1.09501
4.6667 3.87651 1.09501
4.6667 3.87651 1.09501
4.6667 3.87651 1.09501
4.6667 3.87651 1.09501
4.6667 3.87651 1.09501
4.6667 3.87651 1.09501
4.6667 3.87651 1.09501
4.6667 3.87651 1.09501
4.6667 3.87651 1.09501
4.6667 3.87651 1.09501
4.6667 3.87651 1.09501
4.6667 3.87651 1.09501
4.6667 3.87651 1.09501
4.6667 3.87651 1.09501
4.6667 3.87651 1.09501
4.6667 3.87651 1.09501
4.6667 3.87651 1.09501
4.6667 3.87651 1.09501
4.6667 3.87651 1.09501
4.6667 3.87651 1.09501
4.6667 3.87651 1.09501
4.6667 3.87651 1.09501
4.6667 3.87651 1.09501
4.6667 3.87651 1.09501
4.6667 3.87651 1.09501
