0.005 -8.33826e-06
0.015 -8.12853e-06
0.025 -7.6363e-06
0.035 -6.86438e-06
0.05 -5.17774e-06
0.065 -2.86463e-06
0.075 -9.81939e-07
0.085 1.1694e-06
0.095 3.5787e-06
0.105 6.24065e-06
0.115 9.14947e-06
0.125 1.2293e-05
0.135 1.5665e-05
0.145 1.92597e-05
0.155 2.30653e-05
0.165 2.70766e-05
0.175 3.12894e-05
0.185 3.56937e-05
0.195 4.02869e-05
0.205 4.5067e-05
0.215 5.00265e-05
0.225 5.51583e-05
0.235 6.04562e-05
0.245 6.59151e-05
0.255 7.15375e-05
0.265 7.73267e-05
0.275 8.32869e-05
0.285 8.9429e-05
0.295 9.57639e-05
0.305 0.000102295
0.315 0.000109019
0.325 0.000115929
0.335 0.000123021
0.345 0.000130296
0.355 0.00013776
0.365 0.000145418
0.375 0.000153261
0.385 0.000161264
0.395 0.000169415
0.405 0.000177723
0.415 0.000186202
0.425 0.000194853
0.435 0.000203661
0.445 0.000212624
0.455 0.000221729
0.465 0.00023093
0.475 0.00024016
0.485 0.000249359
0.495 0.000258519
0.505 0.000267668
0.515 0.000276829
0.525 0.000286013
0.535 0.000295199
0.545 0.000304341
0.555 0.000313374
0.565 0.000322249
0.575 0.000330982
0.585 0.000339627
0.595 0.000348234
0.605 0.000356839
0.615 0.000365488
0.625 0.00037426
0.635 0.000383253
0.645 0.000392529
0.655 0.000402129
0.665 0.000412094
0.675 0.000422382
0.685 0.00043276
0.695 0.000442837
0.705 0.000452213
0.715 0.000460646
0.725 0.00046813
0.735 0.000474781
0.745 0.000480689
0.755 0.000485883
0.765 0.000490351
0.775 0.000494082
0.785 0.000497196
0.795 0.000500087
0.805 0.000503399
0.815 0.00050786
0.825 0.000514111
0.835 0.000522432
0.845 0.00053247
0.855 0.000543357
0.865 0.000554102
0.875 0.000563895
0.885 0.000572189
0.895 0.000578558
0.905 0.000582523
0.915 0.000583542
0.925 0.000581286
0.935 0.000576047
0.945 0.000568791
0.955 0.000560762
0.965 0.000553104
0.975 0.000546804
0.985 0.000542676
0.995 0.000541045
1.01 0.00054229
1.025 0.000544902
1.04 0.000545314
1.055 0.000541734
1.07 0.000533614
1.085 0.000521101
1.1 0.000506072
1.115 0.000491539
1.13 0.000481152
1.145 0.000477998
1.16 0.000482423
1.175 0.000494273
1.19 0.000512442
1.205 0.000528328
1.22 0.000529746
1.235 0.00051198
1.25 0.000478081
1.265 0.000433141
1.28 0.0003858
1.295 0.000346243
1.31 0.000315593
1.325 0.000285779
1.34 0.000253743
1.355 0.000223377
1.37 0.000196912
1.385 0.00017437
1.4 0.000156555
1.415 0.000145232
1.43 0.00014315
1.445 0.000154132
1.46 0.000175593
1.475 0.00019688
1.49 0.000216204
1.505 0.000240801
1.52 0.000268526
1.535 0.000287425
1.55 0.000285484
1.565 0.000260578
1.58 0.000223234
1.595 0.000186768
1.61 0.000157934
1.625 0.000132178
1.64 0.000107252
1.655 9.32848e-05
1.67 0.000100309
1.685 0.000123388
1.7 0.000144303
1.715 0.000151509
1.73 0.000153835
1.745 0.000167768
1.76 0.000199561
1.775 0.000241223
1.79 0.000281269
1.805 0.00031589
1.82 0.000351561
1.835 0.000389687
1.85 0.000416055
1.865 0.000416082
1.88 0.000393247
1.895 0.000366326
1.91 0.00035268
1.925 0.000362593
1.94 0.000403849
1.955 0.000478941
1.97 0.000575452
1.985 0.000671038
2 0.000743597
2.01 0.000771963
2.02 0.000783899
2.03 0.000781698
2.04 0.000768566
2.05 0.000748843
2.06 0.00072947
2.07 0.000720714
2.08 0.000733999
2.09 0.00077839
2.1 0.000857911
2.11 0.000971274
2.12 0.00111441
2.13 0.00128317
2.14 0.00147409
2.15 0.00168472
2.16 0.00191491
2.17 0.00216611
2.18 0.00243625
2.19 0.00271628
2.2 0.00299291
2.21 0.00325375
2.22 0.00348916
2.23 0.00369081
2.24 0.00385047
2.25 0.00396284
2.26 0.00403073
2.27 0.00406529
2.28 0.00408134
2.29 0.00409262
2.3 0.00410894
2.31 0.00413616
2.32 0.00417896
2.33 0.00424416
2.34 0.0043426
2.35 0.00448765
2.36 0.00469104
2.37 0.00495725
2.38 0.00528143
2.39 0.00565324
2.4 0.00606154
2.41 0.00649562
2.42 0.00694364
2.43 0.00739167
2.44 0.00782685
2.45 0.00824273
2.46 0.00863957
2.47 0.00901865
2.48 0.00937754
2.49 0.00971062
2.5 0.0100105
2.51 0.0102664
2.52 0.0104633
2.53 0.010585
2.54 0.0106189
2.55 0.0105604
2.56 0.0104139
2.57 0.0101904
2.58 0.00990165
2.59 0.00955798
2.6 0.00917093
2.61 0.00875523
2.62 0.00832735
2.63 0.0079021
2.64 0.00749132
2.65 0.00710501
2.66 0.00675127
2.67 0.00643202
2.68 0.00613968
2.69 0.0058606
2.7 0.00558202
2.71 0.0052956
2.72 0.00499642
2.73 0.00468267
2.74 0.00435627
2.75 0.00402064
2.76 0.00367471
2.77 0.00330891
2.78 0.00290822
2.79 0.00245811
2.8 0.0019491
2.81 0.00137841
2.82 0.00074647
2.83 5.09407e-05
2.84 -0.000711154
2.85 -0.00153387
2.86 -0.00239787
2.87 -0.00327808
2.88 -0.00415283
2.89 -0.00500983
2.9 -0.00584627
2.91 -0.00666079
2.92 -0.00744574
2.93 -0.00818806
2.94 -0.00887527
2.95 -0.00950092
2.96 -0.0100686
2.97 -0.0105912
2.98 -0.0110852
2.99 -0.0115654
3 -0.012041
3.01 -0.0125126
3.02 -0.0129749
3.03 -0.0134217
3.04 -0.013851
3.05 -0.0142648
3.06 -0.0146675
3.07 -0.0150629
3.08 -0.015453
3.09 -0.0158369
3.1 -0.0162118
3.11 -0.0165749
3.12 -0.0169141
3.13 -0.01723
3.14 -0.0175176
3.15 -0.0177564
3.16 -0.0179544
3.17 -0.0181152
3.18 -0.0182455
3.19 -0.0183554
3.2 -0.0184505
3.21 -0.0185367
3.22 -0.0186181
3.23 -0.0186955
3.24 -0.0187644
3.25 -0.0188131
3.26 -0.0188274
3.27 -0.0187995
3.28 -0.0187333
3.29 -0.0186412
3.3 -0.0185354
3.31 -0.0184209
3.32 -0.0182942
3.33 -0.0181475
3.34 -0.0179744
3.35 -0.0177708
3.36 -0.0175322
3.37 -0.0172523
3.38 -0.0169274
3.39 -0.0165584
3.4 -0.0161463
3.41 -0.0156909
3.42 -0.0151966
3.43 -0.0146776
3.44 -0.0141502
3.45 -0.0136196
3.46 -0.0130756
3.47 -0.0125054
3.48 -0.0119056
3.49 -0.0112816
3.5 -0.0106409
3.51 -0.00998893
3.52 -0.00932986
3.53 -0.00866523
3.54 -0.00799273
3.55 -0.00730748
3.56 -0.00660409
3.57 -0.00587893
3.58 -0.00513193
3.59 -0.00436683
3.6 -0.00358914
3.61 -0.00280408
3.62 -0.00201594
3.63 -0.00122838
3.64 -0.00045289
3.65 0.00030549
3.66 0.00104137
3.67 0.00175343
3.68 0.00244524
3.69 0.0031246
3.7 0.00380076
3.71 0.0044828
3.72 0.00517696
3.73 0.00588378
3.74 0.00659855
3.75 0.00731453
3.76 0.00802496
3.77 0.00872304
3.78 0.00940226
3.79 0.0100594
3.8 0.0106963
3.81 0.0113148
3.82 0.0119117
3.83 0.0124809
3.84 0.0130179
3.85 0.0135214
3.86 0.0139946
3.87 0.0144439
3.88 0.0148744
3.89 0.015286
3.9 0.0156756
3.91 0.0160434
3.92 0.0163946
3.93 0.0167349
3.94 0.0170643
3.95 0.0173739
3.96 0.0176507
3.97 0.0178889
3.98 0.0180783
3.99 0.0182042
4 0.0182729
4.01 0.0182908
4.02 0.0182701
4.03 0.0182297
4.04 0.0181843
4.05 0.0181392
4.06 0.0180884
4.07 0.0180195
4.08 0.0179216
4.09 0.0177895
4.1 0.0176243
4.11 0.0174336
4.12 0.0172281
4.13 0.0170156
4.14 0.0167969
4.15 0.0165659
4.16 0.0163142
4.17 0.0160368
4.18 0.015735
4.19 0.0154141
4.2 0.0150778
4.21 0.0147247
4.22 0.014349
4.23 0.0139476
4.24 0.0135254
4.25 0.0130936
4.26 0.0126608
4.27 0.0122293
4.28 0.0117932
4.29 0.0113415
4.3 0.0108627
4.31 0.0103514
4.32 0.00981364
4.33 0.00926336
4.34 0.00871546
4.35 0.00817814
4.36 0.00764714
4.37 0.00710717
4.38 0.00653976
4.39 0.00593161
4.4 0.00528289
4.41 0.00461016
4.42 0.00393899
4.43 0.00329204
4.44 0.00267667
4.45 0.00207832
4.46 0.00146961
4.47 0.000827367
4.48 0.000139135
4.49 -0.00058826
4.5 -0.00134048
4.51 -0.00209788
4.52 -0.00283865
4.53 -0.00354673
4.54 -0.0042151
4.55 -0.00484502
4.56 -0.00544189
4.57 -0.00600979
4.58 -0.00654922
4.59 -0.00706082
4.6 -0.0075519
4.61 -0.00803771
4.62 -0.0085341
4.63 -0.00904715
4.64 -0.00957008
4.65 -0.0100904
4.66 -0.0105994
4.67 -0.011097
4.68 -0.0115883
4.69 -0.0120778
4.7 -0.0125646
4.71 -0.0130411
4.72 -0.0137785
4.73 -0.0144257
4.74 -0.0147454
4.75 -0.0150934
4.76 -0.0153548
4.77 -0.0156237
4.78 -0.0158946
4.79 -0.0161167
4.8 -0.0163387
4.81 -0.0165674
4.82 -0.0168037
4.83 -0.0170679
4.84 -0.0173223
4.85 -0.0175571
4.86 -0.0177812
4.87 -0.0179794
4.88 -0.0181468
4.89 -0.0182982
4.9 -0.0184564
4.91 -0.0186362
4.92 -0.0188344
4.93 -0.019039
4.94 -0.0192458
4.95 -0.019458
4.96 -0.0196742
4.97 -0.0198827
4.98 -0.0200681
4.99 -0.0202228
5 -0.0203498
5.01 -0.0204554
5.02 -0.0205483
5.03 -0.0206288
5.04 -0.0206887
5.05 -0.0207172
5.06 -0.0207054
5.07 -0.0206461
5.08 -0.0205319
5.09 -0.0203589
5.1 -0.0201317
5.11 -0.0198618
5.12 -0.0195618
5.13 -0.0192406
5.14 -0.0189041
5.15 -0.0185599
5.16 -0.0182162
5.17 -0.0178773
5.18 -0.0175411
5.19 -0.017206
5.2 -0.016879
5.21 -0.0165741
5.22 -0.0163085
5.23 -0.0160999
5.24 -0.0159605
5.25 -0.0158885
5.26 -0.0158659
5.27 -0.0158647
5.28 -0.0158579
5.29 -0.0158344
5.3 -0.0158051
5.31 -0.0157933
5.32 -0.0158188
5.33 -0.0158844
5.34 -0.0159758
5.35 -0.0160719
5.36 -0.0161573
5.37 -0.0162313
5.38 -0.0163094
5.39 -0.0164134
5.4 -0.0165536
5.41 -0.0167207
5.42 -0.0168897
5.43 -0.0170351
5.44 -0.0171391
5.45 -0.0171957
5.46 -0.0172109
5.47 -0.0171948
5.48 -0.017151
5.49 -0.0170754
5.5 -0.0169659
5.51 -0.0168282
5.52 -0.0166706
5.53 -0.0164951
5.54 -0.0162953
5.55 -0.0160633
5.56 -0.0157987
5.57 -0.0155107
5.58 -0.0152149
5.59 -0.0149307
5.6 -0.0146782
5.61 -0.0144696
5.62 -0.014305
5.63 -0.0141736
5.64 -0.0140607
5.65 -0.0139548
5.66 -0.0138513
5.67 -0.0137556
5.68 -0.013679
5.69 -0.0136279
5.7 -0.0135953
5.71 -0.013564
5.72 -0.013519
5.73 -0.0134555
5.74 -0.0133751
5.75 -0.0132752
5.76 -0.0131458
5.77 -0.0129756
5.78 -0.0127594
5.79 -0.0124995
5.8 -0.012202
5.81 -0.0118719
5.82 -0.011513
5.83 -0.0111304
5.84 -0.0107323
5.85 -0.0103273
5.86 -0.00991663
5.87 -0.00949029
5.88 -0.0090347
5.89 -0.00854483
5.9 -0.00803179
5.91 -0.00751583
5.92 -0.0070088
5.93 -0.00650277
5.94 -0.00597684
5.95 -0.0054142
5.96 -0.00481649
5.97 -0.00420363
5.98 -0.00360086
5.99 -0.00302513
6 -0.00247669
6.01 -0.00194171
6.02 -0.00140687
6.03 -0.000871008
6.04 -0.000340577
6.05 0.000183369
6.06 0.000706926
6.07 0.0012375
6.08 0.00177698
6.09 0.00231563
6.1 0.00282174
6.11 0.00333143
6.12 0.00384142
6.13 0.00437259
6.14 0.00494138
6.15 0.00554283
6.16 0.0061583
6.17 0.00677991
6.18 0.00741439
6.19 0.00807311
6.2 0.00876339
6.21 0.00948879
6.22 0.0102507
6.23 0.0110467
6.24 0.0118695
6.25 0.0127079
6.26 0.0135518
6.27 0.0143957
6.28 0.015237
6.29 0.0160663
6.3 0.0168592
6.31 0.0175852
6.32 0.018221
6.33 0.018755
6.34 0.0191827
6.35 0.0195104
6.36 0.0197602
6.37 0.0199414
6.38 0.0200636
6.39 0.0201381
6.4 0.0201776
6.41 0.0201861
6.42 0.0201843
6.43 0.0201911
6.44 0.0202141
6.45 0.0202496
6.46 0.0202819
6.47 0.0202994
6.48 0.020307
6.49 0.02032
6.5 0.0203467
6.51 0.0203816
6.52 0.0204161
6.53 0.0204571
6.54 0.0205269
6.55 0.020649
6.56 0.0208364
6.57 0.0210893
6.58 0.0213954
6.59 0.0217329
6.6 0.022075
6.61 0.0223996
6.62 0.0226993
6.63 0.0229797
6.64 0.023244
6.65 0.023472
6.66 0.0236317
6.67 0.0236835
6.68 0.0236038
6.69 0.0233929
6.7 0.0230707
6.71 0.0226604
6.72 0.0221727
6.73 0.0216048
6.74 0.0209526
6.75 0.0202248
6.76 0.0194479
6.77 0.0186619
6.78 0.0179068
6.79 0.0172087
6.8 0.0165741
6.81 0.0159911
6.82 0.0154394
6.83 0.0149037
6.84 0.0143791
6.85 0.0138649
6.86 0.0133585
6.87 0.0128544
6.88 0.0123472
6.89 0.0118329
6.9 0.0113083
6.91 0.0107696
6.92 0.010215
6.93 0.0096489
6.94 0.00908084
6.95 0.00851893
6.96 0.00795994
6.97 0.00739638
6.98 0.00681523
6.99 0.00619931
7 0.00553816
7.01 0.00483023
7.02 0.00408264
7.03 0.0033065
7.04 0.00250844
7.05 0.0016898
7.06 0.000851633
7.07 -6.65455e-06
7.08 -0.000883864
7.09 -0.00177235
7.1 -0.00266033
7.11 -0.00353286
7.12 -0.00437445
7.13 -0.00517004
7.14 -0.00590689
7.15 -0.00658333
7.16 -0.00721442
7.17 -0.00782419
7.18 -0.00843343
7.19 -0.00905446
7.2 -0.00969462
7.21 -0.0103615
7.22 -0.0110613
7.23 -0.0117943
7.24 -0.0125551
7.25 -0.0133374
7.26 -0.0141348
7.27 -0.0149357
7.28 -0.015715
7.29 -0.0164394
7.3 -0.0170813
7.31 -0.0176323
7.32 -0.0181037
7.33 -0.0185155
7.34 -0.018891
7.35 -0.0192496
7.36 -0.0196028
7.37 -0.0199531
7.38 -0.0202969
7.39 -0.0206299
7.4 -0.0209533
7.41 -0.0212749
7.42 -0.0216085
7.43 -0.0219639
7.44 -0.0223395
7.45 -0.0227266
7.46 -0.0231138
7.47 -0.0234913
7.48 -0.0238533
7.49 -0.0241994
7.5 -0.0245333
7.51 -0.0248559
7.52 -0.0251592
7.53 -0.0254257
7.54 -0.0256371
7.55 -0.0257826
7.56 -0.0258633
7.57 -0.025892
7.58 -0.0258806
7.59 -0.0258324
7.6 -0.0257426
7.61 -0.0256062
7.62 -0.0254252
7.63 -0.0252106
7.64 -0.0249771
7.65 -0.0247376
7.66 -0.0244991
7.67 -0.0242606
7.68 -0.0240184
7.69 -0.0237723
7.7 -0.023528
7.71 -0.0232926
7.72 -0.023068
7.73 -0.0228508
7.74 -0.0226357
7.75 -0.0224186
7.76 -0.022197
7.77 -0.0219685
7.78 -0.0217304
7.79 -0.0214795
7.8 -0.0212134
7.81 -0.0209322
7.82 -0.0206373
7.83 -0.0203275
7.84 -0.019996
7.85 -0.0196319
7.86 -0.0192245
7.87 -0.0187662
7.88 -0.0182544
7.89 -0.0176921
7.9 -0.0170844
7.91 -0.0164368
7.92 -0.0157542
7.93 -0.0150426
7.94 -0.0143095
7.95 -0.013563
7.96 -0.0128113
7.97 -0.0120617
7.98 -0.0113192
7.99 -0.0105858
8 -0.00985974
8.01 -0.00913602
8.02 -0.00840816
8.03 -0.00766964
8.04 -0.00691746
8.05 -0.00615605
8.06 -0.00539726
8.07 -0.00465439
8.08 -0.00393075
8.09 -0.00321927
8.1 -0.00250833
8.11 -0.00178745
8.12 -0.00105469
8.13 -0.0003141
8.14 0.000430899
8.15 0.00118181
8.16 0.00194432
8.17 0.0027244
8.18 0.00352543
8.19 0.00434579
8.2 0.00517657
8.21 0.00600331
8.22 0.00681135
8.23 0.0075909
8.24 0.0083257
8.25 0.0090119
8.26 0.00967768
8.27 0.0103074
8.28 0.0109157
8.29 0.0115137
8.3 0.0121083
8.31 0.0127009
8.32 0.0132892
8.33 0.0138642
8.34 0.0144166
8.35 0.0149463
8.36 0.0154627
8.37 0.0159762
8.38 0.016492
8.39 0.0170108
8.4 0.0175321
8.41 0.0180555
8.42 0.0185803
8.43 0.0191031
8.44 0.0196172
8.45 0.0201151
8.46 0.0205906
8.47 0.0210432
8.48 0.0214771
8.49 0.021897
8.5 0.0223021
8.51 0.0227291
8.52 0.0232555
8.53 0.0235845
8.54 0.0238335
8.55 0.0240499
8.56 0.0243018
8.57 0.0245229
8.58 0.0246864
8.59 0.0248236
8.6 0.0249482
8.61 0.0250402
8.62 0.0250969
8.63 0.0251357
8.64 0.0251601
8.65 0.0251562
8.66 0.0251158
8.67 0.0250422
8.68 0.0249406
8.69 0.0248051
8.7 0.0246187
8.71 0.0243651
8.72 0.0240858
8.73 0.0238119
8.74 0.0235176
8.75 0.0232005
8.76 0.0228669
8.77 0.0225204
8.78 0.0221475
8.79 0.0217402
8.8 0.021303
8.81 0.0208478
8.82 0.0203843
8.83 0.0199222
8.84 0.0194716
8.85 0.0190426
8.86 0.0186429
8.87 0.0182746
8.88 0.0179333
8.89 0.0176113
8.9 0.0173041
8.91 0.0170106
8.92 0.0167284
8.93 0.0164499
8.94 0.0161634
8.95 0.0158563
8.96 0.0155161
8.97 0.0151329
8.98 0.0147031
8.99 0.0142303
9 0.0137222
9.01 0.0131863
9.02 0.0126301
9.03 0.0120613
9.04 0.011488
9.05 0.0109162
9.06 0.0103487
9.07 0.00978696
9.08 0.00923259
9.09 0.00868832
9.1 0.00815811
9.11 0.00764636
9.12 0.00715458
9.13 0.00667919
9.14 0.0062136
9.15 0.00575356
9.16 0.00529737
9.17 0.00484827
9.18 0.00441197
9.19 0.00399368
9.2 0.00359486
9.21 0.00321324
9.22 0.00284426
9.23 0.00248771
9.24 0.0021522
9.25 0.00184665
9.26 0.00157732
9.27 0.00134349
9.28 0.00113566
9.29 0.000940642
9.3 0.000745971
9.31 0.000539657
9.32 0.000310281
9.33 4.50815e-05
9.34 -0.000264057
9.35 -0.000620085
9.36 -0.00102855
9.37 -0.00148753
9.38 -0.00199333
9.39 -0.00254191
9.4 -0.00312405
9.41 -0.00372653
9.42 -0.00433774
9.43 -0.00495276
9.44 -0.00557283
9.45 -0.00620086
9.46 -0.00683752
9.47 -0.00748188
9.48 -0.0081322
9.49 -0.00878251
9.5 -0.00942532
9.51 -0.0100526
9.52 -0.0106584
9.53 -0.0112417
9.54 -0.0118059
9.55 -0.0123563
9.56 -0.0128974
9.57 -0.0134319
9.58 -0.0139608
9.59 -0.0144852
9.6 -0.0150074
9.61 -0.0155304
9.62 -0.016056
9.63 -0.0165827
9.64 -0.0171066
9.65 -0.0176229
9.66 -0.018128
9.67 -0.0186211
9.68 -0.0191055
9.69 -0.0195883
9.7 -0.0200779
9.71 -0.0205821
9.72 -0.0211066
9.73 -0.0216529
9.74 -0.0222174
9.75 -0.0227936
9.76 -0.0233757
9.77 -0.0239611
9.78 -0.0245492
9.79 -0.0251358
9.8 -0.0257115
9.81 -0.0262638
9.82 -0.0267826
9.83 -0.0272625
9.84 -0.0277015
9.85 -0.0281045
9.86 -0.0284775
9.87 -0.0288255
9.88 -0.029152
9.89 -0.0294567
9.9 -0.0297401
9.91 -0.0299991
9.92 -0.0302303
9.93 -0.0304312
9.94 -0.0305669
9.95 -0.0305773
9.96 -0.0306257
9.97 -0.0306252
9.98 -0.0305502
9.99 -0.0304698
10 -0.0303348
10.01 -0.030152
10.02 -0.0299507
10.03 -0.0297288
10.04 -0.0294854
10.05 -0.0292232
10.06 -0.0289401
10.07 -0.0286401
10.08 -0.0283257
10.09 -0.0279936
10.1 -0.0276498
10.11 -0.027289
10.12 -0.0269134
10.13 -0.0265307
10.14 -0.0261465
10.15 -0.0257647
10.16 -0.025392
10.17 -0.0250305
10.18 -0.0246776
10.19 -0.0243283
10.2 -0.0239779
10.21 -0.023624
10.22 -0.023266
10.23 -0.0229057
10.24 -0.0225452
10.25 -0.0221846
10.26 -0.0218244
10.27 -0.021467
10.28 -0.0211108
10.29 -0.0207551
10.3 -0.0203997
10.31 -0.0200434
10.32 -0.0196828
10.33 -0.0193141
10.34 -0.0189349
10.35 -0.0185433
10.36 -0.0181398
10.37 -0.0177272
10.38 -0.017306
10.39 -0.0168723
10.4 -0.0164202
10.41 -0.0159444
10.42 -0.0154422
10.43 -0.0149151
10.44 -0.01437
10.45 -0.0138151
10.46 -0.0132564
10.47 -0.0126953
10.48 -0.0121305
10.49 -0.0115622
10.5 -0.0109945
10.51 -0.0104345
10.52 -0.00989124
10.53 -0.0093716
10.54 -0.00887792
10.55 -0.00840736
10.56 -0.00795429
10.57 -0.00751641
10.58 -0.0070969
10.59 -0.00669943
10.6 -0.00632641
10.61 -0.0059793
10.62 -0.00565649
10.63 -0.00535375
10.64 -0.00506433
10.65 -0.00478109
10.66 -0.00450005
10.67 -0.00421802
10.68 -0.00393129
10.69 -0.00363383
10.7 -0.00331643
10.71 -0.00297187
10.72 -0.00259421
10.73 -0.00217763
10.74 -0.00171669
10.75 -0.00120784
10.76 -0.000650401
10.77 -4.6406e-05
10.78 0.00060006
10.79 0.00128589
10.8 0.0020086
10.81 0.00276861
10.82 0.00356159
10.83 0.00437607
10.84 0.00521552
10.85 0.00607298
10.86 0.00694311
10.87 0.00782353
10.88 0.00869318
10.89 0.00955503
10.9 0.010426
10.91 0.011286
10.92 0.0121378
10.93 0.0129858
10.94 0.0138309
10.95 0.014673
10.96 0.0155147
10.97 0.0163592
10.98 0.0172067
10.99 0.0180544
11 0.0188993
11.01 0.0197387
11.02 0.0205697
11.03 0.0213888
11.04 0.0221929
11.05 0.0229791
11.06 0.0237442
11.07 0.0244859
11.08 0.0252174
11.09 0.0259482
11.1 0.0266496
11.11 0.0273375
11.12 0.0280162
11.13 0.0286795
11.14 0.0293297
11.15 0.0299674
11.16 0.030598
11.17 0.0312217
11.18 0.0318372
11.19 0.032441
11.2 0.0330274
11.21 0.0335938
11.22 0.0341412
11.23 0.0346729
11.24 0.035192
11.25 0.0356996
11.26 0.0361949
11.27 0.0366764
11.28 0.0371395
11.29 0.0375771
11.3 0.0379807
11.31 0.0385858
11.32 0.0395445
11.33 0.039546
11.34 0.0398405
11.35 0.0399716
11.36 0.0400615
11.37 0.0401251
11.38 0.0401489
11.39 0.0401504
11.4 0.0401314
11.41 0.0401059
11.42 0.0400775
11.43 0.0400454
11.44 0.0400078
11.45 0.0399727
11.46 0.0399381
11.47 0.0399101
11.48 0.0398922
11.49 0.0398765
11.5 0.039859
11.51 0.0398364
11.52 0.0398033
11.53 0.0397567
11.54 0.0396978
11.55 0.0396303
11.56 0.0395549
11.57 0.0394698
11.58 0.0393709
11.59 0.0392547
11.6 0.0391222
11.61 0.0389789
11.62 0.0388332
11.63 0.0386923
11.64 0.0385607
11.65 0.0384405
11.66 0.0383321
11.67 0.0382322
11.68 0.0381387
11.69 0.0380515
11.7 0.0379709
11.71 0.0378949
11.72 0.03782
11.73 0.0377412
11.74 0.0376553
11.75 0.0375596
11.76 0.0374511
11.77 0.0373278
11.78 0.037189
11.79 0.0370347
11.8 0.0368618
11.81 0.0366639
11.82 0.0364343
11.83 0.0361726
11.84 0.0358824
11.85 0.0355708
11.86 0.0352428
11.87 0.0349003
11.88 0.0345452
11.89 0.0341812
11.9 0.0338155
11.91 0.0334563
11.92 0.0331096
11.93 0.0327769
11.94 0.032456
11.95 0.032144
11.96 0.031839
11.97 0.0315445
11.98 0.0312662
11.99 0.0310089
12 0.0307772
12.01 0.0305727
12.02 0.030395
12.03 0.030241
12.04 0.0301069
12.05 0.0299887
12.06 0.0298832
12.07 0.0297878
12.08 0.0297008
12.09 0.0296209
12.1 0.0295463
12.11 0.0294736
12.12 0.0293965
12.13 0.0293085
12.14 0.0292038
12.15 0.0290779
12.16 0.0289283
12.17 0.028755
12.18 0.0285594
12.19 0.0283428
12.2 0.0281051
12.21 0.0278438
12.22 0.0275536
12.23 0.0272298
12.24 0.0268688
12.25 0.0264677
12.26 0.0260252
12.27 0.0255416
12.28 0.0250177
12.29 0.0244575
12.3 0.0238678
12.31 0.0232515
12.32 0.0226149
12.33 0.0219665
12.34 0.0213125
12.35 0.0206563
12.36 0.0199983
12.37 0.0193399
12.38 0.0186849
12.39 0.0180376
12.4 0.0174026
12.41 0.0167828
12.42 0.0161788
12.43 0.015588
12.44 0.0150059
12.45 0.0144274
12.46 0.0138492
12.47 0.01327
12.48 0.0126898
12.49 0.0121096
12.5 0.0115305
12.51 0.0109547
12.52 0.0103785
12.53 0.00980465
12.54 0.00923096
12.55 0.00865355
12.56 0.0080634
12.57 0.00744719
12.58 0.00679386
12.59 0.00609689
12.6 0.0053538
12.61 0.00456404
12.62 0.00372847
12.63 0.00284841
12.64 0.0019276
12.65 0.000972135
12.66 -1.26399e-05
12.67 -0.00102048
12.68 -0.00204342
12.69 -0.00307526
12.7 -0.00410883
12.71 -0.00513929
12.72 -0.00616428
12.73 -0.00717781
12.74 -0.00817091
12.75 -0.00913779
12.76 -0.0100703
12.77 -0.0109616
12.78 -0.0118076
12.79 -0.012603
12.8 -0.0133464
12.81 -0.0140377
12.82 -0.0146872
12.83 -0.0153004
12.84 -0.0158739
12.85 -0.0164071
12.86 -0.0169004
12.87 -0.0173543
12.88 -0.0177661
12.89 -0.0181328
12.9 -0.0184526
12.91 -0.0187277
12.92 -0.0189688
12.93 -0.0191755
12.94 -0.0193545
12.95 -0.0195169
12.96 -0.019672
12.97 -0.0198277
12.98 -0.0199867
12.99 -0.0201519
13 -0.0203347
13.01 -0.0205439
13.02 -0.0207864
13.03 -0.0210672
13.04 -0.0213869
13.05 -0.0217414
13.06 -0.022123
13.07 -0.0225328
13.08 -0.022973
13.09 -0.0234419
13.1 -0.0239347
13.11 -0.0244471
13.12 -0.0249692
13.13 -0.0254929
13.14 -0.0260106
13.15 -0.0265157
13.16 -0.0270029
13.17 -0.0274681
13.18 -0.0278861
13.19 -0.0282667
13.2 -0.0286085
13.21 -0.0288985
13.22 -0.029156
13.23 -0.0293715
13.24 -0.0295439
13.25 -0.0296811
13.26 -0.0297726
13.27 -0.0298114
13.28 -0.0297846
13.29 -0.0297026
13.3 -0.0295875
13.31 -0.029423
13.32 -0.0292207
13.33 -0.0289767
13.34 -0.0286824
13.35 -0.028373
13.36 -0.0280734
13.37 -0.0277816
13.38 -0.0274963
13.39 -0.0272315
13.4 -0.0270006
13.41 -0.0268109
13.42 -0.0266781
13.43 -0.02661
13.44 -0.0266071
13.45 -0.0266679
13.46 -0.0267895
13.47 -0.0269716
13.48 -0.0272162
13.49 -0.0275226
13.5 -0.0278892
13.51 -0.0283095
13.52 -0.0287743
13.53 -0.0292751
13.54 -0.0298074
13.55 -0.03036
13.56 -0.0309249
13.57 -0.0314961
13.58 -0.032067
13.59 -0.0326331
13.6 -0.0331889
13.61 -0.0337294
13.62 -0.0342498
13.63 -0.0347428
13.64 -0.0351974
13.65 -0.0356071
13.66 -0.0359659
13.67 -0.0362687
13.68 -0.0365137
13.69 -0.0366998
13.7 -0.0368275
13.71 -0.0368999
13.72 -0.0369186
13.73 -0.0368887
13.74 -0.0368188
13.75 -0.0367168
13.76 -0.0365895
13.77 -0.0364419
13.78 -0.0362764
13.79 -0.0360978
13.8 -0.035915
13.81 -0.035738
13.82 -0.0355729
13.83 -0.0354286
13.84 -0.0353126
13.85 -0.0352262
13.86 -0.0351728
13.87 -0.035152
13.88 -0.0351611
13.89 -0.0352066
13.9 -0.0353065
13.91 -0.0354554
13.92 -0.0356524
13.93 -0.0358989
13.94 -0.0361896
13.95 -0.0365203
13.96 -0.036884
13.97 -0.0372755
13.98 -0.0376867
13.99 -0.0381078
14 -0.0385251
14.01 -0.0389289
14.02 -0.039311
14.03 -0.0396667
14.04 -0.039992
14.05 -0.0402821
14.06 -0.0405334
14.07 -0.0407435
14.08 -0.0409114
14.09 -0.0410367
14.1 -0.0411188
14.11 -0.0411572
14.12 -0.0411528
14.13 -0.0411076
14.14 -0.0410246
14.15 -0.040907
14.16 -0.0407581
14.17 -0.0405837
14.18 -0.0403905
14.19 -0.0401842
14.2 -0.0399704
14.21 -0.0397538
14.22 -0.0395364
14.23 -0.0393195
14.24 -0.0391056
14.25 -0.0389
14.26 -0.0387102
14.27 -0.0385466
14.28 -0.0384199
14.29 -0.0383377
14.3 -0.0383028
14.31 -0.0383122
14.32 -0.0383616
14.33 -0.0384496
14.34 -0.0385728
14.35 -0.0387288
14.36 -0.038914
14.37 -0.0391228
14.38 -0.0393498
14.39 -0.0395906
14.4 -0.0398389
14.41 -0.0400883
14.42 -0.0403333
14.43 -0.0405675
14.44 -0.040785
14.45 -0.040978
14.46 -0.0411363
14.47 -0.0412506
14.48 -0.0413128
14.49 -0.0413177
14.5 -0.0412671
14.51 -0.0411672
14.52 -0.0410249
14.53 -0.0408444
14.54 -0.0406253
14.55 -0.0403635
14.56 -0.0400565
14.57 -0.0397066
14.58 -0.03932
14.59 -0.0389054
14.6 -0.0384728
14.61 -0.038029
14.62 -0.0375809
14.63 -0.0371351
14.64 -0.0367005
14.65 -0.036287
14.66 -0.035903
14.67 -0.0355548
14.68 -0.0352447
14.69 -0.0349709
14.7 -0.0347292
14.71 -0.0345153
14.72 -0.034325
14.73 -0.0341548
14.74 -0.034004
14.75 -0.033874
14.76 -0.0337638
14.77 -0.0336681
14.78 -0.0335784
14.79 -0.0334869
14.8 -0.033389
14.81 -0.0332818
14.82 -0.0331611
14.83 -0.033023
14.84 -0.0328649
14.85 -0.0326844
14.86 -0.0324791
14.87 -0.0322482
14.88 -0.0319898
14.89 -0.0317028
14.9 -0.0313875
14.91 -0.0310462
14.92 -0.0306819
14.93 -0.030298
14.94 -0.029898
14.95 -0.0294864
14.96 -0.0290685
14.97 -0.0286506
14.98 -0.0282388
14.99 -0.0278359
15 -0.0274425
15.01 -0.0270578
15.02 -0.0266819
15.03 -0.0263174
15.04 -0.0259685
15.05 -0.0256391
15.06 -0.0253323
15.07 -0.0250505
15.08 -0.0247955
15.09 -0.0245679
15.1 -0.0243679
15.11 -0.0241954
15.12 -0.0240518
15.13 -0.0239394
15.14 -0.02386
15.15 -0.0238144
15.16 -0.0238015
15.17 -0.0238183
15.18 -0.023861
15.19 -0.0239262
15.2 -0.0240111
15.21 -0.0241142
15.22 -0.0242332
15.23 -0.0243621
15.24 -0.0244919
15.25 -0.0246116
15.26 -0.0247125
15.27 -0.0247887
15.28 -0.0248363
15.29 -0.0248541
15.3 -0.0248419
15.31 -0.0247999
15.32 -0.0247263
15.33 -0.0246192
15.34 -0.0244779
15.35 -0.0243039
15.36 -0.0241013
15.37 -0.0238749
15.38 -0.0236295
15.39 -0.0233702
15.4 -0.0231036
15.41 -0.0228373
15.42 -0.022579
15.43 -0.0223353
15.44 -0.0221114
15.45 -0.021909
15.46 -0.0217304
15.47 -0.0215763
15.48 -0.0214458
15.49 -0.0213371
15.5 -0.0212482
15.51 -0.0211772
15.52 -0.0211234
15.53 -0.0210866
15.54 -0.0210648
15.55 -0.0210529
15.56 -0.0210442
15.57 -0.021033
15.58 -0.0210137
15.59 -0.0209814
15.6 -0.0209323
15.61 -0.0208654
15.62 -0.0207814
15.63 -0.0206808
15.64 -0.0205618
15.65 -0.0204222
15.66 -0.0202608
15.67 -0.0200793
15.68 -0.0198805
15.69 -0.0196654
15.7 -0.0194326
15.71 -0.0191796
15.72 -0.018905
15.73 -0.018608
15.74 -0.0182887
15.75 -0.0179489
15.76 -0.0175901
15.77 -0.0172122
15.78 -0.0168113
15.79 -0.0163832
15.8 -0.0159249
15.81 -0.0154344
15.82 -0.0149133
15.83 -0.0143654
15.84 -0.0137944
15.85 -0.0132038
15.86 -0.0125965
15.87 -0.0119757
15.88 -0.0113448
15.89 -0.0107066
15.9 -0.0100644
15.91 -0.00942088
15.92 -0.00877853
15.93 -0.00813961
15.94 -0.00750619
15.95 -0.00687926
15.96 -0.00625808
15.97 -0.00563974
15.98 -0.0050188
15.99 -0.0043899
16 -0.00374986
16.015 -0.00276384
16.03 -0.00174465
16.045 -0.000689853
16.06 0.000408391
16.075 0.00155369
16.09 0.00274113
16.105 0.00395225
16.12 0.00516724
16.135 0.0063693
16.15 0.00755099
16.165 0.00871568
16.18 0.00986542
16.195 0.0109993
16.21 0.0121135
16.225 0.0132095
16.24 0.014291
16.255 0.0153589
16.27 0.0164019
16.285 0.0174006
16.3 0.0183361
16.315 0.019194
16.33 0.0199662
16.345 0.0206532
16.36 0.0212564
16.375 0.0217784
16.39 0.0222282
16.405 0.0226207
16.42 0.0229722
16.435 0.0232984
16.45 0.0236136
16.465 0.0239239
16.48 0.0242275
16.495 0.0245395
16.51 0.0248512
16.525 0.0251586
16.54 0.0254664
16.555 0.0257772
16.57 0.0260885
16.585 0.0263989
16.6 0.0267059
16.615 0.0270099
16.63 0.0273075
16.645 0.0275877
16.66 0.0278644
16.675 0.0281458
16.69 0.0283866
16.705 0.0286549
16.72 0.0287467
16.735 0.0288686
16.75 0.0288951
16.765 0.0288141
16.78 0.0286465
16.795 0.028433
16.81 0.0281794
16.825 0.0278748
16.84 0.0275627
16.855 0.0272548
16.87 0.0269714
16.885 0.0267192
16.9 0.0265001
16.915 0.0263242
16.93 0.0262041
16.945 0.026154
16.96 0.0261808
16.975 0.0262881
16.99 0.0264761
17.005 0.026735
17.02 0.0270505
17.035 0.0274063
17.05 0.0277941
17.065 0.0282069
17.08 0.0286358
17.095 0.0290735
17.11 0.0295162
17.125 0.0299619
17.14 0.0303981
17.155 0.0308153
17.17 0.0311986
17.185 0.031546
17.2 0.0318643
17.215 0.0321485
17.23 0.0323837
17.245 0.0325536
17.26 0.0326508
17.275 0.0326667
17.29 0.0326111
17.305 0.0325002
17.32 0.0323489
17.335 0.0321696
17.35 0.0319774
17.365 0.0317791
17.38 0.0315806
17.395 0.0313913
17.41 0.0312233
17.425 0.0310841
17.44 0.0309725
17.455 0.0308768
17.47 0.0308034
17.485 0.030744
17.5 0.0306923
17.515 0.0306404
17.53 0.0305779
17.545 0.030494
17.56 0.030372
17.575 0.0301953
17.59 0.029954
17.605 0.0296414
17.62 0.0292596
17.635 0.028815
17.65 0.0283144
17.665 0.0277679
17.68 0.0271802
17.695 0.0265502
17.71 0.0258828
17.725 0.0251979
17.74 0.0245199
17.755 0.0238647
17.77 0.0232455
17.785 0.0226738
17.8 0.0221575
17.815 0.0217025
17.83 0.0213103
17.845 0.0209761
17.86 0.0206928
17.875 0.0204581
17.89 0.0202769
17.905 0.0201579
17.92 0.0201007
17.935 0.0200932
17.95 0.0201147
17.965 0.0201514
17.98 0.0201946
17.995 0.0202403
18.01 0.0202813
18.025 0.020308
18.04 0.0203141
18.055 0.0202962
18.07 0.0202559
18.085 0.0201889
18.1 0.0200836
18.115 0.0199307
18.13 0.019726
18.145 0.0194731
18.16 0.0191794
18.175 0.0188574
18.19 0.0185231
18.205 0.0181953
18.22 0.0178969
18.235 0.0176478
18.25 0.0174589
18.265 0.017329
18.28 0.0172548
18.295 0.0172348
18.31 0.0172656
18.325 0.0173376
18.34 0.0174331
18.355 0.0175341
18.37 0.0176214
18.385 0.0176753
18.4 0.0176804
18.415 0.017636
18.43 0.0175449
18.445 0.0174051
18.46 0.0171975
18.475 0.0169009
18.49 0.016506
18.505 0.0160172
18.52 0.0154441
18.535 0.0147972
18.55 0.0140916
18.565 0.0133452
18.58 0.012576
18.595 0.0118006
18.61 0.0110277
18.625 0.0102563
18.64 0.00948358
18.655 0.00870971
18.67 0.00794331
18.685 0.00719765
18.7 0.00648265
18.715 0.00580409
18.73 0.00516019
18.745 0.00454009
18.76 0.00393362
18.775 0.00333694
18.79 0.0027525
18.805 0.00217592
18.82 0.00160107
18.835 0.00102044
18.85 0.000426825
18.865 -0.000187593
18.88 -0.000831049
18.895 -0.00150798
18.91 -0.00222034
18.925 -0.00296883
18.94 -0.00375147
18.955 -0.00456282
18.97 -0.00539221
18.985 -0.00622182
19 -0.00702814
19.015 -0.00779172
19.03 -0.00850269
19.045 -0.00915338
19.06 -0.00973283
19.075 -0.0102276
19.09 -0.0106267
19.105 -0.0109292
19.12 -0.0111414
19.135 -0.0112644
19.15 -0.0112953
19.165 -0.0112398
19.18 -0.0111149
19.195 -0.0109369
19.21 -0.0107178
19.225 -0.0104593
19.24 -0.0101636
19.255 -0.00983875
19.27 -0.00949755
19.285 -0.00915072
19.3 -0.00880367
19.315 -0.0084581
19.33 -0.00811589
19.345 -0.00778343
19.36 -0.0074675
19.375 -0.00717395
19.39 -0.00690774
19.405 -0.00667424
19.42 -0.00647749
19.435 -0.00632138
19.45 -0.00621042
19.465 -0.00614237
19.48 -0.0061074
19.495 -0.00609635
19.51 -0.00610139
19.525 -0.006114
19.54 -0.0061269
19.555 -0.00613586
19.57 -0.0061423
19.585 -0.00615682
19.6 -0.00619472
19.615 -0.00626555
19.63 -0.00637397
19.645 -0.00652171
19.66 -0.00671192
19.675 -0.00694785
19.69 -0.00723072
19.705 -0.00756615
19.72 -0.0079576
19.735 -0.00841154
19.75 -0.00893471
19.765 -0.00952911
19.78 -0.0101991
19.795 -0.0109479
19.81 -0.0117782
19.825 -0.0126886
19.84 -0.0136767
19.855 -0.0147382
19.87 -0.0158675
19.885 -0.0170598
19.9 -0.0183086
19.915 -0.0196031
19.93 -0.0209251
19.945 -0.0222535
19.96 -0.0235748
19.975 -0.0248856
19.99 -0.0261828
20.005 -0.0274512
20.02 -0.0286787
20.035 -0.0298521
20.05 -0.0309654
20.065 -0.0320146
20.08 -0.0329956
20.095 -0.0339083
20.11 -0.0347568
20.125 -0.0355469
20.14 -0.0362824
20.155 -0.0369638
20.17 -0.0375895
20.185 -0.0381579
20.2 -0.0386722
20.215 -0.0391425
20.23 -0.039583
20.245 -0.0400059
20.26 -0.0404203
20.275 -0.0408218
20.29 -0.0411983
20.305 -0.0415372
20.32 -0.0418299
20.335 -0.0420683
20.35 -0.0422486
20.365 -0.042374
20.38 -0.042448
20.395 -0.0424701
20.41 -0.0424363
20.425 -0.042341
20.44 -0.0421796
20.455 -0.0419489
20.47 -0.0416494
20.485 -0.0412813
20.5 -0.0408472
20.515 -0.040348
20.53 -0.0397914
20.545 -0.0391831
20.56 -0.0385342
20.575 -0.0378599
20.59 -0.0371667
20.605 -0.0364736
20.62 -0.0358048
20.635 -0.035169
20.65 -0.0345844
20.665 -0.0340569
20.68 -0.0335933
20.695 -0.0331999
20.71 -0.0328686
20.725 -0.0325956
20.74 -0.0323805
20.755 -0.0322113
20.77 -0.0320839
20.785 -0.03199
20.8 -0.0319231
