0.005 -8.63425e-06
0.015 -1.16894e-05
0.025 -1.88009e-05
0.035 -2.98848e-05
0.05 -5.35841e-05
0.065 -8.47189e-05
0.075 -0.000108462
0.085 -0.000133314
0.095 -0.000157996
0.105 -0.000181634
0.115 -0.000203443
0.125 -0.00022251
0.135 -0.000238645
0.145 -0.000252092
0.155 -0.000262128
0.165 -0.000267314
0.175 -0.000268265
0.185 -0.000268137
0.195 -0.000271558
0.205 -0.000289179
0.215 -0.000329973
0.225 -0.000394728
0.235 -0.000486533
0.245 -0.000607308
0.255 -0.00075443
0.265 -0.00092666
0.275 -0.00112218
0.285 -0.00133551
0.295 -0.0015589
0.305 -0.00178667
0.315 -0.00201588
0.325 -0.002241
0.335 -0.00245311
0.345 -0.00265002
0.355 -0.00283735
0.365 -0.00301892
0.375 -0.00319545
0.385 -0.00336365
0.395 -0.00351786
0.405 -0.00365176
0.415 -0.00375759
0.425 -0.00382721
0.435 -0.00385468
0.445 -0.00384448
0.455 -0.00380441
0.465 -0.00373522
0.475 -0.003639
0.485 -0.003522
0.495 -0.00339013
0.505 -0.00325021
0.515 -0.00311023
0.525 -0.00297278
0.535 -0.00283038
0.545 -0.00267541
0.555 -0.00250489
0.565 -0.0023136
0.575 -0.00210263
0.585 -0.00188708
0.595 -0.00167498
0.605 -0.00146482
0.615 -0.00126324
0.625 -0.00107779
0.635 -0.000910681
0.645 -0.000757903
0.655 -0.000610982
0.665 -0.000463252
0.675 -0.000308653
0.685 -0.000141113
0.695 4.38006e-05
0.705 0.000247989
0.715 0.000471712
0.725 0.000714462
0.735 0.000976584
0.745 0.0012604
0.755 0.00156698
0.765 0.00189615
0.775 0.0022452
0.785 0.00260709
0.795 0.00297507
0.805 0.00334482
0.815 0.00371915
0.825 0.0041041
0.835 0.00450023
0.845 0.00490622
0.855 0.00531575
0.865 0.0057173
0.875 0.00610177
0.885 0.00647024
0.895 0.00683762
0.905 0.00722855
0.915 0.00767381
0.925 0.00819088
0.935 0.00876207
0.945 0.00935192
0.955 0.00993544
0.965 0.0104944
0.975 0.0110109
0.985 0.0114709
0.995 0.0118768
1.01 0.0124338
1.025 0.0129438
1.04 0.0134272
1.055 0.0138969
1.07 0.0143421
1.085 0.014756
1.1 0.0151067
1.115 0.0153526
1.13 0.0154457
1.145 0.015391
1.16 0.0152609
1.175 0.0150812
1.19 0.0148663
1.205 0.0146167
1.22 0.0143094
1.235 0.0139017
1.25 0.0133599
1.265 0.0126509
1.28 0.0117573
1.295 0.0106906
1.31 0.00947192
1.325 0.00812903
1.34 0.00672794
1.355 0.00534627
1.37 0.00400519
1.385 0.00266353
1.4 0.0013085
1.415 -8.94427e-05
1.43 -0.00156174
1.445 -0.00316563
1.46 -0.00492796
1.475 -0.00682242
1.49 -0.0087958
1.505 -0.0107799
1.52 -0.0127046
1.535 -0.0144996
1.55 -0.0160608
1.565 -0.017311
1.58 -0.0182716
1.595 -0.0190495
1.61 -0.0196018
1.625 -0.0201089
1.64 -0.0205187
1.655 -0.0208674
1.67 -0.021318
1.685 -0.0217691
1.7 -0.0222323
1.715 -0.0227531
1.73 -0.0233167
1.745 -0.0239595
1.76 -0.0246303
1.775 -0.0252792
1.79 -0.0258833
1.805 -0.0264115
1.82 -0.0268189
1.835 -0.027081
1.85 -0.0272082
1.865 -0.0271946
1.88 -0.0270579
1.895 -0.0268059
1.91 -0.0264457
1.925 -0.0259803
1.94 -0.0254005
1.955 -0.0246975
1.97 -0.0238885
1.985 -0.0230206
2 -0.022161
2.01 -0.0216239
2.02 -0.0211084
2.03 -0.0205971
2.04 -0.0200837
2.05 -0.0195692
2.06 -0.0190496
2.07 -0.0185246
2.08 -0.0179979
2.09 -0.0174731
2.1 -0.0169587
2.11 -0.0164643
2.12 -0.0159979
2.13 -0.0155553
2.14 -0.0151203
2.15 -0.0146862
2.16 -0.0142475
2.17 -0.0137955
2.18 -0.0133227
2.19 -0.0128249
2.2 -0.0122989
2.21 -0.01174
2.22 -0.011141
2.23 -0.010505
2.24 -0.00984896
2.25 -0.00919251
2.26 -0.00855732
2.27 -0.00796036
2.28 -0.0074128
2.29 -0.00691691
2.3 -0.00647045
2.31 -0.00606328
2.32 -0.00567906
2.33 -0.00529854
2.34 -0.00490139
2.35 -0.00447181
2.36 -0.00401451
2.37 -0.0035521
2.38 -0.00311053
2.39 -0.00270325
2.4 -0.00233756
2.41 -0.00201165
2.42 -0.00171133
2.43 -0.00143079
2.44 -0.00116448
2.45 -0.000903726
2.46 -0.000644978
2.47 -0.000385261
2.48 -0.000121189
2.49 0.00015253
2.5 0.000445421
2.51 0.000765182
2.52 0.00111356
2.53 0.00148
2.54 0.00185053
2.55 0.00221654
2.56 0.00256715
2.57 0.00289071
2.58 0.00317785
2.59 0.00342154
2.6 0.00362292
2.61 0.00379531
2.62 0.0039616
2.63 0.00413792
2.64 0.00434205
2.65 0.00459868
2.66 0.00492376
2.67 0.00531414
2.68 0.00574385
2.69 0.00619355
2.7 0.00665429
2.71 0.00710695
2.72 0.00753322
2.73 0.00792037
2.74 0.00826162
2.75 0.00856251
2.76 0.00882207
2.77 0.00903109
2.78 0.0091876
2.79 0.00929278
2.8 0.00935099
2.81 0.00937193
2.82 0.00936066
2.83 0.00931813
2.84 0.00923962
2.85 0.00911569
2.86 0.00893564
2.87 0.00868416
2.88 0.00835518
2.89 0.0079547
2.9 0.00749537
2.91 0.00700245
2.92 0.00650866
2.93 0.00603718
2.94 0.00560206
2.95 0.00521978
2.96 0.00490206
2.97 0.00465365
2.98 0.00447542
2.99 0.00436764
3 0.00433244
3.01 0.00437202
3.02 0.00449042
3.03 0.00468651
3.04 0.00494186
3.05 0.00523598
3.06 0.00555727
3.07 0.00589081
3.08 0.00621922
3.09 0.00652613
3.1 0.00679967
3.11 0.00704733
3.12 0.00727646
3.13 0.0074784
3.14 0.00764886
3.15 0.00779521
3.16 0.00793307
3.17 0.00807959
3.18 0.0082543
3.19 0.0084681
3.2 0.00870025
3.21 0.00891124
3.22 0.00906222
3.23 0.00913116
3.24 0.00911182
3.25 0.0090159
3.26 0.00887664
3.27 0.00871555
3.28 0.00854049
3.29 0.00835452
3.3 0.00814382
3.31 0.00790205
3.32 0.007629
3.33 0.00732198
3.34 0.00698882
3.35 0.00663429
3.36 0.00625543
3.37 0.00585179
3.38 0.00542509
3.39 0.00497608
3.4 0.00450525
3.41 0.00401398
3.42 0.00350544
3.43 0.00298673
3.44 0.00246667
3.45 0.00194362
3.46 0.00140835
3.47 0.000865178
3.48 0.000331741
3.49 -0.000185923
3.5 -0.000688561
3.51 -0.00116072
3.52 -0.00160468
3.53 -0.00202797
3.54 -0.00243347
3.55 -0.00282938
3.56 -0.00323797
3.57 -0.00366582
3.58 -0.00410513
3.59 -0.00454255
3.6 -0.00496159
3.61 -0.00534397
3.62 -0.00567887
3.63 -0.00597439
3.64 -0.00623543
3.65 -0.00646719
3.66 -0.00668427
3.67 -0.00688961
3.68 -0.00706408
3.69 -0.00719322
3.7 -0.0072754
3.71 -0.00731176
3.72 -0.00731227
3.73 -0.00728349
3.74 -0.00722443
3.75 -0.00712998
3.76 -0.00700009
3.77 -0.00684436
3.78 -0.00668048
3.79 -0.00652163
3.8 -0.00637866
3.81 -0.00626405
3.82 -0.00618537
3.83 -0.00613997
3.84 -0.00613174
3.85 -0.00617937
3.86 -0.0062949
3.87 -0.00648483
3.88 -0.00675027
3.89 -0.00707419
3.9 -0.0074473
3.91 -0.00786709
3.92 -0.00832661
3.93 -0.00882851
3.94 -0.00937444
3.95 -0.00996116
3.96 -0.0105891
3.97 -0.011253
3.98 -0.0119422
3.99 -0.0126492
4 -0.0133646
4.01 -0.0140766
4.02 -0.0147691
4.03 -0.0154197
4.04 -0.0160131
4.05 -0.0165397
4.06 -0.017004
4.07 -0.0174289
4.08 -0.0178291
4.09 -0.0182186
4.1 -0.0186081
4.11 -0.0189762
4.12 -0.0192945
4.13 -0.0195655
4.14 -0.0197861
4.15 -0.0199472
4.16 -0.0200679
4.17 -0.0201801
4.18 -0.0202958
4.19 -0.0204303
4.2 -0.0205988
4.21 -0.0207942
4.22 -0.0210045
4.23 -0.0212263
4.24 -0.0214504
4.25 -0.0216638
4.26 -0.0218549
4.27 -0.0220098
4.28 -0.022118
4.29 -0.0221777
4.3 -0.0221848
4.31 -0.0221346
4.32 -0.0220284
4.33 -0.0218668
4.34 -0.0216517
4.35 -0.0213886
4.36 -0.0210821
4.37 -0.0207348
4.38 -0.0203415
4.39 -0.0198887
4.4 -0.0193685
4.41 -0.0187799
4.42 -0.0181395
4.43 -0.0174744
4.44 -0.0167955
4.45 -0.016113
4.46 -0.0154314
4.47 -0.0147467
4.48 -0.0140616
4.49 -0.0133786
4.5 -0.0127013
4.51 -0.0120366
4.52 -0.01138
4.53 -0.0107202
4.54 -0.0100534
4.55 -0.00937557
4.56 -0.00868454
4.57 -0.00799259
4.58 -0.00731289
4.59 -0.00665323
4.6 -0.00602277
4.61 -0.00541994
4.62 -0.00482825
4.63 -0.00423796
4.64 -0.00364722
4.65 -0.00306152
4.66 -0.00248422
4.67 -0.00192568
4.68 -0.00138484
4.69 -0.00085823
4.7 -0.000327758
4.71 0.00022313
4.72 0.000805438
4.73 0.0014297
4.74 0.00209532
4.75 0.00279328
4.76 0.00351953
4.77 0.00426842
4.78 0.00503633
4.79 0.00582174
4.8 0.00662056
4.81 0.00743265
4.82 0.00826285
4.83 0.00910673
4.84 0.00994612
4.85 0.0107661
4.86 0.0115502
4.87 0.0122778
4.88 0.0129391
4.89 0.0135253
4.9 0.014029
4.91 0.0144538
4.92 0.0148086
4.93 0.0151079
4.94 0.0153694
4.95 0.015611
4.96 0.0158525
4.97 0.0161134
4.98 0.0164033
4.99 0.0167211
5 0.0170484
5.01 0.0173514
5.02 0.0176208
5.03 0.0178451
5.04 0.01802
5.05 0.0181433
5.06 0.0182144
5.07 0.0182414
5.08 0.0182316
5.09 0.0181921
5.1 0.0181336
5.11 0.0180702
5.12 0.0180169
5.13 0.0179774
5.14 0.0179378
5.15 0.0178908
5.16 0.0178363
5.17 0.0177705
5.18 0.0176975
5.19 0.0176254
5.2 0.0175555
5.21 0.0174649
5.22 0.0173326
5.23 0.0171516
5.24 0.0169081
5.25 0.0165871
5.26 0.0161829
5.27 0.015708
5.28 0.0151797
5.29 0.0146033
5.3 0.0139832
5.31 0.0133158
5.32 0.0125982
5.33 0.0118389
5.34 0.0110581
5.35 0.0102759
5.36 0.00950989
5.37 0.00877527
5.38 0.00808002
5.39 0.00743261
5.4 0.00683358
5.41 0.00627216
5.42 0.00574332
5.43 0.00524075
5.44 0.00474773
5.45 0.00424432
5.46 0.00371393
5.47 0.0031457
5.48 0.00253467
5.49 0.00189192
5.5 0.00122802
5.51 0.000548692
5.52 -0.000126967
5.53 -0.000799266
5.54 -0.00147735
5.55 -0.00215405
5.56 -0.00281684
5.57 -0.00345533
5.58 -0.00406111
5.59 -0.00462309
5.6 -0.00513414
5.61 -0.00560029
5.62 -0.00603002
5.63 -0.00642534
5.64 -0.00679048
5.65 -0.00712824
5.66 -0.00743564
5.67 -0.00771258
5.68 -0.00796045
5.69 -0.00818072
5.7 -0.00838315
5.71 -0.00858104
5.72 -0.00878103
5.73 -0.00899525
5.74 -0.00924314
5.75 -0.0095352
5.76 -0.00986746
5.77 -0.0102255
5.78 -0.0105948
5.79 -0.0109585
5.8 -0.0113077
5.81 -0.0116388
5.82 -0.011946
5.83 -0.0122343
5.84 -0.0125079
5.85 -0.0127667
5.86 -0.0130167
5.87 -0.0132699
5.88 -0.0135373
5.89 -0.0138312
5.9 -0.0141601
5.91 -0.0145123
5.92 -0.0148631
5.93 -0.0151933
5.94 -0.0155015
5.95 -0.0157966
5.96 -0.0160767
5.97 -0.0163367
5.98 -0.0165707
5.99 -0.0167712
6 -0.0169284
6.01 -0.0170439
6.02 -0.0171483
6.03 -0.0172612
6.04 -0.0173914
6.05 -0.0175576
6.06 -0.0177602
6.07 -0.0179747
6.08 -0.0181881
6.09 -0.0183913
6.1 -0.0185742
6.11 -0.0187332
6.12 -0.0188698
6.13 -0.0189881
6.14 -0.0190913
6.15 -0.0191869
6.16 -0.0192841
6.17 -0.0193915
6.18 -0.019522
6.19 -0.0196939
6.2 -0.0199092
6.21 -0.0201462
6.22 -0.0203927
6.23 -0.0206421
6.24 -0.0208801
6.25 -0.0210926
6.26 -0.021266
6.27 -0.0213838
6.28 -0.0214356
6.29 -0.0214248
6.3 -0.0213563
6.31 -0.0212265
6.32 -0.0210282
6.33 -0.0207571
6.34 -0.020411
6.35 -0.0199908
6.36 -0.0195099
6.37 -0.0189898
6.38 -0.0184578
6.39 -0.01794
6.4 -0.0174454
6.41 -0.0169809
6.42 -0.016545
6.43 -0.0161296
6.44 -0.0157344
6.45 -0.0153678
6.46 -0.015041
6.47 -0.0147556
6.48 -0.014503
6.49 -0.0142742
6.5 -0.0140638
6.51 -0.013863
6.52 -0.0136598
6.53 -0.0134435
6.54 -0.0132037
6.55 -0.0129295
6.56 -0.0126113
6.57 -0.0122471
6.58 -0.0118484
6.59 -0.0114251
6.6 -0.0109867
6.61 -0.0105483
6.62 -0.0101203
6.63 -0.00970848
6.64 -0.00931913
6.65 -0.00895659
6.66 -0.00861639
6.67 -0.00828924
6.68 -0.00797036
6.69 -0.00765216
6.7 -0.0073248
6.71 -0.00698038
6.72 -0.00661037
6.73 -0.00620502
6.74 -0.00575735
6.75 -0.00527184
6.76 -0.00476593
6.77 -0.00425177
6.78 -0.00374092
6.79 -0.00324897
6.8 -0.00279134
6.81 -0.0023735
6.82 -0.00199938
6.83 -0.00166879
6.84 -0.0013744
6.85 -0.0011094
6.86 -0.000866779
6.87 -0.000634789
6.88 -0.00039883
6.89 -0.000136021
6.9 0.000169468
6.91 0.000523201
6.92 0.000921146
6.93 0.00134068
6.94 0.00176535
6.95 0.00218586
6.96 0.00258977
6.97 0.0029667
6.98 0.00331211
6.99 0.00362151
7 0.00390258
7.01 0.00418402
7.02 0.00448147
7.03 0.00479668
7.04 0.00514114
7.05 0.0055254
7.06 0.00594254
7.07 0.00636728
7.08 0.00678154
7.09 0.00717162
7.1 0.00751982
7.11 0.00782202
7.12 0.00809133
7.13 0.00833174
7.14 0.00854221
7.15 0.00872753
7.16 0.00888849
7.17 0.00901759
7.18 0.00911088
7.19 0.00916836
7.2 0.00919319
7.21 0.00919046
7.22 0.00916199
7.23 0.00910515
7.24 0.00901581
7.25 0.0088955
7.26 0.00874747
7.27 0.0085731
7.28 0.00837712
7.29 0.00816651
7.3 0.00794568
7.31 0.00771622
7.32 0.0074743
7.33 0.00721729
7.34 0.00694651
7.35 0.00666345
7.36 0.00636925
7.37 0.00607085
7.38 0.0057771
7.39 0.00548895
7.4 0.00520767
7.41 0.00493709
7.42 0.00467853
7.43 0.00443242
7.44 0.00419982
7.45 0.00398116
7.46 0.00377611
7.47 0.00358452
7.48 0.00340574
7.49 0.00323576
7.5 0.00306786
7.51 0.00289903
7.52 0.00273051
7.53 0.00256388
7.54 0.00240277
7.55 0.00225283
7.56 0.0021142
7.57 0.00197862
7.58 0.00184016
7.59 0.00169166
7.6 0.00152075
7.61 0.00132004
7.62 0.00109404
7.63 0.000856154
7.64 0.000612217
7.65 0.000363551
7.66 0.000116267
7.67 -0.000123729
7.68 -0.000355457
7.69 -0.000586588
7.7 -0.000829462
7.71 -0.00109281
7.72 -0.00137035
7.73 -0.00165534
7.74 -0.00194738
7.75 -0.00224349
7.76 -0.00253952
7.77 -0.00282381
7.78 -0.00308625
7.79 -0.00332279
7.8 -0.00353154
7.81 -0.00371711
7.82 -0.00389832
7.83 -0.0040913
7.84 -0.00430836
7.85 -0.00455724
7.86 -0.00484249
7.87 -0.00516877
7.88 -0.00553192
7.89 -0.00592621
7.9 -0.00634743
7.91 -0.00678706
7.92 -0.00723632
7.93 -0.00768875
7.94 -0.00814358
7.95 -0.0086048
7.96 -0.00907187
7.97 -0.00954199
7.98 -0.0100107
7.99 -0.0104737
8 -0.0109277
8.01 -0.0113686
8.02 -0.011793
8.03 -0.0121969
8.04 -0.0125762
8.05 -0.0129256
8.06 -0.0132399
8.07 -0.0135154
8.08 -0.0137486
8.09 -0.0139367
8.1 -0.0140769
8.11 -0.0141675
8.12 -0.0142076
8.13 -0.0141973
8.14 -0.0141365
8.15 -0.0140256
8.16 -0.0138649
8.17 -0.0136551
8.18 -0.0133973
8.19 -0.0130923
8.2 -0.0127405
8.21 -0.0123433
8.22 -0.011906
8.23 -0.0114374
8.24 -0.010946
8.25 -0.0104442
8.26 -0.00994508
8.27 -0.00945795
8.28 -0.00899027
8.29 -0.00854799
8.3 -0.00813137
8.31 -0.00773451
8.32 -0.00735335
8.33 -0.00698283
8.34 -0.00661561
8.35 -0.00624518
8.36 -0.00586606
8.37 -0.00547295
8.38 -0.0050626
8.39 -0.00463803
8.4 -0.00420292
8.41 -0.0037594
8.42 -0.00331222
8.43 -0.00285692
8.44 -0.00239775
8.45 -0.00192529
8.46 -0.00143655
8.47 -0.000934175
8.48 -0.000422474
8.49 9.93133e-05
8.5 0.000635464
8.51 0.00119023
8.52 0.00176656
8.53 0.00237445
8.54 0.00302624
8.55 0.00372685
8.56 0.0044741
8.57 0.00526158
8.58 0.0060799
8.59 0.00691839
8.6 0.00776221
8.61 0.00859531
8.62 0.00939868
8.63 0.0101566
8.64 0.0108652
8.65 0.0115231
8.66 0.0121268
8.67 0.0126756
8.68 0.0131705
8.69 0.0136118
8.7 0.0139973
8.71 0.0143261
8.72 0.0146077
8.73 0.0148541
8.74 0.0150655
8.75 0.0152411
8.76 0.0153856
8.77 0.0155021
8.78 0.0155927
8.79 0.0156622
8.8 0.0157169
8.81 0.0157662
8.82 0.0158194
8.83 0.0158818
8.84 0.0159575
8.85 0.0160514
8.86 0.0161685
8.87 0.0163131
8.88 0.0164846
8.89 0.0166754
8.9 0.0168784
8.91 0.0170882
8.92 0.0173003
8.93 0.0175121
8.94 0.0177193
8.95 0.0179134
8.96 0.0180812
8.97 0.0182127
8.98 0.0183
8.99 0.018334
9 0.0183093
9.01 0.0182319
9.02 0.0181127
9.03 0.0179538
9.04 0.0177554
9.05 0.0175091
9.06 0.0172065
9.07 0.0168441
9.08 0.0164165
9.09 0.0159217
9.1 0.0153718
9.11 0.0147834
9.12 0.0141673
9.13 0.013537
9.14 0.0129059
9.15 0.0122788
9.16 0.0116529
9.17 0.0110293
9.18 0.0104084
9.19 0.00978704
9.2 0.00916228
9.21 0.00853252
9.22 0.00790216
9.23 0.00727762
9.24 0.00666109
9.25 0.00605589
9.26 0.0054658
9.27 0.00489276
9.28 0.00433773
9.29 0.00379863
9.3 0.00326519
9.31 0.00272582
9.32 0.00217472
9.33 0.00160072
9.34 0.00100413
9.35 0.000382823
9.36 -0.000276254
9.37 -0.000979148
9.38 -0.00172705
9.39 -0.00251345
9.4 -0.00332676
9.41 -0.00415851
9.42 -0.00499997
9.43 -0.00583936
9.44 -0.00666898
9.45 -0.00749282
9.46 -0.00831988
9.47 -0.00915155
9.48 -0.00998876
9.49 -0.0108301
9.5 -0.0116668
9.51 -0.0124844
9.52 -0.013273
9.53 -0.0140238
9.54 -0.0147273
9.55 -0.0153784
9.56 -0.0159745
9.57 -0.0165135
9.58 -0.0170002
9.59 -0.0174425
9.6 -0.0178476
9.61 -0.0182265
9.62 -0.0185918
9.63 -0.018957
9.64 -0.019329
9.65 -0.0196977
9.66 -0.0200538
9.67 -0.0204007
9.68 -0.0207375
9.69 -0.0210697
9.7 -0.0214128
9.71 -0.0217722
9.72 -0.0221472
9.73 -0.0225387
9.74 -0.0229413
9.75 -0.0233481
9.76 -0.0237538
9.77 -0.0241592
9.78 -0.0245801
9.79 -0.0250229
9.8 -0.0254842
9.81 -0.0259677
9.82 -0.0264756
9.83 -0.0270014
9.84 -0.027531
9.85 -0.0280466
9.86 -0.028554
9.87 -0.0290437
9.88 -0.0295138
9.89 -0.0299669
9.9 -0.0304012
9.91 -0.0308158
9.92 -0.0312106
9.93 -0.0315854
9.94 -0.0319417
9.95 -0.0322835
9.96 -0.0326136
9.97 -0.0329303
9.98 -0.0332268
9.99 -0.0334977
10 -0.0337409
10.01 -0.0339538
10.02 -0.0343825
10.03 -0.0356073
10.04 -0.0353149
10.05 -0.0353086
10.06 -0.0355684
10.07 -0.0354562
10.08 -0.0354858
10.09 -0.0355098
10.1 -0.0354274
10.11 -0.0353935
10.12 -0.0353479
10.13 -0.0352701
10.14 -0.035203
10.15 -0.0351349
10.16 -0.0350551
10.17 -0.0349756
10.18 -0.0348918
10.19 -0.0347979
10.2 -0.0346951
10.21 -0.0345766
10.22 -0.0344371
10.23 -0.034279
10.24 -0.0341048
10.25 -0.0339156
10.26 -0.0337108
10.27 -0.0334904
10.28 -0.0332547
10.29 -0.0330045
10.3 -0.0327432
10.31 -0.0324752
10.32 -0.0322065
10.33 -0.0319485
10.34 -0.0317042
10.35 -0.03146
10.36 -0.0312088
10.37 -0.0309479
10.38 -0.0306681
10.39 -0.0303605
10.4 -0.0300192
10.41 -0.0296393
10.42 -0.0292229
10.43 -0.0287782
10.44 -0.0283086
10.45 -0.0278168
10.46 -0.0273086
10.47 -0.0267869
10.48 -0.0262524
10.49 -0.0257081
10.5 -0.0251574
10.51 -0.0246024
10.52 -0.0240485
10.53 -0.0234994
10.54 -0.0229484
10.55 -0.0223997
10.56 -0.0218558
10.57 -0.0213189
10.58 -0.0208034
10.59 -0.0203197
10.6 -0.0198701
10.61 -0.0194604
10.62 -0.0190988
10.63 -0.0187928
10.64 -0.0185374
10.65 -0.0183215
10.66 -0.0181416
10.67 -0.017992
10.68 -0.0178638
10.69 -0.0177498
10.7 -0.0176451
10.71 -0.017548
10.72 -0.0174565
10.73 -0.017371
10.74 -0.0172908
10.75 -0.0172128
10.76 -0.0171262
10.77 -0.0170172
10.78 -0.0168799
10.79 -0.0167085
10.8 -0.0164956
10.81 -0.0162427
10.82 -0.0159621
10.83 -0.0156631
10.84 -0.0153494
10.85 -0.0150238
10.86 -0.0146917
10.87 -0.0143576
10.88 -0.0140223
10.89 -0.0136891
10.9 -0.0133608
10.91 -0.0130253
10.92 -0.0126787
10.93 -0.0123211
10.94 -0.0119478
10.95 -0.0115646
10.96 -0.0111837
10.97 -0.0108115
10.98 -0.0104565
10.99 -0.0101269
11 -0.00981985
11.01 -0.00952945
11.02 -0.00925447
11.03 -0.00899405
11.04 -0.00875227
11.05 -0.00853556
11.06 -0.00834824
11.07 -0.00820027
11.08 -0.00806533
11.09 -0.00793404
11.1 -0.00779369
11.11 -0.00763539
11.12 -0.00745033
11.13 -0.00723033
11.14 -0.00697428
11.15 -0.0066834
11.16 -0.00635707
11.17 -0.0059872
11.18 -0.0055651
11.19 -0.00508524
11.2 -0.00455104
11.21 -0.00396973
11.22 -0.00335342
11.23 -0.00270601
11.24 -0.00203993
11.25 -0.00136583
11.26 -0.000692289
11.27 -2.18816e-05
11.28 0.000648963
11.29 0.00131953
11.3 0.00198968
11.31 0.00266158
11.32 0.0033368
11.33 0.00401732
11.34 0.00470428
11.35 0.00539207
11.36 0.00606716
11.37 0.00672056
11.38 0.00734658
11.39 0.00793779
11.4 0.00848838
11.41 0.00899693
11.42 0.0094648
11.43 0.00989427
11.44 0.0102854
11.45 0.0106389
11.46 0.0109529
11.47 0.0112266
11.48 0.0114606
11.49 0.0116552
11.5 0.0118149
11.51 0.0119501
11.52 0.012069
11.53 0.0121782
11.54 0.0122856
11.55 0.0123977
11.56 0.0125194
11.57 0.0126527
11.58 0.0127953
11.59 0.0129455
11.6 0.0131019
11.61 0.0132637
11.62 0.0134321
11.63 0.0136064
11.64 0.0137844
11.65 0.0139654
11.66 0.0141489
11.67 0.0143328
11.68 0.0145149
11.69 0.0146901
11.7 0.0148467
11.71 0.0149731
11.72 0.0150645
11.73 0.0151221
11.74 0.0151467
11.75 0.0151376
11.76 0.0150965
11.77 0.0150256
11.78 0.0149266
11.79 0.0148032
11.8 0.0146588
11.81 0.0144965
11.82 0.0143203
11.83 0.0141358
11.84 0.0139531
11.85 0.0137814
11.86 0.013609
11.87 0.0134173
11.88 0.0132116
11.89 0.0129974
11.9 0.0127794
11.91 0.0125642
11.92 0.0123529
11.93 0.0121398
11.94 0.0119225
11.95 0.0117012
11.96 0.0114774
11.97 0.0112591
11.98 0.0110513
11.99 0.0108555
12 0.0106683
12.01 0.0104825
12.02 0.0102934
12.03 0.0100974
12.04 0.00989403
12.05 0.00968565
12.06 0.00947163
12.07 0.00925149
12.08 0.00902509
12.09 0.00879228
12.1 0.00855339
12.11 0.00830858
12.12 0.00805813
12.13 0.00780068
12.14 0.00753159
12.15 0.00724812
12.16 0.00694875
12.17 0.00663044
12.18 0.00629092
12.19 0.00592948
12.2 0.00554609
12.21 0.005141
12.22 0.00471407
12.23 0.00426419
12.24 0.00379516
12.25 0.0033205
12.26 0.00285095
12.27 0.00239427
12.28 0.00196021
12.29 0.00155669
12.3 0.00118606
12.31 0.000842912
12.32 0.000521824
12.33 0.000215167
12.34 -8.77496e-05
12.35 -0.000399076
12.36 -0.000715633
12.37 -0.00102407
12.38 -0.00132061
12.39 -0.00160334
12.4 -0.0018679
12.41 -0.00211869
12.42 -0.0023509
12.43 -0.0025639
12.44 -0.00277244
12.45 -0.0029813
12.46 -0.00320313
12.47 -0.00344489
12.48 -0.00370919
12.49 -0.00400124
12.5 -0.00431763
12.51 -0.00464928
12.52 -0.00499355
12.53 -0.00534855
12.54 -0.00570984
12.55 -0.00607564
12.56 -0.00644426
12.57 -0.00681307
12.58 -0.00718275
12.59 -0.00755678
12.6 -0.00793551
12.61 -0.00831751
12.62 -0.00870686
12.63 -0.00910458
12.64 -0.00950971
12.65 -0.00992068
12.66 -0.0103325
12.67 -0.0107424
12.68 -0.0111493
12.69 -0.0115516
12.7 -0.0119488
12.71 -0.0123453
12.72 -0.0127449
12.73 -0.0131366
12.74 -0.0135129
12.75 -0.0138743
12.76 -0.0142184
12.77 -0.0145487
12.78 -0.0148709
12.79 -0.0151881
12.8 -0.0155047
12.81 -0.0158244
12.82 -0.0161445
12.83 -0.0164615
12.84 -0.016775
12.85 -0.0170831
12.86 -0.0173834
12.87 -0.0176746
12.88 -0.0179563
12.89 -0.0182284
12.9 -0.0184925
12.91 -0.0187557
12.92 -0.0190236
12.93 -0.0193004
12.94 -0.0195892
12.95 -0.0198867
12.96 -0.0201878
12.97 -0.0204909
12.98 -0.0207977
12.99 -0.0211118
13 -0.0214368
13.01 -0.0217755
13.02 -0.0221314
13.03 -0.0225047
13.04 -0.0228875
13.05 -0.0232719
13.06 -0.0236543
13.07 -0.0240358
13.08 -0.0244226
13.09 -0.0248153
13.1 -0.0252121
13.11 -0.0256147
13.12 -0.0260227
13.13 -0.0264336
13.14 -0.0268417
13.15 -0.0272409
13.16 -0.0276273
13.17 -0.0279975
13.18 -0.0283481
13.19 -0.0286765
13.2 -0.0289818
13.21 -0.0292662
13.22 -0.029531
13.23 -0.029777
13.24 -0.0300064
13.25 -0.0302189
13.26 -0.0304137
13.27 -0.0305925
13.28 -0.0307578
13.29 -0.0309111
13.3 -0.0310577
13.31 -0.031207
13.32 -0.0313644
13.33 -0.0315348
13.34 -0.0317234
13.35 -0.031931
13.36 -0.0321528
13.37 -0.0323866
13.38 -0.0326319
13.39 -0.0328853
13.4 -0.0331457
13.41 -0.0334178
13.42 -0.0337043
13.43 -0.0340031
13.44 -0.0343126
13.45 -0.0346322
13.46 -0.0349573
13.47 -0.0352753
13.48 -0.0355745
13.49 -0.0358474
13.5 -0.0360866
13.51 -0.0362929
13.52 -0.036469
13.53 -0.0366139
13.54 -0.0367294
13.55 -0.0368186
13.56 -0.0368828
13.57 -0.0369198
13.58 -0.0369252
13.59 -0.0368981
13.6 -0.0368367
13.61 -0.0367383
13.62 -0.0366022
13.63 -0.0364302
13.64 -0.0362247
13.65 -0.0359924
13.66 -0.0357424
13.67 -0.035482
13.68 -0.0352178
13.69 -0.034957
13.7 -0.0347046
13.71 -0.0344612
13.72 -0.0342276
13.73 -0.0340049
13.74 -0.0337925
13.75 -0.0335887
13.76 -0.0333918
13.77 -0.0331999
13.78 -0.0330124
13.79 -0.0328292
13.8 -0.0326486
13.81 -0.0324687
13.82 -0.0322873
13.83 -0.0321018
13.84 -0.03191
13.85 -0.03171
13.86 -0.0315008
13.87 -0.0312807
13.88 -0.0310482
13.89 -0.0308019
13.9 -0.0305393
13.91 -0.0302547
13.92 -0.0299429
13.93 -0.0296021
13.94 -0.0292296
13.95 -0.0288229
13.96 -0.0283828
13.97 -0.0279102
13.98 -0.0274059
13.99 -0.0268721
14 -0.0263114
14.01 -0.0257271
14.02 -0.025124
14.03 -0.0245071
14.04 -0.0238809
14.05 -0.0232479
14.06 -0.0226084
14.07 -0.0219629
14.08 -0.0213146
14.09 -0.0206635
14.1 -0.0200126
14.11 -0.0193679
14.12 -0.0187309
14.13 -0.018103
14.14 -0.0174846
14.15 -0.0168745
14.16 -0.016272
14.17 -0.0156757
14.18 -0.015084
14.19 -0.0144966
14.2 -0.0139118
14.21 -0.0133277
14.22 -0.0127424
14.23 -0.0121521
14.24 -0.011554
14.25 -0.0109459
14.26 -0.0103242
14.27 -0.00968681
14.28 -0.00904642
14.29 -0.00839762
14.3 -0.00772089
14.31 -0.00702853
14.32 -0.0063123
14.33 -0.00557776
14.34 -0.00482695
14.35 -0.00405718
14.36 -0.00327295
14.37 -0.00247952
14.38 -0.00167573
14.39 -0.000865515
14.4 -5.36646e-05
14.41 0.000755586
14.42 0.00155969
14.43 0.00235469
14.44 0.00313599
14.45 0.00389971
14.46 0.00464275
14.47 0.00536155
14.48 0.00605298
14.49 0.00671455
14.5 0.007344
14.51 0.00793993
14.52 0.00850116
14.53 0.0090271
14.54 0.00951805
14.55 0.00997445
14.56 0.0103975
14.57 0.0107888
14.58 0.0111505
14.59 0.0114849
14.6 0.0117949
14.61 0.0120834
14.62 0.0123534
14.63 0.0126082
14.64 0.0128509
14.65 0.0130846
14.66 0.0133122
14.67 0.0135363
14.68 0.0137593
14.69 0.0139829
14.7 0.0142088
14.71 0.0144379
14.72 0.0146708
14.73 0.0149076
14.74 0.0151477
14.75 0.0153905
14.76 0.0156345
14.77 0.0158776
14.78 0.0161175
14.79 0.0163515
14.8 0.0165766
14.81 0.0167899
14.82 0.0169877
14.83 0.0171669
14.84 0.0173241
14.85 0.017456
14.86 0.01756
14.87 0.0176333
14.88 0.017674
14.89 0.0176802
14.9 0.017651
14.91 0.0175855
14.92 0.0174837
14.93 0.0173461
14.94 0.0171739
14.95 0.0169685
14.96 0.016732
14.97 0.0164668
14.98 0.0161755
14.99 0.015861
15 0.0155264
15.01 0.0151746
15.02 0.0148088
15.03 0.0144316
15.04 0.0140457
15.05 0.0136534
15.06 0.0132566
15.07 0.0128567
15.08 0.0124547
15.09 0.0120511
15.1 0.0116461
15.11 0.011239
15.12 0.0108291
15.13 0.010415
15.14 0.00999517
15.15 0.00956774
15.16 0.00913062
15.17 0.00868165
15.18 0.00821864
15.19 0.00773944
15.2 0.00724208
15.21 0.0067248
15.22 0.00618613
15.23 0.00562498
15.24 0.00504071
15.25 0.00443313
15.26 0.00380255
15.27 0.0031499
15.28 0.00247665
15.29 0.00178492
15.3 0.00107214
15.31 0.000323982
15.32 -0.00042795
15.33 -0.00118064
15.34 -0.00194066
15.35 -0.0026903
15.36 -0.0034331
15.37 -0.00417037
15.38 -0.00489376
15.39 -0.00560169
15.4 -0.0062926
15.41 -0.00696305
15.42 -0.00761207
15.43 -0.00823853
15.44 -0.00884106
15.45 -0.00941946
15.46 -0.00997442
15.47 -0.0105057
15.48 -0.0110142
15.49 -0.011502
15.5 -0.011971
15.51 -0.0124235
15.52 -0.0128622
15.53 -0.0132899
15.54 -0.0137098
15.55 -0.0141248
15.56 -0.014538
15.57 -0.0149522
15.58 -0.0153702
15.59 -0.0157943
15.6 -0.0162268
15.61 -0.0166695
15.62 -0.0171234
15.63 -0.0175891
15.64 -0.0180675
15.65 -0.0185582
15.66 -0.0190595
15.67 -0.0195705
15.68 -0.0200912
15.69 -0.020619
15.7 -0.0211519
15.71 -0.0216877
15.72 -0.0222238
15.73 -0.0227575
15.74 -0.0232859
15.75 -0.0238062
15.76 -0.0243155
15.77 -0.0248112
15.78 -0.0252908
15.79 -0.025752
15.8 -0.0261929
15.81 -0.0266117
15.82 -0.0270074
15.83 -0.027379
15.84 -0.0277263
15.85 -0.0280491
15.86 -0.0283476
15.87 -0.0286225
15.88 -0.0288751
15.89 -0.0291076
15.9 -0.0293216
15.91 -0.0295195
15.92 -0.0297037
15.93 -0.029877
15.94 -0.0300418
15.95 -0.030201
15.96 -0.0303571
15.97 -0.0305127
15.98 -0.03067
15.99 -0.0308309
16 -0.0309972
16.015 -0.0312593
16.03 -0.0315389
16.045 -0.0318362
16.06 -0.0321493
16.075 -0.0324739
16.09 -0.0328037
16.105 -0.0331308
16.12 -0.033446
16.135 -0.0337396
16.15 -0.0340015
16.165 -0.0342199
16.18 -0.034389
16.195 -0.0345043
16.21 -0.0345607
16.225 -0.0345557
16.24 -0.0344882
16.255 -0.0343596
16.27 -0.0341739
16.285 -0.0339368
16.3 -0.0336555
16.315 -0.0333384
16.33 -0.0329942
16.345 -0.0326319
16.36 -0.0322597
16.375 -0.0318847
16.39 -0.0315129
16.405 -0.0311481
16.42 -0.0307923
16.435 -0.0304457
16.45 -0.0301062
16.465 -0.0297699
16.48 -0.0294316
16.495 -0.029085
16.51 -0.0287228
16.525 -0.0283381
16.54 -0.0279238
16.555 -0.0274739
16.57 -0.0269838
16.585 -0.02645
16.6 -0.0258713
16.615 -0.025248
16.63 -0.0245826
16.645 -0.0238792
16.66 -0.0231434
16.675 -0.022382
16.69 -0.0216026
16.705 -0.0208131
16.72 -0.0200212
16.735 -0.0192338
16.75 -0.018458
16.765 -0.0176965
16.78 -0.0169522
16.795 -0.0162257
16.81 -0.0155165
16.825 -0.0148222
16.84 -0.0141384
16.855 -0.0134595
16.87 -0.0127779
16.885 -0.0120879
16.9 -0.0113834
16.915 -0.0106581
16.93 -0.00990656
16.945 -0.00912697
16.96 -0.00833816
16.975 -0.00750814
16.99 -0.0066442
17.005 -0.00574567
17.02 -0.00481812
17.035 -0.00386293
17.05 -0.00289058
17.065 -0.00190464
17.08 -0.000913512
17.095 7.19972e-05
17.11 0.00104478
17.125 0.00199509
17.14 0.00291473
17.155 0.00379682
17.17 0.00463488
17.185 0.00542461
17.2 0.006163
17.215 0.00684872
17.23 0.00748221
17.245 0.0080653
17.26 0.0086012
17.275 0.00909416
17.29 0.00954908
17.305 0.00997129
17.32 0.0103661
17.335 0.0107384
17.35 0.0110924
17.365 0.0114315
17.38 0.0117576
17.395 0.0120715
17.41 0.0123726
17.425 0.0126589
17.44 0.012927
17.455 0.0131726
17.47 0.0133903
17.485 0.0135744
17.5 0.0137194
17.515 0.0138193
17.53 0.013869
17.545 0.0138644
17.56 0.0138025
17.575 0.0136817
17.59 0.0135025
17.605 0.0132667
17.62 0.012978
17.635 0.0126412
17.65 0.0122625
17.665 0.0118486
17.68 0.0114065
17.695 0.010943
17.71 0.0104647
17.725 0.00997689
17.74 0.00948382
17.755 0.00898823
17.77 0.00849132
17.785 0.00799269
17.8 0.00749046
17.815 0.00698151
17.83 0.00646168
17.845 0.00592624
17.86 0.00537022
17.875 0.00478884
17.89 0.00417794
17.905 0.00353425
17.92 0.00285595
17.935 0.00214249
17.95 0.00139512
17.965 0.000616964
17.98 -0.000190178
17.995 -0.00103398
18.01 -0.00189516
18.025 -0.00275742
18.04 -0.00360576
18.055 -0.00444408
18.07 -0.0052605
18.085 -0.00605152
18.1 -0.00681295
18.115 -0.00754256
18.13 -0.0082393
18.145 -0.00890423
18.16 -0.00953921
18.175 -0.0101488
18.19 -0.0107386
18.205 -0.0113146
18.22 -0.0118839
18.235 -0.0124531
18.25 -0.0130284
18.265 -0.0136152
18.28 -0.0142179
18.295 -0.0148385
18.31 -0.015478
18.325 -0.0161339
18.34 -0.0168055
18.355 -0.017488
18.37 -0.0181766
18.385 -0.0188646
18.4 -0.0195452
18.415 -0.0202107
18.43 -0.0208538
18.445 -0.0214673
18.46 -0.0220452
18.475 -0.0225824
18.49 -0.0230751
18.505 -0.0235214
18.52 -0.0239204
18.535 -0.0242728
18.55 -0.0245815
18.565 -0.0248509
18.58 -0.0250866
18.595 -0.0252949
18.61 -0.0254829
18.625 -0.0256575
18.64 -0.0258256
18.655 -0.0259932
18.67 -0.0261652
18.685 -0.0263453
18.7 -0.0265356
18.715 -0.0267365
18.73 -0.0269467
18.745 -0.0271635
18.76 -0.0273823
18.775 -0.0275977
18.79 -0.0278034
18.805 -0.0279925
18.82 -0.0281582
18.835 -0.0282939
18.85 -0.028394
18.865 -0.0284523
18.88 -0.0284693
18.895 -0.0284419
18.91 -0.0283705
18.925 -0.0282562
18.94 -0.0281025
18.955 -0.0279135
18.97 -0.0276948
18.985 -0.0274524
19 -0.0271926
19.015 -0.0269216
19.03 -0.0266449
19.045 -0.0263672
19.06 -0.0260921
19.075 -0.0258216
19.09 -0.0255563
19.105 -0.0252954
19.12 -0.0250363
19.135 -0.0247754
19.15 -0.024508
19.165 -0.0242286
19.18 -0.0239315
19.195 -0.023611
19.21 -0.0232616
19.225 -0.0228789
19.24 -0.0224593
19.255 -0.0220008
19.27 -0.0215025
19.285 -0.0209653
19.3 -0.0203917
19.315 -0.0197852
19.33 -0.0191508
19.345 -0.0184942
19.36 -0.0178218
19.375 -0.01714
19.39 -0.0164552
19.405 -0.0157733
19.42 -0.0151
19.435 -0.0144375
19.45 -0.0137887
19.465 -0.0131542
19.48 -0.012534
19.495 -0.0119263
19.51 -0.0113284
19.525 -0.0107362
19.54 -0.0101453
19.555 -0.00955031
19.57 -0.00894561
19.585 -0.00832989
19.6 -0.00771838
19.615 -0.00708238
19.63 -0.00642479
19.645 -0.00574233
19.66 -0.0050353
19.675 -0.00430807
19.69 -0.0035586
19.705 -0.00279578
19.72 -0.00202069
19.735 -0.00124117
19.75 -0.000463809
19.765 0.000305139
19.78 0.00105791
19.795 0.00178838
19.81 0.00249044
19.825 0.00315889
19.84 0.00378998
19.855 0.0043809
19.87 0.00493041
19.885 0.00543857
19.9 0.00590668
19.915 0.00633725
19.93 0.00673368
19.945 0.00710004
19.96 0.0074408
19.975 0.00776047
19.99 0.00806335
20.005 0.00835317
20.02 0.0086329
20.035 0.00890451
20.05 0.00916885
20.065 0.00942557
20.08 0.0096731
20.095 0.00990867
20.11 0.0101285
20.125 0.010328
20.14 0.010502
20.155 0.0106453
20.17 0.0107526
20.185 0.0108188
20.2 0.0108396
20.215 0.0108118
20.23 0.0107332
20.245 0.0106033
20.26 0.0104227
20.275 0.0101939
20.29 0.00992025
20.305 0.00960636
20.32 0.00925753
20.335 0.0088795
20.35 0.00847811
20.365 0.00805888
20.38 0.00762678
20.395 0.00718588
20.41 0.0067392
20.425 0.00628855
20.44 0.00583447
20.455 0.00537634
20.47 0.00491246
20.485 0.00444029
20.5 0.00395671
20.515 0.00345833
20.53 0.00294184
20.545 0.00240431
20.56 0.00184351
20.575 0.00125816
20.59 0.000648117
20.605 1.46447e-05
20.62 -0.000640106
20.635 -0.00131522
20.65 -0.00200922
20.665 -0.00272313
20.68 -0.00342692
20.695 -0.00412167
20.71 -0.00480356
20.725 -0.00546573
20.74 -0.00610497
20.755 -0.00671861
20.77 -0.00730435
20.785 -0.00786237
20.8 -0.00839303
20.815 -0.00889845
20.83 -0.00938243
20.845 -0.00984941
20.86 -0.0103046
20.875 -0.0107536
20.89 -0.0112019
20.905 -0.0116546
20.92 -0.0121163
20.935 -0.0125905
20.95 -0.0130792
20.965 -0.0135835
20.98 -0.0141023
20.995 -0.0146331
21.01 -0.0151746
21.025 -0.015722
21.04 -0.0162711
21.055 -0.0168161
21.07 -0.0173516
21.085 -0.0178717
21.1 -0.0183709
21.115 -0.0188441
21.13 -0.0192872
21.145 -0.0196969
21.16 -0.0200713
21.175 -0.0204091
21.19 -0.0207107
21.205 -0.0209773
21.22 -0.0212119
21.235 -0.0214181
21.25 -0.0216005
21.265 -0.0217642
21.28 -0.0219142
21.295 -0.0220555
21.31 -0.0221927
21.325 -0.0223295
21.34 -0.0224687
21.355 -0.022612
21.37 -0.0227597
21.385 -0.0229112
21.4 -0.0230642
21.415 -0.0232158
21.43 -0.0233619
21.445 -0.0234979
21.46 -0.0236189
21.475 -0.0237199
21.49 -0.0237961
21.505 -0.023843
21.52 -0.0238573
21.535 -0.0238386
21.55 -0.023785
21.565 -0.0236965
21.58 -0.0235743
21.595 -0.0234209
21.61 -0.0232398
21.625 -0.0230349
21.64 -0.0228111
21.655 -0.0225733
21.67 -0.0223261
21.685 -0.0220741
21.7 -0.0218209
21.715 -0.0215694
21.73 -0.0213215
21.745 -0.0210779
21.76 -0.020838
21.775 -0.0206004
21.79 -0.0203623
21.805 -0.0201203
21.82 -0.0198704
21.835 -0.0196082
21.85 -0.0193293
21.865 -0.0190296
21.88 -0.0187053
21.895 -0.0183536
21.91 -0.0179725
21.925 -0.0175611
21.94 -0.0171197
21.955 -0.0166495
21.97 -0.0161531
21.985 -0.0156337
22 -0.0150953
22.015 -0.0145425
22.03 -0.0139799
22.045 -0.0134123
22.06 -0.0128438
22.075 -0.0122789
22.09 -0.0117197
22.105 -0.0111682
22.12 -0.0106253
22.135 -0.0100911
22.15 -0.00956459
22.165 -0.00904416
22.18 -0.00852714
22.195 -0.00801048
22.21 -0.00750207
22.225 -0.00699215
22.24 -0.00647263
22.255 -0.00593837
22.27 -0.00538825
22.285 -0.00482107
22.3 -0.00423792
22.315 -0.00363595
22.33 -0.00302036
22.345 -0.00239107
22.36 -0.00175382
22.375 -0.001113
22.39 -0.00047379
22.405 0.000157354
22.42 0.000774853
22.435 0.00137272
22.45 0.00194559
22.465 0.00248891
22.48 0.00299884
22.495 0.0034728
22.51 0.0039093
22.525 0.00430805
22.54 0.00466998
22.555 0.00499706
22.57 0.00529217
22.585 0.00555891
22.6 0.00580133
22.615 0.00602365
22.63 0.00623003
22.645 0.00642425
22.66 0.00660952
22.675 0.00678822
22.69 0.00696183
22.705 0.00713075
22.72 0.00729432
22.735 0.00745078
22.75 0.00759742
22.765 0.00773069
22.78 0.00784673
22.795 0.00794091
22.81 0.00800853
22.825 0.00804512
22.84 0.00804669
22.855 0.00801004
22.87 0.0079329
22.885 0.00781424
22.9 0.00765426
22.915 0.00745438
22.93 0.00721716
22.945 0.00694609
22.96 0.00664543
22.975 0.00631987
22.99 0.00597426
23.005 0.00561333
23.02 0.00524136
23.035 0.00486196
23.05 0.00447788
23.065 0.00409087
23.08 0.0037016
23.095 0.00330974
23.11 0.00291398
23.125 0.00251227
23.14 0.002102
23.155 0.00168027
23.17 0.00124419
23.185 0.000791174
23.2 0.000319154
23.215 -0.000173041
23.23 -0.000685516
23.245 -0.00121767
23.26 -0.00176979
23.275 -0.00233379
23.29 -0.0029205
23.305 -0.00351344
23.32 -0.0041012
23.335 -0.00467988
23.35 -0.00524672
23.365 -0.00579663
23.38 -0.00632721
23.395 -0.00683519
23.41 -0.00731981
23.425 -0.00778042
23.44 -0.0082175
23.455 -0.00863277
23.47 -0.00902907
23.485 -0.00940996
23.5 -0.00977963
23.515 -0.0101424
23.53 -0.0105027
23.545 -0.0108647
23.56 -0.0112318
23.575 -0.011607
23.59 -0.0119919
23.605 -0.0123871
23.62 -0.0127919
23.635 -0.0132055
23.65 -0.0136254
23.665 -0.0140489
23.68 -0.0144721
23.695 -0.0148909
23.71 -0.0153008
23.725 -0.0156975
23.74 -0.0160765
23.755 -0.0164343
23.77 -0.0167674
23.785 -0.0170737
23.8 -0.0173516
23.815 -0.0176005
23.83 -0.0178206
23.845 -0.0180134
23.86 -0.0181812
23.875 -0.0183273
23.89 -0.0184552
23.905 -0.0185691
23.92 -0.0186731
23.935 -0.0187711
23.95 -0.0188666
23.965 -0.0189624
23.98 -0.0190608
23.995 -0.0191627
24.01 -0.0192684
24.025 -0.0193768
24.04 -0.0194862
24.055 -0.0195938
24.07 -0.0196961
24.085 -0.0197892
24.1 -0.0198689
24.115 -0.0199312
24.13 -0.0199722
24.145 -0.0199873
24.16 -0.0199762
24.175 -0.0199365
24.19 -0.0198679
24.205 -0.0197699
24.22 -0.019644
24.235 -0.0194922
24.25 -0.0193172
24.265 -0.0191226
24.28 -0.0189122
24.295 -0.0186898
24.31 -0.0184595
24.325 -0.0182247
24.34 -0.0179883
24.355 -0.0177525
24.37 -0.0175189
24.385 -0.0172879
24.4 -0.017059
24.415 -0.016831
24.43 -0.0166017
24.445 -0.0163685
24.46 -0.0161282
24.475 -0.0158774
24.49 -0.0156129
24.505 -0.0153315
24.52 -0.0150306
24.535 -0.0147081
24.55 -0.0143629
24.565 -0.0139945
24.58 -0.0136034
24.595 -0.013191
24.61 -0.0127595
24.625 -0.0123117
24.64 -0.011851
24.655 -0.011381
24.67 -0.0109056
24.685 -0.0104285
24.7 -0.0099533
24.715 -0.00948184
24.73 -0.0090165
24.745 -0.00855848
24.76 -0.00810834
