-7.50487e-06 -1.02507e-05 -2.50137e-06
-7.4383e-06 -1.02646e-05 -2.49731e-06
-7.28864e-06 -1.02929e-05 -2.48979e-06
-6.98911e-06 -1.03416e-05 -2.48092e-06
-6.66103e-06 -1.03869e-05 -2.47731e-06
-6.25854e-06 -1.0431e-05 -2.48123e-06
-5.78985e-06 -1.04654e-05 -2.49745e-06
-5.26338e-06 -1.0481e-05 -2.53092e-06
-4.68567e-06 -1.04696e-05 -2.58559e-06
-4.06054e-06 -1.04242e-05 -2.66416e-06
-3.38521e-06 -1.0339e-05 -2.76781e-06
-2.64762e-06 -1.02108e-05 -2.89591e-06
-1.83652e-06 -1.00364e-05 -3.04671e-06
-9.50098e-07 -9.81142e-06 -3.21778e-06
2.30142e-08 -9.52936e-06 -3.4063e-06
1.08091e-06 -9.19165e-06 -3.60443e-06
2.21326e-06 -8.79331e-06 -3.80646e-06
3.41131e-06 -8.33032e-06 -4.00411e-06
4.66849e-06 -7.80101e-06 -4.18779e-06
5.98006e-06 -7.20525e-06 -4.34595e-06
7.33917e-06 -6.54298e-06 -4.46611e-06
8.75262e-06 -5.81791e-06 -4.53391e-06
1.02394e-05 -5.03708e-06 -4.53398e-06
1.18109e-05 -4.20575e-06 -4.45073e-06
1.34848e-05 -3.33061e-06 -4.26922e-06
1.52962e-05 -2.42146e-06 -3.97414e-06
1.72661e-05 -1.4829e-06 -3.55329e-06
1.94127e-05 -5.17211e-07 -2.99716e-06
2.17757e-05 4.79959e-07 -2.29129e-06
2.43966e-05 1.5024e-06 -1.43759e-06
2.7295e-05 2.5522e-06 -4.21213e-07
3.04594e-05 3.64434e-06 7.40665e-07
3.38551e-05 4.80173e-06 2.0396e-06
3.74602e-05 6.04661e-06 3.4654e-06
4.12906e-05 7.39424e-06 5.00983e-06
4.53752e-05 8.85825e-06 6.66548e-06
4.9725e-05 1.04566e-05 8.42364e-06
5.43341e-05 1.22102e-05 1.02755e-05
5.91891e-05 1.41401e-05 1.22137e-05
6.42905e-05 1.62631e-05 1.42345e-05
6.96638e-05 1.85895e-05 1.63389e-05
7.533e-05 2.11291e-05 1.85306e-05
8.12623e-05 2.38997e-05 2.08135e-05
8.73746e-05 2.69263e-05 2.31929e-05
9.35626e-05 3.0232e-05 2.56792e-05
9.97645e-05 3.38238e-05 2.82934e-05
0.000105922 3.77027e-05 3.10625e-05
0.000111944 4.18692e-05 3.40171e-05
0.000117737 4.63129e-05 3.71962e-05
0.000123204 5.10128e-05 4.06465e-05
0.000129405 5.72079e-05 4.54183e-05
0.00013469 6.3689e-05 5.08027e-05
0.000138866 7.03494e-05 5.69186e-05
0.000141795 7.70472e-05 6.38897e-05
0.000143369 8.36175e-05 7.18326e-05
0.000143416 8.98959e-05 8.08411e-05
0.0001419 9.56802e-05 9.09917e-05
0.000138941 0.000100742 0.00010233
0.000134626 0.000104878 0.000114842
0.000128971 0.000107924 0.000128449
0.000122009 0.000109738 0.000143006
0.000113898 0.000110195 0.000158301
0.000104814 0.000109216 0.000174046
9.49182e-05 0.00010677 0.000189881
8.44456e-05 0.000102861 0.000205384
7.3683e-05 9.7536e-05 0.000220081
6.28874e-05 9.09023e-05 0.000233447
5.2383e-05 8.30949e-05 0.000244935
4.24511e-05 7.43016e-05 0.000253985
3.33022e-05 6.4759e-05 0.000260042
2.52165e-05 5.47097e-05 0.000262595
1.84373e-05 4.44197e-05 0.000261182
1.30693e-05 3.41846e-05 0.000255416
9.1235e-06 2.43021e-05 0.000245009
6.55541e-06 1.50521e-05 0.000229797
5.33923e-06 6.66879e-06 0.000209759
5.43138e-06 -6.62336e-07 0.000185029
6.70764e-06 -6.76665e-06 0.000155898
9.03279e-06 -1.15895e-05 0.000122844
1.2264e-05 -1.51395e-05 8.64252e-05
1.61981e-05 -1.74888e-05 4.7389e-05
2.05334e-05 -1.87271e-05 6.58342e-06
2.50115e-05 -1.89799e-05 -3.44194e-05
2.95349e-05 -1.85049e-05 -7.52211e-05
3.39559e-05 -1.75534e-05 -0.000114869
3.79353e-05 -1.63485e-05 -0.000152309
4.11405e-05 -1.51119e-05 -0.000186593
4.33819e-05 -1.40885e-05 -0.00021682
4.44923e-05 -1.34995e-05 -0.000242221
4.43131e-05 -1.35219e-05 -0.00026216
4.32034e-05 -1.40812e-05 -0.000273845
4.06676e-05 -1.55668e-05 -0.000282832
3.68667e-05 -1.79678e-05 -0.000285436
3.17457e-05 -2.12506e-05 -0.000281719
2.53796e-05 -2.53483e-05 -0.000271902
1.79298e-05 -3.01434e-05 -0.000256395
9.57343e-06 -3.54625e-05 -0.000235769
5.12566e-07 -4.1093e-05 -0.000210748
-8.90034e-06 -4.67655e-05 -0.000182178
-1.85503e-05 -5.22395e-05 -0.000150963
-2.82497e-05 -5.72405e-05 -0.000118071
-3.77465e-05 -6.15193e-05 -8.4475e-05
-4.68768e-05 -6.48313e-05 -5.11396e-05
-5.55177e-05 -6.69631e-05 -1.89693e-05
-6.35648e-05 -6.77487e-05 1.14654e-05
-7.09762e-05 -6.70724e-05 3.93634e-05
-7.77654e-05 -6.49058e-05 6.39712e-05
-8.3983e-05 -6.12852e-05 8.48108e-05
-8.97053e-05 -5.63209e-05 0.000101666
-9.49946e-05 -5.02069e-05 0.000114409
-9.99328e-05 -4.32162e-05 0.000123143
-0.000104626 -3.56787e-05 0.00012804
-0.000109139 -2.79788e-05 0.000129438
-0.000113539 -2.05182e-05 0.000127751
-0.000117984 -1.37101e-05 0.000123477
-0.000122664 -7.95787e-06 0.000117089
-0.000127691 -3.63271e-06 0.000109091
-0.00013305 -1.09807e-06 9.99617e-05
-0.000138653 -6.60148e-07 9.01251e-05
-0.000144398 -2.53843e-06 7.99107e-05
-0.000150118 -6.86711e-06 6.95409e-05
-0.000155686 -1.36625e-05 5.9115e-05
-0.00016113 -2.27725e-05 4.8616e-05
-0.000166517 -3.39817e-05 3.78881e-05
-0.00017194 -4.69498e-05 2.66698e-05
-0.000177474 -6.12734e-05 1.46354e-05
-0.000183087 -7.6529e-05 1.5011e-06
-0.000188616 -9.22804e-05 -1.3055e-05
-0.000193821 -0.000108107 -2.94239e-05
-0.000198486 -0.000123584 -4.79609e-05
-0.000202442 -0.000138308 -6.88868e-05
-0.000205488 -0.000151923 -9.23181e-05
-0.000207355 -0.000164137 -0.000118281
-0.00020793 -0.000174687 -0.000146669
-0.000207283 -0.000183348 -0.000177272
-0.000205589 -0.000189954 -0.000209719
-0.000203128 -0.000194405 -0.000243524
-0.00020009 -0.000196713 -0.000278054
-0.000196527 -0.000197007 -0.000312558
-0.00019248 -0.000195492 -0.000346189
-0.000187976 -0.000192439 -0.000378042
-0.000183006 -0.00018817 -0.000407189
-0.000177547 -0.000183025 -0.000432724
-0.000171606 -0.000177334 -0.000453802
-0.000165265 -0.000171388 -0.000469682
-0.000158674 -0.000165424 -0.000479754
-0.000151949 -0.000159628 -0.000483564
-0.00014517 -0.000154131 -0.00048083
-0.000138406 -0.000148994 -0.000471455
-0.000131682 -0.000144217 -0.000455529
-0.000124902 -0.000139755 -0.000433319
-0.000117878 -0.000135511 -0.000405267
-0.000110441 -0.000131319 -0.000371978
-0.000102491 -0.00012695 -0.000334199
-9.39588e-05 -0.000122131 -0.000292783
-8.47966e-05 -0.000116566 -0.000248657
-7.50164e-05 -0.000109945 -0.000202788
-6.46358e-05 -0.000101984 -0.000156132
-5.36603e-05 -9.24457e-05 -0.000109596
-4.21218e-05 -8.11468e-05 -6.40114e-05
-3.00451e-05 -6.7985e-05 -2.00951e-05
-1.74015e-05 -5.29435e-05 2.20167e-05
-4.14286e-06 -3.60903e-05 6.15743e-05
9.76641e-06 -1.75341e-05 9.81188e-05
2.39771e-05 2.55487e-06 0.000131587
3.82668e-05 2.38743e-05 0.000161963
5.24585e-05 4.59509e-05 0.0001893
6.63289e-05 6.82646e-05 0.000213902
7.95955e-05 9.03758e-05 0.00023607
9.20101e-05 0.000111809 0.00025618
0.000101228 0.00012812 0.000271065
0.000109744 0.000143395 0.000285117
0.000117518 0.00015739 0.000298527
0.000124541 0.00016989 0.000311457
0.000130805 0.000180707 0.000324033
0.000136292 0.000189684 0.00033634
0.000141012 0.000196701 0.000348418
0.00014504 0.000201676 0.000360254
0.000148432 0.000204585 0.00037177
0.000151172 0.000205464 0.000382831
0.000153244 0.000204391 0.000393249
0.000154654 0.000201484 0.000402798
0.000155432 0.000196898 0.00041121
0.000155646 0.000190815 0.000418188
0.000155423 0.00018343 0.000423422
0.000154915 0.000174957 0.000426596
0.000154286 0.00016562 0.000427397
0.00015371 0.000155654 0.000425529
0.000153334 0.000145301 0.000420719
0.000153252 0.000134811 0.000412726
0.000153531 0.000124427 0.000401361
0.000154237 0.000114373 0.00038649
0.000155425 0.000104854 0.000368049
0.000157132 9.60487e-05 0.000346043
0.000159385 8.81031e-05 0.000320561
0.000162218 8.11248e-05 0.00029177
0.000165667 7.51823e-05 0.000259922
0.000169782 7.03042e-05 0.000225346
0.00017458 6.64893e-05 0.000188446
0.000179997 6.37188e-05 0.000149684
0.000185924 6.19488e-05 0.000109581
0.000192248 6.11063e-05 6.8708e-05
0.000198851 6.1096e-05 2.7672e-05
0.000205599 6.18058e-05 -1.25839e-05
0.000212343 6.31365e-05 -5.15537e-05
0.000218965 6.49172e-05 -8.87166e-05
0.000225412 6.69884e-05 -0.00012354
0.000231687 6.91815e-05 -0.000155453
0.000237747 7.1358e-05 -0.000183909
0.000243511 7.34014e-05 -0.000208418
0.000248921 7.52054e-05 -0.00022856
0.000253956 7.6683e-05 -0.000244002
0.000258621 7.77786e-05 -0.000254502
0.000262951 7.84665e-05 -0.000259907
0.000267032 7.87445e-05 -0.000260146
0.000270972 7.86401e-05 -0.000255243
0.000274833 7.82289e-05 -0.000245325
0.000278621 7.76331e-05 -0.000230615
0.000282342 7.70033e-05 -0.000211421
0.000286006 7.65118e-05 -0.000188116
0.000289632 7.6346e-05 -0.000161134
0.00029325 7.66996e-05 -0.000130957
0.000296903 7.77659e-05 -9.81011e-05
0.000300623 7.97327e-05 -6.31023e-05
0.00030341 8.28951e-05 -2.64972e-05
0.000304432 8.76484e-05 1.14705e-05
0.000304088 9.37277e-05 5.04152e-05
0.000304129 0.00010136 8.93162e-05
0.000305443 0.000109953 0.000128142
0.000307766 0.00011956 0.000166507
0.000310754 0.00013022 0.000204067
0.000314203 0.000141952 0.000240519
0.000317439 0.00015482 0.000275492
0.000320293 0.000168649 0.000308837
0.000322601 0.000183262 0.000340456
0.000324354 0.00019844 0.000370304
0.000325477 0.000213962 0.000398361
0.000325826 0.000229578 0.000424635
0.000325296 0.00024498 0.00044919
0.000323814 0.00025985 0.000472125
0.000321287 0.000273888 0.000493553
0.000317628 0.000286804 0.000513585
0.000312804 0.000298276 0.000550372
0.000306911 0.000307275 0.00081298
0.00029973 0.000314259 0.00108619
0.0002912 0.000319187 0.00135352
0.000281331 0.000321772 0.00159982
0.000270094 0.000322071 0.00181984
0.000257606 0.00031977 0.00202211
0.000243934 0.000314799 0.00221449
0.000229113 0.000307233 0.00239492
0.000213209 0.000297193 0.00255318
0.00019633 0.000284822 0.00267866
0.00017861 0.000270257 0.00276644
0.000160162 0.00025369 0.00281514
0.00014109 0.000235373 0.00282389
0.000121539 0.000215518 0.00282068
0.00010166 0.000194332 0.00281371
8.1578e-05 0.000172122 0.00280246
6.13912e-05 0.000149187 0.00278663
4.11895e-05 0.000125837 0.00276592
2.10848e-05 0.000102345 0.00274005
1.20638e-06 7.89523e-05 0.00270884
-1.80054e-05 5.59583e-05 0.00267219
-3.68056e-05 3.34686e-05 0.00263018
-5.46037e-05 1.15376e-05 0.00258299
-7.18669e-05 -9.55047e-06 0.00253078
-8.84643e-05 -2.95016e-05 0.00247404
-0.000104465 -4.84689e-05 0.00241308
-0.000119836 -6.65499e-05 0.00234837
-0.000134432 -8.37765e-05 0.00228209
-0.000148232 -9.9538e-05 0.0019949
-0.000160989 -0.000114559 0.0016921
-0.000172687 -0.000128997 0.00138147
-0.000183325 -0.000142985 0.00107024
-0.000192841 -0.000156746 0.000762332
-0.000201243 -0.000170209 0.000458816
-0.000208526 -0.000183458 0.000161358
-0.000214777 -0.00019658 -0.000127208
-0.000220154 -0.00020964 -0.000403115
-0.000224925 -0.000222307 -0.000938815
-0.000229534 -0.000232746 -0.00201957
-0.000233674 -0.000243175 -0.00304944
-0.000237503 -0.000253622 -0.00401887
-0.000241161 -0.000264011 -0.00487695
-0.000244632 -0.000274482 -0.00561376
-0.000248125 -0.000284325 -0.0062656
-0.000251703 -0.00029347 -0.00685894
-0.000255409 -0.000301942 -0.00738935
-0.000259252 -0.000309784 -0.00783289
-0.000263228 -0.000316927 -0.00817339
-0.000267366 -0.000323181 -0.00841771
-0.000271657 -0.00032842 -0.00858376
-0.000275919 -0.000332627 -0.00868131
-0.000280087 -0.000335796 -0.0087061
-0.000284214 -0.000337776 -0.00870181
-0.000288285 -0.000338477 -0.00869317
-0.000292285 -0.000337882 -0.00868067
-0.000296236 -0.000335983 -0.00866467
-0.000300184 -0.00033282 -0.0086452
-0.000304186 -0.000328429 -0.00862221
-0.000308292 -0.000322855 -0.00859584
-0.000312527 -0.000316158 -0.00856645
-0.000316889 -0.000308429 -0.00853445
-0.000321365 -0.000299779 -0.00850008
-0.000325933 -0.00029034 -0.00846349
-0.000330523 -0.000280265 -0.00842487
-0.00033505 -0.000269714 -0.0083845
-0.000339466 -0.000258836 -0.00834276
-0.000343765 -0.000247774 -0.00830001
-0.00034795 -0.00023667 -0.00825653
-0.00035201 -0.000225669 -0.0082126
-0.000355923 -0.000214906 -0.00816825
-0.000355761 -0.000205904 -0.00777115
-0.000355014 -0.000197912 -0.00732892
-0.000354591 -0.000190124 -0.0068898
-0.000354245 -0.000182658 -0.00646699
-0.000353932 -0.000175566 -0.00606571
-0.000353745 -0.000168844 -0.0056851
-0.000353644 -0.000162653 -0.00531935
-0.000353575 -0.00015694 -0.00497111
-0.00035352 -0.000151678 -0.00464718
-0.000353498 -0.000146839 -0.00435397
-0.000353489 -0.000142452 -0.00409309
-0.000353455 -0.000138563 -0.00386284
-0.000353383 -0.000135187 -0.00366266
-0.000353267 -0.000132318 -0.0034949
-0.0003531 -0.000129948 -0.00336311
-0.000352879 -0.000128082 -0.00326915
-0.000352608 -0.00012674 -0.00321251
-0.000352292 -0.000125941 -0.00319184
-0.000351934 -0.000125729 -0.00319378
-0.000351536 -0.000126177 -0.0031993
-0.000351124 -0.000127284 -0.00320843
-0.000350724 -0.000129057 -0.00322101
-0.000350363 -0.000131496 -0.0032369
-0.000350077 -0.000134606 -0.00325589
-0.0003499 -0.000138394 -0.00327778
-0.000349867 -0.00014286 -0.00330232
-0.000350014 -0.000147999 -0.00332927
-0.000350376 -0.000153798 -0.00335833
-0.000350985 -0.000160245 -0.0033892
-0.000351869 -0.000167324 -0.00342158
-0.000353098 -0.000174795 -0.00353004
-0.000354589 -0.000182501 -0.00375947
-0.00035603 -0.000190836 -0.00399307
-0.000357441 -0.000199689 -0.00423041
-0.000358754 -0.00020914 -0.00446654
-0.000359917 -0.000219032 -0.00470134
-0.000360869 -0.000229231 -0.00493572
-0.000361556 -0.000239641 -0.00516954
-0.000361931 -0.000250191 -0.00540074
-0.000361941 -0.000260789 -0.00562679
-0.000361526 -0.000271295 -0.00584644
-0.000360631 -0.000281553 -0.00605968
-0.000359211 -0.000291421 -0.00626663
-0.000357233 -0.000300767 -0.00646658
-0.000354668 -0.000309461 -0.00665813
-0.000351489 -0.000317366 -0.00684007
-0.000347673 -0.000324352 -0.00701178
-0.000343199 -0.0003303 -0.007173
-0.000338055 -0.000335106 -0.00732319
-0.000332242 -0.000338681 -0.00746132
-0.000325785 -0.00034095 -0.00758618
-0.000318724 -0.000341854 -0.00769671
-0.000311112 -0.000341351 -0.00779204
-0.000303009 -0.000339419 -0.00787132
-0.000294467 -0.000336062 -0.00793343
-0.000285519 -0.000331311 -0.00797708
-0.000276194 -0.00032522 -0.00800092
-0.000266524 -0.000317858 -0.00800483
-0.000256569 -0.000309272 -0.00800177
-0.000246406 -0.000299531 -0.00799529
-0.000236129 -0.000288734 -0.00798529
-0.000225831 -0.000276988 -0.00797163
-0.0002156 -0.000264417 -0.00795421
-0.000205507 -0.000251138 -0.00793299
-0.000195564 -0.000237283 -0.007908
-0.000185714 -0.000222993 -0.00787931
-0.000175892 -0.000208411 -0.00784699
-0.000166055 -0.000193661 -0.00781117
-0.000156188 -0.000178845 -0.00777203
-0.000146295 -0.000164045 -0.00772984
-0.000136345 -0.000149334 -0.0076849
-0.000126253 -0.000134778 -0.00763756
-0.00011596 -0.000120416 -0.0075882
-0.000105495 -0.000106247 -0.0075369
-9.47599e-05 -9.29636e-05 -0.00706206
-8.38362e-05 -8.0565e-05 -0.00653694
-7.27788e-05 -6.82078e-05 -0.00600542
-6.14171e-05 -5.59151e-05 -0.00547592
-4.96884e-05 -4.35735e-05 -0.0049589
-3.75847e-05 -3.12653e-05 -0.00445121
-2.50435e-05 -1.90865e-05 -0.00394764
-1.31511e-05 -6.64915e-06 -0.00345126
-1.74499e-06 6.25339e-06 -0.00297153
1.02041e-05 1.93692e-05 -0.00251424
2.25433e-05 3.26486e-05 -0.00208245
3.5287e-05 4.59844e-05 -0.00167403
4.83942e-05 5.93749e-05 -0.00128836
6.18834e-05 7.28154e-05 -0.000928226
7.57972e-05 8.62934e-05 -0.000597638
9.01416e-05 9.97655e-05 -0.000298811
0.000104914 0.000113151 -3.10377e-05
0.000120123 0.000126368 0.000207296
0.000135774 0.000139352 0.000416707
0.000151852 0.000152051 0.000596443
0.000168313 0.000164408 0.000745943
0.000185082 0.000176365 0.000865988
0.000202064 0.000187861 0.00095844
0.000219159 0.000198848 0.00102516
0.000236269 0.000209283 0.00106738
0.000253282 0.000219133 0.00108599
0.000270054 0.000228365 0.00108632
0.000286433 0.000236912 0.00108358
0.000302286 0.000244752 0.001079
0.000317524 0.00025186 0.00107283
0.000332055 0.000258224 0.00106524
0.00034579 0.000263838 0.0010564
0.000358679 0.000268678 0.00104655
0.000370707 0.00027272 0.00103594
0.000381848 0.000275957 0.00102483
0.000392051 0.000278397 0.0010134
0.000401281 0.000280054 0.00100181
0.00040692 0.000281503 0.000990099
0.000409766 0.00028247 0.000978493
0.000412025 0.000282474 0.000967336
0.000413436 0.000281587 0.000956881
0.000413949 0.000279906 0.000947048
0.000413605 0.000277362 0.000938045
0.000412456 0.000273959 0.000929901
0.000410509 0.000269753 0.00092268
0.000407795 0.000264842 0.000916349
0.000404394 0.000259297 0.000910862
0.000400384 0.000253179 0.000906151
0.000395842 0.000246572 0.000902127
0.000390866 0.000239583 0.000898679
0.000385567 0.000232324 0.000895677
0.000380053 0.000224905 0.000892975
0.000374433 0.000217428 0.000890418
0.000368817 0.000210001 0.000887854
0.000363289 0.000202739 0.00088513
0.00035755 0.000195834 0.00088208
0.000351674 0.000189371 0.000878586
0.000345797 0.000183398 0.000874558
0.000340028 0.000177974 0.000869916
0.000334448 0.000173145 0.00086461
0.00032912 0.000168932 0.000858621
0.000324094 0.000165339 0.000851963
0.000319395 0.000162359 0.000844674
0.000315034 0.000159977 0.000836816
0.00031102 0.000158159 0.000828479
0.000307377 0.000156853 0.000819775
0.000304114 0.000155998 0.000810838
0.00030122 0.000155529 0.000801816
0.000298672 0.000155378 0.000792862
0.000296448 0.000155472 0.000784139
0.000294526 0.000155736 0.000775807
0.000292882 0.000156098 0.000768027
0.000291467 0.000156494 0.000760945
0.0002902 0.000156875 0.000754695
0.000288966 0.000157202 0.000749392
0.000287659 0.000157442 0.000745134
0.000286206 0.000157563 0.000742003
0.000284525 0.000157544 0.000740055
0.000282471 0.000157383 0.000739321
0.00027989 0.000157084 0.00073981
0.000276734 0.000156632 0.000741519
0.000273023 0.000156006 0.000744424
0.000268764 0.000155192 0.000748477
0.000263927 0.00015419 0.00075361
0.000258476 0.000152999 0.000759733
0.000252392 0.000151619 0.000766742
0.000245688 0.000150046 0.000774517
0.000238426 0.00014827 0.000782926
0.000230694 0.000146279 0.000791826
0.000222603 0.000144057 0.000801063
0.000214283 0.000141588 0.000810475
0.000205859 0.000138865 0.00081989
0.000197436 0.000135889 0.000829127
0.000189059 0.00013268 0.000837998
0.000180677 0.000129282 0.000846308
0.000172203 0.000125745 0.000853865
0.000163651 0.000122096 0.000860495
0.000155115 0.000118347 0.000866041
0.000146576 0.000114532 0.000870348
0.000137894 0.000110702 0.000873278
0.000129012 0.000106875 0.000874724
0.000119965 0.000103043 0.000874613
0.000110733 9.92039e-05 0.00087289
0.000101249 9.53543e-05 0.000869523
9.14468e-05 9.14729e-05 0.000864516
8.12938e-05 8.75189e-05 0.000857901
7.07623e-05 8.34429e-05 0.000849736
5.97932e-05 7.91947e-05 0.000840102
4.83204e-05 7.47153e-05 0.000829097
3.63126e-05 6.99288e-05 0.000816845
2.40166e-05 6.47204e-05 0.000803483
1.47269e-05 5.8265e-05 0.000789428
4.83976e-06 5.15703e-05 0.000774283
-5.35127e-06 4.42733e-05 0.000758423
-1.59816e-05 3.64501e-05 0.00074192
-2.70765e-05 2.81115e-05 0.000724822
-3.86131e-05 1.9263e-05 0.000707235
-5.06364e-05 9.91026e-06 0.000689231
-6.3163e-05 3.58977e-08 0.000670928
-7.61141e-05 -1.022e-05 0.000652485
-8.94449e-05 -2.09064e-05 0.000635932
-0.000103153 -3.16524e-05 0.000477925
-0.000117145 -4.28811e-05 0.000304755
-0.000131389 -5.44393e-05 0.000126349
-0.0001458 -6.64074e-05 -5.13792e-05
-0.000160319 -7.87262e-05 -0.00022804
-0.000174905 -9.12714e-05 -0.000406417
-0.000189491 -0.000103973 -0.000589016
-0.000204021 -0.000116779 -0.00077637
-0.000218445 -0.000129645 -0.000967112
-0.000232717 -0.000142504 -0.0011603
-0.000246764 -0.000155279 -0.00135659
-0.000260482 -0.000167902 -0.00155741
-0.000273788 -0.000180314 -0.00176362
-0.000286647 -0.000192456 -0.00197489
-0.000299028 -0.000204272 -0.00219036
-0.00031087 -0.000215712 -0.00240955
-0.000322102 -0.000226732 -0.00263258
-0.000332658 -0.000237292 -0.00285954
-0.0003425 -0.000247357 -0.00308999
-0.000351623 -0.000256892 -0.00332289
-0.000360029 -0.000265872 -0.00355709
-0.000367678 -0.000274283 -0.00379162
-0.000374545 -0.000282113 -0.00402566
-0.000380657 -0.000289344 -0.00425821
-0.000386075 -0.000295962 -0.00448796
-0.000390861 -0.000301962 -0.00471335
-0.000395052 -0.00030735 -0.00493281
-0.000398666 -0.000312141 -0.00514489
-0.000401717 -0.000316352 -0.00534815
-0.000404228 -0.000320007 -0.00554105
-0.000406226 -0.000323135 -0.00572195
-0.000407729 -0.000325764 -0.00588921
-0.000408115 -0.000328073 -0.00604105
-0.000407797 -0.000329959 -0.00617625
-0.000407364 -0.000331339 -0.00629418
-0.000406771 -0.000332224 -0.00639405
-0.000406023 -0.000332678 -0.00647423
-0.000404914 -0.000332736 -0.0065341
-0.000403245 -0.00033245 -0.00657276
-0.000401029 -0.000331809 -0.00658995
-0.000398264 -0.000330817 -0.0065901
-0.000394971 -0.000329421 -0.00658707
-0.000391153 -0.000327594 -0.00658175
-0.000386806 -0.000325303 -0.00657423
-0.000381934 -0.000322521 -0.00656456
-0.000376543 -0.000319219 -0.00655284
-0.000370626 -0.000315359 -0.00653918
-0.000364152 -0.000310901 -0.00652376
-0.00035708 -0.000305813 -0.00650676
-0.000349391 -0.000300063 -0.00648832
-0.000341078 -0.000293622 -0.00646861
-0.000332135 -0.000286463 -0.0064478
-0.00032255 -0.000278566 -0.00642608
-0.000312309 -0.000269919 -0.00640363
-0.00030141 -0.000260519 -0.00638061
-0.000289866 -0.00025037 -0.00635716
-0.000277703 -0.000239486 -0.00633343
-0.00026494 -0.00022789 -0.00630954
-0.000251589 -0.000215621 -0.00628561
-0.000237674 -0.000202726 -0.00626173
-0.000223245 -0.000189258 -0.00623798
-0.000208381 -0.000175275 -0.00621441
-0.00019316 -0.000160845 -0.00619108
-0.000177656 -0.000146045 -0.00615116
-0.000161864 -0.000131316 -0.00592253
-0.000145885 -0.000116573 -0.00571463
-0.000129754 -0.000101788 -0.00550458
-0.000113465 -8.69264e-05 -0.00529912
-9.70834e-05 -7.21854e-05 -0.00509666
-8.08121e-05 -5.76412e-05 -0.0048945
-6.48013e-05 -4.34247e-05 -0.00468923
-4.91405e-05 -2.9565e-05 -0.00448117
-3.38715e-05 -1.61049e-05 -0.00427224
-1.90013e-05 -3.08807e-06 -0.00406308
-4.51207e-06 9.44608e-06 -0.00385285
9.6504e-06 2.14597e-05 -0.00364057
2.3313e-05 3.27804e-05 -0.00342595
3.3721e-05 4.3973e-05 -0.00321148
4.36818e-05 5.42301e-05 -0.00299649
5.29601e-05 6.37352e-05 -0.00278195
6.16811e-05 7.24226e-05 -0.00256875
6.97589e-05 8.02508e-05 -0.00235633
7.71375e-05 8.72126e-05 -0.00214612
8.38615e-05 9.33148e-05 -0.00193949
8.99711e-05 9.86091e-05 -0.00173837
9.54838e-05 0.000103141 -0.00154421
0.000100451 0.000106935 -0.00135821
0.000104954 0.000110027 -0.00118174
0.000109057 0.000112478 -0.0010166
0.00011281 0.000114373 -0.000864746
0.00011627 0.000115781 -0.000727914
0.000119523 0.000116763 -0.000607514
0.000122663 0.000117378 -0.000504817
0.000125777 0.000117698 -0.00042111
0.000128942 0.000117793 -0.000357644
0.000132221 0.000117726 -0.000315448
0.000135674 0.000117553 -0.000295224
0.000139364 0.000117321 -0.00029409
0.000143363 0.000117024 -0.000297062
0.000147725 0.000116695 -0.000302507
0.000152489 0.000116368 -0.00031034
0.000157672 0.000116074 -0.000320501
0.000163278 0.000115841 -0.000332893
0.000169298 0.000115683 -0.000347347
0.000175705 0.000115611 -0.000363644
0.000182442 0.000115635 -0.000381547
0.000189421 0.000115766 -0.000400813
0.00019657 0.000116006 -0.000421186
0.000203855 0.000116339 -0.000442374
0.000211241 0.000116745 -0.000464059
0.000218667 0.000117208 -0.000485915
0.000226063 0.000117708 -0.00050762
0.000233383 0.000118225 -0.000528861
0.000240576 0.000118736 -0.000549332
0.000247573 0.00011923 -0.000568733
0.000254303 0.000119696 -0.000586783
0.000260729 0.000120122 -0.000603216
0.00026682 0.000120501 -0.000617803
0.000272514 0.00012084 -0.000630347
0.00027773 0.000121223 -0.000639467
0.000282459 0.000121597 -0.00064656
0.000286695 0.000121963 -0.000679957
0.00029045 0.000122373 -0.000708982
0.00029375 0.000122766 -0.000716839
0.000296563 0.000123211 -0.000714926
0.000298865 0.000123764 -0.000704888
0.000300682 0.00012444 -0.000669051
0.00030204 0.000125302 -0.000623555
0.000302955 0.000126331 -0.000568065
0.000303424 0.000127624 -0.000503082
0.000303487 0.000129193 -0.0004285
0.000303225 0.000131056 -0.000345456
0.000302713 0.000133233 -0.000254936
0.000301986 0.000135736 -0.000157893
0.000300955 0.000138604 -5.53246e-05
0.000299668 0.000141831 5.18355e-05
0.000298166 0.000145405 0.000162577
0.00029647 0.000149317 0.000275838
0.000294569 0.000153548 0.000390608
0.000292459 0.000158067 0.000505963
0.000290161 0.000162827 0.000621056
0.000287698 0.000167771 0.00073506
0.000285064 0.000172843 0.00084716
0.000282245 0.000177979 0.000956592
0.000279224 0.000183107 0.00106267
0.000275987 0.000188148 0.00116479
0.000272515 0.000193022 0.00126237
0.000268779 0.000197649 0.00135489
0.000264738 0.000201949 0.00144184
0.000260355 0.000205839 0.00152276
0.000255594 0.000209241 0.00159724
0.000250418 0.000212078 0.0016649
0.000244792 0.000214278 0.00172538
0.000238693 0.000215771 0.00177834
0.000232111 0.000216491 0.00182343
0.000225031 0.000216385 0.00186035
0.000217421 0.000215408 0.00188878
0.000209249 0.000213528 0.0019084
0.000200483 0.000210721 0.00191891
0.000191105 0.00020697 0.00192048
0.000181115 0.000202249 0.00191868
0.000170515 0.000196552 0.00191489
0.000159286 0.000189892 0.00190908
0.000147366 0.000182298 0.00190121
0.000134705 0.000173807 0.00189122
0.000121332 0.000164439 0.00187911
0.000107336 0.000154208 0.00186488
9.27866e-05 0.000143142 0.00184855
7.77121e-05 0.00013128 0.00183013
6.21136e-05 0.000118671 0.00180967
4.5972e-05 0.00010537 0.00178719
2.93506e-05 9.14263e-05 0.00176276
1.51736e-05 7.62595e-05 0.00173668
4.57265e-07 6.07888e-05 0.00170865
-1.42989e-05 4.48885e-05 0.00167887
-2.94108e-05 2.86729e-05 0.00164749
-4.47935e-05 1.22254e-05 0.00161457
-6.03152e-05 -4.2354e-06 0.00158026
-7.59342e-05 -2.07243e-05 0.00154479
-9.17067e-05 -3.70453e-05 0.00148224
-0.00010776 -5.24446e-05 0.00112403
-0.000123781 -6.7836e-05 0.000756343
-0.000139732 -8.30105e-05 0.000374418
-0.000155568 -9.80757e-05 -8.30766e-06
-0.00017124 -0.000113071 -0.000388961
-0.000186779 -0.000127788 -0.000772426
-0.000202185 -0.000142195 -0.00116135
-0.000217482 -0.000156294 -0.00155385
-0.000232683 -0.000170142 -0.00194424
-0.000247809 -0.000183742 -0.00232822
-0.000262884 -0.00019706 -0.00270518
-0.000277931 -0.000210074 -0.00307608
-0.000292965 -0.0002228 -0.00344036
-0.000307988 -0.000235273 -0.00379506
-0.000323004 -0.000247521 -0.00413672
-0.000338015 -0.000259558 -0.00446327
-0.000353023 -0.000271395 -0.00477425
-0.000368027 -0.000283042 -0.00506941
-0.000383022 -0.000294515 -0.00534762
-0.000395515 -0.000306332 -0.00560647
-0.000402959 -0.00031902 -0.00584062
-0.000410746 -0.000331144 -0.00605735
-0.000418429 -0.000342832 -0.00625645
-0.000425943 -0.000354055 -0.00643653
-0.000433148 -0.00036463 -0.00659976
-0.000545543 -0.000373689 -0.00674796
-0.000762608 -0.000381068 -0.00688563
-0.000967631 -0.000387699 -0.00700618
-0.00113174 -0.00039401 -0.00710786
-0.00127444 -0.000399574 -0.00719262
-0.00141451 -0.000404025 -0.00726171
-0.00154033 -0.000407538 -0.00731526
-0.00163682 -0.000410393 -0.00735235
-0.00171205 -0.000412437 -0.00737338
-0.0132206 -0.000352155 -0.0075428
-0.0207238 -0.000296749 -0.00799478
-0.0220276 -0.000288523 -0.00799419
-0.0219847 -0.000304643 -0.00797658
-0.0220052 -0.000307696 -0.00795489
-0.0221957 -0.000301407 -0.00793473
-0.022698 -0.000302691 -0.00791179
-0.0226964 -0.000311358 -0.00788366
-0.0231451 -0.000313221 -0.00785382
-0.0241279 -0.000310757 -0.00782229
-0.0247271 -0.000313519 -0.00778667
-0.0250104 -0.000319366 -0.00774982
-0.0254643 -0.000322707 -0.00771423
-0.0260871 -0.000324148 -0.00767924
-0.0265553 -0.000327178 -0.00764352
-0.0268361 -0.000331343 -0.00760813
-0.0271097 -0.000332813 -0.00757586
-0.0273805 -0.000331969 -0.00754751
-0.0275636 -0.000333036 -0.00752002
-0.0276362 -0.000333547 -0.00748171
-0.0276661 -0.000333461 -0.00727776
-0.0276766 -0.000332573 -0.00710174
-0.0276749 -0.000331254 -0.00695906
-0.0276716 -0.000329134 -0.0068577
-0.0276672 -0.000325169 -0.00680179
-0.0276615 -0.00031983 -0.00678636
-0.0276543 -0.000313586 -0.00678879
-0.0276458 -0.000306465 -0.00679474
-0.0276363 -0.000298321 -0.00680427
-0.0276258 -0.000289252 -0.00681714
-0.0276144 -0.000279547 -0.00684972
-0.0276021 -0.000269368 -0.00690332
-0.0275821 -0.000259027 -0.00696129
-0.0272627 -0.000250479 -0.00702019
-0.0268664 -0.000242607 -0.00708043
-0.0264728 -0.000234846 -0.00714139
-0.0260997 -0.00022723 -0.00720189
-0.0257167 -0.000220412 -0.0072601
-0.0253201 -0.000214572 -0.00731442
-0.024933 -0.00020943 -0.00736411
-0.0245619 -0.000205017 -0.00740824
-0.0241977 -0.000201554 -0.00744588
-0.023841 -0.000199033 -0.00747644
-0.0235003 -0.000197304 -0.00749953
-0.0231759 -0.000196329 -0.00751482
-0.0228618 -0.000196133 -0.00752208
-0.0225567 -0.000196617 -0.00752229
-0.0222624 -0.000197587 -0.00751957
-0.0219779 -0.000198908 -0.00751453
-0.0216299 -0.000200869 -0.0075052
-0.0213658 -0.000201542 -0.00749341
-0.0211912 -0.000200998 -0.00747951
-0.0210036 -0.000200117 -0.00746362
-0.0207872 -0.000198837 -0.00744598
-0.0205696 -0.00019638 -0.00742731
-0.0203266 -0.000192868 -0.00740802
-0.0200398 -0.000188313 -0.00738853
-0.0197396 -0.000182112 -0.0073693
-0.0194084 -0.00017457 -0.00735052
-0.0190289 -0.000165817 -0.00733196
-0