0.0025 1.3785e-05
0.0125 1.37884e-05
0.0225 1.37989e-05
0.035 1.37975e-05
0.045 1.37643e-05
0.055 1.36785e-05
0.065 1.35186e-05
0.075 1.32661e-05
0.085 1.29082e-05
0.095 1.24412e-05
0.105 1.18734e-05
0.115 1.12275e-05
0.125 1.05403e-05
0.135 9.86049e-06
0.145 9.25016e-06
0.155 8.7862e-06
0.165 8.5588e-06
0.175 8.67329e-06
0.185 9.24588e-06
0.195 1.04066e-05
0.205 1.22968e-05
0.215 1.50675e-05
0.225 1.88764e-05
0.235 2.38824e-05
0.245 3.02395e-05
0.255 3.80957e-05
0.265 4.75845e-05
0.275 5.88187e-05
0.285 7.18948e-05
0.295 8.68849e-05
0.305 0.000103828
0.315 0.000122737
0.325 0.000143597
0.335 0.000166386
0.345 0.000191081
0.355 0.000217658
0.365 0.000246098
0.375 0.000276386
0.385 0.000308524
0.395 0.000342536
0.405 0.000378478
0.415 0.000416436
0.425 0.000456523
0.435 0.000498876
0.445 0.000543672
0.455 0.00059114
0.465 0.000641564
0.475 0.000695268
0.485 0.00075262
0.495 0.000814021
0.5075 0.000897119
0.52 0.000988071
0.5325 0.00108773
0.545 0.00119686
0.5575 0.00131608
0.57 0.00144576
0.5825 0.00158593
0.595 0.00173623
0.6075 0.00189573
0.62 0.00206294
0.6325 0.00223565
0.645 0.00241103
0.6575 0.00258558
0.67 0.00275516
0.6825 0.00291508
0.695 0.00306021
0.7075 0.00318509
0.72 0.00328413
0.7325 0.00335176
0.745 0.00338264
0.7575 0.0033719
0.77 0.00331537
0.7825 0.00320975
0.795 0.00305285
0.8075 0.00284376
0.82 0.00258302
0.8325 0.00227275
0.845 0.00191661
0.8575 0.00151985
0.87 0.00108918
0.8825 0.000632622
0.895 0.000159336
0.9075 -0.000320546
0.92 -0.000796517
0.9325 -0.00125782
0.945 -0.00169382
0.9575 -0.00209434
0.97 -0.00245005
0.9825 -0.00275265
0.995 -0.00299528
1.005 -0.00314263
1.0175 -0.00326534
1.03 -0.00331808
1.0425 -0.00330096
1.055 -0.00321606
1.0675 -0.00306732
1.08 -0.00286041
1.0925 -0.00260252
1.105 -0.00230205
1.1175 -0.00196841
1.13 -0.00161154
1.1425 -0.00124164
1.155 -0.000868841
1.1675 -0.000502837
1.18 -0.000152502
1.1925 0.000174136
1.205 0.000470321
1.2175 0.000730731
1.23 0.000951606
1.2425 0.00113069
1.255 0.00126723
1.2675 0.00136188
1.28 0.0014165
1.2925 0.0014339
1.305 0.00141753
1.3175 0.0013714
1.33 0.0012996
1.3425 0.00120611
1.355 0.00109453
1.3675 0.000967849
1.38 0.000828249
1.3925 0.000677013
1.405 0.000514387
1.4175 0.00033976
1.43 0.000151822
1.4425 -5.1327e-05
1.455 -0.000271889
1.4675 -0.000512072
1.48 -0.000773914
1.4925 -0.001059
1.505 -0.00136825
1.5175 -0.00170166
1.53 -0.00205817
1.5425 -0.00243555
1.555 -0.00283035
1.5675 -0.00323791
1.58 -0.0036523
1.5925 -0.00406643
1.605 -0.00447218
1.6175 -0.00486068
1.63 -0.00522263
1.6425 -0.0055486
1.655 -0.00582942
1.6675 -0.00605659
1.68 -0.00622257
1.6925 -0.00632116
1.705 -0.00634769
1.7175 -0.0062992
1.73 -0.00617458
1.7425 -0.00597462
1.755 -0.00570196
1.7675 -0.00536101
1.78 -0.00495782
1.7925 -0.00449985
1.805 -0.00399573
1.8175 -0.00345487
1.83 -0.00288715
1.8425 -0.00230251
1.855 -0.00171062
1.8675 -0.00112048
1.88 -0.000540233
1.8925 2.32772e-05
1.905 0.000564232
1.9175 0.00107825
1.93 0.00156227
1.9425 0.00201499
1.955 0.00243595
1.9675 0.00282587
1.98 0.00318628
1.9925 0.00351938
2.0025 0.00376783
2.0125 0.00400162
2.0225 0.00422192
2.0325 0.00442973
2.0425 0.00462579
2.0525 0.00481048
2.0625 0.00498377
2.0725 0.00514524
2.0825 0.00529403
2.0925 0.00542883
2.1025 0.0055479
2.1125 0.00564915
2.1225 0.00573023
2.1325 0.00578857
2.1425 0.00582149
2.1525 0.00582631
2.1625 0.00580044
2.1725 0.00574148
2.1825 0.00564732
2.1925 0.00551623
2.2025 0.00534699
2.2125 0.00513896
2.2225 0.00489215
2.2325 0.0046073
2.2425 0.00428591
2.2525 0.00393026
2.2625 0.00354343
2.2725 0.00312922
2.2825 0.00269217
2.2925 0.00223742
2.3025 0.00177066
2.3125 0.00129804
2.3225 0.000826058
2.3325 0.000361454
2.3425 -8.88538e-05
2.3525 -0.000518311
2.3625 -0.000920345
2.3725 -0.0012887
2.3825 -0.00161759
2.3925 -0.00190183
2.4025 -0.00213697
2.4125 -0.00231928
2.4225 -0.00244594
2.4325 -0.002515
2.4425 -0.00252551
2.4525 -0.00247746
2.4625 -0.00237183
2.4725 -0.00221051
2.4825 -0.00199624
2.4925 -0.00173254
2.5025 -0.00142357
2.5125 -0.00107406
2.5225 -0.000689108
2.5325 -0.00027412
2.5425 0.000164855
2.5525 0.00062138
2.5625 0.00109392
2.5725 0.00157539
2.5825 0.00206149
2.5925 0.00254766
2.6025 0.00302966
2.6125 0.00350393
2.6225 0.00396689
2.6325 0.00441584
2.6425 0.00484848
2.6525 0.00526299
2.6625 0.00565805
2.6725 0.00603278
2.6825 0.0063866
2.6925 0.00671917
2.7025 0.00703031
2.7125 0.00731996
2.7225 0.0075882
2.7325 0.00783887
2.7425 0.00806825
2.7525 0.00827515
2.7625 0.00846307
2.7725 0.0086304
2.7825 0.00877617
2.7925 0.00889834
2.8025 0.00899461
2.8125 0.00906303
2.8225 0.00910095
2.8325 0.00910499
2.8425 0.00907118
2.8525 0.00899532
2.8625 0.00887372
2.8725 0.00870318
2.8825 0.00847998
2.8925 0.00820104
2.9025 0.00786389
2.9125 0.00746679
2.9225 0.00700889
2.9325 0.00649021
2.9425 0.00591169
2.9525 0.00527561
2.9625 0.00458478
2.9725 0.00384332
2.9825 0.00305605
2.9925 0.00222903
3.0025 0.00136915
3.0125 0.000480117
3.0225 -0.000427289
3.0325 -0.00134484
3.0425 -0.00226685
3.0525 -0.00318498
3.0625 -0.00409133
3.0725 -0.00497753
3.0825 -0.00583608
3.0925 -0.00666019
3.1025 -0.00744487
3.1125 -0.00819357
3.1225 -0.0088883
3.1325 -0.0095296
3.1425 -0.0101218
3.1525 -0.0106605
3.1625 -0.0111442
3.1725 -0.0115699
3.1825 -0.011937
3.1925 -0.0122468
3.2025 -0.0124999
3.2125 -0.0126962
3.2225 -0.012835
3.2325 -0.0129161
3.2425 -0.0129404
3.2525 -0.0129101
3.2625 -0.0128266
3.2725 -0.0126906
3.2825 -0.0125038
3.2925 -0.0122683
3.3025 -0.011987
3.3125 -0.0116628
3.3225 -0.0112985
3.3325 -0.0108969
3.3425 -0.0104615
3.3525 -0.00999588
3.3625 -0.00950393
3.3725 -0.00898957
3.3825 -0.00845674
3.3925 -0.00790961
3.4025 -0.00735256
3.4125 -0.00679017
3.4225 -0.00622709
3.4325 -0.00566659
3.4425 -0.00510959
3.4525 -0.00456593
3.4625 -0.00403723
3.4725 -0.00352543
3.4825 -0.00303554
3.4925 -0.00257103
3.5025 -0.00213555
3.5125 -0.00173143
3.5225 -0.00136085
3.5325 -0.00102631
3.5425 -0.000730466
3.5525 -0.000475598
3.5625 -0.000263301
3.5725 -9.46458e-05
3.5825 2.94873e-05
3.5925 0.000108286
3.6025 0.000141169
3.6125 0.000128159
3.6225 7.00463e-05
3.6325 -3.24451e-05
3.6425 -0.000178047
3.6525 -0.000365102
3.6625 -0.000591584
3.6725 -0.000855084
3.6825 -0.00115287
3.6925 -0.00148193
3.7025 -0.00183903
3.7125 -0.00222072
3.7225 -0.00262344
3.7325 -0.00304495
3.7425 -0.00348183
3.7525 -0.0039283
3.7625 -0.00438332
3.7725 -0.00484398
3.7825 -0.00530757
3.7925 -0.00577095
3.8025 -0.00623125
3.8125 -0.00668617
3.8225 -0.00713367
3.8325 -0.00757164
3.8425 -0.00799782
3.8525 -0.00840998
3.8625 -0.00880612
3.8725 -0.00918444
3.8825 -0.00954318
3.8925 -0.00988047
3.9025 -0.0101943
3.9125 -0.0104829
3.9225 -0.0107442
3.9325 -0.0109764
3.9425 -0.0111776
3.9525 -0.0113459
3.9625 -0.0114792
3.9725 -0.0115754
3.9825 -0.0116328
3.9925 -0.0116495
4.0025 -0.0116236
4.0125 -0.0115537
4.0225 -0.0114386
4.0325 -0.0112769
4.0425 -0.0110681
4.0525 -0.0108119
4.0625 -0.0105084
4.0725 -0.0101582
4.0825 -0.00976212
4.0925 -0.00932183
4.1025 -0.00883944
4.1125 -0.00831759
4.1225 -0.00775948
4.1325 -0.0071688
4.1425 -0.00654975
4.1525 -0.00590698
4.1625 -0.00524556
4.1725 -0.00456872
4.1825 -0.00387865
4.1925 -0.00318623
4.2025 -0.00249197
4.2125 -0.00179932
4.2225 -0.00111367
4.2325 -0.000439699
4.2425 0.000217835
4.2525 0.000855786
4.2625 0.00147235
4.2725 0.0020638
4.2825 0.00262714
4.2925 0.00315946
4.3025 0.00365874
4.3125 0.00412365
4.3225 0.00455302
4.3325 0.00494578
4.3425 0.00530108
4.3525 0.0056186
4.3625 0.00589852
4.3725 0.00614143
4.3825 0.00634802
4.3925 0.00651917
4.4025 0.00665598
4.4125 0.00675989
4.4225 0.0068326
4.4325 0.006876
4.4425 0.00689225
4.4525 0.0068833
4.4625 0.0068514
4.4725 0.00679904
4.4825 0.00672877
4.4925 0.00664312
4.5025 0.00654456
4.5125 0.00643552
4.5225 0.00631839
4.5325 0.00619548
4.5425 0.00606896
4.5525 0.00594046
4.5625 0.0058123
4.5725 0.0056868
4.5825 0.00556512
4.5925 0.00544878
4.6025 0.00533844
4.6125 0.00523472
4.6225 0.00513786
4.6325 0.0050478
4.6425 0.00496419
4.6525 0.00488644
4.6625 0.00481371
4.6725 0.00474499
4.6825 0.00467916
4.6925 0.00461499
4.7025 0.00455125
4.7125 0.00448668
4.7225 0.0044201
4.7325 0.00435041
4.7425 0.00427678
4.7525 0.00419858
4.7625 0.00411544
4.7725 0.0040272
4.7825 0.00393398
4.7925 0.00383614
4.8025 0.0037343
4.8125 0.00362933
4.8225 0.00352227
4.8325 0.00341437
4.8425 0.00330701
4.8525 0.00320165
4.8625 0.00309985
4.8725 0.00300313
4.8825 0.00291302
4.8925 0.00283095
4.9025 0.00275823
4.9125 0.00269603
4.9225 0.00264533
4.9325 0.00260693
4.9425 0.00258141
4.9525 0.00256913
4.9625 0.00257018
4.9725 0.00258448
4.9825 0.0026117
4.9925 0.0026513
5.0025 0.00270249
5.0125 0.00276429
5.0225 0.0028355
5.0325 0.00291475
5.0425 0.00300054
5.0525 0.00309119
5.0625 0.00318494
5.0725 0.0032799
5.0825 0.00337411
5.0925 0.00346553
5.1025 0.00355212
5.1125 0.00363178
5.1225 0.0037025
5.1325 0.00376233
5.1425 0.00380949
5.1525 0.00384237
5.1625 0.00385949
5.1725 0.00385963
5.1825 0.00384184
5.1925 0.00380543
5.2025 0.00374997
5.2125 0.00367533
5.2225 0.00358163
5.2325 0.00346928
5.2425 0.00333891
5.2525 0.00319137
5.2625 0.00302771
5.2725 0.00284914
5.2825 0.00265768
5.2925 0.00245312
5.3025 0.00223709
5.3125 0.00201059
5.3225 0.00177466
5.3325 0.00153058
5.3425 0.00127933
5.3525 0.00102196
5.3625 0.000759441
5.3725 0.000492073
5.3825 0.000219027
5.3925 -5.65089e-05
5.4025 -0.00033547
5.4125 -0.000618379
5.4225 -0.000905402
5.4325 -0.00119657
5.4425 -0.00149166
5.4525 -0.00179083
5.4625 -0.00209447
5.4725 -0.00240291
5.4825 -0.00271624
5.4925 -0.00303431
5.5025 -0.00335693
5.5125 -0.00368395
5.5225 -0.00401519
5.5325 -0.00435026
5.5425 -0.00468855
5.5525 -0.00502925
5.5625 -0.00537145
5.5725 -0.00571418
5.5825 -0.00605633
5.5925 -0.00639658
5.6025 -0.00673347
5.6125 -0.00706539
5.6225 -0.00739072
5.6325 -0.00770772
5.6425 -0.00801459
5.6525 -0.00830945
5.6625 -0.00859036
5.6725 -0.0088554
5.6825 -0.00910269
5.6925 -0.00933043
5.7025 -0.00953688
5.7125 -0.00972034
5.7225 -0.00987934
5.7325 -0.0100128
5.7425 -0.0101195
5.7525 -0.0101985
5.7625 -0.0102488
5.7725 -0.01027
5.7825 -0.0102617
5.7925 -0.0102241
5.8025 -0.0101573
5.8125 -0.010062
5.8225 -0.00993895
5.8325 -0.00978925
5.8425 -0.00961425
5.8525 -0.0094154
5.8625 -0.00919436
5.8725 -0.00895291
5.8825 -0.00869297
5.8925 -0.00841651
5.9025 -0.00812548
5.9125 -0.00782183
5.9225 -0.00750746
5.9325 -0.00718422
5.9425 -0.00685387
5.9525 -0.00651802
5.9625 -0.00617817
5.9725 -0.00583563
5.9825 -0.00549163
5.9925 -0.0051472
6.0025 -0.00480325
6.0125 -0.00446055
6.0225 -0.00411896
6.0325 -0.00377835
6.0425 -0.0034392
6.0525 -0.00310141
6.0625 -0.00276381
6.0725 -0.002427
6.0825 -0.00209093
6.0925 -0.00175552
6.1025 -0.0014204
6.1125 -0.00108551
6.1225 -0.000751007
6.1325 -0.000417464
6.1425 -8.54674e-05
6.1525 0.000243899
6.1625 0.000570733
6.1725 0.000894298
6.1825 0.00121329
6.1925 0.00152662
6.2025 0.00183279
6.2125 0.00213036
6.2225 0.00241774
6.2325 0.00269316
6.2425 0.00295475
6.2525 0.00320057
6.2625 0.00342873
6.2725 0.00363738
6.2825 0.00382473
6.2925 0.00398904
6.3025 0.00412873
6.3125 0.00424239
6.3225 0.00432884
6.3325 0.00438715
6.3425 0.00441663
6.3525 0.00441691
6.3625 0.00438815
6.3725 0.00433062
6.3825 0.00424501
6.3925 0.0041325
6.4025 0.00399465
6.4125 0.00383336
6.4225 0.00365084
6.4325 0.00344962
6.4425 0.00323255
6.4525 0.00300274
6.4625 0.00276352
6.4725 0.00251834
6.4825 0.00227073
6.4925 0.00202429
6.5025 0.00178261
6.5125 0.00154919
6.5225 0.00132743
6.5325 0.00112052
6.5425 0.000931413
6.5525 0.00076282
6.5625 0.000617128
6.5725 0.000495687
6.5825 0.000400505
6.5925 0.000333458
6.6025 0.000294843
6.6125 0.000285443
6.6225 0.000304834
6.6325 0.000352654
6.6425 0.000428597
6.6525 0.00053169
6.6625 0.00066121
6.6725 0.000815188
6.6825 0.000992044
6.6925 0.00118999
6.7025 0.00140702
6.7125 0.00164101
6.7225 0.00188967
6.7325 0.00215064
6.7425 0.00242156
6.7525 0.00270007
6.7625 0.00298382
6.7725 0.00327048
6.7825 0.00355777
6.7925 0.00384349
6.8025 0.00412554
6.8125 0.00440192
6.8225 0.0046707
6.8325 0.00493006
6.8425 0.0051783
6.8525 0.0054138
6.8625 0.00563504
6.8725 0.00584061
6.8825 0.00602916
6.8925 0.00619944
6.9025 0.00635027
6.9125 0.00648054
6.9225 0.0065892
6.9325 0.00667525
6.9425 0.00673776
6.9525 0.00677583
6.9625 0.00678862
6.9725 0.00677536
6.9825 0.00673541
6.9925 0.00666819
7.0025 0.00657315
7.0125 0.00644993
7.0225 0.0062983
7.0325 0.00611817
7.0425 0.