0.0025 0.00277488 -0.0020077 0.00438358 -0.00422769 -0.00102358 0.000225884
0.0125 0.00380595 -0.000969451 0.00541664 -0.0031965 8.67812e-06 0.00125844
0.0225 0.00644124 0.00168652 0.00806727 -0.000554701 0.00265363 0.00390474
0.035 0.0118644 0.0071501 0.0135634 0.00492113 0.00812698 0.00938061
0.045 0.0178011 0.0131297 0.0196391 0.0109763 0.0141671 0.0154233
0.055 0.0250076 0.0203864 0.0270992 0.0184161 0.0215716 0.02283
0.065 0.0332468 0.0286801 0.0357545 0.0270531 0.0301453 0.0314048
0.075 0.0422561 0.037745 0.0453939 0.0366778 0.0396719 0.0409308
0.085 0.0518043 0.0473473 0.0558369 0.0471124 0.0499691 0.0512254
0.095 0.0617153 0.0573084 0.0669547 0.0582312 0.0609102 0.0621615
0.105 0.0719371 0.0675748 0.0787377 0.0700268 0.0724919 0.0737355
0.115 0.0826023 0.0782797 0.0913563 0.0826698 0.0848946 0.0861274
0.125 0.0938845 0.0895971 0.105016 0.0963654 0.0983383 0.0995573
0.135 0.105803 0.101541 0.119759 0.111156 0.112885 0.114088
0.145 0.118343 0.114097 0.135589 0.127046 0.128565 0.129749
0.155 0.131504 0.127272 0.152526 0.144057 0.145429 0.146591
0.165 0.145226 0.141002 0.170514 0.162132 0.163457 0.164596
0.175 0.15934 0.155115 0.189383 0.181101 0.18252 0.183634
0.185 0.173689 0.169454 0.208968 0.2008 0.202498 0.203586
0.195 0.188198 0.183945 0.229177 0.221136 0.223349 0.224411
0.205 0.202796 0.198517 0.249914 0.242013 0.245031 0.246067
0.215 0.217618 0.213305 0.271279 0.263527 0.267697 0.268708
0.225 0.233061 0.228712 0.293631 0.286036 0.291764 0.292753
0.235 0.249453 0.245069 0.317257 0.309821 0.317572 0.318542
0.245 0.26717 0.262755 0.342493 0.335217 0.345512 0.346468
0.255 0.286905 0.282469 0.369999 0.36288 0.376292 0.377241
0.265 0.309164 0.304723 0.400262 0.393291 0.410442 0.41139
0.275 0.3343 0.329869 0.433629 0.426794 0.448343 0.449299
0.285 0.362967 0.358568 0.470768 0.464055 0.490692 0.491664
0.295 0.395922 0.391581 0.512471 0.505867 0.538302 0.539299
0.305 0.433525 0.429272 0.559161 0.552655 0.59161 0.592638
0.315 0.475495 0.471354 0.610653 0.604235 0.650427 0.651493
0.325 0.521011 0.516996 0.666239 0.659905 0.714041 0.715151
0.335 0.569335 0.565453 0.725309 0.719063 0.781833 0.782993
0.345 0.620397 0.616651 0.787926 0.781784 0.853859 0.855073
0.355 0.674477 0.670871 0.854512 0.848487 0.930528 0.931798
0.365 0.731588 0.728121 0.925222 0.919333 1.01199 1.01331
0.375 0.791408 0.788074 0.999875 0.994141 1.09804 1.09943
0.385 0.853441 0.850227 1.0781 1.07256 1.18834 1.18978
0.395 0.917405 0.914295 1.15974 1.15442 1.28272 1.28421
0.405 0.983512 0.980487 1.2451 1.24004 1.38152 1.38306
0.415 1.05205 1.04909 1.33454 1.32979 1.48514 1.48673
0.425 1.12254 1.11963 1.42767 1.42325 1.59321 1.59485
0.435 1.19343 1.19053 1.52294 1.51892 1.70427 1.70595
0.445 1.26269 1.25976 1.61834 1.61476 1.81637 1.81809
0.455 1.32903 1.326 1.71252 1.70945 1.92826 1.93002
0.465 1.39153 1.38835 1.80445 1.80194 2.03902 2.04081
0.475 1.44883 1.44543 1.89258 1.8907 2.14723 2.14906
0.485 1.4995 1.49581 1.97526 1.97405 2.25137 2.25323
0.495 1.54227 1.53821 2.05089 2.0504 2.34999 2.3519
0.5075 1.58235 1.57773 2.13265 2.13312 2.46288 2.46486
0.52 1.605 1.59968 2.19678 2.19825 2.56108 2.56315
0.5325 1.60832 1.60221 2.24032 2.2428 2.64189 2.6441
0.545 1.59176 1.58476 2.26144 2.26491 2.70375 2.70613
0.5575 1.55568 1.54775 2.2592 2.26356 2.74584 2.74845
0.57 1.49955 1.49066 2.23163 2.23678 2.76627 2.76918
0.5825 1.42476 1.41492 2.17872 2.18448 2.76492 2.76822
0.595 1.33591 1.3252 2.10373 2.10988 2.74481 2.74858
0.6075 1.23709 1.22565 2.00959 2.01583 2.70839 2.71272
0.62 1.13066 1.11865 1.8977 1.90372 2.65637 2.66136
0.6325 1.0184 1.00604 1.76923 1.77469 2.58899 2.59474
0.645 0.903713 0.891212 1.62726 1.6318 2.50817 2.51476
0.6575 0.790052 0.777667 1.47535 1.47863 2.41606 2.42355
0.67 0.679765 0.667747 1.31633 1.318 2.31387 2.32231
0.6825 0.57564 0.564242 1.15388 1.15365 2.20349 2.2129
0.695 0.480942 0.470408 0.992549 0.990156 2.08753 2.0979
0.7075 0.397733 0.388279 0.836047 0.831294 1.9677 1.979
0.72 0.328518 0.320335 0.688846 0.681608 1.84646 1.8586
0.7325 0.27489 0.268124 0.554764 0.544997 1.72565 1.73852
0.745 0.236542 0.231281 0.435903 0.423656 1.60557 1.619
0.7575 0.214005 0.210283 0.335283 0.320702 1.48763 1.50143
0.77 0.207513 0.205306 0.255615 0.238933 1.37323 1.38719
0.7825 0.214907 0.21412 0.19711 0.178651 1.26167 1.27552
0.795 0.232464 0.232901 0.15816 0.13834 1.15087 1.16432
0.8075 0.255827 0.257259 0.136223 0.115536 1.0383 1.05107
0.82 0.281649 0.283801 0.129289 0.108279 0.92253 0.934315
0.8325 0.307452 0.309986 0.135672 0.114876 0.802999 0.813501
0.845 0.33035 0.332921 0.152699 0.132669 0.678748 0.687686
0.8575 0.347986 0.350259 0.177572 0.1589 0.549282 0.556409
0.87 0.359477 0.361111 0.208369 0.191598 0.415448 0.420556
0.8825 0.363915 0.364593 0.242637 0.228181 0.277962 0.280883
0.895 0.359312 0.358781 0.276353 0.264536 0.136352 0.137012
0.9075 0.345064 0.343127 0.306421 0.297468 -0.00866816 -0.010344
0.92 0.324083 0.32062 0.332944 0.326973 -0.153106 -0.157114
0.9325 0.299417 0.294412 0.356067 0.353043 -0.292974 -0.299203
0.945 0.270722 0.264229 0.372548 0.372292 -0.427766 -0.436045
0.9575 0.236934 0.229057 0.378518 0.380756 -0.557814 -0.567949
0.97 0.19928 0.190202 0.372654 0.377015 -0.681307 -0.693049
0.9825 0.159184 0.14915 0.354216 0.360216 -0.79638 -0.809412
0.995 0.117385 0.106685 0.322245 0.329315 -0.901943 -0.915904
1.005 0.0837132 0.0727164 0.287114 0.294602 -0.978366 -0.992802
1.0175 0.0438263 0.0327862 0.23324 0.240678 -1.0612 -1.07589
1.03 0.00757819 -0.00313338 0.169522 0.176255 -1.1286 -1.14317
1.0425 -0.0265088 -0.0365475 0.0951432 0.100542 -1.18197 -1.19603
1.055 -0.0590926 -0.068148 0.0107125 0.0142148 -1.22193 -1.23511
1.0675 -0.090004 -0.0978422 -0.0817951 -0.0806764 -1.24836 -1.26036
1.08 -0.119696 -0.126139 -0.18052 -0.182183 -1.26185 -1.27241
1.0925 -0.149085 -0.153919 -0.283639 -0.288367 -1.26348 -1.27236
1.105 -0.179216 -0.182382 -0.389306 -0.397259 -1.25465 -1.26169
1.1175 -0.211432 -0.21297 -0.495852 -0.507058 -1.23716 -1.24227
1.13 -0.247202 -0.247208 -0.601722 -0.616084 -1.21305 -1.21619
1.1425 -0.287915 -0.28657 -0.705501 -0.722794 -1.18448 -1.18568
1.155 -0.335256 -0.332826 -0.806389 -0.826272 -1.15407 -1.15341
1.1675 -0.391206 -0.388009 -0.904305 -0.926339 -1.12492 -1.12254
1.18 -0.457501 -0.453914 -0.999498 -1.02316 -1.10009 -1.09614
1.1925 -0.535822 -0.532255 -1.09279 -1.11752 -1.08279 -1.0775
1.205 -0.627671 -0.624553 -1.18553 -1.21073 -1.07628 -1.06992
1.2175 -0.734102 -0.731862 -1.27936 -1.30443 -1.08362 -1.07644
1.23 -0.855277 -0.854317 -1.37575 -1.40012 -1.10711 -1.09935
1.2425 -0.989811 -0.990481 -1.47528 -1.49845 -1.14769 -1.13958
1.255 -1.13539 -1.13796 -1.57818 -1.59976 -1.20543 -1.19722
1.2675 -1.28918 -1.29386 -1.68467 -1.70435 -1.28001 -1.27189
1.28 -1.44691 -1.45376 -1.79377 -1.8114 -1.3696 -1.36173
1.2925 -1.60366 -1.61266 -1.90405 -1.91959 -1.47168 -1.46415
1.305 -1.75597 -1.76698 -2.01546 -2.029 -1.58497 -1.57786
1.3175 -1.90128 -1.91408 -2.12864 -2.14042 -1.70886 -1.70221
1.33 -2.03629 -2.05056 -2.24309 -2.25349 -1.84173 -1.83553
1.3425 -2.15599 -2.17131 -2.35611 -2.36561 -1.97985 -1.97405
1.355 -2.25469 -2.2706 -2.46369 -2.47282 -2.11841 -2.11297
1.3675 -2.32774 -2.34369 -2.56198 -2.57136 -2.25312 -2.24796
1.38 -2.3707 -2.38612 -2.64656 -2.65682 -2.37938 -2.37442
1.3925 -2.38121 -2.39553 -2.71415 -2.72586 -2.49408 -2.48923
1.405 -2.3615 -2.37421 -2.76518 -2.77884 -2.5981 -2.59331
1.4175 -2.31635 -2.32704 -2.80185 -2.81786 -2.69436 -2.6896
1.43 -2.25229 -2.26066 -2.82746 -2.8461 -2.78707 -2.78236
1.4425 -2.17679 -2.18268 -2.84584 -2.86724 -2.881 -2.87639
1.455 -2.09591 -2.0993 -2.85923 -2.88334 -2.97929 -2.97488
1.4675 -2.01354 -2.01451 -2.86765 -2.89428 -3.08272 -3.07866
1.48 -1.93174 -1.93047 -2.86951 -2.89835 -3.19022 -3.18669
1.4925 -1.85248 -1.84925 -2.86347 -2.89408 -3.30064 -3.29783
1.505 -1.77809 -1.77324 -2.84902 -2.88088 -3.41325 -3.41137
1.5175 -1.70967 -1.70361 -2.82507 -2.85757 -3.5262 -3.52548
1.53 -1.64596 -1.6391 -2.7888 -2.8213 -3.63546 -3.63614
1.5425 -1.58688 -1.57967 -2.73934 -2.7712 -3.73839 -3.74069
1.555 -1.53498 -1.52788 -2.67917 -2.70976 -3.83525 -3.83935
1.5675 -1.49362 -1.48708 -2.61236 -2.64105 -3.92734 -3.93338
1.58 -1.46696 -1.46143 -2.5445 -2.57074 -4.0171 -4.02521
1.5925 -1.45657 -1.45247 -2.47936 -2.50268 -4.10482 -4.11505
1.605 -1.45999 -1.45762 -2.41725 -2.43729 -4.18707 -4.19943
1.6175 -1.47301 -1.47258 -2.35722 -2.37382 -4.25913 -4.27353
1.63 -1.49053 -1.49215 -2.29775 -2.31087 -4.31569 -4.33199
1.6425 -1.50629 -1.5099 -2.23616 -2.24596 -4.35052 -4.36849
1.655 -1.5136 -1.51903 -2.16926 -2.17604 -4.35718 -4.37654
1.6675 -1.50657 -1.51352 -2.09412 -2.0984 -4.33056 -4.35126
1.68 -1.48136 -1.48945 -2.00913 -2.01171 -4.26824 -4.2885
1.6925 -1.4364 -1.44521 -1.91511 -1.91663 -4.16776 -4.18697
1.705 -1.37103 -1.38013 -1.8126 -1.81322 -4.02766 -4.04748
1.7175 -1.28499 -1.29392 -1.7012 -1.70168 -3.84938 -3.86976
1.73 -1.17915 -1.18746 -1.58101 -1.5823 -3.63545 -3.65455
1.7425 -1.05505 -1.06232 -1.45247 -1.45517 -3.38704 -3.40385
1.755 -0.91323 -0.919132 -1.31426 -1.3187 -3.10378 -3.11884
1.7675 -0.753537 -0.757786 -1.16339 -1.16999 -2.78589 -2.79955
1.78 -0.576973 -0.579355 -0.99764 -1.00677 -2.43546 -2.44702
1.7925 -0.386651 -0.387065 -0.816707 -0.828513 -2.05591 -2.06462
1.805 -0.187077 -0.185548 -0.621514 -0.635904 -1.65143 -1.65741
1.8175 0.0166223 0.019949 -0.413556 -0.430311 -1.22733 -1.23103
1.83 0.218263 0.223118 -0.195659 -0.214432 -0.790759 -0.792192
1.8425 0.411812 0.417822 0.0289862 0.00870435 -0.34876 -0.347714
1.855 0.592296 0.599059 0.257597 0.236464 0.0928543 0.0962976
1.8675 0.755498 0.762381 0.487219 0.465975 0.528769 0.534129
1.88 0.8984 0.9048 0.715349 0.69481 0.954186 0.960836
1.8925 1.0205 1.02589 0.941054 0.922006 1.36612 1.37405
1.905 1.12277 1.1266 1.16379 1.14697 1.763 1.77225
1.9175 1.20558 1.20732 1.38156 1.36754 2.14273 2.15294
1.93 1.2689 1.26816 1.59116 1.58046 2.50239 2.51311
1.9425 1.3139 1.31035 1.78981 1.7829 2.83972 2.85077
1.955 1.3432 1.33663 1.97579 1.97292 3.15383 3.16523
1.9675 1.35961 1.34995 2.14727 2.14847 3.4442 3.45588
1.98 1.36535 1.35264 2.30162 2.3068 3.70973 3.72153
1.9925 1.36321 1.34761 2.43691 2.44582 3.94979 3.96167
2.0025 1.35879 1.3411 2.53146 2.54303 4.12429 4.13633
2.0125 1.35468 1.33516 2.61437 2.62822 4.28427 4.29656
2.0225 1.3534 1.33236 2.68642 2.70212 4.43092 4.44352
2.0325 1.35758 1.3354 2.74887 2.76592 4.56571 4.57869
2.0425 1.36951 1.34659 2.80299 2.82086 4.68992 4.70335
2.0525 1.39063 1.36741 2.84968 2.86781 4.80419 4.81817
2.0625 1.42209 1.39903 2.88998 2.90779 4.90912 4.92379
2.0725 1.46553 1.44305 2.92584 2.94277 5.00604 5.02149
2.0825 1.52175 1.5003 2.95887 2.9744 5.09575 5.11203
2.0925 1.58957 1.56956 2.98912 3.00277 5.17725 5.19442
2.1025 1.66681 1.64857 3.01601 3.02738 5.2488 5.26687
2.1125 1.75106 1.73487 3.03911 3.04786 5.30866 5.32765
2.1225 1.8398 1.82587 3.05806 3.06397 5.35516 5.37502
2.1325 1.9308 1.91926 3.07305 3.07595 5.38715 5.40829
2.1425 2.02257 2.01352 3.08499 3.08482 5.40467 5.42688
2.1525 2.11403 2.10743 3.09533 3.09238 5.40805 5.43027
2.1625 2.20427 2.20005 3.10576 3.1001 5.39735 5.41951
2.1725 2.29251 2.29057 3.11804 3.10979 5.37295 5.39542
2.1825 2.3778 2.37797 3.13336 3.12277 5.33561 5.35859
2.1925 2.45839 2.46041 3.15186 3.13941 5.28562 5.30861
2.2025 2.53223 2.5358 3.17321 3.15948 5.22266 5.24492
2.2125 2.5976 2.60238 3.1972 3.18268 5.14632 5.16741
2.2225 2.65314 2.65877 3.22351 3.20871 5.0564 5.07629
2.2325 2.69777 2.70385 3.2516 3.23708 4.9532 4.97193
2.2425 2.73085 2.73699 3.28098 3.26732 4.83763 4.85496
2.2525 2.75244 2.75825 3.31143 3.29923 4.7112 4.72668
2.2625 2.76342 2.76854 3.34316 3.33293 4.57589 4.58913
2.2725 2.76553 2.76964 3.37688 3.36906 4.43432 4.44519
2.2825 2.76073 2.76357 3.41313 3.40809 4.28931 4.29781
2.2925 2.75006 2.7514 3.45126 3.4493 4.1428 4.14893
2.3025 2.73404 2.73371 3.48986 3.49122 3.99619 3.99984
2.3125 2.71341 2.71129 3.5276 3.5324 3.85097 3.85202
2.3225 2.68914 2.68519 3.56331 3.57158 3.70862 3.70696
2.3325 2.66219 2.65642 3.59582 3.60744 3.57037 3.5663
2.3425 2.63341 2.62588 3.62375 3.63849 3.4375 3.43147
2.3525 2.60394 2.59477 3.64613 3.66379 3.31174 3.30387
2.3625 2.57604 2.56542 3.66332 3.6836 3.19584 3.18611
2.3725 2.55301 2.54119 3.67697 3.69947 3.09332 3.08184
2.3825 2.53726 2.52455 3.68818 3.71239 3.00672 2.99385
2.3925 2.52989 2.51662 3.69704 3.72238 2.93738 2.92358
2.4025 2.53173 2.51826 3.70372 3.72965 2.88655 2.8722
2.4125 2.54377 2.53047 3.70896 3.73492 2.85569 2.84103
2.4225 2.56685 2.55408 3.71384 3.73926 2.84602 2.83128
2.4325 2.60174 2.58987 3.71977 3.74407 2.85869 2.84414
2.4425 2.64942 2.63881 3.72875 3.7514 2.895 2.88104
2.4525 2.71078 2.70175 3.7431 3.76361 2.95629 2.9433
2.4625 2.78535 2.77818 3.76412 3.78208 3.04264 3.03089
2.4725 2.87094 2.86583 3.79168 3.80678 3.1524 3.14206
2.4825 2.96468 2.96177 3.82524 3.83723 3.28317 3.27438
2.4925 3.06336 3.06272 3.86403 3.87282 3.43214 3.42506
2.5025 3.16363 3.16521 3.90721 3.91279 3.59627 3.59105
2.5125 3.26223 3.26593 3.954 3.95648 3.77261 3.76934
2.5225 3.35612 3.36175 4.00373 4.00332 3.95828 3.95696
2.5325 3.4423 3.44959 4.05554 4.05256 4.1503 4.15089
2.5425 3.51782 3.52645 4.10835 4.10319 4.3456 4.3481
2.5525 3.58002 3.5896 4.16099 4.15415 4.54118 4.54532
2.5625 3.62647 3.63656 4.21213 4.20417 4.73394 4.73957
2.5725 3.65468 3.66482 4.25995 4.25142 4.92053 4.92758
2.5825 3.66259 3.67229 4.30253 4.29403 5.09787 5.10628
2.5925 3.64928 3.65805 4.33855 4.33068 5.26385 5.27342
2.6025 3.61447 3.62183 4.36684 4.36019 5.41673 5.42723
2.6125 3.5579 3.5634 4.38577 4.38088 5.55455 5.56575
2.6225 3.47934 3.48258 4.39327 4.39062 5.6751 5.68687
2.6325 3.37912 3.37973 4.38741 4.38739 5.77658 5.78883
2.6425 3.25836 3.25605 4.36669 4.36962 5.85788 5.8705
2.6525 3.11876 3.11331 4.32991 4.336 5.91832 5.93122
2.6625 2.96239 2.95368 4.27602 4.28537 5.95748 5.97057
2.6725 2.7917 2.77969 4.20427 4.21684 5.97524 5.98849
2.6825 2.60934 2.59407 4.11406 4.1297 5.97164 5.98507
2.6925 2.418 2.39962 4.00494 4.02339 5.94681 5.96049
2.7025 2.22051 2.19924 3.87674 3.89762 5.90112 5.91512
2.7125 2.01984 1.99601 3.72974 3.75256 5.83515 5.84955
2.7225 1.81922 1.79322 3.56481 3.58899 5.7499 5.76481
2.7325 1.62173 1.59404 3.38309 3.40799 5.64639 5.66194
2.7425 1.42965 1.40076 3.18542 3.21032 5.52505 5.5414
2.7525 1.24436 1.21482 2.97227 2.99644 5.3857 5.403
2.7625 1.067 1.03737 2.74445 2.76713 5.2282 5.24656
2.7725 0.899038 0.869884 2.50362 2.5241 5.05312 5.07279
2.7825 0.742227 0.714054 2.25193 2.26966 4.86258 4.8838
2.7925 0.597247 0.570641 1.9915 2.00605 4.65723 4.67851
2.8025 0.463511 0.43893 1.72384 1.73466 4.43565 4.45693
2.8125 0.339994 0.317864 1.45027 1.4565 4.19648 4.219
2.8225 0.225667 0.206363 1.17241 1.17361 3.93964 3.96413
2.8325 0.119346 0.103152 0.891917 0.887862 3.66569 3.69198
2.8425 0.0190376 0.00611566 0.610028 0.600666 3.37426 3.40151
2.8525 -0.0779536 -0.0875307 0.327599 0.312903 3.06376 3.09136
2.8625 -0.17425 -0.180524 0.0455429 0.0255234 2.73245 2.7605
2.8725 -0.272177 -0.275261 -0.235162 -0.260292 2.37937 2.40838
2.8825 -0.374379 -0.374471 -0.513992 -0.5438 2.00424 2.03406
2.8925 -0.483853 -0.481216 -0.791004 -0.824851 1.60636 1.63605
2.9025 -0.603385 -0.59843 -1.0664 -1.10364 1.18466 1.21332
2.9125 -0.734966 -0.728156 -1.33997 -1.37996 0.738523 0.765785
2.9225 -0.87959 -0.871413 -1.61104 -1.65307 0.268446 0.294334
2.9325 -1.03777 -1.02874 -1.87914 -1.9224 -0.224227 -0.19986
2.9425 -1.20972 -1.20034 -2.14409 -2.18772 -0.737728 -0.715426
2.9525 -1.39526 -1.38604 -2.40581 -2.44897 -1.27016 -1.25062
2.9625 -1.59392 -1.58537 -2.66445 -2.70642 -1.8197 -1.8034
2.9725 -1.805 -1.79756 -2.92049 -2.96064 -2.38441 -2.37153
2.9825 -2.02699 -2.02105 -3.17414 -3.21188 -2.96152 -2.95233
2.9925 -2.25663 -2.25249 -3.42395 -3.45881 -3.54733 -3.54275
3.0025 -2.48876 -2.48666 -3.66708 -3.69911 -4.13625 -4.13442
3.0125 -2.71709 -2.7171 -3.90009 -3.92916 -4.7204 -4.72118
3.0225 -2.9356 -2.93776 -4.11989 -4.14561 -5.29205 -5.29628
3.0325 -3.13935 -3.14358 -4.32421 -4.34651 -5.84539 -5.85395
3.0425 -3.32408 -3.3302 -4.51113 -4.53023 -6.37594 -6.38881
3.0525 -3.4857 -3.49341 -4.67886 -4.69522 -6.87916 -6.8955
3.0625 -3.62022 -3.62917 -4.82557 -4.8396 -7.34997 -7.36942
3.0725 -3.72464 -3.73433 -4.94913 -4.96147 -7.78614 -7.8098
3.0825 -3.79792 -3.80792 -5.04916 -5.06129 -8.18737 -8.2095
3.0925 -3.84129 -3.85107 -5.12838 -5.14136 -8.55151 -8.5703
3.1025 -3.85743 -3.86663 -5.19005 -5.20332 -8.87709 -8.89556
3.1125 -3.84978 -3.85808 -5.2373 -5.25089 -9.16598 -9.18691
3.1225 -3.82206 -3.82914 -5.27229 -5.28666 -9.42265 -9.44653
3.1325 -3.77726 -3.78277 -5.29647 -5.31247 -9.65056 -9.67512
3.1425 -3.71859 -3.72227 -5.31181 -5.32996 -9.85133 -9.87433
3.1525 -3.65019 -3.65188 -5.32102 -5.34137 -10.0258 -10.0472
3.1625 -3.57619 -3.57582 -5.32636 -5.3488 -10.1752 -10.1966
3.1725 -3.50018 -3.49773 -5.32918 -5.35372 -10.3016 -10.3243
3.1825 -3.42538 -3.42089 -5.33048 -5.35721 -10.4079 -10.4315
3.1925 -3.35446 -3.34803 -5.33088 -5.35984 -10.4961 -10.5193
3.2025 -3.28958 -3.28139 -5.33079 -5.36183 -10.5664 -10.5885
3.2125 -3.23237 -3.22321 -5.33251 -5.36409 -10.619 -10.6403
3.2225 -3.18431 -3.17505 -5.337 -5.36592 -10.6539 -10.6757
3.2325 -3.14571 -3.13606 -5.33948 -5.3659 -10.6703 -10.6935
3.2425 -3.11596 -3.10564 -5.33569 -5.36219 -10.6685 -10.6925
3.2525 -3.09523 -3.08443 -5.32623 -5.35497 -10.6493 -10.6726
3.2625 -3.0841 -3.07314 -5.31387 -5.34418 -10.613 -10.6348
3.2725 -3.08266 -3.07187 -5.30006 -5.32988 -10.5587 -10.5796
3.2825 -3.09128 -3.08103 -5.28446 -5.31273 -10.4869 -10.5079
3.2925 -3.11092 -3.10152 -5.26708 -5.29442 -10.3998 -10.4212
3.3025 -3.14249 -3.13418 -5.24964 -5.27665 -10.3 -10.3211
3.3125 -3.18633 -3.17939 -5.23462 -5.26079 -10.1893 -10.2093
3.3225 -3.242 -3.23672 -5.2234 -5.24778 -10.0682 -10.087
3.3325 -3.30822 -3.30482 -5.21581 -5.23808 -9.93675 -9.95475
3.3425 -3.38326 -3.38187 -5.21137 -5.23186 -9.79527 -9.81284
3.3525 -3.4649 -3.4656 -5.20993 -5.22888 -9.64417 -9.66105
3.3625 -3.54996 -3.5528 -5.21069 -5.22798 -9.48286 -9.49848
3.3725 -3.6347 -3.63965 -5.212 -5.22748 -9.30986 -9.32389
3.3825 -3.71602 -3.72298 -5.21242 -5.22627 -9.12428 -9.13677
3.3925 -3.79188 -3.8007 -5.21153 -5.22419 -8.92654 -8.93762
3.4025 -3.86068 -3.87116 -5.20943 -5.22126 -8.71779 -8.72735
3.4125 -3.92079 -3.9327 -5.20601 -5.21725 -8.4991 -8.50679
3.4225 -3.9706 -3.98366 -5.20071 -5.21164 -8.27128 -8.27678
3.4325 -4.00864 -4.02257 -5.19279 -5.20382 -8.03494 -8.03811
3.4425 -4.03364 -4.04824 -5.18196 -5.19316 -7.78924 -7.79099
3.4525 -4.04478 -4.05973 -5.16792 -5.17923 -7.53439 -7.53613
3.4625 -4.042 -4.05687 -5.14976 -5.16151 -7.27363 -7.27609
3.4725 -4.02575 -4.04027 -5.12732 -5.14028 -7.01052 -7.0115
3.4825 -3.99707 -4.01097 -5.10113 -5.11598 -6.74692 -6.74457
3.4925 -3.95726 -3.97027 -5.07181 -5.0886 -6.48338 -6.47793
3.5025 -3.90798 -3.91989 -5.03997 -5.05867 -6.22125 -6.21417
3.5125 -3.85169 -3.86237 -5.00646 -5.02715 -5.96396 -5.95629
3.5225 -3.79135 -3.80072 -4.97251 -4.99544 -5.71599 -5.70733
3.5325 -3.72952 -3.7375 -4.93902 -4.96434 -5.4807 -5.47001
3.5425 -3.66711 -3.67369 -4.9054 -4.93302 -5.25881 -5.24568
3.5525 -3.60365 -3.60891 -4.86965 -4.89937 -5.04928 -5.0343
3.5625 -3.53908 -3.54308 -4.83007 -4.86167 -4.85194 -4.836
3.5725 -3.47452 -3.47739 -4.78628 -4.81955 -4.66841 -4.65186
3.5825 -3.41158 -3.41348 -4.73859 -4.77328 -4.50083 -4.48341
3.5925 -3.35144 -3.35256 -4.68708 -4.72289 -4.35041 -4.33183
3.6025 -3.2947 -3.29527 -4.63155 -4.66809 -4.21742 -4.19786
3.6125 -3.24175 -3.24199 -4.57175 -4.60861 -4.10193 -4.08196
3.6225 -3.19299 -3.19317 -4.50778 -4.54453 -4.00442 -3.98455
3.6325 -3.14897 -3.14934 -4.44009 -4.47633 -3.92571 -3.90608
3.6425 -3.1101 -3.11091 -4.36939 -4.40472 -3.86632 -3.84675
3.6525 -3.0766 -3.07809 -4.29651 -4.33051 -3.82612 -3.80677
3.6625 -3.04854 -3.05096 -4.22241 -4.2546 -3.80476 -3.78627
3.6725 -3.02581 -3.02935 -4.14803 -4.17804 -3.802 -3.78496
3.6825 -3.00786 -3.01268 -4.07413 -4.10167 -3.8174 -3.80203
3.6925 -2.99371 -2.99993 -4.00123 -4.02609 -3.84993 -3.83618
3.7025 -2.98237 -2.99006 -3.93001 -3.95205 -3.89825 -3.88612
3.7125 -2.97281 -2.98199 -3.86122 -3.88033 -3.96078 -3.95045
3.7225 -2.96329 -2.97393 -3.79488 -3.81106 -4.03523 -4.02699
3.7325 -2.95103 -2.96304 -3.72995 -3.74326 -4.11837 -4.11235
3.7425 -2.93328 -2.94649 -3.66529 -3.67593 -4.20693 -4.20306
3.7525 -2.90844 -2.92265 -3.60077 -3.60897 -4.29859 -4.29712
3.7625 -2.87557 -2.89055 -3.53649 -3.54247 -4.39212 -4.39359
3.7725 -2.83359 -2.84902 -3.47206 -3.47668 -4.48645 -4.48864
3.7825 -2.78124 -2.79677 -3.40702 -3.41085 -4.57883 -4.5809
3.7925 -2.71749 -2.73285 -3.34103 -3.34421 -4.66609 -4.6686
3.8025 -2.64194 -2.65684 -3.27368 -3.27638 -4.74626 -4.75028
3.8125 -2.55467 -2.56879 -3.20441 -3.20701 -4.81872 -4.82456
3.8225 -2.45593 -2.46897 -3.13264 -3.13571 -4.88312 -4.89001
3.8325 -2.34617 -2.35785 -3.05787 -3.06183 -4.93844 -4.9455
3.8425 -2.22604 -2.23613 -2.97961 -2.98471 -4.98318 -4.9902
3.8525 -2.0966 -2.10491 -2.89741 -2.90379 -5.01614 -5.02356
3.8625 -1.95932 -1.9657 -2.81092 -2.81877 -5.037 -5.04523
3.8725 -1.81587 -1.82024 -2.71988 -2.72936 -5.04602 -5.05493
3.8825 -1.66798 -1.6703 -2.62403 -2.63523 -5.04332 -5.05245
3.8925 -1.51739 -1.51768 -2.52312 -2.53602 -5.02869 -5.03772
3.9025 -1.3658 -1.36413 -2.41689 -2.43136 -5.00172 -5.01075
3.9125 -1.21484 -1.21135 -2.30504 -2.32093 -4.96218 -4.9715
3.9225 -1.06621 -1.06108 -2.18749 -2.20456 -4.91028 -4.92003
3.9325 -0.921775 -0.915232 -2.06451 -2.08249 -4.84659 -4.85665
3.9425 -0.783409 -0.775726 -1.93665 -1.95522 -4.7717 -4.7819
3.9525 -0.652863 -0.644346 -1.80461 -1.82339 -4.68609 -4.69641
3.9625 -0.531673 -0.522655 -1.66919 -1.68779 -4.5902 -4.6008
3.9725 -0.420877 -0.411709 -1.53106 -1.54905 -4.48433 -4.49537
3.9825 -0.320742 -0.311773 -1.39045 -1.40741 -4.36831 -4.37983
3.9925 -0.230973 -0.222543 -1.2474 -1.26293 -4.24166 -4.25359
4.0025 -0.151011 -0.143438 -1.102 -1.11575 -4.10372 -4.11601
4.0125 -0.0802479 -0.0738263 -0.954666 -0.966289 -3.95399 -3.96667
4.0225 -0.0183111 -0.0133022 -0.806307 -0.815517 -3.79243 -3.80555
4.0325 0.0350129 0.0383833 -0.658253 -0.664813 -3.61942 -3.633
4.0425 0.0800944 0.0816454 -0.511869 -0.515614 -3.43545 -3.44945
4.0525 0.117489 0.117088 -0.368477 -0.369335 -3.24103 -3.25527
4.0625 0.148055 0.145624 -0.229231 -0.22722 -3.03649 -3.05074
4.0725 0.173664 0.169242 -0.0943231 -0.0895065 -2.82119 -2.83529
4.0825 0.197523 0.191123 0.0373648 0.044842 -2.59336 -2.60717
4.0925 0.223054 0.21473 0.167266 0.177177 -2.35118 -2.36455
4.1025 0.252919 0.242858 0.296324 0.308353 -2.09358 -2.10628
4.1125 0.289001 0.277459 0.424867 0.438629 -1.82036 -1.83211
4.1225 0.33244 0.319664 0.552679 0.567758 -1.53206 -1.54258
4.1325 0.384379 0.370646 0.679909 0.695891 -1.22916 -1.23822
4.1425 0.446543 0.432253 0.807957 0.824269 -0.911445 -0.918843
4.1525 0.520137 0.50566 0.937723 0.953481 -0.579245 -0.584732
4.1625 0.604424 0.589954 1.06774 1.08279 -0.233821 -0.237392
4.1725 0.697455 0.683233 1.19587 1.21042 0.122724 0.120207
4.1825 0.797619 0.784003 1.32188 1.33587 0.486875 0.484334
4.1925 0.904897 0.892112 1.44707 1.4597 0.856337 0.855156
4.2025 1.01981 1.00807 1.57301 1.58357 1.23067 1.23235
4.2125 1.14216 1.13166 1.70047 1.70888 1.61004 1.61484
4.2225 1.27092 1.26181 1.82975 1.83618 1.99378 2.00085
4.2325 1.4048 1.39714 1.96146 1.96591 2.38006 2.38851
4.2425 1.5424 1.53624 2.09622 2.0985 2.7664 2.77627
4.2525 1.682 1.67734 2.2341 2.23409 3.15017 3.16217
4.2625 1.82149 1.81827 2.37459 2.37245 3.52909 3.54366
4.2725 1.9588 1.95689 2.51721 2.51325 3.90131 3.91815
4.2825 2.09219 2.0914 2.6618 2.65632 4.26499 4.28344
4.2925 2.22045 2.22058 2.80856 2.80182 4.61835 4.638
4.3025 2.3432 2.34401 2.95816 2.95047 4.96018 4.98111
4.3125 2.46073 2.46198 3.11167 3.10342 5.29023 5.31261
4.3225 2.57365 2.57505 3.27014 3.26176 5.60878 5.63252
4.3325 2.68262 2.68392 3.43447 3.42638 5.9162 5.94089
4.3425 2.78852 2.78946 3.60545 3.59806 6.21281 6.23801
4.3525 2.89248 2.89281 3.78379 3.7775 6.49895 6.52444
4.3625 2.99568 2.99519 3.97002 3.9652 6.77504 6.8008
4.3725 3.09887 3.09736 4.16396 4.16095 7.04128 7.06725
4.3825 3.20196 3.19925 4.36427 4.36345 7.29733 7.32324
4.3925 3.30442 3.30038 4.56915 4.57079 7.54212 7.56738
4.4025 3.40583 3.40034 4.77676 4.78106 7.77431 7.79884
4.4125 3.50584 3.49883 4.98507 4.99207 7.9929 8.01714
4.4225 3.6038 3.59522 5.1916 5.20145 8.19712 8.22103
4.4325 3.6983 3.68812 5.39307 5.40593 8.38555 8.40866
4.4425 3.78745 3.77569 5.58584 5.60175 8.55598 8.57787
4.4525 3.87006 3.85698 5.76692 5.78578 8.70669 8.7273
4.4625 3.94644 3.93565 5.93437 5.95537 8.83697 8.85667
4.4725 4.01653 4.00619 6.0867 6.10911 8.94648 8.96569
4.4825 4.07891 4.0688 6.22199 6.24615 9.03503 9.05348
4.4925 4.13353 4.12451 6.33899 6.36461 9.10326 9.1209
4.5025 4.18205 4.17372 6.4381 6.46528 9.15231 9.16892
4.5125 4.24815 4.43585 6.52237 6.52454 9.1824 9.20218
4.5225 4.28471 4.44834 6.61051 6.5713 9.18875 9.22342
4.5325 4.30149 4.43051 6.67796 6.66735 9.17237 9.19726
4.5425 4.32391 4.49303 6.70671 6.69173 9.1461 9.17585
4.5525 4.33144 4.48134 6.73612 6.73745 9.1007 9.12159
4.5625 4.33583 4.48771 6.76255 6.75812 9.03648 9.05356
4.5725 4.33256 4.48995 6.7762 6.76169 8.95268 8.97322
4.5825 4.32218 4.47563 6.76994 6.75974 8.8521 8.87406
4.5925 4.30912 4.46352 6.74544 6.74113 8.74039 8.76236
4.6025 4.29086 4.44388 6.71239 6.71063 8.61851 8.63657
4.6125 4.26814 4.42027 6.67187 6.66732 8.485 8.49953
4.6225 4.24203 4.39385 6.61849 6.61105 8.33853 8.35283
4.6325 4.21149 4.36142 6.54888 6.54278 8.17984 8.19554
4.6425 4.17561 4.32382 6.46482 6.46105 8.01146 8.02751
4.6525 4.1346 4.28107 6.37009 6.36627 7.83542 7.84968
4.6625 4.08937 4.23374 6.26559 6.25982 7.65194 7.66386
4.6725 4.04029 4.18236 6.15004 6.1429 7.46072 7.47172
4.6825 3.98712 4.12666 6.02339 6.01633 7.26246 7.27392
4.6925 3.92962 4.06644 5.88745 5.88052 7.0589 7.0708
4.7025 3.86767 4.00159 5.744 5.73608 6.85155 6.86283
4.7125 3.80125 3.93212 5.5936 5.58413 6.64091 6.65097
4.7225 3.73061 3.85828 5.43662 5.42606 6.42723 6.43647
4.7325 3.65634 3.78066 5.27455 5.2635 6.21154 6.22074
4.7425 3.57936 3.70024 5.10996 5.09829 5.99592 6.00534
4.7525 3.50051 3.61795 4.94503 4.93229 5.78236 5.79163
4.7625 3.42035 3.53436 4.78108 4.76711 5.57182 5.58091
4.7725 3.33927 3.44984 4.61898 4.60409 5.36501 5.37394
4.7825 3.25755 3.36467 4.45985 4.44443 5.1628 5.17169
4.7925 3.1753 3.27905 4.30489 4.28895 4.96594 4.97473
4.8025 3.09253 3.19298 4.15493 4.13841 4.77489 4.78338
4.8125 3.0095 3.1067 4.01062 3.99359 4.59012 4.59827
4.8225 2.9268 3.02087 3.87288 3.8556 4.41241 4.42028
4.8325 2.84518 2.93622 3.74277 3.72548 4.24269 4.25037
4.8425 2.76512 2.85328 3.62108 3.60386 4.08168 4.08913
4.8525 2.687 2.77243 3.50829 3.49118 3.9299 3.93704
4.8625 2.6113 2.69415 3.40471 3.38784 3.78784 3.7946
4.8725 2.53862 2.61908 3.31071 3.29428 3.65602 3.66243
4.8825 2.46956 2.54782 3.22663 3.21074 3.53497 3.54104
4.8925 2.40437 2.48063 3.15236 3.13708 3.42483 3.43059
4.9025 2.34265 2.41709 3.08702 3.0724 3.3251 3.33053
4.9125 2.28335 2.3561 3.02898 3.01508 3.23454 3.23961
4.9225 2.22535 2.2965 2.97644 2.96339 3.1518 3.1565
4.9325 2.16809 2.2377 2.92818 2.91603 3.07602 3.08039
4.9425 2.11098 2.17909 2.88284 2.87163 3.00632 3.01037
4.9525 2.05225 2.11886 2.83786 2.8276 2.94057 2.94432
4.9625 1.98967 2.05465 2.79012 2.78087 2.87617 2.87962
4.9725 1.92264 1.98585 2.73812 2.72993 2.81207 2.81524
4.9825 1.85207 1.91339 2.68184 2.6747 2.74866 2.75156
4.9925 1.77878 1.83813 2.6212 2.61508 2.68624 2.68892
5.0025 1.70286 1.76011 2.55538 2.55021 2.6243 2.62681
5.0125 1.62401 1.67903 2.48326 2.47894 2.56198 2.56434
5.0225 1.54211 1.59474 2.40393 2.40037 2.49848 2.50078
5.0325 1.45755 1.50763 2.31709 2.31416 2.43352 2.43589
5.0425 1.37146 1.41888 2.22331 2.22085 2.36761 2.37018
5.0525 1.28547 1.33015 2.12373 2.12156 2.30177 2.30462
5.0625 1.20152 1.24342 2.01998 2.0179 2.23733 2.24052
5.0725 1.12177 1.16093 1.91407 1.91187 2.17583 2.17943
5.0825 1.04821 1.08474 1.80805 1.80549 2.1187 2.12283
5.0925 0.982298 1.01632 1.70363 1.70045 2.06691 2.07168
5.1025 0.924313 0.956 1.60148 1.59749 2.02054 2.02602
5.1125 0.872593 0.902077 1.5006 1.49561 1.97767 1.98369
5.1225 0.824337 0.851645 1.39902 1.3929 1.93514 1.94173
5.1325 0.77824 0.803382 1.29635 1.28899 1.89136 1.8987
5.1425 0.734943 0.759713 1.19405 1.18524 1.8467 1.85493
5.1525 0.693368 0.718959 1.09229 1.08116 1.80007 1.80938
5.1625 0.649655 0.675679 0.988858 0.975714 1.7479 1.75807
5.1725 0.601365 0.627818 0.882021 0.866847 1.68768 1.69867
5.1825 0.547992 0.574787 0.772426 0.755645 1.61887 1.63057
5.1925 0.488785 0.515766 0.660417 0.642177 1.54063 1.55294
5.2025 0.422082 0.449094 0.545286 0.525675 1.45121 1.46407
5.2125 0.346348 0.373214 0.42611 0.405339 1.34904 1.36232
5.2225 0.260912 0.287452 0.302517 0.280935 1.23329 1.24684
5.2325 0.165627 0.191603 0.174528 0.152498 1.10357 1.11724
5.2425 0.0600523 0.0852399 0.0417572 0.0195465 0.959215 0.972845
5.2525 -0.0562758 -0.032076 -0.0964847 -0.118644 0.799489 0.812947
5.2625 -0.183014 -0.160003 -0.240417 -0.262254 0.624407 0.637526
5.2725 -0.318929 -0.297296 -0.389582 -0.410809 0.434818 0.447436
5.2825 -0.462506 -0.442399 -0.543347 -0.563739 0.231836 0.243815
5.2925 -0.612133 -0.593656 -0.70112 -0.720541 0.0166551 0.0278905
5.3025 -0.766145 -0.74937 -0.862415 -0.880781 -0.209472 -0.199062
5.3125 -0.923316 -0.908284 -1.02728 -1.04453 -0.445699 -0.436185
5.3225 -1.08332 -1.07005 -1.1967 -1.2128 -0.692043 -0.683486
5.3325 -1.24622 -1.23472 -1.37203 -1.38698 -0.94888 -0.941329
5.3425 -1.41164 -1.40188 -1.5541 -1.56799 -1.21611 -1.20957
5.3525 -1.57837 -1.57029 -1.74282 -1.75578 -1.49283 -1.48783
5.3625 -1.74447 -1.73797 -1.93713 -1.94936 -1.77789 -1.77414
5.3725 -1.90762 -1.90251 -2.1356 -2.14763 -2.06952 -2.06568
5.3825 -2.06604 -2.06214 -2.33726 -2.3493 -2.36552 -2.36145
5.3925 -2.2188 -2.21596 -2.54185 -2.55399 -2.6644 -2.66064
5.4025 -2.36521 -2.36323 -2.74881 -2.76123 -2.96538 -2.96255
5.4125 -2.50424 -2.5029 -2.95697 -2.96999 -3.26779 -3.26586
5.4225 -2.63511 -2.63419 -3.16526 -3.17926 -3.57096 -3.56937
5.4325 -2.75761 -2.75689 -3.37302 -3.38826 -3.8742 -3.87249
5.4425 -2.87176 -2.87104 -3.57958 -3.59626 -4.17661 -4.17483
5.4525 -2.97771 -2.97681 -3.78413 -3.80242 -4.47747 -4.47597
5.4625 -3.07602 -3.07478 -3.98605 -4.00611 -4.7767 -4.77566
5.4725 -3.1675 -3.1658 -4.1848 -4.20679 -5.07452 -5.07381
5.4825 -3.25233 -3.25006 -4.37914 -4.40315 -5.37028 -5.36962
5.4925 -3.32962 -3.32667 -4.56666 -4.59273 -5.66195 -5.66124
5.5025 -3.39891 -3.39522 -4.74533 -4.77345 -5.94784 -5.94723
5.5125 -3.46127 -3.4568 -4.91461 -4.94471 -6.22785 -6.22755
5.5225 -3.51788 -3.51264 -5.07406 -5.10605 -6.50212 -6.50222
5.5325 -3.56895 -3.56296 -5.22238 -5.2561 -6.76981 -6.77025
5.5425 -3.61399 -3.60729 -5.35764 -5.39291 -7.02928 -7.03001
5.5525 -3.6525 -3.64515 -5.47805 -5.51464 -7.27879 -7.27988
5.5625 -3.68446 -3.67654 -5.58246 -5.62011 -7.51712 -7.51875
5.5725 -3.71082 -3.7024 -5.67081 -5.70923 -7.74409 -7.74641
5.5825 -3.73338 -3.72374 -5.74318 -5.78205 -7.95955 -7.96262
5.5925 -3.75133 -3.73953 -5.79853 -5.83758 -8.162 -8.16578
5.6025 -3.76197 -3.74945 -5.83587 -5.8748 -8.34977 -8.35428
5.6125 -3.76611 -3.75409 -5.85584 -5.89428 -8.52253 -8.52795
5.6225 -3.76662 -3.75495 -5.86019 -5.8978 -8.68099 -8.6875
5.6325 -3.76506 -3.7535 -5.85069 -5.88714 -8.8259 -8.83361
5.6425 -3.76121 -3.75023 -5.82834 -5.86338 -8.95714 -8.96601
5.6525 -3.75454 -3.74453 -5.79348 -5.82682 -9.0736 -9.08361
5.6625 -3.7445 -3.73545 -5.74631 -5.77773 -9.1739 -9.18508
5.6725 -3.73017 -3.72212 -5.68722 -5.7165 -9.2568 -9.26921
5.6825 -3.71053 -3.70368 -5.61668 -5.64367 -9.32115 -9.33484
5.6925 -3.68457 -3.679 -5.53499 -5.55962 -9.36571 -9.38063
5.7025 -3.65126 -3.64691 -5.4425 -5.46475 -9.3892 -9.40526
5.7125 -3.60994 -3.60678 -5.34002 -5.35994 -9.39086 -9.40795
5.7225 -3.56026 -3.55826 -5.22863 -5.24629 -9.37021 -9.38826
5.7325 -3.50165 -3.50069 -5.10899 -5.12452 -9.32653 -9.34546
5.7425 -3.4332 -3.43314 -4.98135 -4.99494 -9.25882 -9.27852
5.7525 -3.35416 -3.35485 -4.84595 -4.85783 -9.16626 -9.18657
5.7625 -3.26415 -3.2654 -4.70321 -4.71364 -9.04835 -9.06911
5.7725 -3.16302 -3.16463 -4.55356 -4.56281 -8.90479 -8.92584
5.7825 -3.05078 -3.05253 -4.39733 -4.40571 -8.73541 -8.75661
5.7925 -2.92761 -2.92931 -4.23481 -4.2426 -8.54038 -8.56167
5.8025 -2.79405 -2.79547 -4.06627 -4.07385 -8.32026 -8.34129
5.8125 -2.65079 -2.65175 -3.89204 -3.89976 -8.07577 -8.09608
5.8225 -2.49878 -2.49909 -3.71244 -3.72059 -7.80766 -7.82694
5.8325 -2.33919 -2.33871 -3.52783 -3.53665 -7.51695 -7.53509
5.8425 -2.17317 -2.17179 -3.33838 -3.34804 -7.20484 -7.22177
5.8525 -2.00156 -1.9992 -3.14374 -3.15441 -6.87233 -6.88788
5.8625 -1.825 -1.82162 -2.94332 -2.95513 -6.52032 -6.53426
5.8725 -1.64447 -1.64006 -2.73681 -2.7498 -6.15003 -6.16215
5.8825 -1.46125 -1.45584 -2.52417 -2.53832 -5.763 -5.77322
5.8925 -1.27661 -1.27027 -2.30541 -2.32064 -5.36088 -5.3692
5.9025 -1.09161 -1.08446 -2.08038 -2.09655 -4.94529 -4.9517
5.9125 -0.90711 -0.899287 -1.84883 -1.86577 -4.51775 -4.52222
5.9225 -0.723946 -0.715627 -1.61066 -1.62814 -4.07983 -4.08237
5.9325 -0.543059 -0.534476 -1.36623 -1.38387 -3.6327 -3.6334
5.9425 -0.365289 -0.356758 -1.11645 -1.13348 -3.17652 -3.17665
5.9525 -0.19138 -0.183045 -0.861404 -0.877364 -2.71343 -2.71431
5.9625 -0.0215054 -0.0135791 -0.600831 -0.61557 -2.24615 -2.24716
5.9725 0.144395 0.151666 -0.335079 -0.348738 -1.77624 -1.77552
5.9825 0.305974 0.312467 -0.0652616 -0.0775015 -1.3041 -1.30114
5.9925 0.463392 0.474573 0.20714 0.196163 -0.83014 -0.825732
6.0025 0.616335 0.63486 0.481512 0.470011 -0.355842 -0.350509
6.0125 0.763171 0.786144 0.757208 0.746052 0.116434 0.122133
6.0225 0.904419 0.933439 1.03242 1.02178 0.585031 0.591885
6.0325 1.04078 1.07552 1.30715 1.29724 1.04942 1.05817
6.0425 1.17395 1.214 1.58218 1.5729 1.51034 1.52055
6.0525 1.30589 1.35153 1.85785 1.84893 1.96872 1.98002
6.0625 1.43705 1.48821 2.13312 2.12492 2.42351 2.4355
6.0725 1.56623 1.62283 2.40532 2.39806 2.87167 2.88449
6.0825 1.69203 1.75393 2.67189 2.66549 3.31026 3.32426
6.0925 1.81414 1.88119 2.93134 2.92561 3.73785 3.75312
6.1025 1.93336 2.00547 3.18301 3.17785 4.15414 4.17052
6.1125 2.05103 2.12803 3.42679 3.42225 4.55917 4.57643
6.1225 2.1683 2.25008 3.66273 3.65877 4.95276 4.97084
6.1325 2.28556 2.37204 3.89039 3.8868 5.33405 5.35308
6.1425 2.40286 2.49393 4.10901 4.10554 5.70206 5.72219
6.1525 2.52043 2.61596 4.31808 4.31455 6.05617 6.07742
6.1625 2.63853 2.73842 4.51738 4.51365 6.39595 6.41821
6.1725 2.75728 2.86141 4.70677 4.70269 6.72079 6.74398
6.1825 2.87651 2.98476 4.88613 4.88148 7.02992 7.05404
6.1925 2.99573 3.10797 5.05513 5.04969 7.32235 7.34747
6.2025 3.11411 3.2302 5.2133 5.20689 7.59698 7.62315
6.2125 3.23091 3.35069 5.36039 5.35292 7.85294 7.8801
6.2225 3.34551 3.46879 5.4965 5.48786 8.08956 8.11763
6.2325 3.45744 3.58406 5.62202 5.61212 8.30641 8.3353
6.2425 3.56653 3.69632 5.73774 5.72649 8.5034 8.53309
6.2525 3.67276 3.80556 5.84464 5.83202 8.68072 8.71117
6.2625 3.77578 3.91146 5.9435 5.92949 8.83837 8.86954
6.2725 3.87485 4.01325 6.03472 6.01935 8.97604 9.0078
6.2825 3.96926 4.11022 6.11874 6.10204 9.09348 9.12573
6.2925 4.05892 4.2023 6.19658 6.1786 9.19111 9.22399
6.3025 4.14427 4.28996 6.26972 6.25056 9.26992 9.30325
6.3125 4.22573 4.37362 6.33959 6.31943 9.33102 9.36455
6.3225 4.30353 4.45352 6.40723 6.38622 9.37538 9.40902
6.3325 4.37759 4.52965 6.47337 6.45172 9.40383 9.43727
6.3425 4.448 4.60204 6.53875 6.51668 9.41724 9.45017
6.3525 4.51515 4.67115 6.60427 6.58199 9.41674 9.449
6.3625 4.57981 4.73774 6.67108 6.64879 9.40394 9.43543
6.3725 4.64285 4.80273 6.74025 6.71816 9.38067 9.41127
6.3825 4.70497 4.86683 6.81257 6.79086 9.34868 9.37822
6.3925 4.76658 4.93047 6.88839 6.86723 9.30943 9.33771
6.4025 4.82794 4.9939 6.96778 6.94734 9.26421 9.29107
6.4125 4.88922 5.05731 7.05063 7.03106 9.21427 9.23962
6.4225 4.95038 5.12063 7.13651 7.11791 9.16066 9.18445
6.4325 5.01065 5.18308 7.22416 7.20664 9.10377 9.12595
6.4425 5.06862 5.2432 7.31163 7.29529 9.04337 9.06386
6.4525 5.12347 5.30011 7.39744 7.38236 8.97977 8.99851
6.4625 5.17568 5.35432 7.48141 7.46763 8.91454 8.93153
6.4725 5.22611 5.40669 7.56364 7.55118 8.8496 8.86488
6.4825 5.27484 5.45731 7.6435 7.63231 8.78608 8.7997
6.4925 5.32173 5.50601 7.72015 7.71018 8.72489 8.73691
6.5025 5.36717 5.5532 7.79348 7.78457 8.6668 8.67681
6.5125 5.41152 5.59917 7.86362 7.85544 8.61195 8.62144
6.5225 5.45455 5.64375 7.92935 7.92146 8.56139 8.57172
6.5325 5.49577 5.68616 7.98945 7.98207 8.51631 8.52657
6.5425 5.53509 5.72646 8.04374 8.03698 8.47785 8.48689
6.5525 5.57253 5.76508 8.09241 8.08611 8.44598 8.45347
6.5625 5.60728 5.80084 8.13456 8.12841 8.41934 8.42611
6.5725 5.63792 5.83227 8.1686 8.16239 8.39681 8.40381
6.5825 5.66359 5.8586 8.19373 8.18741 8.37862 8.38604
6.5925 5.68436 5.8799 8.21012 8.2037 8.36575 8.37308
6.6025 5.70054 5.89644 8.21832 8.21171 8.35868 8.3655
6.6125 5.71188 5.90794 8.21838 8.21144 8.35692 8.36336
6.6225 5.71706 5.91307 8.20938 8.20196 8.35894 8.3655
6.6325 5.71457 5.91027 8.19017 8.1822 8.36332 8.37049
6.6425 5.70381 5.89889 8.16053 8.15197 8.36966 8.37755
6.6525 5.68451 5.87869 8.12063 8.11145 8.37774 8.3862
6.6625 5.65588 5.84888 8.07014 8.06031 8.38644 8.3954
6.6725 5.61688 5.80835 8.00839 7.99793 8.39409 8.40371
6.6825 5.56728 5.7569 7.93556 7.92448 8.39986 8.41042
6.6925 5.5083 5.69579 7.8531 7.84145 8.40458 8.4164
6.7025 5.44143 5.62657 7.7627 7.75058 8.40933 8.4219
6.7125 5.36739 5.54993 7.66535 7.65287 8.41391 8.42697
6.7225 5.28655 5.46631 7.56165 7.54877 8.41743 8.43118
6.7325 5.19944 5.37626 7.45224 7.43896 8.41933 8.43417
6.7425 5.10672 5.28042 7.33776 7.32414 8.41941 8.43549
6.7525 5.00871 5.17916 7.21854 7.20465 8.41717 8.43431
6.7625 4.90532 5.07235 7.09442 7.08034 8.41141 8.42938
6.7725 4.79648 4.95994 6.96528 6.95106 8.40075 8.41952
6.7825 4.68278 4.84254 6.83155 6.81724 8.38444 8.40412
6.7925 4.56502 4.72095 6.6938 6.67944 8.36203 8.38275
6.8025 4.44365 4.59565 6.55223 6.53788 8.33287 8.35457
6.8125 4.31895 4.46692 6.40685 6.39255 8.29606 8.31859
6.8225 4.19124 4.33508 6.25765 6.24346 8.25067 8.27391
6.8325 4.06096 4.20057 6.10475 6.09069 8.19583 8.21976
6.8425 3.92852 4.06384 5.94821 5.93431 8.13076 8.1554
6.8525 3.79416 3.92511 5.78792 5.7742 8.05459 8.07991
6.8625 3.65797 3.78447 5.6236 5.61008 7.96639 7.99228
6.8725 3.52003 3.64201 5.45499 5.44168 7.86524 7.89158
6.8825 3.38044 3.49781 5.28184 5.26875 7.75024 7.77694
6.8925 3.23925 3.35192 5.10389 5.09102 7.62056 7.64757
6.9025 3.0965 3.20439 4.92089 4.90825 7.47543 7.5027
6.9125 2.95238 3.05541 4.73277 4.72034 7.31439 7.34182
6.9225 2.80723 2.90532 4.53961 4.5274 7.13718 7.16466
6.9325 2.66126 2.75434 4.34147 4.32944 6.94351 6.97093
6.9425 2.51435 2.60235 4.13805 4.1262 6.73283 6.76012
6.9525 2.36609 2.44891 3.92886 3.91717 6.50448 6.53157
6.9625 2.21606 2.29361 3.71341 3.70188 6.2579 6.28469
6.9725 2.0639 2.13607 3.49131 3.47995 5.99274 6.01905
6.9825 1.90946 1.97612 3.26242 3.25124 5.70889 5.73457
6.9925 1.75263 1.81367 3.02671 3.01571 5.4064 5.43134
7.0025 1.59288 1.64817 2.78371 2.7729 5.08499 5.10911
7.0125 1.42884 1.4782 2.53218 2.52157 4.74372 4.76693
7.0225 1.2591 1.30232 2.27081 2.26045 4.38169 4.40384
7.0325 1.08352 1.12037 1.99958 1.98952 3.99933 4.0203
7.0425 0.903224 0.933531 1.71974 1.71002 3.59841 3.61808
7.0525 0.719234 0.742856 1.43244 1.42306 3.18065 3.19893
7.0625 0.531963 0.550933 1.13804 1.12891 2.74703 2.76388
7.0725 0.341552 0.361394 0.836668 0.825852 2.29797 2.31372
7.0825 0.145958 0.164611 0.528356 0.516091 1.83331 1.84801
7.0925 -0.055453 -0.0373255 0.211961 0.198072 1.3534 1.36695
7.1025 -0.263252 -0.245444 -0.112492 -0.127375 0.859123 0.871445
7.1125 -0.477087 -0.459808 -0.444334 -0.460102 0.351456 0.362256
7.1225 -0.697081 -0.680557 -0.782996 -0.799889 -0.168756 -0.159491
7.1325 -0.923503 -0.907752 -1.12842 -1.14641 -0.700692 -0.693647
7.1425 -1.15605 -1.14118 -1.48007 -1.49863 -1.24412 -1.2394
7.1525 -1.39416 -1.38019 -1.83675 -1.85627 -1.79848 -1.79356
7.1625 -1.63765 -1.62459 -2.19788 -2.2186 -2.36189 -2.35641
7.1725 -1.88669 -1.87466 -2.56384 -2.58559 -2.93271 -2.92772
7.1825 -2.14094 -2.13003 -2.93437 -2.95682 -3.50989 -3.50668
7.1925 -2.39852 -2.38877 -3.30733 -3.33027 -4.09185 -4.09064
7.2025 -2.65684 -2.64827 -3.67991 -3.70345 -4.67631 -4.67624
7.2125 -2.91429 -2.90688 -4.05044 -4.07475 -5.26109 -5.26138
7.2225 -3.17035 -3.16411 -4.41864 -4.44369 -5.84451 -5.84525
7.2325 -3.42488 -3.41981 -4.78452 -4.81015 -6.42548 -6.42732
7.2425 -3.67787 -3.67397 -5.1481 -5.17419 -7.0036 -7.00702
7.2525 -3.92948 -3.92673 -5.50944 -5.53605 -7.57901 -7.58383
7.2625 -4.17989 -4.17829 -5.86879 -5.89599 -8.15163 -8.15736
7.2725 -4.43044 -4.42919 -6.22639 -6.25418 -8.72083 -8.72723
7.2825 -4.68599 -4.67868 -6.58249 -6.61085 -9.28579 -9.29293
7.2925 -5.05563 -4.96821 -6.94166 -6.96707 -9.84558 -9.85406
7.3025 -5.47638 -5.17486 -7.30542 -7.33511 -10.4023 -10.4043
7.3125 -5.65475 -5.42369 -7.66842 -7.7033 -10.95 -10.9444
7.3225 -5.78906 -5.66557 -8.03631 -8.07043 -11.4825 -11.4822
7.3325 -6.06417 -5.88668 -8.41277 -8.44782 -11.9992 -12.0047
7.3425 -6.36339 -6.09699 -8.78993 -8.82882 -12.5078 -12.5163
7.3525 -6.567 -6.31329 -9.16377 -9.20888 -13.0103 -13.0136
7.3625 -6.74453 -6.5275 -9.53859 -9.5878 -13.5006 -13.4985
7.3725 -6.97338 -6.73027 -9.91638 -9.96762 -13.9731 -13.9702
7.3825 -7.21369 -6.92744 -10.2923 -10.3481 -14.4288 -14.4285
7.3925 -7.41681 -7.12575 -10.6627 -10.7252 -14.8721 -14.8729
7.4025 -7.59984 -7.60397 -11.0309 -11.0652 -15.3041 -15.3096
7.4125 -7.773 -7.7814 -11.422 -11.4027 -15.7167 -15.7447
7.4225 -7.98445 -7.91573 -11.806 -11.822 -16.1077 -16.121
7.4325 -8.20137 -8.15501 -12.1561 -12.1683 -16.4928 -16.5138
7.4425 -8.37254 -8.31618 -12.5191 -12.5545 -16.8617 -16.8738
7.4525 -8.54749 -8.50713 -12.8952 -12.925 -17.2156 -17.2238
7.4625 -8.74125 -8.69553 -13.2753 -13.2888 -17.5521 -17.564
7.4725 -8.89084 -8.86207 -13.7377 -13.7043 -17.8754 -17.8855
7.4825 -8.97928 -9.03628 -14.2941 -14.0398 -18.1885 -18.213
7.4925 -9.13625 -9.21501 -14.7187 -14.3914 -18.4999 -18.5464
7.5025 -9.33509 -9.34398 -14.9778 -14.7607 -18.8202 -18.8662
7.5125 -9.5001 -9.48425 -15.214 -15.1153 -19.1587 -19.1873
7.5225 -9.61874 -9.61884 -15.5596 -15.4554 -19.4999 -19.5054
7.5325 -9.72824 -9.74237 -15.9923 -15.7784 -19.8232 -19.8301
7.5425 -9.84544 -9.86054 -16.3922 -16.0932 -20.1267 -20.1616
7.5525 -9.96257 -9.96848 -16.6935 -16.4095 -20.4322 -20.4941
7.5625 -10.0754 -10.0713 -16.9423 -16.7203 -20.7625 -20.8221
7.5725 -10.1818 -10.1694 -17.2194 -17.0171 -21.1129 -21.1479
7.5825 -10.2769 -10.2639 -17.5443 -17.2973 -21.4593 -21.4793
7.5925 -10.362 -10.3561 -17.8685 -17.5646 -21.7875 -21.8201
7.6025 -10.4468 -10.4435 -18.1437 -17.8232 -22.1082 -22.1659
7.6125 -10.5355 -10.525 -18.372 -18.0715 -22.4412 -22.5099
7.6225 -10.6205 -10.6017 -18.5893 -18.3046 -22.7918 -22.8497
7.6325 -10.6936 -10.6746 -18.818 -18.5191 -23.1458 -23.1886
7.6425 -10.7573 -10.7436 -19.046 -18.7157 -23.4875 -23.5303
7.6525 -10.8193 -10.8084 -19.2482 -18.898 -23.8166 -23.8745
7.6625 -10.8827 -10.8695 -19.4162 -19.0682 -24.1463 -24.2174
7.6725 -10.9442 -10.9281 -19.5632 -19.224 -24.4861 -24.5564
7.6825 -11.0001 -10.9845 -19.7045 -19.3638 -24.8312 -24.8911
7.6925 -11.0506 -11.0381 -19.8415 -19.4873 -25.1691 -25.2235
7.7025 -11.0986 -11.0891 -19.9639 -19.5961 -25.4944 -25.5547
7.7125 -11.1463 -11.1382 -20.0648 -19.6923 -25.8122 -25.8837
7.7225 -11.1942 -11.1864 -20.148 -19.7769 -26.1312 -26.2095
7.7325 -11.2413 -11.2344 -20.2221 -19.8506 -26.4523 -26.5286
7.7425 -11.2848 -11.2466 -20.2899 -20.1367 -26.7706 -26.8198
7.7525 -11.3251 -11.1907 -20.3367 -20.3524 -27.1021 -27.0806
7.7625 -11.3542 -11.2739 -20.3762 -20.2882 -27.4479 -27.4404
7.7725 -11.3524 -11.3108 -20.4451 -20.2961 -27.7685 -27.7872
7.7825 -11.3416 -11.2661 -20.528 -20.4294 -28.0753 -28.1038
7.7925 -11.3365 -11.2558 -20.5875 -20.4842 -28.4022 -28.4357
7.8025 -11.3185 -11.2516 -20.6237 -20.4936 -28.7486 -28.7828
7.8125 -11.282 -11.2141 -20.663 -20.5584 -29.0937 -29.116
7.8225 -11.239 -11.1627 -20.7189 -20.6311 -29.4287 -29.4435
7.8325 -11.1908 -11.1167 -20.7824 -20.6734 -29.7583 -29.7858
7.8425 -11.1324 -11.0604 -20.832 -20.7122 -30.1114 -30.1391
7.8525 -11.0705 -10.9912 -20.8526 -20.7651 -30.5053 -30.4584
7.8625 -10.9987 -10.9106 -20.8797 -20.8258 -30.8805 -30.7933
7.8725 -10.9172 -10.83 -20.9282 -20.8683 -31.2164 -31.1445
7.8825 -10.8264 -10.7455 -20.9877 -20.9028 -31.5358 -31.5063
7.8925 -10.7305 -10.6512 -21.0355 -20.9408 -31.875 -31.8655
7.9025 -10.6339 -10.5524 -21.0612 -20.9776 -32.2461 -32.2187
7.9125 -10.5359 -10.4502 -21.0748 -21.0088 -32.6311 -32.5721
7.9225 -10.4339 -10.3459 -21.0927 -21.0355 -33.0054 -32.9328
7.9325 -10.3288 -10.2421 -21.1208 -21.0593 -33.3633 -33.3029
7.9425 -10.2246 -10.1402 -21.1511 -21.08 -33.7199 -33.6802
7.9525 -10.1248 -10.0413 -21.1728 -21.0988 -34.0922 -34.0599
7.9625 -10.0298 -9.9449 -21.1835 -21.1174 -34.4831 -34.4395
7.9725 -9.93823 -9.85123 -21.1896 -21.1346 -34.8811 -34.8212
7.9825 -9.84897 -9.76152 -21.1978 -21.147 -35.2738 -35.2146
7.9925 -9.76301 -9.68079 -21.208 -21.1333 -35.6537 -35.6789
8.0025 -9.68195 -9.61487 -21.216 -21.113 -36.0313 -36.0755
8.015 -9.58962 -9.51257 -21.2145 -21.1465 -36.5426 -36.5886
8.0275 -9.51031 -9.43255 -21.1949 -21.1323 -37.0933 -37.104
8.04 -9.43707 -9.36423 -21.171 -21.1022 -37.6404 -37.6454
8.0525 -9.37012 -9.2972 -21.1516 -21.0892 -38.1683 -38.1871
8.065 -9.31173 -9.2406 -21.1274 -21.0623 -38.7035 -38.739
8.0775 -9.25796 -9.19051 -21.0898 -21.0209 -39.2582 -39.2893
8.09 -9.20382 -9.13691 -21.0411 -20.9835 -39.8124 -39.8283
8.1025 -9.14577 -9.07946 -20.9864 -20.934 -40.3458 -40.3617
8.115 -9.08002 -9.01764 -20.9253 -20.8672 -40.8581 -40.8867
8.1275 -9.00514 -8.94566 -20.8536 -20.796 -41.3585 -41.3914
8.14 -8.92096 -8.86217 -20.7691 -20.7176 -41.8469 -41.8733
8.1525 -8.82555 -8.76815 -20.6758 -20.6274 -42.3126 -42.335
8.165 -8.71752 -8.6622 -20.5788 -20.5314 -42.7485 -42.7744
8.1775 -8.59753 -8.54378 -20.4777 -20.4311 -43.1576 -43.1884
8.19 -8.46609 -8.41349 -20.3701 -20.3246 -43.5438 -43.575
8.2025 -8.32265 -8.27066 -20.2566 -20.2146 -43.9039 -43.9319
8.215 -8.16671 -8.11495 -20.1396 -20.1011 -44.2316 -44.2585
8.2275 -7.99814 -7.94723 -20.0195 -19.9817 -44.5246 -44.554
8.24 -7.8168 -7.76665 -19.8939 -19.8566 -44.7837 -44.8152
8.2525 -7.62258 -7.57249 -19.7602 -19.7255 -45.0085 -45.0389
8.265 -7.41603 -7.36564 -19.6184 -19.5863 -45.1961 -45.2249
8.2775 -7.19889 -7.14844 -19.4696 -19.4391 -45.345 -45.374
8.29 -6.97393 -6.92335 -19.3143 -19.2848 -45.4562 -45.4864
8.3025 -6.74454 -6.69356 -19.1519 -19.124 -45.5326 -45.563
8.315 -6.51372 -6.46098 -18.9829 -18.9565 -45.5753 -45.605
8.3275 -6.2838 -6.21882 -18.8073 -18.7793 -45.5835 -45.6135
8.34 -6.05055 -5.98025 -18.6241 -18.5947 -45.5558 -45.5873
8.3525 -5.80675 -5.74494 -18.4309 -18.4033 -45.4926 -45.5241
8.365 -5.56515 -5.50678 -18.2289 -18.2021 -45.393 -45.4239
8.3775 -5.33196 -5.2703 -18.0204 -17.9928 -45.2573 -45.2878
8.39 -5.10237 -5.04027 -17.8078 -17.7803 -45.0889 -45.1198
8.4025 -4.87782 -4.81976 -17.593 -17.566 -44.8906 -44.9219
8.415 -4.66535 -4.60885 -17.3769 -17.3498 -44.663 -44.6942
8.4275 -4.4665 -4.4084 -17.1604 -17.1333 -44.4072 -44.4378
8.44 -4.27971 -4.22232 -16.9449 -16.9181 -44.1246 -44.1551
8.4525 -4.10747 -4.05233 -16.7318 -16.7052 -43.8167 -43.8475
8.465 -3.95312 -3.89825 -16.5214 -16.495 -43.4845 -43.5152
8.4775 -3.81622 -3.76089 -16.3134 -16.287 -43.1281 -43.1584
8.49 -3.69547 -3.64085 -16.1073 -16.0813 -42.7474 -42.7773
8.5025 -3.59297 -3.53919 -15.9043 -15.8785 -42.3434 -42.3733
8.515 -3.51177 -3.45768 -15.7065 -15.6805 -41.9189 -41.9488
8.5275 -3.45218 -3.39865 -15.5155 -15.4892 -41.4762 -41.506
8.54 -3.41523 -3.36284 -15.3325 -15.3058 -41.0165 -41.0461
8.5525 -3.40221 -3.35063 -15.1591 -15.1316 -40.5406 -40.5702
8.565 -3.41207 -3.36153 -14.9958 -14.9673 -40.0488 -40.0785
8.5775 -3.44295 -3.3939 -14.8427 -14.813 -39.5407 -39.5705
8.59 -3.49341 -3.44578 -14.6996 -14.6688 -39.0156 -39.0456
8.6025 -3.56216 -3.51596 -14.5678 -14.5356 -38.4739 -38.5039
8.615 -3.64842 -3.60385 -14.4488 -14.4153 -37.9165 -37.9464
8.6275 -3.75153 -3.70859 -14.3444 -14.3095 -37.3443 -37.3741
8.64 -3.87039 -3.82897 -14.2557 -14.2196 -36.7581 -36.7878
8.6525 -4.00316 -3.96325 -14.1836 -14.1465 -36.1583 -36.1877
8.665 -4.14691 -4.10841 -14.1277 -14.0897 -35.5442 -35.573
8.6775 -4.29816 -4.26087 -14.0868 -14.0481 -34.9146 -34.9428
8.69 -4.45353 -4.41729 -14.0597 -14.0206 -34.2686 -34.2959
8.7025 -4.61006 -4.57465 -14.0451 -14.0061 -33.6058 -33.632
8.715 -4.76504 -4.73018 -14.0417 -14.003 -32.9258 -32.9507
8.7275 -4.91555 -4.88096 -14.0475 -14.0097 -32.2284 -32.2517
8.74 -5.05838 -5.02379 -14.0598 -14.0232 -31.5128 -31.5342
8.7525 -5.19062 -5.15573 -14.0757 -14.0408 -30.7785 -30.7979
8.765 -5.30962 -5.27414 -14.0919 -14.0591 -30.0254 -30.0425
8.7775 -5.41281 -5.37646 -14.1049 -14.0745 -29.2531 -29.2677
8.79 -5.49788 -5.4604 -14.1105 -14.0829 -28.4616 -28.4736
8.8025 -5.56361 -5.52479 -14.1056 -14.0811 -27.6517 -27.6608
8.815 -5.6099 -5.56958 -14.0873 -14.0663 -26.8252 -26.8314
8.8275 -5.63697 -5.59504 -14.053 -14.0355 -25.9841 -25.9874
8.84 -5.64518 -5.60089 -13.9997 -13.9843 -25.1303 -25.131
8.8525 -5.63565 -5.58868 -13.9256 -13.905 -24.2663 -24.267
8.865 -5.61138 -5.56288 -13.831 -13.8063 -23.3958 -23.397
8.8775 -5.5775 -5.52629 -13.7171 -13.6912 -22.5255 -22.5287
8.89 -5.53885 -5.48625 -13.5846 -13.5535 -21.6609 -21.6678
8.9025 -5.49854 -5.44488 -13.4353 -13.4 -20.8073 -20.8178
8.915 -5.46009 -5.40516 -13.2701 -13.2327 -19.97 -19.9824
8.9275 -5.42763 -5.37162 -13.0881 -13.0483 -19.1577 -19.1678
8.94 -5.40362 -5.34682 -12.8911 -12.851 -18.3738 -18.3776
8.9525 -5.38958 -5.33247 -12.6834 -12.6437 -17.6166 -17.617
8.965 -5.38759 -5.3313 -12.4676 -12.4253 -16.8894 -16.891
8.9775 -5.39955 -5.34481 -12.2447 -12.1993 -16.1993 -16.2019
8.99 -5.42667 -5.37351 -12.0163 -11.9705 -15.551 -15.5513
9.0025 -5.46824 -5.41697 -11.7853 -11.7386 -14.9438 -14.9419
9.015 -5.52188 -5.47284 -11.5542 -11.5047 -14.3753 -14.3742
9.0275 -5.58804 -5.54139 -11.3246 -11.273 -13.8458 -13.8463
9.04 -5.66512 -5.61848 -11.0968 -11.0422 -13.3561 -13.3575
9.0525 -5.74542 -5.70058 -10.8712 -10.8143 -12.9051 -12.9067
9.065 -5.82765 -5.78629 -10.6502 -10.5911 -12.4901 -12.4922
9.0775 -5.91133 -5.87117 -10.436 -10.3734 -12.1087 -12.1129
9.09 -5.99112 -5.95274 -10.2287 -10.1628 -11.7592 -11.7654
9.1025 -6.06304 -6.0271 -10.0288 -9.96015 -11.4399 -11.4474
9.115 -6.12506 -6.09083 -9.83773 -9.7705 -11.1475 -11.1557
9.1275 -6.17035 -6.13378 -9.65271 -9.59296 -10.8764 -10.8833
9.14 -6.18869 -6.15257 -9.46861 -9.41311 -10.6195 -10.6263
9.1525 -6.17311 -6.13696 -9.28356 -9.23228 -10.3709 -10.377
9.165 -6.12251 -6.08632 -9.09792 -9.05021 -10.1293 -10.135
9.1775 -6.03546 -5.99957 -8.91116 -8.86654 -9.89435 -9.8991
9.19 -5.91071 -5.87459 -8.72255 -8.68037 -9.66486 -9.66874
9.2025 -5.74981 -5.7131 -8.53277 -8.49178 -9.44066 -9.44357
9.215 -5.55549 -5.51796 -8.34324 -8.30186 -9.22338 -9.22607
9.2275 -5.33099 -5.29311 -8.15418 -8.11126 -9.01537 -9.01842
9.24 -5.07968 -5.04062 -7.96413 -7.91804 -8.81814 -8.82175
9.2525 -4.80419 -4.76376 -7.77123 -7.72107 -8.63208 -8.63617
9.265 -4.50721 -4.46549 -7.57354 -7.5182 -8.45741 -8.46232
9.2775 -4.19259 -4.14979 -7.36888 -7.30749 -8.29474 -8.30099
9.29 -3.8645 -3.82051 -7.15493 -7.08708 -8.14511 -8.15271
9.3025 -3.52682 -3.48047 -6.92941 -6.8599 -8.0093 -8.01738
9.315 -3.18128 -3.13045 -6.68983 -6.62582 -7.88815 -7.89458
9.3275 -2.83071 -2.78122 -6.43511 -6.37265 -7.78225 -7.78802
9.34 -2.48129 -2.43099 -6.16643 -6.10419 -7.69026 -7.69675
9.3525 -2.1348 -2.08269 -5.88214 -5.8208 -7.61203 -7.61975
9.365 -1.7923 -1.74076 -5.58051 -5.51866 -7.54803 -7.55724
9.3775 -1.45791 -1.40677 -5.26308 -5.20122 -7.49743 -7.50803
9.39 -1.13482 -1.08353 -4.93198 -4.869 -7.45871 -7.47149
9.4025 -0.824135 -0.773923 -4.58844 -4.52289 -7.43018 -7.44628
9.415 -0.528225 -0.479201 -4.23213 -4.16428 -7.41426 -7.43534
9.4275 -0.249923 -0.202755 -3.86275 -3.79544 -7.41334 -7.4322
9.44 0.0111038 0.0573127 -3.48528 -3.42368 -7.42076 -7.43547
9.4525 0.250692 0.298753 -3.10393 -3.04346 -7.43103 -7.44751
9.465 0.462486 0.52122 -2.7188 -2.65832 -7.44594 -7.4671
9.4775 0.65709 0.72156 -2.33408 -2.2792 -7.47097 -7.4921
9.49 0.8287 0.897185 -1.95876 -1.90825 -7.50612 -7.52459
9.5025 0.974843 1.04964 -1.59705 -1.54694 -7.54474 -7.56341
9.515 1.10344 1.18249 -1.24817 -1.19953 -7.58174 -7.60319
9.5275 1.21755 1.30026 -0.911433 -0.865431 -7.6146 -7.6381
9.54 1.32117 1.40851 -0.587208 -0.543255 -7.6385 -7.66175
9.5525 1.41896 1.51223 -0.276959 -0.234263 -7.64609 -7.66874
9.565 1.51565 1.61484 0.0188432 0.0612775 -7.63129 -7.65539
9.5775 1.61511 1.71897 0.300943 0.343014 -7.59149 -7.61792
9.59 1.71855 1.82745 0.568649 0.609336 -7.52527 -7.55239
9.6025 1.82812 1.94213 0.820432 0.859558 -7.42986 -7.4562
9.615 1.94572 2.06413 1.05537 1.09364 -7.30172 -7.3279
9.6275 2.07202 2.19469 1.27372 1.31122 -7.13862 -7.16558
9.64 2.20775 2.33468 1.47634 1.51252 -6.93997 -6.96729
9.6525 2.35268 2.48361 1.66324 1.69783 -6.70596 -6.73248
9.665 2.50485 2.63984 1.83381 1.86632 -6.43669 -6.46183
9.6775 2.66215 2.80134 1.98809 2.01805 -6.13276 -6.15676
9.69 2.82213 2.96521 2.12669 2.15372 -5.79617 -5.81911
9.7025 2.98169 3.1286 2.25036 2.27393 -5.42957 -5.45077
9.715 3.13797 3.28859 2.36034 2.38008 -5.03504 -5.05388
9.7275 3.28822 3.44228 2.45832 2.47416 -4.61427 -4.6308
9.74 3.42941 3.58655 2.54611 2.55846 -4.16936 -4.18562
9.7525 3.55903 3.71753 2.62559 2.63496 -3.70328 -3.7199
9.765 3.67353 3.83283 2.69843 2.70457 -3.22002 -3.23686
9.7775 3.76878 3.93107 2.76596 2.76968 -2.72262 -2.73939
9.79 3.84448 4.00828 2.83065 2.83211 -2.21239 -2.22916
9.8025 3.90027 4.06515 2.89552 2.89526 -1.69029 -1.70779
9.815 3.93389 4.09977 2.96277 2.96062 -1.15994 -1.17713
9.8275 3.94265 4.1094 3.03337 3.02817 -0.628448 -0.640615
9.84 3.92435 4.09136 3.10526 3.09695 -0.0968454 -0.103108
9.8525 3.87769 4.04464 3.17679 3.16474 0.435365 0.431368
9.865 3.80081 3.97075 3.24695 3.22475 0.962672 0.961596
9.8775 3.69267 3.86197 3.30691 3.27966 1.47558 1.47828
9.89 3.55623 3.72242 3.34381 3.32532 1.97225 1.97943
9.9025 3.38876 3.55466 3.37073 3.36201 2.45368 2.46102
9.915 3.19878 3.36484 3.39454 3.38597 2.91646 2.92387
9.9275 2.99189 3.15569 3.40418 3.39706 3.3556 3.36584
9.94 2.76981 2.93107 3.39243 3.39294 3.77066 3.78447
9.9525 2.53981 2.69349 3.3653 3.37149 4.16382 4.1792
9.965 2.30869 2.45701 3.32708 3.33475 4.53511 4.55074
9.9775 2.08131 2.22379 3.27401 3.28343 4.88267 4.9008
9.99 1.86318 1.99967 3.20361 3.21722 5.20564 5.22706
10.0025 1.65687 1.78729 3.11769 3.13413 5.50392 5.52772
10.015 1.46554 1.5904 3.01735 3.03438 5.77608 5.80118
10.0275 1.29491 1.4144 2.90321 2.92048 6.02166 6.04909
10.04 1.14977 1.26421 2.77779 2.79572 6.24249 6.2736
10.0525 1.03249 1.14272 2.64405 2.66179 6.44023 6.47279
10.065 0.943101 1.04978 2.5037 2.51984 6.61202 6.6452
10.0775 0.880309 0.984007 2.35671 2.37025 6.75343 6.78891
10.09 0.842898 0.9438 2.20515 2.21567 6.863 6.90169
10.1025 0.829833 0.928419 2.05269 2.05914 6.94144 6.98257
10.115 0.838807 0.935463 1.90211 1.90387 6.98766 7.03013
10.1275 0.866543 0.96163 1.75581 1.7528 6.99913 7.04304
10.14 0.909782 1.00397 1.61626 1.60712 6.97733 7.05721
10.1525 0.964678 1.06465 1.48566 1.46445 6.92953 7.01416
10.165 1.02933 1.12169 1.37024 1.3487 6.85146 6.93616
10.1775 1.10002 1.19872 1.26767 1.23961 6.74496 6.83612
10.19 1.17093 1.26988 1.18258 1.15547 6.61296 6.70246
10.2025 1.24505 1.34395 1.11485 1.0875 6.45641 6.54282
10.215 1.31192 1.41193 1.06728 1.0407 6.27124 6.35239
10.2275 1.37199 1.47369 1.03975 1.01314 6.05682 6.13523
10.24 1.42648 1.52856 1.03357 1.008 5.81795 5.89167
10.2525 1.47428 1.57734 1.05066 1.02708 5.55949 5.62543
10.265 1.51538 1.62006 1.09096 1.06964 5.28205 5.33884
10.2775 1.54932 1.65489 1.1521 1.13416 4.98554 5.0329
10.29 1.57417 1.68103 1.23027 1.21689 4.67138 4.70882
10.3025 1.58895 1.69713 1.32159 1.31382 4.34151 4.36716
10.315 1.5945 1.7033 1.42285 1.42046 3.99791 4.0106
10.3275 1.59286 1.70259 1.53341 1.53488 3.63972 3.64428
10.34 1.58681 1.69901 1.65307 1.65609 3.26613 3.27391
10.3525 1.58038 1.69493 1.7766 1.78176 2.88827 2.9001
10.365 1.57543 1.69034 1.89955 1.90831 2.51508 2.52272
10.3775 1.57312 1.6886 2.02039 2.03257 2.14512 2.14533
10.39 1.57624 1.69304 2.13804 2.15227 1.77544 1.77337
10.4025 1.58869 1.70649 2.25103 2.26712 1.41107 1.41075
10.415 1.6125 1.73182 2.35723 2.37532 1.06022 1.05934
10.4275 1.64714 1.76808 2.4535 2.47346 0.724688 0.719551
10.44 1.69168 1.8144 2.53667 2.55791 0.401447 0.392817
10.4525 1.74552 1.87011 2.60473 2.62669 0.0899617 0.0809156
10.465 1.80778 1.93413 2.65603 2.67823 -0.206724 -0.215562
10.4775 1.87779 2.00579 2.69027 2.7122 -0.484951 -0.495414
10.49 1.95649 2.0861 2.70981 2.73079 -0.74195 -0.754724
10.5025 2.04369 2.17483 2.71681 2.73599 -0.976787 -0.990437
10.515 2.13669 2.26855 2.70746 2.72513 -1.18987 -1.20286
10.5275 2.23398 2.36706 2.67463 2.69284 -1.3797 -1.39149
10.54 2.33034 2.46705 2.62653 2.6484 -1.54719 -1.56018
10.5525 2.42451 2.56251 2.57194 2.5924 -1.69579 -1.71021
10.565 2.51747 2.65848 2.51082 2.52475 -1.82544 -1.83748
10.5775 2.60919 2.75286 2.44101 2.45303 -1.93329 -1.94216
10.59 2.69972 2.84458 2.36636 2.37999 -2.0172 -2.02576
10.6025 2.78885 2.93344 2.29488 2.30626 -2.07805 -2.08726
10.615 2.87386 3.01908 2.22976 2.23629 -2.11819 -2.12613
10.6275 2.95399 3.10016 2.16934 2.17255 -2.13825 -2.14298
10.64 3.02902 3.1753 2.11479 2.11688 -2.13664 -2.13929
10.6525 3.09941 3.24607 2.07334 2.0741 -2.11117 -2.11345
10.665 3.1662 3.31389 2.05023 2.04779 -2.06254 -2.06328
10.6775 3.22535 3.37402 2.04172 2.03619 -1.99537 -1.99298
10.69 3.26946 3.4188 2.04149 2.03479 -1.91494 -1.91022
10.7025 3.29482 3.44459 2.04844 2.0414 -1.82397 -1.81878
10.715 3.30061 3.45064 2.06377 2.05602 -1.72443 -1.71919
10.7275 3.28573 3.43585 2.08622 2.07796 -1.61876 -1.61264
10.74 3.25081 3.40057 2.11502 2.10727 -1.50637 -1.49931
10.7525 3.19807 3.34721 2.15127 2.14485 -1.3846 -1.37773
10.765 3.12838 3.27672 2.19439 2.18955 -1.25343 -1.2476
10.7775 3.04103 3.1883 2.24105 2.23801 -1.11534 -1.11035
10.79 2.93448 3.08057 2.28624 2.28285 -0.973062 -0.968319
10.8025 2.80859 2.95617 2.32623 2.31682 -0.82786 -0.820996
10.815 2.66421 2.81135 2.35607 2.3429 -0.681398 -0.673776
10.8275 2.5043 2.65043 2.36117 2.35274 -0.534485 -0.525865
10.84 2.32965 2.47315 2.34267 2.34611 -0.388228 -0.381301
10.8525 2.14257 2.28072 2.30963 2.31585 -0.245241 -0.239167
10.865 1.94678 2.07985 2.2565 2.2613 -0.108298 -0.100103
10.8775 1.7446 1.87158 2.17344 2.18075 0.0231659 0.0347082
10.89 1.53968 1.66016 2.06201 2.07384 0.15092 0.164225
10.9025 1.33422 1.44804 1.92614 1.93864 0.273413 0.287419
10.915 1.13019 1.23744 1.76329 1.77471 0.387223 0.403866
10.9275 0.92877 1.02915 1.56918 1.58126 0.490097 0.511035
10.94 0.729696 0.822775 1.34381 1.35659 0.580678 0.605461
10.9525 0.532126 0.618045 1.08852 1.09977 0.656086 0.683816
10.965 0.334559 0.413364 0.801647 0.810297 0.711158 0.742657
10.9775 0.134223 0.205512 0.480883 0.487238 0.740385 0.776962
10.99 -0.0720309 -0.00888336 0.126871 0.130361 0.739873 0.781547
11.0025 -0.286325 -0.231769 -0.25857 -0.259203 0.706605 0.752753
11.015 -0.511416 -0.466064 -0.675026 -0.67997 0.636141 0.686686
11.0275 -0.751651 -0.7152 -1.12182 -1.13076 0.523767 0.579099
11.04 -1.02097 -0.980279 -1.59624 -1.6097 0.366847 0.427235
11.0525 -1.31204 -1.26226 -2.09496 -2.11364 0.163627 0.229336
11.065 -1.61352 -1.56313 -2.61614 -2.63711 -0.0873538 -0.0175551
11.0775 -1.93511 -1.88153 -3.15806 -3.17813 -0.38557 -0.313862
11.09 -2.27754 -2.21706 -3.7156 -3.73512 -0.731897 -0.65833
11.1025 -2.63511 -2.57152 -4.28624 -4.30648 -1.12913 -1.05365
11.115 -3.01015 -2.94415 -4.87 -4.89038 -1.57772 -1.50008
11.1275 -3.40278 -3.33271 -5.46439 -5.48365 -2.0759 -1.9972
11.14 -3.80666 -3.73384 -6.06411 -6.08236 -2.62112 -2.54239
11.1525 -4.21675 -4.14217 -6.66366 -6.6812 -3.20985 -3.13136
11.165 -4.62935 -4.55244 -7.25912 -7.27554 -3.83827 -3.76006
11.1775 -5.03969 -4.96192 -7.85121 -7.86453 -4.50382 -4.42661
11.19 -5.44359 -5.36821 -8.44237 -8.44548 -5.20427 -5.13017
11.2025 -5.84157 -5.76821 -9.02593 -9.01749 -5.93826 -5.86952
11.215 -6.23139 -6.15844 -9.59658 -9.58065 -6.7054 -6.64216
11.2275 -6.60818 -6.53762 -10.1563 -10.1332 -7.50362 -7.44584
11.24 -6.96748 -6.90024 -10.7069 -10.6725 -8.32795 -8.27683
11.2525 -7.30703 -7.24279 -11.2458 -11.1975 -9.17475 -9.1324
11.265 -7.62516 -7.56334 -11.7695 -11.7164 -10.0431 -10.009
11.2775 -7.92053 -7.85754 -12.2784 -12.2276 -10.9331 -10.9035
11.29 -8.19177 -8.12991 -12.7758 -12.7217 -11.8434 -11.8202
11.3025 -8.43639 -8.3755 -13.2632 -13.2047 -12.7702 -12.7547
11.315 -8.65447 -8.59352 -13.7387 -13.6775 -13.7125 -13.7056
11.3275 -8.84558 -8.78472 -14.201 -14.1371 -14.6707 -14.6725
11.34 -9.00743 -8.94578 -14.6482 -14.5841 -15.6456 -15.6505
11.3525 -9.13897 -9.07536 -15.078 -15.0163 -16.637 -16.6371
11.365 -9.2401 -9.17469 -15.4919 -15.4323 -17.638 -17.6343
11.3775 -9.31185 -9.24484 -15.8911 -15.8323 -18.6448 -18.6432
11.39 -9.35567 -9.28689 -16.2737 -16.2153 -19.6605 -19.6626
11.4025 -9.37211 -9.3012 -16.6362 -16.5793 -20.6882 -20.6899
11.415 -9.36166 -9.2883 -16.9766 -16.9224 -21.7254 -21.7243
11.4275 -9.32589 -9.25001 -17.2951 -17.2431 -22.7683 -22.7665
11.44 -9.26534 -9.18657 -17.5917 -17.5399 -23.8171 -23.8175
11.4525 -9.18276 -9.10525 -17.866 -17.8154 -24.8753 -24.8771
11.465 -9.08596 -9.00773 -18.1191 -18.0696 -25.945 -25.9464
11.4775 -8.9774 -8.89769 -18.3527 -18.3041 -27.0256 -27.0267
11.49 -8.85836 -8.77889 -18.5684 -18.5204 -28.1171 -28.1194
11.5025 -8.73395 -8.6549 -18.7682 -18.7199 -29.2209 -29.2253
11.515 -8.60879 -8.52931 -18.9537 -18.905 -30.3392 -30.3451
11.5275 -8.48465 -8.40526 -19.1266 -19.0776 -31.4723 -31.4791
11.54 -8.36284 -8.28405 -19.2875 -19.2379 -32.6178 -32.626
11.5525 -8.24541 -8.16703 -19.4381 -19.3872 -33.7742 -33.7848
11.565 -8.13352 -8.05635 -19.5794 -19.5288 -34.9407 -34.9534
11.5775 -8.02817 -7.95221 -19.7125 -19.666 -36.1164 -36.1292
11.59 -7.93243 -7.85761 -19.8405 -19.7962 -37.3014 -37.3147
11.6025 -7.84921 -7.77634 -19.9681 -19.9251 -38.4952 -38.5098
11.615 -7.77898 -7.70761 -20.0973 -20.0566 -39.6959 -39.7121
11.6275 -7.7207 -7.65119 -20.2279 -20.189 -40.9007 -40.9184
11.64 -7.67398 -7.60636 -20.3616 -20.3242 -42.1071 -42.1261
11.6525 -7.63948 -7.57373 -20.5017 -20.4663 -43.3133 -43.3333
11.665 -7.61695 -7.55306 -20.6502 -20.6163 -44.5165 -44.5381
11.6775 -7.60508 -7.54315 -20.8081 -20.7755 -45.7137 -45.737
11.69 -7.60289 -7.54274 -20.9771 -20.946 -46.9021 -46.9268
11.7025 -7.61015 -7.55168 -21.1592 -21.1297 -48.0797 -48.1055
11.715 -7.62579 -7.5689 -21.3559 -21.3276 -49.2434 -49.2704
11.7275 -7.64694 -7.59144 -21.5667 -21.5397 -50.3886 -50.417
11.74 -7.67089 -7.61658 -21.7908 -21.7651 -51.5113 -51.5408
11.7525 -7.69595 -7.64265 -22.0282 -22.0038 -52.6084 -52.6388
11.765 -7.72153 -7.66898 -22.2796 -22.2565 -53.6776 -53.7086
11.7775 -7.7474 -7.69536 -22.5455 -22.5238 -54.7171 -54.7488
