-7.8376e-06 -1.01764e-05 -2.53549e-06
-7.75098e-06 -1.0193e-05 -2.53049e-06
-7.55533e-06 -1.02276e-05 -2.52084e-06
-7.16432e-06 -1.02866e-05 -2.5092e-06
-6.73741e-06 -1.0341e-05 -2.50399e-06
-6.21541e-06 -1.03935e-05 -2.5079e-06
-5.61016e-06 -1.04335e-05 -2.52677e-06
-4.93399e-06 -1.04494e-05 -2.56673e-06
-4.19675e-06 -1.04312e-05 -2.63262e-06
-3.40461e-06 -1.03701e-05 -2.72765e-06
-2.55511e-06 -1.02592e-05 -2.85305e-06
-1.63364e-06 -1.00947e-05 -3.00778e-06
-6.18973e-07 -9.87237e-06 -3.1895e-06
4.86048e-07 -9.58577e-06 -3.3959e-06
1.68462e-06 -9.23391e-06 -3.61961e-06
2.97268e-06 -8.81305e-06 -3.85362e-06
4.34616e-06 -8.31977e-06 -4.08923e-06
5.79328e-06 -7.75059e-06 -4.31633e-06
7.30206e-06 -7.10351e-06 -4.52266e-06
8.86557e-06 -6.37881e-06 -4.69373e-06
1.04765e-05 -5.5778e-06 -4.815e-06
1.21436e-05 -4.70601e-06 -4.8688e-06
1.38912e-05 -3.77279e-06 -4.83584e-06
1.57348e-05 -2.7856e-06 -4.69802e-06
1.76982e-05 -1.75333e-06 -4.43632e-06
1.98275e-05 -6.88587e-07 -4.03344e-06
2.21505e-05 4.10481e-07 -3.4722e-06
2.46922e-05 1.53868e-06 -2.74264e-06
2.75006e-05 2.68569e-06 -1.83916e-06
3.06299e-05 3.84765e-06 -7.45168e-07
3.41057e-05 5.03244e-06 5.30729e-07
3.79111e-05 6.26153e-06 1.9774e-06
4.19973e-05 7.56428e-06 3.58049e-06
4.63325e-05 8.96714e-06 5.32589e-06
5.09347e-05 1.04884e-05 7.2027e-06
5.58382e-05 1.21461e-05 9.19975e-06
6.1054e-05 1.3964e-05 1.13036e-05
6.65707e-05 1.5968e-05 1.35015e-05
7.23674e-05 1.81831e-05 1.57837e-05
7.84409e-05 2.06291e-05 1.81456e-05
8.4821e-05 2.33182e-05 2.05884e-05
9.15322e-05 2.62616e-05 2.31166e-05
9.85366e-05 2.94789e-05 2.57352e-05
0.000105719 3.29987e-05 2.84515e-05
0.000112941 3.68462e-05 3.12794e-05
0.000120119 4.10277e-05 3.42459e-05
0.000127178 4.55406e-05 3.73855e-05
0.000134 5.03816e-05 4.07371e-05
0.000140464 5.55337e-05 4.43496e-05
0.000146451 6.09666e-05 4.82812e-05
0.000153039 6.80964e-05 5.37403e-05
0.000158374 7.5509e-05 5.99299e-05
0.000162221 8.30655e-05 6.69935e-05
0.000164426 9.0585e-05 7.50777e-05
0.000164878 9.786e-05 8.43187e-05
0.000163386 0.000104687 9.48205e-05
0.000159937 0.000110819 0.000106663
0.000154726 0.000115981 0.000119887
0.000147902 0.000119934 0.000134456
0.00013952 0.000122488 0.00015025
0.000129652 0.00012349 0.00016707
0.000118527 0.000122809 0.000184634
0.000106394 0.000120376 0.000202566
9.34704e-05 0.000116184 0.000220406
8.00657e-05 0.00011027 0.000237624
6.65461e-05 0.000102725 0.000253632
5.32295e-05 9.37131e-05 0.000267787
4.0512e-05 8.34296e-05 0.000279432
2.87256e-05 7.21308e-05 0.000287902
1.81009e-05 6.0128e-05 0.000292554
8.95222e-06 4.77332e-05 0.000292806
1.54232e-06 3.52781e-05 0.000288155
-4.02789e-06 2.31293e-05 0.000278194
-7.80451e-06 1.16317e-05 0.000262654
-9.95294e-06 1.10567e-06 0.000241425
-1.05569e-05 -8.13897e-06 0.000214581
-9.69369e-06 -1.5941e-05 0.000182423
-7.58402e-06 -2.21905e-05 0.000145333
-4.43632e-06 -2.68721e-05 0.000103975
-3.96711e-07 -3.00494e-05 5.91532e-05
4.27304e-06 -3.18183e-05 1.18223e-05
9.15528e-06 -3.23209e-05 -3.63112e-05
1.39648e-05 -3.18323e-05 -8.4572e-05
1.86112e-05 -3.06743e-05 -0.000131882
2.29554e-05 -2.9172e-05 -0.000177029
2.66173e-05 -2.76115e-05 -0.000218815
2.92322e-05 -2.62775e-05 -0.00025618
3.06228e-05 -2.54616e-05 -0.00028811
3.06451e-05 -2.53958e-05 -0.000313834
2.91635e-05 -2.62597e-05 -0.00033271
2.68895e-05 -2.77178e-05 -0.000342585
2.28141e-05 -3.0578e-05 -0.000348198
1.74303e-05 -3.45768e-05 -0.000346336
1.07022e-05 -3.96023e-05 -0.000337239
2.74911e-06 -4.55018e-05 -0.00032134
-6.0989e-06 -5.20415e-05 -0.000299288
-1.57178e-05 -5.89682e-05 -0.000271885
-2.5871e-05 -6.59508e-05 -0.000240106
-3.63168e-05 -7.26727e-05 -0.000204997
-4.68134e-05 -7.87885e-05 -0.000167684
-5.71414e-05 -8.39573e-05 -0.000129308
-6.7084e-05 -8.78777e-05 -9.0992e-05
-7.6484e-05 -9.02863e-05 -5.37881e-05
-8.52573e-05 -9.09734e-05 -1.86537e-05
-9.3352e-05 -8.98024e-05 1.38529e-05
-0.000100787 -8.67171e-05 4.29694e-05
-0.000107639 -8.17741e-05 6.80152e-05
-0.00011403 -7.51159e-05 8.86389e-05
-0.000120094 -6.69791e-05 0.000104785
-0.00012593 -5.77001e-05 0.000116503
-0.000131644 -4.77015e-05 0.000124087
-0.000137354 -3.74621e-05 0.000127889
-0.000143103 -2.75098e-05 0.000128421
-0.000148922 -1.83718e-05 0.000126236
-0.000154946 -1.05638e-05 0.000121939
-0.000161339 -4.56199e-06 0.000116056
-0.000168155 -7.75168e-07 0.000109099
-0.000175275 4.24092e-07 0.000101504
-0.000182487 -1.24222e-06 9.36029e-05
-0.000189568 -5.92407e-06 8.55801e-05
-0.000196211 -1.36506e-05 7.74711e-05
-0.000202184 -2.42696e-05 6.91746e-05
-0.00020748 -3.7498e-05 6.04041e-05
-0.000212159 -5.28916e-05 5.07413e-05
-0.000216337 -6.99028e-05 3.96873e-05
-0.000220134 -8.7923e-05 2.6689e-05
-0.000223541 -0.000106339 1.1221e-05
-0.000226406 -0.000124545 -6.96451e-06
-0.000228488 -0.000141986 -2.83992e-05
-0.000229592 -0.000158156 -5.33987e-05
-0.0002296 -0.000172605 -8.21051e-05
-0.000228358 -0.000184966 -0.000114459
-0.000225628 -0.000194994 -0.000150209
-0.000221377 -0.000202507 -0.000188945
-0.000215807 -0.000207392 -0.000230085
-0.000209251 -0.000209621 -0.000272855
-0.000202163 -0.000209257 -0.000316339
-0.000194864 -0.000206498 -0.000359468
-0.000187472 -0.000201679 -0.000401068
-0.000180061 -0.000195207 -0.000439902
-0.000172667 -0.000187548 -0.000474729
-0.000165254 -0.000179198 -0.000504352
-0.000157745 -0.000170639 -0.000527684
-0.000150184 -0.000161747 -0.000790802
-0.000142451 -0.000153381 -0.000980385
-0.000134608 -0.00014632 -0.00102361
-0.000126784 -0.000140381 -0.00101482
-0.000118975 -0.000135341 -0.000997579
-0.000111191 -0.000131043 -0.000973153
-0.000103372 -0.000127484 -0.000941269
-9.53067e-05 -0.000124484 -0.000902078
-8.66927e-05 -0.000121638 -0.000856788
-7.72681e-05 -0.000118539 -0.000807142
-6.68778e-05 -0.000114805 -0.000754218
-5.5432e-05 -0.000109999 -0.000698938
-4.28902e-05 -0.000103639 -0.00064253
-2.9315e-05 -9.52819e-05 -0.000586572
-1.47822e-05 -8.45761e-05 -0.000532277
7.20873e-07 -7.12436e-05 -0.000468212
1.70979e-05 -5.52428e-05 -0.000376628
3.40582e-05 -3.64832e-05 -0.000292355
5.15517e-05 -1.50562e-05 -0.000216234
6.9537e-05 8.95375e-06 -0.000148127
8.7745e-05 3.49603e-05 -8.78377e-05
0.000105827 6.24205e-05 -3.46662e-05
0.000123477 9.07011e-05 1.19723e-05
0.000140426 0.00011917 5.30632e-05
0.000156357 0.000147124 8.99939e-05
0.000170925 0.000173829 0.000124197
0.00018384 0.00019857 0.000156881
0.000192886 0.000216508 0.000182644
0.00020075 0.000232458 0.000208635
0.00020743 0.000246138 0.000235306
0.000212966 0.000257313 0.000262955
0.000217412 0.000265813 0.000291681
0.000220805 0.000271545 0.000321399
0.000223225 0.000274471 0.00035189
0.000224832 0.000274605 0.00038281
0.000225759 0.000272037 0.000413647
0.000226042 0.000266951 0.000443709
0.000225708 0.000259587 0.000472166
0.000224805 0.000250233 0.000498104
0.0002234 0.000239211 0.00052047
0.000221641 0.00022669 0.000558212
0.000219682 0.000212997 0.000668942
0.000217661 0.000198935 0.000732715
0.00021582 0.000184682 0.000743831
0.000214344 0.000170649 0.000738984
0.000213411 0.000157012 0.000729524
0.000213103 0.000144048 0.00071542
0.000213453 0.000132041 0.000696585
0.000214481 0.000121277 0.000672728
0.000216192 0.000111953 0.000643721
0.000218564 0.000104171 0.000609795
0.000221562 9.79757e-05 0.000571434
0.000225152 9.33742e-05 0.000529174
0.000229315 9.03266e-05 0.000483503
0.000234047 8.87251e-05 0.000434957
0.00023931 8.8409e-05 0.000384233
0.000244967 8.91949e-05 0.000332187
0.000250834 9.08807e-05 0.000279738
0.000256729 9.32411e-05 0.000227774
0.000262451 9.61768e-05 0.00013589
0.000267842 9.9364e-05 3.16856e-05
0.000272729 0.000102484 -6.65342e-05
0.000276962 0.000105296 -0.000156562
0.000280515 0.000107522 -0.000236633
0.000283431 0.000108992 -0.000305671
0.000285713 0.000109548 -0.000362796
0.000287315 0.000109075 -0.000407197
0.000288233 0.00010749 -0.000438105
0.000288513 0.000104773 -0.000455048
0.000288238 0.00010097 -0.000458281
0.000287531 9.61911e-05 -0.0004533
0.000286575 9.05717e-05 -0.000442359
0.000285586 8.42839e-05 -0.00042581
0.000284706 7.75678e-05 -0.000404088
0.000284001 7.07172e-05 -0.000377743
0.000283523 6.40565e-05 -0.000347447
0.00028332 5.79274e-05 -0.000313943
0.000283437 5.26757e-05 -0.00027799
0.000283925 4.86355e-05 -0.000240331
0.000284835 4.61166e-05 -0.00020169
0.000286196 4.53998e-05 -0.000157676
0.000288021 4.66553e-05 -9.22866e-05
0.000290281 5.01473e-05 -2.90908e-05
0.000292934 5.59866e-05 3.16942e-05
0.000295879 6.42447e-05 8.92214e-05
0.000298997 7.49167e-05 0.000143022
0.0003022 8.78963e-05 0.000192867
0.000305379 0.000103016 0.000238657
0.000308367 0.000120048 0.000280403
0.000310956 0.000138706 0.000318255
0.000312937 0.000158633 0.000352563
0.000314119 0.000179414 0.00038385
0.000314318 0.000200593 0.000412733
0.000313354 0.000221688 0.000439858
0.000311061 0.0002422 0.000465881
0.000307283 0.000261624 0.000491459
0.000301879 0.000279468 0.000517238
0.000294739 0.000295261 0.000543801
0.00028579 0.00030857 0.000571615
0.000275019 0.000319006 0.000600997
0.000262441 0.00032624 0.000632101
0.000248061 0.000330024 0.000664907
0.000231888 0.000330191 0.000699216
0.00021398 0.00032665 0.000734634
0.000194542 0.000319093 0.000964207
0.000173834 0.000307093 0.00131531
0.000151892 0.000291616 0.00166294
0.000128887 0.000273043 0.0019929
0.000105029 0.000251587 0.00228403
8.04859e-05 0.000227734 0.00252786
5.55346e-05 0.000201698 0.00272641
3.03746e-05 0.000174017 0.00287372
5.17408e-06 0.000145274 0.00295261
-1.96408e-05 0.000116076 0.00295818
-4.39154e-05 8.66425e-05 0.00295039
-6.77128e-05 5.73204e-05 0.00293582
-9.08901e-05 2.85831e-05 0.00291426
-0.000113338 8.28615e-07 0.00288523
-0.000134976 -2.53821e-05 0.00284827
-0.000155685 -4.98087e-05 0.00280324
-0.000175451 -7.24965e-05 0.00275028
-0.000194248 -9.33796e-05 0.00268994
-0.000212096 -0.0001124 0.0026227
-0.000229048 -0.000129563 0.00254908
-0.00024521 -0.000144968 0.00246978
-0.000260707 -0.000158655 0.0023018
-0.00027565 -0.000169971 0.0018616
-0.000289742 -0.000180429 0.00141901
-0.0003029 -0.000190164 0.00096569
-0.000315021 -0.000199722 0.000513646
-0.000326066 -0.000209399 6.7206e-05
-0.000336059 -0.000219355 -0.000371355
-0.000344975 -0.000229898 -0.000798315
-0.00035285 -0.000241032 -0.00148253
-0.000360006 -0.00025057 -0.00294296
-0.000365945 -0.000261481 -0.00434769
-0.000370904 -0.000273881 -0.00567987
-0.000375147 -0.000287651 -0.00687573
-0.000378725 -0.000303077 -0.00792115
-0.000381913 -0.000319158 -0.0088609
-0.000384756 -0.000335688 -0.00972849
-0.00038732 -0.000352538 -0.0105207
-0.000389694 -0.000369569 -0.0112112
-0.000391941 -0.000386481 -0.0117832
-0.000394097 -0.000402784 -0.012249
-0.000396167 -0.000418044 -0.0126349
-0.000398121 -0.000431937 -0.012957
-0.000399693 -0.000510442 -0.0132093
-0.000400007 -0.000805157 -0.0133258
-0.000400057 -0.00107211 -0.0133473
-0.000400146 -0.00128072 -0.0133451
-0.00040027 -0.00138583 -0.0133425
-0.000400103 -0.00140579 -0.0133389
-0.000399484 -0.00140397 -0.0133326
-0.000398342 -0.00140053 -0.0133226
-0.000396723 -0.00139469 -0.0133091
-0.000394749 -0.00138586 -0.0132933
-0.000392582 -0.00137435 -0.0132752
-0.000390346 -0.00136091 -0.0132546
-0.000388133 -0.0013459 -0.0132309
-0.000386016 -0.00132923 -0.0132039
-0.000384063 -0.00131097 -0.0131739
-0.000382311 -0.00129161 -0.013141
-0.00038073 -0.00127171 -0.0131051
-0.000379269 -0.00125164 -0.0130659
-0.000377917 -0.00123158 -0.0130235
-0.00037672 -0.0012118 -0.0129779
-0.000375722 -0.00119266 -0.0129294
-0.000374941 -0.0011745 -0.0128782
-0.000374362 -0.00115753 -0.0128242
-0.000373908 -0.00114209 -0.0125101
-0.000373379 -0.0011293 -0.0117607
-0.000372891 -0.00111879 -0.0110456
-0.000372559 -0.00110954 -0.01033
-0.000372254 -0.00110174 -0.00961893
-0.000371989 -0.00109539 -0.00891755
-0.000371773 -0.00109056 -0.00821692
-0.000371551 -0.00108718 -0.00751432
-0.000371346 -0.00108487 -0.0068238
-0.000371201 -0.00108335 -0.00616286
-0.000371108 -0.00108239 -0.00554224
-0.000370919 -0.00108189 -0.00496333
-0.000370415 -0.0010817 -0.00442586
-0.000369442 -0.0010816 -0.00393524
-0.000367942 -0.00108135 -0.00350169
-0.000365888 -0.00108078 -0.00313435
-0.000363238 -0.00107975 -0.00283697
-0.000359939 -0.00107819 -0.00260933
-0.000355954 -0.00107601 -0.00245132
-0.000351281 -0.00107318 -0.00236506
-0.000345957 -0.00106967 -0.00234995
-0.000340018 -0.00106565 -0.00235617
-0.000333533 -0.00106126 -0.00236852
-0.000326606 -0.00105658 -0.00238644
-0.000319344 -0.00105174 -0.00240955
-0.000311858 -0.00104686 -0.00243758
-0.000304246 -0.00104213 -0.00247002
-0.000296626 -0.00103774 -0.00250615
-0.000289118 -0.00103391 -0.00254516
-0.00028179 -0.00103084 -0.0025863
-0.000274637 -0.00102874 -0.00262889
-0.000267663 -0.00102779 -0.00267231
-0.000260966 -0.00102801 -0.00272099
-0.000254723 -0.00102874 -0.00311793
-0.00024878 -0.00103109 -0.00352857
-0.000243176 -0.00103485 -0.00393615
-0.000237842 -0.00104037 -0.00432061
-0.000232754 -0.00104757 -0.00467833
-0.000227908 -0.00105617 -0.00501417
-0.000223241 -0.00106599 -0.00533218
-0.000218682 -0.00107691 -0.00563171
-0.000214145 -0.00108878 -0.00590788
-0.00020955 -0.00110135 -0.00615807
-0.00020482 -0.00111427 -0.00638459
-0.000199879 -0.00112721 -0.00659226
-0.000194643 -0.00113985 -0.00678445
-0.000189024 -0.00115189 -0.00696168
-0.000182932 -0.00116303 -0.00712362
-0.000176285 -0.00117296 -0.00727143
-0.000169022 -0.00118137 -0.00740797
-0.000161114 -0.00118802 -0.00753601
-0.000152556 -0.00119267 -0.00765664
-0.000143362 -0.00119517 -0.00776935
-0.000133565 -0.00119537 -0.0078732
-0.000123195 -0.00119322 -0.00796765
-0.000112267 -0.00118869 -0.00805218
-0.000100801 -0.00118182 -0.00812547
-8.8833e-05 -0.00117271 -0.00818491
-7.64329e-05 -0.0011615 -0.00822711
-6.37175e-05 -0.00114838 -0.00824862
-5.0838e-05 -0.00113354 -0.00825
-3.79605e-05 -0.00111719 -0.00824678
-2.52469e-05 -0.00109957 -0.00824042
-1.28342e-05 -0.00108097 -0.00823055
-7.78603e-07 -0.00106169 -0.00821681
1.10525e-05 -0.00104206 -0.00819885
2.25247e-05 -0.00102244 -0.00817641
3.36413e-05 -0.00100308 -0.00814939
4.43553e-05 -0.00098426 -0.00811771
5.46266e-05 -0.000966196 -0.00808136
6.43994e-05 -0.000938051 -0.00804051
7.37001e-05 -0.000888954 -0.0079954
8.26919e-05 -0.000843365 -0.00782598
9.14961e-05 -0.000804591 -0.0072613
9.98708e-05 -0.000771778 -0.00668461
0.000107675 -0.000741786 -0.00608659
0.000115135 -0.000714695 -0.00546924
0.000122388 -0.000690103 -0.00484243
0.00012954 -0.000668344 -0.00420223
0.000136709 -0.000649157 -0.00354798
0.000143991 -0.000631342 -0.0028894
0.000151474 -0.000613918 -0.00223959
0.00015922 -0.000596245 -0.00160867
0.000167284 -0.000577943 -0.00100058
0.00017571 -0.000558453 -0.000417336
0.000184541 -0.000537058 0.000136369
0.00019384 -0.00051316 0.000652959
0.000203702 -0.000486425 0.00112526
0.00021424 -0.000456713 0.00154937
0.000225545 -0.000423953 0.00192431
0.000237687 -0.000388147 0.00224974
0.000250714 -0.000349424 0.00252443
0.000264662 -0.000308051 0.00274687
0.000279537 -0.000264391 0.00291689
0.000295297 -0.000219047 0.00308689
0.00031181 -0.000172713 0.00321649
0.000328858 -0.000125383 0.00327419
0.000346258 -7.74734e-05 0.00327541
0.000363854 -3.0305e-05 0.00326993
0.00038139 1.55672e-05 0.00326116
0.000398578 5.93653e-05 0.00324994
0.000415091 0.000100629 0.00323668
0.00042969 0.000138644 0.00322176
0.000500361 0.000168459 0.00320635
0.000593548 0.000195011 0.00319007
0.000676061 0.000218098 0.00317304
0.000746063 0.000235356 0.0031568
0.000805376 0.000248295 0.0031407
0.00072162 0.000187389 0.00315969
0.00071861 0.000205811 0.00313881
0.000724847 0.000232755 0.00308285
0.000730763 0.00019787 0.00309898
0.00073143 0.000212332 0.00306196
0.000735098 0.00021075 0.0030405
0.000735626 0.000210668 0.0030144
0.000735285 0.000209021 0.00298623
0.000735259 0.000199769 0.00296667
0.000733523 0.00019485 0.00294443
0.000730835 0.000190599 0.00292139
0.000727449 0.000183822 0.00289867
0.000723143 0.00017465 0.0028771
0.000717858 0.000164071 0.0028581
0.000711608 0.000153957 0.00284064
0.000704598 0.00014372 0.00282406
0.000696867 0.000132128 0.00280843
0.000688404 0.000119318 0.00279393
0.000679312 0.000106163 0.00278088
0.000669664 9.32131e-05 0.00276928
0.000659522 8.02246e-05 0.00275888
0.000648991 6.68681e-05 0.00274934
0.000638197 5.33637e-05 0.00274041
0.000627273 4.0177e-05 0.00273209
0.000616316 2.76567e-05 0.00264104
0.000605459 1.5598e-05 0.00254698
0.000594802 3.98781e-06 0.00246706
0.000584435 -7.08614e-06 0.00238908
0.000574414 -1.73907e-05 0.0023116
0.000564794 -2.67478e-05 0.00223253
0.000555642 -3.52233e-05 0.00215109
0.000547032 -4.28322e-05 0.00206602
0.000539016 -4.95023e-05 0.00197688
0.000531637 -5.51643e-05 0.00188361
0.00052492 -5.98127e-05 0.00178664
0.000518877 -6.35153e-05 0.00168648
0.000513531 -6.63322e-05 0.00158363
0.000508883 -6.82795e-05 0.00147877
0.000504908 -6.93928e-05 0.00137308
0.000501537 -6.9728e-05 0.00126816
0.000498658 -6.93548e-05 0.00116568
0.000496163 -6.83442e-05 0.00106718
0.000493963 -6.67591e-05 0.00097425
0.000491959 -6.46836e-05 0.000888705
0.000489979 -6.21862e-05 0.000812499
0.000487824 -5.93384e-05 0.000747595
0.000485415 -5.62674e-05 0.00069603
0.000482731 -5.31095e-05 0.000659801
0.000479737 -4.99943e-05 0.000640685
0.000476358 -4.70358e-05 0.000638312
0.0004725 -4.43092e-05 0.000640141
0.000468099 -4.19094e-05 0.000643755
0.000463127 -3.99367e-05 0.000649208
0.000457606 -3.84981e-05 0.000656537
0.000451597 -3.77047e-05 0.000665762
0.000445181 -3.7641e-05 0.000676835
0.000438475 -3.83876e-05 0.00068964
0.000431592 -3.9985e-05 0.000704009
0.000424633 -4.2478e-05 0.000749092
0.000417656 -4.59063e-05 0.000816185
0.00041059 -5.00813e-05 0.000887092
0.000403353 -5.48393e-05 0.000960023
0.000395984 -6.00824e-05 0.00103321
0.000387413 -6.63035e-05 0.00110649
0.000378348 -7.3131e-05 0.00117853
0.000369341 -7.94864e-05 0.00124519
0.000360156 -8.61087e-05 0.00130742
0.000350957 -9.24297e-05 0.00136224
0.000341758 -9.84024e-05 0.0014088
0.00033212 -0.000103818 0.00144551
0.000316242 -0.000108583 0.00147154
0.000300231 -0.000112791 0.00148661
0.000284187 -0.000116401 0.00149031
0.000268025 -0.000119389 0.00148809
0.000251641 -0.0001218 0.00148288
0.000235004 -0.000123741 0.00147479
0.000218139 -0.000125355 0.00146399
0.000201053 -0.000126767 0.00145069
0.000183726 -0.000128113 0.00143511
0.000166143 -0.000129575 0.00141756
0.000148209 -0.000131876 0.00139837
0.000129736 -0.000137875 0.00137793
0.000110483 -0.000145424 0.00135658
9.02708e-05 -0.000154986 0.00133468
6.89777e-05 -0.000166282 0.00124454
4.66428e-05 -0.000179229 0.000991458
2.35097e-05 -0.000195651 0.000741143
-4.03552e-07 -0.000215413 0.000491375
-2.50336e-05 -0.000239234 0.000253178
-5.03594e-05 -0.00026692 2.56144e-05
-7.62597e-05 -0.000298292 -0.000196066
-0.000102609 -0.000333243 -0.00041498
-0.000129294 -0.000371667 -0.000630495
-0.000156189 -0.000413362 -0.000840087
-0.00018315 -0.000457925 -0.00104398
-0.000210045 -0.00050482 -0.00124589
-0.000236752 -0.000553465 -0.00145066
-0.000263026 -0.000603348 -0.00166145
-0.000288492 -0.00065395 -0.00187952
-0.000312852 -0.000704692 -0.0021061
-0.000335977 -0.000754894 -0.00234391
-0.000357736 -0.000803883 -0.00259665
-0.000377874 -0.000851086 -0.00286744
-0.000396097 -0.000895965 -0.00315795
-0.000412145 -0.000938034 -0.00346877
-0.000425834 -0.00097685 -0.00380033
-0.000463653 -0.00101171 -0.00415354
-0.000613258 -0.00104049 -0.00453318
-0.000731679 -0.00106539 -0.00493283
-0.00079529 -0.00108712 -0.00534875
-0.000809481 -0.0011053 -0.0057783
-0.000808689 -0.00111887 -0.00622003
-0.0008068 -0.00112765 -0.00667208
-0.000803586 -0.00113213 -0.00713012
-0.000799196 -0.00113271 -0.00758928
-0.000793816 -0.00113143 -0.00804377
-0.000787452 -0.00112892 -0.00848742
-0.000780117 -0.00112534 -0.00891459
-0.000771942 -0.00112087 -0.0093199
-0.000763047 -0.00111567 -0.00969775
-0.000753499 -0.00110995 -0.0100422
-0.000743422 -0.00110386 -0.0103476
-0.000732929 -0.00109756 -0.0106088
-0.000722067 -0.00109121 -0.0108215
-0.000710895 -0.00108491 -0.010982
-0.000699465 -0.00107877 -0.0110869
-0.000687834 -0.00107285 -0.0111338
-0.000676044 -0.00106716 -0.0111344
-0.000664129 -0.00106158 -0.0111273
-0.000652111 -0.00105605 -0.011115
-0.000639987 -0.00105053 -0.0110977
-0.000627756 -0.00104493 -0.0110754
-0.000615404 -0.00103916 -0.0110483
-0.000602888 -0.00103307 -0.0110169
-0.000590145 -0.00102652 -0.0109816
-0.000577076 -0.00101937 -0.010943
-0.000563603 -0.00101146 -0.0109014
-0.000549681 -0.00100266 -0.0108574
-0.000535242 -0.000992809 -0.0108115
-0.000520229 -0.000981782 -0.0107642
-0.000504575 -0.000969469 -0.0107161
-0.00048823 -0.000955778 -0.0106616
-0.000471028 -0.000941478 -0.0100988
-0.000453069 -0.000926253 -0.00956067
-0.000434461 -0.000909706 -0.00901502
-0.000415214 -0.000891398 -0.00849018
-0.000395302 -0.00087167 -0.00798512
-0.000375375 -0.00085064 -0.00749424
-0.000341039 -0.000830513 -0.00699847
-0.000299239 -0.000810404 -0.00650149
-0.000257668 -0.000787484 -0.00602653
-0.000215681 -0.000742751 -0.00556766
-0.000173741 -0.00068035 -0.00512309
-0.000131422 -0.000616142 -0.00469532
-8.88543e-05 -0.000552121 -0.00427214
-4.64078e-05 -0.000488189 -0.0038587
-4.35428e-06 -0.000425231 -0.00345526
3.68202e-05 -0.000363219 -0.0030628
7.6783e-05 -0.000302476 -0.00267984
0.000115455 -0.000243949 -0.0023023
0.000152797 -0.000188293 -0.00192873
0.000188733 -0.000135915 -0.0015599
0.000223085 -8.70249e-05 -0.00119701
0.000255713 -4.19233e-05 -0.000840156
0.000286559 -1.03248e-06 -0.000488367
0.000315565 3.5382e-05 -0.000141413
0.000342708 6.72452e-05 0.000199276
0.00036797 9.46091e-05 0.000531311
0.00039131 0.000117528 0.000852402
0.000412713 0.000136079 0.0011607
0.000432193 0.00015044 0.00145425
0.000449823 0.000160858 0.00173047
0.00046572 0.000167659 0.00198609
0.000480056 0.000171151 0.00221777
0.000493042 0.000171719 0.00242246
0.00050483 0.000170902 0.00259723
0.000515542 0.000169262 0.00273921
0.000525322 0.000166959 0.002842
0.000534392 0.000164065 0.00289661
0.000543015 0.000160798 0.00291742
0.000551462 0.000157287 0.00291568
0.000559948 0.000153466 0.0029102
0.000568601 0.000149488 0.00290076
0.000577547 0.000145456 0.0028874
0.000586958 0.000141431 0.00287014
0.000596986 0.000137488 0.00284905
0.000607766 0.000133661 0.00282437
0.000619396 0.000129971 0.00279637
0.000631885 0.000126452 0.00276538
0.000645211 0.000123115 0.00273171
0.000659314 0.000119974 0.00269572
0.000674077 0.000117031 0.00265785
0.000689273 0.00011429 0.00261855
0.000704564 0.00011177 0.00257833
0.000719718 0.000109454 0.00253767
0.000734676 0.000107297 0.00249709
0.000749367 0.00010525 0.0024571
0.000763628 0.000103281 0.00241822
0.000777268 0.000101379 0.00234857
0.000789908 0.000100366 0.00195679
0.000801862 9.95561e-05 0.00156774
0.000829371 9.83419e-05 0.0012078
0.000863288 9.69653e-05 0.000885809
0.000893436 9.52802e-05 0.000610938
0.000919378 9.34989e-05 0.000374821
0.000941113 9.1707e-05 0.000172076
0.000958118 8.98617e-05 4.34842e-06
0.000969747 8.79358e-05 -0.000121172
0.000976213 8.59498e-05 -0.00019963
0.000978027 8.39615e-05 -0.000232389
0.000977639 8.20577e-05 -0.000232854
0.000976592 8.03901e-05 -0.000228534
0.000974848 7.9004e-05 -0.000220947
0.000972421 7.7937e-05 -0.000210077
0.000969329 7.72348e-05 -0.000196006
0.000965568 7.69463e-05 -0.000179042
0.000961115 7.71313e-05 -0.000159431
0.000956004 7.78067e-05 -0.000125028
0.000950376 7.86854e-05 -5.22377e-06
0.000944296 7.99765e-05 0.000122645
0.000937825 8.1669e-05 0.000259493
0.000930997 8.37527e-05 0.000402045
0.000923852 8.62095e-05 0.000548664
0.000916442 8.89498e-05 0.000698862
0.000908781 9.19219e-05 0.000852036
0.000900864 9.50948e-05 0.00100675
0.000892686 9.84331e-05 0.00116104
0.000884273 0.000101859 0.00131323
0.000875662 0.000105276 0.00146229
0.000866854 0.00010861 0.00160747
0.000857847 0.000111776 0.00174786
0.00084864 0.000114695 0.00188221
0.000839231 0.000117278 0.00200924
0.00082962 0.000119436 0.00212796
0.000819792 0.00012109 0.00223768
0.000809728 0.000122156 0.00233777
0.000799408 0.000122559 0.00242751
0.000788808 0.00012223 0.0025061
0.000777917 0.000121099 0.00257284
0.000766709 0.000119114 0.00262722
0.000755179 0.000116212 0.0026689
0.000743335 0.000112339 0.00269754
0.000731167 0.000107458 0.0027128
0.00071866 0.00010154 0.00271494
0.000705784 9.45546e-05 0.00271224
0.000692513 8.64901e-05 0.00270668
0.000678831 7.73466e-05 0.0026983
0.000664729 6.71398e-05 0.00268709
0.000650208 5.58823e-05 0.00267307
0.000635238 4.36127e-05 0.00265625
0.000619743 3.03825e-05 0.00263673
0.000603661 1.6246e-05 0.0026146
0.000587004 1.23958e-06 0.00258998
0.000569853 -1.46311e-05 0.00256299
0.000552263 -3.13327e-05 0.00253379
0.000530873 -4.95301e-05 0.00250294
0.000509903 -7.02569e-05 0.00247109
0.000485696 -9.0078e-05 0.00243654
0.00042114 -0.000110965 0.00240032
0.000354582 -0.000132146 0.00236262
0.000286955 -0.000153753 0.00232342
0.000218352 -0.000181453 0.00228283
0.000148735 -0.000236843 0.00215913
7.76729e-05 -0.000290144 0.00166424
5.95638e-06 -0.000344006 0.00116289
-6.65985e-05 -0.000396907 0.000639483
-0.000139839 -0.000449873 0.000114743
-0.000213656 -0.000502973 -0.000410152
-0.000287716 -0.000555794 -0.000943658
-0.000361529 -0.000608144 -0.00149089
-0.000434866 -0.000659996 -0.00204918
-0.00050765 -0.000711693 -0.00260974
-0.000579889 -0.000763335 -0.0031669
-0.000651617 -0.000814771 -0.00372133
-0.00072289 -0.000865789 -0.00427613
-0.000793787 -0.000916325 -0.00483138
-0.00123966 -0.000961374 -0.00539083
-0.00197347 -0.00100089 -0.0059585
-0.0222365 -0.000895426 -0.00719558
-0.0250204 -0.000897293 -0.00775941
-0.0249404 -0.000939524 -0.00818145
-0.0241806 -0.000979803 -0.00847429
-0.0261926 -0.000984667 -0.00882637
-0.0285753 -0.000988561 -0.00924284
-0.0293122 -0.00102966 -0.00951677
-0.029751 -0.00110471 -0.00972954
-0.0312228 -0.00114558 -0.00993578
-0.0329134 -0.00117987 -0.0100892
-0.0339557 -0.00123428 -0.0101751
-0.0301405 -0.00121244 -0.0104129
-0.030421 -0.00125845 -0.0105106
-0.0318343 -0.00138149 -0.0104596
-0.033457 -0.0013523 -0.0105021
-0.0341659 -0.00139857 -0.0104732
-0.0350386 -0.00179186 -0.0104584
-0.0362382 -0.00226719 -0.0104352
-0.0347969 -0.0209152 -0.0101668
-0.0342686 -0.0246929 -0.0100947
-0.0351118 -0.0264982 -0.00987431
-0.0371081 -0.0250078 -0.00998693
-0.0386514 -0.0231998 -0.0102663
-0.0392448 -0.0241276 -0.0102476
-0.0396373 -0.0268349 -0.00988739
-0.0403404 -0.0288505 -0.00909963
-0.0412901 -0.0291701 -0.00894344
-0.0423202 -0.0287113 -0.00897097
-0.043229 -0.0290215 -0.00898615
-0.0438669 -0.0304788 -0.00896871
-0.0443379 -0.032139 -0.00894048
-0.0449077 -0.0330787 -0.00884863
-0.0456565 -0.0333399 -0.0088717
-0.0463721 -0.0336731 -0.00890431
-0.0468628 -0.0345611 -0.00903308
-0.0471909 -0.0357491 -0.00909811
-0.0475365 -0.0366913 -0.00919093
-0.0479534 -0.0372342 -0.00938333
-0.0483498 -0.0376301 -0.00966491
-0.0486351 -0.0382073 -0.00995692
-0.0488157 -0.0389843 -0.0102153
-0.048957 -0.0397222 -0.0104662
-0.0491019 -0.0402471 -0.0107228
-0.0492454 -0.0405949 -0.0110268
-0.0493506 -0.0409391 -0.0113513
-0.0492198 -0.0364515 -0.0114222
-0.0491567 -0.0366949 -0.0113972
-0.0496313 -0.0363693 -0.0120957
-0.0495055 -0.0370811 -0.0124362
-0.0491005 -0.0384901 -0.0124008
-0.0492479 -0.0391391 -0.0126203
-0.0494501 -0.0393012 -0.0131194
-0.0493655 -0.0398202 -0.0135338
-0.0492949 -0.0406948 -0.0142984
-0.04935 -0.0416298 -0.0151928
-0.0495482 -0.0418253 -0.0304614
-0.0496467 -0.042236 -0.0318389
-0.0497298 -0.0426662 -0.0340187
-0.0496717 -0.0437161 -0.0350537
-0.0495284 -0.045073 -0.0358035
-0.0493884 -0.0462848 -0.0365615
-0.0493565 -0.0471002 -0.038045
-0.0493763 -0.0477336 -0.0398515
-0.04933 -0.0485558 -0.0413522
-0.0491867 -0.0496694 -0.0423707
-0.0490136 -0.0508549 -0.0432851
-0.0488839 -0.0518611 -0.0445243
-0.0487983 -0.0526562 -0.0461495
-0.0487085 -0.0533988 -0.0478855
-0.0485784 -0.0542381 -0.046945
-0.0484415 -0.0550814 -0.0443713
-0.0482672 -0.0559976 -0.0452728
-0.0479441 -0.0571152 -0.0472258
-0.0477777 -0.0577806 -0.04993
-0.0475498 -0.0584394 -0.0525513
-0.0471966 -0.0593534 -0.0545898
-0.0468701 -0.0601761 -0.0567917
-0.0465696 -0.060771 -0.0594869
-0.0462361 -0.0613192 -0.0622673
-0.0458713 -0.0619207 -0.0648324
-0.0454658 -0.0625721 -0.0672413
-0.0450284 -0.0632163 -0.0696953
-0.0445998 -0.0637837 -0.0722641
-0.0441649 -0.0643385 -0.0747657
-0.0436907 -0.0649852 -0.0770317
-0.0432008 -0.0656855 -0.0791462
-0.0427231 -0.0663592 -0.0812382
-0.0422481 -0.0670237 -0.0832583
-0.0417639 -0.0677337 -0.0850929
-0.0412723 -0.0684927 -0.086728
-0.040775 -0.0692664 -0.0882242
-0.0402757 -0.0700297 -0.0896146
-0.0397701 -0.0707887 -0.0908706
-0.0392504 -0.0715584 -0.0919541
-0.0387189 -0.0723237 -0.0928797
-0.038185 -0.0730485 -0.0936948
-0.0376464 -0.0737148 -0.094416
-0.0370827 -0.074311 -0.0950328
-0.0362311 -0.0746886 -0.0956083
-0.0350895 -0.0750017 -0.0960814
-0.0340105 -0.0752502 -0.0964684
-0.0331257 -0.0754403 -0.0967389
-0.032186 -0.0755693 -0.0968878
-0.0311783 -0.0756316 -0.096933
-0.0302805 -0.0756256 -0.096883
-0.0294852 -0.0755485 -0.096732
-0.0286962 -0.0753975 -0.096477
-0.0279417 -0.0751745 -0.0961204
-0.0272924 -0.0748775 -0.095669
-0.0267282 -0.0744999 -0.0951288
-0.0262064 -0.0740409 -0.094499
-0.0257494 -0.073502 -0.0937778
-0.0253474 -0.0728565 -0.0929819
-0.0249659 -0.0721013 -0.0921175
-0.0246122 -0.071237 -0.0911838
-0.0243057 -0.0702641 -0.0901766
-0.024037 -0.0691918 -0.0890892
-0.0238025 -0.0680281 -0.0879166
-0.0236105 -0.0667796 -0.0866531
-0.0234609 -0.0654577 -0.0852891
-0.0233545 -0.0640747 -0.0838144
-0.0232986 -0.0626399 -0.0822212
-0.0232973 -0.0611638 -0.0805027
-0.0233504 -0.0596594 -0.0786507
-0.0234571 -0.0581407 -0.0766568
-0.0236142 -0.0566214 -0.0745139
-0.023817 -0.0551143 -0.0722179
-0.024062 -0.0536303 -0.0697674
-0.0243454 -0.0521787 -0.0671634
-0.0246611 -0.0507681 -0.0644092
-0.0250009 -0.0494051 -0.0615115
-0.0253559 -0.0480948 -0.0584802
-0.0257169 -0.0468395 -0.0553288
-0.026073 -0.0456397 -0.0520738
-0.0264124 -0.0444937 -0.0487344
-0.026725 -0.0433974 -0.0453332
-0.0270018 -0.0423431 -0.0418955
-0.0272351 -0.0413214 -0.0384475
-0.027415 -0.0403175 -0.0350218
-0.0275422 -0.0393089 -0.031659
-0.0276053 -0.038316 -0.0283312
-0.0276053 -0.0373112 -0.0248059
-0.0275653 -0.0362499 -0.0214375
-0.0274665 -0.0351583 -0.0182358
-0.027313 -0.034016 -0.0157811
-0.02714 -0.0327339 -0.0141991
-0.0269282 -0.0313548 -0.012785
-0.0266574 -0.0299455 -0.0114738
-0.0263407 -0.0285046 -0.0102843
-0.0259915 -0.0269991 -0.00926714
-0.0256191 -0.0254179 -0.00843262
-0.0252286 -0.023786 -0.0077539
-0.0248194 -0.0221529 -0.0071933
-0.0245704 -0.0206119 -0.00671514
-0.0243867 -0.0190534 -0.00637372
-0.0241513 -0.017514 -0.00614955
-0.0239015 -0.0160221 -0.00600219
-0.0236862 -0.0145887 -0.00592261
-0.0234645 -0.0132279 -0.00589835
-0.0232199 -0.0119525 -0.00590098
-0.0229838 -0.0106469 -0.00590383
-0.0227323 -0.00947815 -0.00590448
-0.0224511 -0.0084017 -0.00590799
-0.0221014 -0.00754681 -0.00590853
-0.0217107 -0.00690382 -0.0059076
-0.0212734 -0.00645298 -0.00590502
-0.0208007 -0.0062037 -0.00590059
-0.0203249 -0.00617728 -0.00583838
-0.0198399 -0.00638257 -0.00569825
-0.0193412 -0.00679323 -0.00553481
-0.0188353 -0.00734938 -0.00537285
-0.0183185 -0.00805663 -0.00522171
-0.017774 -0.00889308 -0.00508979
-0.0172001 -0.00982892 -0.00500095
-0.0165936 -0.0108262 -0.00498197
-0.0159344 -0.011727 -0.00498565
-0.0150992 -0.0125587 -0.00499484
-0.0141951 -0.0133762 -0.00501632
-0.013268 -0.0141919 -0.00504455
-0.0123003 -0.0149809 -0.00508097
-0.0112708 -0.0157031 -0.00512947
-0.010203 -0.0163589 -0.00518702
-0.00911211 -0.0169472 -0.00525357
-0.00798553 -0.0174558 -0.00559888
-0.00686006 -0.0177727 -0.00713521
-0.00576133 -0.017905 -0.00890465
-0.00464345 -0.017943 -0.0107964
-0.00424068 -0.0178181 -0.0127538
-0.00403232 -0.0174787 -0.0148453
-0.00380182 -0.0170272 -0.017061
-0.00357787 -0.0165064 -0.0193378
-0.00337247 -0.0159279 -0.0215807
-0.00316488 -0.0153132 -0.0237402
-0.00296746 -0.0146452 -0.0258498
-0.00279175 -0.0139668 -0.0278883
-0.00264084 -0.0133747 -0.0297346
-0.00249501 -0.0128203 -0.0313686
-0.00235392 -0.0122945 -0.0327928
-0.00222316 -0.0118004 -0.0340139
-0.00210005 -0.0113645 -0.034997
-0.00198276 -0.0110034 -0.0356974
-0.00187364 -0.0107129 -0.0361027
-0.00177233 -0.0104853 -0.0362286
-0.00168066 -0.0103265 -0.036081
-0.00160114 -0.0102424 -0.0356471
-0.00153303 -0.0102237 -0.0349273
-0.00147585 -0.0102519 -0.0339464
-0.00142971 -0.0103084 -0.0327357
-0.00139368 -0.0103762 -0.0313196
-0.00136628 -0.0104373 -0.0296993
-0.00134561 -0.0104665 -0.027758
-0.00131876 -0.0104121 -0.0256934
-0.00129808 -0.0102887 -0.0235374
-0.00128737 -0.0100735 -0.021333
-0.00128021 -0.009763 -0.0190916
-0.00127491 -0.00934404 -0.0168573
-0.00127489 -0.008767 -0.0154741
-0.00127563 -0.00802161 -0.0142369
-0.0012764 -0.00712632 -0.0130533
-0.00127704 -0.00598873 -0.0118901
-0.00127765 -0.00469212 -0.0107451
-0.00127489 -0.00425655 -0.00957524
-0.00125985 -0.00394158 -0.00834818
-0.00126112 -0.00358257 -0.00714874
-0.00126282 -0.00317578 -0.00602412
-0.00126471 -0.00277408 -0.00494502
-0.00126814 -0.00240266 -0.00386065
-0.00127224 -0.00203847 -0.00277543
-0.00127693 -0.00167454 -0.00172111
-0.00128286 -0.00134058 -0.000681119
-0.00128908 -0.00104893 0.000357267
-0.00129625 -0.000789602 0.00140134
-0.00130435 -0.000562756 0.00243578
-0.00131291 -0.000385329 0.00348493
-0.00132176 -0.000266613 0.00482973
-0.00133115 -0.000198465 0.0061825
-0.00134154 -0.000178808 0.00750958
-0.00135295 -0.000183001 0.0087686
-0.00136523 -0.000192559 0.00994058
-0.00137806 -0.000206988 0.0110226
-0.00139116 -0.000225613 0.0119942
-0.00140417 -0.00024778 0.0128198
-0.00141538 -0.000284179 0.0129636
-0.00142864 -0.000311862 0.0129426
-0.0014394 -0.000334354 0.0129612
-0.00144826 -0.000361503 0.0129631
-0.00145311 -0.000380526 0.0129619
-0.00145472 -0.000402439 0.012951
-0.00145719 -0.00042078 0.0129323
-0.00145773 -0.000438315 0.0129014
-0.0014566 -0.000453846 0.0128639
-0.00145441 -0.000467573 0.0128173
-0.00145043 -0.000478569 0.0127635
-0.0014442 -0.000486401 0.0127004
-0.00143632 -0.00049173 0.0126313
-0.00142703 -0.000494393 0.0125561
-0.00141669 -0.000495706 0.0122705
-0.00140683 -0.000492998 0.0100486
-0.00139744 -0.00048859 0.00754613
-0.00138753 -0.000484444 0.0049913
-0.00137754 -0.000481642 0.00254914
-0.00136777 -0.000479196 0.000165596
-0.00135851 -0.000477547 -0.00224391
-0.0013496 -0.000477404 -0.00462655
-0.00134131 -0.000479743 -0.00686647
-0.00133391 -0.000484381 -0.00892945
-0.00132755 -0.000491445 -0.0108552
-0.00132247 -0.000500968 -0.0126553
-0.00131892 -0.000513295 -0.014281
-0.00131705 -0.000528525 -0.0156906
-0.00131668 -0.000546307 -0.0168951
-0.0013176 -0.000577795 -0.017921
-0.00131736 -0.00120453 -0.0186536
-0.00131641 -0.00207416 -0.0190156
-0.00131724 -0.00299801 -0.0191444
-0.00131942 -0.00381069 -0.0191998
-0.00132221 -0.00459717 -0.0191605
-0.00132546 -0.00545101 -0.0189566
-0.00132687 -0.00630064 -0.0185937
-0.00132737 -0.00703648 -0.0181701
-0.00132857 -0.00766708 -0.0177409
-0.00132968 -0.00825934 -0.0172755
-0.00133019 -0.00882253 -0.0167769
-0.00133065 -0.00928271 -0.0164118
-0.00133073 -0.00961236 -0.0160779
-0.00133036 -0.00983815 -0.0157732
-0.00133 -0.00997313 -0.0154791
-0.00132977 -0.00999187 -0.0152027
-0.00132964 -0.00986909 -0.01497
-0.00132932 -0.00960027 -0.0147934
-0.00132863 -0.0092006 -0.0146586
-0.00132756 -0.00867514 -0.014552
-0.00132626 -0.00802356 -0.0144735
-0.00132491 -0.00725536 -0.0144233
-0.00132374 -0.00628653 -0.0143871
-0.00132296 -0.00522421 -0.014339
-0.00132328 -0.00448229 -0.0142432
-0.00132288 -0.00424648 -0.0139566
-0.00132396 -0.00401746 -0.0135806
-0.00132684 -0.00376307 -0.0131926
-0.00133089 -0.00350744 -0.012776
-0.0013368 -0.00329862 -0.0122545
-0.00134416 -0.00311621 -0.0116191
-0.00135341 -0.00294366 -0.0109075
-0.00136451 -0.00279654 -0.010128
-0.00137738 -0.00269253 -0.00925938
-0.00139223 -0.00262517 -0.00829597
-0.00140953 -0.00258814 -0.00725544
-0.00142928 -0.00258335 -0.00615643
-0.00145156 -0.002588 -0.00501282
-0.00147637 -0.00259615 -0.00383787
-0.00150351 -0.00260737 -0.00264746
-0.00153279 -0.00262155 -0.00146196
-0.00195537 -0.00263638 -0.000310164
-0.00343209 -0.00264645 0.000743839
-0.00502951 -0.00265734 0.00172601
-0.0065127 -0.00266842 0.00265255
-0.00807662 -0.00268042 0.00350451
-0.00973466 -0.0026916 0.00424859
-0.0113606 -0.00270308 0.00486706
-0.0130018 -0.00271496 0.00536295
-0.0146874 -0.00272689 0.00573633
-0.0163557 -0.00273911 0.00598081
-0.0180007 -0.00275153 0.00608467
-0.0196342 -0.00278826 0.00608539
-0.0211725 -0.00328676 0.00607965
-0.0226095 -0.00399245 0.0060703
-0.0240215 -0.00474993 0.00605416
-0.0254195 -0.00549233 0.00602915
-0.0267686 -0.00629859 0.00599765
-0.02805 -0.00725989 0.0059625
-0.0292769 -0.00833322 0.00592337
-0.0304531 -0.00934776 0.00587931
-0.031577 -0.0104297 0.00582984
-0.0326667 -0.0116179 0.00577607
-0.0336867 -0.0129721 0.00572141
-0.0346595 -0.014448 0.00566457
-0.0356032 -0.0160033 0.00531223
-0.0365168 -0.0176076 0.00354468
-0.0373905 -0.0192922 0.00157663
-0.038207 -0.0210948 -0.00045213
-0.0389554 -0.023042 -0.00245757
-0.0396449 -0.0250975 -0.00452532
-0.0402783 -0.0272164 -0.0067549
-0.0408474 -0.0293934 -0.00913051
-0.0413389 -0.0316398 -0.011588
-0.0416144 -0.0338843 -0.0141636
-0.0417674 -0.0361728 -0.0168751
-0.0418976 -0.0384593 -0.0197672
-0.0419834 -0.0407465 -0.0228099
-0.0419818 -0.0430465 -0.025973
-0.0419368 -0.0453388 -0.0292736
-0.0418712 -0.0475984 -0.0327375
-0.041768 -0.0498182 -0.0363611
-0.041632 -0.0520005 -0.0401191
-0.0414784 -0.0541443 -0.0439941
-0.0413068 -0.0562474 -0.0479822
-0.0411136 -0.0583031 -0.0520775
-0.0409247 -0.0602914 -0.0562851
-0.040747 -0.0622311 -0.0605576
-0.040575 -0.0641306 -0.0648653
-0.0404229 -0.0659727 -0.0692163
-0.040292 -0.0677634 -0.0735905
-0.0401855 -0.0695198 -0.0779476
-0.0401119 -0.0712441 -0.0822626
-0.040074 -0.0729396 -0.0865149
-0.0400727 -0.074614 -0.0906823
-0.0401155 -0.0762735 -0.0947417
-0.0402055 -0.0779261 -0.0986651
-0.0403381 -0.0795805 -0.102427
-0.0405103 -0.0812421 -0.106011
-0.0407218 -0.0829158 -0.1094
-0.0409739 -0.0846062 -0.112578
-0.0412683 -0.0863143 -0.11553
