0 0 0
0 0 0
0 0 0
0 0 0
0 0 0
0 0 0
0 0 0
0 0 0
0 0 0
0 0 0
0 0 0
0 0 0
0 0 0
0 0 0
0 0 0
0 0 0
0 0 0
0 0 0
0 0 0
0 0 0
0 0 0
0 0 0
0 0 0
0 0 0
0 0 0
0 0 0
0 0 0
0 0 0
0 0 0
0 0 0
0 0 0
0 0 0
0 0 0
0 0 0
0 0 0
0 0 0
0 0 0
0 0 0
0 0 0
0 0 0
0 0 0
0 0 0
0 0 0
0 0 0
0 0 0
0 0 0
0 0 0
0 0 0
0 0 0
0 0 0
0 0 0
0 0 0
0 0 0
0 0 0
0 0 0
0 0 0
0 0 0
0 0 0
0 0 0
0 0 0
0 0 0
0 0 0
0 0 0
0 0 0
0 0 0
0 0 0
0 0 0
0 0 0
0 0 0
0 0 0
0 0 0
0 0 0
0 0 0
0 0 0
0 0 0
0 0 0
0 0 0
0 0 0
0 0 0
0 0 0
0 0 0
0 0 0
0 0 0
0 0 0
0 0 0
0 0 0
0 0 0
0 0 0
0 0 0
0 0 0
0 0 0
0 0 0
0 0 0
0 0 0
0 0 0
0 0 0
0 0 0
0 0 0
0 0 0
0 0 0
0 0 0
0 0 0
0 0 0
0 0 0
0 0 0
0 0 0
0 0 0
0 0 0
0 0 0
0 0 0
0 0 0
0 0 0
0 0 0
0 0 0
0 0 0
0 0 0
0 0 0
0 0 0
0 0 0
0 0 0
0 0 0
0 0 0
0 0 0
0 0 0
0 0 0
0 0 0
0 0 0
0 0 0
0 0 0
0 0 0
0 0 0
0 0 0
0 0 0
0 0 0
0 0 0
0.00553679 0 0
0.0215472 0 0
0.0365789 0 0
0.0506169 0 0
0.0637345 0 0
0.0758622 0 0
0.0869126 0.00638919 0
0.091389 0.0149039 0
0.0936472 0.0216561 0
0.094394 0.027107 0
0.0939443 0.0311131 0
0.0946523 0.0335897 0
0.0948242 0.0358994 0
0.0934162 0.0376591 0
0.0922433 0.0383187 0
0.0898824 0.0379075 0
0.0863437 0.0369163 0
0.0826666 0.0353879 0
0.0782514 0.0332508 0
0.0737299 0.0306957 0
0.06924 0.027909 0
0.0646836 0.0249504 0
0.060043 0.0217763 0
0.0554275 0.0184256 0
0.0509016 0.014992 0
0.0465176 0.0114918 0
0.042147 0.0103025 0
0.0376968 0.0103025 0
0.0330826 0.0103025 0
0.0283239 0.0103025 0
0.0234894 0.0103025 0
0.0234894 0.0103025 0
0.0234894 0.0103025 0
0.0234894 0.0103025 0
0.0234894 0.0103025 0
0.0234894 0.0103025 0
0.0234894 0.0103025 0
0.0234894 0.0103025 0
0.0234894 0.0103025 0
0.0234894 0.0103025 0
0.0234894 0.0103025 0
0.0234894 0.0103025 0
0.0234894 0.0103025 0
0.0234894 0.0103025 0
0.0234894 0.0103025 0
0.0234894 0.0103025 0
0.0234894 0.0103025 0
0.0234894 0.0103025 0
0.0234894 0.0103025 0
0.0234894 0.0103025 0
0.0234894 0.0103025 0
0.0234894 0.0103025 0
0.0234894 0.0103025 0
0.0234894 0.0103025 0
0.0234894 0.0103025 0
0.0234894 0.0103025 0
0.0234894 0.0103025 0
0.0234894 0.0103025 0
0.0234894 0.0103025 0
0.0234894 0.0103025 0
0.0234894 0.0103025 0
0.0234894 0.0103025 0
0.0234894 0.0103025 0
0.0234894 0.0103025 0
0.0234894 0.0103025 0
0.0234894 0.0103025 0
0.0234894 0.0103025 0
0.0234894 0.0103025 0
0.0234894 0.0103025 0
0.0234894 0.0103025 0
0.0234894 0.0103025 0
0.0234894 0.0103025 0
0.0234894 0.0103025 0
0.0234894 0.0103025 0
0.0234894 0.0103025 0
0.0234894 0.0103025 0
0.0234894 0.0103025 0
0.0234894 0.0103025 0
0.0234894 0.0103025 0
0.0234894 0.0103025 0
0.0234894 0.0103025 0
0.0234894 0.0103025 0
0.0234894 0.0103025 0
0.0234894 0.0103025 0
0.0234894 0.0103025 0
0.0234894 0.0103025 0
0.0234894 0.0103025 0
0.0234894 0.0103025 0
0.0234894 0.0103025 0
0.0234894 0.0103025 0
0.0234894 0.0103025 0
0.0234894 0.0103025 0
0.0234894 0.0103025 0
0.0234894 0.0103025 0
0.0234894 0.0103025 0
0.0234894 0.0103025 0
0.0234894 0.0103025 0
0.0234894 0.0103025 0
0.0230168 0.0103025 0
0.0221292 0.0103025 0
0.0213369 0.0103025 0
0.0206797 0.0103025 0
0.0201812 0.0103025 0
0.0198506 0.0103025 0
0.0196821 0.0103025 0
0.0196274 0.0103025 0
0.0195935 0.0103025 0
0.0194548 0.0103025 0
0.0191752 0.0103025 0
0.0191752 0.0103025 0
0.0191752 0.0103025 0
0.0191752 0.0103025 0
0.0191752 0.0103025 0
0.0191752 0.0103025 0
0.0191752 0.0103025 0
0.0191752 0.0103025 0
0.0191752 0.0103025 0
0.0191752 0.0103025 0
0.0191752 0.0103025 0
0.0191752 0.0103025 0
0.0191752 0.0103025 0
0.0191752 0.0103025 0
0.0191752 0.0103025 0
0.0191752 0.0103025 0
0.0191752 0.0103025 0
0.0191752 0.0103025 0
0.0191752 0.0103025 0
0.0191752 0.0103025 0
0.0191752 0.0103025 0
0.0191752 0.0103025 0
0.0191752 0.0103025 0
0.0191752 0.0103025 0
0.0191752 0.0103025 0
0.0191752 0.0103025 0
0.0191752 0.0103025 0
0.0191752 0.0103025 0
0.0191752 0.0103025 0
0.0191752 0.0103025 0
0.0191752 0.0103025 0
0.0191752 0.0103025 0
0.0191752 0.0103025 0
0.0191752 0.0103025 0
0.0191752 0.0103025 0
0.0191752 0.0103025 0
0.0191752 0.0103025 0
0.0191752 0.0103025 0
0.0191752 0.0103025 0
0.0191752 0.0103025 0
0.0191752 0.0103025 0
0.0191752 0.0103025 0
0.0191752 0.0103025 0
0.0191752 0.0103025 0
0.0191752 0.0103025 0
0.0191752 0.0103025 0
0.0191752 0.0103025 0
0.0191752 0.0103025 0
0.0191752 0.0103025 0
0.0191752 0.0103025 0
0.0191752 0.0103025 0
0.0191752 0.0103025 0
0.0191752 0.0103025 0
0.0191752 0.0103025 0
0.0191752 0.0103025 0
0.0191752 0.0103025 0
0.0191752 0.0103025 0
0.0191752 0.0103025 0
0.0191752 0.0103025 0
0.0191752 0.0103025 0
0.0191752 0.0103025 0
0.0191752 0.0103025 0
0.0191752 0.0103025 0
0.0191752 0.0103025 0
0.0191752 0.0103025 0
0.0191752 0.0103025 0
0.0191752 0.0103025 0
0.0191752 0.0103025 0
0.0191752 0.0103025 0
0.0191752 0.0103025 0
0.0191752 0.0103025 0
0.0191752 0.0103025 0
0.0191752 0.0103025 0
0.0191752 0.0103025 0
0.0191752 0.0103025 0
0.0191752 0.0103025 0
0.0191752 0.0103025 0
0.0191752 0.0103025 0
0.0191752 0.0103025 0
0.0191752 0.0103025 0
0.0191752 0.0103025 0
0.0191752 0.0103025 0
0.0191752 0.0103025 0
0.0191752 0.0103025 0
0.0191752 0.0103025 0
0.0191752 0.0103025 0
0.0191752 0.0103025 0
0.0191752 0.0103025 0
0.0191752 0.0103025 0
0.0191752 0.0103025 0
0.0191752 0.0103025 0
0.0191752 0.0103025 0
0.0191752 0.0103025 0
0.0191752 0.0103025 0
0.0191752 0.0103025 0
0.0191752 0.0103025 0
0.0191752 0.0103025 0
0.0191752 0.0103025 0
0.0191752 0.0103025 0
0.0191752 0.0103025 0
0.0191752 0.0103025 0
0.0191752 0.0103025 0
0.0191752 0.0103025 0
0.0191752 0.0103025 0
0.0191752 0.0103025 0
0.0191752 0.0103025 0
0.0191752 0.0103025 0
0.0191752 0.0103025 0
0.0191752 0.0103025 0
0.0191752 0.0103025 0
0.0191752 0.0103025 0
0.0191752 0.0103025 0
0.0191752 0.0103025 0
0.0191752 0.0103025 0
0.0191752 0.0103025 0
0.0191752 0.0103025 0
0.0191752 0.0103025 0
0.0191752 0.0103025 0
0.0191752 0.0103025 0
0.0191752 0.0103025 0
0.0191752 0.0103025 0
0.0191752 0.0103025 0
0.0191752 0.0103025 0
0.0191752 0.0103025 0
0.0191752 0.0103025 0
0.0191752 0.0103025 0
0.0191752 0.0103025 0
0.0191752 0.0103025 0
0.0191752 0.0103025 0
0.0191752 0.0103025 0
0.0191752 0.0103025 0
0.0191752 0.0103025 0
0.0191752 0.0103025 0
0.0191752 0.0103025 0
0.0191752 0.0103025 0
0.0191752 0.0103025 0
0.0191752 0.0103025 0
0.0191752 0.0103025 0
0.0191752 0.0103025 0
0.0191752 0.0103025 0
0.0191752 0.0103025 0
0.0191752 0.0103025 0
0.0191752 0.0103025 0
0.0191752 0.0103025 0
0.0191752 0.0103025 0
0.0191752 0.0103025 0
0.0202089 0.0103025 0
0.0218366 0.0103025 0
0.0228314 0.0103025 0
0.0231348 0.0103025 0
0.0227629 0.0103025 0
0.0218073 0.0103025 0
0.0202761 0.0103025 0
0.0202761 0.0103025 0
0.0202761 0.0103025 0
0.0202761 0.0103025 0
0.0202761 0.0103025 0
0.0202761 0.0103025 0
0.0202761 0.0103025 0
0.0202761 0.0103025 0
0.0202761 0.0103025 0
0.0202761 0.0103025 0
0.0202761 0.0103025 0
0.0202761 0.0103025 0
0.0202761 0.0103025 0
0.0202761 0.0103025 0
0.0202761 0.0103025 0
0.0202761 0.0103025 0
0.0202761 0.0103025 0
0.0202761 0.0103025 0
0.0202761 0.0103025 0
0.0202761 0.0103025 0
0.0202761 0.0103025 0
0.0202761 0.0103025 0
0.0202761 0.0103025 0
0.0202761 0.0103025 0
0.0202761 0.0103025 0
0.0202761 0.0103025 0
0.0202761 0.0103025 0
0.0202761 0.0103025 0
0.0202761 0.0103025 0
0.0202761 0.0103025 0
0.0202761 0.0103025 0
0.0202761 0.0103025 0
0.0202761 0.0103025 0
0.0202761 0.0103025 0
0.0202761 0.0103025 0
0.0202761 0.0103025 0
0.0202761 0.0103025 0
0.0202761 0.0103025 0
0.0202761 0.0103025 0
0.0202761 0.0103025 0
0.0202761 0.0103025 0
0.0202761 0.0103025 0
0.0202761 0.0103025 0
0.0202761 0.0103025 0
0.0202761 0.0103025 0
0.0202761 0.0103025 0
0.0202761 0.0103025 0
0.0202761 0.0103025 0
0.0202761 0.0103025 0
0.0202761 0.0103025 0
0.0202761 0.0103025 0
0.0202761 0.0103025 0
0.0202761 0.0103025 0
0.0202761 0.0103025 0
0.0202761 0.0103025 0
0.0202761 0.00830845 0
0.0202761 0.00830845 0
0.0202761 0.00830845 0
0.0202761 0.00830845 0
0.0202761 0.00830845 0
0.0202761 0.00830845 0
0.0202761 0.00830845 0
0.0198988 0.00830845 0
0.0198988 0.00830845 0
0.0198988 0.00773567 0
0.0198988 0.00773567 0
0.0198988 0.00773567 0
0.0198988 0.00768583 0
0.0198988 0.00768583 0
0.0198988 0.00768583 0
0.0198988 0.00768583 0
0.0198988 0.00768583 0
0.0198988 0.00768583 0
0.0198988 0.00768583 0
0.0198988 0.00768583 0
0.0198988 0.00768583 0
0.0198988 0.00768583 0
0.0198988 0.00768583 0
0.0198988 0.00768583 0
0.0198988 0.00768583 0
0.0198988 0.00768583 0
0.0198988 0.00768583 0
0.0198988 0.00768583 0
0.0198988 0.00768583 0
0.0198988 0.00768583 0
0.0198988 0.00768583 0
0.0198988 0.00768583 0
0.0198988 0.00768583 0
0.0198988 0.00768583 0
0.0198988 0.00768583 0
0.0198988 0.00768583 0
0.0198988 0.00768583 0
0.0198988 0.00768583 0
0.0198988 0.00768583 0
0.0198988 0.00768583 0
0.0198988 0.00768583 0
0.0198988 0.00768583 0
0.0198988 0.00768583 0
0.0198988 0.00768583 0
0.0198988 0.00768583 0
0.0198988 0.00768583 0
0.0198988 0.00768583 0
0.0198988 0.00768583 0
0.0198988 0.00768583 0
0.0198988 0.00768583 0
0.0198988 0.00768583 0
0.0198988 0.00768583 0
0.0198988 0.00768583 0
0.0198988 0.00768583 0
0.0198988 0.00768583 0
0.0198988 0.00768583 0
0.0198988 0.00768583 0
0.0198988 0.00768583 0
0.0198988 0.00768583 0
0.0198988 0.00768583 0
0.0198988 0.00768583 0
0.0198988 0.00768583 0
0.0198988 0.00768583 0
0.0198988 0.00768583 0
0.0198988 0.00768583 0
0.0198988 0.00768583 0
0.0198988 0.00768583 0
0.0198988 0.00768583 0
0.0198988 0.00768583 0
0.0198988 0.00768583 0
0.0198988 0.00768583 0
0.0198988 0.00768583 0
0.0198988 0.00768583 0
0.0198988 0.00768583 0
0.0198988 0.00768583 0
0.0198988 0.00768583 0
0.0198988 0.00768583 0
0.0198988 0.00768583 0
0.0198988 0.00768583 0
0.0198988 0.00768583 0
0.0198988 0.00768583 0
0.0198988 0.00768583 0
0.0198988 0.00768583 0
0.0198988 0.00768583 0
0.0198988 0.00768583 0
0.0198988 0.00768583 0
0.0198988 0.00768583 0
0.0198988 0.00768583 0
0.0198988 0.00768583 0
0.0198988 0.00768583 0
0.0198988 0.00768583 0
0.0198988 0.00768583 0
0.0198988 0.00768583 0
0.0198988 0.00768583 0
0.0198988 0.00768583 0
0.0198988 0.00768583 0
0.0198988 0.00768583 0
0.0198988 0.00768583 0
0.0198988 0.00768583 0
0.0198988 0.00768583 0
0.0198988 0.00768583 0
0.0198988 0.00768583 0
0.0198988 0.00768583 0
0.0198988 0.00768583 0
0.0198988 0.00768583 0
0.0198988 0.00768583 0
0.0198988 0.00768583 0
0.0198988 0.00768583 0
0.0198988 0.00768583 0
0.0198988 0.00768583 0
0.0198988 0.00768583 0
0.0198988 0.00768583 0
0.0198988 0.00768583 0
0.0198988 0.00768583 0
0.0198988 0.00768583 0
0.0198988 0.00768583 0
0.0198988 0.00768583 0
0.0198988 0.00768583 0
0.0198988 0.00768583 0
0.0198988 0.00768583 0
0.0198988 0.00768583 0
0.0198988 0.00768583 0
0.0198988 0.00768583 0
0.0198988 0.00768583 0
0.0198988 0.00768583 0
0.0198988 0.00768583 0
0.0198988 0.00768583 0
0.0198988 0.00768583 0
0.0198988 0.00768583 0
0.0198988 0.00768583 0
0.0198988 0.00768583 0
0.0198988 0.00768583 0
0.0198988 0.00768583 0
0.0198988 0.00768583 0
0.0198988 0.00768583 0
0.0198988 0.00768583 0
0.0198988 0.00768583 0
0.0198988 0.00768583 0
0.0198988 0.00768583 0
0.0198988 0.00768583 0
0.0198988 0.00768583 0
0.0198988 0.00768583 0
0.0198988 0.00768583 0
0.0198988 0.00768583 0
0.0198988 0.00768583 0
0.0198988 0.00768583 0
0.0198988 0.00768583 0
0.0198988 0.00768583 0
0.0198988 0.00768583 0
0.0198988 0.00768583 0
0.0198988 0.00768583 0
0.0198988 0.00768583 0
0.0198988 0.00768583 0
0.0198988 0.00768583 0
0.0198988 0.00768583 0
0.0198988 0.00768583 0
0.0198988 0.00768583 0
0.0198988 0.00768583 0
0.0198988 0.00768583 0
0.0198988 0.00768583 0
0.0198988 0.00768583 0
0.0198988 0.00768583 0
0.0198988 0.00768583 0
0.0198988 0.00768583 0
0.0198988 0.00768583 0
0.0198988 0.00768583 0
0.0198988 0.00768583 0
0.0198988 0.00768583 0
0.0198988 0.00768583 0
0.0198988 0.00768583 0
0.0198988 0.00768583 0
0.0198988 0.00768583 0
0.0198988 0.00768583 0
0.0198988 0.00768583 0
0.0198988 0.00768583 0
0.0198988 0.00768583 0
0.0198988 0.00768583 0
0.0198988 0.00768583 0
0.0198988 0.00768583 0
0.0198988 0.00768583 0
0.0198988 0.00768583 0
0.0198988 0.00768583 0
0.0198988 0.00768583 0
0.0198988 0.00768583 0
0.0198988 0.00768583 0
0.0198988 0.00768583 0
0.0198988 0.00768583 0
0.0198988 0.00768583 0
0.0198988 0.00768583 0
0.0198988 0.00768583 0
0.0198988 0.00768583 0
0.0198988 0.00768583 0
0.0198988 0.00768583 0
0.0198988 0.00768583 0
0.0198988 0.00768583 0
0.0198988 0.00768583 0
0.0198988 0.00768583 0
0.0198988 0.00768583 0
0.0198988 0.00768583 0
0.0198988 0.00768583 0
0.0198988 0.00768583 0
0.0198988 0.00768583 0
0.0198988 0.00768583 0
0.0198988 0.00768583 0
0.0198988 0.00768583 0
0.0198988 0.00768583 0
0.0198988 0.00768583 0
0.0198988 0.00768583 0
0.0198988 0.00768583 0
0.0198988 0.00768583 0
0.0198988 0.00768583 0
0.0198988 0.00768583 0
0.0198988 0.00768583 0
0.0198988 0.00768583 0
0.0198988 0.00768583 0
0.0198988 0.00768583 0
0.0198988 0.00768583 0
0.0198988 0.00768583 0
0.0198988 0.00768583 0
0.0198988 0.00768583 0
0.0198988 0.00768583 0
0.0198988 0.00768583 0
0.0198988 0.00768583 0
0.0198988 0.00768583 0
0.0198988 0.00768583 0
0.0198988 0.00768583 0
0.0198988 0.00768583 0
0.0198988 0.00768583 0
0.0198988 0.00768583 0
0.0198988 0.00768583 0
0.0198988 0.00768583 0
0.0198988 0.00768583 0
0.0198988 0.00768583 0
0.0198988 0.00768583 0
0.0198988 0.00768583 0
0.0198988 0.00768583 0
0.0198988 0.00768583 0
0.0198988 0.00768583 0
0.0198988 0.00768583 0
0.0198988 0.00768583 0
0.0198988 0.00768583 0
0.0198988 0.00768583 0
0.0198988 0.00768583 0
0.0198988 0.00768583 0
0.0198988 0.00768583 0
0.0198988 0.00768583 0
0.0198988 0.00768583 0
0.0198988 0.00768583 0
0.0198988 0.00768583 0
0.0198988 0.00768583 0
0.0198988 0.00768583 0
0.0198988 0.00768583 0
0.0198988 0.00768583 0
0.0198988 0.00768583 0
0.0198988 0.00768583 0
0.0198988 0.00768583 0
0.0198988 0.00768583 0
0.0198988 0.00768583 0
0.0198988 0.00768583 0
0.0198988 0.00768583 0
0.0198988 0.00768583 0
0.0198988 0.00768583 0
0.0198988 0.00768583 0
0.0198988 0.00768583 0
0.0198988 0.00768583 0
0.0198988 0.00768583 0
0.0198988 0.00768583 0
0.0198988 0.00768583 0
0.0198988 0.00768583 0
0.0198988 0.00768583 0
0.0198988 0.00768583 0
0.0198988 0.00768583 0
0.0198988 0.00768583 0
0.0198988 0.00768583 0
0.0198988 0.00768583 0
0.0198988 0.00768583 0
0.0198988 0.00768583 0
0.0198988 0.00768583 0
0.0198988 0.00768583 0
0.0198988 0.00768583 0
0.0198988 0.00768583 0
0.0198988 0.00768583 0
0.0198988 0.00768583 0
0.0198988 0.00768583 0
0.0198988 0.00768583 0
0.0198988 0.00768583 0
0.0198988 0.00768583 0
0.0198988 0.00768583 0
0.0198988 0.00768583 0
0.0198988 0.00768583 0
0.0198988 0.00768583 0
0.0198988 0.00768583 0
0.0198988 0.00768583 0
0.0198988 0.00768583 0
0.0198988 0.00768583 0
0.0198988 0.00768583 0
0.0198988 0.00768583 0
0.0198988 0.00768583 0
0.0198988 0.00768583 0
0.0198988 0.00768583 0
0.0198988 0.00768583 0
0.0198988 0.00768583 0
0.0198988 0.00768583 0
0.0198988 0.00768583 0
0.0198988 0.00768583 0
0.0198988 0.00768583 0
0.0198988 0.00768583 0
0.0198988 0.00768583 0
0.0198988 0.00768583 0
0.0198988 0.00768583 0
0.0198988 0.00768583 0
0.0198988 0.00768583 0
0.0198988 0.00768583 0
0.0198988 0.00768583 0
0.0198988 0.00768583 0
0.0198988 0.00768583 0
0.0198988 0.00768583 0
0.0198988 0.00768583 0
0.0198988 0.00768583 0
0.0198988 0.00768583 0
0.0198988 0.00768583 0
0.0198988 0.00768583 0
0.0198988 0.00768583 0
0.0198988 0.00768583 0
0.0198988 0.00768583 0
0.0198988 0.00768583 0
0.0198988 0.00768583 0
0.0198988 0.00768583 0
0.0198988 0.00768583 0
0.0198988 0.00768583 0
0.0198988 0.00768583 0
0.0198988 0.00768583 0
0.0198988 0.00768583 0
0.0198988 0.00768583 0
0.0198988 0.00768583 0
0.0198988 0.00768583 0
0.0198988 0.00768583 0
0.0198988 0.00768583 0
0.0198988 0.00768583 0
0.0198988 0.00768583 0
0.0198988 0.00768583 0
0.0198988 0.00768583 0
0.0198988 0.00768583 0
0.0198988 0.00768583 0
0.0198988 0.00768583 0
0.0198988 0.00768583 0
0.0198988 0.00768583 0
0.0198988 0.00768583 0
0.0198988 0.00768583 0
0.0198988 0.00768583 0
0.0198988 0.00768583 0
0.0198988 0.00768583 0
0.0198988 0.00768583 0
0.0198988 0.00768583 0
0.0198988 0.00768583 0
0.0198988 0.00768583 0
0.0198988 0.00768583 0
0.0198988 0.00768583 0
0.0198988 0.00768583 0
0.0198988 0.00768583 0
0.0198988 0.00768583 0
0.0198988 0.00768583 0
0.0198988 0.00768583 0
0.0198988 0.00768583 0
0.0198988 0.00768583 0
0.0198988 0.00768583 0
0.0198988 0.00768583 0
0.0198988 0.00768583 0
0.0198988 0.00768583 0
0.0198988 0.00768583 0
0.0198988 0.00768583 0
0.0198988 0.00768583 0
0.0198988 0.00768583 0
0.0198988 0.00768583 0
0.0198988 0.00768583 0
0.0198988 0.00768583 0
0.0198988 0.00768583 0
0.0198988 0.00768583 0
0.0198988 0.00768583 0
0.0198988 0.00768583 0
0.0198988 0.00768583 0
0.0198988 0.00768583 0
0.0198988 0.00768583 0
0.0198988 0.00768583 0
0.0198988 0.00768583 0
0.0198988 0.00768583 0
0.0198988 0.00768583 0
0.0198988 0.00768583 0
0.0198988 0.00768583 0
0.0198988 0.00768583 0
0.0198988 0.00768583 0
0.0198988 0.00768583 0
0.0198988 0.00768583 0
0.0198988 0.00768583 0
0.0198988 0.00768583 0
0.0198988 0.00768583 0
0.0198988 0.00767451 0
0.0198988 0.00767451 0
0.0198988 0.00767451 0
0.0198988 0.00767451 0
0.0198988 0.00767451 0
0.0198988 0.00767451 0
0.0198988 0.00767451 0
0.0198988 0.00767451 0
0.0198988 0.00767451 0
0.0198988 0.00767451 0
0.0198988 0.00767451 0
0.0198988 0.00767451 0
0.0198988 0.00767451 0
0.0198988 0.00767451 0
0.0198988 0.00767451 0
0.0198988 0.00767451 0
0.0198988 0.00767451 0
0.0198988 0.00767451 0
0.0198988 0.00767451 0
0.0198988 0.00767451 0
0.0198988 0.00767451 0
0.0198988 0.00767451 0
0.0198988 0.00767451 0
0.0198988 0.00767451 0
0.0198988 0.00767451 0
0.0198988 0.00767451 0
0.0198988 0.00767451 0
0.0198988 0.00767451 0
0.0198988 0.00767451 0
0.0198988 0.00767451 0
0.0198988 0.00767451 0
0.0198988 0.00767451 0
0.0198988 0.00767451 0
0.0198988 0.00767451 0
0.0198988 0.00767451 0
0.0198988 0.00767451 0
0.0198988 0.00767451 0
0.0198988 0.00767451 0
0.0198988 0.00767451 0
0.0198988 0.00767451 0
0.0198988 0.00767451 0
0.0198988 0.00767451 0
0.0198988 0.00767451 0
0.0198988 0.00767451 0
0.0198988 0.00767451 0
0.0198988 0.00767451 0
0.0198988 0.00767451 0
0.0198988 0.00767451 0
0.0198988 0.00767451 0
0.0198988 0.00767451 0
0.0198988 0.00767451 0
0.0198988 0.00767451 0
0.0198988 0.00767451 0
0.0198988 0.00767451 0
0.0198988 0.00767451 0
0.0198988 0.00767451 0
0.0198988 0.00767451 0
0.0198988 0.00767451 0
0.0198988 0.00767451 0
0.0198988 0.00767451 0
0.0198988 0.00767451 0
0.0198988 0.00767451 0
0.0198988 0.00767451 0
0.0198988 0.00767451 0
0.0198988 0.00767451 0
0.0198988 0.00767451 0
0.0198988 0.00767451 0
0.0198988 0.00767451 0
0.0198988 0.00767451 0
0.0198988 0.00767451 0
0.0198988 0.00767451 0
0.0198988 0.00767451 0
0.0198988 0.00767451 0
0.0198988 0.00767451 0
0.0198988 0.00767451 0
0.0198988 0.00767451 0
0.0198988 0.00767451 0
0.0198988 0.00767451 0
0.0198988 0.00767451 0
0.0198988 0.00767451 0
0.0198988 0.00767451 0
0.0198988 0.00767451 0
0.0221124 0.00767451 0
0.0267091 0.00767451 0
0.0314735 0.00767451 0
0.0363367 0.00767451 0
0.0412573 0.00767451 0
0.0461834 0.00767451 0
0.0510704 0.00767451 0
0.0558944 0.00767451 0
0.0606154 0.00767451 0
0.0651819 0.00767451 0
0.0695471 0.00767451 0
0.0736588 0.00767451 0
0.0774687 0.00767451 0
0.0809358 0.00767451 0
0.0840366 0.00767451 0
0.0867886 0.00984868 0
0.0892005 0.0117489 0
0.0912626 0.0133726 0
0.0929884 0.0147131 0
0.0944022 0.0157703 0
0.0952334 0.0166358 0
0.0949871 0.0173606 0
0.094592 0.017778 0
0.0940494 0.0179004 0
0.0932096 0.0178713 0
0.0921058 0.0176594 0
0.0908553 0.0172746 0
0.0895042 0.0167319 0
0.0880454 0.0160599 0
0.0865145 0.0152876 0
0.0849833 0.0144273 0
0.0834961 0.0134884 0
0.0820749 0.0124896 0
0.0807563 0.0114539 0
0.079587 0.0103883 0
0.0785956 0.00984593 0
0.0777976 0.00984593 0
0.0772106 0.00984593 0
0.0768486 0.00984593 0
0.0767177 0.00984593 0
0.0768412 0.00984593 0
0.0772444 0.00984593 0
0.0779135 0.00984593 0
0.0788261 0.00984593 0
0.0799513 0.00984593 0
0.0812539 0.00984593 0
0.0826939 0.00984593 0
0.0842266 0.00984593 0
0.0856596 0.00984593 0
0.0869219 0.00984593 0
0.0879508 0.00984593 0
0.0886997 0.00984593 0
0.0891252 0.00984593 0
0.089182 0.00984593 0
0.0888863 0.00984593 0
0.0882178 0.00984593 0
0.0871371 0.00984593 0
0.0856058 0.00984593 0
0.0835903 0.00984593 0
0.081067 0.00984593 0
0.0780409 0.00984593 0
0.0745233 0.00984593 0
0.0705234 0.00984593 0
0.066064 0.00984593 0
0.0611599 0.00984593 0
0.0558448 0.00984593 0
0.0501622 0.00984593 0
0.0441683 0.00984593 0
0.0410726 0.00984593 0
0.0410726 0.00984593 0
0.0410726 0.00984593 0
0.0410726 0.00984593 0
0.0410726 0.00984593 0
0.0410726 0.00984593 0
0.0410726 0.00984593 0
0.0410726 0.00984593 0
0.0410726 0.00984593 0
0.0410726 0.00984593 0
0.0410726 0.00984593 0
0.0410726 0.00984593 0
0.0410726 0.00984593 0
0.0410726 0.00984593 0
0.0410726 0.00984593 0
0.0410726 0.00984593 0
0.0410726 0.00984593 0
0.0410726 0.00984593 0
0.0410726 0.00984593 0
0.0410726 0.00984593 0
0.0410726 0.00984593 0
0.0410726 0.00984593 0
0.0410726 0.00984593 0
0.0410726 0.00984593 0
0.0410726 0.00984593 0
0.0410726 0.00984593 0
0.0410726 0.00984593 0
0.0410726 0.00984593 0
0.0410726 0.00984593 0
0.0410726 0.00984593 0
0.0410726 0.00984593 0
0.0410726 0.00984593 0
0.0410726 0.00984593 0
0.0410726 0.00984593 0
0.0410726 0.00984593 0
0.0410726 0.00984593 0
0.0410726 0.00984593 0
0.0410726 0.00984593 0
0.0410726 0.00984593 0
0.0410726 0.00984593 0
0.0410726 0.00984593 0
0.0410726 0.00984593 0
0.0410726 0.00984593 0
0.0410726 0.00984593 0
0.0410726 0.00984593 0
0.0410726 0.00984593 0
0.0410726 0.00984593 0
0.0410726 0.00984593 0
0.0410726 0.00984593 0
0.0396489 0.00984593 0
0.0382815 0.00984593 0
0.0382815 0.00984593 0
0.0382815 0.00984593 0
0.0374681 0.00984593 0
0.0374681 0.00984593 0
0.0374681 0.00984593 0
0.0374681 0.00984593 0
0.0374681 0.00984593 0
0.0374681 0.00984593 0
0.0374681 0.00984593 0
0.0374681 0.00984593 0
0.0374681 0.00984593 0
0.0374681 0.00984593 0
0.0374681 0.00984593 0
0.0374681 0.00984593 0
0.0374681 0.00984593 0
0.0374681 0.00984593 0
0.0374681 0.00984593 0
0.0374681 0.00984593 0
0.0374681 0.00984593 0
0.0374681 0.00984593 0
0.0374681 0.00984593 0
0.0374681 0.00984593 0
0.0374681 0.00984593 0
0.0374681 0.00984593 0
0.0374681 0.00984593 0
0.0374681 0.00984593 0
0.0374681 0.00984593 0
0.0374681 0.00984593 0
0.0374681 0.00984593 0
0.0374681 0.00984593 0
0.0374681 0.00984593 0
0.0374681 0.00984593 0
0.0374681 0.00984593 0
0.0374681 0.00984593 0
0.0374681 0.00984593 0
0.0374681 0.00984593 0
0.0374681 0.00984593 0
0.0374681 0.00984593 0
0.0374681 0.00984593 0
0.0374681 0.00984593 0
0.0374681 0.00984593 0
0.0374681 0.00984593 0
0.0374681 0.00984593 0
0.0374681 0.00984593 0
0.0374681 0.00984593 0
0.0374681 0.00984593 0
0.0374681 0.00984593 0
0.0374559 0.00984593 0
0.0374559 0.00984593 0
0.0374559 0.00984593 0
0.0374559 0.00984593 0
0.0374559 0.00984593 0
0.0374559 0.00984593 0
0.0374559 0.00984593 0
0.0374559 0.00984593 0
0.0374559 0.00984593 0
0.0374559 0.00984593 0
0.0374559 0.00984593 0
0.0374559 0.00984593 0
0.0374498 0.00984593 0
0.0374498 0.00984593 0
0.0374498 0.00984593 0
0.0374498 0.00984593 0
0.0374498 0.00984593 0
0.0374498 0.00984593 0
0.0374498 0.00984593 0
0.0374498 0.00984593 0
0.0374498 0.00984593 0
0.0374498 0.00984593 0
0.0374498 0.00984593 0
0.0374498 0.00984593 0
0.0374498 0.00984593 0
0.0374498 0.00984593 0
0.0374498 0.00984593 0
0.0374498 0.00984593 0
0.0374498 0.00984593 0
0.0374498 0.00984593 0
0.0374498 0.00984593 0
0.0374498 0.00984593 0
0.0374498 0.00984593 0
0.0374498 0.00984593 0
0.0374498 0.00984593 0
0.0374498 0.00984593 0
0.0374498 0.00984593 0
0.0374498 0.00984593 0
0.0374498 0.00984593 0
0.0374498 0.00984593 0
0.0374498 0.00984593 0
0.0374498 0.00984593 0
0.0374498 0.00984593 0
0.0374498 0.00984593 0
0.0374498 0.00984593 0
0.0374498 0.00984593 0
0.0374498 0.00984593 0
0.0374498 0.00984593 0
0.0374498 0.00984593 0
0.0374498 0.00984593 0
0.0374498 0.00984593 0
0.0374498 0.00984593 0
0.0374498 0.00984593 0
0.0374498 0.00984593 0
0.0374498 0.00984593 0
0.0374498 0.00984593 0
0.0374498 0.00984593 0
0.0374498 0.00984593 0
0.0374498 0.00984593 0
0.0374498 0.00984593 0
0.0374498 0.00984593 0
0.0374498 0.00984593 0
0.0374498 0.00984593 0
0.0374498 0.00984593 0
0.0374498 0.00984593 0
0.0374498 0.00984593 0
0.0374498 0.00984593 0
0.0374498 0.00984593 0
0.0374498 0.00984593 0
0.0374498 0.00984593 0
0.0374498 0.00984593 0
0.0374498 0.00984593 0
0.0374498 0.00984593 0
0.0374498 0.00984593 0
0.0374498 0.00984593 0
0.0374498 0.00984593 0
0.0374498 0.00984593 0
0.0374498 0.00984593 0
0.0374498 0.00984593 0
0.0374498 0.00984593 0
0.0374498 0.00984593 0
0.0374498 0.00984593 0
0.0374498 0.00984593 0
0.0374498 0.00984593 0
0.0374498 0.00984593 0
0.0374498 0.00984593 0
0.0374498 0.00984593 0
0.0374498 0.00984593 0
0.0374498 0.00984593 0
0.0374498 0.00984593 0
0.0374498 0.00984593 0
0.0374498 0.00984593 0
0.0374498 0.00984593 0
0.0374498 0.00984593 0
0.0374498 0.00984593 0
0.0374498 0.00984593 0
0.0374498 0.00984593 0
0.0374498 0.00984593 0
0.0374498 0.00984593 0
0.0374498 0.00984593 0
0.0374498 0.00984593 0
0.0374498 0.00984593 0
0.0374498 0.00984593 0
0.0374498 0.00984593 0
0.0374498 0.00984593 0
0.0374498 0.00984593 0
0.0374498 0.00984593 0
0.0374498 0.00984593 0
0.0374498 0.00984593 0
0.0374498 0.00984593 0
0.0374498 0.00984593 0
0.0374498 0.00984593 0
0.0374498 0.00984593 0
0.0374498 0.00984593 0
0.0374498 0.00984593 0
0.0374498 0.00984593 0
0.0374498 0.00984593 0
0.0374498 0.00984593 0
0.0374498 0.00984593 0
0.0374498 0.00984593 0
0.0374498 0.00984593 0
0.0374498 0.00984593 0
0.0374498 0.00984593 0
0.0374498 0.00984593 0
0.0374498 0.00984593 0
0.0374498 0.00984593 0
0.0374498 0.00984593 0
0.0374498 0.00984593 0
0.0374498 0.00984593 0
0.0374498 0.00984593 0
0.0374498 0.00984593 0
0.0374498 0.00984593 0
0.0374498 0.00984593 0
0.0374498 0.00984593 0
0.0374498 0.00984593 0
0.0374498 0.00984593 0
0.0374498 0.00984593 0
0.0374498 0.00984593 0
0.0374498 0.00984593 0
0.0374498 0.00984593 0
0.0374498 0.00984593 0
0.0374498 0.00984593 0
0.0374498 0.00984593 0
0.0374498 0.00984593 0
0.0374498 0.00984593 0
0.0374498 0.00984593 0
0.0374498 0.00984593 0
0.0374498 0.00984593 0
0.0374498 0.00984593 0
0.0374498 0.00984593 0
0.0374498 0.00984593 0
0.0374498 0.00984593 0
0.0374498 0.00984593 0
0.0374498 0.00984593 0
0.0374498 0.00984593 0
0.0374498 0.00984593 0
0.0374498 0.00984593 0
0.0374498 0.00984593 0
0.0374498 0.00984593 0
0.0374498 0.00984593 0
0.0374498 0.00984593 0
0.0374498 0.00984593 0
0.0374498 0.00984593 0
0.0374498 0.00984593 0
0.0374498 0.00984593 0
0.0374498 0.00984593 0
0.0374498 0.00984593 0
0.0374498 0.00984593 0
0.0374498 0.00984593 0
0.0374498 0.00984593 0
0.0374498 0.00984593 0
0.0374498 0.00984593 0
0.0374498 0.00984593 0
0.0374498 0.00984593 0
0.0374498 0.00984593 0
0.0374498 0.00984593 0
0.0374498 0.00984593 0
0.0374498 0.00984593 0
0.0374498 0.00984593 0
0.0374498 0.00984593 0
0.0374498 0.00984593 0
0.0374498 0.00984593 0
0.0374498 0.00984593 0
0.0374498 0.00984593 0
0.0374498 0.00984593 0
0.0374498 0.00984593 0
0.0374498 0.00984593 0
0.0374498 0.00984593 0
0.0374498 0.00984593 0
0.0374498 0.00984593 0
0.0374498 0.00984593 0
0.0374498 0.00984593 0
0.0374498 0.00984593 0
0.0374498 0.00984593 0
0.0374498 0.00984593 0
0.0374498 0.00984593 0
0.0374498 0.00984593 0
0.0374498 0.00984593 0
0.0374498 0.00984593 0
0.0374498 0.00984593 0
0.0374498 0.00984593 0
0.0374498 0.00984593 0
0.0374498 0.00984593 0
0.0374498 0.00984593 0
0.0374498 0.00984593 0
0.0374498 0.00984593 0
0.0374498 0.00984593 0
0.0374498 0.00984593 0
0.0374498 0.00984593 0
0.0374498 0.00984593 0
0.0374498 0.00984593 0
0.0374498 0.00984593 0
0.0374498 0.00984593 0
0.0374498 0.00984593 0
0.0374498 0.00984593 0
0.0374498 0.00984593 0
0.0374498 0.00984593 0
0.0374498 0.00984593 0
0.0374498 0.00984593 0
0.0374498 0.00984593 0
0.0374498 0.00984593 0
0.0374498 0.00984593 0
0.0374498 0.00984593 0
0.0374498 0.00984593 0
0.0374498 0.00984593 0
0.0374498 0.00984593 0
0.0374498 0.00984593 0
0.0374498 0.00984593 0
0.0374498 0.00984593 0
0.0374498 0.00984593 0
0.0374498 0.00984593 0
0.0374498 0.00984593 0
0.0374498 0.00984593 0
0.0374498 0.00984593 0
0.0374498 0.00984593 0
0.0374498 0.00984593 0
0.0374498 0.00984593 0
0.0374498 0.00984593 0
0.0374498 0.00984593 0
0.0374498 0.00984593 0
0.0374498 0.00984593 0
0.0374498 0.00984593 0
0.0374498 0.00984593 0
0.0374498 0.00984593 0
0.0374498 0.00984593 0
0.0374498 0.00984593 0
0.0374498 0.00984593 0
0.0374498 0.00984593 0
0.0374498 0.00984593 0
0.0374498 0.00984593 0
0.0374498 0.00984593 0
0.0374498 0.00984593 0
0.0374498 0.00984593 0
0.0374498 0.00984593 0
0.0374498 0.00984593 0
0.0374498 0.00984593 0
0.0374498 0.00984593 0
0.0374498 0.00984593 0
0.0374498 0.00984593 0
0.0374498 0.00984593 0
0.0374498 0.00984593 0
0.0374498 0.00984593 0
0.0374498 0.00984593 0
0.0374498 0.00984593 0
0.0374498 0.00984593 0
0.0374498 0.00984593 0
0.0374498 0.00984593 0
0.0374498 0.00984593 0
0.0374498 0.00984593 0
0.0374498 0.00984593 0
0.0374498 0.00984593 0
0.0374498 0.00984593 0
0.0374498 0.00984593 0
0.0374498 0.00984593 0
0.0374498 0.00984593 0
0.0374498 0.00984593 0
0.0374498 0.00984593 0
0.0374498 0.00984593 0
0.0374498 0.00984593 0
0.0374498 0.00984593 0
0.0374498 0.00984593 0
0.0374498 0.00984593 0
0.0374498 0.00984593 0
0.0374498 0.00984593 0
0.0374498 0.00984593 0
0.0374498 0.00984593 0
0.0374498 0.00984593 0
0.0374498 0.00984593 0
0.0374498 0.00984593 0
0.0374498 0.00984593 0
0.0374498 0.00984593 0
0.0374498 0.00984593 0
0.0374498 0.00984593 0
0.0374498 0.00984593 0
0.0374498 0.00984593 0
0.0374498 0.00984593 0
0.0374498 0.00984593 0
0.0374498 0.00984593 0
0.0374498 0.00984593 0
0.0374498 0.00984593 0
0.0374498 0.00984593 0
0.0374498 0.00984593 0
0.0374498 0.00984593 0
0.0374498 0.00984593 0
0.0374498 0.00984593 0
0.0374498 0.00984593 0
0.0374498 0.00984593 0
0.0374498 0.00984593 0
0.0374498 0.00984593 0
0.0374498 0.00984593 0
0.0374498 0.00984593 0
0.0374498 0.00984593 0
0.0374498 0.00984593 0
0.0374498 0.00984593 0
0.0374498 0.00984593 0
0.0374498 0.00984593 0
0.0374498 0.00984593 0
0.0374498 0.00984593 0
0.0374498 0.00984593 0
0.0374498 0.00984593 0
0.0374498 0.00984593 0
0.0374498 0.00984593 0
0.0374498 0.00984593 0
0.0374498 0.00984593 0
0.0374498 0.00984593 0
0.0374498 0.00984593 0
0.0374498 0.00984593 0
0.0374498 0.00984593 0
0.0374498 0.00984593 0
0.0374498 0.00984593 0
0.0374498 0.00984593 0
0.0374498 0.00984593 0
0.0374498 0.00984593 0
0.0374498 0.00984593 0
0.0374498 0.00984593 0
0.0374498 0.00984593 0
0.0374498 0.00984593 0
0.0374498 0.00984593 0
0.0374498 0.00984593 0
0.0374498 0.00984593 0
0.0374498 0.00984593 0
0.0374498 0.00984593 0
0.0374498 0.00984593 0
0.0374498 0.00984593 0
0.0374498 0.00984593 0
0.0374498 0.00984593 0
0.0374498 0.00984593 0
0.0374498 0.00984593 0
0.0374498 0.00984593 0
0.0374498 0.00984593 0
0.0374498 0.00984593 0
0.0374498 0.00984593 0
0.0374498 0.00984593 0
0.0374498 0.00984593 0
0.0374498 0.00984593 0
0.0374498 0.00984593 0
0.0374498 0.00984593 0
0.0374498 0.00984593 0
0.0374498 0.00984593 0
0.0374498 0.00984593 0
0.0374498 0.00984593 0
0.0374498 0.00984593 0
0.0374498 0.00984593 0
0.0374498 0.00984593 0
0.0374498 0.00984593 0
0.0374498 0.00984593 0
0.0374498 0.00984593 0
0.0374498 0.00984593 0
0.0374498 0.00984593 0
0.0374498 0.00984593 0
0.0374498 0.00984593 0
0.0374498 0.00984593 0
0.0374498 0.00984593 0
0.0374498 0.00984593 0
0.0374498 0.00984593 0
0.0374498 0.00984593 0
0.0374498 0.00984593 0
0.0374498 0.00984593 0
0.0374498 0.00984593 0
0.0374498 0.00984593 0
0.0374498 0.00984593 0
0.0374498 0.00984593 0
0.0374498 0.00984593 0
0.0374498 0.00984593 0
0.0374498 0.00984593 0
0.0374498 0.00984593 0
0.0374498 0.00984593 0
0.0374498 0.00984593 0
0.0374498 0.00984593 0
0.0374498 0.00984593 0
0.0374498 0.00984593 0
0.0374498 0.00984593 0
0.0374498 0.00984593 0
0.0374498 0.00984593 0
0.0374498 0.00984593 0
0.0374498 0.00984593 0
0.0374498 0.00984593 0
0.0374498 0.00984593 0
0.0374498 0.00984593 0
0.0374498 0.00984593 0
0.0374498 0.00984593 0
0.0374498 0.00984593 0
0.0374498 0.00984593 0
0.0374498 0.00984593 0
0.0374498 0.00984593 0
0.0374498 0.00984593 0
0.0374498 0.00984593 0
0.0374498 0.00984593 0
0.0374498 0.00984593 0
0.0374498 0.00984593 0
0.0374498 0.00984593 0
0.0374498 0.00984593 0
0.0374498 0.00984593 0
0.0374498 0.00984593 0
0.0374498 0.00984593 0
0.0374498 0.00984593 0
0.0374498 0.00984593 0
0.0374498 0.00984593 0
0.0374498 0.00984593 0
0.0374498 0.00984593 0
0.0374498 0.00984593 0
0.0374498 0.00984593 0
0.0374498 0.00984593 0
0.0374498 0.00984593 0
0.0374498 0.00984593 0
0.0374498 0.00984593 0
0.0374498 0.00984593 0
0.0374498 0.00984593 0
0.0374498 0.00984593 0
0.0374498 0.00984593 0
0.0374498 0.00984593 0
0.0374498 0.00984593 0
0.0374498 0.00984593 0
0.0374498 0.00984593 0
0.0374498 0.00984593 0
0.0374498 0.00984593 0
0.0374498 0.00984593 0
0.0374498 0.00984593 0
0.0374498 0.00984593 0
0.0374498 0.00984593 0
0.0374498 0.00984593 0
0.0374498 0.00984593 0
0.0374498 0.00984593 0
0.0374498 0.00984593 0
0.0374498 0.00984593 0
0.0374498 0.00984593 0
0.0374498 0.00984593 0
0.0374498 0.00984593 0
0.0374498 0.00984593 0
0.0374498 0.00984593 0
0.0374498 0.00984593 0
0.0374498 0.00984593 0
0.0374498 0.00984593 0
0.0374498 0.00984593 0
0.0374498 0.00984593 0
0.0374498 0.00984593 0
0.0374498 0.00984593 0
0.0374498 0.00984593 0
0.0374498 0.00984593 0
0.0374498 0.00984593 0
0.0374498 0.00984593 0
0.0374498 0.00984593 0
0.0374498 0.00984593 0
0.0374498 0.00984593 0
0.0374498 0.00984593 0
0.0374498 0.00984593 0
0.0374498 0.00984593 0
0.0374498 0.00984593 0
0.0374498 0.00984593 0
0.0374498 0.00984593 0
0.0374498 0.00984593 0
0.0374498 0.00984593 0
0.0374498 0.00984593 0
0.0374498 0.00984593 0
0.0374498 0.00984593 0
0.0374498 0.00984593 0
0.0374498 0.00984593 0
0.0374498 0.00984593 0
0.0374498 0.00984593 0
0.0374498 0.00984593 0
0.0374498 0.00984593 0
0.0374498 0.00984593 0
0.0374498 0.00984593 0
0.0374498 0.00984593 0
0.0374498 0.00984593 0
0.0374498 0.00984593 0
0.0374498 0.00984593 0
0.0374498 0.00984593 0
0.0374498 0.00984593 0
0.0374498 0.00984593 0
0.0374498 0.00984593 0
0.0374498 0.00984593 0
0.0374498 0.00984593 0
0.0374498 0.00984593 0
0.0374498 0.00984593 0
0.0374498 0.00984593 0
0.0374498 0.00984593 0
0.0374498 0.00984593 0
0.0374498 0.00984593 0
0.0374498 0.00984593 0
0.0374498 0.00984593 0
0.0374498 0.00984593 0
0.0374498 0.00984593 0
0.0374498 0.00984593 0
0.0374498 0.00984593 0
0.0374498 0.00984593 0
0.0374498 0.00984593 0
0.0374498 0.00984593 0
0.0374498 0.00984593 0
0.0374498 0.00984593 0
0.0374498 0.00984593 0
0.0374498 0.00984593 0
0.0374498 0.00984593 0
0.0374498 0.00984593 0
0.0374498 0.00984593 0
0.0374498 0.00984593 0
0.0374498 0.00984593 0
0.0374498 0.00984593 0
0.0374498 0.00984593 0
0.0374498 0.00984593 0
0.0374498 0.00984593 0
0.0374498 0.00984593 0
0.0374498 0.00984593 0
0.0374498 0.00984593 0
0.0374498 0.00984593 0
0.0374498 0.00984593 0
0.0374498 0.00984593 0
0.0374498 0.00984593 0
0.0374498 0.00984593 0
0.0374498 0.00984593 0
0.0374498 0.00984593 0
0.0374498 0.00984593 0
0.0374498 0.00984593 0
0.0374498 0.00984593 0
0.0374498 0.00984593 0
0.0374498 0.00984593 0
0.0374498 0.00984593 0
0.0374498 0.00984593 0
0.0374498 0.00984593 0
0.0374498 0.00984593 0
0.0374498 0.00984593 0
0.0374498 0.00984593 0
0.0374498 0.00984593 0
0.0374498 0.00984593 0
0.0374498 0.00984593 0
0.0374498 0.00984593 0
0.0374498 0.00984593 0
0.0374498 0.00984593 0
0.0374498 0.00984593 0
0.0374498 0.00984593 0
0.0374498 0.00984593 0
0.0374498 0.00984593 0
0.0374498 0.00984593 0
0.0374498 0.00984593 0
0.0374498 0.00984593 0
0.0374498 0.00984593 0
0.0374498 0.00984593 0
0.0374498 0.00984593 0
0.0374498 0.00984593 0
0.0374498 0.00984593 0
0.0374498 0.00984593 0
0.0374498 0.00984593 0
0.0374498 0.00984593 0
0.0374498 0.00984593 0
0.0374498 0.00984593 0
0.0374498 0.00984593 0
0.0374498 0.00984593 0
0.0374498 0.00984593 0
0.0374498 0.00984593 0
0.0374498 0.00984593 0
0.0374498 0.00984593 0
0.0374498 0.00984593 0
0.0374498 0.00984593 0
0.0374498 0.00984593 0
0.0374498 0.00984593 0
0.0374498 0.00984593 0
0.0374498 0.00984593 0
0.0374498 0.00984593 0
0.0374498 0.00984593 0
0.0374498 0.00984593 0
0.0374498 0.00984593 0
0.0374498 0.00984593 0
0.0374498 0.00984593 0
0.0374498 0.00984593 0
0.0374498 0.00984593 0
0.0374498 0.00984593 0
0.0374498 0.00984593 0
0.0374498 0.00984593 0
0.0374498 0.00984593 0
0.0374498 0.00984593 0
0.0374498 0.00984593 0
0.0374498 0.00984593 0
0.0374498 0.00984593 0
0.0374498 0.00984593 0
0.0374498 0.00984593 0
0.0374498 0.00984593 0
0.0374498 0.00984593 0
0.0374498 0.00984593 0
0.0374498 0.00984593 0
0.0374498 0.00984593 0
0.0374498 0.00984593 0
0.0374498 0.00984593 0
0.0374498 0.00984593 0
0.0374498 0.00984593 0
0.0374498 0.00984593 0
0.0374498 0.00984593 0
0.0374498 0.00984593 0
0.0374498 0.00984593 0
0.0374498 0.00984593 0
0.0374498 0.00984593 0
0.0374498 0.00984593 0
0.0374498 0.00984593 0
0.0374498 0.00984593 0
0.0374498 0.00984593 0
0.0374498 0.00984593 0
0.0374498 0.00984593 0
0.0374498 0.00984593 0
0.0374498 0.00984593 0
0.0374498 0.00984593 0
0.0374498 0.00984593 0
0.0374498 0.00984593 0
0.0374498 0.00984593 0
0.0374498 0.00984593 0
0.0374498 0.00984593 0
0.0374498 0.00984593 0
0.0374498 0.00984593 0
0.0374498 0.00984593 0
0.0374498 0.00984593 0
0.0374498 0.00984593 0
0.0374498 0.00984593 0
0.0374498 0.00984593 0
0.0374498 0.00984593 0
0.0374498 0.00984593 0
0.0374498 0.00984593 0
0.0374498 0.00984593 0
0.0374498 0.00984593 0
0.0374498 0.00984593 0
0.0374498 0.00984593 0
0.0374498 0.00984593 0
0.0374498 0.00984593 0
0.0374498 0.00984593 0
0.0374498 0.00984593 0
0.0374498 0.00984593 0
0.0374498 0.00984593 0
0.0374498 0.00984593 0
0.0374498 0.00984593 0
0.0374498 0.00984593 0
0.0374498 0.00984593 0
0.0374498 0.00984593 0
0.0374498 0.00984593 0
0.0374498 0.00984593 0
0.0374498 0.00984593 0
0.0374498 0.00984593 0
0.0374498 0.00984593 0
0.0374498 0.00984593 0
0.0374498 0.00984593 0
0.0374498 0.00984593 0
0.0374498 0.00984593 0
0.0374498 0.00984593 0
0.0374498 0.00984593 0
0.0374498 0.00984593 0
0.0374498 0.00984593 0
0.0374498 0.00984593 0
0.0374498 0.00984593 0
0.0374498 0.00984593 0
0.0374498 0.00984593 0
0.0374498 0.00984593 0
0.0374498 0.00984593 0
0.0374498 0.00984593 0
0.0374498 0.00984593 0
0.0374498 0.00984593 0
0.0374498 0.00984593 0
0.0374498 0.00984593 0
0.0374498 0.00984593 0
0.0374498 0.00984593 0
0.0374498 0.00984593 0
0.0374498 0.00984593 0
0.0374498 0.00984593 0
0.0374498 0.00984593 0
0.0374498 0.00984593 0
0.0374498 0.00984593 0
0.0374498 0.00984593 0
0.0374498 0.00984593 0
0.0374498 0.00984593 0
0.0374498 0.00984593 0
0.0374498 0.00984593 0
0.0374498 0.00984593 0
0.0374498 0.00984593 0
0.0374498 0.00984593 0
0.0374498 0.00984593 0
0.0374498 0.00984593 0
0.0374498 0.00984593 0
0.0374498 0.00984593 0
0.0374498 0.00984593 0
0.0374498 0.00984593 0
0.0374498 0.00984593 0
0.0374498 0.00984593 0
0.0374498 0.00984593 0
0.0374498 0.00984593 0
0.0374498 0.00984593 0
0.0374498 0.00984593 0
0.0374498 0.00984593 0
0.0374498 0.00984593 0
0.0374498 0.00984593 0
0.0374498 0.00984593 0
0.0374498 0.00984593 0
0.0374498 0.00984593 0
0.0374498 0.00984593 0
0.0374498 0.00984593 0
0.0374498 0.00984593 0
0.0374498 0.00984593 0
0.0374498 0.00984593 0
0.0374498 0.00984593 0
0.0374498 0.00984593 0
0.0374498 0.00984593 0
0.0374498 0.00984593 0
0.0374498 0.00984593 0
0.0374498 0.00984593 0
0.0374498 0.00984593 0
0.0374498 0.00984593 0
0.0374498 0.00984593 0
0.0374498 0.00984593 0
0.0374498 0.00984593 0
0.0374498 0.00984593 0
0.0374498 0.00984593 0
0.0374498 0.00984593 0
0.0374498 0.00984593 0
0.0374498 0.00984593 0
0.0374498 0.00984593 0
0.0374498 0.00984593 0
0.0374498 0.00984593 0
0.0374498 0.00984593 0
0.0374498 0.00984593 0
0.0374498 0.00984593 0
0.0374498 0.00984593 0
0.0374498 0.00984593 0
0.0374498 0.00984593 0
0.0374498 0.00984593 0
0.0374498 0.00984593 0
0.0374498 0.00984593 0
0.0374498 0.00984593 0
0.0374498 0.00984593 0
0.0374498 0.00984593 0
0.0374498 0.00984593 0
0.0374498 0.00984593 0
0.0374498 0.00984593 0
0.0374498 0.00984593 0
0.0374498 0.00984593 0
0.0374498 0.00984593 0
0.0374498 0.00984593 0
0.0374498 0.00984593 0
0.0374498 0.00984593 0
0.0374498 0.00984593 0
0.0374498 0.00984593 0
0.0374498 0.00984593 0
0.0374498 0.00984593 0
0.0374498 0.00984593 0
0.0374498 0.00984593 0
0.0374498 0.00984593 0
0.0374498 0.00984593 0
0.0374498 0.00984593 0
0.0374498 0.00984593 0
0.0374498 0.00984593 0
0.0374498 0.00984593 0
0.0374498 0.00984593 0
0.0374498 0.00984593 0
0.0374498 0.00984593 0
0.0374498 0.00984593 0
0.0374498 0.00984593 0
0.0374498 0.00984593 0
0.0374498 0.00984593 0
0.0374498 0.00984593 0
0.0374498 0.00984593 0
0.0374498 0.00984593 0
0.0374498 0.00984593 0
0.0374498 0.00984593 0
0.0374498 0.00984593 0
0.0374498 0.00984593 0
0.0374498 0.00984593 0
0.0374498 0.00984593 0
0.0374498 0.00984593 0
0.0374498 0.00984593 0
0.0374498 0.00984593 0
0.0374498 0.00984593 0
0.0374498 0.00984593 0
0.0374498 0.00984593 0
0.0374498 0.00984593 0
0.0374498 0.00984593 0
0.0374498 0.00984593 0
0.0374498 0.00984593 0
0.0374498 0.00984593 0
0.0374498 0.00984593 0
0.0374498 0.00984593 0
0.0374498 0.00984593 0
0.0374498 0.00984593 0
0.0374498 0.00984593 0
0.0374498 0.00984593 0
0.0374498 0.00984593 0
0.0374498 0.00984593 0
0.0374498 0.00984593 0
0.0374498 0.00984593 0
0.0374498 0.00984593 0
0.0374498 0.00984593 0
0.0374498 0.00984593 0
0.0374498 0.00984593 0
0.0374498 0.00984593 0
0.0374498 0.00984593 0
0.0374498 0.00984593 0
0.0374498 0.00984593 0
0.0374498 0.00984593 0
0.0374498 0.00984593 0
0.0374498 0.00984593 0
0.0374498 0.00984593 0
0.0374498 0.00984593 0
0.0374498 0.00984593 0
0.0374498 0.00984593 0
0.0374498 0.00984593 0
0.0374498 0.00984593 0
0.0374498 0.00984593 0
0.0374498 0.00984593 0
0.0374498 0.00984593 0
0.0374498 0.00984593 0
0.0374498 0.00984593 0
0.0374498 0.00984593 0
0.0374498 0.00984593 0
0.0374498 0.00984593 0
0.0374498 0.00984593 0
0.0374498 0.00984593 0
0.0374498 0.00984593 0
0.0374498 0.00984593 0
0.0374498 0.00984593 0
0.0374498 0.00984593 0
0.0374498 0.00984593 0
0.0374498 0.00984593 0
0.0374498 0.00984593 0
0.0374498 0.00984593 0
0.0374498 0.00984593 0
0.0374498 0.00984593 0
0.0374498 0.00984593 0
0.0374498 0.00984593 0
0.0374498 0.00984593 0
0.0374498 0.00984593 0
0.0374498 0.00984593 0
0.0374498 0.00984593 0
0.0374498 0.00984593 0
0.0374498 0.00984593 0
0.0374498 0.00984593 0
0.0374498 0.00984593 0
0.0374498 0.00984593 0
0.0374498 0.00984593 0
0.0374498 0.00984593 0
0.0374498 0.00984593 0
0.0374498 0.00984593 0
0.0374498 0.00984593 0
0.0374498 0.00984593 0
0.0374498 0.00984593 0
0.0374498 0.00984593 0
0.0374498 0.00984593 0
0.0374498 0.00984593 0
0.0374498 0.00984593 0
0.0374498 0.00984593 0
0.0374498 0.00984593 0
0.0374498 0.00984593 0
0.0374498 0.00984593 0
0.0374498 0.00984593 0
0.0374498 0.00984593 0
0.0374498 0.00984593 0
0.0374498 0.00984593 0
0.0374498 0.00984593 0
0.0374498 0.00984593 0
0.0374498 0.00984593 0
0.0374498 0.00984593 0
0.0374498 0.00984593 0
0.0374498 0.00984593 0
0.0374498 0.00984593 0
0.0374498 0.00984593 0
0.0374498 0.00984593 0
0.0374498 0.00984593 0
0.0374498 0.00984593 0
0.0374498 0.00984593 0
0.0374498 0.00984593 0
0.0374498 0.00984593 0
0.0374498 0.00984593 0
0.0374498 0.00984593 0
0.0374498 0.00984593 0
0.0374498 0.00984593 0
0.0374498 0.00984593 0
0.0374498 0.00984593 0
0.0374498 0.00984593 0
0.0374498 0.00984593 0
0.0374498 0.00984593 0
0.0374498 0.00984593 0
0.0374498 0.00984593 0
0.0374498 0.00984593 0
0.0374498 0.00984593 0
0.0374498 0.00984593 0
0.0374498 0.00984593 0
0.0374498 0.00984593 0
0.0374498 0.00984593 0
0.0374498 0.00984593 0
0.0374498 0.00984593 0
0.0374498 0.00984593 0
0.0374498 0.00984593 0
0.0374498 0.00984593 0
0.0374498 0.00984593 0
0.0374498 0.00984593 0
0.0374498 0.00984593 0
0.0374498 0.00984593 0
0.0374498 0.00984593 0
0.0374498 0.00984593 0
0.0374498 0.00984593 0
0.0374498 0.00984593 0
0.0374498 0.00984593 0
0.0374498 0.00984593 0
0.0374498 0.00984593 0
0.0374498 0.00984593 0
0.0374498 0.00984593 0
0.0374498 0.00984593 0
0.0374498 0.00984593 0
0.0374498 0.00984593 0
0.0374498 0.00984593 0
0.0374498 0.00984593 0
0.0374498 0.00984593 0
0.0374498 0.00984593 0
0.0374498 0.00984593 0
0.0374498 0.00984593 0
0.0374498 0.00984593 0
0.0374498 0.00984593 0
0.0374498 0.00984593 0
0.0374498 0.00984593 0
0.0374498 0.00984593 0
0.0374498 0.00984593 0
0.0374498 0.00984593 0
0.0374498 0.00984593 0
0.0374498 0.00984593 0
0.0374498 0.00984593 0
0.0374498 0.00984593 0
0.0374498 0.00984593 0
0.0374498 0.00984593 0
0.0374498 0.00984593 0
0.0374498 0.00984593 0
0.0374498 0.00984593 0
0.0374498 0.00984593 0
0.0374498 0.00984593 0
0.0374498 0.00984593 0
0.0374498 0.00984593 0
0.0374498 0.00984593 0
0.0374498 0.00984593 0
0.0374498 0.00984593 0
0.0374498 0.00984593 0
0.0374498 0.00984593 0
0.0374498 0.00984593 0
0.0374498 0.00984593 0
0.0374498 0.00984593 0
0.0374498 0.00984593 0
0.0374498 0.00984593 0
0.0374498 0.00984593 0
0.0374498 0.00984593 0
0.0374498 0.00984593 0
0.0374498 0.00984593 0
0.0374498 0.00984593 0
0.0374498 0.00984593 0
0.0374498 0.00984593 0
0.0374498 0.00984593 0
0.0374498 0.00984593 0
0.0374498 0.00984593 0
0.0374498 0.00984593 0
0.0374498 0.00984593 0
0.0374498 0.00984593 0
0.0374498 0.00984593 0
0.0374498 0.00984593 0
0.0374498 0.00984593 0
0.0374498 0.00984593 0
0.0374498 0.00984593 0
0.0374498 0.00984593 0
0.0374498 0.00984593 0
0.0374498 0.00984593 0
0.0374498 0.00984593 0
0.0374498 0.00984593 0
0.0374498 0.00984593 0
0.0374498 0.00984593 0
0.0374498 0.00984593 0
0.0374498 0.00984593 0
0.0374498 0.00984593 0
0.0374498 0.00984593 0
0.0374498 0.00984593 0
0.0374498 0.00984593 0
0.0374498 0.00984593 0
0.0374498 0.00984593 0
0.0374498 0.00984593 0
0.0374498 0.00984593 0
0.0374498 0.00984593 0
0.0374498 0.00984593 0
0.0374498 0.00984593 0
0.0374498 0.00984593 0
0.0374498 0.00984593 0
0.0374498 0.00984593 0
0.0374498 0.00984593 0
0.0374498 0.00984593 0
0.0374498 0.00984593 0
0.0374498 0.00984593 0
0.0374498 0.00984593 0
0.0374498 0.00984593 0
0.0374498 0.00984593 0
0.0374498 0.00984593 0
0.0374498 0.00984593 0
0.0374498 0.00984593 0
0.0374498 0.00984593 0
0.0374498 0.00984593 0
0.0374498 0.00984593 0
0.0374498 0.00984593 0
0.0374498 0.00984593 0
0.0374498 0.00984593 0
0.0374498 0.00984593 0
0.0374498 0.00984593 0
0.0374498 0.00984593 0
0.0374498 0.00984593 0
0.0374498 0.00984593 0
0.0374498 0.00984593 0
0.0374498 0.00984593 0
0.0374498 0.00984593 0
0.0374498 0.00984593 0
0.0374498 0.00984593 0
0.0374498 0.00984593 0
0.0374498 0.00984593 0
0.0374498 0.00984593 0
0.0374498 0.00984593 0
0.0374498 0.00984593 0
0.0374498 0.00984593 0
0.0374498 0.00984593 0
0.0374498 0.00984593 0
0.0374498 0.00984593 0
0.0374498 0.00984593 0
0.0374498 0.00984593 0
0.0374498 0.00984593 0
0.0374498 0.00984593 0
0.0374498 0.00984593 0
0.0374498 0.00984593 0
0.0374498 0.00984593 0
0.0374498 0.00984593 0
0.0374498 0.00984593 0
0.0374498 0.00984593 0
0.0374498 0.00984593 0
0.0374498 0.00984593 0
0.0374498 0.00984593 0
0.0374498 0.00984593 0
0.0374498 0.00984593 0
0.0374498 0.00984593 0
0.0374498 0.00984593 0
0.0374498 0.00984593 0
0.0374498 0.00984593 0
0.0374498 0.00984593 0
0.0374498 0.00984593 0
0.0374498 0.00984593 0
0.0374498 0.00984593 0
0.0374498 0.00984593 0
