2.64730662807855e-08 -7.605820563401236e-07 -4.1573899717956e-07 -1.239233939759332e-05 -1.353273024840636e-06 -3.891200724692734e-07 6.104345954188739e-06 1.130605422031407e-06 1.112489272925288e-08
2.806623819878729e-06 -6.308625461837278e-08 -3.769205210342463e-07 -7.481679377696615e-06 -5.806278379019724e-07 -3.572766182208253e-07 1.626747288602237e-05 2.733993569672123e-06 2.232764719986569e-08
4.528772693898619e-06 7.17947418827432e-07 -3.378690090413694e-07 -3.868272137774742e-06 2.955520901340631e-07 -3.252383126116365e-07 2.646895113089798e-05 4.34235869658679e-06 3.356010017108169e-08
6.251771692306063e-06 1.499014782447693e-06 -2.988174081057504e-07 -2.546353763954734e-07 1.171738162320879e-06 -2.931999707918298e-07 3.667073384544528e-05 5.950723900732065e-06 4.479253221459367e-08
7.975716671576594e-06 2.280117756231156e-06 -2.597657773606432e-07 3.35922092364882e-06 2.047928467829396e-06 -2.611616553502283e-07 4.687284117477208e-05 7.559088460640424e-06 5.602493379636142e-08
9.700575800214439e-06 3.061255697187873e-06 -2.207140974049004e-07 6.973300069934574e-06 2.924123636597286e-06 -2.291233456644393e-07 5.707526636677951e-05 9.167452605497001e-06 6.725730803194829e-08
1.142634907214113e-05 3.842428601994656e-06 -1.816623683599528e-07 1.058760205485676e-05 3.800323666117546e-06 -1.970850418246683e-07 6.727800938244322e-05 1.077581632881518e-05 7.848965489359871e-08
1.31530364800847e-05 4.623636467150942e-06 -1.426105903611086e-07 1.420212687086586e-05 4.676528553934026e-06 -1.650467439211212e-07 7.748107018212824e-05 1.238417962405841e-05 8.972197436396545e-08
1.488063801668993e-05 5.40487928915828e-06 -1.035587635228596e-07 1.781687451046787e-05 5.552738297591388e-06 -1.330084520440034e-07 8.768444872642167e-05 1.399254248468239e-05 1.009542663979457e-07
1.660915367462934e-05 6.186157064515187e-06 -6.45068879805144e-08 2.143184496616879e-05 6.428952894634889e-06 -1.009701662731122e-07 9.788814497568854e-05 1.560090490415741e-05 1.121865309816616e-07
1.833858344651995e-05 6.967469789722616e-06 -2.54549638555035e-08 2.504703823025256e-05 7.305172342609136e-06 -6.893188670559214e-08 0.0001080921588905159 1.72092668759376e-05 1.2341876807348e-07
2.006892732514531e-05 7.748817461280763e-06 1.359700872033409e-08 2.866245429544723e-05 8.181396639056569e-06 -3.689361342470998e-08 0.0001182964904313799 1.881762839349085e-05 1.346509776525839e-07
2.180018530312244e-05 8.530200075692424e-06 5.264902962209828e-08 3.227809315409225e-05 9.057625781523529e-06 -4.855346520671322e-09 0.0001285011395586455 2.042598945026512e-05 1.45883159691218e-07
2.353235737306836e-05 9.311617629454436e-06 9.170109872488896e-08 3.589395479874913e-05 9.933859767553973e-06 2.718291391631822e-08 0.0001387061062325667 2.203435003973481e-05 1.571153141616266e-07
2.526544352787763e-05 1.009307011906851e-05 1.307532159003366e-07 3.951003922175733e-05 1.081009859469099e-05 5.922116780299191e-08 0.0001489113904140638 2.364271015536479e-05 1.683474410360541e-07
2.699944376005625e-05 1.087455754103354e-05 1.698053810166023e-07 4.312634641545632e-05 1.168634226047952e-05 9.125941504914414e-08 0.0001591169920633906 2.52510697906147e-05 1.795795402798062e-07
2.87343580624988e-05 1.165607989185493e-05 2.088575939557247e-07 4.674287637274066e-05 1.25625907624635e-05 1.232976555610998e-07 0.0001693229111412453 2.685942893892882e-05 1.90811611872066e-07
3.047018642776678e-05 1.243763716802767e-05 2.479098545858649e-07 5.035962908561675e-05 1.343884409818659e-05 1.553358892590617e-07 0.0001795291476074379 2.846778759379651e-05 2.020436557781391e-07
3.220692884864373e-05 1.321922936605401e-05 2.869621627751839e-07 5.397660454686815e-05 1.431510226519294e-05 1.873741160493547e-07 0.0001897357014228884 3.007614574866376e-05 2.132756719772089e-07
3.394458531791322e-05 1.400085648243696e-05 3.2601451840919e-07 5.759380274872328e-05 1.519136526102575e-05 2.194123358487121e-07 0.0001999425725482951 3.168450339699458e-05 2.245076604415197e-07
3.568315582835879e-05 1.478251851367196e-05 3.650669213491053e-07 6.121122368374365e-05 1.606763308322867e-05 2.514505485599894e-07 0.0002101497609434677 3.329286053226901e-05 2.357396211294382e-07
3.742264037254195e-05 1.556421545626657e-05 4.041193714734992e-07 6.482886734415771e-05 1.694390572934651e-05 2.834887541033893e-07 0.0002203572665693265 3.490121714791027e-05 2.469715540270867e-07
3.916303894324624e-05 1.634594730671318e-05 4.43171868654002e-07 6.844673372286003e-05 1.78201831969216e-05 3.155269523852366e-07 0.0002305650893861255 3.650957323743202e-05 2.582034590928317e-07
4.090435153347727e-05 1.712771406152174e-05 4.822244127657138e-07 7.2064822811857e-05 1.869646548349519e-05 3.475651433187954e-07 0.0002407732293545628 3.811792879425445e-05 2.694353363197344e-07
4.264657813568551e-05 1.790951571718357e-05 5.212770036767955e-07 7.568313460382114e-05 1.957275258661416e-05 3.796033268173293e-07 0.0002509816864346703 3.972628381187842e-05 2.806671856522835e-07
4.438971874287656e-05 1.869135227020643e-05 5.603296412658165e-07 7.930166909120295e-05 2.044904450382171e-05 4.116415027941023e-07 0.0002611904605869242 4.133463828374321e-05 2.918990070835403e-07
4.613377334761193e-05 1.947322371708663e-05 5.993823254044073e-07 8.292042626600882e-05 2.132534123265931e-05 4.436796711554392e-07 0.0002713995517722445 4.294299220332278e-05 3.031308005788103e-07
4.787874194311925e-05 2.025513005433086e-05 6.384350559641983e-07 8.653940612135536e-05 2.220164277066928e-05 4.757178318146038e-07 0.0002816089599511074 4.455134556407897e-05 3.143625661172766e-07
4.962462452140493e-05 2.103707127843217e-05 6.774878328202893e-07 9.015860864902692e-05 2.307794911539807e-05 5.077559846848601e-07 0.0002918186850831006 4.615969835949701e-05 3.255943036434283e-07
5.137142107591863e-05 2.181904738589595e-05 7.16540655844311e-07 9.377803384191807e-05 2.395426026438521e-05 5.397941296794717e-07 0.0003020287271300326 4.776805058304004e-05 3.368260131642042e-07
5.311913159955495e-05 2.26010583732224e-05 7.555935249044243e-07 9.739768169225727e-05 2.483057621517257e-05 5.718322667082332e-07 0.0003122390860514912 4.937640222819548e-05 3.480576946310321e-07
5.486775608432026e-05 2.338310423691237e-05 7.94646439882668e-07 0.000101017552192495 2.570689696530771e-05 6.038703956844083e-07 0.0003224497618088407 5.098475328842557e-05 3.592893480161563e-07
5.661729452377529e-05 2.416518497346605e-05 8.336994006472032e-07 0.0001046376453350817 2.658322251233055e-05 6.359085165143219e-07 0.000332660754362557 5.25931037572481e-05 3.705209732987602e-07
5.836774691081459e-05 2.494730057938884e-05 8.727524070696602e-07 0.0001082579611122458 2.745955285378019e-05 6.679466291147074e-07 0.0003428720636735605 5.420145362813921e-05 3.817525704510882e-07
6.011911323766661e-05 2.572945105117183e-05 9.118054590286084e-07 0.00011187849951666 2.833588798720785e-05 6.999847333988285e-07 0.0003530836897032152 5.580980289464832e-05 3.92984139431507e-07
6.187139349767001e-05 2.651163638532823e-05 9.50858556392209e-07 0.0001154992605403304 2.921222791015064e-05 7.320228292730102e-07 0.0003632956324119974 5.741815155026588e-05 4.042156802261387e-07
6.362458768327528e-05 2.729385657834868e-05 9.899116990355616e-07 0.0001191202441761519 3.008857262014851e-05 7.640609166505163e-07 0.0003735078917626034 5.902649958861158e-05 4.15447192800289e-07
6.537869578782107e-05 2.807611162673751e-05 1.028964886826828e-06 0.0001227414504167967 3.09649221147503e-05 7.960989954480802e-07 0.0003837204677168415 6.063484700325481e-05 4.26678677133141e-07
6.713371780375788e-05 2.885840152699578e-05 1.068018119648045e-06 0.0001263628792536053 3.184127639149271e-05 8.281370655685572e-07 0.0003939333602374084 6.224319378784864e-05 4.379101331830615e-07
6.888965372375822e-05 2.964072627563148e-05 1.107071397363907e-06 0.0001299845306799163 3.271763544792023e-05 8.6017512693215e-07 0.0004041465692874446 6.385153993604571e-05 4.491415609292337e-07
7.06465035413828e-05 3.042308586913376e-05 1.146124719852981e-06 0.000133606404687292 3.359399928157779e-05 8.922131794417143e-07 0.0004143600948318671 6.545988544168994e-05 4.603729603439022e-07
7.240426724908211e-05 3.120548030400953e-05 1.185178086986899e-06 0.000137228501269071 3.447036789000642e-05 9.242512230174527e-07 0.0004245739368364809 6.706823029860483e-05 4.716043313993112e-07
7.416294483975072e-05 3.198790957676203e-05 1.224231498633821e-06 0.0001408508204172598 3.534674127074412e-05 9.562892575691595e-07 0.0004347880952675354 6.867657450079214e-05 4.828356740677053e-07
7.592253630628321e-05 3.27703736838908e-05 1.263284954675786e-06 0.0001444733621243088 3.622311942134146e-05 9.883272830066292e-07 0.0004450025700961646 7.028491804238115e-05 4.940669883213289e-07
7.768304164157414e-05 3.355287262189364e-05 1.302338454980956e-06 0.0001480961263822245 3.709950233933296e-05 1.020365299239656e-06 0.0004552173612912824 7.189326091771708e-05 5.052982741254874e-07
7.944446083874013e-05 3.43354063872725e-05 1.34139199942096e-06 0.0001517191131843454 3.797589002227071e-05 1.052403306184974e-06 0.0004654324688297962 7.350160312135073e-05 5.165295314593643e-07
8.120679389023167e-05 3.511797497653384e-05 1.380445587870899e-06 0.0001553423225222339 3.885228246769531e-05 1.084441303748906e-06 0.0004756478926895014 7.51099446481239e-05 5.27760760288265e-07
8.297004078960946e-05 3.590057838616747e-05 1.419499220198933e-06 0.0001589657543883405 3.972867967314908e-05 1.116479291848188e-06 0.0004858636328544108 7.671828549331555e-05 5.389919605913729e-07
8.473420152932398e-05 3.668321661268398e-05 1.458552896283632e-06 0.0001625894087760038 4.060508163617567e-05 1.148517270392613e-06 0.0004960796893129782 7.83266256525559e-05 5.502231323339934e-07
8.649927610226982e-05 3.746588965257403e-05 1.497606615996627e-06 0.0001662132856772303 4.148148835432216e-05 1.180555239288505e-06 0.0005062960620616508 7.993496512209968e-05 5.614542754883711e-07
8.826526450156358e-05 3.824859750234909e-05 1.536660379209548e-06 0.0001698373850835821 4.235789982513566e-05 1.212593198456069e-06 0.000516512751107534 8.154330389879144e-05 5.726853900336892e-07
9.003216671987779e-05 3.903134015849612e-05 1.575714185797494e-06 0.0001734617069888422 4.323431604616587e-05 1.244631147805098e-06 0.0005267297564639506 8.315164198038905e-05 5.839164759283144e-07
9.179998275077317e-05 3.981411761752986e-05 1.614768035632097e-06 0.0001770862513850169 4.411073701495773e-05 1.276669087241916e-06 0.0005369470781610985 8.475997936553594e-05 5.951475331583689e-07
9.356871258692223e-05 4.059692987593662e-05 1.653821928588456e-06 0.0001807110182650007 4.498716272906007e-05 1.308707016683258e-06 0.000547164716244275 8.636831605417141e-05 6.063785616891582e-07
9.510404742796297e-05 4.12591837692022e-05 1.687059225610743e-06 0.0001839137491206344 4.582228887461438e-05 1.338570325009475e-06 0.0005564455194360107 8.779363606697173e-05 6.128459077020532e-07
9.655774810335416e-05 4.187913111356389e-05 1.718254757660659e-06 0.0001869684197042254 4.664291881449839e-05 1.367670245857461e-06 0.0005653974615587032 8.915469665157078e-05 6.176410032518453e-07
9.801202115911067e-05 4.249910412675159e-05 1.749450531000202e-06 0.0001900232686793402 4.746355324912726e-05 1.396770233280664e-06 0.0005743495026440115 9.051574335601671e-05 6.224362611509382e-07
9.925555016154775e-05 4.304255556903053e-05 1.776635206295757e-06 0.0001930086651622531 4.822909584610048e-05 1.424472470094168e-06 0.0005776782617541443 9.090729460735011e-05 6.238184187129514e-07
0.0001004496780367958 4.356798500490403e-05 1.802874593379022e-06 0.0001959778241165111 4.898165460743252e-05 1.451845289990317e-06 0.0005796814026162167 9.107029914689341e-05 6.243961306329204e-07
0.0001016442046934962 4.409343463412799e-05 1.829114265588377e-06 0.0001989471608876414 4.973421760009729e-05 1.479218205448912e-06 0.0005816845824844208 9.12333035846544e-05 6.249740624048039e-07
0.000102839129893173 4.461890529632766e-05 1.855354245568902e-06 0.0002019166755751201 5.048678497114904e-05 1.506591221996784e-06 0.0005836877980751609 9.139630783506179e-05 6.255522091644372e-07
0.0001040344536575866 4.514439699146531e-05 1.881594533278963e-06 0.0002048863681780588 5.123935671981278e-05 1.533964339620053e-06 0.0005856910493973189 9.155931189838012e-05 6.261305709256981e-07
0.0001052301759996155 4.566990971927292e-05 1.907835128697744e-06 0.0002078562386933491 5.199193284544015e-05 1.561337558284026e-06 0.0005876943364659937 9.172231577500405e-05 6.267091476885867e-07
0.0001064262969325824 4.619544347943521e-05 1.934076031804427e-06 0.0002108262871187705 5.274451334736979e-05 1.588710877967886e-06 0.0005896976592962844 9.188531946533081e-05 6.272879394531028e-07
0.0001076228164671456 4.672099827163169e-05 1.960317242564319e-06 0.0002137965134512143 5.349709822495856e-05 1.616084298654286e-06 0.0005917010179041782 9.204832296976287e-05 6.278669462400632e-07
0.0001088197346179598 4.72465740955939e-05 1.986558760960072e-06 0.0002167669176884601 5.42496874775646e-05 1.643457820301591e-06 0.0005937044123029978 9.221132628870095e-05 6.284461680217124e-07
0.0001100170513956833 4.777217095099746e-05 2.012800586956992e-06 0.0002197374998282875 5.500228110455387e-05 1.670831442906334e-06 0.0005957078425078421 9.237432942254317e-05 6.29025604811928e-07
0.0001112147668140828 4.829778883759994e-05 2.039042720541201e-06 0.0002227082598689201 5.575487910531836e-05 1.69820516642688e-06 0.0005977113085346986 9.253733237168677e-05 6.296052566384658e-07
0.0001124128808855929 4.882342775504919e-05 2.065285161681474e-06 0.0002256791978076933 5.650748147923487e-05 1.725578990849352e-06 0.0005997148103968897 9.270033513654463e-05 6.301851234874478e-07
0.0001136113936217598 4.93490877030477e-05 2.091527910346586e-06 0.000228650313643719 5.726008822571054e-05 1.752952916145994e-06 0.0006017183481104027 9.286333771751747e-05 6.307652053588741e-07
0.0001148103050367943 4.987476868136302e-05 2.11777096651572e-06 0.0002316216073752209 5.801269934416859e-05 1.78032694229599e-06 0.0006037219216912248 9.302634011500686e-05 6.313455022805003e-07
0.0001160096151417989 5.040047068961438e-05 2.14401433016459e-06 0.0002345930790017547 5.876531483401965e-05 1.807701069268114e-06 0.0006057255311526788 9.318934232942395e-05 6.319260142245708e-07
0.000117209323950096 5.092619372757106e-05 2.170258001272379e-06 0.0002375647285219884 5.951793469473679e-05 1.835075297048488e-06 0.0006077291765107518 9.335234436117466e-05 6.325067411910856e-07
0.0001184094314745643 5.14519377949104e-05 2.196501979800924e-06 0.0002405365559354777 6.027055892578962e-05 1.862449625602419e-06 0.0006097328577805428 9.351534621066838e-05 6.330876832216781e-07
0.0001196099377267501 5.197770289134792e-05 2.222746265732878e-06 0.0002435085612422228 6.102318752666336e-05 1.889824054912559e-06 0.0006117365749762627 9.367834787831104e-05 6.336688403024704e-07
0.000120810842719532 5.250348901658436e-05 2.248990859040484e-06 0.0002464807444431116 6.177582049687923e-05 1.917198584947682e-06 0.0006137403281138987 9.384134936452071e-05 6.342502124334626e-07
0.0001220121464666768 5.302929617031962e-05 2.275235759702926e-06 0.0002494531055394766 6.252845783598707e-05 1.944573215693912e-06 0.0006157441172085498 9.400435066970678e-05 6.348317996007768e-07
0.0001232138489792867 5.355512435225055e-05 2.30148096768551e-06 0.000252425644532206 6.328109954356837e-05 1.971947947120023e-06 0.000617747942274427 9.416735179428731e-05 6.354136018460466e-07
0.0001244159502711284 5.408097356212694e-05 2.327726482967418e-06 0.0002553983614239641 6.403374561924323e-05 1.999322779201729e-06 0.0006197518033266292 9.433035273866998e-05 6.359956191415161e-07
0.0001256184503537483 5.460684379962307e-05 2.353972305524366e-06 0.0002583712562183038 6.478639606266948e-05 2.026697711921682e-06 0.0006217557003820318 9.449335350327458e-05 6.365778515149412e-07
0.0001268213492413572 5.513273506446616e-05 2.380218435332065e-06 0.0002613443289192219 6.55390508735483e-05 2.054072745245189e-06 0.0006237596334539575 9.465635408852091e-05 6.371602989663216e-07
0.0001280246469450574 5.56586473563392e-05 2.406464872359293e-06 0.000264317579530271 6.629171005162991e-05 2.081447879151432e-06 0.0006257636025583935 9.481935449483399e-05 6.37742961467902e-07
0.0001292283434786157 5.618458067498415e-05 2.432711616585231e-06 0.0002672910080585567 6.704437359673085e-05 2.108823113619596e-06 0.0006277676077095506 9.498235472261973e-05 6.383258390613156e-07
0.0001304324388535782 5.671053502006793e-05 2.458958667982125e-06 0.0002702646145111842 6.779704150872276e-05 2.136198448628862e-06 0.0006297716489251926 9.51453547723205e-05 6.389089317465624e-07
0.0001316369330846001 5.723651039136893e-05 2.485206026529158e-06 0.0002732383988961473 6.854971378754491e-05 2.163573884144537e-06 0.00063177572621953 9.530835464434222e-05 6.394922395097646e-07
0.0001328418261823394 5.776250678852677e-05 2.511453692188165e-06 0.0002762123612232159 6.930239043321336e-05 2.190949420149274e-06 0.0006337798396049976 9.547135433912377e-05 6.400757623648001e-07
0.000134047118161007 5.828852421133285e-05 2.537701664948738e-06 0.0002791865015039363 7.005507144584085e-05 2.218325056615317e-06 0.000635783989100247 9.563435385708148e-05 6.406595003255466e-07
0.0001352528090330374 5.881456265944976e-05 2.563949944776184e-06 0.000282160819750743 7.080775682561779e-05 2.245700793525318e-06 0.0006377881747194891 9.579735319864731e-05 6.412434533503708e-07
0.0001364588988113091 5.934062213258954e-05 2.590198531646215e-06 0.0002851353159796233 7.1560446572846e-05 2.273076630848053e-06 0.0006397923964769348 9.596035236426534e-05 6.418276215086616e-07
0.0001376653875078127 5.986670263049328e-05 2.616447425538015e-06 0.0002881099902083406 7.23131406879492e-05 2.300452568559236e-06 0.0006417966543903475 9.612335135434844e-05 6.424120047726634e-07
0.0001388722751358706 6.039280415287345e-05 2.64269662642036e-06 0.0002910848424537704 7.306583917147209e-05 2.327828606638049e-06 0.0006438009484721618 9.628635016933895e-05 6.429966031284984e-07
0.0001400795617088058 6.091892669946768e-05 2.668946134272432e-06 0.0002940598727416699 7.381854202410552e-05 2.355204745060208e-06 0.0006458052787419177 9.644934880967404e-05 6.435814166178e-07
0.0001412872472403848 6.144507026996501e-05 2.695195949059537e-06 0.0002970350810951317 7.457124924667565e-05 2.382580983797955e-06 0.0006478096452120496 9.661234727579432e-05 6.441664452266904e-07
0.0001424953317417099 6.197123486412258e-05 2.721446070767797e-06 0.0003000104675416893 7.532396084021118e-05 2.409957322830475e-06 0.0006498140478967684 9.67753455681352e-05 6.447516889412919e-07
0.0001437038152261039 6.249742048164723e-05 2.747696499365987e-06 0.0003029860321159816 7.607667680591254e-05 2.437333762130012e-06 0.0006518184868156141 9.693834368713385e-05 6.453371477893599e-07
0.0001449126977077775 6.302362712227094e-05 2.773947234822882e-06 0.0003059617748499832 7.682939714516142e-05 2.464710301679218e-06 0.0006538229619792446 9.710134163323607e-05 6.459228217708946e-07
0.0001461219792000534 6.35498547857322e-05 2.800198277124605e-06 0.0003089376957845502 7.758212185960105e-05 2.4920869414434e-06 0.0006558274734072 9.726433940689463e-05 6.465087108858958e-07
0.000147331659714478 6.407610347177383e-05 2.82644962623993e-06 0.0003119137949658679 7.833485095112142e-05 2.519463681408679e-06 0.0006578320211119149 9.742733700854149e-05 6.470948151204858e-07
0.0001485417392652622 6.460237318006668e-05 2.852701282141101e-06 0.0003148900724401216 7.908758442183974e-05 2.546840521540361e-06 0.000659836605112929 9.759033443864848e-05 6.476811345301758e-07
0.0001497522178652844 6.512866391045029e-05 2.878953244803834e-06 0.0003178665282641546 7.984032227424925e-05 2.574217461824568e-06 0.0006618412254226769 9.775333169764928e-05 6.482676690733324e-07
0.0001509630955287555 6.565497566260112e-05 2.90520551420384e-06 0.0003208431624992514 8.059306451108084e-05 2.601594502226606e-06 0.0006638458820589221 9.79163287859984e-05 6.488544187777112e-07
0.0001521743722676661 6.618130843632055e-05 2.931458090313366e-06 0.0003238199752120252 8.134581113547956e-05 2.628971642725658e-06 0.0006658505750340993 9.80793257041486e-05 6.49441383587801e-07
0.0001533860480966709 6.670766223128332e-05 2.957710973111594e-06 0.0003267969664770831 8.209856215094869e-05 2.656348883304377e-06 0.0006678553043641955 9.824232245258038e-05 6.500285636146241e-07
0.0001545981230290927 6.723403704731899e-05 2.983964162570768e-06 0.0003297741363779139 8.285131756143472e-05 2.683726223928068e-06 0.0006698600700705271 9.840531903172051e-05 6.506159587749138e-07
0.0001558105970782542 6.776043288408149e-05 3.010217658659664e-06 0.0003327514850033353 8.36040773713278e-05 2.711103664579384e-06 0.0006718648721637521 9.85683154420651e-05 6.512035690964257e-07
0.0001570234702588102 6.828684974149188e-05 3.036471461360934e-06 0.0003357290124563761 8.435684158553721e-05 2.73848120523057e-06 0.0006738697106598579 9.873131168404783e-05 6.51791394634671e-07
0.0001582367425827513 6.881328761914381e-05 3.062725570639885e-06 0.0003387067188462822 8.510961020948872e-05 2.765858845853869e-06 0.000675874585576608 9.889430775816138e-05 6.523794353063828e-07
0.0001592161535435288 6.931553693141808e-05 3.086846305434821e-06 0.0003417867033501665 8.58560048668626e-05 2.787242935210765e-06 0.0006778120120607412 9.9055496174838e-05 6.529608241323537e-07
0.0001599095933433325 6.978823118030265e-05 3.108360857942416e-06 0.0003449915620796773 8.6594612123677e-05 2.801305090519013e-06 0.0006796669766071517 9.921447467296438e-05 6.535339887592251e-07
0.0001606032018508508 7.026093584311995e-05 3.129875560232975e-06 0.0003481965308420598 8.733322039718161e-05 2.815367353400933e-06 0.0006815219962899022 9.937345380466728e-05 6.541073534760411e-07
