0 0 0
0 0 0
0 0 0
0 0 0
0 0 0
0 0 0
0 0 0
0 0 0
0 0 0
0 0 0
0 0 0
0 0 0
0 0 0
0 0 0
0 0 0
0 0 0
0 0 0
0 0 0
0 0 0
0 0 0
0 0 0
0 0 0
0 0 0
0 0 0
0 0 0
0 0 0
0 0 0
0 0 0
0 0 0
0 0 0
0 0 0
0 0 0
0 0 0
0 0 0
0 0 0
0 0 0
0 0 0
0 0 0
0 0 0
0 0 0
0 0 0
0 0 0
0 0 0
0 0 0
0 0 0
0 0 0
0 0 0
0 0 0
0 0 0
0 0 0
0 0 0
0 0 0
0 0 0
0 0 0
0 0 0
0 0 0
0 0 0
0 0 0
0 0 0
0 0 0
0 0 0
0 0 0
0 0.002601704284998202 0
0 0.00520345314699498 0
0 0.007805246582594482 0
0 0.01040708458811294 0
0 0.0130089671602515 0
0 0.01561089429553917 0
0 0.0182128659906481 0
0 0.02081488224212224 0
0.002033611768114786 0.02341694304656782 0
0.004067287006120228 0.02601904840019266 0
0.006101025712551568 0.02862119829977507 0
0.008134827885574097 0.0312233927421853 0
0.01016869352363273 0.03382563172353888 0
0.01220262262482324 0.03642791524068706 0
0.0142366151876255 0.03903024329000147 0
0.01627067121022003 0.04163261586830209 0
0.01830479069099164 0.04423503297197969 0
0.02033897362845865 0.04683749459742836 0
0.02237322002067836 0.04944000074157387 0
0.02440752986619736 0.05204255140070375 0
0.02644190316314093 0.05464514657172929 0
0.02847633990978846 0.05724778625050457 0
0.03051084010485892 0.05985047043443947 0
0.03254540374613939 0.06245319911933744 0
0.03458003083244158 0.06505597230263477 0
0.03661472136172346 0.06765878997991689 0
0.03864947533240456 0.07026165214843687 0
0.04068429274314603 0.07286455880452236 0
0.04271917359171961 0.07546750994464702 0
0.04475411787695481 0.07807050556565422 0
0.04678912559670561 0.08067354566364755 0
0.04882419674978998 0.08327663023553557 0
0.05085933133429202 0.08587975927795335 0
0.05289452934841267 0.08848293278703816 0
0.05492979079055728 0.09108615075941076 0
0.05696511565937801 0.09368941319205917 0
0.05900050395269156 0.09629272008080859 0
0.06103595566920687 0.09889607142321523 0
0.06307147080702569 0.1014994672148717 0
0.06510704936486193 0.1041029074527144 0
0.06714269134047576 0.106706392133234 0
0.0691783967327611 0.1093099212532407 0
0.07121416553945734 0.1119134948085081 0
0.07324999775973211 0.1145171127962549 0
0.07528589339092656 0.1171207752123152 0
0.07702920290028742 0.1186831323033003 0
0.07841505746989504 0.1189733708787855 0
0.07980093083382701 0.1192636334897046 0
