0.514005 -2.46362 -33.9855 1.19458 -19.0261 -67.6899 1.49782 -24.3558 -68.7062 1.83681 -30.8928 -67.4351 1.08589 -13.1806 -35.9337
1.35655 -11.8168 -33.0861 2.68247 -43.4121 -67.7425 2.99786 -48.7516 -68.7034 3.38467 -56.5031 -67.2326 1.8452 -19.4969 -36.9858
2.19933 -21.1697 -32.1866 4.17034 -67.7982 -67.7952 4.49791 -73.1475 -68.7006 4.9326 -82.1131 -67.0301 2.60423 -25.8132 -38.0379
3.04236 -30.5224 -31.2871 5.65821 -92.1844 -67.8478 5.99798 -97.5432 -68.6979 6.48059 -107.723 -66.8276 3.36298 -32.1293 -39.0899
3.88562 -39.8748 -30.3877 7.14606 -116.571 -67.9005 7.49805 -121.939 -68.6951 8.02866 -133.332 -66.6252 4.12144 -38.4453 -40.142
4.72912 -49.227 -29.4882 8.63391 -140.957 -67.9531 8.99813 -146.335 -68.6923 9.57679 -158.941 -66.4228 4.87963 -44.7612 -41.194
5.57286 -58.579 -28.5888 10.1218 -165.344 -68.0057 10.4982 -170.73 -68.6895 11.125 -184.549 -66.2204 5.63753 -51.077 -42.246
6.41684 -67.9307 -27.6893 11.6096 -189.73 -68.0583 11.9983 -195.126 -68.6867 12.6733 -210.158 -66.0181 6.39515 -57.3927 -43.298
7.26105 -77.2822 -26.7899 13.0974 -214.117 -68.111 13.4984 -219.521 -68.6839 14.2216 -235.765 -65.8158 7.15249 -63.7083 -44.3499
8.10551 -86.6334 -25.8904 14.5852 -238.504 -68.1636 14.9985 -243.916 -68.6811 15.77 -261.373 -65.6135 7.90954 -70.0238 -45.4019
8.95021 -95.9844 -24.9909 16.073 -262.89 -68.2162 16.4987 -268.312 -68.6783 17.3185 -286.98 -65.4112 8.66632 -76.3392 -46.4538
9.79514 -105.335 -24.0915 17.5608 -287.277 -68.2688 17.9988 -292.707 -68.6754 18.867 -312.587 -65.209 9.42281 -82.6544 -47.5057
10.6403 -114.686 -23.192 19.0486 -311.664 -68.3214 19.4989 -317.102 -68.6726 20.4157 -338.193 -65.0068 10.179 -88.9696 -48.5576
11.4857 -124.036 -22.2926 20.5364 -336.051 -68.374 20.9991 -341.497 -68.6698 21.9643 -363.799 -64.8046 10.9349 -95.2847 -49.6094
12.3314 -133.386 -21.3931 22.0242 -360.439 -68.4266 22.4993 -365.892 -68.6669 23.5131 -389.405 -64.6025 11.6906 -101.6 -50.6612
13.1773 -142.736 -20.4937 23.5119 -384.826 -68.4792 23.9994 -390.287 -68.6641 25.0619 -415.01 -64.4004 12.446 -107.914 -51.7131
14.0234 -152.085 -19.5942 24.9997 -409.213 -68.5318 25.4996 -414.682 -68.6613 26.6108 -440.615 -64.1983 13.201 -114.229 -52.7649
14.8698 -161.435 -18.6948 26.4874 -433.601 -68.5844 26.9998 -439.077 -68.6584 28.1598 -466.22 -63.9962 13.9558 -120.544 -53.8166
15.7164 -170.784 -17.7953 27.9752 -457.988 -68.637 28.5 -463.471 -68.6555 29.7088 -491.824 -63.7942 14.7104 -126.858 -54.8684
16.5632 -180.132 -16.8958 29.4629 -482.376 -68.6895 30.0002 -487.866 -68.6527 31.2579 -517.428 -63.5922 15.4646 -133.173 -55.9201
17.4103 -189.481 -15.9964 30.9506 -506.763 -68.7421 31.5004 -512.261 -68.6498 32.807 -543.031 -63.3903 16.2186 -139.487 -56.9718
18.2576 -198.829 -15.0969 32.4383 -531.151 -68.7947 33.0006 -536.655 -68.6469 34.3563 -568.635 -63.1883 16.9722 -145.801 -58.0235
19.1052 -208.177 -14.1975 33.926 -555.539 -68.8473 34.5009 -561.05 -68.6441 35.9056 -594.237 -62.9864 17.7256 -152.115 -59.0752
19.953 -217.525 -13.298 35.4137 -579.927 -68.8998 36.0011 -585.444 -68.6412 37.455 -619.84 -62.7846 18.4787 -158.429 -60.1268
20.801 -226.873 -12.3986 36.9014 -604.315 -68.9524 37.5014 -609.839 -68.6383 39.0044 -645.442 -62.5827 19.2316 -164.743 -61.1784
21.6493 -236.22 -11.4991 38.3891 -628.703 -69.0049 39.0016 -634.233 -68.6354 40.5539 -671.044 -62.3809 19.9841 -171.057 -62.23
22.4978 -245.567 -10.5996 39.8768 -653.092 -69.0575 40.5019 -658.627 -68.6325 42.1035 -696.645 -62.1791 20.7364 -177.371 -63.2816
23.3466 -254.914 -9.70018 41.3644 -677.48 -69.11 42.0022 -683.021 -68.6296 43.6531 -722.246 -61.9774 21.4884 -183.684 -64.3332
24.1956 -264.261 -8.80072 42.8521 -701.868 -69.1626 43.5025 -707.415 -68.6267 45.2028 -747.847 -61.7757 22.2401 -189.998 -65.3847
25.0448 -273.607 -7.90126 44.3397 -726.257 -69.2151 45.0028 -731.809 -68.6238 46.7526 -773.447 -61.574 22.9915 -196.311 -66.4363
25.8943 -282.953 -7.00181 45.8274 -750.645 -69.2676 46.5031 -756.203 -68.6209 48.3025 -799.047 -61.3723 23.7426 -202.624 -67.4878
26.744 -292.299 -6.10235 47.315 -775.034 -69.3202 48.0034 -780.597 -68.618 49.8524 -824.647 -61.1707 24.4935 -208.938 -68.5392
27.594 -301.645 -5.20289 48.8026 -799.423 -69.3727 49.5037 -804.991 -68.615 51.4024 -850.246 -60.9691 25.2441 -215.251 -69.5907
28.4442 -310.991 -4.30343 50.2902 -823.812 -69.4252 51.0041 -829.385 -68.6121 52.9524 -875.845 -60.7675 25.9944 -221.564 -70.6421
29.2946 -320.336 -3.40398 51.7778 -848.201 -69.4777 52.5044 -853.778 -68.6092 54.5026 -901.444 -60.566 26.7444 -227.876 -71.6936
30.1453 -329.681 -2.50452 53.2654 -872.59 -69.5303 54.0048 -878.172 -68.6062 56.0528 -927.042 -60.3645 27.4941 -234.189 -72.745
30.9962 -339.025 -1.60506 54.753 -896.979 -69.5828 55.5051 -902.565 -68.6033 57.603 -952.64 -60.163 28.2436 -240.502 -73.7963
31.8473 -348.37 -0.705603 56.2406 -921.368 -69.6353 57.0055 -926.959 -68.6003 59.1534 -978.238 -59.9615 28.9927 -246.814 -74.8477
32.6987 -357.714 0.193855 57.7282 -945.757 -69.6878 58.5059 -951.352 -68.5974 60.7038 -1003.83 -59.7601 29.7416 -253.127 -75.899
33.5504 -367.058 1.09331 59.2157 -970.147 -69.7403 60.0063 -975.746 -68.5944 62.2542 -1029.43 -59.5587 30.4902 -259.439 -76.9503
34.4022 -376.402 1.99277 60.7033 -994.536 -69.7928 61.5067 -1000.14 -68.5914 63.8048 -1055.03 -59.3573 31.2386 -265.751 -78.0016
35.2543 -385.745 2.89223 62.1908 -1018.93 -69.8452 63.0071 -1024.53 -68.5885 65.3554 -1080.62 -59.156 31.9866 -272.063 -79.0529
36.1067 -395.089 3.79169 63.6784 -1043.32 -69.8977 64.5075 -1048.93 -68.5855 66.906 -1106.22 -58.9547 32.7344 -278.375 -80.1042
36.9593 -404.432 4.69115 65.1659 -1067.71 -69.9502 66.0079 -1073.32 -68.5825 68.4568 -1131.82 -58.7534 33.4818 -284.687 -81.1554
37.8121 -413.775 5.5906 66.6534 -1092.1 -70.0027 67.5084 -1097.71 -68.5795 70.0076 -1157.41 -58.5522 34.229 -290.999 -82.2066
38.6651 -423.117 6.49006 68.1409 -1116.49 -70.0552 69.0088 -1122.1 -68.5765 71.5585 -1183.01 -58.351 34.976 -297.311 -83.2578
39.5184 -432.459 7.38952 69.6284 -1140.88 -70.1076 70.5093 -1146.5 -68.5735 73.1094 -1208.6 -58.1498 35.7226 -303.622 -84.309
40.372 -441.802 8.28898 71.1159 -1165.27 -70.1601 72.0097 -1170.89 -68.5705 74.6604 -1234.19 -57.9486 36.469 -309.934 -85.3601
41.2258 -451.143 9.18844 72.6034 -1189.66 -70.2126 73.5102 -1195.28 -68.5675 76.2115 -1259.79 -57.7475 37.215 -316.245 -86.4113
42.0798 -460.485 10.0879 74.0909 -1214.05 -70.265 75.0107 -1219.68 -68.5645 77.7627 -1285.38 -57.5464 37.9608 -322.556 -87.4624
42.934 -469.826 10.9874 75.5783 -1238.44 -70.3175 76.5112 -1244.07 -68.5615 79.3139 -1310.97 -57.3453 38.7063 -328.867 -88.5134
43.7885 -479.167 11.8868 77.0658 -1262.83 -70.3699 78.0117 -1268.46 -68.5585 80.8652 -1336.57 -57.1443 39.4516 -335.179 -89.5645
44.6433 -488.508 12.7863 78.5533 -1287.22 -70.4224 79.5122 -1292.85 -68.5554 82.4165 -1362.16 -56.9433 40.1965 -341.489 -90.6156
45.3519 -486.309 13.6733 80.021 -1309.52 -70.4698 81.0427 -1317.79 -68.5447 83.9871 -1387.9 -56.7459 40.9561 -347.884 -91.6632
45.9428 -474.8 14.5504 81.473 -1330.15 -70.5133 82.5975 -1343.17 -68.5277 85.5733 -1413.75 -56.5515 41.7274 -354.345 -92.7082
46.5384 -463.231 15.4271 82.9328 -1350.83 -70.5564 84.1644 -1368.78 -68.5138 87.1516 -1438.78 -56.3601 42.4415 -356.261 -93.7472
47.1495 -451.453 16.3027 84.4201 -1371.7 -70.5979 85.773 -1395.13 -68.5104 88.7029 -1460.95 -56.179 42.9599 -342.59 -94.7659
47.7511 -439.265 17.1704 85.8932 -1392.12 -70.6387 87.3628 -1420.9 -68.5086 90.235 -1482.65 -55.9962 43.4856 -329.845 -95.7773
48.299 -424.845 17.9947 87.2904 -1410.13 -70.6752 88.85 -1443.46 -68.5163 91.6638 -1501.73 -55.8046 44.0525 -322.136 -96.749
48.8555 -411.573 18.8108 88.6631 -1427.51 -70.7154 90.3119 -1465.23 -68.5219 93.0724 -1520.18 -55.6157 44.6078 -313.978 -97.7082
49.4414 -402.3 19.5984 89.9503 -1442.7 -70.7687 91.685 -1484.21 -68.5206 94.411 -1536.48 -55.4359 45.1236 -304.259 -98.6236
50.0274 -393.028 20.386 91.2374 -1457.9 -70.8219 93.0581 -1503.19 -68.5194 95.7497 -1552.77 -55.2561 45.6391 -294.539 -99.539
50.6137 -383.757 21.1735 92.5245 -1473.09 -70.8751 94.4313 -1522.17 -68.5181 97.0884 -1569.06 -55.0764 46.1545 -284.819 -100.454
51.2001 -374.486 21.9611 93.8117 -1488.29 -70.9283 95.8044 -1541.15 -68.5168 98.4271 -1585.35 -54.8966 46.6696 -275.099 -101.37
51.7868 -365.216 22.7487 95.0988 -1503.48 -70.9815 97.1775 -1560.13 -68.5155 99.7659 -1601.65 -54.7169 47.1844 -265.378 -102.285
52.3518 -357.74 23.4775 96.2609 -1515.67 -71.0325 98.4467 -1577.3 -68.5146 100.981 -1615.17 -54.5492 47.6769 -257.213 -103.132
52.8599 -352.606 24.097 97.2158 -1523.63 -71.0792 99.5001 -1589.82 -68.5143 101.974 -1624 -54.403 48.1341 -252.306 -103.851
53.3681 -347.471 24.7166 98.1708 -1531.59 -71.1259 100.553 -1602.34 -68.514 102.967 -1632.82 -54.2568 48.5912 -247.4 -104.57
53.8817 -342.263 25.3374 99.1365 -1539.68 -71.1725 101.621 -1615.11 -68.5157 103.96 -1641.22 -54.1158 48.9995 -240.248 -105.284
54.4362 -338.039 25.9964 100.176 -1549.82 -71.2216 102.788 -1630.29 -68.4961 104.936 -1650.89 -54.2768 49.0612 -231.428 -105.752
54.9992 -334.262 26.6679 101.23 -1560.55 -71.2719 103.973 -1646.04 -68.4662 105.904 -1661.57 -54.5423 49.0566 -224.997 -106.138
55.554 -330.129 27.3321 102.273 -1570.92 -71.3215 105.135 -1660.9 -68.4383 106.877 -1672.91 -54.8015 49.0433 -218.064 -106.521
56.0468 -323.458 27.9502 103.238 -1579.15 -71.3772 106.189 -1672.28 -68.3987 107.841 -1685.86 -55.0483 48.9738 -207.37 -106.876
56.3921 -310.811 28.4677 104.042 -1583.01 -71.4195 107.151 -1683.29 -68.3581 108.662 -1694.7 -55.2696 48.8176 -190.04 -107.171
56.5925 -292.343 28.9024 104.791 -1587.52 -71.4342 108.013 -1692.46 -68.3421 109.339 -1698.31 -55.4576 48.6102 -168.224 -107.419
56.7929 -273.875 29.3371 105.54 -1592.03 -71.4488 108.875 -1701.64 -68.3262 110.016 -1701.92 -55.6455 48.4027 -146.408 -107.667
56.9615 -253.693 29.7356 106.287 -1596.99 -71.4601 109.698 -1709.72 -68.3317 110.405 -1691.35 -55.8158 48.2206 -124.459 -107.878
57.1277 -232.749 30.0583 106.869 -1593.84 -71.4702 110.342 -1709.39 -68.3498 110.444 -1662.8 -55.9664 48.073 -100.632 -108.022
57.5163 -191.252 30.6284 107.894 -1579.38 -71.5168 110.827 -1666.93 -68.3851 110.608 -1608.3 -56.2203 47.8022 -48.9666 -108.257
57.9496 -149.657 31.2085 108.966 -1564.9 -71.5761 111.081 -1610.37 -68.4239 110.804 -1553.15 -56.4697 47.5583 3.11441 -108.489
58.383 -108.064 31.7885 110.039 -1550.43 -71.6355 111.335 -1553.81 -68.4627 111 -1497.99 -56.7191 47.3144 55.2425 -108.722
58.7519 -57.4321 32.3178 110.362 -1491.46 -71.7032 111.592 -1491.65 -68.4097 111.726 -1465.48 -56.9912 47.0273 113.651 -108.964
58.8035 3.63451 32.7789 110.903 -1452.86 -71.7307 112.058 -1448.87 -68.377 112.439 -1439.93 -57.2382 46.5166 182.113 -109.183
58.6605 70.8673 33.1984 111.583 -1427.2 -71.7294 112.722 -1421.81 -68.3616 113.073 -1415.04 -57.4719 45.8735 256.459 -109.386
58.5175 138.097 33.6179 112.263 -1401.55 -71.7281 113.385 -1394.75 -68.3462 113.707 -1390.14 -57.7057 45.2304 330.807 -109.588
58.3747 205.324 34.0374 112.944 -1375.9 -71.7267 114.049 -1367.69 -68.3309 114.341 -1365.25 -57.9394 44.5872 405.157 -109.791
57.996 298.031 34.4398 113.963 -1339.11 -71.414 115.094 -1326.39 -68.3363 115.328 -1327.71 -58.3153 43.6771 513.176 -110.125
57.5859 388.408 34.7948 114.987 -1302.7 -71.0246 116.151 -1285.05 -68.3721 116.301 -1291.25 -58.6936 42.7851 619.886 -110.455
57.2907 470.565 35.2357 116.089 -1265.7 -70.5362 117.2 -1246.86 -68.9422 116.905 -1274.51 -58.8233 41.9992 717.584 -110.684
57.1187 544.211 35.8145 117.121 -1234.67 -70.4699 118.003 -1222.91 -69.3279 117.515 -1260.56 -58.7901 41.3183 806.667 -110.977
