5.2847312e-06 2.1913388e-06 1.5469311e-06 -1.1958954e-08 7.5290599e-06 5.0510607e-06 3.3200755e-06 2.2583516e-06 5.7187793e-06 3.2554149e-06 2.6199874e-06 2.3156265e-06
1.0787794e-05 4.9360495e-06 3.6746653e-06 1.2449347e-06 1.5058087e-05 1.0102163e-05 6.640174e-06 4.5167321e-06 1.121918e-05 5.9575354e-06 4.6591963e-06 3.3623981e-06
1.6290758e-05 7.6807567e-06 5.8023905e-06 2.5018247e-06 2.2587123e-05 1.5153277e-05 9.9602769e-06 6.7751113e-06 1.6719697e-05 8.6596787e-06 6.6984205e-06 4.4091781e-06
2.1793625e-05 1.042546e-05 7.9301068e-06 3.7587112e-06 3.0116169e-05 2.0204403e-05 1.3280384e-05 9.033489e-06 2.222033e-05 1.1361845e-05 8.73766e-06 5.4559664e-06
2.7296393e-05 1.3170161e-05 1.0057814e-05 5.0155939e-06 3.7645224e-05 2.5255541e-05 1.6600496e-05 1.1291865e-05 2.7721078e-05 1.4064034e-05 1.0776915e-05 6.5027631e-06
3.2799064e-05 1.5914858e-05 1.2185513e-05 6.2724731e-06 4.5174288e-05 3.0306691e-05 1.9920612e-05 1.355024e-05 3.3221943e-05 1.6766246e-05 1.2816185e-05 7.5495682e-06
3.8301636e-05 1.8659551e-05 1.4313202e-05 7.5293487e-06 5.2703362e-05 3.5357852e-05 2.3240733e-05 1.5808614e-05 3.8722923e-05 1.9468481e-05 1.4855471e-05 8.5963816e-06
4.3804111e-05 2.1404241e-05 1.6440883e-05 8.7862207e-06 6.0232445e-05 4.0409025e-05 2.6560858e-05 1.8066986e-05 4.4224019e-05 2.2170738e-05 1.6894771e-05 9.6432034e-06
4.9306488e-05 2.4148928e-05 1.8568555e-05 1.0043089e-05 6.7761538e-05 4.546021e-05 2.9880988e-05 2.0325356e-05 4.9725232e-05 2.4873019e-05 1.8934088e-05 1.0690034e-05
5.4808767e-05 2.6893611e-05 2.0696217e-05 1.1299954e-05 7.5290641e-05 5.0511407e-05 3.3201122e-05 2.2583726e-05 5.5226561e-05 2.7575322e-05 2.0973419e-05 1.1736872e-05
6.0310949e-05 2.9638291e-05 2.2823871e-05 1.2556815e-05 8.2819754e-05 5.5562616e-05 3.6521261e-05 2.4842093e-05 6.0728006e-05 3.0277648e-05 2.3012766e-05 1.2783719e-05
6.5813033e-05 3.2382967e-05 2.4951517e-05 1.3813673e-05 9.0348876e-05 6.0613836e-05 3.9841404e-05 2.710046e-05 6.6229568e-05 3.2979997e-05 2.5052129e-05 1.3830574e-05
7.131502e-05 3.512764e-05 2.7079153e-05 1.5070527e-05 9.7878009e-05 6.5665069e-05 4.3161552e-05 2.9358825e-05 7.1731246e-05 3.5682369e-05 2.7091506e-05 1.4877438e-05
7.6816909e-05 3.7872309e-05 2.920678e-05 1.6327377e-05 0.00010540715 7.0716313e-05 4.6481704e-05 3.1617189e-05 7.7233041e-05 3.8384763e-05 2.9130899e-05 1.592431e-05
8.2318701e-05 4.0616975e-05 3.1334399e-05 1.7584224e-05 0.0001129363 7.5767568e-05 4.9801861e-05 3.3875552e-05 8.2734952e-05 4.1087181e-05 3.1170308e-05 1.6971191e-05
8.7820396e-05 4.3361637e-05 3.3462008e-05 1.8841068e-05 0.00012046547 8.0818836e-05 5.3122023e-05 3.6133913e-05 8.8236981e-05 4.3789621e-05 3.3209732e-05 1.8018079e-05
9.3321994e-05 4.6106296e-05 3.5589609e-05 2.0097907e-05 0.00012799464 8.5870115e-05 5.6442189e-05 3.8392273e-05 9.3739126e-05 4.6492084e-05 3.5249171e-05 1.9064977e-05
9.8823495e-05 4.8850951e-05 3.7717201e-05 2.1354744e-05 0.00013552382 9.0921406e-05 5.9762359e-05 4.0650631e-05 9.9241387e-05 4.919457e-05 3.7288626e-05 2.0111882e-05
0.0001043249 5.1595603e-05 3.9844784e-05 2.2611576e-05 0.00014305302 9.5972709e-05 6.3082534e-05 4.2908989e-05 0.00010474377 5.1897078e-05 3.9328096e-05 2.1158797e-05
0.00010982621 5.4340251e-05 4.1972358e-05 2.3868406e-05 0.00015058222 0.00010102402 6.6402714e-05 4.5167345e-05 0.00011024626 5.4599609e-05 4.1367581e-05 2.2205719e-05
0.00011532742 5.7084895e-05 4.4099923e-05 2.5125231e-05 0.00015811144 0.00010607535 6.9722898e-05 4.7425699e-05 0.00011574887 5.7302164e-05 4.3407082e-05 2.325265e-05
0.00012082853 5.9829537e-05 4.622748e-05 2.6382053e-05 0.00016564066 0.00011112669 7.3043087e-05 4.9684053e-05 0.00012125161 6.000474e-05 4.5446598e-05 2.4299589e-05
0.00012632955 6.2574174e-05 4.8355027e-05 2.7638872e-05 0.0001731699 0.00011617804 7.636328e-05 5.1942405e-05 0.00012675445 6.270734e-05 4.748613e-05 2.5346537e-05
0.00013183047 6.5318808e-05 5.0482566e-05 2.8895687e-05 0.00018069915 0.0001212294 7.9683478e-05 5.4200756e-05 0.00013225742 6.5409962e-05 4.9525677e-05 2.6393493e-05
0.00013733129 6.8063439e-05 5.2610096e-05 3.0152499e-05 0.0001882284 0.00012628077 8.3003681e-05 5.6459106e-05 0.0001377605 6.8112607e-05 5.156524e-05 2.7440458e-05
0.00014283202 7.0808066e-05 5.4737617e-05 3.1409307e-05 0.00019575767 0.00013133216 8.6323888e-05 5.8717454e-05 0.0001432637 7.0815275e-05 5.3604818e-05 2.8487431e-05
0.00014833265 7.3552689e-05 5.686513e-05 3.2666111e-05 0.00020328695 0.00013638355 8.96441e-05 6.0975802e-05 0.00014876702 7.3517966e-05 5.5644411e-05 2.9534413e-05
0.00015383318 7.6297309e-05 5.8992633e-05 3.3922912e-05 0.00021081625 0.00014143496 9.2964317e-05 6.3234148e-05 0.00015427045 7.6220679e-05 5.768402e-05 3.0581403e-05
0.00015933362 7.9041925e-05 6.1120128e-05 3.517971e-05 0.00021834555 0.00014648638 9.6284538e-05 6.5492493e-05 0.000159774 7.8923415e-05 5.9723644e-05 3.1628401e-05
0.00016483396 8.1786538e-05 6.3247614e-05 3.6436504e-05 0.00022587486 0.00015153782 9.9604764e-05 6.7750837e-05 0.00016527768 8.1626174e-05 6.1763284e-05 3.2675408e-05
0.00017033421 8.4531147e-05 6.5375091e-05 3.7693295e-05 0.00023340419 0.00015658926 0.00010292499 7.0009179e-05 0.00017078146 8.4328955e-05 6.3802939e-05 3.3722424e-05
0.00017583436 8.7275753e-05 6.7502559e-05 3.8950082e-05 0.00024093353 0.00016164071 0.00010624523 7.2267521e-05 0.00017628537 8.7031759e-05 6.5842609e-05 3.4769447e-05
0.00018133442 9.0020355e-05 6.9630019e-05 4.0206866e-05 0.00024846287 0.00016669218 0.00010956547 7.4525861e-05 0.00018178939 8.9734586e-05 6.7882296e-05 3.581648e-05
0.00018683438 9.2764953e-05 7.175747e-05 4.1463646e-05 0.00025599223 0.00017174366 0.00011288571 7.67842e-05 0.00018729354 9.2437436e-05 6.9921997e-05 3.6863521e-05
0.00019233424 9.5509548e-05 7.3884912e-05 4.2720423e-05 0.00026352161 0.00017679515 0.00011620596 7.9042538e-05 0.0001927978 9.5140308e-05 7.1961714e-05 3.791057e-05
0.00019783401 9.8254139e-05 7.6012345e-05 4.3977196e-05 0.00027105099 0.00018184665 0.00011952622 8.1300875e-05 0.00019830218 9.7843203e-05 7.4001446e-05 3.8957628e-05
0.00020333368 0.00010099873 7.813977e-05 4.5233966e-05 0.00027858039 0.00018689817 0.00012284648 8.355921e-05 0.00020380667 0.00010054612 7.6041194e-05 4.0004694e-05
0.00020883325 0.00010374331 8.0267185e-05 4.6490733e-05 0.00028610979 0.00019194969 0.00012616674 8.5817545e-05 0.00020931129 0.00010324906 7.8080958e-05 4.1051769e-05
0.00021433274 0.00010648789 8.2394592e-05 4.7747496e-05 0.00029363921 0.00019700123 0.00012948701 8.8075879e-05 0.00021481603 0.00010595202 8.0120737e-05 4.2098852e-05
0.00021983212 0.00010923247 8.452199e-05 4.9004255e-05 0.00030116865 0.00020205278 0.00013280728 9.0334211e-05 0.00022032088 0.00010865501 8.2160531e-05 4.3145944e-05
0.00022533141 0.00011197704 8.664938e-05 5.0261012e-05 0.00030869809 0.00020710434 0.00013612756 9.2592542e-05 0.00022582585 0.00011135802 8.4200341e-05 4.4193044e-05
0.00023083061 0.00011472161 8.8776761e-05 5.1517764e-05 0.00031622755 0.00021215591 0.00013944784 9.4850873e-05 0.00023133094 0.00011406105 8.6240166e-05 4.5240153e-05
0.00023632971 0.00011746618 9.0904133e-05 5.2774514e-05 0.00032375702 0.0002172075 0.00014276813 9.7109202e-05 0.00023683615 0.0001167641 8.8280007e-05 4.628727e-05
0.00024182871 0.00012021074 9.3031496e-05 5.403126e-05 0.0003312865 0.00022225909 0.00014608842 9.936753e-05 0.00024234148 0.00011946718 9.0319864e-05 4.7334396e-05
0.00024732762 0.0001229553 9.515885e-05 5.5288002e-05 0.00033881599 0.0002273107 0.00014940872 0.00010162586 0.00024784693 0.00012217028 9.2359735e-05 4.838153e-05
0.00025282644 0.00012569985 9.7286196e-05 5.6544742e-05 0.0003463455 0.00023236232 0.00015272902 0.00010388418 0.00025335249 0.0001248734 9.4399623e-05 4.9428673e-05
0.00025832516 0.0001284444 9.9413533e-05 5.7801477e-05 0.00035387502 0.00023741395 0.00015604932 0.00010614251 0.00025885818 0.00012757654 9.6439526e-05 5.0475824e-05
0.00026382379 0.00013118895 0.00010154086 5.905821e-05 0.00036140455 0.00024246559 0.00015936963 0.00010840083 0.00026436398 0.00013027971 9.8479444e-05 5.1522984e-05
0.00026932232 0.00013393349 0.00010366818 6.0314939e-05 0.00036893409 0.00024751725 0.00016268995 0.00011065916 0.00026986991 0.0001329829 0.00010051938 5.2570152e-05
0.00027482075 0.00013667803 0.00010579549 6.1571665e-05 0.00037646365 0.00025256891 0.00016601027 0.00011291748 0.00027537595 0.00013568611 0.00010255933 5.3617329e-05
0.0002803191 0.00013942257 0.00010792279 6.2828387e-05 0.00038399322 0.00025762059 0.0001693306 0.0001151758 0.00028088211 0.00013838934 0.00010459929 5.4664515e-05
0.00028581734 0.0001421671 0.00011005009 6.4085106e-05 0.0003915228 0.00026267228 0.00017265093 0.00011743412 0.0002863884 0.0001410926 0.00010663927 5.5711709e-05
0.0002913155 0.00014491163 0.00011217737 6.5341822e-05 0.0003990524 0.00026772398 0.00017597126 0.00011969244 0.0002918948 0.00014379588 0.00010867927 5.6758911e-05
0.00029681356 0.00014765616 0.00011430465 6.6598534e-05 0.00040658201 0.00027277569 0.0001792916 0.00012195076 0.00029740132 0.00014649918 0.00011071928 5.7806123e-05
0.00030231152 0.00015040068 0.00011643192 6.7855243e-05 0.00041411163 0.00027782741 0.00018261195 0.00012420907 0.00030290796 0.00014920251 0.00011275931 5.8853342e-05
0.00030780939 0.0001531452 0.00011855918 6.9111948e-05 0.00042164127 0.00028287915 0.0001859323 0.00012646739 0.00030841472 0.00015190586 0.00011479935 5.9900571e-05
0.00031330717 0.00015588971 0.00012068643 7.0368651e-05 0.00042917092 0.0002879309 0.00018925265 0.0001287257 0.00031392161 0.00015460923 0.00011683941 6.0947807e-05
0.00031880485 0.00015863422 0.00012281367 7.1625349e-05 0.00043670058 0.00029298266 0.00019257301 0.00013098402 0.00031942861 0.00015731262 0.00011887948 6.1995053e-05
0.00032430244 0.00016137873 0.0001249409 7.2882045e-05 0.00044423026 0.00029803443 0.00019589338 0.00013324233 0.00032493573 0.00016001603 0.00012091957 6.3042307e-05
0.00032979994 0.00016412323 0.00012706812 7.4138737e-05 0.00045175995 0.00030308621 0.00019921374 0.00013550065 0.00033044297 0.00016271947 0.00012295968 6.4089569e-05
0.00033529734 0.00016686773 0.00012919534 7.5395426e-05 0.00045928966 0.000308138 0.00020253412 0.00013775896 0.00033595033 0.00016542293 0.0001249998 6.5136841e-05
0.00034079465 0.00016961222 0.00013132255 7.6652112e-05 0.00046681938 0.00031318981 0.0002058545 0.00014001727 0.00034145781 0.00016812641 0.00012703993 6.618412e-05
0.00034629186 0.00017235672 0.00013344974 7.7908794e-05 0.00047434911 0.00031824162 0.00020917488 0.00014227558 0.00034696542 0.00017082992 0.00012908009 6.7231409e-05
0.00035178899 0.0001751012 0.00013557693 7.9165473e-05 0.00048187886 0.00032329345 0.00021249527 0.00014453389 0.00035247314 0.00017353345 0.00013112025 6.8278706e-05
0.00035728601 0.00017784569 0.00013770412 8.0422149e-05 0.00048940862 0.00032834529 0.00021581566 0.0001467922 0.00035798098 0.000176237 0.00013316044 6.9326011e-05
0.00036219233 0.00018073222 0.00013963056 8.153448e-05 0.00049647186 0.00033352911 0.00021881444 0.00014880074 0.00036239589 0.00017891112 0.00013505233 7.0260951e-05
0.00036504776 0.00018357898 0.00014113819 8.2305205e-05 0.00052287191 0.00033904428 0.00022099585 0.0001502006 0.0003652562 0.00018173453 0.00013650871 7.0908147e-05
0.00036927196 0.00018575689 0.00014245866 8.2925279e-05 0.00072834714 0.00034477603 0.00022257672 0.00015136212 0.00036948566 0.00018389279 0.00013778861 7.1429093e-05
0.00037349606 0.0001879348 0.00014377911 8.3545347e-05 0.00093382287 0.0003505078 0.00022415759 0.00015252364 0.00037371527 0.00018605106 0.00013906851 7.1950041e-05
0.0003777202 0.00019011272 0.00014509956 8.4165415e-05 0.0011392988 0.00035623957 0.00022573846 0.00015368516 0.00037794486 0.00018820932 0.00014034842 7.2470991e-05
0.00038194438 0.00019229064 0.00014642 8.4785483e-05 0.001344775 0.00036197135 0.00022731933 0.00015484668 0.00038217443 0.00019036759 0.00014162834 7.2991944e-05
0.0003861686 0.00019446857 0.00014774043 8.540555e-05 0.0015502514 0.00036770313 0.0002289002 0.00015600821 0.00038640398 0.00019252585 0.00014290828 7.3512899e-05
0.00039039287 0.0001966465 0.00014906085 8.6025618e-05 0.001755728 0.00037343491 0.00023048108 0.00015716973 0.00039063351 0.00019468411 0.00014418823 7.4033857e-05
0.00039461718 0.00019882444 0.00015038126 8.6645685e-05 0.0019612048 0.0003791667 0.00023206196 0.00015833125 0.00039486302 0.00019684237 0.00014546819 7.4554817e-05
0.00039884153 0.00020100238 0.00015170166 8.7265752e-05 0.0021666819 0.00038489849 0.00023364284 0.00015949278 0.00039909251 0.00019900062 0.00014674817 7.507578e-05
0.00040306593 0.00020318033 0.00015302205 8.7885819e-05 0.0023721591 0.00039063028 0.00023522372 0.00016065431 0.00040332198 0.00020115888 0.00014802816 7.5596745e-05
0.00040729037 0.00020535829 0.00015434243 8.8505886e-05 0.0025776366 0.00039636208 0.0002368046 0.00016181584 0.00040755143 0.00020331712 0.00014930815 7.6117712e-05
0.00041151486 0.00020753625 0.0001556628 8.9125952e-05 0.0027831143 0.00040209389 0.00023838549 0.00016297737 0.00041178087 0.00020547537 0.00015058817 7.6638682e-05
0.00041573939 0.00020971421 0.00015698317 8.9746019e-05 0.0029885922 0.00040782569 0.00023996638 0.0001641389 0.00041601028 0.00020763362 0.00015186819 7.7159655e-05
0.00041983587 0.00021201622 0.00015826509 9.0344084e-05 0.0031790986 0.00041344325 0.00024155463 0.00016525808 0.00042008318 0.00020990907 0.00015311608 7.7666982e-05
0.0004230926 0.00021501221 0.0001593401 9.0829787e-05 0.0032826796 0.00041839731 0.00024318554 0.00016613127 0.00042334345 0.00021289106 0.00015416104 7.8079526e-05
0.00042634937 0.00021800824 0.00016041507 9.1315499e-05 0.0033862524 0.00042335133 0.00024481649 0.00016700447 0.00042660365 0.00021587312 0.00015520604 7.8492083e-05
0.00042960617 0.00022100426 0.00016149005 9.1801211e-05 0.0034898258 0.00042830536 0.00024644744 0.00016787767 0.00042986384 0.00021885518 0.00015625105 7.8904643e-05
0.00043286302 0.00022400027 0.00016256502 9.2286924e-05 0.0035933997 0.00043325939 0.00024807839 0.00016875088 0.00043312401 0.00022183725 0.00015729606 7.9317206e-05
0.00043611991 0.00022699626 0.00016363998 9.2772636e-05 0.0036969741 0.00043821342 0.00024970934 0.00016962408 0.00043638417 0.00022481933 0.00015834108 7.9729772e-05
0.00043937684 0.00022999225 0.00016471495 9.3258349e-05 0.0038005491 0.00044316747 0.0002513403 0.00017049729 0.00043964431 0.00022780141 0.0001593861 8.0142341e-05
0.00044263382 0.00023298824 0.00016578991 9.3744062e-05 0.0039041245 0.00044812151 0.00025297125 0.0001713705 0.00044290444 0.0002307835 0.00016043114 8.0554912e-05
0.00044589084 0.00023598421 0.00016686487 9.4229774e-05 0.0040077005 0.00045307556 0.00025460221 0.00017224372 0.00044616455 0.00023376559 0.00016147618 8.0967486e-05
0.0004491479 0.00023898017 0.00016793982 9.4715487e-05 0.0041112771 0.00045802961 0.00025623317 0.00017311693 0.00044942465 0.0002367477 0.00016252122 8.1380064e-05
0.00045240501 0.00024197612 0.00016901477 9.52012e-05 0.0042148541 0.00046298367 0.00025786413 0.00017399015 0.00045268473 0.00023972981 0.00016356627 8.1792644e-05
0.00045566215 0.00024497206 0.00017008972 9.5686913e-05 0.0043184317 0.00046793773 0.00025949509 0.00017486337 0.0004559448 0.00024271193 0.00016461133 8.2205226e-05
0.00045891935 0.000247968 0.00017116467 9.6172626e-05 0.0044220099 0.0004728918 0.00026112606 0.0001757366 0.00045920485 0.00024569405 0.0001656564 8.2617812e-05
0.00046217658 0.00025096392 0.00017223961 9.6658339e-05 0.0045255886 0.00047784587 0.00026275702 0.00017660982 0.00046246489 0.00024867618 0.00016670147 8.3030401e-05
0.00046543386 0.00025395984 0.00017331455 9.7144052e-05 0.0046291678 0.00048279995 0.00026438799 0.00017748305 0.00046572491 0.00025165832 0.00016774655 8.3442992e-05
0.00046869118 0.00025695574 0.00017438948 9.7629766e-05 0.0047327476 0.00048775403 0.00026601896 0.00017835628 0.00046898491 0.00025464046 0.00016879164 8.3855586e-05
0.00047165023 0.0002602333 0.00017528373 9.807736e-05 0.0048428371 0.00054927743 0.00026779576 0.00017911665 0.00047194604 0.00025790587 0.0001696587 8.4236734e-05
0.00047410811 0.00026398348 0.00017587522 9.8461069e-05 0.0049638323 0.00070560619 0.00026981698 0.00017968789 0.00047440729 0.00026164535 0.00017022733 8.4565152e-05
0.00047656632 0.0002677335 0.00017646669 9.8844776e-05 0.005084828 0.00086193507 0.0002718382 0.00018025913 0.00047686825 0.00026538502 0.00017079598 8.4893577e-05
0.00047902455 0.00027148351 0.00017705817 9.9228483e-05 0.0052058245 0.001018264 0.00027385942 0.00018083037 0.00047932923 0.00026912469 0.00017136463 8.5222006e-05
0.0004814828 0.00027523351 0.00017764965 9.9612191e-05 0.0053268214 0.001174593 0.00027588064 0.00018140161 0.00048179022 0.00027286437 0.00017193328 8.5550437e-05
0.00048394107 0.00027898351 0.00017824113 9.99959e-05 0.0054478188 0.001330922 0.00027790186 0.00018197285 0.00048425122 0.00027660406 0.00017250193 8.5878871e-05
0.00048639935 0.0002827335 0.00017883261 0.00010037961 0.0055688166 0.0014872511 0.00027992308 0.00018254409 0.00048671222 0.00028034375 0.00017307059 8.6207308e-05
0.00048885764 0.00028648348 0.0001794241 0.00010076332 0.0056898149 0.0016435801 0.00028194431 0.00018311534 0.00048917323 0.00028408345 0.00017363924 8.6535747e-05
0.00049131595 0.00029023345 0.00018001559 0.00010114703 0.0058108136 0.0017999092 0.00028396553 0.00018368659 0.00049163425 0.00028782315 0.00017420789 8.6864189e-05
0.00049377428 0.00029398342 0.00018060708 0.00010153074 0.0059318129 0.0019562383 0.00028598676 0.00018425784 0.00049409528 0.00029156286 0.00017477655 8.7192633e-05
0.00049623263 0.00029773338 0.00018119857 0.00010191445 0.0060528126 0.0021125675 0.00028800799 0.00018482909 0.00049655632 0.00029530258 0.0001753452 8.7521081e-05
0.00049869099 0.00030148333 0.00018179007 0.00010229816 0.0061738127 0.0022688966 0.00029002922 0.00018540035 0.00049901737 0.00029904231 0.00017591386 8.784953e-05
0.00050114936 0.00030523328 0.00018238156 0.00010268187 0.0062948134 0.0024252258 0.00029205045 0.0001859716 0.00050147842 0.00030278204 0.00017648252 8.8177983e-05
0.00050360775 0.00030898321 0.00018297306 0.00010306558 0.0064158145 0.002581555 0.00029407169 0.00018654286 0.00050393949 0.00030652177 0.00017705117 8.8506438e-05
0.00050606616 0.00031273314 0.00018356457 0.00010344929 0.0065368161 0.0027378843 0.00029609292 0.00018711412 0.00050640056 0.00031026152 0.00017761983 8.8834896e-05
0.00050852459 0.00031648307 0.00018415607 0.000103833 0.0066578182 0.0028942136 0.00029811416 0.00018768539 0.00050886164 0.00031400127 0.00017818849 8.9163356e-05
0.00051098303 0.00032023298 0.00018474758 0.00010421671 0.0067788208 0.0030505429 0.0003001354 0.00018825665 0.00051132273 0.00031774103 0.00017875715 8.9491819e-05
0.00073708654 0.00032238818 0.00018508456 0.00010442908 0.0070491989 0.0031350638 0.00030130079 0.00018856919 0.0007491554 0.00031998242 0.00017906318 8.9675422e-05
0.001028459 0.00032418128 0.00018534415 0.00010459754 0.0073585618 0.0032008341 0.00030224257 0.00018881404 0.0010415884 0.00032177865 0.00017931132 8.9820246e-05
0.0013198394 0.00032597428 0.00018560375 0.00010476601 0.0076679342 0.0032666019 0.00030318432 0.0001890589 0.0013340325 0.00032357481 0.00017955946 8.9965072e-05
0.0016112196 0.00032776726 0.00018586335 0.00010493447 0.007977308 0.0033323694 0.00030412608 0.00018930375 0.0016264795 0.00032537098 0.0001798076 9.0109898e-05
0.0019025995 0.00032956021 0.00018612295 0.00010510294 0.0082866828 0.0033981365 0.00030506783 0.00018954861 0.0019189292 0.00032716715 0.00018005574 9.0254726e-05
0.0021939792 0.00033135313 0.00018638256 0.0001052714 0.008596059 0.0034639032 0.00030600957 0.00018979347 0.0022113818 0.00032896333 0.00018030387 9.0399554e-05
0.0024853586 0.00033314603 0.00018664217 0.00010543986 0.0089054364 0.0035296696 0.00030695132 0.00019003833 0.0025038373 0.00033075951 0.000180552 9.0544383e-05
0.0027767378 0.0003349389 0.00018690178 0.00010560833 0.0092148151 0.0035954356 0.00030789306 0.00019028319 0.0027962956 0.00033255569 0.00018080012 9.0689212e-05
0.0030681167 0.00033673174 0.0001871614 0.00010577679 0.0095241951 0.0036612012 0.00030883479 0.00019052806 0.0030887567 0.00033435188 0.00018104824 9.0834042e-05
0.0033594954 0.00033852456 0.00018742102 0.00010594525 0.0098335763 0.0037269664 0.00030977653 0.00019077292 0.0033812206 0.00033614807 0.00018129636 9.0978873e-05
0.0036508738 0.00034031735 0.00018768065 0.00010611372 0.010142959 0.0037927312 0.00031071826 0.00019101778 0.0036736874 0.00033794426 0.00018154448 9.1123705e-05
0.003942252 0.00034211011 0.00018794028 0.00010628218 0.010452343 0.0038584957 0.00031165999 0.00019126265 0.0039661571 0.00033974046 0.00018179259 9.1268537e-05
0.00423363 0.00034390285 0.00018819991 0.00010645064 0.010761728 0.0039242598 0.00031260171 0.00019150751 0.0042586296 0.00034153667 0.0001820407 9.141337e-05
0.0045250078 0.00034569556 0.00018845955 0.00010661911 0.011071114 0.0039900235 0.00031354343 0.00019175238 0.004551105 0.00034333287 0.0001822888 9.1558204e-05
0.0048163853 0.00034748824 0.00018871919 0.00010678757 0.011380502 0.0040557868 0.00031448515 0.00019199725 0.0048435832 0.00034512908 0.00018253691 9.1703039e-05
0.0051077627 0.0003492809 0.00018897883 0.00010695603 0.011689891 0.0041215498 0.00031542687 0.00019224211 0.0051360644 0.00034692529 0.00018278501 9.1847874e-05
0.0053991399 0.00035107353 0.00018923848 0.00010712449 0.011999281 0.0041873123 0.00031636858 0.00019248698 0.0054285484 0.00034872151 0.0001830331 9.199271e-05
0.0056905168 0.00035286613 0.00018949813 0.00010729296 0.012308672 0.0042530745 0.00031731029 0.00019273185 0.0057210352 0.00035051773 0.0001832812 9.2137547e-05
0.0059674283 0.00035476717 0.00018991059 0.00010744791 0.012604813 0.0043189106 0.00031839109 0.00019298408 0.0060036506 0.00035195934 0.00018352129 9.230978e-05
0.0062400185 0.00035670044 0.00019036797 0.00010759877 0.012897045 0.0043848168 0.000319513 0.00019323825 0.0062832933 0.00035329636 0.00018375905 9.2489985e-05
0.0065126329 0.00035863359 0.00019082541 0.00010774968 0.013189281 0.0044507023 0.00032063485 0.00019349252 0.006562965 0.00035463341 0.00018399679 9.2670236e-05
0.0067852466 0.00036056669 0.00019128284 0.00010790058 0.013481517 0.004516588 0.0003217567 0.00019374679 0.0068426392 0.00035597047 0.00018423453 9.2850486e-05
0.0070432872 0.00036214069 0.00019177068 0.00010807672 0.013755774 0.0045825925 0.00032306695 0.00019401106 0.0071038179 0.00035733453 0.000184638 9.302436e-05
0.0072934263 0.00036351906 0.00019227505 0.00010826671 0.014020209 0.0046486193 0.00032447989 0.00019428098 0.0073549447 0.00035871307 0.00018513204 9.3194824e-05
0.007543545 0.00036489729 0.00019277945 0.00010845666 0.01428465 0.0047146626 0.00032589287 0.00019455082 0.0076060591 0.00036009173 0.00018562601 9.3365261e-05
0.0077936645 0.00036627551 0.00019328385 0.00010864661 0.014549092 0.0047807054 0.00032730584 0.00019482066 0.0078571762 0.00036147038 0.00018611997 9.3535699e-05
0.0080437844 0.00036765371 0.00019378825 0.00010883656 0.014813536 0.0048467479 0.0003287188 0.00019509051 0.0081082962 0.00036284902 0.00018661394 9.3706138e-05
0.0082939047 0.0003690319 0.00019429265 0.00010902651 0.015077982 0.00491279 0.00033013175 0.00019536036 0.0083594188 0.00036422767 0.00018710789 9.3876578e-05
0.0085440251 0.00037041008 0.00019479705 0.00010921646 0.015342429 0.0049788318 0.00033154471 0.0001956302 0.0086105441 0.00036560631 0.00018760185 9.4047019e-05
0.0087941459 0.00037178824 0.00019530146 0.00010940641 0.015606877 0.0050448732 0.00033295765 0.00019590005 0.0088616721 0.00036698494 0.00018809579 9.421746e-05
0.0090442668 0.00037316639 0.00019580587 0.00010959635 0.015871327 0.0051109143 0.00033437059 0.0001961699 0.0091128027 0.00036836357 0.00018858974 9.4387903e-05
0.0098176688 0.00036911976 0.00019377865 0.00010819276 0.017378038 0.005109482 0.00032988461 0.00019378542 0.0098874368 0.00036435683 0.00018666126 9.3216921e-05
0.011063327 0.00035903519 0.00018854536 0.00010462883 0.020317449 0.0051048158 0.00031866577 0.00018769866 0.011134212 0.00035436993 0.00018167876 9.0243303e-05
0.012308967 0.00034895217 0.00018331255 0.00010106521 0.023256611 0.0051001506 0.00030744797 0.00018161241 0.012380779 0.00034438396 0.00017669679 8.7269986e-05
0.013554697 0.0003388696 0.00017807974 9.7501594e-05 0.02619577 0.0050954856 0.00029623021 0.00017552614 0.013627249 0.00033439783 0.00017171488 8.4296712e-05
0.014800518 0.00032878747 0.00017284693 9.3937971e-05 0.029134926 0.0050908206 0.00028501249 0.00016943983 0.014873622 0.00032441154 0.00016673301 8.1323478e-05
0.016046432 0.00031870576 0.0001676141 9.037434e-05 0.032074084 0.0050861557 0.00027379478 0.00016335349 0.0161199 0.00031442506 0.00016175119 7.8350281e-05
0.016800672 0.00031723667 0.00016658865 8.9746026e-05 0.032761757 0.0050830967 0.00027230455 0.00016222354 0.016988883 0.00031367291 0.000160637 7.7849018e-05
0.03958414 0.00024061587 8.813562e-05 4.6436028e-05 0.043940471 0.0048477581 0.00017029337 8.2250421e-05 0.039672637 0.00023778991 8.5294475e-05 4.1766832e-05
0.040120815 0.00024051956 8.8038697e-05 4.6375436e-05 0.044476474 0.0048475799 0.00017013907 8.2141918e-05 0.040210002 0.00023769598 8.5201821e-05 4.1716657e-05
0.040657512 0.00024042325 8.7941693e-05 4.6314813e-05 0.045012498 0.0048474017 0.00016998463 8.2033355e-05 0.040747374 0.0002376019 8.51091e-05 4.1666445e-05
0.04119421 0.00024032694 8.7844689e-05 4.625419e-05 0.045548522 0.0048472234 0.0001698302 8.1924792e-05 0.041284746 0.00023750782 8.501638e-05 4.1616234e-05
0.041730908 0.00024023064 8.7747685e-05 4.6193567e-05 0.046084547 0.0048470452 0.00016967576 8.181623e-05 0.041822116 0.00023741374 8.492366e-05 4.1566023e-05
0.042267607 0.00024013433 8.765068e-05 4.6132945e-05 0.046620571 0.0048468669 0.00016952132 8.1707668e-05 0.042359486 0.00023731966 8.4830941e-05 4.1515811e-05
0.042804306 0.00024003803 8.7553675e-05 4.6072323e-05 0.047156595 0.0048466887 0.00016936688 8.1599106e-05 0.042896856 0.00023722557 8.4738223e-05 4.1465599e-05
0.043341005 0.00023994174 8.745667e-05 4.6011701e-05 0.047692619 0.0048465105 0.00016921245 8.1490544e-05 0.043434225 0.00023713148 8.4645506e-05 4.1415388e-05
0.043877705 0.00023984544 8.7359664e-05 4.5951079e-05 0.048228644 0.0048463322 0.00016905801 8.1381982e-05 0.043971593 0.00023703739 8.4552789e-05 4.1365176e-05
0.044414406 0.00023974915 8.7262658e-05 4.5890457e-05 0.048764668 0.004846154 0.00016890357 8.127342e-05 0.044508961 0.0002369433 8.4460072e-05 4.1314964e-05
0.044951107 0.00023965286 8.7165651e-05 4.5829836e-05 0.049300692 0.0048459757 0.00016874914 8.1164858e-05 0.045046328 0.00023684921 8.4367356e-05 4.1264752e-05
0.045487809 0.00023955658 8.7068645e-05 4.5769215e-05 0.049836716 0.0048457975 0.0001685947 8.1056297e-05 0.045583694 0.00023675511 8.4274641e-05 4.1214539e-05
0.046024511 0.00023946029 8.6971637e-05 4.5708594e-05 0.05037274 0.0048456193 0.00016844026 8.0947735e-05 0.04612106 0.00023666101 8.4181926e-05 4.1164327e-05
0.046561213 0.00023936401 8.687463e-05 4.5647973e-05 0.050908764 0.004845441 0.00016828583 8.0839173e-05 0.046658426 0.00023656691 8.4089211e-05 4.1114114e-05
0.047097916 0.00023926774 8.6777623e-05 4.5587353e-05 0.051444788 0.0048452628 0.00016813139 8.0730612e-05 0.04719579 0.00023647281 8.3996498e-05 4.1063902e-05
0.04763462 0.00023917146 8.6680615e-05 4.5526733e-05 0.051980813 0.0048450846 0.00016797695 8.0622051e-05 0.047733155 0.0002363787 8.3903784e-05 4.1013689e-05
0.048171324 0.00023907519 8.6583606e-05 4.5466112e-05 0.052516837 0.0048449063 0.00016782252 8.0513489e-05 0.048270518 0.00023628459 8.3811072e-05 4.0963476e-05
0.048708029 0.00023897892 8.6486597e-05 4.5405492e-05 0.053052861 0.0048447281 0.00016766808 8.0404928e-05 0.048807881 0.00023619048 8.371836e-05 4.0913263e-05
0.049244734 0.00023888265 8.6389588e-05 4.5344873e-05 0.053588885 0.0048445499 0.00016751364 8.0296367e-05 0.049345243 0.00023609637 8.3625648e-05 4.086305e-05
0.049781439 0.00023878638 8.6292579e-05 4.5284253e-05 0.054124909 0.0048443716 0.00016735921 8.0187806e-05 0.049882605 0.00023600226 8.3532937e-05 4.0812837e-05
0.050318145 0.00023869012 8.619557e-05 4.5223634e-05 0.054660933 0.0048441934 0.00016720477 8.0079245e-05 0.050419966 0.00023590814 8.3440227e-05 4.0762623e-05
0.050854852 0.00023859386 8.6098559e-05 4.5163014e-05 0.055196957 0.0048440152 0.00016705034 7.9970683e-05 0.050957327 0.00023581402 8.3347517e-05 4.071241e-05
0.051391559 0.0002384976 8.6001549e-05 4.5102396e-05 0.055732981 0.0048438369 0.0001668959 7.9862123e-05 0.051494687 0.0002357199 8.3254807e-05 4.0662196e-05
0.051928266 0.00023840135 8.5904538e-05 4.5041777e-05 0.056269005 0.0048436587 0.00016674146 7.9753562e-05 0.052032046 0.00023562578 8.3162099e-05 4.0611982e-05
0.052464975 0.00023830509 8.5807528e-05 4.4981159e-05 0.056805029 0.0048434805 0.00016658703 7.9645001e-05 0.052569405 0.00023553165 8.3069391e-05 4.0561768e-05
0.053001683 0.00023820884 8.5710516e-05 4.492054e-05 0.057341052 0.0048433022 0.00016643259 7.9536441e-05 0.053106763 0.00023543753 8.2976683e-05 4.0511554e-05
0.053538392 0.0002381126 8.5613504e-05 4.4859922e-05 0.057877076 0.004843124 0.00016627816 7.942788e-05 0.053644121 0.0002353434 8.2883976e-05 4.046134e-05
0.054075102 0.00023801635 8.5516492e-05 4.4799305e-05 0.0584131 0.0048429458 0.00016612372 7.931932e-05 0.054181478 0.00023524927 8.2791269e-05 4.0411126e-05
0.054611812 0.00023792011 8.541948e-05 4.4738687e-05 0.058949124 0.0048427676 0.00016596929 7.9210759e-05 0.054718834 0.00023515513 8.2698564e-05 4.0360912e-05
0.055148523 0.00023782387 8.5322468e-05 4.467807e-05 0.059485148 0.0048425893 0.00016581485 7.9102199e-05 0.05525619 0.000235061 8.2605858e-05 4.0310697e-05
0.055685234 0.00023772763 8.5225455e-05 4.4617453e-05 0.060021172 0.0048424111 0.00016566042 7.8993639e-05 0.055793545 0.00023496686 8.2513154e-05 4.0260482e-05
0.056221945 0.0002376314 8.5128441e-05 4.4556835e-05 0.060557196 0.0048422329 0.00016550598 7.8885078e-05 0.0563309 0.00023487272 8.2420449e-05 4.0210267e-05
0.056758657 0.00023753517 8.5031428e-05 4.4496219e-05 0.061093219 0.0048420547 0.00016535155 7.8776518e-05 0.056868254 0.00023477858 8.2327745e-05 4.0160053e-05
0.05729537 0.00023743894 8.4934414e-05 4.4435602e-05 0.061629243 0.0048418764 0.00016519711 7.8667958e-05 0.057405608 0.00023468443 8.2235042e-05 4.0109838e-05
0.057832083 0.00023734271 8.4837399e-05 4.4374985e-05 0.062165267 0.0048416982 0.00016504268 7.8559397e-05 0.057942961 0.00023459028 8.2142339e-05 4.0059622e-05
0.058368797 0.00023724649 8.4740385e-05 4.4314369e-05 0.062701291 0.00484152 0.00016488824 7.8450838e-05 0.058480313 0.00023449613 8.2049638e-05 4.0009407e-05
0.058905511 0.00023715027 8.464337e-05 4.4253753e-05 0.063237314 0.0048413418 0.00016473381 7.8342278e-05 0.059017664 0.00023440198 8.1956936e-05 3.9959191e-05
0.059442225 0.00023705405 8.4546354e-05 4.4193138e-05 0.063773338 0.0048411636 0.00016457937 7.8233719e-05 0.059555015 0.00023430783 8.1864235e-05 3.9908976e-05
0.059978941 0.00023695783 8.4449339e-05 4.4132522e-05 0.064309362 0.0048409853 0.00016442494 7.8125159e-05 0.060092366 0.00023421367 8.1771535e-05 3.985876e-05
0.060515656 0.00023686162 8.4352323e-05 4.4071907e-05 0.064845386 0.0048408071 0.0001642705 7.8016599e-05 0.060629716 0.00023411952 8.1678835e-05 3.9808545e-05
0.061052372 0.00023676541 8.4255307e-05 4.4011292e-05 0.065381409 0.0048406289 0.00016411607 7.790804e-05 0.061167065 0.00023402536 8.1586136e-05 3.9758329e-05
0.061589089 0.0002366692 8.415829e-05 4.3950677e-05 0.065917433 0.0048404507 0.00016396163 7.779948e-05 0.061704414 0.00023393119 8.1493437e-05 3.9708113e-05
0.062125806 0.00023657299 8.4061273e-05 4.3890062e-05 0.066453456 0.0048402725 0.0001638072 7.7690921e-05 0.062241762 0.00023383703 8.1400739e-05 3.9657897e-05
0.062662524 0.00023647679 8.3964256e-05 4.3829447e-05 0.06698948 0.0048400943 0.00016365277 7.7582361e-05 0.062779109 0.00023374286 8.1308042e-05 3.960768e-05
0.063199242 0.00023638059 8.3867238e-05 4.3768833e-05 0.067525504 0.004839916 0.00016349833 7.7473802e-05 0.063316456 0.00023364869 8.1215344e-05 3.9557464e-05
0.06373596 0.00023628439 8.377022e-05 4.3708219e-05 0.068061527 0.0048397378 0.0001633439 7.7365243e-05 0.063853803 0.00023355452 8.1122648e-05 3.9507247e-05
0.06427268 0.0002361882 8.3673202e-05 4.3647605e-05 0.068597551 0.0048395596 0.00016318946 7.7256684e-05 0.064391148 0.00023346035 8.1029952e-05 3.9457031e-05
0.064809399 0.00023609201 8.3576184e-05 4.3586992e-05 0.069133574 0.0048393814 0.00016303503 7.7148125e-05 0.064928494 0.00023336618 8.0937257e-05 3.9406814e-05
0.065346119 0.00023599581 8.3479164e-05 4.3526378e-05 0.069669598 0.0048392032 0.0001628806 7.7039566e-05 0.065465838 0.000233272 8.0844561e-05 3.9356597e-05
0.065614479 0.00023594772 8.3430656e-05 4.3496072e-05 0.069937609 0.0048391141 0.00016280338 7.6985287e-05 0.06573451 0.00023322491 8.0798215e-05 3.9331489e-05
0.065882839 0.00023589963 8.3382146e-05 4.3465765e-05 0.070205621 0.004839025 0.00016272617 7.6931007e-05 0.066003182 0.00023317782 8.0751868e-05 3.930638e-05
0.0661512 0.00023585154 8.3333636e-05 4.3435458e-05 0.070473632 0.0048389359 0.00016264895 7.6876728e-05 0.066271853 0.00023313073 8.0705521e-05 3.9281272e-05
