-1.149626965826165e-06 -5.979602302455609e-06 4.172265209489273e-06
5.344833193075956e-06 -1.688075365118729e-06 1.089143902980637e-05
1.185096427496369e-05 2.645539313602958e-06 1.760473290999077e-05
1.835745074528071e-05 6.979137460244144e-06 2.4317987029893e-05
2.486429043158182e-05 1.131271945185061e-05 3.103120329059662e-05
3.137148427583242e-05 1.564628474679382e-05 3.774438071665995e-05
3.787903217764292e-05 1.997983329365038e-05 4.445751923453354e-05
4.438693403700799e-05 2.431336504098212e-05 5.117061877051807e-05
5.089518975392397e-05 2.864687993735942e-05 5.788367925088373e-05
5.740379922836234e-05 3.298037793135976e-05 6.459670060189528e-05
6.391276236030364e-05 3.73138589715577e-05 7.130968274994228e-05
7.0422079049729e-05 4.16473230065176e-05 7.802262562125214e-05
7.693174919658847e-05 4.598076998483538e-05 8.473552914213523e-05
8.344177270087146e-05 5.031419985507073e-05 9.14483932388763e-05
8.995214946253536e-05 5.46476125657812e-05 9.816121783784491e-05
9.646287938152773e-05 5.898100806557278e-05 0.0001048740028652698
0.000102973962357791 6.331438630302198e-05 0.000111586748247496
0.000109485398291298 6.764774722666444e-05 0.0001182994539108513
0.0001159971870819663 7.198109078514832e-05 0.000125012119781607
0.0001225093286297738 7.63144169269673e-05 0.0001317247457861201
0.0001290218228346075 8.064772560079439e-05 0.0001384373318506747
0.0001355346695964177 8.498101675514353e-05 0.0001451498779016084
0.0001420478688151459 8.931429033857204e-05 0.0001518623838653373
0.0001485614203907033 9.364754629972495e-05 0.0001585748496680502
0.0001550753242230039 9.798078458715361e-05 0.0001652872752360341
0.0001615895802119663 0.000102314005149412 0.0001719996604959296
0.0001681041882574718 0.0001066472079351655 0.0001787120053735761
0.0001746191482594564 0.0001109803928929258 0.0001854243097957919
0.0001811344601178142 0.0001153135599712969 0.0001921365736886039
0.0001876501237324335 0.0001196467091188552 0.0001988487969785348
0.0001941661390032099 0.0001239798402841732 0.0002055609795917999
0.0002006825058300616 0.0001283129534158393 0.0002122731214547716
0.0002071992241127803 0.0001326460484625288 0.0002189852224938628
0.0002137162937513194 0.0001369791253727046 0.0002256972826353318
0.0002202337146455392 0.0001413121840950133 0.0002324093018056519
0.000226751486695289 0.0001456452245780738 0.0002391212799310164
0.0002332696098004796 0.0001499782467703804 0.0002458332169378023
0.0002397880838609411 0.000154311250620548 0.0002525451127526413
0.0002463069087765423 0.0001586442360772097 0.0002592569673014696
0.0002528260844471336 0.0001629772030889358 0.0002659687805109594
0.000259345610772527 0.0001673101516043185 0.0002726805523075443
0.0002658654876525847 0.0001716430815719924 0.0002793922826172125
0.0002723857149871966 0.0001759759929404791 0.0002861039713666328
0.0002789062926761188 0.0001803088856583764 0.0002928156184821675
0.0002854272206191995 0.0001846417596743301 0.0002995272238901377
0.0002919484987163523 0.0001889746149368943 0.0003062387875166894
0.0002984701268672982 0.0001933074513946445 0.0003129503092886114
0.0003049921049718993 0.0001976402689962478 0.0003196617891319128
0.0003115144329299373 0.0002019730676902374 0.0003263732269733937
0.0003180371106412498 0.0002063058474252501 0.0003330846227391558
0.0003245601380056757 0.0002106386081497623 0.000339795976355806
0.0003310835149229513 0.0002149713498125773 0.0003465072877493246
0.0003373300370185408 0.0002182811611215192 0.0003520387598113721
0.0003408634894539494 0.0002192285423995278 0.000353924004598469
0.000341113068278923 0.0002185366664123494 0.0003526564662039672
0.0003413625932955299 0.0002178447963779332 0.0003513889231830268
0.0003416120790408583 0.000217152933868362 0.0003501213771038452
0.0003418615255198943 0.0002164610788810404 0.0003488538279650191
0.0003421109327331378 0.0002157692314153806 0.0003475862757654582
0.0003423603006804158 0.000215077391470783 0.0003463187205047682
0.0003426096293619361 0.0002143855590466316 0.0003450511621819236
0.0003428589187775793 0.0002136937341422566 0.0003437836007964151
0.0003431081689273781 0.0002130019167571029 0.000342516036347188
0.0003433573798111871 0.0002123101068904993 0.0003412484688337723
0.0003436065514294474 0.0002116183045418963 0.0003399808982553847
0.000343855683781865 0.0002109265097106545 0.0003387133246111414
0.0003441047768689707 0.0002102347223961365 0.0003374457479000418
0.0003443538306902392 0.0002095429425977391 0.0003361781681218978
0.0003446028452457942 0.0002088511703148654 0.0003349105852756295
0.0003448518205359263 0.0002081594055468703 0.0003336429993603209
0.0003451007565601592 0.0002074676482931906 0.0003323754103757241
0.0003453496533196068 0.0002067758985531375 0.0003311078183204958
0.0003455985108132271 0.0002060841563261712 0.0003298402231943034
0.0003458473290414211 0.0002053924216116557 0.0003285726249964149
0.0003460961080040568 0.0002047006944089764 0.0003273050237258693
0.0003463448477014413 0.0002040089747174564 0.0003260374193815485
0.0003465935481332541 0.0002033172625366146 0.0003247698119636568
0.000346842209300213 0.0002026255578656952 0.0003235022014705892
0.0003470908312012432 0.0002019338607041643 0.0003222345879018611
0.0003473394138376737 0.0002012421710513679 0.0003209669712567744
0.0003475879572085697 0.0002005504889067886 0.0003196993515349319
0.0003478364613143125 0.0001998588142696862 0.0003184317287346829
0.0003480849261546922 0.000199167147139578 0.0003171641028561997
0.000348333351730156 0.0001984754875156924 0.0003158964738980354
0.0003485817380410811 0.0001977838353974734 0.0003146288418595937
0.0003488300850858833 0.0001970921907844523 0.0003133612067405265
0.0003490783928658241 0.000196400553675874 0.0003120935685398912
0.0003493266613809011 0.0001957089240711462 0.0003108259272567031
0.0003495748906309631 0.0001950173019696485 0.0003095582828901277
0.0003498230806160841 0.0001943256873707766 0.0003082906354399738
0.0003500712313364912 0.0001936340802739514 0.0003070229849048475
0.0003503193427913673 0.000192942480678549 0.000305755331284551
0.0003505674149814992 0.0001922508885839472 0.0003044876745778684
0.0003508154479072404 0.0001915593039894979 0.0003032200147842796
0.000351063441567945 0.0001908677268945926 0.0003019523519028158
0.000351311395963041 0.0001901761572987572 0.0003006846859333508
0.000351559311094068 0.0001894845952011984 0.0002994170168741598
0.0003518071869603664 0.0001887930406014049 0.0002981493447254827
0.0003520550235612293 0.0001881014934987601 0.000296881669485877
0.0003523028208979651 0.0001874099538925911 0.0002956139911547053
0.0003525505789692992 0.0001867184217824182 0.0002943463097315091
0.0003527982977768293 0.0001860268971674297 0.0002930786252151405
0.0003530459773188593 0.000185335380047227 0.0002918109376051463
0.000353293617596717 0.0001846438704210306 0.0002905432469006764
0.000353541218610429 0.0001839523682882469 0.0002892755531007677
0.0003537887803584652 0.0001832608736484344 0.0002880078562051101
0.0003540363028421692 0.0001825693865008472 0.0002867401562127755
0.0003542837860611983 0.0001818779068449082 0.0002854724531226676
0.0003545312300160248 0.0001811864346799139 0.0002842047469341917
0.0003547786347058378 0.0001804949700054083 0.0002829370376470582
0.0003550260001314752 0.0001798035128206706 0.0002816693252600077
0.0003552733262917858 0.0001791120631252411 0.0002804016097724556
0.00035552061318859 0.0001784206209182208 0.000279133891183567
0.0003557678608207895 0.0001777291861992157 0.0002778661694926351
0.0003560150691879786 0.0001770377589676506 0.0002765984446988861
0.0003562622382910804 0.0001763463392227902 0.0002753307168016669
0.0003565093681297486 0.0001756549269640874 0.0002740629857999159
0.0003567564587036894 0.0001749635221909341 0.0002727952516933768
0.0003570035100133161 0.0001742721249026898 0.0002715275144810083
0.0003572505220582212 0.0001735807350988661 0.0002702597741620033
0.0003574974948394169 0.0001728893527785801 0.0002689920307355968
0.000357744428355147 0.0001721979779415986 0.0002677242842013513
0.0003579913226076773 0.0001715066105869086 0.0002664565345579751
0.0003582381775953619 0.0001708152507142189 0.0002651887818053244
0.0003584849933179935 0.0001701238983228474 0.000263921025942246
0.0003587317697771836 0.0001694325534120826 0.0002626532669680087
0.0003589785069712283 0.0001687412159814389 0.0002613855048819577
0.0003592252049021563 0.0001680498860300898 0.0002601177396831383
0.0003594718635676849 0.0001673585635577725 0.0002588499713711508
0.0003597184829694472 0.0001666672485636023 0.0002575821999449596
0.0003599650631069401 0.0001659759410470225 0.0002563144254039353
0.0003602116039810835 0.0001652846410073511 0.0002550466477472309
0.0003604581055890919 0.0001645933484443651 0.0002537788669743253
0.0003607045679330351 0.0001639020633571666 0.0002525110830841203
0.0003609509910139498 0.000163210785744957 0.0002512432960760304
0.0003611973748298383 0.0001625195156074665 0.0002499755059493314
0.0003614437193823414 0.0001618282529438431 0.0002487077127032067
0.0003616900246684223 0.0001611369977538885 0.0002474399163370929
0.0003619362906923016 0.0001604457500363787 0.0002461721168497619
0.0003621825174512103 0.0001597545097911978 0.0002449043142410275
0.000362428704945795 0.0001590632770175676 0.0002436365085096313
0.0003626748531767787 0.0001583720517148262 0.0002423686996553256
0.0003629209621417787 0.0001576808338826627 0.0002411008876770705
0.0003631670318452961 0.000156989623519777 0.0002398330725740579
0.0003634130622831521 0.0001562984206262988 0.0002385652543455278
0.0003636590534566758 0.0001556072252013663 0.000237297432990845
0.0003639050053658509 0.0001549160372443733 0.0002360296085092937
0.0003641509180116287 0.0001542248567545168 0.0002347617808998864
0.0003643967913916418 0.0001535336837316086 0.0002334939501620228
0.0003646426255087473 0.0001528425181746269 0.0002322261162951791
0.0003648884203617036 0.0001521513600831529 0.0002309582792981838
0.0003651341759497964 0.0001514602094566471 0.0002296904391705093
0.0003653798922744022 0.0001507690662942991 0.0002284225959113657
0.0003656255693345847 0.0001500779305956771 0.0002271547495198557
0.0003559899265618339 0.000139526890011954 0.0002113275076722468
0.0003182000775995455 0.0001088332457807387 0.0001622189844757069
0.0002803791329273821 7.814590463265129e-05 0.0001131040904024962
0.0002425267055769387 4.746461205944988e-05 6.398240619372901e-05
0.0002046424255897623 1.678910160009083e-05 1.485350313887304e-05
0.0001868890241056827 3.446147835112743e-06 -7.277517654044716e-06
0.0001859690080314106 1.847677645303611e-06 -9.974546374130709e-06
0.0001850487942948798 2.49258649307393e-07 -1.267159149056287e-05
0.0001841283361483312 -1.349112688716855e-06 -1.536865687247471e-05
0.0001832076334661085 -2.947436366090665e-06 -1.80657425534814e-05
0.0001822847040687074 -4.535539027112777e-06 -2.077287289006541e-05
0.0001813614979124783 -6.123587944651212e-06 -2.348002469899904e-05
0.0001804380626911387 -7.711592289961686e-06 -2.618719631389334e-05
0.0001795143823612611 -9.29954903977051e-06 -2.889438834080552e-05
0.0001785904569384627 -1.088745821039411e-05 -3.16016008066847e-05
0.0001776662863953609 -1.247531982191027e-05 -3.430883374271342e-05
0.0001767418707057261 -1.406313389491778e-05 -3.701608718052919e-05
0.0001758172098394891 -1.565090044856353e-05 -3.972336115028321e-05
0.0001748923037679481 -1.723861950298094e-05 -4.243065568362083e-05
0.0001739671524631943 -1.882629107822719e-05 -4.513797081178122e-05
0.0001730417558994421 -2.041391519458686e-05 -4.784530656558214e-05
0.0001721161140451905 -2.200149187117403e-05 -5.055266297587411e-05
0.0001711902268754231 -2.358902112889182e-05 -5.326004007418335e-05
0.0001702640943600025 -2.517650298724375e-05 -5.596743789162479e-05
0.0001693377164743875 -2.676393746674627e-05 -5.86748564589477e-05
0.0001684078316014461 -2.835583437039281e-05 -6.139453981185948e-05
0.0001674776676330847 -2.994767817459755e-05 -6.41142464589226e-05
0.000166547274519989 -3.153947754600424e-05 -6.68339730074e-05
0.0001656166354872036 -3.313122963172551e-05 -6.95537206380324e-05
0.0001646857505472499 -3.472293444829934e-05 -7.227348937817056e-05
0.0001637546196691804 -3.631459201555491e-05 -7.499327925977978e-05
0.0001628232428271287 -3.790620235362271e-05 -7.771309031362982e-05
0.0001618916199934773 -3.949776548296388e-05 -8.043292257120548e-05
0.0001609597511366999 -4.10892814228284e-05 -8.315277606379165e-05
0.0001600276362318982 -4.268075019388341e-05 -8.587265082283233e-05
0.0001590952752476939 -4.427217181578302e-05 -8.859254687979706e-05
0.000158162668155848 -4.586354630824362e-05 -9.131246426576848e-05
0.0001572298149303869 -4.745487369200053e-05 -9.403240301218718e-05
0.0001562967155410919 -4.904615398646287e-05 -9.675236315024162e-05
0.0001553633699595519 -5.06373872120041e-05 -9.947234471172929e-05
0.0001544297781596556 -5.222857338864528e-05 -0.0001021923477272604
0.0001534959401095933 -5.381971253587597e-05 -0.000104912372228397
0.0001525618557801571 -5.541080467367158e-05 -0.0001076324182470392
0.0001516275251468367 -5.700184982288577e-05 -0.0001103524858142378
0.0001506929481797257 -5.859284800281079e-05 -0.000113072574960924
0.0001502255929033889 -5.938832738153601e-05 -0.0001144326253723397
0.0001497581505105364 -6.01837971372689e-05 -0.0001157926834488311
0.0001492906464742542 -6.09792551497896e-05 -0.0001171527469370803
