0 0 419.4762793630654 0 0 -419.4762793630654 0 0 -1304.60597445083 0 0 1304.60597445083 0 0 512.5841039350863 0 0 -512.5841039350863 0 0 -1171.897961315246 0 0 1171.897961315246 0 0 -99.86270965110849 0 0 99.86270965110849 0 0 -129.4335219338263 0 0 129.4335219338263
0 0 -9.194941212951468 0 0 9.194941212951468 0 0 -1748.681814039487 0 0 1748.681814039487 0 0 178.3565177954248 0 0 -178.3565177954248 0 0 -1494.692181934862 0 0 1494.692181934862 0 0 -224.4610777862501 0 0 224.4610777862501 0 0 -236.0879375230245 0 0 236.0879375230245
0 0 -442.5372797605443 0 0 442.5372797605443 0 0 -2193.32840684877 0 0 2193.32840684877 0 0 -159.9271080305434 0 0 159.9271080305434 0 0 -1817.789656307104 0 0 1817.789656307104 0 0 -349.381835699767 0 0 349.381835699767 0 0 -342.9133458396894 0 0 342.9133458396894
0 0 -875.8624838271885 0 0 875.8624838271885 0 0 -2637.993678038605 0 0 2637.993678038605 0 0 -498.2050728844762 0 0 498.2050728844762 0 0 -2140.892413237908 0 0 2140.892413237908 0 0 -474.300873560616 0 0 474.300873560616 0 0 -449.7380889856182 0 0 449.7380889856182
0 0 -1309.169816297964 0 0 1309.169816297964 0 0 -3082.679775560418 0 0 3082.679775560418 0 0 -836.4766500037098 0 0 836.4766500037098 0 0 -2464.000491945919 0 0 2464.000491945919 0 0 -599.2179604542431 0 0 599.2179604542431 0 0 -556.562031363986 0 0 556.562031363986
0 0 -1742.459521684162 0 0 1742.459521684162 0 0 -3527.385988193788 0 0 3527.385988193788 0 0 -1174.742078882607 0 0 1174.742078882607 0 0 -2787.113878437207 0 0 2787.113878437207 0 0 -724.133171993344 0 0 724.133171993344 0 0 -663.385217014305 0 0 663.385217014305
0 0 -2175.731599782787 0 0 2175.731599782787 0 0 -3972.112315927509 0 0 3972.112315927509 0 0 -1513.001358537764 0 0 1513.001358537764 0 0 -3110.232571796493 0 0 3110.232571796493 0 0 -849.0465076092448 0 0 849.0465076092448 0 0 -770.2076454089107 0 0 770.2076454089107
0 0 -2608.986050296411 0 0 2608.986050296411 0 0 -4416.858758676501 0 0 4416.858758676501 0 0 -1851.254488003142 0 0 1851.254488003142 0 0 -3433.356571106535 0 0 3433.356571106535 0 0 -973.957966729438 0 0 973.957966729438 0 0 -877.0293160136086 0 0 877.0293160136086
0 0 -3042.222872927156 0 0 3042.222872927156 0 0 -4861.625316355819 0 0 4861.625316355819 0 0 -2189.501466313008 0 0 2189.501466313008 0 0 -3756.485875449938 0 0 3756.485875449938 0 0 -1098.86754878126 0 0 1098.86754878126 0 0 -983.8502282944366 0 0 983.8502282944366
0 0 -3475.442067378312 0 0 3475.442067378312 0 0 -5306.411988880791 0 0 5306.411988880791 0 0 -2527.742292501553 0 0 2527.742292501553 0 0 -4079.620483910272 0 0 4079.620483910272 0 0 -1223.775253191956 0 0 1223.775253191956 0 0 -1090.67038171651 0 0 1090.67038171651
0 0 -3908.643633351198 0 0 3908.643633351198 0 0 -5751.218776166551 0 0 5751.218776166551 0 0 -2865.976965602998 0 0 2865.976965602998 0 0 -4402.760395570241 0 0 4402.760395570241 0 0 -1348.681079388971 0 0 1348.681079388971 0 0 -1197.489775745984 0 0 1197.489775745984
0 0 -4341.827570548664 0 0 4341.827570548664 0 0 -6196.045678129351 0 0 6196.045678129351 0 0 -3204.205484652019 0 0 3204.205484652019 0 0 -4725.905609512944 0 0 4725.905609512944 0 0 -1473.585026798919 0 0 1473.585026798919 0 0 -1304.308409847593 0 0 1304.308409847593
0 0 -4774.993878671207 0 0 4774.993878671207 0 0 -6640.892694683945 0 0 6640.892694683945 0 0 -3542.42784868262 0 0 3542.42784868262 0 0 -5049.056124821052 0 0 5049.056124821052 0 0 -1598.487094850497 0 0 1598.487094850497 0 0 -1411.126283488453 0 0 1411.126283488453
0 0 -5208.142557420787 0 0 5208.142557420787 0 0 -7085.7598257469 0 0 7085.7598257469 0 0 -3880.644056729557 0 0 3880.644056729557 0 0 -5372.211940576149 0 0 5372.211940576149 0 0 -1723.387282970518 0 0 1723.387282970518 0 0 -1517.943396133498 0 0 1517.943396133498
0 0 -5641.273606499299 0 0 5641.273606499299 0 0 -7530.647071233865 0 0 7530.647071233865 0 0 -4218.854107827346 0 0 4218.854107827346 0 0 -5695.373055862868 0 0 5695.373055862868 0 0 -1848.285590585913 0 0 1848.285590585913 0 0 -1624.759747247982 0 0 1624.759747247982
0 0 -6074.387025607069 0 0 6074.387025607069 0 0 -7975.554431061096 0 0 7975.554431061096 0 0 -4557.058001010528 0 0 4557.058001010528 0 0 -6018.539469762121 0 0 6018.539469762121 0 0 -1973.182017124659 0 0 1973.182017124659 0 0 -1731.575336298694 0 0 1731.575336298694
0 0 -6507.482814445625 0 0 6507.482814445625 0 0 -8420.48190514516 0 0 8420.48190514516 0 0 -4895.255735313606 0 0 4895.255735313606 0 0 -6341.711181357756 0 0 6341.711181357756 0 0 -2098.076562013992 0 0 2098.076562013992 0 0 -1838.390162749462 0 0 1838.390162749462
0 0 -6940.560972714525 0 0 6940.560972714525 0 0 -8865.429493401916 0 0 8865.429493401916 0 0 -5233.447309771303 0 0 5233.447309771303 0 0 -6664.888189730498 0 0 6664.888189730498 0 0 -2222.969224682193 0 0 2222.969224682193 0 0 -1945.20422606897 0 0 1945.20422606897
0 0 -7373.621500114953 0 0 7373.621500114953 0 0 -9310.397195748374 0 0 9310.397195748374 0 0 -5571.63272341881 0 0 5571.63272341881 0 0 -6988.070493964038 0 0 6988.070493964038 0 0 -2347.860004555931 0 0 2347.860004555931 0 0 -2052.017525720211 0 0 2052.017525720211
0 0 -7806.664396347104 0 0 7806.664396347104 0 0 -9755.385012101369 0 0 9755.385012101369 0 0 -5909.811975289947 0 0 5909.811975289947 0 0 -7311.258093139974 0 0 7311.258093139974 0 0 -2472.748901063196 0 0 2472.748901063196 0 0 -2158.830061170301 0 0 2158.830061170301
0 0 -8239.689661111242 0 0 8239.689661111242 0 0 -10200.39294237776 0 0 10200.39294237776 0 0 -6247.985064420369 0 0 6247.985064420369 0 0 -7634.450986341473 0 0 7634.450986341473 0 0 -2597.635913631148 0 0 2597.635913631148 0 0 -2265.641831884328 0 0 2265.641831884328
0 0 -8672.697294104961 0 0 8672.697294104961 0 0 -10645.42098649319 0 0 10645.42098649319 0 0 -6586.151989845084 0 0 6586.151989845084 0 0 -7957.649172650551 0 0 7957.649172650551 0 0 -2722.52104168851 0 0 2722.52104168851 0 0 -2372.452837330128 0 0 2372.452837330128
0 0 -9105.687295032518 0 0 9105.687295032518 0 0 -11090.46914436844 0 0 11090.46914436844 0 0 -6924.312750598194 0 0 6924.312750598194 0 0 -8280.852651148667 0 0 8280.852651148667 0 0 -2847.404284660674 0 0 2847.404284660674 0 0 -2479.26307696828 0 0 2479.26307696828
0 0 -9538.659663588423 0 0 9538.659663588423 0 0 -11535.53741591744 0 0 11535.53741591744 0 0 -7262.467345715855 0 0 7262.467345715855 0 0 -8604.061420916994 0 0 8604.061420916994 0 0 -2972.285641978166 0 0 2972.285641978166 0 0 -2586.072550269785 0 0 2586.072550269785
0 0 -9971.614399473143 0 0 9971.614399473143 0 0 -11980.62580105788 0 0 11980.62580105788 0 0 -7600.615774232023 0 0 7600.615774232023 0 0 -8927.275481039253 0 0 8927.275481039253 0 0 -3097.165113067807 0 0 3097.165113067807 0 0 -2692.881256699814 0 0 2692.881256699814
0 0 -10404.55150238698 0 0 10404.55150238698 0 0 -12425.73429971012 0 0 12425.73429971012 0 0 -7938.758035182355 0 0 7938.758035182355 0 0 -9250.494830596059 0 0 9250.494830596059 0 0 -3222.042697356131 0 0 3222.042697356131 0 0 -2799.689195721628 0 0 2799.689195721628
0 0 -10837.47097202744 0 0 10837.47097202744 0 0 -12870.86291178921 0 0 12870.86291178921 0 0 -8276.894127601716 0 0 8276.894127601716 0 0 -9573.719468670415 0 0 9573.719468670415 0 0 -3346.918394271954 0 0 3346.918394271954 0 0 -2906.496366802731 0 0 2906.496366802731
0 0 -11270.37280809244 0 0 11270.37280809244 0 0 -13316.0116372139 0 0 13316.0116372139 0 0 -8615.024050525821 0 0 8615.024050525821 0 0 -9896.949394342791 0 0 9896.949394342791 0 0 -3471.792203243597 0 0 3471.792203243597 0 0 -3013.302769409548 0 0 3013.302769409548
0 0 -11703.25701028303 0 0 11703.25701028303 0 0 -13761.18047590403 0 0 13761.18047590403 0 0 -8953.147802989584 0 0 8953.147802989584 0 0 -10220.18460669561 0 0 10220.18460669561 0 0 -3596.664123696376 0 0 3596.664123696376 0 0 -3120.108403005153 0 0 3120.108403005153
0 0 -12136.12357829186 0 0 12136.12357829186 0 0 -14206.36942777424 0 0 14206.36942777424 0 0 -9291.265384029215 0 0 9291.265384029215 0 0 -10543.42510480923 0 0 10543.42510480923 0 0 -3721.534155061956 0 0 3721.534155061956 0 0 -3226.913267060014 0 0 3226.913267060014
0 0 -12568.97251182299 0 0 12568.97251182299 0 0 -14651.57849274609 0 0 14651.57849274609 0 0 -9629.37679267889 0 0 9629.37679267889 0 0 -10866.67088776868 0 0 10866.67088776868 0 0 -3846.40229676498 0 0 3846.40229676498 0 0 -3333.71736103391 0 0 3333.71736103391
0 0 -13001.80381056878 0 0 13001.80381056878 0 0 -15096.80767073605 0 0 15096.80767073605 0 0 -9967.482027973736 0 0 9967.482027973736 0 0 -11189.92195465053 0 0 11189.92195465053 0 0 -3971.268548236288 0 0 3971.268548236288 0 0 -3440.520684400095 0 0 3440.520684400095
0 0 -13434.61747423032 0 0 13434.61747423032 0 0 -15542.05696166464 0 0 15542.05696166464 0 0 -10305.58108895092 0 0 10305.58108895092 0 0 -11513.17830454005 0 0 11513.17830454005 0 0 -4096.132908900847 0 0 4096.132908900847 0 0 -3547.323236616624 0 0 3547.323236616624
0 0 -13867.41350250321 0 0 13867.41350250321 0 0 -15987.32636545071 0 0 15987.32636545071 0 0 -10643.67397464445 0 0 10643.67397464445 0 0 -11836.43993651652 0 0 11836.43993651652 0 0 -4220.995378187517 0 0 4220.995378187517 0 0 -3654.125017154825 0 0 3654.125017154825
0 0 -14300.19189508331 0 0 14300.19189508331 0 0 -16432.61588200999 0 0 16432.61588200999 0 0 -10981.76068409111 0 0 10981.76068409111 0 0 -12159.7068496618 0 0 12159.7068496618 0 0 -4345.855955526539 0 0 4345.855955526539 0 0 -3760.926025479799 0 0 3760.926025479799
0 0 -14732.95265167075 0 0 14732.95265167075 0 0 -16877.92551126663 0 0 16877.92551126663 0 0 -11319.84121632581 0 0 11319.84121632581 0 0 -12482.97904305856 0 0 12482.97904305856 0 0 -4470.714640342032 0 0 4470.714640342032 0 0 -3867.726261053595 0 0 3867.726261053595
0 0 -15165.69577195759 0 0 15165.69577195759 0 0 -17323.25525313621 0 0 17323.25525313621 0 0 -11657.91557038445 0 0 11657.91557038445 0 0 -12806.25651578366 0 0 12806.25651578366 0 0 -4595.571432066159 0 0 4595.571432066159 0 0 -3974.525723347379 0 0 3974.525723347379
0 0 -15598.42125564266 0 0 15598.42125564266 0 0 -17768.60510753907 0 0 17768.60510753907 0 0 -11995.98374530257 0 0 11995.98374530257 0 0 -13129.53926692121 0 0 13129.53926692121 0 0 -4720.426330124444 0 0 4720.426330124444 0 0 -4081.32441182518 0 0 4081.32441182518
0 0 -16031.1291024242 0 0 16031.1291024242 0 0 -18213.97507439762 0 0 18213.97507439762 0 0 -12334.04574011647 0 0 12334.04574011647 0 0 -13452.82729555408 0 0 13452.82729555408 0 0 -4845.279333944019 0 0 4845.279333944019 0 0 -4188.122325948138 0 0 4188.122325948138
0 0 -16463.81931199335 0 0 16463.81931199335 0 0 -18659.36515362613 0 0 18659.36515362613 0 0 -12672.10155386218 0 0 12672.10155386218 0 0 -13776.12060076063 0 0 13776.12060076063 0 0 -4970.130442955712 0 0 4970.130442955712 0 0 -4294.919465189773 0 0 4294.919465189773
0 0 -16896.4918840477 0 0 16896.4918840477 0 0 -19104.77534514798 0 0 19104.77534514798 0 0 -13010.15118557481 0 0 13010.15118557481 0 0 -14099.41918162133 0 0 14099.41918162133 0 0 -5094.979656587423 0 0 5094.979656587423 0 0 -4401.715829012743 0 0 4401.715829012743
0 0 -17329.14681828301 0 0 17329.14681828301 0 0 -19550.20564888311 0 0 19550.20564888311 0 0 -13348.19463429022 0 0 13348.19463429022 0 0 -14422.72303721657 0 0 14422.72303721657 0 0 -5219.826974266508 0 0 5219.826974266508 0 0 -4508.511416883503 0 0 4508.511416883503
0 0 -17761.78411439352 0 0 17761.78411439352 0 0 -19995.65606475009 0 0 19995.65606475009 0 0 -13686.23189904606 0 0 13686.23189904606 0 0 -14746.03216662919 0 0 14746.03216662919 0 0 -5344.672395421273 0 0 5344.672395421273 0 0 -4615.306228268262 0 0 4615.306228268262
0 0 -18194.40377207644 0 0 18194.40377207644 0 0 -20441.12659267131 0 0 20441.12659267131 0 0 -14024.26297887679 0 0 14024.26297887679 0 0 -15069.34656894068 0 0 15069.34656894068 0 0 -5469.515919478762 0 0 5469.515919478762 0 0 -4722.100262630325 0 0 4722.100262630325
0 0 -18627.00579102532 0 0 18627.00579102532 0 0 -20886.61723256674 0 0 20886.61723256674 0 0 -14362.2878728192 0 0 14362.2878728192 0 0 -15392.66624322646 0 0 15392.66624322646 0 0 -5594.35754586933 0 0 5594.35754586933 0 0 -4828.893519437411 0 0 4828.893519437411
0 0 -19059.59017093296 0 0 19059.59017093296 0 0 -21332.12798435672 0 0 21332.12798435672 0 0 -14700.3065799092 0 0 14700.3065799092 0 0 -15715.99118857095 0 0 15715.99118857095 0 0 -5719.197274020968 0 0 5719.197274020968 0 0 -4935.685998157101 0 0 4935.685998157101
0 0 -19492.156911494 0 0 19492.156911494 0 0 -21777.65884795864 0 0 21777.65884795864 0 0 -15038.31909918343 0 0 15038.31909918343 0 0 -16039.32140405556 0 0 16039.32140405556 0 0 -5844.035103362474 0 0 5844.035103362474 0 0 -5042.477698256243 0 0 5042.477698256243
0 0 -19924.70601240802 0 0 19924.70601240802 0 0 -22223.209823303 0 0 22223.209823303 0 0 -15376.32542967831 0 0 15376.32542967831 0 0 -16362.65688875761 0 0 16362.65688875761 0 0 -5968.871033317261 0 0 5968.871033317261 0 0 -5149.268619191766 0 0 5149.268619191766
0 0 -20357.23747336124 0 0 20357.23747336124 0 0 -22668.78091029999 0 0 22668.78091029999 0 0 -15714.3255704293 0 0 15714.3255704293 0 0 -16685.99764175889 0 0 16685.99764175889 0 0 -6093.705063321449 0 0 6093.705063321449 0 0 -5256.058760443027 0 0 5256.058760443027
0 0 -20789.75129405242 0 0 20789.75129405242 0 0 -23114.37210887713 0 0 23114.37210887713 0 0 -16052.31952047282 0 0 16052.31952047282 0 0 -17009.34366213982 0 0 17009.34366213982 0 0 -6218.537192799032 0 0 6218.537192799032 0 0 -5362.84812146663 0 0 5362.84812146663
0 0 -21222.2474741734 0 0 21222.2474741734 0 0 -23559.98341895494 0 0 23559.98341895494 0 0 -16390.30727884706 0 0 16390.30727884706 0 0 -17332.69494898183 0 0 17332.69494898183 0 0 -6343.367421177454 0 0 6343.367421177454 0 0 -5469.636701730156 0 0 5469.636701730156
0 0 -21654.72601341553 0 0 21654.72601341553 0 0 -24005.61484045203 0 0 24005.61484045203 0 0 -16728.28884458733 0 0 16728.28884458733 0 0 -17656.05150136074 0 0 17656.05150136074 0 0 -6468.195747889198 0 0 6468.195747889198 0 0 -5576.424500704622 0 0 5576.424500704622
0 0 -22087.18691147606 0 0 22087.18691147606 0 0 -24451.26637329443 0 0 24451.26637329443 0 0 -17066.26421672948 0 0 17066.26421672948 0 0 -17979.41331836134 0 0 17979.41331836134 0 0 -6593.02217235856 0 0 6593.02217235856 0 0 -5683.211517849889 0 0 5683.211517849889
0 0 -22506.42898506787 0 0 22506.42898506787 0 0 -24883.94669439635 0 0 24883.94669439635 0 0 -17401.98580090486 0 0 17401.98580090486 0 0 -18298.37154356987 0 0 18298.37154356987 0 0 -6714.460620100022 0 0 6714.460620100022 0 0 -5770.979444206585 0 0 5770.979444206585
0 0 -22852.21853925944 0 0 22852.21853925944 0 0 -25244.37157923955 0 0 25244.37157923955 0 0 -17725.19883565353 0 0 17725.19883565353 0 0 -18592.80616485476 0 0 18592.80616485476 0 0 -6817.059586199101 0 0 6817.059586199101 0 0 -5752.938583371779 0 0 5752.938583371779
0 0 -23197.99850276172 0 0 23197.99850276172 0 0 -25604.81110897297 0 0 25604.81110897297 0 0 -18048.4086891135 0 0 18048.4086891135 0 0 -18887.24487411588 0 0 18887.24487411588 0 0 -6919.656660463516 0 0 6919.656660463516 0 0 -5734.896753518537 0 0 5734.896753518537
0 0 -23528.39146857675 0 0 23528.39146857675 0 0 -25948.269702741 0 0 25948.269702741 0 0 -18365.34450674008 0 0 18365.34450674008 0 0 -19180.63387351301 0 0 19180.63387351301 0 0 -6993.141151312722 0 0 6993.141151312722 0 0 -5717.152297381909 0 0 5717.152297381909
0 0 -23825.4300889427 0 0 23825.4300889427 0 0 -26254.88400629882 0 0 26254.88400629882 0 0 -18668.67876213094 0 0 18668.67876213094 0 0 -19471.74078265325 0 0 19471.74078265325 0 0 -7003.491744482389 0 0 7003.491744482389 0 0 -5700.054264953083 0 0 5700.054264953083
0 0 -24122.46300877794 0 0 24122.46300877794 0 0 -26561.51023109899 0 0 26561.51023109899 0 0 -18972.0113676098 0 0 18972.0113676098 0 0 -19762.85013296811 0 0 19762.85013296811 0 0 -7013.842056497337 0 0 7013.842056497337 0 0 -5682.95570184293 0 0 5682.95570184293
0 0 -24419.49088671427 0 0 24419.49088671427 0 0 -26868.14890573632 0 0 26868.14890573632 0 0 -19275.34246243595 0 0 19275.34246243595 0 0 -20053.96204112982 0 0 20053.96204112982 0 0 -7024.192096410736 0 0 7024.192096410736 0 0 -5665.85662508219 0 0 5665.85662508219
0 0 -24716.51372243914 0 0 24716.51372243914 0 0 -27174.80003091996 0 0 27174.80003091996 0 0 -19578.67204610142 0 0 19578.67204610142 0 0 -20345.07650692478 0 0 20345.07650692478 0 0 -7034.541864230819 0 0 7034.541864230819 0 0 -5648.757034626198 0 0 5648.757034626198
0 0 -25013.53151575493 0 0 25013.53151575493 0 0 -27481.46360708706 0 0 27481.46360708706 0 0 -19882.0001181121 0 0 19882.0001181121 0 0 -20636.19353012254 0 0 20636.19353012254 0 0 -7044.891359955379 0 0 7044.891359955379 0 0 -5631.656930433178 0 0 5631.656930433178
0 0 -25310.54426648497 0 0 25310.54426648497 0 0 -27788.1396347005 0 0 27788.1396347005 0 0 -20185.32667797842 0 0 20185.32667797842 0 0 -20927.31311049584 0 0 20927.31311049584 0 0 -7055.240583581054 0 0 7055.240583581054 0 0 -5614.556312461339 0 0 5614.556312461339
0 0 -25607.55197444681 0 0 25607.55197444681 0 0 -28094.82811422276 0 0 28094.82811422276 0 0 -20488.65172520561 0 0 20488.65172520561 0 0 -21218.43524781975 0 0 21218.43524781975 0 0 -7065.589535106644 0 0 7065.589535106644 0 0 -5597.455180665369 0 0 5597.455180665369
0 0 -25904.55463946396 0 0 25904.55463946396 0 0 -28401.52904610993 0 0 28401.52904610993 0 0 -20791.97525930529 0 0 20791.97525930529 0 0 -21509.55994186812 0 0 21509.55994186812 0 0 -7075.9382145283 0 0 7075.9382145283 0 0 -5580.353535002758 0 0 5580.353535002758
0 0 -26201.55226136057 0 0 26201.55226136057 0 0 -28708.24243083597 0 0 28708.24243083597 0 0 -21095.29727978545 0 0 21095.29727978545 0 0 -21800.68719241316 0 0 21800.68719241316 0 0 -7086.286621842569 0 0 7086.286621842569 0 0 -5563.251375428844 0 0 5563.251375428844
0 0 -26498.5448399512 0 0 26498.5448399512 0 0 -29014.96826884954 0 0 29014.96826884954 0 0 -21398.61778615577 0 0 21398.61778615577 0 0 -22091.81699923032 0 0 22091.81699923032 0 0 -7096.634757047486 0 0 7096.634757047486 0 0 -5546.148701901921 0 0 5546.148701901921
0 0 -26795.53237505366 0 0 26795.53237505366 0 0 -29321.70656061618 0 0 29321.70656061618 0 0 -21701.93677792094 0 0 21701.93677792094 0 0 -22382.94936209014 0 0 22382.94936209014 0 0 -7106.982620140503 0 0 7106.982620140503 0 0 -5529.045514377565 0 0 5529.045514377565
0 0 -27092.51486648658 0 0 27092.51486648658 0 0 -29628.45730659338 0 0 29628.45730659338 0 0 -22005.25425459342 0 0 22005.25425459342 0 0 -22674.08428076738 0 0 22674.08428076738 0 0 -7117.330211118669 0 0 7117.330211118669 0 0 -5511.941812813126 0 0 5511.941812813126
0 0 -27389.49231407211 0 0 27389.49231407211 0 0 -29935.22050724294 0 0 29935.22050724294 0 0 -22308.57021567986 0 0 22308.57021567986 0 0 -22965.22175503485 0 0 22965.22175503485 0 0 -7127.677529978602 0 0 7127.677529978602 0 0 -5494.83759716522 0 0 5494.83759716522
0 0 -27686.4647176392 0 0 27686.4647176392 0 0 -30241.99616302975 0 0 30241.99616302975 0 0 -22611.88466068986 0 0 22611.88466068986 0 0 -23256.36178467009 0 0 23256.36178467009 0 0 -7138.024576717909 0 0 7138.024576717909 0 0 -5477.732867388936 0 0 5477.732867388936
0 0 -27983.43207699347 0 0 27983.43207699347 0 0 -30548.78427440373 0 0 30548.78427440373 0 0 -22915.19758913268 0 0 22915.19758913268 0 0 -23547.50436943981 0 0 23547.50436943981 0 0 -7148.371351333511 0 0 7148.371351333511 0 0 -5460.627623443358 0 0 5460.627623443358
0 0 -28280.39439196197 0 0 28280.39439196197 0 0 -30855.58484184638 0 0 30855.58484184638 0 0 -23218.50900051459 0 0 23218.50900051459 0 0 -23838.64950912122 0 0 23838.64950912122 0 0 -7158.717853822882 0 0 7158.717853822882 0 0 -5443.521865282744 0 0 5443.521865282744
0 0 -28577.35166236114 0 0 28577.35166236114 0 0 -31162.39786579723 0 0 31162.39786579723 0 0 -23521.81889434545 0 0 23521.81889434545 0 0 -24129.79720348864 0 0 24129.79720348864 0 0 -7169.064084183569 0 0 7169.064084183569 0 0 -5426.415592865139 0 0 5426.415592865139
0 0 -28874.30388802047 0 0 28874.30388802047 0 0 -31469.22334674568 0 0 31469.22334674568 0 0 -23825.12727013534 0 0 23825.12727013534 0 0 -24420.94745231343 0 0 24420.94745231343 0 0 -7179.410042411355 0 0 7179.410042411355 0 0 -5409.308806144993 0 0 5409.308806144993
0 0 -29171.25106874044 0 0 29171.25106874044 0 0 -31776.06128511301 0 0 31776.06128511301 0 0 -24128.43412739071 0 0 24128.43412739071 0 0 -24712.1002553699 0 0 24712.1002553699 0 0 -7189.755728504978 0 0 7189.755728504978 0 0 -5392.201505082709 0 0 5392.201505082709
0 0 -29468.19320435666 0 0 29468.19320435666 0 0 -32082.91168139545 0 0 32082.91168139545 0 0 -24431.73946562029 0 0 24431.73946562029 0 0 -25003.25561243107 0 0 25003.25561243107 0 0 -7200.101142460832 0 0 7200.101142460832 0 0 -5375.093689631323 0 0 5375.093689631323
0 0 -29765.13029468116 0 0 29765.13029468116 0 0 -32389.7745360348 0 0 32389.7745360348 0 0 -24735.0432843327 0 0 24735.0432843327 0 0 -25294.4135232699 0 0 25294.4135232699 0 0 -7210.446284276461 0 0 7210.446284276461 0 0 -5357.985359750184 0 0 5357.985359750184
0 0 -30062.06233954358 0 0 30062.06233954358 0 0 -32696.64984951791 0 0 32696.64984951791 0 0 -25038.34558303924 0 0 25038.34558303924 0 0 -25585.5739876628 0 0 25585.5739876628 0 0 -7220.791153947484 0 0 7220.791153947484 0 0 -5340.87651539187 0 0 5340.87651539187
0 0 -30358.98933875214 0 0 30358.98933875214 0 0 -33003.53762227215 0 0 33003.53762227215 0 0 -25341.6463612458 0 0 25341.6463612458 0 0 -25876.73700537898 0 0 25876.73700537898 0 0 -7231.135751472803 0 0 7231.135751472803 0 0 -5323.767156517561 0 0 5323.767156517561
0 0 -30655.91129213011 0 0 30655.91129213011 0 0 -33310.43785479292 0 0 33310.43785479292 0 0 -25644.94561846235 0 0 25644.94561846235 0 0 -26167.90257619344 0 0 26167.90257619344 0 0 -7241.48007684776 0 0 7241.48007684776 0 0 -5306.657283080459 0 0 5306.657283080459
0 0 -30952.82819950011 0 0 30952.82819950011 0 0 -33617.35054752391 0 0 33617.35054752391 0 0 -25948.24335419395 0 0 25948.24335419395 0 0 -26459.07069988091 0 0 26459.07069988091 0 0 -7251.824130072215 0 0 7251.824130072215 0 0 -5289.546895037734 0 0 5289.546895037734
0 0 -31249.74006066829 0 0 31249.74006066829 0 0 -33924.27570091804 0 0 33924.27570091804 0 0 -26251.53956795216 0 0 26251.53956795216 0 0 -26750.2413762114 0 0 26750.2413762114 0 0 -7262.167911141411 0 0 7262.167911141411 0 0 -5272.435992348722 0 0 5272.435992348722
0 0 -31546.64687548525 0 0 31546.64687548525 0 0 -34231.21331547109 0 0 34231.21331547109 0 0 -26554.83425925011 0 0 26554.83425925011 0 0 -27041.41460496464 0 0 27041.41460496464 0 0 -7272.51142005127 0 0 7272.51142005127 0 0 -5255.324574965127 0 0 5255.324574965127
0 0 -31843.54864373316 0 0 31843.54864373316 0 0 -34538.16339160853 0 0 34538.16339160853 0 0 -26858.12742758753 0 0 26858.12742758753 0 0 -27332.59038590532 0 0 27332.59038590532 0 0 -7282.854656801099 0 0 7282.854656801099 0 0 -5238.212642848058 0 0 5238.212642848058
0 0 -32140.44536524787 0 0 32140.44536524787 0 0 -34845.12592980812 0 0 34845.12592980812 0 0 -27161.41907247662 0 0 27161.41907247662 0 0 -27623.76871881284 0 0 27623.76871881284 0 0 -7293.197621388374 0 0 7293.197621388374 0 0 -5221.100195951759 0 0 5221.100195951759
0 0 -32437.33703986458 0 0 32437.33703986458 0 0 -35152.10093055587 0 0 35152.10093055587 0 0 -27464.70919342931 0 0 27464.70919342931 0 0 -27914.94960346304 0 0 27914.94960346304 0 0 -7303.540313807143 0 0 7303.540313807143 0 0 -5203.987234230335 0 0 5203.987234230335
0 0 -32734.2236673841 0 0 32734.2236673841 0 0 -35459.08839428461 0 0 35459.08839428461 0 0 -27767.9977899522 0 0 27767.9977899522 0 0 -28206.13303962172 0 0 28206.13303962172 0 0 -7313.882734056355 0 0 7313.882734056355 0 0 -5186.87375764527 0 0 5186.87375764527
0 0 -33031.10524761686 0 0 33031.10524761686 0 0 -35766.08832145591 0 0 35766.08832145591 0 0 -28071.28486155 0 0 28071.28486155 0 0 -28497.31902706595 0 0 28497.31902706595 0 0 -7324.224882134148 0 0 7324.224882134148 0 0 -5169.759766151072 0 0 5169.759766151072
0 0 -33327.98178040735 0 0 33327.98178040735 0 0 -36073.10071255504 0 0 36073.10071255504 0 0 -28374.5704077376 0 0 28374.5704077376 0 0 -28788.50756557019 0 0 28788.50756557019 0 0 -7334.56675803488 0 0 7334.56675803488 0 0 -5152.645259702843 0 0 5152.645259702843
0 0 -33624.85326555507 0 0 33624.85326555507 0 0 -36380.1255680259 0 0 36380.1255680259 0 0 -28677.85442801788 0 0 28677.85442801788 0 0 -29079.69865490525 0 0 29079.69865490525 0 0 -7344.908361757814 0 0 7344.908361757814 0 0 -5135.530238259002 0 0 5135.530238259002
0 0 -33921.71970288334 0 0 33921.71970288334 0 0 -36687.16288833693 0 0 36687.16288833693 0 0 -28981.13692190263 0 0 28981.13692190263 0 0 -29370.89229484226 0 0 29370.89229484226 0 0 -7355.249693299525 0 0 7355.249693299525 0 0 -5118.414701775484 0 0 5118.414701775484
0 0 -34218.58109221563 0 0 34218.58109221563 0 0 -36994.21267395138 0 0 36994.21267395138 0 0 -29284.4178888993 0 0 29284.4178888993 0 0 -29662.08848516241 0 0 29662.08848516241 0 0 -7365.590752656587 0 0 7365.590752656587 0 0 -5101.298650208434 0 0 5101.298650208434
0 0 -34515.43743338361 0 0 34515.43743338361 0 0 -37301.27492535148 0 0 37301.27492535148 0 0 -29587.69732851882 0 0 29587.69732851882 0 0 -29953.28722563572 0 0 29953.28722563572 0 0 -7375.931539825546 0 0 7375.931539825546 0 0 -5084.182083512983 0 0 5084.182083512983
0 0 -34812.2887261822 0 0 34812.2887261822 0 0 -37608.34964297832 0 0 37608.34964297832 0 0 -29890.97524026605 0 0 29890.97524026605 0 0 -30244.48851603219 0 0 30244.48851603219 0 0 -7386.272054804503 0 0 7386.272054804503 0 0 -5067.065001647702 0 0 5067.065001647702
0 0 -35109.13497044257 0 0 35109.13497044257 0 0 -37915.4368273014 0 0 37915.4368273014 0 0 -30194.25162365271 0 0 30194.25162365271 0 0 -30535.69235612903 0 0 30535.69235612903 0 0 -7396.612297590655 0 0 7396.612297590655 0 0 -5049.947404568638 0 0 5049.947404568638
0 0 -35405.97616597277 0 0 35405.97616597277 0 0 -38222.53647876417 0 0 38222.53647876417 0 0 -30497.52647818526 0 0 30497.52647818526 0 0 -30826.89874569433 0 0 30826.89874569433 0 0 -7406.952268179952 0 0 7406.952268179952 0 0 -5032.829292234141 0 0 5032.829292234141
0 0 -35702.81231261777 0 0 35702.81231261777 0 0 -38529.64859788751 0 0 38529.64859788751 0 0 -30800.79980337429 0 0 30800.79980337429 0 0 -31118.10768450723 0 0 31118.10768450723 0 0 -7417.29196656879 0 0 7417.29196656879 0 0 -5015.710664594943 0 0 5015.710664594943
0 0 -35999.64341018293 0 0 35999.64341018293 0 0 -38836.77318508522 0 0 38836.77318508522 0 0 -31104.07159872887 0 0 31104.07159872887 0 0 -31409.31917234174 0 0 31409.31917234174 0 0 -7427.631392756513 0 0 7427.631392756513 0 0 -4998.591521611851 0 0 4998.591521611851
0 0 -36296.46945846502 0 0 36296.46945846502 0 0 -39143.91024082849 0 0 39143.91024082849 0 0 -31407.3418637499 0 0 31407.3418637499 0 0 -31700.5332089613 0 0 31700.5332089613 0 0 -7437.970546738674 0 0 7437.970546738674 0 0 -4981.47186324256 0 0 4981.47186324256
0 0 -36593.29045731691 0 0 36593.29045731691 0 0 -39451.05976559073 0 0 39451.05976559073 0 0 -31710.61059795711 0 0 31710.61059795711 0 0 -31991.74979415122 0 0 31991.74979415122 0 0 -7448.309428512356 0 0 7448.309428512356 0 0 -4964.351689440691 0 0 4964.351689440691
0 0 -36890.10640655459 0 0 36890.10640655459 0 0 -39758.22175984942 0 0 39758.22175984942 0 0 -32013.87780085358 0 0 32013.87780085358 0 0 -32282.96892767913 0 0 32282.96892767913 0 0 -7458.64803807422 0 0 7458.64803807422 0 0 -4947.231000161028 0 0 4947.231000161028
0 0 -37186.91730596845 0 0 37186.91730596845 0 0 -40065.39622403823 0 0 40065.39622403823 0 0 -32317.14347194805 0 0 32317.14347194805 0 0 -32574.19060931431 0 0 32574.19060931431 0 0 -7468.986375421114 0 0 7468.986375421114 0 0 -4930.109795366038 0 0 4930.109795366038
0 0 -37483.72315539457 0 0 37483.72315539457 0 0 -40372.58315863571 0 0 40372.58315863571 0 0 -32620.40761074745 0 0 32620.40761074745 0 0 -32865.41483883762 0 0 32865.41483883762 0 0 -7479.324440551375 0 0 7479.324440551375 0 0 -4912.988075008428 0 0 4912.988075008428
0 0 -37780.52395466479 0 0 37780.52395466479 0 0 -40679.78256411653 0 0 40679.78256411653 0 0 -32923.67021676416 0 0 32923.67021676416 0 0 -33156.64161601895 0 0 33156.64161601895 0 0 -7489.662233460095 0 0 7489.662233460095 0 0 -4895.865839043646 0 0 4895.865839043646
0 0 -38077.31970359119 0 0 38077.31970359119 0 0 -40986.99444095238 0 0 40986.99444095238 0 0 -33226.93128950575 0 0 33226.93128950575 0 0 -33447.87094063254 0 0 33447.87094063254 0 0 -7499.999754145274 0 0 7499.999754145274 0 0 -4878.743087427865 0 0 4878.743087427865
0 0 -38367.49524252187 0 0 38367.49524252187 0 0 -41279.28250378458 0 0 41279.28250378458 0 0 -33527.56971341411 0 0 33527.56971341411 0 0 -33674.29898885455 0 0 33674.29898885455 0 0 -7510.590896463266 0 0 7510.590896463266 0 0 -4863.648657500931 0 0 4863.648657500931
0 0 -38643.8749780953 0 0 38643.8749780953 0 0 -41540.42814375045 0 0 41540.42814375045 0 0 -33822.74115471081 0 0 33822.74115471081 0 0 -33765.54719940023 0 0 33765.54719940023 0 0 -7521.711485972382 0 0 7521.711485972382 0 0 -4852.786239523495 0 0 4852.786239523495
0 0 -38920.25105568565 0 0 38920.25105568565 0 0 -41801.58198056608 0 0 41801.58198056608 0 0 -34117.91099163878 0 0 34117.91099163878 0 0 -33856.79402705145 0 0 33856.79402705145 0 0 -7532.83179653576 0 0 7532.83179653576 0 0 -4841.923369983037 0 0 4841.923369983037
0 0 -39196.62485004364 0 0 39196.62485004364 0 0 -42062.7448945246 0 0 42062.7448945246 0 0 -34413.07957866236 0 0 34413.07957866236 0 0 -33948.03952437542 0 0 33948.03952437542 0 0 -7543.951849172653 0 0 7543.951849172653 0 0 -4831.06011421667 0 0 4831.06011421667
0 0 -35330.2056173546 0 0 35330.2056173546 0 0 -38266.67250350847 0 0 38266.67250350847 0 0 -34017.02831817362 0 0 34017.02831817362 0 0 -32825.03367474573 0 0 32825.03367474573 0 0 -6563.707733921625 0 0 6563.707733921625 0 0 1252.64966499163 0 0 -1252.64966499163
0 0 -35670.84810216456 0 0 35670.84810216456 0 0 -38622.8912143277 0 0 38622.8912143277 0 0 -34339.32143242091 0 0 34339.32143242091 0 0 -33117.94792351818 0 0 33117.94792351818 0 0 -6664.939353400295 0 0 6664.939353400295 0 0 1277.794804146233 0 0 -1277.794804146233
0 0 -36011.48157505212 0 0 36011.48157505212 0 0 -38979.12512915215 0 0 38979.12512915215 0 0 -34661.61143502552 0 0 34661.61143502552 0 0 -33410.8665461184 0 0 33410.8665461184 0 0 -6766.168379357667 0 0 6766.168379357667 0 0 1302.941051223759 0 0 -1302.941051223759
0 0 -36352.10657388977 0 0 36352.10657388977 0 0 -39335.37405148511 0 0 39335.37405148511 0 0 -34983.89851007119 0 0 34983.89851007119 0 0 -33703.78928222727 0 0 33703.78928222727 0 0 -6867.395540561681 0 0 6867.395540561681 0 0 1328.08815785457 0 0 -1328.08815785457
0 0 -36692.72309841902 0 0 36692.72309841902 0 0 -39691.63797814627 0 0 39691.63797814627 0 0 -35306.18265764122 0 0 35306.18265764122 0 0 -33996.71612954174 0 0 33996.71612954174 0 0 -6968.620838254596 0 0 6968.620838254596 0 0 1353.236123250427 0 0 -1353.236123250427
0 0 -37033.33114858156 0 0 37033.33114858156 0 0 -40047.91690970511 0 0 40047.91690970511 0 0 -35628.4638771444 0 0 35628.4638771444 0 0 -34289.64708774538 0 0 34289.64708774538 0 0 -7069.844272149307 0 0 7069.844272149307 0 0 1378.384947429236 0 0 -1378.384947429236
0 0 -37368.30321009056 0 0 37368.30321009056 0 0 -40391.29497916622 0 0 40391.29497916622 0 0 -35948.49053562024 0 0 35948.49053562024 0 0 -34525.79358745954 0 0 34525.79358745954 0 0 -7171.450254301394 0 0 7171.450254301394 0 0 1401.606761268484 0 0 -1401.606761268484
0 0 -37688.61961978923 0 0 37688.61961978923 0 0 -40701.05457800267 0 0 40701.05457800267 0 0 -36262.65314663308 0 0 36262.65314663308 0 0 -34614.0680725826 0 0 34614.0680725826 0 0 -7274.058032791011 0 0 7274.058032791011 0 0 1419.808202346805 0 0 -1419.808202346805
0 0 -37994.47973809279 0 0 37994.47973809279 0 0 -41002.78885815256 0 0 41002.78885815256 0 0 -36516.93385771611 0 0 36516.93385771611 0 0 -34701.91030358003 0 0 34701.91030358003 0 0 -7374.892337154568 0 0 7374.892337154568 0 0 1436.763665811836 0 0 -1436.763665811836
0 0 -38264.84104491953 0 0 38264.84104491953 0 0 -41266.3396223064 0 0 41266.3396223064 0 0 -36752.02773365391 0 0 36752.02773365391 0 0 -34791.80793413647 0 0 34791.80793413647 0 0 -7409.131285213563 0 0 7409.131285213563 0 0 1452.485592114604 0 0 -1452.485592114604
0 0 -38523.73078209804 0 0 38523.73078209804 0 0 -41517.16381615028 0 0 41517.16381615028 0 0 -36983.64042700231 0 0 36983.64042700231 0 0 -34882.43480464946 0 0 34882.43480464946 0 0 -7420.528875224415 0 0 7420.528875224415 0 0 1467.847715882686 0 0 -1467.847715882686
0 0 -38782.61832359078 0 0 38782.61832359078 0 0 -41767.99590676903 0 0 41767.99590676903 0 0 -37215.25228250613 0 0 37215.25228250613 0 0 -34973.06059602917 0 0 34973.06059602917 0 0 -7431.926124753669 0 0 7431.926124753669 0 0 1483.210304162069 0 0 -1483.210304162069
0 0 -39041.50419229768 0 0 39041.50419229768 0 0 -42018.83568557067 0 0 42018.83568557067 0 0 -37446.86346041343 0 0 37446.86346041343 0 0 -35063.68519065387 0 0 35063.68519065387 0 0 -7443.323132417226 0 0 7443.323132417226 0 0 1498.573158709365 0 0 -1498.573158709365
0 0 -39300.38838663375 0 0 39300.38838663375 0 0 -42269.68314827546 0 0 42269.68314827546 0 0 -37678.47396081362 0 0 37678.47396081362 0 0 -35154.3085868083 0 0 35154.3085868083 0 0 -7454.719898479304 0 0 7454.719898479304 0 0 1513.936278725945 0 0 -1513.936278725945
0 0 -39559.27090660758 0 0 39559.27090660758 0 0 -42520.53829531107 0 0 42520.53829531107 0 0 -37910.08378339491 0 0 37910.08378339491 0 0 -35244.93078432857 0 0 35244.93078432857 0 0 -7466.116422935965 0 0 7466.116422935965 0 0 1529.299664248322 0 0 -1529.299664248322
0 0 -39818.15175219389 0 0 39818.15175219389 0 0 -42771.40112704789 0 0 42771.40112704789 0 0 -38141.69292784479 0 0 38141.69292784479 0 0 -35335.55178306904 0 0 35335.55178306904 0 0 -7477.512705783269 0 0 7477.512705783269 0 0 1544.663315306071 0 0 -1544.663315306071
0 0 -40077.03092340563 0 0 40077.03092340563 0 0 -43022.27164391544 0 0 43022.27164391544 0 0 -38373.30139384315 0 0 38373.30139384315 0 0 -35426.17158286963 0 0 35426.17158286963 0 0 -7488.908747016611 0 0 7488.908747016611 0 0 1560.027231943803 0 0 -1560.027231943803
0 0 -40335.90842023528 0 0 40335.90842023528 0 0 -43273.14984632295 0 0 43273.14984632295 0 0 -38604.90918107635 0 0 38604.90918107635 0 0 -35516.79018358324 0 0 35516.79018358324 0 0 -7500.304546630471 0 0 7500.304546630471 0 0 1575.391414196067 0 0 -1575.391414196067
0 0 -40594.78424267656 0 0 40594.78424267656 0 0 -43524.03573467032 0 0 43524.03573467032 0 0 -38836.51628923222 0 0 38836.51628923222 0 0 -35607.40758505683 0 0 35607.40758505683 0 0 -7511.700104619996 0 0 7511.700104619996 0 0 1590.755862099468 0 0 -1590.755862099468
0 0 -40853.65839070695 0 0 40853.65839070695 0 0 -43774.92930937902 0 0 43774.92930937902 0 0 -39068.12271798945 0 0 39068.12271798945 0 0 -35698.02378713446 0 0 35698.02378713446 0 0 -7523.09542097811 0 0 7523.09542097811 0 0 1606.120575687085 0 0 -1606.120575687085
