0.00213746 0.0580854
0.00428006 0.117129
0.00642424 0.176171
0.00856908 0.235213
0.0107139 0.294255
0.0128591 0.353301
0.0150043 0.412348
0.0171496 0.471394
0.0192948 0.530441
0.0214402 0.58949
0.0235855 0.648539
0.0257309 0.707587
0.0278762 0.766636
0.0300216 0.825685
0.0321669 0.884734
0.0343123 0.943783
0.0364445 1.00286
0.0384525 1.06215
0.0404402 1.12149
0.0423428 1.18097
0.0440689 1.2407
0.0456959 1.3006
0.0470373 1.36095
0.0480186 1.42183
0.0488244 1.48299
0.0494662 1.5444
0.0498639 1.60617
0.0501714 1.66808
0.0503963 1.73011
0.0505347 1.79226
0.0506591 1.85444
0.0507834 1.91662
0.0509078 1.9788
0.0510322 2.04098
0.0511565 2.10316
0.0512809 2.16534
0.0514053 2.22752
0.0515296 2.2897
0.0516305 2.35191
0.0517045 2.41416
0.0517764 2.47639
0.0518483 2.53863
0.0519202 2.60086
0.0519921 2.6631
0.052064 2.72533
0.0521359 2.78757
0.0522078 2.8498
0.0522797 2.91204
0.0523516 2.97427
0.0524235 3.03651
0.0524954 3.09874
0.0525671 3.16098
0.0526319 3.2232
0.0526943 3.2854
0.0527504 3.34756
0.0528011 3.40968
0.0528431 3.47173
0.0528852 3.53378
0.0529273 3.59583
0.0529694 3.65788
0.0530115 3.71993
0.0530536 3.78198
0.0530957 3.84403
0.0531377 3.90608
0.0531798 3.96814
0.0532219 4.03019
0.053264 4.09224
0.0533061 4.15429
0.0533482 4.21634
0.0533903 4.27839
0.0534324 4.34044
0.0534745 4.40249
0.0535165 4.46454
0.0535586 4.52659
0.0536007 4.58864
0.0536428 4.65069
0.0536849 4.71274
0.053727 4.7748
0.0537691 4.83685
0.0538112 4.8989
0.0538533 4.96095
0.0538954 5.023
0.0539375 5.08505
0.0539796 5.1471
0.0540217 5.20915
0.0540638 5.2712
0.0541059 5.33325
0.054148 5.3953
0.0541901 5.45735
0.0542315 5.51937
0.0542726 5.58138
0.0543138 5.64338
0.0543549 5.70539
0.0543961 5.76739
0.0544372 5.8294
0.0544784 5.8914
0.0545195 5.95341
0.0545607 6.01542
0.0546018 6.07742
0.054643 6.13943
0.0546842 6.20143
0.0547253 6.26344
0.0547665 6.32544
0.0548076 6.38745
0.0548488 6.44946
0.0548899 6.51146
0.0549311 6.57347
0.0549723 6.63547
0.0550134 6.69748
0.0550546 6.75948
0.0550957 6.82149
0.0551369 6.88349
0.055178 6.9455
0.0552192 7.00751
0.0552604 7.06951
0.0553015 7.13152
0.0535356 7.16566
0.0489907 7.20369
0.0494794 7.23415
0.0497199 7.26497
0.0498676 7.29593
0.0500152 7.32689
0.0501629 7.35785
0.0503106 7.38881
0.0504583 7.41977
0.0506059 7.45073
0.0507536 7.48169
0.0484943 7.51652
0.0474264 7.54918
0.0441322 7.58535
0.0446027 7.61581
0.0448971 7.64652
0.045063 7.67742
0.045229 7.70833
0.0453949 7.73923
0.0455609 7.77013
0.0457269 7.80103
0.0458929 7.83194
0.0460588 7.86284
0.0462248 7.89374
0.0463908 7.92464
0.0465551 7.95555
0.0466686 7.98654
0.0467465 8.01759
0.0468243 8.04864
0.046902 8.07968
0.0469771 8.11073
0.0470323 8.14171
0.0470746 8.17266
0.047117 8.20362
0.0471594 8.23457
0.0472018 8.26552
0.0472442 8.29648
0.0472865 8.32743
0.0473289 8.35838
0.0473713 8.38933
0.0474137 8.42029
0.0474561 8.45124
0.0474984 8.48219
0.0475408 8.51314
0.0475832 8.5441
0.0476256 8.57505
0.047668 8.606
0.0477103 8.63696
0.0477522 8.66791
0.0477866 8.69889
0.0478091 8.7299
0.0478279 8.76093
0.0478467 8.79196
0.0478654 8.82299
0.0478842 8.85402
0.047903 8.88505
0.0479216 8.91608
0.04794 8.94709
0.0479583 8.97809
0.0479766 9.0091
0.0479949 9.04011
0.0480132 9.07112
0.0480315 9.10212
0.0480498 9.13313
0.0480681 9.16414
0.0480865 9.19515
0.0481048 9.22615
0.0383894 9.27247
0.0389716 9.30276
0.0394253 9.33325
0.0395898 9.36419
0.0397367 9.39516
0.0398836 9.42612
0.0400305 9.45709
0.0401774 9.48806
0.0403243 9.51902
0.0404712 9.54999
0.0406181 9.58096
0.040765 9.61192
0.0409119 9.64289
0.0410588 9.67386
0.0412057 9.70482
0.0413526 9.73579
0.0414995 9.76676
0.0416464 9.79772
0.0417843 9.8287
0.0418763 9.85975
0.0419434 9.89084
0.0420104 9.92193
0.0420775 9.95301
0.0421445 9.9841
0.0422116 10.0152
0.0422786 10.0463
0.0423457 10.0774
0.0424127 10.1085
0.0424798 10.1395
0.0425468 10.1706
0.0426139 10.2017
0.0426809 10.2328
0.042748 10.2639
0.042815 10.295
0.0428821 10.3261
0.0429491 10.3572
0.0430144 10.3882
0.043071 10.4193
0.043106 10.4505
0.043141 10.4816
0.043176 10.5127
0.043211 10.5438
0.043246 10.575
0.0432811 10.6061
0.0433161 10.6372
0.0433511 10.6683
0.0433861 10.6994
0.0434211 10.7306
0.0434561 10.7617
0.0434911 10.7928
0.0435261 10.8239
0.0435612 10.8551
0.0435962 10.8862
0.043631 10.9173
0.0436641 10.9484
0.0436852 10.9794
0.043703 11.0105
0.0437207 11.0415
0.0437385 11.0725
0.0437562 11.1036
0.043774 11.1346
0.0437918 11.1656
0.0421094 11.1986
0.0424033 11.229
0.0377522 11.2658
0.0380759 11.2962
0.0383533 11.3266
0.0385285 11.3573
0.0387037 11.3879
0.038879 11.4185
0.0390542 11.4491
0.0392273 11.4797
0.0393978 11.5103
0.0395673 11.5409
0.0397351 11.5713
0.0399029 11.6018
0.0400653 11.6322
0.0402224 11.6625
0.0403172 11.6931
0.0403854 11.7237
0.0404536 11.7544
0.0405219 11.785
0.0405901 11.8157
0.0406584 11.8463
0.0407266 11.877
0.0407949 11.9076
0.0408631 11.9383
0.0409314 11.9689
0.0409996 11.9996
0.0410667 12.0302
0.041111 12.061
0.041149 12.0918
0.0411871 12.1225
0.0412251 12.1533
0.0412632 12.1841
0.0413012 12.2149
0.0413393 12.2457
0.0413772 12.2765
0.0414139 12.3071
0.0414506 12.3378
0.0414873 12.3685
0.0415241 12.3992
