-0.07166612401176962 -3.606659343188771e-05 -0.1557558325928066 -4.897601878888717e-05 -0.120845253426135 -2.169429416559605e-05
-0.09709921438372847 -4.886601495510631e-05 -0.1923057000762512 -6.046879544323114e-05 -0.2058717325810116 -3.695835624792097e-05
-0.1225672811534766 -6.168303865140419e-05 -0.2288564778727095 -7.196185833730382e-05 -0.2910377817678053 -5.224747412055018e-05
-0.1480328651001471 -7.449881284562931e-05 -0.2654064343768445 -8.345466298340216e-05 -0.3762007125501364 -6.753603217322929e-05
-0.1734956477867597 -8.731317728163178e-05 -0.3019555132525636 -9.494719166714926e-05 -0.4613602139020869 -8.28239745701885e-05
-0.1989557347085364 -0.0001001261850507898 -0.3385037329902756 -0.0001064394502026876 -0.5465163885024863 -9.811131974446232e-05
-0.224413125740942 -0.0001129378360904298 -0.3750510934798203 -0.0001179314385553783 -0.6316692359894376 -0.0001133980676310826
-0.2498678207603196 -0.0001257481303383204 -0.4115975946137889 -0.0001294231566914476 -0.7168187559990546 -0.0001286842181647239
-0.2753198196429326 -0.0001385570677321901 -0.4481432362844978 -0.0001409146045770354 -0.8019649481670472 -0.0001439697712799886
-0.3007691222651274 -0.0001513646482098093 -0.4846880183836824 -0.0001524057821780989 -0.8871078121301504 -0.0001592547269116627
-0.3262157285031427 -0.0001641708717088939 -0.5212319408045241 -0.0001638966894610498 -0.9722473475242227 -0.0001745390849943751
-0.3516596382331638 -0.0001769757381671331 -0.5577750034385683 -0.0001753873263917858 -1.057383553985532 -0.0001898228454628283
-0.3771008513314078 -0.0001897792475222322 -0.5943172061792323 -0.0001868776929367928 -1.142516431151224 -0.000205106008251882
-0.4025393676742873 -0.0002025813997119947 -0.6308585489173468 -0.0001983677890617433 -1.227645978656532 -0.000220388573296053
-0.4279751871380499 -0.0002153821946741411 -0.6673990315466206 -0.0002098576147332153 -1.312772196138867 -0.0002356705405302487
-0.4534083095985451 -0.0002281816323461917 -0.7039386539586248 -0.0002213471699171141 -1.397895083232798 -0.0002509519098888668
-0.4788387349324725 -0.0002409797126660944 -0.7404774160464209 -0.000232836454579814 -1.483014639576413 -0.0002662326813069359
-0.5042664630152753 -0.000253776435571165 -0.777015317701907 -0.0002443254686873232 -1.568130864807677 -0.0002815128547194633
-0.5296914937234607 -0.0002665718009992547 -0.813552358817383 -0.0002558142122057764 -1.653243758560869 -0.0002967924300607944
-0.5551138269333932 -0.0002793658088881427 -0.8500885392851997 -0.0002673026851013244 -1.73835332047226 -0.0003120714072656318
-0.5805334625208166 -0.0002921584591752962 -0.8866238589989792 -0.0002787908873405175 -1.823459550181978 -0.0003273497862693712
-0.6059504003620311 -0.0003049497517984622 -0.9231583178497644 -0.0002902788188890951 -1.908562447322475 -0.0003426275670060296
-0.6313646403328335 -0.0003177396866951342 -0.9596919157310967 -0.0003017664797135824 -1.993662011532675 -0.0003579047494107862
-0.6567761823095413 -0.0003305282638030682 -0.9962246525332793 -0.0003132538697794861 -2.078758242447326 -0.0003731813334180706
-0.6821850261680229 -0.0003433154830597936 -1.032756528151403 -0.0003247409890538185 -2.163851139705971 -0.0003884573189631732
-0.7075911717847718 -0.0003561013444031549 -1.069287542477138 -0.0003362278375025162 -2.248940702944053 -0.0004037327059806479
-0.7329946190347919 -0.0003688858477702465 -1.105817695402034 -0.0003477144150914782 -2.334026931797719 -0.0004190074944051758
-0.7583953677948959 -0.0003816689930990737 -1.142346986819168 -0.0003592007217870832 -2.419109825905894 -0.0004342816841719359
-0.7837934179410593 -0.0003944507803272197 -1.178875416620793 -0.000370686757555451 -2.50418938490479 -0.0004495552752156207
-0.8091887693487565 -0.0004072312093920163 -1.215402984700663 -0.0003821725223631743 -2.589265608432802 -0.0004648282674713144
-0.8345814218940258 -0.0004200102802310784 -1.25192969094965 -0.0003936580161759381 -2.674338496124299 -0.0004801006608733783
-0.8599713754528476 -0.0004327879927819923 -1.288455535260918 -0.0004051432389601489 -2.759408047616515 -0.0004953724553566883
-0.8853586299011444 -0.0004455643469823148 -1.324980517527409 -0.0004166281906821433 -2.844474262546884 -0.0005106436508561563
-0.9107431851146618 -0.0004583393427695137 -1.361504637641392 -0.0004281128713080464 -2.929537140556075 -0.0005259142473072743
-0.9361250409700071 -0.0004711129800814908 -1.398027895494607 -0.0004395972808038165 -3.014596681278039 -0.000541184244644329
-0.9615041973420407 -0.0004838852588552684 -1.434550290980812 -0.0004510814191360472 -3.099652884345631 -0.00055645364280141
-0.9868806541067175 -0.0004966561790284197 -1.47107182399286 -0.0004625652862710465 -3.184705749406788 -0.0005717224417153145
-1.012254411140251 -0.0005094257405386483 -1.507592494421821 -0.0004740488821745631 -3.269755276094199 -0.0005869906413201023
-1.037625468318272 -0.0005221939433233637 -1.54411230216141 -0.0004855322068131762 -3.354801464041929 -0.0006022582415500805
-1.062993825516622 -0.0005349607873200832 -1.580631247102635 -0.000497015260152614 -3.439844312889764 -0.0006175252423405829
-1.088359482610725 -0.0005477262724661117 -1.617149329139083 -0.0005084980421594166 -3.524883822274053 -0.0006327916436263262
-1.113722439476841 -0.0005604903986991767 -1.653666548164627 -0.0005199805528002127 -3.609919991839073 -0.0006480574453434508
-1.139082695990046 -0.0005732531659564089 -1.690182904071568 -0.0005314627920411374 -3.694952821209814 -0.0006633226474246343
-1.164440252026643 -0.0005860145741755564 -1.726698396750959 -0.0005429447598479333 -3.779982310033733 -0.000678587249806588
-1.189795107461988 -0.0005987746232938914 -1.763213026096284 -0.0005544264561871077 -3.865008457943421 -0.0006938512524233538
-1.215147262171924 -0.0006115333132489312 -1.799726792000107 -0.0005659078810248781 -3.950031264579847 -0.0007091146552104782
-1.240496716031206 -0.0006242906439776442 -1.836239694356206 -0.0005773890343278442 -4.035050729578175 -0.000724377458102465
-1.265843468917013 -0.0006370466154182206 -1.872751733056779 -0.0005888699160621082 -4.120066852581772 -0.0007396396610352917
-1.291187520703777 -0.0006498012275074665 -1.909262907991434 -0.0006003505261929585 -4.205079633225448 -0.0007549012639433985
-1.316528871266925 -0.00066255448018269 -1.945773219058063 -0.0006118308646882881 -4.290089071146893 -0.0007701622667617429
-1.341867520482254 -0.0006753063733813845 -1.982282666143447 -0.0006233109315124969 -4.375095165981068 -0.000785422669424793
-1.36720346822652 -0.0006880569070415268 -2.018791249145618 -0.000634790726633521 -4.460097917364829 -0.0008006824718673564
-1.392536714373201 -0.0007008060810994433 -2.05529896795545 -0.0006462702500170474 -4.545097324939118 -0.0008159416740249749
-1.417867258798447 -0.0007135538954928054 -2.091805822463795 -0.0006577495016287551 -4.630093388340945 -0.0008312002758324837
-1.439474736702382 -0.0007244280446308521 -2.125792352495716 -0.0006684362599074262 -4.644464703432671 -0.0008337802326641101
-1.459774499166768 -0.0007346440747240472 -2.158893789947521 -0.0006788447087956102 -4.634041513259799 -0.0008319090482580758
-1.480072703323723 -0.0007448593205856222 -2.191994682283978 -0.0006892529862771825 -4.623616950820734 -0.0008300376175010629
-1.497720207868609 -0.0007537405790642206 -2.223771129554378 -0.000699244803935965 -4.616514139954196 -0.0008287625118268839
-1.514742257049067 -0.0007623070717500582 -2.255235016626691 -0.0007091383398554422 -4.610194354770713 -0.0008276279759229341
-1.531763303500336 -0.0007708730598038057 -2.28669842366917 -0.0007190317248338615 -4.603874230864495 -0.0008264933792110465
-1.548783383374436 -0.0007794385614192775 -2.318161359655281 -0.0007289249616928483 -4.597553790520421 -0.0008253587256918312
-1.565802496571508 -0.0007880035765462193 -2.349623824541829 -0.0007388180504188202 -4.591233033667787 -0.000824224015352595
-1.582820643022006 -0.0007965681051496302 -2.381085818292389 -0.000748710991000324 -4.584911960219052 -0.0008230892481776226
-1.599837822654741 -0.0008051321471936856 -2.412547340865685 -0.0007586037834243808 -4.578590570062239 -0.0008219544241468118
-1.616854035398462 -0.0008136957026425264 -2.444008392223685 -0.0007684964276790313 -4.57226886311983 -0.0008208195432462464
-1.633869281184731 -0.0008222587714617111 -2.475468972331167 -0.0007783889237532006 -4.565946839274673 -0.000819684605454895
-1.650883559941222 -0.0008308213536148408 -2.506929081148437 -0.0007882812716344074 -4.559624498439581 -0.0008185496107571057
-1.667896871598713 -0.0008393834490670792 -2.53838871863924 -0.0007981734713112515 -4.553301840507069 -0.000817414559133583
-1.684909216087546 -0.0008479450577833701 -2.569847884763726 -0.0008080655227712025 -4.546978865385054 -0.0008162794505677959
-1.701920593333392 -0.0008565061797263069 -2.601306579483535 -0.0008179574260021985 -4.5406555729761 -0.0008151442850422523
-1.71893100327091 -0.0008650668148630062 -2.632764802762831 -0.0008278491809929708 -4.534331963187971 -0.000814009062540394
-1.73594044582493 -0.0008736269631556379 -2.664222554563621 -0.0008377407877315731 -4.52800803590859 -0.0008128737830421008
-1.752948920927151 -0.0008821866245698293 -2.695679834848812 -0.0008476322462063421 -4.521683791045416 -0.0008117384465307597
-1.769956428507563 -0.0008907457990703466 -2.727136643577441 -0.0008575235564043972 -4.515359228501216 -0.0008106030529889154
-1.786962968494292 -0.0008993044866210196 -2.758592980715388 -0.0008674147183150092 -4.509034348183805 -0.0008094676024000183
-1.803968540817007 -0.0009078626871864524 -2.790048846221584 -0.0008773057319252649 -4.502709149985901 -0.0008083320947448096
-1.820973145405573 -0.0009164204007313502 -2.821504240061108 -0.0008871965972241837 -4.49638363381027 -0.0008071965300058332
-1.837976782190051 -0.0009249776272205144 -2.852959162192725 -0.0008970873141987991 -4.490057799564372 -0.0008060609081664766
-1.854979451099866 -0.0009335343666184285 -2.884413612581616 -0.0009069778828381634 -4.483731647141332 -0.0008049252292075533
-1.871981152061909 -0.0009420906188882988 -2.915867591190797 -0.0009168683031306463 -4.477405176458505 -0.0008037894931142266
-1.888981885008822 -0.0009506463839962282 -2.947321097979604 -0.0009267585750634623 -4.471078387398815 -0.0008026536998654791
-1.905981649867628 -0.0009592016619054888 -2.97877413291266 -0.000936648698625487 -4.464751279874823 -0.0008015178494456135
-1.922980446569706 -0.0009677564525815477 -3.010226695949225 -0.0009465386738039098 -4.458423853789497 -0.0008003819418372106
-1.939978275043996 -0.0009763107559886431 -3.041678787058131 -0.0009564285005889307 -4.45209610904025 -0.0007992459770218538
-1.956975135218316 -0.0009848645720904479 -3.073130406194779 -0.0009663181789665257 -4.445768045525103 -0.0007981099549812357
-1.97397102702406 -0.0009934179008524368 -3.104581553327728 -0.0009762077089268085 -4.43943966316641 -0.0007969738757014171
-1.990965950389474 -0.001001970742238498 -3.136032228412522 -0.0009860970904558006 -4.433110961832253 -0.000795837739158716
-2.007959905245166 -0.00101052309621371 -3.167482431420911 -0.0009959863235446185 -4.426781941455183 -0.0007947015453410239
-2.024952891519145 -0.001019074962741843 -3.198932162307447 -0.001005875408178972 -4.420452601917825 -0.0007935652942272695
-2.041944909140539 -0.001027626341787229 -3.230381421039157 -0.001015764344348492 -4.414122943133139 -0.0007924289858018273
-2.058935958040673 -0.001036177233315307 -3.261830207579484 -0.001025653132041685 -4.407792964993797 -0.0007912926200454294
-2.075926038147873 -0.001044727637290007 -3.293278521889505 -0.001035541771246312 -4.401462667402209 -0.0007901561969405566
-2.09291514939069 -0.001053277553675372 -3.324726363935034 -0.001045430261951622 -4.395132050281337 -0.0007890197164733786
-2.109903291698975 -0.001061826982436098 -3.356173733677498 -0.001055318604145486 -4.388801113493808 -0.0007878831786192345
-2.12689046500392 -0.001070375923537557 -3.387620631081217 -0.001065206797816687 -4.382469856982425 -0.0007867465833678558
-2.143876669232525 -0.001078924376943011 -3.419067056112186 -0.00107509484295453 -4.376138280629859 -0.0007856099306981798
-2.16086190431431 -0.00108747234261699 -3.450513008734645 -0.001084982739547772 -4.369806384329032 -0.0007844732205909836
-2.177846170179938 -0.001096019820524601 -3.481958488910454 -0.00109487048758442 -4.363474167992302 -0.0007833364530305334
-2.194829466756209 -0.001104566810629005 -3.513403496608289 -0.001104758087054625 -4.357141631522737 -0.000782199627999428
-2.211811793977204 -0.001113113312897026 -3.544848031788713 -0.001114645537945985 -4.350808774822497 -0.000781062745480103
-2.228793151767885 -0.001121659327290902 -3.576292094423512 -0.001124532840249629 -4.344475597784958 -0.0007799258054534172
-2.245773540059201 -0.001130204853775883 -3.607735684478639 -0.001134419993954851 -4.338142100322578 -0.0007787888079036549
-2.262752958780846 -0.001138749892316586 -3.639178801917628 -0.001144306999050186 -4.331808282327825 -0.0007776517528115117
-2.279731407861444 -0.00114729444287709 -3.670621446710116 -0.001154193855526084 -4.325474143713762 -0.0007765146401613808
-2.296708887230594 -0.001155838505421966 -3.702063618828871 -0.001164080563373985 -4.31913968437306 -0.000775377469933994
-2.313685396816608 -0.001164382079915136 -3.733505318241369 -0.00117396712258366 -4.312804904208382 -0.0007742402421118775
-2.330660936550399 -0.001172925166321831 -3.764946544920705 -0.00118385353314665 -4.306469803122494 -0.0007731029566775758
-2.346013967467235 -0.001180651711208419 -3.78207796603414 -0.001189240354226573 -4.300442083143717 -0.0007720208526920242
-2.35938584319698 -0.001187381222703798 -3.78172817205139 -0.001189130364659016 -4.294790309770797 -0.0007710062391210878
-2.372757261106066 -0.001194110503796992 -3.781378011244237 -0.001189020259746829 -4.289138108929386 -0.0007699915488104621
