0.0025 -9.1303e-06
0.0125 -9.13127e-06
0.0225 -9.1331e-06
0.035 -9.12998e-06
0.045 -9.11595e-06
0.055 -9.0831e-06
0.065 -9.02198e-06
0.075 -8.92194e-06
0.085 -8.77137e-06
0.095 -8.55807e-06
0.105 -8.26957e-06
0.115 -7.89356e-06
0.125 -7.41816e-06
0.135 -6.83229e-06
0.145 -6.12593e-06
0.155 -5.29046e-06
0.165 -4.31895e-06
0.175 -3.20589e-06
0.185 -1.94755e-06
0.195 -5.42038e-07
0.205 1.0106e-06
0.215 2.70845e-06
0.225 4.54786e-06
0.235 6.52315e-06
0.245 8.62668e-06
0.255 1.08487e-05
0.265 1.31775e-05
0.275 1.56001e-05
0.285 1.81027e-05
0.295 2.06715e-05
0.305 2.3293e-05
0.315 2.59551e-05
0.325 2.86474e-05
0.335 3.13616e-05
0.345 3.40923e-05
0.355 3.68368e-05
0.365 3.95956e-05
0.375 4.23731e-05
0.385 4.51762e-05
0.395 4.80147e-05
0.405 5.08991e-05
0.415 5.38386e-05
0.425 5.68371e-05
0.435 5.98905e-05
0.445 6.29839e-05
0.455 6.60909e-05
0.465 6.91741e-05
0.475 7.21875e-05
0.485 7.50798e-05
0.495 7.77994e-05
0.5075 8.08876e-05
0.52 8.35693e-05
0.5325 8.58015e-05
0.545 8.75576e-05
0.5575 8.88224e-05
0.57 8.9585e-05
0.5825 8.98321e-05
0.595 8.95587e-05
0.6075 8.87853e-05
0.62 8.75705e-05
0.6325 8.60093e-05
0.645 8.4223e-05
0.6575 8.23491e-05
0.67 8.05246e-05
0.6825 7.88591e-05
0.695 7.74162e-05
0.7075 7.62214e-05
0.72 7.52889e-05
0.7325 7.46362e-05
0.745 7.42889e-05
0.7575 7.42873e-05
0.77 7.46904e-05
0.7825 7.55675e-05
0.795 7.69736e-05
0.8075 7.89216e-05
0.82 8.1363e-05
0.8325 8.41696e-05
0.845 8.71137e-05
0.8575 8.98672e-05
0.87 9.2051e-05
0.8825 9.33014e-05
0.895 9.33227e-05
0.9075 9.19241e-05
0.92 8.90164e-05
0.9325 8.45759e-05
0.945 7.86033e-05
0.9575 7.10899e-05
0.97 6.20137e-05
0.9825 5.13891e-05
0.995 3.93206e-05
1.005 2.87811e-05
1.0175 1.48446e-05
1.03 6.4177e-07
1.0425 -1.3026e-05
1.055 -2.52934e-05
1.0675 -3.53897e-05
1.08 -4.28235e-05
1.0925 -4.7536e-05
1.105 -4.99765e-05
1.1175 -5.10335e-05
1.13 -5.18294e-05
1.1425 -5.34405e-05
1.155 -5.66456e-05
1.1675 -6.17641e-05
1.18 -6.86239e-05
1.1925 -7.66431e-05
1.205 -8.49243e-05
1.2175 -9.23652e-05
1.23 -9.77842e-05
1.2425 -9.99467e-05
1.255 -9.75522e-05
1.2675 -8.93543e-05
1.28 -7.43578e-05
1.2925 -5.19767e-05
1.305 -2.21572e-05
1.3175 1.45976e-05
1.33 5.73687e-05
1.3425 0.000104983
1.355 0.000156145
1.3675 0.000209607
1.38 0.000264353
1.3925 0.000319692
1.405 0.000375189
1.4175 0.000430566
1.43 0.000485635
1.4425 0.000540253
1.455 0.000594285
1.4675 0.000647581
1.48 0.000699932
1.4925 0.000751026
1.505 0.000800409
1.5175 0.000847464
1.53 0.000891444
1.5425 0.00093153
1.555 0.000966893
1.5675 0.000996759
1.58 0.00102049
1.5925 0.00103764
1.605 0.00104785
1.6175 0.00105076
1.63 0.00104588
1.6425 0.00103254
1.655 0.00100988
1.6675 0.000977042
1.68 0.000933421
1.6925 0.000878902
1.705 0.000814083
1.7175 0.000740475
1.73 0.000660339
1.7425 0.000576384
1.755 0.000491536
1.7675 0.000408726
1.78 0.000330675
1.7925 0.000259874
1.805 0.000198689
1.8175 0.000149384
1.83 0.000113882
1.8425 9.33645e-05
1.855 8.79686e-05
1.8675 9.66342e-05
1.88 0.000117026
1.8925 0.00014566
1.905 0.000178252
1.9175 0.000210168
1.93 0.000236867
1.9425 0.00025427
1.955 0.000258959
1.9675 0.000248203
1.98 0.00021991
1.9925 0.000172576
2.0025 0.000120334
2.0125 5.50003e-05
2.0225 -2.33535e-05
2.0325 -0.000114402
2.0425 -0.000217463
2.0525 -0.00033156
2.0625 -0.000455437
2.0725 -0.00058763
2.0825 -0.000726519
2.0925 -0.00087035
2.1025 -0.00101723
2.1125 -0.00116515
2.1225 -0.00131195
2.1325 -0.00145533
2.1425 -0.00159288
2.1525 -0.00172204
2.1625 -0.0018403
2.1725 -0.0019453
2.1825 -0.00203501
2.1925 -0.00210777
2.2025 -0.00216243
2.2125 -0.00219836
2.2225 -0.00221551
2.2325 -0.00221447
2.2425 -0.00219645
2.2525 -0.00216315
2.2625 -0.00211673
2.2725 -0.0020597
2.2825 -0.00199486
2.2925 -0.00192526
2.3025 -0.00185413
2.3125 -0.0017848
2.3225 -0.00172061
2.3325 -0.00166484
2.3425 -0.00162057
2.3525 -0.00159062
2.3625 -0.00157742
2.3725 -0.001583
2.3825 -0.00160895
2.3925 -0.00165643
2.4025 -0.00172611
2.4125 -0.00181809
2.4225 -0.00193186
2.4325 -0.00206626
2.4425 -0.00221941
2.4525 -0.00238869
2.4625 -0.00257074
2.4725 -0.00276154
2.4825 -0.00295659
2.4925 -0.00315105
2.5025 -0.00333993
2.5125 -0.00351828
2.5225 -0.00368134
2.5325 -0.00382473
2.5425 -0.00394454
2.5525 -0.00403742
2.5625 -0.00410067
2.5725 -0.00413232
2.5825 -0.00413117
2.5925 -0.00409686
2.6025 -0.00402989
2.6125 -0.00393162
2.6225 -0.0038042
2.6325 -0.00365054
2.6425 -0.00347422
2.6525 -0.00327939
2.6625 -0.00307069
2.6725 -0.00285301
2.6825 -0.00263137
2.6925 -0.00241066
2.7025 -0.00219552
2.7125 -0.0019902
2.7225 -0.00179836
2.7325 -0.00162303
2.7425 -0.00146647
2.7525 -0.00133021
2.7625 -0.00121503
2.7725 -0.00112104
2.7825 -0.00104766
2.7925 -0.000993695
2.8025 -0.0009574
2.8125 -0.000936464
2.8225 -0.000928087
2.8325 -0.00092905
2.8425 -0.000935802
2.8525 -0.000944577
2.8625 -0.000951528
2.8725 -0.000952871
2.8825 -0.000945014
2.8925 -0.000924659
2.9025 -0.000888863
2.9125 -0.000835072
2.9225 -0.000761228
2.9325 -0.000665771
2.9425 -0.0005476
2.9525 -0.000406202
2.9625 -0.000241785
2.9725 -5.52509e-05
2.9825 0.000151849
2.9925 0.000377416
3.0025 0.000618834
3.0125 0.000873007
3.0225 0.00113647
3.0325 0.00140554
3.0425 0.00167642
3.0525 0.00194525
3.0625 0.00220821
3.0725 0.00246158
3.0825 0.00270191
3.0925 0.00292603
3.1025 0.00313118
3.1125 0.00331508
3.1225 0.00347596
3.1325 0.00361263
3.1425 0.00372442
3.1525 0.00381123
3.1625 0.00387342
3.1725 0.00391189
3.1825 0.00392798
3.1925 0.00392353
3.2025 0.00390085
3.2125 0.00386266
3.2225 0.00381208
3.2325 0.00375259
3.2425 0.00368794
3.2525 0.00362203
3.2625 0.00355875
3.2725 0.00350191
3.2825 0.00345508
3.2925 0.0034215
3.3025 0.00340398
3.3125 0.0034048
3.3225 0.00342567
3.3325 0.00346767
3.3425 0.00353119
3.3525 0.00361593
3.3625 0.00372093
3.3725 0.00384458
3.3825 0.00398467
3.3925 0.00413849
3.4025 0.0043029
3.4125 0.00447431
3.4225 0.00464878
3.4325 0.00482213
3.4425 0.00499
3.4525 0.00514805
3.4625 0.00529202
3.4725 0.00541787
3.4825 0.00552192
3.4925 0.00560096
3.5025 0.00565226
3.5125 0.00567373
3.5225 0.0056639
3.5325 0.00562193
3.5425 0.00554771
3.5525 0.00544187
3.5625 0.00530581
3.5725 0.0051417
3.5825 0.00495243
3.5925 0.00474156
3.6025 0.00451329
3.6125 0.00427234
3.6225 0.0040238
3.6325 0.00377289
3.6425 0.00352476
3.6525 0.00328424
3.6625 0.00305571
3.6725 0.00284289
3.6825 0.00264874
3.6925 0.00247544
3.7025 0.00232436
3.7125 0.00219609
3.7225 0.00209042
3.7325 0.00200645
3.7425 0.00194256
3.7525 0.00189651
3.7625 0.00186543
3.7725 0.00184592
3.7825 0.00183416
3.7925 0.00182601
3.8025 0.00181715
3.8125 0.00180326
3.8225 0.00178013
3.8325 0.00174383
3.8425 0.0016908
3.8525 0.001618
3.8625 0.00152304
3.8725 0.00140415
3.8825 0.00126027
3.8925 0.00109103
3.9025 0.000896758
3.9125 0.000678469
3.9225 0.000437815
3.9325 0.000177028
3.9425 -0.000101007
3.9525 -0.000393097
3.9625 -0.000695515
3.9725 -0.00100427
3.9825 -0.00131509
3.9925 -0.00162346
4.0025 -0.0019248
4.0125 -0.00221462
4.0225 -0.00248862
4.0325 -0.00274287
4.0425 -0.00297396
4.0525 -0.0031791
4.0625 -0.00335629
4.0725 -0.00350426
4.0825 -0.00362253
4.0925 -0.00371141
4.1025 -0.00377199
4.1125 -0.00380607
4.1225 -0.00381615
4.1325 -0.00380527
4.1425 -0.00377698
4.1525 -0.00373518
4.1625 -0.003684
4.1725 -0.00362776
4.1825 -0.00357082
4.1925 -0.00351744
4.2025 -0.00347173
4.2125 -0.00343748
4.2225 -0.00341802
4.2325 -0.0034162
4.2425 -0.00343422
4.2525 -0.00347364
4.2625 -0.00353533
4.2725 -0.00361943
4.2825 -0.00372536
4.2925 -0.00385183
4.3025 -0.00399695
4.3125 -0.00415829
4.3225 -0.00433302
4.3325 -0.0045179
4.3425 -0.00470941
4.3525 -0.00490378
4.3625 -0.00509709
4.3725 -0.00528526
4.3825 -0.00546416
4.3925 -0.00562966
4.4025 -0.0057778
4.4125 -0.00590491
4.4225 -0.00600775
4.4325 -0.00608366
4.4425 -0.00613063
4.4525 -0.00614746
4.4625 -0.00613378
4.4725 -0.00609014
4.4825 -0.00601796
4.4925 -0.0059194
4.5025 -0.00579729
4.5125 -0.00565502
4.5225 -0.0054964
4.5325 -0.00532557
4.5425 -0.00514677
4.5525 -0.00496425
4.5625 -0.00478211
4.5725 -0.00460418
4.5825 -0.00443402
4.5925 -0.00427479
4.6025 -0.00412924
4.6125 -0.00399963
4.6225 -0.00388774
4.6325 -0.00379477
4.6425 -0.00372137
4.6525 -0.00366745
4.6625 -0.00363223
4.6725 -0.0036142
4.6825 -0.00361113
4.6925 -0.00362013
4.7025 -0.00363773
4.7125 -0.00365997
4.7225 -0.00368253
4.7325 -0.0037009
4.7425 -0.00371059
4.7525 -0.0037072
4.7625 -0.0036865
4.7725 -0.00364455
4.7825 -0.00357773
4.7925 -0.00348285
4.8025 -0.00335732
4.8125 -0.00319928
4.8225 -0.00300769
4.8325 -0.00278242
4.8425 -0.00252431
4.8525 -0.00223514
4.8625 -0.00191769
4.8725 -0.00157554
4.8825 -0.00121289
4.8925 -0.00083446
4.9025 -0.000445245
4.9125 -5.04403e-05
4.9225 0.000344964
4.9325 0.000735914
4.9425 0.00111791
4.9525 0.00148674
4.9625 0.00183885
4.9725 0.00217117
4.9825 0.00248118
4.9925 0.00276705
5.0025 0.00302766
5.0125 0.00326247
5.0225 0.00347157
5.0325 0.00365565
5.0425 0.00381605
5.0525 0.00395475
5.0625 0.00407424
5.0725 0.00417752
5.0825 0.00426798
5.0925 0.00434929
5.1025 0.00442521
5.1125 0.00449949
5.1225 0.00457569
5.1325 0.00465708
5.1425 0.00474647
5.1525 0.00484614
5.1625 0.0049577
5.1725 0.00508208
5.1825 0.0052195
5.1925 0.00536943
5.2025 0.00553069
5.2125 0.00570145
5.2225 0.00587937
5.2325 0.00606161
5.2425 0.00624498
5.2525 0.00642612
5.2625 0.00660166
5.2725 0.00676831
5.2825 0.00692297
5.2925 0.0070628
5.3025 0.00718532
5.3125 0.00728851
5.3225 0.00737128
5.3325 0.00743384
5.3425 0.00747238
5.3525 0.00748664
5.3625 0.00747624
5.3725 0.00744144
5.3825 0.0073831
5.3925 0.00730252
5.4025 0.00720074
5.4125 0.00707918
5.4225 0.0069395
5.4325 0.00678367
5.4425 0.00661392
5.4525 0.00643264
5.4625 0.00624237
5.4725 0.00604582
5.4825 0.00584575
5.4925 0.00564483
5.5025 0.00544563
5.5125 0.00525049
5.5225 0.00506146
5.5325 0.00488027
5.5425 0.00470821
5.5525 0.00454615
5.5625 0.00439449
5.5725 0.00425313
5.5825 0.00412149
5.5925 0.00399851
5.6025 0.00388268
5.6125 0.00377218
5.6225 0.00366486
5.6325 0.00355843
5.6425 0.00345045
5.6525 0.00333848
5.6625 0.00322016
5.6725 0.00309325
5.6825 0.00295569
5.6925 0.00280567
5.7025 0.00264158
5.7125 0.00246212
5.7225 0.00226628
5.7325 0.00205334
5.7425 0.00182292
5.7525 0.00157489
5.7625 0.00130949
5.7725 0.00102731
5.7825 0.000729083
5.7925 0.000416613
5.8025 9.14239e-05
5.8125 -0.000244266
5.8225 -0.000588024
5.8325 -0.000937145
5.8425 -0.00128912
5.8525 -0.00164112
5.8625 -0.0019904
5.8725 -0.0023342
5.8825 -0.00266987
5.8925 -0.002995
5.9025 -0.00330741
5.9125 -0.00360521
5.9225 -0.00388684
5.9325 -0.00415112
5.9425 -0.00439727
5.9525 -0.00462495
5.9625 -0.00483426
5.9725 -0.00502576
5.9825 -0.00520046
5.9925 -0.00535975
6.0025 -0.00550542
6.0125 -0.00563943
6.0225 -0.00576385
6.0325 -0.00588076
6.0425 -0.00599207
6.0525 -0.00609951
6.0625 -0.00620455
6.0725 -0.00630847
6.0825 -0.00641233
6.0925 -0.00651698
6.1025 -0.00662306
6.1125 -0.00673105
6.1225 -0.0068412
6.1325 -0.00695301
6.1425 -0.00706839
6.1525 -0.00718207
6.1625 -0.00729272
6.1725 -0.00739821
6.1825 -0.00749672
6.1925 -0.00758659
6.2025 -0.00766587
6.2125 -0.00773285
6.2225 -0.00778608
6.2325 -0.00782426
6.2425 -0.00784643
6.2525 -0.00785171
6.2625 -0.00783929
6.2725 -0.00780854
6.2825 -0.00775895
6.2925 -0.00769017
6.3025 -0.00760204
6.3125 -0.00749466
6.3225 -0.00736841
6.3325 -0.007224
6.3425 -0.00706246
6.3525 -0.00688516
6.3625 -0.00669378
6.3725 -0.0064903
6.3825 -0.00627688
6.3925 -0.00605578
6.4025 -0.00582933
6.4125 -0.00559978
6.4225 -0.00536932
6.4325 -0.00513993
6.4425 -0.00491341
6.4525 -0.00469128
6.4625 -0.00447483
6.4725 -0.00426505
6.4825 -0.00406262
6.4925 -0.00386792
6.5025 -0.00368105
6.5125 -0.00350177
6.5225 -0.0033296
6.5325 -0.00316379
6.5425 -0.00300338
6.5525 -0.00284722
6.5625 -0.00269404
6.5725 -0.00254247
6.5825 -0.00239109
6.5925 -0.00223851
6.6025 -0.00208339
6.6125 -0.00192444
6.6225 -0.00176046
6.6325 -0.0015903
6.6425 -0.00141302
6.6525 -0.00122794
6.6625 -0.00103471
6.6725 -0.000833336
6.6825 -0.00062424
6.6925 -0.000408098
6.7025 -0.000185951
6.7125 4.10564e-05
6.7225 0.000270836
6.7325 0.000501976
6.7425 0.000732727
6.7525 0.000961473
6.7625 0.00118663
6.7725 0.00140661
6.7825 0.0016199
6.7925 0.00182507
6.8025 0.00202084
6.8125 0.00220609
6.8225 0.00237997
6.8325 0.00254191
6.8425 0.00269175
6.8525 0.00282965
6.8625 0.00295609
6.8725 0.00307183
6.8825 0.00317785
6.8925 0.00327529
6.9025 0.00336544
6.9125 0.00344963
6.9225 0.00352932
6.9325 0.00360602
6.9425 0.00368128
6.9525 0.00375668
6.9625 0.00383383
6.9725 0.00391427
6.9825 0.00399948
6.9925 0.00409078
7.0025 0.00418928
7.0125 0.00429581
7.0225 0.00441089
7.0325 0.00453474
7.0425 0.00466721
7.0525 0.00480782
7.0625 0.00495575
7.0725 0.00510987
7.0825 0.00526874
7.0925 0.00543069
7.1025 0.00559382
7.1125 0.00575605
7.1225 0.0059152
7.1325 0.00606911
7.1425 0.00621569
7.1525 0.00635302
7.1625 0.00647942
7.1725 0.00659352
7.1825 0.00669425
7.1925 0.00678086
7.2025 0.00685288
7.2125 0.00691016
7.2225 0.00695276
7.2325 0.00698093
7.2425 0.00699509
7.2525 0.00699573
7.2625 0.00698341
7.2725 0.00695867
7.2825 0.00692194
7.2925 0.00687361
7.3025 0.00681405
7.3125 0.00674358
7.3225 0.00666252
7.3325 0.00657114
7.3425 0.00646968
7.3525 0.0063584
7.3625 0.00623752
7.3725 0.00610731
7.3825 0.00596805
7.3925 0.00582007
7.4025 0.00566376
7.4125 0.0054996
7.4225 0.00532815
7.4325 0.00515003
7.4425 0.00496586
7.4525 0.00477616
7.4625 0.00458129
7.4725 0.00438147
7.4825 0.0041767
7.4925 0.00396671
7.5025 0.00375098
7.5125 0.00352879
7.5225 0.00329932
7.5325 0.00306178
7.5425 0.00281543
7.5525 0.00255971
7.5625 0.00229433
7.5725 0.00201926
7.5825 0.00173473
7.5925 0.00144126
7.6025 0.0011396
7.6125 0.000830706
7.6225 0.000515793
7.6325 0.000195922
7.6425 -0.00012723
7.6525 -0.000451334
7.6625 -0.000774496
7.6725 -0.00109476
7.6825 -0.00140993
7.6925 -0.00171788
7.7025 -0.00201639
7.7125 -0.00230318
7.7225 -0.00257605
7.7325 -0.00283301
7.7425 -0.00307222
7.7525 -0.00329216
7.7625 -0.00349156
7.7725 -0.00366958
7.7825 -0.00382575
7.7925 -0.00396003
7.8025 -0.00407279
7.8125 -0.00416485
7.8225 -0.00423746
7.8325 -0.00429223
7.8425 -0.00433115
7.8525 -0.00435647
7.8625 -0.00437066
7.8725 -0.00437634
7.8825 -0.00437624
7.8925 -0.00437306
7.9025 -0.00436939
7.9125 -0.00436765
7.9225 -0.00437
7.9325 -0.00437825
7.9425 -0.00439383
7.9525 -0.00441776
7.9625 -0.00445057
7.9725 -0.00449235
7.9825 -0.00454272
7.9925 -0.00460084
8.0025 -0.00466546
8.015 -0.00475283
8.0275 -0.00484387
8.04 -0.00493422
8.0525 -0.00501928
8.065 -0.00509456
8.0775 -0.00515592
8.09 -0.00519985
8.1025 -0.00522365
8.115 -0.0052255
8.1275 -0.00520457
8.14 -0.005161
8.1525 -0.0050959
8.165 -0.00501136
8.1775 -0.00491041
8.19 -0.00479697
8.2025 -0.00467572
8.215 -0.00455195
8.2275 -0.00443127
8.24 -0.00431925
8.2525 -0.0042211
8.265 -0.00414136
8.2775 -0.00408366
8.29 -0.00405038
8.3025 -0.00404256
8.315 -0.00405986
8.3275 -0.00410051
8.34 -0.00416127
8.3525 -0.0042375
8.365 -0.00432324
8.3775 -0.00441143
8.39 -0.00449411
8.4025 -0.00456286
8.415 -0.00460929
8.4275 -0.00462542
8.44 -0.00460413
8.4525 -0.00453964
8.465 -0.00442784
8.4775 -0.00426642
8.49 -0.00405482
8.5025 -0.00379414
8.515 -0.00348703
8.5275 -0.00313766
8.54 -0.00275158
8.5525 -0.00233557
8.565 -0.0018974
8.5775 -0.00144561
8.59 -0.000988952
8.6025 -0.000536242
8.615 -9.61226e-05
8.6275 0.000324013
8.64 0.000717435
8.6525 0.0010788
8.665 0.00140406
8.6775 0.00169055
8.69 0.00193773
8.7025 0.00214705
8.715 0.00232186
8.7275 0.00246709
8.74 0.00258918
8.7525 0.00269538
8.765 0.0027934
8.7775 0.00289094
8.79 0.00299527
8.8025 0.0031128
8.815 0.00324883
8.8275 0.00340729
8.84 0.00359058
8.8525 0.00379946
8.865 0.00403212
8.8775 0.00428673
8.89 0.00455924
8.9025 0.00484364
8.915 0.00513365
8.9275 0.00542251
8.94 0.00570226
8.9525 0.00596473
8.965 0.00620186
8.9775 0.006406
8.99 0.00656993
9.0025 0.00668742
9.015 0.00675368
9.0275 0.0067657
9.04 0.00672247
9.0525 0.00662509
9.065 0.00647673
9.0775 0.0062825
9.09 0.00604925
9.1025 0.00578525
9.115 0.00549985
9.1275 0.00520306
9.14 0.00490504
9.1525 0.00461571
9.165 0.0043442
9.1775 0.00409858
9.19 0.00388551
9.2025 0.00371012
9.215 0.00357567
9.2275 0.00348347
9.24 0.00343273
9.2525 0.00342063
9.265 0.00344234
9.2775 0.00349137
9.29 0.00355987
9.3025 0.003639
9.315 0.00371933
9.3275 0.00379128
9.34 0.0038456
9.3525 0.0038738
9.365 0.00386856
9.3775 0.00382412
9.39 0.0037365
9.4025 0.00360354
9.415 0.00342498
9.4275 0.00320235
9.44 0.00293893
9.4525 0.0026396
9.465 0.00231059
9.4775 0.00195923
9.49 0.00159358
9.5025 0.00122211
9.515 0.000853331
9.5275 0.000495405
9.54 0.000155848
9.5525 -0.000159379
9.565 -0.000444262
9.5775 -0.000694986
9.59 -0.000909405
9.6025 -0.00108734
9.615 -0.00123043
9.6275 -0.00134211
9.64 -0.00142728
9.6525 -0.00149199
9.665 -0.00154349
9.6775 -0.00158943
9.69 -0.00163755
9.7025 -0.0016953
9.715 -0.00176981
9.7275 -0.00186699
9.74 -0.00199187
9.7525 -0.00214808
9.765 -0.00233783
9.7775 -0.00256173
9.79 -0.00281873
9.8025 -0.00310607
9.815 -0.00341928
9.8275 -0.00375242
9.84 -0.00409828
9.8525 -0.00444877
9.865 -0.00479523
9.8775 -0.00512884
9.89 -0.00544097
9.9025 -0.00572346
9.915 -0.00596896
9.9275 -0.0061712
9.94 -0.00632528
9.9525 -0.00642788
9.965 -0.00647739
9.9775 -0.00647399
9.99 -0.0064196
10.0025 -0.00631774
10.015 -0.00617337
10.0275 -0.00599256
10.04 -0.00578225
10.0525 -0.00554999
10.065 -0.0053037
10.0775 -0.00505133
10.09 -0.00480062
10.1025 -0.00455879
10.115 -0.00433228
10.1275 -0.00412642
10.14 -0.00394521
10.1525 -0.00379087
10.165 -0.00366389
10.1775 -0.0035631
10.19 -0.00348582
10.2025 -0.00342807
10.215 -0.00338481
10.2275 -0.00335026
10.24 -0.00331821
10.2525 -0.00328227
10.265 -0.00323605
10.2775 -0.00317361
10.29 -0.00308957
10.3025 -0.00297958
10.315 -0.00284047
10.3275 -0.00267057
10.34 -0.0024697
10.3525 -0.0022392
10.365 -0.00198185
10.3775 -0.0017017
10.39 -0.0014039
10.4025 -0.00109451
10.415 -0.000780218
10.4275 -0.000468079
10.44 -0.000165226
10.4525 0.000121505
10.465 0.000385655
10.4775 0.000622262
10.49 0.000827597
10.5025 0.000998962
10.515 0.00113552
10.5275 0.00123832
10.54 0.00131016
10.5525 0.00135531
10.565 0.00137929
10.5775 0.0013885
10.59 0.00138994
10.6025 0.00139076
10.615 0.00139785
10.6275 0.00141756
10.64 0.00145546
10.6525 0.00151612
10.665 0.00160298
10.6775 0.00171815
10.69 0.00186239
10.7025 0.00203511
10.715 0.00223442
10.7275 0.00245723
10.74 0.0026994
10.7525 0.00295597
10.765 0.00322138
10.7775 0.00348968
10.79 0.00375485
10.8025 0.00401107
10.815 0.00425295
10.8275 0.00447567
10.84 0.00467517
10.8525 0.00484824
10.865 0.00499262
10.8775 0.00510705
10.89 0.00519124
10.9025 0.00524585
10.915 0.00527243
10.9275 0.0052733
10.94 0.00525152
10.9525 0.00521071
10.965 0.00515492
10.9775 0.00508843
10.99 0.00501558
11.0025 0.00494061
11.015 0.00486732
11.0275 0.00479889
11.04 0.0047377
11.0525 0.00468518
11.065 0.00464167
11.0775 0.00460629
11.09 0.00457707
11.1025 0.00455114
11.115 0.00452497
11.1275 0.00449455
11.14 0.00445568
11.1525 0.00440421
11.165 0.00433632
11.1775 0.00424872
11.19 0.00413876
11.2025 0.00400458
11.215 0.00384519
11.2275 0.00366055
11.24 0.00345155
11.2525 0.00321998
11.265 0.00296846
11.2775 0.00270037
11.29 0.00241962
11.3025 0.00213059
11.315 0.00183789
11.3275 0.00154628
11.34 0.00126043
11.3525 0.000984776
11.365 0.000723282
11.3775 0.000479332
11.39 0.000255577
11.4025 5.38307e-05
11.415 -0.00012495
11.4275 -0.000280783
11.44 -0.000414546
11.4525 -0.000528398
11.465 -0.000625416
11.4775 -0.00070908
11.49 -0.000782874
11.5025 -0.000851142
11.515 -0.000918162
11.5275 -0.00098809
11.54 -0.0010647
11.5525 -0.00115116
11.565 -0.00124988
11.5775 -0.0013625
11.59 -0.00148986
11.6025 -0.00163196
11.615 -0.00178809
11.6275 -0.00195681
11.64 -0.00213609
11.6525 -0.00232329
11.665 -0.00251534
11.6775 -0.00270877
11.69 -0.00289991
11.7025 -0.00308499
11.715 -0.00326038
11.7275 -0.00342266
11.74 -0.00356882
11.7525 -0.00369636
11.765 -0.00380338
11.7775 -0.0038887
11.79 -0.00395189
11.8025 -0.00399346
11.815 -0.00401476
11.8275 -0.00401805
11.84 -0.00400641
11.8525 -0.0039836
11.865 -0.00395382
11.8775 -0.0039214
11.89 -0.00389066
11.9025 -0.0038656
11.915 -0.00384968
11.9275 -0.00384568
11.94 -0.00385558
11.9525 -0.00388049
11.965 -0.00392061
11.9775 -0.00397521
11.99 -0.00404272
12.0025 -0.00412076
12.015 -0.00420625
12.0275 -0.00429554
12.04 -0.00438462
12.0525 -0.00446921
12.065 -0.00454502
12.0775 -0.0046079
12.09 -0.004654
12.1025 -0.00467996
12.115 -0.00468305
12.1275 -0.00466134
12.14 -0.00461377
12.1525 -0.00454022
12.165 -0.00444157
12.1775 -0.00431959
12.19 -0.00417699
12.2025 -0.00401721
12.215 -0.00384435
12.2275 -0.00366298
12.24 -0.00347799
12.2525 -0.00329436
12.265 -0.00311693
12.2775 -0.00295013
12.29 -0.00279772
12.3025 -0.00266264
12.315 -0.00254682
12.3275 -0.00245127
12.34 -0.00237601
12.3525 -0.00232014
12.365 -0.00228186
12.3775 -0.00225855
12.39 -0.0022469
12.4025 -0.00224299
12.415 -0.00224253
12.4275 -0.00224098
12.44 -0.00223381
12.4525 -0.00221659
12.465 -0.00218525
12.4775 -0.00213621
12.49 -0.00206652
12.5025 -0.00197396
12.515 -0.00185717
12.5275 -0.00171572
12.54 -0.00155014
12.5525 -0.00136196
12.565 -0.00115364
12.5775 -0.000928523
12.59 -0.000690677
12.6025 -0.000444754
12.615 -0.000195665
12.6275 5.13437e-05
12.64 0.000291495
12.6525 0.000520079
12.665 0.000732734
12.6775 0.000926047
12.69 0.00109758
12.7025 0.00124585
12.715 0.00137049
12.7275 0.00147223
12.74 0.00155284
12.7525 0.00161498
12.765 0.00166213
12.7775 0.00169838
12.79 0.00172822
12.8025 0.00175634
12.815 0.00178746
12.8275 0.00182612
12.84 0.0018765
12.8525 0.00194225
12.865 0.00202634
12.8775 0.00213086
12.89 0.00225694
12.9025 0.00240469
12.915 0.00257311
12.9275 0.00276022
12.94 0.00296307
12.9525 0.00317798
12.965 0.00340065
12.9775 0.00362637
12.99 0.00385027
13.0025 0.00406751
13.015 0.00427348
13.0275 0.00446392
13.04 0.00463505
13.0525 0.00478377
13.065 0.00490769
13.0775 0.00500533
13.09 0.00507605
13.1025 0.00512015
13.115 0.00513875
13.1275 0.00513382
13.14 0.00510798
13.1525 0.00506441
13.165 0.00500673
13.1775 0.00493876
13.19 0.00486441
13.2025 0.00478748
13.215 0.0047115
13.2275 0.00463951
13.24 0.00457393
13.2525 0.00451626
13.265 0.00446712
13.2775 0.00442628
13.29 0.00439275
13.3025 0.00436486
13.315 0.00434039
13.3275 0.00431662
13.34 0.00429041
13.3525 0.00425834
13.365 0.0042169
13.3775 0.00416262
13.39 0.00409233
13.4025 0.00400331
13.415 0.00389343
13.4275 0.00376125
13.44 0.00360605
13.4525 0.00342789
13.465 0.00322758
13.4775 0.00300663
13.49 0.00276722
13.5025 0.00251203
13.515 0.0022442
13.5275 0.00196713
13.54 0.00168431
13.5525 0.00139924
13.565 0.00111522
13.5775 0.000835352
13.59 0.000562491
13.6025 0.000299203
13.615 4.76966e-05
13.6275 -0.000190123
13.64 -0.000412584
13.6525 -0.00061869
13.665 -0.000808152
13.6775 -0.000980265
13.69 -0.00113565
13.7025 -0.00127546
13.715 -0.00140141
13.7275 -0.00151555
13.74 -0.00162007
13.7525 -0.00171711
13.765 -0.00180877
13.7775 -0.00189706
13.79 -0.00198386
13.8025 -0.00207091
13.815 -0.0021597
13.8275 -0.00225138
13.84 -0.00234668
13.8525 -0.00244595
13.865 -0.00254917
13.8775 -0.00265603
13.89 -0.00276591
13.9025 -0.00287801
13.915 -0.00299138
13.9275 -0.00310489
13.94 -0.00321728
13.9525 -0.00332722
13.965 -0.00343332
13.9775 -0.00353421
13.99 -0.0036286
14.0025 -0.00371541
14.015 -0.00379379
14.0275 -0.00386321
14.04 -0.00392346
14.0525 -0.00397462
14.065 -0.00401711
14.0775 -0.00405158
14.09 -0.00407891
14.1025 -0.00410017
14.115 -0.0041166
14.1275 -0.00412959
14.14 -0.00414063
14.1525 -0.00415125
14.165 -0.00416285
14.1775 -0.00417665
14.19 -0.00419359
14.2025 -0.00421426
14.215 -0.00423883
14.2275 -0.00426706
14.24 -0.00429817
14.2525 -0.00433087
14.265 -0.00436339
14.2775 -0.00439361
14.29 -0.00441922
14.3025 -0.00443785
14.315 -0.00444719
14.3275 -0.00444515
14.34 -0.00442992
14.3525 -0.00439998
14.365 -0.00435422
14.3775 -0.00429186
14.39 -0.00421259
14.4025 -0.00411648
14.415 -0.00400408
14.4275 -0.00387648
14.44 -0.00373513
14.4525 -0.00358171
14.465 -0.00341799
14.4775 -0.00324571
14.49 -0.00306641
14.5025 -0.00288134
14.515 -0.00269136
14.5275 -0.00249699
14.54 -0.00229855
14.5525 -0.00209615
14.565 -0.00188983
14.5775 -0.0016796
14.59 -0.00146541
14.6025 -0.00124713
14.615 -0.0010245
14.6275 -0.00079722
14.64 -0.000564991
14.6525 -0.000327275
14.665 -8.4453e-05
14.6775 0.000163626
14.69 0.000416339
14.7025 0.000673116
14.715 0.000933478
14.7275 0.00119665
14.74 0.00146169
14.7525 0.00172737
14.765 0.00199221
14.7775 0.00225445
14.79 0.00251206
14.8025 0.00276291
14.815 0.00300489
14.8275 0.00323594
14.84 0.00345405
14.8525 0.00365732
14.865 0.00384419
14.8775 0.0040135
14.89 0.00416459
14.9025 0.00429722
14.915 0.00441158
14.9275 0.00450817
14.94 0.00458775
14.9525 0.00465131
14.965 0.00470001
14.9775 0.00473528
14.99 0.0047588
15.0025 0.00477254
15.015 0.00477865
15.0275 0.00477944
15.04 0.00477727
15.0525 0.00477451
15.065 0.00477347
15.0775 0.00477635
15.09 0.00478515
15.1025 0.00480156
15.115 0.00482679
15.1275 0.00486141
15.14 0.0049053
15.1525 0.00495759
15.165 0.00501664
15.1775 0.00508015
15.19 0.00514523
15.2025 0.00520852
15.215 0.00526628
15.2275 0.00531456
15.24 0.00534935
15.2525 0.00536685
15.265 0.00536361
15.2775 0.00533677
15.29 0.00528413
15.3025 0.00520433
15.315 0.00509703
15.3275 0.00496308
15.34 0.00480456
15.3525 0.00462469
15.365 0.00442759
15.3775 0.00421799
15.39 0.00400094
15.4025 0.00378144
15.415 0.00356416
15.4275 0.00335324
15.44 0.00315227
15.4525 0.00296425
15.465 0.00279161
15.4775 0.00263608
15.49 0.00249852
15.5025 0.0023788
15.515 0.00227567
15.5275 0.00218685
15.54 0.00210895
15.5525 0.00203764
15.565 0.00196787
15.5775 0.00189411
15.59 0.00181074
15.6025 0.00171211
15.615 0.00159275
15.6275 0.00144749
15.64 0.00127107
15.6525 0.00106025
15.665 0.000812155
15.6775 0.000524314
15.69 0.000195334
15.7025 -0.000175569
15.715 -0.000588309
15.7275 -0.00104165
15.74 -0.00153359
15.7525 -0.00206053
15.765 -0.00261747
15.7775 -0.00319758
15.79 -0.00379226
15.8025 -0.00439106
15.815 -0.00498169
15.8275 -0.00555031
15.84 -0.00608228
15.8525 -0.00656287
15.865 -0.00697811
15.8775 -0.00731575
15.89 -0.007566
15.9025 -0.00772211
15.915 -0.00778077
15.9275 -0.00774219
15.94 -0.00760991
15.9525 -0.00739056
15.965 -0.00709382
15.9775 -0.00673223
15.99 -0.00632089
16.0025 -0.00587579
16.0125 -0.00550772
16.0225 -0.00514019
16.0325 -0.00478163
16.0425 -0.00444304
16.0525 -0.00413333
16.0625 -0.00386185
16.0725 -0.00363649
16.0825 -0.00346419
16.0925 -0.00335075
16.1025 -0.00330017
16.1125 -0.00331476
16.1225 -0.00339471
16.1325 -0.00353818
16.1425 -0.00374128
16.1525 -0.00399812
16.1625 -0.00430098
16.1725 -0.00464024
16.1825 -0.00500467
16.1925 -0.00538172
16.2025 -0.00575788
16.2125 -0.00611925
16.2225 -0.00645247
16.2325 -0.0067433
16.2425 -0.00697965
16.2525 -0.00715026
16.2625 -0.00724518
16.2725 -0.00725651
16.2825 -0.00717839
16.2925 -0.00700751
16.3025 -0.00674304
16.3125 -0.00638684
16.3225 -0.00594329
16.3325 -0.00541939
16.3425 -0.00482462
16.3525 -0.00417064
16.3625 -0.00347089
16.3725 -0.00274025
16.3825 -0.00199461
16.3925 -0.00125027
16.4025 -0.00052388
16.4125 0.000168374
16.4225 0.000811566
16.4325 0.0013912
16.4425 0.00189505
16.4525 0.00231276
16.4625 0.00263699
16.4725 0.00286303
16.4825 0.00298905
16.4925 0.0030164
16.5025 0.00294966
16.5125 0.00279628
16.5225 0.00256648
16.5325 0.00227361
16.5425 0.00193228
16.5525 0.00155751
16.5625 0.00116662
16.5725 0.000776892
16.5825 0.000405574
16.5925 6.88114e-05
16.6025 -0.000217469
16.6125 -0.000440441
16.6225 -0.000588533
16.6325 -0.000652664
16.6425 -0.000626114
16.6525 -0.000504766
16.6625 -0.000287211
16.6725 2.5118e-05
16.6825 0.000428143
16.6925 0.000915197
16.7025 0.00147709
16.7125 0.00210233
16.7225 0.00277725
16.7325 0.00348648
16.7425 0.00421349
16.7525 0.00494114
16.7625 0.00565211
16.7725 0.00632945
16.7825 0.00695707
16.7925 0.00752022
16.8025 0.00800592
16.8125 0.0084033
16.8225 0.00870385
16.8325 0.00890173
16.8425 0.00899387
16.8525 0.00898019
16.8625 0.00886339
16.8725 0.00864965
16.8825 0.00834746
16.8925 0.00796785
16.9025 0.00752393
16.9125 0.00703034
16.9225 0.00650286
16.9325 0.00595785
16.9425 0.00541198
16.9525 0.00488127
16.9625 0.00437981
16.9725 0.00391987
16.9825 0.00351566
16.9925 0.00317606
17.0025 0.00290836
17.0125 0.00271927
17.0225 0.00261152
17.0325 0.00258607
17.0425 0.00264065
17.0525 0.00277011
17.0625 0.00296704
17.0725 0.00322178
17.0825 0.00352291
17.0925 0.00385747
17.1025 0.00421153
17.1125 0.00457068
17.1225 0.00492055
17.1325 0.00524717
17.1425 0.00553741
17.1525 0.00577935
17.1625 0.00596273
17.1725 0.00607978
17.1825 0.00612303
17.1925 0.00608953
17.2025 0.0059776
17.2125 0.00578796
17.2225 0.00552347
17.2325 0.00518901
17.2425 0.0047915
17.2525 0.00433937
17.2625 0.00384241
17.2725 0.00331144
17.2825 0.00275821
17.2925 0.00219518
17.3025 0.00163503
17.3125 0.00109045
17.3225 0.000573606
17.3325 9.58675e-05
17.3425 -0.000332504
17.3525 -0.000703263
17.3625 -0.00100982
17.3725 -0.00124782
17.3825 -0.00141509
17.3925 -0.00151199
17.4025 -0.00154126
17.4125 -0.00150801
17.4225 -0.00141936
17.4325 -0.00128436
17.4425 -0.00111324
17.4525 -0.000917385
17.4625 -0.000708975
17.4725 -0.000497801
17.4825 -0.00029526
17.4925 -0.000111798
17.5025 4.30208e-05
17.5125 0.000160856
17.5225 0.000234854
17.5325 0.000259742
17.5425 0.000231885
17.5525 0.000149297
17.5625 1.16487e-05
17.5725 -0.000179762
17.5825 -0.000422164
17.5925 -0.00071136
17.6025 -0.001042
17.6125 -0.00140802
17.6225 -0.00180249
17.6325 -0.00221799
17.6425 -0.00264678
17.6525 -0.00308098
17.6625 -0.00351275
17.6725 -0.00393449
17.6825 -0.00433896
17.6925 -0.00471948
17.7025 -0.00507006
17.7125 -0.00538534
17.7225 -0.00566073
17.7325 -0.0058927
17.7425 -0.00607844
17.7525 -0.00621631
17.7625 -0.0063058
17.7725 -0.0063477
17.7825 -0.00634415
17.7925 -0.00629866
17.8025 -0.00621609
17.8125 -0.0061025
17.8225 -0.00596505
17.8325 -0.0058118
17.8425 -0.00565135
17.8525 -0.00549253
17.8625 -0.00534407
17.8725 -0.00521429
17.8825 -0.00511076
17.8925 -0.00504006
17.9025 -0.00500802
17.9125 -0.0050213
17.9225 -0.00507448
17.9325 -0.00516972
17.9425 -0.00530559
17.9525 -0.00547992
17.9625 -0.00568964
17.9725 -0.00593101
17.9825 -0.00619846
17.9925 -0.00648533
18.0025 -0.00678404
18.0125 -0.00708631
18.0225 -0.00738331
18.0325 -0.00766591
18.0425 -0.0079251
18.0525 -0.00815223
18.0625 -0.00833923
18.0725 -0.00847888
18.0825 -0.00856499
18.0925 -0.00859256
18.1025 -0.00855792
18.1125 -0.00845881
18.1225 -0.00829442
18.1325 -0.00806549
18.1425 -0.00777427
18.1525 -0.00742454
18.1625 -0.00702145
18.1725 -0.00657144
18.1825 -0.00608209
18.1925 -0.00556189
18.2025 -0.00502007
18.2125 -0.00446635
18.2225 -0.00391071
18.2325 -0.00336317
18.2425 -0.0028335
18.2525 -0.00233103
18.2625 -0.00186441
18.2725 -0.00144145
18.2825 -0.00106884
18.2925 -0.000751853
18.3025 -0.000494119
18.3125 -0.000297436
18.3225 -0.000161674
18.3325 -8.47762e-05
18.3425 -6.27868e-05
18.3525 -9.02608e-05
18.3625 -0.00016037
18.3725 -0.00026544
18.3825 -0.000395328
18.3925 -0.000541167
18.4025 -0.000692169
18.4125 -0.000837889
18.4225 -0.000967759
18.4325 -0.00107049
18.4425 -0.00113869
18.4525 -0.00116506
18.4625 -0.00114307
18.4725 -0.00106786
18.4825 -0.000935904
18.4925 -0.000745468
18.5025 -0.000496375
18.5125 -0.000189981
18.5225 0.000170934
18.5325 0.000582224
18.5425 0.00103847
18.5525 0.00153323
18.5625 0.00205907
18.5725 0.00260783
18.5825 0.00317076
18.5925 0.00373877
18.6025 0.00430259
18.6125 0.00485298
18.6225 0.00538087
18.6325 0.00587761
18.6425 0.00633527
18.6525 0.00674688
18.6625 0.00710671
18.6725 0.00741039
18.6825 0.00765475
18.6925 0.00783838
18.7025 0.00796103
18.7125 0.00802387
18.7225 0.00802954
18.7325 0.00798167
18.7425 0.00788504
18.7525 0.00774524
18.7625 0.00756866
18.7725 0.00736434
18.7825 0.00713754
18.7925 0.00689314
18.8025 0.00663932
18.8125 0.00638288
18.8225 0.0061311
18.8325 0.00589063
18.8425 0.00566796
18.8525 0.00546928
18.8625 0.00530004
18.8725 0.00516498
18.8825 0.00506792
18.8925 0.00501172
18.9025 0.00499824
18.9125 0.00502834
18.9225 0.00510179
18.9325 0.00521729
18.9425 0.0053724
18.9525 0.00556383
18.9625 0.00578733
18.9725 0.00603782
18.9825 0.00630956
18.9925 0.00659623
19.0025 0.00689111
19.0125 0.00718719
19.0225 0.00747766
19.0325 0.0077556
19.0425 0.00801352
19.0525 0.00824421
19.0625 0.0084406
19.0725 0.00859607
19.0825 0.00870467
19.0925 0.0087614
19.1025 0.00876242
19.1125 0.00870516
19.1225 0.00858844
19.1325 0.00841257
19.1425 0.00817929
19.1525 0.00789178
19.1625 0.00755458
19.1725 0.00717349
19.1825 0.00675544
19.1925 0.00630827
19.2025 0.00584055
19.2125 0.00536129
19.2225 0.00487959
19.2325 0.00440445
19.2425 0.00394443
19.2525 0.00350744
19.2625 0.0031004
19.2725 0.00272904
19.2825 0.00239767
19.2925 0.00210903
19.3025 0.00186419
19.3125 0.00166245
19.3225 0.00150137
19.3325 0.00137675
19.3425 0.00128275
19.3525 0.00121197
19.3625 0.00115578
19.3725 0.00110462
19.3825 0.00104584
19.3925 0.000970568
19.4025 0.000874772
19.4125 0.000749451
19.4225 0.000588088
19.4325 0.000384731
19.4425 0.000134559
19.4525 -0.00016672
19.4625 -0.00052119
19.4725 -0.000930053
19.4825 -0.00139306
19.4925 -0.00190909
19.5025 -0.0024754
19.5125 -0.00308805
19.5225 -0.00374198
19.5325 -0.00443114
19.5425 -0.0051531
19.5525 -0.00589324
19.5625 -0.00663563
19.5725 -0.00737009
19.5825 -0.00808383
19.5925 -0.00876522
19.6025 -0.00940313
19.6125 -0.00999645
19.6225 -0.0103392
19.6325 -0.0110838
19.6425 -0.0115783
19.6525 -0.0120595
19.6625 -0.0126577
19.6725 -0.0132745
19.6825 -0.0138205
19.6925 -0.0143297
19.7025 -0.014862
19.7125 -0.0153959
19.7225 -0.0158899
19.7325 -0.0163396
19.7425 -0.0167904
19.7525 -0.017227
19.7625 -0.0176315
19.7725 -0.0180079
19.7825 -0.018365
19.7925 -0.0187017
19.8025 -0.0190116
19.8125 -0.0192923
19.8225 -0.0195472
19.8325 -0.0197787
19.8425 -0.0199822
19.8525 -0.0201576
19.8625 -0.0203051
19.8725 -0.0204245
19.8825 -0.0205167
19.8925 -0.0205813
19.9025 -0.0206173
19.9125 -0.0206254
19.9225 -0.0206065
19.9325 -0.0205606
19.9425 -0.0204887
19.9525 -0.0203919
19.9625 -0.0202714
19.9725 -0.0201287
19.9825 -0.0199655
19.9925 -0.0197839
20.0025 -0.0195855
20.0125 -0.0193715
20.0225 -0.0191435
20.0325 -0.018903
20.0425 -0.0186517
20.0525 -0.0183912
20.0625 -0.0181236
20.0725 -0.0178512
20.0825 -0.0175764
20.0925 -0.0173017
20.1025 -0.0170296
20.1125 -0.0167627
20.1225 -0.0165034
20.1325 -0.0162537
20.1425 -0.0160157
20.1525 -0.0157911
20.1625 -0.0155813
20.1725 -0.0153873
20.1825 -0.0152097
20.1925 -0.0150488
20.2025 -0.0149045
20.2125 -0.0147762
20.2225 -0.0146631
20.2325 -0.0145637
20.2425 -0.0144762
20.2525 -0.0143983
20.2625 -0.0143268
20.2725 -0.0142583
20.2825 -0.0141885
20.2925 -0.0141125
20.3025 -0.0140254
20.3125 -0.013922
20.3225 -0.0137973
20.3325 -0.0136466
20.3425 -0.0134656
20.3525 -0.0132503
20.3625 -0.0129978
20.3725 -0.0127057
20.3825 -0.0123727
20.3925 -0.0119985
20.4025 -0.011584
20.4125 -0.0111313
20.4225 -0.0106437
20.4325 -0.0101257
20.4425 -0.00958313
20.4525 -0.00902252
20.4625 -0.00845124
20.4725 -0.0078771
20.4825 -0.00730815
20.4925 -0.00675245
20.5025 -0.0062178
20.5125 -0.00571352
20.5225 -0.00524451
20.5325 -0.00481313
20.5425 -0.00442562
20.5525 -0.00408481
20.5625 -0.00378959
20.5725 -0.00354116
20.5825 -0.00334167
20.5925 -0.00318834
20.6025 -0.00307898
20.6125 -0.00300968
20.6225 -0.00297536
20.6325 -0.00296968
20.6425 -0.00298542
20.6525 -0.00301406
20.6625 -0.00305323
20.6725 -0.00309165
20.6825 -0.00311947
20.6925 -0.00313418
20.7025 -0.00312801
20.7125 -0.00309286
20.7225 -0.00302244
20.7325 -0.00291069
20.7425 -0.00275357
20.7525 -0.00254778
20.7625 -0.0022905
20.7725 -0.00198097
20.7825 -0.00161927
20.7925 -0.00120618
20.8025 -0.000744384
20.8125 -0.000246243
20.8225 0.000288205
20.8325 0.000856041
20.8425 0.00144605
20.8525 0.00205016
20.8625 0.00266229
20.8725 0.00327266
20.8825 0.0038715
20.8925 0.00445092
20.9025 0.00500371
20.9125 0.00552261
20.9225 0.00600114
20.9325 0.00643441
20.9425 0.00681883
20.9525 0.00715188
20.9625 0.0074322
20.9725 0.00765097
20.9825 0.00780277
20.9925 0.00792192
21.0025 0.00800945
21.0125 0.00805816
21.0225 0.00806304
21.0325 0.00803025
21.0425 0.00796178
21.0525 0.00786139
21.0625 0.00773357
21.0725 0.00758354
21.0825 0.0074165
21.0925 0.00723791
21.1025 0.00705374
21.1125 0.00686987
21.1225 0.00669176
21.1325 0.00652464
21.1425 0.00637347
21.1525 0.00624264
21.1625 0.00613578
21.1725 0.00605579
21.1825 0.00600482
21.1925 0.00598413
21.2025 0.00599418
21.2125 0.0060345
21.2225 0.00610378
21.2325 0.00619996
21.2425 0.00632031
21.2525 0.00646165
21.2625 0.0066198
21.2725 0.00679024
21.2825 0.00696822
21.2925 0.00714896
21.3025 0.00732773
21.3125 0.00749987
21.3225 0.00766089
21.3325 0.00780926
21.3425 0.00793845
21.3525 0.00804456
21.3625 0.00812594
21.3725 0.00817841
21.3825 0.00820456
21.3925 0.00820319
21.4025 0.00817202
21.4125 0.00811163
21.4225 0.0080228
21.4325 0.00790707
21.4425 0.00776648
21.4525 0.00760347
21.4625 0.00742084
21.4725 0.00722163
21.4825 0.00700903
21.4925 0.0067862
21.5025 0.00655635
21.5125 0.00632262
21.5225 0.00608803
21.5325 0.00585542
21.5425 0.00562728
21.5525 0.0054057
21.5625 0.00519225
21.5725 0.00498792
21.5825 0.00479312
21.5925 0.00460765
21.6025 0.00443078
21.6125 0.00426128
21.6225 0.00409751
21.6325 0.00393745
21.6425 0.0037788
21.6525 0.0036191
21.6625 0.00345582
21.6725 0.00328642
21.6825 0.00310834
21.6925 0.00291898
21.7025 0.00271575
21.7125 0.0024961
21.7225 0.00225678
21.7325 0.00198849
21.7425 0.00170592
21.7525 0.00140669
21.7625 0.0010938
21.7725 0.000770498
21.7825 0.000440978
21.7925 9.65705e-05
21.8025 -0.000254883
21.8125 -0.000608131
21.8225 -0.000973524
21.8325 -0.00134928
21.8425 -0.00173388
21.8525 -0.00212538
21.8625 -0.00252271
21.8725 -0.00293236
21.8825 -0.00334717
21.8925 -0.00376605
21.9025 -0.00418908
21.9125 -0.00461368
21.9225 -0.00503989
21.9325 -0.00546714
21.9425 -0.00589513
21.9525 -0.00631469
21.9625 -0.00672821
21.9725 -0.00713432
21.9825 -0.00753048
21.9925 -0.00791603
22.0025 -0.00828894
22.0125 -0.00864787
22.0225 -0.00899167
22.0325 -0.00931937
22.0425 -0.00963018
22.0525 -0.00992338
22.0625 -0.0101986
22.0725 -0.0104558
22.0825 -0.0106951
22.0925 -0.0109172
22.1025 -0.0111226
22.1125 -0.0113123
22.1225 -0.0114875
22.1325 -0.0116497
22.1425 -0.0118003
22.1525 -0.0119409
22.1625 -0.0120734
22.1725 -0.0121995
22.1825 -0.0123212
22.1925 -0.0124404
22.2025 -0.0125589
22.2125 -0.0126785
22.2225 -0.0128011
22.2325 -0.0129282
22.2425 -0.0130612
22.2525 -0.0132013
22.2625 -0.0133496
22.2725 -0.0135066
22.2825 -0.0136729
22.2925 -0.0138487
22.3025 -0.0140337
22.3125 -0.0142278
22.3225 -0.0144303
22.3325 -0.0146404
22.3425 -0.0148569
22.3525 -0.0150786
22.3625 -0.0153038
22.3725 -0.0155309
22.3825 -0.0157578
22.3925 -0.0159823
22.4025 -0.0162019
22.4125 -0.0164143
22.4225 -0.016617
22.4325 -0.0168078
22.4425 -0.0169843
22.4525 -0.0171447
22.4625 -0.0172872
22.4725 -0.0174105
22.4825 -0.0175136
22.4925 -0.0175956
22.5025 -0.0176561
22.5125 -0.0176947
22.5225 -0.0177114
22.5325 -0.0177064
22.5425 -0.0176801
22.5525 -0.0176331
22.5625 -0.0175666
22.5725 -0.0174815
22.5825 -0.0173795
22.5925 -0.0172621
22.6025 -0.0171315
22.6125 -0.0169894
22.6225 -0.0168385
22.6325 -0.0166818
22.6425 -0.0165215
22.6525 -0.0163607
22.6625 -0.0162019
22.6725 -0.0160471
22.6825 -0.0158977
22.6925 -0.0157546
22.7025 -0.0156178
22.7125 -0.0154869
22.7225 -0.0153606
22.7325 -0.0152368
22.7425 -0.0151131
22.7525 -0.0149866
22.7625 -0.014854
22.7725 -0.014712
22.7825 -0.014557
22.7925 -0.0143855
22.8025 -0.014194
22.8125 -0.0139793
22.8225 -0.0137383
22.8325 -0.0134682
22.8425 -0.0131669
22.8525 -0.0128325
22.8625 -0.0124637
22.8725 -0.01206
22.8825 -0.0116213
22.8925 -0.0111487
22.9025 -0.010644
22.9125 -0.0101096
22.9225 -0.00954895
22.9325 -0.00896325
22.9425 -0.0083612
22.9525 -0.00774879
22.9625 -0.00713141
22.9725 -0.00651527
22.9825 -0.00590609
22.9925 -0.00530942
23.0025 -0.00473164
23.0125 -0.00417798
23.0225 -0.00365073
23.0325 -0.00315636
23.0425 -0.00269114
23.0525 -0.00225887
23.0625 -0.00186037
23.0725 -0.00149405
23.0825 -0.00116057
23.0925 -0.000860484
23.1025 -0.000584673
23.1125 -0.000336245
23.1225 -0.000112948
23.1325 9.76869e-05
23.1425 0.000289753
23.1525 0.000464623
23.1625 0.000625408
23.1725 0.000778347
23.1825 0.000925197
23.1925 0.00106729
23.2025 0.00120713
23.2125 0.00134826
23.2225 0.00149257
23.2325 0.00163821
23.2425 0.00178908
23.2525 0.00194495
23.2625 0.00210454
23.2725 0.00226797
23.2825 0.00243509
23.2925 0.00260455
23.3025 0.00277462
23.3125 0.00294387
23.3225 0.00311055
23.3325 0.00327245
23.3425 0.00342736
23.3525 0.00357315
23.3625 0.0037077
23.3725 0.00382893
23.3825 0.00393504
23.3925 0.00402452
23.4025 0.00409615
23.4125 0.00414906
23.4225 0.00418275
23.4325 0.00419715
23.4425 0.00419254
23.4525 0.00416961
23.4625 0.00412936
23.4725 0.00407335
23.4825 0.0040035
23.4925 0.00392204
23.5025 0.0038315
23.5125 0.00373456
23.5225 0.003634
23.5325 0.0035326
23.5425 0.00343311
23.5525 0.00333812
23.5625 0.00325002
23.5725 0.00317099
23.5825 0.00310318
23.5925 0.00304792
23.6025 0.00300597
23.6125 0.00297758
23.6225 0.00296249
23.6325 0.00295997
23.6425 0.00296881
23.6525 0.00298742
23.6625 0.00301392
23.6725 0.00304629
23.6825 0.00308246
23.6925 0.00312039
23.7025 0.0031582
23.7125 0.00319418
23.7225 0.00322686
23.7325 0.00325499
23.7425 0.00327757
23.7525 0.00329385
23.7625 0.00330329
23.7725 0.00330556
23.7825 0.00330048
23.7925 0.00328795
23.8025 0.00326787
23.8125 0.0032401
23.8225 0.00320442
23.8325 0.00316045
23.8425 0.00310771
23.8525 0.00304561
23.8625 0.00297354
23.8725 0.00289079
23.8825 0.00279665
23.8925 0.00269038
23.9025 0.00257128
23.9125 0.00243881
23.9225 0.00229258
23.9325 0.00213244
23.9425 0.00195849
23.9525 0.00177115
23.9625 0.00157113
23.9725 0.00135951
23.9825 0.00113768
23.9925 0.000907401
24.0025 0.000670741
24.0125 0.000430105
24.0225 0.000188155
24.0325 -5.22918e-05
24.0425 -0.000288376
24.0525 -0.000516014
24.0625 -0.000734087
24.0725 -0.000942918
24.0825 -0.00113847
24.0925 -0.00132021
24.1025 -0.00148865
24.1125 -0.00164299
24.1225 -0.00178227
24.1325 -0.00190669
24.1425 -0.00201689
24.1525 -0.00211441
24.1625 -0.00219677
24.1725 -0.00226662
24.1825 -0.00232521
24.1925 -0.00237362
24.2025 -0.00241356
24.2125 -0.0024485
24.2225 -0.00247925
24.2325 -0.00250512
24.2425 -0.0025294
24.2525 -0.00255246
24.2625 -0.00257601
24.2725 -0.00260175
24.2825 -0.00263116
24.2925 -0.00266568
24.3025 -0.00270652
24.3125 -0.00275493
24.3225 -0.00281212
24.3325 -0.00287907
24.3425 -0.00295655
24.3525 -0.00304527
24.3625 -0.00314579
24.3725 -0.00325849
24.3825 -0.00338352
24.3925 -0.00352058
24.4025 -0.0036701
24.4125 -0.00383188
24.4225 -0.00400549
24.4325 -0.00419044
24.4425 -0.00438585
24.4525 -0.00459104
24.4625 -0.00480513
24.4725 -0.00502601
24.4825 -0.00525267
24.4925 -0.0054855
24.5025 -0.0057194
24.5125 -0.00595169
24.5225 -0.00617988
24.5325 -0.00640074
24.5425 -0.00661145
24.5525 -0.00680903
24.5625 -0.00699076
24.5725 -0.00715357
24.5825 -0.00729464
24.5925 -0.00741196
24.6025 -0.00750375
24.6125 -0.00756882
24.6225 -0.00760685
24.6325 -0.0076182
24.6425 -0.00760388
24.6525 -0.00756577
24.6625 -0.00750745
24.6725 -0.00743191
24.6825 -0.00734131
24.6925 -0.00723952
24.7025 -0.00713026
24.7125 -0.00701737
24.7225 -0.00690349
24.7325 -0.00679325
24.7425 -0.00669005
24.7525 -0.00659699
24.7625 -0.00651714
24.7725 -0.00645373
24.7825 -0.00640971
24.7925 -0.00638717
24.8025 -0.00638796
24.8125 -0.00641413
24.8225 -0.00646662
24.8325 -0.00654601
24.8425 -0.00665218
24.8525 -0.00678452
24.8625 -0.00694167
24.8725 -0.00712165
24.8825 -0.00732201
24.8925 -0.00753979
24.9025 -0.00777104
24.9125 -0.0080115
24.9225 -0.00825685
24.9325 -0.00850244
24.9425 -0.00874369
24.9525 -0.00897587
24.9625 -0.00919437
24.9725 -0.00939707
24.9825 -0.00958022
24.9925 -0.0097415
25.0025 -0.0098786
25.0125 -0.00999092
25.0225 -0.0100777
25.0325 -0.0101369
25.0425 -0.0101691
25.0525 -0.0101748
25.0625 -0.0101552
25.0725 -0.010112
25.0825 -0.0100478
25.0925 -0.00996532
25.1025 -0.00986792
25.1125 -0.00975805
25.1225 -0.00963844
25.1325 -0.0095134
25.1425 -0.00938646
25.1525 -0.00926026
25.1625 -0.00913762
25.1725 -0.00902208
25.1825 -0.00891689
25.1925 -0.0088246
25.2025 -0.00874742
25.2125 -0.0086875
25.2225 -0.00864662
25.2325 -0.00862586
25.2425 -0.00862575
25.2525 -0.00864674
25.2625 -0.0086878
25.2725 -0.00874721
25.2825 -0.00882266
25.2925 -0.00891122
25.3025 -0.00900958
25.3125 -0.00911421
25.3225 -0.00922148
25.3325 -0.00932777
25.3425 -0.00942966
25.3525 -0.00952411
25.3625 -0.00960854
25.3725 -0.00968092
25.3825 -0.00973973
25.3925 -0.00978394
25.4025 -0.00981302
25.4125 -0.0098269
25.4225 -0.00982597
25.4325 -0.00981105
25.4425 -0.00978345
25.4525 -0.00974491
25.4625 -0.00969755
25.4725 -0.00964385
25.4825 -0.00958652
25.4925 -0.00952839
25.5025 -0.00947229
25.5125 -0.00942096
25.5225 -0.00937691
25.5325 -0.00934232
25.5425 -0.00931899
25.5525 -0.00930823
25.5625 -0.00931095
25.5725 -0.00932765
25.5825 -0.0093584
25.5925 -0.00940294
25.6025 -0.00946066
25.6125 -0.00953069
25.6225 -0.00961187
25.6325 -0.00970277
25.6425 -0.00980161
25.6525 -0.00990648
25.6625 -0.0100152
25.6725 -0.0101255
25.6825 -0.0102348
25.6925 -0.0103405
25.7025 -0.0104399
25.7125 -0.0105304
25.7225 -0.0106097
25.7325 -0.0106763
25.7425 -0.0107282
25.7525 -0.0107642
25.7625 -0.0107833
25.7725 -0.010785
25.7825 -0.0107693
25.7925 -0.0107367
25.8025 -0.0106881
25.8125 -0.010625
25.8225 -0.0105496
25.8325 -0.0104642
25.8425 -0.0103716
25.8525 -0.0102749
25.8625 -0.0101775
25.8725 -0.010084
25.8825 -0.00999424
25.8925 -0.00991152
25.9025 -0.00983788
25.9125 -0.00977534
25.9225 -0.0097256
25.9325 -0.0096898
25.9425 -0.00966892
25.9525 -0.0096635
25.9625 -0.00967306
25.9725 -0.00969662
25.9825 -0.00973253
25.9925 -0.00977853
26.0025 -0.00983186
26.0125 -0.00988921
26.0225 -0.00994684
26.0325 -0.0100006
26.0425 -0.0100462
26.0525 -0.010079
26.0625 -0.0100944
26.0725 -0.010088
26.0825 -0.0100556
26.0925 -0.00999342
26.1025 -0.00989816
26.1125 -0.00976715
26.1225 -0.0095984
26.1325 -0.00939073
26.1425 -0.00914377
26.1525 -0.008858
26.1625 -0.00853476
26.1725 -0.00817625
26.1825 -0.00778548
26.1925 -0.00736523
26.2025 -0.00691862
26.2125 -0.00645434
26.2225 -0.00597647
26.2325 -0.00549093
26.2425 -0.00500307
26.2525 -0.00451828
26.2625 -0.00404336
26.2725 -0.00358364
26.2825 -0.00314378
26.2925 -0.0027209
26.3025 -0.00232074
26.3125 -0.00194266
26.3225 -0.00158657
26.3325 -0.00126003
26.3425 -0.000963822
26.3525 -0.000694362
26.3625 -0.000454716
26.3725 -0.000245227
26.3825 -6.26245e-05
26.3925 9.53541e-05
26.4025 0.000229717
26.4125 0.00034031
26.4225 0.000431311
26.4325 0.000506606
26.4425 0.000567998
26.4525 0.000619562
26.4625 0.000664751
26.4725 0.000707022
26.4825 0.000749799
26.4925 0.000796472
26.5025 0.000850074
26.5125 0.000913303
26.5225 0.000988546
26.5325 0.00107811
26.5425 0.00118201
26.5525 0.0013012
26.5625 0.00143639
26.5725 0.0015862
26.5825 0.00174885
26.5925 0.00192376
26.6025 0.00210947
26.6125 0.00230333
26.6225 0.0025031
26.6325 0.00270593
26.6425 0.00290888
26.6525 0.00310885
26.6625 0.0033028
26.6725 0.0034877
26.6825 0.0036606
26.6925 0.00381879
26.7025 0.00395985
26.7125 0.00408169
26.7225 0.0041826
26.7325 0.00426127
26.7425 0.00431686
26.7525 0.00434904
26.7625 0.00435794
26.7725 0.00434422
26.7825 0.00430897
26.7925 0.00425375
26.8025 0.0041807
26.8125 0.00409235
26.8225 0.0039916
26.8325 0.00388164
26.8425 0.00376589
26.8525 0.00364792
26.8625 0.00353134
26.8725 0.00341971
26.8825 0.00331647
26.8925 0.00322476
26.9025 0.00314742
26.9125 0.00308682
26.9225 0.00304483
26.9325 0.00302274
26.9425 0.00302131
26.9525 0.00304094
26.9625 0.00308084
26.9725 0.00313952
26.9825 0.00321485
26.9925 0.00330414
27.0025 0.00340426
27.0125 0.00351163
27.0225 0.00362241
27.0325 0.0037325
27.0425 0.00383772
27.0525 0.00393381
27.0625 0.0040166
27.0725 0.00408209
27.0825 0.00412653
27.0925 0.00414648
27.1025 0.00413892
27.1125 0.00410131
27.1225 0.00403162
27.1325 0.00392835
27.1425 0.00379077
27.1525 0.00361881
27.1625 0.00341311
27.1725 0.003175
27.1825 0.00290651
27.1925 0.00261027
27.2025 0.0022895
27.2125 0.00194794
27.2225 0.00158967
27.2325 0.00122092
27.2425 0.000845356
27.2525 0.000462315
27.2625 8.79653e-05
27.2725 -0.000279217
27.2825 -0.000638788
27.2925 -0.000980592
27.3025 -0.00130439
27.3125 -0.00161622
27.3225 -0.00191298
27.3325 -0.00219398
27.3425 -0.00245868
27.3525 -0.00270932
27.3625 -0.00294698
27.3725 -0.00317127
27.3825 -0.00338479
27.3925 -0.00359099
27.4025 -0.00378763
27.4125 -0.00397708
27.4225 -0.00416138
27.4325 -0.00434241
27.4425 -0.00452057
27.4525 -0.00469803
27.4625 -0.00487532
27.4725 -0.00505435
27.4825 -0.00523613
27.4925 -0.0054205
27.5025 -0.00560668
27.5125 -0.00579837
27.5225 -0.00599518
27.5325 -0.00619906
27.5425 -0.00640746
27.5525 -0.00662032
27.5625 -0.006837
27.5725 -0.00705645
27.5825 -0.0072774
27.5925 -0.00749813
27.6025 -0.0077168
27.6125 -0.00793135
27.6225 -0.00813946
27.6325 -0.00833867
27.6425 -0.0085265
27.6525 -0.0087004
27.6625 -0.0088579
27.6725 -0.00899661
27.6825 -0.00911434
27.6925 -0.00920916
27.7025 -0.00927943
27.7125 -0.00932385
27.7225 -0.00934149
27.7325 -0.00933189
27.7425 -0.00929502
27.7525 -0.0092313
27.7625 -0.00914154
27.7725 -0.00902621
27.7825 -0.00888666
27.7925 -0.0087252
27.8025 -0.00854398
27.8125 -0.00834493
27.8225 -0.00813052
27.8325 -0.00790395
27.8425 -0.0076686
27.8525 -0.00742781
27.8625 -0.00718504
27.8725 -0.00694395
27.8825 -0.00670845
27.8925 -0.00648196
27.9025 -0.00626813
27.9125 -0.0060704
27.9225 -0.00589204
27.9325 -0.00573591
27.9425 -0.00560446
27.9525 -0.00549972
27.9625 -0.00542322
27.9725 -0.00537595
27.9825 -0.00535832
27.9925 -0.00537047
28.0025 -0.0054115
28.0125 -0.00547935
28.0225 -0.00557141
28.0325 -0.00568422
28.0425 -0.00581368
28.0525 -0.00595521
28.0625 -0.00610395
28.0725 -0.00625482
28.0825 -0.00640261
28.0925 -0.00654222
28.1025 -0.00666882
28.1125 -0.00677791
28.1225 -0.00686544
28.1325 -0.006928
28.1425 -0.00696288
28.1525 -0.00696811
28.1625 -0.00694256
28.1725 -0.0068859
28.1825 -0.00679843
28.1925 -0.00668189
28.2025 -0.00653847
28.2125 -0.00637095
28.2225 -0.00618322
28.2325 -0.00597978
28.2425 -0.00576576
28.2525 -0.00554649
28.2625 -0.00532745
28.2725 -0.00511406
28.2825 -0.00491159
28.2925 -0.00472486
28.3025 -0.00455827
28.3125 -0.00441584
28.3225 -0.00429878
28.3325 -0.00420914
28.3425 -0.00414736
28.3525 -0.00411309
28.3625 -0.00410501
28.3725 -0.00412067
28.3825 -0.00415656
28.3925 -0.0042085
28.4025 -0.00427161
28.4125 -0.00433698
28.4225 -0.00440289
28.4325 -0.00446584
28.4425 -0.00452023
28.4525 -0.0045619
28.4625 -0.00458649
28.4725 -0.00459107
28.4825 -0.00457182
28.4925 -0.00452594
28.5025 -0.0044516
28.5125 -0.00434807
28.5225 -0.00421417
28.5325 -0.00404944
28.5425 -0.00385451
28.5525 -0.00363081
28.5625 -0.00338202
28.5725 -0.00310428
28.5825 -0.00280548
28.5925 -0.00248777
28.6025 -0.00215122
28.6125 -0.0018051
28.6225 -0.00145081
28.6325 -0.00109325
28.6425 -0.000739042
28.6525 -0.000393147
28.6625 -6.23045e-05
28.6725 0.000251206
28.6825 0.000542754
28.6925 0.000807683
28.7025 0.00104487
28.7125 0.0012509
28.7225 0.0014218
28.7325 0.00155687
28.7425 0.00165657
28.7525 0.00171879
28.7625 0.00174368
28.7725 0.00173247
28.7825 0.00168665
28.7925 0.00160828
28.8025 0.0015001
28.8125 0.00136573
28.8225 0.00120913
28.8325 0.00103465
28.8425 0.00084708
28.8525 0.000651441
28.8625 0.000452849
28.8725 0.000256395
28.8825 6.70635e-05
28.8925 -0.000110361
28.9025 -0.000271501
28.9125 -0.000412441
28.9225 -0.000529844
28.9325 -0.000621034
28.9425 -0.000684054
28.9525 -0.000717705
28.9625 -0.000721551
28.9725 -0.000695913
28.9825 -0.000641834
28.9925 -0.00056103
29.0025 -0.000455818
29.0125 -0.000329032
29.0225 -0.000184373
29.0325 -2.42003e-05
29.0425 0.000148309
29.0525 0.000328859
29.0625 0.000515944
29.0725 0.000704672
29.0825 0.000892467
29.0925 0.00107631
29.1025 0.00125216
29.1125 0.00141744
29.1225 0.0015718
29.1325 0.00171305
29.1425 0.00184021
29.1525 0.00195263
29.1625 0.00205023
29.1725 0.00213328
29.1825 0.00220256
29.1925 0.00225924
29.2025 0.00230481
29.2125 0.00234104
29.2225 0.00237011
29.2325 0.00239438
29.2425 0.00241634
29.2525 0.00243812
29.2625 0.00246243
29.2725 0.00249153
29.2825 0.00252757
29.2925 0.00257263
29.3025 0.00262828
29.3125 0.00269596
29.3225 0.00277639
29.3325 0.00287001
29.3425 0.00297691
29.3525 0.00309679
29.3625 0.00322845
29.3725 0.00337007
29.3825 0.00351927
29.3925 0.00367314
29.4025 0.00382784
29.4125 0.0039805
29.4225 0.00412715
29.4325 0.00426376
29.4425 0.00438625
29.4525 0.00449042
29.4625 0.00457231
29.4725 0.0046282
29.4825 0.00465473
29.4925 0.00464894
29.5025 0.00460835
29.5125 0.0045311
29.5225 0.00441613
29.5325 0.00426297
29.5425 0.00407188
29.5525 0.00384378
29.5625 0.00358023
29.5725 0.00328339
29.5825 0.00295594
29.5925 0.00260103
29.6025 0.00222217
29.6125 0.00182315
29.6225 0.00141001
29.6325 0.000985944
29.6425 0.000551046
29.6525 0.000114341
29.6625 -0.00031547
29.6725 -0.000746617
29.6825 -0.00116748
29.6925 -0.00157491
29.7025 -0.00197756
29.7125 -0.00237355
29.7225 -0.00276225
29.7325 -0.00314646
29.7425 -0.0035232
29.7525 -0.00389584
29.7625 -0.00426437
29.7725 -0.00462764
29.7825 -0.00498838
29.7925 -0.00534732
29.8025 -0.00570604
29.8125 -0.00606293
29.8225 -0.00642264
29.8325 -0.00678275
29.8425 -0.00714445
29.8525 -0.00750794
29.8625 -0.0078731
29.8725 -0.00824035
29.8825 -0.00860973
29.8925 -0.00898111
29.9025 -0.00935424
29.9125 -0.00972876
29.9225 -0.0101042
29.9325 -0.0104799
29.9425 -0.010855
29.9525 -0.0112285
29.9625 -0.0115995
29.9725 -0.0119665
29.9825 -0.0123284
29.9925 -0.0126835
30.0025 -0.0130305
30.0125 -0.0133676
30.0225 -0.0136933
30.0325 -0.0140058
30.0425 -0.0143037
30.0525 -0.0145854
30.0625 -0.0148495
30.0725 -0.0150947
30.0825 -0.01532
30.0925 -0.0155244
30.1025 -0.0157071
30.1125 -0.0158678
30.1225 -0.0160062
30.1325 -0.0161223
30.1425 -0.0162165
30.1525 -0.0162892
30.1625 -0.0163413
30.1725 -0.0163738
30.1825 -0.016388
30.1925 -0.0163854
30.2025 -0.0163676
30.2125 -0.0163364
30.2225 -0.0162938
30.2325 -0.0162419
30.2425 -0.0161829
30.2525 -0.0161189
30.2625 -0.016052
30.2725 -0.0159844
30.2825 -0.0159181
30.2925 -0.015855
30.3025 -0.0157969
30.3125 -0.0157456
30.3225 -0.0157024
30.3325 -0.0156689
30.3425 -0.015646
30.3525 -0.0156348
30.3625 -0.015636
30.3725 -0.0156502
30.3825 -0.0156772
30.3925 -0.0157166
30.4025 -0.0157674
30.4125 -0.0158284
30.4225 -0.0158978
30.4325 -0.0159737
30.4425 -0.0160536
30.4525 -0.016135
30.4625 -0.0162153
30.4725 -0.0162916
30.4825 -0.0163609
30.4925 -0.0164204
30.5025 -0.0164673
30.5125 -0.0164992
30.5225 -0.0165138
30.5325 -0.0165091
30.5425 -0.0164838
30.5525 -0.0164366
30.5625 -0.0163673
30.5725 -0.0162756
30.5825 -0.016162
30.5925 -0.0160272
30.6025 -0.0158725
30.6125 -0.0156994
30.6225 -0.0155097
30.6325 -0.0153055
30.6425 -0.0150891
30.6525 -0.0148632
30.6625 -0.0146305
30.6725 -0.0143936
30.6825 -0.0141553
30.6925 -0.0139185
30.7025 -0.0136856
30.7125 -0.0134593
30.7225 -0.0132416
30.7325 -0.0130343
30.7425 -0.012839
30.7525 -0.0126566
30.7625 -0.0124876
30.7725 -0.0123321
30.7825 -0.0121894
30.7925 -0.0120587
30.8025 -0.0119384
30.8125 -0.0118266
30.8225 -0.0117213
30.8325 -0.0116197
30.8425 -0.0115191
30.8525 -0.0114168
30.8625 -0.0113097
30.8725 -0.0111949
30.8825 -0.0110697
30.8925 -0.0109315
30.9025 -0.0107782
30.9125 -0.0106079
30.9225 -0.0104197
30.9325 -0.0102125
30.9425 -0.00998622
30.9525 -0.00974107
30.9625 -0.00947774
30.9725 -0.00919736
30.9825 -0.00890134
30.9925 -0.00859144
31.0025 -0.00826971
31.0125 -0.00793839
31.0225 -0.00759993
31.0325 -0.00725683
31.0425 -0.00691154
31.0525 -0.00656244
31.0625 -0.00621657
31.0725 -0.00587741
31.0825 -0.00554707
31.0925 -0.00522832
31.1025 -0.00492295
31.1125 -0.0046326
31.1225 -0.00435979
31.1325 -0.0041078
31.1425 -0.00387091
31.1525 -0.00364943
31.1625 -0.00344249
31.1725 -0.00324879
31.1825 -0.00306631
31.1925 -0.00289375
31.2025 -0.00272949
31.2125 -0.00257048
31.2225 -0.0024126
31.2325 -0.00226187
31.2425 -0.00211333
31.2525 -0.00196302
31.2625 -0.00181381
31.2725 -0.00166465
31.2825 -0.00151357
31.2925 -0.0013574
31.3025 -0.00119554
31.3125 -0.00103038
31.3225 -0.000859364
31.3325 -0.000681954
31.3425 -0.000497862
31.3525 -0.000306391
31.3625 -0.00010692
31.3725 0.00010114
31.3825 0.000319307
31.3925 0.000543303
31.4025 0.000773208
31.4125 0.00101184
31.4225 0.00125567
31.4325 0.0015041
31.4425 0.00175703
31.4525 0.00201331
31.4625 0.00227164
31.4725 0.00253115
31.4825 0.00279147
31.4925 0.00305105
31.5025 0.00330892
31.5125 0.00356444
31.5225 0.00381687
31.5325 0.00406532
31.5425 0.00430895
31.5525 0.00454712
31.5625 0.00477927
31.5725 0.00500483
31.5825 0.00522331
31.5925 0.00543429
31.6025 0.00563745
31.6125 0.0058326
31.6225 0.00601962
31.6325 0.00619845
31.6425 0.00636916
31.6525 0.0065319
31.6625 0.00668692
31.6725 0.00683452
31.6825 0.0069751
31.6925 0.00710908
31.7025 0.00723698
31.7125 0.00735933
31.7225 0.00747667
31.7325 0.00758953
31.7425 0.00769844
31.7525 0.0078037
31.7625 0.00790644
31.7725 0.00800487
31.7825 0.00809799
31.7925 0.0081861
31.8025 0.00826729
31.8125 0.00834161
31.8225 0.00840827
31.8325 0.0084669
31.8425 0.00851711
31.8525 0.00855853
31.8625 0.00859089
31.8725 0.008614
31.8825 0.00862772
31.8925 0.00863195
31.9025 0.00862672
31.9125 0.0086121
31.9225 0.00858831
31.9325 0.00855563
31.9425 0.00851448
31.9525 0.00846534
31.9625 0.00840884
31.9725 0.00834568
31.9825 0.00827661
31.9925 0.00820252
32.0025 0.00812449
32.015 0.0080225
32.0275 0.00791657
32.04 0.00780742
32.0525 0.00769536
32.065 0.00758021
32.0775 0.00746133
32.09 0.00733761
32.1025 0.00720753
32.115 0.00706921
32.1275 0.00692055
32.14 0.00675932
32.1525 0.00658324
32.165 0.00639012
32.1775 0.00617803
32.19 0.00594543
32.2025 0.00569132
32.215 0.00541533
32.2275 0.00511782
32.24 0.0047999
32.2525 0.00446325
32.265 0.00411006
32.2775 0.00374285
32.29 0.00336437
32.3025 0.00297742
32.315 0.0025848
32.3275 0.00218917
32.34 0.00179302
32.3525 0.0013985
32.365 0.00100602
32.3775 0.000612088
32.39 0.000237933
32.4025 -0.000122432
32.415 -0.000461929
32.4275 -0.000783051
32.44 -0.00108998
32.4525 -0.00138553
32.465 -0.00166797
32.4775 -0.00193998
32.49 -0.00220584
32.5025 -0.00247168
32.515 -0.00273516
32.5275 -0.00300174
32.54 -0.0032739
32.5525 -0.00355458
32.565 -0.00384619
32.5775 -0.00415124
32.59 -0.00447143
32.6025 -0.00481123
32.615 -0.00516964
32.6275 -0.00554511
32.64 -0.00593798
32.6525 -0.00634433
32.665 -0.00676664
32.6775 -0.00720209
32.69 -0.00764934
32.7025 -0.00810585
32.715 -0.00856933
32.7275 -0.00903723
32.74 -0.00950697
32.7525 -0.00997586
32.765 -0.0104413
32.7775 -0.010901
32.79 -0.0113525
32.8025 -0.0117941
32.815 -0.0122239
32.8275 -0.0126409
32.84 -0.013044
32.8525 -0.013433
32.865 -0.0138079
32.8775 -0.0141691
32.89 -0.0145177
32.9025 -0.0148549
32.915 -0.0151823
32.9275 -0.0155019
32.94 -0.0158157
32.9525 -0.0161258
32.965 -0.0164345
32.9775 -0.0167441
32.99 -0.0170568
33.0025 -0.0173744
33.015 -0.0176994
33.0275 -0.0180333
33.04 -0.0183779
33.0525 -0.0187368
33.065 -0.0191088
33.0775 -0.0194956
33.09 -0.0198984
33.1025 -0.0203089
33.115 -0.020732
33.1275 -0.0211694
33.14 -0.0216207
33.1525 -0.0220868
33.165 -0.022566
33.1775 -0.0230588
33.19 -0.0235671
33.2025 -0.0240898
33.215 -0.0246204
33.2275 -0.0251611
33.24 -0.0252497
33.2525 -0.0240177
33.265 -0.0257583
33.2775 -0.0260766
33.29 -0.0271262
33.3025 -0.0279434
33.315 -0.0288812
33.3275 -0.0298389
33.34 -0.0306744
33.3525 -0.0316079
33.365 -0.0324844
33.3775 -0.0333217
33.39 -0.0341547
33.4025 -0.0349232
33.415 -0.0356439
33.4275 -0.0363143
33.44 -0.0369127
33.4525 -0.0374445
33.465 -0.0379009
33.4775 -0.0382768
33.49 -0.0385737
33.5025 -0.0387846
33.515 -0.0389103
33.5275 -0.0389503
33.54 -0.0389024
33.5525 -0.038774
33.565 -0.0385717
33.5775 -0.0383063
33.59 -0.0379892
33.6025 -0.0376343
33.615 -0.0372567
33.6275 -0.0368807
33.64 -0.0365114
33.6525 -0.0361537
33.665 -0.035827
33.6775 -0.035535
33.69 -0.0352895
33.7025 -0.0350947
33.715 -0.0349551
33.7275 -0.0348732
33.74 -0.0348497
33.7525 -0.0348807
33.765 -0.0349598
33.7775 -0.0350785
33.79 -0.0352258
33.8025 -0.0353857
33.815 -0.035521
33.8275 -0.0356572
33.84 -0.0357783
33.8525 -0.035865
33.865 -0.0359179
33.8775 -0.0359208
33.89 -0.0358691
33.9025 -0.0357559
33.915 -0.0355752
33.9275 -0.0353279
33.94 -0.0350104
33.9525 -0.0346229
33.965 -0.0341704
33.9775 -0.0336526
33.99 -0.0330766
34.0025 -0.032451
34.015 -0.0317851
34.0275 -0.03109
34.04 -0.0303769
34.0525 -0.0296567
34.065 -0.0289407
34.0775 -0.0282393
34.09 -0.027566
34.1025 -0.026924
34.115 -0.0263161
34.1275 -0.0257513
34.14 -0.0252315
34.1525 -0.0247594
34.165 -0.0243261
34.1775 -0.0239316
34.19 -0.0235808
34.2025 -0.0232621
34.215 -0.0229735
34.2275 -0.02271
34.24 -0.0224659
34.2525 -0.0222321
34.265 -0.0220033
34.2775 -0.021775
34.29 -0.0215389
34.3025 -0.0212868
34.315 -0.0210153
34.3275 -0.0207175
34.34 -0.020388
34.3525 -0.0200236
34.365 -0.0196206
34.3775 -0.0191723
34.39 -0.0186815
34.4025 -0.0181494
34.415 -0.0175695
34.4275 -0.0169491
34.44 -0.0162811
34.4525 -0.0155668
34.465 -0.0148121
34.4775 -0.0140134
34.49 -0.0131611
34.5025 -0.0122552
34.515 -0.0113348
34.5275 -0.0103929
34.54 -0.00944909
34.5525 -0.00850211
34.565 -0.00756729
34.5775 -0.00664982
34.59 -0.00574446
34.6025 -0.00486298
34.615 -0.00403182
34.6275 -0.0032623
34.64 -0.00256212
34.6525 -0.00193425
34.665 -0.00138677
34.6775 -0.000928689
34.69 -0.000554777
34.7025 -0.000271582
34.715 -7.87221e-05
34.7275 2.96982e-05
34.74 5.68579e-05
34.7525 1.00442e-05
34.765 -9.95302e-05
34.7775 -0.000259034
34.79 -0.000455219
34.8025 -0.000671908
34.815 -0.000893322
34.8275 -0.00110341
34.84 -0.00128697
34.8525 -0.00143008
34.865 -0.00152053
34.8775 -0.00154842
34.89 -0.00150661
34.9025 -0.00139168
34.915 -0.0012022
34.9275 -0.000939434
34.94 -0.00060812
34.9525 -0.000216039
34.965 0.000226859
34.9775 0.000708378
34.99 0.00121471
35.0025 0.00172747
35.015 0.00224133
35.0275 0.00274814
35.04 0.00323917
35.0525 0.00370447
35.065 0.00413701
35.0775 0.00452926
35.09 0.00487386
35.1025 0.0051671
35.115 0.00540358
35.1275 0.00557823
35.14 0.00568844
35.1525 0.00573377
35.165 0.00571383
35.1775 0.0056307
35.19 0.00548896
35.2025 0.0052946
35.215 0.00505557
35.2275 0.0047812
35.24 0.00448148
35.2525 0.00416687
35.265 0.00384788
35.2775 0.00353453
35.29 0.00323599
35.3025 0.00296013
35.315 0.00271298
35.3275 0.00249965
35.34 0.00232214
35.3525 0.00218132
35.365 0.0020759
35.3775 0.00200272
35.39 0.00195688
35.4025 0.0019319
35.415 0.00192007
35.4275 0.00191274
35.44 0.00190063
35.4525 0.00187434
35.465 0.00182468
35.4775 0.00174317
35.49 0.00162242
35.5025 0.00145653
35.515 0.00124141
35.5275 0.000974985
35.54 0.000657326
35.5525 0.000290712
35.565 -0.000120501
35.5775 -0.00057011
35.59 -0.00105037
35.6025 -0.00155236
35.615 -0.00206245
35.6275 -0.00257889
35.64 -0.00309361
35.6525 -0.00359749
35.665 -0.00405576
35.6775 -0.00449279
35.69 -0.00492604
35.7025 -0.00533709
35.715 -0.00574176
35.7275 -0.00613092
35.74 -0.00650619
35.7525 -0.0068759
35.765 -0.00723471
35.7775 -0.00758856
35.79 -0.00793867
35.8025 -0.0082845
35.815 -0.00863002
35.8275 -0.00897626
35.84 -0.00932436
35.8525 -0.00967657
35.865 -0.0100343
35.8775 -0.0103991
35.89 -0.0107723
35.9025 -0.0111552
35.915 -0.011549
35.9275 -0.0119546
35.94 -0.0123729
35.9525 -0.0128045
35.965 -0.0132498
35.9775 -0.0137093
35.99 -0.0141831
36.0025 -0.0146709
36.015 -0.0151725
36.0275 -0.0156875
36.04 -0.0162147
36.0525 -0.0167532
36.065 -0.0173013
36.0775 -0.0178565
36.09 -0.0184189
36.1025 -0.0189868
36.115 -0.0195574
36.1275 -0.0201281
36.14 -0.0206955
36.1525 -0.0212567
36.165 -0.0218083
36.1775 -0.022347
36.19 -0.0228697
36.2025 -0.0233736
36.215 -0.0238556
36.2275 -0.0243131
36.24 -0.0247439
36.2525 -0.0251463
36.265 -0.0255187
36.2775 -0.0258604
36.29 -0.026171
36.3025 -0.0264505
36.315 -0.0266996
36.3275 -0.0269193
36.34 -0.0271112
36.3525 -0.0272772
36.365 -0.0274194
36.3775 -0.0275403
36.39 -0.0276428
36.4025 -0.0277299
36.415 -0.027805
36.4275 -0.0278714
36.44 -0.0279325
36.4525 -0.0279936
36.465 -0.0280614
36.4775 -0.028127
36.49 -0.0281965
36.5025 -0.0282709
36.515 -0.0283487
36.5275 -0.0284323
36.54 -0.0285198
36.5525 -0.0286115
36.565 -0.0287064
36.5775 -0.0288037
36.59 -0.0289011
36.6025 -0.0289957
36.615 -0.0290843
36.6275 -0.0291635
36.64 -0.02923
36.6525 -0.0292801
36.665 -0.0293105
36.6775 -0.0293182
36.69 -0.0293006
36.7025 -0.0292556
36.715 -0.0291818
36.7275 -0.0290788
36.74 -0.0289469
36.7525 -0.0287874
36.765 -0.0286027
36.7775 -0.0283952
36.79 -0.0281682
36.8025 -0.027925
36.815 -0.0276692
36.8275 -0.0274046
36.84 -0.027136
36.8525 -0.0268692
36.865 -0.0266009
36.8775 -0.0263363
36.89 -0.026078
36.9025 -0.0258278
36.915 -0.0255895
36.9275 -0.0253646
36.94 -0.0251564
36.9525 -0.0249662
36.965 -0.0247946
36.9775 -0.0246417
36.99 -0.0245066
37.0025 -0.0243875
37.015 -0.0242823
37.0275 -0.0241876
37.04 -0.0241001
37.0525 -0.0240155
37.065 -0.0239294
37.0775 -0.0238374
37.09 -0.0237348
37.1025 -0.0236172
37.115 -0.0234803
37.1275 -0.0233198
37.14 -0.0231298
37.1525 -0.0229167
37.165 -0.0226761
37.1775 -0.0224088
37.19 -0.0221169
37.2025 -0.0218002
37.215 -0.021462
37.2275 -0.0211052
37.24 -0.0207338
37.2525 -0.0203518
37.265 -0.0199664
37.2775 -0.0195789
37.29 -0.0191881
37.3025 -0.0188003
37.315 -0.0184158
37.3275 -0.0180379
37.34 -0.017669
37.3525 -0.0173102
37.365 -0.0169641
37.3775 -0.0166326
37.39 -0.0163166
37.4025 -0.0160174
37.415 -0.0157352
37.4275 -0.0154693
37.44 -0.0152225
37.4525 -0.0149917
37.465 -0.0147781
37.4775 -0.0145793
37.49 -0.0143936
37.5025 -0.0142181
37.515 -0.0140536
37.5275 -0.0138985
37.54 -0.0137504
37.5525 -0.0136093
37.565 -0.0134729
37.5775 -0.01334
37.59 -0.0132095
37.6025 -0.0130807
37.615 -0.0129527
37.6275 -0.0128246
37.64 -0.0126961
37.6525 -0.0125667
37.665 -0.012436
37.6775 -0.0123041
37.69 -0.0121708
37.7025 -0.0120363
37.715 -0.0119009
37.7275 -0.011765
37.74 -0.0116292
37.7525 -0.0114939
37.765 -0.0113601
37.7775 -0.0112284
37.79 -0.0110997
37.8025 -0.0109748
37.815 -0.0108545
37.8275 -0.0107399
37.84 -0.0106318
37.8525 -0.0105309
37.865 -0.0104379
37.8775 -0.0103537
37.89 -0.0102791
37.9025 -0.0102141
37.915 -0.0101589
37.9275 -0.0101111
37.94 -0.0100753
37.9525 -0.0100492
37.965 -0.0100338
37.9775 -0.0100283
37.99 -0.0100328
38.0025 -0.010046
38.015 -0.0100634
38.0275 -0.010089
38.04 -0.010122
38.0525 -0.0101627
38.065 -0.0102119
38.0775 -0.0102704
38.09 -0.0103399
38.1025 -0.0104205
38.115 -0.0105156
38.1275 -0.0106254
38.14 -0.0107572
38.1525 -0.010906
38.165 -0.0110659
38.1775 -0.011242
38.19 -0.0114306
38.2025 -0.0116322
38.215 -0.0118461
38.2275 -0.0120708
38.24 -0.0123071
38.2525 -0.0125531
38.265 -0.0128094
38.2775 -0.013075
38.29 -0.0133495
38.3025 -0.013634
38.315 -0.0139267
38.3275 -0.0142282
38.34 -0.014538
38.3525 -0.0148566
38.365 -0.0151833
38.3775 -0.0155168
38.39 -0.0158543
38.4025 -0.0161943
38.415 -0.0165345
38.4275 -0.016873
38.44 -0.017207
38.4525 -0.0175337
38.465 -0.0178506
38.4775 -0.0181602
38.49 -0.018458
38.5025 -0.0187442
38.515 -0.019016
38.5275 -0.0192734
38.54 -0.0195171
38.5525 -0.0197453
38.565 -0.0199583
38.5775 -0.0201557
38.59 -0.0203375
38.6025 -0.0205043
38.615 -0.0206567
38.6275 -0.0207959
38.64 -0.0209232
38.6525 -0.0210401
38.665 -0.0211509
38.6775 -0.0212568
38.69 -0.0213522
38.7025 -0.0214421
38.715 -0.0215258
38.7275 -0.0216026
38.74 -0.0216734
38.7525 -0.0217377
38.765 -0.021796
38.7775 -0.0218477
38.79 -0.0218928
38.8025 -0.0219314
38.815 -0.0219629
38.8275 -0.0219874
38.84 -0.0220048
38.8525 -0.0220149
38.865 -0.0220176
38.8775 -0.0220128
38.89 -0.0220005
38.9025 -0.0219809
38.915 -0.021954
38.9275 -0.0219201
38.94 -0.0218794
38.9525 -0.0218325
38.965 -0.0217802
38.9775 -0.021723
38.99 -0.0216619
39.0025 -0.0215978
39.015 -0.0215318
39.0275 -0.0214652
39.04 -0.0213992
39.0525 -0.021335
39.065 -0.021274
39.0775 -0.0212175
39.09 -0.0211669
39.1025 -0.0211232
39.115 -0.0210881
39.1275 -0.0210622
39.14 -0.0210459
39.1525 -0.021039
39.165 -0.0210407
39.1775 -0.02105
39.19 -0.0210653
39.2025 -0.0210848
39.215 -0.0211062
39.2275 -0.021127
39.24 -0.0211447
39.2525 -0.0211573
39.265 -0.0211571
39.2775 -0.0211451
39.29 -0.0211247
39.3025 -0.0210891
39.315 -0.0210401
39.3275 -0.0209759
39.34 -0.0208958
39.3525 -0.0207993
39.365 -0.0206857
39.3775 -0.0205554
39.39 -0.0204083
39.4025 -0.0202447
39.415 -0.0200655
39.4275 -0.0198711
39.44 -0.0196629
39.4525 -0.0194426
39.465 -0.0192119
39.4775 -0.018973
39.49 -0.0187282
39.5025 -0.0184799
39.515 -0.0182304
39.5275 -0.0179821
39.54 -0.0177372
39.5525 -0.0174972
39.565 -0.0172644
39.5775 -0.0170425
39.59 -0.0168279
39.6025 -0.0166222
39.615 -0.0164266
39.6275 -0.0162411
39.64 -0.0160656
39.6525 -0.0158956
39.665 -0.0157336
39.6775 -0.0155793
39.69 -0.0154291
39.7025 -0.0152829
39.715 -0.015138
39.7275 -0.0149919
39.74 -0.0148431
39.7525 -0.0146891
39.765 -0.0145272
39.7775 -0.0143561
39.79 -0.0141723
39.8025 -0.0139752
39.815 -0.0137634
39.8275 -0.0135357
39.84 -0.0132913
39.8525 -0.0130307
39.865 -0.0127537
39.8775 -0.0124612
39.89 -0.012154
39.9025 -0.0118332
39.915 -0.0115007
39.9275 -0.011158
39.94 -0.0108071
39.9525 -0.0104476
39.965 -0.0100686
39.9775 -0.00969598
39.99 -0.00932338
40.0025 -0.00895855
40.015 -0.00860205
40.0275 -0.00825737
40.04 -0.00792656
40.0525 -0.0076117
40.065 -0.00731441
40.0775 -0.00703571
40.09 -0.00677638
40.1025 -0.00653647
40.115 -0.0063156
40.1275 -0.00611291
40.14 -0.0059296
40.1525 -0.00576455
40.165 -0.00561387
40.1775 -0.00547987
40.19 -0.0053603
40.2025 -0.0052531
40.215 -0.00515675
40.2275 -0.00507073
40.24 -0.00499218
40.2525 -0.00491946
40.265 -0.00485076
40.2775 -0.00478404
40.29 -0.00471745
40.3025 -0.00464938
40.315 -0.00457846
40.3275 -0.00450378
40.34 -0.00442468
40.3525 -0.00434113
40.365 -0.00425326
40.3775 -0.00416124
40.39 -0.00406533
40.4025 -0.0039659
40.415 -0.00386671
40.4275 -0.00376939
40.44 -0.00367606
40.4525 -0.00358894
40.465 -0.00351047
40.4775 -0.00344308
40.49 -0.00338923
40.5025 -0.00335131
40.515 -0.00333171
40.5275 -0.00333254
40.54 -0.00335557
40.5525 -0.00340216
40.565 -0.00347326
40.5775 -0.00356901
40.59 -0.00368859
40.6025 -0.0038304
40.615 -0.00399208
40.6275 -0.00417066
40.64 -0.00436264
40.6525 -0.00456416
40.665 -0.00477118
40.6775 -0.00497955
40.69 -0.00518356
40.7025 -0.0053845
40.715 -0.00557744
40.7275 -0.00576196
40.74 -0.00593805
40.7525 -0.00610434
40.765 -0.00626047
40.7775 -0.0064076
40.79 -0.0065465
40.8025 -0.00666876
40.815 -0.00677628
40.8275 -0.00688852
40.84 -0.00699836
40.8525 -0.00711382
40.865 -0.00723464
40.8775 -0.00736516
40.89 -0.00750665
40.9025 -0.00766111
40.915 -0.00783452
40.9275 -0.00802046
40.94 -0.00821652
40.9525 -0.00842602
40.965 -0.0086442
40.9775 -0.00887101
40.99 -0.00910485
41.0025 -0.00934268
41.015 -0.00958376
41.0275 -0.00982638
41.04 -0.0100691
41.0525 -0.0103093
41.065 -0.0105481
41.0775 -0.0107826
41.09 -0.0110128
41.1025 -0.0112379
41.115 -0.0114568
41.1275 -0.0116695
41.14 -0.011876
41.1525 -0.012077
41.165 -0.0122724
41.1775 -0.0124625
41.19 -0.0126488
41.2025 -0.0128325
41.215 -0.0130149
41.2275 -0.013198
41.24 -0.0133833
41.2525 -0.0135727
41.265 -0.0137673
41.2775 -0.0139698
41.29 -0.0141812
41.3025 -0.0144026
41.315 -0.0146358
41.3275 -0.0148816
41.34 -0.0151406
41.3525 -0.0154134
41.365 -0.0157
41.3775 -0.0160005
41.39 -0.0163147
41.4025 -0.016642
41.415 -0.0169806
41.4275 -0.0173268
41.44 -0.0176776
41.4525 -0.018032
41.465 -0.0183857
41.4775 -0.0187357
41.49 -0.0190788
41.5025 -0.0194122
41.515 -0.0197331
41.5275 -0.0200387
41.54 -0.0203269
41.5525 -0.0205956
41.565 -0.0208432
41.5775 -0.0210685
41.59 -0.0212709
41.6025 -0.0214501
41.615 -0.0216061
41.6275 -0.0217397
41.64 -0.0218518
41.6525 -0.0219437
41.665 -0.0220172
41.6775 -0.0220741
41.69 -0.0221165
41.7025 -0.0221466
41.715 -0.0221666
41.7275 -0.0221797
41.74 -0.0221917
41.7525 -0.0221958
41.765 -0.0221956
41.7775 -0.0221923
41.79 -0.0221849
41.8025 -0.0221757
41.815 -0.0221639
41.8275 -0.02215
41.84 -0.022135
41.8525 -0.0221185
41.865 -0.0221011
41.8775 -0.0220827
41.89 -0.0220635
41.9025 -0.0220436
41.915 -0.022023
41.9275 -0.022001
41.94 -0.0219769
41.9525 -0.02195
41.965 -0.0219194
41.9775 -0.0218843
41.99 -0.0218436
42.0025 -0.0217965
42.015 -0.0217424
42.0275 -0.0216807
42.04 -0.0216109
42.0525 -0.0215328
42.065 -0.0214464
42.0775 -0.021352
42.09 -0.0212502
42.1025 -0.0211417
42.115 -0.0210275
42.1275 -0.0209088
42.14 -0.0207871
42.1525 -0.0206637
42.165 -0.0205404
42.1775 -0.0204188
42.19 -0.0203005
42.2025 -0.0201871
42.215 -0.02008
42.2275 -0.0199805
42.24 -0.0198898
42.2525 -0.0198088
42.265 -0.0197381
42.2775 -0.0196784
42.29 -0.0196298
42.3025 -0.0195921
42.315 -0.0195649
42.3275 -0.0195471
42.34 -0.0195377
42.3525 -0.0195349
42.365 -0.0195368
42.3775 -0.0195414
42.39 -0.0195463
42.4025 -0.0195493
42.415 -0.0195482
42.4275 -0.0195407
42.44 -0.0195249
42.4525 -0.019499
42.465 -0.0194617
42.4775 -0.0194118
42.49 -0.0193489
42.5025 -0.0192728
42.515 -0.0191839
42.5275 -0.0190833
42.54 -0.0189722
42.5525 -0.0188525
42.565 -0.0187264
42.5775 -0.0185962
42.59 -0.0184645
42.6025 -0.0183342
42.615 -0.018208
42.6275 -0.0180884
42.64 -0.0179779
42.6525 -0.0178785
42.665 -0.0177918
42.6775 -0.0177191
42.69 -0.0176611
42.7025 -0.0176179
42.715 -0.0175893
42.7275 -0.0175742
42.74 -0.0175715
42.7525 -0.0175792
42.765 -0.0175954
42.7775 -0.0176175
42.79 -0.0176428
42.8025 -0.0176682
42.815 -0.0176909
42.8275 -0.0177073
42.84 -0.017713
42.8525 -0.0177111
42.865 -0.0176982
42.8775 -0.0176732
42.89 -0.0176365
42.9025 -0.0175869
42.915 -0.0175248
42.9275 -0.0174504
42.94 -0.0173641
42.9525 -0.0172669
42.965 -0.0171602
42.9775 -0.0170454
42.99 -0.0169243
43.0025 -0.0167987
43.015 -0.0166701
43.0275 -0.0165411
43.04 -0.0164132
43.0525 -0.0162853
43.065 -0.0161599
43.0775 -0.0160375
43.09 -0.0159195
43.1025 -0.0158061
43.115 -0.0156962
43.1275 -0.0155915
43.14 -0.0154914
43.1525 -0.0153953
43.165 -0.0153026
43.1775 -0.0152126
43.19 -0.0151244
43.2025 -0.0150366
43.215 -0.0149482
43.2275 -0.0148577
43.24 -0.0147638
43.2525 -0.0146653
43.265 -0.0145607
43.2775 -0.0144489
43.29 -0.0143289
43.3025 -0.0141997
43.315 -0.0140606
43.3275 -0.0139112
43.34 -0.0137508
43.3525 -0.0135782
43.365 -0.0133954
43.3775 -0.0132005
43.39 -0.0129947
43.4025 -0.0127772
43.415 -0.0125493
43.4275 -0.0123112
43.44 -0.012063
43.4525 -0.0118062
43.465 -0.0115415
43.4775 -0.0112707
43.49 -0.0109954
43.5025 -0.0107175
43.515 -0.0104388
43.5275 -0.0101616
43.54 -0.0098876
43.5525 -0.00961024
43.565 -0.00934334
43.5775 -0.00908615
43.59 -0.00884193
43.6025 -0.0086121
43.615 -0.00839799
43.6275 -0.00820089
43.64 -0.00802118
43.6525 -0.00785923
43.665 -0.0077146
43.6775 -0.00758469
43.69 -0.00747196
43.7025 -0.00737496
43.715 -0.00729196
43.7275 -0.00722163
43.74 -0.00716224
43.7525 -0.00711199
43.765 -0.00706886
43.7775 -0.00703088
43.79 -0.00699655
43.8025 -0.00696385
43.815 -0.00693093
43.8275 -0.00689668
43.84 -0.0068599
43.8525 -0.0068193
43.865 -0.00677406
43.8775 -0.00672369
43.89 -0.0066678
43.9025 -0.00660632
43.915 -0.0065392
43.9275 -0.00646703
43.94 -0.00639027
43.9525 -0.00630982
43.965 -0.00622668
43.9775 -0.00614181
43.99 -0.0060567
44.0025 -0.0059729
44.015 -0.00589194
44.0275 -0.00581572
44.04 -0.00574612
44.0525 -0.00568438
44.065 -0.00563264
44.0775 -0.00559204
44.09 -0.00556365
44.1025 -0.0055485
44.115 -0.00554715
44.1275 -0.00556017
44.14 -0.00558752
44.1525 -0.00562842
44.165 -0.00568152
44.1775 -0.00574503
44.19 -0.00581629
44.2025 -0.00589444
44.215 -0.0059764
44.2275 -0.0060603
44.24 -0.00614433
44.2525 -0.00622621
44.265 -0.00630409
44.2775 -0.00637667
44.29 -0.00644275
44.3025 -0.00650153
44.315 -0.00655276
44.3275 -0.00659661
44.34 -0.00663361
44.3525 -0.00666479
44.365 -0.00669152
44.3775 -0.0067155
44.39 -0.00673866
44.4025 -0.00676312
44.415 -0.00679107
44.4275 -0.00682467
44.44 -0.006866
44.4525 -0.00691697
44.465 -0.00697468
44.4775 -0.00703881
44.49 -0.00712094
44.5025 -0.00721893
44.515 -0.00733151
44.5275 -0.00745776
44.54 -0.00759862
44.5525 -0.00775298
44.565 -0.00792038
44.5775 -0.00809873
44.59 -0.00828542
44.6025 -0.00848004
44.615 -0.00867999
44.6275 -0.00888324
44.64 -0.00908777
44.6525 -0.00929132
44.665 -0.00949209
44.6775 -0.00968813
44.69 -0.00987847
44.7025 -0.0100618
44.715 -0.0102372
44.7275 -0.0104045
44.74 -0.0105648
44.7525 -0.0107185
44.765 -0.0108654
44.7775 -0.0110072
44.79 -0.0111447
44.8025 -0.0112818
44.815 -0.0114187
44.8275 -0.0115523
44.84 -0.0116871
44.8525 -0.0118223
44.865 -0.0119588
44.8775 -0.0120981
44.89 -0.0122397
44.9025 -0.0123846
44.915 -0.0125333
44.9275 -0.0126854
44.94 -0.0128413
44.9525 -0.0130012
44.965 -0.0131647
44.9775 -0.0133319
44.99 -0.0135023
45.0025 -0.0136758
45.015 -0.0138519
45.0275 -0.0140301
45.04 -0.0142099
45.0525 -0.0143907
45.065 -0.0145719
45.0775 -0.0147529
45.09 -0.0149332
45.1025 -0.0151119
45.115 -0.0152887
45.1275 -0.0154629
45.14 -0.015634
45.1525 -0.0158016
45.165 -0.0159653
45.1775 -0.0161248
45.19 -0.0162799
45.2025 -0.0164305
45.215 -0.0165766
45.2275 -0.0167181
45.24 -0.0168552
45.2525 -0.016988
45.265 -0.017117
45.2775 -0.0172423
45.29 -0.0173644
45.3025 -0.0174839
45.315 -0.0176009
45.3275 -0.017716
45.34 -0.0178296
45.3525 -0.0179424
45.365 -0.0180546
45.3775 -0.0181662
45.39 -0.0182776
45.4025 -0.0183898
45.415 -0.0185026
45.4275 -0.0186163
45.44 -0.0187312
45.4525 -0.0188471
45.465 -0.0189641
45.4775 -0.0190821
45.49 -0.0192008
45.5025 -0.0193201
45.515 -0.0194398
45.5275 -0.0195591
45.54 -0.0196775
45.5525 -0.0197943
45.565 -0.0199086
45.5775 -0.0200197
45.59 -0.0201267
45.6025 -0.0202287
45.615 -0.020325
45.6275 -0.0204149
45.64 -0.0204976
45.6525 -0.0205726
45.665 -0.0206395
45.6775 -0.0206979
45.69 -0.0207478
45.7025 -0.020789
45.715 -0.0208217
45.7275 -0.0208462
45.74 -0.0208628
45.7525 -0.0208728
45.765 -0.0208779
45.7775 -0.020876
45.79 -0.020868
45.8025 -0.020855
45.815 -0.0208369
45.8275 -0.0208145
45.84 -0.0207882
45.8525 -0.0207588
45.865 -0.0207268
45.8775 -0.0206929
45.89 -0.0206577
45.9025 -0.0206219
45.915 -0.0205859
45.9275 -0.0205505
45.94 -0.0205159
45.9525 -0.0204827
45.965 -0.0204512
45.9775 -0.0204216
45.99 -0.0203945
46.0025 -0.0203695
46.015 -0.0203466
46.0275 -0.0203251
46.04 -0.0203045
46.0525 -0.020284
46.065 -0.0202629
46.0775 -0.0202401
46.09 -0.0202147
46.1025 -0.0201857
46.115 -0.0201522
46.1275 -0.0201133
46.14 -0.0200684
46.1525 -0.0200167
46.165 -0.0199578
46.1775 -0.0198914
46.19 -0.0198174
46.2025 -0.0197358
46.215 -0.0196469
46.2275 -0.0195511
46.24 -0.0194489
46.2525 -0.019341
46.265 -0.0192282
46.2775 -0.0191113
46.29 -0.0189913
46.3025 -0.018869
46.315 -0.0187453
46.3275 -0.018621
46.34 -0.0184969
46.3525 -0.0183734
46.365 -0.0182511
46.3775 -0.0181304
46.39 -0.0180113
46.4025 -0.0178938
46.415 -0.0177779
46.4275 -0.0176632
46.44 -0.0175493
46.4525 -0.0174358
46.465 -0.0173219
46.4775 -0.0172071
46.49 -0.0170906
46.5025 -0.016972
46.515 -0.0168505
46.5275 -0.0167255
46.54 -0.0165963
46.5525 -0.0164623
46.565 -0.0163254
46.5775 -0.0161845
46.59 -0.0160402
46.6025 -0.0158932
46.615 -0.0157435
46.6275 -0.0155919
46.64 -0.0154389
46.6525 -0.0152851
46.665 -0.0151312
46.6775 -0.0149777
46.69 -0.0148255
46.7025 -0.0146751
46.715 -0.0145271
46.7275 -0.0143821
46.74 -0.0142405
46.7525 -0.0141026
46.765 -0.0139689
46.7775 -0.0138386
46.79 -0.0137129
46.8025 -0.013591
46.815 -0.0134728
46.8275 -0.0133571
46.84 -0.0132442
46.8525 -0.013133
46.865 -0.0130226
46.8775 -0.0129126
46.89 -0.012802
46.9025 -0.0126901
46.915 -0.0125762
46.9275 -0.0124593
46.94 -0.0123391
46.9525 -0.012215
46.965 -0.0120864
46.9775 -0.011953
46.99 -0.0118148
47.0025 -0.0116714
47.015 -0.011523
47.0275 -0.0113697
47.04 -0.0112117
47.0525 -0.0110495
47.065 -0.0108833
47.0775 -0.0107139
47.09 -0.0105422
47.1025 -0.010369
47.115 -0.0101955
47.1275 -0.0100224
47.14 -0.0098458
47.1525 -0.00967263
47.165 -0.00950389
47.1775 -0.00934099
47.19 -0.009185
47.2025 -0.00903677
47.215 -0.0088973
47.2275 -0.00876637
47.24 -0.00864511
47.2525 -0.00853399
47.265 -0.00843295
47.2775 -0.00834207
47.29 -0.00826095
47.3025 -0.00818925
47.315 -0.00812631
47.3275 -0.00807141
47.34 -0.00802368
47.3525 -0.00798213
47.365 -0.00794573
47.3775 -0.00791363
47.39 -0.00788492
47.4025 -0.00785846
47.415 -0.00783356
47.4275 -0.00780951
47.44 -0.00778556
47.4525 -0.00776121
47.465 -0.00773582
47.4775 -0.00770914
47.49 -0.00768081
47.5025 -0.00765084
47.515 -0.00761922
47.5275 -0.00758614
47.54 -0.00755188
47.5525 -0.00751683
47.565 -0.00748153
47.5775 -0.00744658
47.59 -0.00741271
47.6025 -0.00738076
47.615 -0.00735163
47.6275 -0.00732624
47.64 -0.00730547
47.6525 -0.00729019
47.665 -0.00728122
47.6775 -0.00727939
47.69 -0.00728535
47.7025 -0.00729956
47.715 -0.00732232
47.7275 -0.00735362
47.74 -0.00739316
47.7525 -0.00744043
47.765 -0.00749465
47.7775 -0.00755486
47.79 -0.00761993
47.8025 -0.0076886
47.815 -0.00775958
47.8275 -0.00783156
47.84 -0.00790331
47.8525 -0.00797366
47.865 -0.00804163
47.8775 -0.0081064
47.89 -0.00816737
47.9025 -0.00822417
47.915 -0.00827669
47.9275 -0.00832506
47.94 -0.00836963
47.9525 -0.00840646
47.965 -0.00843895
47.9775 -0.00847277
47.99 -0.0085064
48.0025 -0.0085431
48.015 -0.00858329
48.0275 -0.00862891
48.04 -0.00868118
48.0525 -0.00874122
48.065 -0.00880995
48.0775 -0.00888803
48.09 -0.00897585
48.1025 -0.00907352
48.115 -0.00918084
48.1275 -0.00929734
48.14 -0.00942229
48.1525 -0.0095547
48.165 -0.0096934
48.1775 -0.00983707
48.19 -0.00998427
48.2025 -0.0101335
48.215 -0.0102833
48.2275 -0.0104321
48.24 -0.0105791
48.2525 -0.010723
48.265 -0.0108629
48.2775 -0.0109988
48.29 -0.0111303
48.3025 -0.0112584
48.315 -0.0113834
48.3275 -0.0115048
48.34 -0.0116236
48.3525 -0.0117403
48.365 -0.0118558
48.3775 -0.0119706
48.39 -0.0120872
48.4025 -0.0122055
48.415 -0.0123234
48.4275 -0.0124436
48.44 -0.0125654
48.4525 -0.0126891
48.465 -0.0128155
48.4775 -0.0129442
48.49 -0.0130754
48.5025 -0.0132091
48.515 -0.0133451
48.5275 -0.0134833
48.54 -0.0136233
48.5525 -0.0137648
48.565 -0.0139076
48.5775 -0.014051
48.59 -0.0141947
48.6025 -0.0143382
48.615 -0.0144811
48.6275 -0.0146228
48.64 -0.0147629
48.6525 -0.0149008
48.665 -0.0150362
48.6775 -0.0151686
48.69 -0.0152976
48.7025 -0.015423
48.715 -0.0155443
48.7275 -0.0156616
48.74 -0.0157745
48.7525 -0.0158831
48.765 -0.0159874
48.7775 -0.0160874
48.79 -0.0161833
48.8025 -0.0162754
48.815 -0.0163638
48.8275 -0.016449
48.84 -0.0165313
48.8525 -0.0166111
48.865 -0.0166889
48.8775 -0.0167653
48.89 -0.0168404
48.9025 -0.0169151
48.915 -0.0169896
48.9275 -0.0170644
48.94 -0.01714
48.9525 -0.0172166
48.965 -0.0172945
48.9775 -0.0173741
48.99 -0.0174556
49.0025 -0.0175388
49.015 -0.0176242
49.0275 -0.0177115
49.04 -0.0178006
49.0525 -0.0178914
49.065 -0.0179838
49.0775 -0.0180775
49.09 -0.0181718
49.1025 -0.0182662
49.115 -0.0183599
49.1275 -0.0184519
49.14 -0.018542
49.1525 -0.018629
49.165 -0.0187123
49.1775 -0.0187911
49.19 -0.0188646
49.2025 -0.0189323
49.215 -0.0189936
49.2275 -0.0190481
49.24 -0.0190955
49.2525 -0.0191358
49.265 -0.0191687
49.2775 -0.0191945
49.29 -0.0192135
49.3025 -0.0192259
49.315 -0.0192323
49.3275 -0.0192333
49.34 -0.0192297
49.3525 -0.0192221
49.365 -0.0192127
49.3775 -0.0192014
49.39 -0.019187
49.4025 -0.0191715
49.415 -0.0191545
49.4275 -0.0191367
49.44 -0.0191183
49.4525 -0.0190996
49.465 -0.0190809
49.4775 -0.0190623
49.49 -0.019044
49.5025 -0.0190261
49.515 -0.0190088
49.5275 -0.0189919
49.54 -0.0189754
49.5525 -0.018959
49.565 -0.0189422
49.5775 -0.0189247
49.59 -0.018906
49.6025 -0.0188856
49.615 -0.0188629
49.6275 -0.0188374
49.64 -0.0188087
49.6525 -0.0187763
49.665 -0.0187398
49.6775 -0.018699
49.69 -0.0186537
49.7025 -0.0186038
49.715 -0.0185493
49.7275 -0.0184904
49.74 -0.0184272
49.7525 -0.01836
49.765 -0.0182892
49.7775 -0.0182152
49.79 -0.0181386
49.8025 -0.0180598
49.815 -0.0179794
49.8275 -0.0178977
49.84 -0.0178154
49.8525 -0.0177327
49.865 -0.01765
49.8775 -0.0175675
49.89 -0.0174855
49.9025 -0.017404
49.915 -0.017323
49.9275 -0.0172424
49.94 -0.017162
49.9525 -0.0170815
49.965 -0.0170005
49.9775 -0.0169188
49.99 -0.0168358
50.0025 -0.0167512
50.015 -0.0166645
50.0275 -0.0165753
50.04 -0.0164832
50.0525 -0.0163872
50.065 -0.0162889
50.0775 -0.0161877
50.09 -0.0160838
50.1025 -0.0159774
50.115 -0.0158685
50.1275 -0.0157576
50.14 -0.0156449
50.1525 -0.0155307
50.165 -0.0154153
50.1775 -0.0152991
50.19 -0.0151825
50.2025 -0.0150659
50.215 -0.0149497
50.2275 -0.0148342
50.24 -0.0147199
50.2525 -0.014607
50.265 -0.0144958
50.2775 -0.0143867
50.29 -0.0142797
50.3025 -0.0141751
50.315 -0.0140729
50.3275 -0.0139732
50.34 -0.013876
50.3525 -0.0137811
50.365 -0.0136879
50.3775 -0.0135969
50.39 -0.0135078
50.4025 -0.0134199
50.415 -0.0133329
50.4275 -0.013246
50.44 -0.0131592
50.4525 -0.0130719
50.465 -0.0129835
50.4775 -0.0128936
50.49 -0.0128019
50.5025 -0.0127078
50.515 -0.0126112
50.5275 -0.0125117
50.54 -0.012409
50.5525 -0.0123031
50.565 -0.0121939
50.5775 -0.0120815
50.59 -0.011966
50.6025 -0.0118475
50.615 -0.0117266
50.6275 -0.0116033
50.64 -0.0114782
50.6525 -0.0113519
50.665 -0.011225
50.6775 -0.0110983
50.69 -0.0109723
50.7025 -0.0108479
50.715 -0.0107258
50.7275 -0.0106067
50.74 -0.0104912
50.7525 -0.0103799
50.765 -0.0102733
50.7775 -0.0101718
50.79 -0.0100757
50.8025 -0.0099852
50.815 -0.0099004
50.8275 -0.00981856
50.84 -0.00974245
50.8525 -0.00967216
50.865 -0.00960739
50.8775 -0.00954759
50.89 -0.00949184
50.9025 -0.00944127
50.915 -0.0093946
50.9275 -0.00935193
50.94 -0.00931248
50.9525 -0.00927595
50.965 -0.00924189
50.9775 -0.00920991
50.99 -0.00917951
51.0025 -0.00915042
51.015 -0.00912237
51.0275 -0.00909503
51.04 -0.00906819
51.0525 -0.00904172
51.065 -0.00901552
51.0775 -0.00898952
51.09 -0.00896379
51.1025 -0.00893843
51.115 -0.00891358
51.1275 -0.00888947
51.14 -0.00886637
51.1525 -0.00884462
51.165 -0.00882453
51.1775 -0.00880654
51.19 -0.00879109
51.2025 -0.00877864
51.215 -0.00876961
51.2275 -0.00876444
51.24 -0.00876354
51.2525 -0.00876735
51.265 -0.00877614
51.2775 -0.00879012
51.29 -0.00880934
51.3025 -0.00883373
51.315 -0.00886303
51.3275 -0.0088969
51.34 -0.00893487
51.3525 -0.00897636
51.365 -0.00902073
51.3775 -0.00906726
51.39 -0.00911524
51.4025 -0.00916395
51.415 -0.00921271
51.4275 -0.00926088
51.44 -0.00930795
51.4525 -0.00935118
51.465 -0.00938977
51.4775 -0.00942863
51.49 -0.00946528
51.5025 -0.00950147
51.515 -0.00953688
51.5275 -0.00957243
51.54 -0.00960857
51.5525 -0.00964592
51.565 -0.00968513
51.5775 -0.00972679
51.59 -0.0097715
51.6025 -0.00981978
51.615 -0.00987207
51.6275 -0.00992873
51.64 -0.00999002
51.6525 -0.0100561
51.665 -0.0101269
51.6775 -0.0102023
51.69 -0.0102822
51.7025 -0.0103663
51.715 -0.0104541
51.7275 -0.010545
51.74 -0.0106387
51.7525 -0.0107344
51.765 -0.0108316
51.7775 -0.0109297
51.79 -0.0110282
51.8025 -0.0111264
51.815 -0.0112242
51.8275 -0.0113211
51.84 -0.0114171
51.8525 -0.011512
51.865 -0.0116059
51.8775 -0.0116993
51.89 -0.0117927
51.9025 -0.0118861
51.915 -0.0119805
51.9275 -0.0120756
51.94 -0.0121721
51.9525 -0.0122701
51.965 -0.0123701
51.9775 -0.0124722
51.99 -0.0125768
52.0025 -0.0126838
52.015 -0.0127933
52.0275 -0.0129052
52.04 -0.0130197
52.0525 -0.0131365
52.065 -0.0132547
52.0775 -0.0133744
52.09 -0.0134951
52.1025 -0.0136163
52.115 -0.0137378
52.1275 -0.0138589
52.14 -0.0139793
52.1525 -0.0140986
52.165 -0.0142163
52.1775 -0.014332
52.19 -0.0144454
52.2025 -0.0145561
52.215 -0.0146638
52.2275 -0.0147684
52.24 -0.0148697
52.2525 -0.0149676
52.265 -0.015062
52.2775 -0.015153
52.29 -0.0152407
52.3025 -0.0153252
52.315 -0.0154065
52.3275 -0.0154848
52.34 -0.0155604
52.3525 -0.0156332
52.365 -0.0157036
52.3775 -0.0157719
52.39 -0.0158383
52.4025 -0.0159031
52.415 -0.0159666
52.4275 -0.0160292
52.44 -0.016091
52.4525 -0.0161526
52.465 -0.0162141
52.4775 -0.0162759
52.49 -0.0163381
52.5025 -0.0164011
52.515 -0.016465
52.5275 -0.01653
52.54 -0.0165963
52.5525 -0.0166637
52.565 -0.0167325
52.5775 -0.0168026
52.59 -0.0168739
52.6025 -0.0169463
52.615 -0.0170197
52.6275 -0.0170938
52.64 -0.0171684
52.6525 -0.0172434
52.665 -0.0173182
52.6775 -0.0173925
52.69 -0.0174657
52.7025 -0.0175374
52.715 -0.017607
52.7275 -0.0176741
52.74 -0.0177381
52.7525 -0.0177986
52.765 -0.0178552
52.7775 -0.0179075
52.79 -0.0179554
52.8025 -0.0179986
52.815 -0.018037
52.8275 -0.0180705
52.84 -0.0180994
52.8525 -0.0181236
52.865 -0.0181434
52.8775 -0.0181592
52.89 -0.0181712
52.9025 -0.0181799
52.915 -0.0181857
52.9275 -0.0181899
52.94 -0.0181919
52.9525 -0.0181918
52.965 -0.0181903
52.9775 -0.0181873
52.99 -0.0181833
53.0025 -0.0181784
53.015 -0.0181725
53.0275 -0.0181661
53.04 -0.0181591
53.0525 -0.0181515
53.065 -0.0181435
53.0775 -0.0181351
53.09 -0.0181261
53.1025 -0.0181164
53.115 -0.0181059
53.1275 -0.0180943
53.14 -0.0180812
53.1525 -0.0180665
53.165 -0.0180497
53.1775 -0.0180307
53.19 -0.018009
53.2025 -0.0179846
53.215 -0.0179571
53.2275 -0.0179264
53.24 -0.0178924
53.2525 -0.0178552
53.265 -0.0178147
53.2775 -0.017771
53.29 -0.0177244
53.3025 -0.0176749
53.315 -0.017623
53.3275 -0.0175688
53.34 -0.0175128
53.3525 -0.0174553
53.365 -0.0173966
53.3775 -0.0173371
53.39 -0.0172771
53.4025 -0.0172169
53.415 -0.0171567
53.4275 -0.0170966
53.44 -0.0170369
53.4525 -0.0169775
53.465 -0.0169185
53.4775 -0.0168597
53.49 -0.0168011
53.5025 -0.0167424
53.515 -0.0166834
53.5275 -0.0166239
53.54 -0.0165634
53.5525 -0.0165018
53.565 -0.0164387
53.5775 -0.0163738
53.59 -0.0163063
53.6025 -0.0162363
53.615 -0.0161648
53.6275 -0.0160908
53.64 -0.0160152
53.6525 -0.0159376
53.665 -0.0158581
53.6775 -0.0157771
53.69 -0.0156946
53.7025 -0.0156108
53.715 -0.0155259
53.7275 -0.0154401
53.74 -0.0153535
53.7525 -0.0152665
53.765 -0.0151791
53.7775 -0.0150915
53.79 -0.0150041
53.8025 -0.0149168
53.815 -0.0148299
53.8275 -0.0147436
53.84 -0.0146578
53.8525 -0.0145728
53.865 -0.0144886
53.8775 -0.0144053
53.89 -0.0143228
53.9025 -0.0142412
53.915 -0.0141606
53.9275 -0.0140809
53.94 -0.0140019
53.9525 -0.0139238
53.965 -0.0138464
53.9775 -0.0137697
53.99 -0.0136933
54.0025 -0.0136171
54.015 -0.0135416
54.0275 -0.0134661
54.04 -0.0133908
54.0525 -0.013315
54.065 -0.0132388
54.0775 -0.013162
54.09 -0.0130844
54.1025 -0.013006
54.115 -0.0129265
54.1275 -0.0128459
54.14 -0.012764
54.1525 -0.0126808
54.165 -0.0125964
54.1775 -0.0125105
54.19 -0.0124233
54.2025 -0.012335
54.215 -0.0122457
54.2275 -0.0121555
54.24 -0.0120648
54.2525 -0.0119737
54.265 -0.0118825
54.2775 -0.0117916
54.29 -0.0117014
54.3025 -0.0116123
54.315 -0.0115246
54.3275 -0.0114387
54.34 -0.0113549
54.3525 -0.0112737
54.365 -0.0111953
54.3775 -0.0111199
54.39 -0.0110478
54.4025 -0.010979
54.415 -0.0109138
54.4275 -0.010852
54.44 -0.0107938
54.4525 -0.010739
54.465 -0.0106874
54.4775 -0.0106389
54.49 -0.010593
54.5025 -0.0105497
54.515 -0.010509
54.5275 -0.0104704
54.54 -0.0104339
54.5525 -0.0103991
54.565 -0.0103659
54.5775 -0.0103342
54.59 -0.0103036
54.6025 -0.0102741
54.615 -0.0102455
54.6275 -0.0102178
54.64 -0.0101907
54.6525 -0.0101643
54.665 -0.0101385
54.6775 -0.0101134
54.69 -0.010089
54.7025 -0.0100654
54.715 -0.0100427
54.7275 -0.0100212
54.74 -0.0100011
54.7525 -0.00998252
54.765 -0.00996588
54.7775 -0.00995143
54.79 -0.00993941
54.8025 -0.00992986
54.815 -0.00992353
54.8275 -0.00992049
54.84 -0.0099211
54.8525 -0.00992554
54.865 -0.00993358
54.8775 -0.00994511
54.89 -0.00996056
54.9025 -0.00997955
54.915 -0.010002
54.9275 -0.0100277
54.94 -0.0100563
54.9525 -0.0100873
54.965 -0.0101205
54.9775 -0.0101553
54.99 -0.0101914
55.0025 -0.0102283
55.015 -0.0102655
55.0275 -0.0103031
55.04 -0.0103405
55.0525 -0.0103776
55.065 -0.0104142
55.0775 -0.0104501
55.09 -0.0104853
55.1025 -0.0105199
55.115 -0.0105539
55.1275 -0.0105875
55.14 -0.0106211
55.1525 -0.0106548
55.165 -0.010689
55.1775 -0.0107241
55.19 -0.0107604
55.2025 -0.0107984
55.215 -0.0108384
55.2275 -0.0108806
