0.0025 1.3785e-05
0.0125 1.37851e-05
0.0225 1.37856e-05
0.035 1.37856e-05
0.045 1.37841e-05
0.055 1.37801e-05
0.065 1.37726e-05
0.075 1.37606e-05
0.085 1.37432e-05
0.095 1.372e-05
0.105 1.36907e-05
0.115 1.36559e-05
0.125 1.36168e-05
0.135 1.35751e-05
0.145 1.35338e-05
0.155 1.34967e-05
0.165 1.34684e-05
0.175 1.34548e-05
0.185 1.34626e-05
0.195 1.34995e-05
0.205 1.3574e-05
0.215 1.36955e-05
0.225 1.3874e-05
0.235 1.41201e-05
0.245 1.4445e-05
0.255 1.48598e-05
0.265 1.53761e-05
0.275 1.60052e-05
0.285 1.67578e-05
0.295 1.7644e-05
0.305 1.86728e-05
0.315 1.98521e-05
0.325 2.1188e-05
0.335 2.26851e-05
0.345 2.43461e-05
0.355 2.61717e-05
0.365 2.81607e-05
0.375 3.03097e-05
0.385 3.26136e-05
0.395 3.50655e-05
0.405 3.76569e-05
0.415 4.03786e-05
0.425 4.32212e-05
0.435 4.61757e-05
0.445 4.92334e-05
0.455 5.23872e-05
0.465 5.56305e-05
0.475 5.89572e-05
0.485 6.23603e-05
0.495 6.58311e-05
0.5075 7.02474e-05
0.52 7.47219e-05
0.5325 7.92164e-05
0.545 8.36856e-05
0.5575 8.80786e-05
0.57 9.23402e-05
0.5825 9.64136e-05
0.595 0.000100239
0.6075 0.000103752
0.62 0.000106882
0.6325 0.000109555
0.645 0.000111697
0.6575 0.00011324
0.67 0.000114122
0.6825 0.000114297
0.695 0.00011374
0.7075 0.000112445
0.72 0.000110422
0.7325 0.000107692
0.745 0.00010429
0.7575 0.000100262
0.77 9.56636e-05
0.7825 9.05617e-05
0.795 8.50372e-05
0.8075 7.91887e-05
0.82 7.31339e-05
0.8325 6.70094e-05
0.845 6.09702e-05
0.8575 5.51864e-05
0.87 4.9829e-05
0.8825 4.50524e-05
0.895 4.09823e-05
0.9075 3.77049e-05
0.92 3.52642e-05
0.9325 3.36662e-05
0.945 3.28863e-05
0.9575 3.28756e-05
0.97 3.35618e-05
0.9825 3.48416e-05
0.995 3.65748e-05
1.005 3.81684e-05
1.0175 4.02359e-05
1.03 4.21457e-05
1.0425 4.36127e-05
1.055 4.43559e-05
1.0675 4.41346e-05
1.08 4.27861e-05
1.0925 4.02556e-05
1.105 3.66101e-05
1.1175 3.20208e-05
1.13 2.67194e-05
1.1425 2.09407e-05
1.155 1.48715e-05
1.1675 8.61646e-06
1.18 2.19048e-06
1.1925 -4.4634e-06
1.205 -1.14516e-05
1.2175 -1.89045e-05
1.23 -2.69406e-05
1.2425 -3.56582e-05
1.255 -4.51219e-05
1.2675 -5.53335e-05
1.28 -6.61892e-05
1.2925 -7.74468e-05
1.305 -8.87059e-05
1.3175 -9.94162e-05
1.33 -0.000108907
1.3425 -0.000116437
1.355 -0.000121236
1.3675 -0.00012255
1.38 -0.000119697
1.3925 -0.000112097
1.405 -9.9281e-05
1.4175 -8.08782e-05
1.43 -5.66153e-05
1.4425 -2.63195e-05
1.455 1.00767e-05
1.4675 5.2544e-05
1.48 0.000100974
1.4925 0.000155156
1.505 0.000214787
1.5175 0.000279495
1.53 0.000348834
1.5425 0.000422259
1.555 0.00049912
1.5675 0.000578662
1.58 0.000660017
1.5925 0.000742203
1.605 0.000824139
1.6175 0.000904687
1.63 0.000982682
1.6425 0.00105695
1.655 0.00112633
1.6675 0.00118965
1.68 0.00124569
1.6925 0.00129317
1.705 0.00133075
1.7175 0.001357
1.73 0.00137048
1.7425 0.00136982
1.755 0.00135383
1.7675 0.00132156
1.78 0.00127235
1.7925 0.00120591
1.805 0.00112232
1.8175 0.00102199
1.83 0.000905797
1.8425 0.000775071
1.855 0.00063168
1.8675 0.000478002
1.88 0.000316877
1.8925 0.000151535
1.905 -1.45267e-05
1.9175 -0.000177737
1.93 -0.000334686
1.9425 -0.000482129
1.955 -0.000617202
1.9675 -0.000737455
1.98 -0.000840917
1.9925 -0.000926124
2.0025 -0.000980514
2.0125 -0.00102245
2.0225 -0.00105194
2.0325 -0.00106928
2.0425 -0.00107498
2.0525 -0.00106981
2.0625 -0.00105474
2.0725 -0.00103094
2.0825 -0.000999714
2.0925 -0.000962502
2.1025 -0.000920849
2.1125 -0.000876373
2.1225 -0.000830745
2.1325 -0.00078565
2.1425 -0.000742762
2.1525 -0.000703716
2.1625 -0.000670045
2.1725 -0.000643135
2.1825 -0.000624168
2.1925 -0.000614093
2.2025 -0.000613591
2.2125 -0.000623057
2.2225 -0.000642588
2.2325 -0.000671973
2.2425 -0.000710703
2.2525 -0.000757999
2.2625 -0.000812846
2.2725 -0.000874029
2.2825 -0.000940171
2.2925 -0.00100977
2.3025 -0.00108123
2.3125 -0.00115293
2.3225 -0.00122327
2.3325 -0.00129069
2.3425 -0.00135377
2.3525 -0.00141122
2.3625 -0.00146198
2.3725 -0.00150522
2.3825 -0.00154036
2.3925 -0.00156709
2.4025 -0.00158539
2.4125 -0.00159553
2.4225 -0.00159811
2.4325 -0.00159401
2.4425 -0.0015844
2.4525 -0.00157074
2.4625 -0.00155472
2.4725 -0.00153823
2.4825 -0.00152327
2.4925 -0.00151191
2.5025 -0.00150616
2.5125 -0.00150795
2.5225 -0.00151903
2.5325 -0.00154088
2.5425 -0.00157469
2.5525 -0.00162131
2.5625 -0.00168117
2.5725 -0.0017543
2.5825 -0.00184029
2.5925 -0.00193827
2.6025 -0.00204692
2.6125 -0.0021645
2.6225 -0.0022889
2.6325 -0.00241762
2.6425 -0.00254789
2.6525 -0.00267671
2.6625 -0.00280092
2.6725 -0.0029173
2.6825 -0.00302262
2.6925 -0.00311378
2.7025 -0.0031879
2.7125 -0.00324233
2.7225 -0.00327478
2.7325 -0.00328338
2.7425 -0.0032667
2.7525 -0.00322377
2.7625 -0.00315415
2.7725 -0.00305786
2.7825 -0.00293543
2.7925 -0.00278784
2.8025 -0.00261654
2.8125 -0.00242336
2.8225 -0.00221054
2.8325 -0.00198063
2.8425 -0.00173644
2.8525 -0.00148099
2.8625 -0.00121741
2.8725 -0.000948892
2.8825 -0.000678597
2.8925 -0.000409592
2.9025 -0.00014478
2.9125 0.000113188
2.9225 0.00036173
2.9325 0.000598664
2.9425 0.000822084
2.9525 0.00103055
2.9625 0.00122298
2.9725 0.00139867
2.9825 0.00155732
2.9925 0.00169901
3.0025 0.00182416
3.0125 0.00193352
3.0225 0.00202813
3.0325 0.00210926
3.0425 0.00217836
3.0525 0.00223699
3.0625 0.00228682
3.0725 0.00232953
3.0825 0.00236676
3.0925 0.00240009
3.1025 0.00243097
3.1125 0.00246068
3.1225 0.00249029
3.1325 0.00252067
3.1425 0.00255242
3.1525 0.00258592
3.1625 0.00262128
3.1725 0.0026584
3.1825 0.00269692
3.1925 0.00273628
3.2025 0.00277572
3.2125 0.0028143
3.2225 0.00285095
3.2325 0.00288449
3.2425 0.00291369
3.2525 0.00293731
3.2625 0.00295416
3.2725 0.00296316
3.2825 0.0029634
3.2925 0.00295416
3.3025 0.00293497
3.3125 0.00290561
3.3225 0.00286621
3.3325 0.00281718
3.3425 0.00275925
3.3525 0.00269351
3.3625 0.0026213
3.3725 0.00254428
3.3825 0.00246432
3.3925 0.00238351
3.4025 0.00230408
3.4125 0.00222836
3.4225 0.00215873
3.4325 0.00209755
3.4425 0.00204711
3.4525 0.00200956
3.4625 0.00198681
3.4725 0.00198052
3.4825 0.00199199
3.4925 0.00202216
3.5025 0.00207152
3.5125 0.00214014
3.5225 0.0022276
3.5325 0.002333
3.5425 0.00245497
3.5525 0.00259168
3.5625 0.00274085
3.5725 0.00289976
3.5825 0.00306536
3.5925 0.00323425
3.6025 0.00340283
3.6125 0.0035673
3.6225 0.00372378
3.6325 0.00386842
3.6425 0.0039975
3.6525 0.00410755
3.6625 0.00419538
3.6725 0.00425822
3.6825 0.00429377
3.6925 0.00430023
3.7025 0.00427634
3.7125 0.00422139
3.7225 0.00413525
3.7325 0.00401831
3.7425 0.00387152
3.7525 0.00369634
3.7625 0.00349469
3.7725 0.00326893
3.7825 0.00302177
3.7925 0.00275623
3.8025 0.00247554
3.8125 0.00218307
3.8225 0.00188224
3.8325 0.00157646
3.8425 0.00126902
3.8525 0.000963065
3.8625 0.000661479
3.8725 0.000366874
3.8825 8.16023e-05
3.8925 -0.000192475
3.9025 -0.000453839
3.9125 -0.0007013
3.9225 -0.000934037
3.9325 -0.00115168
3.9425 -0.00135429
3.9525 -0.00154199
3.9625 -0.00171532
3.9725 -0.00187506
3.9825 -0.00202217
3.9925 -0.00215785
4.0025 -0.00228333
4.0125 -0.00239992
4.0225 -0.00250887
4.0325 -0.00261139
4.0425 -0.00270851
4.0525 -0.00280111
4.0625 -0.0028898
4.0725 -0.00297497
4.0825 -0.00305674
4.0925 -0.00313496
4.1025 -0.00320924
4.1125 -0.00327892
4.1225 -0.00334318
4.1325 -0.00340096
4.1425 -0.00345114
4.1525 -0.00349246
4.1625 -0.00352369
4.1725 -0.00354358
4.1825 -0.003551
4.1925 -0.00354494
4.2025 -0.00352455
4.2125 -0.00348927
4.2225 -0.00343879
4.2325 -0.00337313
4.2425 -0.00329268
4.2525 -0.00319815
4.2625 -0.00309067
4.2725 -0.0029717
4.2825 -0.00284307
4.2925 -0.00270695
4.3025 -0.00256577
4.3125 -0.00242219
4.3225 -0.00227908
4.3325 -0.00213939
4.3425 -0.00200617
4.3525 -0.00188243
4.3625 -0.00177115
4.3725 -0.00167519
4.3825 -0.0015972
4.3925 -0.00153962
4.4025 -0.00150456
4.4125 -0.00149374
4.4225 -0.00150845
4.4325 -0.00154951
4.4425 -0.00161717
4.4525 -0.00171116
4.4625 -0.00183063
4.4725 -0.00197414
4.4825 -0.00213974
4.4925 -0.00232495
4.5025 -0.00252686
4.5125 -0.00274219
4.5225 -0.00296733
4.5325 -0.00319846
4.5425 -0.00343162
4.5525 -0.00366276
4.5625 -0.00388791
4.5725 -0.00410318
4.5825 -0.00430487
4.5925 -0.00448953
4.6025 -0.00465401
4.6125 -0.0047955
4.6225 -0.00491164
4.6325 -0.00500046
4.6425 -0.00506051
4.6525 -0.00509081
4.6625 -0.00509092
4.6725 -0.00506092
4.6825 -0.00500137
4.6925 -0.00491333
4.7025 -0.00479828
4.7125 -0.00465809
4.7225 -0.00449494
4.7325 -0.00431127
4.7425 -0.00410966
4.7525 -0.0038928
4.7625 -0.00366341
4.7725 -0.00342418
4.7825 -0.0031777
4.7925 -0.00292643
4.8025 -0.00267258
4.8125 -0.00241811
4.8225 -0.00216465
4.8325 -0.00191347
4.8425 -0.00166547
4.8525 -0.00142119
4.8625 -0.00118078
4.8725 -0.000944079
4.8825 -0.00071064
4.8925 -0.000479798
4.9025 -0.000250732
4.9125 -2.26472e-05
4.9225 0.000205537
4.9325 0.000434764
4.9425 0.000665764
4.9525 0.000899234
4.9625 0.00113562
4.9725 0.00137518
4.9825 0.00161795
4.9925 0.00186368
5.0025 0.00211182
5.0125 0.00236159
5.0225 0.00261193
5.0325 0.00286153
5.0425 0.00310885
5.0525 0.00335214
5.0625 0.00358948
5.0725 0.00381883
5.0825 0.00403808
5.0925 0.0042451
5.1025 0.00443783
5.1125 0.00461433
5.1225 0.00477283
5.1325 0.00491183
5.1425 0.00503011
5.1525 0.00512677
5.1625 0.00520132
5.1725 0.00525364
5.1825 0.00528403
5.1925 0.00529319
5.2025 0.00528219
5.2125 0.00525246
5.2225 0.00520576
5.2325 0.0051441
5.2425 0.00506972
5.2525 0.00498503
5.2625 0.00489249
5.2725 0.00479459
5.2825 0.00469378
5.2925 0.00459242
5.3025 0.00449274
5.3125 0.00439674
5.3225 0.00430617
5.3325 0.00422218
5.3425 0.00414672
5.3525 0.00408073
5.3625 0.00402499
5.3725 0.00397991
5.3825 0.00394552
5.3925 0.00392151
5.4025 0.00390746
5.4125 0.00390262
5.4225 0.00390603
5.4325 0.00391647
5.4425 0.00393248
5.4525 0.0039525
5.4625 0.00397481
5.4725 0.00399761
5.4825 0.00401903
5.4925 0.00403724
5.5025 0.00405043
5.5125 0.0040569
5.5225 0.00405511
5.5325 0.00404365
5.5425 0.00402136
5.5525 0.00398729
5.5625 0.00394073
5.5725 0.00388124
5.5825 0.00380864
5.5925 0.00372303
5.6025 0.00362472
5.6125 0.00351425
5.6225 0.00339235
5.6325 0.00325991
5.6425 0.00311794
5.6525 0.00296753
5.6625 0.00280982
5.6725 0.00264593
5.6825 0.00247699
5.6925 0.00230406
5.7025 0.00212814
5.7125 0.00195011
5.7225 0.00177073
5.7325 0.00159065
5.7425 0.00141034
5.7525 0.00123015
5.7625 0.00105026
5.7725 0.000870691
5.7825 0.000691345
5.7925 0.00051187
5.8025 0.000331755
5.8125 0.000150584
5.8225 -3.23681e-05
5.8325 -0.00021782
5.8425 -0.000406448
5.8525 -0.000598996
5.8625 -0.000796127
5.8725 -0.000998463
5.8825 -0.00120652
5.8925 -0.00142067
5.9025 -0.00164112
5.9125 -0.00186787
5.9225 -0.00210073
5.9325 -0.00233932
5.9425 -0.00258302
5.9525 -0.00283097
5.9625 -0.00308211
5.9725 -0.00333516
5.9825 -0.00358866
5.9925 -0.00384098
6.0025 -0.00409036
6.0125 -0.00433495
6.0225 -0.00457289
6.0325 -0.00480232
6.0425 -0.00502142
6.0525 -0.00522853
6.0625 -0.00542208
6.0725 -0.00560066
6.0825 -0.00576305
6.0925 -0.00590822
6.1025 -0.00603531
6.1125 -0.00614373
6.1225 -0.00623306
6.1325 -0.00630331
6.1425 -0.00635411
6.1525 -0.00638648
6.1625 -0.00640126
6.1725 -0.00639915
6.1825 -0.0063813
6.1925 -0.00634862
6.2025 -0.00630235
6.2125 -0.00624368
6.2225 -0.00617384
6.2325 -0.00609403
6.2425 -0.00600542
6.2525 -0.00590911
6.2625 -0.00580621
6.2725 -0.00569772
6.2825 -0.00558459
6.2925 -0.00546767
6.3025 -0.00534767
6.3125 -0.00522521
6.3225 -0.00510075
6.3325 -0.0049746
6.3425 -0.00484695
6.3525 -0.00471784
6.3625 -0.00458718
6.3725 -0.00445476
6.3825 -0.0043203
6.3925 -0.00418345
6.4025 -0.00404386
6.4125 -0.00390117
6.4225 -0.00375504
6.4325 -0.00360519
6.4425 -0.00345144
6.4525 -0.00329367
6.4625 -0.00313189
6.4725 -0.00296622
6.4825 -0.0027969
6.4925 -0.00262429
6.5025 -0.0024489
6.5125 -0.00227132
6.5225 -0.00209227
6.5325 -0.00191256
6.5425 -0.00173307
6.5525 -0.00155473
6.5625 -0.00137852
6.5725 -0.00120541
6.5825 -0.00103635
6.5925 -0.000872253
6.6025 -0.00071396
6.6125 -0.000562229
6.6225 -0.000417718
6.6325 -0.00028097
6.6425 -0.000152355
6.6525 -3.21416e-05
6.6625 7.95945e-05
6.6725 0.000182986
6.6825 0.000278354
6.6925 0.00036614
6.7025 0.000447024
6.7125 0.000521678
6.7225 0.000591284
6.7325 0.000656713
6.7425 0.000719054
6.7525 0.000779357
6.7625 0.00083867
6.7725 0.000898048
6.7825 0.000958491
6.7925 0.00102093
6.8025 0.00108621
6.8125 0.00115504
6.8225 0.00122802
6.8325 0.00130557
6.8425 0.00138794
6.8525 0.0014752
6.8625 0.00156727
6.8725 0.00166389
6.8825 0.00176468
6.8925 0.00186913
6.9025 0.0019766
6.9125 0.00208642
6.9225 0.00219779
6.9325 0.00230991
6.9425 0.00242192
6.9525 0.00253296
6.9625 0.00264219
6.9725 0.0027488
6.9825 0.00285203
6.9925 0.00295122
7.0025 0.00304583
7.0125 0.00313544
7.0225 0.00321977
7.0325 0.0032987
7.0425 0.00337227
7.0525 0.00344067
7.0625 0.00350425
7.0725 0.00356347
7.0825 0.00361893
7.0925 0.00367134
7.1025 0.00372145
7.1125 0.0037701
7.1225 0.00381813
7.1325 0.00386636
7.1425 0.00391558
7.1525 0.00396646
7.1625 0.00401958
7.1725 0.00407539
7.1825 0.00413417
7.1925 0.00419606
7.2025 0.00426101
7.2125 0.00432883
7.2225 0.00439918
7.2325 0.00447156
7.2425 0.00454535
7.2525 0.00461981
7.2625 0.00469411
7.2725 0.00476733
7.2825 0.00483853
7.2925 0.0049067
7.3025 0.00497081
7.3125 0.00502979
7.3225 0.00508256
7.3325 0.00512806
7.3425 0.00516522
7.3525 0.005193
7.3625 0.00521041
7.3725 0.00521648
7.3825 0.00521031
7.3925 0.00519105
7.4025 0.00515792
7.4125 0.00511022
7.4225 0.00504732
7.4325 0.00496872
7.4425 0.00487399
7.4525 0.00476288
7.4625 0.00463526
7.4725 0.00449118
7.4825 0.00433084
7.4925 0.00415461
7.5025 0.00396302
7.5125 0.00375674
7.5225 0.00353658
7.5325 0.00330341
7.5425 0.00305819
7.5525 0.00280189
7.5625 0.00253551
7.5725 0.00226005
7.5825 0.00197648
7.5925 0.00168576
7.6025 0.00138886
7.6125 0.00108668
7.6225 0.000780132
7.6325 0.000470131
7.6425 0.000157581
7.6525 -0.000156862
7.6625 -0.00047236
7.6725 -0.000788107
7.6825 -0.00110326
7.6925 -0.00141697
7.7025 -0.00172838
7.7125 -0.00203663
7.7225 -0.00234078
7.7325 -0.00263982
7.7425 -0.00293264
7.7525 -0.00321806
7.7625 -0.00349482
7.7725 -0.00376157
7.7825 -0.00401683
7.7925 -0.00425909
7.8025 -0.00448672
7.8125 -0.00469809
7.8225 -0.00489152
7.8325 -0.00506534
7.8425 -0.00521791
7.8525 -0.00534769
7.8625 -0.00545322
7.8725 -0.00553322
7.8825 -0.00558658
7.8925 -0.00561245
7.9025 -0.00561023
7.9125 -0.00557963
7.9225 -0.00552069
7.9325 -0.0054338
7.9425 -0.00531974
7.9525 -0.00517964
7.9625 -0.005015
7.9725 -0.00482772
7.9825 -0.00461998
7.9925 -0.00439434
8.0025 -0.00415358
8.015 -0.00383604
8.0275 -0.003506
8.04 -0.00317007
8.0525 -0.00283497
8.065 -0.0025073
8.0775 -0.00219338
8.09 -0.00189907
8.1025 -0.00162964
8.115 -0.00138963
8.1275 -0.00118275
8.14 -0.00101186
8.1525 -0.000878873
8.165 -0.0007848
8.1775 -0.000729717
8.19 -0.000712824
8.2025 -0.00073251
8.215 -0.000786449
8.2275 -0.000871731
8.24 -0.000985013
8.2525 -0.00112268
8.265 -0.00128098
8.2775 -0.00145618
8.29 -0.00164469
8.3025 -0.00184313
8.315 -0.00204847
8.3275 -0.00225798
8.34 -0.00246933
8.3525 -0.00268053
8.365 -0.00288996
8.3775 -0.00309625
8.39 -0.00329823
8.4025 -0.00349479
8.415 -0.00368478
8.4275 -0.00386682
8.44 -0.00403927
8.4525 -0.00420006
8.465 -0.00434662
8.4775 -0.00447588
8.49 -0.00458433
8.5025 -0.00466806
8.515 -0.00472283
8.5275 -0.00474424
8.54 -0.00472777
8.5525 -0.00466901
8.565 -0.00456375
8.5775 -0.00440821
8.59 -0.00419924
8.6025 -0.00393455
8.615 -0.00361262
8.6275 -0.0032332
8.64 -0.0027972
8.6525 -0.00230696
8.665 -0.00176607
8.6775 -0.00117937
8.69 -0.000553215
8.7025 0.000104788
8.715 0.000786127
8.7275 0.00148095
8.74 0.00217889
8.7525 0.00286931
8.765 0.0035414
8.7775 0.00418464
8.79 0.00478905
8.8025 0.00534549
8.815 0.00584588
8.8275 0.00628338
8.84 0.00665259
8.8525 0.00694978
8.865 0.00717687
8.8775 0.00732781
8.89 0.00740557
8.9025 0.0074146
8.915 0.0073591
8.9275 0.00724249
8.94 0.00707087
8.9525 0.00685167
8.965 0.00659219
8.9775 0.00629939
8.99 0.00598064
9.0025 0.00564372
9.015 0.00529585
9.0275 0.00494331
9.04 0.00459156
9.0525 0.00424549
9.065 0.00390913
9.0775 0.00358544
9.09 0.00327638
9.1025 0.00298323
9.115 0.00270663
9.1275 0.00244666
9.14 0.00220295
9.1525 0.00197491
9.165 0.00176199
9.1775 0.00156375
9.19 0.00137994
9.2025 0.00121062
9.215 0.00105626
9.2275 0.00091781
9.24 0.000796664
9.2525 0.000694538
9.265 0.00061366
9.2775 0.000556316
9.29 0.000524941
9.3025 0.000521877
9.315 0.000549205
9.3275 0.000608522
9.34 0.000700814
9.3525 0.000826262
9.365 0.000984151
9.3775 0.00117259
9.39 0.00138865
9.4025 0.00162826
9.415 0.0018863
9.4275 0.00215668
9.44 0.00243247
9.4525 0.00270604
9.465 0.00296929
9.4775 0.00321386
9.49 0.0034314
9.5025 0.00361379
9.515 0.00375347
9.5275 0.0038436
9.54 0.00387837
9.5525 0.00385319
9.565 0.0037648
9.5775 0.00361145
9.59 0.00339298
9.6025 0.00311089
9.615 0.00276829
9.6275 0.00236978
9.64 0.0019213
9.6525 0.00142991
9.665 0.000903835
9.6775 0.000351882
9.69 -0.000216871
9.7025 -0.000793233
9.715 -0.00136781
9.7275 -0.00193209
9.74 -0.00247787
9.7525 -0.00299769
9.765 -0.00348505
9.7775 -0.00393455
9.79 -0.00434191
9.8025 -0.00470402
9.815 -0.00501899
9.8275 -0.00528613
9.84 -0.00550583
9.8525 -0.00567941
9.865 -0.00580897
9.8775 -0.00589727
9.89 -0.00594751
9.9025 -0.00596319
9.915 -0.00594788
9.9275 -0.00590511
9.94 -0.00583818
9.9525 -0.00575009
9.965 -0.00564338
9.9775 -0.0055201
9.99 -0.0053818
10.0025 -0.00522953
10.015 -0.00506391
10.0275 -0.00488517
10.04 -0.00469331
10.0525 -0.00448814
10.065 -0.00426945
10.0775 -0.00403709
10.09 -0.00379111
10.1025 -0.00353187
10.115 -0.00326014
10.1275 -0.00297718
10.14 -0.00268483
10.1525 -0.00238557
10.165 -0.0020825
10.1775 -0.00177926
10.19 -0.00147996
10.2025 -0.00118904
10.215 -0.000911135
10.2275 -0.000650909
10.24 -0.000412851
10.2525 -0.000200932
10.265 -1.92142e-05
10.2775 0.000129337
10.29 0.000242429
10.3025 0.000318637
10.315 0.000357517
10.3275 0.000359745
10.34 0.000327093
10.3525 0.000262337
10.365 0.000169231
10.3775 5.24055e-05
10.39 -8.2767e-05
10.4025 -0.000230363
10.415 -0.000384166
10.4275 -0.000537734
10.44 -0.000684694
10.4525 -0.000818962
10.465 -0.000934875
10.4775 -0.00102735
10.49 -0.00109227
10.5025 -0.00112635
10.515 -0.00112738
10.5275 -0.00109429
10.54 -0.00102712
10.5525 -0.000926909
10.565 -0.000795644
10.5775 -0.000636102
10.59 -0.000451707
10.6025 -0.000246345
10.615 -2.41724e-05
10.6275 0.000210559
10.64 0.000453904
10.6525 0.000701594
10.665 0.000950053
10.6775 0.00119613
10.69 0.00143714
10.7025 0.00167092
10.715 0.00189592
10.7275 0.0021112
10.74 0.00231627
10.7525 0.00251111
10.765 0.00269607
10.7775 0.0028718
10.79 0.0030391
10.8025 0.00319883
10.815 0.00335182
10.8275 0.00349873
10.84 0.00364008
10.8525 0.00377607
10.865 0.00390659
10.8775 0.00403122
10.89 0.00414917
10.9025 0.00425935
10.915 0.00436038
10.9275 0.00445063
10.94 0.00452829
10.9525 0.00459147
10.965 0.00463824
10.9775 0.00466677
10.99 0.0046754
11.0025 0.00466274
11.015 0.00462778
11.0275 0.00456996
11.04 0.00448924
11.0525 0.00438614
11.065 0.00426177
11.0775 0.00411783
11.09 0.00395654
11.1025 0.00378058
11.115 0.00359296
11.1275 0.00339694
11.14 0.00319586
11.1525 0.00299303
11.165 0.00279163
11.1775 0.00259454
11.19 0.00240429
11.2025 0.00222296
11.215 0.00205214
11.2275 0.00189286
11.24 0.00174558
11.2525 0.00161023
11.265 0.00148622
11.2775 0.00137247
11.29 0.00126752
11.3025 0.00116962
11.315 0.00107677
11.3275 0.000986867
11.34 0.000897791
11.3525 0.000807516
11.365 0.000714205
11.3775 0.000616302
11.39 0.00051261
11.4025 0.000402345
11.415 0.000285134
11.4275 0.000161094
11.44 3.06833e-05
11.4525 -0.000105005
11.465 -0.000244571
11.4775 -0.000386252
11.49 -0.000528275
11.5025 -0.000668532
11.515 -0.000804981
11.5275 -0.000935626
11.54 -0.00105866
11.5525 -0.00117256
11.565 -0.00127613
11.5775 -0.00136859
11.59 -0.00144958
11.6025 -0.00151914
11.615 -0.00157778
11.6275 -0.00162636
11.64 -0.00166612
11.6525 -0.00169861
11.665 -0.00172562
11.6775 -0.00174912
11.69 -0.00177116
11.7025 -0.0017938
11.715 -0.00181898
11.7275 -0.00184851
11.74 -0.00188389
11.7525 -0.00192633
11.765 -0.00197667
11.7775 -0.00203527
11.79 -0.00210211
11.8025 -0.00217667
11.815 -0.00225798
11.8275 -0.00234465
11.84 -0.00243494
11.8525 -0.00252681
11.865 -0.00261802
11.8775 -0.00270629
11.89 -0.00278937
11.9025 -0.00286516
11.915 -0.00293179
11.9275 -0.00298776
11.94 -0.00303195
11.9525 -0.00306368
11.965 -0.00308274
11.9775 -0.00308939
11.99 -0.00308434
12.0025 -0.0030687
12.015 -0.00304397
12.0275 -0.00301189
12.04 -0.00297442
12.0525 -0.00293362
12.065 -0.00289154
12.0775 -0.00285015
12.09 -0.00281122
12.1025 -0.00277624
12.115 -0.00274633
12.1275 -0.00272223
12.14 -0.00270419
12.1525 -0.00269198
12.165 -0.0026849
12.1775 -0.00268179
12.19 -0.0026811
12.2025 -0.00268091
12.215 -0.00267907
12.2275 -0.00267327
12.24 -0.00266114
12.2525 -0.00264036
12.265 -0.0026088
12.2775 -0.00256464
12.29 -0.00250643
12.3025 -0.00243324
12.315 -0.00234465
12.3275 -0.00224085
12.34 -0.00212255
12.3525 -0.00199104
12.365 -0.0018481
12.3775 -0.00169598
12.39 -0.00153732
12.4025 -0.00137501
12.415 -0.00121213
12.4275 -0.00105185
12.44 -0.000897223
12.4525 -0.000751173
12.465 -0.00061631
12.4775 -0.00049486
12.49 -0.00038857
12.5025 -0.000298639
12.515 -0.000225669
12.5275 -0.000169631
12.54 -0.000129854
12.5525 -0.000105054
12.565 -9.33691e-05
12.5775 -9.24181e-05
12.59 -9.94014e-05
12.6025 -0.000111205
12.615 -0.000124576
12.6275 -0.000136171
12.64 -0.000142687
12.6525 -0.000141034
12.665 -0.000128403
12.6775 -0.000102499
12.69 -6.15637e-05
12.7025 -4.40528e-06
12.715 6.95328e-05
12.7275 0.000160153
12.74 0.000266737
12.7525 0.000388034
12.765 0.000522294
12.7775 0.000667197
12.79 0.000820264
12.8025 0.000978774
12.815 0.0011399
12.8275 0.00130084
12.84 0.00145897
12.8525 0.00161187
12.865 0.00175749
12.8775 0.00189416
12.89 0.00202072
12.9025 0.00213652
12.915 0.00224142
12.9275 0.00233581
12.94 0.00242054
12.9525 0.00249685
12.965 0.00256632
12.9775 0.00263076
12.99 0.00269206
13.0025 0.00275217
13.015 0.00281292
13.0275 0.00287597
13.04 0.00294271
13.0525 0.00301418
13.065 0.00309104
13.0775 0.00317347
13.09 0.00326121
13.1025 0.0033535
13.115 0.00344917
13.1275 0.00354661
13.14 0.00364387
13.1525 0.00373875
13.165 0.00382884
13.1775 0.00391166
13.19 0.00398474
13.2025 0.00404573
13.215 0.00409246
13.2275 0.00412309
13.24 0.00413615
13.2525 0.00413066
13.265 0.00410611
13.2775 0.00406249
13.29 0.00400029
13.3025 0.00392043
13.315 0.00382423
13.3275 0.00371337
13.34 0.00358982
13.3525 0.00345572
13.365 0.00331337
13.3775 0.00316505
13.39 0.00301296
13.4025 0.00285915
13.415 0.00270539
13.4275 0.00255317
13.44 0.00240362
13.4525 0.00225748
13.465 0.00211511
13.4775 0.00197652
13.49 0.00184134
13.5025 0.00170891
13.515 0.00157832
13.5275 0.00144848
13.54 0.00131817
13.5525 0.00118617
13.565 0.00105127
13.5775 0.000912356
13.59 0.000768467
13.6025 0.00061883
13.615 0.000462923
13.6275 0.000300465
13.64 0.000131442
13.6525 -4.4069e-05
13.665 -0.000225107
13.6775 -0.00041097
13.69 -0.000600347
13.7025 -0.000791719
13.715 -0.000983255
13.7275 -0.00117297
13.74 -0.00135881
13.7525 -0.00153865
13.765 -0.00171045
13.7775 -0.00187223
13.79 -0.00202215
13.8025 -0.00215858
13.815 -0.00228012
13.8275 -0.00238568
13.84 -0.00247449
13.8525 -0.00254613
13.865 -0.00260054
13.8775 -0.00263799
13.89 -0.00265907
13.9025 -0.00266472
13.915 -0.0026561
13.9275 -0.00263464
13.94 -0.002602
13.9525 -0.00255997
13.965 -0.00251049
13.9775 -0.00245556
13.99 -0.0023972
14.0025 -0.00233737
14.015 -0.00227796
14.0275 -0.0022207
14.04 -0.00216715
14.0525 -0.0021187
14.065 -0.00207651
14.0775 -0.00204151
14.09 -0.00201444
14.1025 -0.00199579
14.115 -0.00198586
14.1275 -0.00198475
14.14 -0.00199235
14.1525 -0.00200842
14.165 -0.00203261
14.1775 -0.00206445
14.19 -0.00210347
14.2025 -0.00214911
14.215 -0.00220086
14.2275 -0.00225818
14.24 -0.00232058
14.2525 -0.00238756
14.265 -0.00245866
14.2775 -0.00253341
14.29 -0.00261127
14.3025 -0.00269161
14.315 -0.0027737
14.3275 -0.00285663
14.34 -0.00293937
14.3525 -0.00302073
14.365 -0.00309926
14.3775 -0.00317347
14.39 -0.00324163
14.4025 -0.00330194
14.415 -0.00335246
14.4275 -0.00339117
14.44 -0.00341606
14.4525 -0.00342515
14.465 -0.00341656
14.4775 -0.00338863
14.49 -0.00333993
14.5025 -0.00326933
14.515 -0.00317602
14.5275 -0.00305957
14.54 -0.0029199
14.5525 -0.00275724
14.565 -0.00257216
14.5775 -0.00236556
14.59 -0.0021386
14.6025 -0.00189275
14.615 -0.00162973
14.6275 -0.0013515
14.64 -0.00106019
14.6525 -0.000758124
14.665 -0.000447655
14.6775 -0.000131187
14.69 0.000189035
14.7025 0.000510906
14.715 0.000831667
14.7275 0.00114922
14.74 0.0014614
14.7525 0.00176624
14.765 0.00206182
14.7775 0.00234652
14.79 0.00261887
14.8025 0.00287755
14.815 0.00312134
14.8275 0.00334919
14.84 0.00356019
14.8525 0.00375354
14.865 0.00392849
14.8775 0.00408438
14.89 0.00422059
14.9025 0.00433656
14.915 0.00443182
14.9275 0.00450596
14.94 0.00455873
14.9525 0.00458998
14.965 0.00459972
14.9775 0.00458814
14.99 0.00455556
15.0025 0.00450247
15.015 0.00442959
15.0275 0.00433782
15.04 0.00422831
15.0525 0.00410245
15.065 0.0039619
15.0775 0.00380857
15.09 0.00364462
15.1025 0.00347251
15.115 0.00329492
15.1275 0.00311481
15.14 0.00293538
15.1525 0.00275996
15.165 0.00259203
15.1775 0.00243512
15.19 0.00229265
15.2025 0.00216791
15.215 0.00206396
15.2275 0.00198345
15.24 0.00192861
15.2525 0.00190108
15.265 0.00190184
15.2775 0.00193116
15.29 0.00198851
15.3025 0.00207259
15.315 0.00218123
15.3275 0.00231149
15.34 0.00245965
15.3525 0.0026213
15.365 0.00279154
15.3775 0.00296507
15.39 0.0031364
15.4025 0.00330005
15.415 0.00345066
15.4275 0.00358325
15.44 0.00369324
15.4525 0.00377659
15.465 0.00382993
15.4775 0.00385056
15.49 0.00383662
15.5025 0.00378711
15.515 0.00370189
15.5275 0.0035817
15.54 0.00342811
15.5525 0.00324343
15.565 0.00303064
15.5775 0.00279317
15.59 0.00253483
15.6025 0.00225963
15.615 0.00197164
15.6275 0.00167488
15.64 0.00137324
15.6525 0.00107013
15.665 0.000768463
15.6775 0.000470699
15.69 0.000178885
15.7025 -0.000105722
15.715 -0.000382411
15.7275 -0.000651418
15.74 -0.000913309
15.7525 -0.00116948
15.765 -0.00142191
15.7775 -0.00167323
15.79 -0.00192653
15.8025 -0.00218522
15.815 -0.00245294
15.8275 -0.00273331
15.84 -0.00302965
15.8525 -0.00334464
15.865 -0.00368006
15.8775 -0.00403647
15.89 -0.00441301
15.9025 -0.00480719
15.915 -0.00521486
15.9275 -0.00563022
15.94 -0.00604595
15.9525 -0.00645343
15.965 -0.0068429
15.9775 -0.00720377
15.99 -0.00752522
16.0025 -0.00780187
16.0125 -0.00797923
16.0225 -0.0081141
16.0325 -0.00820489
16.0425 -0.00824606
16.0525 -0.00823413
16.0625 -0.00816559
16.0725 -0.0080397
16.0825 -0.00785575
16.0925 -0.00761396
16.1025 -0.00731549
16.1125 -0.00696251
16.1225 -0.00655872
16.1325 -0.00610915
16.1425 -0.00562001
16.1525 -0.00509834
16.1625 -0.00455197
16.1725 -0.00398955
16.1825 -0.00342043
16.1925 -0.00285439
16.2025 -0.00230133
16.2125 -0.00177021
16.2225 -0.00126904
16.2325 -0.000809473
16.2425 -0.00039733
16.2525 -3.91839e-05
16.2625 0.000259404
16.2725 0.000493922
16.2825 0.000661334
16.2925 0.000760519
16.3025 0.000792002
16.3125 0.000757934
16.3225 0.000661506
16.3325 0.000507494
16.3425 0.000302298
16.3525 5.36415e-05
16.3625 -0.000229775
16.3725 -0.00053859
16.3825 -0.000862906
16.3925 -0.00119324
16.4025 -0.00151855
16.4125 -0.0018292
16.4225 -0.0021162
16.4325 -0.00237077
16.4425 -0.0025853
16.4525 -0.00275335
16.4625 -0.00286984
16.4725 -0.00293123
16.4825 -0.00293555
16.4925 -0.00288244
16.5025 -0.00277311
16.5125 -0.00261027
16.5225 -0.00239814
16.5325 -0.00214232
16.5425 -0.00184952
16.5525 -0.00152678
16.5625 -0.00118224
16.5725 -0.000824131
16.5825 -0.000460015
16.5925 -9.83103e-05
16.6025 0.000252347
16.6125 0.000586237
16.6225 0.000897328
16.6325 0.00118067
16.6425 0.00143227
16.6525 0.0016495
16.6625 0.00183122
16.6725 0.00197764
16.6825 0.00209014
16.6925 0.00217116
16.7025 0.00222445
16.7125 0.00225472
16.7225 0.00226768
16.7325 0.00226976
16.7425 0.00226775
16.7525 0.00226863
16.7625 0.00227932
16.7725 0.00230654
16.7825 0.00235646
16.7925 0.00243449
16.8025 0.00254504
16.8125 0.0026914
16.8225 0.0028756
16.8325 0.00309834
16.8425 0.00335887
16.8525 0.00365534
16.8625 0.00398461
16.8725 0.00434092
16.8825 0.0047189
16.8925 0.00511154
16.9025 0.00551087
16.9125 0.00590824
16.9225 0.00629463
16.9325 0.006661
16.9425 0.0069984
16.9525 0.00729811
16.9625 0.00755457
16.9725 0.00776301
16.9825 0.00790989
16.9925 0.00799578
17.0025 0.00801794
17.0125 0.0079732
17.0225 0.00786165
17.0325 0.00768267
17.0425 0.00743879
17.0525 0.00713455
17.0625 0.00677532
17.0725 0.00636715
17.0825 0.00591696
17.0925 0.00543297
17.1025 0.00492445
17.1125 0.00440106
17.1225 0.00387229
17.1325 0.00334731
17.1425 0.00283504
17.1525 0.00234405
17.1625 0.00188106
17.1725 0.00145218
17.1825 0.00106567
17.1925 0.000723354
17.2025 0.000428032
17.2125 0.000181263
17.2225 -1.61224e-05
17.2325 -0.000164627
17.2425 -0.000266349
17.2525 -0.000324545
17.2625 -0.000343272
17.2725 -0.000326794
17.2825 -0.00028017
17.2925 -0.000209174
17.3025 -0.000120027
17.3125 -1.90177e-05
17.3225 8.7814e-05
17.3325 0.000194706
17.3425 0.000296148
17.3525 0.000387395
17.3625 0.000464378
17.3725 0.000523959
17.3825 0.000563728
17.3925 0.000582585
17.4025 0.000580251
17.4125 0.0005574
17.4225 0.000515542
17.4325 0.000457024
17.4425 0.00038446
17.4525 0.000301491
17.4625 0.000212215
17.4725 0.000119648
17.4825 2.75143e-05
17.4925 -6.06919e-05
17.5025 -0.000141664
17.5125 -0.000212554
17.5225 -0.000271161
17.5325 -0.000315934
17.5425 -0.00034594
17.5525 -0.000360874
17.5625 -0.000361192
17.5725 -0.000348019
17.5825 -0.00032317
17.5925 -0.00028915
17.6025 -0.000248976
17.6125 -0.000205963
17.6225 -0.000163832
17.6325 -0.000126531
17.6425 -9.81443e-05
17.6525 -8.27539e-05
17.6625 -8.42824e-05
17.6725 -0.000106354
17.6825 -0.000152531
17.6925 -0.00022564
17.7025 -0.000328057
17.7125 -0.000461931
17.7225 -0.000628484
17.7325 -0.000828123
17.7425 -0.00106095
17.7525 -0.00132616
17.7625 -0.00162223
17.7725 -0.00194684
17.7825 -0.00229696
17.7925 -0.00266889
17.8025 -0.00305831
17.8125 -0.00346036
17.8225 -0.00386969
17.8325 -0.00428066
17.8425 -0.00468744
17.8525 -0.00508419
17.8625 -0.00546523
17.8725 -0.00582514
17.8825 -0.00615891
17.8925 -0.00646209
17.9025 -0.00673086
17.9125 -0.00696153
17.9225 -0.0071535
17.9325 -0.00730508
17.9425 -0.00741578
17.9525 -0.00748599
17.9625 -0.00751659
17.9725 -0.0075094
17.9825 -0.00746684
17.9925 -0.00739205
18.0025 -0.00728873
18.0125 -0.00716101
18.0225 -0.00701334
18.0325 -0.00685034
18.0425 -0.00667665
18.0525 -0.00649683
18.0625 -0.00631519
18.0725 -0.00613565
18.0825 -0.00596167
18.0925 -0.00579612
18.1025 -0.00564123
18.1125 -0.00549853
18.1225 -0.00536884
18.1325 -0.00525219
18.1425 -0.00514787
18.1525 -0.00505446
18.1625 -0.00496989
18.1725 -0.00489146
18.1825 -0.00481602
18.1925 -0.00473998
18.2025 -0.00465952
18.2125 -0.00457065
18.2225 -0.00446938
18.2325 -0.00435185
18.2425 -0.00421447
18.2525 -0.00405401
18.2625 -0.00386779
18.2725 -0.0036537
18.2825 -0.00341037
18.2925 -0.00313724
18.3025 -0.00283463
18.3125 -0.00250377
18.3225 -0.00214685
18.3325 -0.00176696
18.3425 -0.00136807
18.3525 -0.000954798
18.3625 -0.000530619
18.3725 -0.00010225
18.3825 0.000323345
18.3925 0.000741842
18.4025 0.00114693
18.4125 0.00153268
18.4225 0.00189306
18.4325 0.00222257
18.4425 0.00251686
18.4525 0.00277254
18.4625 0.00298616
18.4725 0.00315541
18.4825 0.00327883
18.4925 0.00335612
18.5025 0.00338805
18.5125 0.0033765
18.5225 0.00332392
18.5325 0.00323373
18.5425 0.00311035
18.5525 0.00295898
18.5625 0.0027854
18.5725 0.00259585
18.5825 0.0023969
18.5925 0.00219534
18.6025 0.00199809
18.6125 0.00181196
18.6225 0.00164349
18.6325 0.00149882
18.6425 0.00138351
18.6525 0.00130246
18.6625 0.0012596
18.6725 0.00125824
18.6825 0.00130075
18.6925 0.00138803
18.7025 0.0015205
18.7125 0.00169738
18.7225 0.00191668
18.7325 0.00217579
18.7425 0.00247109
18.7525 0.00279828
18.7625 0.00315237
18.7725 0.00352755
18.7825 0.00391787
18.7925 0.0043181
18.8025 0.00472138
18.8125 0.00512179
18.8225 0.00551222
18.8325 0.00588751
18.8425 0.00624227
18.8525 0.0065711
18.8625 0.00686887
18.8725 0.0071311
18.8825 0.00735432
18.8925 0.00753588
18.9025 0.00767376
18.9125 0.00776653
18.9225 0.00781359
18.9325 0.00781531
18.9425 0.00777309
18.9525 0.0076889
18.9625 0.00756549
18.9725 0.0074063
18.9825 0.00721538
18.9925 0.00699733
19.0025 0.00675714
19.0125 0.00650009
19.0225 0.00623157
19.0325 0.005957
19.0425 0.00568194
19.0525 0.00541172
19.0625 0.00515144
19.0725 0.00490578
19.0825 0.00467891
19.0925 0.00447438
19.1025 0.00429502
19.1125 0.00414287
19.1225 0.00401911
19.1325 0.00392409
19.1425 0.00385726
19.1525 0.00381726
19.1625 0.00380193
19.1725 0.0038084
19.1825 0.00383313
19.1925 0.0038721
19.2025 0.00392083
19.2125 0.0039746
19.2225 0.00402858
19.2325 0.00407794
19.2425 0.00411803
19.2525 0.00414449
19.2625 0.00415339
19.2725 0.00414138
19.2825 0.0041057
19.2925 0.00404435
19.3025 0.00395607
19.3125 0.00384041
19.3225 0.0036977
19.3325 0.00352903
19.3425 0.0033362
19.3525 0.00312166
19.3625 0.00288838
19.3725 0.00263973
19.3825 0.00237957
19.3925 0.00211192
19.4025 0.00183854
19.4125 0.00156343
19.4225 0.00128911
19.4325 0.00101719
19.4425 0.000750239
19.4525 0.00049025
19.4625 0.000237184
19.4725 -8.95123e-06
19.4825 -0.000248756
19.4925 -0.000482963
19.5025 -0.000713092
19.5125 -0.000941328
19.5225 -0.00117036
19.5325 -0.00140317
19.5425 -0.00164239
19.5525 -0.00189177
19.5625 -0.00215723
19.5725 -0.00244168
19.5825 -0.00274957
19.5925 -0.00308393
19.6025 -0.00344685
19.6125 -0.00383878
19.6225 -0.00425726
19.6325 -0.00463773
19.6425 -0.00503618
19.6525 -0.00546234
19.6625 -0.00584592
19.6725 -0.00621971
19.6825 -0.0065909
19.6925 -0.00696182
19.7025 -0.00732039
19.7125 -0.00766664
19.7225 -0.00801458
19.7325 -0.00835855
19.7425 -0.008679
19.7525 -0.00898393
19.7625 -0.00927694
19.7725 -0.00955158
19.7825 -0.00980629
19.7925 -0.0100416
19.8025 -0.0102582
19.8125 -0.0104583
19.8225 -0.0106386
19.8325 -0.0107958
19.8425 -0.0109318
19.8525 -0.0110462
19.8625 -0.01114
19.8725 -0.0112142
19.8825 -0.0112666
19.8925 -0.0112965
19.9025 -0.0113056
19.9125 -0.0112941
19.9225 -0.0112621
19.9325 -0.01121
19.9425 -0.0111374
19.9525 -0.0110448
19.9625 -0.0109325
19.9725 -0.0108011
19.9825 -0.0106508
19.9925 -0.0104819
20.0025 -0.0102948
20.0125 -0.0100905
20.0225 -0.00986995
20.0325 -0.009634
20.0425 -0.00938365
20.0525 -0.0091199
20.0625 -0.00884388
20.0725 -0.00855676
20.0825 -0.0082598
20.0925 -0.00795426
20.1025 -0.00764145
20.1125 -0.00732277
20.1225 -0.00699977
20.1325 -0.00667412
20.1425 -0.00634756
20.1525 -0.00602193
20.1625 -0.00569917
20.1725 -0.00538135
20.1825 -0.00507063
20.1925 -0.00476925
20.2025 -0.00447949
20.2125 -0.00420366
20.2225 -0.003944
20.2325 -0.00370249
20.2425 -0.00348119
20.2525 -0.00328225
20.2625 -0.00310748
20.2725 -0.00295847
20.2825 -0.00283759
20.2925 -0.00274665
20.3025 -0.00268707
20.3125 -0.00265985
20.3225 -0.00266572
20.3325 -0.00270511
20.3425 -0.00277829
20.3525 -0.00288473
20.3625 -0.00302317
20.3725 -0.00319163
20.3825 -0.00338792
20.3925 -0.00360908
20.4025 -0.00385154
20.4125 -0.00411103
20.4225 -0.00438287
20.4325 -0.00466185
20.4425 -0.00494235
20.4525 -0.00521846
20.4625 -0.00548411
20.4725 -0.00573319
20.4825 -0.00595969
20.4925 -0.00615786
20.5025 -0.00632227
20.5125 -0.00644512
20.5225 -0.0065246
20.5325 -0.00655976
20.5425 -0.00654681
20.5525 -0.00648498
20.5625 -0.00637327
20.5725 -0.00621214
20.5825 -0.00600167
20.5925 -0.00574429
20.6025 -0.00544242
20.6125 -0.00509925
20.6225 -0.00471893
20.6325 -0.00430647
20.6425 -0.00386749
20.6525 -0.00340779
20.6625 -0.00293244
20.6725 -0.00244757
20.6825 -0.00196105
20.6925 -0.00147394
20.7025 -0.000994113
20.7125 -0.00052552
20.7225 -7.33947e-05
20.7325 0.000357385
20.7425 0.000763612
20.7525 0.00114289
20.7625 0.00149303
20.7725 0.00181243
20.7825 0.00209996
20.7925 0.00235509
20.8025 0.00258029
20.8125 0.00278055
20.8225 0.00295682
20.8325 0.00310718
20.8425 0.00323685
20.8525 0.003349
20.8625 0.00344619
20.8725 0.00353283
20.8825 0.00361314
20.8925 0.00369046
20.9025 0.00376804
20.9125 0.00384921
20.9225 0.00393722
20.9325 0.00403461
20.9425 0.00414331
20.9525 0.00426466
20.9625 0.00439969
20.9725 0.00454924
20.9825 0.00471555
20.9925 0.00489265
21.0025 0.0050786
21.0125 0.00527423
21.0225 0.00547907
21.0325 0.00569076
21.0425 0.00590725
21.0525 0.00612577
21.0625 0.00634325
21.0725 0.00655664
21.0825 0.00676278
21.0925 0.00695841
21.1025 0.00714008
21.1125 0.00730448
21.1225 0.00744855
21.1325 0.00756951
21.1425 0.00766484
21.1525 0.00773238
21.1625 0.00777042
21.1725 0.00777772
21.1825 0.00775367
21.1925 0.00769829
21.2025 0.00761197
21.2125 0.00749582
21.2225 0.00735158
21.2325 0.00718154
21.2425 0.00698846
21.2525 0.0067755
21.2625 0.0065463
21.2725 0.00630484
21.2825 0.00605532
21.2925 0.00580203
21.3025 0.00554929
21.3125 0.00530135
21.3225 0.00506242
21.3325 0.00483671
21.3425 0.00462729
21.3525 0.00443856
21.3625 0.0042716
21.3725 0.00412886
21.3825 0.00401223
21.3925 0.0039225
21.4025 0.00386135
21.4125 0.003829
21.4225 0.00382522
21.4325 0.00384916
21.4425 0.00389944
21.4525 0.00397429
21.4625 0.00407147
21.4725 0.0041884
21.4825 0.00432214
21.4925 0.00446954
21.5025 0.00462725
21.5125 0.00479179
21.5225 0.00495962
21.5325 0.0051272
21.5425 0.00529104
21.5525 0.00544779
21.5625 0.00559431
21.5725 0.00572769
21.5825 0.0058453
21.5925 0.00594481
21.6025 0.00602422
21.6125 0.00608183
21.6225 0.0061163
21.6325 0.00612659
21.6425 0.00611194
21.6525 0.00607191
21.6625 0.00600628
21.6725 0.00591507
21.6825 0.00579851
21.6925 0.00565703
21.7025 0.00549125
21.7125 0.00530192
21.7225 0.00508998
21.7325 0.00485785
21.7425 0.0046034
21.7525 0.0043278
21.7625 0.00403159
21.7725 0.0037152
21.7825 0.00338028
21.7925 0.00302963
21.8025 0.00266435
21.8125 0.00228499
21.8225 0.00189584
21.8325 0.0014995
21.8425 0.00109803
21.8525 0.000692378
21.8625 0.00028289
21.8725 -0.000120909
21.8825 -0.000523262
21.8925 -0.000922215
21.9025 -0.0013159
21.9125 -0.00170387
21.9225 -0.0020836
21.9325 -0.00245438
21.9425 -0.00281449
21.9525 -0.00316637
21.9625 -0.00350688
21.9725 -0.00383412
21.9825 -0.00414816
21.9925 -0.00444727
22.0025 -0.00473134
22.0125 -0.00499967
22.0225 -0.00525155
22.0325 -0.0054863
22.0425 -0.00570326
22.0525 -0.00590197
22.0625 -0.00608201
22.0725 -0.00624291
22.0825 -0.00638421
22.0925 -0.00650547
22.1025 -0.00660637
22.1125 -0.00668663
22.1225 -0.00674606
22.1325 -0.00678451
22.1425 -0.0068019
22.1525 -0.00679838
22.1625 -0.00677414
22.1725 -0.00672947
22.1825 -0.00666488
22.1925 -0.00658104
22.2025 -0.00647881
22.2125 -0.00635919
22.2225 -0.00622338
22.2325 -0.00607276
22.2425 -0.00590892
22.2525 -0.00573363
22.2625 -0.00554882
22.2725 -0.00535658
22.2825 -0.00515916
22.2925 -0.00495892
22.3025 -0.00475835
22.3125 -0.00456001
22.3225 -0.00436653
22.3325 -0.00418052
22.3425 -0.00400464
22.3525 -0.00384148
22.3625 -0.0036936
22.3725 -0.00356346
22.3825 -0.00345338
22.3925 -0.00336554
22.4025 -0.00330196
22.4125 -0.00326443
22.4225 -0.00325442
22.4325 -0.00327312
22.4425 -0.00332137
22.4525 -0.00339968
22.4625 -0.00350813
22.4725 -0.00364643
22.4825 -0.00381384
22.4925 -0.00400927
22.5025 -0.00423122
22.5125 -0.00447788
22.5225 -0.00474714
22.5325 -0.00503644
22.5425 -0.00534291
22.5525 -0.00566339
22.5625 -0.00599446
22.5725 -0.00633249
22.5825 -0.0066737
22.5925 -0.00701412
22.6025 -0.00735009
22.6125 -0.00767879
22.6225 -0.00799491
22.6325 -0.00829525
22.6425 -0.00857732
22.6525 -0.00883732
22.6625 -0.00907195
22.6725 -0.00927824
22.6825 -0.00945407
22.6925 -0.00959775
22.7025 -0.00970779
22.7125 -0.00978288
22.7225 -0.0098222
22.7325 -0.0098255
22.7425 -0.00979322
22.7525 -0.00972609
22.7625 -0.00962493
22.7725 -0.009491
22.7825 -0.00932589
22.7925 -0.00913149
22.8025 -0.00890986
22.8125 -0.00866317
22.8225 -0.00839364
22.8325 -0.00810354
22.8425 -0.0077952
22.8525 -0.00747086
22.8625 -0.00713269
22.8725 -0.00678267
22.8825 -0.00642261
22.8925 -0.00605412
22.9025 -0.00567861
22.9125 -0.00529721
22.9225 -0.00491087
22.9325 -0.00452075
22.9425 -0.004127
22.9525 -0.00372938
22.9625 -0.00332866
22.9725 -0.00292464
22.9825 -0.00251753
22.9925 -0.00210786
23.0025 -0.00169378
23.0125 -0.00127464
23.0225 -0.000857617
23.0325 -0.000437197
23.0425 -1.89452e-05
23.0525 0.00039741
23.0625 0.000810891
23.0725 0.00121848
23.0825 0.00161908
23.0925 0.00201163
23.1025 0.00239055
23.1125 0.00275471
23.1225 0.00310268
23.1325 0.00342972
23.1425 0.00373489
23.1525 0.00401725
23.1625 0.00427458
23.1725 0.00450456
23.1825 0.00470583
23.1925 0.0048771
23.2025 0.00501738
23.2125 0.00512584
23.2225 0.00520238
23.2325 0.00524735
23.2425 0.00526067
23.2525 0.00524312
23.2625 0.00519617
23.2725 0.00512124
23.2825 0.00502018
23.2925 0.00489516
23.3025 0.00474865
23.3125 0.00458324
23.3225 0.00440182
23.3325 0.00420749
23.3425 0.00400342
23.3525 0.00379279
23.3625 0.00357876
23.3725 0.00336447
23.3825 0.00315297
23.3925 0.00294713
23.4025 0.00274963
23.4125 0.00256291
23.4225 0.00238912
23.4325 0.00223015
23.4425 0.00208758
23.4525 0.00196269
23.4625 0.00185654
23.4725 0.00176964
23.4825 0.00170219
23.4925 0.00165409
23.5025 0.00162491
23.5125 0.00161396
23.5225 0.00162034
23.5325 0.00164293
23.5425 0.00168046
23.5525 0.00173157
23.5625 0.00179479
23.5725 0.00186863
23.5825 0.00195155
23.5925 0.00204209
23.6025 0.00213892
23.6125 0.00224077
23.6225 0.00234651
23.6325 0.0024551
23.6425 0.00256562
23.6525 0.00267726
23.6625 0.00278931
23.6725 0.00290111
23.6825 0.00301205
23.6925 0.00312154
23.7025 0.003229
23.7125 0.00333382
23.7225 0.00343541
23.7325 0.00353312
23.7425 0.0036263
23.7525 0.00371426
23.7625 0.0037963
23.7725 0.0038717
23.7825 0.00393977
23.7925 0.00399979
23.8025 0.00405111
23.8125 0.00409311
23.8225 0.00412524
23.8325 0.00414702
23.8425 0.00415802
23.8525 0.00415791
23.8625 0.00414639
23.8725 0.00412323
23.8825 0.00408824
23.8925 0.00404129
23.9025 0.0039823
23.9125 0.00391119
23.9225 0.00382789
23.9325 0.00373234
23.9425 0.00362448
23.9525 0.00350424
23.9625 0.00337154
23.9725 0.00322631
23.9825 0.00306848
23.9925 0.00289799
24.0025 0.00271482
24.0125 0.00251897
24.0225 0.00231055
24.0325 0.00208971
24.0425 0.00185678
24.0525 0.00161225
24.0625 0.00135716
24.0725 0.00109326
24.0825 0.000821409
24.0925 0.000543147
24.1025 0.000260531
24.1125 -2.55167e-05
24.1225 -0.000312218
24.1325 -0.000597523
24.1425 -0.000879466
24.1525 -0.00115574
24.1625 -0.00142601
24.1725 -0.00168763
24.1825 -0.00193805
24.1925 -0.00217556
24.2025 -0.00239804
24.2125 -0.00260364
24.2225 -0.00279017
24.2325 -0.00295698
24.2425 -0.00310156
24.2525 -0.00322309
24.2625 -0.00332044
24.2725 -0.00339256
24.2825 -0.00343874
24.2925 -0.00345832
24.3025 -0.0034511
24.3125 -0.00341722
24.3225 -0.00335692
24.3325 -0.00327077
24.3425 -0.0031597
24.3525 -0.00302492
24.3625 -0.00286793
24.3725 -0.00269053
24.3825 -0.00249488
24.3925 -0.00228379
24.4025 -0.00205891
24.4125 -0.00182315
24.4225 -0.00157922
24.4325 -0.00133012
24.4425 -0.00107877
24.4525 -0.000827838
24.4625 -0.000580367
24.4725 -0.000340069
24.4825 -0.000109169
24.4925 0.000109184
24.5025 0.000311787
24.5125 0.000495094
24.5225 0.000656888
24.5325 0.000794287
24.5425 0.000905013
24.5525 0.000986747
24.5625 0.00103758
24.5725 0.0010559
24.5825 0.0010404
24.5925 0.000990652
24.6025 0.000906347
24.6125 0.000787629
24.6225 0.000635373
24.6325 0.000451009
24.6425 0.000236509
24.6525 -5.56165e-06
24.6625 -0.00027204
24.6725 -0.000559263
24.6825 -0.000863959
24.6925 -0.00118354
24.7025 -0.00151222
24.7125 -0.00184627
24.7225 -0.00218278
24.7325 -0.00251761
24.7425 -0.00284687
24.7525 -0.00316655
24.7625 -0.00347313
24.7725 -0.00376343
24.7825 -0.00403447
24.7925 -0.00428362
24.8025 -0.00450836
24.8125 -0.00470622
24.8225 -0.00487571
24.8325 -0.00501565
24.8425 -0.00512531
24.8525 -0.00520433
24.8625 -0.00525283
24.8725 -0.00527149
24.8825 -0.00526155
24.8925 -0.00522449
24.9025 -0.00516234
24.9125 -0.0050775
24.9225 -0.00497261
24.9325 -0.00485063
24.9425 -0.0047146
24.9525 -0.00456805
24.9625 -0.00441455
24.9725 -0.00425558
24.9825 -0.00409456
24.9925 -0.00393384
25.0025 -0.00377602
25.0125 -0.00362328
25.0225 -0.00347735
25.0325 -0.00334041
25.0425 -0.00321358
25.0525 -0.00309809
25.0625 -0.00299472
25.0725 -0.00290398
25.0825 -0.00282593
25.0925 -0.00276037
25.1025 -0.00270682
25.1125 -0.002665
25.1225 -0.00263421
25.1325 -0.00261336
25.1425 -0.0026014
25.1525 -0.00259737
25.1625 -0.00260033
25.1725 -0.00260909
25.1825 -0.00262247
25.1925 -0.0026394
25.2025 -0.00265891
25.2125 -0.00268014
25.2225 -0.00270232
25.2325 -0.00272488
25.2425 -0.00274746
25.2525 -0.00276978
25.2625 -0.00279195
25.2725 -0.00281434
25.2825 -0.00283744
25.2925 -0.00286198
25.3025 -0.00288877
25.3125 -0.00291868
25.3225 -0.00295261
25.3325 -0.00299141
25.3425 -0.00303584
25.3525 -0.00308651
25.3625 -0.00314381
25.3725 -0.00320795
25.3825 -0.00327891
25.3925 -0.00335643
25.4025 -0.00344004
25.4125 -0.00352907
25.4225 -0.00362261
25.4325 -0.00371958
25.4425 -0.00381871
25.4525 -0.00391858
25.4625 -0.00401763
25.4725 -0.00411422
25.4825 -0.00420666
25.4925 -0.00429324
25.5025 -0.00437235
25.5125 -0.00444246
25.5225 -0.00450219
25.5325 -0.00455037
25.5425 -0.00458606
25.5525 -0.00460858
25.5625 -0.0046175
25.5725 -0.00461268
25.5825 -0.00459422
25.5925 -0.0045625
25.6025 -0.00451814
25.6125 -0.00446199
25.6225 -0.00439509
25.6325 -0.00431872
25.6425 -0.00423432
25.6525 -0.00414348
25.6625 -0.00404791
25.6725 -0.00394943
25.6825 -0.0038499
25.6925 -0.0037512
25.7025 -0.00365525
25.7125 -0.00356427
25.7225 -0.00347945
25.7325 -0.0034021
25.7425 -0.00333361
25.7525 -0.00327495
25.7625 -0.00322704
25.7725 -0.00319046
25.7825 -0.00316556
25.7925 -0.00315241
25.8025 -0.00315074
25.8125 -0.00316003
25.8225 -0.0031795
25.8325 -0.00320813
25.8425 -0.00324471
25.8525 -0.00328788
25.8625 -0.00333615
25.8725 -0.00338768
25.8825 -0.00344163
25.8925 -0.00349647
25.9025 -0.00355091
25.9125 -0.00360378
25.9225 -0.00365393
25.9325 -0.00370049
25.9425 -0.00374274
25.9525 -0.00378009
25.9625 -0.00381233
25.9725 -0.00383941
25.9825 -0.00386156
25.9925 -0.00387924
26.0025 -0.00389306
26.0125 -0.00390386
26.0225 -0.00391257
26.0325 -0.00392023
26.0425 -0.00392796
26.0525 -0.00393684
26.0625 -0.00394792
26.0725 -0.00396212
26.0825 -0.00398021
26.0925 -0.00400271
26.1025 -0.00402992
26.1125 -0.00406179
26.1225 -0.00409799
26.1325 -0.00413782
26.1425 -0.00418021
26.1525 -0.00422376
26.1625 -0.00426674
26.1725 -0.00430709
26.1825 -0.0043425
26.1925 -0.00437053
26.2025 -0.00438893
26.2125 -0.00439391
26.2225 -0.00438303
26.2325 -0.00435337
26.2425 -0.00430236
26.2525 -0.00422762
26.2625 -0.00412464
26.2725 -0.00399461
26.2825 -0.00383582
26.2925 -0.00364894
26.3025 -0.00343349
26.3125 -0.003191
26.3225 -0.00292252
26.3325 -0.00262582
26.3425 -0.00230334
26.3525 -0.00195748
26.3625 -0.00158985
26.3725 -0.00120191
26.3825 -0.000797578
26.3925 -0.000378285
26.4025 5.17574e-05
26.4125 0.000490968
26.4225 0.000935046
26.4325 0.00137884
26.4425 0.00181946
26.4525 0.00225278
26.4625 0.00267526
26.4725 0.00308301
26.4825 0.00347214
26.4925 0.00383907
26.5025 0.00418064
26.5125 0.00449398
26.5225 0.00477643
26.5325 0.00502584
26.5425 0.00524059
26.5525 0.00541951
26.5625 0.00556162
26.5725 0.00566697
26.5825 0.00573666
26.5925 0.00577051
26.6025 0.00576952
26.6125 0.00573532
26.6225 0.00566957
26.6325 0.00557466
26.6425 0.00545319
26.6525 0.005308
26.6625 0.00514208
26.6725 0.0049586
26.6825 0.00476088
26.6925 0.00455227
26.7025 0.00433609
26.7125 0.00411555
26.7225 0.00389373
26.7325 0.00367356
26.7425 0.00345778
26.7525 0.00324886
26.7625 0.003049
26.7725 0.00286012
26.7825 0.00268386
26.7925 0.0025216
26.8025 0.00237427
26.8125 0.0022425
26.8225 0.0021266
26.8325 0.00202662
26.8425 0.00194236
26.8525 0.00187344
26.8625 0.00181929
26.8725 0.00177921
26.8825 0.00175241
26.8925 0.00173808
26.9025 0.00173538
26.9125 0.00174355
26.9225 0.00176187
26.9325 0.00178973
26.9425 0.00182661
26.9525 0.00187209
26.9625 0.00192594
26.9725 0.00198812
26.9825 0.00205868
26.9925 0.00213777
27.0025 0.00222562
27.0125 0.00232246
27.0225 0.00242852
27.0325 0.00254402
27.0425 0.00266906
27.0525 0.00280361
27.0625 0.0029475
27.0725 0.00310032
27.0825 0.00326146
27.0925 0.00343003
27.1025 0.00360483
27.1125 0.0037844
27.1225 0.00396692
27.1325 0.00415035
27.1425 0.00433225
27.1525 0.0045099
27.1625 0.00468034
27.1725 0.00484035
27.1825 0.00498655
27.1925 0.00511542
27.2025 0.00522335
27.2125 0.00530674
27.2225 0.00536206
27.2325 0.0053856
27.2425 0.00537407
27.2525 0.00532618
27.2625 0.00523774
27.2725 0.00510805
27.2825 0.00493721
27.2925 0.00472315
27.3025 0.0044664
27.3125 0.00416893
27.3225 0.00383344
27.3325 0.00346184
27.3425 0.00305674
27.3525 0.0026215
27.3625 0.00215986
27.3725 0.00167502
27.3825 0.00117215
27.3925 0.000656614
27.4025 0.000129639
27.4125 -0.000406033
27.4225 -0.000941996
27.4325 -0.001476
27.4425 -0.00200526
27.4525 -0.00252579
27.4625 -0.00303401
27.4725 -0.00352548
27.4825 -0.0039968
27.4925 -0.00444585
27.5025 -0.00487098
27.5125 -0.00526711
27.5225 -0.00563214
27.5325 -0.00596356
27.5425 -0.00625969
27.5525 -0.00651957
27.5625 -0.0067418
27.5725 -0.0069257
27.5825 -0.00707064
27.5925 -0.00717665
27.6025 -0.00724412
27.6125 -0.00727377
27.6225 -0.00726678
27.6325 -0.00722435
27.6425 -0.00714802
27.6525 -0.00703977
27.6625 -0.00690183
27.6725 -0.00673659
27.6825 -0.00654647
27.6925 -0.00633402
27.7025 -0.00610186
27.7125 -0.00585272
27.7225 -0.00558929
27.7325 -0.00531415
27.7425 -0.00502981
27.7525 -0.00473867
27.7625 -0.00444315
27.7725 -0.00414569
27.7825 -0.00384829
27.7925 -0.00355275
27.8025 -0.00326074
27.8125 -0.00297393
27.8225 -0.00269382
27.8325 -0.00242139
27.8425 -0.00215763
27.8525 -0.0019027
27.8625 -0.00165775
27.8725 -0.00142262
27.8825 -0.00119769
27.8925 -0.00098355
27.9025 -0.000780375
27.9125 -0.000588188
27.9225 -0.000406967
27.9325 -0.000236926
27.9425 -7.84921e-05
27.9525 6.78581e-05
27.9625 0.000201665
27.9725 0.000322426
27.9825 0.000429478
27.9925 0.000521994
28.0025 0.000598956
28.0125 0.000659107
28.0225 0.000701219
28.0325 0.000723934
28.0425 0.000725804
28.0525 0.000705363
28.0625 0.000661306
28.0725 0.000592444
28.0825 0.000497749
28.0925 0.000376543
28.1025 0.000228464
28.1125 5.35113e-05
28.1225 -0.000147903
28.1325 -0.000374899
28.1425 -0.000626089
28.1525 -0.00089959
28.1625 -0.00119303
28.1725 -0.00150376
28.1825 -0.00182953
28.1925 -0.00216542
28.2025 -0.00250791
28.2125 -0.00285343
28.2225 -0.00319781
28.2325 -0.00353643
28.2425 -0.00386442
28.2525 -0.0041771
28.2625 -0.00447007
28.2725 -0.00473913
28.2825 -0.00498023
28.2925 -0.00518955
28.3025 -0.00536355
28.3125 -0.00549892
28.3225 -0.00559516
28.3325 -0.00565038
28.3425 -0.00566398
28.3525 -0.00563582
28.3625 -0.00556628
28.3725 -0.00545651
28.3825 -0.00530854
28.3925 -0.00512497
28.4025 -0.00490886
28.4125 -0.00466461
28.4225 -0.00439524
28.4325 -0.00410377
28.4425 -0.00379489
28.4525 -0.0034723
28.4625 -0.00314027
28.4725 -0.00280253
28.4825 -0.00246315
28.4925 -0.00212524
28.5025 -0.00179267
28.5125 -0.00146666
28.5225 -0.00115099
28.5325 -0.000846996
28.5425 -0.000556831
28.5525 -0.000282184
28.5625 -2.40072e-05
28.5725 0.000215366
28.5825 0.000438827
28.5925 0.000646499
28.6025 0.000836158
28.6125 0.00101028
28.6225 0.00116908
28.6325 0.00131384
28.6425 0.00144644
28.6525 0.00156799
28.6625 0.00168173
28.6725 0.00178728
28.6825 0.00188567
28.6925 0.00197873
28.7025 0.00206681
28.7125 0.00215079
28.7225 0.00223176
28.7325 0.00230963
28.7425 0.00238459
28.7525 0.00245663
28.7625 0.00252562
28.7725 0.00259073
28.7825 0.00265132
28.7925 0.00270619
28.8025 0.00275407
28.8125 0.00279334
28.8225 0.00282231
28.8325 0.00283919
28.8425 0.00284214
28.8525 0.00282932
28.8625 0.00279896
28.8725 0.00274952
28.8825 0.00267964
28.8925 0.00258817
28.9025 0.00247439
28.9125 0.00233798
28.9225 0.00217902
28.9325 0.00199807
28.9425 0.00179616
28.9525 0.00157481
28.9625 0.00133606
28.9725 0.0010824
28.9825 0.000816721
28.9925 0.000542315
29.0025 0.0002628
29.0125 -1.79336e-05
29.0225 -0.00029634
29.0325 -0.000568746
29.0425 -0.000830724
29.0525 -0.00107814
29.0625 -0.00130793
29.0725 -0.00151685
29.0825 -0.00170143
29.0925 -0.0018586
29.1025 -0.00198466
29.1125 -0.0020771
29.1225 -0.00213543
29.1325 -0.00215764
29.1425 -0.00214286
29.1525 -0.00209043
29.1625 -0.00200016
29.1725 -0.00187251
29.1825 -0.00170853
29.1925 -0.0015097
29.2025 -0.00127781
29.2125 -0.00101506
29.2225 -0.000724195
29.2325 -0.000407957
29.2425 -6.97425e-05
29.2525 0.00028809
29.2625 0.000661117
29.2725 0.00104664
29.2825 0.00144085
29.2925 0.00184002
29.3025 0.00224078
29.3125 0.00263988
29.3225 0.00303446
29.3325 0.00342154
29.3425 0.00379824
29.3525 0.00416195
29.3625 0.00451048
29.3725 0.00484205
29.3825 0.00515504
29.3925 0.00544813
29.4025 0.00572081
29.4125 0.00597131
29.4225 0.00619908
29.4325 0.00640361
29.4425 0.00658442
29.4525 0.00674132
29.4625 0.00687405
29.4725 0.00698246
29.4825 0.0070664
29.4925 0.0071257
29.5025 0.00716023
29.5125 0.00716976
29.5225 0.00715385
29.5325 0.00711208
29.5425 0.00704384
29.5525 0.00694846
29.5625 0.00682527
29.5725 0.00667356
29.5825 0.0064926
29.5925 0.00628172
29.6025 0.00604029
29.6125 0.00576786
29.6225 0.00546369
29.6325 0.00512773
29.6425 0.00476096
29.6525 0.00436364
29.6625 0.00393584
29.6725 0.00348147
29.6825 0.00300122
29.6925 0.0024968
29.7025 0.00197277
29.7125 0.00143367
29.7225 0.000883093
29.7325 0.000325541
29.7425 -0.000238318
29.7525 -0.000801444
29.7625 -0.00136265
29.7725 -0.00192003
29.7825 -0.00246948
29.7925 -0.00300757
29.8025 -0.00353035
29.8125 -0.0040378
29.8225 -0.00452457
29.8325 -0.00498876
29.8425 -0.00542783
29.8525 -0.00583889
29.8625 -0.0062204
29.8725 -0.00657058
29.8825 -0.00688821
29.8925 -0.00717204
29.9025 -0.00742105
29.9125 -0.00763457
29.9225 -0.00781236
29.9325 -0.00795454
29.9425 -0.00806147
29.9525 -0.0081337
29.9625 -0.0081721
29.9725 -0.00817802
29.9825 -0.00815293
29.9925 -0.00809858
30.0025 -0.00801705
30.0125 -0.0079106
30.0225 -0.00778171
30.0325 -0.00763301
30.0425 -0.00746727
30.0525 -0.00728734
30.0625 -0.00709615
30.0725 -0.0068966
30.0825 -0.0066916
30.0925 -0.00648397
30.1025 -0.00627648
30.1125 -0.00607174
30.1225 -0.00587222
30.1325 -0.0056802
30.1425 -0.00549777
30.1525 -0.00532682
30.1625 -0.00516897
30.1725 -0.00502563
30.1825 -0.00489796
30.1925 -0.00478685
30.2025 -0.00469304
30.2125 -0.00461693
30.2225 -0.00455866
30.2325 -0.00451816
30.2425 -0.00449513
30.2525 -0.00448909
30.2625 -0.0044994
30.2725 -0.00452524
30.2825 -0.00456569
30.2925 -0.0046197
30.3025 -0.00468614
30.3125 -0.0047638
30.3225 -0.00485144
30.3325 -0.0049478
30.3425 -0.00505159
30.3525 -0.00516157
30.3625 -0.00527651
30.3725 -0.00539522
30.3825 -0.00551669
30.3925 -0.00563999
30.4025 -0.00576431
30.4125 -0.00588897
30.4225 -0.00601342
30.4325 -0.00613718
30.4425 -0.00625991
30.4525 -0.00638128
30.4625 -0.00650103
30.4725 -0.00661905
30.4825 -0.0067351
30.4925 -0.00684901
30.5025 -0.00696052
30.5125 -0.00706932
30.5225 -0.007175
30.5325 -0.00727704
30.5425 -0.00737481
30.5525 -0.00746752
30.5625 -0.00755425
30.5725 -0.00763394
30.5825 -0.00770545
30.5925 -0.00776752
30.6025 -0.00781886
30.6125 -0.00785809
30.6225 -0.00788386
30.6325 -0.00789477
30.6425 -0.00788952
30.6525 -0.00786683
30.6625 -0.00782555
30.6725 -0.00776468
30.6825 -0.00768335
30.6925 -0.00758092
30.7025 -0.00745697
30.7125 -0.00731135
30.7225 -0.00714417
30.7325 -0.00695588
30.7425 -0.00674724
30.7525 -0.00651935
30.7625 -0.00627363
30.7725 -0.00601182
30.7825 -0.005736
30.7925 -0.00544849
30.8025 -0.00515189
30.8125 -0.00484898
30.8225 -0.00454274
30.8325 -0.00423623
30.8425 -0.00393258
30.8525 -0.00363491
30.8625 -0.0033463
30.8725 -0.0030697
30.8825 -0.00280773
30.8925 -0.00256236
30.9025 -0.00233598
30.9125 -0.00213067
30.9225 -0.00194685
30.9325 -0.0017858
30.9425 -0.00164835
30.9525 -0.00153486
30.9625 -0.00144505
30.9725 -0.00137826
30.9825 -0.00133365
30.9925 -0.00131018
31.0025 -0.00130657
31.0125 -0.00132124
31.0225 -0.00135222
31.0325 -0.00139734
31.0425 -0.00145441
31.0525 -0.00152181
31.0625 -0.0015968
31.0725 -0.00167605
31.0825 -0.00175784
31.0925 -0.00183914
31.1025 -0.00191798
31.1125 -0.00199227
31.1225 -0.00205847
31.1325 -0.00211676
31.1425 -0.00216602
31.1525 -0.00220608
31.1625 -0.00223564
31.1725 -0.00225448
31.1825 -0.00226244
31.1925 -0.00225903
31.2025 -0.00224403
31.2125 -0.00221807
31.2225 -0.00218106
31.2325 -0.00213222
31.2425 -0.00207128
31.2525 -0.00200034
31.2625 -0.00191792
31.2725 -0.00182461
31.2825 -0.00172087
31.2925 -0.00160724
31.3025 -0.00148446
31.3125 -0.0013519
31.3225 -0.0012107
31.3325 -0.0010612
31.3425 -0.000903448
31.3525 -0.000738599
31.3625 -0.000566835
31.3725 -0.000388877
31.3825 -0.000205169
31.3925 -1.50954e-05
31.4025 0.00018225
31.4125 0.000383871
31.4225 0.000590937
31.4325 0.000803035
31.4425 0.00101979
31.4525 0.00124118
31.4625 0.00146699
31.4725 0.001697
31.4825 0.00193043
31.4925 0.00216737
31.5025 0.00240748
31.5125 0.00265024
31.5225 0.00289512
31.5325 0.00314161
31.5425 0.00338925
31.5525 0.00363747
31.5625 0.00388565
31.5725 0.00413307
31.5825 0.00437904
31.5925 0.00462282
31.6025 0.00486363
31.6125 0.00510067
31.6225 0.00533311
31.6325 0.00556008
31.6425 0.00578072
31.6525 0.00599416
31.6625 0.00619954
31.6725 0.00639602
31.6825 0.00658277
31.6925 0.006759
31.7025 0.00692396
31.7125 0.00707697
31.7225 0.00721741
31.7325 0.00734473
31.7425 0.00745849
31.7525 0.00755834
31.7625 0.00764414
31.7725 0.00771563
31.7825 0.00777337
31.7925 0.00781741
31.8025 0.0078482
31.8125 0.00786553
31.8225 0.00786998
31.8325 0.00786191
31.8425 0.00784179
31.8525 0.00781018
31.8625 0.00776767
31.8725 0.00771492
31.8825 0.00765259
31.8925 0.00758142
31.9025 0.00750212
31.9125 0.00741548
31.9225 0.00732231
31.9325 0.00722341
31.9425 0.00711951
31.9525 0.00701132
31.9625 0.00689955
31.9725 0.00678484
31.9825 0.00666786
31.9925 0.00654921
32.0025 0.00642944
32.015 0.00627906
32.0275 0.00612906
32.04 0.00598061
32.0525 0.00583492
32.065 0.00569315
32.0775 0.00555646
32.09 0.00542594
32.1025 0.0053026
32.115 0.00518731
32.1275 0.00508077
32.14 0.00498345
32.1525 0.00489555
32.165 0.00481697
32.1775 0.00474726
32.19 0.00468559
32.2025 0.00463071
32.215 0.00458099
32.2275 0.00453439
32.24 0.00448851
32.2525 0.00444069
32.265 0.00438801
32.2775 0.00432747
32.29 0.00425601
32.3025 0.00417065
32.315 0.00406855
32.3275 0.00394709
32.34 0.00380399
32.3525 0.00363731
32.365 0.00344572
32.3775 0.00322957
32.39 0.00298463
32.4025 0.00271384
32.415 0.00241779
32.4275 0.00209848
32.44 0.00176027
32.4525 0.00140727
32.465 0.00104292
32.4775 0.000669874
32.49 0.0002925
32.5025 -8.02999e-05
32.515 -0.00044945
32.5275 -0.000810718
32.54 -0.00116073
32.5525 -0.00149542
32.565 -0.00181213
32.5775 -0.0021086
32.59 -0.00238261
32.6025 -0.00263184
32.615 -0.0028546
32.6275 -0.00305152
32.64 -0.00322162
32.6525 -0.00336748
32.665 -0.00348679
32.6775 -0.00358156
32.69 -0.00365283
32.7025 -0.00370276
32.715 -0.00373352
32.7275 -0.00374759
32.74 -0.00374771
32.7525 -0.00373695
32.765 -0.00371845
32.7775 -0.00369536
32.79 -0.00367084
32.8025 -0.003648
32.815 -0.0036298
32.8275 -0.00361897
32.84 -0.00361799
32.8525 -0.00362901
32.865 -0.00365388
32.8775 -0.00369407
32.89 -0.00375064
32.9025 -0.0038243
32.915 -0.00391539
32.9275 -0.0040239
32.94 -0.00414947
32.9525 -0.00429156
32.965 -0.00444931
32.9775 -0.00462148
32.99 -0.00480759
33.0025 -0.00500718
33.015 -0.00521785
33.0275 -0.00543865
33.04 -0.00566832
33.0525 -0.00590641
33.065 -0.00615105
33.0775 -0.0064004
33.09 -0.00665272
33.1025 -0.00691356
33.115 -0.00717971
33.1275 -0.00744325
33.14 -0.00770406
33.1525 -0.00795907
33.165 -0.00820815
33.1775 -0.00844887
33.19 -0.00868008
33.2025 -0.00890032
33.215 -0.00910838
33.2275 -0.00930356
33.24 -0.00949491
33.2525 -0.00995685
33.265 -0.00978005
33.2775 -0.00986692
33.29 -0.00974301
33.3025 -0.00965341
33.315 -0.00951312
33.3275 -0.00932629
33.34 -0.00915455
33.3525 -0.00896597
33.365 -0.00876831
33.3775 -0.00855938
33.39 -0.00834385
33.4025 -0.00813518
33.415 -0.00793494
33.4275 -0.00774389
33.44 -0.00756737
33.4525 -0.00741031
33.465 -0.00727635
33.4775 -0.00716758
33.49 -0.00708528
33.5025 -0.0070316
33.515 -0.00700794
33.5275 -0.00701463
33.54 -0.00705231
33.5525 -0.00711854
33.565 -0.00721042
33.5775 -0.00732315
33.59 -0.00745092
33.6025 -0.00758678
33.615 -0.00772371
33.6275 -0.00785351
33.64 -0.00796967
33.6525 -0.00806842
33.665 -0.00814193
33.6775 -0.00818698
33.69 -0.00819886
33.7025 -0.0081754
33.715 -0.00811524
33.7275 -0.00801826
33.74 -0.00788566
33.7525 -0.00772028
33.765 -0.00752642
33.7775 -0.0073095
33.79 -0.00707601
33.8025 -0.00683337
33.815 -0.0065931
33.8275 -0.0063568
33.84 -0.00613043
33.8525 -0.0059229
33.865 -0.00573786
33.8775 -0.00558205
33.89 -0.00545885
33.9025 -0.00537135
33.915 -0.00532173
33.9275 -0.00530994
33.94 -0.00533567
33.9525 -0.00539727
33.965 -0.00549097
33.9775 -0.00561307
33.99 -0.00575815
34.0025 -0.00591963
34.015 -0.00609038
34.0275 -0.00626252
34.04 -0.00642805
34.0525 -0.0065791
34.065 -0.00670796
34.0775 -0.00680741
34.09 -0.00687052
34.1025 -0.00689218
34.115 -0.00686934
34.1275 -0.00679783
34.14 -0.00667625
34.1525 -0.00650371
34.165 -0.00628241
34.1775 -0.00601491
34.19 -0.00570235
34.2025 -0.00535065
34.215 -0.00496451
34.2275 -0.00454937
34.24 -0.00411206
34.2525 -0.00365975
34.265 -0.00319965
34.2775 -0.00273639
34.29 -0.00227811
34.3025 -0.00183174
34.315 -0.00140139
34.3275 -0.000993043
34.34 -0.000612173
34.3525 -0.000262428
34.365 5.30138e-05
34.3775 0.000329181
34.39 0.000567156
34.4025 0.000771824
34.415 0.000934185
34.4275 0.0010592
34.44 0.00114356
34.4525 0.00118703
34.465 0.00119494
34.4775 0.00116874
34.49 0.00111134
34.5025 0.0010227
34.515 0.000915566
34.5275 0.000792887
34.54 0.000663948
34.5525 0.000530723
34.565 0.000401738
34.5775 0.000282072
34.59 0.000178745
34.6025 9.57652e-05
34.615 4.35144e-05
34.6275 2.53326e-05
34.64 4.80702e-05
34.6525 0.000113694
34.665 0.000225977
34.6775 0.000386673
34.69 0.000595189
34.7025 0.000851258
34.715 0.00115261
34.7275 0.00149508
34.74 0.00187464
34.7525 0.00228517
34.765 0.00272129
34.7775 0.00317029
34.79 0.00362572
34.8025 0.00407758
34.815 0.00451574
34.8275 0.00493009
34.84 0.00531201
34.8525 0.00565367
34.865 0.00594786
34.8775 0.00618866
34.89 0.00637214
34.9025 0.00649639
34.915 0.00656117
34.9275 0.00656777
34.94 0.00651969
34.9525 0.00642229
34.965 0.00628261
34.9775 0.00610902
34.99 0.0059109
35.0025 0.00570528
35.015 0.00549164
35.0275 0.00527777
35.04 0.00506997
35.0525 0.0048758
35.065 0.00470109
35.0775 0.00455143
35.09 0.00443204
35.1025 0.00434727
35.115 0.00430061
35.1275 0.00429326
35.14 0.00432667
35.1525 0.00440071
35.165 0.004515
35.1775 0.0046677
35.19 0.00485463
35.2025 0.00507054
35.215 0.00530891
35.2275 0.00556228
35.24 0.00582255
35.2525 0.00608121
35.265 0.00632969
35.2775 0.00655963
35.29 0.00676316
35.3025 0.00693404
35.315 0.00706602
35.3275 0.00715356
35.34 0.00719434
35.3525 0.00718601
35.365 0.00712765
35.3775 0.00701963
35.39 0.006864
35.4025 0.00666395
35.415 0.00642341
35.4275 0.00614718
35.44 0.0058409
35.4525 0.0055107
35.465 0.00516275
35.4775 0.00480306
35.49 0.00443742
35.5025 0.00407114
35.515 0.00370881
35.5275 0.00335411
35.54 0.00300982
35.5525 0.00267774
35.565 0.00235877
35.5775 0.00205283
35.59 0.00175909
35.6025 0.00147609
35.615 0.00120201
35.6275 0.000936685
35.64 0.000678487
35.6525 0.000426989
35.665 0.000178639
35.6775 -6.62083e-05
35.69 -0.000298694
35.7025 -0.000523588
35.715 -0.000738747
35.7275 -0.000940515
35.74 -0.00113031
35.7525 -0.00130319
35.765 -0.00146005
35.7775 -0.00159885
35.79 -0.00171899
35.8025 -0.00182003
35.815 -0.00190098
35.8275 -0.00196165
35.84 -0.0020022
35.8525 -0.00202267
35.865 -0.0020236
35.8775 -0.00200562
35.89 -0.00196979
35.9025 -0.00191748
35.915 -0.00185024
35.9275 -0.00176988
35.94 -0.00167851
35.9525 -0.00157842
35.965 -0.00147213
35.9775 -0.00136227
35.99 -0.00125157
36.0025 -0.00114298
36.015 -0.00103934
36.0275 -0.000943326
36.04 -0.000858035
36.0525 -0.00078599
36.065 -0.00073012
36.0775 -0.000693288
36.09 -0.000676594
36.1025 -0.000682441
36.115 -0.000712474
36.1275 -0.000768207
36.14 -0.000850854
36.1525 -0.000961284
36.165 -0.00110003
36.1775 -0.00126788
36.19 -0.00146404
36.2025 -0.00168784
36.215 -0.00193879
36.2275 -0.00221568
36.24 -0.00251658
36.2525 -0.00283921
36.265 -0.0031811
36.2775 -0.00353939
36.29 -0.00391068
36.3025 -0.0042912
36.315 -0.004677
36.3275 -0.00506396
36.34 -0.00544772
36.3525 -0.00582377
36.365 -0.00618759
36.3775 -0.00653474
36.39 -0.00686094
36.4025 -0.00716187
36.415 -0.00743343
36.4275 -0.00767178
36.44 -0.00787353
36.4525 -0.00803551
36.465 -0.00815437
36.4775 -0.00823061
36.49 -0.0082625
36.5025 -0.00824978
36.515 -0.00819434
36.5275 -0.00809546
36.54 -0.00795572
36.5525 -0.0077772
36.565 -0.00756321
36.5775 -0.00731715
36.59 -0.00704326
36.6025 -0.00674629
36.615 -0.00643144
36.6275 -0.00610406
36.64 -0.00576969
36.6525 -0.00543397
36.665 -0.00510247
36.6775 -0.00478054
36.69 -0.00447325
36.7025 -0.00418528
36.715 -0.00392085
36.7275 -0.00368381
36.74 -0.00347665
36.7525 -0.00330175
36.765 -0.00315924
36.7775 -0.00304994
36.79 -0.00297354
36.8025 -0.00292956
36.815 -0.00291642
36.8275 -0.00293195
36.84 -0.00297397
36.8525 -0.00303945
36.865 -0.00312693
36.8775 -0.00323281
36.89 -0.0033539
36.9025 -0.00348705
36.915 -0.00362875
36.9275 -0.00377582
36.94 -0.00392464
36.9525 -0.00407207
36.965 -0.00421539
36.9775 -0.0043521
36.99 -0.00448005
37.0025 -0.00459743
37.015 -0.00470292
37.0275 -0.00479557
37.04 -0.00487475
37.0525 -0.00494015
37.065 -0.00499174
37.0775 -0.00502972
37.09 -0.00505446
37.1025 -0.00506639
37.115 -0.005066
37.1275 -0.00505393
37.14 -0.00503068
37.1525 -0.00499519
37.165 -0.00494756
37.1775 -0.0048877
37.19 -0.00481481
37.2025 -0.00472886
37.215 -0.00462903
37.2275 -0.0045147
37.24 -0.0043852
37.2525 -0.00423997
37.265 -0.00407839
37.2775 -0.00390035
37.29 -0.00370735
37.3025 -0.00349921
37.315 -0.00327728
37.3275 -0.00304251
37.34 -0.00279623
37.3525 -0.00254
37.365 -0.00227562
37.3775 -0.00200349
37.39 -0.00172638
37.4025 -0.00144578
37.415 -0.00116332
37.4275 -0.000882866
37.44 -0.000605588
37.4525 -0.000335266
37.465 -7.30954e-05
37.4775 0.000177519
37.49 0.000414174
37.5025 0.000634621
37.515 0.000836526
37.5275 0.00101799
37.54 0.00117672
37.5525 0.0013116
37.565 0.00142098
37.5775 0.00150368
37.59 0.00155892
37.6025 0.00158632
37.615 0.00158583
37.6275 0.00155774
37.64 0.00150261
37.6525 0.00142149
37.665 0.00131582
37.6775 0.00118746
37.69 0.00103852
37.7025 0.000871499
37.715 0.000689204
37.7275 0.000494663
37.74 0.000291069
37.7525 8.17673e-05
37.765 -0.000129782
37.7775 -0.000340084
37.79 -0.000545674
37.8025 -0.000743199
37.815 -0.000930121
37.8275 -0.00110271
37.84 -0.00125834
37.8525 -0.00139498
37.865 -0.00151077
37.8775 -0.00160373
37.89 -0.00167231
37.9025 -0.00171556
37.915 -0.00173296
37.9275 -0.00172436
37.94 -0.00168945
37.9525 -0.0016287
37.965 -0.00154302
37.9775 -0.00143371
37.99 -0.00130235
38.0025 -0.00115112
38.015 -0.000982877
38.0275 -0.000799504
38.04 -0.000603178
38.0525 -0.000396781
38.065 -0.000182643
38.0775 3.62707e-05
38.09 0.000257414
38.1025 0.000477749
38.115 0.000695671
38.1275 0.000907805
38.14 0.00111229
38.1525 0.00130598
38.165 0.00148413
38.1775 0.00164503
38.19 0.00178516
38.2025 0.00190228
38.215 0.00199407
38.2275 0.00205822
38.24 0.00209359
38.2525 0.00209793
38.265 0.00206942
38.2775 0.00200975
38.29 0.00191817
38.3025 0.00179581
38.315 0.00164308
38.3275 0.00146142
38.34 0.00125259
38.3525 0.00101873
38.365 0.000762259
38.3775 0.000485382
38.39 0.000190013
38.4025 -0.000121192
38.415 -0.000445545
38.4275 -0.000780409
38.44 -0.00112403
38.4525 -0.00147166
38.465 -0.00182225
38.4775 -0.0021724
38.49 -0.00251928
38.5025 -0.00285947
38.515 -0.00319145
38.5275 -0.00351116
38.54 -0.00381563
38.5525 -0.00410194
38.565 -0.0043675
38.5775 -0.00460985
38.59 -0.00482677
38.6025 -0.00501593
38.615 -0.00517546
38.6275 -0.00530367
38.64 -0.00539923
38.6525 -0.00546105
38.665 -0.00548815
38.6775 -0.00548005
38.69 -0.00543846
38.7025 -0.00536343
38.715 -0.00525638
38.7275 -0.00511927
38.74 -0.00495424
38.7525 -0.00476398
38.765 -0.0045514
38.7775 -0.00431976
38.79 -0.00407265
38.8025 -0.00381374
38.815 -0.00354692
38.8275 -0.00327614
38.84 -0.00300533
38.8525 -0.00273847
38.865 -0.00247939
38.8775 -0.00223147
38.89 -0.00199759
38.9025 -0.0017812
38.915 -0.00158433
38.9275 -0.0014095
38.94 -0.00125892
38.9525 -0.00113405
38.965 -0.00103579
38.9775 -0.000964929
38.99 -0.00092203
39.0025 -0.000907148
39.015 -0.000919693
39.0275 -0.000958821
39.04 -0.00102343
39.0525 -0.00111198
39.065 -0.00122251
39.0775 -0.00135279
39.09 -0.00150037
39.1025 -0.00166261
39.115 -0.00183685
39.1275 -0.00202057
39.14 -0.00221063
39.1525 -0.00240468
39.165 -0.00260073
39.1775 -0.00279653
39.19 -0.00298983
39.2025 -0.00317875
39.215 -0.00336166
39.2275 -0.00353701
39.24 -0.00370332
39.2525 -0.00385919
39.265 -0.00400378
39.2775 -0.00413589
39.29 -0.00425283
39.3025 -0.0043545
39.315 -0.00443931
39.3275 -0.0045064
39.34 -0.00455489
39.3525 -0.00458388
39.365 -0.0045929
39.3775 -0.00458137
39.39 -0.00454904
39.4025 -0.0044957
39.415 -0.00442132
39.4275 -0.00432616
39.44 -0.00421055
39.4525 -0.00407494
39.465 -0.00391997
39.4775 -0.00374647
39.49 -0.00355546
39.5025 -0.00334816
39.515 -0.00312601
39.5275 -0.00289065
39.54 -0.00264399
39.5525 -0.00238829
39.565 -0.00212571
39.5775 -0.00185801
39.59 -0.00158788
39.6025 -0.00131839
39.615 -0.00105118
39.6275 -0.00078933
39.64 -0.000535344
39.6525 -0.000293236
39.665 -6.38072e-05
39.6775 0.000150723
39.69 0.000347254
39.7025 0.000524305
39.715 0.00067969
39.7275 0.000811514
39.74 0.000918507
39.7525 0.00100051
39.765 0.0010552
39.7775 0.00108255
39.79 0.00108213
39.8025 0.00105461
39.815 0.00100082
39.8275 0.000921805
39.84 0.000818672
39.8525 0.000694362
39.865 0.000551152
39.8775 0.000392024
39.89 0.000219853
39.9025 3.81351e-05
39.915 -0.000149312
39.9275 -0.000338669
39.94 -0.000526139
39.9525 -0.000707956
39.965 -0.000882464
39.9775 -0.00104228
39.99 -0.00118426
40.0025 -0.00130551
40.015 -0.00140248
40.0275 -0.00147276
40.04 -0.00151333
40.0525 -0.00152293
40.065 -0.00149999
40.0775 -0.00144401
40.09 -0.00135448
40.1025 -0.00123195
40.115 -0.00107753
40.1275 -0.000892783
40.14 -0.000678144
40.1525 -0.00043721
40.165 -0.000171982
40.1775 0.000114058
40.19 0.000418486
40.2025 0.000737237
40.215 0.00106612
40.2275 0.00140186
40.24 0.00174022
40.2525 0.00207685
40.265 0.00240743
40.2775 0.00272785
40.29 0.00303413
40.3025 0.00332244
40.315 0.00358921
40.3275 0.00383132
40.34 0.00404607
40.3525 0.00423166
40.365 0.00438571
40.3775 0.00450696
40.39 0.0045943
40.4025 0.00464721
40.415 0.00466613
40.4275 0.0046516
40.44 0.00460478
40.4525 0.00452711
40.465 0.00442063
40.4775 0.0042877
40.49 0.00413098
40.5025 0.00395339
40.515 0.00375811
40.5275 0.00354841
40.54 0.00332761
40.5525 0.00309899
40.565 0.00286593
40.5775 0.00263139
40.59 0.00239793
40.6025 0.00216773
40.615 0.00194261
40.6275 0.00172402
40.64 0.00151309
40.6525 0.00131064
40.665 0.00111723
40.6775 0.000933259
40.69 0.00075908
40.7025 0.000595705
40.715 0.000443176
40.7275 0.000302544
40.74 0.000174862
40.7525 6.01871e-05
40.765 -4.10449e-05
40.7775 -0.000128058
40.79 -0.000200326
40.8025 -0.000258255
40.815 -0.000302948
40.8275 -0.000329021
40.84 -0.000338755
40.8525 -0.000330085
40.865 -0.000304073
40.8775 -0.00026044
40.89 -0.000199918
40.9025 -0.000123505
40.915 -3.20522e-05
40.9275 7.17937e-05
40.94 0.000184994
40.9525 0.000306149
40.965 0.000431479
40.9775 0.000558637
40.99 0.000684553
41.0025 0.000805877
41.015 0.000920172
41.0275 0.00102266
41.04 0.00111319
41.0525 0.0011888
41.065 0.00124867
41.0775 0.00129058
41.09 0.00131338
41.1025 0.00131602
41.115 0.00129757
41.1275 0.00125778
41.14 0.00119662
41.1525 0.00111492
41.165 0.00101265
41.1775 0.000890908
41.19 0.00075104
41.2025 0.000594718
41.215 0.000423803
41.2275 0.000240544
41.24 4.72528e-05
41.2525 -0.000153963
41.265 -0.000361378
41.2775 -0.000571155
41.29 -0.000782225
41.3025 -0.000992535
41.315 -0.00119995
41.3275 -0.00140234
41.34 -0.0015982
41.3525 -0.00178614
41.365 -0.00196482
41.3775 -0.00213298
41.39 -0.00228984
41.4025 -0.00243465
41.415 -0.00256696
41.4275 -0.00268756
41.44 -0.00279691
41.4525 -0.0028939
41.465 -0.00297975
41.4775 -0.00305501
41.49 -0.0031205
41.5025 -0.00317697
41.515 -0.00322532
41.5275 -0.00326647
41.54 -0.00330127
41.5525 -0.00333051
41.565 -0.00335495
41.5775 -0.0033752
41.59 -0.00339181
41.6025 -0.00340516
41.615 -0.00341554
41.6275 -0.00342309
41.64 -0.00342785
41.6525 -0.00342976
41.665 -0.00342865
41.6775 -0.00342432
41.69 -0.0034165
41.7025 -0.00340496
41.715 -0.00338945
41.7275 -0.0033696
41.74 -0.00334454
41.7525 -0.00331564
41.765 -0.00328288
41.7775 -0.00324632
41.79 -0.00320664
41.8025 -0.00316386
41.815 -0.00311874
41.8275 -0.00307183
41.84 -0.00302352
41.8525 -0.00297446
41.865 -0.00292524
41.8775 -0.00287647
41.89 -0.00282878
41.9025 -0.00278275
41.915 -0.00273901
41.9275 -0.00269826
41.94 -0.00266114
41.9525 -0.00262831
41.965 -0.00260032
41.9775 -0.00257768
41.99 -0.00256079
42.0025 -0.00254995
42.015 -0.00254528
42.0275 -0.00254678
42.04 -0.00255428
42.0525 -0.00256744
42.065 -0.00258573
42.0775 -0.00260848
42.09 -0.00263485
42.1025 -0.00266385
42.115 -0.00269437
42.1275 -0.00272523
42.14 -0.00275516
42.1525 -0.00278287
42.165 -0.00280709
42.1775 -0.00282658
42.19 -0.00284018
42.2025 -0.00284686
42.215 -0.00284573
42.2275 -0.00283607
42.24 -0.00281738
42.2525 -0.00278936
42.265 -0.00275195
42.2775 -0.00270532
42.29 -0.00264989
42.3025 -0.00258635
42.315 -0.00251564
42.3275 -0.00243893
42.34 -0.00235759
42.3525 -0.0022732
42.365 -0.00218746
42.3775 -0.00210215
42.39 -0.0020191
42.4025 -0.0019401
42.415 -0.00186688
42.4275 -0.00180101
42.44 -0.0017439
42.4525 -0.00169674
42.465 -0.00166042
42.4775 -0.00163557
42.49 -0.00162244
42.5025 -0.00162098
42.515 -0.00163076
42.5275 -0.00165103
42.54 -0.00168074
42.5525 -0.00171853
42.565 -0.00176283
42.5775 -0.00181187
42.59 -0.00186377
42.6025 -0.00191658
42.615 -0.00196833
42.6275 -0.00201714
42.64 -0.00206126
42.6525 -0.00209912
42.665 -0.0021294
42.6775 -0.00215103
42.69 -0.00216329
42.7025 -0.00216577
42.715 -0.00215839
42.7275 -0.0021414
42.74 -0.00211537
42.7525 -0.00208114
42.765 -0.00203982
42.7775 -0.00199272
42.79 -0.00194133
42.8025 -0.00188725
42.815 -0.00183213
42.8275 -0.00177766
42.84 -0.00172567
42.8525 -0.0016765
42.865 -0.00163143
42.8775 -0.00159143
42.89 -0.00155689
42.9025 -0.0015284
42.915 -0.00150605
42.9275 -0.00148986
42.94 -0.00147966
42.9525 -0.00147495
42.965 -0.00147509
42.9775 -0.00147926
42.99 -0.00148651
43.0025 -0.00149582
43.015 -0.00150617
43.0275 -0.00151639
43.04 -0.00152534
43.0525 -0.00153262
43.065 -0.00153707
43.0775 -0.001538
43.09 -0.00153465
43.1025 -0.00152652
43.115 -0.00151351
43.1275 -0.00149513
43.14 -0.00147132
43.1525 -0.00144221
43.165 -0.00140799
43.1775 -0.001369
43.19 -0.00132571
43.2025 -0.00127867
43.215 -0.00122854
43.2275 -0.00117603
43.24 -0.00112188
43.2525 -0.00106683
43.265 -0.0010116
43.2775 -0.000956826
43.29 -0.000903183
43.3025 -0.000851094
43.315 -0.000800869
43.3275 -0.000752773
43.34 -0.000706146
43.3525 -0.000662014
43.365 -0.00062009
43.3775 -0.00058068
43.39 -0.000543505
43.4025 -0.00050914
43.415 -0.000476311
43.4275 -0.000445049
43.44 -0.000414917
43.4525 -0.000385444
43.465 -0.000356029
43.4775 -0.000325962
43.49 -0.000294486
43.5025 -0.000260892
43.515 -0.000224391
43.5275 -0.000184204
43.54 -0.000139602
43.5525 -9.06179e-05
43.565 -3.60724e-05
43.5775 2.56061e-05
43.59 9.40911e-05
43.6025 0.000170283
43.615 0.00025377
43.6275 0.000344758
43.64 0.000442745
43.6525 0.000547242
43.665 0.000657362
43.6775 0.000771911
43.69 0.000890064
43.7025 0.00101116
43.715 0.00113272
43.7275 0.00125365
43.74 0.00137202
43.7525 0.00148632
43.765 0.0015948
43.7775 0.00169589
43.79 0.00178815
43.8025 0.00187009
43.815 0.0019404
43.8275 0.0019981
43.84 0.00204251
43.8525 0.00207288
43.865 0.00208884
43.8775 0.00209027
43.89 0.0020774
43.9025 0.0020506
43.915 0.00201031
43.9275 0.00195759
43.94 0.00189358
43.9525 0.00181966
43.965 0.0017373
43.9775 0.00164815
43.99 0.00155406
44.0025 0.00145697
44.015 0.00135882
44.0275 0.0012617
44.04 0.00116761
44.0525 0.00107842
44.065 0.00099602
44.0775 0.000921996
44.09 0.000857763
44.1025 0.000804512
44.115 0.000763147
44.1275 0.000734344
44.14 0.000718497
44.1525 0.000715393
44.165 0.000724445
44.1775 0.0007447
44.19 0.000774937
44.2025 0.000813982
44.215 0.00086014
44.2275 0.000911812
44.24 0.000967369
44.2525 0.00102505
44.265 0.00108314
44.2775 0.00114006
44.29 0.00119431
44.3025 0.00124458
44.315 0.00128978
44.3275 0.001329
44.34 0.00136158
44.3525 0.00138707
44.365 0.00140526
44.3775 0.00141614
44.39 0.00141985
44.4025 0.00141672
44.415 0.00140714
44.4275 0.00139161
44.44 0.00137064
44.4525 0.00134474
44.465 0.00131407
44.4775 0.00127814
44.49 0.00123997
44.5025 0.00119906
44.515 0.00115584
44.5275 0.00110996
44.54 0.00106186
44.5525 0.00101149
44.565 0.000958833
44.5775 0.000903488
44.59 0.000844961
44.6025 0.000783172
44.615 0.000717718
44.6275 0.000648228
44.64 0.000574417
44.6525 0.000496008
44.665 0.00041292
44.6775 0.000325128
44.69 0.000233195
44.7025 0.000137022
44.715 3.61989e-05
44.7275 -6.67939e-05
44.74 -0.000170962
44.7525 -0.000275525
44.765 -0.0003798
44.7775 -0.000482406
44.79 -0.000582489
44.8025 -0.00067881
44.815 -0.000770164
44.8275 -0.000856655
44.84 -0.000936701
44.8525 -0.00100996
44.865 -0.00107578
44.8775 -0.00113347
44.89 -0.00118292
44.9025 -0.0012238
44.915 -0.00125594
44.9275 -0.00127951
44.94 -0.00129465
44.9525 -0.00130169
44.965 -0.0013011
44.9775 -0.00129342
44.99 -0.00127938
45.0025 -0.00125982
45.015 -0.00123564
45.0275 -0.00120785
45.04 -0.00117751
45.0525 -0.00114575
45.065 -0.00111373
45.0775 -0.00108258
45.09 -0.00105344
45.1025 -0.00102741
45.115 -0.00100556
45.1275 -0.000988834
45.14 -0.00097813
45.1525 -0.000974219
45.165 -0.000977758
45.1775 -0.000989267
45.19 -0.00100913
45.2025 -0.00103757
45.215 -0.00107468
45.2275 -0.00112038
45.24 -0.00117444
45.2525 -0.00123651
45.265 -0.00130607
45.2775 -0.00138254
45.29 -0.0014651
45.3025 -0.00155274
45.315 -0.00164469
45.3275 -0.00174028
45.34 -0.00183806
45.3525 -0.00193707
45.365 -0.0020367
45.3775 -0.00213615
45.39 -0.00223432
45.4025 -0.00232997
45.415 -0.00242244
45.4275 -0.00251091
45.44 -0.00259455
45.4525 -0.00267267
45.465 -0.00274469
45.4775 -0.00281015
45.49 -0.00286864
45.5025 -0.00291982
45.515 -0.0029635
45.5275 -0.00299964
45.54 -0.0030283
45.5525 -0.00304962
45.565 -0.00306383
45.5775 -0.00307129
45.59 -0.00307245
45.6025 -0.00306776
45.615 -0.00305778
45.6275 -0.0030431
45.64 -0.00302434
45.6525 -0.00300212
45.665 -0.00297708
45.6775 -0.00294982
45.69 -0.00292093
45.7025 -0.00289097
45.715 -0.00286042
45.7275 -0.00282976
45.74 -0.00279937
45.7525 -0.00276958
45.765 -0.00274048
45.7775 -0.00271274
45.79 -0.0026867
45.8025 -0.00266242
45.815 -0.00264017
45.8275 -0.00262001
45.84 -0.00260207
45.8525 -0.00258631
45.865 -0.00257266
45.8775 -0.00256108
45.89 -0.00255142
45.9025 -0.00254353
45.915 -0.00253725
45.9275 -0.00253238
45.94 -0.00252875
45.9525 -0.00252617
45.965 -0.00252448
45.9775 -0.00252349
45.99 -0.00252303
46.0025 -0.00252307
46.015 -0.00252355
46.0275 -0.00252452
46.04 -0.00252604
46.0525 -0.00252818
46.065 -0.00253108
46.0775 -0.00253483
46.09 -0.00253956
46.1025 -0.00254532
46.115 -0.00255217
46.1275 -0.0025601
46.14 -0.00256903
46.1525 -0.00257882
46.165 -0.00258924
46.1775 -0.0026
46.19 -0.00261071
46.2025 -0.00262091
46.215 -0.00263008
46.2275 -0.00263765
46.24 -0.002643
46.2525 -0.00264549
46.265 -0.00264447
46.2775 -0.00263931
46.29 -0.00262942
46.3025 -0.00261425
46.315 -0.00259336
46.3275 -0.00256636
46.34 -0.00253301
46.3525 -0.00249316
46.365 -0.00244681
46.3775 -0.00239409
46.39 -0.00233527
46.4025 -0.00227075
46.415 -0.00220106
46.4275 -0.00212684
46.44 -0.00204883
46.4525 -0.00196785
46.465 -0.00188479
46.4775 -0.00180058
46.49 -0.00171616
46.5025 -0.00163245
46.515 -0.00155035
46.5275 -0.00147071
46.54 -0.00139434
46.5525 -0.00132199
46.565 -0.00125378
46.5775 -0.0011903
46.59 -0.00113184
46.6025 -0.00107836
46.615 -0.00102992
46.6275 -0.000986404
46.64 -0.000947809
46.6525 -0.000913835
46.665 -0.000884122
46.6775 -0.000858336
46.69 -0.000836067
46.7025 -0.000816872
46.715 -0.000800259
46.7275 -0.000785743
46.74 -0.000772862
46.7525 -0.000761153
46.765 -0.000750186
46.7775 -0.000739918
46.79 -0.000728132
46.8025 -0.000716803
46.815 -0.000704792
46.8275 -0.000692742
46.84 -0.00067997
46.8525 -0.000666735
46.865 -0.000653244
46.8775 -0.000639282
46.89 -0.000624846
46.9025 -0.000609994
46.915 -0.000594884
46.9275 -0.00057954
46.94 -0.000563921
46.9525 -0.000548003
46.965 -0.000531799
46.9775 -0.00051524
46.99 -0.000498201
47.0025 -0.000480537
47.015 -0.000462091
47.0275 -0.000442669
47.04 -0.000422038
47.0525 -0.000399944
47.065 -0.000376135
47.0775 -0.000350283
47.09 -0.000322085
47.1025 -0.000291209
47.115 -0.000257344
47.1275 -0.000220204
47.14 -0.000179875
47.1525 -0.000136084
47.165 -8.75465e-05
47.1775 -3.49168e-05
47.19 2.25764e-05
47.2025 8.44529e-05
47.215 0.000150912
47.2275 0.00022154
47.24 0.000296058
47.2525 0.000374115
47.265 0.000454995
47.2775 0.00053818
47.29 0.000622775
47.3025 0.000708007
47.315 0.000792889
47.3275 0.000876479
47.34 0.000957739
47.3525 0.00103564
47.365 0.00110913
47.3775 0.00117731
47.39 0.00123926
47.4025 0.00129411
47.415 0.00134111
47.4275 0.00137967
47.44 0.0014093
47.4525 0.00142967
47.465 0.00144036
47.4775 0.00144138
47.49 0.00143271
47.5025 0.00141461
47.515 0.00138745
47.5275 0.00135179
47.54 0.00130832
47.5525 0.00125783
47.565 0.0012013
47.5775 0.00113977
47.59 0.0010744
47.6025 0.00100638
47.615 0.000936968
47.6275 0.000867439
47.64 0.000799038
47.6525 0.000732977
47.665 0.0006704
47.6775 0.000612369
47.69 0.000559838
47.7025 0.00051363
47.715 0.000474472
47.7275 0.000442769
47.74 0.000418738
47.7525 0.000402372
47.765 0.000393467
47.7775 0.000391621
47.79 0.000396261
47.8025 0.000406669
47.815 0.000422013
47.8275 0.000441362
47.84 0.000463714
47.8525 0.000488171
47.865 0.000513763
47.8775 0.000539575
47.89 0.000564745
47.9025 0.000588498
47.915 0.000610164
47.9275 0.000629178
47.94 0.000645093
47.9525 0.00065719
47.965 0.000665097
47.9775 0.000670333
47.99 0.000672134
48.0025 0.000671301
48.015 0.000667705
48.0275 0.000661838
48.04 0.00065388
48.0525 0.000644053
48.065 0.000632476
48.0775 0.000619227
48.09 0.000604313
48.1025 0.000587644
48.115 0.000569034
48.1275 0.000548224
48.14 0.000524891
48.1525 0.000498656
48.165 0.000469102
48.1775 0.000435792
48.19 0.000398304
48.2025 0.000356252
48.215 0.000309311
48.2275 0.000257236
48.24 0.000200112
48.2525 0.000137967
48.265 7.00621e-05
48.2775 -2.15051e-06
48.29 -7.82879e-05
48.3025 -0.000157104
48.315 -0.000237703
48.3275 -0.00031997
48.34 -0.000402798
48.3525 -0.000485524
48.365 -0.000566949
48.3775 -0.000646367
48.39 -0.000722868
48.4025 -0.000795778
48.415 -0.000865046
48.4275 -0.000929607
48.44 -0.000989181
48.4525 -0.00104346
48.465 -0.00109201
48.4775 -0.00113469
48.49 -0.00117137
48.5025 -0.00120203
48.515 -0.00122681
48.5275 -0.00124582
48.54 -0.00125939
48.5525 -0.00126786
48.565 -0.00127167
48.5775 -0.00127133
48.59 -0.0012674
48.6025 -0.00126052
48.615 -0.00125136
48.6275 -0.00124061
48.64 -0.00122899
48.6525 -0.00121721
48.665 -0.00120598
48.6775 -0.00119597
48.69 -0.00118783
48.7025 -0.00118215
48.715 -0.00117947
48.7275 -0.00118024
48.74 -0.00118485
48.7525 -0.00119361
48.765 -0.00120674
48.7775 -0.00122435
48.79 -0.00124649
48.8025 -0.0012731
48.815 -0.00130403
48.8275 -0.00133906
48.84 -0.00137789
48.8525 -0.00142015
48.865 -0.00146539
48.8775 -0.00151317
48.89 -0.00156321
48.9025 -0.00161467
48.915 -0.00166726
48.9275 -0.00172052
48.94 -0.00177393
48.9525 -0.00182695
48.965 -0.00187923
48.9775 -0.00193023
48.99 -0.00197962
49.0025 -0.00202702
49.015 -0.00207205
49.0275 -0.00211445
49.04 -0.00215403
49.0525 -0.0021906
49.065 -0.00222405
49.0775 -0.00225431
49.09 -0.00228144
49.1025 -0.00230554
49.115 -0.00232689
49.1275 -0.00234566
49.14 -0.00236187
49.1525 -0.00237584
49.165 -0.0023878
49.1775 -0.00239802
49.19 -0.00240675
49.2025 -0.00241424
49.215 -0.0024207
49.2275 -0.00242631
49.24 -0.00243122
49.2525 -0.00243553
49.265 -0.00243931
49.2775 -0.00244257
49.29 -0.00244528
49.3025 -0.00244738
49.315 -0.00244877
49.3275 -0.00244933
49.34 -0.00244886
49.3525 -0.00244716
49.365 -0.00244386
49.3775 -0.0024388
49.39 -0.00243233
49.4025 -0.00242406
49.415 -0.00241405
49.4275 -0.00240227
49.44 -0.00238874
49.4525 -0.00237357
49.465 -0.00235679
49.4775 -0.00233856
49.49 -0.00231903
49.5025 -0.00229838
49.515 -0.00227684
49.5275 -0.00225465
49.54 -0.00223211
49.5525 -0.00220955
49.565 -0.00218735
49.5775 -0.00216584
49.59 -0.00214541
49.6025 -0.00212639
49.615 -0.00210912
49.6275 -0.00209388
49.64 -0.00208091
49.6525 -0.00207039
49.665 -0.00206243
49.6775 -0.00205708
49.69 -0.00205429
49.7025 -0.00205395
49.715 -0.00205585
49.7275 -0.00205973
49.74 -0.00206524
49.7525 -0.00207199
49.765 -0.00207951
49.7775 -0.00208731
49.79 -0.00209488
49.8025 -0.00210169
49.815 -0.0021072
49.8275 -0.00211091
49.84 -0.00211234
49.8525 -0.00211106
49.865 -0.00210669
49.8775 -0.00209892
49.89 -0.00208751
49.9025 -0.0020723
49.915 -0.00205321
49.9275 -0.00203024
49.94 -0.00200347
49.9525 -0.00197306
49.965 -0.00193923
49.9775 -0.00190227
49.99 -0.00186249
50.0025 -0.00182027
50.015 -0.00177601
50.0275 -0.00173011
50.04 -0.00168298
50.0525 -0.00163512
50.065 -0.00158659
50.0775 -0.00153781
50.09 -0.00148902
50.1025 -0.00144048
50.115 -0.00139245
50.1275 -0.00134509
50.14 -0.0012986
50.1525 -0.00125312
50.165 -0.00120878
50.1775 -0.00116566
50.19 -0.00112383
50.2025 -0.00108332
50.215 -0.0010442
50.2275 -0.00100639
50.24 -0.000969865
50.2525 -0.00093461
50.265 -0.000900621
50.2775 -0.00086777
50.29 -0.000836093
50.3025 -0.000805532
50.315 -0.000776085
50.3275 -0.000747731
50.34 -0.000720448
50.3525 -0.00069428
50.365 -0.000669557
50.3775 -0.000645489
50.39 -0.000621934
50.4025 -0.00059997
50.415 -0.000579184
50.4275 -0.000560026
50.44 -0.000542252
50.4525 -0.000526051
50.465 -0.000511447
50.4775 -0.000498539
50.49 -0.000487275
50.5025 -0.000477579
50.515 -0.000469337
50.5275 -0.00046246
50.54 -0.000456886
50.5525 -0.000452424
50.565 -0.000448789
50.5775 -0.000445736
50.59 -0.000442996
50.6025 -0.000440238
50.615 -0.000437086
50.6275 -0.000433176
50.64 -0.00042813
50.6525 -0.000421538
50.665 -0.000413004
50.6775 -0.000402132
50.69 -0.000388571
50.7025 -0.000371999
50.715 -0.000352144
50.7275 -0.00032879
50.74 -0.000301716
50.7525 -0.000270878
50.765 -0.000236256
50.7775 -0.000197856
50.79 -0.000155831
50.8025 -0.000110398
50.815 -6.1851e-05
50.8275 -1.07084e-05
50.84 4.25639e-05
50.8525 9.81476e-05
50.865 0.000155013
50.8775 0.000213001
50.89 0.000271107
50.9025 0.000329193
50.915 0.000386351
50.9275 0.000442144
50.94 0.000495804
50.9525 0.000546776
50.965 0.000594471
50.9775 0.000638352
50.99 0.000677896
51.0025 0.000712663
51.015 0.000742286
51.0275 0.000766448
51.04 0.000784907
51.0525 0.000797503
51.065 0.000804161
51.0775 0.000804894
51.09 0.000799821
51.1025 0.000789116
51.115 0.000773057
51.1275 0.000752008
51.14 0.000726403
51.1525 0.000696747
51.165 0.000663608
51.1775 0.000627613
51.19 0.000589432
51.2025 0.000549749
51.215 0.00050926
51.2275 0.000468657
51.24 0.000428616
51.2525 0.00038979
51.265 0.00035277
51.2775 0.000318138
51.29 0.000286326
51.3025 0.00025767
51.315 0.000232394
51.3275 0.000210624
51.34 0.00019238
51.3525 0.000177586
51.365 0.000166079
51.3775 0.000157623
51.39 0.000151921
51.4025 0.00014863
51.415 0.000147377
51.4275 0.000147771
51.44 0.000149425
51.4525 0.000151798
51.465 0.000154138
51.4775 0.000157459
51.49 0.000160927
51.5025 0.00016484
51.515 0.000168861
51.5275 0.000173045
51.54 0.000177343
51.5525 0.000181708
51.565 0.00018609
51.5775 0.000190427
51.59 0.00019466
51.6025 0.000198691
51.615 0.000202391
51.6275 0.000205595
51.64 0.000208106
51.6525 0.000209692
51.665 0.000210085
51.6775 0.000208984
51.69 0.000206065
51.7025 0.000200988
51.715 0.000193407
51.7275 0.000182979
51.74 0.000169373
51.7525 0.000152289
51.765 0.000131465
51.7775 0.000106693
51.79 7.78204e-05
51.8025 4.47756e-05
51.815 7.76718e-06
51.8275 -3.32311e-05
51.84 -7.79629e-05
51.8525 -0.000126631
51.865 -0.000178328
51.8775 -0.000232458
51.89 -0.000288349
51.9025 -0.000345531
51.915 -0.000403181
51.9275 -0.000461023
51.94 -0.000518378
51.9525 -0.000574853
51.965 -0.000629747
51.9775 -0.000682726
51.99 -0.000733281
52.0025 -0.000781253
52.015 -0.00082641
52.0275 -0.000868505
52.04 -0.000907366
52.0525 -0.000942929
52.065 -0.000975366
52.0775 -0.00100463
52.09 -0.00103083
52.1025 -0.00105413
52.115 -0.00107473
52.1275 -0.00109287
52.14 -0.0011088
52.1525 -0.00112279
52.165 -0.00113514
52.1775 -0.00114617
52.19 -0.00115617
52.2025 -0.00116544
52.215 -0.00117426
52.2275 -0.00118291
52.24 -0.00119163
52.2525 -0.00120065
52.265 -0.00121014
52.2775 -0.00122028
52.29 -0.00123118
52.3025 -0.00124296
52.315 -0.00125575
52.3275 -0.00126957
52.34 -0.00128445
52.3525 -0.00130042
52.365 -0.00131748
52.3775 -0.00133555
52.39 -0.00135459
52.4025 -0.00137451
52.415 -0.00139519
52.4275 -0.00141651
52.44 -0.00143836
52.4525 -0.00146058
52.465 -0.00148303
52.4775 -0.00150559
52.49 -0.00152811
52.5025 -0.00155048
52.515 -0.00157256
52.5275 -0.00159428
52.54 -0.00161554
52.5525 -0.00163629
52.565 -0.00165648
52.5775 -0.00167608
52.59 -0.0016951
52.6025 -0.00171356
52.615 -0.0017315
52.6275 -0.00174897
52.64 -0.00176606
52.6525 -0.00178283
52.665 -0.00179944
52.6775 -0.001816
52.69 -0.00183266
52.7025 -0.00184956
52.715 -0.00186686
52.7275 -0.0018846
52.74 -0.00190293
52.7525 -0.00192193
52.765 -0.00194161
52.7775 -0.00196195
52.79 -0.00198296
52.8025 -0.00200455
52.815 -0.00202661
52.8275 -0.00204899
52.84 -0.0020715
52.8525 -0.00209392
52.865 -0.00211601
52.8775 -0.00213748
52.89 -0.00215804
52.9025 -0.00217742
52.915 -0.00219529
52.9275 -0.00221122
52.94 -0.00222502
52.9525 -0.00223663
52.965 -0.00224567
52.9775 -0.00225208
52.99 -0.00225563
53.0025 -0.00225625
53.015 -0.00225393
53.0275 -0.00224862
53.04 -0.00224035
53.0525 -0.00222923
53.065 -0.00221538
53.0775 -0.00219896
53.09 -0.00218022
53.1025 -0.00215942
53.115 -0.00213688
53.1275 -0.00211297
53.14 -0.00208803
53.1525 -0.00206247
53.165 -0.00203667
53.1775 -0.002011
53.19 -0.00198585
53.2025 -0.00196153
53.215 -0.00193836
53.2275 -0.0019166
53.24 -0.00189646
53.2525 -0.0018781
53.265 -0.00186162
53.2775 -0.00184708
53.29 -0.00183447
53.3025 -0.00182373
53.315 -0.00181474
53.3275 -0.00180735
53.34 -0.00180138
53.3525 -0.0017966
53.365 -0.00179277
53.3775 -0.00178962
53.39 -0.0017869
53.4025 -0.00178434
53.415 -0.00178169
53.4275 -0.0017787
53.44 -0.00177517
53.4525 -0.00177091
53.465 -0.00176575
53.4775 -0.00175956
53.49 -0.00175225
53.5025 -0.00174376
53.515 -0.00173404
53.5275 -0.00172307
53.54 -0.00171088
53.5525 -0.00169749
53.565 -0.00168293
53.5775 -0.00166726
53.59 -0.00165056
53.6025 -0.00163289
53.615 -0.00161399
53.6275 -0.00159405
53.64 -0.00157293
53.6525 -0.00155067
53.665 -0.00152726
53.6775 -0.00150267
53.69 -0.00147692
53.7025 -0.00145001
53.715 -0.00142197
53.7275 -0.00139281
53.74 -0.00136256
53.7525 -0.00133129
53.765 -0.00129905
53.7775 -0.00126591
53.79 -0.00123199
53.8025 -0.00119736
53.815 -0.00116217
53.8275 -0.00112655
53.84 -0.00109062
53.8525 -0.00105456
53.865 -0.00101853
53.8775 -0.00098262
53.89 -0.000946992
53.9025 -0.000911832
53.915 -0.000877202
53.9275 -0.000843353
53.94 -0.00081038
53.9525 -0.000778441
53.965 -0.000747667
53.9775 -0.000718165
53.99 -0.000690237
54.0025 -0.000663881
54.015 -0.000638465
54.0275 -0.000614544
54.04 -0.000592389
54.0525 -0.000572069
54.065 -0.00055365
54.0775 -0.000537057
54.09 -0.000522347
54.1025 -0.000509523
54.115 -0.000498495
54.1275 -0.000489322
54.14 -0.00048175
54.1525 -0.000475641
54.165 -0.000470849
54.1775 -0.000467296
54.19 -0.000464761
54.2025 -0.000462951
54.215 -0.000461626
54.2275 -0.000460553
54.24 -0.000459441
54.2525 -0.000457975
54.265 -0.000455863
54.2775 -0.000452816
54.29 -0.000448545
54.3025 -0.000442772
54.315 -0.000435244
54.3275 -0.000425746
54.34 -0.000414094
54.3525 -0.000400149
54.365 -0.000383816
54.3775 -0.00036505
54.39 -0.000343783
54.4025 -0.000320143
54.415 -0.000294186
54.4275 -0.000266031
54.44 -0.000235879
54.4525 -0.000203968
54.465 -0.000170567
54.4775 -0.000135972
54.49 -0.000100549
54.5025 -6.46712e-05
54.515 -2.86086e-05
54.5275 7.1713e-06
54.54 4.23689e-05
54.5525 7.65709e-05
54.565 0.000109414
54.5775 0.000140566
54.59 0.000169698
54.6025 0.000196508
54.615 0.000220722
54.6275 0.00024211
54.64 0.000260474
54.6525 0.000275659
54.665 0.000287557
54.6775 0.000296099
54.69 0.000301265
54.7025 0.000303088
54.715 0.000301665
54.7275 0.000297119
54.74 0.000289632
54.7525 0.000279425
54.765 0.00026676
54.7775 0.000251913
54.79 0.00023519
54.8025 0.000216906
54.815 0.000197444
54.8275 0.000177149
54.84 0.00015637
54.8525 0.00013544
54.865 0.000114669
54.8775 9.42599e-05
54.89 7.45785e-05
54.9025 5.57412e-05
54.915 3.79431e-05
54.9275 2.12592e-05
54.94 5.75974e-06
54.9525 -8.53774e-06
54.965 -2.16503e-05
54.9775 -3.36262e-05
54.99 -4.45381e-05
55.0025 -5.44713e-05
55.015 -6.35453e-05
55.0275 -7.18003e-05
55.04 -7.93396e-05
55.0525 -8.62684e-05
55.065 -9.26716e-05
55.0775 -9.86334e-05
55.09 -0.000104203
55.1025 -0.000109427
55.115 -0.00011433
55.1275 -0.000118923
55.14 -0.000123202
55.1525 -0.000127157
55.165 -0.000130773
55.1775 -0.000134032
55.19 -0.000136927
55.2025 -0.000139457
55.215 -0.000141641
55.2275 -0.000143516
