0.0025 1.3785e-05
0.0125 1.37846e-05
0.0225 1.37836e-05
0.035 1.37836e-05
0.045 1.37868e-05
0.055 1.37952e-05
0.065 1.38112e-05
0.075 1.38369e-05
0.085 1.38741e-05
0.095 1.3924e-05
0.105 1.39868e-05
0.115 1.40611e-05
0.125 1.41443e-05
0.135 1.42316e-05
0.145 1.43169e-05
0.155 1.43917e-05
0.165 1.44458e-05
0.175 1.44673e-05
0.185 1.44425e-05
0.195 1.43563e-05
0.205 1.41921e-05
0.215 1.39312e-05
0.225 1.3553e-05
0.235 1.30354e-05
0.245 1.2355e-05
0.255 1.1488e-05
0.265 1.04103e-05
0.275 9.09806e-06
0.285 7.52852e-06
0.295 5.67999e-06
0.305 3.53264e-06
0.315 1.06877e-06
0.325 -1.72686e-06
0.335 -4.86639e-06
0.345 -8.35831e-06
0.355 -1.22072e-05
0.365 -1.64135e-05
0.375 -2.09717e-05
0.385 -2.58685e-05
0.395 -3.10867e-05
0.405 -3.66031e-05
0.415 -4.23875e-05
0.425 -4.8408e-05
0.435 -5.46303e-05
0.445 -6.10184e-05
0.455 -6.75359e-05
0.465 -7.41462e-05
0.475 -8.08135e-05
0.485 -8.75027e-05
0.495 -9.41799e-05
0.5075 -0.00010246
0.52 -0.00011061
0.5325 -0.000118567
0.545 -0.00012627
0.5575 -0.000133656
0.57 -0.000140663
0.5825 -0.000147226
0.595 -0.000153282
0.6075 -0.000158764
0.62 -0.000163608
0.6325 -0.000167763
0.645 -0.000171195
0.6575 -0.000173879
0.67 -0.000175805
0.6825 -0.000176982
0.695 -0.000177436
0.7075 -0.000177207
0.72 -0.000176333
0.7325 -0.000174844
0.745 -0.000172766
0.7575 -0.000170126
0.77 -0.000166961
0.7825 -0.000163328
0.795 -0.00015929
0.8075 -0.000154921
0.82 -0.0001503
0.8325 -0.000145522
0.845 -0.000140694
0.8575 -0.000135938
0.87 -0.000131363
0.8825 -0.000127075
0.895 -0.000123188
0.9075 -0.000119829
0.92 -0.000117137
0.9325 -0.000115247
0.945 -0.000114277
0.9575 -0.000114336
0.97 -0.000115529
0.9825 -0.000117942
0.995 -0.000121645
1.005 -0.000125577
1.0175 -0.000131761
1.03 -0.000139424
1.0425 -0.000148657
1.055 -0.000159578
1.0675 -0.000172349
1.08 -0.000187177
1.0925 -0.00020432
1.105 -0.000224096
1.1175 -0.000246894
1.13 -0.000273174
1.1425 -0.000303422
1.155 -0.00033812
1.1675 -0.000377714
1.18 -0.000422585
1.1925 -0.000472984
1.205 -0.000528958
1.2175 -0.000590329
1.23 -0.000656695
1.2425 -0.000727435
1.255 -0.000801703
1.2675 -0.000878443
1.28 -0.000956422
1.2925 -0.00103427
1.305 -0.00111056
1.3175 -0.0011838
1.33 -0.00125257
1.3425 -0.00131547
1.355 -0.00137124
1.3675 -0.00141873
1.38 -0.00145698
1.3925 -0.00148524
1.405 -0.00150309
1.4175 -0.00151045
1.43 -0.00150767
1.4425 -0.00149555
1.455 -0.00147536
1.4675 -0.00144886
1.48 -0.00141822
1.4925 -0.00138606
1.505 -0.00135532
1.5175 -0.00132925
1.53 -0.0013113
1.5425 -0.001305
1.555 -0.00131391
1.5675 -0.0013415
1.58 -0.00139093
1.5925 -0.00146492
1.605 -0.0015656
1.6175 -0.00169437
1.63 -0.00185177
1.6425 -0.00203732
1.655 -0.00224938
1.6675 -0.00248513
1.68 -0.00274052
1.6925 -0.00301042
1.705 -0.00328865
1.7175 -0.00356824
1.73 -0.0038416
1.7425 -0.00410078
1.755 -0.00433768
1.7675 -0.00454428
1.78 -0.00471291
1.7925 -0.00483654
1.805 -0.00490906
1.8175 -0.00492545
1.83 -0.00488182
1.8425 -0.00477565
1.855 -0.00460596
1.8675 -0.0043735
1.88 -0.0040808
1.8925 -0.00373218
1.905 -0.00333365
1.9175 -0.00289274
1.93 -0.00241835
1.9425 -0.0019204
1.955 -0.00140954
1.9675 -0.000896787
1.98 -0.000393142
1.9925 9.09566e-05
2.0025 0.000457358
2.0125 0.000800273
2.0225 0.00111584
2.0325 0.00140088
2.0425 0.00165321
2.0525 0.00187141
2.0625 0.00205502
2.0725 0.00220478
2.0825 0.00232242
2.0925 0.00241062
2.1025 0.00247305
2.1125 0.00251425
2.1225 0.00253963
2.1325 0.00255479
2.1425 0.00256427
2.1525 0.00258185
2.1625 0.00261159
2.1725 0.00266249
2.1825 0.00274133
2.1925 0.00285517
2.2025 0.00301594
2.2125 0.00324573
2.2225 0.00365162
2.2325 0.00377672
2.2425 0.0040514
2.2525 0.00428429
2.2625 0.00454866
2.2725 0.00484637
2.2825 0.00516176
2.2925 0.00548984
2.3025 0.00582396
2.3125 0.00617625
2.3225 0.00654032
2.3325 0.00691307
2.3425 0.00728993
2.3525 0.00766583
2.3625 0.00803851
2.3725 0.00841174
2.3825 0.00877984
2.3925 0.00913348
2.4025 0.009473
2.4125 0.0097942
2.4225 0.0100964
2.4325 0.0103788
2.4425 0.0106383
2.4525 0.0108715
2.4625 0.0110754
2.4725 0.011248
2.4825 0.0113882
2.4925 0.0114947
2.5025 0.0115659
2.5125 0.0116001
2.5225 0.0115963
2.5325 0.0115549
2.5425 0.0114766
2.5525 0.0113619
2.5625 0.011212
2.5725 0.0110287
2.5825 0.0108145
2.5925 0.0105723
2.6025 0.0103058
2.6125 0.0100189
2.6225 0.00970923
2.6325 0.00934949
2.6425 0.00894038
2.6525 0.00855345
2.6625 0.00810529
2.6725 0.00763671
2.6825 0.00717131
2.6925 0.00670796
2.7025 0.00624914
2.7125 0.00581017
2.7225 0.0054047
2.7325 0.00503191
2.7425 0.00468777
2.7525 0.00438381
2.7625 0.00412131
2.7725 0.00390004
2.7825 0.00372136
2.7925 0.00358827
2.8025 0.00350058
2.8125 0.00345598
2.8225 0.00345258
2.8325 0.0034862
2.8425 0.00355276
2.8525 0.00364727
2.8625 0.00376482
2.8725 0.00390056
2.8825 0.0040485
2.8925 0.00420258
2.9025 0.00435698
2.9125 0.00450683
2.9225 0.00464697
2.9325 0.00477273
2.9425 0.00488017
2.9525 0.00496612
2.9625 0.00502812
2.9725 0.0050646
2.9825 0.00507425
2.9925 0.00505682
3.0025 0.00501304
3.0125 0.00494397
3.0225 0.00485119
3.0325 0.00473693
3.0425 0.00460529
3.0525 0.00445729
3.0625 0.00429456
3.0725 0.00412207
3.0825 0.00394126
3.0925 0.00375611
3.1025 0.00356799
3.1125 0.00338081
3.1225 0.00319686
3.1325 0.00301775
3.1425 0.00284554
3.1525 0.00268152
3.1625 0.0025263
3.1725 0.00238048
3.1825 0.00224423
3.1925 0.00211742
3.2025 0.0019994
3.2125 0.00188901
3.2225 0.00178469
3.2325 0.00168459
3.2425 0.00158654
3.2525 0.00148817
3.2625 0.00138783
3.2725 0.00128125
3.2825 0.00116441
3.2925 0.00103643
3.3025 0.00089365
3.3125 0.000733828
3.3225 0.0005542
3.3325 0.000352111
3.3425 0.000125209
3.3525 -0.000128402
3.3625 -0.00041022
3.3725 -0.000721414
3.3825 -0.00106275
3.3925 -0.00143447
3.4025 -0.00183626
3.4125 -0.00226725
3.4225 -0.00272606
3.4325 -0.00321078
3.4425 -0.00371894
3.4525 -0.00424709
3.4625 -0.00479047
3.4725 -0.00534868
3.4825 -0.00591762
3.4925 -0.00649121
3.5025 -0.00706692
3.5125 -0.00763934
3.5225 -0.00820374
3.5325 -0.00876062
3.5425 -0.00929856
3.5525 -0.00981372
3.5625 -0.0103068
3.5725 -0.0107716
3.5825 -0.0112034
3.5925 -0.0115969
3.6025 -0.0119484
3.6125 -0.0122553
3.6225 -0.0125147
3.6325 -0.0127234
3.6425 -0.0128779
3.6525 -0.012976
3.6625 -0.0130161
3.6725 -0.0129978
3.6825 -0.0129218
3.6925 -0.0127882
3.7025 -0.0125976
3.7125 -0.0123526
3.7225 -0.0120571
3.7325 -0.0117155
3.7425 -0.0113326
3.7525 -0.0109139
3.7625 -0.0104653
3.7725 -0.00999366
3.7825 -0.00950577
3.7925 -0.00900836
3.8025 -0.00850788
3.8125 -0.00801045
3.8225 -0.00752185
3.8325 -0.00704732
3.8425 -0.00659134
3.8525 -0.00615688
3.8625 -0.00574464
3.8725 -0.00535717
3.8825 -0.00499556
3.8925 -0.00465646
3.9025 -0.00433932
3.9125 -0.00404208
3.9225 -0.00376187
3.9325 -0.00349471
3.9425 -0.00323605
3.9525 -0.0029816
3.9625 -0.00272732
3.9725 -0.00246827
3.9825 -0.00220095
3.9925 -0.00191704
4.0025 -0.00162556
4.0125 -0.0013239
4.0225 -0.00100618
4.0325 -0.000678269
4.0425 -0.000337576
4.0525 1.47211e-05
4.0625 0.000376666
4.0725 0.000747035
4.0825 0.00112286
4.0925 0.00150132
4.1025 0.00187912
4.1125 0.00225202
4.1225 0.00261551
4.1325 0.00296484
4.1425 0.003295
4.1525 0.00360108
4.1625 0.00387687
4.1725 0.00411957
4.1825 0.00432487
4.1925 0.00448903
4.2025 0.00460905
4.2125 0.00468145
4.2225 0.004705
4.2325 0.00467809
4.2425 0.00460109
4.2525 0.00447494
4.2625 0.00429917
4.2725 0.00407604
4.2825 0.00380866
4.2925 0.00349909
4.3025 0.00315155
4.3125 0.00277111
4.3225 0.00236226
4.3325 0.00193019
4.3425 0.00148078
4.3525 0.00102079
4.3625 0.000555554
4.3725 8.96517e-05
4.3825 -0.000364672
4.3925 -0.000802797
4.4025 -0.00121933
4.4125 -0.0016087
4.4225 -0.00196473
4.4325 -0.0022813
4.4425 -0.00255341
4.4525 -0.00277745
4.4625 -0.0029506
4.4725 -0.00307042
4.4825 -0.00313512
4.4925 -0.00314387
4.5025 -0.0030975
4.5125 -0.00299769
4.5225 -0.00284676
4.5325 -0.0026481
4.5425 -0.00240585
4.5525 -0.00212491
4.5625 -0.00181081
4.5725 -0.0014695
4.5825 -0.00110756
4.5925 -0.000730098
4.6025 -0.000340885
4.6125 5.08892e-05
4.6225 0.000442932
4.6325 0.000829855
4.6425 0.00120687
4.6525 0.00157005
4.6625 0.00191615
4.6725 0.00224305
4.6825 0.00254894
4.6925 0.00283237
4.7025 0.00309246
4.7125 0.00332906
4.7225 0.00354396
4.7325 0.00373856
4.7425 0.00390943
4.7525 0.00406123
4.7625 0.00419431
4.7725 0.00430967
4.7825 0.00441048
4.7925 0.00449815
4.8025 0.00457478
4.8125 0.00464238
4.8225 0.00470281
4.8325 0.00475806
4.8425 0.00480962
4.8525 0.00485895
4.8625 0.00490729
4.8725 0.00495561
4.8825 0.00500456
4.8925 0.00505461
4.9025 0.0051059
4.9125 0.0051582
4.9225 0.00521086
4.9325 0.00526302
4.9425 0.0053131
4.9525 0.00535919
4.9625 0.00539911
4.9725 0.00543028
4.9825 0.00545005
4.9925 0.00545564
5.0025 0.00544431
5.0125 0.00541338
5.0225 0.00536041
5.0325 0.00528342
5.0425 0.00517972
5.0525 0.00504926
5.0625 0.00489211
5.0725 0.00470747
5.0825 0.00449691
5.0925 0.00426106
5.1025 0.00400208
5.1125 0.00372239
5.1225 0.00342501
5.1325 0.00311343
5.1425 0.00279145
5.1525 0.00246324
5.1625 0.00213319
5.1725 0.00180539
5.1825 0.0014816
5.1925 0.00116972
5.2025 0.000872785
5.2125 0.000594204
5.2225 0.000336065
5.2325 0.000100599
5.2425 -0.000109391
5.2525 -0.00029167
5.2625 -0.000444842
5.2725 -0.000568203
5.2825 -0.000661253
5.2925 -0.000724508
5.3025 -0.00075809
5.3125 -0.000762788
5.3225 -0.000740296
5.3325 -0.000692261
5.3425 -0.000621174
5.3525 -0.000529583
5.3625 -0.000420315
5.3725 -0.000296477
5.3825 -0.000161374
5.3925 -1.84616e-05
5.4025 0.000129015
5.4125 0.000277588
5.4225 0.000424946
5.4325 0.00056812
5.4425 0.000703938
5.4525 0.00083039
5.4625 0.000944937
5.4725 0.00104578
5.4825 0.00113154
5.4925 0.00120107
5.5025 0.00125346
5.5125 0.00128804
5.5225 0.00130448
5.5325 0.00130285
5.5425 0.00128369
5.5525 0.00124761
5.5625 0.0011955
5.5725 0.00112849
5.5825 0.00104796
5.5925 0.000955455
5.6025 0.000852604
5.6125 0.000741097
5.6225 0.000622651
5.6325 0.000498278
5.6425 0.000369626
5.6525 0.000238935
5.6625 0.000106737
5.6725 -2.54649e-05
5.6825 -0.000157014
5.6925 -0.000287609
5.7025 -0.000416811
5.7125 -0.000544342
5.7225 -0.000669948
5.7325 -0.000793743
5.7425 -0.000916048
5.7525 -0.00103707
5.7625 -0.00115713
5.7725 -0.00127652
5.7825 -0.00139534
5.7925 -0.0015138
5.8025 -0.00163188
5.8125 -0.00174945
5.8225 -0.00186617
5.8325 -0.00198152
5.8425 -0.00209476
5.8525 -0.00220497
5.8625 -0.00231103
5.8725 -0.00241162
5.8825 -0.00250527
5.8925 -0.00259037
5.9025 -0.00266524
5.9125 -0.00272823
5.9225 -0.00277759
5.9325 -0.0028117
5.9425 -0.00282903
5.9525 -0.00282821
5.9625 -0.00280812
5.9725 -0.00276794
5.9825 -0.00270701
5.9925 -0.00262495
6.0025 -0.00252176
6.0125 -0.0023978
6.0225 -0.0022537
6.0325 -0.00209035
6.0425 -0.00190895
6.0525 -0.00171092
6.0625 -0.00149796
6.0725 -0.00127193
6.0825 -0.00103485
6.0925 -0.000788443
6.1025 -0.000534511
6.1125 -0.000274232
6.1225 -1.0864e-05
6.1325 0.000254894
6.1425 0.000520824
6.1525 0.000784868
6.1625 0.00104522
6.1725 0.00130018
6.1825 0.0015481
6.1925 0.00178714
6.2025 0.00201536
6.2125 0.00223087
6.2225 0.00243197
6.2325 0.00261702
6.2425 0.00278446
6.2525 0.00293272
6.2625 0.00306033
6.2725 0.00316603
6.2825 0.00324873
6.2925 0.00330757
6.3025 0.00334184
6.3125 0.00335101
6.3225 0.00333491
6.3325 0.00329367
6.3425 0.00322753
6.3525 0.00313713
6.3625 0.00302338
6.3725 0.00288745
6.3825 0.00273073
6.3925 0.00255482
6.4025 0.0023615
6.4125 0.0021527
6.4225 0.00193047
6.4325 0.00169687
6.4425 0.00145401
6.4525 0.001204
6.4625 0.0009489
6.4725 0.000688969
6.4825 0.00042725
6.4925 0.000165783
6.5025 -9.43022e-05
6.5125 -0.00035194
6.5225 -0.00060682
6.5325 -0.000857859
6.5425 -0.00110392
6.5525 -0.00134394
6.5625 -0.00157723
6.5725 -0.00180329
6.5825 -0.0020215
6.5925 -0.00223094
6.6025 -0.00243062
6.6125 -0.00261965
6.6225 -0.00279714
6.6325 -0.00296226
6.6425 -0.0031139
6.6525 -0.00325091
6.6625 -0.00337203
6.6725 -0.00347604
6.6825 -0.00356178
6.6925 -0.00362804
6.7025 -0.00367363
6.7125 -0.00369738
6.7225 -0.00369824
6.7325 -0.00367538
6.7425 -0.00362828
6.7525 -0.00355643
6.7625 -0.00345962
6.7725 -0.003338
6.7825 -0.00319208
6.7925 -0.0030226
6.8025 -0.00283063
6.8125 -0.00261759
6.8225 -0.00238522
6.8325 -0.00213559
6.8425 -0.00187103
6.8525 -0.00159413
6.8625 -0.00130762
6.8725 -0.00101374
6.8825 -0.000714519
6.8925 -0.000413597
6.9025 -0.00011351
6.9125 0.0001839
6.9225 0.000475402
6.9325 0.000758578
6.9425 0.00103118
6.9525 0.00129141
6.9625 0.00153758
6.9725 0.00176798
6.9825 0.00198112
6.9925 0.00217588
7.0025 0.00235155
7.0125 0.00250771
7.0225 0.00264394
7.0325 0.00276055
7.0425 0.00285774
7.0525 0.00293605
7.0625 0.0029963
7.0725 0.00303945
7.0825 0.00306664
7.0925 0.003079
7.1025 0.00307778
7.1125 0.00306392
7.1225 0.00303875
7.1325 0.00300382
7.1425 0.00296066
7.1525 0.00290994
7.1625 0.00285137
7.1725 0.00278727
7.1825 0.00271773
7.1925 0.00264374
7.2025 0.00256616
7.2125 0.00248526
7.2225 0.00240151
7.2325 0.00231542
7.2425 0.00222691
7.2525 0.00213611
7.2625 0.00204321
7.2725 0.00194779
7.2825 0.00184986
7.2925 0.00174914
7.3025 0.00164544
7.3125 0.00153852
7.3225 0.0014282
7.3325 0.00131452
7.3425 0.00119746
7.3525 0.00107721
7.3625 0.000954075
7.3725 0.000828642
7.3825 0.000701374
7.3925 0.000572534
7.4025 0.00044444
7.4125 0.000317799
7.4225 0.000194788
7.4325 7.55227e-05
7.4425 -3.90156e-05
7.4525 -0.000146895
7.4625 -0.000247673
7.4725 -0.000339222
7.4825 -0.0004196
7.4925 -0.000487416
7.5025 -0.000540896
7.5125 -0.00057845
7.5225 -0.000598506
7.5325 -0.000599527
7.5425 -0.000580137
7.5525 -0.000539444
7.5625 -0.000476794
7.5725 -0.000391708
7.5825 -0.000284116
7.5925 -0.000154293
7.6025 -2.88151e-06
7.6125 0.000169107
7.6225 0.000360627
7.6325 0.000569939
7.6425 0.000796689
7.6525 0.00103819
7.6625 0.00129267
7.6725 0.00155843
7.6825 0.00183303
7.6925 0.00211442
7.7025 0.00240061
7.7125 0.00268963
7.7225 0.00297927
7.7325 0.00326746
7.7425 0.00355227
7.7525 0.0038315
7.7625 0.00410345
7.7725 0.00436629
7.7825 0.00461826
7.7925 0.0048578
7.8025 0.00508343
7.8125 0.00529385
7.8225 0.0054878
7.8325 0.00566414
7.8425 0.00582181
7.8525 0.00595982
7.8625 0.00607734
7.8725 0.00617361
7.8825 0.00624799
7.8925 0.00629993
7.9025 0.00632897
7.9125 0.00633479
7.9225 0.00631728
7.9325 0.00627648
7.9425 0.00621243
7.9525 0.00612546
7.9625 0.00601606
7.9725 0.00588481
7.9825 0.00573195
7.9925 0.00555966
8.0025 0.00536867
8.015 0.00510594
8.0275 0.00481937
8.04 0.00451235
8.0525 0.00418849
8.065 0.00385133
8.0775 0.00350491
8.09 0.00315302
8.1025 0.00279928
8.115 0.00244693
8.1275 0.0020962
8.14 0.00175348
8.1525 0.00141907
8.165 0.00109552
8.1775 0.000782413
8.19 0.000481005
8.2025 0.000192921
8.215 -8.03369e-05
8.2275 -0.000338543
8.24 -0.000580874
8.2525 -0.00080632
8.265 -0.00101364
8.2775 -0.00120207
8.29 -0.0013709
8.3025 -0.00151934
8.315 -0.0016464
8.3275 -0.00175128
8.34 -0.00183331
8.3525 -0.00189181
8.365 -0.00192605
8.3775 -0.0019354
8.39 -0.00191959
8.4025 -0.00187858
8.415 -0.00181244
8.4275 -0.0017217
8.44 -0.00160726
8.4525 -0.00147038
8.465 -0.00131272
8.4775 -0.00113631
8.49 -0.000943653
8.5025 -0.000737627
8.515 -0.000521488
8.5275 -0.00029882
8.54 -7.32839e-05
8.5525 0.000150839
8.565 0.00037129
8.5775 0.00058281
8.59 0.000782082
8.6025 0.000964933
8.615 0.00112782
8.6275 0.00126758
8.64 0.00138118
8.6525 0.00146576
8.665 0.00151896
8.6775 0.00153899
8.69 0.00152458
8.7025 0.00147501
8.715 0.00139035
8.7275 0.00127124
8.74 0.00111913
8.7525 0.000936012
8.765 0.000724431
8.7775 0.000487585
8.79 0.000227295
8.8025 -5.15851e-05
8.815 -0.000345065
8.8275 -0.000649381
8.84 -0.00096193
8.8525 -0.00127893
8.865 -0.00159621
8.8775 -0.00190995
8.89 -0.00221695
8.9025 -0.00251399
8.915 -0.00279765
8.9275 -0.0030647
8.94 -0.00331239
8.9525 -0.00353823
8.965 -0.0037398
8.9775 -0.00391477
8.99 -0.00406108
9.0025 -0.004177
9.015 -0.00426096
9.0275 -0.00431153
9.04 -0.00432754
9.0525 -0.00430821
9.065 -0.00425328
9.0775 -0.00416254
9.09 -0.00403643
9.1025 -0.00387588
9.115 -0.00368233
9.1275 -0.0034576
9.14 -0.00320405
9.1525 -0.00292453
9.165 -0.0026223
9.1775 -0.002301
9.19 -0.00196452
9.2025 -0.00161686
9.215 -0.00126138
9.2275 -0.000900693
9.24 -0.000539998
9.2525 -0.000181016
9.265 0.000172097
9.2775 0.000516398
9.29 0.000849546
9.3025 0.00116955
9.315 0.00147416
9.3275 0.00176135
9.34 0.00202965
9.3525 0.00227804
9.365 0.00250583
9.3775 0.00271205
9.39 0.00289609
9.4025 0.00305755
9.415 0.00319587
9.4275 0.00331081
9.44 0.00340221
9.4525 0.003467
9.465 0.00350665
9.4775 0.00351962
9.49 0.0035066
9.5025 0.00346742
9.515 0.00340254
9.5275 0.0033127
9.54 0.00319882
9.5525 0.00306219
9.565 0.00290416
9.5775 0.00272645
9.59 0.00253098
9.6025 0.00231984
9.615 0.00209531
9.6275 0.00185985
9.64 0.0016161
9.6525 0.00136686
9.665 0.00111513
9.6775 0.000863916
9.69 0.000614462
9.7025 0.000372387
9.715 0.000139852
9.7275 -7.95329e-05
9.74 -0.000283806
9.7525 -0.000470034
9.765 -0.000634805
9.7775 -0.000775021
9.79 -0.000887917
9.8025 -0.000970916
9.815 -0.00102125
9.8275 -0.00103657
9.84 -0.0010153
9.8525 -0.000956791
9.865 -0.000860697
9.8775 -0.000727576
9.89 -0.000558987
9.9025 -0.000357376
9.915 -0.000125944
9.9275 0.000131808
9.94 0.000412002
9.9525 0.000710609
9.965 0.00102202
9.9775 0.00134161
9.99 0.00166386
10.0025 0.00198386
10.015 0.00229705
10.0275 0.00259887
10.04 0.002885
10.0525 0.00315167
10.065 0.00339573
10.0775 0.00361456
10.09 0.00380652
10.1025 0.00396994
10.115 0.00410408
10.1275 0.00420854
10.14 0.00428338
10.1525 0.00432894
10.165 0.00434589
10.1775 0.00433525
10.19 0.00429814
10.2025 0.00423588
10.215 0.00414992
10.2275 0.00404181
10.24 0.00391316
10.2525 0.0037656
10.265 0.00360088
10.2775 0.00342063
10.29 0.00322651
10.3025 0.00302017
10.315 0.00280323
10.3275 0.00257728
10.34 0.00234395
10.3525 0.00210486
10.365 0.00186172
10.3775 0.00161628
10.39 0.00136834
10.4025 0.00112169
10.415 0.000877068
10.4275 0.000636731
10.44 0.000401493
10.4525 0.000172415
10.465 -4.86764e-05
10.4775 -0.000259766
10.49 -0.00045914
10.5025 -0.00064534
10.515 -0.000816385
10.5275 -0.000970714
10.54 -0.00110663
10.5525 -0.00122284
10.565 -0.00131803
10.5775 -0.00139102
10.59 -0.00144079
10.6025 -0.00146668
10.615 -0.00146834
10.6275 -0.00144585
10.64 -0.0013994
10.6525 -0.0013297
10.665 -0.00123798
10.6775 -0.0011258
10.69 -0.000995056
10.7025 -0.00084805
10.715 -0.000687486
10.7275 -0.000516371
10.74 -0.000337929
10.7525 -0.000155421
10.765 2.75141e-05
10.7775 0.000208516
10.79 0.000384015
10.8025 0.000550811
10.815 0.000705745
10.8275 0.0008461
10.84 0.00096967
10.8525 0.00107427
10.865 0.00115796
10.8775 0.00121916
10.89 0.00125688
10.9025 0.00127051
10.915 0.00125981
10.9275 0.00122504
10.94 0.00116687
10.9525 0.00108664
10.965 0.000986151
10.9775 0.000867584
10.99 0.000733529
11.0025 0.000586929
11.015 0.000430611
11.0275 0.000267029
11.04 0.000100701
11.0525 -6.58943e-05
11.065 -0.000229472
11.0775 -0.000388155
11.09 -0.000539441
11.1025 -0.000680912
11.115 -0.000810602
11.1275 -0.000927214
11.14 -0.00102976
11.1525 -0.00111738
11.165 -0.00118958
11.1775 -0.00124634
11.19 -0.00128802
11.2025 -0.00131514
11.215 -0.00132835
11.2275 -0.0013286
11.24 -0.00131692
11.2525 -0.00129437
11.265 -0.001262
11.2775 -0.00122078
11.29 -0.00117157
11.3025 -0.0011151
11.315 -0.00105186
11.3275 -0.000982165
11.34 -0.000906116
11.3525 -0.000823642
11.365 -0.000734529
11.3775 -0.000638453
11.39 -0.000535144
11.4025 -0.000424287
11.415 -0.00030561
11.4275 -0.00017923
11.44 -4.50292e-05
11.4525 9.76405e-05
11.465 0.000247183
11.4775 0.000402968
11.49 0.000563613
11.5025 0.000727726
11.515 0.000893335
11.5275 0.00105812
11.54 0.00121951
11.5525 0.00137481
11.565 0.0015212
11.5775 0.00165579
11.59 0.00177575
11.6025 0.00187842
11.615 0.00196142
11.6275 0.00202267
11.64 0.00206046
11.6525 0.00207356
11.665 0.00206131
11.6775 0.00202371
11.69 0.00196114
11.7025 0.00187468
11.715 0.00176603
11.7275 0.00163736
11.74 0.0014913
11.7525 0.00133089
11.765 0.00115947
11.7775 0.000980596
11.79 0.000797888
11.8025 0.000613742
11.815 0.000432209
11.8275 0.000256281
11.84 8.87183e-05
11.8525 -6.89723e-05
11.865 -0.000215493
11.8775 -0.000349386
11.89 -0.000469426
11.9025 -0.000575118
11.915 -0.000666381
11.9275 -0.000743163
11.94 -0.000805448
11.9525 -0.000853517
11.965 -0.000888068
11.9775 -0.000909099
11.99 -0.000917083
12.0025 -0.000912322
12.015 -0.00089524
12.0275 -0.000866059
12.04 -0.000825165
12.0525 -0.000772705
12.065 -0.000708883
12.0775 -0.000633882
12.09 -0.000547896
12.1025 -0.000451136
12.115 -0.00034387
12.1275 -0.000226428
12.14 -9.92404e-05
12.1525 3.7252e-05
12.165 0.000182208
12.1775 0.000336121
12.19 0.000497323
12.2025 0.000664958
12.215 0.000837614
12.2275 0.00101403
12.24 0.0011926
12.2525 0.00137139
12.265 0.00154824
12.2775 0.00172091
12.29 0.00188708
12.3025 0.00204436
12.315 0.00219032
12.3275 0.00232256
12.34 0.00243877
12.3525 0.00253707
12.365 0.00261569
12.3775 0.00267316
12.39 0.00270836
12.4025 0.00272055
12.415 0.00270947
12.4275 0.00267537
12.44 0.00261878
12.4525 0.00254086
12.465 0.0024432
12.4775 0.00232778
12.49 0.0021969
12.5025 0.00205309
12.515 0.00189918
12.5275 0.001738
12.54 0.00157243
12.5525 0.0014052
12.565 0.00123896
12.5775 0.00107557
12.59 0.000916559
12.6025 0.000764706
12.615 0.000620579
12.6275 0.000485694
12.64 0.000359986
12.6525 0.000243443
12.665 0.000136759
12.6775 4.0336e-05
12.69 -4.57166e-05
12.7025 -0.000121523
12.715 -0.000186966
12.7275 -0.000241807
12.74 -0.000285842
12.7525 -0.000318952
12.765 -0.00034091
12.7775 -0.000351349
12.79 -0.00034987
12.8025 -0.000336217
12.815 -0.000310146
12.8275 -0.000271492
12.84 -0.000220249
12.8525 -0.000156517
12.865 -8.06583e-05
12.8775 6.78151e-06
12.89 0.000105047
12.9025 0.000213157
12.915 0.000330014
12.9275 0.000454116
12.94 0.000584339
12.9525 0.000719857
12.965 0.000858186
12.9775 0.00099785
12.99 0.001137
13.0025 0.00127403
13.015 0.00140715
13.0275 0.00153454
13.04 0.00165447
13.0525 0.00176538
13.065 0.00186582
13.0775 0.00195448
13.09 0.00203016
13.1025 0.00209184
13.115 0.00213877
13.1275 0.00217038
13.14 0.00218628
13.1525 0.00218634
13.165 0.00217073
13.1775 0.00213977
13.19 0.00209401
13.2025 0.00203426
13.215 0.0019615
13.2275 0.00187685
13.24 0.00178161
13.2525 0.00167713
13.265 0.00156487
13.2775 0.00144637
13.29 0.00132317
13.3025 0.00119672
13.315 0.00106882
13.3275 0.000939968
13.34 0.000813074
13.3525 0.000688894
13.365 0.000569166
13.3775 0.000455016
13.39 0.000347231
13.4025 0.000246892
13.415 0.0001553
13.4275 7.35449e-05
13.44 2.41193e-06
13.4525 -5.7346e-05
13.465 -0.000104885
13.4775 -0.000139502
13.49 -0.000160697
13.5025 -0.000168183
13.515 -0.00016176
13.5275 -0.000141601
13.54 -0.000108099
13.5525 -6.19966e-05
13.565 -4.24536e-06
13.5775 6.39698e-05
13.59 0.000141233
13.6025 0.000225862
13.615 0.000316025
13.6275 0.000409787
13.64 0.000505095
13.6525 0.000600903
13.665 0.000694625
13.6775 0.000784557
13.69 0.000868906
13.7025 0.000946312
13.715 0.00101547
13.7275 0.00107519
13.74 0.00112454
13.7525 0.00116285
13.765 0.00118974
13.7775 0.00120502
13.79 0.00120872
13.8025 0.00120118
13.815 0.00118293
13.8275 0.00115466
13.84 0.00111725
13.8525 0.0010717
13.865 0.00101909
13.8775 0.000960546
13.89 0.000897205
13.9025 0.000830176
13.915 0.00076051
13.9275 0.000688725
13.94 0.000615919
13.9525 0.000542778
13.965 0.000469754
13.9775 0.000397139
13.99 0.000325326
14.0025 0.000254178
14.015 0.000183533
14.0275 0.000113368
14.04 4.36865e-05
14.0525 -2.56769e-05
14.065 -9.49061e-05
14.0775 -0.000163992
14.09 -0.000232808
14.1025 -0.000301134
14.115 -0.000368647
14.1275 -0.000434848
14.14 -0.000499038
14.1525 -0.00056037
14.165 -0.000617881
14.1775 -0.000670508
14.19 -0.000717088
14.2025 -0.000756402
14.215 -0.000787231
14.2275 -0.000808411
14.24 -0.000818848
14.2525 -0.000817559
14.265 -0.000803755
14.2775 -0.000776912
14.29 -0.000736674
14.3025 -0.000683038
14.315 -0.000616287
14.3275 -0.000536993
14.34 -0.000446007
14.3525 -0.000344465
14.365 -0.000233763
14.3775 -0.000115514
14.39 8.62565e-06
14.4025 0.000136636
14.415 0.000267638
14.4275 0.000399016
14.44 0.000529247
14.4525 0.000656211
14.465 0.000778273
14.4775 0.00089385
14.49 0.00100144
14.5025 0.00109957
14.515 0.00118703
14.5275 0.00126289
14.54 0.00132648
14.5525 0.00137735
14.565 0.00141534
14.5775 0.00144061
14.59 0.0014536
14.6025 0.0014551
14.615 0.00144603
14.6275 0.00142748
14.64 0.00140089
14.6525 0.00136788
14.665 0.00133012
14.6775 0.00128909
14.69 0.00124643
14.7025 0.00120364
14.715 0.00116208
14.7275 0.00112289
14.74 0.00108702
14.7525 0.00105516
14.765 0.00102774
14.7775 0.00100491
14.79 0.000986635
14.8025 0.000972602
14.815 0.000962352
14.8275 0.000955265
14.84 0.000950588
14.8525 0.000947503
14.865 0.000945164
14.8775 0.000942735
14.89 0.000939439
14.9025 0.000934601
14.915 0.000927675
14.9275 0.000918276
14.94 0.0009062
14.9525 0.000891437
14.965 0.000874215
14.9775 0.000854965
14.99 0.000834323
15.0025 0.000813095
15.015 0.000792216
15.0275 0.000772699
15.04 0.000755586
15.0525 0.000741847
15.065 0.000732322
15.0775 0.000727943
15.09 0.000729124
15.1025 0.000736019
15.115 0.000748615
15.1275 0.000766649
15.14 0.000789545
15.1525 0.000816475
15.165 0.000846359
15.1775 0.000877918
15.19 0.000909723
15.2025 0.000940226
15.215 0.000967836
15.2275 0.000990957
15.24 0.00100807
15.2525 0.00101781
15.265 0.00101899
15.2775 0.0010107
15.29 0.00099237
15.3025 0.000963777
15.315 0.000925102
15.3275 0.000876933
15.34 0.000820262
15.3525 0.000756449
15.365 0.000687187
15.3775 0.000614437
15.39 0.000539854
15.4025 0.00046586
15.415 0.00039481
15.4275 0.000328674
15.44 0.000269309
15.4525 0.000218234
15.465 0.000176555
15.4775 0.000145414
15.49 0.000125628
15.5025 0.000117491
15.515 0.000120788
15.5275 0.000135035
15.54 0.00015949
15.5525 0.000192921
15.565 0.000233724
15.5775 0.00028018
15.59 0.000330318
15.6025 0.000382313
15.615 0.000434749
15.6275 0.000485319
15.64 0.000532559
15.6525 0.000575123
15.665 0.000612103
15.6775 0.000642816
15.69 0.000666928
15.7025 0.000684488
15.715 0.000695923
15.7275 0.000702001
15.74 0.000703697
15.7525 0.000702217
15.765 0.000698954
15.7775 0.000695381
15.79 0.000692946
15.8025 0.000693013
15.815 0.000696807
15.8275 0.000705331
15.84 0.000719307
15.8525 0.000739109
15.865 0.000764645
15.8775 0.000795556
15.89 0.000831127
15.9025 0.000870546
15.915 0.000912111
15.9275 0.000954498
15.94 0.000995904
15.9525 0.00103443
15.965 0.00106815
15.9775 0.00109532
15.99 0.00111408
16.0025 0.00112294
16.0125 0.00112196
16.0225 0.00111317
16.0325 0.00109623
16.0425 0.00107091
16.0525 0.00103708
16.0625 0.000994857
16.0725 0.000944534
16.0825 0.000886621
16.0925 0.000821688
16.1025 0.000750488
16.1125 0.000673926
16.1225 0.000593077
16.1325 0.00050843
16.1425 0.000421592
16.1525 0.000333872
16.1625 0.000246301
16.1725 0.00016017
16.1825 7.61791e-05
16.1925 -4.62824e-06
16.2025 -8.12069e-05
16.2125 -0.000152549
16.2225 -0.000217838
16.2325 -0.000276472
16.2425 -0.000327949
16.2525 -0.00037184
16.2625 -0.000407799
16.2725 -0.000435633
16.2825 -0.000455334
16.2925 -0.000467032
16.3025 -0.000470962
16.3125 -0.000467474
16.3225 -0.000456921
16.3325 -0.000439789
16.3425 -0.000416679
16.3525 -0.000388242
16.3625 -0.000355143
16.3725 -0.000318044
16.3825 -0.000277614
16.3925 -0.000234529
16.4025 -0.000189448
16.4125 -0.00014298
16.4225 -9.56714e-05
16.4325 -4.80044e-05
16.4425 -3.72573e-07
16.4525 4.68619e-05
16.4625 9.33547e-05
16.4725 0.000139045
16.4825 0.000184071
16.4925 0.000228132
16.5025 0.000271146
16.5125 0.000313195
16.5225 0.000354308
16.5325 0.000394643
16.5425 0.000434193
16.5525 0.000472929
16.5625 0.000510853
16.5725 0.000547901
16.5825 0.00058402
16.5925 0.000619084
16.6025 0.000652909
16.6125 0.000685249
16.6225 0.000715814
16.6325 0.000744282
16.6425 0.000770308
16.6525 0.000793483
16.6625 0.000813371
16.6725 0.00082953
16.6825 0.000841505
16.6925 0.000848845
16.7025 0.000851121
16.7125 0.000847936
16.7225 0.000838948
16.7325 0.000823898
16.7425 0.000802567
16.7525 0.000774849
16.7625 0.000740748
16.7725 0.000700381
16.7825 0.000653975
16.7925 0.000601882
16.8025 0.000544582
16.8125 0.000482674
16.8225 0.000416871
16.8325 0.000347838
16.8425 0.000276021
16.8525 0.000203058
16.8625 0.000129492
16.8725 5.65436e-05
16.8825 -1.49681e-05
16.8925 -8.43096e-05
16.9025 -0.000150506
16.9125 -0.00021257
16.9225 -0.000269531
16.9325 -0.00032058
16.9425 -0.000365033
16.9525 -0.000402258
16.9625 -0.000431658
16.9725 -0.000452717
16.9825 -0.000465067
16.9925 -0.000468502
17.0025 -0.000462992
17.0125 -0.000448642
17.0225 -0.000425588
17.0325 -0.000394154
17.0425 -0.000354828
17.0525 -0.000308226
17.0625 -0.000255048
17.0725 -0.000196055
17.0825 -0.000132077
17.0925 -6.39922e-05
17.1025 7.49471e-06
17.1125 8.1069e-05
17.1225 0.00015673
17.1325 0.000233383
17.1425 0.000310329
17.1525 0.000387054
17.1625 0.000462814
17.1725 0.000537214
17.1825 0.000609866
17.1925 0.000680483
17.2025 0.000748804
17.2125 0.000814619
17.2225 0.000877812
17.2325 0.000938367
17.2425 0.000996347
17.2525 0.0010518
17.2625 0.0011046
17.2725 0.00115487
17.2825 0.00120285
17.2925 0.00124852
17.3025 0.00129199
17.3125 0.00133342
17.3225 0.00137298
17.3325 0.00141078
17.3425 0.00144694
17.3525 0.00148156
17.3625 0.00151474
17.3725 0.00154709
17.3825 0.00157773
17.3925 0.00160615
17.4025 0.00163306
17.4125 0.00165767
17.4225 0.00167997
17.4325 0.00169999
17.4425 0.00171726
17.4525 0.00173167
17.4625 0.00174307
17.4725 0.00175122
17.4825 0.00175597
17.4925 0.00175718
17.5025 0.00175469
17.5125 0.00174844
17.5225 0.00173833
17.5325 0.00172435
17.5425 0.00170652
17.5525 0.0016849
17.5625 0.0016596
17.5725 0.00163079
17.5825 0.00159867
17.5925 0.00156353
17.6025 0.00152567
17.6125 0.00148546
17.6225 0.00144331
17.6325 0.00139965
17.6425 0.00135495
17.6525 0.00130976
17.6625 0.00126463
17.6725 0.00122014
17.6825 0.00117691
17.6925 0.0011355
17.7025 0.00109646
17.7125 0.00106031
17.7225 0.0010275
17.7325 0.000998379
17.7425 0.000973188
17.7525 0.000952409
17.7625 0.000936038
17.7725 0.000924235
17.7825 0.000916917
17.7925 0.00091395
17.8025 0.000915107
17.8125 0.000920088
17.8225 0.000928538
17.8325 0.000939992
17.8425 0.00095392
17.8525 0.000969835
17.8625 0.000987157
17.8725 0.00100531
17.8825 0.00102371
17.8925 0.00104183
17.9025 0.00105913
17.9125 0.00107512
17.9225 0.00108938
17.9325 0.00110155
17.9425 0.00111132
17.9525 0.00111845
17.9625 0.00112278
17.9725 0.00112423
17.9825 0.00112273
17.9925 0.00111834
18.0025 0.00111117
18.0125 0.00110139
18.0225 0.0010892
18.0325 0.00107483
18.0425 0.0010586
18.0525 0.00104086
18.0625 0.00102205
18.0725 0.00100219
18.0825 0.000981775
18.0925 0.000961024
18.1025 0.000940242
18.1125 0.000919709
18.1225 0.000899613
18.1325 0.000880139
18.1425 0.000861395
18.1525 0.00084345
18.1625 0.000826313
18.1725 0.000809931
18.1825 0.000794193
18.1925 0.000778928
18.2025 0.000763919
18.2125 0.000748906
18.2225 0.000733588
18.2325 0.000717639
18.2425 0.000700713
18.2525 0.000682459
18.2625 0.000662531
18.2725 0.0006406
18.2825 0.000616366
18.2925 0.000589569
18.3025 0.000559982
18.3125 0.000527259
18.3225 0.000491479
18.3325 0.000452556
18.3425 0.000410488
18.3525 0.000365401
18.3625 0.000317468
18.3725 0.00026692
18.3825 0.000214084
18.3925 0.000159447
18.4025 0.000103284
18.4125 4.59993e-05
18.4225 -1.18702e-05
18.4325 -6.9706e-05
18.4425 -0.000126886
18.4525 -0.000182839
18.4625 -0.000237015
18.4725 -0.000288845
18.4825 -0.000337751
18.4925 -0.000383185
18.5025 -0.000424667
18.5125 -0.000461801
18.5225 -0.000494254
18.5325 -0.000521749
18.5425 -0.000544076
18.5525 -0.000561108
18.5625 -0.000572809
18.5725 -0.00057923
18.5825 -0.000580512
18.5925 -0.00057687
18.6025 -0.000568549
18.6125 -0.000555898
18.6225 -0.000539335
18.6325 -0.000519329
18.6425 -0.000496372
18.6525 -0.000470978
18.6625 -0.000443637
18.6725 -0.000414892
18.6825 -0.000385289
18.6925 -0.000355307
18.7025 -0.000325408
18.7125 -0.000295986
18.7225 -0.000267397
18.7325 -0.000239965
18.7425 -0.000213985
18.7525 -0.000189631
18.7625 -0.000167139
18.7725 -0.000146649
18.7825 -0.000128239
18.7925 -0.000112017
18.8025 -9.79011e-05
18.8125 -8.58318e-05
18.8225 -7.57116e-05
18.8325 -6.7428e-05
18.8425 -6.08376e-05
18.8525 -5.57667e-05
18.8625 -5.20175e-05
18.8725 -4.9381e-05
18.8825 -4.76624e-05
18.8925 -4.66592e-05
18.9025 -4.61685e-05
18.9125 -4.59891e-05
18.9225 -4.59337e-05
18.9325 -4.58305e-05
18.9425 -4.55233e-05
18.9525 -4.48697e-05
18.9625 -4.37414e-05
18.9725 -4.20303e-05
18.9825 -3.96533e-05
18.9925 -3.65547e-05
19.0025 -3.26986e-05
19.0125 -2.80684e-05
19.0225 -2.26647e-05
19.0325 -1.65024e-05
19.0425 -9.61069e-06
19.0525 -2.02984e-06
19.0625 6.20271e-06
19.0725 1.50224e-05
19.0825 2.43838e-05
19.0925 3.42522e-05
19.1025 4.4584e-05
19.1125 5.53343e-05
19.1225 6.64615e-05
19.1325 7.79378e-05
19.1425 8.97498e-05
19.1525 0.000101893
19.1625 0.000114375
19.1725 0.000127206
19.1825 0.000140411
19.1925 0.000154087
19.2025 0.000168246
19.2125 0.00018294
19.2225 0.000198262
19.2325 0.000214276
19.2425 0.000231064
19.2525 0.000248696
19.2625 0.000267239
19.2725 0.000286751
19.2825 0.000307277
19.2925 0.000328855
19.3025 0.000351509
19.3125 0.000375252
19.3225 0.000400064
19.3325 0.000425864
19.3425 0.000452766
19.3525 0.000480683
19.3625 0.000509576
19.3725 0.000539369
19.3825 0.000569957
19.3925 0.000601235
19.4025 0.000633064
19.4125 0.000665299
19.4225 0.000697828
19.4325 0.000730414
19.4425 0.000762865
19.4525 0.00079498
19.4625 0.000826539
19.4725 0.000857327
19.4825 0.000887105
19.4925 0.000915644
19.5025 0.000942714
19.5125 0.000968094
19.5225 0.000991576
19.5325 0.00101297
19.5425 0.00103212
19.5525 0.00104887
19.5625 0.00106312
19.5725 0.0010748
19.5825 0.00108386
19.5925 0.0010903
19.6025 0.00109416
19.6125 0.00109545
19.6225 0.0010942
19.6325 0.00109063
19.6425 0.00108505
19.6525 0.00107769
19.6625 0.00106794
19.6725 0.00105654
19.6825 0.00104364
19.6925 0.00102932
19.7025 0.00101411
19.7125 0.000998233
19.7225 0.000982001
19.7325 0.000965855
19.7425 0.000950137
19.7525 0.000935249
19.7625 0.000921565
19.7725 0.00090942
19.7825 0.000899141
19.7925 0.000891014
19.8025 0.000885275
19.8125 0.000882105
19.8225 0.00088162
19.8325 0.000883887
19.8425 0.000888915
19.8525 0.000896658
19.8625 0.000907016
19.8725 0.000919842
19.8825 0.000934957
19.8925 0.00095216
19.9025 0.000971153
19.9125 0.000991635
19.9225 0.00101341
19.9325 0.00103609
19.9425 0.00105937
19.9525 0.00108284
19.9625 0.00110617
19.9725 0.00112899
19.9825 0.00115096
19.9925 0.00117195
20.0025 0.00119141
20.0125 0.00120924
20.0225 0.00122537
20.0325 0.00123959
20.0425 0.00125185
20.0525 0.00126203
20.0625 0.00127012
20.0725 0.00127607
20.0825 0.00127991
20.0925 0.00128163
20.1025 0.00128122
20.1125 0.0012787
20.1225 0.00127406
20.1325 0.00126733
20.1425 0.00125846
20.1525 0.00124746
20.1625 0.00123432
20.1725 0.00121901
20.1825 0.00120152
20.1925 0.00118182
20.2025 0.00115989
20.2125 0.00113573
20.2225 0.00110932
20.2325 0.00108066
20.2425 0.00104978
20.2525 0.00101667
20.2625 0.000981393
20.2725 0.000944
20.2825 0.000904584
20.2925 0.000863267
20.3025 0.000820199
20.3125 0.000775566
20.3225 0.000729588
20.3325 0.000682521
20.3425 0.000634654
20.3525 0.000586308
20.3625 0.000537821
20.3725 0.000489227
20.3825 0.000441222
20.3925 0.000394121
20.4025 0.000348191
20.4125 0.000303853
20.4225 0.000261381
20.4325 0.000221224
20.4425 0.000183622
20.4525 0.00014873
20.4625 0.000116816
20.4725 8.81596e-05
20.4825 6.30239e-05
20.4925 4.15836e-05
20.5025 2.3941e-05
20.5125 1.01829e-05
20.5225 3.99664e-07
20.5325 -5.33397e-06
20.5425 -6.99408e-06
20.5525 -4.64393e-06
20.5625 1.62885e-06
20.5725 1.17229e-05
20.5825 2.54905e-05
20.5925 4.2745e-05
20.6025 6.32526e-05
20.6125 8.67405e-05
20.6225 0.000112907
20.6325 0.000141422
20.6425 0.000171973
20.6525 0.000204155
20.6625 0.000237585
20.6725 0.000271955
20.6825 0.00030691
20.6925 0.000342259
20.7025 0.000377443
20.7125 0.000412043
20.7225 0.000445818
20.7325 0.000478417
20.7425 0.000509559
20.7525 0.000538938
20.7625 0.000566273
20.7725 0.000591317
20.7825 0.000613847
20.7925 0.000633658
20.8025 0.00065056
20.8125 0.000664376
20.8225 0.000674955
20.8325 0.000682166
20.8425 0.000685899
20.8525 0.000686063
20.8625 0.000682597
20.8725 0.000675472
20.8825 0.00066467
20.8925 0.000650217
20.9025 0.000632176
20.9125 0.000610641
20.9225 0.000585739
20.9325 0.000557628
20.9425 0.000526508
20.9525 0.000492613
20.9625 0.000456207
20.9725 0.000417582
20.9825 0.000376885
20.9925 0.000334385
21.0025 0.000290689
21.0125 0.000245943
21.0225 0.000200521
21.0325 0.000154753
21.0425 0.000109034
21.0525 6.35441e-05
21.0625 1.8544e-05
21.0725 -2.56338e-05
21.0825 -6.86216e-05
21.0925 -0.000110081
21.1025 -0.000149741
21.1125 -0.000187351
21.1225 -0.000222645
21.1325 -0.000255336
21.1425 -0.000285151
21.1525 -0.000311857
21.1625 -0.00033526
21.1725 -0.000355188
21.1825 -0.000371473
21.1925 -0.000383962
21.2025 -0.000392535
21.2125 -0.000397111
21.2225 -0.000397643
21.2325 -0.000394134
21.2425 -0.000386597
21.2525 -0.000375063
21.2625 -0.000359625
21.2725 -0.00034042
21.2825 -0.000317618
21.2925 -0.000291415
21.3025 -0.000262035
21.3125 -0.000229737
21.3225 -0.000194811
21.3325 -0.000157579
21.3425 -0.000118378
21.3525 -7.75603e-05
21.3625 -3.54866e-05
21.3725 7.51253e-06
21.3825 5.09615e-05
21.3925 9.46006e-05
21.4025 0.000138366
21.4125 0.00018173
21.4225 0.000224267
21.4325 0.000265747
21.4425 0.000305839
21.4525 0.000344334
21.4625 0.000380982
21.4725 0.000415536
21.4825 0.000447758
21.4925 0.000477445
21.5025 0.00050443
21.5125 0.000528569
21.5225 0.000549727
21.5325 0.000567785
21.5425 0.000582652
21.5525 0.000594267
21.5625 0.000602602
21.5725 0.000607646
21.5825 0.000609407
21.5925 0.000607932
21.6025 0.000603282
21.6125 0.000595535
21.6225 0.000584805
21.6325 0.000571222
21.6425 0.000554936
21.6525 0.000536111
21.6625 0.000514928
21.6725 0.000491588
21.6825 0.000466303
21.6925 0.000439297
21.7025 0.0004108
21.7125 0.000381049
21.7225 0.000350291
21.7325 0.00031878
21.7425 0.000286733
21.7525 0.000254195
21.7625 0.000221723
21.7725 0.000189446
21.7825 0.00015761
21.7925 0.000126471
21.8025 9.62529e-05
21.8125 6.72967e-05
21.8225 3.97444e-05
21.8325 1.37963e-05
21.8425 -1.02796e-05
21.8525 -3.21787e-05
21.8625 -5.16054e-05
21.8725 -6.83083e-05
21.8825 -8.20512e-05
21.8925 -9.25868e-05
21.9025 -9.97426e-05
21.9125 -0.000103128
21.9225 -0.000102467
21.9325 -9.75774e-05
21.9425 -8.82683e-05
21.9525 -7.43906e-05
21.9625 -5.57045e-05
21.9725 -3.22093e-05
21.9825 -3.85436e-06
21.9925 2.93431e-05
22.0025 6.73124e-05
22.0125 0.000109955
22.0225 0.000157123
22.0325 0.000208514
22.0425 0.000264061
22.0525 0.000323671
22.0625 0.000386627
22.0725 0.00045272
22.0825 0.000521463
22.0925 0.000592429
22.1025 0.000665171
22.1125 0.000739181
22.1225 0.000813923
22.1325 0.000888835
22.1425 0.00096334
22.1525 0.00103682
22.1625 0.00110874
22.1725 0.00117869
22.1825 0.00124605
22.1925 0.00130991
22.2025 0.00137008
22.2125 0.00142602
22.2225 0.00147724
22.2325 0.00152351
22.2425 0.00156447
22.2525 0.00159986
22.2625 0.00162954
22.2725 0.00165337
22.2825 0.00167134
22.2925 0.00168349
22.3025 0.00168989
22.3125 0.00169074
22.3225 0.00168628
22.3325 0.00167678
22.3425 0.0016626
22.3525 0.00164411
22.3625 0.00162174
22.3725 0.00159591
22.3825 0.00156708
22.3925 0.00153568
22.4025 0.00150215
22.4125 0.00146692
22.4225 0.0014304
22.4325 0.00139289
22.4425 0.00135469
22.4525 0.00131604
22.4625 0.00127708
22.4725 0.00123791
22.4825 0.00119879
22.4925 0.0011597
22.5025 0.00112076
22.5125 0.00108195
22.5225 0.00104329
22.5325 0.0010048
22.5425 0.000966462
22.5525 0.000928264
22.5625 0.000890199
22.5725 0.000852272
22.5825 0.000814494
22.5925 0.000776898
22.6025 0.00073954
22.6125 0.000702408
22.6225 0.000665467
22.6325 0.000629118
22.6425 0.000593335
22.6525 0.000558313
22.6625 0.000524218
22.6725 0.000491217
22.6825 0.00045954
22.6925 0.000429467
22.7025 0.000401177
22.7125 0.000374813
22.7225 0.000350616
22.7325 0.000328974
22.7425 0.000310072
22.7525 0.000293936
22.7625 0.000280878
22.7725 0.000270889
22.7825 0.000264178
22.7925 0.000260803
22.8025 0.0002608
22.8125 0.000264112
22.8225 0.000270654
22.8325 0.000280281
22.8425 0.000292788
22.8525 0.000307911
22.8625 0.000325319
22.8725 0.000344623
22.8825 0.000365402
22.8925 0.000387171
22.9025 0.000409397
22.9125 0.000431612
22.9225 0.000453295
22.9325 0.000473952
22.9425 0.000493117
22.9525 0.00051005
22.9625 0.000524371
22.9725 0.000535621
22.9825 0.000543414
22.9925 0.00054743
23.0025 0.000547299
23.0125 0.00054284
23.0225 0.000533924
23.0325 0.000520492
23.0425 0.000502573
23.0525 0.000480275
23.0625 0.000453796
23.0725 0.000423234
23.0825 0.000388944
23.0925 0.000351524
23.1025 0.000311308
23.1125 0.000268842
23.1225 0.000224791
23.1325 0.000179651
23.1425 0.000133929
23.1525 8.82488e-05
23.1625 4.3275e-05
23.1725 -3.29677e-07
23.1825 -4.19836e-05
23.1925 -8.11727e-05
23.2025 -0.000117412
23.2125 -0.000150231
23.2225 -0.000179208
23.2325 -0.000203999
23.2425 -0.000224359
23.2525 -0.000240118
23.2625 -0.000251165
23.2725 -0.000257446
23.2825 -0.000258978
23.2925 -0.000255883
23.3025 -0.000248319
23.3125 -0.000236491
23.3225 -0.000220665
23.3325 -0.000201138
23.3425 -0.000178232
23.3525 -0.000152283
23.3625 -0.000123632
23.3725 -9.26158e-05
23.3825 -5.95581e-05
23.3925 -2.47596e-05
23.4025 1.14931e-05
23.4125 4.88838e-05
23.4225 8.73903e-05
23.4325 0.000126853
23.4425 0.000167126
23.4525 0.000208153
23.4625 0.00025005
23.4725 0.000293001
23.4825 0.000336798
23.4925 0.000381537
23.5025 0.000427302
23.5125 0.000474189
23.5225 0.000522302
23.5325 0.000571685
23.5425 0.000622351
23.5525 0.000674284
23.5625 0.000727441
23.5725 0.00078174
23.5825 0.000837044
23.5925 0.000893156
23.6025 0.000949826
23.6125 0.00100674
23.6225 0.0010636
23.6325 0.00111997
23.6425 0.00117505
23.6525 0.00122861
23.6625 0.00128004
23.6725 0.0013288
23.6825 0.00137452
23.6925 0.00141664
23.7025 0.00145467
23.7125 0.00148815
23.7225 0.00151667
23.7325 0.00153984
23.7425 0.00155732
23.7525 0.00156884
23.7625 0.00157418
23.7725 0.00157319
23.7825 0.00156584
23.7925 0.00155213
23.8025 0.00153216
23.8125 0.00150613
23.8225 0.00147431
23.8325 0.00143708
23.8425 0.00139487
23.8525 0.00134819
23.8625 0.00129763
23.8725 0.00124386
23.8825 0.00118744
23.8925 0.00112909
23.9025 0.00106953
23.9125 0.00100944
23.9225 0.000949541
23.9325 0.000890504
23.9425 0.000832987
23.9525 0.000777565
23.9625 0.00072437
23.9725 0.000674306
23.9825 0.000627719
23.9925 0.000584793
24.0025 0.0005458
24.0125 0.000510863
24.0225 0.000480116
24.0325 0.000453417
24.0425 0.000430666
24.0525 0.000411774
24.0625 0.000396624
24.0725 0.000385032
24.0825 0.000376731
24.0925 0.000371412
24.1025 0.000368771
24.1125 0.000368544
24.1225 0.000370441
24.1325 0.000374146
24.1425 0.000379339
24.1525 0.000385729
24.1625 0.000393062
24.1725 0.000401096
24.1825 0.000409642
24.1925 0.000418533
24.2025 0.00042761
24.2125 0.000436782
24.2225 0.000446016
24.2325 0.000455301
24.2425 0.000464637
24.2525 0.000474062
24.2625 0.000483729
24.2725 0.000493582
24.2825 0.000503732
24.2925 0.000514282
24.3025 0.000525291
24.3125 0.000536877
24.3225 0.000549096
24.3325 0.000562018
24.3425 0.000575679
24.3525 0.000590157
24.3625 0.000605374
24.3725 0.00062126
24.3825 0.000637749
24.3925 0.000654697
24.4025 0.00067194
24.4125 0.000689265
24.4225 0.000706424
24.4325 0.000723136
24.4425 0.000739091
24.4525 0.000753956
24.4625 0.000767382
24.4725 0.000779007
24.4825 0.000788468
24.4925 0.000795408
24.5025 0.000799483
24.5125 0.000800373
24.5225 0.000797785
24.5325 0.000791477
24.5425 0.000781269
24.5525 0.000767011
24.5625 0.000748639
24.5725 0.000726174
24.5825 0.000699653
24.5925 0.000669234
24.6025 0.00063512
24.6125 0.000597604
24.6225 0.000556888
24.6325 0.000513239
24.6425 0.000467427
24.6525 0.000419686
24.6625 0.000370529
24.6725 0.000320559
24.6825 0.000270105
24.6925 0.000219592
24.7025 0.000169508
24.7125 0.000120394
24.7225 7.27582e-05
24.7325 2.70207e-05
24.7425 -1.64479e-05
24.7525 -5.7288e-05
24.7625 -9.51424e-05
24.7725 -0.000129689
24.7825 -0.000160677
24.7925 -0.00018793
24.8025 -0.000211327
24.8125 -0.000230786
24.8225 -0.000246264
24.8325 -0.000257775
24.8425 -0.000265398
24.8525 -0.000269272
24.8625 -0.000269601
24.8725 -0.00026655
24.8825 -0.000260403
24.8925 -0.000251446
24.9025 -0.000240016
24.9125 -0.000226463
24.9225 -0.000211134
24.9325 -0.000194387
24.9425 -0.000176585
24.9525 -0.000158094
24.9625 -0.000139257
24.9725 -0.000120391
24.9825 -0.000101787
24.9925 -8.36994e-05
25.0025 -6.63526e-05
25.0125 -4.99297e-05
25.0225 -3.45675e-05
25.0325 -2.03563e-05
25.0425 -7.34948e-06
25.0525 4.43936e-06
25.0625 1.50486e-05
25.0725 2.4547e-05
25.0825 3.30411e-05
25.0925 4.06637e-05
25.1025 4.75654e-05
25.1125 5.39075e-05
25.1225 5.98567e-05
25.1325 6.55776e-05
25.1425 7.12252e-05
25.1525 7.69386e-05
25.1625 8.28338e-05
25.1725 8.89996e-05
25.1825 9.54921e-05
25.1925 0.000102333
25.2025 0.000109508
25.2125 0.000116969
25.2225 0.000124633
25.2325 0.000132367
25.2425 0.000140022
25.2525 0.000147435
25.2625 0.000154409
25.2725 0.000160728
25.2825 0.000166171
25.2925 0.000170521
25.3025 0.000173573
25.3125 0.000175136
25.3225 0.000175037
25.3325 0.000173131
25.3425 0.000169311
25.3525 0.000163513
25.3625 0.000155721
25.3725 0.000145976
25.3825 0.000134377
25.3925 0.000121071
25.4025 0.000106247
25.4125 9.01506e-05
25.4225 7.31346e-05
25.4325 5.54646e-05
25.4425 3.74806e-05
25.4525 1.95813e-05
25.4625 2.19911e-06
25.4725 -1.42107e-05
25.4825 -2.92208e-05
25.4925 -4.24138e-05
25.5025 -5.3373e-05
25.5125 -6.16873e-05
25.5225 -6.69745e-05
25.5325 -6.88971e-05
25.5425 -6.71725e-05
25.5525 -6.15682e-05
25.5625 -5.19121e-05
25.5725 -3.80771e-05
25.5825 -2.00172e-05
25.5925 2.22599e-06
25.6025 2.85362e-05
25.6125 5.87339e-05
25.6225 9.25514e-05
25.6325 0.000129638
25.6425 0.000169814
25.6525 0.00021255
25.6625 0.000257553
25.6725 0.000304564
25.6825 0.000353296
25.6925 0.000402905
25.7025 0.000453069
25.7125 0.00050336
25.7225 0.000553374
25.7325 0.000602726
25.7425 0.000651005
25.7525 0.00069784
25.7625 0.000742893
25.7725 0.000785883
25.7825 0.000826564
25.7925 0.000864724
25.8025 0.000900181
25.8125 0.0009328
25.8225 0.000962504
25.8325 0.000989302
25.8425 0.00101357
25.8525 0.00103464
25.8625 0.00105229
25.8725 0.00106704
25.8825 0.00107859
25.8925 0.00108705
25.9025 0.00109259
25.9125 0.00109522
25.9225 0.00109518
25.9325 0.00109263
25.9425 0.00108777
25.9525 0.00108085
25.9625 0.00107209
25.9725 0.00106175
25.9825 0.00105007
25.9925 0.0010373
26.0025 0.00102371
26.0125 0.00100948
26.0225 0.000994853
26.0325 0.000980102
26.0425 0.000965377
26.0525 0.000950881
26.0625 0.000936782
26.0725 0.000923206
26.0825 0.000910287
26.0925 0.000898125
26.1025 0.000886799
26.1125 0.000876375
26.1225 0.000866896
26.1325 0.000858389
26.1425 0.000850869
26.1525 0.000844336
26.1625 0.000838781
26.1725 0.000834188
26.1825 0.00083053
26.1925 0.000827781
26.2025 0.000825911
26.2125 0.000824892
26.2225 0.000824695
26.2325 0.000825297
26.2425 0.000826677
26.2525 0.000828821
26.2625 0.000831721
26.2725 0.000835375
26.2825 0.000839788
26.2925 0.000844966
26.3025 0.00085092
26.3125 0.000857691
26.3225 0.000865313
26.3325 0.000873829
26.3425 0.000883291
26.3525 0.000893745
26.3625 0.00090524
26.3725 0.000917821
26.3825 0.000931525
26.3925 0.000946381
26.4025 0.000962417
26.4125 0.000979595
26.4225 0.000997863
26.4325 0.00101712
26.4425 0.00103724
26.4525 0.00105803
26.4625 0.00107929
26.4725 0.00110076
26.4825 0.00112211
26.4925 0.00114294
26.5025 0.00116319
26.5125 0.00118251
26.5225 0.00120043
26.5325 0.00121669
26.5425 0.00123092
26.5525 0.00124283
26.5625 0.001252
26.5725 0.00125811
26.5825 0.00126082
26.5925 0.00125982
26.6025 0.00125484
26.6125 0.00124562
26.6225 0.00123196
26.6325 0.0012137
26.6425 0.00119074
26.6525 0.00116307
26.6625 0.00113072
26.6725 0.0010938
26.6825 0.00105246
26.6925 0.00100701
26.7025 0.000957728
26.7125 0.000904896
26.7225 0.000849001
26.7325 0.00079045
26.7425 0.000729789
26.7525 0.000667552
26.7625 0.000604308
26.7725 0.000540149
26.7825 0.000476104
26.7925 0.000412728
26.8025 0.000350355
26.8125 0.00028962
26.8225 0.000230978
26.8325 0.000174645
26.8425 0.000120948
26.8525 7.02558e-05
26.8625 2.29543e-05
26.8725 -2.06691e-05
26.8825 -6.04365e-05
26.8925 -9.62177e-05
26.9025 -0.000127881
26.9125 -0.000155295
26.9225 -0.000178381
26.9325 -0.00019714
26.9425 -0.00021162
26.9525 -0.000221901
26.9625 -0.000228084
26.9725 -0.000230299
26.9825 -0.000228722
26.9925 -0.000223538
27.0025 -0.000214977
27.0125 -0.000203293
27.0225 -0.000188742
27.0325 -0.00017159
27.0425 -0.00015211
27.0525 -0.000130589
27.0625 -0.000107317
27.0725 -8.25768e-05
27.0825 -5.66419e-05
27.0925 -2.97755e-05
27.1025 -2.23477e-06
27.1125 2.57312e-05
27.1225 5.38839e-05
27.1325 8.20299e-05
27.1425 0.000109938
27.1525 0.000137412
27.1625 0.000164344
27.1725 0.000190587
27.1825 0.000215975
27.1925 0.00024043
27.2025 0.000263827
27.2125 0.000285921
27.2225 0.000306696
27.2325 0.000326012
27.2425 0.000343755
27.2525 0.000359811
27.2625 0.000374067
27.2725 0.000386422
27.2825 0.00039677
27.2925 0.000404997
27.3025 0.000410996
27.3125 0.00041467
27.3225 0.000415923
27.3325 0.000414675
27.3425 0.00041087
27.3525 0.000404453
27.3625 0.000395392
27.3725 0.000383684
27.3825 0.000369365
27.3925 0.000352498
27.4025 0.000333163
27.4125 0.000311487
27.4225 0.000287625
27.4325 0.000261675
27.4425 0.000233804
27.4525 0.000204433
27.4625 0.000173693
27.4725 0.000141903
27.4825 0.00010933
27.4925 7.63061e-05
27.5025 4.32102e-05
27.5125 1.0245e-05
27.5225 -2.22928e-05
27.5325 -5.40492e-05
27.5425 -8.46349e-05
27.5525 -0.000113686
27.5625 -0.000140891
27.5725 -0.000165951
27.5825 -0.000188559
27.5925 -0.000208398
27.6025 -0.000225173
27.6125 -0.000238632
27.6225 -0.000248568
27.6325 -0.000254801
27.6425 -0.000257174
27.6525 -0.000255562
27.6625 -0.000249908
27.6725 -0.00024019
27.6825 -0.000226422
27.6925 -0.000208687
27.7025 -0.000187104
27.7125 -0.000161835
27.7225 -0.000133081
27.7325 -0.00010108
27.7425 -6.61122e-05
27.7525 -2.84873e-05
27.7625 1.14844e-05
27.7725 5.34749e-05
27.7825 9.70691e-05
27.7925 0.000142121
27.8025 0.0001885
27.8125 0.000235546
27.8225 0.000283085
27.8325 0.00033078
27.8425 0.000378386
27.8525 0.000425687
27.8625 0.000472443
27.8725 0.000518408
27.8825 0.000563381
27.8925 0.000607171
27.9025 0.000649608
27.9125 0.000690536
27.9225 0.000729794
27.9325 0.000767232
27.9425 0.000802713
27.9525 0.000836111
27.9625 0.000867311
27.9725 0.000896192
27.9825 0.000922633
27.9925 0.00094652
28.0025 0.00096774
28.0125 0.000986189
28.0225 0.00100175
28.0325 0.00101433
28.0425 0.00102383
28.0525 0.00103014
28.0625 0.00103318
28.0725 0.00103288
28.0825 0.00102918
28.0925 0.00102205
28.1025 0.00101145
28.1125 0.000997396
28.1225 0.000979913
28.1325 0.000959068
28.1425 0.000934955
28.1525 0.000907702
28.1625 0.000877472
28.1725 0.00084447
28.1825 0.000808933
28.1925 0.000771148
28.2025 0.000731429
28.2125 0.000690089
28.2225 0.000647511
28.2325 0.000604081
28.2425 0.000560215
28.2525 0.000516337
28.2625 0.000472877
28.2725 0.000430012
28.2825 0.000388288
28.2925 0.000348265
28.3025 0.000310143
28.3125 0.000274325
28.3225 0.000241107
28.3325 0.000210839
28.3425 0.000183638
28.3525 0.000159678
28.3625 0.000139164
28.3725 0.000122297
28.3825 0.000109217
28.3925 9.99804e-05
28.4025 9.46026e-05
28.4125 9.30903e-05
28.4225 9.5417e-05
28.4325 0.000101535
28.4425 0.000111351
28.4525 0.000124696
28.4625 0.000141372
28.4725 0.000161161
28.4825 0.000183829
28.4925 0.000209121
28.5025 0.000236743
28.5125 0.000266341
28.5225 0.000297654
28.5325 0.000330444
28.5425 0.000364571
28.5525 0.000399436
28.5625 0.000434825
28.5725 0.000470448
28.5825 0.000506038
28.5925 0.000541351
28.6025 0.000576116
28.6125 0.000610086
28.6225 0.00064304
28.6325 0.000674792
28.6425 0.000705119
28.6525 0.000733861
28.6625 0.00076085
28.6725 0.000785943
28.6825 0.00080902
28.6925 0.000829978
28.7025 0.000848728
28.7125 0.000865194
28.7225 0.00087931
28.7325 0.000891026
28.7425 0.000900303
28.7525 0.000907116
28.7625 0.000911442
28.7725 0.000913269
28.7825 0.000912595
28.7925 0.000909436
28.8025 0.000903803
28.8125 0.00089572
28.8225 0.000885225
28.8325 0.000872366
28.8425 0.000857201
28.8525 0.000839797
28.8625 0.000820235
28.8725 0.000798609
28.8825 0.000775025
28.8925 0.000749603
28.9025 0.000722479
28.9125 0.000693804
28.9225 0.000663744
28.9325 0.000632485
28.9425 0.000600226
28.9525 0.000567185
28.9625 0.000533594
28.9725 0.000499658
28.9825 0.000465403
28.9925 0.000431402
29.0025 0.000397783
29.0125 0.000364796
29.0225 0.00033269
29.0325 0.000301713
29.0425 0.000272161
29.0525 0.000244139
29.0625 0.000217838
29.0725 0.000193484
29.0825 0.00017132
29.0925 0.000151549
29.1025 0.000134314
29.1125 0.000119736
29.1225 0.000107938
29.1325 9.9043e-05
29.1425 9.31497e-05
29.1525 9.03108e-05
29.1625 9.05364e-05
29.1725 9.37902e-05
29.1825 0.000100044
29.1925 0.000109242
29.2025 0.000121276
29.2125 0.000136001
29.2225 0.000153243
29.2325 0.000172812
29.2425 0.0001945
29.2525 0.000218073
29.2625 0.00024329
29.2725 0.000269899
29.2825 0.000297589
29.2925 0.000326158
29.3025 0.000355421
29.3125 0.000385275
29.3225 0.00041523
29.3325 0.000445131
29.3425 0.000474773
29.3525 0.000503975
29.3625 0.000532554
29.3725 0.000560328
29.3825 0.00058712
29.3925 0.000612782
29.4025 0.000637183
29.4125 0.000660206
29.4225 0.000681741
29.4325 0.000701685
29.4425 0.000719948
29.4525 0.000736463
29.4625 0.00075117
29.4725 0.000764024
29.4825 0.000774984
29.4925 0.000784019
29.5025 0.000791109
29.5125 0.000796243
29.5225 0.000799421
29.5325 0.000800649
29.5425 0.000799946
29.5525 0.00079734
29.5625 0.00079286
29.5725 0.000786554
29.5825 0.000778478
29.5925 0.000768697
29.6025 0.000757284
29.6125 0.000744326
29.6225 0.000729917
29.6325 0.000714167
29.6425 0.000697196
29.6525 0.000679134
29.6625 0.000660124
29.6725 0.000640319
29.6825 0.000619882
29.6925 0.000598985
29.7025 0.000577807
29.7125 0.000556533
29.7225 0.000535352
29.7325 0.00051445
29.7425 0.000493863
29.7525 0.000473921
29.7625 0.00045478
29.7725 0.000436567
29.7825 0.000419462
29.7925 0.000403587
29.8025 0.000389086
29.8125 0.000376072
29.8225 0.000364644
29.8325 0.000354921
29.8425 0.000346942
29.8525 0.000340742
29.8625 0.000336374
29.8725 0.000333886
29.8825 0.000333313
29.8925 0.000334645
29.9025 0.000337856
29.9125 0.000342921
29.9225 0.000349803
29.9325 0.000358448
29.9425 0.000368797
29.9525 0.000380744
29.9625 0.000394195
29.9725 0.000409064
29.9825 0.000425258
29.9925 0.00044262
30.0025 0.000461029
30.0125 0.000480436
30.0225 0.000500557
30.0325 0.000521279
30.0425 0.000542444
30.0525 0.000563873
30.0625 0.000585397
30.0725 0.000606828
30.0825 0.000627985
30.0925 0.00064868
30.1025 0.000668719
30.1125 0.000687911
30.1225 0.000706057
30.1325 0.000722964
30.1425 0.000738468
30.1525 0.000752386
30.1625 0.000764557
30.1725 0.000774828
30.1825 0.000783065
30.1925 0.000789152
30.2025 0.000792991
30.2125 0.000794509
30.2225 0.000793654
30.2325 0.000790411
30.2425 0.00078478
30.2525 0.000776784
30.2625 0.000766483
30.2725 0.000753959
30.2825 0.000739319
30.2925 0.000722692
30.3025 0.000704226
30.3125 0.000684091
30.3225 0.000662469
30.3325 0.000639558
30.3425 0.00061556
30.3525 0.000590686
30.3625 0.000565149
30.3725 0.000539084
30.3825 0.0005126
30.3925 0.00048611
30.4025 0.00045966
30.4125 0.000433446
30.4225 0.000407588
30.4325 0.000382279
30.4425 0.000357593
30.4525 0.000333567
30.4625 0.000310299
30.4725 0.000287903
30.4825 0.000266495
30.4925 0.000246151
30.5025 0.000226927
30.5125 0.000208886
30.5225 0.000192115
30.5325 0.000176712
30.5425 0.000162766
30.5525 0.000150358
30.5625 0.000139569
30.5725 0.000130488
30.5825 0.000123221
30.5925 0.000117874
30.6025 0.000114551
30.6125 0.000113353
30.6225 0.000114382
30.6325 0.000117735
30.6425 0.000123501
30.6525 0.000131774
30.6625 0.000142622
30.6725 0.000156093
30.6825 0.000172217
30.6925 0.000191002
30.7025 0.000212418
30.7125 0.000236474
30.7225 0.000263085
30.7325 0.000292162
30.7425 0.00032357
30.7525 0.000357192
30.7625 0.000392787
30.7725 0.000430221
30.7825 0.000469519
30.7925 0.000510183
30.8025 0.000552011
30.8125 0.000594717
30.8225 0.000637996
30.8325 0.00068158
30.8425 0.000725167
30.8525 0.000768401
30.8625 0.000810942
30.8725 0.000852442
30.8825 0.000892572
30.8925 0.000931006
30.9025 0.000967424
30.9125 0.00100151
30.9225 0.00103297
30.9325 0.00106154
30.9425 0.00108698
30.9525 0.00110908
30.9625 0.00112766
30.9725 0.00114258
30.9825 0.00115374
30.9925 0.00116106
31.0025 0.00116453
31.0125 0.00116416
31.0225 0.00116005
31.0325 0.00115228
31.0425 0.001141
31.0525 0.00112639
31.0625 0.00110868
31.0725 0.00108812
31.0825 0.00106499
31.0925 0.00103959
31.1025 0.00101223
31.1125 0.000983236
31.1225 0.000952953
31.1325 0.000921705
31.1425 0.000889817
31.1525 0.000857605
31.1625 0.000825369
31.1725 0.000793392
31.1825 0.000761933
31.1925 0.000731224
31.2025 0.000701475
31.2125 0.000672736
31.2225 0.000645163
31.2325 0.000619028
31.2425 0.000594281
31.2525 0.000571022
31.2625 0.000549264
31.2725 0.000529025
31.2825 0.000510301
31.2925 0.000493114
31.3025 0.000477381
31.3125 0.000463047
31.3225 0.000450094
31.3325 0.000438507
31.3425 0.000428267
31.3525 0.000419353
31.3625 0.000411717
31.3725 0.000405347
31.3825 0.000400294
31.3925 0.000396479
31.4025 0.000393899
31.4125 0.000392537
31.4225 0.000392362
31.4325 0.000393365
31.4425 0.000395532
31.4525 0.000398834
31.4625 0.000403228
31.4725 0.000408655
31.4825 0.000415051
31.4925 0.000422337
31.5025 0.000430419
31.5125 0.000439177
31.5225 0.000448478
31.5325 0.000458173
31.5425 0.000468073
31.5525 0.000478019
31.5625 0.000487821
31.5725 0.000497261
31.5825 0.000506103
31.5925 0.000514104
31.6025 0.000521054
31.6125 0.000526738
31.6225 0.000530837
31.6325 0.00053315
31.6425 0.000533428
31.6525 0.000531456
31.6625 0.000527041
31.6725 0.00052004
31.6825 0.000510109
31.6925 0.000497538
31.7025 0.00048209
31.7125 0.000463701
31.7225 0.000442516
31.7325 0.000418533
31.7425 0.000391825
31.7525 0.000362451
31.7625 0.000330581
31.7725 0.00029636
31.7825 0.000259846
31.7925 0.00022119
31.8025 0.000180604
31.8125 0.000138339
31.8225 9.46351e-05
31.8325 4.97218e-05
31.8425 3.84206e-06
31.8525 -4.27284e-05
31.8625 -8.96867e-05
31.8725 -0.000136724
31.8825 -0.000183538
31.8925 -0.000229835
31.9025 -0.000275322
31.9125 -0.000319701
31.9225 -0.000362664
31.9325 -0.000403914
31.9425 -0.00044317
31.9525 -0.000480156
31.9625 -0.000514608
31.9725 -0.000546268
31.9825 -0.000574889
31.9925 -0.000600245
32.0025 -0.000622127
32.015 -0.000644303
32.0275 -0.000660414
32.04 -0.000670168
32.0525 -0.000673328
32.065 -0.000669726
32.0775 -0.00065929
32.09 -0.000641965
32.1025 -0.00061781
32.115 -0.000586975
32.1275 -0.000549677
32.14 -0.000506206
32.1525 -0.000456929
32.165 -0.000402294
32.1775 -0.000342799
32.19 -0.000278994
32.2025 -0.000211471
32.215 -0.000140862
32.2275 -6.78268e-05
32.24 7.0372e-06
32.2525 8.31126e-05
32.265 0.000160201
32.2775 0.000237405
32.29 0.000314449
32.3025 0.000390728
32.315 0.000465881
32.3275 0.00053949
32.34 0.000611238
32.3525 0.000681057
32.365 0.000748475
32.3775 0.000813333
32.39 0.000875397
32.4025 0.00093444
32.415 0.00099021
32.4275 0.00104244
32.44 0.00109089
32.4525 0.00113544
32.465 0.00117449
32.4775 0.00120832
32.49 0.001236
32.5025 0.00125759
32.515 0.00127264
32.5275 0.00128101
32.54 0.0012827
32.5525 0.00127775
32.565 0.00126639
32.5775 0.00124891
32.59 0.00122575
32.6025 0.00119745
32.615 0.00116467
32.6275 0.00112815
32.64 0.00108871
32.6525 0.00104721
32.665 0.00100456
32.6775 0.000961688
32.69 0.000919498
32.7025 0.00087888
32.715 0.000840671
32.7275 0.000805639
32.74 0.000774473
32.7525 0.000747758
32.765 0.000725973
32.7775 0.000709476
32.79 0.000698502
32.8025 0.000693155
32.815 0.000693415
32.8275 0.000699163
32.84 0.000710095
32.8525 0.000725796
32.865 0.000745728
32.8775 0.000769275
32.89 0.000795757
32.9025 0.000824452
32.915 0.000854626
32.9275 0.000885555
32.94 0.000916557
32.9525 0.000947002
32.965 0.000976274
32.9775 0.00100406
32.99 0.00102993
33.0025 0.00105364
33.015 0.00107497
33.0275 0.00109382
33.04 0.00111014
33.0525 0.00112395
33.065 0.00113526
33.0775 0.00114415
33.09 0.00115068
33.1025 0.00115487
33.115 0.00115667
33.1275 0.00115606
33.14 0.00115291
33.1525 0.00114706
33.165 0.00113826
33.1775 0.0011263
33.19 0.00111082
33.2025 0.00109144
33.215 0.00106781
33.2275 0.00103963
33.24 0.00100658
33.2525 0.00096846
33.265 0.000925101
33.2775 0.000876456
33.29 0.000822584
33.3025 0.000763675
33.315 0.00070005
33.3275 0.000632171
33.34 0.000560639
33.3525 0.000486184
33.365 0.000409129
33.3775 0.000330785
33.39 0.000251937
33.4025 0.000173642
33.415 9.66558e-05
33.4275 2.16783e-05
33.44 -5.0352e-05
33.4525 -0.00011843
33.465 -0.000181741
33.4775 -0.000239631
33.49 -0.000291454
33.5025 -0.000336583
33.515 -0.000374541
33.5275 -0.000405053
33.54 -0.000427978
33.5525 -0.000443275
33.565 -0.000451034
33.5775 -0.000451561
33.59 -0.000445298
33.6025 -0.000432784
33.615 -0.000414702
33.6275 -0.000391804
33.64 -0.000364922
33.6525 -0.000334974
33.665 -0.000302869
33.6775 -0.000269508
33.69 -0.000235746
33.7025 -0.000202406
33.715 -0.000170235
33.7275 -0.000139878
33.74 -0.000111873
33.7525 -8.66129e-05
33.765 -6.44157e-05
33.7775 -4.54093e-05
33.79 -2.95497e-05
33.8025 -1.67428e-05
33.815 -6.79531e-06
33.8275 6.12025e-07
33.84 5.88252e-06
33.8525 9.44405e-06
33.865 1.17251e-05
33.8775 1.31604e-05
33.89 1.41848e-05
33.9025 1.51715e-05
33.915 1.64198e-05
33.9275 1.815e-05
33.94 2.05116e-05
33.9525 2.35756e-05
33.965 2.73252e-05
33.9775 3.16678e-05
33.99 3.64552e-05
34.0025 4.15034e-05
34.015 4.65918e-05
34.0275 5.14953e-05
34.04 5.60177e-05
34.0525 5.99813e-05
34.065 6.32485e-05
34.0775 6.57458e-05
34.09 6.74781e-05
34.1025 6.85298e-05
34.115 6.90548e-05
34.1275 6.92996e-05
34.14 6.95869e-05
34.1525 7.03049e-05
34.165 7.18932e-05
34.1775 7.48225e-05
34.19 7.9584e-05
34.2025 8.66662e-05
34.215 9.65275e-05
34.2275 0.000109576
34.24 0.000126155
34.2525 0.000146533
34.265 0.000170868
34.2775 0.0001993
34.29 0.000231754
34.3025 0.000268171
34.315 0.000308279
34.3275 0.000351721
34.34 0.00039807
34.3525 0.00044684
34.365 0.000497321
34.3775 0.000548847
34.39 0.00060068
34.4025 0.000652062
34.415 0.000702218
34.4275 0.000750383
34.44 0.000795824
34.4525 0.000837877
34.465 0.000875946
34.4775 0.000909522
34.49 0.0009382
34.5025 0.00096169
34.515 0.000979823
34.5275 0.000992547
34.54 0.00099993
34.5525 0.00100217
34.565 0.000999571
34.5775 0.00099252
34.59 0.000981503
34.6025 0.000967024
34.615 0.000949629
34.6275 0.000930131
34.64 0.000908465
34.6525 0.000885467
34.665 0.000861471
34.6775 0.000837095
34.69 0.000812728
34.7025 0.000788822
34.715 0.000765752
34.7275 0.000743839
34.74 0.000723358
34.7525 0.000704608
34.765 0.000687735
34.7775 0.000672827
34.79 0.000659891
34.8025 0.00064883
34.815 0.000639622
34.8275 0.000632093
34.84 0.000626121
34.8525 0.000621496
34.865 0.000618051
34.8775 0.000615601
34.89 0.000613975
34.9025 0.000613022
34.915 0.000612621
34.9275 0.000612693
34.94 0.000613199
34.9525 0.000614142
34.965 0.000615558
34.9775 0.000617517
34.99 0.000620113
35.0025 0.000623453
35.015 0.000627648
35.0275 0.000632802
35.04 0.000638999
35.0525 0.000646295
35.065 0.000654704
35.0775 0.000664194
35.09 0.000674676
35.1025 0.000686009
35.115 0.000697976
35.1275 0.00071031
35.14 0.000722707
35.1525 0.000734799
35.165 0.000746189
35.1775 0.000756458
35.19 0.000765179
35.2025 0.000771928
35.215 0.000776299
35.2275 0.000777915
35.24 0.000776447
35.2525 0.000771622
35.265 0.000763232
35.2775 0.000751148
35.29 0.000735344
35.3025 0.000715845
35.315 0.000692729
35.3275 0.000666201
35.34 0.000636544
35.3525 0.000604112
35.365 0.000569327
35.3775 0.000532667
35.39 0.000494656
35.4025 0.000455848
35.415 0.000416756
35.4275 0.000377693
35.44 0.000339524
35.4525 0.000302549
35.465 0.000267253
35.4775 0.000233982
35.49 0.000203089
35.5025 0.000174838
35.515 0.000149278
35.5275 0.000126541
35.54 0.000106763
35.5525 8.99805e-05
35.565 7.61158e-05
35.5775 6.50742e-05
35.59 5.67597e-05
35.6025 5.10598e-05
35.615 4.77997e-05
35.6275 4.67678e-05
35.64 4.77829e-05
35.6525 5.06746e-05
35.665 5.52588e-05
35.6775 6.13529e-05
35.69 6.88035e-05
35.7025 7.74875e-05
35.715 8.72987e-05
35.7275 9.81469e-05
35.74 0.000109965
35.7525 0.000122705
35.765 0.00013633
35.7775 0.000150829
35.79 0.000166161
35.8025 0.000182314
35.815 0.000199282
35.8275 0.000217006
35.84 0.000235388
35.8525 0.000254314
35.865 0.000273647
35.8775 0.000293277
35.89 0.000312975
35.9025 0.000332437
35.915 0.000351432
35.9275 0.000369673
35.94 0.000386856
35.9525 0.00040267
35.965 0.000416808
35.9775 0.000428982
35.99 0.000438924
36.0025 0.000446401
36.015 0.000451221
36.0275 0.000453246
36.04 0.000452402
36.0525 0.000448689
36.065 0.00044216
36.0775 0.000432951
36.09 0.00042127
36.1025 0.000407391
36.115 0.000391643
36.1275 0.000374408
36.14 0.000356112
36.1525 0.000337141
36.165 0.000317884
36.1775 0.000298921
36.19 0.000280605
36.2025 0.000263353
36.215 0.000247527
36.2275 0.000233462
36.24 0.000221423
36.2525 0.000211668
36.265 0.00020433
36.2775 0.000199491
36.29 0.000197234
36.3025 0.000197601
36.315 0.000200542
36.3275 0.000205974
36.34 0.000213783
36.3525 0.00022384
36.365 0.000235979
36.3775 0.00024996
36.39 0.000265705
36.4025 0.000283041
36.415 0.000301811
36.4275 0.000321859
36.44 0.000343157
36.4525 0.000365446
36.465 0.000388684
36.4775 0.000412755
36.49 0.000437593
36.5025 0.00046314
36.515 0.000489309
36.5275 0.000516025
36.54 0.0005432
36.5525 0.000570737
36.565 0.000598514
36.5775 0.000626388
36.59 0.000654189
36.6025 0.000681723
36.615 0.000708774
36.6275 0.000735099
36.64 0.000760437
36.6525 0.000784515
36.665 0.000807051
36.6775 0.000827762
36.69 0.000846371
36.7025 0.000862617
36.715 0.00087626
36.7275 0.000887092
36.74 0.000894941
36.7525 0.000899682
36.765 0.000901237
36.7775 0.000899597
36.79 0.000894814
36.8025 0.000886991
36.815 0.000876308
36.8275 0.000863004
36.84 0.000847376
36.8525 0.000829772
36.865 0.000810585
36.8775 0.000790242
36.89 0.000769193
36.9025 0.000747895
36.915 0.000726816
36.9275 0.000706465
36.94 0.000687002
36.9525 0.000668921
36.965 0.000652459
36.9775 0.000637932
36.99 0.00062558
37.0025 0.00061555
37.015 0.000607965
37.0275 0.000602871
37.04 0.000600257
37.0525 0.000600045
37.065 0.000602107
37.0775 0.000606261
37.09 0.000612282
37.1025 0.000619906
37.115 0.000628839
37.1275 0.000638767
37.14 0.000649363
37.1525 0.000660294
37.165 0.00067123
37.1775 0.000681854
37.19 0.000691862
37.2025 0.000700953
37.215 0.000708842
37.2275 0.000715305
37.24 0.000720111
37.2525 0.000723061
37.265 0.000723998
37.2775 0.000722878
37.29 0.00071941
37.3025 0.000713582
37.315 0.00070527
37.3275 0.000694471
37.34 0.000681166
37.3525 0.000665374
37.365 0.000647141
37.3775 0.00062654
37.39 0.00060367
37.4025 0.000578652
37.415 0.000551629
37.4275 0.000522764
37.44 0.000492245
37.4525 0.000460205
37.465 0.000426716
37.4775 0.000392196
37.49 0.000356742
37.5025 0.000320584
37.515 0.000283929
37.5275 0.00024704
37.54 0.000209998
37.5525 0.000173012
37.565 0.000136387
37.5775 0.000100402
37.59 6.52899e-05
37.6025 3.13038e-05
37.615 -1.25304e-06
37.6275 -3.20697e-05
37.64 -6.08691e-05
37.6525 -8.73952e-05
37.665 -0.000111385
37.6775 -0.000132581
37.69 -0.000150757
37.7025 -0.000165729
37.715 -0.000177338
37.7275 -0.000185451
37.74 -0.000189973
37.7525 -0.000190852
37.765 -0.000188096
37.7775 -0.000181739
37.79 -0.00017185
37.8025 -0.000158565
37.815 -0.000142062
37.8275 -0.000122553
37.84 -0.000100285
37.8525 -7.55439e-05
37.865 -4.86416e-05
37.8775 -1.99083e-05
37.89 1.03157e-05
37.9025 4.16815e-05
37.915 7.3838e-05
37.9275 0.000106445
37.94 0.000139194
37.9525 0.000171735
37.965 0.000203898
37.9775 0.000235631
37.99 0.000266512
38.0025 0.000296402
38.015 0.000325173
38.0275 0.000352755
38.04 0.000379043
38.0525 0.000403954
38.065 0.000427442
38.0775 0.000449489
38.09 0.000470071
38.1025 0.000489169
38.115 0.00050678
38.1275 0.000522914
38.14 0.000537586
38.1525 0.000550808
38.165 0.000562519
38.1775 0.000572861
38.19 0.000581877
38.2025 0.000589642
38.215 0.000596263
38.2275 0.000601773
38.24 0.00060625
38.2525 0.000609775
38.265 0.000612436
38.2775 0.000614301
38.29 0.000615442
38.3025 0.000615926
38.315 0.000615814
38.3275 0.000615168
38.34 0.000614048
38.3525 0.00061251
38.365 0.000610613
38.3775 0.000608415
38.39 0.000605977
38.4025 0.000603393
38.415 0.000600812
38.4275 0.000597978
38.44 0.000595131
38.4525 0.000592179
38.465 0.00058924
38.4775 0.000586374
38.49 0.000583618
38.5025 0.000581062
38.515 0.000578789
38.5275 0.000576913
38.54 0.000575539
38.5525 0.00057479
38.565 0.000574785
38.5775 0.000575632
38.59 0.000577404
38.6025 0.000580137
38.615 0.00058383
38.6275 0.000588483
38.64 0.000594019
38.6525 0.000600333
38.665 0.000607267
38.6775 0.000614625
38.69 0.000622172
38.7025 0.000629699
38.715 0.000636885
38.7275 0.000643427
38.74 0.00064906
38.7525 0.000653486
38.765 0.000656413
38.7775 0.000657577
38.79 0.000656753
38.8025 0.000653754
38.815 0.000648444
38.8275 0.000640727
38.84 0.000630566
38.8525 0.000618014
38.865 0.000603164
38.8775 0.000586171
38.89 0.000567248
38.9025 0.000546664
38.915 0.000524728
38.9275 0.000501778
38.94 0.000478177
38.9525 0.000454302
38.965 0.00043057
38.9775 0.000407241
38.99 0.000384672
39.0025 0.000362975
39.015 0.000342616
39.0275 0.000323685
39.04 0.000306357
39.0525 0.000290722
39.065 0.00027685
39.0775 0.000264759
39.09 0.000254431
39.1025 0.000245808
39.115 0.00023882
39.1275 0.000233343
39.14 0.000229229
39.1525 0.000226344
39.165 0.000224546
39.1775 0.000223688
39.19 0.000223615
39.2025 0.000224185
39.215 0.000225279
39.2275 0.000226793
39.24 0.000228629
39.2525 0.000230719
39.265 0.000233017
39.2775 0.000235493
39.29 0.000238132
39.3025 0.000240936
39.315 0.00024392
39.3275 0.000247108
39.34 0.000250526
39.3525 0.000254202
39.365 0.000258159
39.3775 0.000262418
39.39 0.000266989
39.4025 0.000271872
39.415 0.000277053
39.4275 0.000282501
39.44 0.000288175
39.4525 0.000294014
39.465 0.000299942
39.4775 0.000305868
39.49 0.000311696
39.5025 0.000317336
39.515 0.000322685
39.5275 0.000327613
39.54 0.000332036
39.5525 0.000335866
39.565 0.000339036
39.5775 0.000341492
39.59 0.000343207
39.6025 0.000344176
39.615 0.000344422
39.6275 0.000343995
39.64 0.000342968
39.6525 0.000341441
39.665 0.000339531
39.6775 0.000337373
39.69 0.00033511
39.7025 0.000332884
39.715 0.000330822
39.7275 0.000329092
39.74 0.000327806
39.7525 0.000327076
39.765 0.000326993
39.7775 0.000327627
39.79 0.000329021
39.8025 0.000331196
39.815 0.000334151
39.8275 0.000337864
39.84 0.000342312
39.8525 0.000347433
39.865 0.000353152
39.8775 0.000359402
39.89 0.000366105
39.9025 0.000373176
39.915 0.000380529
39.9275 0.000388154
39.94 0.000395988
39.9525 0.00040398
39.965 0.000412084
39.9775 0.000420269
39.99 0.000428514
40.0025 0.000436793
40.015 0.000445084
40.0275 0.000453372
40.04 0.000461647
40.0525 0.000469896
40.065 0.000478101
40.0775 0.000486247
40.09 0.000494313
40.1025 0.000502274
40.115 0.000510102
40.1275 0.000517759
40.14 0.000525217
40.1525 0.000532416
40.165 0.00053931
40.1775 0.000545843
40.19 0.000551956
40.2025 0.000557584
40.215 0.000562663
40.2275 0.000567125
40.24 0.000570904
40.2525 0.00057394
40.265 0.000576173
40.2775 0.000577553
40.29 0.000578038
40.3025 0.000577597
40.315 0.000576218
40.3275 0.00057389
40.34 0.000570621
40.3525 0.000566439
40.365 0.000561379
40.3775 0.000555486
40.39 0.000548818
40.4025 0.000541442
40.415 0.000533464
40.4275 0.000524898
40.44 0.00051582
40.4525 0.000506274
40.465 0.000496319
40.4775 0.000485994
40.49 0.000475328
40.5025 0.000464342
40.515 0.000453046
40.5275 0.000441438
40.54 0.000429506
40.5525 0.00041723
40.565 0.000404582
40.5775 0.000391459
40.59 0.000377887
40.6025 0.0003638
40.615 0.000349168
40.6275 0.000333867
40.64 0.000318045
40.6525 0.000301719
40.665 0.000284965
40.6775 0.000267816
40.69 0.000250411
40.7025 0.000232772
40.715 0.000214977
40.7275 0.000197143
40.74 0.000179397
40.7525 0.000161846
40.765 0.000144591
40.7775 0.000127754
40.79 0.000111469
40.8025 9.58585e-05
40.815 8.10303e-05
40.8275 6.70926e-05
40.84 5.41569e-05
40.8525 4.23262e-05
40.865 3.16888e-05
40.8775 2.23233e-05
40.89 1.43032e-05
40.9025 7.69495e-06
40.915 2.54731e-06
40.9275 -1.10286e-06
40.94 -3.2222e-06
40.9525 -3.7853e-06
40.965 -2.77921e-06
40.9775 -2.04294e-07
40.99 3.93792e-06
41.0025 9.62849e-06
41.015 1.68384e-05
41.0275 2.55304e-05
41.04 3.56586e-05
41.0525 4.71671e-05
41.065 5.99907e-05
41.0775 7.40576e-05
41.09 8.92894e-05
41.1025 0.000105601
41.115 0.000122899
41.1275 0.000141086
41.14 0.000160056
41.1525 0.00017971
41.165 0.000199925
41.1775 0.000220605
41.19 0.000241678
41.2025 0.000263078
41.215 0.000284733
41.2275 0.000306436
41.24 0.000328159
41.2525 0.000349801
41.265 0.000371266
41.2775 0.000392456
41.29 0.000413282
41.3025 0.000433657
41.315 0.000453445
41.3275 0.000472593
41.34 0.000491083
41.3525 0.000508916
41.365 0.000525971
41.3775 0.000542238
41.39 0.000557674
41.4025 0.000572254
41.415 0.00058594
41.4275 0.000598692
41.44 0.000610464
41.4525 0.000621216
41.465 0.000630904
41.4775 0.00063948
41.49 0.000646896
41.5025 0.000653109
41.515 0.000658079
41.5275 0.000661774
41.54 0.000664169
41.5525 0.000665249
41.565 0.00066502
41.5775 0.000663541
41.59 0.000660927
41.6025 0.000656901
41.615 0.000651691
41.6275 0.000645265
41.64 0.000637762
41.6525 0.000629263
41.665 0.000619913
41.6775 0.000609896
41.69 0.000599393
41.7025 0.00058863
41.715 0.000577832
41.7275 0.000567243
41.74 0.00055711
41.7525 0.000547691
41.765 0.000539239
41.7775 0.000531995
41.79 0.000526185
41.8025 0.000522008
41.815 0.000519633
41.8275 0.000519187
41.84 0.000520756
41.8525 0.000524376
41.865 0.000530037
41.8775 0.000537682
41.89 0.000547182
41.9025 0.000558352
41.915 0.000570948
41.9275 0.000584682
41.94 0.000599207
41.9525 0.000614193
41.965 0.000629286
41.9775 0.000644134
41.99 0.000658366
42.0025 0.00067165
42.015 0.000683777
42.0275 0.00069434
42.04 0.000703182
42.0525 0.000710123
42.065 0.000715019
42.0775 0.000717759
42.09 0.000718298
42.1025 0.000716642
42.115 0.000712827
42.1275 0.000706912
42.14 0.000699
42.1525 0.000689226
42.165 0.000677713
42.1775 0.000664635
42.19 0.000650145
42.2025 0.000634404
42.215 0.000617564
42.2275 0.000599808
42.24 0.000581218
42.2525 0.00056188
42.265 0.000541873
42.2775 0.00052128
42.29 0.000500146
42.3025 0.000478521
42.315 0.000456436
42.3275 0.000433924
42.34 0.000411019
42.3525 0.000387627
42.365 0.000363878
42.3775 0.000339796
42.39 0.000315417
42.4025 0.000290794
42.415 0.000266028
42.4275 0.000241257
42.44 0.000216521
42.4525 0.000191917
42.465 0.000167652
42.4775 0.000143957
42.49 0.000121024
42.5025 9.90507e-05
42.515 7.8278e-05
42.5275 5.89692e-05
42.54 4.13634e-05
42.5525 2.56707e-05
42.565 1.20898e-05
42.5775 8.08376e-07
42.59 -8.01808e-06
42.6025 -1.42824e-05
42.615 -1.79218e-05
42.6275 -1.8912e-05
42.64 -1.72861e-05
42.6525 -1.31127e-05
42.665 -6.52574e-06
42.6775 2.28796e-06
42.69 1.31035e-05
42.7025 2.56624e-05
42.715 3.96684e-05
42.7275 5.47971e-05
42.74 7.07112e-05
42.7525 8.70705e-05
42.765 0.000103536
42.7775 0.000119778
42.79 0.000135489
42.8025 0.000150397
42.815 0.000164239
42.8275 0.000176862
42.84 0.000188112
42.8525 0.000197853
42.865 0.000206014
42.8775 0.000212615
42.89 0.000217643
42.9025 0.000221159
42.915 0.000223242
42.9275 0.000224016
42.94 0.000223621
42.9525 0.000222201
42.965 0.000219883
42.9775 0.000216823
42.99 0.000213168
43.0025 0.000209038
43.015 0.000204539
43.0275 0.000199761
43.04 0.000194775
43.0525 0.000189632
43.065 0.000184369
43.0775 0.000179011
43.09 0.000173575
43.1025 0.000168082
43.115 0.000162553
43.1275 0.000157022
43.14 0.000151534
43.1525 0.00014617
43.165 0.000140998
43.1775 0.000136123
43.19 0.000131699
43.2025 0.000127906
43.215 0.000124934
43.2275 0.000122997
43.24 0.000122337
43.2525 0.00012321
43.265 0.000125859
43.2775 0.000130491
43.29 0.000137429
43.3025 0.000146865
43.315 0.000158987
43.3275 0.000173964
43.34 0.000191837
43.3525 0.000212623
43.365 0.000236311
43.3775 0.000262939
43.39 0.000292266
43.4025 0.000324045
43.415 0.000358011
43.4275 0.000393842
43.44 0.000431152
43.4525 0.000469501
43.465 0.000508421
43.4775 0.000547427
43.49 0.000586023
43.5025 0.000623712
43.515 0.000660148
43.5275 0.000694601
43.54 0.000726619
43.5525 0.000755811
43.565 0.000781764
43.5775 0.000804187
43.59 0.000822792
43.6025 0.000837443
43.615 0.000848027
43.6275 0.000854543
43.64 0.000857063
43.6525 0.000855755
43.665 0.000850837
43.6775 0.000842633
43.69 0.000831529
43.7025 0.000817965
43.715 0.000802422
43.7275 0.000785411
43.74 0.000767455
43.7525 0.000749074
43.765 0.000730763
43.7775 0.000712987
43.79 0.000696164
43.8025 0.000680659
43.815 0.000666769
43.8275 0.000654722
43.84 0.000644695
43.8525 0.000636793
43.865 0.000630979
43.8775 0.000627281
43.89 0.000625698
43.9025 0.000626068
43.915 0.000628191
43.9275 0.000631815
43.94 0.000636656
43.9525 0.000642416
43.965 0.000648784
43.9775 0.000655453
43.99 0.000662142
44.0025 0.000668602
44.015 0.000674625
44.0275 0.000680051
44.04 0.000684779
44.0525 0.000688769
44.065 0.000692034
44.0775 0.000694652
44.09 0.000696738
44.1025 0.000698447
44.115 0.000699951
44.1275 0.000701436
44.14 0.000703084
44.1525 0.000705061
44.165 0.000707502
44.1775 0.000710504
44.19 0.000714113
44.2025 0.000718325
44.215 0.000723083
44.2275 0.000728251
44.24 0.000733656
44.2525 0.000739058
44.265 0.000744168
44.2775 0.000748662
44.29 0.000752188
44.3025 0.000754378
44.315 0.00075487
44.3275 0.000753318
44.34 0.000749406
44.3525 0.00074286
44.365 0.000733464
44.3775 0.000721081
44.39 0.000705641
44.4025 0.000687161
44.415 0.000665745
44.4275 0.000641582
44.44 0.000614944
44.4525 0.000586181
44.465 0.000555704
44.4775 0.000524017
44.49 0.000491617
44.5025 0.000458957
44.515 0.00042644
44.5275 0.000394563
44.54 0.000363919
44.5525 0.000334824
44.565 0.000307683
44.5775 0.000282756
44.59 0.000260166
44.6025 0.000240083
44.615 0.000222652
44.6275 0.000207911
44.64 0.000195788
44.6525 0.000186178
44.665 0.000178964
44.6775 0.000173959
44.69 0.000170914
44.7025 0.000169544
44.715 0.000169559
44.7275 0.000170653
44.74 0.000172536
44.7525 0.00017489
44.765 0.000177429
44.7775 0.000179896
44.79 0.000182078
44.8025 0.000183794
44.815 0.000184899
44.8275 0.000185295
44.84 0.000184937
44.8525 0.00018382
44.865 0.000181977
44.8775 0.000179482
44.89 0.000176441
44.9025 0.000172981
44.915 0.000169245
44.9275 0.000165383
44.94 0.000161546
44.9525 0.000157873
44.965 0.000154486
44.9775 0.000151483
44.99 0.000148934
45.0025 0.000146875
45.015 0.000145309
45.0275 0.000144202
45.04 0.000143489
45.0525 0.000143073
45.065 0.000142837
45.0775 0.000142651
45.09 0.000142349
45.1025 0.000141771
45.115 0.00014076
45.1275 0.000139173
45.14 0.000136884
45.1525 0.000133787
45.165 0.000129813
45.1775 0.000124929
45.19 0.000119143
45.2025 0.000112489
45.215 0.000105074
45.2275 9.70294e-05
45.24 8.85447e-05
45.2525 7.98466e-05
45.265 7.11869e-05
45.2775 6.28392e-05
45.29 5.51039e-05
45.3025 4.82925e-05
45.315 4.27116e-05
45.3275 3.8652e-05
45.34 3.63855e-05
45.3525 3.61566e-05
45.365 3.81704e-05
45.3775 4.25628e-05
45.39 4.94335e-05
45.4025 5.88186e-05
45.415 7.06838e-05
45.4275 8.49309e-05
45.44 0.000101407
45.4525 0.000119907
45.465 0.000140176
45.4775 0.000161921
45.49 0.000184826
45.5025 0.000208571
45.515 0.000232824
45.5275 0.000257253
45.54 0.000281677
45.5525 0.000305934
45.565 0.000329634
45.5775 0.000352675
45.59 0.000374934
45.6025 0.000396358
45.615 0.000416884
45.6275 0.000436475
45.64 0.000455255
45.6525 0.000473274
45.665 0.000490627
45.6775 0.000507399
45.69 0.00052369
45.7025 0.000539619
45.715 0.000555292
45.7275 0.000570743
45.74 0.000586027
45.7525 0.000601164
45.765 0.000616137
45.7775 0.000630889
45.79 0.000645323
45.8025 0.00065931
45.815 0.000672691
45.8275 0.000685279
45.84 0.000696867
45.8525 0.000707235
45.865 0.000716162
45.8775 0.000723433
45.89 0.00072885
45.9025 0.000732235
45.915 0.000733449
45.9275 0.000732395
45.94 0.000729036
45.9525 0.000723377
45.965 0.000715491
45.9775 0.000705512
45.99 0.000693634
46.0025 0.000680092
46.015 0.00066522
46.0275 0.000649287
46.04 0.000632501
46.0525 0.000615277
46.065 0.000597931
46.0775 0.000580889
46.09 0.000564501
46.1025 0.000549154
46.115 0.0005352
46.1275 0.000522966
46.14 0.000512741
46.1525 0.000504767
46.165 0.000499229
46.1775 0.000496255
46.19 0.000495919
46.2025 0.000498207
46.215 0.000503032
46.2275 0.000510218
46.24 0.000519537
46.2525 0.000530735
46.265 0.00054349
46.2775 0.000557437
46.29 0.000572201
46.3025 0.000587389
46.315 0.000602608
46.3275 0.000617475
46.34 0.000631632
46.3525 0.000644752
46.365 0.000656553
46.3775 0.000666795
46.39 0.000675291
46.4025 0.000681908
46.415 0.000686566
46.4275 0.000689234
46.44 0.000689929
46.4525 0.000688707
46.465 0.00068566
46.4775 0.000680878
46.49 0.000674511
46.5025 0.000666694
46.515 0.000657567
46.5275 0.000647265
46.54 0.000635921
46.5525 0.00062365
46.565 0.000610555
46.5775 0.000596716
46.59 0.000582212
46.6025 0.000567078
46.615 0.000551314
46.6275 0.000534937
46.64 0.000517954
46.6525 0.000500365
46.665 0.000482175
46.6775 0.000463396
46.69 0.000444055
46.7025 0.000424188
46.715 0.000403722
46.7275 0.000382894
46.74 0.00036172
46.7525 0.000340341
46.765 0.000318893
46.7775 0.000297524
46.79 0.000276472
46.8025 0.000255853
46.815 0.000235839
46.8275 0.000216674
46.84 0.000198613
46.8525 0.000181864
46.865 0.00016662
46.8775 0.000153085
46.89 0.000141464
46.9025 0.000131914
46.915 0.000124548
46.9275 0.000119445
46.94 0.000116656
46.9525 0.000116182
46.965 0.000117953
46.9775 0.000121866
46.99 0.000127765
47.0025 0.000135461
47.015 0.000144695
47.0275 0.000155194
47.04 0.000166646
47.0525 0.000178729
47.065 0.000191107
47.0775 0.000203441
47.09 0.000215412
47.1025 0.000226696
47.115 0.000237029
47.1275 0.000246194
47.14 0.000253982
47.1525 0.000260215
47.165 0.00026478
47.1775 0.000267621
47.19 0.000268724
47.2025 0.000268109
47.215 0.000265846
47.2275 0.000262051
47.24 0.000256891
47.2525 0.000250551
47.265 0.000243242
47.2775 0.000235192
47.29 0.000226637
47.3025 0.000217793
47.315 0.000208899
47.3275 0.00020013
47.34 0.000191614
47.3525 0.000183493
47.365 0.000175896
47.3775 0.0001689
47.39 0.000162535
47.4025 0.000156822
47.415 0.000151769
47.4275 0.000147366
47.44 0.000143579
47.4525 0.000140364
47.465 0.000137687
47.4775 0.000135522
47.49 0.000133847
47.5025 0.000132654
47.515 0.000131956
47.5275 0.000131789
47.54 0.000132213
47.5525 0.000133305
47.565 0.000135166
47.5775 0.000137912
47.59 0.000141676
47.6025 0.000146593
47.615 0.000152794
47.6275 0.000160406
47.64 0.000169544
47.6525 0.000180302
47.665 0.000192742
47.6775 0.00020689
47.69 0.000222744
47.7025 0.000240262
47.715 0.000259347
47.7275 0.000279913
47.74 0.000301805
47.7525 0.000324867
47.765 0.000348946
47.7775 0.000373639
47.79 0.000398786
47.8025 0.000424126
47.815 0.000449394
47.8275 0.000474304
47.84 0.000498589
47.8525 0.000522
47.865 0.000544308
47.8775 0.000565252
47.89 0.000584645
47.9025 0.00060232
47.915 0.000618139
47.9275 0.000631993
47.94 0.000643809
47.9525 0.000653546
47.965 0.000661199
47.9775 0.000666794
47.99 0.000670385
48.0025 0.000672056
48.015 0.000671924
48.0275 0.000670116
48.04 0.000666784
48.0525 0.000662092
48.065 0.000656216
48.0775 0.000649335
48.09 0.000641626
48.1025 0.000633268
48.115 0.000624442
48.1275 0.000615372
48.14 0.00060596
48.1525 0.000596445
48.165 0.000586873
48.1775 0.00057735
48.19 0.000567969
48.2025 0.000558803
48.215 0.000549943
48.2275 0.000541461
48.24 0.00053344
48.2525 0.000525946
48.265 0.000519053
48.2775 0.000512832
48.29 0.000507349
48.3025 0.00050267
48.315 0.000498857
48.3275 0.000495968
48.34 0.000494053
48.3525 0.000493169
48.365 0.000493362
48.3775 0.000494678
48.39 0.000497143
48.4025 0.000500771
48.415 0.000505552
48.4275 0.000511455
48.44 0.000518449
48.4525 0.000526455
48.465 0.000535386
48.4775 0.000545118
48.49 0.000555506
48.5025 0.000566383
48.515 0.000577557
48.5275 0.000588817
48.54 0.000599939
48.5525 0.000610686
48.565 0.000620816
48.5775 0.000630087
48.59 0.000638262
48.6025 0.000645116
48.615 0.000650441
48.6275 0.000654051
48.64 0.000655785
48.6525 0.000655518
48.665 0.000653153
48.6775 0.000648622
48.69 0.000641917
48.7025 0.000633051
48.715 0.000622083
48.7275 0.000609109
48.74 0.000594261
48.7525 0.000577706
48.765 0.000559639
48.7775 0.00054028
48.79 0.000519867
48.8025 0.000498654
48.815 0.000476902
48.8275 0.000454904
48.84 0.000432858
48.8525 0.000410885
48.865 0.000389304
48.8775 0.000368294
48.89 0.00034801
48.9025 0.000328593
48.915 0.000310165
48.9275 0.000292821
48.94 0.000276665
48.9525 0.000261664
48.965 0.000247852
48.9775 0.000235281
48.99 0.000223972
49.0025 0.000213903
49.015 0.00020506
49.0275 0.00019745
49.04 0.000191067
49.0525 0.000185894
49.065 0.000181905
49.0775 0.000179086
49.09 0.000177425
49.1025 0.000176897
49.115 0.000177465
49.1275 0.000179097
49.14 0.000181753
49.1525 0.000185382
49.165 0.000189923
49.1775 0.000195305
49.19 0.000201447
49.2025 0.000208258
49.215 0.000215635
49.2275 0.000223464
49.24 0.000231621
49.2525 0.000239977
49.265 0.0002484
49.2775 0.000256736
49.29 0.000264865
49.3025 0.000272652
49.315 0.000279947
49.3275 0.000286607
49.34 0.000292508
49.3525 0.000297532
49.365 0.000301566
49.3775 0.000304508
49.39 0.000306279
49.4025 0.00030682
49.415 0.00030609
49.4275 0.000304055
49.44 0.000300719
49.4525 0.000296107
49.465 0.000290267
49.4775 0.000283266
49.49 0.000275197
49.5025 0.000266176
49.515 0.000256338
49.5275 0.000245836
49.54 0.000234832
49.5525 0.000223502
49.565 0.000212035
49.5775 0.000200558
49.59 0.00018924
49.6025 0.000178277
49.615 0.000167846
49.6275 0.000158094
49.64 0.000149165
49.6525 0.000141207
49.665 0.000134359
49.6775 0.000128733
49.69 0.000124421
49.7025 0.000121507
49.715 0.000120063
49.7275 0.000120142
49.74 0.000121767
49.7525 0.000124949
49.765 0.000129686
49.7775 0.000135954
49.79 0.000143707
49.8025 0.000152887
49.815 0.000163423
49.8275 0.00017523
49.84 0.000188212
49.8525 0.000202262
49.865 0.000217287
49.8775 0.000233148
49.89 0.000249774
49.9025 0.0002671
49.915 0.000285054
49.9275 0.00030343
49.94 0.000322162
49.9525 0.000341173
49.965 0.000360372
49.9775 0.000379655
49.99 0.000398911
50.0025 0.000418033
50.015 0.000436903
50.0275 0.000455397
50.04 0.000473381
50.0525 0.000490723
50.065 0.000507291
50.0775 0.000522977
50.09 0.00053762
50.1025 0.000551106
50.115 0.000563314
50.1275 0.000574136
50.14 0.000583468
50.1525 0.000591223
50.165 0.000597323
50.1775 0.00060171
50.19 0.000604345
50.2025 0.000605206
50.215 0.000604304
50.2275 0.000601668
50.24 0.000597354
50.2525 0.000591446
50.265 0.000584055
50.2775 0.000575315
50.29 0.000565384
50.3025 0.00055444
50.315 0.000542679
50.3275 0.000530306
50.34 0.000517538
50.3525 0.000504596
50.365 0.000491699
50.3775 0.000479066
50.39 0.000466902
50.4025 0.000455404
50.415 0.000444749
50.4275 0.000435098
50.44 0.000426589
50.4525 0.000419335
50.465 0.000413424
50.4775 0.000408917
50.49 0.000405852
50.5025 0.000404238
50.515 0.000404059
50.5275 0.000405278
50.54 0.000407836
50.5525 0.000411655
50.565 0.000416643
50.5775 0.000422696
50.59 0.000429697
50.6025 0.000437526
50.615 0.000446052
50.6275 0.000455145
50.64 0.000464669
50.6525 0.000474489
50.665 0.00048447
50.6775 0.000494478
50.69 0.000504379
50.7025 0.000514042
50.715 0.000523337
50.7275 0.000532138
50.74 0.000540319
50.7525 0.000547758
50.765 0.000554337
50.7775 0.000559936
50.79 0.000564434
50.8025 0.000567738
50.815 0.000569743
50.8275 0.00057036
50.84 0.000569509
50.8525 0.000567127
50.865 0.000563167
50.8775 0.000557599
50.89 0.000550415
50.9025 0.000541626
50.915 0.000531266
50.9275 0.000519395
50.94 0.000506094
50.9525 0.000491485
50.965 0.000475666
50.9775 0.00045879
50.99 0.000441018
51.0025 0.000422537
51.015 0.000403545
51.0275 0.000384252
51.04 0.000364816
51.0525 0.000345407
51.065 0.000326337
51.0775 0.000307741
51.09 0.000289809
51.1025 0.000272714
51.115 0.000256625
51.1275 0.000241596
51.14 0.000227741
51.1525 0.000215195
51.165 0.000204057
51.1775 0.00019437
51.19 0.000186173
51.2025 0.00017951
51.215 0.000174418
51.2275 0.000170888
51.24 0.000168894
51.2525 0.000168399
51.265 0.000169351
51.2775 0.00017169
51.29 0.000175318
51.3025 0.000180125
51.315 0.000185997
51.3275 0.000192806
51.34 0.000200413
51.3525 0.000208669
51.365 0.000217425
51.3775 0.000226532
51.39 0.000235853
51.4025 0.00024523
51.415 0.000254542
51.4275 0.000263683
51.44 0.000272534
51.4525 0.000280981
51.465 0.00028897
51.4775 0.000296399
51.49 0.000303193
51.5025 0.000309295
51.515 0.000314655
51.5275 0.000319235
51.54 0.000323007
51.5525 0.000325941
51.565 0.000328019
51.5775 0.000329226
51.59 0.00032956
51.6025 0.000329021
51.615 0.000327617
51.6275 0.000325359
51.64 0.000322275
51.6525 0.000318398
51.665 0.000313772
51.6775 0.000308449
51.69 0.000302498
51.7025 0.000295967
51.715 0.000288936
51.7275 0.000281524
51.74 0.000273814
51.7525 0.000265916
51.765 0.000257949
51.7775 0.000250038
51.79 0.000242304
51.8025 0.0002349
51.815 0.000227934
51.8275 0.000221516
51.84 0.000215783
51.8525 0.000210876
51.865 0.000206912
51.8775 0.000203994
51.89 0.000202224
51.9025 0.0002017
51.915 0.000202502
51.9275 0.000204677
51.94 0.000208262
51.9525 0.000213275
51.965 0.000219707
51.9775 0.00022752
51.99 0.000236655
52.0025 0.000247045
52.015 0.000258575
52.0275 0.000271148
52.04 0.000284668
52.0525 0.000299068
52.065 0.000314092
52.0775 0.000329685
52.09 0.000345691
52.1025 0.000361987
52.115 0.000378421
52.1275 0.000394857
52.14 0.00041116
52.1525 0.0004272
52.165 0.000442846
52.1775 0.000457975
52.19 0.000472472
52.2025 0.00048625
52.215 0.000499201
52.2275 0.000511243
52.24 0.0005223
52.2525 0.000532311
52.265 0.00054122
52.2775 0.00054898
52.29 0.000555552
52.3025 0.000560906
52.315 0.000565022
52.3275 0.000567887
52.34 0.000569496
52.3525 0.000569853
52.365 0.000568977
52.3775 0.000566891
52.39 0.000563631
52.4025 0.000559246
52.415 0.000553796
52.4275 0.000547352
52.44 0.000539996
52.4525 0.000531822
52.465 0.000522934
52.4775 0.000513444
52.49 0.000503474
52.5025 0.000493153
52.515 0.000482614
52.5275 0.000471997
52.54 0.000461442
52.5525 0.000451092
52.565 0.000441084
52.5775 0.000431558
52.59 0.000422642
52.6025 0.000414461
52.615 0.000407126
52.6275 0.000400741
52.64 0.000395391
52.6525 0.000391129
52.665 0.000388025
52.6775 0.000386128
52.69 0.00038545
52.7025 0.000385991
52.715 0.000387732
52.7275 0.000390639
52.74 0.000394689
52.7525 0.000399784
52.765 0.000405855
52.7775 0.0004128
52.79 0.00042051
52.8025 0.000428859
52.815 0.000437714
52.8275 0.000446931
52.84 0.00045636
52.8525 0.000465847
52.865 0.000475228
52.8775 0.000484345
52.89 0.000493047
52.9025 0.00050118
52.915 0.000508602
52.9275 0.00051518
52.94 0.000520793
52.9525 0.000525336
52.965 0.000528719
52.9775 0.000530868
52.99 0.000531734
53.0025 0.000531287
53.015 0.00052949
53.0275 0.000526346
53.04 0.000521874
53.0525 0.000516112
53.065 0.000509116
53.0775 0.000500961
53.09 0.000491733
53.1025 0.000481535
53.115 0.00047048
53.1275 0.000458691
53.14 0.000446295
53.1525 0.000433425
53.165 0.000420217
53.1775 0.000406724
53.19 0.000393127
53.2025 0.000379539
53.215 0.00036606
53.2275 0.000352786
53.24 0.000339819
53.2525 0.00032724
53.265 0.000315134
53.2775 0.000303581
53.29 0.000292652
53.3025 0.000282359
53.315 0.000272758
53.3275 0.000263925
53.34 0.000255912
53.3525 0.000248749
53.365 0.000242472
53.3775 0.000237129
53.39 0.000232767
53.4025 0.00022941
53.415 0.000227078
53.4275 0.000225791
53.44 0.000225564
53.4525 0.000226392
53.465 0.000228264
53.4775 0.000231153
53.49 0.000235021
53.5025 0.000239815
53.515 0.000245467
53.5275 0.000251896
53.54 0.000259008
53.5525 0.000266698
53.565 0.00027485
53.5775 0.000283352
53.59 0.000292061
53.6025 0.000300873
53.615 0.000309667
53.6275 0.000318311
53.64 0.000326675
53.6525 0.000334647
53.665 0.000342147
53.6775 0.000349081
53.69 0.000355324
53.7025 0.000360819
53.715 0.000365509
53.7275 0.000369349
53.74 0.000372304
53.7525 0.000374356
53.765 0.000375501
53.7775 0.000375751
53.79 0.000375135
53.8025 0.000373689
53.815 0.000371467
53.8275 0.000368537
53.84 0.000364975
53.8525 0.000360868
53.865 0.00035631
53.8775 0.000351365
53.89 0.000346158
53.9025 0.000340787
53.915 0.000335346
53.9275 0.000329929
53.94 0.000324631
53.9525 0.000319543
53.965 0.00031475
53.9775 0.000310335
53.99 0.000306374
54.0025 0.00030294
54.015 0.000300098
54.0275 0.000297906
54.04 0.000296417
54.0525 0.000295679
54.065 0.00029572
54.0775 0.000296568
54.09 0.000298249
54.1025 0.000300786
54.115 0.00030418
54.1275 0.000308428
54.14 0.000313527
54.1525 0.000319466
54.165 0.000326212
54.1775 0.000333727
54.19 0.000341989
54.2025 0.000350953
54.215 0.000360614
54.2275 0.000370858
54.24 0.000381634
54.2525 0.000392863
54.265 0.00040447
54.2775 0.000416365
54.29 0.000428451
54.3025 0.000440627
54.315 0.00045279
54.3275 0.000464837
54.34 0.000476645
54.3525 0.000488108
54.365 0.000499115
54.3775 0.000509557
54.39 0.00051933
54.4025 0.000528335
54.415 0.000536478
54.4275 0.000543677
54.44 0.000549859
54.4525 0.000554961
54.465 0.000558936
54.4775 0.000561748
54.49 0.000563377
54.5025 0.000563817
54.515 0.000563084
54.5275 0.000561206
54.54 0.000558225
54.5525 0.000554206
54.565 0.000549223
54.5775 0.000543366
54.59 0.000536735
54.6025 0.000529442
54.615 0.000521604
54.6275 0.000513344
54.64 0.000504787
54.6525 0.000496058
54.665 0.000487281
54.6775 0.000478574
54.69 0.000470051
54.7025 0.000461817
54.715 0.000453969
54.7275 0.000446594
54.74 0.000439768
54.7525 0.000433556
54.765 0.000427991
54.7775 0.000423111
54.79 0.000418968
54.8025 0.000415564
54.815 0.00041291
54.8275 0.000411006
54.84 0.000409846
54.8525 0.000409417
54.865 0.000409698
54.8775 0.000410663
54.89 0.000412283
54.9025 0.000414522
54.915 0.000417336
54.9275 0.000420681
54.94 0.000424531
54.9525 0.00042879
54.965 0.000433416
54.9775 0.000438337
54.99 0.000443484
55.0025 0.000448778
55.015 0.000454141
55.0275 0.000459486
55.04 0.000464729
55.0525 0.000469792
55.065 0.000474572
55.0775 0.000478974
55.09 0.000482908
55.1025 0.00048629
55.115 0.000489038
55.1275 0.00049108
55.14 0.00049235
55.1525 0.000492793
55.165 0.000492367
55.1775 0.000491045
55.19 0.000488809
55.2025 0.000485658
55.215 0.000481605
55.2275 0.000476678
55.24 0.000470918
55.2525 0.000464381
55.265 0.000457136
55.2775 0.00044926
55.29 0.000440842
55.3025 0.00043198
55.315 0.000422706
55.3275 0.000413177
55.34 0.000403472
55.3525 0.000393685
55.365 0.000383903
55.3775 0.000374217
55.39 0.000364711
55.4025 0.000355462
55.415 0.00034654
55.4275 0.000338028
55.44 0.000329942
55.4525 0.000322323
55.465 0.000315227
55.4775 0.000308704
55.49 0.000302776
55.5025 0.000297463
55.515 0.000292793
55.5275 0.000288797
55.54 0.000285489
55.5525 0.000282879
55.565 0.000280974
55.5775 0.000279786
55.59 0.000279319
55.6025 0.000279565
55.615 0.000280512
55.6275 0.000282149
55.64 0.000284453
55.6525 0.000287395
55.665 0.000290937
55.6775 0.000295036
55.69 0.000299643
55.7025 0.000304703
55.715 0.000310154
55.7275 0.000315927
55.74 0.000321954
55.7525 0.000328162
55.765 0.000334472
55.7775 0.000340824
55.79 0.000347144
55.8025 0.000353353
55.815 0.000359377
55.8275 0.000365148
55.84 0.000370603
55.8525 0.0003757
55.865 0.000380368
55.8775 0.000384553
55.89 0.000388221
55.9025 0.000391342
55.915 0.00039389
55.9275 0.000395851
55.94 0.000397219
55.9525 0.000397999
55.965 0.000398204
55.9775 0.000397857
55.99 0.000396989
56.0025 0.000395642
56.015 0.000393867
56.0275 0.000391722
56.04 0.000389269
56.0525 0.000386581
56.065 0.00038371
56.0775 0.000380738
56.09 0.000377744
56.1025 0.000374795
56.115 0.00037196
56.1275 0.000369308
56.14 0.000366901
56.1525 0.000364799
56.165 0.000363057
56.1775 0.000361723
56.19 0.000360843
56.2025 0.000360451
56.215 0.00036058
56.2275 0.000361251
56.24 0.000362478
56.2525 0.00036427
56.265 0.000366629
56.2775 0.000369545
56.29 0.000372995
56.3025 0.000376983
56.315 0.000381479
56.3275 0.00038646
56.34 0.00039192
56.3525 0.000397785
56.365 0.000404032
56.3775 0.000410611
56.39 0.000417481
56.4025 0.000424591
56.415 0.000431892
56.4275 0.000439342
56.44 0.000446882
56.4525 0.000454449
56.465 0.000461983
56.4775 0.000469425
56.49 0.000476709
56.5025 0.000483767
56.515 0.000490532
56.5275 0.00049694
56.54 0.000502928
56.5525 0.000508434
56.565 0.0005134
56.5775 0.000517774
56.59 0.00052151
56.6025 0.000524569
56.615 0.000526917
56.6275 0.00052853
56.64 0.000529394
56.6525 0.000529502
56.665 0.000528863
56.6775 0.000527489
56.69 0.000525408
56.7025 0.000522655
56.715 0.000519277
56.7275 0.00051533
56.74 0.000510875
56.7525 0.000505981
56.765 0.000500725
56.7775 0.000495183
56.79 0.000489436
56.8025 0.000483563
56.815 0.000477645
56.8275 0.00047176
56.84 0.000465981
56.8525 0.000460379
56.865 0.000455016
56.8775 0.00044995
56.89 0.000445233
56.9025 0.000440906
56.915 0.000437003
56.9275 0.000433526
56.94 0.000430523
56.9525 0.000427987
56.965 0.000425925
56.9775 0.000424329
56.99 0.000423189
57.0025 0.00042249
57.015 0.000422212
57.0275 0.000422326
57.04 0.000422805
57.0525 0.000423621
57.065 0.000424738
57.0775 0.00042612
57.09 0.000427729
57.1025 0.000429538
57.115 0.000431499
57.1275 0.000433588
57.14 0.000435746
57.1525 0.000437938
57.165 0.000440119
57.1775 0.000442251
57.19 0.000444295
57.2025 0.000446211
57.215 0.00044796
57.2275 0.000449506
57.24 0.000450813
57.2525 0.000451847
57.265 0.000452575
57.2775 0.000452967
57.29 0.000452997
57.3025 0.000452639
57.315 0.000451874
57.3275 0.000450686
57.34 0.000449062
57.3525 0.000446996
57.365 0.000444486
57.3775 0.000441536
57.39 0.000438156
57.4025 0.000434364
57.415 0.000430182
57.4275 0.000425628
57.44 0.000420713
57.4525 0.000415504
57.465 0.000410021
57.4775 0.00040431
57.49 0.000398414
57.5025 0.000392382
57.515 0.000386266
57.5275 0.00038012
57.54 0.000374
57.5525 0.000367962
57.565 0.000362063
57.5775 0.000356356
57.59 0.0003509
57.6025 0.000345717
57.615 0.000340847
57.6275 0.00033634
57.64 0.000332236
57.6525 0.000328561
57.665 0.000325337
57.6775 0.000322591
57.69 0.000320345
57.7025 0.000318614
57.715 0.000317401
57.7275 0.000316711
57.74 0.000316544
57.7525 0.000316891
57.765 0.000317739
57.7775 0.000319067
57.79 0.000320851
57.8025 0.000323062
57.815 0.000325665
57.8275 0.000328622
57.84 0.000331891
57.8525 0.000335427
57.865 0.000339186
57.8775 0.000343123
57.89 0.00034719
57.9025 0.000351342
