0.0025 1.39e-05
0.0125 1.38996e-05
0.0225 1.38982e-05
0.035 1.38981e-05
0.045 1.39018e-05
0.055 1.39119e-05
0.065 1.39313e-05
0.075 1.39625e-05
0.085 1.40079e-05
0.095 1.40688e-05
0.105 1.41452e-05
0.115 1.42355e-05
0.125 1.4336e-05
0.135 1.44408e-05
0.145 1.4542e-05
0.155 1.46291e-05
0.165 1.46893e-05
0.175 1.47076e-05
0.185 1.46673e-05
0.195 1.45497e-05
0.205 1.43347e-05
0.215 1.39997e-05
0.225 1.352e-05
0.235 1.2869e-05
0.245 1.20191e-05
0.255 1.09424e-05
0.265 9.61079e-06
0.275 7.99717e-06
0.285 6.07571e-06
0.295 3.82244e-06
0.305 1.21594e-06
0.315 -1.76227e-06
0.325 -5.1274e-06
0.335 -8.89066e-06
0.345 -1.30586e-05
0.355 -1.76328e-05
0.365 -2.26096e-05
0.375 -2.79771e-05
0.385 -3.37187e-05
0.395 -3.98075e-05
0.405 -4.62104e-05
0.415 -5.28886e-05
0.425 -5.98e-05
0.435 -6.69008e-05
0.445 -7.41463e-05
0.455 -8.14914e-05
0.465 -8.8892e-05
0.475 -9.63056e-05
0.485 -0.000103691
0.495 -0.00011101
0.5075 -0.000120011
0.52 -0.000128786
0.5325 -0.000137269
0.545 -0.000145395
0.5575 -0.000153097
0.57 -0.000160311
0.5825 -0.00016697
0.595 -0.000173004
0.6075 -0.000178343
0.62 -0.000182915
0.6325 -0.000186666
0.645 -0.000189559
0.6575 -0.00019157
0.67 -0.000192693
0.6825 -0.00019294
0.695 -0.000192346
0.7075 -0.000190964
0.72 -0.00018884
0.7325 -0.000186011
0.745 -0.000182507
0.7575 -0.000178359
0.77 -0.000173613
0.7825 -0.000168333
0.795 -0.000162598
0.8075 -0.000156495
0.82 -0.000150124
0.8325 -0.000143597
0.845 -0.00013705
0.8575 -0.00013063
0.87 -0.000124474
0.8825 -0.000118712
0.895 -0.00011348
0.9075 -0.000108936
0.92 -0.000105248
0.9325 -0.000102577
0.945 -0.000101063
0.9575 -0.000100831
0.97 -0.000102
0.9825 -0.000104666
0.995 -0.000108897
1.005 -0.000113449
1.0175 -0.000120652
1.03 -0.000129604
1.0425 -0.000140396
1.055 -0.000153154
1.0675 -0.000168056
1.08 -0.000185336
1.0925 -0.00020529
1.105 -0.000228287
1.1175 -0.000254784
1.13 -0.00028532
1.1425 -0.000320468
1.155 -0.000360788
1.1675 -0.000406792
1.18 -0.000458902
1.1925 -0.00051738
1.205 -0.000582224
1.2175 -0.00065315
1.23 -0.000729594
1.2425 -0.000810724
1.255 -0.000895436
1.2675 -0.000982375
1.28 -0.00106998
1.2925 -0.00115655
1.305 -0.00124031
1.3175 -0.00131949
1.33 -0.00139238
1.3425 -0.00145738
1.355 -0.00151306
1.3675 -0.00155816
1.38 -0.00159169
1.3925 -0.00161298
1.405 -0.00162171
1.4175 -0.00161805
1.43 -0.00160265
1.4425 -0.00157676
1.455 -0.00154214
1.4675 -0.00150115
1.48 -0.00145661
1.4925 -0.0014118
1.505 -0.00137038
1.5175 -0.0013363
1.53 -0.00131365
1.5425 -0.00130657
1.555 -0.00131913
1.5675 -0.00135521
1.58 -0.00141826
1.5925 -0.00151108
1.605 -0.00163572
1.6175 -0.00179329
1.63 -0.00198383
1.6425 -0.0022061
1.655 -0.00245753
1.6675 -0.00273409
1.68 -0.00303037
1.6925 -0.00333969
1.705 -0.00365428
1.7175 -0.00396552
1.73 -0.00426422
1.7425 -0.00454094
1.755 -0.00478627
1.7675 -0.00499108
1.78 -0.00514686
1.7925 -0.00524605
1.805 -0.00528237
1.8175 -0.00525096
1.83 -0.00514845
1.8425 -0.00497313
1.855 -0.00472516
1.8675 -0.00440672
1.88 -0.00402208
1.8925 -0.00357748
1.905 -0.00308103
1.9175 -0.00254245
1.93 -0.0019728
1.9425 -0.00138413
1.955 -0.000789041
1.9675 -0.00020022
1.98 0.000370082
1.9925 0.000909897
2.0025 0.00131273
2.0125 0.00168477
2.0225 0.00202223
2.0325 0.00232223
2.0425 0.002583
2.0525 0.00280393
2.0625 0.00298542
2.0725 0.00312909
2.0825 0.00323774
2.0925 0.00331526
2.1025 0.00336663
2.1125 0.00339776
2.1225 0.00341537
2.1325 0.00342646
2.1425 0.00343706
2.1525 0.00347161
2.1625 0.00366095
2.1725 0.00368842
2.1825 0.00361711
2.1925 0.00372763
2.2025 0.0036934
2.2125 0.00376534
2.2225 0.00382774
2.2325 0.00383802
2.2425 0.00389681
2.2525 0.00399435
2.2625 0.00409221
2.2725 0.00420706
2.2825 0.00434109
2.2925 0.00448616
2.3025 0.00464207
2.3125 0.00481757
2.3225 0.00501016
2.3325 0.00521493
2.3425 0.00542509
2.3525 0.0056418
2.3625 0.00586964
2.3725 0.00610588
2.3825 0.00634356
2.3925 0.00657883
2.4025 0.00680881
2.4125 0.00703395
2.4225 0.00725792
2.4325 0.00747159
2.4425 0.00766996
2.4525 0.00785121
2.4625 0.00801102
2.4725 0.008146
2.4825 0.00825582
2.4925 0.00833383
2.5025 0.00837713
2.5125 0.00838524
2.5225 0.00835664
2.5325 0.00829159
2.5425 0.00818913
2.5525 0.00804922
2.5625 0.00787321
2.5725 0.00766353
2.5825 0.00742318
2.5925 0.00715561
2.6025 0.00686487
2.6125 0.0065558
2.6225 0.00623764
2.6325 0.00591555
2.6425 0.00558536
2.6525 0.00525492
2.6625 0.00492701
2.6725 0.00460517
2.6825 0.00429449
2.6925 0.00399885
2.7025 0.00372244
2.7125 0.00346896
2.7225 0.00324181
2.7325 0.00304432
2.7425 0.0028795
2.7525 0.00274984
2.7625 0.00265719
2.7725 0.00260292
2.7825 0.00258793
2.7925 0.00261268
2.8025 0.00267713
2.8125 0.00278154
2.8225 0.00292405
2.8325 0.0031021
2.8425 0.00331233
2.8525 0.00355072
2.8625 0.00381267
2.8725 0.004093
2.8825 0.00438615
2.8925 0.00468636
2.9025 0.00498776
2.9125 0.00528459
2.9225 0.0055713
2.9325 0.00584274
2.9425 0.0060943
2.9525 0.00632204
2.9625 0.00652276
2.9725 0.00669403
2.9825 0.0068342
2.9925 0.00694239
3.0025 0.00701848
3.0125 0.00706296
3.0225 0.0070769
3.0325 0.00706185
3.0425 0.00701965
3.0525 0.0069524
3.0625 0.00686243
3.0725 0.00675222
3.0825 0.00662405
3.0925 0.00647979
3.1025 0.0063217
3.1125 0.00615146
3.1225 0.00597067
3.1325 0.00578071
3.1425 0.00558263
3.1525 0.00537737
3.1625 0.00516566
3.1725 0.00494806
3.1825 0.00472494
3.1925 0.00449649
3.2025 0.00426273
3.2125 0.0040235
3.2225 0.00377848
3.2325 0.00352722
3.2425 0.00326914
3.2525 0.00300356
3.2625 0.00272969
3.2725 0.00244669
3.2825 0.00215372
3.2925 0.00185001
3.3025 0.00153059
3.3125 0.00119588
3.3225 0.000857574
3.3325 0.000509687
3.3425 0.000158111
3.3525 -0.000198386
3.3625 -0.000557145
3.3725 -0.000915581
3.3825 -0.00127198
3.3925 -0.00162434
3.4025 -0.00197104
3.4125 -0.00231012
3.4225 -0.00264077
3.4325 -0.00296029
3.4425 -0.00326405
3.4525 -0.00356007
3.4625 -0.00384379
3.4725 -0.00411697
3.4825 -0.00437872
3.4925 -0.00462831
3.5025 -0.00486622
3.5125 -0.00509173
3.5225 -0.00530465
3.5325 -0.00550465
3.5425 -0.00569119
3.5525 -0.00586372
3.5625 -0.00602167
3.5725 -0.00616462
3.5825 -0.00629208
3.5925 -0.00640358
3.6025 -0.00649867
3.6125 -0.00657704
3.6225 -0.00663845
3.6325 -0.00668282
3.6425 -0.00671021
3.6525 -0.00672081
3.6625 -0.00671506
3.6725 -0.00669353
3.6825 -0.00665709
3.6925 -0.00660676
3.7025 -0.00654379
3.7125 -0.00646961
3.7225 -0.0063858
3.7325 -0.00629402
3.7425 -0.00619609
3.7525 -0.00609423
3.7625 -0.00599037
3.7725 -0.00588663
3.7825 -0.00578531
3.7925 -0.00568857
3.8025 -0.00559825
3.8125 -0.00551613
3.8225 -0.00544377
3.8325 -0.00538234
3.8425 -0.00533278
3.8525 -0.00529608
3.8625 -0.00527211
3.8725 -0.00526005
3.8825 -0.00525849
3.8925 -0.00526537
3.9025 -0.00527809
3.9125 -0.00529353
3.9225 -0.0053082
3.9325 -0.00531825
3.9425 -0.00531965
3.9525 -0.00530831
3.9625 -0.00528018
3.9725 -0.00523146
3.9825 -0.00515864
3.9925 -0.00505871
4.0025 -0.00492921
4.0125 -0.00476835
4.0225 -0.0045751
4.0325 -0.0043492
4.0425 -0.00409128
4.0525 -0.00380281
4.0625 -0.00348616
4.0725 -0.00314457
4.0825 -0.00278212
4.0925 -0.00240364
4.1025 -0.00201466
4.1125 -0.00162125
4.1225 -0.00122991
4.1325 -0.000847384
4.1425 -0.000480265
4.1525 -0.000135112
4.1625 0.000181087
4.1725 0.000462693
4.1825 0.000704419
4.1925 0.000901807
4.2025 0.00105127
4.2125 0.00115027
4.2225 0.00119742
4.2325 0.00119257
4.2425 0.00113676
4.2525 0.00103214
4.2625 0.000882005
4.2725 0.000690734
4.2825 0.000463652
4.2925 0.000206903
4.3025 -7.27132e-05
4.3125 -0.000367867
4.3225 -0.000671111
4.3325 -0.00097445
4.3425 -0.00126937
4.3525 -0.00154529
4.3625 -0.00180336
4.3725 -0.00203447
4.3825 -0.00223957
4.3925 -0.00241438
4.4025 -0.00255567
4.4125 -0.00266028
4.4225 -0.00272696
4.4325 -0.00275458
4.4425 -0.00274289
4.4525 -0.0026916
4.4625 -0.00260126
4.4725 -0.00247422
4.4825 -0.00231338
4.4925 -0.00212238
4.5025 -0.00190546
4.5125 -0.00166744
4.5225 -0.00141511
4.5325 -0.00115135
4.5425 -0.000881464
4.5525 -0.000610083
4.5625 -0.000342002
4.5725 -8.19526e-05
4.5825 0.00016632
4.5925 0.000398381
4.6025 0.000611222
4.6125 0.00080216
4.6225 0.000968909
4.6325 0.00111036
4.6425 0.00122613
4.6525 0.00131675
4.6625 0.00138365
4.6725 0.00142918
4.6825 0.00146036
4.6925 0.0014746
4.7025 0.00147453
4.7125 0.0014637
4.7225 0.00144409
4.7325 0.00141973
4.7425 0.00139306
4.7525 0.00136716
4.7625 0.0013448
4.7725 0.00132875
4.7825 0.00132133
4.7925 0.00132444
4.8025 0.00133968
4.8125 0.00136822
4.8225 0.00141088
4.8325 0.00146801
4.8425 0.0015396
4.8525 0.00162521
4.8625 0.00172404
4.8725 0.00183493
4.8825 0.00195666
4.8925 0.00208737
4.9025 0.00222488
4.9125 0.00236651
4.9225 0.00250939
4.9325 0.0026505
4.9425 0.00278666
4.9525 0.0029146
4.9625 0.00303153
4.9725 0.00313449
4.9825 0.00322082
4.9925 0.00328834
5.0025 0.00333513
5.0125 0.00335983
5.0225 0.00336156
5.0325 0.00334001
5.0425 0.00329543
5.0525 0.00322862
5.0625 0.00314096
5.0725 0.00303437
5.0825 0.00291128
5.0925 0.00277449
5.1025 0.00262718
5.1125 0.00247279
5.1225 0.0023149
5.1325 0.0021585
5.1425 0.00200637
5.1525 0.00185915
5.1625 0.00172092
5.1725 0.00159332
5.1825 0.00147915
5.1925 0.00138013
5.2025 0.00129794
5.2125 0.00123381
5.2225 0.00118855
5.2325 0.00116268
5.2425 0.00115645
5.2525 0.00116932
5.2625 0.00120039
5.2725 0.00124831
5.2825 0.00131141
5.2925 0.00138772
5.3025 0.00147509
5.3125 0.00157122
5.3225 0.00167356
5.3325 0.00177957
5.3425 0.00188665
5.3525 0.00199229
5.3625 0.00209415
5.3725 0.00219006
5.3825 0.00227813
5.3925 0.00235678
5.4025 0.00242476
5.4125 0.00248117
5.4225 0.00252549
5.4325 0.00255755
5.4425 0.00257749
5.4525 0.00258578
5.4625 0.00258309
5.4725 0.00257026
5.4825 0.00254831
5.4925 0.00251831
5.5025 0.00248143
5.5125 0.00243881
5.5225 0.0023915
5.5325 0.00234051
5.5425 0.00228678
5.5525 0.00223109
5.5625 0.0021741
5.5725 0.00211627
5.5825 0.00205787
5.5925 0.001999
5.6025 0.00193954
5.6125 0.00187922
5.6225 0.00181757
5.6325 0.00175399
5.6425 0.00168774
5.6525 0.00161798
5.6625 0.00154377
5.6725 0.00146414
5.6825 0.00137835
5.6925 0.00128551
5.7025 0.00118495
5.7125 0.00107621
5.7225 0.000959005
5.7325 0.000833382
5.7425 0.000699659
5.7525 0.00055849
5.7625 0.000410889
5.7725 0.00025822
5.7825 0.000102135
5.7925 -5.53125e-05
5.8025 -0.000211795
5.8125 -0.000364782
5.8225 -0.000511477
5.8325 -0.000648924
5.8425 -0.000774072
5.8525 -0.000883848
5.8625 -0.000975253
5.8725 -0.00104537
5.8825 -0.00109162
5.8925 -0.00111181
5.9025 -0.00110401
5.9125 -0.00106694
5.9225 -0.000999837
5.9325 -0.000902607
5.9425 -0.000775839
5.9525 -0.000620804
5.9625 -0.00043944
5.9725 -0.000234353
5.9825 -8.74335e-06
5.9925 0.00023368
6.0025 0.000488862
6.0125 0.000752576
6.0225 0.00101991
6.0325 0.00128629
6.0425 0.00154713
6.0525 0.00179828
6.0625 0.0020356
6.0725 0.00225545
6.0825 0.00245478
6.0925 0.00263104
6.1025 0.00278237
6.1125 0.00290755
6.1225 0.00300606
6.1325 0.00307798
6.1425 0.003124
6.1525 0.00314527
6.1625 0.00314325
6.1725 0.00311968
6.1825 0.00307661
6.1925 0.0030161
6.2025 0.00294033
6.2125 0.00285141
6.2225 0.00275131
6.2325 0.00264183
6.2425 0.00252449
6.2525 0.0024006
6.2625 0.00227115
6.2725 0.00213684
6.2825 0.00199807
6.2925 0.00185498
6.3025 0.00170743
6.3125 0.00155509
6.3225 0.00139715
6.3325 0.00123037
6.3425 0.00105946
6.3525 0.000882503
6.3625 0.000700302
6.3725 0.000512599
6.3825 0.000318717
6.3925 0.000119506
6.4025 -8.47654e-05
6.4125 -0.000292394
6.4225 -0.000506539
6.4325 -0.00072715
6.4425 -0.000953423
6.4525 -0.00118636
6.4625 -0.00142454
6.4725 -0.00166771
6.4825 -0.00191502
6.4925 -0.00216557
6.5025 -0.00241808
6.5125 -0.002671
6.5225 -0.00292266
6.5325 -0.00317128
6.5425 -0.00341499
6.5525 -0.00365174
6.5625 -0.00387942
6.5725 -0.004096
6.5825 -0.00429921
6.5925 -0.00448676
6.6025 -0.00465645
6.6125 -0.00480612
6.6225 -0.00493375
6.6325 -0.00503751
6.6425 -0.00511578
6.6525 -0.00516727
6.6625 -0.00519099
6.6725 -0.00518631
6.6825 -0.00515304
6.6925 -0.00509137
6.7025 -0.00500194
6.7125 -0.00488586
6.7225 -0.00474468
6.7325 -0.00458036
6.7425 -0.00439533
6.7525 -0.00419353
6.7625 -0.0039765
6.7725 -0.00374675
6.7825 -0.00350776
6.7925 -0.00326245
6.8025 -0.00301432
6.8125 -0.00276668
6.8225 -0.00252288
6.8325 -0.00228629
6.8425 -0.0020601
6.8525 -0.00184739
6.8625 -0.00165101
6.8725 -0.00147355
6.8825 -0.00131729
6.8925 -0.00118421
6.9025 -0.00107584
6.9125 -0.00099335
6.9225 -0.000937696
6.9325 -0.000909032
6.9425 -0.000906891
6.9525 -0.000930309
6.9625 -0.000977742
6.9725 -0.00104716
6.9825 -0.00113608
6.9925 -0.00124163
7.0025 -0.00136065
7.0125 -0.00148972
7.0225 -0.00162531
7.0325 -0.0017638
7.0425 -0.00190163
7.0525 -0.00203531
7.0625 -0.00216154
7.0725 -0.00227726
7.0825 -0.00237971
7.0925 -0.0024665
7.1025 -0.00253565
7.1125 -0.00258563
7.1225 -0.00261534
7.1325 -0.00262416
7.1425 -0.00261192
7.1525 -0.00257892
7.1625 -0.00252585
7.1725 -0.0024538
7.1825 -0.00236421
7.1925 -0.00225879
7.2025 -0.00213952
7.2125 -0.00200854
7.2225 -0.00186811
7.2325 -0.00172057
7.2425 -0.00156821
7.2525 -0.00141329
7.2625 -0.00125794
7.2725 -0.0011041
7.2825 -0.000952264
7.2925 -0.000803112
7.3025 -0.000662415
7.3125 -0.000529354
7.3225 -0.000405916
7.3325 -0.000292636
7.3425 -0.000189428
7.3525 -9.71683e-05
7.3625 -1.53041e-05
7.3725 5.70163e-05
7.3825 0.00012087
7.3925 0.000177782
7.4025 0.000229479
7.4125 0.000281474
7.4225 0.00032996
7.4325 0.000377513
7.4425 0.000425452
7.4525 0.000474697
7.4625 0.000527183
7.4725 0.000583585
7.4825 0.000645129
7.4925 0.000712746
7.5025 0.000787358
7.5125 0.000869566
7.5225 0.000959674
7.5325 0.00105775
7.5425 0.00116359
7.5525 0.0012767
7.5625 0.00139628
7.5725 0.00152126
7.5825 0.00165032
7.5925 0.0017819
7.6025 0.00191423
7.6125 0.00204547
7.6225 0.00217364
7.6325 0.00229672
7.6425 0.00241289
7.6525 0.00252013
7.6625 0.00261686
7.6725 0.00270191
7.6825 0.00277405
7.6925 0.00283226
7.7025 0.00287606
7.7125 0.00290513
7.7225 0.00291965
7.7325 0.00292004
7.7425 0.00290711
7.7525 0.00288197
7.7625 0.002846
7.7725 0.00280087
7.7825 0.00274843
7.7925 0.00269076
7.8025 0.00263001
7.8125 0.00256844
7.8225 0.0025083
7.8325 0.00245181
7.8425 0.0024011
7.8525 0.00235813
7.8625 0.00232467
7.8725 0.00230225
7.8825 0.00229205
7.8925 0.00229504
7.9025 0.00231181
7.9125 0.00234265
7.9225 0.00238753
7.9325 0.00244607
7.9425 0.00251763
7.9525 0.00260146
7.9625 0.0026962
7.9725 0.00280016
7.9825 0.00291145
7.9925 0.00302802
8.0025 0.00314755
8.015 0.00329763
8.0275 0.00344423
8.04 0.00358267
8.0525 0.00370883
8.065 0.00381895
8.0775 0.00390982
8.09 0.00397885
8.1025 0.00402417
8.115 0.0040446
8.1275 0.00403966
8.14 0.00400962
8.1525 0.00395541
8.165 0.00387867
8.1775 0.00378175
8.19 0.00366757
8.2025 0.00353955
8.215 0.00340148
8.2275 0.00325732
8.24 0.00311096
8.2525 0.00296613
8.265 0.00282616
8.2775 0.00269393
8.29 0.00257168
8.3025 0.00246098
8.315 0.00236273
8.3275 0.0022772
8.34 0.00220412
8.3525 0.00214272
8.365 0.00209188
8.3775 0.00205014
8.39 0.00201583
8.4025 0.0019872
8.415 0.00196243
8.4275 0.00193986
8.44 0.00191803
8.4525 0.00189579
8.465 0.0018724
8.4775 0.00184749
8.49 0.0018211
8.5025 0.00179362
8.515 0.00176576
8.5275 0.00173844
8.54 0.00171275
8.5525 0.00168984
8.565 0.00167082
8.5775 0.00165665
8.59 0.00164812
8.6025 0.00164573
8.615 0.00164963
8.6275 0.00165969
8.64 0.00167535
8.6525 0.00169569
8.665 0.0017194
8.6775 0.00174481
8.69 0.00176996
8.7025 0.00179268
8.715 0.00181067
8.7275 0.00182153
8.74 0.00182293
8.7525 0.00181261
8.765 0.00178852
8.7775 0.00174887
8.79 0.00169217
8.8025 0.00161732
8.815 0.00152343
8.8275 0.00140791
8.84 0.00127606
8.8525 0.00112694
8.865 0.000963111
8.8775 0.000785705
8.89 0.000597282
8.9025 0.000400428
8.915 0.00019759
8.9275 -8.64612e-06
8.94 -0.000215469
8.9525 -0.000419915
8.965 -0.000619211
8.9775 -0.000810492
8.99 -0.000990959
9.0025 -0.00115788
9.015 -0.00130873
9.0275 -0.00144118
9.04 -0.00155321
9.0525 -0.00164316
9.065 -0.00171006
9.0775 -0.00175381
9.09 -0.00177402
9.1025 -0.00177151
9.115 -0.00174665
9.1275 -0.00170206
9.14 -0.00164232
9.1525 -0.00157052
9.165 -0.00149021
9.1775 -0.00140529
9.19 -0.00131991
9.2025 -0.00123814
9.215 -0.00116379
9.2275 -0.00110046
9.24 -0.00105145
9.2525 -0.00101961
9.265 -0.00100718
9.2775 -0.00101579
9.29 -0.00104638
9.3025 -0.00109917
9.315 -0.0011736
9.3275 -0.00126858
9.34 -0.00138221
9.3525 -0.00151159
9.365 -0.00165334
9.3775 -0.00180368
9.39 -0.00195863
9.4025 -0.00211424
9.415 -0.00226688
9.4275 -0.00241309
9.44 -0.00255006
9.4525 -0.00267557
9.465 -0.00278818
9.4775 -0.00288713
9.49 -0.00297247
9.5025 -0.00304494
9.515 -0.00310603
9.5275 -0.00315954
9.54 -0.00320423
9.5525 -0.0032424
9.565 -0.00327553
9.5775 -0.00330589
9.59 -0.00333537
9.6025 -0.00336603
9.615 -0.0033997
9.6275 -0.00343789
9.64 -0.00348172
9.6525 -0.00353177
9.665 -0.00358808
9.6775 -0.00365041
9.69 -0.00371689
9.7025 -0.00378474
9.715 -0.00385021
9.7275 -0.00390875
9.74 -0.00395523
9.7525 -0.00398416
9.765 -0.00398994
9.7775 -0.00396715
9.79 -0.00391084
9.8025 -0.00381683
9.815 -0.00368195
9.8275 -0.00350426
9.84 -0.00328328
9.8525 -0.00302004
9.865 -0.00271715
9.8775 -0.00237874
9.89 -0.00201038
9.9025 -0.00161882
9.915 -0.00121185
9.9275 -0.000797916
9.94 -0.000385828
9.9525 1.59569e-05
9.965 0.000398745
9.9775 0.000754642
9.99 0.00107705
10.0025 0.00136046
10.015 0.00160095
10.0275 0.00179901
10.04 0.00194773
10.0525 0.00204864
10.065 0.00210122
10.0775 0.00210947
10.09 0.00207588
10.1025 0.00200554
10.115 0.00190408
10.1275 0.00177823
10.14 0.00163737
10.1525 0.00148087
10.165 0.001316
10.1775 0.00114676
10.19 0.00097825
10.2025 0.000814286
10.215 0.000658461
10.2275 0.000513905
10.24 0.000383082
10.2525 0.000267697
10.265 0.000168951
10.2775 8.75046e-05
10.29 2.31439e-05
10.3025 -2.49896e-05
10.315 -5.83004e-05
10.3275 -7.85597e-05
10.34 -8.78587e-05
10.3525 -8.79082e-05
10.365 -8.07262e-05
10.3775 -6.79457e-05
10.39 -5.09588e-05
10.4025 -3.06727e-05
10.415 -7.55647e-06
10.4275 1.8397e-05
10.44 4.76516e-05
10.4525 8.1123e-05
10.465 0.000120127
10.4775 0.000167397
10.49 0.000223207
10.5025 0.00028817
10.515 0.000363062
10.5275 0.000449101
10.54 0.000546923
10.5525 0.000657111
10.565 0.000779921
10.5775 0.000915344
10.59 0.00106298
10.6025 0.00122213
10.615 0.00139164
10.6275 0.00157003
10.64 0.00175542
10.6525 0.00194561
10.665 0.00213806
10.6775 0.00233012
10.69 0.00251884
10.7025 0.00270088
10.715 0.00287276
10.7275 0.00303089
10.74 0.00317173
10.7525 0.00329186
10.765 0.00338813
10.7775 0.00345786
10.79 0.0034987
10.8025 0.00350892
10.815 0.00348739
10.8275 0.0034337
10.84 0.00334814
10.8525 0.0032318
10.865 0.00308648
10.8775 0.00291471
10.89 0.00271969
10.9025 0.0025052
10.915 0.00227551
10.9275 0.00203529
10.94 0.00178944
10.9525 0.00154361
10.965 0.0013024
10.9775 0.00106931
10.99 0.000848768
11.0025 0.000644741
11.015 0.00046094
11.0275 0.000300797
11.04 0.000167206
11.0525 6.27672e-05
11.065 -1.04784e-05
11.0775 -5.10081e-05
11.09 -5.79214e-05
11.1025 -3.09687e-05
11.115 2.96e-05
11.1275 0.000122667
11.14 0.000246312
11.1525 0.000397899
11.165 0.000574204
11.1775 0.000771508
11.19 0.000985651
11.2025 0.00121198
11.215 0.00144584
11.2275 0.00168249
11.24 0.00191722
11.2525 0.00214552
11.265 0.00236323
11.2775 0.00256666
11.29 0.00275252
11.3025 0.00291817
11.315 0.00306158
11.3275 0.00318138
11.34 0.00327685
11.3525 0.00334788
11.365 0.0033949
11.3775 0.0034189
11.39 0.00342119
11.4025 0.00340331
11.415 0.00336702
11.4275 0.00331411
11.44 0.00324634
11.4525 0.00316532
11.465 0.00307247
11.4775 0.00296892
11.49 0.00285551
11.5025 0.00273275
11.515 0.00260085
11.5275 0.00245977
11.54 0.00230924
11.5525 0.00214891
11.565 0.00197839
11.5775 0.00179738
11.59 0.00160574
11.6025 0.00140359
11.615 0.00119134
11.6275 0.000969932
11.64 0.000740547
11.6525 0.000504909
11.665 0.000265118
11.6775 2.349e-05
11.69 -0.000217053
11.7025 -0.000454214
11.715 -0.00068327
11.7275 -0.000901114
11.74 -0.00110424
11.7525 -0.00128951
11.765 -0.00145371
11.7775 -0.00159394
11.79 -0.0017077
11.8025 -0.00179304
11.815 -0.00184852
11.8275 -0.00187325
11.84 -0.00186711
11.8525 -0.00183065
11.865 -0.00176511
11.8775 -0.00167278
11.89 -0.00155668
11.9025 -0.0014198
11.915 -0.00126625
11.9275 -0.00110029
11.94 -0.000924701
11.9525 -0.000748532
11.965 -0.000574969
11.9775 -0.000410094
11.99 -0.000257965
12.0025 -0.000123023
12.015 -8.9647e-06
12.0275 8.10299e-05
12.04 0.000144674
12.0525 0.000180301
12.065 0.000186953
12.0775 0.000164419
12.09 0.000113183
12.1025 3.4284e-05
12.115 -7.02677e-05
12.1275 -0.000197884
12.14 -0.000345522
12.1525 -0.000509807
12.165 -0.000687059
12.1775 -0.000873659
12.19 -0.00106601
12.2025 -0.00126073
12.215 -0.00145478
12.2275 -0.00164553
12.24 -0.0018309
12.2525 -0.00200928
12.265 -0.00217962
12.2775 -0.00234137
12.29 -0.00249539
12.3025 -0.00264075
12.315 -0.00277674
12.3275 -0.00290354
12.34 -0.00302127
12.3525 -0.00313028
12.365 -0.00323086
12.3775 -0.00332332
12.39 -0.00340786
12.4025 -0.00348452
12.415 -0.00355318
12.4275 -0.00361348
12.44 -0.00366492
12.4525 -0.00370673
12.465 -0.00373747
12.4775 -0.00375544
12.49 -0.00375867
12.5025 -0.00374505
12.515 -0.00371247
12.5275 -0.00365895
12.54 -0.00358277
12.5525 -0.00348261
12.565 -0.00335769
12.5775 -0.00320785
12.59 -0.0030336
12.6025 -0.00283617
12.615 -0.00261749
12.6275 -0.00238018
12.64 -0.00212744
12.6525 -0.00186295
12.665 -0.00159074
12.6775 -0.00131507
12.69 -0.00104024
12.7025 -0.000770459
12.715 -0.000509731
12.7275 -0.000261689
12.74 -2.92598e-05
12.7525 0.000184582
12.765 0.000377914
12.7775 0.000549358
12.79 0.000698161
12.8025 0.00082416
12.815 0.000927801
12.8275 0.00101113
12.84 0.00107643
12.8525 0.00111985
12.865 0.00114483
12.8775 0.00115048
12.89 0.00114003
12.9025 0.00111373
12.915 0.00107301
12.9275 0.00101968
12.94 0.000956529
12.9525 0.000884372
12.965 0.000804339
12.9775 0.000717917
12.99 0.00062694
13.0025 0.000533083
13.015 0.00043799
13.0275 0.000343378
13.04 0.000251069
13.0525 0.000162835
13.065 8.03957e-05
13.0775 5.40782e-06
13.09 -6.05391e-05
13.1025 -0.000115982
13.115 -0.000159596
13.1275 -0.000190215
13.14 -0.00020691
13.1525 -0.000208916
13.165 -0.0001957
13.1775 -0.000166959
13.19 -0.000122637
13.2025 -6.29216e-05
13.215 1.17492e-05
13.2275 0.000100683
13.24 0.000202924
13.2525 0.000317284
13.265 0.000442418
13.2775 0.000576802
13.29 0.000718625
13.3025 0.000866176
13.315 0.00101766
13.3275 0.00117129
13.34 0.00132533
13.3525 0.00147814
13.365 0.00162821
13.3775 0.00177419
13.39 0.00191489
13.4025 0.00204935
13.415 0.00217678
13.4275 0.00229658
13.44 0.00240833
13.4525 0.00251177
13.465 0.0026068
13.4775 0.00269342
13.49 0.00277174
13.5025 0.00284187
13.515 0.00290394
13.5275 0.00295803
13.54 0.00300417
13.5525 0.00304226
13.565 0.00307208
13.5775 0.00309332
13.59 0.00310562
13.6025 0.00310816
13.615 0.00309998
13.6275 0.00307995
13.64 0.00304688
13.6525 0.00299972
13.665 0.00293751
13.6775 0.00285949
13.69 0.00276524
13.7025 0.00265467
13.715 0.00252819
13.7275 0.00238667
13.74 0.00223149
13.7525 0.00206456
13.765 0.00188829
13.7775 0.00170554
13.79 0.00151962
13.8025 0.00133412
13.815 0.00115289
13.8275 0.000979884
13.84 0.000819038
13.8525 0.000674111
13.865 0.000548605
13.8775 0.000445626
13.89 0.000367723
13.9025 0.00031698
13.915 0.000294847
13.9275 0.000301413
13.94 0.000336937
13.9525 0.000400553
13.965 0.000490741
13.9775 0.000605233
13.99 0.000741202
14.0025 0.0008952
14.015 0.00106321
14.0275 0.00124097
14.04 0.00142398
14.0525 0.00160761
14.065 0.00178731
14.0775 0.00195872
14.09 0.00211784
14.1025 0.00226107
14.115 0.00238539
14.1275 0.00248839
14.14 0.00256835
14.1525 0.00262423
14.165 0.0026557
14.1775 0.00266304
14.19 0.00264717
14.2025 0.0026095
14.215 0.00255189
14.2275 0.00247648
14.24 0.00238567
14.2525 0.00228195
14.265 0.00216784
14.2775 0.00204578
14.29 0.00191801
14.3025 0.00178655
14.315 0.00165314
14.3275 0.00151923
14.34 0.00138591
14.3525 0.001254
14.365 0.00112399
14.3775 0.000996108
14.39 0.000870348
14.4025 0.00074652
14.415 0.000624283
14.4275 0.000503191
14.44 0.00038275
14.4525 0.000262485
14.465 0.000141021
14.4775 1.83252e-05
14.49 -0.000103315
14.5025 -0.000224034
14.515 -0.000343046
14.5275 -0.000459529
14.54 -0.000572353
14.5525 -0.000680329
14.565 -0.000782283
14.5775 -0.00087683
14.59 -0.000962495
14.6025 -0.00103782
14.615 -0.00110137
14.6275 -0.00115179
14.64 -0.00118785
14.6525 -0.00120846
14.665 -0.00121278
14.6775 -0.00120023
14.69 -0.00117069
14.7025 -0.00112462
14.715 -0.00106234
14.7275 -0.000984898
14.74 -0.000893967
14.7525 -0.000791146
14.765 -0.000678165
14.7775 -0.000557002
14.79 -0.000433083
14.8025 -0.000308756
14.815 -0.000188054
14.8275 -7.42291e-05
14.84 2.91903e-05
14.8525 0.000118652
14.865 0.000191036
14.8775 0.000243555
14.89 0.000273731
14.9025 0.000279498
14.915 0.000259328
14.9275 0.000212252
14.94 0.000137843
14.9525 3.62483e-05
14.965 -9.17974e-05
14.9775 -0.000244943
14.99 -0.000421426
15.0025 -0.0006189
15.015 -0.000834569
15.0275 -0.00106539
15.04 -0.00130792
15.0525 -0.00155842
15.065 -0.00181305
15.0775 -0.00206797
15.09 -0.00231946
15.1025 -0.00256401
15.115 -0.00279843
15.1275 -0.00302017
15.14 -0.0032267
15.1525 -0.00341565
15.165 -0.00358534
15.1775 -0.00373443
15.19 -0.0038621
15.2025 -0.00396788
15.215 -0.0040517
15.2275 -0.00411385
15.24 -0.00415491
15.2525 -0.00417571
15.265 -0.00417722
15.2775 -0.00416051
15.29 -0.00412667
15.3025 -0.00407674
15.315 -0.00401178
15.3275 -0.0039327
15.34 -0.00383986
15.3525 -0.00373335
15.365 -0.00361295
15.3775 -0.00347817
15.39 -0.00332839
15.4025 -0.00316285
15.415 -0.00298084
15.4275 -0.00278175
15.44 -0.00256524
15.4525 -0.00233127
15.465 -0.00208029
15.4775 -0.00181323
15.49 -0.00153162
15.5025 -0.00123758
15.515 -0.000933821
15.5275 -0.000623642
15.54 -0.000310835
15.5525 5.20434e-07
15.565 0.000306036
15.5775 0.000600756
15.59 0.000880187
15.6025 0.00113983
15.615 0.00137551
15.6275 0.00158553
15.64 0.0017637
15.6525 0.00190705
15.665 0.00201257
15.6775 0.00207868
15.69 0.00210547
15.7025 0.00209275
15.715 0.00204171
15.7275 0.00195491
15.74 0.00183569
15.7525 0.00168809
15.765 0.00151712
15.7775 0.00133037
15.79 0.00112879
15.8025 0.000918672
15.815 0.000704199
15.8275 0.000490813
15.84 0.000282994
15.8525 8.52975e-05
15.865 -9.79782e-05
15.8775 -0.000263149
15.89 -0.000407056
15.9025 -0.000527094
15.915 -0.000621299
15.9275 -0.000688406
15.94 -0.000727799
15.9525 -0.000739374
15.965 -0.000723954
15.9775 -0.000683043
15.99 -0.000618749
16.0025 -0.000533706
16.0125 -0.000452578
16.0225 -0.000361479
16.0325 -0.000262082
16.0425 -0.000155955
16.0525 -4.47129e-05
16.0625 7.01517e-05
16.0725 0.000187244
16.0825 0.00030534
16.0925 0.000423352
16.1025 0.000540226
16.1125 0.000655202
16.1225 0.000767777
16.1325 0.000877591
16.1425 0.000984442
16.1525 0.00108832
16.1625 0.00119016
16.1725 0.00128936
16.1825 0.00138521
16.1925 0.00147821
16.2025 0.00156805
16.2125 0.00165505
16.2225 0.00173918
16.2325 0.00182059
16.2425 0.0018993
16.2525 0.00197533
16.2625 0.00204867
16.2725 0.00211923
16.2825 0.00218692
16.2925 0.00225158
16.3025 0.00231299
16.3125 0.00237091
16.3225 0.00242502
16.3325 0.00247499
16.3425 0.00252044
16.3525 0.00256094
16.3625 0.00259608
16.3725 0.00262541
16.3825 0.00264838
16.3925 0.00266441
16.4025 0.00267293
16.4125 0.00267337
16.4225 0.00266522
16.4325 0.00264798
16.4425 0.00262128
16.4525 0.0025849
16.4625 0.00253863
16.4725 0.00248245
16.4825 0.00241647
16.4925 0.00234096
16.5025 0.00225634
16.5125 0.00216321
16.5225 0.0020623
16.5325 0.00195453
16.5425 0.00184093
16.5525 0.00172268
16.5625 0.00160105
16.5725 0.00147741
16.5825 0.00135316
16.5925 0.00122973
16.6025 0.00110857
16.6125 0.000991089
16.6225 0.000878651
16.6325 0.000772543
16.6425 0.000673959
16.6525 0.00058397
16.6625 0.0005035
16.6725 0.000433393
16.6825 0.00037426
16.6925 0.00032657
16.7025 0.00029063
16.7125 0.000266573
16.7225 0.000254352
16.7325 0.000253748
16.7425 0.000264377
16.7525 0.000285718
16.7625 0.000317106
16.7725 0.000357759
16.7825 0.00040679
16.7925 0.000463239
16.8025 0.000526121
16.8125 0.000594348
16.8225 0.000666812
16.8325 0.000742461
16.8425 0.000820243
16.8525 0.000899153
16.8625 0.000978235
16.8725 0.00105661
16.8825 0.00113346
16.8925 0.0012081
16.9025 0.00127988
16.9125 0.00134828
16.9225 0.00141287
16.9325 0.00147329
16.9425 0.00152929
16.9525 0.00158068
16.9625 0.00162731
16.9725 0.0016691
16.9825 0.00170598
16.9925 0.00173791
17.0025 0.00176486
17.0125 0.00178676
17.0225 0.00180355
17.0325 0.0018151
17.0425 0.00182129
17.0525 0.00182192
17.0625 0.00181679
17.0725 0.00180566
17.0825 0.00178825
17.0925 0.00176428
17.1025 0.00173343
17.1125 0.0016954
17.1225 0.00164989
17.1325 0.00159665
17.1425 0.00153545
17.1525 0.00146613
17.1625 0.0013886
17.1725 0.00130287
17.1825 0.00120905
17.1925 0.00110738
17.2025 0.000998226
17.2125 0.000882106
17.2225 0.000759684
17.2325 0.000631757
17.2425 0.000498953
17.2525 0.000362948
17.2625 0.000224935
17.2725 8.61631e-05
17.2825 -5.20199e-05
17.2925 -0.000188185
17.3025 -0.000320822
17.3125 -0.000448247
17.3225 -0.000569287
17.3325 -0.000682479
17.3425 -0.000786597
17.3525 -0.000880449
17.3625 -0.000962953
17.3725 -0.00103319
17.3825 -0.00109034
17.3925 -0.00113389
17.4025 -0.00116348
17.4125 -0.00117911
17.4225 -0.00118127
17.4325 -0.00116929
17.4425 -0.00114387
17.4525 -0.00110545
17.4625 -0.0010547
17.4725 -0.000992539
17.4825 -0.000919857
17.4925 -0.000837704
17.5025 -0.000747264
17.5125 -0.000649852
17.5225 -0.00054684
17.5325 -0.000439633
17.5425 -0.000329658
17.5525 -0.000218421
17.5625 -0.000107627
17.5725 1.37178e-06
17.5825 0.000107302
17.5925 0.000208622
17.6025 0.000303903
17.6125 0.000392108
17.6225 0.000472173
17.6325 0.000543147
17.6425 0.000604265
17.6525 0.000654949
17.6625 0.00069514
17.6725 0.000724535
17.6825 0.000741626
17.6925 0.000747295
17.7025 0.000740885
17.7125 0.000722897
17.7225 0.000693545
17.7325 0.000653206
17.7425 0.000602359
17.7525 0.000541537
17.7625 0.000471401
17.7725 0.000392602
17.7825 0.000305835
17.7925 0.000211796
17.8025 0.000111187
17.8125 4.71953e-06
17.8225 -0.000106921
17.8325 -0.000223153
17.8425 -0.000343264
17.8525 -0.000466699
17.8625 -0.000592882
17.8725 -0.000721257
17.8825 -0.000851293
17.8925 -0.000982463
17.9025 -0.00111426
17.9125 -0.00124618
17.9225 -0.00137772
17.9325 -0.00150835
17.9425 -0.00163755
17.9525 -0.00176477
17.9625 -0.00188945
17.9725 -0.002011
17.9825 -0.0021288
17.9925 -0.00224221
18.0025 -0.00235055
18.0125 -0.00245312
18.0225 -0.00254919
18.0325 -0.00263804
18.0425 -0.00271897
18.0525 -0.00279122
18.0625 -0.00285394
18.0725 -0.00290633
18.0825 -0.00294753
18.0925 -0.00297678
18.1025 -0.00299331
18.1125 -0.00299645
18.1225 -0.00298563
18.1325 -0.00296039
18.1425 -0.00292044
18.1525 -0.00286564
18.1625 -0.00279602
18.1725 -0.00271182
18.1825 -0.0026135
18.1925 -0.00250169
18.2025 -0.00237727
18.2125 -0.00224128
18.2225 -0.002095
18.2325 -0.00193983
18.2425 -0.00177737
18.2525 -0.00160931
18.2625 -0.00143748
18.2725 -0.00126374
18.2825 -0.00109001
18.2925 -0.000918189
18.3025 -0.00075016
18.3125 -0.000587726
18.3225 -0.000432587
18.3325 -0.000286309
18.3425 -0.000150178
18.3525 -2.54902e-05
18.3625 8.66997e-05
18.3725 0.000185669
18.3825 0.000270876
18.3925 0.000342027
18.4025 0.000399037
18.4125 0.000442059
18.4225 0.000471468
18.4325 0.000487845
18.4425 0.000491949
18.4525 0.000484678
18.4625 0.000467053
18.4725 0.000440201
18.4825 0.000405317
18.4925 0.000363637
18.5025 0.000316403
18.5125 0.000264837
18.5225 0.000210116
18.5325 0.000153952
18.5425 9.79323e-05
18.5525 3.99984e-05
18.5625 -1.75002e-05
18.5725 -7.46931e-05
18.5825 -0.000131259
18.5925 -0.000186332
18.6025 -0.000240155
18.6125 -0.000292578
18.6225 -0.000343302
18.6325 -0.000392071
18.6425 -0.000438921
18.6525 -0.000483798
18.6625 -0.000526473
18.6725 -0.000566713
18.6825 -0.000604276
18.6925 -0.000638828
18.7025 -0.000669935
18.7125 -0.000697123
18.7225 -0.000719887
18.7325 -0.000737658
18.7425 -0.000749822
18.7525 -0.000755775
18.7625 -0.000754944
18.7725 -0.000746772
18.7825 -0.000730129
18.7925 -0.000705584
18.8025 -0.000672951
18.8125 -0.000632083
18.8225 -0.000583124
18.8325 -0.000526092
18.8425 -0.000461264
18.8525 -0.000388909
18.8625 -0.000309429
18.8725 -0.000223284
18.8825 -0.00013104
18.8925 -3.33427e-05
18.9025 6.9109e-05
18.9125 0.000175555
18.9225 0.000285279
18.9325 0.000397348
18.9425 0.000510846
18.9525 0.000624925
18.9625 0.000738689
18.9725 0.000851251
18.9825 0.000961711
18.9925 0.00106919
19.0025 0.00117283
19.0125 0.00127183
19.0225 0.00136543
19.0325 0.0014529
19.0425 0.00153358
19.0525 0.00160689
19.0625 0.00167231
19.0725 0.00172939
19.0825 0.00177779
19.0925 0.0018172
19.1025 0.00184744
19.1125 0.00186837
19.1225 0.00187995
19.1325 0.00188223
19.1425 0.00187533
19.1525 0.00185943
19.1625 0.0018348
19.1725 0.00180178
19.1825 0.00176077
19.1925 0.00171226
19.2025 0.00165677
19.2125 0.00159488
19.2225 0.00152723
19.2325 0.00145449
19.2425 0.00137736
19.2525 0.00129656
19.2625 0.00121282
19.2725 0.0011269
19.2825 0.00103953
19.2925 0.000951489
19.3025 0.000863514
19.3125 0.000776353
19.3225 0.000690744
19.3325 0.000607409
19.3425 0.000527049
19.3525 0.00045034
19.3625 0.000377951
19.3725 0.000310481
19.3825 0.000248515
19.3925 0.000192589
19.4025 0.000143164
19.4125 0.000100671
19.4225 6.54702e-05
19.4325 3.78539e-05
19.4425 1.80455e-05
19.4525 6.19672e-06
19.4625 2.39071e-06
19.4725 6.61412e-06
19.4825 1.87721e-05
19.4925 3.86874e-05
19.5025 6.6105e-05
19.5125 0.0001007
19.5225 0.000142082
19.5325 0.000189804
19.5425 0.00024337
19.5525 0.000302243
19.5625 0.00036588
19.5725 0.000433706
19.5825 0.00050506
19.5925 0.000579338
19.6025 0.000655929
19.6125 0.000734221
19.6225 0.000813608
19.6325 0.000893497
19.6425 0.000973325
19.6525 0.00105265
19.6625 0.00113075
19.6725 0.00120715
19.6825 0.00128132
19.6925 0.0013528
19.7025 0.00142115
19.7125 0.00148595
19.7225 0.00154686
19.7325 0.00160352
19.7425 0.00165562
19.7525 0.00170285
19.7625 0.00174493
19.7725 0.00178161
19.7825 0.00181267
19.7925 0.00183785
19.8025 0.00185689
19.8125 0.00186953
19.8225 0.00187548
19.8325 0.00187451
19.8425 0.00186637
19.8525 0.00185085
19.8625 0.00182778
19.8725 0.00179704
19.8825 0.00175856
19.8925 0.00171235
19.9025 0.00165847
19.9125 0.0015971
19.9225 0.00152847
19.9325 0.00145293
19.9425 0.00137089
19.9525 0.0012829
19.9625 0.00118957
19.9725 0.00109162
19.9825 0.000989854
19.9925 0.000885158
20.0025 0.000778489
20.0125 0.00067086
20.0225 0.000563331
20.0325 0.000456983
20.0425 0.000352895
20.0525 0.000252106
20.0625 0.000155599
20.0725 6.43445e-05
20.0825 -2.08391e-05
20.0925 -9.91924e-05
20.1025 -0.000170075
20.1125 -0.000232969
20.1225 -0.000287483
20.1325 -0.000333359
20.1425 -0.000370472
20.1525 -0.000398825
20.1625 -0.000418548
20.1725 -0.000429885
20.1825 -0.000433202
20.1925 -0.000428975
20.2025 -0.000417735
20.2125 -0.000400071
20.2225 -0.000376729
20.2325 -0.000349175
20.2425 -0.00031672
20.2525 -0.000280516
20.2625 -0.000241033
20.2725 -0.000198907
20.2825 -0.000154881
20.2925 -0.000109471
20.3025 -6.32726e-05
20.3125 -1.68401e-05
20.3225 2.92752e-05
20.3325 7.45841e-05
20.3425 0.000118667
20.3525 0.000161148
20.3625 0.000201644
20.3725 0.00023986
20.3825 0.000275535
20.3925 0.000308458
20.4025 0.000338451
20.4125 0.000365336
20.4225 0.000388806
20.4325 0.000408796
20.4425 0.000425229
20.4525 0.000437929
20.4625 0.000446671
20.4725 0.000451407
20.4825 0.000452034
20.4925 0.00044842
20.5025 0.000440483
20.5125 0.000428168
20.5225 0.000411418
20.5325 0.000390184
20.5425 0.000364447
20.5525 0.00033422
20.5625 0.000299549
20.5725 0.000260493
20.5825 0.000217311
20.5925 0.000170415
20.6025 0.000118813
20.6125 6.33434e-05
20.6225 3.70677e-06
20.6325 -5.97854e-05
20.6425 -0.000126903
20.6525 -0.000197415
20.6625 -0.00027103
20.6725 -0.000347422
20.6825 -0.00042619
20.6925 -0.000506896
20.7025 -0.000589072
20.7125 -0.000672222
20.7225 -0.000755816
20.7325 -0.00083929
20.7425 -0.000922061
20.7525 -0.00100353
20.7625 -0.0010831
20.7725 -0.00116018
20.7825 -0.00123418
20.7925 -0.00130454
20.8025 -0.00137072
20.8125 -0.00143224
20.8225 -0.00148863
20.8325 -0.00153953
20.8425 -0.00158459
20.8525 -0.00162357
20.8625 -0.00165625
20.8725 -0.00168251
20.8825 -0.00170229
20.8925 -0.00171558
20.9025 -0.00172245
20.9125 -0.00172303
20.9225 -0.00171751
20.9325 -0.0017061
20.9425 -0.00168908
20.9525 -0.00166678
20.9625 -0.00163954
20.9725 -0.00160774
20.9825 -0.00157178
20.9925 -0.00153208
21.0025 -0.00148907
21.0125 -0.00144319
21.0225 -0.00139486
21.0325 -0.00134454
21.0425 -0.00129267
21.0525 -0.00123962
21.0625 -0.00118576
21.0725 -0.0011314
21.0825 -0.00107684
21.0925 -0.00102235
21.1025 -0.000968163
21.1125 -0.000914494
21.1225 -0.000861529
21.1325 -0.000809438
21.1425 -0.000758374
21.1525 -0.00070848
21.1625 -0.000659888
21.1725 -0.000612729
21.1825 -0.00056713
21.1925 -0.000523223
21.2025 -0.000481141
21.2125 -0.000441026
21.2225 -0.000403025
21.2325 -0.000367292
21.2425 -0.000333982
21.2525 -0.000303257
21.2625 -0.000275276
21.2725 -0.000250196
21.2825 -0.000228167
21.2925 -0.000209326
21.3025 -0.000193797
21.3125 -0.00018168
21.3225 -0.00017305
21.3325 -0.00016795
21.3425 -0.000166391
21.3525 -0.000168341
21.3625 -0.000173728
21.3725 -0.000182433
21.3825 -0.000194293
21.3925 -0.000209091
21.4025 -0.000226567
21.4125 -0.00024641
21.4225 -0.000268264
21.4325 -0.000291737
21.4425 -0.000316387
21.4525 -0.000341726
21.4625 -0.000366715
21.4725 -0.000391429
21.4825 -0.000416123
21.4925 -0.000439595
21.5025 -0.000462027
21.5125 -0.000482734
21.5225 -0.000501309
21.5325 -0.000517467
21.5425 -0.000530787
21.5525 -0.000540942
21.5625 -0.000547588
21.5725 -0.000550417
21.5825 -0.000549184
21.5925 -0.000543683
21.6025 -0.00053378
21.6125 -0.000519524
21.6225 -0.000500878
21.6325 -0.000477817
21.6425 -0.000450491
21.6525 -0.000419181
21.6625 -0.000384106
21.6725 -0.000345526
21.6825 -0.000303777
21.6925 -0.000259243
21.7025 -0.000212328
21.7125 -0.000163465
21.7225 -0.000113125
21.7325 -6.17894e-05
21.7425 -9.93766e-06
21.7525 4.1952e-05
21.7625 9.34191e-05
21.7725 0.000144019
21.7825 0.000193272
21.7925 0.000240794
21.8025 0.000286216
21.8125 0.000329223
21.8225 0.000369545
21.8325 0.000406965
21.8425 0.000441307
21.8525 0.000472456
21.8625 0.000500348
21.8725 0.000524957
21.8825 0.000546299
21.8925 0.000564519
21.9025 0.000579883
21.9125 0.000591903
21.9225 0.000600878
21.9325 0.000606767
21.9425 0.000609742
21.9525 0.000609941
21.9625 0.000607539
21.9725 0.00060275
21.9825 0.000595787
21.9925 0.000586899
22.0025 0.000576341
22.0125 0.000564393
22.0225 0.00055134
22.0325 0.00053747
22.0425 0.000523072
22.0525 0.000508435
22.0625 0.000493845
22.0725 0.000479575
22.0825 0.000465881
22.0925 0.000453003
22.1025 0.000441154
22.1125 0.000430523
22.1225 0.000421275
22.1325 0.000413543
22.1425 0.000407435
22.1525 0.000403029
22.1625 0.000400374
22.1725 0.000399497
22.1825 0.000400402
22.1925 0.000403075
22.2025 0.000407485
22.2125 0.000413587
22.2225 0.000421325
22.2325 0.000430634
22.2425 0.000441439
22.2525 0.000453661
22.2625 0.000467216
22.2725 0.000482018
22.2825 0.000497981
22.2925 0.000515022
22.3025 0.00053306
22.3125 0.00055202
22.3225 0.000571832
22.3325 0.000592433
22.3425 0.000613764
22.3525 0.00063577
22.3625 0.000658395
22.3725 0.000681578
22.3825 0.000705253
22.3925 0.000729344
22.4025 0.000753768
22.4125 0.000778436
22.4225 0.000803216
22.4325 0.000827989
22.4425 0.000852612
22.4525 0.000876922
22.4625 0.000900741
22.4725 0.000923887
22.4825 0.000946177
22.4925 0.000967385
22.5025 0.000987284
22.5125 0.00100563
22.5225 0.00102219
22.5325 0.00103673
22.5425 0.001049
22.5525 0.00105878
22.5625 0.00106585
22.5725 0.00107001
22.5825 0.00107104
22.5925 0.00106879
22.6025 0.00106309
22.6125 0.00105382
22.6225 0.0010409
22.6325 0.00102425
22.6425 0.00100387
22.6525 0.000979781
22.6625 0.000952063
22.6725 0.000920837
22.6825 0.000886271
22.6925 0.000848584
22.7025 0.000808046
22.7125 0.000764979
22.7225 0.00071975
22.7325 0.000672766
22.7425 0.000624473
22.7525 0.000575339
22.7625 0.000525852
22.7725 0.000476508
22.7825 0.000427799
22.7925 0.000380204
22.8025 0.000334178
22.8125 0.000290144
22.8225 0.000248482
22.8325 0.000209529
22.8425 0.000173531
22.8525 0.000140714
22.8625 0.000111209
22.8725 8.50827e-05
22.8825 6.23294e-05
22.8925 4.28771e-05
22.9025 2.65898e-05
22.9125 1.32778e-05
22.9225 2.69252e-06
22.9325 -5.46891e-06
22.9425 -1.20652e-05
22.9525 -1.66784e-05
22.9625 -1.96011e-05
22.9725 -2.11829e-05
22.9825 -2.15777e-05
22.9925 -2.12029e-05
23.0025 -2.02317e-05
23.0125 -1.8905e-05
23.0225 -1.74328e-05
23.0325 -1.60331e-05
23.0425 -1.48848e-05
23.0525 -1.41193e-05
23.0625 -1.38306e-05
23.0725 -1.40818e-05
23.0825 -1.48985e-05
23.0925 -1.6264e-05
23.1025 -1.8124e-05
23.1125 -2.04106e-05
23.1225 -2.29707e-05
23.1325 -2.56089e-05
23.1425 -2.80981e-05
23.1525 -3.01935e-05
23.1625 -3.16394e-05
23.1725 -3.21821e-05
23.1825 -3.15823e-05
23.1925 -2.96244e-05
23.2025 -2.61282e-05
23.2125 -2.09587e-05
23.2225 -1.40317e-05
23.2325 -5.32014e-06
23.2425 5.14286e-06
23.2525 1.72587e-05
23.2625 3.08101e-05
23.2725 4.55678e-05
23.2825 6.12655e-05
23.2925 7.75589e-05
23.3025 9.40318e-05
23.3125 0.000110352
23.3225 0.000125777
23.3325 0.000140335
23.3425 0.000153583
23.3525 0.000165211
23.3625 0.000174948
23.3725 0.000182482
23.3825 0.000187561
23.3925 0.000189965
23.4025 0.000189537
23.4125 0.000186159
23.4225 0.000179767
23.4325 0.000170339
23.4425 0.000157916
23.4525 0.000142595
23.4625 0.0001245
23.4725 0.000103835
23.4825 8.08729e-05
23.4925 5.59228e-05
23.5025 2.9328e-05
23.5125 1.48751e-06
23.5225 -2.71759e-05
23.5325 -5.62291e-05
23.5425 -8.52251e-05
23.5525 -0.000113721
23.5625 -0.000141285
23.5725 -0.000167507
23.5825 -0.00019201
23.5925 -0.000214452
23.6025 -0.000234543
23.6125 -0.000252043
23.6225 -0.000266771
23.6325 -0.000278607
23.6425 -0.000287501
23.6525 -0.000293454
23.6625 -0.000296534
23.6725 -0.000296867
23.6825 -0.000294635
23.6925 -0.000290072
23.7025 -0.00028346
23.7125 -0.000275048
23.7225 -0.00026513
23.7325 -0.0002545
23.7425 -0.000243017
23.7525 -0.000231063
23.7625 -0.000218929
23.7725 -0.000206848
23.7825 -0.000195166
23.7925 -0.000184148
23.8025 -0.000174037
23.8125 -0.000165013
23.8225 -0.000157246
23.8325 -0.000150881
23.8425 -0.00014603
23.8525 -0.000142757
23.8625 -0.000141088
23.8725 -0.000141016
23.8825 -0.000142523
23.8925 -0.000145548
23.9025 -0.00014997
23.9125 -0.00015543
23.9225 -0.000162219
23.9325 -0.000170065
23.9425 -0.000178895
23.9525 -0.000188581
23.9625 -0.000198955
23.9725 -0.000209905
23.9825 -0.000221312
23.9925 -0.00023308
24.0025 -0.000245115
24.0125 -0.000257364
24.0225 -0.000269848
24.0325 -0.000282391
24.0425 -0.000295023
24.0525 -0.000307705
24.0625 -0.000320442
24.0725 -0.000333267
24.0825 -0.000346216
24.0925 -0.000359344
24.1025 -0.000372711
24.1125 -0.00038639
24.1225 -0.000400465
24.1325 -0.000415011
24.1425 -0.000430099
24.1525 -0.000445796
24.1625 -0.000462156
24.1725 -0.000479215
24.1825 -0.000496987
24.1925 -0.000515462
24.2025 -0.0005346
24.2125 -0.000554336
24.2225 -0.00057457
24.2325 -0.000595164
24.2425 -0.000615976
24.2525 -0.000636786
24.2625 -0.00065732
24.2725 -0.000677271
24.2825 -0.00069629
24.2925 -0.000714003
24.3025 -0.000730014
24.3125 -0.000743917
24.3225 -0.000755306
24.3325 -0.000763783
24.3425 -0.000768976
24.3525 -0.000770546
24.3625 -0.000768196
24.3725 -0.000761684
24.3825 -0.000750834
24.3925 -0.000735536
24.4025 -0.000715756
24.4125 -0.00069154
24.4225 -0.000663009
24.4325 -0.000630364
24.4425 -0.000593882
24.4525 -0.000553913
24.4625 -0.000510869
24.4725 -0.000465219
24.4825 -0.000417475
24.4925 -0.000368063
24.5025 -0.000317659
24.5125 -0.000267098
24.5225 -0.000216776
24.5325 -0.000167446
24.5425 -0.000119625
24.5525 -7.38386e-05
24.5625 -3.06017e-05
24.5725 9.6868e-06
24.5825 4.6672e-05
24.5925 8.00514e-05
24.6025 0.000109627
24.6125 0.000135275
24.6225 0.000156953
24.6325 0.000174694
24.6425 0.000188603
24.6525 0.000198847
24.6625 0.000205654
24.6725 0.000209298
24.6825 0.000210088
24.6925 0.00020836
24.7025 0.000204461
24.7125 0.000198749
24.7225 0.000191576
24.7325 0.000183283
24.7425 0.000174184
24.7525 0.000164568
24.7625 0.000154689
24.7725 0.000144762
24.7825 0.000134962
24.7925 0.000125422
24.8025 0.000116231
24.8125 0.00010744
24.8225 9.90565e-05
24.8325 9.10506e-05
24.8425 8.33361e-05
24.8525 7.58078e-05
24.8625 6.83675e-05
24.8725 6.08949e-05
24.8825 5.3227e-05
24.8925 4.52199e-05
24.9025 3.67521e-05
24.9125 2.77101e-05
24.9225 1.79968e-05
24.9325 7.54506e-06
24.9425 -3.67731e-06
24.9525 -1.5671e-05
24.9625 -2.83998e-05
24.9725 -4.17847e-05
24.9825 -5.57048e-05
24.9925 -7.00004e-05
25.0025 -8.44746e-05
25.0125 -9.88937e-05
25.0225 -0.000112993
25.0325 -0.000126482
25.0425 -0.000139059
25.0525 -0.000150407
25.0625 -0.000160214
25.0725 -0.000168172
25.0825 -0.000173993
25.0925 -0.000177412
25.1025 -0.000178198
25.1125 -0.000176161
25.1225 -0.000171162
25.1325 -0.000163111
25.1425 -0.000151977
25.1525 -0.000137788
25.1625 -0.000120638
25.1725 -0.000100685
25.1825 -7.81455e-05
25.1925 -5.32969e-05
25.2025 -2.64734e-05
25.2125 1.94162e-06
25.2225 3.15237e-05
25.2325 6.18142e-05
25.2425 9.23421e-05
25.2525 0.000122625
25.2625 0.00015214
25.2725 0.000180404
25.2825 0.000206946
25.2925 0.000231335
25.3025 0.000253178
25.3125 0.000272121
25.3225 0.000287865
25.3325 0.000300171
25.3425 0.000308865
25.3525 0.000313839
25.3625 0.000315053
25.3725 0.000312538
25.3825 0.000306392
25.3925 0.000296779
25.4025 0.000283926
25.4125 0.000268112
25.4225 0.000249666
25.4325 0.00022895
25.4425 0.000206358
25.4525 0.000182303
25.4625 0.000157208
25.4725 0.000131494
25.4825 0.000105582
25.4925 7.9861e-05
25.5025 5.46865e-05
25.5125 3.0415e-05
25.5225 7.34061e-06
25.5325 -1.42762e-05
25.5425 -3.4223e-05
25.5525 -5.23353e-05
25.5625 -6.84982e-05
25.5725 -8.26474e-05
25.5825 -9.47679e-05
25.5925 -0.00010489
25.6025 -0.000113086
25.6125 -0.000119467
25.6225 -0.000124174
25.6325 -0.000127381
25.6425 -0.000129275
25.6525 -0.000130059
25.6625 -0.000129935
25.6725 -0.000129105
25.6825 -0.00012776
25.6925 -0.000126073
25.7025 -0.000124194
25.7125 -0.000122241
25.7225 -0.000120301
25.7325 -0.000118424
25.7425 -0.000116622
25.7525 -0.000114868
25.7625 -0.000113098
25.7725 -0.000111216
25.7825 -0.000109096
25.7925 -0.000106587
25.8025 -0.000103525
25.8125 -9.97322e-05
25.8225 -9.50333e-05
25.8325 -8.92538e-05
25.8425 -8.22287e-05
25.8525 -7.38101e-05
25.8625 -6.38733e-05
25.8725 -5.23226e-05
25.8825 -3.91093e-05
25.8925 -2.42236e-05
25.9025 -7.67794e-06
25.9125 1.0468e-05
25.9225 3.00833e-05
25.9325 5.10008e-05
25.9425 7.30173e-05
25.9525 9.58857e-05
25.9625 0.000119325
25.9725 0.000143003
25.9825 0.000166561
25.9925 0.000189624
26.0025 0.000211802
26.0125 0.000232708
26.0225 0.000251956
26.0325 0.00026917
26.0425 0.000284001
26.0525 0.000296133
26.0625 0.000305299
26.0725 0.000311284
26.0825 0.000313933
26.0925 0.000313155
26.1025 0.000308928
26.1125 0.000301301
26.1225 0.000290398
26.1325 0.00027641
26.1425 0.000259597
26.1525 0.000240277
26.1625 0.000218825
26.1725 0.000195662
26.1825 0.000171247
26.1925 0.000146063
26.2025 0.000120611
26.2125 9.5386e-05
26.2225 7.08715e-05
26.2325 4.75542e-05
26.2425 2.58665e-05
26.2525 6.2102e-06
26.2625 -1.10637e-05
26.2725 -2.56715e-05
26.2825 -3.74314e-05
26.2925 -4.60952e-05
26.3025 -5.15498e-05
26.3125 -5.38643e-05
26.3225 -5.30631e-05
26.3325 -4.92897e-05
26.3425 -4.26118e-05
26.3525 -3.3193e-05
26.3625 -2.12728e-05
26.3725 -7.09659e-06
26.3825 9.03641e-06
26.3925 2.68359e-05
26.4025 4.60056e-05
26.4125 6.62307e-05
26.4225 8.71867e-05
26.4325 0.000108558
26.4425 0.000130058
26.4525 0.000151399
26.4625 0.000172312
26.4725 0.000192557
26.4825 0.000211916
26.4925 0.00023021
26.5025 0.000247284
26.5125 0.000263013
26.5225 0.000277296
26.5325 0.000290057
26.5425 0.00030125
26.5525 0.00031086
26.5625 0.000318889
26.5725 0.000325318
26.5825 0.000330136
26.5925 0.000333383
26.6025 0.000335094
26.6125 0.000335246
26.6225 0.000333871
26.6325 0.00033098
26.6425 0.00032658
26.6525 0.000320597
26.6625 0.000313118
26.6725 0.000304165
26.6825 0.000293746
26.6925 0.000281875
26.7025 0.000268559
26.7125 0.000253814
26.7225 0.000237655
26.7325 0.000220104
26.7425 0.000201187
26.7525 0.000180923
26.7625 0.000159346
26.7725 0.000136503
26.7825 0.000112447
26.7925 8.72543e-05
26.8025 6.09951e-05
26.8125 3.37544e-05
26.8225 5.6582e-06
26.8325 -2.31684e-05
26.8425 -5.25725e-05
26.8525 -8.23798e-05
26.8625 -0.000112395
26.8725 -0.000142402
26.8825 -0.000172163
26.8925 -0.000201437
26.9025 -0.000229956
26.9125 -0.00025742
26.9225 -0.000283528
26.9325 -0.000307965
26.9425 -0.000330421
26.9525 -0.000350583
26.9625 -0.000368149
26.9725 -0.000382833
26.9825 -0.000394371
26.9925 -0.000402525
27.0025 -0.00040709
27.0125 -0.000407901
27.0225 -0.000404837
27.0325 -0.000397831
27.0425 -0.000386866
27.0525 -0.000371986
27.0625 -0.00035329
27.0725 -0.000330942
27.0825 -0.000305163
27.0925 -0.000276233
27.1025 -0.000244487
27.1125 -0.000210311
27.1225 -0.000174134
27.1325 -0.000136427
27.1425 -9.76884e-05
27.1525 -5.8443e-05
27.1625 -1.91712e-05
27.1725 1.95586e-05
27.1825 5.70043e-05
27.1925 9.30704e-05
27.2025 0.000127114
27.2125 0.000158796
27.2225 0.000187714
27.2325 0.00021349
27.2425 0.000235802
27.2525 0.000254379
27.2625 0.000269015
27.2725 0.000279546
27.2825 0.000285859
27.2925 0.00028789
27.3025 0.000285645
27.3125 0.000279212
27.3225 0.000268733
27.3325 0.000254416
27.3425 0.000236521
27.3525 0.000215358
27.3625 0.000191284
27.3725 0.00016469
27.3825 0.000135994
27.3925 0.000105629
27.4025 7.40443e-05
27.4125 4.16562e-05
27.4225 8.89033e-06
27.4325 -2.38388e-05
27.4425 -5.61602e-05
27.4525 -8.77254e-05
27.4625 -0.000118226
27.4725 -0.000147394
27.4825 -0.000175006
27.4925 -0.00020088
27.5025 -0.000224878
27.5125 -0.000246903
27.5225 -0.000266894
27.5325 -0.000284822
27.5425 -0.000300688
27.5525 -0.000314515
27.5625 -0.000326345
27.5725 -0.000336239
27.5825 -0.000344259
27.5925 -0.00035047
27.6025 -0.000354931
27.6125 -0.000357698
27.6225 -0.000358813
27.6325 -0.000358309
27.6425 -0.0003562
27.6525 -0.000352487
27.6625 -0.000347158
27.6725 -0.000340187
27.6825 -0.000331536
27.6925 -0.000321157
27.7025 -0.000308997
27.7125 -0.000295003
27.7225 -0.000279123
27.7325 -0.000261313
27.7425 -0.000241546
27.7525 -0.000219811
27.7625 -0.000196122
27.7725 -0.000170527
27.7825 -0.000143099
27.7925 -0.00011395
27.8025 -8.3225e-05
27.8125 -5.11047e-05
27.8225 -1.78079e-05
27.8325 1.64121e-05
27.8425 5.12693e-05
27.8525 8.64529e-05
27.8625 0.000121646
27.8725 0.000156448
27.8825 0.00019048
27.8925 0.000223347
27.9025 0.000254654
27.9125 0.000284005
27.9225 0.000311007
27.9325 0.000335284
27.9425 0.000356486
27.9525 0.000374288
27.9625 0.000388402
27.9725 0.000398578
27.9825 0.000404611
27.9925 0.000406346
28.0025 0.000403688
28.0125 0.000396596
28.0225 0.000385086
28.0325 0.00036923
28.0425 0.000349158
28.0525 0.000325057
28.0625 0.000297164
28.0725 0.000265763
28.0825 0.000231179
28.0925 0.000193774
28.1025 0.000153944
28.1125 0.000112108
28.1225 6.87114e-05
28.1325 2.41782e-05
28.1425 -2.1037e-05
28.1525 -6.64756e-05
28.1625 -0.000111705
28.1725 -0.000156295
28.1825 -0.000199835
28.1925 -0.000241937
28.2025 -0.00028224
28.2125 -0.000320412
28.2225 -0.000356155
28.2325 -0.000389206
28.2425 -0.000419337
28.2525 -0.000446357
28.2625 -0.000470113
28.2725 -0.000490487
28.2825 -0.000507393
28.2925 -0.00052079
28.3025 -0.000530661
28.3125 -0.00053702
28.3225 -0.000539908
28.3325 -0.000539392
28.3425 -0.000535561
28.3525 -0.00052852
28.3625 -0.000518393
28.3725 -0.000505316
28.3825 -0.000489437
28.3925 -0.000470911
28.4025 -0.000449899
28.4125 -0.000426569
28.4225 -0.000401091
28.4325 -0.00037364
28.4425 -0.000344392
28.4525 -0.000313526
28.4625 -0.000281226
28.4725 -0.000247679
28.4825 -0.000213075
28.4925 -0.00017761
28.5025 -0.000141487
28.5125 -0.000104915
28.5225 -6.8113e-05
28.5325 -3.13101e-05
28.5425 5.25615e-06
28.5525 4.13391e-05
28.5625 7.67005e-05
28.5725 0.000111079
28.5825 0.000144187
28.5925 0.000175755
28.6025 0.000205513
28.6125 0.000233199
28.6225 0.000258554
28.6325 0.000281328
28.6425 0.000301289
28.6525 0.000318228
28.6625 0.000331964
28.6725 0.000342342
28.6825 0.000349241
28.6925 0.000352574
28.7025 0.000352292
28.7125 0.000348391
28.7225 0.000340904
28.7325 0.000329906
28.7425 0.000315516
28.7525 0.000297893
28.7625 0.000277236
28.7725 0.000253781
28.7825 0.000227801
28.7925 0.000199596
28.8025 0.000169497
28.8125 0.000137856
28.8225 0.000105039
28.8325 7.14408e-05
28.8425 3.74182e-05
28.8525 3.37485e-06
28.8625 -3.03077e-05
28.8725 -6.32586e-05
28.8825 -9.51155e-05
28.8925 -0.000125535
28.9025 -0.000154194
28.9125 -0.000180796
28.9225 -0.000205069
28.9325 -0.000226775
28.9425 -0.000245707
28.9525 -0.000261687
28.9625 -0.000274575
28.9725 -0.000284262
28.9825 -0.000290673
28.9925 -0.000293764
29.0025 -0.000293526
29.0125 -0.000289977
29.0225 -0.000283167
29.0325 -0.000273201
29.0425 -0.000260194
29.0525 -0.000244264
29.0625 -0.000225563
29.0725 -0.000204292
29.0825 -0.000180649
29.0925 -0.000154837
29.1025 -0.000127079
29.1125 -9.76087e-05
29.1225 -6.66645e-05
29.1325 -3.44867e-05
29.1425 -1.3212e-06
29.1525 3.25843e-05
29.1625 6.69862e-05
29.1725 0.000101646
29.1825 0.000136347
29.1925 0.000170835
29.2025 0.000204879
29.2125 0.000238271
29.2225 0.00027081
29.2325 0.000302303
29.2425 0.000332563
29.2525 0.000361411
29.2625 0.000388681
29.2725 0.000414222
29.2825 0.00043789
29.2925 0.000459554
29.3025 0.00047909
29.3125 0.000496387
29.3225 0.000511348
29.3325 0.000523883
29.3425 0.000533894
29.3525 0.000541339
29.3625 0.000546159
29.3725 0.000548312
29.3825 0.000547772
29.3925 0.000544515
29.4025 0.000538542
29.4125 0.00052987
29.4225 0.000518538
29.4325 0.000504608
29.4425 0.000488155
29.4525 0.000469272
29.4625 0.000448084
29.4725 0.000424738
29.4825 0.000399404
29.4925 0.00037228
29.5025 0.000343582
29.5125 0.000313553
29.5225 0.000282456
29.5325 0.000250571
29.5425 0.000218189
29.5525 0.000185601
29.5625 0.000153142
29.5725 0.000121135
29.5825 8.99527e-05
29.5925 5.98742e-05
29.6025 3.11353e-05
29.6125 4.05175e-06
29.6225 -2.11269e-05
29.6325 -4.41229e-05
29.6425 -6.46983e-05
29.6525 -8.26334e-05
29.6625 -9.77351e-05
29.6725 -0.000109831
29.6825 -0.000118775
29.6925 -0.000124453
29.7025 -0.000126782
29.7125 -0.000125718
29.7225 -0.000121252
29.7325 -0.00011341
29.7425 -0.000102246
29.7525 -8.78688e-05
29.7625 -7.04294e-05
29.7725 -5.01189e-05
29.7825 -2.7166e-05
29.7925 -1.83422e-06
29.8025 2.55818e-05
29.8125 5.47598e-05
29.8225 8.52949e-05
29.8325 0.00011681
29.8425 0.000149144
29.8525 0.000181827
29.8625 0.000214533
29.8725 0.000246893
29.8825 0.000278566
29.8925 0.000309246
29.9025 0.000338638
29.9125 0.000366457
29.9225 0.000392442
29.9325 0.000416365
29.9425 0.000438034
29.9525 0.000457288
29.9625 0.000473987
29.9725 0.000488034
29.9825 0.000499371
29.9925 0.000507974
30.0025 0.00051385
30.0125 0.000517029
30.0225 0.000517568
30.0325 0.000515539
30.0425 0.000511029
30.0525 0.000504098
30.0625 0.000494813
30.0725 0.000483284
30.0825 0.000469642
30.0925 0.000453856
30.1025 0.000435996
30.1125 0.000416255
30.1225 0.000394666
30.1325 0.000371355
30.1425 0.0003464
30.1525 0.000319892
30.1625 0.000291913
30.1725 0.000262557
30.1825 0.000231918
30.1925 0.000200105
30.2025 0.000167232
30.2125 0.000133426
30.2225 9.88195e-05
30.2325 6.35429e-05
30.2425 2.77544e-05
30.2525 -8.3624e-06
30.2625 -4.46292e-05
30.2725 -8.08439e-05
30.2825 -0.000116794
30.2925 -0.000152252
30.3025 -0.000186983
30.3125 -0.000220742
30.3225 -0.000253286
30.3325 -0.000284368
30.3425 -0.000313743
30.3525 -0.000341173
30.3625 -0.000366431
30.3725 -0.000389303
30.3825 -0.000409594
30.3925 -0.000427127
30.4025 -0.000441752
30.4125 -0.000453344
30.4225 -0.000461806
30.4325 -0.000467076
30.4425 -0.000469122
30.4525 -0.00046795
30.4625 -0.0004636
30.4725 -0.000456144
30.4825 -0.000445693
30.4925 -0.000432389
30.5025 -0.000416408
30.5125 -0.000397954
30.5225 -0.000377261
30.5325 -0.000354585
30.5425 -0.000330202
30.5525 -0.000304406
30.5625 -0.0002775
30.5725 -0.000249798
30.5825 -0.000221615
30.5925 -0.000193265
30.6025 -0.000165051
30.6125 -0.000137269
30.6225 -0.000110192
30.6325 -8.40771e-05
30.6425 -5.91587e-05
30.6525 -3.56486e-05
30.6625 -1.37092e-05
30.6725 6.52734e-06
30.6825 2.49663e-05
30.6925 4.15517e-05
30.7025 5.62588e-05
30.7125 6.90852e-05
30.7225 8.00711e-05
30.7325 8.92757e-05
30.7425 9.67789e-05
30.7525 0.00010268
30.7625 0.00010709
30.7725 0.000110127
30.7825 0.000111913
30.7925 0.000112566
30.8025 0.000112198
30.8125 0.00011091
30.8225 0.000108792
30.8325 0.000105919
30.8425 0.000102347
30.8525 9.81177e-05
30.8625 9.32512e-05
30.8725 8.77524e-05
30.8825 8.1611e-05
30.8925 7.4803e-05
30.9025 6.72942e-05
30.9125 5.90412e-05
30.9225 4.99947e-05
30.9325 4.0113e-05
30.9425 2.93564e-05
30.9525 1.76979e-05
30.9625 5.12555e-06
30.9725 -8.35225e-06
30.9825 -2.27022e-05
30.9925 -3.78632e-05
31.0025 -5.37433e-05
31.0125 -7.02182e-05
31.0225 -8.71321e-05
31.0325 -0.000104299
31.0425 -0.000121504
31.0525 -0.000138507
31.0625 -0.000155046
31.0725 -0.000170844
31.0825 -0.000185613
31.0925 -0.000199064
31.1025 -0.00021091
31.1125 -0.000220875
31.1225 -0.000228699
31.1325 -0.000234148
31.1425 -0.00023702
31.1525 -0.000237149
31.1625 -0.000234409
31.1725 -0.000228726
31.1825 -0.000220071
31.1925 -0.000208467
31.2025 -0.000193993
31.2125 -0.000176779
31.2225 -0.000157008
31.2325 -0.000134907
31.2425 -0.000110748
31.2525 -8.48401e-05
31.2625 -5.75238e-05
31.2725 -2.91636e-05
31.2825 -1.39854e-07
31.2925 2.91583e-05
31.3025 5.83415e-05
31.3125 8.70438e-05
31.3225 0.000114896
31.3325 0.000141533
31.3425 0.000166634
31.3525 0.000189904
31.3625 0.000211092
31.3725 0.000229979
31.3825 0.000246384
31.3925 0.000260168
31.4025 0.000271232
31.4125 0.000279524
31.4225 0.000285026
31.4325 0.000287756
31.4425 0.000287766
31.4525 0.000285136
31.4625 0.00027997
31.4725 0.000272393
31.4825 0.000262545
31.4925 0.000250572
31.5025 0.000236627
31.5125 0.00022086
31.5225 0.00020342
31.5325 0.000184446
31.5425 0.000164065
31.5525 0.000142393
31.5625 0.000119528
31.5725 9.55527e-05
31.5825 7.05681e-05
31.5925 4.46152e-05
31.6025 1.78837e-05
31.6125 -9.57628e-06
31.6225 -3.82761e-05
31.6325 -6.79048e-05
31.6425 -9.89891e-05
31.6525 -0.00013101
31.6625 -0.000163995
31.6725 -0.000197903
31.6825 -0.000232618
31.6925 -0.000268099
31.7025 -0.000304208
31.7125 -0.000340825
31.7225 -0.000377792
31.7325 -0.000414934
31.7425 -0.000452063
31.7525 -0.000488967
31.7625 -0.000525412
31.7725 -0.000561144
31.7825 -0.000595897
31.7925 -0.000629393
31.8025 -0.000661351
31.8125 -0.000691494
31.8225 -0.000719518
31.8325 -0.000745124
31.8425 -0.000768017
31.8525 -0.000787914
31.8625 -0.000804553
31.8725 -0.000817696
31.8825 -0.000827132
31.8925 -0.000832681
31.9025 -0.000834205
31.9125 -0.000831606
31.9225 -0.000824833
31.9325 -0.000813881
31.9425 -0.000798795
31.9525 -0.000779665
31.9625 -0.000756632
31.9725 -0.00072988
31.9825 -0.000699636
31.9925 -0.000666165
32.0025 -0.000629766
32.015 -0.00058065
32.0275 -0.000528162
32.04 -0.00047303
32.0525 -0.000416003
32.065 -0.000357834
32.0775 -0.000299262
32.09 -0.000240993
32.1025 -0.000183692
32.115 -0.000127967
32.1275 -7.43516e-05
32.14 -2.33105e-05
32.1525 2.47959e-05
32.165 7.01557e-05
32.1775 0.000111675
32.19 0.00014923
32.2025 0.000182468
32.215 0.000211318
32.2275 0.00023569
32.24 0.000255547
32.2525 0.000270952
32.265 0.000282045
32.2775 0.000289022
32.29 0.000292115
32.3025 0.000291629
32.315 0.000287902
32.3275 0.000281308
32.34 0.000272259
32.3525 0.00026114
32.365 0.000248118
32.3775 0.000233627
32.39 0.0002181
32.4025 0.000201678
32.415 0.000184704
32.4275 0.000167556
32.44 0.000150463
32.4525 0.000134169
32.465 0.000118535
32.4775 0.000103971
32.49 9.06643e-05
32.5025 7.89922e-05
32.515 6.92705e-05
32.5275 6.18129e-05
32.54 5.69226e-05
32.5525 5.49154e-05
32.565 5.60897e-05
32.5775 6.0707e-05
32.59 6.89926e-05
32.6025 8.11295e-05
32.615 9.7248e-05
32.6275 0.000117412
32.64 0.00014161
32.6525 0.000169756
32.665 0.000201711
32.6775 0.000237198
32.69 0.000275877
32.7025 0.000317318
32.715 0.00036102
32.7275 0.000406408
32.74 0.000452836
32.7525 0.000499629
32.765 0.000546022
32.7775 0.000591224
32.79 0.000634422
32.8025 0.000674813
32.815 0.000711628
32.8275 0.000744154
32.84 0.000771752
32.8525 0.000793881
32.865 0.000810112
32.8775 0.00082014
32.89 0.000823801
32.9025 0.000821076
32.915 0.000812093
32.9275 0.000797123
32.94 0.000776569
32.9525 0.000750958
32.965 0.000720915
32.9775 0.000687161
32.99 0.000650574
33.0025 0.000611639
33.015 0.00057118
33.0275 0.000529905
33.04 0.000488555
33.0525 0.000447825
33.065 0.00040838
33.0775 0.000370816
33.09 0.000335603
33.1025 0.000303107
33.115 0.000273586
33.1275 0.000247176
33.14 0.000223904
33.1525 0.000203693
33.165 0.000186374
33.1775 0.000171694
33.19 0.000159343
33.2025 0.000148966
33.215 0.000140184
33.2275 0.000132622
33.24 0.00012592
33.2525 0.000119444
33.265 0.00011343
33.2775 0.000107639
33.29 0.00010211
33.3025 9.67212e-05
33.315 9.15512e-05
33.3275 8.6716e-05
33.34 8.23471e-05
33.3525 7.85984e-05
33.365 7.56604e-05
33.3775 7.36942e-05
33.39 7.2765e-05
33.4025 7.30696e-05
33.415 7.46716e-05
33.4275 7.75215e-05
33.44 8.16443e-05
33.4525 8.69362e-05
33.465 9.32436e-05
33.4775 0.000100374
33.49 0.000108052
33.5025 0.000115929
33.515 0.000123632
33.5275 0.00013071
33.54 0.00013668
33.5525 0.000141036
33.565 0.000143269
33.5775 0.000142869
33.59 0.00013935
33.6025 0.000132264
33.615 0.000121226
33.6275 0.000105925
33.64 8.64997e-05
33.6525 6.21414e-05
33.665 3.29302e-05
33.6775 -1.37984e-06
33.69 -4.04967e-05
33.7025 -8.41904e-05
33.715 -0.000132049
33.7275 -0.000183545
33.74 -0.000237995
33.7525 -0.000294643
33.765 -0.000352625
33.7775 -0.000410973
33.79 -0.000468668
33.8025 -0.00052467
33.815 -0.000577958
33.8275 -0.000627558
33.84 -0.000672574
33.8525 -0.000712214
33.865 -0.000745819
33.8775 -0.000772879
33.89 -0.000793044
33.9025 -0.000806132
33.915 -0.000812124
33.9275 -0.000811168
33.94 -0.000803556
33.9525 -0.000789711
33.965 -0.000770161
33.9775 -0.000745626
33.99 -0.000716599
34.0025 -0.000683687
34.015 -0.00064753
34.0275 -0.000608783
34.04 -0.000568073
34.0525 -0.000526007
34.065 -0.000483146
34.0775 -0.000439938
34.09 -0.000396764
34.1025 -0.000353919
34.115 -0.000311622
34.1275 -0.000270031
34.14 -0.000229252
34.1525 -0.000189352
34.165 -0.000150382
34.1775 -0.000112388
34.19 -7.54317e-05
34.2025 -3.96037e-05
34.215 -5.03527e-06
34.2275 2.80932e-05
34.24 5.95649e-05
34.2525 8.9083e-05
34.265 0.000116304
34.2775 0.000140842
34.29 0.000162294
34.3025 0.000180233
34.315 0.000194234
34.3275 0.000203898
34.34 0.000209058
34.3525 0.000209135
34.365 0.000203902
34.3775 0.000193182
34.39 0.000176964
34.4025 0.000155365
34.415 0.000128628
34.4275 9.71579e-05
34.44 6.1508e-05
34.4525 2.23859e-05
34.465 -1.94347e-05
34.4775 -6.30178e-05
34.49 -0.000107384
34.5025 -0.000151488
34.515 -0.00019426
34.5275 -0.000234641
34.54 -0.000271611
34.5525 -0.000304221
34.565 -0.000331615
34.5775 -0.000353063
34.59 -0.000367977
34.6025 -0.000375931
34.615 -0.000376669
34.6275 -0.000370111
34.64 -0.000356353
34.6525 -0.000335655
34.665 -0.000308438
34.6775 -0.000275258
34.69 -0.000236789
34.7025 -0.000193799
34.715 -0.000147119
34.7275 -9.76226e-05
34.74 -4.62506e-05
34.7525 6.11003e-06
34.765 5.86371e-05
34.7775 0.000110537
34.79 0.000161038
34.8025 0.000209508
34.815 0.000255408
34.8275 0.000298326
34.84 0.000337964
34.8525 0.000374106
34.865 0.000406638
34.8775 0.000435545
34.89 0.000460867
34.9025 0.000482568
34.915 0.000501124
34.9275 0.000516261
34.94 0.000528046
34.9525 0.000536417
34.965 0.000541489
34.9775 0.000543341
34.99 0.000542052
35.0025 0.000537657
35.015 0.000530213
35.0275 0.000519817
35.04 0.000506518
35.0525 0.000490336
35.065 0.000471294
35.0775 0.000449428
35.09 0.000424791
35.1025 0.00039747
35.115 0.000367593
35.1275 0.000335332
35.14 0.000300866
35.1525 0.000264676
35.165 0.000227127
35.1775 0.00018868
35.19 0.000149828
35.2025 0.000111196
35.215 7.35164e-05
35.2275 3.7285e-05
35.24 3.17978e-06
35.2525 -2.81871e-05
35.265 -5.61738e-05
35.2775 -8.01918e-05
35.29 -9.97916e-05
35.3025 -0.000114491
35.315 -0.000123903
35.3275 -0.000127742
35.34 -0.000125856
35.3525 -0.000118201
35.365 -0.000104813
35.3775 -8.58283e-05
35.39 -6.15218e-05
35.4025 -3.23136e-05
35.415 1.27022e-06
35.4275 3.86016e-05
35.44 7.8959e-05
35.4525 0.000121554
35.465 0.000165593
35.4775 0.000210045
35.49 0.000254141
35.5025 0.000297159
35.515 0.000338393
35.5275 0.000377103
35.54 0.000412617
35.5525 0.000444374
35.565 0.000471919
35.5775 0.000494875
35.59 0.000512928
35.6025 0.00052588
35.615 0.000533667
35.6275 0.000536331
35.64 0.000534003
35.6525 0.000526862
35.665 0.000515231
35.6775 0.000499491
35.69 0.000480256
35.7025 0.000457723
35.715 0.00043239
35.7275 0.000404699
35.74 0.000375192
35.7525 0.000344348
35.765 0.000312633
35.7775 0.000280512
35.79 0.000248392
35.8025 0.000216616
35.815 0.000185445
35.8275 0.000154929
35.84 0.000125546
35.8525 9.73113e-05
35.865 7.04081e-05
35.8775 4.48764e-05
35.89 2.0789e-05
35.9025 -1.80291e-06
35.915 -2.28735e-05
35.9275 -4.24157e-05
35.94 -6.04011e-05
35.9525 -7.679e-05
35.965 -9.15247e-05
35.9775 -0.000104528
35.99 -0.000115701
36.0025 -0.000124926
36.015 -0.000132075
36.0275 -0.000137024
36.04 -0.000139608
36.0525 -0.000139674
36.065 -0.000137076
36.0775 -0.000131697
36.09 -0.000123458
36.1025 -0.000112326
36.115 -9.83279e-05
36.1275 -8.1563e-05
36.14 -6.22057e-05
36.1525 -4.05103e-05
36.165 -1.68087e-05
36.1775 8.54256e-06
36.19 3.50422e-05
36.2025 6.20879e-05
36.215 8.90869e-05
36.2275 0.000115628
36.24 0.000141094
36.2525 0.000164891
36.265 0.000186423
36.2775 0.000205145
36.29 0.000220555
36.3025 0.000232186
36.315 0.00023964
36.3275 0.000242609
36.34 0.000240872
36.3525 0.000234305
36.365 0.000222884
36.3775 0.000206691
36.39 0.000185919
36.4025 0.000160853
36.415 0.000131861
36.4275 9.94392e-05
36.44 6.41638e-05
36.4525 2.66466e-05
36.465 -1.24243e-05
36.4775 -5.23359e-05
36.49 -9.23662e-05
36.5025 -0.000131802
36.515 -0.000169962
36.5275 -0.000206215
36.54 -0.000239998
36.5525 -0.000270826
36.565 -0.000298307
36.5775 -0.000322149
36.59 -0.000342161
36.6025 -0.000358251
36.615 -0.00037042
36.6275 -0.000378756
36.64 -0.000383354
36.6525 -0.000384632
36.665 -0.000382604
36.6775 -0.000377567
36.69 -0.000369719
36.7025 -0.00035937
36.715 -0.000346806
36.7275 -0.000332292
36.74 -0.000316074
36.7525 -0.000298398
36.765 -0.000279464
36.7775 -0.000259415
36.79 -0.000238351
36.8025 -0.000216336
36.815 -0.000193405
36.8275 -0.000169572
36.84 -0.000144833
36.8525 -0.00011918
36.865 -9.26115e-05
36.8775 -6.51458e-05
36.89 -3.68309e-05
36.9025 -7.75117e-06
36.915 2.19634e-05
36.9275 5.21249e-05
36.94 8.24872e-05
36.9525 0.000112758
36.965 0.000142553
36.9775 0.00017145
36.99 0.000198973
37.0025 0.000224627
37.015 0.000247891
37.0275 0.000268242
37.04 0.000285183
37.0525 0.000298255
37.065 0.00030706
37.0775 0.000311268
37.09 0.000310642
37.1025 0.000305053
37.115 0.000294475
37.1275 0.000279002
37.14 0.000258848
37.1525 0.000234337
37.165 0.000205908
37.1775 0.000174094
37.19 0.000139511
37.2025 0.000102835
37.215 6.47942e-05
37.2275 2.60897e-05
37.24 -1.25269e-05
37.2525 -5.03647e-05
37.265 -8.67672e-05
37.2775 -0.000121143
37.29 -0.000152983
37.3025 -0.00018187
37.315 -0.000207489
37.3275 -0.00022963
37.34 -0.000248187
37.3525 -0.00026316
37.365 -0.000274639
37.3775 -0.000282797
37.39 -0.000287874
37.4025 -0.000290161
37.415 -0.000289983
37.4275 -0.000287679
37.44 -0.000283586
37.4525 -0.000278024
37.465 -0.00027128
37.4775 -0.000263595
37.49 -0.000255153
37.5025 -0.000246078
37.515 -0.000236434
37.5275 -0.00022622
37.54 -0.000215385
37.5525 -0.000203828
37.565 -0.000191416
37.5775 -0.000177996
37.59 -0.000163408
37.6025 -0.000147497
37.615 -0.000130137
37.6275 -0.000111243
37.64 -9.0786e-05
37.6525 -6.88033e-05
37.665 -4.54076e-05
37.6775 -2.07906e-05
37.69 4.77565e-06
37.7025 3.09422e-05
37.715 5.72914e-05
37.7275 8.33611e-05
37.74 0.000108654
37.7525 0.00013263
37.765 0.000154761
37.7775 0.000174548
37.79 0.000191549
37.8025 0.000205379
37.815 0.00021573
37.8275 0.000222392
37.84 0.000225264
37.8525 0.000224354
37.865 0.000219782
37.8775 0.000211779
37.89 0.000200684
37.9025 0.000186928
37.915 0.000171032
37.9275 0.000153576
37.94 0.000135183
37.9525 0.000116508
37.965 9.81991e-05
37.9775 8.08811e-05
37.99 6.51559e-05
38.0025 5.14229e-05
38.015 4.02019e-05
38.0275 3.18929e-05
38.04 2.64429e-05
38.0525 2.4004e-05
38.065 2.44827e-05
38.0775 2.79342e-05
38.09 3.42627e-05
38.1025 4.32726e-05
38.115 5.47627e-05
38.1275 6.85075e-05
38.14 8.42232e-05
38.1525 0.000101607
38.165 0.000120349
38.1775 0.000140144
38.19 0.000160675
38.2025 0.000181646
38.215 0.000202776
38.2275 0.00022381
38.24 0.000244529
38.2525 0.000264752
38.265 0.000284327
38.2775 0.000303134
38.29 0.000321095
38.3025 0.000338164
38.315 0.000354324
38.3275 0.000369578
38.34 0.00038395
38.3525 0.000397474
38.365 0.00041019
38.3775 0.000422127
38.39 0.000433304
38.4025 0.000443726
38.415 0.000453376
38.4275 0.000462213
38.44 0.000470171
38.4525 0.000477179
38.465 0.000483118
38.4775 0.00048782
38.49 0.000491081
38.5025 0.000492679
38.515 0.000492378
38.5275 0.000489941
38.54 0.000485146
38.5525 0.000477795
38.565 0.000467726
38.5775 0.000454825
38.59 0.000439035
38.6025 0.000420363
38.615 0.000398885
38.6275 0.000374751
38.64 0.000348167
38.6525 0.000319345
38.665 0.000288803
38.6775 0.000256916
38.69 0.000224156
38.7025 0.000190986
38.715 0.000157849
38.7275 0.000125241
38.74 9.363e-05
38.7525 6.34184e-05
38.765 3.5006e-05
38.7775 8.76931e-06
38.79 -1.49942e-05
38.8025 -3.60153e-05
38.815 -5.4081e-05
38.8275 -6.90539e-05
38.84 -8.08519e-05
38.8525 -8.94523e-05
38.865 -9.49095e-05
38.8775 -9.7332e-05
38.89 -9.68878e-05
38.9025 -9.37945e-05
38.915 -8.83165e-05
38.9275 -8.07579e-05
38.94 -7.14538e-05
38.9525 -6.076e-05
38.965 -4.90447e-05
38.9775 -3.66808e-05
38.99 -2.40369e-05
39.0025 -1.14696e-05
39.015 6.82548e-07
39.0275 1.21085e-05
39.04 2.25332e-05
39.0525 3.17225e-05
39.065 3.94876e-05
39.0775 4.56833e-05
39.09 5.02096e-05
39.1025 5.30089e-05
39.115 5.40632e-05
39.1275 5.33892e-05
39.14 5.10332e-05
39.1525 4.7066e-05
39.165 4.15756e-05
39.1775 3.46616e-05
39.19 2.64298e-05
39.2025 1.69864e-05
39.215 6.43368e-06
39.2275 -5.09153e-06
39.24 -1.74297e-05
39.2525 -3.08324e-05
39.265 -4.51596e-05
39.2775 -6.04596e-05
39.29 -7.67002e-05
39.3025 -9.38856e-05
39.315 -0.000112008
39.3275 -0.000131041
39.34 -0.000150932
39.3525 -0.000171615
39.365 -0.000193
39.3775 -0.000214948
39.39 -0.000237298
39.4025 -0.000259846
39.415 -0.000282355
39.4275 -0.000304556
39.44 -0.000326148
39.4525 -0.000346764
39.465 -0.000366009
39.4775 -0.000383461
39.49 -0.000398693
39.5025 -0.00041128
39.515 -0.00042082
39.5275 -0.000426944
39.54 -0.000429333
39.5525 -0.000427734
39.565 -0.000421968
39.5775 -0.000411939
39.59 -0.000397643
39.6025 -0.000379169
39.615 -0.000356705
39.6275 -0.000330528
39.64 -0.000301003
39.6525 -0.000268573
39.665 -0.000233747
39.6775 -0.000197026
39.69 -0.000159149
39.7025 -0.000120709
39.715 -8.23924e-05
39.7275 -4.48176e-05
39.74 -8.60404e-06
39.7525 2.56796e-05
39.765 5.75338e-05
39.7775 8.65254e-05
39.79 0.000112283
39.8025 0.00013453
39.815 0.000153083
39.8275 0.000167853
39.84 0.000178835
39.8525 0.000186108
39.865 0.00018983
39.8775 0.000190234
39.89 0.000187602
39.9025 0.000182263
39.915 0.000174574
39.9275 0.000164911
39.94 0.000153652
39.9525 0.00014117
39.965 0.000127809
39.9775 0.000113884
39.99 9.96761e-05
40.0025 8.54116e-05
40.015 7.12716e-05
40.0275 5.74101e-05
40.04 4.39256e-05
40.0525 3.08935e-05
40.065 1.8361e-05
40.0775 6.35941e-06
40.09 -5.08618e-06
40.1025 -1.59481e-05
40.115 -2.61876e-05
40.1275 -3.57471e-05
40.14 -4.45436e-05
40.1525 -5.2464e-05
40.165 -5.9363e-05
40.1775 -6.50642e-05
40.19 -6.93639e-05
40.2025 -7.20351e-05
40.215 -7.2836e-05
40.2275 -7.15197e-05
40.24 -6.78461e-05
40.2525 -6.15946e-05
40.265 -5.25779e-05
40.2775 -4.06533e-05
40.29 -2.57225e-05
40.3025 -7.76776e-06
40.315 1.31556e-05
40.3275 3.68741e-05
40.34 6.3215e-05
40.3525 9.18757e-05
40.365 0.000122488
40.3775 0.000154606
40.39 0.000187716
40.4025 0.000221286
40.415 0.000254724
40.4275 0.000287422
40.44 0.00031876
40.4525 0.000348124
40.465 0.000374906
40.4775 0.00039853
40.49 0.000418463
40.5025 0.000434228
40.515 0.000445407
40.5275 0.000451663
40.54 0.000452739
40.5525 0.000448469
40.565 0.000438778
40.5775 0.000423685
40.59 0.000403303
40.6025 0.000377833
40.615 0.000347566
40.6275 0.000312872
40.64 0.000274212
40.6525 0.000232102
40.665 0.000187116
40.6775 0.000139855
40.69 9.09635e-05
40.7025 4.10701e-05
40.715 -9.17855e-06
40.7275 -5.91514e-05
40.74 -0.000108246
40.7525 -0.000155888
40.765 -0.000201548
40.7775 -0.000244741
40.79 -0.00028504
40.8025 -0.000322074
40.815 -0.00035553
40.8275 -0.000385152
40.84 -0.000410744
40.8525 -0.000432159
40.865 -0.000449303
40.8775 -0.000462125
40.89 -0.000470561
40.9025 -0.00047468
40.915 -0.000474654
40.9275 -0.000470582
40.94 -0.000462581
40.9525 -0.000450792
40.965 -0.000435364
40.9775 -0.000416463
40.99 -0.000394257
41.0025 -0.000368928
41.015 -0.000340673
41.0275 -0.000309705
41.04 -0.000276257
41.0525 -0.000240591
41.065 -0.000203
41.0775 -0.000163811
41.09 -0.000123389
41.1025 -8.21346e-05
41.115 -4.04711e-05
41.1275 1.19077e-06
41.14 4.21713e-05
41.1525 8.20477e-05
41.165 0.000120204
41.1775 0.00015611
41.19 0.000189212
41.2025 0.00021901
41.215 0.000245036
41.2275 0.000266868
41.24 0.000284145
41.2525 0.000296585
41.265 0.00030399
41.2775 0.000306249
41.29 0.000303349
41.3025 0.000295373
41.315 0.000282508
41.3275 0.000265039
41.34 0.000243341
41.3525 0.000217878
41.365 0.000189192
41.3775 0.000157886
41.39 0.000124615
41.4025 9.00704e-05
41.415 5.49408e-05
41.4275 1.99234e-05
41.44 -1.42973e-05
41.4525 -4.70777e-05
41.465 -7.7816e-05
41.4775 -0.00010597
41.49 -0.000131068
41.5025 -0.000152717
41.515 -0.000170608
41.5275 -0.000184517
41.54 -0.000194305
41.5525 -0.000199915
41.565 -0.000201366
41.5775 -0.000198749
41.59 -0.000192211
41.6025 -0.000181952
41.615 -0.000168213
41.6275 -0.000151263
41.64 -0.000131393
41.6525 -0.000108901
41.665 -8.40913e-05
41.6775 -5.72602e-05
41.69 -2.86953e-05
41.7025 1.32907e-06
41.715 3.25531e-05
41.7275 6.47293e-05
41.74 9.76177e-05
41.7525 0.000130985
41.765 0.000164532
41.7775 0.000198077
41.79 0.000231359
41.8025 0.000264123
41.815 0.000296081
41.8275 0.00032696
41.84 0.000356481
41.8525 0.000384345
41.865 0.000410249
41.8775 0.000433885
41.89 0.000454943
41.9025 0.000473102
41.915 0.000488061
41.9275 0.00049953
41.94 0.00050724
41.9525 0.000510955
41.965 0.000510478
41.9775 0.000505667
41.99 0.000496442
42.0025 0.000482787
42.015 0.000464783
42.0275 0.000442574
42.04 0.00041638
42.0525 0.00038651
42.065 0.000353353
42.0775 0.000317378
42.09 0.000279108
42.1025 0.000239114
42.115 0.000198018
42.1275 0.000156466
42.14 0.00011513
42.1525 7.46296e-05
42.165 3.56012e-05
42.1775 -1.34339e-06
42.19 -3.56589e-05
42.2025 -6.6856e-05
42.215 -9.45023e-05
42.2275 -0.000118267
42.24 -0.000137891
42.2525 -0.000153217
42.265 -0.000164174
42.2775 -0.000170788
42.29 -0.00017318
42.3025 -0.000171558
42.315 -0.000166203
42.3275 -0.000157467
42.34 -0.000145759
42.3525 -0.000131533
42.365 -0.000115269
42.3775 -9.74659e-05
42.39 -7.8625e-05
42.4025 -5.92371e-05
42.415 -3.97678e-05
42.4275 -2.06461e-05
42.44 -2.25487e-06
42.4525 1.50752e-05
42.465 3.10713e-05
42.4775 4.55211e-05
42.49 5.82768e-05
42.5025 6.92477e-05
42.515 7.83923e-05
42.5275 8.57152e-05
42.54 9.12545e-05
42.5525 9.50744e-05
42.565 9.72516e-05
42.5775 9.78683e-05
42.59 9.7003e-05
42.6025 9.47233e-05
42.615 9.10819e-05
42.6275 8.61128e-05
42.64 7.99446e-05
42.6525 7.23444e-05
42.665 6.33593e-05
42.6775 5.28667e-05
42.69 4.08356e-05
42.7025 2.72241e-05
42.715 1.20015e-05
42.7275 -4.85008e-06
42.74 -2.3307e-05
42.7525 -4.33071e-05
42.765 -6.47486e-05
42.7775 -8.74841e-05
42.79 -0.000111316
42.8025 -0.000135997
42.815 -0.000161233
42.8275 -0.000186684
42.84 -0.000211968
42.8525 -0.000236677
42.865 -0.000260384
42.8775 -0.000282651
42.89 -0.000303043
42.9025 -0.000321144
42.915 -0.000336568
42.9275 -0.000348972
42.94 -0.000358072
42.9525 -0.000363648
42.965 -0.000365557
42.9775 -0.000363733
42.99 -0.000358196
43.0025 -0.000349048
43.015 -0.000336472
43.0275 -0.000320727
43.04 -0.000302139
43.0525 -0.000281093
43.065 -0.000258016
43.0775 -0.000233366
43.09 -0.000207613
43.1025 -0.000181227
43.115 -0.000154658
43.1275 -0.000128328
43.14 -0.000102613
43.1525 -7.78354e-05
43.165 -5.42588e-05
43.1775 -3.20799e-05
43.19 -1.13619e-05
43.2025 7.95128e-06
43.215 2.53641e-05
43.2275 4.1111e-05
43.24 5.50533e-05
43.2525 6.73579e-05
43.265 7.80748e-05
43.2775 8.73443e-05
43.29 9.53047e-05
43.3025 0.000102117
43.315 0.000107931
43.3275 0.000112887
43.34 0.000117115
43.3525 0.000120721
43.365 0.000123792
43.3775 0.000126385
43.39 0.000128537
43.4025 0.000130262
43.415 0.000131557
43.4275 0.000132406
43.44 0.000132787
43.4525 0.000132678
43.465 0.000132064
43.4775 0.000130942
43.49 0.000129327
43.5025 0.000127256
43.515 0.000124793
43.5275 0.000122028
43.54 0.000119006
43.5525 0.000115902
43.565 0.00011285
43.5775 0.000110017
43.59 0.000107558
43.6025 0.000105646
43.615 0.000104413
43.6275 0.00010401
43.64 0.000104632
43.6525 0.000106363
43.665 0.000109321
43.6775 0.000113637
43.69 0.000119393
43.7025 0.00012665
43.715 0.000135679
43.7275 0.000146186
43.74 0.000158162
43.7525 0.000171463
43.765 0.00018604
43.7775 0.000201742
43.79 0.000218403
43.8025 0.000235839
43.815 0.000253858
43.8275 0.000272251
43.84 0.000290788
43.8525 0.000309232
43.865 0.00032735
43.8775 0.000344906
43.89 0.000361672
43.9025 0.000377426
43.915 0.000391964
43.9275 0.000405098
43.94 0.000416666
43.9525 0.000426527
43.965 0.000434569
43.9775 0.000440709
43.99 0.000444897
44.0025 0.000447112
44.015 0.000447364
44.0275 0.000445695
44.04 0.000442175
44.0525 0.0004369
44.065 0.000429994
44.0775 0.000421597
44.09 0.000411874
44.1025 0.000401
44.115 0.000389163
44.1275 0.000376558
44.14 0.000363384
44.1525 0.000349841
44.165 0.000336123
44.1775 0.000322426
44.19 0.000308924
44.2025 0.000295772
44.215 0.00028311
44.2275 0.000271056
44.24 0.000259712
44.2525 0.000249159
44.265 0.000239463
44.2775 0.000230672
44.29 0.000222823
44.3025 0.000215939
44.315 0.000210033
44.3275 0.00020511
44.34 0.000201171
44.3525 0.000198209
44.365 0.000196216
44.3775 0.00019518
44.39 0.000195085
44.4025 0.000195912
44.415 0.000197636
44.4275 0.000200227
44.44 0.000203647
44.4525 0.000207848
44.465 0.000212774
44.4775 0.000218351
44.49 0.000224451
44.5025 0.000230917
44.515 0.000237598
44.5275 0.000244303
44.54 0.000250885
44.5525 0.000257177
44.565 0.000262971
44.5775 0.000268068
44.59 0.000272275
44.6025 0.000275396
44.615 0.000277242
44.6275 0.000277659
44.64 0.000276546
44.6525 0.000273711
44.665 0.000269067
44.6775 0.00026253
44.69 0.000254071
44.7025 0.000243661
44.715 0.00023129
44.7275 0.000216987
44.74 0.000200811
44.7525 0.000182848
44.765 0.000163201
44.7775 0.00014201
44.79 0.000119424
44.8025 9.56246e-05
44.815 7.08013e-05
44.8275 4.51478e-05
44.84 1.88946e-05
44.8525 -7.73584e-06
44.865 -3.45082e-05
44.8775 -6.11863e-05
44.89 -8.75358e-05
44.9025 -0.000113327
44.915 -0.000138337
44.9275 -0.000162353
44.94 -0.000185177
44.9525 -0.000206495
44.965 -0.00022626
44.9775 -0.000244555
44.99 -0.000261303
45.0025 -0.000276442
45.015 -0.000289954
45.0275 -0.000301822
45.04 -0.000312058
45.0525 -0.000320663
45.065 -0.000327649
45.0775 -0.000333045
45.09 -0.000336889
45.1025 -0.000339223
45.115 -0.0003401
45.1275 -0.000339582
45.14 -0.000337745
45.1525 -0.000334673
45.165 -0.000330464
45.1775 -0.000325225
45.19 -0.000319078
45.2025 -0.000312157
45.215 -0.000304606
45.2275 -0.000296579
45.24 -0.000288238
45.2525 -0.000279752
45.265 -0.000271291
45.2775 -0.000263026
45.29 -0.000255124
45.3025 -0.000247744
45.315 -0.000241038
45.3275 -0.000235142
45.34 -0.000230175
45.3525 -0.000226237
45.365 -0.000223407
45.3775 -0.000221738
45.39 -0.000221258
45.4025 -0.000221958
45.415 -0.000223793
45.4275 -0.00022669
45.44 -0.00023054
45.4525 -0.000235211
45.465 -0.000240543
45.4775 -0.000246357
45.49 -0.000252457
45.5025 -0.000258635
45.515 -0.000264676
45.5275 -0.000270363
45.54 -0.000275483
45.5525 -0.000279829
45.565 -0.000283206
45.5775 -0.000285434
45.59 -0.000286352
45.6025 -0.000285819
45.615 -0.000283719
45.6275 -0.000279958
45.64 -0.000274465
45.6525 -0.000267198
45.665 -0.00025813
45.6775 -0.00024726
45.69 -0.000234607
45.7025 -0.000220107
45.715 -0.000203675
45.7275 -0.000186072
45.74 -0.0001671
45.7525 -0.000147173
45.765 -0.000126308
45.7775 -0.000104751
45.79 -8.26364e-05
45.8025 -6.01165e-05
45.815 -3.73008e-05
45.8275 -1.43061e-05
45.84 8.7662e-06
45.8525 3.18269e-05
45.865 5.47961e-05
45.8775 7.75969e-05
45.89 0.00010016
45.9025 0.000122386
45.915 0.00014419
45.9275 0.000165468
45.94 0.000186098
45.9525 0.000205958
45.965 0.000224914
45.9775 0.000242814
45.99 0.000259496
46.0025 0.000274796
46.015 0.000288553
46.0275 0.000300609
46.04 0.000310797
46.0525 0.000318977
46.065 0.000325047
46.0775 0.000328923
46.09 0.00033055
46.1025 0.000329908
46.115 0.000327003
46.1275 0.00032186
46.14 0.00031461
46.1525 0.000305374
46.165 0.000294304
46.1775 0.00028165
46.19 0.000267677
46.2025 0.000252681
46.215 0.000237022
46.2275 0.000221273
46.24 0.000205441
46.2525 0.000189956
46.265 0.000175094
46.2775 0.00016121
46.29 0.000148602
46.3025 0.000137537
46.315 0.000128253
46.3275 0.000120961
46.34 0.000115834
46.3525 0.000112995
46.365 0.000112523
46.3775 0.000114447
46.39 0.000118751
46.4025 0.00012537
46.415 0.000134202
46.4275 0.000145097
46.44 0.000157843
46.4525 0.0001722
46.465 0.000187884
46.4775 0.000204589
46.49 0.000221993
46.5025 0.000239765
46.515 0.000257584
46.5275 0.000275129
46.54 0.000292095
46.5525 0.000308203
46.565 0.000323209
46.5775 0.000336899
46.59 0.000349095
46.6025 0.00035966
46.615 0.000368498
46.6275 0.000375549
46.64 0.000380789
46.6525 0.000384224
46.665 0.000385889
46.6775 0.00038584
46.69 0.00038415
46.7025 0.000380902
46.715 0.000376186
46.7275 0.000370093
46.74 0.000362711
46.7525 0.000354122
46.765 0.0003444
46.7775 0.00033361
46.79 0.000321807
46.8025 0.00030904
46.815 0.00029535
46.8275 0.000280776
46.84 0.000265355
46.8525 0.000249033
46.865 0.000231965
46.8775 0.000214246
46.89 0.000195999
46.9025 0.000177363
46.915 0.000158433
46.9275 0.000139373
46.94 0.000120346
46.9525 0.00010153
46.965 8.31141e-05
46.9775 6.52819e-05
46.99 4.82187e-05
47.0025 3.21202e-05
47.015 1.7171e-05
47.0275 3.53931e-06
47.04 -8.61993e-06
47.0525 -1.91678e-05
47.065 -2.79875e-05
47.0775 -3.49958e-05
47.09 -4.01365e-05
47.1025 -4.33868e-05
47.115 -4.47569e-05
47.1275 -4.42949e-05
47.14 -4.20842e-05
47.1525 -3.82437e-05
47.165 -3.29252e-05
47.1775 -2.63114e-05
47.19 -1.86124e-05
47.2025 -1.00615e-05
47.215 -9.10075e-07
47.2275 8.57837e-06
47.24 1.81332e-05
47.2525 2.74829e-05
47.265 3.63613e-05
47.2775 4.45131e-05
47.29 5.17e-05
47.3025 5.77051e-05
47.315 6.23378e-05
47.3275 6.54373e-05
47.34 6.68761e-05
47.3525 6.65618e-05
47.365 6.44366e-05
47.3775 6.05604e-05
47.39 5.48918e-05
47.4025 4.73112e-05
47.415 3.78866e-05
47.4275 2.67011e-05
47.44 1.38605e-05
47.4525 -4.99078e-07
47.465 -1.62256e-05
47.4775 -3.31316e-05
47.49 -5.1014e-05
47.5025 -6.96611e-05
47.515 -8.88549e-05
47.5275 -0.000108373
47.54 -0.000127993
47.5525 -0.000147499
47.565 -0.000166687
47.5775 -0.000185363
47.59 -0.000203348
47.6025 -0.000220478
47.615 -0.000236605
47.6275 -0.000251603
47.64 -0.000265361
47.6525 -0.000277784
47.665 -0.000288795
47.6775 -0.000298331
47.69 -0.000306343
47.7025 -0.000312795
47.715 -0.000317659
47.7275 -0.000320918
47.74 -0.000322563
47.7525 -0.000322592
47.765 -0.000321012
47.7775 -0.000317822
47.79 -0.000313021
47.8025 -0.000306611
47.815 -0.000298596
47.8275 -0.000288987
47.84 -0.000277804
47.8525 -0.000265079
47.865 -0.00025086
47.8775 -0.00023521
47.89 -0.000218216
47.9025 -0.000199985
47.915 -0.000180646
47.9275 -0.000160355
47.94 -0.000139285
47.9525 -0.000117634
47.965 -9.5614e-05
47.9775 -7.34547e-05
47.99 -5.13951e-05
48.0025 -2.96801e-05
48.015 -8.55469e-06
48.0275 1.17422e-05
48.04 3.09868e-05
48.0525 4.91437e-05
48.065 6.5725e-05
48.0775 8.05704e-05
48.09 9.34546e-05
48.1025 0.000104267
48.115 0.000112911
48.1275 0.000119325
48.14 0.00012351
48.1525 0.000125525
48.165 0.000125474
48.1775 0.000123499
48.19 0.000119784
48.2025 0.000114548
48.215 0.000108043
48.2275 0.000100543
48.24 9.23211e-05
48.2525 8.36624e-05
48.265 7.48478e-05
48.2775 6.61558e-05
48.29 5.78406e-05
48.3025 5.01344e-05
48.315 4.32431e-05
48.3275 3.73433e-05
48.34 3.25793e-05
48.3525 2.90606e-05
48.365 2.68645e-05
48.3775 2.60371e-05
48.39 2.65957e-05
48.4025 2.85306e-05
48.415 3.18108e-05
48.4275 3.63875e-05
48.44 4.21989e-05
48.4525 4.91727e-05
48.465 5.72309e-05
48.4775 6.62976e-05
48.49 7.6296e-05
48.5025 8.71535e-05
48.515 9.87815e-05
48.5275 0.000111076
48.54 0.000124002
48.5525 0.000137477
48.565 0.000151434
48.5775 0.000165785
48.59 0.000180463
48.6025 0.000195529
48.615 0.00021076
48.6275 0.000226002
48.64 0.000241123
48.6525 0.000256029
48.665 0.00027056
48.6775 0.000284595
48.69 0.000297996
48.7025 0.000310627
48.715 0.000322366
48.7275 0.000333088
48.74 0.000342665
48.7525 0.00035098
48.765 0.000357931
48.7775 0.000363418
48.79 0.00036736
48.8025 0.000369677
48.815 0.000370306
48.8275 0.000369198
48.84 0.000366323
48.8525 0.000361674
48.865 0.000355267
48.8775 0.000347145
48.89 0.000337376
48.9025 0.000326059
48.915 0.000313317
48.9275 0.000299302
48.94 0.000284192
48.9525 0.000268187
48.965 0.000251505
48.9775 0.000234381
48.99 0.000217063
49.0025 0.000199801
49.015 0.000182849
49.0275 0.000166452
49.04 0.000150849
49.0525 0.000136265
49.065 0.000122891
49.0775 0.000110897
49.09 0.000100432
49.1025 9.16055e-05
49.115 8.44979e-05
49.1275 7.91524e-05
49.14 7.55765e-05
49.1525 7.37308e-05
49.165 7.35083e-05
49.1775 7.49089e-05
49.19 7.78052e-05
49.2025 8.20833e-05
49.215 8.76175e-05
49.2275 9.42109e-05
49.24 0.000101701
49.2525 0.000109898
49.265 0.000118624
49.2775 0.000127676
49.29 0.000136858
49.3025 0.000145976
49.315 0.000154841
49.3275 0.00016327
49.34 0.000171093
49.3525 0.000178152
49.365 0.000184307
49.3775 0.000189429
49.39 0.000193408
49.4025 0.000196149
49.415 0.000197579
49.4275 0.000197638
49.44 0.000196286
49.4525 0.000193499
49.465 0.000189269
49.4775 0.000183604
49.49 0.000176527
49.5025 0.000168072
49.515 0.00015829
49.5275 0.000147241
49.54 0.000135
49.5525 0.000121646
49.565 0.000107279
49.5775 9.19968e-05
49.59 7.58996e-05
49.6025 5.91038e-05
49.615 4.17351e-05
49.6275 2.39219e-05
49.64 5.80085e-06
49.6525 -1.24872e-05
49.665 -3.07962e-05
49.6775 -4.89759e-05
49.69 -6.68729e-05
49.7025 -8.43324e-05
49.715 -0.000101094
49.7275 -0.000117173
49.74 -0.000132441
49.7525 -0.000146839
49.765 -0.00016022
49.7775 -0.000172498
49.79 -0.000183576
49.8025 -0.000193375
49.815 -0.000201808
49.8275 -0.000208809
49.84 -0.000214322
49.8525 -0.000218308
49.865 -0.000220744
49.8775 -0.000221623
49.89 -0.000220962
49.9025 -0.000218796
49.915 -0.000215185
49.9275 -0.000210209
49.94 -0.000203969
49.9525 -0.000196589
49.965 -0.000188209
49.9775 -0.000178989
49.99 -0.000169101
50.0025 -0.000158732
50.015 -0.000148072
50.0275 -0.000137319
50.04 -0.000126671
50.0525 -0.000116321
50.065 -0.000106454
50.0775 -9.72447e-05
50.09 -8.88519e-05
50.1025 -8.14154e-05
50.115 -7.50537e-05
50.1275 -6.98626e-05
50.14 -6.59127e-05
50.1525 -6.32371e-05
50.165 -6.18371e-05
50.1775 -6.16824e-05
50.19 -6.27133e-05
50.2025 -6.48426e-05
50.215 -6.79591e-05
50.2275 -7.19309e-05
50.24 -7.66102e-05
50.2525 -8.18371e-05
50.265 -8.74444e-05
50.2775 -9.3262e-05
50.29 -9.91208e-05
50.3025 -0.000104857
50.315 -0.000110315
50.3275 -0.00011535
50.34 -0.000119831
50.3525 -0.000123641
50.365 -0.000126678
50.3775 -0.000128854
50.39 -0.000130099
50.4025 -0.000130355
50.415 -0.000129579
50.4275 -0.000127738
50.44 -0.000124785
50.4525 -0.000120549
50.465 -0.000115443
50.4775 -0.000109308
50.49 -0.000102334
50.5025 -9.44839e-05
50.515 -8.5844e-05
50.5275 -7.64474e-05
50.54 -6.63356e-05
50.5525 -5.55294e-05
50.565 -4.40537e-05
50.5775 -3.19323e-05
50.59 -1.91867e-05
50.6025 -5.83897e-06
50.615 8.08307e-06
50.6275 2.25426e-05
50.64 3.74917e-05
50.6525 5.28684e-05
50.665 6.85914e-05
50.6775 8.45766e-05
50.69 0.000100717
50.7025 0.000116886
50.715 0.00013294
50.7275 0.000148729
50.74 0.000164082
50.7525 0.000178827
50.765 0.00019279
50.7775 0.000205802
50.79 0.000217695
50.8025 0.000228314
50.815 0.000237522
50.8275 0.000245207
50.84 0.000251281
50.8525 0.000255682
50.865 0.000258384
50.8775 0.000259394
50.89 0.000258755
50.9025 0.000256543
50.915 0.000252866
50.9275 0.000247863
50.94 0.000241701
50.9525 0.000234559
50.965 0.000226585
50.9775 0.00021803
50.99 0.00020909
51.0025 0.000199982
51.015 0.000190882
51.0275 0.000181964
51.04 0.0001735
51.0525 0.000165528
51.065 0.000158181
51.0775 0.000151566
51.09 0.000145806
51.1025 0.000140979
51.115 0.000137148
51.1275 0.000134358
51.14 0.00013264
51.1525 0.000132007
51.165 0.000132456
51.1775 0.000133956
51.19 0.000136461
51.2025 0.000139912
51.215 0.000144237
51.2275 0.00014935
51.24 0.000155155
51.2525 0.000161551
51.265 0.000168429
51.2775 0.000175679
51.29 0.000183189
51.3025 0.000190849
51.315 0.000198551
51.3275 0.000206193
51.34 0.000213674
51.3525 0.000220896
51.365 0.000227771
51.3775 0.000234213
51.39 0.000240144
51.4025 0.000245487
51.415 0.000250171
51.4275 0.000254131
51.44 0.000257305
51.4525 0.000259638
51.465 0.000261075
51.4775 0.000261571
51.49 0.00026109
51.5025 0.000259613
51.515 0.000257101
51.5275 0.000253542
51.54 0.000248928
51.5525 0.000243268
51.565 0.000236575
51.5775 0.000228866
51.59 0.000220178
51.6025 0.000210554
51.615 0.00020005
51.6275 0.000188734
51.64 0.000176683
51.6525 0.000163989
51.665 0.000150752
51.6775 0.000137083
51.69 0.000123102
51.7025 0.000108938
51.715 9.47155e-05
51.7275 8.05673e-05
51.74 6.66363e-05
51.7525 5.30582e-05
51.765 3.99672e-05
51.7775 2.74929e-05
51.79 1.5759e-05
51.8025 4.87336e-06
51.815 -5.06177e-06
51.8275 -1.39608e-05
51.84 -2.17535e-05
51.8525 -2.83869e-05
51.865 -3.3827e-05
51.8775 -3.80589e-05
51.89 -4.10881e-05
51.9025 -4.29399e-05
51.915 -4.36597e-05
51.9275 -4.33116e-05
51.94 -4.19769e-05
51.9525 -3.97535e-05
51.965 -3.67529e-05
51.9775 -3.30986e-05
51.99 -2.89233e-05
52.0025 -2.43204e-05
52.015 -1.93969e-05
52.0275 -1.4538e-05
52.04 -9.84219e-06
52.0525 -5.51019e-06
52.065 -1.68817e-06
52.0775 1.47483e-06
52.09 3.8467e-06
52.1025 5.32466e-06
52.115 5.83043e-06
52.1275 5.30641e-06
52.14 3.71654e-06
52.1525 1.04981e-06
52.165 -2.68179e-06
52.1775 -7.4464e-06
52.19 -1.31944e-05
52.2025 -1.98603e-05
52.215 -2.7365e-05
52.2275 -3.56183e-05
52.24 -4.45224e-05
52.2525 -5.39744e-05
52.265 -6.38691e-05
52.2775 -7.41012e-05
52.29 -8.45704e-05
52.3025 -9.51698e-05
52.315 -0.000105807
52.3275 -0.000116389
52.34 -0.000126832
52.3525 -0.000137054
52.365 -0.000146979
52.3775 -0.000156537
52.39 -0.00016566
52.4025 -0.000174283
52.415 -0.000182343
52.4275 -0.000189778
52.44 -0.000196526
52.4525 -0.000202525
52.465 -0.000207712
52.4775 -0.000212024
52.49 -0.000215393
52.5025 -0.000217742
52.515 -0.000218997
52.5275 -0.000219083
52.54 -0.000217928
52.5525 -0.000215468
52.565 -0.000211646
52.5775 -0.000206422
52.59 -0.000199768
52.6025 -0.000191679
52.615 -0.000182169
52.6275 -0.000171277
52.64 -0.000159065
52.6525 -0.000145623
52.665 -0.000131062
52.6775 -0.000115518
52.69 -9.91496e-05
52.7025 -8.21308e-05
52.715 -6.46527e-05
52.7275 -4.69139e-05
52.74 -2.91203e-05
52.7525 -1.14777e-05
52.765 5.81177e-06
52.7775 2.25551e-05
52.79 3.85731e-05
52.8025 5.37047e-05
52.815 6.78104e-05
52.8275 8.08719e-05
52.84 9.2754e-05
52.8525 0.00010315
52.865 0.000112108
52.8775 0.000119495
52.89 0.000125354
52.9025 0.000129662
52.915 0.000132478
52.9275 0.000133869
52.94 0.00013395
52.9525 0.00013284
52.965 0.00013068
52.9775 0.000127627
52.99 0.000123847
53.0025 0.000119508
53.015 0.000114781
53.0275 0.000109825
53.04 0.000104793
53.0525 9.98278e-05
53.065 9.50578e-05
53.0775 9.05922e-05
53.09 8.65294e-05
53.1025 8.29469e-05
53.115 7.99078e-05
53.1275 7.74594e-05
53.14 7.56356e-05
53.1525 7.44594e-05
53.165 7.39446e-05
53.1775 7.40982e-05
53.19 7.49217e-05
53.2025 7.64144e-05
53.215 7.85755e-05
53.2275 8.14035e-05
53.24 8.48984e-05
53.2525 8.90615e-05
53.265 9.38949e-05
53.2775 9.94011e-05
53.29 0.000105582
53.3025 0.000112439
53.315 0.000119964
53.3275 0.000128146
53.34 0.000136955
53.3525 0.000146314
53.365 0.000156182
53.3775 0.000166485
53.39 0.000177127
53.4025 0.000187981
53.415 0.000198942
53.4275 0.000209889
53.44 0.000220691
53.4525 0.000231209
53.465 0.000241305
53.4775 0.00025084
53.49 0.000259672
53.5025 0.000267668
53.515 0.000274696
53.5275 0.000280633
53.54 0.000285372
53.5525 0.000288816
53.565 0.000290887
53.5775 0.000291525
53.59 0.000290692
53.6025 0.000288375
53.615 0.00028459
53.6275 0.000279368
53.64 0.000272771
53.6525 0.000264879
53.665 0.000255801
53.6775 0.000245662
53.69 0.000234601
53.7025 0.000222775
53.715 0.000210348
53.7275 0.000197494
53.74 0.000184388
53.7525 0.000171205
53.765 0.000158115
53.7775 0.000145281
53.79 0.000132858
53.8025 0.000120985
53.815 0.000109785
53.8275 9.93574e-05
53.84 8.97953e-05
53.8525 8.11668e-05
53.865 7.35227e-05
53.8775 6.68935e-05
53.89 6.12915e-05
53.9025 5.6711e-05
53.915 5.31344e-05
53.9275 5.05287e-05
53.94 4.88485e-05
53.9525 4.80368e-05
53.965 4.80292e-05
53.9775 4.87547e-05
53.99 5.01368e-05
54.0025 5.20955e-05
54.015 5.4549e-05
54.0275 5.74148e-05
54.04 6.061e-05
54.0525 6.40512e-05
54.065 6.76572e-05
54.0775 7.13475e-05
54.09 7.50428e-05
54.1025 7.86651e-05
54.115 8.21371e-05
54.1275 8.53825e-05
54.14 8.83278e-05
54.1525 9.08965e-05
54.165 9.30149e-05
54.1775 9.46104e-05
54.19 9.56119e-05
54.2025 9.59503e-05
54.215 9.56239e-05
54.2275 9.45805e-05
54.24 9.25441e-05
54.2525 8.94735e-05
54.265 8.52884e-05
54.2775 7.99303e-05
54.29 7.33571e-05
54.3025 6.55382e-05
54.315 5.64764e-05
54.3275 4.62052e-05
54.34 3.47765e-05
54.3525 2.22665e-05
54.365 8.77717e-06
54.3775 -5.56557e-06
54.39 -2.06154e-05
54.4025 -3.62107e-05
54.415 -5.2175e-05
54.4275 -6.83204e-05
54.44 -8.44521e-05
54.4525 -0.000100374
54.465 -0.000115892
54.4775 -0.000130818
54.49 -0.000144975
54.5025 -0.000158198
54.515 -0.00017034
54.5275 -0.000181274
54.54 -0.000190895
54.5525 -0.000199154
54.565 -0.000205948
54.5775 -0.000211239
54.59 -0.000215002
54.6025 -0.000217245
54.615 -0.000217994
54.6275 -0.000217292
54.64 -0.000215202
54.6525 -0.000211803
54.665 -0.000207187
54.6775 -0.000201456
54.69 -0.000194717
54.7025 -0.000187088
54.715 -0.000178684
54.7275 -0.000169628
54.74 -0.000160032
54.7525 -0.00015
54.765 -0.000139629
54.7775 -0.000129006
54.79 -0.000118211
54.8025 -0.000107318
54.815 -9.63919e-05
54.8275 -8.54951e-05
54.84 -7.46856e-05
54.8525 -6.40198e-05
54.865 -5.35535e-05
54.8775 -4.33432e-05
54.89 -3.34472e-05
54.9025 -2.39256e-05
54.915 -1.48405e-05
54.9275 -6.25567e-06
54.94 1.76478e-06
54.9525 9.15752e-06
54.965 1.5862e-05
54.9775 2.18227e-05
54.99 2.69913e-05
55.0025 3.13292e-05
55.015 3.48092e-05
55.0275 3.74212e-05
55.04 3.91704e-05
55.0525 4.00805e-05
55.065 4.01941e-05
55.0775 3.95736e-05
55.09 3.83008e-05
55.1025 3.64762e-05
55.115 3.42395e-05
55.1275 3.18787e-05
55.14 2.91331e-05
55.1525 2.63018e-05
55.165 2.33649e-05
55.1775 2.05229e-05
55.19 1.78626e-05
55.2025 1.55161e-05
55.215 1.3603e-05
55.2275 1.22533e-05
55.24 1.15827e-05
55.2525 1.16947e-05
55.265 1.26814e-05
55.2775 1.46204e-05
55.29 1.75705e-05
55.3025 2.15688e-05
55.315 2.66305e-05
55.3275 3.27478e-05
55.34 3.98908e-05
55.3525 4.80073e-05
55.365 5.70214e-05
55.3775 6.68413e-05
55.39 7.73577e-05
55.4025 8.84469e-05
55.415 9.99809e-05
55.4275 0.000111811
55.44 0.000123797
55.4525 0.000135791
55.465 0.000147647
55.4775 0.000159228
55.49 0.000170404
55.5025 0.000181059
55.515 0.00019109
55.5275 0.000200407
55.54 0.000208935
55.5525 0.00021661
55.565 0.000223361
55.5775 0.000229158
55.59 0.000233986
55.6025 0.000237803
55.615 0.000240593
55.6275 0.000242384
55.64 0.000243185
55.6525 0.000243026
55.665 0.000241938
55.6775 0.000239963
55.69 0.000237159
55.7025 0.000233583
55.715 0.000229297
55.7275 0.000224366
55.74 0.00021886
55.7525 0.000212851
55.765 0.000206407
55.7775 0.000199598
55.79 0.000192493
55.8025 0.000185161
55.815 0.000177667
55.8275 0.000170077
55.84 0.000162454
55.8525 0.000154862
55.865 0.000147373
55.8775 0.000140048
55.89 0.000132955
55.9025 0.00012616
55.915 0.000119732
55.9275 0.000113736
55.94 0.000108233
55.9525 0.000103283
55.965 9.89421e-05
55.9775 9.52592e-05
55.99 9.22783e-05
56.0025 9.00324e-05
56.015 8.85455e-05
56.0275 8.78299e-05
56.04 8.78865e-05
56.0525 8.87019e-05
56.065 9.0249e-05
56.0775 9.24861e-05
56.09 9.53572e-05
56.1025 9.8794e-05
56.115 0.000102713
56.1275 0.000107018
56.14 0.000111604
56.1525 0.000116356
56.165 0.000121153
56.1775 0.000125872
56.19 0.000130382
56.2025 0.000134557
56.215 0.000138272
56.2275 0.00014141
56.24 0.000143862
56.2525 0.000145531
56.265 0.000146331
56.2775 0.000146192
56.29 0.000145063
56.3025 0.000142906
56.315 0.000139703
56.3275 0.000135453
56.34 0.000130174
56.3525 0.0001239
56.365 0.000116683
56.3775 0.000108587
56.39 9.98168e-05
56.4025 9.02418e-05
56.415 8.00012e-05
56.4275 6.9089e-05
56.44 5.76297e-05
56.4525 4.57013e-05
56.465 3.33955e-05
56.4775 2.0804e-05
56.49 8.03183e-06
56.5025 -4.81471e-06
56.515 -1.76318e-05
56.5275 -3.03169e-05
56.54 -4.27662e-05
56.5525 -5.48787e-05
56.565 -6.65586e-05
56.5775 -7.77163e-05
56.59 -8.82689e-05
56.6025 -9.81402e-05
56.615 -0.000107262
56.6275 -0.000115576
56.64 -0.000123032
56.6525 -0.000129591
56.665 -0.000135222
56.6775 -0.000139906
56.69 -0.000143632
56.7025 -0.0001464
56.715 -0.000148219
56.7275 -0.000149108
56.74 -0.000149093
56.7525 -0.000148212
56.765 -0.000146506
56.7775 -0.000144037
56.79 -0.000140861
56.8025 -0.000137019
56.815 -0.000132583
56.8275 -0.000127622
56.84 -0.000122215
56.8525 -0.000116442
56.865 -0.000110384
56.8775 -0.000104126
56.89 -9.77533e-05
56.9025 -9.13524e-05
56.915 -8.50068e-05
56.9275 -7.87967e-05
56.94 -7.27962e-05
56.9525 -6.70745e-05
56.965 -6.16928e-05
56.9775 -5.67052e-05
56.99 -5.21574e-05
57.0025 -4.8086e-05
57.015 -4.45183e-05
57.0275 -4.14717e-05
57.04 -3.89536e-05
57.0525 -3.69615e-05
57.065 -3.5483e-05
57.0775 -3.44961e-05
57.09 -3.39693e-05
57.1025 -3.38624e-05
57.115 -3.41274e-05
57.1275 -3.47084e-05
57.14 -3.55435e-05
57.1525 -3.65651e-05
57.165 -3.7701e-05
57.1775 -3.88758e-05
57.19 -4.0012e-05
57.2025 -4.10307e-05
57.215 -4.18535e-05
57.2275 -4.24033e-05
57.24 -4.26064e-05
57.2525 -4.23899e-05
57.265 -4.16873e-05
57.2775 -4.04372e-05
57.29 -3.85856e-05
57.3025 -3.60854e-05
57.315 -3.2898e-05
57.3275 -2.89937e-05
57.34 -2.43521e-05
57.3525 -1.89022e-05
57.365 -1.26252e-05
57.3775 -5.80499e-06
57.39 1.6495e-06
57.4025 9.57989e-06
57.415 1.79836e-05
57.4275 2.67571e-05
57.44 3.58414e-05
57.4525 4.51652e-05
57.465 5.46711e-05
57.4775 6.42949e-05
57.49 7.39764e-05
57.5025 8.36643e-05
57.515 9.33019e-05
57.5275 0.000102839
57.54 0.000112227
57.5525 0.000121418
57.565 0.000130359
57.5775 0.000139
57.59 0.000147292
57.6025 0.000155185
57.615 0.000162624
57.6275 0.000169557
57.64 0.000175931
57.6525 0.000181694
57.665 0.000186794
57.6775 0.000191185
57.69 0.000194823
57.7025 0.000197673
57.715 0.000199705
57.7275 0.000200898
57.74 0.000201243
57.7525 0.000200731
57.765 0.000199355
57.7775 0.000197148
57.79 0.00019414
57.8025 0.000190364
57.815 0.000185885
57.8275 0.000180778
57.84 0.000175131
57.8525 0.000169043
57.865 0.000162609
57.8775 0.000155954
57.89 0.000149195
57.9025 0.000142454
