0 0 0
0 0 0
0 0 0
0 0 0
0 0 0
0 0 0
0 0 0
0 0 0
0 0 0
0 0 0
0 0 0
0 0 0
0 0 0
0 0 0
0 0 0
0 0 0
0 0 0
0 0 0
0 0 0
0 0 0
0 0 0
0 0 0
0 0 0
0 0 0
0 0 0
0 0 0
0 0 0
0 0 0
0 0 0
0 0 0
0 0 0
0 0 0
0 0 0
0 0 0
0 0 0
0 0 0
0 0 0
0 0 0
0 0 0
0 0 0
0 0 0
0 0 0
0 0 0
0 0 0
0 0 0
0 0 0
0 0 0
0 0 0
0 0 0
0 0 0
0 0 0
0 0 0
0 0 0
0 0 0
0 0 0
0 0 0
0 0 0
0 0 0
0 0 0
0 0 0
0 0 0
0 0 0
0 0 0
0 0 0
0 0 0
0 0 0
0 0 0
0 0 0
0 0 0
0 0 0
0 0 0
0 0 0
0 0 0
0 0 0
0 0 0
0 0 0
0 0 0
0 0 0
0 0 0
0 0 0
0 0 0
0 0 0
0 0 0
0 0 0
0 0 0
0 0 0
0 0 0
0 0 0
0 0 0
0 0 0
0 0 0
0 0 0
0 0 0
0 0 0
0 0 0
0 0 0
0 0 0
0 0 0
0 0 0
0 0 0
0 0 0
0 0 0
0 0 0
0 0 0
0 0 0
0 0 0
0 0 0
0 0 0
0 0 0
0 0 0
0 0 0
0 0 0
0 0 0
0 0 0
0 0 0
0 0 0
0 0 0
0 0 0
0 0 0
0 0 0
0 0 0
0 0 0
0 0 0
0 0 0
0 0 0
0 0 0
0 0 0
0 0 0
0 0 0
0 0 0
0 0 0
0 0 0
0 0 0
0.0175686 0 0
0.0358845 0 0
0.0545873 0 0
0.0733441 0 0
0.0918473 0 0
0.10982 0 0
0.127003 0 0
0.143127 0 0
0.157904 0 0
0.171057 0 0
0.182344 0 0
0.1887 0.00153958 0
0.189659 0.00203863 0
0.19074 0.00124549 0
0.189368 0.000961028 0
0.187865 0.000961028 0
0.185932 0.000961028 0
0.177592 0.000961028 0
0.167898 0.000961028 0
0.157851 0.000961028 0
0.146788 0.000961028 0
0.135215 0.000961028 0
0.124087 0.000961028 0
0.113386 0.000961028 0
0.10357 0.000961028 0
0.0951567 0.000961028 0
0.0883458 0.000961028 0
0.0833889 0.000961028 0
0.0805344 0.000961028 0
0.0798475 0.000961028 0
0.0816957 0.000961028 0
0.0861958 0.000961028 0
0.0929823 0.000961028 0
0.100499 0.000961028 0
0.10829 0.000961028 0
0.115955 0.000961028 0
0.123196 0.000961028 0
0.128471 0.000961028 0
0.133135 0.000961028 0
0.137056 0.000961028 0
0.140102 0.000961028 0
0.142144 0.000961028 0
0.143072 0.000961028 0
0.142849 0.000961028 0
0.141556 0.000961028 0
0.139107 0.000961028 0
0.135404 0.000961028 0
0.13035 0.000961028 0
0.123873 0.000961028 0
0.115951 0.000961028 0
0.106625 0.000961028 0
0.0960102 0.000961028 0
0.0842795 0.000961028 0
0.0716387 0.000961028 0
0.058296 0.000961028 0
0.0548741 0.000961028 0
0.0548741 0.000961028 0
0.0548741 0.000961028 0
0.0548741 0.000961028 0
0.0548741 0.000961028 0
0.0548741 0.000961028 0
0.0548741 0.000961028 0
0.0548741 0.000961028 0
0.0548741 0.000961028 0
0.0548741 0.000961028 0
0.0548741 0.000961028 0
0.0548741 0.000961028 0
0.0548741 0.000961028 0
0.0548741 0.000961028 0
0.0548741 0.000961028 0
0.0548741 0.000961028 0
0.0548741 0.000961028 0
0.0548741 0.000961028 0
0.0548741 0.000961028 0
0.0548741 0.000961028 0
0.0548741 0.000961028 0
0.0548741 0.000961028 0
0.0548741 0.000961028 0
0.0548741 0.000961028 0
0.0548741 0.000961028 0
0.0548741 0.000961028 0
0.0548741 0.000961028 0
0.0548741 0.000961028 0
0.0548741 0.000961028 0
0.0548741 0.000961028 0
0.0548741 0.000961028 0
0.0548741 0.000961028 0
0.0548741 0.000961028 0
0.0548741 0.000961028 0
0.0548741 0.000961028 0
0.0548741 0.000961028 0
0.0548741 0.000961028 0
0.0548741 0.000961028 0
0.0548741 0.000961028 0
0.0548741 0.000961028 0
0.0509178 0.000961028 0
0.0509178 0.000961028 0
0.0509178 0.000961028 0
0.0509178 0.000961028 0
0.0509178 0.000961028 0
0.0509178 0.000961028 0
0.0509178 0.000961028 0
0.0509178 0.000961028 0
0.0509178 0.000961028 0
0.0509178 0.000961028 0
0.0509178 0.000961028 0
0.0509178 0.000961028 0
0.0509178 0.000419482 0
0.0509178 0.000419482 0
0.0509119 0.000419482 0
0.0509119 0.000419482 0
0.0509119 0.000419482 0
0.0509119 0.000419482 0
0.0509119 0.000419482 0
0.0509119 0.000419482 0
0.0509119 0.000419482 0
0.0509119 0.000419482 0
0.0509119 0.000419482 0
0.0509119 0.000419482 0
0.0509119 0.000419482 0
0.0509119 0.000419482 0
0.0509119 0.000419482 0
0.0509119 0.000419482 0
0.0509119 0.000419482 0
0.0509119 0.000419482 0
0.0509119 0.000419482 0
0.0509085 0.000419482 0
0.0509085 0.000419482 0
0.0509085 0.000419482 0
0.0509085 0.000419482 0
0.0509085 0.000419482 0
0.0509085 0.000419482 0
0.0509085 0.000419482 0
0.0509085 0.000419482 0
0.0509085 0.000419482 0
0.0509085 0.000419482 0
0.0509085 0.000419482 0
0.0509085 0.000419482 0
0.0509085 0.000419482 0
0.0509085 0.000419482 0
0.0509085 0.000419482 0
0.0509085 0.000419482 0
0.0509085 0.000419482 0
0.0508704 0.000419482 0
0.0508704 0.000419482 0
0.0508704 0.000419482 0
0.0508704 0.000419482 0
0.0508704 0.000419482 0
0.0508704 0.000419482 0
0.0508704 0.000419482 0
0.0508704 0.000419482 0
0.0508704 0.000419482 0
0.0508704 0.000419482 0
0.0508704 0.000419482 0
0.0508704 0.000419482 0
0.0508704 0.000419482 0
0.0508704 0.000419482 0
0.0508704 0.000419482 0
0.0508704 0.000419482 0
0.0508704 0.000419482 0
0.0508704 0.000419482 0
0.0508704 0.000419482 0
0.0508704 0.000419482 0
0.0508704 0.000419482 0
0.0508704 0.000419482 0
0.0508704 0.000419482 0
0.0508704 0.000419482 0
0.0508704 0.000419482 0
0.0508704 0.000419482 0
0.0508704 0.000419482 0
0.0508704 0.000419482 0
0.0508704 0.000419482 0
0.0508704 0.000419482 0
0.0508704 0.000419482 0
0.0508704 0.000419482 0
0.0508704 0.000419482 0
0.0508704 0.000419482 0
0.0508704 0.000419482 0
0.0508704 0.000419482 0
0.0508704 0.000419482 0
0.0508704 0.000419482 0
0.0508704 0.000419482 0
0.0508704 0.000419482 0
0.0508704 0.000419482 0
0.0508704 0.000419482 0
0.0508704 0.000419482 0
0.0508704 0.000419482 0
0.0508704 0.000419482 0
0.0508704 0.000419482 0
0.0508704 0.000419482 0
0.0508704 0.000419482 0
0.0508704 0.000419482 0
0.0508704 0.000419482 0
0.0508704 0.000419482 0
0.0508704 0.000419482 0
0.0508704 0.000419482 0
0.0508704 0.000419482 0
0.0508704 0.000419482 0
0.0508704 0.000419482 0
0.0508704 0.000419482 0
0.0508704 0.000419482 0
0.0590534 0.000419482 0
0.0687469 0.000419482 0
0.0760527 0.000419482 0
0.0820316 0.000419482 0
0.0864963 0.000419482 0
0.0893717 0.000419482 0
0.0907517 0.000419482 0
0.0908125 0.000419482 0
0.0898453 0.000419482 0
0.0879782 0.000419482 0
0.0854085 0.000419482 0
0.0823298 0.000419482 0
0.0789137 0.000419482 0
0.0753552 0.000419482 0
0.0718614 0.000419482 0
0.0686178 0.000419482 0
0.0657912 0.000419482 0
0.0635401 0.000419482 0
0.0620061 0.000419482 0
0.0612995 0.000419482 0
0.0615554 0.000419482 0
0.0629843 0.000419482 0
0.0656045 0.000419482 0
0.0693876 0.000419482 0
0.0742788 0.000419482 0
0.079934 0.000419482 0
0.0863158 0.000419482 0
0.0931633 0.000419482 0
0.100312 0.000419482 0
0.107727 0.000419482 0
0.115267 0.000419482 0
0.122719 0.000419482 0
0.129935 0.000419482 0
0.136795 0.000419482 0
0.143132 0.000419482 0
0.14875 0.000419482 0
0.153468 0.000419482 0
0.157108 0.000419482 0
0.159509 0.000419482 0
0.160549 0.000419482 0
0.160212 0.000419482 0
0.158661 0.000419482 0
0.155914 0.000419482 0
0.152002 0.000419482 0
0.147021 0.000419482 0
0.141122 0.000419482 0
0.134476 0.000419482 0
0.12726 0.000419482 0
0.119654 0.000419482 0
0.111827 0.000419482 0
0.103936 0.000419482 0
0.0961394 0.000419482 0
0.0886069 0.000419482 0
0.0815083 0.000419482 0
0.0798207 0.000419482 0
0.0798207 0.000419482 0
0.0798207 0.000419482 0
0.0798207 0.000419482 0
0.0798207 0.000419482 0
0.0798207 0.000419482 0
0.0798207 0.000419482 0
0.0798207 0.000419482 0
0.0798207 0.000419482 0
0.0798207 0.000419482 0
0.0798207 0.000419482 0
0.0798207 0.000419482 0
0.0798207 0.000419482 0
0.0798207 0.000419482 0
0.0798207 0.000419482 0
0.0798207 0.000419482 0
0.0798207 0.000419482 0
0.0799456 0.000419482 0
0.0799603 0.000419482 0
0.0799603 0.000419482 0
0.0799603 0.000419482 0
0.0799603 0.000419482 0
0.0799603 0.000419482 0
0.0799603 0.000419482 0
0.0799603 0.000419482 0
0.0799603 0.000419482 0
0.0799603 0.000419482 0
0.0799603 0.000419482 0
0.0799603 0.000419482 0
0.0799603 0.000419482 0
0.0799603 0.000419482 0
0.0799603 0.000419482 0
0.0799603 0.000419482 0
0.0799603 0.000419482 0
0.0799603 0.000419482 0
0.0799603 0.000419482 0
0.0799603 0.000419482 0
0.0799603 0.000419482 0
0.0799603 0.000419482 0
0.0799603 0.000419482 0
0.0799603 0.000419482 0
0.0799603 0.000419482 0
0.0799603 0.000419482 0
0.0799603 0.000419482 0
0.0799603 0.000419482 0
0.0799603 0.000419482 0
0.0799603 0.000419482 0
0.0799603 0.000419482 0
0.0799603 0.000419482 0
0.0799603 0.000419482 0
0.0799603 0.000419482 0
0.0799603 0.000419482 0
0.0799603 0.000419482 0
0.0799603 0.000419482 0
0.0799603 0.000419482 0
0.0799603 0.000419482 0
0.0799603 0.000419482 0
0.0799603 0.000419482 0
0.0799603 0.000419482 0
0.0799603 0.000419482 0
0.0799603 0.000419482 0
0.0799603 0.000419482 0
0.0799603 0.000419482 0
0.0799603 0.000419482 0
0.0799603 0.000419482 0
0.0799603 0.000419482 0
0.0799603 0.000419482 0
0.0799603 0.000419482 0
0.0799603 0.000419482 0
0.0799603 0.000419482 0
0.0799603 0.000419482 0
0.0799603 0.000419482 0
0.0799603 0.000419482 0
0.0799603 0.000419482 0
0.0799603 0.000419482 0
0.0799603 0.000419482 0
0.0799603 0.000419482 0
0.0799603 0.000419482 0
0.0799603 0.000419482 0
0.0799603 0.000419482 0
0.0799603 0.000419482 0
0.0799603 0.000419482 0
0.0799603 0.000419482 0
0.0799603 0.000419482 0
0.0799603 0.000419482 0
0.0799603 0.000419482 0
0.0799603 0.000419482 0
0.0799603 0.000419482 0
0.0799603 0.000419482 0
0.0799603 0.000419482 0
0.0799603 0.000419482 0
0.0799603 0.000419482 0
0.0799603 0.000419482 0
0.0799603 0.000419482 0
0.0799603 0.000419482 0
0.0799603 0.000419482 0
0.0799603 0.000419482 0
0.0799603 0.000419482 0
0.0799603 0.000419482 0
0.0799603 0.000419482 0
0.0799603 0.000419482 0
0.0799603 0.000419482 0
0.0799603 0.000419482 0
0.0799603 0.000419482 0
0.0799603 0.000419482 0
0.0799603 0.000419482 0
0.0799603 0.000419482 0
0.0799603 0.000419482 0
0.0799603 0.000419482 0
0.0799603 0.000419482 0
0.0799603 0.000419482 0
0.0799603 0.000419482 0
0.0799603 0.000419482 0
0.0799603 0.000419482 0
0.0799603 0.000419482 0
0.0799603 0.000419482 0
0.0799603 0.000419482 0
0.0799603 0.000419482 0
0.0799603 0.000419482 0
0.0799603 0.000419482 0
0.0799603 0.000419482 0
0.0799603 0.000419482 0
0.0799603 0.000419482 0
0.0799603 0.000419482 0
0.0799603 0.000419482 0
0.0799603 0.000419482 0
0.0799603 0.000419482 0
0.0799603 0.000419482 0
0.0799603 0.000419482 0
0.0799603 0.000419482 0
0.0799603 0.000419482 0
0.0799603 0.000419482 0
0.0799603 0.000419482 0
0.0799603 0.000419482 0
0.0799603 0.000419482 0
0.0799603 0.000419482 0
0.0799603 0.000419482 0
0.0799603 0.000419482 0
0.0799603 0.000419482 0
0.0799603 0.000419482 0
0.0799603 0.000419482 0
0.0799603 0.000419482 0
0.0799603 0.000419482 0
0.0799603 0.000419482 0
0.0799603 0.000419482 0
0.0799603 0.000419482 0
0.0799603 0.000419482 0
0.0799603 0.000419482 0
0.0799603 0.000419482 0
0.0799603 0.000419482 0
0.0799603 0.000419482 0
0.0799603 0.000419482 0
0.0799603 0.000419482 0
0.0799603 0.000419482 0
0.0799603 0.000419482 0
0.0799603 0.000419482 0
0.0799603 0.000419482 0
0.0799603 0.000419482 0
0.0799603 0.000419482 0
0.0799603 0.000419482 0
0.0799603 0.000419482 0
0.0799603 0.000419482 0
0.0799603 0.000419482 0
0.0799603 0.000419482 0
0.0799603 0.000419482 0
0.0799603 0.000419482 0
0.0799603 0.000419482 0
0.0799603 0.000419482 0
0.0799603 0.000419482 0
0.0799603 0.000419482 0
0.0799603 0.000419482 0
0.0799603 0.000419482 0
0.0799603 0.000419482 0
0.0799603 0.000419482 0
0.0799603 0.000419482 0
0.0799603 0.000419482 0
0.0799603 0.000419482 0
0.0799603 0.000419482 0
0.0799603 0.000419482 0
0.0799603 0.000419482 0
0.0799603 0.000419482 0
0.0799603 0.000419482 0
0.0799603 0.000419482 0
0.0799603 0.000419482 0
0.0799603 0.000419482 0
0.0799603 0.000419482 0
0.0799603 0.000419482 0
0.0799603 0.000419482 0
0.0799603 0.000419482 0
0.0799603 0.000419482 0
0.0799603 0.000419482 0
0.0799603 0.000419482 0
0.0799603 0.000419482 0
0.0799603 0.000419482 0
0.0799603 0.000419482 0
0.0799603 0.000419482 0
0.0799603 0.000419482 0
0.0799603 0.000419482 0
0.0799603 0.000419482 0
0.0799603 0.000419482 0
0.0799603 0.000419482 0
0.0799603 0.000419482 0
0.0799603 0.000419482 0
0.0799603 0.000419482 0
0.0799603 0.000419482 0
0.0799603 0.000419482 0
0.0799603 0.000419482 0
0.0799603 0.000419482 0
0.0799603 0.000419482 0
0.0799603 0.000419482 0
0.0799603 0.000419482 0
0.082128 0.000419482 0
0.0917632 0.000419482 0
0.103431 0.000419482 0
0.115828 0.000419482 0
0.128083 0.000419482 0
0.14099 0.000419482 0
0.154974 0.000419482 0
0.16943 0.000419482 0
0.185548 0.000419482 0
0.205813 0.000419482 0
0.226454 0.000419482 0
0.245395 0.000419482 0
0.264398 0.000419482 0
0.284092 0.000419482 0
0.303119 0.000419482 0
0.320919 0.000419482 0
0.338102 0.000419482 0
0.226184 0.000419482 0
0.379777 0.000419482 0
0.486006 0.000419482 0
0.386651 0.000419482 0
0.324427 0.000419482 0
0.39895 0.000419482 0
0.494765 0.000419482 0
0.499821 0.000419482 0
0.462357 0.000419482 0
0.484791 0.000419482 0
0.522734 0.000419482 0
0.538086 0.000419482 0
0.543128 0.000419482 0
0.54303 0.000419482 0
0.548978 0.000419482 0
0.562204 0.00207731 0
0.571066 0.00869402 0
0.571249 0.0149464 0
0.568711 0.0191982 0
0.571362 0.0205977 0
0.573522 0.02094 0
0.571672 0.020679 0
0.566694 0.0197583 0
0.562871 0.0179476 0
0.559048 0.015605 0
0.552959 0.0128903 0
0.545855 0.00990415 0
0.538986 0.00659895 0
0.531552 0.00574263 0
0.52312 0.00574263 0
0.515191 0.00574263 0
0.508524 0.00574263 0
0.502255 0.00574263 0
0.495748 0.00574263 0
0.489499 0.00574263 0
0.484278 0.00574263 0
0.480116 0.00574263 0
0.476544 0.00574263 0
0.47329 0.00574263 0
0.470539 0.00574263 0
0.468518 0.00574263 0
0.467088 0.00574263 0
0.466027 0.00574263 0
0.465299 0.00574263 0
0.465096 0.00574263 0
0.46546 0.00574263 0
0.465893 0.00574263 0
0.466417 0.00574263 0
0.467062 0.00574263 0
0.467482 0.00574263 0
0.46734 0.00574263 0
0.46657 0.00574263 0
0.465011 0.00574263 0
0.462428 0.00574263 0
0.459743 0.00574263 0
0.455612 0.00574263 0
0.449203 0.00574263 0
0.442007 0.00574263 0
0.434053 0.00574263 0
0.42463 0.00574263 0
0.41331 0.00574263 0
0.400181 0.00574263 0
0.386439 0.00574263 0
0.371492 0.00574263 0
0.354932 0.00574263 0
0.337224 0.00574263 0
0.318824 0.00574263 0
0.300021 0.00574263 0
0.280663 0.00574263 0
0.260362 0.00574263 0
0.249238 0.00574263 0
0.249238 0.00574263 0
0.249238 0.00574263 0
0.249238 0.00574263 0
0.249238 0.00574263 0
0.249238 0.00574263 0
0.249238 0.00574263 0
0.249238 0.00574263 0
0.249238 0.00574263 0
0.249238 0.00574263 0
0.249238 0.00574263 0
0.249238 0.00574263 0
0.249238 0.00574263 0
0.249238 0.00574263 0
0.249238 0.00574263 0
0.249238 0.00574263 0
0.249238 0.00574263 0
0.249238 0.00574263 0
0.249238 0.00574263 0
0.249238 0.00574263 0
0.249238 0.00574263 0
0.249238 0.00574263 0
0.249238 0.00574263 0
0.249238 0.00574263 0
0.249238 0.00574263 0
0.249238 0.00574263 0
0.249238 0.00574263 0
0.249238 0.00574263 0
0.249238 0.00574263 0
0.249238 0.00574263 0
0.249238 0.00574263 0
0.249238 0.00574263 0
0.249238 0.00574263 0
0.249238 0.00574263 0
0.249238 0.00574263 0
0.249238 0.00574263 0
0.249238 0.00574263 0
0.249238 0.00574263 0
0.249238 0.00574263 0
0.249238 0.00574263 0
0.249238 0.00574263 0
0.249238 0.00574263 0
0.249238 0.00574263 0
0.249238 0.00574263 0
0.249238 0.00574263 0
0.249238 0.00574263 0
0.249238 0.00574263 0
0.249238 0.00574263 0
0.249238 0.00574263 0
0.249238 0.00574263 0
0.249238 0.00574263 0
0.249238 0.00574263 0
0.249238 0.00574263 0
0.249238 0.00574263 0
0.249238 0.00574263 0
0.249238 0.00574263 0
0.249238 0.00574263 0
0.249238 0.00574263 0
0.249238 0.00574263 0
0.249238 0.00574263 0
0.249238 0.00574263 0
0.249238 0.00574263 0
0.249238 0.00574263 0
0.249238 0.00574263 0
0.249238 0.00574263 0
0.249238 0.00574263 0
0.249238 0.00574263 0
0.249238 0.00574263 0
0.249238 0.00574263 0
0.249238 0.00574263 0
0.249238 0.00574263 0
0.249238 0.00574263 0
0.249238 0.00574263 0
0.249238 0.00574263 0
0.249238 0.00574263 0
0.249238 0.00574263 0
0.249238 0.00574263 0
0.249238 0.00574263 0
0.249238 0.00574263 0
0.249238 0.00574263 0
0.249238 0.00574263 0
0.249238 0.00574263 0
0.249238 0.00574263 0
0.249238 0.00574263 0
0.249238 0.00574263 0
0.249238 0.00574263 0
0.249238 0.00574263 0
0.249238 0.00574263 0
0.249238 0.00574263 0
0.249238 0.00574263 0
0.249238 0.00574263 0
0.249238 0.00574263 0
0.249238 0.00574263 0
0.249238 0.00574263 0
0.249238 0.00574263 0
0.249238 0.00574263 0
0.249238 0.00574263 0
0.249238 0.00574263 0
0.249238 0.00574263 0
0.249238 0.00574263 0
0.249238 0.00574263 0
0.249238 0.00574263 0
0.249238 0.00574263 1.0723
0.249238 0.00574263 1.0723
0.249238 0.00574263 1.0723
0.249238 0.00574263 1.0723
0.249238 0.00574263 1.0723
0.249238 0.00574263 1.0723
0.249238 0.00574263 1.0723
0.249238 0.00574263 1.0723
0.249238 0.00574263 1.0723
0.249238 0.00574263 1.0723
0.249238 0.00574263 1.0723
0.249238 0.00574263 1.0723
0.249238 0.00574263 1.0723
0.249238 0.00574263 1.0723
0.249238 0.00574263 1.0723
0.249238 0.00574263 1.0723
0.249238 0.00574263 1.0723
0.249238 0.00574263 1.0723
0.249238 0.00574263 1.0723
0.249238 0.00574263 1.0723
0.249238 0.00574263 1.0723
0.249238 0.00574263 1.0723
0.249238 0.00574263 1.0723
0.249238 0.00574263 1.0723
0.249238 0.00574263 1.0723
0.249238 0.00574263 1.0723
0.249238 0.00574263 1.0723
0.249238 0.00574263 1.0723
0.249238 0.00574263 1.0723
0.249238 0.00574263 1.0723
0.249238 0.00574263 1.0723
0.249238 0.00574263 1.0723
0.249238 0.00574263 1.0723
0.249238 0.00574263 1.0723
0.249238 0.00574263 1.0723
0.249238 0.00574263 1.0723
0.249238 0.00574263 1.0723
0.249238 0.00574263 1.0723
0.249238 0.00574263 1.0723
0.249238 0.00574263 1.0723
0.249238 0.00574263 1.0723
0.249238 0.00574263 1.0723
0.249238 0.00574263 1.0723
0.249238 0.00574263 1.0723
0.249238 0.00574263 1.0723
0.249238 0.00574263 1.0723
0.249238 0.00574263 1.0723
0.249238 0.00574263 1.0723
0.249238 0.00574263 1.0723
0.249238 0.00574263 1.0723
0.249238 0.00574263 1.0723
0.249238 0.00574263 1.0723
0.249238 0.00574263 1.0723
0.249238 0.00574263 1.0723
0.249238 0.00574263 1.0723
0.249238 0.00574263 1.0723
0.249238 0.00574263 1.0723
0.249238 0.00574263 1.0723
0.249238 0.00574263 1.0723
0.249238 0.00574263 1.0723
0.249238 0.00574263 1.0723
0.249238 0.00574263 1.0723
0.249238 0.00574263 1.0723
0.249238 0.00574263 1.0723
0.249238 0.00574263 1.0723
0.249238 0.00574263 1.0723
0.249238 0.00574263 1.0723
0.249238 0.00574263 1.0723
0.249238 0.00574263 1.0723
0.249238 0.00574263 1.0723
0.249238 0.00574263 1.0723
0.249238 0.00574263 1.0723
0.249238 0.00574263 1.0723
0.249238 0.00574263 1.0723
0.249238 0.00574263 1.0723
0.249238 0.00574263 1.0723
0.249238 0.00574263 1.0723
0.249238 0.00574263 1.0723
0.249238 0.00574263 1.0723
0.249238 0.00574263 1.0723
0.249238 0.00574263 1.0723
0.249238 0.00574263 1.0723
0.249238 0.00574263 1.0723
0.249238 0.00574263 1.0723
0.249238 0.00574263 1.0723
0.249238 0.00574263 1.0723
0.249238 0.00574263 1.0723
0.249238 0.00574263 1.0723
0.249238 0.00574263 1.0723
0.249238 0.00574263 1.0723
0.249238 0.00574263 1.0723
0.249238 0.00574263 1.0723
0.249238 0.00574263 1.0723
0.249238 0.00574263 1.0723
0.24961 0.00574263 1.0723
0.249551 0.00574263 1.0723
0.249551 0.00574263 1.0723
0.257123 0.00574263 1.0723
0.267649 0.00574263 1.0723
0.277677 0.00574263 1.0723
0.2863 0.00574263 1.0723
0.295214 0.00574263 1.0723
0.30552 0.00574263 1.0723
0.315847 0.00574263 1.0723
0.325873 0.00574263 1.0723
0.335832 0.00574263 1.0723
0.346603 0.00574263 1.0723
0.357771 0.00574263 1.0723
0.367556 0.00574263 1.0723
0.37678 0.00574263 1.0723
0.387213 0.00574263 1.0723
0.398858 0.00574263 1.0723
0.411549 0.00574263 1.0723
0.42569 0.00574263 1.0723
0.441235 0.00574263 1.0723
0.457963 0.00574263 1.0723
0.473899 0.00574263 1.0723
0.489982 0.00574263 1.0723
0.506157 0.00574263 1.0723
0.522569 0.0116421 1.0723
0.538863 0.0269188 1.0723
0.554718 0.0434787 1.0723
0.570559 0.061215 1.0723
0.586329 0.0795339 1.0723
0.601763 0.0983716 1.0723
0.616654 0.11855 1.0723
0.63096 0.139955 1.0723
0.644609 0.161252 1.0723
0.657513 0.182194 1.0723
0.669306 0.202973 1.0723
0.680032 0.223636 1.0723
0.689909 0.243428 1.0723
0.698588 0.260877 1.0723
0.70682 0.275662 1.0723
0.714415 0.287804 1.0723
0.721117 0.299051 1.0723
0.726828 0.311329 1.0723
0.731333 0.324585 1.0723
0.734609 0.337108 1.0723
0.737765 0.346894 1.0723
0.740877 0.35334 1.0723
0.744094 0.357823 1.0723
0.747227 0.362452 1.0723
0.750271 0.368105 1.0723
0.754471 0.374305 1.0723
0.757577 0.38019 1.0723
0.761021 0.384178 1.0723
0.766885 0.387642 1.0723
0.773047 0.391518 1.0723
0.778897 0.396741 1.0723
0.785547 0.402737 1.0723
0.793767 0.408313 1.0723
0.80311 0.413235 1.0723
0.812707 0.417969 1.0723
0.822753 0.42293 1.0723
0.833693 0.427776 1.0723
0.845125 0.43195 1.0723
0.856561 0.435657 1.0723
0.866079 0.439596 1.0723
0.86776 0.442842 1.0723
0.870394 0.445293 1.0723
0.872476 0.446518 1.0723
0.873703 0.447161 1.0723
0.874994 0.447091 1.0723
0.876635 0.446288 1.0723
0.87783 0.444808 1.0723
0.878335 0.442743 1.0723
0.877728 0.439829 1.0723
0.875144 0.435375 1.0723
0.871028 0.429352 1.0723
0.864426 0.4221 1.0723
0.855679 0.413636 1.0723
0.846826 0.404045 1.0723
0.836809 0.394331 1.0723
0.82338 0.384577 1.0723
0.80953 0.373959 1.0723
0.796375 0.362442 1.0723
0.781531 0.350722 1.0723
0.765024 0.338965 1.0723
0.74861 0.326895 1.0723
0.732774 0.314579 1.0723
0.716595 0.302461 1.0723
0.700088 0.290731 1.0723
0.684059 0.279414 1.0723
0.668496 0.268681 1.0723
0.652841 0.258796 1.0723
0.637045 0.249878 1.0723
0.621354 0.24195 1.0723
0.605642 0.235022 1.0723
0.589707 0.229024 1.0723
0.57362 0.223773 1.0723
0.557522 0.219053 1.0723
0.541347 0.214661 1.0723
0.524966 0.210362 1.0723
0.508336 0.205891 1.0723
0.491395 0.201015 1.0723
0.473945 0.195558 1.0723
0.455474 0.189311 1.0723
0.43603 0.181563 1.0723
0.416536 0.173321 1.0723
0.391368 0.164271 1.0723
0.379872 0.154092 1.0723
0.379872 0.142355 1.0723
0.379872 0.12969 1.0723
0.379872 0.116714 1.0723
0.379872 0.103437 1.0723
0.379872 0.095239 1.0723
0.379872 0.095239 1.0723
0.379872 0.095239 1.0723
0.379872 0.095239 1.0723
0.379872 0.095239 1.0723
0.379872 0.095239 1.0723
0.379872 0.095239 1.0723
0.379872 0.095239 1.0723
0.379872 0.095239 1.0723
0.379872 0.095239 1.0723
0.379872 0.095239 1.0723
0.379872 0.095239 1.0723
0.379872 0.095239 1.0723
0.379872 0.095239 1.0723
0.379872 0.095239 1.0723
0.379872 0.095239 1.0723
0.379872 0.095239 1.0723
0.379872 0.095239 1.0723
0.379872 0.095239 1.0723
0.379872 0.095239 1.0723
0.379872 0.095239 1.0723
0.379872 0.095239 1.0723
0.379872 0.095239 1.0723
0.379872 0.095239 1.0723
0.379872 0.095239 1.0723
0.379872 0.095239 1.0723
0.379872 0.095239 1.0723
0.379872 0.095239 1.0723
0.379872 0.095239 1.0723
0.379872 0.095239 1.0723
0.379872 0.095239 1.0723
0.379872 0.095239 1.0723
0.379872 0.095239 1.0723
0.379872 0.095239 1.0723
0.379872 0.095239 1.0723
0.379872 0.095239 1.0723
0.379872 0.095239 1.0723
0.379872 0.095239 1.0723
0.379872 0.095239 1.0723
0.379872 0.095239 1.0723
0.379872 0.095239 1.0723
0.379872 0.095239 1.0723
0.379872 0.095239 1.0723
0.379872 0.095239 1.0723
0.379872 0.095239 1.0723
0.379872 0.095239 1.0723
0.379872 0.095239 1.0723
0.379872 0.095239 1.0723
0.379872 0.095239 1.0723
0.379872 0.095239 1.0723
0.379872 0.095239 1.0723
0.379872 0.095239 1.0723
0.379872 0.095239 1.0723
0.379872 0.095239 1.0723
0.379872 0.095239 1.0723
0.379872 0.095239 1.0723
0.379872 0.095239 1.0723
0.379872 0.095239 1.0723
0.379872 0.095239 1.0723
0.379872 0.095239 1.0723
0.379872 0.095239 1.0723
0.379872 0.095239 1.0723
0.379872 0.095239 1.0723
0.379872 0.095239 1.0723
0.379872 0.095239 1.0723
0.379872 0.095239 1.0723
0.379872 0.095239 1.0723
0.379872 0.095239 1.0723
0.379872 0.095239 1.0723
0.379872 0.095239 1.0723
0.379872 0.095239 1.0723
0.379872 0.095239 1.0723
0.379872 0.095239 1.0723
0.379872 0.095239 1.0723
0.379872 0.095239 1.0723
0.379872 0.095239 1.0723
0.379872 0.095239 1.0723
0.379872 0.095239 1.0723
0.379872 0.095239 1.0723
0.379872 0.095239 1.0723
0.379872 0.095239 1.0723
0.379872 0.095239 1.0723
0.379872 0.095239 1.0723
0.379872 0.095239 1.0723
0.379872 0.095239 1.0723
0.379872 0.095239 1.0723
0.379872 0.095239 1.0723
0.379872 0.095239 1.0723
0.379872 0.095239 1.0723
0.379872 0.095239 1.0723
0.379872 0.095239 1.0723
0.379872 0.095239 1.0723
0.379872 0.095239 1.0723
0.379872 0.095239 1.0723
0.379872 0.095239 1.0723
0.379872 0.095239 1.0723
0.379872 0.095239 1.0723
0.379872 0.095239 1.0723
0.379872 0.095239 1.0723
0.379872 0.095239 1.0723
0.379872 0.095239 1.0723
0.379872 0.095239 1.0723
0.379872 0.095239 1.0723
0.379872 0.095239 1.0723
0.379872 0.095239 1.0723
0.379872 0.095239 1.0723
0.379872 0.095239 1.0723
0.379872 0.095239 1.0723
0.379872 0.095239 1.0723
0.379872 0.095239 1.0723
0.379872 0.095239 1.0723
0.379872 0.095239 1.0723
0.379872 0.095239 1.0723
0.379872 0.095239 1.0723
0.379872 0.095239 1.0723
0.379872 0.095239 1.0723
0.379872 0.095239 1.0723
0.379872 0.095239 1.0723
0.379872 0.095239 1.0723
0.379872 0.095239 1.0723
0.379872 0.095239 1.0723
0.379872 0.095239 1.0723
0.379872 0.095239 1.0723
0.379872 0.095239 1.0723
0.379872 0.095239 1.0723
0.379872 0.095239 1.0723
0.379872 0.095239 1.0723
0.379872 0.095239 1.0723
0.379872 0.095239 1.0723
0.379872 0.095239 1.0723
0.379872 0.095239 1.0723
0.379872 0.095239 1.0723
0.379872 0.095239 1.0723
0.379872 0.095239 1.0723
0.379872 0.095239 1.0723
0.379872 0.095239 1.0723
0.379872 0.095239 1.0723
0.379872 0.095239 1.0723
0.379872 0.095239 1.0723
0.379872 0.095239 1.0723
0.379872 0.095239 1.0723
0.379872 0.095239 1.0723
0.379872 0.095239 1.0723
0.379872 0.095239 1.0723
0.379872 0.095239 1.0723
0.379872 0.095239 1.0723
0.379872 0.095239 1.0723
0.379872 0.095239 1.0723
0.379872 0.095239 1.0723
0.379872 0.095239 1.0723
0.379872 0.095239 1.0723
0.379872 0.095239 1.0723
0.379872 0.095239 1.0723
0.379872 0.095239 1.0723
0.379872 0.095239 1.0723
0.379872 0.095239 1.0723
0.379872 0.095239 1.0723
0.379872 0.095239 1.0723
0.379872 0.095239 1.0723
0.379872 0.095239 1.0723
0.379872 0.095239 1.0723
0.379872 0.095239 1.0723
0.379872 0.095239 1.0723
0.379872 0.095239 1.0723
0.379872 0.095239 1.0723
0.379872 0.095239 1.0723
0.379872 0.095239 1.0723
0.379872 0.095239 1.0723
0.379872 0.095239 1.0723
0.379872 0.095239 1.0723
0.379872 0.095239 1.0723
0.379872 0.095239 1.0723
0.379872 0.095239 1.0723
0.379872 0.095239 1.0723
0.379872 0.095239 1.0723
0.379872 0.095239 1.0723
0.379872 0.095239 1.0723
0.379872 0.095239 1.0723
0.379872 0.095239 1.0723
0.379872 0.095239 1.0723
0.379872 0.095239 1.0723
0.379872 0.095239 1.0723
0.379872 0.095239 1.0723
0.379872 0.095239 1.0723
0.379872 0.095239 1.0723
0.379872 0.095239 1.0723
0.379872 0.095239 1.0723
0.379872 0.095239 1.0723
0.379872 0.095239 1.0723
0.379872 0.095239 1.0723
0.379872 0.095239 1.0723
0.379872 0.095239 1.0723
0.379872 0.095239 1.0723
0.379872 0.095239 1.0723
0.379872 0.095239 1.0723
0.379872 0.095239 1.0723
0.379872 0.095239 1.0723
0.379872 0.095239 1.0723
0.379872 0.095239 1.0723
0.379872 0.095239 1.0723
0.379872 0.095239 1.0723
0.379872 0.095239 1.0723
0.379872 0.095239 1.0723
0.379872 0.095239 1.0723
0.379872 0.095239 1.0723
0.379872 0.095239 1.0723
0.379872 0.095239 1.0723
0.379872 0.095239 1.0723
0.379872 0.095239 1.0723
0.379872 0.095239 1.0723
0.379872 0.095239 1.0723
0.379872 0.095239 1.0723
0.379872 0.095239 1.0723
0.379872 0.095239 1.0723
0.379872 0.095239 1.0723
0.379872 0.095239 1.0723
0.379872 0.095239 1.0723
0.379872 0.095239 1.0723
0.379872 0.095239 1.0723
0.379872 0.095239 1.0723
0.379872 0.095239 1.0723
0.379872 0.095239 1.0723
0.379872 0.095239 1.0723
0.379872 0.095239 1.0723
0.379872 0.095239 1.0723
0.379872 0.095239 1.0723
0.379872 0.095239 1.0723
0.379872 0.095239 1.0723
0.379872 0.095239 1.0723
0.379872 0.095239 1.0723
0.379872 0.095239 1.0723
0.379872 0.095239 1.0723
0.379872 0.095239 1.0723
0.379872 0.095239 1.0723
0.379872 0.095239 1.0723
0.379872 0.095239 1.0723
0.379872 0.095239 1.0723
0.379872 0.095239 1.0723
0.379872 0.095239 1.0723
0.379872 0.095239 1.0723
0.379872 0.095239 1.0723
0.379872 0.095239 1.0723
0.379872 0.095239 1.0723
0.379872 0.095239 1.0723
0.379872 0.095239 1.0723
0.379872 0.095239 1.0723
0.379872 0.095239 1.0723
0.379872 0.095239 1.0723
0.379872 0.095239 1.0723
0.379872 0.095239 1.0723
0.379872 0.095239 1.0723
0.379872 0.095239 1.0723
0.379872 0.095239 1.0723
0.379872 0.095239 1.0723
0.379872 0.095239 1.0723
0.379872 0.095239 1.0723
0.379872 0.095239 1.0723
0.379872 0.095239 1.0723
0.381583 0.095239 1.0723
0.388873 0.095239 1.0723
0.394676 0.095239 1.0723
0.4032 0.095239 1.0723
0.416183 0.095239 1.0723
0.429051 0.095239 1.0723
0.438222 0.095239 1.0723
0.443701 0.095239 1.0723
0.448456 0.095239 1.0723
0.453243 0.095239 1.0723
0.455357 0.097389 1.0723
0.45477 0.0996887 1.0723
0.454686 0.101198 1.0723
0.454199 0.10235 1.0723
0.452304 0.103409 1.0723
0.450556 0.104454 1.0723
0.448937 0.105276 1.0723
0.446987 0.106623 1.0723
0.445108 0.108333 1.0723
0.443223 0.11066 1.0723
0.440888 0.113664 1.0723
0.438077 0.117409 1.0723
0.434592 0.121844 1.0723
0.430274 0.126865 1.0723
0.425101 0.132246 1.0723
0.419032 0.137684 1.0723
0.41201 0.142908 1.0723
0.403163 0.147289 1.0723
0.395644 0.150491 1.0723
0.395644 0.153143 1.0723
0.395644 0.154151 1.0723
0.395644 0.154028 1.0723
0.395644 0.152266 1.0723
0.395644 0.14857 1.0723
0.395644 0.143374 1.0723
0.395644 0.136729 1.0723
0.395644 0.128811 1.0723
0.395644 0.119514 1.0723
0.395644 0.10865 1.0723
0.395644 0.10865 1.0723
0.395644 0.10865 1.0723
0.395644 0.10865 1.0723
0.395644 0.10865 1.0723
0.395644 0.10865 1.0723
0.395644 0.10865 1.0723
0.395644 0.10865 1.0723
0.395644 0.10865 1.0723
0.395644 0.10865 1.0723
0.395644 0.10865 1.0723
0.395644 0.10865 1.0723
0.395644 0.10865 1.0723
0.395644 0.10865 1.0723
0.395644 0.10865 1.0723
0.395644 0.10865 1.0723
0.395644 0.10865 1.0723
0.395644 0.10865 1.0723
0.395644 0.10865 1.0723
0.395644 0.10865 1.0723
0.395644 0.10865 1.0723
0.395644 0.10865 1.0723
0.395644 0.10865 1.0723
0.395644 0.10865 1.0723
0.395644 0.10865 1.0723
0.395644 0.10865 1.0723
0.395644 0.10865 1.0723
0.395644 0.10865 1.0723
0.395644 0.10865 1.0723
0.395644 0.10865 1.0723
0.395644 0.10865 1.0723
0.395644 0.10865 1.0723
0.395644 0.10865 1.0723
0.395644 0.10865 1.0723
0.395644 0.10865 1.0723
0.395644 0.10865 1.0723
0.395644 0.10865 1.0723
0.395644 0.10865 1.0723
0.395644 0.10865 1.0723
0.395644 0.10865 1.0723
0.395644 0.10865 1.0723
0.395644 0.10865 1.0723
0.395644 0.10865 1.0723
0.395644 0.10865 1.0723
0.395644 0.10865 1.0723
0.395644 0.10865 1.0723
0.395644 0.10865 1.0723
0.395644 0.10865 1.0723
0.395644 0.10865 1.0723
0.395644 0.10865 1.0723
0.395644 0.10865 1.0723
0.395644 0.10865 1.0723
0.395644 0.10865 1.0723
0.395644 0.10865 1.0723
0.395644 0.10865 1.0723
0.395644 0.10865 1.0723
0.395644 0.10865 1.0723
0.395644 0.10865 1.0723
0.395644 0.10865 1.0723
0.395644 0.10865 1.0723
0.395644 0.10865 1.0723
0.395644 0.10865 1.0723
0.395644 0.10865 1.0723
0.395644 0.10865 1.0723
0.395644 0.10865 1.0723
0.395644 0.10865 1.0723
0.395644 0.10865 1.0723
0.395644 0.10865 1.0723
0.395644 0.10865 1.0723
0.395644 0.10865 1.0723
0.395644 0.10865 1.0723
0.395644 0.10865 1.0723
0.395644 0.10865 1.0723
0.395644 0.10865 1.0723
0.395644 0.10865 1.0723
0.395644 0.10865 1.0723
0.395644 0.10865 1.0723
0.395644 0.10865 1.0723
0.395644 0.10865 1.0723
0.395644 0.10865 1.0723
0.395644 0.10865 1.0723
0.395644 0.10865 1.0723
0.395644 0.10865 1.0723
0.395644 0.10865 1.0723
0.395644 0.10865 1.0723
0.395644 0.10865 1.0723
0.395644 0.10865 1.0723
0.395644 0.10865 1.0723
0.395644 0.10865 1.0723
0.395644 0.10865 1.0723
