-0.0541038 -2.72282e-05 -0.139273 -4.3793e-05 -0.0440352 -7.90526e-06
-0.054624 -2.749e-05 -0.139104 -4.374e-05 -0.0440881 -7.91475e-06
-0.0558067 -2.80852e-05 -0.138739 -4.36253e-05 -0.0441762 -7.93057e-06
-0.058239 -2.93093e-05 -0.138043 -4.34065e-05 -0.0442969 -7.95224e-06
-0.0609896 -3.06936e-05 -0.137357 -4.31905e-05 -0.0443666 -7.96474e-06
-0.064513 -3.24667e-05 -0.136621 -4.29593e-05 -0.0443665 -7.96473e-06
-0.0688607 -3.46547e-05 -0.135905 -4.27342e-05 -0.0442382 -7.9417e-06
-0.0740863 -3.72846e-05 -0.135289 -4.25405e-05 -0.0439193 -7.88444e-06
-0.0802503 -4.03867e-05 -0.13487 -4.24088e-05 -0.0433521 -7.78262e-06
-0.087417 -4.39933e-05 -0.134759 -4.23738e-05 -0.0424824 -7.62649e-06
-0.0956422 -4.81328e-05 -0.135075 -4.2473e-05 -0.0412546 -7.40607e-06
-0.10495 -5.2817e-05 -0.13595 -4.27484e-05 -0.0396141 -7.11157e-06
-0.115305 -5.80281e-05 -0.137541 -4.32484e-05 -0.0375166 -6.73503e-06
-0.126569 -6.36971e-05 -0.140004 -4.4023e-05 -0.0349443 -6.27325e-06
-0.138556 -6.97297e-05 -0.143569 -4.51439e-05 -0.0318697 -5.72129e-06
-0.150977 -7.59804e-05 -0.148457 -4.6681e-05 -0.0283033 -5.08105e-06
-0.163451 -8.22583e-05 -0.154872 -4.86982e-05 -0.0242933 -4.36116e-06
-0.175564 -8.8354e-05 -0.162986 -5.12496e-05 -0.0199355 -3.57885e-06
-0.186905 -9.40618e-05 -0.172923 -5.43741e-05 -0.0153844 -2.76182e-06
-0.197082 -9.9183e-05 -0.184733 -5.80875e-05 -0.0108282 -1.9439e-06
-0.205703 -0.000103522 -0.198388 -6.23812e-05 -0.00660242 -1.18527e-06
-0.212351 -0.000106867 -0.213792 -6.72249e-05 -0.00305852 -5.4907e-07
-0.216543 -0.000108977 -0.23079 -7.25698e-05 -0.000591295 -1.0615e-07
-0.217701 -0.00010956 -0.249168 -7.83487e-05 0.000348418 6.25484e-08
-0.215156 -0.000108279 -0.268666 -8.44795e-05 -0.00073713 -1.3233e-07
-0.208219 -0.000104788 -0.28891 -9.08452e-05 -0.00437819 -7.85979e-07
-0.196364 -9.88216e-05 -0.309388 -9.72842e-05 -0.0109977 -1.97432e-06
-0.179472 -9.03209e-05 -0.329408 -0.00010358 -0.0213508 -3.83292e-06
-0.158022 -7.95261e-05 -0.347997 -0.000109425 -0.0360842 -6.47789e-06
-0.133023 -6.69449e-05 -0.363979 -0.00011445 -0.05579 -1.00155e-05
-0.105715 -5.32017e-05 -0.376113 -0.000118265 -0.0808862 -1.45208e-05
-0.0772552 -3.88793e-05 -0.383248 -0.000120509 -0.111758 -2.00629e-05
-0.0487355 -2.45265e-05 -0.384476 -0.000120895 -0.148516 -2.66618e-05
-0.0210393 -1.05882e-05 -0.379168 -0.000119226 -0.190979 -3.42848e-05
0.00523014 2.63211e-06 -0.36699 -0.000115397 -0.238634 -4.28398e-05
0.0300528 1.51243e-05 -0.347861 -0.000109382 -0.290647 -5.21773e-05
0.0530675 2.67067e-05 -0.321983 -0.000101245 -0.345961 -6.21073e-05
0.0747914 3.76394e-05 -0.290087 -9.12153e-05 -0.403092 -7.23636e-05
0.095027 4.78232e-05 -0.252881 -7.95162e-05 -0.460528 -8.26745e-05
0.113959 5.7351e-05 -0.211252 -6.64264e-05 -0.516409 -9.27063e-05
0.131726 6.6292e-05 -0.166366 -5.23124e-05 -0.568944 -0.000102138
0.148436 7.47016e-05 -0.119353 -3.75296e-05 -0.61622 -0.000110625
0.164001 8.2535e-05 -0.071335 -2.24307e-05 -0.6564 -0.000117838
0.178088 8.96242e-05 -0.0233785 -7.35114e-06 -0.687704 -0.000123458
0.190257 9.57482e-05 0.0235077 7.39179e-06 -0.708479 -0.000127187
0.200218 0.000100761 0.068447 2.15225e-05 -0.717221 -0.000128757
0.208099 0.000104727 0.110133 3.46303e-05 -0.712359 -0.000127884
0.214471 0.000107934 0.147438 4.63605e-05 -0.693323 -0.000124466
0.220462 0.000110949 0.179338 5.63912e-05 -0.659147 -0.000118331
0.227619 0.000114551 0.20482 6.44037e-05 -0.609369 -0.000109395
0.241169 0.00012137 0.226234 7.11374e-05 -0.525281 -9.42991e-05
0.26376 0.000132739 0.234951 7.38782e-05 -0.417949 -7.50308e-05
0.299225 0.000150588 0.23094 7.26169e-05 -0.289584 -5.19865e-05
0.350192 0.000176237 0.215611 6.77968e-05 -0.14371 -2.57989e-05
0.41758 0.000210151 0.191923 6.03484e-05 0.0161608 2.90121e-06
0.50033 0.000251795 0.164288 5.16589e-05 0.18391 3.30158e-05
0.595282 0.000299581 0.138424 4.35263e-05 0.35138 6.30801e-05
0.69748 0.000351013 0.12088 3.80095e-05 0.512675 9.2036e-05
0.801293 0.000403258 0.118098 3.71349e-05 0.661331 0.000118723
0.901928 0.000453903 0.135527 4.26154e-05 0.792027 0.000142186
0.99635 0.000501421 0.176982 5.56505e-05 0.900971 0.000161743
1.08325 0.000545155 0.244368 7.68392e-05 0.986548 0.000177106
1.16259 0.000585081 0.3377 0.000106187 1.04897 0.000188313
1.23511 0.00062158 0.455313 0.000143169 1.09021 0.000195715
1.30184 0.000655161 0.594144 0.000186823 1.11385 0.00019996
1.36341 0.000686147 0.750099 0.000235862 1.125 0.000201961
1.42007 0.00071466 0.918287 0.000288747 1.12982 0.000202827
1.47231 0.000740952 1.09309 0.000343712 1.1352 0.000203793
1.52144 0.00076568 1.26827 0.000398797 1.14829 0.000206142
1.56949 0.000789861 1.43736 0.000451965 1.17614 0.000211142
1.61854 0.000814543 1.59424 0.000501293 1.22518 0.000219946
1.6698 0.000840339 1.7338 0.000545176 1.30064 0.000233492
1.7231 0.000867162 1.85237 0.000582461 1.40613 0.000252431
1.77744 0.00089451 1.9477 0.000612437 1.54353 0.000277096
1.83172 0.000921829 2.01878 0.000634786 1.71291 0.000307504
1.88498 0.000948633 2.06575 0.000649556 1.91254 0.000343342
1.93645 0.000974536 2.08987 0.000657142 2.13895 0.000383987
1.9856 0.000999269 2.09341 0.000658253 2.38707 0.000428531
2.03217 0.00102271 2.07943 0.00065386 2.65055 0.000475829
2.07611 0.00104482 2.0517 0.000645139 2.92195 0.000524552
2.11741 0.0010656 2.01446 0.00063343 3.19316 0.00057324
2.15609 0.00108507 1.97226 0.000620159 3.45573 0.000620376
2.19242 0.00110335 1.92959 0.000606744 3.70128 0.000664459
2.2271 0.00112081 1.89064 0.000594495 3.92197 0.000704077
2.26131 0.00113802 1.85903 0.000584555 4.11075 0.000737967
2.29622 0.00115559 1.83784 0.000577892 4.2617 0.000765066
2.33222 0.00117371 1.82972 0.000575339 4.37018 0.00078454
2.36821 0.00119182 1.83699 0.000577624 4.43299 0.000795816
2.40162 0.00120864 1.86145 0.000585315 4.44861 0.000798619
2.42916 0.0012225 1.904 0.000598697 4.41735 0.000793008
2.44481 0.00123037 1.95087 0.000613435 4.36007 0.000782725
2.45413 0.00123506 2.02405 0.000636444 4.25156 0.000763246
2.45044 0.00123321 2.11044 0.000663608 4.10755 0.000737392
2.43296 0.00122441 2.20546 0.000693487 3.93543 0.000706493
2.40143 0.00120854 2.30346 0.000724304 3.74381 0.000672093
2.35567 0.00118551 2.39817 0.000754083 3.54201 0.000635867
2.29561 0.00115529 2.48298 0.000780749 3.33959 0.000599528
2.22128 0.00111788 2.5513 0.000802235 3.14579 0.000564736
2.13262 0.00107326 2.59697 0.000816595 2.96902 0.000533002
2.02964 0.00102144 2.61448 0.000822099 2.81645 0.000505613
1.91248 0.000962474 2.59924 0.000817307 2.69357 0.000483553
1.78132 0.000896466 2.54784 0.000801146 2.60388 0.000467452
1.63659 0.00082363 2.45814 0.000772941 2.54869 0.000457544
1.47956 0.000744604 2.3292 0.000732395 2.52704 0.000453657
1.3129 0.000660727 2.16112 0.000679546 2.53573 0.000455217
1.14033 0.000573879 1.95526 0.000614815 2.56931 0.000461245
0.965441 0.000485866 1.71457 0.000539132 2.62015 0.000470373
0.791166 0.000398161 1.44372 0.000453965 2.6787 0.000480883
0.619995 0.000312018 1.14882 0.000361237 2.73387 0.000490787
0.454133 0.000228546 0.837099 0.000263218 2.77356 0.000497914
0.295439 0.000148682 0.516571 0.000162431 2.78525 0.000500012
0.145193 7.30694e-05 0.195798 6.15669e-05 2.75658 0.000494865
0.00601357 3.02638e-06 -0.115932 -3.64538e-05 2.67583 0.000480369
-0.123542 -6.21735e-05 -0.409038 -0.000128618 2.53449 0.000454995
-0.247396 -0.000124504 -0.677487 -0.00021303 2.32285 0.000417001
-0.367369 -0.000184882 -0.914226 -0.00028747 2.03631 0.00036556
-0.48444 -0.000243798 -1.11459 -0.000350471 1.67277 0.000300297
-0.597337 -0.000300615 -1.27724 -0.000401616 1.23311 0.000221369
-0.704238 -0.000354414 -1.40256 -0.000441021 0.721925 0.000129601
-0.803979 -0.000404609 -1.49219 -0.000469207 0.147913 2.65535e-05
-0.89685 -0.000451347 -1.54891 -0.000487039 -0.468599 -8.41234e-05
-0.984644 -0.000495531 -1.57727 -0.00049596 -1.12576 -0.000202098
-1.06991 -0.000538439 -1.58219 -0.000497506 -1.80675 -0.000324351
-1.15502 -0.000581276 -1.56961 -0.00049355 -2.49453 -0.000447822
-1.2424 -0.000625249 -1.54651 -0.000486287 -3.17229 -0.000569494
-1.33466 -0.000671681 -1.52014 -0.000477994 -3.82369 -0.000686434
-1.43453 -0.000721941 -1.4976 -0.000470908 -4.43113 -0.000795482
-1.54449 -0.000777276 -1.48586 -0.000467214 -4.97851 -0.000893749
-1.66625 -0.000838553 -1.49162 -0.000469027 -5.45187 -0.000978727
-1.80006 -0.000905897 -1.52117 -0.000478319 -5.83978 -0.00104836
-1.94419 -0.00097843 -1.58013 -0.000496859 -6.13305 -0.00110101
-2.09502 -0.00105433 -1.6732 -0.000526124 -6.32554 -0.00113557
-2.24805 -0.00113135 -1.80349 -0.000567092 -6.415 -0.00115163
-2.39897 -0.0012073 -1.97183 -0.000620023 -6.40339 -0.00114955
-2.54426 -0.00128042 -2.17642 -0.000684355 -6.29661 -0.00113037
-2.68154 -0.00134951 -2.41284 -0.000758697 -6.10435 -0.00109586
-2.80956 -0.00141394 -2.67425 -0.000840893 -5.83985 -0.00104838
-2.92803 -0.00147356 -2.9517 -0.000928136 -5.51929 -0.000990831
-3.03751 -0.00152865 -3.23476 -0.00101714 -5.16097 -0.000926503
-3.13899 -0.00157972 -3.51218 -0.00110437 -4.78422 -0.000858869
-3.23331 -0.00162719 -3.77272 -0.0011863 -4.40849 -0.000791418
-3.32088 -0.00167126 -4.00589 -0.00125962 -4.0524 -0.000727492
-3.40181 -0.00171199 -4.20244 -0.00132142 -3.73287 -0.00067013
-3.47601 -0.00174933 -4.3548 -0.00136933 -3.4643 -0.000621915
-3.52856 -0.00177578 -4.45405 -0.00140054 -3.2591 -0.000585078
-3.52917 -0.00177608 -4.47012 -0.00140559 -3.13772 -0.000563288
-3.52726 -0.00177512 -4.43753 -0.00139534 -3.08501 -0.000553825
-3.54705 -0.00178509 -4.37592 -0.00137597 -3.09399 -0.000555437
-3.56645 -0.00179485 -4.27106 -0.001343 -3.16979 -0.000569044
-3.5729 -0.00179809 -4.12772 -0.00129793 -3.30548 -0.000593404
-3.50357 -0.0017632 -3.98326 -0.0012525 -3.47974 -0.000624688
-3.42937 -0.00172586 -3.81197 -0.00119864 -3.69516 -0.000663361
-3.34382 -0.00168281 -3.61478 -0.00113663 -3.93988 -0.000707292
-3.25356 -0.00163738 -3.40422 -0.00107043 -4.19991 -0.000753973
-3.16152 -0.00159106 -3.1884 -0.00100256 -4.46117 -0.000800876
-3.06989 -0.00154495 -2.97222 -0.000934589 -4.70941 -0.000845439
-2.98311 -0.00150127 -2.76391 -0.000869085 -4.93057 -0.000885142
-2.90432 -0.00146162 -2.57101 -0.000808431 -5.11269 -0.000917837
-2.83593 -0.00142721 -2.39967 -0.000754554 -5.24447 -0.000941494
-2.78089 -0.00139951 -2.25546 -0.000709208 -5.31565 -0.000954272
-2.74128 -0.00137957 -2.14265 -0.000673737 -5.31959 -0.00095498
-2.71839 -0.00136805 -2.06455 -0.000649179 -5.25291 -0.000943009
-2.71314 -0.00136541 -2.0234 -0.00063624 -5.11412 -0.000918093
-2.72561 -0.00137169 -2.01973 -0.000635085 -4.9044 -0.000880445
-2.75514 -0.00138655 -2.05275 -0.000645469 -4.62853 -0.00083092
-2.79827 -0.00140825 -2.1213 -0.000667025 -4.29425 -0.000770909
-2.83724 -0.00142787 -2.22725 -0.000700339 -3.91012 -0.00070195
-2.86885 -0.00144378 -2.36582 -0.000743911 -3.48929 -0.000626402
-2.89143 -0.00145514 -2.52961 -0.000795413 -3.047 -0.000547002
-2.90449 -0.00146171 -2.7093 -0.000851916 -2.60045 -0.000466836
-2.90829 -0.00146362 -2.85779 -0.000898606 -2.25241 -0.000404356
-2.90654 -0.00146274 -3.00464 -0.000944783 -1.92263 -0.000345153
-2.89956 -0.00145923 -3.14441 -0.00098873 -1.61997 -0.000290818
-2.88761 -0.00145322 -3.27185 -0.0010288 -1.35273 -0.000242844
-2.87093 -0.00144482 -3.38224 -0.00106352 -1.12849 -0.000202587
-2.84964 -0.0014341 -3.4715 -0.00109158 -0.953709 -0.000171211
-2.82367 -0.00142104 -3.53625 -0.00111194 -0.833452 -0.000149622
-2.79263 -0.00140542 -3.57405 -0.00112383 -0.771178 -0.000138443
-2.75564 -0.0013868 -3.58347 -0.00112679 -0.768756 -0.000138008
-2.71141 -0.00136454 -3.56412 -0.00112071 -0.826467 -0.000148368
-2.65837 -0.00133785 -3.51663 -0.00110577 -0.942967 -0.000169283
-2.59499 -0.00130595 -3.44238 -0.00108243 -1.11532 -0.000200223
-2.52025 -0.00126834 -3.34333 -0.00105128 -1.33913 -0.000240402
-2.43387 -0.00122486 -3.22181 -0.00101307 -1.60875 -0.000288805
-2.33645 -0.00117584 -3.08043 -0.000968612 -1.9175 -0.000344232
-2.22933 -0.00112193 -2.922 -0.000918796 -2.25776 -0.000405317
-2.1142 -0.00106399 -2.74963 -0.000864596 -2.62113 -0.000470548
-1.99265 -0.00100282 -2.56674 -0.000807089 -2.99852 -0.000538298
-1.86601 -0.000939085 -2.37705 -0.000747443 -3.38046 -0.000606865
-1.73543 -0.000873369 -2.18443 -0.000686874 -3.75731 -0.000674517
-1.60201 -0.000806225 -1.99272 -0.000626593 -4.11949 -0.000739535
-1.46689 -0.000738223 -1.80558 -0.000567748 -4.45774 -0.00080026
-1.33118 -0.00066993 -1.62639 -0.000511405 -4.76335 -0.000855122
-1.19589 -0.000601843 -1.45822 -0.000458524 -5.0283 -0.000902687
-1.06185 -0.000534386 -1.3037 -0.000409936 -5.24554 -0.000941686
-0.929765 -0.000467912 -1.16496 -0.000366311 -5.40908 -0.000971045
-0.800277 -0.000402746 -1.04354 -0.000328132 -5.51418 -0.000989913
-0.673999 -0.000339196 -0.940311 -0.000295672 -5.55741 -0.000997674
-0.551497 -0.000277546 -0.855482 -0.000268998 -5.53675 -0.000993964
-0.43329 -0.000218057 -0.788593 -0.000247966 -5.45156 -0.000978671
-0.319836 -0.00016096 -0.738548 -0.00023223 -5.30262 -0.000951934
-0.211515 -0.000106447 -0.703659 -0.000221259 -5.09205 -0.00091413
-0.108646 -5.46768e-05 -0.681706 -0.000214356 -4.82318 -0.000865863
-0.0115098 -5.79241e-06 -0.670009 -0.000210678 -4.5005 -0.000807936
0.0662543 3.3343e-05 -0.663534 -0.000208642 -4.12934 -0.000741305
0.105742 5.32158e-05 -0.650518 -0.000204549 -3.71981 -0.000667786
0.144291 7.26158e-05 -0.63929 -0.000201019 -3.27246 -0.000587476
0.179923 9.05476e-05 -0.628994 -0.000197782 -2.79514 -0.000501787
0.21187 0.000106625 -0.618711 -0.000194548 -2.29486 -0.000411976
0.242223 0.000121901 -0.604595 -0.000190109 -1.77833 -0.000319248
0.272997 0.000137388 -0.583967 -0.000183623 -1.25278 -0.0002249
0.30542 0.000153705 -0.555982 -0.000174823 -0.72542 -0.000130228
0.340973 0.000171597 -0.51964 -0.000163396 -0.203424 -3.65189e-05
0.38139 0.000191938 -0.472956 -0.000148717 0.313806 5.63349e-05
0.427979 0.000215384 -0.414632 -0.000130377 0.812605 0.00014588
0.481454 0.000242296 -0.343459 -0.000107998 1.28716 0.000231072
0.542401 0.000272968 -0.258411 -8.1255e-05 1.7333 0.000311163
0.611116 0.000307549 -0.158997 -4.99952e-05 2.14673 0.000385383
0.687598 0.00034604 -0.0449849 -1.41451e-05 2.52347 0.000453017
0.771595 0.000388312 0.0835332 2.62662e-05 2.86015 0.000513457
0.862887 0.000434256 0.226642 7.12654e-05 3.15523 0.000566431
0.961207 0.000483736 0.38363 0.000120629 3.40816 0.000611837
1.06619 0.000536568 0.553087 0.000173913 3.61897 0.000649682
1.17734 0.000592505 0.733405 0.000230613 3.78853 0.000680121
1.29393 0.000651182 0.922978 0.000290222 3.91864 0.000703479
1.41494 0.000712081 1.12002 0.00035218 4.01191 0.000720223
1.53905 0.000774541 1.32242 0.000415822 4.07154 0.000730927
1.66474 0.000837796 1.52785 0.000480418 4.10128 0.000736267
1.79037 0.000901017 1.73392 0.000545215 4.10542 0.00073701
1.91422 0.000963349 1.93822 0.000609455 4.08864 0.000733998
2.03457 0.00102392 2.13827 0.000672361 4.0558 0.000728102
2.14971 0.00108186 2.33153 0.000733129 4.01181 0.000720205
2.25803 0.00113637 2.5154 0.000790946 3.96163 0.000711197
2.35813 0.00118675 2.68738 0.000845022 3.91016 0.000701958
2.44879 0.00123238 2.84506 0.000894603 3.86206 0.000693323
2.52908 0.00127278 2.98618 0.000938977 3.82156 0.00068605
2.59833 0.00130763 3.10861 0.000977475 3.79234 0.000680805
2.65623 0.00133677 3.21047 0.0010095 3.77755 0.00067815
2.70279 0.0013602 3.29016 0.00103456 3.77967 0.000678531
2.7383 0.00137807 3.34645 0.00105226 3.80045 0.000682261
2.76321 0.00139061 3.37855 0.00106236 3.84075 0.000689496
2.77814 0.00139812 3.38616 0.00106475 3.90052 0.000700227
2.7838 0.00140097 3.36943 0.00105949 3.97887 0.000714292
2.78092 0.00139952 3.32882 0.00104672 4.07414 0.000731394
2.77059 0.00139432 3.26542 0.00102678 4.18375 0.000751073
2.75422 0.00138609 3.18094 0.00100022 4.30433 0.000772719
2.7333 0.00137556 3.07756 0.00096771 4.43176 0.000795595
2.70918 0.00136342 2.95787 0.000930075 4.56138 0.000818864
2.68314 0.00135032 2.82488 0.000888258 4.68807 0.000841608
2.65631 0.00133681 2.682 0.00084333 4.80639 0.00086285
2.62968 0.00132341 2.53286 0.000796434 4.91076 0.000881587
2.60419 0.00131058 2.38118 0.000748742 4.99565 0.000896826
2.58079 0.00129881 2.2307 0.000701425 5.05576 0.000907616
2.56043 0.00128856 2.08504 0.000655622 5.08618 0.000913078
2.54398 0.00128028 1.94762 0.00061241 5.0826 0.000912434
2.5322 0.00127435 1.82158 0.000572778 5.04138 0.000905035
2.52572 0.00127109 1.70972 0.000537606 4.95976 0.000890383
2.52504 0.00127075 1.61442 0.00050764 4.83593 0.000868152
2.53055 0.00127352 1.53756 0.000483471 4.66911 0.000838204
2.54263 0.0012796 1.48043 0.000465507 4.45965 0.000800601
2.56167 0.00128918 1.44375 0.000453973 4.20902 0.000755608
2.5878 0.00130233 1.42763 0.000448904 3.91984 0.000703695
2.62026 0.00131867 1.4311 0.000449996 3.59636 0.000645623
2.65987 0.0013386 1.45383 0.000457145 3.24264 0.000582124
2.7068 0.00136222 1.49471 0.000469999 2.86422 0.000514189
2.75676 0.00138736 1.55274 0.000488245 2.46705 0.000442887
2.81005 0.00141418 1.62544 0.000511104 2.05856 0.000369555
2.86817 0.00144343 1.70974 0.000537613 1.64673 0.000295624
2.9286 0.00147385 1.8032 0.000567001 1.23908 0.000222441
2.98233 0.00150089 1.90284 0.000598331 0.843679 0.000151458
3.03106 0.00152541 2.00759 0.000631269 0.46771 8.39639e-05
3.07286 0.00154644 2.11536 0.000665156 0.11917 2.13935e-05
3.10537 0.0015628 2.22318 0.000699059 -0.194333 -3.4887e-05
3.12605 0.00157321 2.32794 0.000732001 -0.461785 -8.29002e-05
3.13312 0.00157677 2.42672 0.000763059 -0.682344 -0.000122495
3.12522 0.00157279 2.517 0.000791449 -0.849775 -0.000152553
3.1009 0.00156056 2.59547 0.000816123 -0.958589 -0.000172087
3.0599 0.00153992 2.65881 0.00083604 -1.0048 -0.000180384
3.0029 0.00151124 2.70431 0.000850344 -0.986108 -0.000177027
2.93098 0.00147504 2.72966 0.000858318 -0.90136 -0.000161813
2.84526 0.0014319 2.73292 0.000859342 -0.750406 -0.000134714
2.74707 0.00138249 2.71268 0.000852979 -0.534435 -9.59425e-05
2.63808 0.00132764 2.66825 0.000839006 -0.25621 -4.59952e-05
2.52012 0.00126827 2.59968 0.000817446 0.0849098 1.52431e-05
2.39531 0.00120546 2.50724 0.000788378 0.477655 8.57492e-05
2.26596 0.00114036 2.39227 0.000752227 0.91518 0.000164294
2.13442 0.00107416 2.25671 0.000709604 1.38948 0.000249441
2.00269 0.00100787 2.10322 0.00066134 1.89121 0.000339512
1.87235 0.000942275 1.93512 0.000608482 2.40969 0.000432591
1.74463 0.000878002 1.75636 0.00055227 2.9335 0.000526626
1.62054 0.000815551 1.57132 0.000494087 3.45105 0.000619538
1.50077 0.000755277 1.38465 0.000435391 3.95087 0.000709265
1.38575 0.000697391 1.20106 0.000377663 4.42167 0.000793783
1.27571 0.000642014 1.02519 0.000322361 4.85252 0.00087113
1.17085 0.000589242 0.861385 0.000270855 5.23319 0.000939469
1.0714 0.000539189 0.713542 0.000224367 5.55456 0.000997162
0.9776 0.000491986 0.584923 0.000183924 5.80895 0.00104283
0.889623 0.00044771 0.478104 0.000150336 5.99019 0.00107537
0.807425 0.000406344 0.394929 0.000124182 6.09378 0.00109396
0.730771 0.000367767 0.336455 0.000105795 6.11687 0.00109811
0.659289 0.000331793 0.302883 9.52388e-05 6.05843 0.00108762
0.592515 0.000298188 0.293522 9.22954e-05 5.91933 0.00106264
0.529896 0.000266675 0.306807 9.64728e-05 5.70226 0.00102368
0.470796 0.000236932 0.340357 0.000107022 5.41168 0.000971511
0.414469 0.000208585 0.391057 0.000122964 5.05358 0.000907225
0.360017 0.000181182 0.455174 0.000143125 4.63533 0.00083214
0.306353 0.000154175 0.528477 0.000166175 4.16547 0.000747791
0.252186 0.000126915 0.606375 0.000190669 3.65353 0.000655887
0.196056 9.86668e-05 0.684051 0.000215094 3.10972 0.000558261
0.168788 8.49441e-05 0.747953 0.000235187 2.54641 0.000457135
0.149201 7.50869e-05 0.797658 0.000250816 1.97318 0.000354228
0.123385 6.20947e-05 0.833274 0.000262016 1.39852 0.000251063
0.0911141 4.5854e-05 0.853339 0.000268325 0.831988 0.00014936
0.0514944 2.5915e-05 0.854886 0.000268811 0.281905 5.06079e-05
0.00306061 1.54028e-06 0.833446 0.00026207 -0.239112 -4.29257e-05
-0.0544233 -2.7389e-05 0.786532 0.000247318 -0.725711 -0.000130281
-0.119498 -6.01385e-05 0.713275 0.000224283 -1.17565 -0.000211055
-0.190782 -9.60129e-05 0.614227 0.000193138 -1.58349 -0.00028427
-0.268686 -0.000135219 0.487494 0.000153288 -1.94504 -0.000349175
-0.353955 -0.000178131 0.332521 0.000104558 -2.25875 -0.000405494
-0.445748 -0.000224327 0.151061 4.74998e-05 -2.52283 -0.000452901
-0.543436 -0.000273489 -0.0556915 -1.75117e-05 -2.74012 -0.00049191
-0.646104 -0.000325158 -0.284326 -8.94038e-05 -2.91076 -0.000522544
-0.752899 -0.000378903 -0.532086 -0.00016731 -3.03821 -0.000545423
-0.862474 -0.000434048 -0.795662 -0.000250189 -3.12739 -0.000561433
-0.973374 -0.000489859 -1.07115 -0.000336812 -3.18407 -0.000571608
-1.08373 -0.000545396 -1.35408 -0.000425779 -3.21407 -0.000576995
-1.19043 -0.000599095 -1.64011 -0.000515718 -3.22344 -0.000578676
-1.29296 -0.000650692 -1.92397 -0.000604974 -3.2193 -0.000577934
-1.39103 -0.000700048 -2.20032 -0.00069187 -3.2091 -0.000576102
-1.48482 -0.000747248 -2.46367 -0.000774679 -3.20007 -0.00057448
-1.57488 -0.000792571 -2.70861 -0.000851697 -3.19891 -0.000574272
-1.66189 -0.000836362 -2.93017 -0.000921364 -3.21167 -0.000576563
-1.74646 -0.000878921 -3.12416 -0.000982364 -3.2436 -0.000582294
-1.82899 -0.000920453 -3.28728 -0.00103366 -3.29888 -0.000592219
-1.90392 -0.000958166 -3.41912 -0.00107511 -3.37995 -0.000606772
-1.9648 -0.000988802 -3.52067 -0.00110704 -3.48707 -0.000626003
-2.01895 -0.00101606 -3.58845 -0.00112835 -3.62275 -0.000650361
-2.06579 -0.00103963 -3.62209 -0.00113893 -3.78587 -0.000679644
-2.10547 -0.0010596 -3.62302 -0.00113923 -3.97347 -0.000713322
-2.13786 -0.0010759 -3.59286 -0.00112974 -4.18269 -0.000750882
-2.16301 -0.00108855 -3.53415 -0.00111128 -4.40934 -0.00079157
-2.18147 -0.00109784 -3.45005 -0.00108484 -4.648 -0.000834415
-2.19398 -0.00110414 -3.34396 -0.00105148 -4.8923 -0.000878273
-2.20146 -0.0011079 -3.21957 -0.00101236 -5.13547 -0.000921925
-2.20502 -0.00110969 -3.08117 -0.000968846 -5.37044 -0.000964108
-2.20589 -0.00111013 -2.93344 -0.000922395 -5.58992 -0.00100351
-2.2053 -0.00110984 -2.78103 -0.000874471 -5.78653 -0.00103881
-2.20441 -0.00110939 -2.62844 -0.000826491 -5.95305 -0.0010687
-2.20433 -0.00110935 -2.48012 -0.000779851 -6.08276 -0.00109199
-2.20613 -0.00111026 -2.34032 -0.000735894 -6.16978 -0.00110761
-2.21074 -0.00111257 -2.21294 -0.000695839 -6.20907 -0.00111466
-2.21898 -0.00111672 -2.10133 -0.000660743 -6.19659 -0.00111242
-2.23152 -0.00112303 -2.00832 -0.000631497 -6.12941 -0.00110036
-2.24877 -0.00113171 -1.93617 -0.000608812 -6.0059 -0.00107819
-2.27083 -0.00114282 -1.88654 -0.000593207 -5.82586 -0.00104587
-2.29758 -0.00115628 -1.8604 -0.000584986 -5.59049 -0.00100361
-2.32874 -0.00117196 -1.85796 -0.000584218 -5.3024 -0.000951894
-2.36403 -0.00118972 -1.87865 -0.000590725 -4.96555 -0.000891423
-2.4018 -0.00120872 -1.92045 -0.000603868 -4.58557 -0.000823207
-2.43808 -0.00122698 -1.98301 -0.000623541 -4.16832 -0.000748302
-2.47393 -0.00124503 -2.06399 -0.000649004 -3.72151 -0.000668091
-2.50925 -0.0012628 -2.16014 -0.000679238 -3.25358 -0.000584087
-2.54364 -0.00128011 -2.26729 -0.000712928 -2.77385 -0.000497965
-2.57693 -0.00129686 -2.38119 -0.000748743 -2.29203 -0.000411468
-2.60918 -0.00131309 -2.4977 -0.00078538 -1.81795 -0.000326361
-2.64028 -0.00132875 -2.61247 -0.000821468 -1.36147 -0.000244412
-2.66998 -0.00134369 -2.72114 -0.000855639 -0.932069 -0.000167326
-2.6979 -0.00135774 -2.81981 -0.000886665 -0.538576 -9.66859e-05
-2.72337 -0.00137056 -2.90516 -0.000913503 -0.188953 -3.39212e-05
-2.74523 -0.00138156 -2.97448 -0.000935298 0.110177 1.97791e-05
-2.76219 -0.0013901 -3.0256 -0.000951371 0.355497 6.38192e-05
-2.77309 -0.00139558 -3.05718 -0.000961302 0.539043 9.67697e-05
-2.777 -0.00139755 -3.06823 -0.000964778 0.657316 0.000118002
-2.77303 -0.00139555 -3.05833 -0.000961664 0.709191 0.000127315
-2.76046 -0.00138922 -3.02756 -0.000951989 0.694571 0.00012469
-2.73908 -0.00137847 -2.97678 -0.00093602 0.614565 0.000110327
-2.70914 -0.0013634 -2.90736 -0.000914192 0.471654 8.46719e-05
-2.67134 -0.00134437 -2.82102 -0.000887043 0.269805 4.84358e-05
-2.62686 -0.00132199 -2.71975 -0.0008552 0.0177523 3.18692e-06
-2.57715 -0.00129697 -2.60615 -0.000819481 -0.281003 -5.04461e-05
-2.52371 -0.00127008 -2.48315 -0.000780804 -0.619395 -0.000111195
-2.46777 -0.00124193 -2.35402 -0.0007402 -0.989258 -0.000177593
-2.41033 -0.00121302 -2.22238 -0.000698809 -1.38213 -0.000248121
-2.35217 -0.00118375 -2.09208 -0.000657835 -1.78928 -0.000321213
-2.29415 -0.00115455 -1.96689 -0.000618472 -2.20179 -0.000395268
-2.23727 -0.00112593 -1.85041 -0.000581846 -2.61074 -0.000468683
-2.18265 -0.00109844 -1.74593 -0.000548992 -3.00749 -0.000539908
-2.13144 -0.00107267 -1.65639 -0.000520837 -3.38406 -0.000607511
-2.08482 -0.0010492 -1.58432 -0.000498174 -3.73329 -0.000670205
-2.04391 -0.00102862 -1.53173 -0.00048164 -4.04888 -0.000726861
-2.0097 -0.0010114 -1.50014 -0.000471707 -4.32547 -0.000776513
-1.98285 -0.000997886 -1.49056 -0.000468692 -4.55873 -0.000818388
-1.96357 -0.000988185 -1.5035 -0.000472763 -4.74552 -0.000851922
-1.95152 -0.000982117 -1.53906 -0.000483943 -4.88398 -0.000876778
-1.94578 -0.000979232 -1.5968 -0.000502098 -4.97347 -0.000892844
-1.94507 -0.000978874 -1.67576 -0.000526927 -5.0146 -0.000900227
-1.94779 -0.000980244 -1.7744 -0.000557943 -5.00916 -0.000899251
-1.95207 -0.000982394 -1.89062 -0.000594487 -4.96012 -0.000890447
-1.9558 -0.000984275 -2.02178 -0.000635731 -4.87154 -0.000874545
-1.95692 -0.000984838 -2.16469 -0.000680666 -4.7485 -0.000852457
-1.9535 -0.000983116 -2.31558 -0.000728113 -4.5969 -0.000825242
-1.94383 -0.000978251 -2.47023 -0.000776742 -4.42332 -0.000794079
-1.92648 -0.00096952 -2.62403 -0.000825103 -4.23477 -0.000760231
-1.9004 -0.000956394 -2.77208 -0.000871655 -4.03855 -0.000725006
-1.86494 -0.000938545 -2.90933 -0.000914812 -3.84198 -0.000689718
-1.81978 -0.000915818 -3.03074 -0.00095299 -3.65215 -0.000655638
-1.76488 -0.00088819 -3.1315 -0.000984673 -3.47564 -0.000623952
-1.70033 -0.000855705 -3.20719 -0.00100847 -3.31833 -0.000595711
-1.62623 -0.000818416 -3.25396 -0.00102318 -3.18512 -0.000571798
-1.54268 -0.000776369 -3.2687 -0.00102781 -3.07982 -0.000552893
-1.44982 -0.000729637 -3.24908 -0.00102164 -3.00495 -0.000539453
-1.34793 -0.000678356 -3.19361 -0.0010042 -2.96172 -0.000531691
-1.23744 -0.00062275 -3.10165 -0.000975285 -2.94989 -0.000529569
-1.11898 -0.000563138 -2.97345 -0.000934974 -2.96786 -0.000532793
-0.993365 -0.000499919 -2.81014 -0.000883623 -3.0126 -0.000540825
-0.86149 -0.000433552 -2.61373 -0.000821863 -3.0798 -0.000552889
-0.725471 -0.000365099 -2.3871 -0.000750603 -3.16381 -0.000567971
-0.593719 -0.000298794 -2.1315 -0.000670231 -3.25842 -0.000584957
-0.458436 -0.000230712 -1.85297 -0.000582651 -3.35638 -0.000602541
-0.319541 -0.000160812 -1.55719 -0.000489644 -3.44919 -0.000619203
-0.179999 -9.05863e-05 -1.25055 -0.000393224 -3.52761 -0.000633282
-0.0412928 -2.07809e-05 -0.937347 -0.00029474 -3.58346 -0.000643307
0.0948406 4.77294e-05 -0.622758 -0.000195821 -3.60874 -0.000647845
0.225228 0.000113348 -0.314267 -9.88183e-05 -3.59431 -0.000645256
0.348962 0.000175618 -0.014871 -4.67605e-06 -3.53427 -0.000634477
0.466038 0.000234537 0.272178 8.55839e-05 -3.42223 -0.000614364
0.574499 0.000289121 0.542395 0.000170551 -3.25062 -0.000583555
0.672595 0.000338489 0.788843 0.000248045 -3.01829 -0.000541848
0.760494 0.000382725 1.00929 0.000317362 -2.72262 -0.000488769
0.838052 0.000421757 1.20185 0.00037791 -2.36258 -0.000424133
0.904852 0.000455375 1.36414 0.000428941 -1.9384 -0.000347984
0.961164 0.000483714 1.49465 0.00046998 -1.45259 -0.000260772
1.00785 0.00050721 1.59308 0.00050093 -0.909505 -0.000163276
1.04582 0.00052632 1.65993 0.00052195 -0.314727 -5.65003e-05
1.07609 0.000541553 1.69672 0.000533518 0.334652 6.00772e-05
1.10019 0.00055368 1.70492 0.000536097 1.01953 0.000183028
1.11987 0.000563584 1.68748 0.000530612 1.73014 0.000310597
1.13699 0.000572198 1.64764 0.000518085 2.45646 0.000440988
1.15351 0.000580515 1.58924 0.000499724 3.18715 0.000572161
1.17159 0.000589614 1.51672 0.00047692 3.90949 0.000701837
1.19324 0.00060051 1.43493 0.000451201 4.61038 0.000827661
1.22016 0.000614054 1.349 0.00042418 5.27716 0.000947363
1.25345 0.000630809 1.26416 0.000397502 5.89798 0.00105881
1.29412 0.000651276 1.18534 0.000372719 6.46172 0.00116002
1.34294 0.000675846 1.1177 0.000351449 6.95435 0.00124845
1.40156 0.000705347 1.05857 0.000332859 7.12893 0.0012798
1.46924 0.000739409 1.01708 0.000319811 7.15941 0.00128527
1.54573 0.000777904 1.00546 0.000316157 7.14882 0.00128336
1.62993 0.000820278 1.01986 0.000320687 7.13077 0.00128012
1.72215 0.000866686 1.06283 0.000334198 7.14062 0.00128189
1.82166 0.000916768 1.13578 0.000357135 7.13667 0.00128118
1.92812 0.000970342 1.23747 0.00038911 7.04435 0.00126461
2.04142 0.00102736 1.36804 0.000430167 6.84513 0.00122885
2.16142 0.00108775 1.52405 0.000479224 6.55344 0.00117648
2.28764 0.00115127 1.7014 0.000534989 6.19623 0.00111236
2.41936 0.00121756 1.89672 0.000596406 5.79129 0.00103966
2.55567 0.00128616 2.10667 0.000662424 5.34044 0.000958723
2.6954 0.00135648 2.3269 0.000731672 4.84227 0.00086929
2.83714 0.00142781 2.5521 0.000802486 4.30637 0.000773084
2.97927 0.00149934 2.77698 0.000873197 3.75348 0.00067383
3.11996 0.00157014 2.99669 0.000942282 3.20439 0.000575257
3.2572 0.00163921 3.2067 0.00100832 2.67137 0.000479568
3.38891 0.0017055 3.4026 0.00106992 2.16033 0.000387826
3.51305 0.00176797 3.58025 0.00112578 1.67857 0.00030134
8.93253 0.687948 1.96224 0.000617009 2.23337 0.000400938
8.93253 0.715281 2.71227 0.000852849 1.12988 0.000202838
4.34521 0.729302 2.65947 0.000836248 0.874389 0.000156971
4.86449 0.729563 2.65998 0.000836406 0.660697 0.000118609
-0.0645211 0.725682 44.0093 0.189516 -0.855153 -0.000153518
8.93253 0.747307 26.3737 0.216045 -0.499392 -8.96515e-05
7.64313 0.75094 9.18143 0.230526 -0.886066 -0.000159068
8.93253 0.753669 6.01817 0.229532 -1.1263 -0.000202195
8.93253 0.775592 8.48417 0.230307 -1.32956 -0.000238685
8.93253 0.79587 8.93253 0.237378 -1.34218 -0.00024095
8.93253 0.802792 8.93253 0.246539 -1.24511 -0.000223523
8.93253 0.81054 8.93253 0.250637 -1.1773 -0.00021135
8.93253 0.825522 8.93253 0.251805 -1.12931 -0.000202735
8.93253 0.840067 8.93253 0.253193 -0.983961 -0.000176642
8.93253 0.848941 8.93253 0.257458 -0.714746 -0.000128312
8.93253 0.856532 8.93253 0.262619 -0.388524 -6.97483e-05
8.93253 0.865776 8.93253 0.266949 -0.0764636 -1.37268e-05
8.93253 0.874281 8.93253 0.269408 0.249481 4.47872e-05
8.93253 0.880094 8.93253 0.271673 0.637619 0.000114466
8.93253 0.884142 8.93253 0.276085 1.08407 0.000194614
8.93253 0.887535 8.93253 0.282398 1.54972 0.000278207
8.93253 0.890101 8.93253 0.288881 2.01031 0.000360894
8.93253 0.891661 8.93253 0.294932 2.4718 0.00044374
8.93253 0.892819 8.93253 0.301363 2.95189 0.000529927
8.93253 0.893653 8.93253 0.309405 3.44616 0.000618659
8.93253 0.894218 8.93253 0.318672 3.93765 0.000706892
8.93253 0.894675 8.93253 0.328559 4.40891 0.000791492
8.93253 0.895529 8.93253 0.338091 4.86263 0.000872945
8.93253 0.896779 8.93253 0.348654 5.29674 0.000950878
8.93253 0.898106 8.93253 0.360677 5.71494 0.00102595
8.93253 0.899483 8.93253 0.373758 6.10905 0.00109671
8.93253 0.900793 8.93253 0.387451 6.47057 0.0011616
8.93253 0.902789 8.93253 0.40018 6.80349 0.00122137
8.93253 0.905326 8.93253 0.413386 6.93003 0.00124409
8.93253 0.908287 8.93253 0.427272 6.94669 0.00124708
8.93253 0.911462 8.93253 0.442357 6.93659 0.00124527
8.93253 0.914848 8.93253 0.458013 6.92116 0.00124249
8.93253 0.918373 8.93253 0.473495 6.92396 0.001243
8.93253 0.922374 8.93253 0.487128 6.9434 0.00124649
8.93253 0.926274 8.93253 0.499838 6.9606 0.00124958
8.93253 0.930036 8.93253 0.512637 6.95649 0.00124884
8.93253 0.933549 8.93253 0.52633 6.93261 0.00124455
8.93253 0.937118 8.93253 0.540175 6.91995 0.00124228
8.93253 0.940473 8.93253 0.553781 6.92193 0.00124263
8.93253 0.943581 8.93253 0.566847 6.92434 0.00124307
8.93253 0.946654 8.93253 0.579392 6.91759 0.00124185
8.93253 0.949729 8.93253 0.591161 6.90479 0.00123956
8.93253 0.952671 8.93253 0.601787 6.89281 0.00123741
8.93253 0.955189 8.93253 0.611649 6.88466 0.00123594
8.93253 0.95733 8.93253 0.62069 6.88197 0.00123546
8.93253 0.958889 8.93253 0.628926 6.88104 0.00123529
8.93253 0.959647 8.93253 0.636302 6.87823 0.00123479
8.84431 0.959656 8.93253 0.642747 6.87368 0.00123397
8.48078 0.959473 8.93253 0.648089 6.87085 0.00123346
7.7707 0.959115 8.93253 0.652253 6.87192 0.00123366
6.68536 0.958569 8.93253 0.655177 6.87754 0.00123467
5.20491 0.957824 8.93253 0.656822 6.88535 0.00123607
3.31958 0.956875 8.8835 0.65719 6.89324 0.00123748
0.950276 0.955683 7.94193 0.656894 6.89963 0.00123863
-0.0464096 0.953858 6.09636 0.656314 6.90829 0.00124019
-0.203437 0.949301 3.61161 0.655533 6.91864 0.00124204
-0.494983 0.94084 0.499162 0.654554 6.93082 0.00124423
-0.856249 0.930357 -0.0919304 0.652572 6.94516 0.0012468
-1.21766 0.919869 -0.350761 0.647434 6.9629 0.00124999
-1.56735 0.909721 -0.723198 0.640041 6.97742 0.00125259
-1.90899 0.899807 -1.15449 0.63148 6.99151 0.00125512
-2.2341 0.890372 -1.6366 0.62191 7.00941 0.00125834
-2.53805 0.881552 -2.16077 0.611505 7.02983 0.001262
-2.81561 0.873497 -2.74987 0.599811 7.04961 0.00126556
-3.06611 0.866228 -3.39703 0.586965 7.06549 0.00126841
-3.2919 0.859676 -4.08618 0.573285 7.0793 0.00127089
-3.4971 0.853721 -4.78445 0.559424 7.09194 0.00127315
-3.68473 0.848276 -5.47788 0.545659 7.09736 0.00127413
-3.8574 0.843265 -6.16153 0.532088 7.07086 0.00126937
-4.01748 0.83862 -6.82815 0.518855 7.00115 0.00125686
-4.16841 0.83424 -7.46658 0.506182 6.8849 0.00123599
-4.31544 0.829973 -8.06551 0.494293 6.72237 0.00120681
-4.46526 0.825625 -8.61604 0.483365 6.5146 0.00116951
-4.62499 0.82099 -9.11241 0.473512 6.26122 0.00112402
-4.80142 0.81587 -9.55041 0.464817 5.96155 0.00107022
-5.00049 0.810093 -9.92701 0.457342 5.61693 0.00100836
-5.22655 0.803533 -10.2415 0.4511 5.2314 0.000939148
-5.48224 0.796113 -10.4964 0.44604 4.8107 0.000863623
-5.77039 0.787751 -10.6972 0.442052 4.36095 0.000782883
-6.0942 0.778355 -10.851 0.439001 3.88831 0.000698034
-6.45027 0.768022 -10.9678 0.436682 3.4002 0.000610408
-6.83699 0.756799 -11.0571 0.434909 2.90438 0.000521398
-7.25073 0.744793 -11.1307 0.433447 2.40989 0.000432627
-7.68611 0.732158 -11.2045 0.431983 1.92562 0.00034569
-8.13724 0.719067 -11.2926 0.430235 1.46026 0.000262147
-8.59945 0.705654 -11.4078 0.427946 1.02161 0.000183401
-9.07012 0.691995 -11.5615 0.424896 0.616761 0.000110722
-9.54842 0.678115 -11.763 0.420897 0.252031 4.52449e-05
-10.0359 0.663969 -12.0171 0.415852 -0.0397296 -7.13232e-06
-10.536 0.649456 -12.3229 0.409781 -0.240609 -4.31945e-05
-11.0507 0.63452 -12.6884 0.402526 -0.380637 -6.83325e-05
-11.574 0.619333 -13.1243 0.393875 -0.477106 -8.56507e-05
-12.0759 0.604768 -13.6438 0.383561 -0.539335 -9.68221e-05
-12.6163 0.589088 -14.2135 0.372252 -0.580833 -0.000104272
-13.1804 0.572719 -14.8418 0.35978 -0.592209 -0.000106314
-13.7658 0.555731 -15.5205 0.346308 -0.561913 -0.000100875
-14.3654 0.53833 -16.2464 0.331899 -0.485477 -8.71535e-05
-14.9814 0.520453 -17.0109 0.316722 -0.370671 -6.65434e-05
-15.6156 0.502049 -17.8044 0.300971 -0.226091 -4.05881e-05
-16.266 0.483174 -18.617 0.284841 -0.059617 -1.07025e-05
-16.9315 0.463862 -19.439 0.268524 0.120299 2.15962e-05
-17.6106 0.444157 -20.2602 0.252222 0.311255 5.5877e-05
-18.3018 0.424098 -21.0717 0.236115 0.507869 9.11733e-05
-19.0048 0.403696 -21.8618 0.22043 0.701352 0.000125908
-19.7197 0.382952 -22.6205 0.20537 0.884521 0.00015879
-20.4472 0.36184 -23.3382 0.191124 1.05114 0.000188702
-21.1886 0.340325 -24.0066 0.177856 1.19656 0.000214807
-21.9253 0.318945 -24.6204 0.165672 1.31623 0.000236292
-22.6596 0.297637 -25.1616 0.154928 1.40343 0.000251945
-23.4002 0.276145 -25.6366 0.145499 1.45766 0.00026168
-24.157 0.254182 -26.0374 0.137543 1.47622 0.000265013
-24.8949 0.23277 -26.3758 0.130825 1.46202 0.000262464
-25.5399 0.214052 -26.6995 0.124401 1.42003 0.000254925
-26.2001 0.194893 -26.9508 0.119413 1.33073 0.000238894
-26.8475 0.176107 -27.1637 0.115185 1.20869 0.000216986
-27.4872 0.157542 -27.3268 0.111949 1.05087 0.000188654
-28.1113 0.139431 -27.4521 0.109462 0.862126 0.00015477
-28.7178 0.121833 -27.5492 0.107534 0.645652 0.000115908
-29.3033 0.10484 -27.6289 0.105951 0.406332 7.29453e-05
-29.8641 0.0885663 -27.6981 0.104578 0.171717 3.08269e-05
-30.3908 0.0732836 -27.7607 0.103335 -0.0294288 -5.2831e-06
-30.8751 0.0592293 -27.8308 0.101944 -0.213174 -3.82692e-05
-31.3311 0.0459947 -27.9186 0.100201 -0.392322 -7.04301e-05
-31.7635 0.0334486 -28.0289 0.0980115 -0.572856 -0.00010284
-32.1745 0.0215218 -28.1667 0.0952754 -0.757566 -0.000135999
-32.5689 0.0100742 -28.3344 0.0919478 -0.942571 -0.000169211
-32.8713 0.00129877 -28.5453 0.0877597 -1.11918 -0.000200917
-32.8867 0.000852707 -28.8888 0.0809418 -1.26583 -0.000227243
-32.8947 0.000619958 -29.2367 0.0740362 -1.41954 -0.000254837
-32.9004 0.000456009 -29.6163 0.0665004 -1.55956 -0.000279975
-32.9049 0.000325892 -29.9712 0.0594558 -1.69592 -0.000304454
-32.9084 0.00022199 -30.3492 0.0519525 -1.82144 -0.000326987
-32.9115 0.000132212 -30.7563 0.0438718 -1.93729 -0.000347785
-32.9143 5.08354e-05 -31.2 0.0350642 -2.04248 -0.000366669
-32.9169 -2.35355e-05 -31.6733 0.0256687 -2.13806 -0.000383828
-32.9193 -9.21196e-05 -32.1684 0.0158396 -2.2252 -0.000399471
-32.9215 -0.000156494 -32.6887 0.00551129 -2.30424 -0.000413661
-32.9239 -0.000225792 -32.9348 0.000626664 -2.39797 -0.000430486
-32.9261 -0.000290725 -32.9513 0.000299631 -2.49555 -0.000448004
-32.9282 -0.000352787 -32.9601 0.000124245 -2.58119 -0.000463379
-32.9303 -0.000413192 -32.9667 -6.79716e-06 -2.66699 -0.000478782
-32.9323 -0.000470351 -32.9721 -0.000114116 -2.76143 -0.000495735
-32.9341 -0.000523661 -32.9766 -0.000203455 -2.85688 -0.00051287
-32.9359 -0.000574351 -32.9805 -0.000279293 -2.94809 -0.000529245
-32.9375 -0.000622756 -32.9838 -0.000346159 -3.04035 -0.000545807
-32.9391 -0.000668095 -32.9869 -0.00040687 -3.14134 -0.000563937
-32.9413 -0.000731203 -32.8784 -0.000396311 -3.30428 -0.000593189
-32.4229 -0.000470297 -32.0836 -0.000146408 -3.57467 -0.00064173
-32.2137 -0.000365018 -31.8304 -6.67844e-05 -3.78629 -0.000679719
-32.6308 -0.000574925 -32.5618 -0.00029677 -3.74544 -0.000672386
-32.9289 -0.000724958 -32.9905 -0.000478098 -3.72807 -0.000669267
-32.8931 -0.000711558 -32.9699 -0.000496075 -3.83292 -0.000688091
-32.7867 -0.000657999 -32.895 -0.000472539 -3.93564 -0.000706532
-32.8774 -0.000703653 -32.9933 -0.000534655 -3.94562 -0.000708322
-32.9436 -0.000797822 -32.9985 -0.000637729 -3.91014 -0.000701954
-32.9447 -0.000830541 -33.0014 -0.000695917 -3.9321 -0.000705896
-32.939 -0.000827669 -33.0028 -0.000722837 -3.97264 -0.000713174
-32.945 -0.000840437 -33.0045 -0.000755837 -3.98154 -0.000714771
-32.9459 -0.000864825 -33.0067 -0.000800107 -3.98084 -0.000714645
-32.9469 -0.000892812 -33.0091 -0.000848512 -3.982 -0.000714855
-32.9473 -0.000906961 -33.0109 -0.000884027 -4.0054 -0.000719054
-32.9458 -0.000907137 -33.012 -0.000904519 -4.03746 -0.000724811
-32.9474 -0.000908843 -33.0128 -0.000921477 -4.06719 -0.000730147
-32.9477 -0.000918651 -33.0138 -0.000941148 -4.09674 -0.000735453
-32.9481 -0.000928402 -33.0146 -0.000957286 -4.13691 -0.000742664
-32.9469 -0.000929299 -33.0149 -0.00096219 -4.19184 -0.000752524
-32.9409 -0.000926302 -33.0018 -0.000958076 -4.25464 -0.000763798
-32.937 -0.000924308 -32.9727 -0.000948936 -4.31893 -0.000775341
-32.9338 -0.000922711 -32.9278 -0.000934829 -4.38859 -0.000787846
-32.922 -0.000916788 -32.8585 -0.000913032 -4.46551 -0.000801655
-32.9045 -0.000907955 -32.7685 -0.000884724 -4.54551 -0.000816017
-32.887 -0.000899146 -32.6648 -0.000852133 -4.62212 -0.000829769
-32.8597 -0.000885426 -32.5524 -0.000816777 -4.69345 -0.000842575
-32.8277 -0.000869292 -32.433 -0.000779221 -4.75822 -0.000854201
-32.7976 -0.00085417 -32.3116 -0.000741062 -4.81348 -0.000864122
-32.7703 -0.000840416 -32.1891 -0.000702534 -4.85592 -0.000871741
-32.7421 -0.000826226 -32.0611 -0.000662298 -4.8845 -0.000876871
-32.7118 -0.000810961 -31.9279 -0.000620398 -4.89801 -0.000879298
-32.6823 -0.000796135 -31.7958 -0.00057886 -4.8887 -0.000877626
-32.6562 -0.000782988 -31.6703 -0.000539417 -4.84819 -0.000870353
-32.6325 -0.000771063 -31.5525 -0.000502355 -4.77372 -0.000856984
-32.6093 -0.000759417 -31.4414 -0.000467422 -4.66475 -0.000837421
-32.5869 -0.000748127 -31.339 -0.000435231 -4.52099 -0.000811613
-32.5668 -0.000738022 -31.2494 -0.000407043 -4.34228 -0.000779531
-32.5477 -0.000728416 -31.1754 -0.000383797 -4.12912 -0.000741265
-32.5281 -0.000718529 -31.1172 -0.000365496 -3.88319 -0.000697116
-32.5074 -0.00070811 -31.0739 -0.000351878 -3.60715 -0.00064756
-32.4861 -0.000697423 -31.0455 -0.000342953 -3.30426 -0.000593185
-32.4652 -0.000686888 -31.032 -0.000338688 -2.97861 -0.000534724
-32.4449 -0.000676646 -31.0316 -0.000338564 -2.63503 -0.000473044
-32.4249 -0.000666594 -31.0414 -0.000341662 -2.27878 -0.000409089
-32.4056 -0.000656866 -31.0594 -0.000347304 -1.91504 -0.00034379
-32.3877 -0.000647861 -31.0836 -0.000354915 -1.54928 -0.000278129
-32.3706 -0.00063925 -31.1108 -0.000363471 -1.18778 -0.000213232
-32.3532 -0.000630526 -31.1378 -0.000371955 -0.836691 -0.000150204
-32.335 -0.000621373 -31.1622 -0.000379648 -0.501602 -9.00482e-05
-32.3152 -0.000611408 -31.1823 -0.000385951 -0.187688 -3.36941e-05
-32.2925 -0.000599985 -31.1957 -0.000390187 0.100047 1.79605e-05
-32.2652 -0.000586228 -31.2031 -0.000392504 0.293969 5.27736e-05
-32.2324 -0.000569713 -31.2003 -0.000391629 0.451723 8.10938e-05
-32.1925 -0.000549628 -31.1868 -0.000387379 0.580342 0.000104184
-32.1473 -0.000526874 -31.168 -0.00038146 0.686386 0.000123221
-32.097 -0.000501576 -31.1435 -0.000373753 0.770669 0.000138351
-32.0359 -0.000470812 -31.1063 -0.000362056 0.825879 0.000148263
-31.9618 -0.000433544 -31.0543 -0.000345696 0.846955 0.000152046
-31.8757 -0.00039019 -30.9898 -0.000325429 0.830515 0.000149095
-31.7776 -0.000340839 -30.9154 -0.000302036 0.774639 0.000139064
-31.6659 -0.000284616 -30.8285 -0.000274699 0.681007 0.000122255
-31.5336 -0.000218051 -30.7244 -0.000241979 0.549893 9.87174e-05
-31.3792 -0.000140364 -30.6051 -0.000204472 0.383393 6.88272e-05
-31.1995 -4.99154e-05 -30.4714 -0.000162418 0.190619 3.42201e-05
-30.9844 5.83188e-05 -30.3189 -0.000114457 -0.00629536 -1.13015e-06
-30.7145 0.000194181 -30.1423 -5.89283e-05 -0.213364 -3.83034e-05
-30.3473 0.00037899 -29.9357 6.03899e-06 -0.43356 -7.78333e-05
-29.7611 0.000673991 -29.6921 8.26094e-05 -0.665895 -0.000119542
-28.2859 0.0014164 -29.4011 0.000174113 -0.908548 -0.000163104
-22.7175 0.00421872 -29.0497 0.000284606 -1.15494 -0.000207336
-15.7747 0.00771275 -28.5703 0.000435364 -1.40124 -0.000251552
-8.8756 0.0111848 -27.8359 0.000666286 -1.64054 -0.000294512
-2.13997 0.0145746 -26.4279 0.00110903 -1.86897 -0.00033552
0.0274019 0.0185475 -23.1895 0.00212731 -2.08479 -0.000374263
0.0903575 0.0252011 -18.6078 0.00356798 -2.28179 -0.00040963
0.195484 0.0363115 -12.9021 0.00536209 -2.45722 -0.000441123
0.344099 0.0520181 -7.90336 0.00693389 -2.60317 -0.000467324
0.517282 0.0703213 -3.52662 0.00831012 -2.7193 -0.000488173
0.696997 0.0893147 0.00139567 0.00952025 -2.80361 -0.000503307
0.869432 0.107539 0.0209538 0.0109386 -2.85768 -0.000513014
1.03292 0.124817 0.0449981 0.0126823 -2.88196 -0.000517373
1.19779 0.142241 0.0725878 0.0146831 -2.87176 -0.000515543
1.35836 0.159212 0.102919 0.0168827 -2.82357 -0.000506891
1.51335 0.175593 0.134769 0.0191924 -2.73681 -0.000491316
1.66362 0.191474 0.163496 0.0212758 -2.61145 -0.000468811
1.80981 0.206924 0.193543 0.0234547 -2.45361 -0.000440475
1.95594 0.222368 0.221553 0.025486 -2.26207 -0.00040609
2.10016 0.23761 0.252079 0.0276998 -2.04238 -0.000366651
2.24266 0.25267 0.28298 0.0299407 -1.79479 -0.000322204
2.38424 0.267634 0.314681 0.0322397 -1.52435 -0.000273653
2.52536 0.282548 0.349752 0.034783 -1.23683 -0.000222037
2.67217 0.298064 0.399792 0.038412 -0.945676 -0.000169769
2.83509 0.315282 0.467011 0.0432867 -0.650625 -0.000116801
2.99267 0.331937 0.537616 0.0484069 -0.343787 -6.17171e-05
3.14403 0.347933 0.615748 0.054073 -0.0346298 -6.21678e-06
3.30247 0.364678 0.703985 0.060472 0.183566 3.2954e-05
3.47071 0.382458 0.8048 0.0677831 0.387291 6.95269e-05
3.64025 0.400377 0.91942 0.0760953 0.579995 0.000104121
3.8119 0.418518 1.04587 0.0852657 0.770336 0.000138292
3.99034 0.437376 1.18646 0.0954614 0.956895 0.000171783
4.17625 0.457025 1.34224 0.106758 1.13437 0.000203643
4.36744 0.477231 1.51237 0.119096 1.29836 0.000233082
4.5639 0.497994 1.69687 0.132476 1.44774 0.0002599
4.76731 0.519492 1.89577 0.1469 1.58541 0.000284615
4.97766 0.541723 2.10847 0.162325 1.71496 0.000307871
5.19355 0.56454 2.33407 0.178685 1.83706 0.000329792
5.41429 0.587869 2.57204 0.195943 1.94987 0.000350042
5.63961 0.611683 2.82195 0.214067 2.05236 0.000368442
5.86851 0.635874 3.08281 0.232984 2.14666 0.000385371
6.09856 0.660187 3.35375 0.252633 2.2362 0.000401446
6.32909 0.684551 3.63338 0.272912 2.32403 0.000417213
6.56033 0.70899 3.92001 0.293698 2.41137 0.000432892
6.79238 0.733515 4.21162 0.314845 2.4991 0.000448642
7.02498 0.758097 4.5061 0.336201 2.58916 0.000464809
7.25738 0.782658 4.80166 0.357635 2.68454 0.000481931
7.48825 0.807059 5.09699 0.379052 2.7881 0.000500522
7.71576 0.831104 5.39099 0.400373 2.90164 0.000520906
7.93813 0.854605 5.68248 0.421512 3.02618 0.000543264
8.15423 0.877444 5.97007 0.442368 3.16284 0.000567798
8.36358 0.89957 6.25223 0.46283 3.31326 0.000594801
8.56606 0.920969 6.5274 0.482786 3.47924 0.000624598
8.76175 0.941651 6.79407 0.502124 3.66211 0.000657426
8.93253 0.961671 7.0508 0.520742 3.86243 0.000693388
8.93253 0.981715 7.29489 0.538444 4.08134 0.000732688
8.93253 1.00131 7.52666 0.555252 4.31708 0.000775007
8.93253 1.02036 7.74527 0.571105 4.57031 0.000820468
8.93253 1.03853 7.94985 0.585942 4.84066 0.000869002
8.93253 1.05477 8.13449 0.599332 5.12909 0.000920781
8.93253 1.07075 8.29744 0.611149 5.43237 0.000975226
8.93253 1.08532 8.46133 0.623034 5.73802 0.0010301
8.93253 1.09973 8.61331 0.634056 6.05538 0.00108707
8.93253 1.11383 8.7552 0.644346 6.37518 0.00114448
8.93253 1.12783 8.87392 0.652955 6.69063 0.00120111
8.93253 1.14142 8.93253 0.660719 6.9931 0.00125541
8.93253 1.15463 8.93253 0.668016 7.06832 0.00126891
8.93253 1.16783 8.93253 0.675046 7.08793 0.00127244
8.93253 1.18041 8.93253 0.682495 7.09476 0.00127366
8.93253 1.19238 8.93253 0.690131 7.11097 0.00127657
8.93253 1.20369 8.93253 0.69794 7.1445 0.00128259
8.93253 1.21472 8.93253 0.706059 7.18398 0.00128968
8.93253 1.22542 8.93253 0.714643 7.21477 0.0012952
8.93253 1.23562 8.93253 0.723632 7.22909 0.00129777
8.93253 1.2454 8.93253 0.733008 7.23359 0.00129858
8.93253 1.25485 8.93253 0.742849 7.24217 0.00130012
8.93253 1.2637 8.93253 0.753271 7.25933 0.0013032
8.93253 1.27184 8.93253 0.764245 7.27696 0.00130637
8.93253 1.27929 8.93253 0.775766 7.28494 0.0013078
8.93253 1.28614 8.93253 0.787741 7.28297 0.00130745
8.93253 1.29242 8.93253 0.799754 7.27924 0.00130678
8.93253 1.29798 8.93253 0.812049 7.27792 0.00130654
8.93253 1.30285 8.93253 0.82459 7.27934 0.0013068
8.93253 1.30709 8.93253 0.837308 7.279 0.00130674
8.93253 1.31069 8.93253 0.850048 7.27387 0.00130581
8.93253 1.31372 8.93253 0.862638 7.26521 0.00130426
8.93253 1.31683 8.93253 0.877941 7.25549 0.00130252
8.93253 1.31943 8.93253 0.892499 7.25036 0.00130159
8.93253 1.32168 8.93253 0.906004 7.24677 0.00130095
8.93253 1.32347 8.93253 0.918172 7.24076 0.00129987
8.93253 1.32428 8.93253 0.928651 7.23428 0.00129871
8.93253 1.32511 8.93253 0.937665 7.23302 0.00129848
8.93253 1.3256 8.93253 0.945349 7.23888 0.00129953
8.72369 1.32549 8.93253 0.951556 7.24633 0.00130087
8.27608 1.32526 8.93253 0.956215 7.249 0.00130135
7.57717 1.32491 8.93253 0.959262 7.25662 0.00130272
6.48541 1.32436 8.93253 0.960653 7.27427 0.00130589
4.87852 1.32356 8.61441 0.960669 7.29204 0.00130908
2.57328 1.32239 7.25006 0.96024 7.30633 0.00131164
-0.00701519 1.32082 4.7815 0.959464 7.32159 0.00131438
-0.109843 1.31671 1.59784 0.958463 7.33969 0.00131763
-0.36337 1.30659 -0.0290817 0.95712 7.35824 0.00132096
-0.706503 1.29288 -0.153354 0.953527 7.37896 0.00132468
-0.929486 1.28397 -0.844943 0.933531 34.6839 0.156495
-1.40799 1.26486 -0.0304229 0.928803 35.6043 0.17399
-1.75182 1.25113 -0.500627 0.915606 7.12096 0.206496
-2.20425 1.23306 -0.867874 0.905298 6.69665 0.207749
-2.66764 1.21455 -1.2461 0.894682 7.12096 0.209618
-3.10854 1.19694 -1.68472 0.882371 7.12096 0.233354
-3.5499 1.17931 -2.18645 0.868288 7.12096 0.252133
-4.00113 1.16128 -2.67999 0.854436 7.12096 0.259947
-4.45178 1.14328 -3.15324 0.841152 7.12096 0.262486
-4.91016 1.12498 -3.62025 0.828045 7.12096 0.268276
-5.3618 1.10694 -4.10518 0.814434 7.12096 0.279425
-5.8082 1.08911 -4.57273 0.80131 7.12096 0.287725
-6.25539 1.07124 -4.99361 0.789497 6.55697 0.288547
-6.69406 1.05372 -5.39068 0.778352 5.14999 0.288294
-7.12335 1.03657 -5.76279 0.767908 3.8819 0.288066
-7.54237 1.01984 -6.1086 0.758202 2.20959 0.287766
-7.95395 1.0034 -6.42584 0.749297 -0.0204377 0.287146
-8.36282 0.987067 -6.71077 0.7413 -0.213424 0.285034
-8.77283 0.97069 -6.96611 0.734133 -0.517279 0.28171
-9.1879 0.954111 -7.20024 0.727562 -0.838947 0.278191
-9.61343 0.937114 -7.41309 0.721587 -1.2788 0.273378
-10.0525 0.919576 -7.60088 0.716317 -1.87613 0.266843
-10.4992 0.901734 -7.78306 0.711203 -2.69836 0.257847
-10.9496 0.883743 -7.97244 0.705888 -3.55747 0.248447
-11.399 0.865793 -8.18037 0.700052 -4.3896 0.239343
-11.8001 0.849772 -8.43692 0.692851 -5.23961 0.230043
-12.1832 0.834473 -8.73448 0.684499 -6.12724 0.220332
-12.5541 0.819655 -9.07508 0.674939 -6.99384 0.21085
-12.9354 0.804428 -9.453 0.664332 -7.79521 0.202082
-13.332 0.788585 -9.87032 0.652618 -8.53559 0.193982
-13.7474 0.771994 -10.3226 0.639923 -9.20652 0.186641
-14.1927 0.754208 -10.8072 0.626321 -9.83501 0.179765
-14.6742 0.734975 -11.32 0.611928 -10.3948 0.173641
-15.1932 0.714244 -11.8555 0.5969 -10.9159 0.167939
-15.7463 0.692152 -12.4068 0.581425 -11.412 0.162512
-16.3251 0.669034 -12.9704 0.565605 -11.8864 0.157321
-16.9396 0.644489 -13.5582 0.549107 -12.3256 0.152516
-17.582 0.618828 -14.1693 0.531955 -12.7267 0.148127
-18.2342 0.59278 -14.7933 0.51444 -13.0736 0.144331
-18.8751 0.567177 -15.4074 0.497203 -13.3764 0.141019
-19.4787 0.54307 -16.0018 0.48052 -13.6751 0.137751
-20.0549 0.520055 -16.5849 0.464155 -13.9652 0.134576
-20.6157 0.497656 -17.1916 0.447126 -14.2308 0.131671
-21.175 0.475313 -17.8364 0.429027 -14.4662 0.129095
-21.7173 0.453656 -18.4764 0.411063 -14.6809 0.126747
-22.2197 0.433587 -19.1227 0.392925 -14.8732 0.124643
-22.6965 0.414544 -19.7828 0.374395 -15.0573 0.122628
-23.136 0.396987 -20.4669 0.355195 -15.2395 0.120635
-23.5434 0.380716 -21.1665 0.335559 -15.4198 0.118662
-23.9166 0.365807 -21.8677 0.315876 -15.6074 0.116609
-24.2527 0.352384 -22.5657 0.296287 -15.8128 0.114362
-24.5568 0.340238 -23.2541 0.276962 -16.0475 0.111794
-24.8314 0.329267 -23.9252 0.258127 -16.3152 0.108865
-25.0817 0.319271 -24.5665 0.240128 -16.6208 0.105522
-25.3121 0.310068 -25.1673 0.223265 -16.9732 0.101666
-25.5305 0.301345 -25.7192 0.207775 -17.3804 0.0972105
-25.7464 0.292719 -26.2139 0.193888 -17.8471 0.0921047
-25.9679 0.283874 -26.6442 0.181811 -18.3736 0.0863441
-26.1971 0.274719 -27.0066 0.171638 -18.9586 0.0799435
-26.436 0.265178 -27.3035 0.163305 -19.5977 0.0729521
-26.6811 0.255387 -27.5432 0.156578 -20.2733 0.0655601
-26.9334 0.24531 -27.7355 0.151182 -20.9124 0.0585672
-27.1822 0.23537 -27.8823 0.147061 -21.5453 0.051643
-27.4209 0.225839 -27.9912 0.144003 -22.1916 0.044572
-27.6508 0.216654 -28.0732 0.141702 -22.8499 0.0373694
-27.8328 0.209385 -28.1574 0.139339 -23.4019 0.0313303
-27.9915 0.203045 -28.248 0.136794 -23.4288 0.0310361
-28.1405 0.197096 -28.3301 0.13449 -22.2014 0.0312564
-28.2827 0.191416 -28.4137 0.132144 -20.5665 0.0315499
-28.4177 0.186023 -28.5085 0.129483 -18.0794 0.0319964
-28.5451 0.180934 -28.6172 0.126431 -15.2142 0.0325108
-28.6622 0.176258 -28.744 0.122873 -11.4884 0.0331796
-28.7667 0.172084 -28.8944 0.118652 -7.16235 0.0339563
-28.8572 0.168467 -29.074 0.113611 -3.30472 0.0346488
-28.928 0.165641 -29.286 0.10766 -0.561927 0.0351412
-28.9793 0.163593 -29.5311 0.100782 0.00552737 0.0354387
-29.0183 0.162033 -29.8026 0.0931622 0.0100825 0.0356008
-29.049 0.160808 -30.092 0.0850392 0.0122597 0.0356783
-29.0764 0.159712 -30.3889 0.0767043 0.000932197 0.0356772
-29.1074 0.158474 -30.6835 0.0684359 -0.0089801 0.0356634
-29.1498 0.15678 -30.965 0.0605339 -0.0265322 0.0356368
-29.2113 0.154325 -31.2209 0.0533527 -0.0468823 0.035606
-29.3038 0.15063 -31.4409 0.0471767 -0.0687452 0.0355729
-29.431 0.145549 -31.6143 0.0423117 -0.0921678 0.0355374
-29.5968 0.138927 -31.7346 0.0389336 -0.115089 0.0355026
-29.8026 0.130707 -31.7999 0.0371 -0.133518 0.0354747
-30.046 0.120983 -31.7121 0.0367763 -0.152097 0.0354465
-30.3178 0.110127 -30.7481 0.0370794 -0.173762 0.0354137
-30.6139 0.0982993 -28.9119 0.0376568 -0.183077 0.0353996
-30.9306 0.0856518 -26.3498 0.0384624 -0.0441471 0.0354245
-31.2602 0.0724839 -23.2077 0.0394504 0.00342983 0.0355544
-31.6018 0.0588404 -19.7596 0.0405346 0.0180021 0.0360726
-31.9003 0.0469193 -16.9051 0.0414322 0.0969663 0.0388805
-32.1807 0.0357185 -14.0176 0.0423401 0.204866 0.0427173
-32.4437 0.0252126 -11.6606 0.0430813 0.31531 0.0466446
-32.7217 0.0141109 -9.88229 0.0436405 0.425976 0.0505798
-32.9925 0.00329358 -8.45193 0.0440902 0.535597 0.0544779
-33.0487 0.00104742 -8.43656 0.0440951 0.647311 0.0584503
-33.0563 0.000743937 -8.43393 0.0440959 0.744705 0.0619135
-33.0609 0.000562665 -9.13349 0.0438759 0.837301 0.0652062
-33.0643 0.0004262 -10.7349 0.0433724 0.929153 0.0684724
-33.0669 0.000322296 -12.8786 0.0426983 1.01984 0.071697
-33.0689 0.000242043 -15.2926 0.0419392 1.10568 0.0747494
-33.0706 0.000173383 -18.1014 0.041056 1.18348 0.077516
-33.0722 0.000110171 -21.4505 0.0400029 1.25034 0.0798933
-33.0737 5.08901e-05 -25.2433 0.0388103 1.30443 0.0818168
-33.0751 -4.10986e-06 -29.2408 0.0375534 1.34582 0.0832888
-33.0763 -5.52724e-05 -31.8671 0.0352159 1.37695 0.0843956
-33.0775 -0.000102557 -32.0974 0.028752 1.40568 0.0854173
-33.0788 -0.000152506 -32.3501 0.0216575 1.41395 0.0857114
-33.08 -0.000202459 -32.6038 0.0145365 0.915787 0.085622
-33.0813 -0.000252063 -32.8471 0.00770868 -0.0283955 0.0853616
-33.0825 -0.000302621 -33.0654 0.00158054 -0.22303 0.0847038
-33.084 -0.000360301 -33.0932 0.000800633 -0.717874 0.0830313
-33.0854 -0.000415795 -33.1015 0.000568362 -1.34121 0.0809246
-33.0867 -0.000468946 -33.1068 0.000417995 -2.09398 0.0783804
-33.088 -0.000521836 -33.1112 0.000294595 -2.96545 0.0754351
-33.0893 -0.000573228 -33.1149 0.000191017 -4.00078 0.0719359
-33.0905 -0.000622085 -33.1181 0.000101536 -5.21342 0.0678375
-33.0917 -0.00066797 -33.121 2.01622e-05 -6.55509 0.063303
-33.0928 -0.000711487 -33.1237 -5.64711e-05 -8.00173 0.0584137
-33.0938 -0.000753292 -33.1263 -0.000129135 -9.52256 0.0532737
-33.0948 -0.000793098 -33.1288 -0.000198235 -11.122 0.0478679
-33.0958 -0.000831031 -33.1312 -0.000265005 -12.8198 0.0421298
-33.0967 -0.000867274 -33.1335 -0.000330004 -14.5656 0.0362296
-33.0975 -0.000901309 -33.1358 -0.000394432 -14.8513 0.035264
-33.0983 -0.000933362 -33.138 -0.000456258 -14.7201 0.0352656
-33.0991 -0.000963066 -33.1401 -0.000516755 -13.9086 0.0354112
-33.0997 -0.000989965 -33.1423 -0.000575904 -12.8239 0.035606
-33.1003 -0.00101415 -33.1443 -0.000632331 -11.827 0.0357849
-33.1009 -0.00103546 -33.1462 -0.000685831 -8.95505 0.0363005
-33.1013 -0.00105424 -33.148 -0.0007363 -0.0268659 0.0379033
-33.1018 -0.00107195 -33.1496 -0.000782033 0.142208 0.0429155
-33.1022 -0.00108811 -33.1511 -0.000823402 0.325956 0.0493855
-33.1026 -0.00110374 -33.1524 -0.000859748 0.554416 0.0574299
-33.103 -0.0011195 -33.1535 -0.000890389 0.783741 0.0655048
-33.1034 -0.00113507 -33.1544 -0.000917427 0.914934 0.0701243
-33.1037 -0.00114933 -33.1552 -0.000939772 0.983343 0.0725331
-33.104 -0.00116224 -33.1559 -0.000957797 1.03006 0.0741781
-33.1044 -0.00117546 -33.1563 -0.000971063 1.10806 0.0769247
-33.1047 -0.00118949 -33.1567 -0.000980255 1.23643 0.0814446
-33.1051 -0.00120423 -33.1569 -0.000986064 1.387 0.0867466
-33.1055 -0.00121967 -33.157 -0.000989711 1.5102 0.0910845
-33.1059 -0.00123574 -33.1571 -0.000992279 1.58606 0.0937558
-33.1063 -0.00125131 -33.1572 -0.000994595 1.63217 0.0953793
-33.1067 -0.00126924 -33.1573 -0.00099954 1.68252 0.0971521
-33.1072 -0.00128777 -33.1576 -0.00100562 1.75534 0.0997162
-33.1076 -0.00130442 -33.1578 -0.00101139 1.83701 0.102592
-33.108 -0.00132161 -33.1581 -0.00101943 1.89944 0.10479
-33.1085 -0.00134053 -33.1585 -0.001031 1.92585 0.10572
-33.109 -0.00136019 -33.159 -0.00104499 1.78102 0.105748
-33.1095 -0.00137989 -33.1595 -0.0010604 1.65654 0.105726
-33.11 -0.00140013 -33.1601 -0.00107799 1.78345 0.105748
-33.1105 -0.00142176 -33.1609 -0.00109827 1.90899 0.105771
-33.1111 -0.00144423 -33.1616 -0.00112016 1.8603 0.105762
-33.1117 -0.00146666 -33.1624 -0.00114252 1.83123 0.105757
-33.1122 -0.00148912 -33.1633 -0.00116535 1.84795 0.10576
-33.1128 -0.00151176 -33.1641 -0.00118871 0.705401 0.105555
-33.1133 -0.001531 -33.1649 -0.00121163 -0.084713 0.105079
-33.1105 -0.00152995 -33.1654 -0.00122676 -0.188639 0.10465
-33.1033 -0.00152634 -33.1659 -0.00123901 -0.24063 0.104249
-33.0987 -0.00152399 -33.1663 -0.00125043 0.0527409 0.105657
-33.0979 -0.00152362 -33.1667 -0.00126095 0.209198 0.109708
-33.0959 -0.0015226 -33.1669 -0.00126857 0.429376 0.115408
-33.0909 -0.00152007 -33.1671 -0.00127279 0.648704 0.121086
-33.087 -0.0015181 -33.1671 -0.00127471 0.808625 0.125227
-33.0853 -0.00151726 -33.1658 -0.00127454 0.942768 0.128699
-33.08 -0.00151459 -33.1527 -0.0012704 1.07203 0.132046
-33.0634 -0.00150623 -33.1202 -0.00126019 1.19753 0.135295
-33.0341 -0.00149151 -33.0671 -0.00124349 1.34805 0.139192
-32.995 -0.00147182 -32.9946 -0.00122071 1.47952 0.142596
-32.9455 -0.0014469 -32.9032 -0.00119196 1.58086 0.145219
-32.8853 -0.00141663 -32.7955 -0.0011581 1.6474 0.146942
-32.8217 -0.00138461 -32.6841 -0.00112307 1.70375 0.148401
-32.7585 -0.0013528 -32.5735 -0.00108829 1.75292 0.149674
-32.6854 -0.00131603 -32.4502 -0.00104951 1.79267 0.150703
-32.6 -0.00127304 -32.311 -0.00100575 1.82432 0.151522
-32.5114 -0.00122846 -32.1676 -0.000960653 1.84389 0.152029
-32.4227 -0.0011838 -32.0237 -0.000915417 1.85787 0.152391
-32.3303 -0.00113732 -31.8744 -0.00086847 1.86722 0.152633
-32.2345 -0.00108907 -31.72 -0.0008199 1.87312 0.152785
-32.1389 -0.001041 -31.567 -0.000771817 1.87761 0.152902
-32.0442 -0.000993331 -31.4189 -0.00072525 1.88239 0.153025
-31.9475 -0.000944631 -31.2753 -0.000680084 1.88908 0.153199
-31.8475 -0.000894338 -31.1387 -0.000637139 1.89981 0.153476
-31.7445 -0.000842473 -31.0141 -0.00059794 1.91643 0.153907
-31.6365 -0.000788159 -30.9036 -0.000563207 1.93942 0.154502
-31.5212 -0.000730137 -30.8073 -0.00053293 1.96929 0.155275
-31.3977 -0.000667988 -30.7256 -0.000507246 2.00653 0.156239
-31.266 -0.000601699 -30.6585 -0.00048614 2.05126 0.157397
-31.1255 -0.000530955 -30.6036 -0.000468887 2.10273 0.15873
-30.9749 -0.000455208 -30.5574 -0.000454331 2.15959 0.160202
-30.8134 -0.000373891 -30.5162 -0.000441391 2.22052 0.161779
-30.6386 -0.00028595 -30.4767 -0.00042898 2.28421 0.163428
-30.4462 -0.000189128 -30.4349 -0.00041582 2.34922 0.165111
-30.228 -7.93247e-05 -30.3866 -0.000400646 2.41405 0.16679
-29.9691 5.09734e-05 -30.3287 -0.000382429 2.47744 0.168431
-29.6401 0.000216557 -30.2582 -0.000360252 2.54243 0.170113
-29.1538 0.000461296 -30.167 -0.000331601 2.60584 0.171755
-28.0719 0.00100579 -30.0549 -0.000296332 2.66562 0.173303
-22.2971 0.00391201 -29.9372 -0.000259318 2.72363 0.174804
-13.4108 0.00838409 -29.7936 -0.000214161 2.77389 0.176106
-5.57511 0.0123275 -29.6014 -0.000153741 2.81218 0.177097
0.0117016 0.0168499 -29.377 -8.31922e-05 2.84777 0.178018
0.071667 0.0256472 -29.1283 -4.9682e-06 2.88293 0.178929
0.197955 0.0441746 -28.855 8.09717e-05 2.91902 0.179863
0.40111 0.0739787 -28.5303 0.000183045 2.95564 0.180811
0.638277 0.108773 -28.0817 0.000324124 2.99159 0.181742
0.879017 0.144091 -27.3611 0.000550717 3.02841 0.182695
1.12015 0.179467 -25.566 0.00111514 3.06676 0.183688
1.3608 0.214772 -17.0414 0.00379563 3.10219 0.184605
1.60357 0.250387 -4.98549 0.00758651 3.13884 0.185554
1.84076 0.285185 0.0316746 0.0125286 3.17868 0.186585
2.0626 0.317731 0.133302 0.0233553 3.21295 0.187473
2.27149 0.348376 0.292792 0.0403464 3.24042 0.188184
2.47599 0.378378 0.485956 0.0609249 3.26635 0.188855
2.67683 0.407842 0.685991 0.0822352 3.30533 0.189864
2.86189 0.434991 0.885601 0.103501 3.35281 0.191094
3.03635 0.460587 1.0905 0.125329 3.41428 0.192685
3.20089 0.484726 1.30454 0.148132 3.48496 0.194515
3.35194 0.506885 1.52362 0.171471 3.5583 0.196413
3.48487 0.526387 1.74262 0.194802 3.62591 0.198164
3.59994 0.543268 1.96218 0.218192 3.70996 0.20034
3.69945 0.557867 2.18375 0.241797 3.81791 0.203134
3.78357 0.570208 2.40433 0.265296 3.95951 0.206801
3.85078 0.580068 2.61935 0.288203 4.13207 0.211268
3.90497 0.588018 2.82554 0.310169 4.33887 0.216622
3.94589 0.594022 3.01937 0.330819 4.57231 0.222665
3.97623 0.598473 3.20179 0.350253 4.82902 0.229311
4.00167 0.602204 3.37215 0.368401 5.11436 0.236698
4.02029 0.604937 3.52786 0.38499 5.44007 0.245131
4.03136 0.606561 3.66715 0.399829 5.80407 0.254555
4.03581 0.607214 3.79102 0.413025 6.20003 0.264806
3.9218 0.60718 3.90106 0.424749 6.65611 0.276613
3.40353 0.60692 3.99524 0.434782 7.12096 0.289961
2.42594 0.606428 4.07351 0.44312 7.12096 0.304016
1.10313 0.605762 4.13884 0.45008 7.12096 0.319748
-0.0200972 0.604833 4.19319 0.45587 7.12096 0.3377
-0.166665 0.602112 4.24071 0.460932 7.12096 0.356509
-0.442769 0.596984 4.28389 0.465533 7.12096 0.374943
-0.74357 0.591398 4.32091 0.469477 7.12096 0.392546
-1.02244 0.586219 4.35325 0.472922 7.12096 0.409248
-1.27064 0.58161 4.38216 0.476001 7.12096 0.425161
-1.48331 0.57766 4.40907 0.478868 7.12096 0.440114
-1.65772 0.574422 4.43631 0.48177 7.12096 0.453695
-1.80007 0.571778 4.4661 0.484944 7.12096 0.465607
-1.91914 0.569567 4.50025 0.488582 7.12096 0.475812
-2.01888 0.567715 4.54013 0.492831 7.12096 0.484332
-2.09966 0.566214 4.58638 0.497758 7.12096 0.491066
-2.16088 0.565077 4.63895 0.503358 7.12096 0.495889
-2.20107 0.564331 4.6974 0.509586 7.12096 0.49848
-2.19078 0.564155 4.76046 0.516303 7.12096 0.499152
-1.99557 0.564253 4.82624 0.523311 5.88166 0.49893
-1.52236 0.564491 4.89262 0.530383 2.60033 0.498341
-0.738116 0.564886 4.9574 0.537284 -0.0387909 0.497144
0.00296642 0.56551 5.01982 0.543934 -0.205266 0.49401
0.0347198 0.568213 5.07547 0.549863 -0.504068 0.488385
0.104789 0.574177 5.11755 0.554346 -0.846108 0.481947
0.190769 0.581496 5.14788 0.557577 -1.20637 0.475165
0.290978 0.590025 5.16351 0.559242 -1.60532 0.467655
0.40759 0.599951 4.85667 0.55932 -2.0521 0.459245
0.538255 0.611074 3.2302 0.558809 -2.53123 0.450226
0.674067 0.622634 -0.00900338 0.55764 -3.0217 0.440994
0.795519 0.632972 -0.261512 0.553356 -3.51329 0.43174
0.934621 0.644812 -0.714099 0.545677 -3.98582 0.422845
1.08594 0.657692 -1.22454 0.537017 -4.46091 0.413902
1.23752 0.670595 -1.77523 0.527674 -4.92194 0.405223
1.40415 0.684779 -2.29707 0.51882 -5.37735 0.396651
1.55885 0.697947 -2.89272 0.508714 -5.81118 0.388484
1.69571 0.709596 -3.53448 0.497826 -6.233 0.380544
1.82892 0.720935 -4.17347 0.486984 -6.65192 0.372658
1.94622 0.73092 -4.80601 0.476252 -7.0671 0.364843
2.04148 0.739029 -5.4319 0.465633 -7.42169 0.358168
2.12028 0.745736 -6.03185 0.455454 -7.78563 0.351317
2.18115 0.750917 -6.60572 0.445717 -8.16083 0.344255
2.22189 0.754385 -7.15051 0.436474 -8.53284 0.337252
2.24606 0.756442 -7.66291 0.427781 -8.88613 0.330602
2.25521 0.757221 -8.14144 0.419662 -9.2073 0.324556
2.0949 0.757145 -8.59213 0.412015 -9.48362 0.319355
1.67175 0.756932 -9.02069 0.404744 -9.7172 0.314958
0.991057 0.756589 -9.42485 0.397887 -9.91842 0.31117
0.100997 0.756141 -9.80726 0.391398 -10.0979 0.307791
-0.0374279 0.755227 -10.1649 0.385331 -10.2645 0.304656
-0.138683 0.75289 -10.4883 0.379844 -10.4218 0.301694
-0.275483 0.749734 -10.7853 0.374805 -10.5578 0.299134
-0.420131 0.746396 -11.0573 0.37019 -10.661 0.297192
-0.567684 0.742991 -11.3042 0.366001 -10.726 0.295969
-0.716677 0.739553 -11.5264 0.362231 -10.7515 0.295488
-0.862981 0.736177 -11.7205 0.358938 -10.7105 0.295406
-1.00648 0.732866 -11.8818 0.356202 -9.84372 0.295562
-1.1518 0.729513 -12.0038 0.354131 -8.04252 0.295885
-1.30251 0.726035 -12.0814 0.352815 -5.2553 0.296386
-1.46109 0.722376 -12.113 0.352278 -1.34153 0.297088
-1.62976 0.718484 -11.8596 0.35235 0.028015 0.298123
-1.80617 0.714413 -11.0443 0.352606 0.0711021 0.299344
-1.99235 0.710117 -9.6238 0.353053 0.118665 0.300692
-2.18945 0.705569 -7.59891 0.35369 0.191479 0.302756
-2.40065 0.700695 -4.97207 0.354516 0.303412 0.305929
-2.63027 0.695397 -1.75927 0.355526 0.424363 0.309357
-2.88171 0.689595 0.0122219 0.356907 0.55722 0.313122
-3.16902 0.682965 0.0591581 0.360084 0.69957 0.317156
-3.49608 0.675418 0.143703 0.365807 0.842337 0.321203
-3.84991 0.667253 0.248297 0.372888 1.01008 0.325957
-4.2254 0.658589 0.358246 0.380331 1.20258 0.331413
-4.62072 0.649467 0.468443 0.387791 1.41022 0.337298
-5.02156 0.640217 0.577949 0.395204 1.6177 0.343178
-5.42879 0.63082 0.684326 0.402405 1.8159 0.348796
-5.84671 0.621177 0.787222 0.40937 2.00532 0.354164
-6.27328 0.611334 0.883717 0.415903 2.20241 0.35975
-6.67529 0.602057 0.970078 0.421749 2.41542 0.365787
-7.08974 0.592494 1.04986 0.42715 2.64146 0.372194
-7.51857 0.582598 1.12222 0.432048 2.87067 0.37869
-7.96512 0.572294 1.18779 0.436487 3.09054 0.384922
-8.42775 0.561619 1.24626 0.440445 3.29305 0.390661
-8.90017 0.550718 1.29662 0.443854 3.47985 0.395956
-9.37342 0.539797 1.33803 0.446658 3.65734 0.400986
-9.83942 0.529044 1.36974 0.448804 3.82795 0.405821
-10.2905 0.518636 1.39022 0.450191 3.99745 0.410625
-10.7219 0.508681 1.39784 0.450706 4.15925 0.415211
-11.1339 0.499175 0.999895 0.450581 4.30529 0.41935
-11.5298 0.49004 -0.00142618 0.450247 4.4273 0.422808
-11.8974 0.481556 -0.113303 0.448708 4.52719 0.425639
-12.2362 0.473738 -0.344347 0.44553 4.60937 0.427968
-12.5529 0.466431 -0.64589 0.441382 4.67356 0.429788
-12.846 0.459666 -1.01638 0.436285 4.72069 0.431124
-13.1112 0.453549 -1.448 0.430348 4.74044 0.431683
-13.3452 0.448148 -1.93918 0.423591 4.18373 0.431584
-13.5462 0.443509 -2.48889 0.416029 2.54318 0.431289
-13.7152 0.43961 -3.08673 0.407804 -0.00312087 0.430782
-13.8557 0.436368 -3.72022 0.39909 -0.090724 0.429352
-13.9735 0.433651 -4.37014 0.390149 -0.235344 0.426993
-14.0713 0.431393 -5.03499 0.381003 -0.409636 0.42415
-14.1582 0.429387 -5.7005 0.371848 -0.619005 0.420734
-14.2375 0.427558 -6.36156 0.362754 -0.864275 0.416733
-14.3097 0.425891 -7.01425 0.353776 -1.14298 0.412187
-14.3751 0.424383 -7.65119 0.345014 -1.50815 0.406229
-14.4304 0.423106 -8.2753 0.336428 -1.92456 0.399436
-14.4733 0.422117 -8.88863 0.327991 -2.39561 0.391752
-14.5004 0.421491 -9.49444 0.319657 -2.91852 0.383222
-14.5087 0.421301 -10.0965 0.311375 -3.47794 0.374095
-14.3968 0.421357 -10.6972 0.303111 -4.04204 0.364893
-14.1101 0.421501 -11.2837 0.295044 -4.53716 0.356816
-13.5908 0.421763 -11.8627 0.287078 -5.04198 0.348581
-12.8409 0.42214 -12.4408 0.279125 -5.56163 0.340103
-11.8213 0.422653 -13.0249 0.27109 -6.09795 0.331354
-10.5371 0.423299 -13.6117 0.263018 -6.63894 0.322529
-8.93119 0.424108 -14.185 0.255132 -7.16617 0.313928
-6.97844 0.42509 -14.7647 0.247157 -7.66766 0.305747
-4.54888 0.426313 -15.3469 0.239147 -8.13968 0.298047
-2.40582 0.427392 -15.9194 0.231272 -8.58293 0.290816
-0.050259 0.428577 -16.4563 0.223887 -9.00923 0.283861
0.018621 0.430472 -16.9939 0.216492 -9.4187 0.277181
0.0553408 0.43416 -17.5394 0.208986 -9.81078 0.270785
0.123938 0.441048 -18.0921 0.201384 -10.1781 0.264793
0.220509 0.450745 -18.6194 0.19413 -10.512 0.259346
0.325617 0.4613 -19.0944 0.187596 -10.8077 0.254522
0.426846 0.471466 -19.5005 0.18201 -11.0652 0.250322
0.518447 0.480664 -19.8118 0.177727 -11.2943 0.246584
0.598395 0.488692 -20.0109 0.174988 -11.5055 0.243138
0.664387 0.495319 -20.0966 0.173809 -11.7029 0.239919
0.715849 0.500487 -19.7115 0.173876 -11.8721 0.237158
0.751396 0.504056 -18.1287 0.174374 -12.0028 0.235027
0.771391 0.506064 -15.4143 0.175227 -12.0926 0.233561
0.771506 0.506626 -11.7286 0.176386 -12.1395 0.232796
0.492907 0.506486 -7.33934 0.177766 -11.8822 0.232745
-0.00197223 0.506207 -2.38417 0.179325 -10.3165 0.233026
-0.0861534 0.504892 0.0144978 0.181341 -7.32649 0.233563
-0.257006 0.502224 0.0596822 0.18529 -2.59316 0.234413
-0.457611 0.499091 0.131932 0.191605 0.0179797 0.235545
-0.652108 0.496054 0.215511 0.19891 0.0642638 0.237263
-0.836552 0.493174 0.296135 0.205956 0.119295 0.239305
-0.995644 0.490689 0.369916 0.212405 0.185481 0.241762
-1.11746 0.488787 0.432739 0.217895 0.314065 0.246534
-1.21028 0.487338 0.488988 0.222811 0.47345 0.252449
-1.26856 0.486427 0.538348 0.227125 0.67571 0.259955
-1.28708 0.486138 0.582678 0.231 0.929569 0.269376
-1.16916 0.486198 0.625645 0.234755 1.20993 0.279781
-0.852332 0.486357 0.670294 0.238657 1.50211 0.290625
-0.326628 0.486622 0.717491 0.242782 1.79039 0.301324
0.00293029 0.487061 0.770668 0.24743 2.08189 0.312141
0.0206037 0.488721 0.831634 0.252758 2.37468 0.323008
0.0490737 0.491394 0.902914 0.258988 2.66158 0.333655
0.0792489 0.494228 0.987825 0.266409 2.9337 0.343754
0.110511 0.497163 1.08721 0.275096 3.18623 0.353126
0.143954 0.500304 1.20281 0.285199 3.41695 0.361689
0.179987 0.503688 1.33447 0.296706 3.62729 0.369495
0.218812 0.507334 1.48145 0.309552 3.8197 0.376635
0.260677 0.511265 1.64245 0.323623 3.99545 0.383158
0.300704 0.515024 1.81151 0.338398 4.15535 0.389092
0.341927 0.518895 1.99015 0.354012 4.29737 0.394363
0.392794 0.523671 2.18009 0.370613 4.42198 0.398987
0.449019 0.528951 2.37706 0.387827 4.53159 0.403055
0.506015 0.534303 2.57568 0.405186 4.62816 0.406639
0.565674 0.539906 2.77566 0.422665 4.71169 0.409739
0.628078 0.545766 2.97488 0.440076 4.78352 0.412405
0.688841 0.551472 3.17009 0.457137 4.83516 0.414321
0.751391 0.557345 3.35945 0.473687 4.87372 0.415752
0.80818 0.562678 3.54358 0.48978 4.90688 0.416983
0.857244 0.567285 3.71909 0.505119 4.93732 0.418113
0.899303 0.571235 3.88257 0.519408 4.96648 0.419195
0.935304 0.574616 4.03228 0.532492 4.99436 0.42023
0.96379 0.577291 4.16648 0.54422 5.02195 0.421253
0.981718 0.578974 4.28356 0.554453 5.05048 0.422312
0.988102 0.579574 4.38202 0.563059 5.08091 0.423442
0.787143 0.579473 4.46044 0.569913 5.11363 0.424656
0.185319 0.57917 4.51693 0.57485 5.14889 0.425964
-0.0688134 0.577852 4.5517 0.577889 5.18642 0.427357
-0.317694 0.573424 4.56705 0.579231 5.22553 0.428809
-0.66303 0.567281 3.93662 0.579044 5.2667 0.430337
-1.09745 0.559552 2.05456 0.578452 5.31626 0.432176
-1.62438 0.550178 -0.0264824 0.577341 5.37372 0.434309
-2.19677 0.539994 -0.285305 0.572795 5.44112 0.43681
-2.79787 0.5293 -0.729066 0.565001 5.51702 0.439627
-3.42605 0.518125 -1.26615 0.555568 5.58585 0.442181
-4.06679 0.506725 -1.88119 0.544765 5.64739 0.444465
-4.69757 0.495504 -2.58857 0.532341 5.69858 0.446365
-5.28239 0.485099 -3.36216 0.518753 5.73343 0.447658
-5.79313 0.476013 -4.16563 0.504641 5.74741 0.448177
-6.22893 0.46826 -4.982 0.490303 5.13591 0.448067
-6.61218 0.461441 -5.82685 0.475464 3.42831 0.447761
-6.96673 0.455134 -6.71062 0.459941 0.571177 0.447248
-7.28772 0.449423 -7.61392 0.444076 -0.0710025 0.445943
-7.5634 0.444518 -8.49909 0.428529 -0.220005 0.443422
-7.79127 0.440464 -9.36302 0.413355 -0.405069 0.44029
-7.98102 0.437089 -10.2078 0.398517 -0.628725 0.436504
-8.13161 0.43441 -11.0263 0.38414 -0.894611 0.432004
-8.23677 0.432539 -11.8028 0.370502 -1.20251 0.426793
-8.31198 0.431201 -12.5179 0.357942 -1.59305 0.420184
-8.34956 0.430532 -13.1651 0.346575 -2.07043 0.412104
-8.39203 0.429777 -13.756 0.336197 -2.61155 0.402947
-8.45984 0.42857 -14.2827 0.326947 -3.21999 0.392649
-8.5607 0.426776 -14.7276 0.319132 -3.88794 0.381344
-8.69973 0.424302 -15.0626 0.313248 -4.59502 0.369378
-8.88197 0.42106 -15.3251 0.308637 -5.25476 0.358212
-9.13807 0.416504 -15.53 0.305039 -5.89927 0.347304
-9.42843 0.411338 -15.7036 0.301989 -6.55907 0.336138
-9.7565 0.405502 -15.8607 0.29923 -7.21681 0.325006
-10.12 0.399035 -16.0244 0.296355 -7.85637 0.314182
-10.504 0.392204 -16.2105 0.293085 -8.46801 0.30383
-10.8402 0.386223 -16.4548 0.288795 -9.04303 0.294098
-11.1897 0.380005 -16.7484 0.283638 -9.57852 0.285036
-11.5424 0.373728 -17.0938 0.277572 -10.0674 0.276761
-11.9139 0.36712 -17.4983 0.270467 -10.5028 0.269393
-12.3252 0.359803 -17.9714 0.262158 -10.8786 0.263033
-12.7859 0.351607 -18.5122 0.252659 -11.1772 0.257979
-13.2993 0.342472 -19.1102 0.242155 -11.4026 0.254165
-13.8708 0.332306 -19.7626 0.230698 -11.5536 0.251609
-14.5128 0.320884 -20.4702 0.218269 -11.6505 0.249969
-15.2285 0.308152 -21.229 0.204941 -11.7077 0.249001
-16.0133 0.294188 -22.0279 0.190909 -11.7275 0.248666
-16.8589 0.279146 -22.8578 0.176334 -11.0027 0.248797
-17.7554 0.263195 -23.7155 0.161268 -8.91955 0.249171
-18.6843 0.246671 -24.6019 0.1457 -5.59253 0.249768
-19.6217 0.229993 -25.5153 0.129656 -0.773399 0.250633
-20.5501 0.213476 -26.4523 0.113199 0.0487984 0.252474
-21.4602 0.197286 -27.4051 0.0964654 0.126233 0.255175
-22.3691 0.181115 -28.3531 0.0798134 0.209694 0.258086
-23.2843 0.164832 -29.2664 0.0637739 0.321856 0.261998
-24.1708 0.149061 -30.1199 0.0487821 0.465291 0.267001
-25.0889 0.132729 -30.9276 0.0345962 0.615171 0.272229
-26.0414 0.115782 -31.6839 0.0213117 0.751223 0.276975
-26.9996 0.0987361 -32.3663 0.00932707 0.859442 0.280749
-27.9614 0.0816248 -32.8374 0.00105235 0.937408 0.283469
-28.9908 0.0633112 -32.8602 0.00065162 0.982843 0.285054
-29.9684 0.0459186 -32.8698 0.000483681 1.0224 0.286433
-30.9143 0.02909 -32.8757 0.000378733 1.04346 0.287168
-31.8188 0.0129987 -32.8798 0.000307792 0.732262 0.287142
-32.4843 0.00115838 -32.8826 0.000257867 -0.00841964 0.286918
-32.5089 0.000720594 -32.8854 0.000208528 -0.0720355 0.286223
-32.5201 0.000521797 -32.8872 0.000178119 -0.19331 0.284898
-32.5273 0.000394037 -32.8886 0.00015285 -0.36505 0.283021
-32.5325 0.000301097 -32.8898 0.000131847 -0.587513 0.28059
-32.536 0.000239859 -32.8905 0.00012038 -0.883877 0.277352
-32.538 0.000202701 -32.8906 0.000117001 -1.22683 0.273604
-32.5396 0.000175037 -32.8907 0.000115457 -1.59649 0.269565
-32.5408 0.00015371 -32.8892 0.000115494 -1.98691 0.265298
-32.5414 0.000143091 -32.8707 0.000121303 -2.40461 0.260734
-32.5416 0.000138901 -32.8419 0.000130362 -2.84385 0.255934
-32.5418 0.000136278 -32.8118 0.000139832 -3.28996 0.251059
-32.5398 0.000137149 -32.7776 0.000150596 -3.71474 0.246417
-32.5327 0.000140712 -32.7431 0.00016143 -4.10417 0.242162
-32.5226 0.000145777 -32.72 0.000168686 -4.48017 0.238053
-32.5066 0.000153822 -32.7112 0.000171456 -4.83966 0.234125
-32.4818 0.0001663 -32.7217 0.000168171 -5.17306 0.230482
-32.4411 0.000186813 -32.7557 0.000157481 -5.47614 0.22717
-32.3766 0.000219258 -32.8122 0.000139699 -5.74817 0.224197
-32.2807 0.000267541 -32.8886 0.000115683 -5.98826 0.221573
-32.1427 0.000336944 -32.8924 8.66475e-05 -6.19505 0.219314
-31.945 0.00043647 -32.8942 5.47898e-05 -6.36828 0.217421
-31.6516 0.000584127 -32.896 2.24993e-05 -6.51083 0.215863
-31.1664 0.000828292 -32.8978 -8.16483e-06 -6.6271 0.214592
-30.1533 0.00133814 -32.8993 -3.52174e-05 -6.7212 0.213564
-26.8819 0.0029845 -32.9004 -5.49571e-05 -6.79932 0.212711
-21.8231 0.00553037 -32.9013 -7.01613e-05 -6.85778 0.212072
-16.5846 0.00816669 -32.9019 -8.10974e-05 -6.90068 0.211603
-10.9834 0.0109856 -32.9014 -8.41215e-05 -6.93087 0.211273
-5.00975 0.0139919 -32.8777 -7.66628e-05 -6.95134 0.211049
-0.227995 0.0163983 -32.806 -5.41211e-05 -6.96708 0.210877
0.0233588 0.0199363 -32.7074 -2.31154e-05 -6.90992 0.210883
0.0676262 0.0264238 -32.5756 1.83148e-05 -6.58138 0.210942
0.148539 0.0382818 -32.4103 7.02906e-05 -5.90443 0.211064
0.271826 0.0563498 -32.2042 0.000135104 -4.85269 0.211252
0.42268 0.0784578 -31.9272 0.00022219 -3.39657 0.211514
0.586902 0.102525 -31.5287 0.000347501 -1.36242 0.211879
0.753163 0.126891 -30.8533 0.000559874 0.00758015 0.212429
0.919692 0.151296 -29.1154 0.00110634 0.026896 0.213208
1.08251 0.175158 -20.7389 0.00374027 0.0475573 0.214041
1.24182 0.198505 -8.6547 0.00754003 0.0741938 0.215114
1.39791 0.221379 0.0149957 0.0118571 0.118487 0.2169
1.54654 0.243161 0.103428 0.0212671 0.168033 0.218897
1.69037 0.26424 0.262599 0.0382045 0.219558 0.220973
1.84009 0.286183 0.452925 0.058457 0.28022 0.223419
1.9961 0.309045 0.642849 0.0786668 0.352236 0.226321
2.15843 0.332836 0.820842 0.097607 0.437059 0.22974
2.33071 0.358084 0.992316 0.115853 0.535577 0.233711
2.51518 0.385118 1.16089 0.133792 0.647222 0.238212
2.70937 0.413577 1.31629 0.150327 0.769749 0.24315
2.90981 0.442953 1.46422 0.166069 0.914577 0.248988
3.10044 0.47089 1.61768 0.182398 1.08395 0.255815
3.29802 0.499845 1.76998 0.198604 1.29419 0.264289
3.50229 0.529781 1.92774 0.215391 1.5188 0.273343
3.71768 0.561348 2.09006 0.232664 1.74214 0.282345
3.93597 0.593338 2.25496 0.250211 1.95262 0.290829
4.15698 0.625727 2.42602 0.268413 2.16559 0.299413
4.3842 0.659027 2.60801 0.287779 2.38034 0.30807
4.61831 0.693336 2.80275 0.308501 2.59343 0.316659
4.87003 0.730226 3.0291 0.332587 2.79555 0.324806
5.16809 0.773909 3.29287 0.360655 2.98393 0.332399
5.44587 0.814618 3.55234 0.388265 3.18026 0.340312
5.72798 0.855962 3.82143 0.416898 3.36834 0.347893
6.03222 0.900548 4.1078 0.447372 3.54493 0.355011
6.33477 0.944887 4.4035 0.478837 3.71534 0.36188
6.63864 0.989421 4.70535 0.510957 3.87726 0.368406
6.95192 1.03533 5.01763 0.544185 4.03062 0.374588
7.26559 1.0813 5.33656 0.578123 4.18865 0.380958
7.57661 1.12688 5.66114 0.612662 4.36077 0.387896
7.88949 1.17274 5.99139 0.647804 4.54885 0.395477
8.20091 1.21837 6.32515 0.683318 4.75313 0.403711
8.50759 1.26332 6.6608 0.719035 4.97114 0.412498
8.81036 1.30769 6.99821 0.754938 5.19753 0.421624
8.93253 1.352 7.33498 0.790774 5.42953 0.430975
8.93253 1.39707 7.66668 0.826071 5.67124 0.440718
8.93253 1.4409 7.99691 0.861211 5.92407 0.450908
8.93253 1.47412 8.31855 0.895436 6.19993 0.462028
-0.644534 1.44102 -0.125939 0.897341 6.59156 0.477814
1.02648 1.44265 4.39782 0.928589 6.77055 0.485028
8.65023 1.47299 8.93253 0.972355 6.97398 0.493228
8.93253 1.49206 8.93253 1.01686 7.12096 0.505666
8.93253 1.53111 8.93253 1.05782 7.12096 0.512708
8.93253 1.57268 8.93253 1.0966 7.12096 0.517466
8.93253 1.60056 8.93253 1.13473 7.12096 0.524687
8.93253 1.6219 0.37533 1.10957 -0.0150723 0.527995
8.93253 1.64123 4.19417 1.12246 0.122976 0.520163
8.93253 1.68619 8.93253 1.14874 4.74939 0.526385
8.93253 1.71899 8.93253 1.2208 7.12096 0.532339
8.93253 1.74518 8.93253 1.27665 7.12096 0.555648
8.93253 1.77173 8.93253 1.32444 7.12096 0.573105
8.93253 1.79809 8.93253 1.3756 7.12096 0.588015
8.93253 1.8243 8.93253 1.43268 7.12096 0.602921
8.93253 1.85311 8.93253 1.48701 7.12096 0.622164
8.93253 1.88189 8.93253 1.53746 7.12096 0.643295
8.93253 1.91003 8.93253 1.5881 7.12096 0.666974
8.93253 1.93657 8.93253 1.64039 7.12096 0.692798
8.93253 1.96183 8.93253 1.69114 7.12096 0.720217
8.93253 1.98637 8.93253 1.7391 7.12096 0.750539
8.93253 2.00916 8.93253 1.78603 7.12096 0.784298
8.93253 2.02977 8.93253 1.83263 -0.0238693 0.798174
8.93253 2.04975 8.93253 1.87581 2.78815 0.794536
8.93253 2.06552 8.93253 1.92064 7.12096 0.807055
8.93253 2.078 8.93253 1.96124 7.12096 0.849447
8.93253 2.08951 8.93253 2.00152 7.12096 0.903221
8.93253 2.10055 8.93253 2.03994 7.12096 0.95794
8.93253 2.1079 8.93253 2.07573 7.12096 1.00916
8.93253 2.11346 8.93253 2.11075 7.12096 1.06172
8.93253 2.11885 8.93253 2.14511 7.12096 1.12034
8.93253 2.12249 8.93253 2.17754 7.12096 1.1836
8.93253 2.12499 8.93253 2.20887 7.12096 1.24612
8.93253 2.12749 8.93253 2.24004 7.12096 1.30696
8.93253 2.12942 8.93253 2.27075 7.12096 1.36894
8.93253 2.13106 8.93253 2.30103 7.12096 1.43305
8.93253 2.13285 8.93253 2.33153 7.12096 1.4972
8.93253 2.13441 8.93253 2.36267 7.12096 1.55924
8.93253 2.13588 8.93253 2.39466 7.12096 1.6192
8.93253 2.13782 8.93253 2.42754 7.12096 1.6782
8.93253 2.14069 8.93253 2.4613 7.12096 1.73622
8.93253 2.1444 8.93253 2.4963 7.12096 1.79187
8.93253 2.14929 8.93253 2.53264 7.12096 1.84426
8.93253 2.15544 8.93253 2.5703 7.12096 1.8937
8.93253 2.16294 8.93253 2.60932 7.12096 1.94066
8.93253 2.17191 8.93253 2.64974 7.12096 1.98486
8.93253 2.18232 8.93253 2.69154 7.12096 2.02565
8.93253 2.19401 8.93253 2.73462 7.12096 2.06282
