-0.0280428 -1.41128e-05 -0.0784337 -2.46628e-05 -0.0227874 -4.09083e-06
-0.0283644 -1.42746e-05 -0.078334 -2.46314e-05 -0.0228136 -4.09553e-06
-0.029093 -1.46413e-05 -0.0781141 -2.45623e-05 -0.0228544 -4.10286e-06
-0.0305874 -1.53934e-05 -0.0776831 -2.44267e-05 -0.0229124 -4.11327e-06
-0.0322725 -1.62414e-05 -0.0772566 -2.42927e-05 -0.0229474 -4.11954e-06
-0.0344254 -1.73249e-05 -0.0768001 -2.41491e-05 -0.0229514 -4.12026e-06
-0.0370739 -1.86578e-05 -0.076351 -2.40079e-05 -0.022896 -4.11032e-06
-0.0402466 -2.02545e-05 -0.075953 -2.38827e-05 -0.0227521 -4.08449e-06
-0.043976 -2.21313e-05 -0.0756635 -2.37917e-05 -0.0224939 -4.03814e-06
-0.0482966 -2.43057e-05 -0.0755492 -2.37558e-05 -0.0220968 -3.96684e-06
-0.0532371 -2.67921e-05 -0.0756803 -2.3797e-05 -0.0215343 -3.86586e-06
-0.0588065 -2.95949e-05 -0.076133 -2.39393e-05 -0.0207798 -3.73042e-06
-0.0649782 -3.27008e-05 -0.0769965 -2.42109e-05 -0.0198121 -3.55669e-06
-0.071662 -3.60645e-05 -0.0783656 -2.46414e-05 -0.0186213 -3.34292e-06
-0.0787319 -3.96225e-05 -0.0803716 -2.52721e-05 -0.0171972 -3.08727e-06
-0.0860139 -4.32872e-05 -0.0831491 -2.61455e-05 -0.0155411 -2.78996e-06
-0.0932679 -4.69379e-05 -0.0868183 -2.72992e-05 -0.0136734 -2.45466e-06
-0.100234 -5.04438e-05 -0.0914792 -2.87648e-05 -0.0116365 -2.08901e-06
-0.106665 -5.36803e-05 -0.0972039 -3.05649e-05 -0.0095005 -1.70554e-06
-0.112324 -5.65281e-05 -0.104022 -3.27087e-05 -0.00769418 -1.38127e-06
-0.116977 -5.88697e-05 -0.111915 -3.51907e-05 -0.00599974 -1.07708e-06
-0.120377 -6.05805e-05 -0.120824 -3.7992e-05 -0.00454442 -8.15821e-07
-0.122241 -6.15188e-05 -0.130655 -4.10833e-05 -0.00347008 -6.22954e-07
-0.122232 -6.15145e-05 -0.14128 -4.44242e-05 -0.00294432 -5.28569e-07
-0.119961 -6.03713e-05 -0.152547 -4.7967e-05 -0.00315779 -5.6689e-07
-0.115027 -5.78881e-05 -0.164245 -5.16453e-05 -0.00431439 -7.74525e-07
-0.107136 -5.39171e-05 -0.176061 -5.53609e-05 -0.00675045 -1.21185e-06
-0.0962503 -4.84388e-05 -0.187583 -5.89837e-05 -0.0112903 -2.02684e-06
-0.0826977 -4.16183e-05 -0.198243 -6.23358e-05 -0.0178794 -3.20973e-06
-0.0671353 -3.37864e-05 -0.207341 -6.51966e-05 -0.0267477 -4.80178e-06
-0.050359 -2.53436e-05 -0.21413 -6.73311e-05 -0.0380898 -6.83794e-06
-0.033122 -1.66689e-05 -0.217921 -6.85234e-05 -0.0520716 -9.34797e-06
-0.01609 -8.09742e-06 -0.218174 -6.86029e-05 -0.068766 -1.2345e-05
0.00016026 8.06522e-08 -0.214532 -6.74575e-05 -0.0881024 -1.58163e-05
0.0152533 7.67635e-06 -0.20681 -6.50294e-05 -0.109841 -1.97188e-05
0.0292047 1.46975e-05 -0.194967 -6.13056e-05 -0.133598 -2.39838e-05
0.0417667 2.10195e-05 -0.179134 -5.6327e-05 -0.158892 -2.85245e-05
0.0522491 2.62948e-05 -0.15977 -5.02384e-05 -0.185042 -3.32189e-05
0.0616644 3.10331e-05 -0.137324 -4.31802e-05 -0.211369 -3.79451e-05
0.0701596 3.53084e-05 -0.11235 -3.53274e-05 -0.237024 -4.25508e-05
0.0778519 3.91796e-05 -0.0855372 -2.68964e-05 -0.261171 -4.68858e-05
0.0848808 4.2717e-05 -0.0575914 -1.81091e-05 -0.282939 -5.07936e-05
0.0912691 4.5932e-05 -0.0291997 -9.18157e-06 -0.301491 -5.41241e-05
0.0968802 4.87558e-05 -0.00100867 -3.17166e-07 -0.316014 -5.67312e-05
0.101517 5.10894e-05 0.0263773 8.29412e-06 -0.325746 -5.84784e-05
0.105077 5.28811e-05 0.0524349 1.64877e-05 -0.329998 -5.92417e-05
0.107689 5.41956e-05 0.0743586 2.33814e-05 -0.328034 -5.8889e-05
0.109734 5.52244e-05 0.0935569 2.94181e-05 -0.319621 -5.73787e-05
0.111921 5.63251e-05 0.109519 3.44371e-05 -0.304295 -5.46275e-05
0.115181 5.7966e-05 0.121715 3.82721e-05 -0.281837 -5.05957e-05
0.122506 6.16521e-05 0.13084 4.11414e-05 -0.243771 -4.37621e-05
0.13572 6.83022e-05 0.132497 4.16626e-05 -0.195085 -3.50218e-05
0.156992 7.90077e-05 0.12671 3.98428e-05 -0.136774 -2.45538e-05
0.187724 9.44738e-05 0.114315 3.59454e-05 -0.070442 -1.26458e-05
0.228272 0.00011488 0.0969771 3.04936e-05 -0.00323702 -5.81115e-07
0.277789 0.0001398 0.0771584 2.42618e-05 0.0589057 1.05748e-05
0.334168 0.000168173 0.0581221 1.8276e-05 0.120728 2.16732e-05
0.394244 0.000198407 0.043606 1.37115e-05 0.180277 3.23635e-05
0.454477 0.00022872 0.0372354 1.17083e-05 0.235123 4.22096e-05
0.511856 0.000257596 0.0420732 1.32295e-05 0.28315 5.08314e-05
0.564454 0.000284066 0.0602868 1.89566e-05 0.32284 5.79566e-05
0.611429 0.000307707 0.0929466 2.92262e-05 0.353677 6.34925e-05
0.652753 0.000328503 0.140038 4.40336e-05 0.375787 6.74618e-05
0.688945 0.000346718 0.200612 6.30805e-05 0.389886 6.99927e-05
0.720747 0.000362722 0.272948 8.58261e-05 0.397267 7.13179e-05
0.748742 0.000376811 0.354739 0.000111544 0.399866 7.17845e-05
0.773335 0.000389187 0.443229 0.000139369 0.400044 7.18164e-05
0.795115 0.000400148 0.535267 0.00016831 0.400395 7.18794e-05
0.815163 0.000410238 0.627359 0.000197267 0.403585 7.2452e-05
0.834977 0.000420209 0.715861 0.000225096 0.412268 7.40108e-05
0.856066 0.000430823 0.797332 0.000250714 0.428885 7.6994e-05
0.879395 0.000442563 0.868917 0.000273223 0.455426 8.17586e-05
0.905059 0.000455479 0.928583 0.000291985 0.493245 8.8548e-05
0.932608 0.000469343 0.975106 0.000306613 0.543046 9.74882e-05
0.961462 0.000483864 1.00796 0.000316944 0.604869 0.000108587
0.991053 0.000498756 1.02728 0.000323019 0.678085 0.000121731
1.02086 0.000513757 1.03382 0.000325077 0.761397 0.000136687
1.05044 0.000528644 1.02893 0.000323537 0.852917 0.000153117
1.07947 0.00054325 1.01439 0.000318966 0.950259 0.000170592
1.10768 0.000557448 0.992382 0.000312046 1.05066 0.000188615
1.13482 0.000571107 0.965366 0.000303551 1.15108 0.000206643
1.16064 0.0005841 0.935964 0.000294306 1.24835 0.000224106
1.18501 0.000596367 0.906779 0.000285128 1.33936 0.000240443
1.20811 0.000607991 0.880209 0.000276774 1.42114 0.000255126
1.23037 0.000619196 0.858346 0.000269899 1.49109 0.000267682
1.2523 0.000630231 0.842952 0.000265059 1.54697 0.000277714
1.27396 0.000641131 0.835541 0.000262728 1.58705 0.000284909
1.29458 0.00065151 0.83743 0.000263322 1.61013 0.000289052
1.31261 0.000660583 0.849652 0.000267165 1.61563 0.000290039
1.32614 0.000667392 0.872724 0.00027442 1.60366 0.000287891
1.3325 0.000670594 0.898873 0.000282643 1.58206 0.000284013
1.33369 0.000671191 0.940344 0.000295683 1.54131 0.000276698
1.3266 0.000667623 0.989867 0.000311255 1.48734 0.000267009
1.31105 0.000659798 1.04483 0.000328538 1.42293 0.000255446
1.28721 0.0006478 1.10202 0.000346522 1.35131 0.000242589
1.25533 0.000631758 1.15787 0.000364081 1.27598 0.000229066
1.21576 0.00061184 1.20863 0.000380042 1.20053 0.000215521
1.16886 0.000588236 1.25058 0.000393234 1.12843 0.000202577
1.11495 0.000561106 1.28023 0.000402557 1.06284 0.000190802
1.05435 0.000530608 1.29447 0.000407036 1.00645 0.00018068
0.987378 0.000496907 1.29075 0.000405865 0.961343 0.000172581
0.914334 0.000460147 1.26716 0.000398446 0.928826 0.000166744
0.835571 0.000420508 1.22252 0.00038441 0.909404 0.000163257
0.751854 0.000378377 1.15635 0.000363605 0.902732 0.00016206
0.664677 0.000334504 1.06878 0.000336069 0.907623 0.000162938
0.576067 0.000289911 0.960611 0.000302055 0.922049 0.000165527
0.487879 0.000245529 0.833548 0.000262102 0.943163 0.000169318
0.401495 0.000202056 0.690287 0.000217055 0.967394 0.000173668
0.317975 0.000160024 0.534342 0.000168019 0.990594 0.000177833
0.238154 0.000119853 0.369821 0.000116287 1.00823 0.000180998
0.162633 8.18463e-05 0.201272 6.32883e-05 1.01559 0.000182319
0.0916564 4.61269e-05 0.0335305 1.05434e-05 1.00805 0.000180966
0.0221336 1.11389e-05 -0.128158 -4.02982e-05 0.981185 0.000176144
-0.0457357 -2.30169e-05 -0.284358 -8.9414e-05 0.931948 0.000167305
-0.111464 -5.60954e-05 -0.43447 -0.000136615 0.856344 0.000153732
-0.176399 -8.87743e-05 -0.564731 -0.000177575 0.752883 0.000135159
-0.241471 -0.000121522 -0.672235 -0.000211378 0.62079 0.000111445
-0.305854 -0.000153924 -0.756597 -0.000237905 0.460171 8.26104e-05
-0.368403 -0.000185402 -0.818238 -0.000257287 0.272769 4.89679e-05
-0.428361 -0.000215576 -0.858062 -0.00026981 0.0619318 1.11181e-05
-0.485685 -0.000244425 -0.87787 -0.000276038 -0.208934 -3.75081e-05
-0.541231 -0.000272379 -0.880719 -0.000276934 -0.507451 -9.10983e-05
-0.596274 -0.00030008 -0.869624 -0.000273445 -0.816735 -0.000146621
-0.651917 -0.000328083 -0.848213 -0.000266713 -1.12898 -0.000202675
-0.709248 -0.000356935 -0.820895 -0.000258123 -1.43663 -0.000257905
-0.769486 -0.00038725 -0.79223 -0.00024911 -1.73254 -0.000311027
-0.833896 -0.000419665 -0.766572 -0.000241042 -2.00847 -0.000360564
-0.903614 -0.000454752 -0.748185 -0.00023526 -2.25695 -0.000405171
-0.979342 -0.000492862 -0.741247 -0.000233078 -2.47161 -0.000443707
-1.06092 -0.000533919 -0.749611 -0.000235709 -2.64739 -0.000475264
-1.14704 -0.000577257 -0.776693 -0.000244224 -2.78008 -0.000499083
-1.2353 -0.000621675 -0.825348 -0.000259523 -2.86677 -0.000514646
-1.32288 -0.000665748 -0.897482 -0.000282205 -2.9064 -0.000521761
-1.40716 -0.000708165 -0.993577 -0.000312421 -2.89994 -0.0005206
-1.48614 -0.000747913 -1.1125 -0.000349816 -2.85009 -0.000511651
-1.55862 -0.000784387 -1.25153 -0.000393532 -2.76126 -0.000495704
-1.62418 -0.00081738 -1.40645 -0.000442247 -2.63946 -0.00047384
-1.68308 -0.000847026 -1.57181 -0.000494242 -2.49213 -0.000447391
-1.73617 -0.000873744 -1.74119 -0.000547503 -2.32765 -0.000417862
-1.78457 -0.000898102 -1.90773 -0.000599867 -2.15485 -0.000386842
-1.82933 -0.000920626 -2.06454 -0.000649176 -1.98263 -0.000355924
-1.87118 -0.000941688 -2.20521 -0.000693409 -1.81949 -0.000326637
-1.91063 -0.000961539 -2.32408 -0.000730785 -1.67319 -0.000300373
-1.94798 -0.00098034 -2.4165 -0.000759846 -1.55031 -0.000278314
-1.97703 -0.000994957 -2.47692 -0.000778846 -1.45656 -0.000261483
-1.97604 -0.000994461 -2.48666 -0.000781907 -1.40185 -0.000251662
-1.97298 -0.000992918 -2.46688 -0.00077569 -1.37836 -0.000247444
-1.99022 -0.0010016 -2.43061 -0.000764283 -1.38241 -0.000248173
-2.00743 -0.00101025 -2.36797 -0.000744588 -1.41778 -0.000254522
-2.0159 -0.00101452 -2.2817 -0.00071746 -1.48084 -0.000265841
-1.98081 -0.000996858 -2.1952 -0.000690262 -1.56105 -0.000280241
-1.94473 -0.0009787 -2.09383 -0.000658387 -1.65934 -0.000297887
-1.90096 -0.000956673 -1.97545 -0.000621163 -1.77203 -0.000318117
-1.85566 -0.000933877 -1.84917 -0.000581455 -1.89169 -0.000339599
-1.81004 -0.000910918 -1.7205 -0.000540995 -2.01178 -0.000361157
-1.76386 -0.000887676 -1.59179 -0.000500523 -2.12577 -0.000381621
-1.72044 -0.000865824 -1.46776 -0.000461524 -2.22744 -0.000399873
-1.6812 -0.00084608 -1.35337 -0.000425556 -2.31151 -0.000414965
-1.64695 -0.000828841 -1.25252 -0.000393842 -2.37259 -0.000425931
-1.61946 -0.000815005 -1.16838 -0.000367386 -2.40578 -0.000431889
-1.59977 -0.0008051 -1.10341 -0.000346958 -2.40819 -0.000432321
-1.58838 -0.000799368 -1.05973 -0.000333224 -2.37846 -0.000426984
-1.58584 -0.000798089 -1.03874 -0.000326622 -2.3158 -0.000415735
-1.5922 -0.000801287 -1.04059 -0.000327205 -2.22059 -0.000398643
-1.60705 -0.000808764 -1.06472 -0.000334791 -2.09505 -0.000376106
-1.62842 -0.000819518 -1.11039 -0.000349153 -1.94281 -0.000348776
-1.6456 -0.000828163 -1.17856 -0.000370588 -1.76778 -0.000317355
-1.65692 -0.000833861 -1.26652 -0.000398247 -1.57585 -0.000282899
-1.66178 -0.000836304 -1.36957 -0.000430648 -1.37397 -0.000246657
-1.66026 -0.000835541 -1.48186 -0.000465958 -1.17006 -0.000210051
-1.65495 -0.000832866 -1.57429 -0.000495022 -1.01113 -0.00018152
-1.64648 -0.000828604 -1.66552 -0.000523707 -0.860522 -0.000154482
-1.63529 -0.000822971 -1.75218 -0.000550956 -0.722249 -0.000129659
-1.62178 -0.000816177 -1.83105 -0.000575758 -0.600114 -0.000107733
-1.60633 -0.0008084 -1.89926 -0.000597206 -0.497608 -8.93311e-05
-1.5892 -0.000799777 -1.95434 -0.000614526 -0.417723 -7.49901e-05
-1.57049 -0.000790363 -1.99428 -0.000627083 -0.362769 -6.51247e-05
-1.55008 -0.000780091 -2.01757 -0.000634407 -0.334309 -6.00156e-05
-1.5275 -0.00076873 -2.02335 -0.000636224 -0.33319 -5.98148e-05
-1.50201 -0.000755898 -2.01141 -0.000632471 -0.359553 -6.45475e-05
-1.4726 -0.0007411 -1.98217 -0.000623276 -0.412801 -7.41065e-05
-1.43831 -0.000723844 -1.93651 -0.000608917 -0.491591 -8.8251e-05
-1.39843 -0.00070377 -1.87564 -0.000589777 -0.593904 -0.000106618
-1.35265 -0.000680732 -1.80102 -0.000566314 -0.717155 -0.000128745
-1.30121 -0.000654847 -1.71428 -0.000539039 -0.858289 -0.000154081
-1.24477 -0.000626443 -1.61719 -0.000508509 -1.01384 -0.000182005
-1.18417 -0.000595944 -1.51167 -0.000475332 -1.17996 -0.000211828
-1.12018 -0.000563739 -1.39987 -0.000440177 -1.35252 -0.000242806
-1.05341 -0.000530137 -1.2841 -0.000403772 -1.52718 -0.000274161
-0.984346 -0.000495381 -1.16676 -0.000366879 -1.69953 -0.000305102
-0.913452 -0.000459702 -1.05027 -0.000330249 -1.86521 -0.000334845
-0.841219 -0.00042335 -0.936908 -0.000294602 -2.02 -0.000362632
-0.768141 -0.000386574 -0.828774 -0.0002606 -2.1599 -0.000387748
-0.694656 -0.000349591 -0.72778 -0.000228844 -2.28128 -0.000409538
-0.621124 -0.000312586 -0.635583 -0.000199853 -2.38091 -0.000427423
-0.547855 -0.000275713 -0.553526 -0.000174051 -2.45605 -0.000440914
-0.475152 -0.000239124 -0.482579 -0.000151743 -2.50456 -0.000449622
-0.403329 -0.000202979 -0.423309 -0.000133106 -2.52487 -0.000453268
-0.332708 -0.000167438 -0.375866 -0.000118188 -2.51605 -0.000451685
-0.263615 -0.000132667 -0.339994 -0.000106908 -2.47784 -0.000444825
-0.196374 -9.88271e-05 -0.315039 -9.90612e-05 -2.41058 -0.00043275
-0.13129 -6.60729e-05 -0.299983 -9.43268e-05 -2.31524 -0.000415634
-0.068658 -3.45527e-05 -0.293474 -9.22801e-05 -2.19335 -0.000393753
-0.0087763 -4.41675e-06 -0.293875 -9.24063e-05 -2.04698 -0.000367476
0.0378546 1.90507e-05 -0.298295 -9.3796e-05 -1.87851 -0.000337233
0.0618196 3.11113e-05 -0.299599 -9.42061e-05 -1.69244 -0.00030383
0.0865323 4.35481e-05 -0.301449 -9.47878e-05 -1.48964 -0.000267423
0.110022 5.53697e-05 -0.305022 -9.59115e-05 -1.27296 -0.000228524
0.130803 6.58275e-05 -0.309393 -9.72857e-05 -1.04587 -0.000187756
0.150687 7.58343e-05 -0.311821 -9.80493e-05 -0.811347 -0.000145654
0.170987 8.60505e-05 -0.310299 -9.75706e-05 -0.572779 -0.000102826
0.191823 9.65368e-05 -0.30448 -9.57411e-05 -0.333509 -5.98719e-05
0.213814 0.000107604 -0.29397 -9.24361e-05 -0.0967491 -1.73685e-05
0.238101 0.000119827 -0.277451 -8.72421e-05 0.104982 1.88464e-05
0.265363 0.000133546 -0.253906 -7.98386e-05 0.288378 5.17699e-05
0.295752 0.00014884 -0.222463 -6.99514e-05 0.462466 8.30224e-05
0.329524 0.000165836 -0.182508 -5.73879e-05 0.626028 0.000112385
0.366881 0.000184636 -0.139065 -4.37278e-05 0.77771 0.000139616
0.407739 0.000205198 -0.0890761 -2.80092e-05 0.915811 0.000164408
0.451919 0.000227432 -0.0306748 -9.6454e-06 1.03888 0.000186502
0.499333 0.000251294 0.0365586 1.14955e-05 1.14636 0.000205795
0.549864 0.000276724 0.112303 3.53126e-05 1.23814 0.000222273
0.603336 0.000303634 0.195608 6.15072e-05 1.31434 0.000235952
0.659547 0.000331923 0.285491 8.97702e-05 1.37526 0.000246889
0.718187 0.000361434 0.381157 0.000119852 1.42156 0.0002552
0.778771 0.000391923 0.481727 0.000151475 1.45415 0.000261052
0.840662 0.00042307 0.586009 0.000184265 1.47425 0.000264659
0.903122 0.000454504 0.692611 0.000217785 1.48327 0.000266278
0.965355 0.000485823 0.800146 0.000251599 1.48287 0.000266206
1.02653 0.00051661 0.907289 0.000285289 1.47479 0.000264757
1.0858 0.000546439 1.01267 0.000318425 1.46084 0.000262251
1.14234 0.000574895 1.11482 0.000350545 1.44281 0.000259014
1.1954 0.000601595 1.21223 0.000381174 1.42256 0.000255379
1.2443 0.000626206 1.30345 0.000409858 1.40195 0.00025168
1.2885 0.000648451 1.38713 0.00043617 1.38275 0.000248232
1.3276 0.000668124 1.46199 0.000459708 1.36651 0.000245318
1.36133 0.000685101 1.5268 0.000480088 1.35462 0.000243183
1.38963 0.000699344 1.58047 0.000496964 1.34822 0.000242034
1.41259 0.000710898 1.62209 0.000510051 1.34827 0.000242044
1.43044 0.000719881 1.65097 0.000519133 1.35545 0.000243331
1.44349 0.000726448 1.66666 0.000524068 1.37006 0.000245955
1.4521 0.00073078 1.66899 0.000524799 1.39209 0.00024991
1.45667 0.000733082 1.65805 0.000521359 1.4212 0.000255135
1.45761 0.000733556 1.6341 0.000513828 1.45677 0.000261521
1.45541 0.000732449 1.59777 0.000502404 1.49787 0.000268899
1.45081 0.000730132 1.55003 0.000487393 1.54321 0.000277038
1.44455 0.000726981 1.49214 0.00046919 1.59125 0.000285663
1.43724 0.000723301 1.42556 0.000448256 1.64025 0.00029446
1.4294 0.000719358 1.35202 0.000425131 1.6883 0.000303085
1.42151 0.000715385 1.27344 0.000400423 1.73334 0.000311172
1.41392 0.000711568 1.1919 0.000374782 1.77329 0.000318344
1.40697 0.000708067 1.10949 0.000348869 1.80607 0.000324228
1.40096 0.000705047 1.02832 0.000323346 1.82968 0.000328467
1.39626 0.000702681 0.950422 0.000298852 1.84228 0.000330729
1.39317 0.000701126 0.877715 0.00027599 1.84224 0.000330722
1.39196 0.000700516 0.811949 0.00025531 1.8282 0.0003282
1.39283 0.000700956 0.754671 0.000237299 1.7991 0.000322977
1.39596 0.000702528 0.707181 0.000222367 1.75426 0.000314926
1.40147 0.000705303 0.670488 0.000210829 1.69337 0.000303995
1.40954 0.000709361 0.64527 0.000202899 1.61655 0.000290205
1.42035 0.000714801 0.631861 0.000198683 1.52434 0.000273652
1.43407 0.000721706 0.630223 0.000198168 1.41772 0.000254511
1.45046 0.000729957 0.639427 0.000201062 1.29848 0.000233105
1.46929 0.000739432 0.659939 0.000207512 1.16773 0.000209633
1.49174 0.000750732 0.690603 0.000217154 1.02753 0.000184464
1.51492 0.000762399 0.730628 0.000229739 0.880374 0.000158046
1.53915 0.000774592 0.778766 0.000244876 0.728911 0.000130855
1.56568 0.000787943 0.833114 0.000261965 0.576284 0.000103455
1.59305 0.000801717 0.892281 0.00028057 0.425014 7.62991e-05
1.61657 0.00081355 0.954278 0.000300064 0.278148 4.99335e-05
1.63676 0.000823715 1.01853 0.000320267 0.138354 2.48375e-05
1.65336 0.000832067 1.08384 0.000340802 0.00873047 1.56731e-06
1.66502 0.000837934 1.14846 0.000361123 -0.118176 -2.12151e-05
1.67013 0.000840509 1.21051 0.000380635 -0.240174 -4.31164e-05
1.66801 0.000839441 1.26831 0.00039881 -0.341008 -6.12183e-05
1.65822 0.000834512 1.32049 0.000415215 -0.417724 -7.49904e-05
1.64006 0.000825377 1.36516 0.000429262 -0.467623 -8.39483e-05
1.6134 0.000811956 1.40042 0.00044035 -0.488867 -8.77621e-05
1.57884 0.000794566 1.42473 0.000447994 -0.480519 -8.62633e-05
1.53723 0.000773623 1.43684 0.000451803 -0.442139 -7.93733e-05
1.48923 0.000749466 1.43572 0.000451449 -0.373609 -6.70708e-05
1.43561 0.000722484 1.42064 0.000446707 -0.275375 -4.94357e-05
1.37738 0.000693179 1.39127 0.000437473 -0.148648 -2.66855e-05
1.31558 0.000662079 1.34773 0.00042378 -0.0149902 -2.69107e-06
1.25134 0.000629748 1.29023 0.000405702 0.130853 2.34908e-05
1.18585 0.000596789 1.2197 0.000383524 0.293212 5.26378e-05
1.12032 0.00056381 1.13739 0.000357641 0.469424 8.42717e-05
1.05571 0.000531295 1.04489 0.000328556 0.656138 0.000117791
0.992675 0.000499572 0.944181 0.000296889 0.849261 0.00015246
0.931668 0.00046887 0.837631 0.000263386 1.04436 0.000187486
0.872976 0.000439332 0.727882 0.000228876 1.23709 0.000222084
0.816705 0.000411014 0.617685 0.000194225 1.42326 0.000255505
0.762796 0.000383884 0.509807 0.000160304 1.59877 0.000287013
0.711098 0.000357866 0.406962 0.000127966 1.75954 0.000315875
0.661453 0.000332882 0.311723 9.80185e-05 1.90168 0.000341391
0.61375 0.000308875 0.226389 7.11861e-05 2.02171 0.00036294
0.567932 0.000285817 0.152884 4.80731e-05 2.1168 0.00038001
0.523931 0.000263673 0.092715 2.91534e-05 2.18468 0.000392197
0.481609 0.000242374 0.0469656 1.47679e-05 2.22371 0.000399204
0.440763 0.000221818 0.0162725 5.11674e-06 2.23281 0.000400838
0.401168 0.000201891 0.000777238 2.44395e-07 2.21156 0.000397023
0.362598 0.000182481 9.62277e-05 3.02579e-08 2.16028 0.000387816
0.324829 0.000163473 0.0133307 4.19173e-06 2.07999 0.000373403
0.287636 0.000144755 0.0391083 1.22973e-05 1.9724 0.000354087
0.25078 0.000126207 0.0756356 2.37829e-05 1.83974 0.000330273
0.213972 0.000107683 0.120758 3.79712e-05 1.68477 0.000302452
0.176843 8.89976e-05 0.172027 5.40923e-05 1.51067 0.000271197
0.138936 6.99205e-05 0.22678 7.13088e-05 1.321 0.000237148
0.0997096 5.01797e-05 0.282221 8.87418e-05 1.1196 0.000200992
0.0773391 3.89215e-05 0.331184 0.000104138 0.911056 0.000163554
0.0605056 3.045e-05 0.372121 0.00011701 0.698718 0.000125435
0.0398725 2.00662e-05 0.404901 0.000127318 0.486764 8.73845e-05
0.0166083 8.35828e-06 0.430191 0.00013527 0.27745 4.98083e-05
-0.00940309 -4.73218e-06 0.44565 0.000140131 0.074555 1.33842e-05
-0.0394068 -1.98318e-05 0.4482 0.000140932 -0.139144 -2.49794e-05
-0.0733573 -3.69177e-05 0.436023 0.000137103 -0.35993 -6.46151e-05
-0.110146 -5.5432e-05 0.409016 0.000128612 -0.563985 -0.000101247
-0.149178 -7.50752e-05 0.367739 0.000115632 -0.748632 -0.000134395
-0.193181 -9.72201e-05 0.310909 9.77626e-05 -0.911873 -0.000163701
-0.240455 -0.000121011 0.237851 7.479e-05 -1.05321 -0.000189074
-0.290444 -0.000146168 0.139103 4.37396e-05 -1.17186 -0.000210374
-0.342705 -0.000172469 0.0246044 7.73662e-06 -1.26931 -0.000227867
-0.396815 -0.000199701 -0.103249 -3.24658e-05 -1.34537 -0.000241523
-0.4525 -0.000227724 -0.242667 -7.63044e-05 -1.40158 -0.000251613
-0.509056 -0.000256187 -0.391969 -0.000123251 -1.44028 -0.00025856
-0.565756 -0.000284721 -0.548924 -0.000172604 -1.46422 -0.000262859
-0.62169 -0.000312871 -0.710746 -0.000223488 -1.47607 -0.000264986
-0.675208 -0.000339804 -0.874654 -0.000275027 -1.47851 -0.000265425
-0.726222 -0.000365477 -1.03755 -0.000326248 -1.4748 -0.000264759
-0.774812 -0.000389931 -1.1963 -0.000376166 -1.46838 -0.000263605
-0.821323 -0.000413338 -1.34762 -0.000423745 -1.46259 -0.000262567
-0.866333 -0.000435989 -1.48816 -0.000467937 -1.46052 -0.000262195
-0.910475 -0.000458204 -1.6149 -0.000507791 -1.46493 -0.000262985
-0.954289 -0.000480254 -1.72536 -0.000542523 -1.4782 -0.000265368
-0.998169 -0.000502337 -1.81757 -0.000571517 -1.50226 -0.000269688
-1.03853 -0.000522647 -1.89132 -0.00059471 -1.53821 -0.000276141
-1.07219 -0.000539586 -1.94707 -0.00061224 -1.58617 -0.000284752
-1.10293 -0.000555059 -1.98297 -0.000623527 -1.64748 -0.000295758
-1.1306 -0.000568986 -1.99882 -0.000628512 -1.72129 -0.000309008
-1.15545 -0.00058149 -1.99521 -0.000627377 -1.80646 -0.000324298
-1.17722 -0.000592446 -1.97326 -0.000620475 -1.90161 -0.00034138
-1.19572 -0.000601758 -1.93459 -0.000608314 -2.00493 -0.000359928
-1.2112 -0.000609546 -1.88119 -0.000591522 -2.11388 -0.000379487
-1.22402 -0.000616 -1.81505 -0.000570726 -2.22549 -0.000399522
-1.23449 -0.000621266 -1.73836 -0.000546612 -2.33665 -0.000419479
-1.24303 -0.000625568 -1.65375 -0.000520006 -2.44419 -0.000438784
-1.25025 -0.0006292 -1.5641 -0.000491818 -2.54479 -0.000456843
-1.25667 -0.000632428 -1.47225 -0.000462935 -2.63504 -0.000473046
-1.26273 -0.000635481 -1.38088 -0.000434205 -2.71161 -0.000486792
-1.26892 -0.000638596 -1.29265 -0.000406463 -2.77143 -0.000497531
-1.27569 -0.000642001 -1.21016 -0.000380524 -2.8118 -0.000504778
-1.28342 -0.000645891 -1.13575 -0.000357128 -2.83045 -0.000508125
-1.29245 -0.000650436 -1.07144 -0.000336906 -2.8255 -0.000507237
-1.30306 -0.000655776 -1.0189 -0.000320383 -2.79559 -0.000501867
-1.3154 -0.000661989 -0.979447 -0.000307978 -2.73996 -0.000491882
-1.32948 -0.000669073 -0.954055 -0.000299994 -2.65853 -0.000477262
-1.34518 -0.000676971 -0.943268 -0.000296602 -2.55183 -0.000458108
-1.36234 -0.000685609 -0.947162 -0.000297827 -2.42105 -0.00043463
-1.38084 -0.000694921 -0.965334 -0.000303541 -2.26799 -0.000407152
-1.39999 -0.000704559 -0.996469 -0.000313331 -2.09521 -0.000376134
-1.41693 -0.000713085 -1.04026 -0.0003271 -1.90537 -0.000342055
-1.43284 -0.000721087 -1.09529 -0.000344405 -1.70202 -0.000305548
-1.44789 -0.000728662 -1.15957 -0.000364616 -1.48895 -0.000267298
-1.46184 -0.000735683 -1.2304 -0.000386888 -1.27046 -0.000228075
-1.47479 -0.0007422 -1.30514 -0.00041039 -1.05099 -0.000188675
-1.48711 -0.0007484 -1.38125 -0.00043432 -0.835011 -0.000149902
-1.49894 -0.000754355 -1.45603 -0.000457836 -0.627025 -0.000112564
-1.51028 -0.000760063 -1.52679 -0.000480086 -0.431373 -7.74406e-05
-1.52113 -0.000765521 -1.59108 -0.000500301 -0.252082 -4.5254e-05
-1.53126 -0.000770621 -1.64684 -0.000517834 -0.0927938 -1.66585e-05
-1.54013 -0.000775082 -1.69239 -0.000532155 0.0434381 7.79806e-06
-1.54704 -0.000778559 -1.72639 -0.000542848 0.134493 2.41444e-05
-1.55138 -0.000780745 -1.74802 -0.00054965 0.202441 3.63424e-05
-1.55266 -0.00078139 -1.75663 -0.000552358 0.245974 4.41576e-05
-1.55039 -0.00078025 -1.75192 -0.000550875 0.26489 4.75534e-05
-1.54411 -0.000777085 -1.73394 -0.000545221 0.259212 4.65341e-05
-1.53363 -0.00077181 -1.70323 -0.000535566 0.229268 4.11585e-05
-1.51907 -0.000764483 -1.66065 -0.000522178 0.175876 3.15735e-05
-1.50076 -0.000755273 -1.60725 -0.000505385 0.100501 1.8042e-05
-1.47931 -0.000744473 -1.54425 -0.000485576 -0.00450193 -8.08191e-07
-1.45543 -0.000732457 -1.4733 -0.000463267 -0.141023 -2.53166e-05
-1.42989 -0.000719604 -1.3962 -0.000439024 -0.29555 -5.30575e-05
-1.40327 -0.000706206 -1.31497 -0.000413479 -0.464338 -8.33586e-05
-1.37595 -0.00069246 -1.23184 -0.000387342 -0.643531 -0.000115527
-1.34824 -0.000678512 -1.14922 -0.000361362 -0.82921 -0.000148861
-1.32044 -0.000664525 -1.06947 -0.000336285 -1.01734 -0.000182633
-1.29298 -0.000650704 -0.994815 -0.000312811 -1.20379 -0.000216107
-1.26635 -0.0006373 -0.927307 -0.000291583 -1.38461 -0.000248567
-1.24108 -0.000624586 -0.868788 -0.000273183 -1.55613 -0.000279358
-1.21776 -0.000612848 -0.820851 -0.000258109 -1.7151 -0.000307898
-1.19694 -0.000602369 -0.784778 -0.000246766 -1.8587 -0.000333676
-1.17912 -0.000593401 -0.76153 -0.000239456 -1.98446 -0.000356254
-1.16464 -0.000586117 -0.751759 -0.000236384 -2.09041 -0.000375273
-1.1536 -0.00058056 -0.755829 -0.000237664 -2.1751 -0.000390477
-1.14577 -0.000576616 -0.773824 -0.000243322 -2.2377 -0.000401714
-1.14061 -0.000574021 -0.805522 -0.000253289 -2.27792 -0.000408936
-1.13739 -0.000572402 -0.850365 -0.00026739 -2.29607 -0.000412194
-1.13523 -0.000571312 -0.90744 -0.000285336 -2.29296 -0.000411636
-1.13308 -0.000570232 -0.975496 -0.000306736 -2.26995 -0.000407504
-1.12982 -0.000568593 -1.05295 -0.00033109 -2.22889 -0.000400133
-1.12435 -0.000565841 -1.13787 -0.000357792 -2.17211 -0.00038994
-1.1157 -0.000561484 -1.22799 -0.000386131 -2.10234 -0.000377414
-1.10302 -0.000555106 -1.32077 -0.000415303 -2.02256 -0.000363093
-1.08569 -0.000546382 -1.4134 -0.000444431 -1.93601 -0.000347556
-1.06328 -0.000535107 -1.50294 -0.000472586 -1.84602 -0.0003314
-1.03565 -0.000521201 -1.58633 -0.000498807 -1.75595 -0.00031523
-1.00284 -0.000504687 -1.66053 -0.000522139 -1.66904 -0.000299628
-0.965032 -0.000485661 -1.72263 -0.000541666 -1.58832 -0.000285137
-0.922485 -0.000464248 -1.76996 -0.000556548 -1.51648 -0.00027224
-0.875427 -0.000440566 -1.80021 -0.000566059 -1.45577 -0.000261341
-0.824051 -0.000414711 -1.8115 -0.000569611 -1.40793 -0.000252753
-0.768546 -0.000386778 -1.80246 -0.000566766 -1.37413 -0.000246686
-0.709135 -0.000356879 -1.77217 -0.000557243 -1.35493 -0.000243239
-0.646106 -0.000325159 -1.72029 -0.00054093 -1.35022 -0.000242393
-0.579819 -0.000291799 -1.64698 -0.000517877 -1.35927 -0.000244017
-0.510694 -0.000257011 -1.55294 -0.000488307 -1.38069 -0.000247863
-0.439175 -0.000221019 -1.4394 -0.000452605 -1.41252 -0.000253577
-0.366098 -0.000184242 -1.30827 -0.000411374 -1.45213 -0.000260687
-0.297454 -0.000149696 -1.1602 -0.000364815 -1.4966 -0.000268672
-0.227166 -0.000114323 -0.998317 -0.000313912 -1.54312 -0.000277023
-0.154938 -7.79737e-05 -0.826968 -0.000260033 -1.58716 -0.00028493
-0.0831263 -4.1834e-05 -0.649708 -0.000204295 -1.62473 -0.000291673
-0.0120187 -6.04851e-06 -0.469046 -0.000147487 -1.65204 -0.000296576
0.0549383 2.76482e-05 -0.288013 -9.05631e-05 -1.66556 -0.000299003
0.114719 5.77336e-05 -0.111295 -3.49957e-05 -1.66099 -0.000298183
0.171374 8.62453e-05 0.0592664 1.86358e-05 -1.63566 -0.000293636
0.225932 0.000113702 0.221693 6.97094e-05 -1.58672 -0.00028485
0.276754 0.000139279 0.366718 0.000115311 -1.51034 -0.000271138
0.322609 0.000162356 0.490242 0.000154152 -1.40632 -0.000252464
0.3644 0.000183387 0.598331 0.00018814 -1.27343 -0.000228608
0.402304 0.000202463 0.690329 0.000217068 -1.11118 -0.000199481
0.435821 0.00021933 0.764972 0.000240539 -0.919552 -0.000165079
0.465113 0.000234072 0.821315 0.000258255 -0.699688 -0.000125609
0.490871 0.000247035 0.859194 0.000270166 -0.453615 -8.14335e-05
0.513546 0.000258446 0.879078 0.000276418 -0.183886 -3.30114e-05
0.533495 0.000268486 0.882006 0.000277339 0.0693738 1.24541e-05
0.551463 0.000277528 0.868913 0.000273222 0.32192 5.77915e-05
0.568314 0.000286009 0.841574 0.000264625 0.583885 0.00010482
0.584865 0.000294338 0.80199 0.000252178 0.852104 0.000152971
0.601938 0.000302931 0.752465 0.000236606 1.12251 0.000201515
0.620474 0.000312259 0.69563 0.000218735 1.39012 0.000249555
0.641344 0.000322762 0.63435 0.000199466 1.6497 0.000296157
0.665175 0.000334755 0.571647 0.000179749 1.89653 0.000340468
0.692319 0.000348416 0.510593 0.000160552 2.12638 0.000381731
0.722961 0.000363836 0.454075 0.00014278 2.33529 0.000419234
0.757237 0.000381086 0.40507 0.000127371 2.51823 0.000452075
0.795801 0.000400494 0.363195 0.000114203 2.59854 0.000466493
0.837832 0.000421646 0.335951 0.000105637 2.61467 0.00046939
0.883528 0.000444643 0.326137 0.000102551 2.60067 0.000466876
0.931475 0.000468773 0.331785 0.000104327 2.58268 0.000463646
0.982484 0.000494443 0.351621 0.000110564 2.58846 0.000464683
1.03587 0.000521309 0.388006 0.000122005 2.5995 0.000466666
1.09113 0.00054912 0.442713 0.000139207 2.57535 0.00046233
1.14847 0.000577976 0.516039 0.000162264 2.49878 0.000448583
1.20798 0.000607929 0.605029 0.000190246 2.37977 0.000427219
1.26956 0.000638916 0.706311 0.000222093 2.24047 0.000402213
1.333 0.000670843 0.818044 0.000257227 2.09241 0.000375632
1.39806 0.000703587 0.938966 0.000295249 1.93069 0.0003466
1.46437 0.000736958 1.06675 0.000335431 1.74705 0.000313633
1.5314 0.000770692 1.198 0.000376701 1.54367 0.000277122
1.59856 0.000804489 1.32926 0.000417974 1.33319 0.000239335
1.66513 0.00083799 1.45766 0.000458348 1.12794 0.000202489
1.73026 0.000870769 1.58069 0.000497034 0.932115 0.000167334
1.79305 0.000902369 1.69583 0.000533239 0.74413 0.000133587
1.85258 0.000932329 1.80058 0.000566175 0.564278 0.0001013
8.93253 0.50736 0.841808 0.000264699 0.84133 0.000151037
8.93253 0.527683 1.26448 0.000397605 0.340487 6.11247e-05
5.40341 0.537902 1.20827 0.000379929 0.276281 4.95983e-05
5.62283 0.538012 1.23034 0.000386869 0.226689 4.06956e-05
0.142154 0.535254 40.6301 0.131981 -0.510144 -9.15816e-05
8.93253 0.551257 41.723 0.15059 -0.284661 -5.11027e-05
7.90797 0.553875 42.3175 0.160711 -0.473229 -8.49547e-05
8.93253 0.555846 39.9626 0.159971 -0.594289 -0.000106688
8.93253 0.572054 41.5741 0.160477 -0.703238 -0.000126246
8.93253 0.587034 42.5948 0.165432 -0.698174 -0.000125337
8.93253 0.59212 42.9722 0.171859 -0.64009 -0.00011491
8.93253 0.597827 43.1403 0.174721 -0.612893 -0.000110027
8.93253 0.608895 43.1869 0.175513 -0.607405 -0.000109042
8.93253 0.619634 43.2429 0.176466 -0.544815 -9.78059e-05
8.93253 0.626177 43.4181 0.17945 -0.411628 -7.38959e-05
8.93253 0.631777 43.6303 0.183063 -0.256031 -4.5963e-05
8.93253 0.638604 43.8077 0.186083 -0.134795 -2.41985e-05
8.93253 0.644883 43.9077 0.187786 -0.0277986 -4.99044e-06
8.93253 0.649172 43.9999 0.189356 0.113487 2.03733e-05
8.93253 0.652159 44.1807 0.192434 0.286449 5.14237e-05
8.93253 0.654668 44.4396 0.196842 0.463513 8.32105e-05
8.93253 0.656564 43.8024 0.201365 0.629034 0.000112925
8.93253 0.657715 38.7986 0.205579 0.79099 0.000142
8.93253 0.658572 33.4772 0.210062 0.96454 0.000173155
8.93253 0.659189 26.8173 0.215671 1.1489 0.000206251
8.93253 0.659608 19.1396 0.222138 1.33196 0.000239115
8.93253 0.659947 10.951 0.229036 1.50263 0.000269753
8.93253 0.660578 8.93253 0.235683 1.66408 0.000298737
8.93253 0.661501 8.93253 0.24305 1.81909 0.000326566
8.93253 0.662481 8.93253 0.251439 1.97155 0.000353935
8.93253 0.663499 8.93253 0.260568 2.11569 0.000379811
8.93253 0.664465 8.93253 0.270124 2.24521 0.000403064
8.93253 0.665938 8.93253 0.279002 2.3628 0.000424173
8.93253 0.667809 8.93253 0.288215 2.41516 0.000433573
8.93253 0.669994 8.93253 0.297907 2.4221 0.000434818
8.93253 0.672335 8.93253 0.308437 2.40899 0.000432466
8.93253 0.674833 8.93253 0.319366 2.39233 0.000429475
8.93253 0.677432 8.93253 0.33017 2.39062 0.000429167
8.93253 0.680382 8.93253 0.339683 2.40244 0.000431289
8.93253 0.683257 8.93253 0.34855 2.41334 0.000433245
8.93253 0.68603 8.93253 0.357481 2.40819 0.000432322
8.93253 0.68862 8.93253 0.36704 2.38805 0.000428707
8.93253 0.691252 8.93253 0.376705 2.377 0.000426723
8.93253 0.693725 8.93253 0.386203 2.37781 0.000426868
8.93253 0.696015 8.93253 0.395324 2.37924 0.000427125
8.93253 0.698281 8.93253 0.404081 2.37372 0.000426133
8.93253 0.700547 8.93253 0.412295 2.36365 0.000424325
8.93253 0.702716 8.93253 0.41971 2.35422 0.000422633
8.93253 0.704572 8.93253 0.426593 2.34776 0.000421473
8.93253 0.70615 8.93253 0.432901 2.3455 0.000421066
8.93253 0.707299 8.93253 0.438648 2.34454 0.000420894
8.93253 0.707857 8.93253 0.443796 2.3419 0.00042042
8.86619 0.707862 8.93253 0.448293 2.33764 0.000419655
8.5983 0.707727 8.93253 0.452021 2.33451 0.000419094
8.07725 0.707465 8.93253 0.454927 2.33428 0.000419053
7.28169 0.707064 8.93253 0.456967 2.3373 0.000419595
6.19719 0.706519 8.93253 0.458114 2.34173 0.000420391
4.81674 0.705824 8.89827 0.458371 2.34592 0.000421142
3.08248 0.704951 8.24649 0.458166 2.34873 0.000421646
0.424914 0.703614 6.97043 0.457765 2.35317 0.000422445
-0.145936 0.700262 5.2545 0.457225 2.35888 0.00042347
-0.435871 0.694028 3.10619 0.45655 2.366 0.000424748
-0.795339 0.686298 -0.0285106 0.455176 2.37472 0.000426313
-1.15496 0.678566 -0.285609 0.451599 2.38578 0.000428298
-1.50289 0.671085 -0.655916 0.446446 2.39423 0.000429816
-1.84281 0.663775 -1.08477 0.440479 2.40245 0.00043129
-2.16627 0.65682 -1.5641 0.433809 2.41369 0.000433308
-2.46866 0.650318 -2.08517 0.426558 2.42704 0.000435705
-2.74477 0.644381 -2.67111 0.418405 2.44014 0.000438056
-2.99397 0.639023 -3.31501 0.409445 2.45054 0.000439924
-3.21857 0.634194 -4.00091 0.399901 2.45981 0.000441589
-3.42268 0.629805 -4.69583 0.390231 2.46875 0.000443193
-3.60931 0.625792 -5.38591 0.380629 2.47585 0.000444468
-3.78106 0.622099 -6.0662 0.371163 2.47225 0.000443821
-3.94029 0.618675 -6.72955 0.361932 2.45167 0.000440127
-4.09043 0.615447 -7.36483 0.353093 2.41206 0.000433016
-4.2367 0.612302 -7.96074 0.344801 2.35461 0.000422703
-4.38578 0.609096 -8.50843 0.33718 2.28097 0.000409483
-4.54474 0.605678 -9.00218 0.330309 2.19103 0.000393336
-4.72033 0.601903 -9.43781 0.324247 2.08362 0.000374054
-4.91848 0.597642 -9.8123 0.319036 1.95857 0.000351605
-5.14352 0.592803 -10.1249 0.314687 1.81753 0.000326285
-5.39805 0.58733 -10.3782 0.311162 1.66322 0.000298583
-5.68494 0.581162 -10.5777 0.308386 1.49824 0.000268967
-6.00735 0.574229 -10.7302 0.306264 1.32474 0.000237819
-6.36189 0.566606 -10.846 0.304652 1.14518 0.000205584
-6.74694 0.558326 -10.9344 0.303422 0.962348 0.000172762
-7.15888 0.549469 -11.0073 0.302409 0.779843 0.000139998
-7.59236 0.540148 -11.0802 0.301394 0.601258 0.000107939
-8.04152 0.53049 -11.1674 0.30018 0.429952 7.71856e-05
-8.5017 0.520595 -11.2817 0.29859 0.268756 4.82474e-05
-8.97028 0.51052 -11.4342 0.296468 0.12021 2.15802e-05
-9.44643 0.500281 -11.6344 0.293683 -0.013297 -2.38709e-06
-9.93169 0.489847 -11.8869 0.290168 -0.120994 -2.17209e-05
-10.4295 0.479143 -12.191 0.285937 -0.201949 -3.62542e-05
-10.9418 0.468127 -12.5545 0.280879 -0.264789 -4.75353e-05
-11.4627 0.456926 -12.9881 0.274846 -0.304466 -5.46581e-05
-11.9623 0.446185 -13.505 0.267653 -0.328952 -5.90539e-05
-12.5001 0.434622 -14.0718 0.259765 -0.346827 -6.22627e-05
-13.0614 0.422551 -14.697 0.251066 -0.351547 -6.31101e-05
-13.644 0.410024 -15.3724 0.241668 -0.336185 -6.03524e-05
-14.2408 0.397193 -16.0948 0.231617 -0.297771 -5.34562e-05
-14.8538 0.384011 -16.8556 0.22103 -0.24109 -4.32807e-05
-15.485 0.37044 -17.6453 0.210041 -0.171522 -3.07918e-05
-16.1322 0.356522 -18.4541 0.198788 -0.0930839 -1.67105e-05
-16.7945 0.342282 -19.2721 0.187404 -0.0193042 -3.46551e-06
-17.4703 0.327752 -20.0894 0.176031 0.0559901 1.00514e-05
-18.1581 0.312961 -20.897 0.164794 0.134226 2.40965e-05
-18.8578 0.297917 -21.6834 0.153851 0.211442 3.79583e-05
-19.5692 0.282619 -22.4385 0.143345 0.283949 5.0975e-05
-20.2933 0.267051 -23.1527 0.133406 0.34946 6.27354e-05
-21.0311 0.251185 -23.8179 0.12415 0.406823 7.30334e-05
-21.7644 0.235418 -24.4287 0.115651 0.45462 8.1614e-05
-22.4952 0.219705 -24.9673 0.108156 0.490414 8.80398e-05
-23.2324 0.203854 -25.4399 0.10158 0.51358 9.21985e-05
-23.9857 0.187656 -25.8387 0.0960314 0.522277 9.37598e-05
-24.7202 0.171863 -26.1753 0.0913475 0.517996 9.29912e-05
-25.3622 0.158059 -26.4972 0.0868679 0.505156 9.06862e-05
-26.0193 0.143928 -26.7471 0.0833906 0.473422 8.49893e-05
-26.6638 0.130072 -26.9589 0.0804442 0.429126 7.70372e-05
-27.3006 0.116378 -27.1209 0.07819 0.371514 6.66947e-05
-27.9219 0.103019 -27.2453 0.0764591 0.302081 5.423e-05
-28.5256 0.0900387 -27.3416 0.0751183 0.22246 3.99364e-05
-29.1085 0.0775039 -27.4207 0.0740177 0.134272 2.41047e-05
-29.6668 0.0655001 -27.4892 0.0730645 0.0447144 8.02719e-06
-30.1912 0.0542247 -27.5513 0.0722012 -0.0487773 -8.75657e-06
-30.6735 0.043854 -27.6207 0.0712355 -0.133625 -2.39886e-05
-31.1277 0.0340882 -27.7078 0.070023 -0.213715 -3.83663e-05
-31.5582 0.0248304 -27.8173 0.0684993 -0.294453 -5.28605e-05
-31.9675 0.0160296 -27.9542 0.0665943 -0.379055 -6.80485e-05
-32.3604 0.00758263 -28.1208 0.0642767 -0.465001 -8.34775e-05
-32.6614 0.0011094 -28.3305 0.0613585 -0.546274 -9.80678e-05
-32.6764 0.000786443 -28.6721 0.056605 -0.610885 -0.000109667
-32.684 0.000622853 -29.0182 0.0517893 -0.67984 -0.000122046
-32.6893 0.000509014 -29.3966 0.0465238 -0.742198 -0.00013324
-32.6934 0.000420494 -29.7512 0.0415893 -0.803487 -0.000144243
-32.6966 0.000352887 -30.1289 0.0363339 -0.859711 -0.000154336
-32.6992 0.000296265 -30.5357 0.0306734 -0.911172 -0.000163575
-32.7016 0.00024573 -30.9792 0.0245026 -0.957188 -0.000171836
-32.7037 0.000200868 -31.4522 0.0179197 -0.998613 -0.000179272
-32.7055 0.00016111 -31.9471 0.0110333 -1.03626 -0.00018603
-32.7072 0.000124823 -32.4671 0.00379858 -1.07027 -0.000192136
-32.709 8.61906e-05 -32.7123 0.000385585 -1.11333 -0.000199867
-32.7105 5.39927e-05 -32.7277 0.000171208 -1.15662 -0.000207638
-32.7119 2.42032e-05 -32.7353 6.57828e-05 -1.1936 -0.000214277
-32.7133 -5.68077e-06 -32.7408 -9.88556e-06 -1.23137 -0.000221058
-32.7145 -3.31226e-05 -32.7452 -7.10311e-05 -1.27462 -0.000228821
-32.7157 -5.71888e-05 -32.7486 -0.000119581 -1.31831 -0.000236665
-32.7167 -7.98394e-05 -32.7514 -0.000157471 -1.35871 -0.000243917
-32.7177 -0.000101755 -32.7536 -0.000188788 -1.39924 -0.000251194
-32.7187 -0.000121888 -32.7556 -0.000217025 -1.44466 -0.000259347
-32.7259 -0.000277776 -32.6991 -0.000208897 -1.5191 -0.000272712
-32.107 3.36972e-05 -32.2099 -5.50821e-05 -1.63059 -0.000292726
-31.7891 0.000193663 -31.993 1.31272e-05 -1.75539 -0.000315131
-32.288 -5.741e-05 -32.4803 -0.00014011 -1.71471 -0.000307826
-32.6277 -0.000228354 -32.7581 -0.000251711 -1.69938 -0.000305075
-32.4933 -0.000160727 -32.7387 -0.000255852 -1.7561 -0.000315258
-32.2673 -4.6977e-05 -32.6735 -0.000235362 -1.80411 -0.000323875
-32.3289 -7.79985e-05 -32.7535 -0.000260528 -1.80475 -0.00032399
-32.5391 -0.00018375 -32.7626 -0.000314181 -1.78271 -0.000320035
-32.5533 -0.000190889 -32.7648 -0.000344058 -1.79415 -0.000322088
-32.4906 -0.000159372 -32.7654 -0.000352702 -1.81609 -0.000326027
-32.4857 -0.000156895 -32.7664 -0.000366684 -1.81679 -0.000326152
-32.5137 -0.000170979 -32.7677 -0.00038511 -1.81298 -0.000325469
-32.555 -0.000191747 -32.7693 -0.000407092 -1.81456 -0.000325753
-32.5666 -0.000197576 -32.7706 -0.000425011 -1.82439 -0.000327517
-32.5464 -0.000187458 -32.7712 -0.000433096 -1.83967 -0.000330261
-32.5353 -0.00018185 -32.7716 -0.000438705 -1.85224 -0.000332516
-32.5496 -0.000189066 -32.7721 -0.00044655 -1.86452 -0.000334721
-32.5688 -0.000198717 -32.7727 -0.00045381 -1.88295 -0.000338029
-32.5661 -0.000197324 -32.7725 -0.000455916 -1.9086 -0.000342634
-32.5583 -0.00019344 -32.7624 -0.000452724 -1.93786 -0.000347887
-32.559 -0.000193769 -32.7431 -0.000446655 -1.96703 -0.000353123
-32.5662 -0.000197413 -32.7152 -0.000437895 -1.99898 -0.000358859
-32.5649 -0.000196747 -32.6736 -0.000424817 -2.03484 -0.000365297
-32.5593 -0.000193933 -32.6196 -0.000407822 -2.07252 -0.000372062
-32.5581 -0.000193332 -32.5574 -0.000388276 -2.10823 -0.000378471
-32.5517 -0.000190092 -32.4902 -0.00036712 -2.14135 -0.000384418
-32.5413 -0.000184842 -32.4192 -0.000344805 -2.17172 -0.00038987
-32.5334 -0.000180887 -32.3475 -0.000322273 -2.19794 -0.000394577
-32.5295 -0.000178907 -32.2755 -0.000299616 -2.21825 -0.000398223
-32.5239 -0.000176119 -32.2002 -0.000275952 -2.23206 -0.000400702
-32.5144 -0.000171315 -32.1218 -0.000251281 -2.23897 -0.000401943
-32.5047 -0.000166451 -32.0443 -0.000226917 -2.23571 -0.000401358
-32.498 -0.000163055 -31.9712 -0.000203954 -2.21834 -0.000398239
-32.4925 -0.00016031 -31.9031 -0.000182536 -2.18534 -0.000392316
-32.4855 -0.000156776 -31.8393 -0.000162472 -2.13638 -0.000383527
-32.4769 -0.000152478 -31.781 -0.00014413 -2.07154 -0.000371885
-32.469 -0.000148483 -31.7307 -0.000128326 -1.99091 -0.00035741
-32.4612 -0.000144548 -31.6905 -0.000115668 -1.89468 -0.000340135
-32.452 -0.000139919 -31.6603 -0.000106171 -1.78345 -0.000320168
-32.4406 -0.000134191 -31.6395 -9.96444e-05 -1.65836 -0.000297711
-32.4277 -0.000127692 -31.6282 -9.6093e-05 -1.52093 -0.00027304
-32.4143 -0.000120949 -31.6264 -9.55101e-05 -1.37311 -0.000246503
-32.4007 -0.000114098 -31.6329 -9.75596e-05 -1.21716 -0.000218505
-32.3863 -0.000106883 -31.6459 -0.000101642 -1.05541 -0.000189469
-32.3715 -9.94248e-05 -31.6638 -0.000107294 -0.890195 -0.000159809
-32.3577 -9.24467e-05 -31.6856 -0.000114151 -0.723973 -0.000129969
-32.3442 -8.56886e-05 -31.7092 -0.00012156 -0.559634 -0.000100466
-32.3304 -7.87531e-05 -31.7324 -0.000128851 -0.400082 -7.18233e-05
-32.3164 -7.16755e-05 -31.7537 -0.00013556 -0.247832 -4.4491e-05
-32.3021 -6.44668e-05 -31.772 -0.000141305 -0.105208 -1.88871e-05
-32.2868 -5.67854e-05 -31.7858 -0.000145647 0.0255183 4.58108e-06
-32.2696 -4.81477e-05 -31.7953 -0.000148614 0.112861 2.0261e-05
-32.2504 -3.84662e-05 -31.7972 -0.000149241 0.169666 3.04587e-05
-32.2261 -2.62497e-05 -31.7923 -0.000147677 0.214481 3.85039e-05
-32.2007 -1.34666e-05 -31.7835 -0.000144933 0.252479 4.53254e-05
-32.176 -1.01131e-06 -31.7713 -0.000141089 0.285456 5.12454e-05
-32.1447 1.47141e-05 -31.7507 -0.000134594 0.308008 5.5294e-05
-32.1054 3.45013e-05 -31.7199 -0.000124922 0.315485 5.66363e-05
-32.06 5.73571e-05 -31.6809 -0.000112644 0.307466 5.51967e-05
-32.0094 8.27992e-05 -31.635 -9.82389e-05 0.285063 5.11749e-05
-31.9523 0.000111558 -31.581 -8.12466e-05 0.24998 4.48768e-05
-31.8812 0.000147353 -31.5152 -6.05636e-05 0.201421 3.61594e-05
-31.7961 0.000190184 -31.4388 -3.65366e-05 0.138914 2.4938e-05
-31.6953 0.000240868 -31.3527 -9.4488e-06 0.0588192 1.05593e-05
-31.5708 0.00030356 -31.2537 2.16759e-05 -0.0328677 -5.90045e-06
-31.407 0.000385963 -31.1383 5.79507e-05 -0.128584 -2.30836e-05
-31.1723 0.000504083 -31.0022 0.000100769 -0.229049 -4.11191e-05
-30.7772 0.000702952 -30.84 0.000151751 -0.335149 -6.01663e-05
-29.728 0.00123095 -30.6441 0.00021334 -0.44702 -8.02497e-05
-25.6647 0.00327584 -30.4051 0.000288503 -0.561204 -0.000100748
-20.5882 0.00583063 -30.075 0.000392289 -0.675219 -0.000121216
-15.5431 0.00836965 -29.5628 0.000553372 -0.785288 -0.000140976
-10.6185 0.010848 -28.5678 0.000866232 -0.890019 -0.000159777
-4.83954 0.0137563 -26.2614 0.00159147 -0.989347 -0.000177609
0.0316372 0.0186417 -23.0161 0.00261192 -1.08041 -0.000193957
0.13723 0.0268184 -19.0736 0.0038516 -1.1618 -0.000208567
0.286683 0.0383916 -15.6216 0.00493704 -1.2293 -0.000220685
0.460942 0.0518856 -12.6014 0.00588673 -1.28287 -0.000230302
0.641813 0.0658915 -9.94656 0.00672151 -1.32175 -0.000237281
0.815362 0.0793306 -6.82883 0.00770185 -1.34703 -0.000241821
0.979916 0.0920731 -2.98889 0.00890929 -1.35877 -0.000243928
1.1459 0.104926 0.00891708 0.0102969 -1.3551 -0.000243269
1.30755 0.117444 0.0393201 0.0118235 -1.33401 -0.000239483
1.46359 0.129527 0.0712715 0.0134279 -1.2951 -0.000232498
1.61487 0.141242 0.100097 0.0148753 -1.2384 -0.000222319
1.76206 0.152639 0.130255 0.0163897 -1.16701 -0.000209503
1.90919 0.164032 0.158361 0.017801 -1.08067 -0.000194004
2.05439 0.175276 0.189015 0.0193402 -0.981529 -0.000176205
2.19787 0.186387 0.220042 0.0208982 -0.869476 -0.000156089
2.34042 0.197426 0.251869 0.0224963 -0.746973 -0.000134097
2.48248 0.208426 0.287092 0.024265 -0.616798 -0.000110728
2.6303 0.219873 0.337391 0.0267907 -0.485094 -8.70846e-05
2.79438 0.232579 0.405012 0.0301862 -0.351989 -6.31895e-05
2.95305 0.244865 0.476051 0.0337533 -0.214163 -3.84468e-05
3.10541 0.256664 0.554671 0.037701 -0.0738868 -1.32643e-05
3.26492 0.269016 0.643486 0.0421608 0.0189225 3.39699e-06
3.43432 0.282134 0.744991 0.0472576 0.090708 1.6284e-05
3.60502 0.295352 0.860411 0.0530533 0.157123 2.82069e-05
3.77782 0.308733 0.987756 0.0594477 0.224174 4.02441e-05
3.95746 0.322644 1.12934 0.0665572 0.292874 5.25772e-05
4.14464 0.337138 1.28623 0.0744349 0.3587 6.43942e-05
4.33711 0.352042 1.45758 0.0830392 0.417351 7.49233e-05
4.53489 0.367358 1.64343 0.0923712 0.468117 8.40369e-05
4.73966 0.383214 1.84378 0.102432 0.51384 9.22453e-05
4.95142 0.399612 2.05804 0.11319 0.557685 0.000100116
5.16876 0.416442 2.2853 0.124602 0.599837 0.000107684
5.39097 0.433649 2.52503 0.136639 0.638077 0.000114548
5.61779 0.451213 2.77679 0.149281 0.670996 0.000120458
5.84822 0.469057 3.03959 0.162477 0.699835 0.000125635
6.07979 0.486989 3.31254 0.176183 0.726998 0.000130512
6.31185 0.504959 3.59426 0.190329 0.754203 0.000135396
6.54462 0.522984 3.88302 0.204829 0.781445 0.000140286
6.77822 0.541073 4.17681 0.219581 0.808346 0.000145115
7.01235 0.559204 4.47348 0.234478 0.835487 0.000149988
7.24629 0.577319 4.77125 0.24943 0.864487 0.000155194
7.4787 0.595316 5.06877 0.264369 0.896915 0.000161015
7.70773 0.613051 5.36496 0.279242 0.933481 0.00016758
7.93157 0.630384 5.65861 0.293987 0.974242 0.000174897
8.1491 0.647229 5.94834 0.308535 1.01939 0.000183001
8.35985 0.663549 6.23259 0.322808 1.06964 0.000192023
8.56368 0.679333 6.50979 0.336728 1.12597 0.000202135
8.76067 0.694587 6.77842 0.350217 1.18904 0.000213459
8.93253 0.709354 7.03703 0.363202 1.25902 0.000226021
8.93253 0.72414 7.2829 0.375548 1.33629 0.000239893
8.93253 0.738594 7.51635 0.387271 1.41987 0.000254898
8.93253 0.752648 7.73654 0.398327 1.51038 0.000271146
8.93253 0.766054 7.94258 0.408673 1.60777 0.000288629
8.93253 0.778037 8.12855 0.418011 1.71165 0.000307278
8.93253 0.789823 8.29264 0.426251 1.82044 0.000326808
8.93253 0.800572 8.45764 0.434536 1.93306 0.000347026
8.93253 0.811204 8.6107 0.442221 2.0494 0.000367911
8.93253 0.821606 8.75359 0.449397 2.16532 0.00038872
8.93253 0.831938 8.87313 0.455399 2.28123 0.000409529
8.93253 0.841962 8.93253 0.46081 2.39424 0.000429818
8.93253 0.851708 8.93253 0.465896 2.43623 0.000437355
8.93253 0.861449 8.93253 0.470799 2.44186 0.000438366
8.93253 0.870729 8.93253 0.475995 2.43792 0.000437658
8.93253 0.879558 8.93253 0.481322 2.4417 0.000438338
8.93253 0.887902 8.93253 0.486768 2.45952 0.000441536
8.93253 0.896041 8.93253 0.492432 2.48249 0.00044566
8.93253 0.903937 8.93253 0.498421 2.49924 0.000448667
8.93253 0.911459 8.93253 0.504693 2.50367 0.000449462
8.93253 0.918675 8.93253 0.511236 2.50098 0.00044898
8.93253 0.925649 8.93253 0.518103 2.50207 0.000449175
8.93253 0.932178 8.93253 0.525375 2.51052 0.000450692
8.93253 0.93818 8.93253 0.533034 2.51996 0.000452386
8.93253 0.943676 8.93253 0.541074 2.52244 0.000452832
8.93253 0.948724 8.93253 0.549432 2.51772 0.000451985
8.93253 0.953356 8.93253 0.557814 2.51211 0.000450977
8.93253 0.957455 8.93253 0.566393 2.50887 0.000450395
8.93253 0.961052 8.93253 0.575144 2.5082 0.000450275
8.93253 0.964174 8.93253 0.584019 2.50653 0.000449976
8.93253 0.966832 8.93253 0.59291 2.50141 0.000449056
8.93253 0.969058 8.93253 0.601695 2.49376 0.000447683
8.93253 0.971355 8.93253 0.612374 2.48524 0.000446153
8.93253 0.973266 8.93253 0.622534 2.48036 0.000445278
8.93253 0.974929 8.93253 0.631958 2.47662 0.000444606
8.93253 0.976244 8.93253 0.640449 2.47077 0.000443555
8.93253 0.976839 8.93253 0.647762 2.46419 0.000442375
8.93253 0.977451 8.93253 0.654052 2.46141 0.000441875
8.93253 0.977809 8.93253 0.659413 2.46388 0.000442318
8.77739 0.977731 8.93253 0.663744 2.46719 0.000442914
8.4487 0.977565 8.93253 0.666995 2.46637 0.000442767
7.93726 0.977308 8.93253 0.66912 2.46907 0.000443251
7.13814 0.976906 8.93253 0.670089 2.47924 0.000445076
5.96236 0.976314 8.71124 0.670101 2.48916 0.000446857
4.27643 0.975466 7.76566 0.669804 2.49623 0.000448126
1.98676 0.974313 6.05823 0.669267 2.50399 0.00044952
-0.0682596 0.971296 3.85794 0.668575 2.51401 0.000451319
-0.320668 0.963835 0.902405 0.667646 2.52462 0.000453223
-0.662549 0.953729 -0.109454 0.665147 2.53691 0.000455429
-0.884803 0.947159 -0.797852 0.651215 30.7582 0.0818695
-1.36171 0.933061 -0.0297899 0.647934 31.2638 0.0914802
-1.70417 0.922938 -0.497862 0.638724 32.1656 0.108623
-2.15497 0.909613 -0.863707 0.631526 31.4671 0.109265
-2.6167 0.895964 -1.23973 0.624128 32.2459 0.11015
-3.05594 0.88298 -1.6759 0.615546 32.9156 0.12288
-3.49571 0.86998 -2.17531 0.605721 33.4416 0.132878
-3.94528 0.856691 -2.66671 0.596052 33.6596 0.137023
-4.39427 0.843419 -3.13767 0.586786 33.7267 0.138298
-4.85104 0.829917 -3.60232 0.577644 33.8889 0.141381
-5.30111 0.816613 -4.08493 0.568149 34.2029 0.147351
-5.74595 0.803463 -4.55028 0.558993 34.4368 0.151797
-6.19159 0.79029 -4.96908 0.550753 34.0987 0.152219
-6.62875 0.777368 -5.36414 0.54298 33.3235 0.15208
-7.05657 0.764721 -5.73439 0.535696 32.7902 0.151984
-7.47417 0.752377 -6.07846 0.528926 32.1614 0.151871
-7.88436 0.740252 -6.39404 0.522717 30.5699 0.151586
-8.29188 0.728206 -6.6774 0.517142 24.6776 0.150528
-8.70053 0.716126 -6.93132 0.512146 15.3852 0.14886
-9.11423 0.703897 -7.16413 0.507566 5.75633 0.147131
-9.53838 0.691359 -7.37573 0.503402 -0.23142 0.14479
-9.97603 0.678422 -7.56238 0.49973 -0.795887 0.141601
-10.4213 0.66526 -7.74347 0.496167 -1.48234 0.137722
-10.8702 0.65199 -7.93174 0.492463 -2.09223 0.134275
-11.3181 0.638749 -8.13845 0.488396 -2.65908 0.131072
-11.7179 0.626931 -8.39356 0.483377 -3.25201 0.127722
-12.0997 0.615646 -8.6895 0.477554 -3.89703 0.124077
-12.4695 0.604716 -9.02829 0.470888 -4.52715 0.120517
-12.8494 0.593485 -9.40423 0.463492 -5.08888 0.117342
-13.2447 0.581799 -9.81937 0.455324 -5.57144 0.114616
-13.6587 0.569562 -10.2693 0.446471 -5.85835 0.112995
-14.1025 0.556443 -10.7515 0.436985 -6.1116 0.111563
-14.5824 0.542257 -11.2617 0.426947 -6.27038 0.110666
-15.0997 0.526966 -11.7944 0.416466 -6.40573 0.109901
-15.651 0.510671 -12.3429 0.405673 -6.53934 0.109146
-16.2277 0.493622 -12.9037 0.39464 -6.67729 0.108367
-16.8402 0.475518 -13.4885 0.383133 -6.8028 0.107658
-17.4805 0.456591 -14.0965 0.371171 -6.90357 0.107088
-18.1304 0.437378 -14.7174 0.358954 -6.97916 0.106661
-18.7693 0.418494 -15.3285 0.346932 -7.03981 0.106319
-19.3707 0.400715 -15.9199 0.335295 -7.11347 0.105902
-19.9449 0.383741 -16.5001 0.323882 -7.18485 0.105499
-20.5038 0.367222 -17.1037 0.312004 -7.24154 0.105179
-21.0612 0.350743 -17.7454 0.299379 -7.27438 0.104993
-21.6016 0.33477 -18.3824 0.286847 -7.2989 0.104855
-22.1023 0.31997 -19.0254 0.274196 -7.33299 0.104662
-22.5774 0.305926 -19.6823 0.26127 -7.3504 0.104564
-23.0154 0.292979 -20.3631 0.247877 -7.37546 0.104422
-23.4213 0.28098 -21.0593 0.234178 -7.3923 0.104327
-23.7933 0.269985 -21.7572 0.220448 -7.40812 0.104237
-24.1281 0.260087 -22.4517 0.206783 -7.43468 0.104087
-24.4311 0.251131 -23.1369 0.193302 -7.47572 0.103855
-24.7048 0.243041 -23.8047 0.180163 -7.53202 0.103537
-24.9541 0.23567 -24.4428 0.167608 -7.6007 0.103149
-25.1837 0.228884 -25.0407 0.155845 -7.6875 0.102659
-25.4013 0.222451 -25.5899 0.14504 -7.79926 0.102027
-25.6165 0.216089 -26.0822 0.135354 -7.93917 0.101237
-25.8372 0.209565 -26.5103 0.126931 -8.10595 0.100294
-26.0657 0.202813 -26.8708 0.119837 -8.29815 0.0992082
-26.3037 0.195775 -27.1661 0.114027 -8.51312 0.0979934
-26.5481 0.188552 -27.4044 0.109338 -8.72106 0.0968185
-26.7996 0.181118 -27.5956 0.105577 -8.76016 0.0965276
-27.0477 0.173784 -27.7415 0.102707 -7.95655 0.0966719
-27.2855 0.166753 -27.8497 0.100578 -6.8721 0.0968665
-27.5148 0.159976 -27.9311 0.0989768 -6.53723 0.0969267
-27.6962 0.154612 -28.0146 0.097333 -5.54932 0.097104
-27.8545 0.149934 -28.1046 0.095562 -0.102691 0.0980818
-28.003 0.145545 -28.1861 0.0939592 0.906756 0.0995259
-28.1448 0.141353 -28.2691 0.0923267 1.80535 0.100939
-28.2794 0.137374 -28.3632 0.0904743 2.93157 0.102709
-28.4065 0.133619 -28.4713 0.0883483 4.15439 0.104632
-28.5231 0.130169 -28.5973 0.0858688 5.63814 0.106965
-28.6273 0.12709 -28.7468 0.0829262 7.30937 0.109593
-28.7176 0.124422 -28.9255 0.0794115 8.79081 0.111922
-28.7881 0.122338 -29.1365 0.0752603 9.84578 0.11358
-28.8392 0.120828 -29.3803 0.0704631 10.4752 0.11457
-28.8781 0.119678 -29.6505 0.065147 10.8141 0.115103
-28.9086 0.118777 -29.9385 0.0594795 10.968 0.115345
-28.9359 0.11797 -30.2341 0.0536638 10.7145 0.115299
-28.9667 0.117059 -30.5274 0.047894 10.0137 0.115174
-29.0089 0.115811 -30.8077 0.0423796 8.92349 0.114978
-29.0701 0.114002 -31.0624 0.0373678 7.61276 0.114743
-29.1622 0.111278 -31.2815 0.0330573 6.1231 0.114475
-29.2889 0.107532 -31.4541 0.0296615 4.47779 0.11418
-29.4541 0.102649 -31.5739 0.0273032 2.73375 0.113867
-29.6592 0.096587 -31.639 0.0260226 0.991256 0.113554
-29.9018 0.0894149 -31.5836 0.0257955 -0.0348862 0.113222
-30.1727 0.0814075 -30.9206 0.0260039 -0.120521 0.112843
-30.4679 0.0726834 -29.6558 0.0264016 -0.206436 0.112462
-30.7835 0.0633538 -27.8904 0.0269568 -0.288495 0.112099
-31.1121 0.0536404 -25.7238 0.027638 -0.358722 0.111788
-31.4526 0.0435757 -23.3454 0.0283859 -0.40417 0.111587
-31.7501 0.0347814 -21.377 0.0290048 0.337541 0.112026
-32.0296 0.0265191 -19.3844 0.0296314 1.04715 0.112863
-32.2917 0.0187703 -17.7568 0.0301432 1.79632 0.113747
-32.5688 0.0105799 -16.532 0.0305283 2.56723 0.114656
-32.8387 0.00260017 -15.5461 0.0308383 3.31755 0.115541
-32.8946 0.000949077 -15.5377 0.0308409 4.02343 0.116374
-32.9019 0.000733358 -15.5392 0.0308405 4.37568 0.11679
-32.9062 0.000607405 -16.026 0.0306874 4.62095 0.117079
-32.9093 0.000513419 -17.1342 0.0303389 4.8851 0.117391
-32.9117 0.000443677 -18.6169 0.0298727 5.25655 0.117829
-32.9134 0.00039246 -20.2863 0.0293478 5.69822 0.11835
-32.9149 0.000349813 -22.2278 0.0287373 6.12194 0.11885
-32.9162 0.00031095 -24.5415 0.0280098 6.43673 0.119221
-32.9174 0.000274937 -27.1613 0.027186 6.63468 0.119455
-32.9185 0.000242709 -29.9221 0.0263179 6.79211 0.11964
-32.9195 0.00021362 -31.7066 0.0246931 6.99719 0.119882
-32.9204 0.000186321 -31.9358 0.0201836 7.24905 0.12018
-32.9214 0.000156622 -32.1874 0.0152327 7.33763 0.120284
-32.9224 0.000127856 -32.4399 0.0102646 7.36319 0.120314
-32.9233 0.000100286 -32.682 0.00550236 7.41562 0.120376
-32.9242 7.28228e-05 -32.8992 0.00122903 7.34533 0.120367
-32.9253 4.12309e-05 -32.9265 0.000692166 6.33998 0.120187
-32.9263 1.2338e-05 -32.9342 0.000540094 5.00217 0.119946
-32.9272 -1.39091e-05 -32.939 0.000445385 3.19164 0.119621
-32.9281 -4.05784e-05 -32.9429 0.000369171 1.00473 0.119229
-32.9289 -6.60278e-05 -32.946 0.00030838 -0.0920962 0.118621
-32.9297 -8.95363e-05 -32.9485 0.000259212 -0.279545 0.117752
-32.9305 -0.000110668 -32.9507 0.000216228 -0.497603 0.116741
-32.9311 -0.000130145 -32.9527 0.00017713 -0.734232 0.115643
-32.9317 -0.0001487 -32.9544 0.000142007 -0.974556 0.114529
-32.9323 -0.000165789 -32.956 0.000110477 -1.22325 0.113375
-32.9329 -0.000181554 -32.9575 8.11199e-05 -1.49245 0.112127
-32.9334 -0.000196331 -32.9589 5.34864e-05 -1.76953 0.110842
-32.9338 -0.0002099 -32.9603 2.7511e-05 0.101746 0.11126
-32.9342 -0.000222461 -32.9614 4.50584e-06 0.800965 0.112095
-32.9346 -0.000233797 -32.9626 -1.76754e-05 1.62387 0.113077
-32.935 -0.000243642 -32.9636 -3.92493e-05 2.47617 0.114095
-32.9352 -0.000252349 -32.9647 -5.90776e-05 3.20451 0.114964
-32.9355 -0.000259754 -32.9656 -7.69734e-05 4.80612 0.116877
-32.9357 -0.000265954 -32.9664 -9.35728e-05 9.3409 0.122291
-32.9359 -0.000272298 -32.9672 -0.000109071 22.6921 0.138231
-32.9361 -0.000277836 -32.968 -0.000124031 34.7932 0.158571
-32.9363 -0.000283481 -32.9687 -0.000137971 25.0412 0.183679
-32.9365 -0.000289914 -32.9692 -0.000148772 7.12096 0.208721
-32.9368 -0.000296976 -32.9696 -0.00015609 7.12096 0.223395
-32.937 -0.000304008 -32.9697 -0.000159215 7.12096 0.231433
-32.9372 -0.000310989 -32.9698 -0.000160015 7.12096 0.237042
-32.9375 -0.0003183 -32.9698 -0.00016007 7.12096 0.245945
-32.9377 -0.000326233 -32.9698 -0.000160422 7.12096 0.260221
-32.938 -0.00033462 -32.9692 -0.000160259 7.12096 0.276922
-32.9383 -0.000343578 -32.9635 -0.000158451 7.12096 0.290673
-32.9387 -0.000353076 -32.9523 -0.000154927 7.12096 0.299334
-32.9389 -0.000361308 -32.9389 -0.000150714 7.12096 0.304728
-32.9393 -0.000372124 -32.9322 -0.00014863 7.12096 0.310495
-32.9397 -0.000383126 -32.9338 -0.000149119 7.12096 0.318635
-32.9399 -0.000390866 -32.9363 -0.000149893 7.12096 0.32769
-32.9402 -0.000398775 -32.9425 -0.000151852 7.12096 0.334633
-32.9405 -0.000408201 -32.9525 -0.000155013 7.12096 0.337649
-32.9408 -0.000417551 -32.9657 -0.000159139 6.8859 0.337822
-32.9411 -0.00042571 -32.97 -0.000164644 6.63105 0.337777
-32.9414 -0.000433402 -32.9704 -0.000172292 6.87288 0.33782
-32.9417 -0.000441921 -32.9709 -0.000181984 6.67425 0.337784
-32.942 -0.000450718 -32.9714 -0.00019259 5.34029 0.337545
-32.9422 -0.000458784 -32.972 -0.000203634 3.37672 0.337192
-32.9425 -0.000466496 -32.9726 -0.000215635 0.174345 0.336617
-32.9428 -0.000474337 -32.9733 -0.000228447 -0.143474 0.334752
-32.943 -0.000481157 -32.9739 -0.000240732 -0.470076 0.330577
-32.9388 -0.000479074 -32.9743 -0.000248236 -0.924114 0.324772
-32.9295 -0.000474369 -32.9746 -0.000254483 -1.4196 0.318438
-32.9229 -0.000471026 -32.9749 -0.000261295 -1.75177 0.314191
-32.9204 -0.0004698 -32.9753 -0.000268027 -1.85424 0.312882
-32.9169 -0.00046805 -32.9756 -0.000273442 0.015246 0.313267
-32.9107 -0.000464916 -32.9758 -0.000277333 0.00906782 0.313631
-32.906 -0.000462535 -32.9759 -0.00028041 -0.106593 0.312358
-32.904 -0.000461523 -32.976 -0.000282716 -0.273114 0.310372
-32.9012 -0.00046015 -32.9758 -0.000283255 -0.415437 0.308675
-32.894 -0.000456488 -32.9697 -0.000281364 -0.5072 0.307581
-32.8803 -0.000449613 -32.9552 -0.000276795 -0.285966 0.307609
-32.8642 -0.000441483 -32.9318 -0.000269426 -0.286233 0.307609
-32.8445 -0.000431576 -32.8996 -0.000259318 -0.536468 0.307232
-32.8171 -0.000417818 -32.8603 -0.000246964 -0.611781 0.306334
-32.7895 -0.000403896 -32.8189 -0.000233945 -0.680227 0.305518
-32.7687 -0.000393442 -32.7782 -0.000221144 -0.72908 0.304935
-32.7414 -0.000379726 -32.7319 -0.000206568 -0.76054 0.30456
-32.7037 -0.000360758 -32.6778 -0.000189578 -0.780228 0.304325
-32.667 -0.000342247 -32.6216 -0.00017189 -0.806239 0.304015
-32.6333 -0.000325287 -32.5652 -0.00015415 -0.829192 0.303742
-32.5967 -0.000306897 -32.5061 -0.000135584 -0.844203 0.303563
-32.5565 -0.00028664 -32.4444 -0.000116174 -0.851554 0.303475
-32.5172 -0.000266851 -32.383 -9.68717e-05 -0.857571 0.303403
-32.479 -0.000247676 -32.3235 -7.81713e-05 -0.867535 0.303284
-32.4385 -0.000227275 -32.2656 -5.99639e-05 -0.881507 0.303118
-32.3947 -0.000205248 -32.2105 -4.26173e-05 -0.897162 0.302931
-32.3488 -0.00018215 -32.1604 -2.68894e-05 -0.915156 0.302716
-32.2996 -0.000157382 -32.1167 -1.31394e-05 -0.93909 0.302431
-32.2448 -0.000129777 -32.0792 -1.33517e-06 -0.971943 0.302039
-32.1839 -9.91476e-05 -32.0481 8.44043e-06 -1.01296 0.30155
-32.1174 -6.5681e-05 -32.0237 1.61158e-05 -1.05969 0.300993
-32.0447 -2.90748e-05 -32.005 2.19804e-05 -1.11107 0.30038
-31.9646 1.12112e-05 -31.9904 2.6588e-05 -1.16762 0.299706
-31.8766 5.55319e-05 -31.9781 3.04536e-05 -1.22937 0.29897
-31.7792 0.000104539 -31.9666 3.406e-05 -1.29449 0.298193
-31.6693 0.000159857 -31.9541 3.79861e-05 -1.36033 0.297408
-31.5409 0.000224449 -31.9387 4.28408e-05 -1.42518 0.296635
-31.3835 0.000303667 -31.9187 4.91362e-05 -1.48828 0.295882
-31.1763 0.000407926 -31.8928 5.72647e-05 -1.54092 0.295255
-30.855 0.000569634 -31.8582 6.8147e-05 -1.58193 0.294766
-30.0944 0.00095242 -31.8108 8.30646e-05 -1.61709 0.294346
-25.8829 0.00307192 -31.7625 9.82512e-05 -1.64718 0.293988
-19.3805 0.00634428 -31.7003 0.00011779 -1.68369 0.293552
-13.6472 0.00922964 -31.6101 0.000146147 -1.72883 0.293014
-7.07015 0.0125396 -31.501 0.000180479 -1.77112 0.29251
0.0269471 0.0189989 -31.3759 0.0002198 -1.80932 0.292054
0.153636 0.0326388 -31.2349 0.00026415 -1.84629 0.291613
0.357708 0.0546099 -31.0602 0.000319066 -1.88574 0.291143
0.596044 0.0802701 -30.8028 0.000400002 -1.92785 0.290641
0.837976 0.106317 -30.3587 0.000539651 -1.96984 0.29014
1.0803 0.132407 -29.1704 0.000913305 -2.01084 0.289651
1.32215 0.158446 -23.3092 0.00275631 -2.05241 0.289155
1.56614 0.184715 -14.9958 0.00537037 -2.09404 0.288659
1.80452 0.21038 -4.13411 0.00878574 -2.14123 0.288096
2.02746 0.234382 0.0842107 0.0163086 -2.19267 0.287483
2.2374 0.256985 0.24445 0.0281497 -2.23787 0.286944
2.44295 0.279116 0.438698 0.042504 -2.27244 0.286532
2.64482 0.300849 0.639895 0.0573718 -2.32292 0.28593
2.83081 0.320873 0.84064 0.0722062 -2.38669 0.285169
3.00615 0.339751 1.04672 0.0874349 -2.46934 0.284184
3.17152 0.357556 1.26201 0.103344 -2.57002 0.282983
3.32333 0.373901 1.48235 0.119627 -2.70324 0.281395
3.45692 0.388284 1.70262 0.135903 -2.86589 0.279455
3.57256 0.400734 1.92344 0.152221 -3.04577 0.27731
3.67257 0.411501 2.14629 0.168689 -3.22911 0.275124
3.75711 0.420603 2.36814 0.185083 -3.39653 0.273128
3.82465 0.427874 2.58439 0.201064 -3.5558 0.271228
3.87911 0.433738 2.79175 0.216387 -3.70892 0.269403
3.92023 0.438165 2.98669 0.230792 -3.87834 0.267382
3.95072 0.441447 3.17013 0.244348 -4.0667 0.265136
3.97628 0.444199 3.34144 0.257007 -4.26555 0.262765
3.99501 0.446216 3.49801 0.268577 -4.44455 0.260631
4.00613 0.447414 3.63806 0.278927 -4.59791 0.258802
4.01061 0.447896 3.76259 0.288128 -4.73291 0.257192
3.93044 0.447874 3.87321 0.296303 -4.73223 0.256445
3.55456 0.447684 3.96787 0.303298 -3.47086 0.256671
2.84161 0.447326 4.04651 0.30911 -0.652673 0.257177
1.87747 0.44684 4.11215 0.31396 0.156253 0.259062
0.530579 0.446163 4.16674 0.317994 0.509402 0.263058
-0.125478 0.444162 4.21446 0.321521 0.953604 0.268084
-0.398902 0.440385 4.25782 0.324725 1.39395 0.273066
-0.696896 0.436268 4.29499 0.327471 1.79245 0.277575
-0.973137 0.432452 4.32745 0.32987 2.15657 0.281695
-1.21898 0.429056 4.35646 0.332014 2.51444 0.285744
-1.42964 0.426146 4.38347 0.33401 2.86639 0.289726
-1.60237 0.423759 4.41081 0.33603 3.1849 0.29333
-1.74336 0.421812 4.44073 0.338241 3.4517 0.296349
-1.8613 0.420182 4.47504 0.340777 3.6747 0.298872
-1.96011 0.418817 4.51513 0.343739 3.86717 0.301049
-2.04015 0.417711 4.56162 0.347175 4.02565 0.302843
-2.10085 0.416873 4.61449 0.351081 4.13951 0.304131
-2.14073 0.416322 4.67328 0.355426 4.17213 0.304582
-2.13683 0.416191 4.73671 0.360113 3.48295 0.304458
-1.9966 0.416261 4.80289 0.365004 3.64714 0.304488
-1.65368 0.416434 4.8697 0.36994 4.19197 0.304724
-1.08363 0.416721 4.93489 0.374758 4.21786 0.305017
-0.179453 0.417176 4.99772 0.379401 4.23144 0.305171
0.0302505 0.419164 5.05374 0.38354 3.9719 0.30522
0.100319 0.423561 5.0961 0.38667 4.25429 0.30543
0.186306 0.428957 5.12664 0.388927 4.31404 0.306106
0.286522 0.435246 5.1424 0.390092 4.36177 0.306646
0.403156 0.442565 4.9362 0.39015 4.32255 0.306757
0.533898 0.45077 3.82118 0.3898 3.93731 0.306688
0.669787 0.459297 1.26543 0.388996 3.81747 0.306666
0.791263 0.46692 -0.216521 0.386018 4.36856 0.306765
0.930437 0.475654 -0.665667 0.380667 4.41917 0.307295
1.08186 0.485156 -1.17233 0.374629 4.48157 0.308001
1.23347 0.49467 -1.71885 0.368117 4.57387 0.309045
1.40026 0.505136 -2.2367 0.361947 4.69611 0.310429
1.55505 0.51485 -2.82807 0.354901 4.84097 0.312068
1.69196 0.523441 -3.46536 0.347307 5.00183 0.313888
1.82526 0.531807 -4.09984 0.339747 5.15425 0.315612
1.94264 0.539173 -4.72786 0.332264 5.29307 0.317183
2.03795 0.545153 -5.34932 0.324859 5.4152 0.318565
2.1168 0.550101 -5.945 0.317761 5.48904 0.3194
2.1777 0.553923 -6.51478 0.310972 5.51435 0.319686
2.21846 0.556481 -7.05566 0.304527 5.44647 0.319685
2.24264 0.557998 -7.56437 0.298465 5.47533 0.31969
2.2518 0.558573 -8.03946 0.292805 5.53685 0.319941
2.13392 0.558517 -8.4869 0.287473 5.59755 0.320628
1.82382 0.558361 -8.91237 0.282404 5.68844 0.321656
1.3254 0.55811 -9.31363 0.277622 5.78904 0.322794
0.673513 0.557782 -9.69332 0.273098 5.87632 0.323782
-0.0194064 0.55711 -10.0484 0.268868 5.93218 0.324414
-0.119806 0.555389 -10.3695 0.265041 5.95047 0.324621
-0.255563 0.553062 -10.6644 0.261528 5.86744 0.324607
-0.399104 0.550601 -10.9345 0.258309 5.85943 0.324606
-0.545519 0.54809 -11.1796 0.255388 5.96084 0.324738
-0.693367 0.545555 -11.4003 0.252759 5.98783 0.325044
-0.83854 0.543066 -11.5931 0.250462 5.99906 0.325171
-0.980925 0.540625 -11.7533 0.248553 5.82328 0.325139
-1.12512 0.538153 -11.8745 0.247108 5.45142 0.325072
-1.27465 0.535589 -11.9516 0.246189 4.56175 0.324913
-1.432 0.532892 -11.9832 0.245814 1.31033 0.324329
-1.59936 0.530022 -11.8109 0.245862 -0.0751283 0.323169
-1.77442 0.527021 -11.251 0.246038 -0.2418 0.321116
-1.9592 0.523853 -10.2742 0.246346 -0.444209 0.318623
-2.15481 0.520499 -8.88082 0.246784 -0.617673 0.316486
-2.36444 0.516905 -7.07214 0.247352 -0.721732 0.315205
-2.59235 0.512998 -4.85939 0.248048 -0.817666 0.314023
-2.84193 0.508719 -1.82974 0.249001 -0.92204 0.312738
-3.12711 0.503829 0.0346324 0.251207 -1.03562 0.311339
-3.45172 0.498264 0.119309 0.255194 -1.14804 0.309954
-3.80287 0.492243 0.224197 0.260133 -1.1913 0.309422
-4.17556 0.485854 0.334456 0.265324 -0.342407 0.309574
-4.56796 0.479126 0.444956 0.270527 0.0945388 0.31001
-4.96584 0.472305 0.554772 0.275698 0.152219 0.310249
-5.37005 0.465374 0.661453 0.280721 -0.0159134 0.310033
-5.78487 0.458262 0.764636 0.28558 -0.0610144 0.309501
-6.20828 0.451003 0.861396 0.290136 -0.0926935 0.309128
-6.6073 0.444162 0.947993 0.294213 0.0191069 0.309202
-7.01866 0.437109 1.02798 0.29798 0.147847 0.309721
-7.4443 0.429812 1.10054 0.301396 0.323414 0.31043
-7.88752 0.422213 1.16628 0.304492 0.464521 0.310999
-8.3467 0.41434 1.2249 0.307252 0.522478 0.311233
-8.81561 0.406301 1.27539 0.309629 0.435728 0.311223
-9.28534 0.398247 1.31691 0.311584 0.413347 0.311219
-9.74787 0.390317 1.34869 0.31308 0.553774 0.311359
-10.1956 0.382642 1.36922 0.314047 0.671635 0.311835
-10.6238 0.3753 1.37684 0.314406 0.833251 0.312487
-11.0326 0.36829 1.09936 0.314318 0.988978 0.313116
-11.4255 0.361554 0.363736 0.314087 1.09367 0.313538
-11.7904 0.355298 -0.0988029 0.313016 1.15331 0.313779
-12.1267 0.349533 -0.327597 0.310799 1.20119 0.313972
-12.4409 0.344145 -0.626212 0.307906 1.2674 0.31424
-12.7319 0.339157 -0.993157 0.304351 1.35747 0.314603
-12.995 0.334646 -1.42062 0.30021 1.40655 0.314801
-13.2272 0.330664 -1.90709 0.295498 1.41482 0.314835
-13.4267 0.327244 -2.45149 0.290224 1.43103 0.3149
-13.5944 0.324369 -3.04351 0.284488 1.45856 0.315011
-13.7338 0.321979 -3.6708 0.278411 1.49622 0.315163
-13.8507 0.319976 -4.31438 0.272177 1.73933 0.316144
-13.9477 0.318311 -4.97275 0.265799 2.10559 0.317623
-14.034 0.316833 -5.63171 0.259415 2.54713 0.319405
-14.1126 0.315484 -6.28622 0.253074 3.00316 0.321245
-14.1843 0.314255 -6.93241 0.246814 3.47978 0.323169
-14.2492 0.313142 -7.56297 0.240706 3.82251 0.324552
-14.3041 0.312201 -8.1808 0.23472 4.12266 0.325763
-14.3467 0.311471 -8.78793 0.228839 4.33976 0.32664
-14.3737 0.311008 -9.38759 0.22303 4.46231 0.327134
-14.3819 0.310868 -9.98352 0.217256 4.53528 0.327429
-14.3014 0.310908 -10.5781 0.211496 4.62946 0.327809
-14.0931 0.311013 -11.1586 0.205873 4.81542 0.328559
-13.714 0.311204 -11.7317 0.200321 4.98759 0.329254
-13.1662 0.311479 -12.3039 0.194778 5.1187 0.329783
-12.4205 0.311855 -12.882 0.189177 5.17166 0.329997
-11.4809 0.312328 -13.4628 0.18355 5.17235 0.330018
-10.306 0.312919 -14.0303 0.178053 5.17143 0.330018
-8.87722 0.313638 -14.6041 0.172494 5.22767 0.330223
-7.09767 0.314533 -15.1804 0.166911 5.34567 0.330699
-5.52974 0.315322 -15.7472 0.161421 5.50465 0.331341
-3.80411 0.316191 -16.2786 0.156272 5.66066 0.331971
-1.04093 0.317582 -16.8107 0.151117 5.76643 0.332398
0.0296187 0.320293 -17.3509 0.145884 5.82603 0.332638
0.0983266 0.325367 -17.8981 0.140583 5.85176 0.332742
0.19514 0.332517 -18.4203 0.135525 5.89265 0.332907
0.300546 0.340302 -18.8906 0.130969 5.972 0.333227
0.402071 0.3478 -19.2927 0.127073 6.09312 0.333716
0.493939 0.354585 -19.6009 0.124087 6.21822 0.334221
0.574124 0.360507 -19.7981 0.122177 6.29998 0.334551
0.640308 0.365395 -19.8828 0.121356 6.25901 0.334596
0.691912 0.369206 -19.6156 0.121403 5.97898 0.334546
0.727548 0.371838 -18.5202 0.121747 5.81273 0.334516
0.747581 0.373317 -16.645 0.122337 5.86385 0.334525
0.7484 0.37373 -14.0999 0.123137 5.91558 0.334534
0.540058 0.373625 -11.0696 0.12409 5.8111 0.334515
0.130136 0.373418 -7.65015 0.125165 5.45979 0.334452
-0.0776485 0.372448 -3.21907 0.126559 4.82644 0.334339
-0.246659 0.37048 0.0284623 0.1293 1.51688 0.333744
-0.445013 0.368169 0.10084 0.133696 -0.117416 0.331985
-0.63725 0.365929 0.184674 0.138789 -0.354726 0.328979
-0.819573 0.363806 0.265561 0.143702 -0.662692 0.325078
-0.976813 0.361974 0.339582 0.148199 -0.997484 0.320837
-1.09715 0.360572 0.402601 0.152027 -1.22223 0.31799
-1.1888 0.359504 0.459016 0.155453 -1.40139 0.31572
-1.2463 0.358835 0.508506 0.15846 -1.52507 0.314153
-1.26446 0.358623 0.552941 0.161159 -1.56227 0.313682
-1.17461 0.358668 0.596008 0.163775 -1.0114 0.313767
-0.939084 0.358787 0.64076 0.166493 0.0414661 0.314088
-0.550613 0.358982 0.688068 0.169367 0.305378 0.314974
0.000678199 0.359306 0.741377 0.172605 0.620737 0.316033
0.0183605 0.360531 0.80251 0.176319 0.976986 0.31723
0.0468614 0.362504 0.873998 0.180661 1.32861 0.318411
0.077063 0.364596 0.959172 0.185835 1.61666 0.319378
0.108343 0.366762 1.05888 0.191892 1.80496 0.320011
0.141803 0.369079 1.17487 0.198938 1.89808 0.320323
0.177849 0.371575 1.307 0.206963 1.92972 0.32043
0.216681 0.374264 1.4545 0.215923 1.94339 0.320476
0.258565 0.377164 1.61609 0.225739 1.95909 0.320528
0.298581 0.379935 1.78577 0.236046 1.96513 0.320557
0.339785 0.382788 1.96507 0.246938 1.81359 0.320529
0.390656 0.386311 2.15573 0.258519 1.44372 0.320463
0.446882 0.390205 2.35344 0.270529 1.10037 0.320401
0.503861 0.39415 2.55282 0.28264 0.810231 0.320349
0.56351 0.398281 2.75356 0.294834 0.450187 0.320285
0.625906 0.402601 2.95355 0.306982 -0.00215746 0.320178
0.686652 0.406808 3.1495 0.318885 -0.0434142 0.319675
0.749192 0.411139 3.33959 0.330432 -0.106966 0.318902
0.805972 0.41507 3.52443 0.34166 -0.170858 0.318124
0.855022 0.418467 3.70062 0.352362 -0.224709 0.317469
0.897064 0.421378 3.86473 0.362331 -0.267912 0.316943
0.933051 0.42387 4.01502 0.37146 -0.308974 0.316443
0.961526 0.425842 4.14973 0.379643 -0.355042 0.315883
0.979441 0.427083 4.26726 0.386782 -0.404349 0.315283
0.985812 0.427524 4.36611 0.392787 -0.451714 0.314706
0.837117 0.427449 4.44482 0.397568 -0.495974 0.314168
0.395799 0.427227 4.50152 0.401012 -0.541658 0.313612
-0.0580851 0.426258 4.53641 0.403132 -0.592655 0.312991
-0.304445 0.422993 4.55182 0.404067 -0.647268 0.312326
-0.646289 0.418463 4.1151 0.403938 -0.700963 0.311673
-1.07622 0.412766 2.81418 0.403529 -0.726606 0.311361
-1.59777 0.405855 0.371546 0.402761 -0.379511 0.311423
-2.16433 0.398347 -0.247163 0.399595 0.0893858 0.311822
-2.75933 0.390462 -0.687842 0.39416 0.284597 0.312545
-3.38111 0.382223 -1.2212 0.387581 0.465249 0.313214
-4.0153 0.373819 -1.83186 0.380049 0.628671 0.313819
-4.63969 0.365545 -2.53443 0.371382 0.767425 0.314333
-5.21856 0.357874 -3.30288 0.361904 0.867844 0.314705
-5.72404 0.351176 -4.101 0.352059 0.919778 0.314898
-6.15528 0.345461 -4.91184 0.342058 0.934509 0.314952
-6.5345 0.340436 -5.75094 0.331708 0.959019 0.315043
-6.88538 0.335786 -6.62871 0.320881 0.995618 0.315178
-7.20306 0.331576 -7.52585 0.309815 0.827852 0.315188
-7.47587 0.327961 -8.40495 0.298971 1.20935 0.31597
-7.70133 0.324973 -9.26294 0.288388 1.63291 0.317539
-7.8891 0.322485 -10.1019 0.27804 2.1937 0.319616
-8.03813 0.32051 -10.9148 0.268013 2.79371 0.321838
-8.14221 0.319131 -11.6858 0.258503 3.40061 0.324086
-8.21667 0.318144 -12.3959 0.249744 3.90293 0.325946
-8.25382 0.317652 -13.0384 0.241819 4.28081 0.327346
-8.29591 0.317094 -13.625 0.234584 4.57787 0.328446
-8.36316 0.316203 -14.1477 0.228135 4.75626 0.329107
-8.46314 0.314878 -14.5893 0.222689 4.83205 0.329387
-8.6009 0.313053 -14.9217 0.218589 4.87047 0.32953
-8.78146 0.31066 -15.1819 0.215379 4.93033 0.329751
-9.03523 0.307297 -15.385 0.212874 5.02264 0.330093
-9.32289 0.303485 -15.557 0.210753 4.94199 0.330108
-9.64788 0.299179 -15.7126 0.208833 4.60424 0.330048
-10.008 0.294407 -15.8747 0.206834 4.37682 0.330007
-10.3883 0.289367 -16.0591 0.204559 4.44582 0.330019
-10.7213 0.284954 -16.3014 0.201571 4.68177 0.330062
-11.0675 0.280367 -16.5927 0.197978 4.69923 0.330065
-11.4168 0.275738 -16.9354 0.19375 4.66397 0.330058
-11.7846 0.270864 -17.3369 0.188798 4.78357 0.33008
-12.1918 0.265468 -17.8065 0.183005 5.04543 0.330178
-12.6479 0.259424 -18.3435 0.176381 5.15861 0.330597
-13.1562 0.252688 -18.9374 0.169056 5.3427 0.331279
-13.7219 0.245192 -19.5852 0.161066 5.59957 0.33223
-14.3574 0.23677 -20.2879 0.152398 5.84584 0.333142
-15.0659 0.227382 -21.0416 0.143101 6.00867 0.333745
-15.8428 0.217087 -21.8351 0.133314 6.07678 0.333997
-16.6797 0.205997 -22.6594 0.123147 5.98508 0.33399
-17.5672 0.194236 -23.5113 0.112638 5.7055 0.33394
-18.4865 0.182053 -24.3919 0.101777 5.04371 0.333821
-19.4144 0.169758 -25.2993 0.0905842 1.78838 0.333237
-20.3333 0.157581 -26.23 0.0791032 -0.0459584 0.332334
-21.234 0.145645 -27.1765 0.0674292 -0.137698 0.331174
-22.1337 0.133723 -28.1183 0.0558121 -0.233023 0.329969
-23.0396 0.121718 -29.0255 0.0446218 0.0264611 0.329706
-23.917 0.110092 -29.8734 0.034163 0.86127 0.330666
-24.8256 0.0980511 -30.6757 0.0242666 2.04541 0.332028
-25.7685 0.0855561 -31.4271 0.0149988 3.0592 0.333194
-26.717 0.0729874 -32.1049 0.00663805 3.52159 0.333725
-27.6691 0.0603712 -32.5726 0.00086899 3.33524 0.333702
-28.688 0.0468689 -32.5945 0.00059886 3.06698 0.333654
-29.6557 0.0340456 -32.6032 0.000492294 3.65175 0.333875
-30.5921 0.0216371 -32.6085 0.000426121 3.85933 0.334114
-31.4875 0.00977117 -32.6121 0.000381632 3.87834 0.334136
-32.1461 0.00104337 -32.6145 0.00035298 3.90696 0.334169
-32.1697 0.000730484 -32.6167 0.000325458 4.05788 0.334342
-32.1801 0.000593804 -32.6181 0.00030797 4.46118 0.334806
-32.1866 0.000506663 -32.6193 0.000293801 4.91693 0.33533
-32.1915 0.000442347 -32.6201 0.00028352 5.20415 0.33566
-32.1946 0.000400858 -32.6205 0.00027885 4.983 0.335634
-32.1964 0.000377156 -32.6198 0.000278707 4.45992 0.33554
-32.1978 0.000358387 -32.6168 0.000279651 4.5027 0.335548
-32.199 0.00034207 -32.6098 0.000281839 4.99462 0.335636
-32.1996 0.000334137 -32.5924 0.000287311 5.23021 0.33569
-32.1999 0.00033057 -32.5689 0.000294713 5.02236 0.335653
-32.2002 0.0003268 -32.5447 0.000302316 4.81067 0.335615
-32.2002 0.00032575 -32.5177 0.000310807 4.91601 0.335634
-32.1981 0.00032681 -32.4912 0.000319138 5.16236 0.335678
-32.1944 0.000328658 -32.4711 0.000325467 5.05444 0.335659
-32.1862 0.000332772 -32.4598 0.000329007 4.79834 0.335613
-32.1716 0.000340152 -32.4602 0.000328903 4.69328 0.335594
-32.146 0.000353023 -32.4749 0.000324271 4.82238 0.335617
-32.1038 0.000374235 -32.5031 0.000315386 4.93665 0.335638
-32.0398 0.000406477 -32.5432 0.000302802 4.88307 0.335628
-31.9464 0.000453492 -32.5926 0.000287267 4.7695 0.335608
-31.8104 0.000521901 -32.6212 0.000270101 4.76375 0.335607
-31.6057 0.000624947 -32.6226 0.000252687 4.86464 0.335625
-31.2613 0.000798263 -32.6239 0.000236207 4.93271 0.335637
-30.531 0.00116581 -32.6251 0.000221453 4.9387 0.335638
-28.1361 0.00237104 -32.626 0.000210693 4.95283 0.33564
-24.4268 0.00423776 -32.6267 0.000202579 4.90315 0.335632
-20.5897 0.00616883 -32.6272 0.000195897 4.99265 0.335648
-16.4868 0.00823363 -32.6274 0.000193617 5.01442 0.335652
-12.1108 0.0104359 -32.6174 0.00019675 4.97737 0.335645
-8.61028 0.0121976 -32.5812 0.000208132 4.79445 0.335612
-3.4573 0.0147909 -32.5319 0.000223655 4.75485 0.335605
0.0281284 0.0195578 -32.4648 0.000244749 4.6834 0.335592
0.109248 0.0282875 -32.3791 0.000271703 4.53975 0.335566
0.232981 0.0416032 -32.27 0.000305993 4.32047 0.335527
0.384453 0.0579038 -32.1174 0.000353978 3.84659 0.335442
0.549373 0.0756517 -31.8854 0.000426913 2.23707 0.335153
0.716345 0.0936205 -31.4665 0.000558637 -0.0047209 0.334691
0.883592 0.111619 -30.3146 0.000920864 -0.0769137 0.333773
1.04712 0.129217 -24.5535 0.00273237 -0.170139 0.332588
1.20711 0.146435 -16.2188 0.00535316 -0.269327 0.331327
1.36386 0.163304 -6.74176 0.00833312 -0.34737 0.330334
1.51313 0.179367 0.0597519 0.014866 -0.4228 0.329375
1.65759 0.194913 0.219535 0.0266669 -0.503385 0.328351
1.808 0.211099 0.410815 0.040794 -0.597437 0.327155
1.96471 0.227963 0.601715 0.054893 -0.712646 0.32569
2.12777 0.245512 0.780584 0.0681035 -0.846935 0.323982
2.30083 0.264135 0.952904 0.0808303 -0.995463 0.322094
2.48614 0.284077 1.12233 0.093343 -1.15818 0.320025
2.68121 0.305071 1.27849 0.104877 -1.33714 0.317749
2.88257 0.32674 1.42712 0.115854 -1.48408 0.315881
3.07407 0.347349 1.58132 0.127243 -1.59795 0.314433
3.27254 0.368707 1.73437 0.138546 -1.52224 0.314205
3.47775 0.390791 1.89289 0.150254 -0.725708 0.314348
3.69415 0.414078 2.05599 0.162299 -0.357623 0.314414
3.91343 0.437676 2.22169 0.174537 -0.832481 0.314329
4.13544 0.461568 2.39358 0.187232 -1.15403 0.314271
4.3637 0.486132 2.57645 0.200738 -1.01309 0.314296
4.59884 0.511437 2.77214 0.215191 -0.713051 0.31435
4.85169 0.538647 2.99959 0.23199 -0.818614 0.314331
5.15121 0.57088 3.26471 0.25157 -1.47178 0.314214
5.43019 0.600903 3.52548 0.27083 -1.62769 0.314055
5.71355 0.631397 3.7959 0.290802 -1.64268 0.313864
6.0192 0.664289 4.08371 0.312058 -1.69702 0.313173
6.32311 0.696994 4.38091 0.334008 -1.77585 0.312171
6.62833 0.729842 4.68429 0.356414 -1.89524 0.310653
6.94304 0.763709 4.99812 0.379593 -2.04549 0.308742
7.25813 0.797617 5.31866 0.403266 -2.19629 0.306825
7.57054 0.831238 5.64489 0.42736 -2.32031 0.305248
7.88483 0.86506 5.97681 0.451874 -2.41193 0.304083
8.19766 0.898725 6.31224 0.476648 -2.47454 0.303287
8.50572 0.931877 6.64959 0.501562 -2.52319 0.302668
8.80985 0.964606 6.9887 0.526607 -2.57919 0.301956
8.93253 0.997291 7.32716 0.551605 -2.65553 0.300985
8.93253 1.03055 7.66053 0.576226 -2.74604 0.299834
8.93253 1.06288 7.99241 0.600737 -2.84068 0.298631
8.93253 1.0874 8.31566 0.624611 -2.91571 0.297677
-0.60671 1.06299 -0.0796418 0.62602 -3.06942 0.295723
1.02151 1.0642 4.38148 0.647689 -2.5641 0.291916
8.65514 1.08659 8.93253 0.678271 -3.48694 0.290414
8.93253 1.1006 8.93253 0.709345 -2.62453 0.289026
8.93253 1.12942 8.93253 0.737912 -3.79431 0.286505
8.93253 1.16011 8.93253 0.764946 -3.98092 0.284133
8.93253 1.18065 8.93253 0.791567 -3.17571 0.283609
8.93253 1.1964 0.332109 0.774107 -0.263658 0.284131
8.93253 1.21066 4.14755 0.78301 -0.301107 0.281881
8.93253 1.24381 8.93253 0.801325 0.205077 0.278459
8.93253 1.26801 8.93253 0.851651 0.568203 0.281578
8.93253 1.28732 8.93253 0.890649 2.0032 0.293904
8.93253 1.3069 8.93253 0.923952 3.08221 0.303173
8.93253 1.32633 8.93253 0.959638 3.9953 0.311016
8.93253 1.34567 8.93253 0.999492 4.90718 0.318849
8.93253 1.36692 8.93253 1.0374 6.0911 0.329018
8.93253 1.38814 8.93253 1.07259 7.12096 0.340208
8.93253 1.4089 8.93253 1.10791 7.12096 0.35274
8.93253 1.42847 8.93253 1.14441 7.12096 0.366385
8.93253 1.4471 8.93253 1.17982 7.12096 0.380876
8.93253 1.4652 8.93253 1.21328 7.12096 0.396917
8.93253 1.48201 8.93253 1.24602 7.12096 0.414787
8.93253 1.49721 8.93253 1.27853 3.1809 0.422518
8.93253 1.51195 8.93253 1.30866 2.20207 0.42039
8.93253 1.52359 8.93253 1.33993 7.12096 0.426804
8.93253 1.53278 8.93253 1.36825 7.12096 0.449225
8.93253 1.54128 8.93253 1.39635 7.12096 0.477772
8.93253 1.54942 8.93253 1.42315 7.12096 0.506787
8.93253 1.55484 8.93253 1.44811 7.12096 0.533822
8.93253 1.55895 8.93253 1.47253 7.12096 0.561569
8.93253 1.56293 8.93253 1.4965 7.12096 0.592608
8.93253 1.56562 8.93253 1.51912 7.12096 0.626153
8.93253 1.56746 8.93253 1.54097 7.12096 0.659252
8.93253 1.56931 8.93253 1.56271 7.12096 0.691417
8.93253 1.57073 8.93253 1.58412 7.12096 0.724205
8.93253 1.57195 8.93253 1.60524 7.12096 0.758167
8.93253 1.57327 8.93253 1.6265 7.12096 0.792161
8.93253 1.57442 8.93253 1.64822 7.12096 0.825
8.93253 1.57551 8.93253 1.67053 7.12096 0.856718
8.93253 1.57694 8.93253 1.69347 7.12096 0.887952
8.93253 1.57907 8.93253 1.71701 7.12096 0.918702
8.93253 1.5818 8.93253 1.74142 7.12096 0.948195
8.93253 1.5854 8.93253 1.76677 7.12096 0.975921
8.93253 1.58995 8.93253 1.79304 7.12096 1.00208
8.93253 1.59547 8.93253 1.82026 7.12096 1.02696
8.93253 1.60209 8.93253 1.84846 7.12096 1.05039
8.93253 1.60977 8.93253 1.87762 7.12096 1.072
8.93253 1.61839 8.93253 1.90768 7.12096 1.09166
