-0.0197663 -9.94758e-06 -0.058242 -1.83137e-05 -0.0153785 -2.76077e-06
-0.0196419 -9.88496e-06 -0.0582489 -1.83159e-05 -0.0153771 -2.76052e-06
-0.019341 -9.73351e-06 -0.0582661 -1.83213e-05 -0.0153588 -2.75723e-06
-0.0187099 -9.4159e-06 -0.0582593 -1.83191e-05 -0.0153396 -2.75378e-06
-0.0179768 -9.04697e-06 -0.0582502 -1.83162e-05 -0.0153285 -2.7518e-06
-0.0170146 -8.56276e-06 -0.0582383 -1.83125e-05 -0.0153328 -2.75256e-06
-0.0157944 -7.94865e-06 -0.0582115 -1.83041e-05 -0.0153562 -2.75676e-06
-0.0142835 -7.18828e-06 -0.0581526 -1.82856e-05 -0.0154084 -2.76613e-06
-0.0124472 -6.26418e-06 -0.0580527 -1.82542e-05 -0.0155009 -2.78275e-06
-0.0102479 -5.15736e-06 -0.0579073 -1.82084e-05 -0.0156449 -2.80859e-06
-0.00764817 -3.84901e-06 -0.0577053 -1.81449e-05 -0.015848 -2.84504e-06
-0.0046165 -2.3233e-06 -0.0574291 -1.80581e-05 -0.0161153 -2.89304e-06
-0.00115569 -5.8161e-07 -0.0570612 -1.79424e-05 -0.016452 -2.95349e-06
0.00268621 1.35186e-06 -0.0566011 -1.77977e-05 -0.0168536 -3.02558e-06
0.00641376 3.22778e-06 -0.0560059 -1.76106e-05 -0.01734 -3.1129e-06
0.0104567 5.26242e-06 -0.0552755 -1.73809e-05 -0.0178963 -3.21277e-06
0.0147605 7.42835e-06 -0.0543894 -1.71023e-05 -0.0185143 -3.32372e-06
0.0192518 9.68864e-06 -0.0533284 -1.67686e-05 -0.019175 -3.44233e-06
0.0238325 1.19939e-05 -0.0520809 -1.63764e-05 -0.0198515 -3.56377e-06
0.0283994 1.42923e-05 -0.0506409 -1.59236e-05 -0.0205006 -3.6803e-06
0.0328465 1.65303e-05 -0.0490059 -1.54095e-05 -0.0210857 -3.78534e-06
0.0370442 1.86428e-05 -0.0471759 -1.4834e-05 -0.0215389 -3.8667e-06
0.0408317 2.05489e-05 -0.045157 -1.41992e-05 -0.0217817 -3.91027e-06
0.0440175 2.21522e-05 -0.0433952 -1.36452e-05 -0.0217348 -3.90186e-06
0.0463762 2.33392e-05 -0.0428368 -1.34696e-05 -0.0213226 -3.82786e-06
0.0476584 2.39845e-05 -0.0422768 -1.32936e-05 -0.0204682 -3.67449e-06
0.0476359 2.39732e-05 -0.041677 -1.3105e-05 -0.0190674 -3.423e-06
0.046144 2.32224e-05 -0.0409894 -1.28887e-05 -0.0170251 -3.05637e-06
0.0431463 2.17138e-05 -0.0402356 -1.26517e-05 -0.014234 -2.55531e-06
0.0387035 1.94779e-05 -0.039381 -1.2383e-05 -0.0106037 -1.90359e-06
0.0323294 1.627e-05 -0.0383716 -1.20656e-05 -0.00772786 -1.38731e-06
0.0239387 1.20474e-05 -0.037191 -1.16944e-05 -0.00602412 -1.08146e-06
0.0145159 7.30527e-06 -0.0357925 -1.12546e-05 -0.00409248 -7.34688e-07
0.00414935 2.0882e-06 -0.0342142 -1.07583e-05 -0.00197717 -3.54944e-07
-0.0070011 -3.52336e-06 -0.0324948 -1.02177e-05 0.000316561 5.68294e-08
-0.0187817 -9.45208e-06 -0.0306442 -9.6358e-06 0.00275768 4.95063e-07
-0.0312077 -1.57055e-05 -0.0286924 -9.02208e-06 0.00529016 9.49696e-07
-0.0441628 -2.22253e-05 -0.0267568 -8.41344e-06 0.00786194 1.41138e-06
-0.0574457 -2.89101e-05 -0.0249251 -7.83747e-06 0.0103594 1.85974e-06
-0.0709667 -3.57146e-05 -0.0265523 -8.34913e-06 0.0126825 2.27679e-06
-0.0846075 -4.25794e-05 -0.0292474 -9.19657e-06 0.0148153 2.65966e-06
-0.0981453 -4.93925e-05 -0.0325003 -1.02194e-05 0.0166486 2.98879e-06
-0.11131 -5.60179e-05 -0.0362832 -1.14089e-05 0.0180892 3.2474e-06
-0.12381 -6.23085e-05 -0.0405676 -1.27561e-05 0.0190553 3.42084e-06
-0.135325 -6.81035e-05 -0.0453037 -1.42454e-05 0.0194836 3.49773e-06
-0.145556 -7.32524e-05 -0.0504181 -1.58535e-05 0.0193167 3.46776e-06
-0.154344 -7.76748e-05 -0.0558725 -1.75686e-05 0.018536 3.32761e-06
-0.161673 -8.13633e-05 -0.0617551 -1.94183e-05 0.0170138 3.05435e-06
-0.16765 -8.43716e-05 -0.0678732 -2.13421e-05 0.0147735 2.65216e-06
-0.172569 -8.68469e-05 -0.0740969 -2.32991e-05 0.0118161 2.12125e-06
-0.177928 -8.95439e-05 -0.0820256 -2.57922e-05 0.0070975 1.27415e-06
-0.183439 -9.23171e-05 -0.0901634 -2.83511e-05 0.00127375 2.28665e-07
-0.190292 -9.57663e-05 -0.0984223 -3.0948e-05 -0.00551816 -9.90627e-07
-0.199592 -0.000100446 -0.106763 -3.35708e-05 -0.013095 -2.35082e-06
-0.212183 -0.000106783 -0.115324 -3.62626e-05 -0.0317211 -5.69462e-06
-0.228586 -0.000115038 -0.124307 -3.90873e-05 -0.0615962 -1.10578e-05
-0.248909 -0.000125266 -0.133879 -4.2097e-05 -0.0918199 -1.64836e-05
-0.272847 -0.000137312 -0.144198 -4.53416e-05 -0.120902 -2.17046e-05
-0.299861 -0.000150908 -0.155543 -4.8909e-05 -0.147664 -2.65088e-05
-0.329497 -0.000165822 -0.168154 -5.28746e-05 -0.171436 -3.07765e-05
-0.361538 -0.000181947 -0.18215 -5.72755e-05 -0.191695 -3.44133e-05
-0.395941 -0.000199261 -0.197613 -6.21378e-05 -0.208009 -3.73421e-05
-0.432706 -0.000217763 -0.214592 -6.74765e-05 -0.220326 -3.95532e-05
-0.47176 -0.000237417 -0.233038 -7.32768e-05 -0.229031 -4.11159e-05
-0.512844 -0.000258093 -0.252813 -7.94947e-05 -0.234853 -4.21611e-05
-0.555392 -0.000279506 -0.273749 -8.60779e-05 -0.238627 -4.28386e-05
-0.598563 -0.000301232 -0.295644 -9.29626e-05 -0.241348 -4.3327e-05
-0.641451 -0.000322816 -0.318234 -0.000100066 -0.244172 -4.38341e-05
-0.683289 -0.000343871 -0.341226 -0.000107295 -0.248381 -4.45898e-05
-0.723489 -0.000364102 -0.364337 -0.000114563 -0.255193 -4.58125e-05
-0.761554 -0.000383258 -0.387298 -0.000121782 -0.265672 -4.76937e-05
-0.796912 -0.000401053 -0.409848 -0.000128873 -0.280685 -5.03889e-05
-0.82884 -0.000417121 -0.43176 -0.000135763 -0.300864 -5.40114e-05
-0.856625 -0.000431104 -0.452838 -0.000142391 -0.326531 -5.86192e-05
-0.879777 -0.000442755 -0.472927 -0.000148708 -0.357682 -6.42115e-05
-0.898074 -0.000451964 -0.491923 -0.000154681 -0.393991 -7.07297e-05
-0.911574 -0.000458758 -0.509754 -0.000160288 -0.434846 -7.80642e-05
-0.920599 -0.000463299 -0.526365 -0.000165511 -0.479376 -8.60582e-05
-0.925717 -0.000465875 -0.541729 -0.000170342 -0.526472 -9.4513e-05
-0.927689 -0.000466868 -0.555852 -0.000174783 -0.574841 -0.000103196
-0.927384 -0.000466714 -0.568757 -0.00017884 -0.623068 -0.000111854
-0.925732 -0.000465883 -0.580474 -0.000182525 -0.669691 -0.000120224
-0.92372 -0.00046487 -0.591041 -0.000185847 -0.713263 -0.000128046
-0.922408 -0.00046421 -0.600501 -0.000188822 -0.752422 -0.000135076
-0.922882 -0.000464448 -0.608905 -0.000191465 -0.785948 -0.000141094
-0.926124 -0.00046608 -0.616302 -0.000193791 -0.81282 -0.000145919
-0.932786 -0.000469432 -0.622752 -0.000195819 -0.83224 -0.000149405
-0.942984 -0.000474565 -0.628315 -0.000197568 -0.843661 -0.000151455
-0.956284 -0.000481258 -0.633036 -0.000199052 -0.846814 -0.000152021
-0.971856 -0.000489095 -0.636938 -0.000200279 -0.841756 -0.000151113
-0.985245 -0.000495833 -0.639473 -0.000201077 -0.832055 -0.000149372
-1.00218 -0.000504355 -0.641888 -0.000201836 -0.813452 -0.000146032
-1.01825 -0.000512443 -0.643395 -0.00020231 -0.788595 -0.00014157
-1.03233 -0.000519528 -0.643872 -0.00020246 -0.758759 -0.000136213
-1.04324 -0.00052502 -0.643167 -0.000202238 -0.725426 -0.000130229
-1.04971 -0.000528278 -0.641099 -0.000201588 -0.690199 -0.000123905
-1.05045 -0.000528647 -0.637447 -0.000200439 -0.654713 -0.000117535
-1.04417 -0.000525489 -0.63198 -0.00019872 -0.620556 -0.000111403
-1.02968 -0.000518196 -0.624477 -0.000196361 -0.589175 -0.000105769
-1.00591 -0.000506235 -0.614713 -0.000193291 -0.561795 -0.000100854
-0.972043 -0.000489189 -0.602466 -0.00018944 -0.539354 -9.68255e-05
-0.927477 -0.000466761 -0.587546 -0.000184748 -0.522448 -9.37906e-05
-0.871956 -0.000438819 -0.569781 -0.000179163 -0.511294 -9.17881e-05
-0.805708 -0.000405479 -0.549016 -0.000172633 -0.505711 -9.07859e-05
-0.729602 -0.000367179 -0.525126 -0.000165121 -0.505138 -9.06829e-05
-0.645092 -0.000324648 -0.498043 -0.000156605 -0.508631 -9.131e-05
-0.553903 -0.000278756 -0.467771 -0.000147086 -0.514869 -9.243e-05
-0.457879 -0.000230431 -0.434352 -0.000136578 -0.522192 -9.37445e-05
-0.359001 -0.00018067 -0.397879 -0.000125109 -0.528683 -9.49099e-05
-0.259372 -0.000130531 -0.358538 -0.000112739 -0.532265 -9.55529e-05
-0.161129 -8.10897e-05 -0.316597 -9.95512e-05 -0.530781 -9.52865e-05
-0.0663166 -3.33744e-05 -0.272372 -8.56449e-05 -0.522105 -9.3729e-05
0.0234073 1.17799e-05 -0.226141 -7.11081e-05 -0.504263 -9.05259e-05
0.10279 5.173e-05 -0.188834 -5.93771e-05 -0.475313 -8.53287e-05
0.171145 8.61301e-05 -0.166383 -5.23177e-05 -0.434596 -7.80192e-05
0.232131 0.000116822 -0.14027 -4.41068e-05 -0.380613 -6.83282e-05
0.284729 0.000143292 -0.110099 -3.46196e-05 -0.312921 -5.6176e-05
0.328737 0.00016544 -0.0768075 -2.41514e-05 -0.232202 -4.16852e-05
0.363886 0.000183129 -0.0410284 -1.2901e-05 -0.139135 -2.49776e-05
0.390149 0.000196346 -0.00263244 -8.27746e-07 -0.0350451 -6.29135e-06
0.408461 0.000205561 0.0378189 1.18918e-05 0.0299335 5.37369e-06
0.420207 0.000211473 0.079298 2.49345e-05 0.0644727 1.15742e-05
0.427125 0.000214955 0.121314 3.81462e-05 0.10058 1.80562e-05
0.431207 0.000217009 0.163455 5.1397e-05 0.137433 2.46721e-05
0.434536 0.000218684 0.204799 6.43972e-05 0.173883 3.12157e-05
0.439301 0.000221082 0.244419 7.68554e-05 0.208356 3.74044e-05
0.447733 0.000225325 0.281773 8.8601e-05 0.240486 4.31724e-05
0.461947 0.000232479 0.316287 9.94535e-05 0.26993 4.84582e-05
0.483764 0.000243458 0.347278 0.000109198 0.295944 5.31283e-05
0.514516 0.000258935 0.374217 0.000117669 0.317535 5.70043e-05
0.55485 0.000279233 0.396765 0.000124759 0.334363 6.00253e-05
0.604678 0.00030431 0.414627 0.000130376 0.346343 6.21759e-05
0.663329 0.000333826 0.427573 0.000134447 0.353459 6.34534e-05
0.729728 0.000367242 0.435609 0.000136973 0.355616 6.38407e-05
0.802501 0.000403866 0.438992 0.000138037 0.353044 6.3379e-05
0.880077 0.000442906 0.438121 0.000137763 0.346271 6.21631e-05
0.960721 0.000483491 0.433532 0.00013632 0.335993 6.03179e-05
1.04258 0.000524687 0.42592 0.000133927 0.322904 5.79681e-05
1.12374 0.000565534 0.416096 0.000130838 0.307791 5.52551e-05
1.20229 0.000605065 0.404898 0.000127317 0.291551 5.23397e-05
1.27628 0.000642298 0.393155 0.000123624 0.275129 4.93916e-05
1.34377 0.000676263 0.381653 0.000120007 0.25938 4.65643e-05
1.40298 0.000706063 0.371094 0.000116687 0.245053 4.39923e-05
1.45242 0.000730944 0.362075 0.000113851 0.232806 4.17936e-05
1.48298 0.000746323 0.355913 0.000111914 0.223114 4.00536e-05
1.50744 0.000758634 0.358388 0.000112692 0.214623 3.85294e-05
1.52672 0.000768337 0.364183 0.000114514 0.209703 3.76461e-05
1.51993 0.000764916 0.365244 0.000114848 0.210325 3.77578e-05
1.50768 0.000758751 0.369065 0.000116049 0.21201 3.80602e-05
1.48629 0.000747986 0.376946 0.000118527 0.215486 3.86844e-05
1.43847 0.000723923 0.383582 0.000120614 0.221669 3.97943e-05
1.38293 0.000695969 0.385917 0.000121348 0.232618 4.176e-05
1.32558 0.000667111 0.394765 0.00012413 0.241646 4.33805e-05
1.26225 0.000635239 0.4034 0.000126846 0.25173 4.51909e-05
1.19565 0.000601724 0.410041 0.000128934 0.262203 4.70711e-05
1.13168 0.00056953 0.416403 0.000130934 0.272388 4.88995e-05
1.07001 0.000538494 0.422353 0.000132805 0.281253 5.04909e-05
1.01331 0.000509957 0.426446 0.000134092 0.287699 5.1648e-05
0.964627 0.000485457 0.427952 0.000134566 0.291692 5.2365e-05
0.925038 0.000465533 0.426971 0.000134257 0.293437 5.26781e-05
0.895955 0.000450897 0.423615 0.000133202 0.292231 5.24617e-05
0.878819 0.000442273 0.417435 0.000131259 0.28737 5.1589e-05
0.873939 0.000439817 0.408171 0.000128346 0.279074 5.00997e-05
0.881424 0.000443584 0.396232 0.000124592 0.267855 4.80857e-05
0.901035 0.000453454 0.38197 0.000120107 0.253833 4.55685e-05
0.931472 0.000468771 0.36549 0.000114925 0.237093 4.25633e-05
0.967367 0.000486836 0.34747 0.000109259 0.217973 3.91308e-05
1.00726 0.000506914 0.327488 0.000102976 0.197437 3.54442e-05
1.04901 0.000527921 0.306713 9.6443e-05 0.176211 3.16337e-05
1.09085 0.000548979 0.286158 8.99799e-05 0.154961 2.78188e-05
1.12301 0.000565166 0.270263 8.49818e-05 0.13838 2.48421e-05
1.15296 0.000580236 0.255135 8.0225e-05 0.122698 2.20269e-05
1.17975 0.000593721 0.24122 7.58494e-05 0.108408 1.94616e-05
1.20248 0.000605159 0.22897 7.19975e-05 0.0959046 1.72169e-05
1.22027 0.000614114 0.218698 6.87676e-05 0.0854499 1.53401e-05
1.23239 0.000620213 0.210589 6.6218e-05 0.0772611 1.387e-05
1.2382 0.000623136 0.204802 6.43981e-05 0.0715758 1.28494e-05
1.23714 0.0006226 0.201489 6.33564e-05 0.068612 1.23173e-05
1.2287 0.000618354 0.200733 6.31187e-05 0.0684813 1.22939e-05
1.2125 0.000610199 0.202491 6.36714e-05 0.0711609 1.27749e-05
1.18822 0.000597983 0.206616 6.49684e-05 0.0765415 1.37408e-05
1.15575 0.000581642 0.212914 6.69489e-05 0.0844799 1.51659e-05
1.11521 0.000561237 0.221165 6.95434e-05 0.0948017 1.70189e-05
1.06701 0.00053698 0.231113 7.26713e-05 0.107267 1.92567e-05
1.01187 0.000509232 0.242456 7.62382e-05 0.121554 2.18215e-05
0.950777 0.000478487 0.254864 8.01398e-05 0.137281 2.46448e-05
0.884862 0.000445315 0.267991 8.42673e-05 0.15404 2.76535e-05
0.815302 0.000410308 0.281468 8.8505e-05 0.171411 3.07719e-05
0.743256 0.00037405 0.294889 9.27252e-05 0.188954 3.39213e-05
0.669852 0.000337109 0.307823 9.6792e-05 0.206213 3.70195e-05
0.596204 0.000300045 0.319838 0.00010057 0.222719 3.99829e-05
0.523402 0.000263407 0.330531 0.000103932 0.238025 4.27305e-05
0.45248 0.000227715 0.339531 0.000106762 0.251707 4.51868e-05
0.384368 0.000193437 0.346492 0.000108951 0.263383 4.72829e-05
0.319866 0.000160975 0.351095 0.000110399 0.272708 4.8957e-05
0.259633 0.000130663 0.353063 0.000111018 0.279387 5.01559e-05
0.20419 0.00010276 0.352178 0.000110739 0.283181 5.0837e-05
0.153915 7.74592e-05 0.348287 0.000109516 0.283916 5.09689e-05
0.109038 5.48743e-05 0.341295 0.000107317 0.281484 5.05324e-05
0.0696368 3.50453e-05 0.331168 0.000104133 0.275846 4.95203e-05
0.0356405 1.79364e-05 0.317932 9.99708e-05 0.267029 4.79374e-05
0.00683265 3.43859e-06 0.301674 9.48587e-05 0.255125 4.58003e-05
-0.01729 -8.70135e-06 0.28254 8.88422e-05 0.240285 4.31362e-05
-0.0411113 -2.06896e-05 0.260721 8.19813e-05 0.222717 3.99825e-05
-0.0545635 -2.74595e-05 0.235714 7.4118e-05 0.202807 3.64082e-05
-0.0587978 -2.95905e-05 0.207512 6.52502e-05 0.181733 3.2625e-05
-0.0604901 -3.04422e-05 0.182292 5.73202e-05 0.156956 2.81769e-05
-0.059571 -2.99796e-05 0.152937 4.80896e-05 0.131589 2.3623e-05
-0.0590698 -2.97274e-05 0.121463 3.81928e-05 0.104833 1.88197e-05
-0.0580435 -2.92109e-05 0.0889823 2.79797e-05 0.0774029 1.38955e-05
-0.0569046 -2.86377e-05 0.0569048 1.78932e-05 0.0493657 8.86219e-06
-0.0576697 -2.90228e-05 0.024728 7.7755e-06 0.0209589 3.76256e-06
-0.0614358 -3.09181e-05 -0.00810169 -2.5475e-06 -0.00733852 -1.31742e-06
-0.0684336 -3.44398e-05 -0.0410787 -1.29168e-05 -0.0925536 -1.66153e-05
-0.0793376 -3.99273e-05 -0.0734555 -2.30974e-05 -0.182602 -3.27809e-05
-0.095115 -4.78674e-05 -0.104872 -3.29762e-05 -0.268914 -4.82757e-05
-0.116256 -5.85068e-05 -0.135465 -4.25959e-05 -0.350163 -6.28617e-05
-0.142771 -7.18505e-05 -0.172083 -5.41099e-05 -0.424991 -7.62949e-05
-0.17493 -8.8035e-05 -0.211347 -6.64561e-05 -0.49324 -8.8547e-05
-0.212772 -0.00010708 -0.250642 -7.8812e-05 -0.554671 -9.95752e-05
-0.256129 -0.000128899 -0.28914 -9.09174e-05 -0.609008 -0.00010933
-0.304795 -0.000153391 -0.326634 -0.000102707 -0.655903 -0.000117748
-0.358524 -0.00018043 -0.363373 -0.000114259 -0.695265 -0.000124815
-0.416889 -0.000209803 -0.399442 -0.000125601 -0.727266 -0.00013056
-0.479312 -0.000241218 -0.434534 -0.000136635 -0.752291 -0.000135052
-0.545113 -0.000274333 -0.4683 -0.000147253 -0.770844 -0.000138383
-0.613494 -0.000308746 -0.500652 -0.000157425 -0.783491 -0.000140653
-0.683537 -0.000343996 -0.531656 -0.000167175 -0.790847 -0.000141974
-0.754254 -0.000379585 -0.561285 -0.000176491 -0.793592 -0.000142467
-0.824634 -0.000415004 -0.589368 -0.000185322 -0.792518 -0.000142274
-0.893641 -0.000449733 -0.615752 -0.000193618 -0.788516 -0.000141555
-0.960236 -0.000483247 -0.640393 -0.000201366 -0.782499 -0.000140475
-1.02341 -0.000515041 -0.663296 -0.000208568 -0.775332 -0.000139189
-1.08223 -0.000544642 -0.684419 -0.000215209 -0.767812 -0.000137839
-1.13583 -0.000571617 -0.703671 -0.000221263 -0.760707 -0.000136563
-1.18346 -0.000595586 -0.720979 -0.000226705 -0.754769 -0.000135497
-1.22449 -0.000616233 -0.736316 -0.000231528 -0.750681 -0.000134763
-1.25843 -0.000633315 -0.749671 -0.000235727 -0.748998 -0.000134461
-1.28496 -0.000646668 -0.761012 -0.000239293 -0.750123 -0.000134663
-1.30392 -0.000656208 -0.7703 -0.000242214 -0.754322 -0.000135417
-1.31528 -0.000661924 -0.77751 -0.000244481 -0.761741 -0.000136749
-1.31916 -0.000663879 -0.782642 -0.000246095 -0.772392 -0.000138661
-1.3158 -0.00066219 -0.785705 -0.000247058 -0.786127 -0.000141127
-1.3056 -0.000657054 -0.78674 -0.000247383 -0.802624 -0.000144088
-1.28928 -0.00064884 -0.785788 -0.000247084 -0.821414 -0.000147461
-1.26751 -0.000637887 -0.782874 -0.000246168 -0.841914 -0.000151141
-1.24109 -0.000624591 -0.778025 -0.000244643 -0.863439 -0.000155006
-1.21101 -0.000609452 -0.771325 -0.000242536 -0.885179 -0.000158908
-1.1783 -0.000592989 -0.762857 -0.000239873 -0.906246 -0.00016269
-1.14394 -0.000575697 -0.752702 -0.00023668 -0.925712 -0.000166185
-1.10894 -0.000558085 -0.740968 -0.000232991 -0.942624 -0.000169221
-1.07436 -0.000540681 -0.727787 -0.000228846 -0.956037 -0.000171629
-1.04122 -0.000524001 -0.713301 -0.000224291 -0.965048 -0.000173247
-1.01049 -0.000508536 -0.69766 -0.000219373 -0.968823 -0.000173924
-0.983087 -0.000494747 -0.681029 -0.000214143 -0.966628 -0.00017353
-0.959853 -0.000483054 -0.663585 -0.000208658 -0.957851 -0.000171955
-0.941486 -0.000473811 -0.645509 -0.000202974 -0.942027 -0.000169114
-0.928556 -0.000467304 -0.626984 -0.00019715 -0.918858 -0.000164955
-0.921499 -0.000463752 -0.608199 -0.000191243 -0.888223 -0.000159455
-0.920624 -0.000463312 -0.589342 -0.000185313 -0.850193 -0.000152628
-0.926111 -0.000466073 -0.570603 -0.000179421 -0.805036 -0.000144521
-0.937223 -0.000471666 -0.552309 -0.000173669 -0.753189 -0.000135213
-0.950289 -0.000478241 -0.536483 -0.000168692 -0.694524 -0.000124682
-0.97249 -0.000489414 -0.519892 -0.000163475 -0.631043 -0.000113286
-0.999326 -0.000502919 -0.503978 -0.000158471 -0.563895 -0.000101231
-1.0317 -0.00051921 -0.489096 -0.000153792 -0.493351 -8.8567e-05
-1.06912 -0.000538046 -0.474643 -0.000149247 -0.421262 -7.56255e-05
-1.10941 -0.000558319 -0.461646 -0.00014516 -0.348236 -6.25158e-05
-1.15185 -0.000579677 -0.449834 -0.000141446 -0.276241 -4.9591e-05
-1.19356 -0.000600668 -0.440183 -0.000138412 -0.206459 -3.70638e-05
-1.23487 -0.000621459 -0.432247 -0.000135916 -0.140306 -2.51878e-05
-1.2731 -0.000640697 -0.42588 -0.000133914 -0.0789703 -1.41768e-05
-1.30728 -0.000657899 -0.421125 -0.000132419 -0.0530927 -9.53127e-06
-1.3369 -0.000672807 -0.418312 -0.000131534 -0.0400199 -7.18443e-06
-1.36044 -0.000684652 -0.417292 -0.000131214 -0.0298067 -5.35094e-06
-1.37644 -0.000692703 -0.417863 -0.000131393 -0.0224885 -4.03716e-06
-1.38412 -0.000696571 -0.419942 -0.000132047 -0.0177718 -3.19041e-06
-1.38335 -0.000696184 -0.42356 -0.000133185 -0.0157906 -2.83474e-06
-1.3736 -0.000691274 -0.428598 -0.000134769 -0.016985 -3.04917e-06
-1.35449 -0.000681658 -0.434821 -0.000136725 -0.02165 -3.88663e-06
-1.32621 -0.000667427 -0.442024 -0.00013899 -0.0296661 -5.32569e-06
-1.28908 -0.000648742 -0.450004 -0.0001415 -0.0407136 -7.30896e-06
-1.24343 -0.000625765 -0.45854 -0.000144184 -0.0545298 -9.78926e-06
-1.18981 -0.000598782 -0.467497 -0.000147 -0.0867104 -1.55664e-05
-1.12915 -0.000568253 -0.476646 -0.000149877 -0.155872 -2.79824e-05
-1.0625 -0.000534711 -0.485708 -0.000152726 -0.233235 -4.18706e-05
-0.99103 -0.000498744 -0.494368 -0.00015545 -0.316763 -5.68657e-05
-0.915978 -0.000460974 -0.502484 -0.000158001 -0.404618 -7.26375e-05
-0.838619 -0.000422042 -0.50993 -0.000160343 -0.495167 -8.8893e-05
-0.760215 -0.000382585 -0.516532 -0.000162419 -0.586734 -0.000105331
-0.682018 -0.000343231 -0.522078 -0.000164163 -0.677352 -0.000121599
-0.60525 -0.000304597 -0.526426 -0.00016553 -0.764823 -0.000137302
-0.531067 -0.000267264 -0.529504 -0.000166498 -0.84699 -0.000152053
-0.460532 -0.000231767 -0.531245 -0.000167045 -0.921955 -0.000165511
-0.394625 -0.000198598 -0.531556 -0.000167143 -0.988079 -0.000177381
-0.334239 -0.000168209 -0.530339 -0.00016676 -1.04388 -0.000187398
-0.280151 -0.000140988 -0.527531 -0.000165877 -1.08799 -0.000195317
-0.232961 -0.00011724 -0.523099 -0.000164484 -1.11924 -0.000200928
-0.193054 -9.71562e-05 -0.51701 -0.000162569 -1.1368 -0.00020408
-0.160592 -8.08191e-05 -0.509214 -0.000160118 -1.14021 -0.000204692
-0.135514 -6.81986e-05 -0.499654 -0.000157112 -1.12934 -0.00020274
-0.117551 -5.91588e-05 -0.48829 -0.000153538 -1.10436 -0.000198256
-0.10623 -5.34611e-05 -0.475096 -0.00014939 -1.0657 -0.000191315
-0.10088 -5.0769e-05 -0.460045 -0.000144657 -1.01407 -0.000182047
-0.10065 -5.06528e-05 -0.443103 -0.00013933 -0.950502 -0.000170635
-0.104506 -5.25937e-05 -0.424237 -0.000133398 -0.876293 -0.000157313
-0.111256 -5.59906e-05 -0.40343 -0.000126855 -0.792941 -0.00014235
-0.119564 -6.01717e-05 -0.380671 -0.000119698 -0.702087 -0.00012604
-0.12799 -6.44122e-05 -0.355957 -0.000111927 -0.605475 -0.000108696
-0.14826 -7.46129e-05 -0.32672 -0.000102734 -0.505585 -9.07632e-05
-0.163598 -8.23322e-05 -0.296531 -9.32415e-05 -0.404973 -7.27012e-05
-0.177952 -8.95557e-05 -0.267495 -8.41115e-05 -0.301315 -5.40924e-05
-0.186936 -9.40769e-05 -0.23423 -7.36516e-05 -0.200633 -3.60178e-05
-0.189064 -9.51482e-05 -0.1991 -6.26051e-05 -0.101874 -1.82886e-05
-0.184751 -9.29774e-05 -0.162788 -5.11873e-05 -0.0401159 -7.20166e-06
-0.173279 -8.72043e-05 -0.126384 -3.97404e-05 -0.0140462 -2.52159e-06
-0.154029 -7.75163e-05 -0.0887684 -2.79124e-05 0.0102698 1.84365e-06
-0.127601 -6.42165e-05 -0.0493818 -1.55277e-05 0.0330307 5.92971e-06
-0.0956436 -4.81335e-05 -0.00883079 -2.77676e-06 0.054355 9.75788e-06
-0.0565159 -2.84421e-05 0.032096 1.00923e-05 0.0735164 1.31978e-05
-0.010357 -5.21223e-06 0.0734064 2.3082e-05 0.0904535 1.62383e-05
0.0427239 2.15012e-05 0.113907 3.58172e-05 0.104631 1.87836e-05
0.102032 5.13486e-05 0.143602 4.51543e-05 0.116785 2.09655e-05
0.166398 8.37412e-05 0.161807 5.08788e-05 0.127266 2.28469e-05
0.23501 0.000118271 0.178156 5.60196e-05 0.136037 2.44215e-05
0.306758 0.000154378 0.192556 6.05476e-05 0.142994 2.56704e-05
0.380203 0.000191341 0.205474 6.46093e-05 0.148487 2.66566e-05
0.453479 0.000228217 0.217582 6.84168e-05 0.152952 2.74581e-05
0.525611 0.000264518 0.228877 7.19685e-05 0.156777 2.81449e-05
0.595467 0.000299674 0.239396 7.52758e-05 0.160189 2.87573e-05
0.66209 0.000333202 0.249371 7.84125e-05 0.163394 2.93328e-05
0.724632 0.000364678 0.259223 8.15104e-05 0.166708 2.99276e-05
0.782375 0.000393737 0.269287 8.46748e-05 0.170431 3.05961e-05
0.834724 0.000420082 0.279681 8.7943e-05 0.174818 3.13836e-05
0.881184 0.000443463 0.290448 9.13288e-05 0.180036 3.23202e-05
0.922061 0.000464035 0.301286 9.47368e-05 0.186291 3.34433e-05
0.95035 0.000478272 0.312946 9.84031e-05 0.193551 3.47466e-05
0.972276 0.000489306 0.324998 0.000102193 0.201241 3.61271e-05
0.986164 0.000496296 0.336964 0.000105955 0.21051 3.77911e-05
0.991997 0.000499231 0.349795 0.00010999 0.220417 3.95695e-05
0.99035 0.000498402 0.362827 0.000114088 0.231224 4.15097e-05
0.982023 0.000494211 0.37583 0.000118176 0.242288 4.34958e-05
0.96762 0.000486963 0.388341 0.00012211 0.253617 4.55296e-05
0.947812 0.000476995 0.400335 0.000125882 0.265046 4.75814e-05
0.923875 0.000464948 0.411774 0.000129479 0.27627 4.95964e-05
0.897009 0.000451427 0.422343 0.000132802 0.286848 5.14953e-05
0.868272 0.000436965 0.431585 0.000135708 0.296384 5.32072e-05
0.838872 0.00042217 0.439202 0.000138103 0.304594 5.46811e-05
0.8101 0.00040769 0.445051 0.000139942 0.311239 5.5874e-05
0.783121 0.000394112 0.448948 0.000141168 0.316051 5.67379e-05
0.758977 0.000381962 0.450631 0.000141697 0.318723 5.72176e-05
0.738663 0.000371738 0.449877 0.00014146 0.318986 5.72648e-05
0.723063 0.000363888 0.446572 0.000140421 0.316677 5.68503e-05
0.712873 0.00035876 0.44068 0.000138568 0.311726 5.59615e-05
0.708596 0.000356607 0.432191 0.000135899 0.304103 5.4593e-05
0.71054 0.000357585 0.421114 0.000132416 0.293801 5.27435e-05
0.71881 0.000361747 0.407518 0.00012814 0.280871 5.04223e-05
0.733307 0.000369043 0.391553 0.00012312 0.265454 4.76547e-05
0.753768 0.00037934 0.373444 0.000117426 0.247775 4.44808e-05
0.779107 0.000392092 0.353626 0.000111194 0.228069 4.09432e-05
0.809196 0.000407235 0.332463 0.00010454 0.206664 3.71007e-05
0.842453 0.000423972 0.310021 9.74833e-05 0.183883 3.30109e-05
0.8779 0.000441811 0.286511 9.00907e-05 0.160286 2.87748e-05
0.915267 0.000460616 0.262717 8.2609e-05 0.136157 2.44431e-05
0.953684 0.00047995 0.239105 7.51845e-05 0.112006 2.01074e-05
0.991878 0.000499171 0.215989 6.79159e-05 0.0883168 1.58548e-05
1.02893 0.000517819 0.193744 6.0921e-05 0.0655648 1.17703e-05
1.0641 0.000535516 0.172858 5.43538e-05 0.0441804 7.93132e-06
1.09642 0.000551784 0.153772 4.83523e-05 0.0245809 4.4128e-06
1.12491 0.000566118 0.136817 4.3021e-05 0.00713949 1.28169e-06
1.14869 0.000578086 0.122247 3.84394e-05 -0.0459055 -8.24101e-06
1.167 0.000587303 0.110248 3.46665e-05 -0.0894047 -1.60501e-05
1.17916 0.000593421 0.100974 3.17503e-05 -0.122097 -2.1919e-05
1.18466 0.000596189 0.0946147 2.97507e-05 -0.14356 -2.57721e-05
1.18315 0.000595428 0.0913146 2.87131e-05 -0.153188 -2.75004e-05
1.17463 0.000591144 0.0910785 2.86388e-05 -0.150893 -2.70885e-05
1.15923 0.000583395 0.0938038 2.94958e-05 -0.137029 -2.45997e-05
1.13717 0.000572291 0.0993429 3.12375e-05 -0.112208 -2.01438e-05
1.10899 0.000558108 0.107576 3.38262e-05 -0.0771448 -1.38491e-05
1.07551 0.000541261 0.118314 3.72028e-05 -0.0326625 -5.86361e-06
1.03767 0.000522218 0.131201 4.12549e-05 -0.000596351 -1.07058e-07
0.996433 0.000501464 0.145994 4.59066e-05 0.0154107 2.76655e-06
0.952848 0.000479529 0.162402 5.10659e-05 0.0331877 5.9579e-06
0.907954 0.000456936 0.18007 5.66215e-05 0.0523207 9.39268e-06
0.862757 0.00043419 0.198568 6.2438e-05 0.0721992 1.29613e-05
0.818264 0.000411798 0.217478 6.8384e-05 0.0923232 1.6574e-05
0.77551 0.000390282 0.236421 7.43406e-05 0.11235 2.01692e-05
0.735512 0.000370153 0.25505 8.01983e-05 0.131984 2.36939e-05
0.69922 0.000351889 0.273015 8.58473e-05 0.150862 2.7083e-05
0.667503 0.000335927 0.289983 9.11826e-05 0.168564 3.02609e-05
0.641127 0.000322653 0.305666 9.61139e-05 0.184714 3.31601e-05
0.620714 0.00031238 0.319831 0.000100568 0.19905 3.57336e-05
0.6067 0.000305327 0.332292 0.000104486 0.211404 3.79516e-05
0.599298 0.000301602 0.342891 0.000107819 0.221646 3.97901e-05
0.598468 0.000301184 0.351507 0.000110528 0.229651 4.12272e-05
0.603919 0.000303928 0.358066 0.000112591 0.235338 4.22481e-05
0.615137 0.000309573 0.362543 0.000113998 0.238705 4.28527e-05
0.631414 0.000317765 0.364962 0.000114759 0.239842 4.30567e-05
0.651851 0.000328049 0.365392 0.000114894 0.238893 4.28864e-05
0.67538 0.000339891 0.363943 0.000114439 0.236038 4.23739e-05
0.700826 0.000352697 0.36076 0.000113438 0.231482 4.1556e-05
0.726948 0.000365843 0.356028 0.00011195 0.225475 4.04775e-05
0.752481 0.000378692 0.349969 0.000110045 0.218309 3.9191e-05
0.77616 0.000390609 0.342828 0.000107799 0.210305 3.77542e-05
0.796774 0.000400983 0.334862 0.000105294 0.20179 3.62256e-05
0.813199 0.000409249 0.326331 0.000102612 0.193082 3.46624e-05
0.824417 0.000414895 0.317496 9.98337e-05 0.184485 3.31189e-05
0.829523 0.000417464 0.308605 9.7038e-05 0.176283 3.16466e-05
0.827732 0.000416563 0.299876 9.42932e-05 0.168736 3.02917e-05
0.818378 0.000411856 0.291485 9.16548e-05 0.162057 2.90927e-05
0.800925 0.000403072 0.283561 8.91632e-05 0.156409 2.80787e-05
0.775001 0.000390026 0.276184 8.68434e-05 0.151892 2.72679e-05
0.740428 0.000372627 0.269384 8.47053e-05 0.148552 2.66682e-05
0.697239 0.000350892 0.263144 8.27432e-05 0.146369 2.62764e-05
0.645683 0.000324946 0.257397 8.09362e-05 0.145267 2.60785e-05
0.58622 0.00029502 0.252027 7.92475e-05 0.145103 2.6049e-05
0.519501 0.000261443 0.246869 7.76257e-05 0.145678 2.61522e-05
0.450025 0.000226479 0.240901 7.57491e-05 0.146911 2.63737e-05
0.373436 0.000187935 0.234325 7.36815e-05 0.148888 2.67285e-05
0.292132 0.000147018 0.229967 7.2311e-05 0.149262 2.67957e-05
0.208877 0.000105119 0.223264 7.02034e-05 0.149972 2.69232e-05
0.122444 6.16208e-05 0.215358 6.77174e-05 0.149709 2.6876e-05
0.0334717 1.68449e-05 0.205978 6.47678e-05 0.148332 2.66287e-05
-0.0578662 -2.91217e-05 0.195228 6.13877e-05 0.145077 2.60443e-05
-0.148308 -7.4637e-05 0.181928 5.72057e-05 0.139984 2.51302e-05
-0.234239 -0.000117883 0.152373 4.79122e-05 0.132564 2.37981e-05
-0.313001 -0.00015752 0.106959 3.36324e-05 0.122191 2.19359e-05
-0.384739 -0.000193623 0.0613084 1.92779e-05 0.109776 1.97071e-05
-0.449514 -0.000226222 0.0141819 4.45938e-06 0.0942122 1.69131e-05
-0.505024 -0.000254158 -0.0337027 -1.05975e-05 0.0754934 1.35527e-05
-0.550474 -0.000277031 -0.0812858 -2.55596e-05 0.0536119 9.62448e-06
-0.586288 -0.000295055 -0.128433 -4.03844e-05 0.028957 5.1984e-06
-0.612485 -0.000308238 -0.175268 -5.51114e-05 0.00161718 2.90317e-07
-0.628821 -0.00031646 -0.221659 -6.96988e-05 -0.0283479 -5.08906e-06
-0.635795 -0.000319969 -0.267219 -8.40247e-05 -0.0606604 -1.08898e-05
-0.634366 -0.00031925 -0.311684 -9.80061e-05 -0.156556 -2.81051e-05
-0.625493 -0.000314785 -0.354792 -0.000111561 -0.279357 -5.01506e-05
-0.610234 -0.000307106 -0.396393 -0.000124642 -0.407096 -7.30823e-05
-0.590018 -0.000296932 -0.436217 -0.000137164 -0.536869 -9.63794e-05
-0.566481 -0.000285087 -0.474113 -0.000149081 -0.666429 -0.000119638
-0.541254 -0.000272391 -0.509927 -0.000160342 -0.794085 -0.000142555
-0.51595 -0.000259656 -0.543532 -0.000170909 -0.918148 -0.000164827
-0.492248 -0.000247728 -0.574813 -0.000180745 -1.03646 -0.000186066
-0.471604 -0.000237339 -0.60369 -0.000189825 -1.14654 -0.000205829
-0.455707 -0.000229338 -0.630148 -0.000198144 -1.24613 -0.000223706
-0.445823 -0.000224364 -0.654195 -0.000205706 -1.33066 -0.000238881
-0.443743 -0.000223318 -0.672173 -0.000211359 -1.30095 -0.000233547
-0.451188 -0.000227064 -0.678003 -0.000213192 -1.29401 -0.000232303
-0.464795 -0.000233912 -0.688583 -0.000216519 -1.30992 -0.000235158
-0.488951 -0.000246069 -0.695662 -0.000218745 -1.32776 -0.000238361
-0.521083 -0.00026224 -0.708435 -0.000222761 -1.32453 -0.00023778
-0.561876 -0.000282769 -0.723117 -0.000227378 -1.29981 -0.000233344
-0.612252 -0.000308121 -0.733736 -0.000230717 -1.26462 -0.000227026
-0.671199 -0.000337787 -0.740573 -0.000232867 -1.23319 -0.000221385
-0.738103 -0.000371457 -0.745337 -0.000234365 -1.20053 -0.00021552
-0.812319 -0.000408807 -0.750009 -0.000235834 -1.14903 -0.000206276
-0.892785 -0.000449302 -0.75441 -0.000237217 -1.07273 -0.000192578
-0.978235 -0.000492305 -0.757137 -0.000238075 -0.982042 -0.000176298
-1.06724 -0.000537099 -0.757875 -0.000238307 -0.890878 -0.000159932
-1.15835 -0.000582948 -0.757334 -0.000238137 -0.803593 -0.000144262
-1.24991 -0.00062903 -0.756264 -0.0002378 -0.714872 -0.000128335
-1.34023 -0.000674483 -0.754748 -0.000237324 -0.619863 -0.000111279
-1.42762 -0.000718464 -0.752561 -0.000236636 -0.521374 -9.35977e-05
-1.51047 -0.000760155 -0.74968 -0.00023573 -0.427367 -7.67215e-05
-1.5872 -0.000798771 -0.746341 -0.00023468 -0.343613 -6.16858e-05
-1.50171 -0.000755748 -1.04734 -0.000329326 -0.200116 -3.59251e-05
-0.930774 -0.00046842 -0.904524 -0.000284419 -0.277489 -4.98152e-05
-1.4593 -0.000734405 -1.02472 -0.000322215 -0.145118 -2.60517e-05
-1.78049 -0.000896048 -1.02561 -0.000322494 -0.0237054 -4.25562e-06
-1.49554 -0.000752644 -1.23324 -0.000387782 -0.227986 -4.09284e-05
-1.24718 -0.000627654 -0.773984 -0.000243372 -0.0318321 -5.71453e-06
-1.51194 -0.000760897 -0.766182 -0.000240919 -0.0623975 -1.12017e-05
-1.6656 -0.000838228 -1.0345 -0.000325289 -0.0798253 -1.43303e-05
-1.56797 -0.000789097 -1.15833 -0.000364228 -0.126591 -2.27257e-05
-1.50011 -0.000754942 -1.06838 -0.000335943 -0.0952675 -1.71025e-05
-1.56901 -0.00078962 -0.946202 -0.000297525 -0.0563561 -1.01171e-05
-1.60391 -0.00080718 -0.956301 -0.0003007 -0.067072 -1.20409e-05
-1.5606 -0.000785386 -1.05632 -0.000332149 -0.119857 -2.15169e-05
-1.53422 -0.000772112 -1.13825 -0.000357912 -0.140004 -2.51337e-05
-1.55178 -0.000780946 -1.13894 -0.000358129 -0.121759 -2.18583e-05
-1.55584 -0.000782988 -1.10735 -0.000348197 -0.115089 -2.06609e-05
-1.53297 -0.00077148 -1.13107 -0.000355653 -0.146167 -2.62401e-05
-1.51801 -0.000763953 -1.20701 -0.000379534 -0.224233 -4.02546e-05
-1.51858 -0.00076424 -1.27116 -0.000399704 -0.298069 -5.35097e-05
-1.51184 -0.000760849 -1.29419 -0.000406947 -0.360764 -6.47648e-05
-1.49474 -0.000752243 -1.30513 -0.000410385 -0.432377 -7.76209e-05
-1.48134 -0.000745496 -1.34083 -0.000421613 -0.523066 -9.39016e-05
-1.4749 -0.000742256 -1.39786 -0.000439545 -0.622761 -0.000111799
-1.46819 -0.000738881 -1.45002 -0.000455946 -0.716992 -0.000128715
-1.45881 -0.000734157 -1.486 -0.00046726 -0.802742 -0.000144109
-1.45165 -0.000730556 -1.51704 -0.00047702 -0.88828 -0.000159465
-1.44872 -0.000729079 -1.55772 -0.000489812 -0.980207 -0.000175968
-1.44834 -0.000728891 -1.60526 -0.000504758 -1.07461 -0.000192916
-1.45009 -0.00072977 -1.65416 -0.000520136 -1.16489 -0.000209123
-1.45267 -0.000731068 -1.69616 -0.000533342 -1.24566 -0.000223623
-1.45247 -0.000730969 -1.73313 -0.000544966 -1.32109 -0.000237164
-1.45236 -0.000730911 -1.76898 -0.000556241 -1.39654 -0.000250708
-1.4531 -0.000731287 -1.80903 -0.000568834 -1.46937 -0.000263783
-1.45535 -0.000732418 -1.85155 -0.000582204 -1.46426 -0.000262866
-1.45847 -0.000733988 -1.87859 -0.000590706 -1.46371 -0.000262768
-1.46149 -0.000735508 -1.90554 -0.000599178 -1.47869 -0.000265456
-1.46532 -0.000737437 -1.92997 -0.000606862 -1.49613 -0.000268587
-1.47041 -0.000739997 -1.95709 -0.000615389 -1.5008 -0.000269426
-1.47632 -0.000742973 -1.95815 -0.000615724 -1.49393 -0.000268192
-1.48226 -0.000745958 -1.95771 -0.000615584 -1.48692 -0.000266934
-1.48965 -0.000749681 -1.95657 -0.000615226 -1.49242 -0.000267921
-1.49742 -0.000753588 -1.94691 -0.000612187 -1.51013 -0.000271101
-1.50254 -0.000756164 -1.93401 -0.000608133 -1.5201 -0.00027289
-1.50862 -0.000759226 -1.92481 -0.00060524 -1.51918 -0.000272725
-1.5168 -0.000763343 -1.91818 -0.000603154 -1.51886 -0.000272668
-1.52376 -0.000766843 -1.91166 -0.000601104 -1.52372 -0.00027354
-1.52906 -0.000769513 -1.90278 -0.000598311 -1.53034 -0.000274729
-1.53538 -0.000772694 -1.89311 -0.000595271 -1.53586 -0.000275719
-1.54218 -0.000776117 -1.88525 -0.000592801 -1.54035 -0.000276526
-1.54742 -0.000778753 -1.87958 -0.000591016 -1.54195 -0.000276814
-1.55172 -0.000780918 -1.87433 -0.000589367 -1.54277 -0.000276961
-1.5562 -0.000783172 -1.86835 -0.000587487 -1.54638 -0.000277608
-1.56048 -0.000785323 -1.86271 -0.000585712 -1.55299 -0.000278794
-1.56316 -0.000786672 -1.85896 -0.000584532 -1.55756 -0.000279615
-1.56276 -0.000786474 -1.85711 -0.000583953 -1.55856 -0.000279795
-1.55949 -0.000784825 -1.85642 -0.000583736 -1.55714 -0.00027954
-1.55272 -0.000781421 -1.85686 -0.000583874 -1.55483 -0.000279124
-1.54216 -0.000776103 -1.85853 -0.000584397 -1.55295 -0.000278788
-1.52741 -0.000768683 -1.8584 -0.000584358 -1.5524 -0.000278689
-1.50672 -0.000758271 -1.85733 -0.00058402 -1.5506 -0.000278365
-1.48197 -0.000745814 -1.85155 -0.000582203 -1.54781 -0.000277866
-1.45573 -0.000732607 -1.8423 -0.000579294 -1.54391 -0.000277164
-1.42898 -0.000719144 -1.82938 -0.000575233 -1.53874 -0.000276236
-1.3997 -0.00070441 -1.81215 -0.000569815 -1.53187 -0.000275003
-1.36874 -0.000688831 -1.79822 -0.000565435 -1.52721 -0.000274166
-1.33702 -0.000672865 -1.78514 -0.000561323 -1.52266 -0.00027335
-1.30461 -0.000656557 -1.76642 -0.000555435 -1.51558 -0.000272078
-1.27145 -0.000639866 -1.74281 -0.000548011 -1.50663 -0.000270472
-1.23854 -0.000623308 -1.7177 -0.000540115 -1.49769 -0.000268866
-1.20713 -0.000607498 -1.69507 -0.000532999 -1.49067 -0.000267606
-1.17686 -0.000592265 -1.67302 -0.000526067 -1.48418 -0.000266442
-1.14757 -0.000577524 -1.64845 -0.000518339 -1.47751 -0.000265244
-1.11959 -0.000563441 -1.62074 -0.000509628 -1.46595 -0.000263169
-1.09371 -0.00055042 -1.59152 -0.00050044 -1.44688 -0.000259745
-1.0702 -0.000538586 -1.56248 -0.000491307 -1.42204 -0.000255287
-1.04895 -0.000527893 -1.53279 -0.000481972 -1.3925 -0.000249983
-1.03006 -0.000518386 -1.50096 -0.000471964 -1.35619 -0.000243466
-1.01353 -0.000510068 -1.46712 -0.000461322 -1.31102 -0.000235355
-0.999258 -0.000502885 -1.43232 -0.000450382 -1.25702 -0.000225661
-0.987 -0.000496716 -1.39721 -0.00043934 -1.19581 -0.000214674
-0.976476 -0.00049142 -1.36139 -0.000428078 -1.12887 -0.000202656
-0.967421 -0.000486863 -1.32433 -0.000416423 -1.05656 -0.000189675
-0.959482 -0.000482868 -1.28618 -0.000404429 -0.978799 -0.000175715
-0.952222 -0.000479214 -1.24757 -0.000392288 -0.896063 -0.000160862
-0.945377 -0.000475769 -1.20882 -0.000380103 -0.809723 -0.000145362
-0.938504 -0.00047231 -1.16982 -0.00036784 -0.721456 -0.000129517
-0.93102 -0.000468544 -1.13042 -0.00035545 -0.632776 -0.000113597
-0.922572 -0.000464292 -1.09083 -0.000343001 -0.544702 -9.77856e-05
-0.912893 -0.000459421 -1.05144 -0.000330617 -0.458224 -8.22609e-05
-0.901627 -0.000453751 -1.01246 -0.000318358 -0.374531 -6.72363e-05
-0.888315 -0.000447052 -0.97391 -0.000306237 -0.295052 -5.29682e-05
-0.872621 -0.000439154 -0.935798 -0.000294253 -0.221112 -3.96943e-05
-0.85422 -0.000429894 -0.898206 -0.000282433 -0.153696 -2.75918e-05
-0.832592 -0.000419009 -0.86185 -0.000271001 -0.144795 -2.59939e-05
-0.807004 -0.000406132 -0.828686 -0.000260573 -0.137838 -2.47449e-05
-0.77819 -0.000391631 -0.794257 -0.000249747 -0.128844 -2.31303e-05
-0.745363 -0.00037511 -0.762006 -0.000239606 -0.11238 -2.01745e-05
-0.708329 -0.000356472 -0.729927 -0.000229519 -0.0983573 -1.76572e-05
-0.667939 -0.000336146 -0.697585 -0.000219349 -0.0930701 -1.67081e-05
-0.624603 -0.000314337 -0.664428 -0.000208923 -0.0905374 -1.62534e-05
-0.578209 -0.000290989 -0.630996 -0.000198411 -0.0868303 -1.55879e-05
-0.528438 -0.000265941 -0.598751 -0.000188272 -0.0797238 -1.43121e-05
-0.475912 -0.000239507 -0.567682 -0.000178503 -0.0723905 -1.29956e-05
-0.421284 -0.000212015 -0.537217 -0.000168923 -0.0682375 -1.22501e-05
-0.364857 -0.000183618 -0.50679 -0.000159355 -0.0680881 -1.22233e-05
-0.306972 -0.000154486 -0.476462 -0.000149819 -0.0692881 -1.24387e-05
-0.248232 -0.000124925 -0.446772 -0.000140484 -0.0862824 -1.54895e-05
-0.189259 -9.52463e-05 -0.417594 -0.000131309 -0.108227 -1.9429e-05
-0.130381 -6.56155e-05 -0.389068 -0.000122339 -0.129272 -2.3207e-05
-0.0720233 -3.62464e-05 -0.360619 -0.000113393 -0.150376 -2.69957e-05
-0.0145969 -7.346e-06 -0.332246 -0.000104472 -0.170387 -3.05881e-05
0.0415772 2.09241e-05 -0.304103 -9.56223e-05 -0.187538 -3.3667e-05
0.0803576 4.04407e-05 -0.273904 -8.61266e-05 -0.200943 -3.60736e-05
0.121369 6.10798e-05 -0.248606 -7.81719e-05 -0.208864 -3.74956e-05
0.150491 7.5736e-05 -0.227947 -7.16758e-05 -0.211889 -3.80386e-05
0.177674 8.94159e-05 -0.211722 -6.65742e-05 -0.212293 -3.8111e-05
0.199761 0.000100531 -0.191095 -6.00881e-05 -0.210267 -3.77474e-05
0.22404 0.00011275 -0.174283 -5.48018e-05 -0.197989 -3.55432e-05
0.244511 0.000123052 -0.156659 -4.92602e-05 -0.181297 -3.25467e-05
0.261017 0.000131359 -0.136537 -4.29328e-05 -0.159811 -2.86894e-05
0.275887 0.000138842 -0.114784 -3.60928e-05 -0.131706 -2.36439e-05
0.289025 0.000145454 -0.0903626 -2.84137e-05 -0.0993196 -1.783e-05
0.300343 0.00015115 -0.0658578 -2.07084e-05 -0.0618534 -1.1104e-05
0.309613 0.000155816 -0.0413235 -1.29938e-05 -0.0208799 -3.74839e-06
0.317701 0.000159886 -0.0163421 -5.13863e-06 0.00684068 1.22805e-06
0.325506 0.000163814 0.00755494 2.37558e-06 0.00937611 1.68321e-06
0.332827 0.000167498 0.0317987 9.99882e-06 0.0142527 2.55866e-06
0.340139 0.000171178 0.0541846 1.70379e-05 0.0262097 4.70519e-06
0.347031 0.000174646 0.0760996 2.39288e-05 0.0383011 6.87586e-06
0.354023 0.000178165 0.0988219 3.10737e-05 0.0452897 8.13047e-06
0.362042 0.000182201 0.121676 3.82601e-05 0.0491193 8.81796e-06
0.366652 0.000184521 0.143544 4.51362e-05 0.054965 9.86739e-06
0.380958 0.00019172 0.160723 5.05379e-05 0.0686361 1.23216e-05
0.400979 0.000201796 0.174667 5.49224e-05 0.0785907 1.41087e-05
0.416233 0.000209473 0.187239 5.88757e-05 0.0893709 1.6044e-05
0.431844 0.000217329 0.202049 6.35325e-05 0.098288 1.76448e-05
0.453806 0.000228382 0.220093 6.92061e-05 0.107144 1.92347e-05
0.477828 0.000240471 0.235824 7.41528e-05 0.116438 2.0903e-05
0.501204 0.000252235 0.247551 7.78402e-05 0.126895 2.27803e-05
0.526336 0.000264883 0.258658 8.13327e-05 0.137471 2.4679e-05
0.554679 0.000279147 0.271617 8.54074e-05 0.147529 2.64846e-05
0.584422 0.000294116 0.28564 8.9817e-05 0.157139 2.82098e-05
0.614295 0.000309149 0.282341 8.87795e-05 0.159854 2.86972e-05
0.656435 0.000330357 0.289644 9.1076e-05 0.166756 2.99363e-05
0.699205 0.000351881 0.311796 9.80416e-05 0.175562 3.15172e-05
0.736643 0.000370722 0.323137 0.000101607 0.182473 3.27579e-05
0.774548 0.000389798 0.322178 0.000101306 0.185243 3.3255e-05
0.815014 0.000410163 0.323062 0.000101584 0.187882 3.37288e-05
0.854049 0.000429807 0.332209 0.00010446 0.194435 3.49051e-05
0.889755 0.000447777 0.344863 0.000108439 0.202147 3.62896e-05
0.924252 0.000465138 0.353711 0.000111221 0.207684 3.72837e-05
41.5005 0.125884 0.303036 9.52869e-05 0.21571 3.87245e-05
8.93253 0.293234 0.204821 6.44041e-05 0.287344 5.15844e-05
8.93253 0.35649 0.450286 0.000141588 0.192908 3.46311e-05
-0.988295 0.341981 0.326343 0.000102616 0.266594 4.78594e-05
-3.97516 0.309012 0.266553 8.38153e-05 0.287168 5.15528e-05
2.48784 0.323276 0.303277 9.53627e-05 0.264283 4.74443e-05
8.93253 0.360373 0.352812 0.000110939 0.266841 4.79036e-05
8.93253 0.373317 0.377292 0.000118636 0.277307 4.97825e-05
2.3998 0.370029 0.33789 0.000106247 0.293442 5.26792e-05
7.01723 0.372353 0.320049 0.000100636 0.289049 5.18904e-05
8.93253 0.384539 0.345536 0.000108651 0.278722 5.00366e-05
8.93253 0.403707 0.341914 0.000107512 0.289281 5.19321e-05
8.93253 0.410813 0.34566 0.00010869 0.299558 5.3777e-05
8.93253 0.412293 0.345023 0.00010849 0.293515 5.26921e-05
8.93253 0.417768 0.331522 0.000104244 0.298862 5.36521e-05
8.93253 0.426896 0.336579 0.000105834 0.297619 5.34289e-05
8.93253 0.433889 0.344825 0.000108427 0.301586 5.4141e-05
8.93253 0.435804 0.347593 0.000109297 0.306196 5.49687e-05
8.51127 0.435592 0.346751 0.000109033 0.307324 5.51711e-05
8.93253 0.435909 0.347001 0.000109111 0.308144 5.53185e-05
8.93253 0.436827 0.35415 0.000111359 0.309102 5.54904e-05
8.41616 0.436684 0.360255 0.000113279 0.312647 5.61269e-05
7.23839 0.436091 0.364096 0.000114487 0.315461 5.6632e-05
6.12268 0.43553 0.366258 0.000115167 0.317005 5.69091e-05
4.91104 0.43492 0.369752 0.000116265 0.317373 5.69751e-05
3.27364 0.434096 0.372623 0.000117168 0.318991 5.72657e-05
0.552304 0.432727 0.374778 0.000117846 0.320942 5.7616e-05
-0.185045 0.429967 0.375606 0.000118106 0.321859 5.77805e-05
-0.524997 0.425407 0.375145 0.000117961 0.321798 5.77696e-05
-0.941293 0.419823 0.373253 0.000117366 0.321312 5.76823e-05
-1.34245 0.414442 0.370667 0.000116553 0.320769 5.75849e-05
-1.69334 0.409735 0.367874 0.000115675 0.319568 5.73693e-05
-2.01957 0.405359 0.363589 0.000114327 0.316702 5.68547e-05
-2.35124 0.400911 0.35712 0.000112293 0.312041 5.60181e-05
-2.67502 0.396568 0.34884 0.00010969 0.306089 5.49496e-05
-2.95959 0.392751 0.339276 0.000106682 0.299056 5.36869e-05
-3.19881 0.389542 0.328543 0.000103307 0.290357 5.21252e-05
-3.40845 0.38673 0.316224 9.94339e-05 0.279523 5.01804e-05
-3.59603 0.384214 0.302072 9.49839e-05 0.266686 4.78757e-05
-3.74977 0.382152 0.286095 8.99599e-05 0.252427 4.53159e-05
-3.86101 0.38066 0.268827 8.45301e-05 0.237053 4.25561e-05
-3.93416 0.379679 0.250446 7.87505e-05 0.220629 3.96077e-05
-3.97964 0.379068 0.230873 7.2596e-05 0.203145 3.64689e-05
-4.00175 0.378772 0.210354 6.61439e-05 0.184685 3.31548e-05
-3.94605 0.37878 0.189271 5.95145e-05 0.165629 2.97338e-05
-3.77634 0.378865 0.168151 5.28736e-05 0.146342 2.62715e-05
-3.56995 0.378969 0.147017 4.62283e-05 0.127177 2.2831e-05
-3.3388 0.379085 0.126029 3.96287e-05 0.108405 1.9461e-05
-3.09426 0.379208 0.105794 3.32661e-05 0.0899904 1.61552e-05
-2.89766 0.379307 0.0864813 2.71933e-05 0.0723402 1.29866e-05
-2.82107 0.379346 0.0682253 2.14528e-05 0.0557941 1.00162e-05
-2.90715 0.379302 0.0513378 1.61427e-05 0.0406235 7.29278e-06
-3.19334 0.379158 0.0362753 1.14065e-05 0.0102458 1.83933e-06
-3.7537 0.378876 0.025455 8.00411e-06 -0.0208684 -3.74632e-06
-4.06935 0.377865 0.0155896 4.90201e-06 -0.0473886 -8.50726e-06
-4.28528 0.374969 0.00819949 2.57826e-06 -0.0681016 -1.22257e-05
-4.6086 0.370632 0.00064141 2.01685e-07 -0.0794576 -1.42643e-05
-5.00865 0.365266 -0.00474635 -1.49245e-06 -0.0851836 -1.52923e-05
-5.46903 0.359091 -0.00673641 -2.1182e-06 -0.0900584 -1.61674e-05
-6.00822 0.351858 -0.00700828 -2.20369e-06 -0.0913095 -1.6392e-05
-6.65343 0.343204 -0.00541829 -1.70373e-06 -0.0855021 -1.53494e-05
-7.36611 0.333645 -0.00340304 -1.07006e-06 -0.0703189 -1.26237e-05
-8.14682 0.323173 0.00153686 4.83252e-07 -0.0477551 -8.57305e-06
-9.01196 0.311568 0.0094641 2.9759e-06 -0.0210685 -3.78224e-06
-9.96292 0.298813 0.0177125 5.56955e-06 0.00740699 1.32971e-06
-10.9959 0.284957 0.0272453 8.56705e-06 0.0225221 4.0432e-06
-12.0786 0.270435 0.0374181 1.17658e-05 0.0284454 5.10655e-06
-13.1944 0.255467 0.0486993 1.5313e-05 0.0382679 6.8699e-06
-14.3443 0.240043 0.060899 1.91492e-05 0.0483925 8.68748e-06
-15.5233 0.224229 0.0735282 2.31203e-05 0.0561326 1.0077e-05
-16.7051 0.208378 0.0849532 2.67128e-05 0.0625336 1.12261e-05
-17.8551 0.192952 0.0962529 3.02659e-05 0.0692485 1.24316e-05
-18.9759 0.177919 0.106933 3.36241e-05 0.0776727 1.39439e-05
-20.0964 0.162888 0.116845 3.67407e-05 0.0866052 1.55475e-05
-21.2126 0.147918 0.124816 3.92473e-05 0.0939208 1.68608e-05
-22.286 0.133519 0.131676 4.14045e-05 0.0996501 1.78893e-05
-23.2774 0.120221 0.1354 4.25753e-05 0.10394 1.86595e-05
-24.1794 0.108123 0.134788 4.23828e-05 0.108214 1.94268e-05
-25.0216 0.0968254 0.130279 4.0965e-05 0.111967 2.01005e-05
-25.841 0.0858343 0.123884 3.89544e-05 0.114759 2.06017e-05
-26.6251 0.0753169 0.115872 3.64348e-05 0.115567 2.07467e-05
-27.3292 0.0658735 0.106159 3.33809e-05 0.115024 2.06493e-05
-27.9735 0.0572304 0.0961755 3.02415e-05 0.111781 2.0067e-05
-28.5573 0.0494006 0.0789061 2.48113e-05 0.107009 1.92104e-05
-29.11 0.041987 0.0592435 1.86286e-05 0.101022 1.81356e-05
-29.6399 0.0348793 0.0410293 1.29013e-05 0.0938218 1.6843e-05
-30.1245 0.0283789 0.0198204 6.23235e-06 0.084916 1.52442e-05
-30.5705 0.0223965 -0.0021104 -6.63596e-07 0.073108 1.31244e-05
-30.9893 0.0167785 -0.0264699 -8.32322e-06 0.0599205 1.0757e-05
-31.3978 0.0112996 -0.0520568 -1.63688e-05 0.045939 8.24702e-06
-31.8076 0.00580283 -0.0788095 -2.47809e-05 0.0309013 5.54743e-06
-32.1588 0.001092 -0.107563 -3.38223e-05 0.0147233 2.64314e-06
-32.1748 0.000877783 -0.144705 -4.55011e-05 -0.00161399 -2.89745e-07
-32.1839 0.000755398 -0.176916 -5.56297e-05 -0.0190378 -3.41769e-06
-32.191 0.000660097 -0.206778 -6.50195e-05 -0.0397861 -7.14245e-06
-32.1976 0.000571846 -0.246509 -7.75127e-05 -0.0552684 -9.92186e-06
-32.2019 0.000513938 -0.284069 -8.93231e-05 -0.0859675 -1.5433e-05
-32.205 0.000471884 -0.318639 -0.000100193 -0.128032 -2.29845e-05
-32.2081 0.000430571 -0.354751 -0.000111548 -0.1687 -3.02853e-05
-32.2111 0.000390213 -0.391748 -0.000123182 -0.207001 -3.71611e-05
-32.2137 0.000356143 -0.431312 -0.000135622 -0.239187 -4.29392e-05
-32.2159 0.00032641 -0.472367 -0.000148531 -0.269238 -4.83339e-05
-32.2181 0.000297138 -0.513381 -0.000161428 -0.301119 -5.40573e-05
-32.2202 0.000268825 -0.554786 -0.000174447 -0.335054 -6.01494e-05
-32.2221 0.000242591 -0.597094 -0.000187751 -0.36854 -6.61607e-05
-32.224 0.000217883 -0.640944 -0.000201539 -0.398777 -7.15889e-05
-32.2258 0.000193769 -0.68604 -0.000215719 -0.425904 -7.64587e-05
-32.2275 0.000170156 -0.731643 -0.000230058 -0.452411 -8.12174e-05
-32.2292 0.000147467 -0.777609 -0.000244512 -0.480059 -8.61809e-05
-32.2309 0.000125543 -0.824251 -0.000259178 -0.508388 -9.12665e-05
-32.2325 0.000103958 -0.871714 -0.000274102 -0.535908 -9.62069e-05
-32.234 8.26954e-05 -0.919759 -0.00028921 -0.562001 -0.000100891
-32.2356 6.19303e-05 -0.968105 -0.000304412 -0.587687 -0.000105502
-32.2371 4.16798e-05 -1.01681 -0.000319727 -0.614391 -0.000110296
-32.2386 2.18766e-05 -1.06613 -0.000335234 -0.64265 -0.000115369
-32.24 2.54921e-06 -1.11606 -0.000350935 -0.672029 -0.000120644
-32.2414 -1.6168e-05 -1.16645 -0.000366779 -0.702054 -0.000126034
-32.2428 -3.42318e-05 -1.21706 -0.000382693 -0.73294 -0.000131578
-32.2441 -5.16257e-05 -1.26775 -0.000398633 -0.76544 -0.000137413
-32.2453 -6.82636e-05 -1.31853 -0.000414601 -0.800149 -0.000143644
-32.2465 -8.4066e-05 -1.36936 -0.000430583 -0.837112 -0.000150279
-32.2476 -9.89367e-05 -1.42023 -0.000446578 -0.876048 -0.000157269
-32.2486 -0.000112826 -1.47109 -0.000462572 -0.916827 -0.00016459
-32.2496 -0.000125754 -1.52189 -0.000478545 -0.959638 -0.000172275
-32.2505 -0.000137664 -1.57275 -0.000494538 -1.00456 -0.000180339
-32.2512 -0.000148011 -1.62364 -0.000510538 -1.05211 -0.000188877
-32.252 -0.000157451 -1.67451 -0.000526536 -1.10158 -0.000197758
-32.2502 -0.000161173 -1.72493 -0.000542388 -1.15273 -0.00020694
-32.2498 -0.000160954 -1.76371 -0.000554582 -1.20868 -0.000216983
-32.2485 -0.000160311 -1.80054 -0.000566164 -1.27118 -0.000228204
-32.2431 -0.000157622 -1.85533 -0.000583393 -1.32442 -0.000237762
-32.2402 -0.000156119 -1.89282 -0.000595179 -1.38198 -0.000248095
-32.2361 -0.000154069 -1.92447 -0.000605132 -1.44329 -0.000259102
-32.23 -0.000151004 -1.93594 -0.000608739 -1.49719 -0.000268778
-32.2249 -0.000148456 -1.95905 -0.000616007 -1.54002 -0.000276466
-32.2223 -0.000147121 -1.97748 -0.000621802 -1.52563 -0.000273883
-32.219 -0.000145463 -1.98381 -0.00062379 -1.52884 -0.00027446
-32.2137 -0.000142798 -1.98816 -0.00062516 -1.53937 -0.00027635
-32.2105 -0.000141178 -1.99758 -0.000628122 -1.54316 -0.00027703
-32.2099 -0.000140879 -2.00799 -0.000631396 -1.53512 -0.000275586
-32.2079 -0.000139893 -2.01662 -0.000634108 -1.52253 -0.000273327
-32.2052 -0.000138515 -2.02283 -0.000636061 -1.51456 -0.000271896
-32.205 -0.000138427 -2.02651 -0.000637218 -1.5162 -0.00027219
-32.2065 -0.000139161 -2.02868 -0.000637899 -1.52326 -0.000273457
-32.2073 -0.000139584 -2.03102 -0.000638635 -1.52678 -0.000274089
-32.2085 -0.000140199 -2.03298 -0.000639252 -1.52374 -0.000273543
-32.2118 -0.000141833 -2.03259 -0.000639129 -1.51938 -0.000272762
-32.2161 -0.000144029 -2.02952 -0.000638163 -1.52026 -0.00027292
-32.2205 -0.000146247 -2.02485 -0.000636694 -1.5266 -0.000274058
-32.2258 -0.000148892 -2.01945 -0.000634999 -1.53327 -0.000275255
-32.2324 -0.000152236 -2.01395 -0.000633269 -1.5376 -0.000276032
-32.2396 -0.000155822 -2.00719 -0.000631141 -1.53949 -0.000276371
-32.2467 -0.000159402 -1.99885 -0.000628521 -1.5419 -0.000276803
-32.2524 -0.00016318 -1.98967 -0.000625633 -1.5469 -0.000277702
-32.2527 -0.000167185 -1.9805 -0.000622749 -1.5538 -0.000278941
-32.253 -0.000172092 -1.9695 -0.000619293 -1.56143 -0.00028031
-32.2534 -0.00017669 -1.95884 -0.00061594 -1.56601 -0.000281133
-32.2537 -0.000180945 -1.9489 -0.000612816 -1.56975 -0.000281803
-32.2507 -0.000181389 -1.93946 -0.000609845 -1.57543 -0.000282822
-32.254 -0.000185455 -1.93131 -0.000607283 -1.58214 -0.000284028
-32.2538 -0.000186246 -1.92605 -0.000605629 -1.58605 -0.00028473
-32.2536 -0.000186128 -1.92306 -0.000604688 -1.58582 -0.000284689
-32.2541 -0.00018693 -1.92015 -0.000603773 -1.58505 -0.00028455
-32.2531 -0.000186477 -1.91785 -0.000603052 -1.588 -0.00028508
-32.2497 -0.000184728 -1.92013 -0.000603767 -1.58839 -0.000285151
-32.2452 -0.000182477 -1.92502 -0.000605305 -1.58289 -0.000284163
-32.2377 -0.000178704 -1.92807 -0.000606264 -1.5779 -0.000283267
-32.2248 -0.000172216 -1.93101 -0.000607188 -1.57537 -0.000282812
-32.2076 -0.000163572 -1.93078 -0.000607115 -1.57231 -0.000282263
-32.1855 -0.000152435 -1.92692 -0.000605901 -1.56737 -0.000281376
-32.1622 -0.000140715 -1.91821 -0.000603165 -1.56179 -0.000280375
-32.1409 -0.000129998 -1.90405 -0.00059871 -1.55481 -0.000279121
-32.1288 -0.000123891 -1.83335 -0.00057648 -2.0318 -0.000364752
-32.1163 -0.000117634 -1.73461 -0.000545434 -0.794742 -0.000142673
-32.075 -9.683e-05 -1.73538 -0.000545674 -1.23277 -0.000221308
-32.0449 -8.16922e-05 -1.76256 -0.00055422 -1.42001 -0.000254922
-32.0148 -6.65313e-05 -1.71759 -0.000540081 -1.73332 -0.000311169
-31.9753 -4.66391e-05 -1.66666 -0.000524065 -1.44366 -0.000259167
-31.9431 -3.0436e-05 -1.64255 -0.000516486 -1.28114 -0.000229993
-31.9072 -1.23802e-05 -1.63416 -0.000513847 -1.32718 -0.000238258
-31.8682 7.22716e-06 -1.60281 -0.000503989 -1.57887 -0.000283442
-31.8317 2.5602e-05 -1.56322 -0.00049154 -1.58335 -0.000284245
-31.7974 4.28505e-05 -1.53312 -0.000482074 -1.45589 -0.000261362
-31.7624 6.04828e-05 -1.50579 -0.000473483 -1.36002 -0.000244153
-31.7277 7.79547e-05 -1.47258 -0.00046304 -1.43101 -0.000256896
-31.6947 9.4538e-05 -1.43686 -0.000451807 -1.50189 -0.000269621
-31.6634 0.000110292 -1.40375 -0.000441396 -1.45417 -0.000261054
-31.6334 0.000125399 -1.37107 -0.000431122 -1.34712 -0.000241836
-31.6051 0.000139667 -1.33459 -0.000419649 -1.30876 -0.00023495
-31.578 0.00015327 -1.29457 -0.000407065 -1.30649 -0.000234542
-31.5513 0.000166706 -1.25543 -0.000394759 -1.26644 -0.000227353
-31.5249 0.000180035 -1.21717 -0.000382729 -1.1775 -0.000211386
-31.4978 0.00019367 -1.17682 -0.00037004 -1.09308 -0.000196231
-31.4682 0.000208572 -1.136 -0.000357203 -1.04995 -0.000188488
-31.4354 0.000225066 -1.09669 -0.000344844 -1.00484 -0.000180391
-31.399 0.000243398 -1.05798 -0.000332672 -0.937637 -0.000168326
-31.3572 0.0002644 -1.01665 -0.000319678 -0.853915 -0.000153296
-31.3063 0.000290035 -0.974502 -0.000306423 -0.77941 -0.000139921
-31.2651 0.000310755 -0.930313 -0.000292529 -0.724251 -0.000130018
-31.2092 0.000338898 -0.884618 -0.00027816 -0.671406 -0.000120532
-31.145 0.000371192 -0.836775 -0.000263116 -0.603821 -0.000108399
-31.0604 0.000413789 -0.786872 -0.000247425 -0.536322 -9.62812e-05
-30.9384 0.000475161 -0.736604 -0.000231619 -0.478774 -8.59501e-05
-30.7545 0.000567721 -0.685359 -0.000215505 -0.419733 -7.53511e-05
-30.423 0.000734575 -0.632228 -0.000198798 -0.363419 -6.52415e-05
-29.4815 0.00120838 -0.577377 -0.000181551 -0.307849 -5.52654e-05
-25.9879 0.00296656 -0.523464 -0.000164599 -0.255756 -4.59137e-05
-21.3675 0.00529182 -0.467518 -0.000147007 -0.208439 -3.74192e-05
-16.6249 0.00767858 -0.410315 -0.00012902 -0.163904 -2.94243e-05
-11.6436 0.0101855 -0.353232 -0.000111071 -0.119414 -2.14373e-05
-3.39114 0.0143386 -0.297833 -9.36508e-05 -0.087318 -1.56754e-05
0.137446 0.0225216 -0.247593 -7.78534e-05 -0.0681067 -1.22266e-05
0.419291 0.0358021 -0.199339 -6.26805e-05 -0.0564026 -1.01255e-05
0.786303 0.0530956 -0.154743 -4.86576e-05 -0.044442 -7.97829e-06
1.16388 0.070887 -0.107444 -3.37847e-05 -0.0316653 -5.6846e-06
1.51974 0.087655 -0.0635337 -1.99776e-05 -0.0160505 -2.88141e-06
1.86235 0.103799 -0.0500091 -1.57249e-05 -0.000768751 -1.38007e-07
2.19077 0.119274 -0.0281801 -8.86098e-06 0.00831996 1.49361e-06
2.52218 0.13489 -0.016055 -5.04835e-06 0.02245 4.03026e-06
2.83572 0.149664 -0.00354813 -1.11568e-06 0.0334713 6.0088e-06
3.1336 0.1637 0.00603106 1.89641e-06 0.046581 8.36228e-06
3.41952 0.177172 0.0179195 5.63463e-06 0.0606964 1.08963e-05
3.69001 0.189917 0.0309363 9.72765e-06 0.0738319 1.32544e-05
3.94346 0.20186 0.041418 1.30235e-05 0.0865331 1.55345e-05
4.17419 0.212732 0.0526811 1.65651e-05 0.0986461 1.77091e-05
4.38473 0.222652 0.0651635 2.04901e-05 0.111505 2.00176e-05
4.5774 0.231731 0.0788065 2.478e-05 0.124502 2.23508e-05
4.7522 0.239968 0.092964 2.92317e-05 0.136816 2.45614e-05
4.90875 0.247344 0.108254 3.40394e-05 0.148167 2.65992e-05
5.05063 0.25403 0.125304 3.94006e-05 0.158913 2.85283e-05
5.17913 0.260085 0.144563 4.54565e-05 0.169146 3.03652e-05
5.29282 0.265442 0.164982 5.18772e-05 0.179061 3.21452e-05
5.37659 0.269389 0.187834 5.90626e-05 0.183977 3.30278e-05
5.43593 0.272185 0.211017 6.63524e-05 0.184638 3.31465e-05
5.4798 0.274252 0.235196 7.39552e-05 0.199163 3.57541e-05
5.51448 0.275886 0.259681 8.16542e-05 0.217647 3.90723e-05
5.53861 0.277023 0.283808 8.92409e-05 0.225288 4.04439e-05
5.55096 0.277605 0.307333 9.6638e-05 0.219307 3.93703e-05
5.56102 0.278079 0.330061 0.000103785 0.224772 4.03514e-05
5.57134 0.278565 0.35455 0.000111485 0.230086 4.13053e-05
5.58292 0.279111 0.377237 0.000118619 0.241358 4.33288e-05
5.59704 0.279776 0.396724 0.000124746 0.239387 4.29751e-05
5.6182 0.280773 0.414213 0.000130246 0.24161 4.33742e-05
5.64966 0.282256 0.430444 0.000135349 0.244007 4.38045e-05
5.69145 0.284225 0.443764 0.000139537 0.254276 4.5648e-05
5.74245 0.286628 0.45353 0.000142608 0.268308 4.81671e-05
5.79856 0.289272 0.46096 0.000144945 0.275896 4.95292e-05
5.85613 0.291985 0.466563 0.000146707 0.273679 4.91312e-05
5.9166 0.294834 0.469304 0.000147568 0.272224 4.887e-05
5.98195 0.297913 0.469597 0.00014766 0.27828 4.99571e-05
6.05341 0.30128 0.46752 0.000147007 0.283566 5.09062e-05
6.13089 0.304931 0.46338 0.000145706 0.281335 5.05057e-05
6.21436 0.308864 0.457648 0.000143903 0.277066 4.97392e-05
6.30155 0.312973 0.450389 0.000141621 0.274755 4.93244e-05
6.39809 0.317522 0.44308 0.000139323 0.271729 4.87811e-05
6.50603 0.322608 0.435459 0.000136926 0.265432 4.76508e-05
6.62658 0.328288 0.42859 0.000134766 0.256293 4.60101e-05
6.75688 0.334428 0.422447 0.000132835 0.247325 4.44e-05
6.89427 0.340902 0.416279 0.000130895 0.239589 4.30113e-05
7.03517 0.347541 0.411526 0.000129401 0.23054 4.13868e-05
7.17592 0.354173 0.405657 0.000127555 0.218745 3.92694e-05
7.31528 0.36074 0.399119 0.000125499 0.20699 3.71591e-05
7.44568 0.366884 0.393152 0.000123623 0.196969 3.53601e-05
7.57028 0.372755 0.387984 0.000121998 0.18927 3.3978e-05
7.69447 0.378607 0.38141 0.000119931 0.177461 3.1858e-05
7.82572 0.384791 0.377189 0.000118604 0.164445 2.95214e-05
7.92459 0.38945 0.377541 0.000118714 0.153594 2.75734e-05
8.00673 0.39332 0.371508 0.000116817 0.14585 2.61832e-05
8.0951 0.397484 0.368438 0.000115852 0.136184 2.4448e-05
8.21084 0.402938 0.361893 0.000113794 0.128214 2.30171e-05
8.37162 0.410514 0.354511 0.000111473 0.119285 2.14143e-05
8.53732 0.418321 0.346054 0.000108814 0.108592 1.94946e-05
8.67872 0.424985 0.339814 0.000106851 0.098588 1.76986e-05
8.82654 0.43195 0.333484 0.000104861 0.0919715 1.65108e-05
8.93253 0.440252 0.327395 0.000102946 0.0881395 1.58229e-05
8.93253 0.449469 0.321781 0.000101181 0.0855132 1.53514e-05
8.93253 0.458554 0.318141 0.000100037 0.0820607 1.47316e-05
8.93253 0.467653 0.314844 9.89997e-05 0.0779469 1.39931e-05
8.93253 0.47728 0.312304 9.82012e-05 0.0752261 1.35047e-05
8.93253 0.487405 0.314952 9.90339e-05 0.0766682 1.37636e-05
8.93253 0.497264 0.319372 0.000100424 0.0840095 1.50815e-05
8.93253 0.506569 0.3173 9.97721e-05 0.0898568 1.61312e-05
8.93253 0.516594 0.321384 0.000101056 0.0951007 1.70726e-05
8.93253 0.527997 0.330049 0.000103781 0.103541 1.85879e-05
8.93253 0.53994 0.333218 0.000104777 0.111266 1.99747e-05
8.93253 0.551761 0.328438 0.000103274 0.119971 2.15374e-05
8.93253 0.565063 0.336176 0.000105708 0.135139 2.42604e-05
8.93253 0.579067 0.342537 0.000107708 0.14677 2.63484e-05
8.93253 0.592801 0.341168 0.000107277 0.156852 2.81582e-05
8.93253 0.605918 0.342663 0.000107747 0.173928 3.12238e-05
8.93253 0.618996 0.348762 0.000109665 0.192029 3.44732e-05
8.93253 0.632364 0.352936 0.000110978 0.206739 3.71141e-05
8.93253 0.645675 0.355115 0.000111663 0.221527 3.97688e-05
8.93253 0.658743 0.358488 0.000112723 0.241256 4.33106e-05
8.93253 0.671583 0.363702 0.000114363 0.263945 4.73838e-05
8.93253 0.684168 0.368435 0.000115851 0.285266 5.12113e-05
8.93253 0.696377 0.372707 0.000117194 0.30329 5.44469e-05
8.93253 0.70807 0.378934 0.000119152 0.315109 5.65687e-05
8.93253 0.719131 0.3901 0.000122663 0.347598 6.24012e-05
8.93253 0.729574 0.400069 0.000125798 0.380002 6.82184e-05
8.93253 0.739309 0.408631 0.00012849 0.399843 7.17803e-05
8.93253 0.748299 0.418022 0.000131443 0.399558 7.17291e-05
8.93253 0.756642 0.429182 0.000134952 0.381562 6.84986e-05
8.93253 0.763981 0.440909 0.00013864 0.345898 6.2096e-05
8.93253 0.770623 0.449215 0.000141252 0.284735 5.1116e-05
8.93253 0.776631 0.453371 0.000142558 0.357029 6.40942e-05
8.93253 0.782047 0.454004 0.000142757 0.47853 8.59063e-05
8.93253 0.786887 0.458652 0.000144219 0.550505 9.88274e-05
8.93253 0.791015 0.471114 0.000148138 0.60464 0.000108546
8.93253 0.794534 0.492757 0.000154943 0.520838 9.35015e-05
8.93253 0.797821 0.516642 0.000162454 0.40288 7.23255e-05
8.93253 0.800916 0.536821 0.000168799 0.368728 6.61945e-05
8.93253 0.804146 0.549887 0.000172907 0.432115 7.75738e-05
8.93253 0.807541 0.559962 0.000176075 0.544254 9.77052e-05
8.93253 0.811077 0.573053 0.000180191 0.599223 0.000107573
8.93253 0.814739 0.590818 0.000185777 0.564138 0.000101275
8.93253 0.817644 0.611365 0.000192238 0.488896 8.77672e-05
8.93253 0.819119 0.628606 0.000197659 0.45146 8.10466e-05
8.93253 0.821377 0.635915 0.000199958 0.484801 8.70322e-05
8.93253 0.825112 0.642306 0.000201967 0.551394 9.89869e-05
8.93253 0.829667 0.646485 0.000203281 0.591509 0.000106188
8.93253 0.834312 0.6507 0.000204607 0.576157 0.000103432
8.93253 0.839642 0.654328 0.000205747 0.523415 9.39641e-05
8.93253 0.846418 0.654116 0.000205681 0.49395 8.86746e-05
8.93253 0.854157 0.648603 0.000203947 0.522734 9.38418e-05
8.93253 0.862122 0.638694 0.000200832 0.550586 9.88419e-05
8.93253 0.870424 0.627225 0.000197225 0.532471 9.55898e-05
8.93253 0.879341 0.614529 0.000193233 0.497149 8.92488e-05
8.93253 0.888771 0.59858 0.000188218 0.491888 8.83043e-05
8.93253 0.89825 0.580142 0.000182421 0.517928 9.2979e-05
8.93253 0.907476 0.563061 0.000177049 0.518241 9.30353e-05
8.93253 0.91507 0.555052 0.000174531 0.469619 8.43067e-05
8.93253 0.92317 0.547948 0.000172297 0.413628 7.4255e-05
8.93253 0.930649 0.536768 0.000168782 0.38303 6.8762e-05
8.93253 0.936817 0.52473 0.000164997 0.381812 6.85433e-05
8.93253 0.942287 0.513386 0.00016143 0.400855 7.19621e-05
8.93253 0.947115 0.502833 0.000158111 0.394878 7.0889e-05
8.93253 0.950595 0.491349 0.0001545 0.371771 6.67409e-05
8.93253 0.952316 0.478965 0.000150606 0.331901 5.95834e-05
8.80913 0.95254 0.46692 0.000146819 0.305696 5.48789e-05
8.19952 0.952233 0.454507 0.000142916 0.300389 5.39262e-05
7.09882 0.951679 0.442036 0.000138994 0.2974 5.33896e-05
5.40193 0.950825 0.430487 0.000135363 0.292002 5.24206e-05
3.13656 0.949685 0.419909 0.000132037 0.280725 5.03962e-05
-0.0325094 0.94717 0.410172 0.000128975 0.265021 4.75769e-05
-0.273744 0.94022 0.402554 0.00012658 0.249208 4.47381e-05
-0.662472 0.929022 0.394677 0.000124103 0.24252 4.35375e-05
-1.08774 0.916771 0.3874 0.000121814 0.240304 4.31397e-05
-1.50654 0.904707 0.381895 0.000120084 0.235991 4.23654e-05
-1.96477 0.891506 0.376981 0.000118538 0.22875 4.10654e-05
-2.47738 0.876739 0.371929 0.00011695 0.220632 3.96082e-05
-2.99962 0.861695 0.367343 0.000115508 0.215297 3.86504e-05
-3.50915 0.847017 0.363288 0.000114233 0.213161 3.8267e-05
-4.02402 0.832184 0.359379 0.000113004 0.211078 3.7893e-05
-4.54614 0.817143 0.355236 0.000111701 0.206507 3.70724e-05
-5.05704 0.802426 0.351175 0.000110424 0.200257 3.59504e-05
-5.55308 0.788136 0.347112 0.000109146 0.194956 3.49987e-05
-6.04679 0.773914 0.342626 0.000107736 0.191107 3.43078e-05
-6.54151 0.759662 0.337604 0.000106157 0.186539 3.34877e-05
-7.03254 0.745517 0.332318 0.000104494 0.179602 3.22425e-05
-7.52125 0.731438 0.326789 0.000102756 0.171065 3.07098e-05
-8.01301 0.717272 0.320785 0.000100868 0.162612 2.91923e-05
-8.50721 0.703035 0.314257 9.88154e-05 0.154559 2.77467e-05
-9.00075 0.688818 0.307426 9.66674e-05 0.145881 2.61887e-05
-9.49504 0.674578 0.300434 9.44689e-05 0.135898 2.43966e-05
-9.994 0.660204 0.293249 9.22095e-05 0.125163 2.24694e-05
-10.4999 0.64563 0.28587 8.98891e-05 0.11468 2.05875e-05
-11.0154 0.63078 0.278411 8.75439e-05 0.104769 1.88083e-05
-11.5466 0.615479 0.270986 8.52091e-05 0.0948016 1.70189e-05
-12.0929 0.59974 0.263 8.26981e-05 0.083847 1.50523e-05
-12.5975 0.585203 0.250635 7.88101e-05 0.0754426 1.35436e-05
-13.1351 0.569716 0.243757 7.66472e-05 0.0673472 1.20903e-05
-13.7296 0.55259 0.231797 7.28864e-05 0.0604373 1.08498e-05
-14.3725 0.534072 0.221434 6.96278e-05 0.0526704 9.45547e-06
-15.0459 0.514671 0.216566 6.80973e-05 0.0417152 7.48876e-06
-15.7618 0.494047 0.210361 6.61463e-05 0.0314127 5.63924e-06
-16.5337 0.471811 0.20157 6.33818e-05 0.0236214 4.24055e-06
-17.3129 0.449365 0.186357 5.85982e-05 0.0175921 3.15816e-06
-18.0542 0.42801 0.16541 5.20118e-05 0.0107463 1.92918e-06
-18.7831 0.407013 0.142426 4.47847e-05 0.00195918 3.51714e-07
-19.5649 0.38449 0.119387 3.754e-05 -0.00632763 -1.13594e-06
-20.3952 0.360571 0.0951641 2.99235e-05 -0.013221 -2.37345e-06
-21.2172 0.336893 0.0677108 2.12911e-05 -0.022377 -4.01715e-06
-22.0172 0.313845 0.0442349 1.39093e-05 -0.0309537 -5.55684e-06
-22.8258 0.290551 0.0181121 5.69518e-06 -0.0418688 -7.51633e-06
-23.6389 0.26713 -0.0195115 -6.13522e-06 -0.0595735 -1.06947e-05
-24.4015 0.245159 -0.0426769 -1.34194e-05 -0.0757701 -1.36024e-05
-25.0785 0.225658 -0.0659834 -2.07479e-05 -0.0848067 -1.52246e-05
-25.7676 0.205807 -0.0913726 -2.87313e-05 -0.099681 -1.78949e-05
-26.4584 0.185905 -0.127708 -4.01566e-05 -0.117892 -2.11641e-05
-27.1323 0.166494 -0.158085 -4.97085e-05 -0.141959 -2.54846e-05
-27.7419 0.148931 -0.187138 -5.8844e-05 -0.163782 -2.94023e-05
-28.3081 0.132621 -0.217922 -6.85235e-05 -0.182897 -3.28339e-05
-28.8519 0.116956 -0.251251 -7.90035e-05 -0.210417 -3.77744e-05
-29.3587 0.102357 -0.285138 -8.9659e-05 -0.240737 -4.32174e-05
-29.8008 0.089619 -0.317772 -9.99205e-05 -0.274306 -4.92438e-05
-30.1831 0.0786066 -0.350615 -0.000110248 -0.309107 -5.54913e-05
-30.5191 0.0689293 -0.385575 -0.000121241 -0.343537 -6.16723e-05
-30.8366 0.0597804 -0.420117 -0.000132102 -0.380804 -6.83624e-05
-31.134 0.0512148 -0.453334 -0.000142547 -0.422725 -7.58881e-05
-31.3674 0.0444912 -0.490664 -0.000154285 -0.4678 -8.39801e-05
-31.5372 0.0395986 -0.526195 -0.000165457 -0.518959 -9.31641e-05
-31.6545 0.036219 -0.563556 -0.000177205 -0.570937 -0.000102495
-31.736 0.0338714 -0.601605 -0.000189169 -0.62131 -0.000111538
-31.7743 0.0327695 -0.640838 -0.000201506 -0.670653 -0.000120396
-31.4652 0.0328955 -0.680174 -0.000213875 -0.733821 -0.000131737
-30.8875 0.0331863 -0.71712 -0.000225492 -0.790087 -0.000141837
-30.0157 0.033625 -0.755437 -0.00023754 -0.834513 -0.000149813
-28.7211 0.0342765 -0.79401 -0.000249669 -0.902746 -0.000162062
-27.1337 0.0350754 -0.829899 -0.000260954 -0.971662 -0.000174434
-25.4061 0.0359448 -0.863441 -0.000271501 -1.01003 -0.000181321
-23.6541 0.0368265 -0.896253 -0.000281819 -1.04225 -0.000187105
-21.9148 0.0377018 -0.927479 -0.000291637 -1.09725 -0.00019698
-20.1961 0.0385668 -0.956248 -0.000300683 -1.16482 -0.00020911
-18.627 0.0393565 -0.983317 -0.000309195 -1.21688 -0.000218456
-17.2697 0.0400396 -1.00946 -0.000317414 -1.24841 -0.000224116
-16.109 0.0406237 -1.0339 -0.000325101 -1.27824 -0.000229471
-15.1696 0.0410964 -1.05544 -0.000331873 -1.31821 -0.000236646
-14.469 0.041449 -1.07412 -0.000337746 -1.35847 -0.000243874
-13.9953 0.0416874 -1.09057 -0.000342921 -1.38506 -0.000248647
-13.7563 0.0418077 -1.10473 -0.000347374 -1.39897 -0.000251146
-13.7676 0.041802 -1.11599 -0.000350914 -1.41203 -0.00025349
-14.024 0.041673 -1.12414 -0.000353477 -1.4231 -0.000255477
-14.7868 0.0412891 -1.12881 -0.000354944 -1.43657 -0.000257895
-15.7828 0.0407878 -1.13059 -0.000355504 -1.43683 -0.000257942
-17.1064 0.0401217 -1.12808 -0.000354713 -1.41271 -0.000253611
-18.6992 0.0393201 -1.12115 -0.000352537 -1.37575 -0.000246977
-20.4845 0.0384217 -1.11201 -0.000349661 -1.34927 -0.000242223
-22.401 0.0374571 -1.1035 -0.000346984 -1.30592 -0.00023444
-24.3363 0.0364832 -1.09486 -0.000344267 -1.24737 -0.00022393
-26.3359 0.0354769 -1.0845 -0.000341012 -1.18351 -0.000212465
-28.4969 0.0343893 -1.07002 -0.000336458 -1.11501 -0.000200168
-30.7081 0.0332765 -1.05335 -0.000331216 -1.0442 -0.000187455
-31.8289 0.031195 -1.03508 -0.00032547 -0.974634 -0.000174968
-32.0527 0.0247495 -1.00633 -0.000316432 -0.900926 -0.000161735
-32.326 0.0168755 -0.972976 -0.000305944 -0.816199 -0.000146525
-32.5861 0.00938178 -0.939702 -0.000295481 -0.736249 -0.000132172
-32.8099 0.00293701 -0.909252 -0.000285906 -0.653693 -0.000117352
-32.8814 0.000876636 -0.875204 -0.0002752 -0.568287 -0.00010202
-32.8839 0.000802914 -0.841674 -0.000264657 -0.477877 -8.57891e-05
-32.8872 0.000710036 -0.805252 -0.000253204 -0.389629 -6.99468e-05
-32.8898 0.000634743 -0.775853 -0.00024396 -0.299899 -5.38382e-05
-32.8909 0.000602421 -0.742115 -0.000233351 -0.212802 -3.82025e-05
-32.8918 0.000576583 -0.704917 -0.000221655 -0.12791 -2.29625e-05
-32.8926 0.000553212 -0.672064 -0.000211325 -0.108636 -1.95024e-05
-32.893 0.000542807 -0.639633 -0.000201127 -0.0940773 -1.68889e-05
-32.8931 0.00053773 -0.60694 -0.000190847 -0.0822472 -1.47651e-05
-32.8933 0.00053455 -0.574527 -0.000180655 -0.073141 -1.31304e-05
-32.8883 0.000536947 -0.543309 -0.000170839 -0.0632218 -1.13497e-05
-32.8747 0.000543819 -0.513288 -0.000161399 -0.0527143 -9.46334e-06
-32.8556 0.000553397 -0.484645 -0.000152392 -0.0414022 -7.43257e-06
-32.8265 0.000568074 -0.457544 -0.000143871 -0.029275 -5.25549e-06
-32.787 0.000587952 -0.432608 -0.00013603 -0.0174062 -3.12478e-06
-32.7378 0.0006127 -0.409756 -0.000128844 -0.00697726 -1.25257e-06
-32.6767 0.000643425 -0.388673 -0.000122215 0.00107079 1.9223e-07
-32.6059 0.000679058 -0.369365 -0.000116143 0.00639275 1.14763e-06
-32.526 0.000719299 -0.351915 -0.000110656 0.00879895 1.5796e-06
-32.423 0.000771114 -0.336725 -0.00010588 0.0114145 2.04914e-06
-32.2911 0.000837504 -0.324131 -0.00010192 0.015078 2.70682e-06
-32.1249 0.000921159 -0.314005 -9.87361e-05 0.0206505 3.7072e-06
-31.9015 0.00103357 -0.306225 -9.62898e-05 0.0265558 4.76733e-06
-31.5838 0.00119346 -0.301402 -9.4773e-05 0.0231358 4.15337e-06
-31.1187 0.00142751 -0.299914 -9.43052e-05 0.0153706 2.75935e-06
-30.4599 0.00175907 -0.301561 -9.48231e-05 0.0131216 2.3556e-06
-29.6472 0.00216808 -0.305745 -9.61387e-05 0.0145319 2.60878e-06
-28.7784 0.00260529 -0.311722 -9.80182e-05 0.0113471 2.03705e-06
-27.9298 0.00303236 -0.318715 -0.000100217 -0.0038705 -6.94836e-07
-27.0937 0.00345311 -0.328571 -0.000103316 -0.0276918 -4.97126e-06
-26.2703 0.00386753 -0.340884 -0.000107188 -0.0529284 -9.50177e-06
-25.4485 0.0042811 -0.354985 -0.000111622 -0.0634741 -1.1395e-05
-24.6165 0.00469982 -0.370932 -0.000116636 -0.063715 -1.14382e-05
-23.7482 0.00513676 -0.389408 -0.000122446 -0.0796279 -1.42949e-05
-22.7872 0.0056204 -0.410071 -0.000128943 -0.109037 -1.95745e-05
-21.659 0.00618817 -0.429479 -0.000135046 -0.148198 -2.66047e-05
-20.4342 0.00680458 -0.445928 -0.000140218 -0.189813 -3.40755e-05
-19.1592 0.00744627 -0.466793 -0.000146779 -0.2175 -3.90459e-05
-17.8399 0.00811018 -0.489337 -0.000153868 -0.250604 -4.49888e-05
-16.8265 0.00862022 -0.508806 -0.000159989 -0.290057 -5.20714e-05
-15.839 0.00911716 -0.52589 -0.000165361 -0.335674 -6.02606e-05
-14.7943 0.00964289 -0.544676 -0.000171268 -0.381079 -6.84119e-05
-13.6568 0.0102154 -0.562889 -0.000176995 -0.426309 -7.65315e-05
-12.4213 0.0108372 -0.580165 -0.000182428 -0.467561 -8.39371e-05
-10.9642 0.0115705 -0.596846 -0.000187673 -0.506383 -9.09065e-05
-9.08361 0.0125169 -0.612848 -0.000192704 -0.543024 -9.74843e-05
-6.5723 0.0137807 -0.62709 -0.000197183 -0.579646 -0.000104059
-3.17638 0.0154897 -0.639766 -0.000201169 -0.617251 -0.00011081
0.00683244 0.0178038 -0.651234 -0.000204775 -0.655902 -0.000117748
0.0363279 0.0208929 -0.661454 -0.000207988 -0.69158 -0.000124153
0.0744044 0.0248807 -0.670256 -0.000210756 -0.722205 -0.000129651
0.120902 0.0297505 -0.677578 -0.000213058 -0.748874 -0.000134439
0.174471 0.0353608 -0.683173 -0.000214818 -0.77132 -0.000138468
0.232024 0.0413884 -0.687295 -0.000216114 -0.790796 -0.000141965
0.293709 0.0478487 -0.689624 -0.000216846 -0.808235 -0.000145095
0.357102 0.054488 -0.686472 -0.000215855 -0.823457 -0.000147828
0.421229 0.061204 -0.68331 -0.000214861 -0.835335 -0.00014996
0.482548 0.067626 -0.67872 -0.000213417 -0.842766 -0.000151295
0.541717 0.0738228 -0.669529 -0.000210527 -0.842278 -0.000151207
0.598899 0.0798116 -0.656526 -0.000206439 -0.835505 -0.000149991
0.653667 0.0855475 -0.64199 -0.000201868 -0.826106 -0.000148304
0.705202 0.0909448 -0.624479 -0.000196362 -0.811559 -0.000145692
0.752303 0.0958778 -0.602566 -0.000189471 -0.786015 -0.000141106
0.7948 0.100329 -0.577735 -0.000181663 -0.759333 -0.000136316
0.833324 0.104363 -0.553048 -0.000173901 -0.730161 -0.000131079
0.868233 0.108019 -0.526758 -0.000165634 -0.681248 -0.000122299
0.899368 0.11128 -0.497801 -0.000156529 -0.623004 -0.000111842
0.926745 0.114147 -0.466203 -0.000146593 -0.567961 -0.000101961
0.950708 0.116657 -0.433001 -0.000136153 -0.51436 -9.23386e-05
0.971321 0.118816 -0.398578 -0.000125329 -0.443718 -7.96568e-05
0.988338 0.120598 -0.363028 -0.000114151 -0.368749 -6.61984e-05
1.00142 0.121968 -0.326062 -0.000102527 -0.291227 -5.22815e-05
1.01041 0.12291 -0.287913 -9.05318e-05 -0.212069 -3.80709e-05
1.0146 0.123348 -0.249163 -7.83472e-05 -0.130878 -2.34953e-05
0.98335 0.12338 -0.209841 -6.59826e-05 -0.0612441 -1.09946e-05
0.898272 0.123337 -0.174197 -5.47747e-05 -0.0372097 -6.67993e-06
0.718203 0.123246 -0.133934 -4.21142e-05 -0.0201796 -3.62267e-06
0.413203 0.123093 -0.0964459 -3.03265e-05 -0.00360374 -6.46948e-07
-0.039983 0.122718 -0.0587924 -1.84867e-05 0.0104554 1.87696e-06
-0.297983 0.121642 -0.0271248 -8.52914e-06 0.0229944 4.12799e-06
-0.741878 0.11979 -0.00147943 -4.65195e-07 0.034324 6.16189e-06
-1.26807 0.117595 0.0202412 6.36467e-06 0.0471889 8.47141e-06
-1.82933 0.115253 0.0410313 1.29019e-05 0.0614478 1.10312e-05
-2.3446 0.113104 0.0595696 1.87311e-05 0.0764399 1.37226e-05
-2.88289 0.110858 0.0790407 2.48536e-05 0.0910927 1.63531e-05
-3.51104 0.108238 0.0987241 3.10429e-05 0.103384 1.85596e-05
-4.25152 0.105148 0.113203 3.55957e-05 0.114143 2.0491e-05
-4.99367 0.102052 0.125296 3.93983e-05 0.123076 2.20948e-05
-5.66358 0.0992577 0.134955 4.24355e-05 0.132046 2.37051e-05
-6.32882 0.0964824 0.143837 4.52282e-05 0.14138 2.53808e-05
-7.03078 0.093554 0.151153 4.75288e-05 0.151283 2.71586e-05
-7.70347 0.0907477 0.157329 4.94708e-05 0.16061 2.8833e-05
-8.30221 0.0882498 0.163191 5.13138e-05 0.168027 3.01643e-05
-8.85835 0.0859297 0.168789 5.30741e-05 0.172003 3.08782e-05
-9.39785 0.083679 0.173668 5.46082e-05 0.17164 3.0813e-05
-9.88966 0.0816273 0.17735 5.57661e-05 0.172007 3.08788e-05
-10.3134 0.0798595 0.178243 5.60468e-05 0.174542 3.13341e-05
-10.6749 0.0783513 0.177699 5.58759e-05 0.176076 3.16095e-05
-10.9734 0.0771063 0.175579 5.52093e-05 0.172856 3.10313e-05
-11.1858 0.07622 0.170456 5.35983e-05 0.164002 2.94418e-05
-11.2996 0.0757454 0.160816 5.05672e-05 0.154959 2.78184e-05
-11.3615 0.0754871 0.146434 4.60448e-05 0.152547 2.73855e-05
-11.26 0.0755146 0.132406 4.16337e-05 0.149737 2.6881e-05
-10.9492 0.075671 0.12013 3.77739e-05 0.124881 2.24187e-05
-10.629 0.0758321 0.100042 3.14572e-05 0.0856665 1.5379e-05
-10.28 0.0760078 0.0723335 2.27446e-05 0.0525948 9.44189e-06
-9.76858 0.0762651 0.0493285 1.55109e-05 0.0178918 3.21195e-06
-9.23599 0.0765332 0.0254033 7.98783e-06 0.00537257 9.64491e-07
-8.73719 0.0767842 -0.000862564 -2.71225e-07 -0.0247072 -4.43547e-06
-8.23654 0.0770361 -0.0287562 -9.04211e-06 -0.0669627 -1.20212e-05
-7.80339 0.0772541 -0.0567804 -1.78541e-05 -0.100899 -1.81134e-05
-7.47162 0.0774211 -0.0862846 -2.71314e-05 -0.134828 -2.42046e-05
-7.29926 0.0775078 -0.115155 -3.62094e-05 -0.187504 -3.3661e-05
-7.27053 0.0775223 -0.14569 -4.58109e-05 -0.239533 -4.30013e-05
-7.32894 0.0774929 -0.17651 -5.55019e-05 -0.290673 -5.21821e-05
-7.50853 0.0774025 -0.207832 -6.53509e-05 -0.340529 -6.11323e-05
-7.8263 0.0772426 -0.240231 -7.55385e-05 -0.389789 -6.99754e-05
-8.36944 0.0769693 -0.27266 -8.57353e-05 -0.439064 -7.88213e-05
-9.07462 0.0766144 -0.305032 -9.59145e-05 -0.487482 -8.75134e-05
-9.96163 0.076168 -0.337293 -0.000106059 -0.534117 -9.58854e-05
-11.0741 0.0756081 -0.369821 -0.000116287 -0.577549 -0.000103682
-11.7171 0.0740038 -0.401794 -0.000126341 -0.617294 -0.000110817
-12.5213 0.0706484 -0.431329 -0.000135628 -0.654366 -0.000117473
-13.4295 0.0668597 -0.463349 -0.000145696 -0.689305 -0.000123745
-14.3134 0.0631723 -0.49312 -0.000155057 -0.723831 -0.000129943
-15.2685 0.0591879 -0.521666 -0.000164033 -0.754383 -0.000135428
-16.3818 0.0545436 -0.54957 -0.000172807 -0.781479 -0.000140292
-17.5823 0.0495351 -0.577419 -0.000181564 -0.806666 -0.000144814
-18.9714 0.0437401 -0.600359 -0.000188777 -0.831641 -0.000149297
-20.3024 0.0381875 -0.625454 -0.000196668 -0.85008 -0.000152607
-21.5963 0.0327895 -0.647618 -0.000203638 -0.872169 -0.000156573
-22.7927 0.0277984 -0.669576 -0.000210542 -0.89583 -0.00016082
-23.9301 0.0230534 -0.688909 -0.000216621 -0.914808 -0.000164228
-24.9932 0.0186186 -0.706979 -0.000222303 -0.927906 -0.000166579
-25.9214 0.0147463 -0.724446 -0.000227796 -0.940313 -0.000168806
-26.705 0.0114771 -0.739918 -0.00023266 -0.955847 -0.000171595
-27.3409 0.00882433 -0.75324 -0.000236849 -0.972568 -0.000174597
-27.8107 0.00686428 -0.764877 -0.000240509 -0.986971 -0.000177182
-28.0817 0.00573402 -0.775312 -0.00024379 -0.998129 -0.000179185
-28.0876 0.0055239 -0.78417 -0.000246575 -1.00862 -0.000181069
-27.6148 0.00576186 -0.790751 -0.000248645 -1.02098 -0.000183288
-26.827 0.00615833 -0.794106 -0.0002497 -1.03489 -0.000185786
-25.6277 0.00676188 -0.794539 -0.000249836 -1.04684 -0.000187931
-23.7789 0.00769228 -0.791643 -0.000248925 -1.06091 -0.000190455
-21.4797 0.00884938 -0.78288 -0.00024617 -1.06965 -0.000192025
-18.8863 0.0101546 -0.766832 -0.000241123 -1.07489 -0.000192965
-16.0544 0.0115797 -0.753901 -0.000237057 -1.08042 -0.000193959
-12.8986 0.0131679 -0.739457 -0.000232516 -1.08378 -0.000194562
-9.50643 0.014875 -0.715903 -0.000225109 -1.08535 -0.000194844
-4.91035 0.0171881 -0.688405 -0.000216463 -1.08468 -0.000194723
0.0152961 0.0212568 -0.664426 -0.000208923 -1.08099 -0.00019406
0.0802367 0.0280394 -0.639869 -0.000201201 -1.07147 -0.000192351
0.167614 0.0371654 -0.610408 -0.000191937 -1.05409 -0.000189232
0.26047 0.0468635 -0.577356 -0.000181544 -1.03027 -0.000184955
0.346383 0.0558366 -0.543734 -0.000170972 -0.998304 -0.000179217
0.424637 0.0640097 -0.508362 -0.00015985 -0.957761 -0.000171939
0.498957 0.0717719 -0.470872 -0.000148061 -0.929019 -0.000166779
0.567793 0.0789614 -0.432029 -0.000135848 -0.875853 -0.000157234
0.626134 0.0850547 -0.392774 -0.000123504 -0.804043 -0.000144343
0.673205 0.0899709 -0.352293 -0.000110775 -0.732786 -0.000131551
0.711389 0.093959 -0.309719 -9.73884e-05 -0.667676 -0.000119862
0.748908 0.0978776 -0.26855 -8.44433e-05 -0.587927 -0.000105545
0.778231 0.10094 -0.225089 -7.07771e-05 -0.498243 -8.94453e-05
0.795287 0.102722 -0.18197 -5.72189e-05 -0.404454 -7.2608e-05
0.801139 0.103333 -0.138061 -4.34121e-05 -0.308006 -5.52937e-05
0.805113 0.103748 -0.0943782 -2.96764e-05 -0.208988 -3.75178e-05
0.810974 0.10436 -0.0652112 -2.05051e-05 -0.107988 -1.93862e-05
0.466789 0.10425 -0.0301406 -9.47744e-06 -0.0641253 -1.15119e-05
0.296694 0.104164 -0.000918093 -2.88686e-07 -0.0450758 -8.09206e-06
-0.0272624 0.103917 0.0328159 1.03187e-05 -0.0306796 -5.50764e-06
-0.103845 0.10364 0.063403 1.99365e-05 -0.0199078 -3.57387e-06
-0.182491 0.103356 0.0954056 2.99994e-05 -0.00805503 -1.44605e-06
-0.16144 0.103292 0.126331 3.97237e-05 0.00731368 1.31296e-06
0.00256924 0.103618 0.154109 4.84581e-05 0.0243718 4.37525e-06
0.0181404 0.105098 0.179398 5.641e-05 0.0372484 6.68688e-06
0.0488279 0.108016 0.203026 6.38396e-05 0.0484628 8.7001e-06
0.0924963 0.112167 0.225904 7.10335e-05 0.0605504 1.08701e-05
0.146806 0.117331 0.245623 7.72338e-05 0.0735871 1.32105e-05
0.214032 0.123722 0.26264 8.25848e-05 0.0843631 1.5145e-05
0.298417 0.131744 0.278062 8.74342e-05 0.0956816 1.71769e-05
0.399105 0.141317 0.292425 9.19504e-05 0.107557 1.93087e-05
0.51332 0.152176 0.304468 9.57371e-05 0.12223 2.19428e-05
0.640703 0.164286 0.314157 9.87837e-05 0.13456 2.41563e-05
0.783035 0.177818 0.322353 0.000101361 0.141458 2.53947e-05
0.939559 0.192699 0.329326 0.000103554 0.143599 2.5779e-05
1.107 0.208617 0.334087 0.000105051 0.145638 2.61451e-05
1.28219 0.225273 0.335756 0.000105575 0.153428 2.75436e-05
1.46264 0.242429 0.335541 0.000105508 0.164423 2.95175e-05
1.64551 0.259814 0.335218 0.000105406 0.164452 2.95227e-05
1.82593 0.276968 0.335362 0.000105452 0.153025 2.74713e-05
2.00495 0.293987 0.334588 0.000105208 0.143374 2.57386e-05
2.20117 0.312642 0.329268 0.000103535 0.134432 2.41333e-05
2.3988 0.331431 0.328032 0.000103147 0.135022 2.42392e-05
2.58793 0.349412 0.327126 0.000102862 0.148286 2.66205e-05
2.76416 0.366166 0.325787 0.000102441 0.151783 2.72483e-05
2.93496 0.382405 0.325568 0.000102372 0.145184 2.60637e-05
3.10346 0.398424 0.317588 9.98625e-05 0.132909 2.386e-05
3.26653 0.413927 0.320657 0.000100828 0.122071 2.19144e-05
3.42357 0.428858 0.333764 0.000104949 0.127769 2.29373e-05
3.56467 0.442272 0.334875 0.000105298 0.13489 2.42156e-05
3.68975 0.454163 0.331949 0.000104378 0.134833 2.42053e-05
3.80358 0.464985 0.338489 0.000106435 0.132292 2.37491e-05
3.91385 0.475469 0.344715 0.000108392 0.132464 2.37801e-05
4.02611 0.486142 0.344414 0.000108298 0.141788 2.5454e-05
4.1063 0.493765 0.345616 0.000108676 0.158154 2.83919e-05
4.14949 0.497871 0.353628 0.000111195 0.172089 3.08937e-05
4.18577 0.501321 0.361855 0.000113782 0.179331 3.21937e-05
4.21767 0.504353 0.370692 0.000116561 0.18314 3.28776e-05
4.23183 0.505699 0.379853 0.000119441 0.196188 3.52199e-05
3.95472 0.505578 0.390947 0.00012293 0.216385 3.88457e-05
3.76661 0.505483 0.402291 0.000126497 0.234017 4.2011e-05
3.41806 0.505307 0.414548 0.000130351 0.245427 4.40595e-05
2.80084 0.504997 0.426211 0.000134018 0.257237 4.61795e-05
2.18184 0.504685 0.438619 0.00013792 0.268506 4.82026e-05
1.62108 0.504403 0.449251 0.000141263 0.278318 4.9964e-05
0.7784 0.503979 0.460498 0.0001448 0.282137 5.06497e-05
-0.0243793 0.503208 0.470276 0.000147874 0.283694 5.09292e-05
-0.105292 0.501951 0.479205 0.000150682 0.286898 5.15044e-05
-0.218109 0.500199 0.486411 0.000152948 0.293027 5.26046e-05
-0.36557 0.497907 0.492286 0.000154795 0.298337 5.35578e-05
-0.548219 0.49507 0.496624 0.000156159 0.300606 5.39652e-05
-0.769074 0.491638 0.499607 0.000157097 0.301428 5.41128e-05
-1.02971 0.487589 0.501339 0.000157642 0.303243 5.44386e-05
-1.33092 0.482909 0.501833 0.000157797 0.306114 5.49539e-05
-1.67393 0.477579 0.501511 0.000157696 0.30809 5.53087e-05
-1.98864 0.47269 0.498253 0.000156671 0.309127 5.54948e-05
-2.24271 0.468742 0.493969 0.000155324 0.310733 5.57831e-05
-2.5638 0.463753 0.49233 0.000154809 0.310443 5.57312e-05
-2.97413 0.457378 0.486347 0.000152927 0.312523 5.61045e-05
-3.45326 0.449934 0.48282 0.000151818 0.313135 5.62144e-05
-3.96923 0.441917 0.478773 0.000150546 0.312959 5.61829e-05
-4.57822 0.432455 0.478395 0.000150427 0.310072 5.56645e-05
-5.28837 0.421422 0.475158 0.000149409 0.308007 5.52939e-05
-6.05747 0.409472 0.469572 0.000147653 0.305993 5.49323e-05
-6.862 0.396972 0.460742 0.000144876 0.302638 5.433e-05
-7.69686 0.384001 0.447268 0.000140639 0.298075 5.35109e-05
-8.57587 0.370343 0.430725 0.000135437 0.293526 5.26942e-05
-9.51726 0.355717 0.412496 0.000129706 0.29076 5.21975e-05
-10.5187 0.340158 0.393759 0.000123814 0.283886 5.09636e-05
-11.5452 0.324208 0.373406 0.000117414 0.276241 4.95911e-05
-12.5759 0.308195 0.350047 0.000110069 0.262479 4.71205e-05
-13.6002 0.292279 0.329584 0.000103635 0.24689 4.4322e-05
-14.6362 0.276184 0.306093 9.62481e-05 0.231778 4.1609e-05
-15.6781 0.259996 0.269871 8.48587e-05 0.215697 3.87222e-05
-16.6641 0.244676 0.236231 7.42807e-05 0.196543 3.52836e-05
-17.5921 0.230257 0.213727 6.72044e-05 0.174941 3.14057e-05
-18.5432 0.21548 0.181179 5.69701e-05 0.146939 2.63787e-05
-19.5563 0.199739 0.136318 4.28641e-05 0.115239 2.06879e-05
-20.5876 0.183716 0.0930909 2.92716e-05 0.0843844 1.51488e-05
-21.6041 0.167922 0.0490814 1.54332e-05 0.0540813 9.70875e-06
-22.628 0.152014 0.00995469 3.13016e-06 0.0218332 3.91953e-06
-23.6449 0.136215 -0.0419809 -1.32005e-05 -0.0177992 -3.19534e-06
-24.7281 0.119385 -0.0855729 -2.69076e-05 -0.0601695 -1.08017e-05
-25.8075 0.102614 -0.129108 -4.05968e-05 -0.095544 -1.71522e-05
-26.8042 0.0871285 -0.178446 -5.61107e-05 -0.120651 -2.16594e-05
-27.8188 0.0713655 -0.229435 -7.21438e-05 -0.161828 -2.90515e-05
-28.9023 0.0545309 -0.280006 -8.80455e-05 -0.220704 -3.9621e-05
-30.0622 0.0365087 -0.331478 -0.00010423 -0.275799 -4.95119e-05
-31.2292 0.0183768 -0.384241 -0.000120821 -0.325817 -5.8491e-05
-32.3526 0.000922251 -0.438284 -0.000137814 -0.373368 -6.70275e-05
-32.3756 0.000565563 -0.51528 -0.000162025 -0.420552 -7.54981e-05
-32.3832 0.000448003 -0.567595 -0.000178475 -0.472963 -8.49069e-05
-32.3905 0.000334608 -0.634501 -0.000199513 -0.522068 -9.37223e-05
-32.3953 0.000259994 -0.711357 -0.00022368 -0.566044 -0.000101617
-32.3981 0.000216703 -0.781609 -0.00024577 -0.615374 -0.000110473
-32.4011 0.000169622 -0.852032 -0.000267914 -0.664029 -0.000119207
-32.4039 0.000125438 -0.924322 -0.000290645 -0.716444 -0.000128617
-32.4061 9.20742e-05 -1.00178 -0.000315001 -0.77102 -0.000138414
-32.4083 5.80592e-05 -1.07855 -0.000339141 -0.827016 -0.000148467
-32.4105 2.39694e-05 -1.15492 -0.000363154 -0.882401 -0.00015841
-32.4124 -6.53159e-06 -1.23261 -0.000387584 -0.937949 -0.000168382
-32.4143 -3.60576e-05 -1.31292 -0.000412837 -0.993801 -0.000178408
-32.4162 -6.59458e-05 -1.39356 -0.000438193 -1.05112 -0.000188699
-32.4181 -9.42314e-05 -1.47386 -0.000463442 -1.11141 -0.000199522
-32.4198 -0.000121661 -1.55522 -0.000489025 -1.17569 -0.000211061
-32.4215 -0.000147712 -1.63858 -0.000515236 -1.24385 -0.000223298
-32.4231 -0.000171979 -1.72258 -0.000541651 -1.31544 -0.000236149
-32.2534 -8.65776e-05 -1.79374 -0.000564024 -1.39204 -0.000249901
-31.0433 0.000522416 -1.06266 -0.000334144 -1.59581 -0.000286483
0.102622 0.0269037 -1.94804 -0.000612544 -1.6269 -0.000292064
-14.99 0.00756779 -1.60793 -0.0005056 -1.76833 -0.000317452
-20.2902 0.000572687 -1.68719 -0.000530523 -1.80628 -0.000324265
-20.3485 0.000436536 -1.80782 -0.000568452 -1.90427 -0.000341857
-20.135 0.000543953 -1.89842 -0.000596941 -1.91841 -0.000344395
-20.3511 0.000435218 -1.81136 -0.000569566 -1.89638 -0.000340441
-17.5697 0.00183499 -0.209522 -6.58822e-05 -1.54792 -0.000277885
-5.77847 0.00853152 -0.246812 -7.76078e-05 -1.17523 -0.000210979
-14.5815 0.000356588 -0.255133 -8.02244e-05 -1.81435 -0.000325714
-14.7026 0.000295637 -0.249872 -7.85699e-05 -1.74562 -0.000313375
-14.7568 0.000268379 -0.114544 -3.60174e-05 -1.8384 -0.000330032
-14.8122 0.000240509 -0.262121 -8.24216e-05 -1.80837 -0.000324642
-14.8352 0.000228903 -0.288931 -9.08518e-05 -1.88838 -0.000339005
-14.8587 0.00021435 -0.146823 -4.61673e-05 -1.9786 -0.000355202
-14.874 0.000200297 -0.0917966 -2.88646e-05 -1.98426 -0.000356218
-14.8908 0.000184993 -0.139379 -4.38266e-05 -1.9482 -0.000349744
-14.9031 0.000173653 -0.143592 -4.51513e-05 -1.93735 -0.000347795
-14.9137 0.000164011 -0.0809352 -2.54493e-05 -1.97067 -0.000353777
-14.9257 0.000152983 -0.0498387 -1.56713e-05 -2.0013 -0.000359276
-14.9341 0.000145267 -0.0694589 -2.18407e-05 -2.00016 -0.000359071
-14.9411 0.000138844 -0.0747226 -2.34958e-05 -1.97701 -0.000354916
-14.9488 0.000131813 -0.0503163 -1.58215e-05 -0.846633 -0.000151989
-14.9563 0.000124944 -0.0216249 -6.79977e-06 -0.583356 -0.000104725
-14.9386 0.000133747 -0.0806881 -2.53717e-05 -0.715158 -0.000128386
-14.9607 0.000120944 -0.0916375 -2.88146e-05 -0.714702 -0.000128304
-14.9587 0.000119891 -0.0691854 -2.17547e-05 -0.499723 -8.9711e-05
-14.9293 0.000134673 -0.0922301 -2.90009e-05 -0.373033 -6.69674e-05
-14.9389 0.000129838 -0.133005 -4.18222e-05 -0.457398 -8.21126e-05
-14.9383 0.000130153 -0.14952 -4.70153e-05 -0.551052 -9.89256e-05
-14.9128 0.000142995 -0.165386 -5.2004e-05 -0.482382 -8.65978e-05
-14.9058 0.000146485 -0.198219 -6.23282e-05 -0.345743 -6.20683e-05
-14.8989 0.000149994 -0.233596 -7.34523e-05 -0.302434 -5.42933e-05
-14.877 0.000160984 -0.263615 -8.28913e-05 -0.338664 -6.07975e-05
-14.8602 0.000169454 -0.293113 -9.21666e-05 -0.337579 -6.06026e-05
-14.8488 0.000175203 -0.326372 -0.000102625 -0.264594 -4.75002e-05
-14.8308 0.000184234 -0.360878 -0.000113475 -0.189124 -3.39518e-05
-14.8164 0.000191487 -0.39068 -0.000122846 -0.167101 -2.99982e-05
-14.8069 0.00019626 -0.417233 -0.000131195 -0.169607 -3.0448e-05
-14.7955 0.000202026 -0.443663 -0.000139506 -0.143439 -2.57503e-05
-14.7869 0.00020636 -0.468023 -0.000147166 -0.0910813 -1.6351e-05
-14.7823 0.000208652 -0.487541 -0.000153303 -0.0521284 -9.35815e-06
-14.7784 0.000210613 -0.503163 -0.000158215 -0.0412806 -7.41074e-06
-14.7783 0.000210693 -0.516576 -0.000162433 -0.0344291 -6.18075e-06
-14.7823 0.000208655 -0.525541 -0.000165252 -0.014006 -2.51437e-06
-14.7884 0.000205583 -0.52978 -0.000166584 0.0115924 2.08108e-06
-14.7976 0.000200949 -0.53036 -0.000166767 0.0256069 4.59699e-06
-14.8109 0.000194275 -0.526994 -0.000165709 0.0261102 4.68735e-06
